2025-05-23 20:03:54 - INFO - === Hole Fixing Demo Session Started ===
2025-05-23 20:03:54 - INFO - Fixer: SimpleHoleFixerDemo
2025-05-23 20:03:54 - INFO - Log file: hole_fixing_logs/hole_fixing_demo_20250523_200354.log
2025-05-23 20:03:54 - INFO - 
============================================================
2025-05-23 20:03:54 - INFO - PROCESSING DATASET: minif2f
2025-05-23 20:03:54 - INFO - ============================================================
2025-05-23 20:03:54 - INFO - Total problems to process: 2
2025-05-23 20:03:54 - INFO - 
[1/2] Starting problem aime_1983_p1
2025-05-23 20:03:54 - INFO - 
--- Processing Problem: minif2f/aime_1983_p1 ---
2025-05-23 20:03:54 - INFO - Extracted 3 holes from problem
2025-05-23 20:03:54 - INFO - 
  --> Processing hole_0
2025-05-23 20:03:54 - INFO -   Input: have h1 : P → Q := hole
2025-05-23 20:03:54 - INFO -   Original hole status: fail
2025-05-23 20:03:54 - INFO -   Attempting repair with SimpleHoleFixerDemo...
2025-05-23 20:03:54 - INFO -   Fixed content: have h1 : P → Q := sorry
2025-05-23 20:03:54 - INFO -   Repair result: pass ✓
2025-05-23 20:03:54 - INFO - 
  --> Processing hole_1
2025-05-23 20:03:54 - INFO -   Input: have h2 : Q → R := hole
2025-05-23 20:03:54 - INFO -   Original hole status: pass
2025-05-23 20:03:54 - INFO -   Attempting repair with SimpleHoleFixerDemo...
2025-05-23 20:03:54 - INFO -   Fixed content: have h2 : Q → R := sorry
2025-05-23 20:03:54 - INFO -   Repair result: pass ✓
2025-05-23 20:03:54 - INFO - 
  --> Processing hole_2
2025-05-23 20:03:54 - INFO -   Input: exact hole
2025-05-23 20:03:54 - INFO -   Original hole status: fail
2025-05-23 20:03:54 - INFO -   Attempting repair with SimpleHoleFixerDemo...
2025-05-23 20:03:54 - INFO -   Fixed content: exact sorry
2025-05-23 20:03:54 - INFO -   Repair result: pass ✓
2025-05-23 20:03:54 - INFO - 
Hole processing summary:
2025-05-23 20:03:54 - INFO -   Total holes: 3
2025-05-23 20:03:54 - INFO -   Successful fixes: 3
2025-05-23 20:03:54 - INFO -   Improved holes: 2
2025-05-23 20:03:54 - INFO - Synthesis result: pass ✓
2025-05-23 20:03:54 - INFO - Partial fix result: pass ✓
2025-05-23 20:03:54 - INFO - Problem aime_1983_p1 summary:
2025-05-23 20:03:54 - INFO -   Original: fail
2025-05-23 20:03:54 - INFO -   Full synthesis: pass
2025-05-23 20:03:54 - INFO -   Partial fix: pass
2025-05-23 20:03:54 - INFO - [1/2] Completed problem aime_1983_p1
2025-05-23 20:03:54 - INFO - 
[2/2] Starting problem aime_1983_p2
2025-05-23 20:03:54 - INFO - 
--- Processing Problem: minif2f/aime_1983_p2 ---
2025-05-23 20:03:54 - INFO - Extracted 3 holes from problem
2025-05-23 20:03:54 - INFO - 
  --> Processing hole_0
2025-05-23 20:03:54 - INFO -   Input: have h1 : P → Q := hole
2025-05-23 20:03:54 - INFO -   Original hole status: fail
2025-05-23 20:03:54 - INFO -   Attempting repair with SimpleHoleFixerDemo...
2025-05-23 20:03:54 - INFO -   Fixed content: have h1 : P → Q := sorry
2025-05-23 20:03:54 - INFO -   Repair result: pass ✓
2025-05-23 20:03:54 - INFO - 
  --> Processing hole_1
2025-05-23 20:03:54 - INFO -   Input: have h2 : Q → R := hole
2025-05-23 20:03:54 - INFO -   Original hole status: pass
2025-05-23 20:03:54 - INFO -   Attempting repair with SimpleHoleFixerDemo...
2025-05-23 20:03:54 - INFO -   Fixed content: have h2 : Q → R := sorry
2025-05-23 20:03:54 - INFO -   Repair result: pass ✓
2025-05-23 20:03:54 - INFO - 
  --> Processing hole_2
2025-05-23 20:03:54 - INFO -   Input: exact hole
2025-05-23 20:03:54 - INFO -   Original hole status: fail
2025-05-23 20:03:54 - INFO -   Attempting repair with SimpleHoleFixerDemo...
2025-05-23 20:03:54 - INFO -   Fixed content: exact sorry
2025-05-23 20:03:54 - INFO -   Repair result: pass ✓
2025-05-23 20:03:54 - INFO - 
Hole processing summary:
2025-05-23 20:03:54 - INFO -   Total holes: 3
2025-05-23 20:03:54 - INFO -   Successful fixes: 3
2025-05-23 20:03:54 - INFO -   Improved holes: 2
2025-05-23 20:03:54 - INFO - Synthesis result: pass ✓
2025-05-23 20:03:54 - INFO - Partial fix result: pass ✓
2025-05-23 20:03:54 - INFO - Problem aime_1983_p2 summary:
2025-05-23 20:03:54 - INFO -   Original: fail
2025-05-23 20:03:54 - INFO -   Full synthesis: pass
2025-05-23 20:03:54 - INFO -   Partial fix: pass
2025-05-23 20:03:54 - INFO - [2/2] Completed problem aime_1983_p2
2025-05-23 20:03:54 - INFO - 
============================================================
2025-05-23 20:03:54 - INFO - DATASET STATISTICS: minif2f
2025-05-23 20:03:54 - INFO - ============================================================
2025-05-23 20:03:54 - INFO - Total problems: 2
2025-05-23 20:03:54 - INFO - Original pass count: 0
2025-05-23 20:03:54 - INFO - Original pass rate: 0.0%
2025-05-23 20:03:54 - INFO - Synthesis pass count: 2
2025-05-23 20:03:54 - INFO - Synthesis pass rate: 100.0%
2025-05-23 20:03:54 - INFO - Partial fix pass count: 2
2025-05-23 20:03:54 - INFO - Partial fix pass rate: 100.0%
2025-05-23 20:03:54 - INFO - 
Improvement metrics:
2025-05-23 20:03:54 - INFO - Full synthesis improvement: +2 problems
2025-05-23 20:03:54 - INFO - Partial fix improvement: +2 problems
2025-05-23 20:03:54 - INFO - Total holes processed: 6
2025-05-23 20:03:54 - INFO - Successful hole fixes: 6
2025-05-23 20:03:54 - INFO - Hole fix rate: 100.0%
2025-05-23 20:03:54 - INFO - ============================================================
2025-05-23 20:03:54 - INFO - === Hole Fixing Demo Session Started ===
2025-05-23 20:03:54 - INFO - Fixer: CustomHoleFixerDemo
2025-05-23 20:03:54 - INFO - Log file: hole_fixing_logs/hole_fixing_demo_20250523_200354.log
2025-05-23 20:03:54 - INFO - 
============================================================
2025-05-23 20:03:54 - INFO - PROCESSING DATASET: minif2f
2025-05-23 20:03:54 - INFO - ============================================================
2025-05-23 20:03:54 - INFO - Total problems to process: 2
2025-05-23 20:03:54 - INFO - 
[1/2] Starting problem aime_1983_p1
2025-05-23 20:03:54 - INFO - 
--- Processing Problem: minif2f/aime_1983_p1 ---
2025-05-23 20:03:54 - INFO - Extracted 3 holes from problem
2025-05-23 20:03:54 - INFO - 
  --> Processing hole_0
2025-05-23 20:03:54 - INFO -   Input: have h1 : P → Q := hole
2025-05-23 20:03:54 - INFO -   Original hole status: fail
2025-05-23 20:03:54 - INFO -   Attempting repair with CustomHoleFixerDemo...
2025-05-23 20:03:54 - INFO -   Fixed content: have h1 : P → Q := simp
2025-05-23 20:03:54 - INFO -   Repair result: pass ✓
2025-05-23 20:03:54 - INFO - 
  --> Processing hole_1
2025-05-23 20:03:54 - INFO -   Input: have h2 : Q → R := hole
2025-05-23 20:03:54 - INFO -   Original hole status: pass
2025-05-23 20:03:54 - INFO -   Attempting repair with CustomHoleFixerDemo...
2025-05-23 20:03:54 - INFO -   Fixed content: have h2 : Q → R := simp
2025-05-23 20:03:54 - INFO -   Repair result: pass ✓
2025-05-23 20:03:54 - INFO - 
  --> Processing hole_2
2025-05-23 20:03:54 - INFO -   Input: exact hole
2025-05-23 20:03:54 - INFO -   Original hole status: fail
2025-05-23 20:03:54 - INFO -   Attempting repair with CustomHoleFixerDemo...
2025-05-23 20:03:54 - INFO -   Fixed content: exact simp
2025-05-23 20:03:54 - INFO -   Repair result: pass ✓
2025-05-23 20:03:54 - INFO - 
Hole processing summary:
2025-05-23 20:03:54 - INFO -   Total holes: 3
2025-05-23 20:03:54 - INFO -   Successful fixes: 3
2025-05-23 20:03:54 - INFO -   Improved holes: 2
2025-05-23 20:03:54 - INFO - Synthesis result: pass ✓
2025-05-23 20:03:54 - INFO - Partial fix result: pass ✓
2025-05-23 20:03:54 - INFO - Problem aime_1983_p1 summary:
2025-05-23 20:03:54 - INFO -   Original: fail
2025-05-23 20:03:54 - INFO -   Full synthesis: pass
2025-05-23 20:03:54 - INFO -   Partial fix: pass
2025-05-23 20:03:54 - INFO - [1/2] Completed problem aime_1983_p1
2025-05-23 20:03:54 - INFO - 
[2/2] Starting problem aime_1983_p2
2025-05-23 20:03:54 - INFO - 
--- Processing Problem: minif2f/aime_1983_p2 ---
2025-05-23 20:03:54 - INFO - Extracted 3 holes from problem
2025-05-23 20:03:54 - INFO - 
  --> Processing hole_0
2025-05-23 20:03:54 - INFO -   Input: have h1 : P → Q := hole
2025-05-23 20:03:54 - INFO -   Original hole status: fail
2025-05-23 20:03:54 - INFO -   Attempting repair with CustomHoleFixerDemo...
2025-05-23 20:03:54 - INFO -   Fixed content: have h1 : P → Q := simp
2025-05-23 20:03:54 - INFO -   Repair result: pass ✓
2025-05-23 20:03:54 - INFO - 
  --> Processing hole_1
2025-05-23 20:03:54 - INFO -   Input: have h2 : Q → R := hole
2025-05-23 20:03:54 - INFO -   Original hole status: pass
2025-05-23 20:03:54 - INFO -   Attempting repair with CustomHoleFixerDemo...
2025-05-23 20:03:54 - INFO -   Fixed content: have h2 : Q → R := simp
2025-05-23 20:03:54 - INFO -   Repair result: pass ✓
2025-05-23 20:03:54 - INFO - 
  --> Processing hole_2
2025-05-23 20:03:54 - INFO -   Input: exact hole
2025-05-23 20:03:54 - INFO -   Original hole status: fail
2025-05-23 20:03:54 - INFO -   Attempting repair with CustomHoleFixerDemo...
2025-05-23 20:03:54 - INFO -   Fixed content: exact simp
2025-05-23 20:03:54 - INFO -   Repair result: pass ✓
2025-05-23 20:03:54 - INFO - 
Hole processing summary:
2025-05-23 20:03:54 - INFO -   Total holes: 3
2025-05-23 20:03:54 - INFO -   Successful fixes: 3
2025-05-23 20:03:54 - INFO -   Improved holes: 2
2025-05-23 20:03:54 - INFO - Synthesis result: pass ✓
2025-05-23 20:03:54 - INFO - Partial fix result: pass ✓
2025-05-23 20:03:54 - INFO - Problem aime_1983_p2 summary:
2025-05-23 20:03:54 - INFO -   Original: fail
2025-05-23 20:03:54 - INFO -   Full synthesis: pass
2025-05-23 20:03:54 - INFO -   Partial fix: pass
2025-05-23 20:03:54 - INFO - [2/2] Completed problem aime_1983_p2
2025-05-23 20:03:54 - INFO - 
============================================================
2025-05-23 20:03:54 - INFO - DATASET STATISTICS: minif2f
2025-05-23 20:03:54 - INFO - ============================================================
2025-05-23 20:03:54 - INFO - Total problems: 2
2025-05-23 20:03:54 - INFO - Original pass count: 0
2025-05-23 20:03:54 - INFO - Original pass rate: 0.0%
2025-05-23 20:03:54 - INFO - Synthesis pass count: 2
2025-05-23 20:03:54 - INFO - Synthesis pass rate: 100.0%
2025-05-23 20:03:54 - INFO - Partial fix pass count: 2
2025-05-23 20:03:54 - INFO - Partial fix pass rate: 100.0%
2025-05-23 20:03:54 - INFO - 
Improvement metrics:
2025-05-23 20:03:54 - INFO - Full synthesis improvement: +2 problems
2025-05-23 20:03:54 - INFO - Partial fix improvement: +2 problems
2025-05-23 20:03:54 - INFO - Total holes processed: 6
2025-05-23 20:03:54 - INFO - Successful hole fixes: 6
2025-05-23 20:03:54 - INFO - Hole fix rate: 100.0%
2025-05-23 20:03:54 - INFO - ============================================================
2025-05-23 20:03:54 - INFO - === Hole Fixing Demo Session Started ===
2025-05-23 20:03:54 - INFO - Fixer: CustomHoleFixerDemo
2025-05-23 20:03:54 - INFO - Log file: hole_fixing_logs/hole_fixing_demo_20250523_200354.log
2025-05-23 20:03:54 - INFO - 
============================================================
2025-05-23 20:03:54 - INFO - PROCESSING DATASET: minif2f
2025-05-23 20:03:54 - INFO - ============================================================
2025-05-23 20:03:54 - INFO - Total problems to process: 2
2025-05-23 20:03:54 - INFO - 
[1/2] Starting problem aime_1983_p1
2025-05-23 20:03:54 - INFO - 
--- Processing Problem: minif2f/aime_1983_p1 ---
2025-05-23 20:03:54 - INFO - Extracted 3 holes from problem
2025-05-23 20:03:54 - INFO - 
  --> Processing hole_0
2025-05-23 20:03:54 - INFO -   Input: have h1 : P → Q := hole
2025-05-23 20:03:54 - INFO -   Original hole status: fail
2025-05-23 20:03:54 - INFO -   Attempting repair with CustomHoleFixerDemo...
2025-05-23 20:03:54 - INFO -   Fixed content: have h1 : P → Q := tauto
2025-05-23 20:03:54 - INFO -   Repair result: pass ✓
2025-05-23 20:03:54 - INFO - 
  --> Processing hole_1
2025-05-23 20:03:54 - INFO -   Input: have h2 : Q → R := hole
2025-05-23 20:03:54 - INFO -   Original hole status: pass
2025-05-23 20:03:54 - INFO -   Attempting repair with CustomHoleFixerDemo...
2025-05-23 20:03:54 - INFO -   Fixed content: have h2 : Q → R := tauto
2025-05-23 20:03:54 - INFO -   Repair result: pass ✓
2025-05-23 20:03:54 - INFO - 
  --> Processing hole_2
2025-05-23 20:03:54 - INFO -   Input: exact hole
2025-05-23 20:03:54 - INFO -   Original hole status: fail
2025-05-23 20:03:54 - INFO -   Attempting repair with CustomHoleFixerDemo...
2025-05-23 20:03:54 - INFO -   Fixed content: exact tauto
2025-05-23 20:03:54 - INFO -   Repair result: pass ✓
2025-05-23 20:03:54 - INFO - 
Hole processing summary:
2025-05-23 20:03:54 - INFO -   Total holes: 3
2025-05-23 20:03:54 - INFO -   Successful fixes: 3
2025-05-23 20:03:54 - INFO -   Improved holes: 2
2025-05-23 20:03:54 - INFO - Synthesis result: pass ✓
2025-05-23 20:03:54 - INFO - Partial fix result: pass ✓
2025-05-23 20:03:54 - INFO - Problem aime_1983_p1 summary:
2025-05-23 20:03:54 - INFO -   Original: fail
2025-05-23 20:03:54 - INFO -   Full synthesis: pass
2025-05-23 20:03:54 - INFO -   Partial fix: pass
2025-05-23 20:03:54 - INFO - [1/2] Completed problem aime_1983_p1
2025-05-23 20:03:54 - INFO - 
[2/2] Starting problem aime_1983_p2
2025-05-23 20:03:54 - INFO - 
--- Processing Problem: minif2f/aime_1983_p2 ---
2025-05-23 20:03:54 - INFO - Extracted 3 holes from problem
2025-05-23 20:03:54 - INFO - 
  --> Processing hole_0
2025-05-23 20:03:54 - INFO -   Input: have h1 : P → Q := hole
2025-05-23 20:03:54 - INFO -   Original hole status: fail
2025-05-23 20:03:54 - INFO -   Attempting repair with CustomHoleFixerDemo...
2025-05-23 20:03:54 - INFO -   Fixed content: have h1 : P → Q := tauto
2025-05-23 20:03:54 - INFO -   Repair result: pass ✓
2025-05-23 20:03:54 - INFO - 
  --> Processing hole_1
2025-05-23 20:03:54 - INFO -   Input: have h2 : Q → R := hole
2025-05-23 20:03:54 - INFO -   Original hole status: pass
2025-05-23 20:03:54 - INFO -   Attempting repair with CustomHoleFixerDemo...
2025-05-23 20:03:54 - INFO -   Fixed content: have h2 : Q → R := tauto
2025-05-23 20:03:54 - INFO -   Repair result: pass ✓
2025-05-23 20:03:54 - INFO - 
  --> Processing hole_2
2025-05-23 20:03:54 - INFO -   Input: exact hole
2025-05-23 20:03:54 - INFO -   Original hole status: fail
2025-05-23 20:03:54 - INFO -   Attempting repair with CustomHoleFixerDemo...
2025-05-23 20:03:54 - INFO -   Fixed content: exact tauto
2025-05-23 20:03:54 - INFO -   Repair result: pass ✓
2025-05-23 20:03:54 - INFO - 
Hole processing summary:
2025-05-23 20:03:54 - INFO -   Total holes: 3
2025-05-23 20:03:54 - INFO -   Successful fixes: 3
2025-05-23 20:03:54 - INFO -   Improved holes: 2
2025-05-23 20:03:54 - INFO - Synthesis result: pass ✓
2025-05-23 20:03:54 - INFO - Partial fix result: pass ✓
2025-05-23 20:03:54 - INFO - Problem aime_1983_p2 summary:
2025-05-23 20:03:54 - INFO -   Original: fail
2025-05-23 20:03:54 - INFO -   Full synthesis: pass
2025-05-23 20:03:54 - INFO -   Partial fix: pass
2025-05-23 20:03:54 - INFO - [2/2] Completed problem aime_1983_p2
2025-05-23 20:03:54 - INFO - 
============================================================
2025-05-23 20:03:54 - INFO - DATASET STATISTICS: minif2f
2025-05-23 20:03:54 - INFO - ============================================================
2025-05-23 20:03:54 - INFO - Total problems: 2
2025-05-23 20:03:54 - INFO - Original pass count: 0
2025-05-23 20:03:54 - INFO - Original pass rate: 0.0%
2025-05-23 20:03:54 - INFO - Synthesis pass count: 2
2025-05-23 20:03:54 - INFO - Synthesis pass rate: 100.0%
2025-05-23 20:03:54 - INFO - Partial fix pass count: 2
2025-05-23 20:03:54 - INFO - Partial fix pass rate: 100.0%
2025-05-23 20:03:54 - INFO - 
Improvement metrics:
2025-05-23 20:03:54 - INFO - Full synthesis improvement: +2 problems
2025-05-23 20:03:54 - INFO - Partial fix improvement: +2 problems
2025-05-23 20:03:54 - INFO - Total holes processed: 6
2025-05-23 20:03:54 - INFO - Successful hole fixes: 6
2025-05-23 20:03:54 - INFO - Hole fix rate: 100.0%
2025-05-23 20:03:54 - INFO - ============================================================
2025-05-23 20:03:54 - INFO - === Hole Fixing Demo Session Started ===
2025-05-23 20:03:54 - INFO - Fixer: CustomHoleFixerDemo
2025-05-23 20:03:54 - INFO - Log file: hole_fixing_logs/hole_fixing_demo_20250523_200354.log
2025-05-23 20:03:54 - INFO - 
============================================================
2025-05-23 20:03:54 - INFO - PROCESSING DATASET: minif2f
2025-05-23 20:03:54 - INFO - ============================================================
2025-05-23 20:03:54 - INFO - Total problems to process: 2
2025-05-23 20:03:54 - INFO - 
[1/2] Starting problem aime_1983_p1
2025-05-23 20:03:54 - INFO - 
--- Processing Problem: minif2f/aime_1983_p1 ---
2025-05-23 20:03:54 - INFO - Extracted 3 holes from problem
2025-05-23 20:03:54 - INFO - 
  --> Processing hole_0
2025-05-23 20:03:54 - INFO -   Input: have h1 : P → Q := hole
2025-05-23 20:03:54 - INFO -   Original hole status: fail
2025-05-23 20:03:54 - INFO -   Attempting repair with CustomHoleFixerDemo...
2025-05-23 20:03:54 - INFO -   Fixed content: have h1 : P → Q := simp
2025-05-23 20:03:54 - INFO -   Repair result: pass ✓
2025-05-23 20:03:54 - INFO - 
  --> Processing hole_1
2025-05-23 20:03:54 - INFO -   Input: have h2 : Q → R := hole
2025-05-23 20:03:54 - INFO -   Original hole status: pass
2025-05-23 20:03:54 - INFO -   Attempting repair with CustomHoleFixerDemo...
2025-05-23 20:03:54 - INFO -   Fixed content: have h2 : Q → R := simp
2025-05-23 20:03:54 - INFO -   Repair result: pass ✓
2025-05-23 20:03:54 - INFO - 
  --> Processing hole_2
2025-05-23 20:03:54 - INFO -   Input: exact hole
2025-05-23 20:03:54 - INFO -   Original hole status: fail
2025-05-23 20:03:54 - INFO -   Attempting repair with CustomHoleFixerDemo...
2025-05-23 20:03:54 - INFO -   Fixed content: exact simp
2025-05-23 20:03:54 - INFO -   Repair result: pass ✓
2025-05-23 20:03:54 - INFO - 
Hole processing summary:
2025-05-23 20:03:54 - INFO -   Total holes: 3
2025-05-23 20:03:54 - INFO -   Successful fixes: 3
2025-05-23 20:03:54 - INFO -   Improved holes: 2
2025-05-23 20:03:54 - INFO - Synthesis result: pass ✓
2025-05-23 20:03:54 - INFO - Partial fix result: pass ✓
2025-05-23 20:03:54 - INFO - Problem aime_1983_p1 summary:
2025-05-23 20:03:54 - INFO -   Original: fail
2025-05-23 20:03:54 - INFO -   Full synthesis: pass
2025-05-23 20:03:54 - INFO -   Partial fix: pass
2025-05-23 20:03:54 - INFO - [1/2] Completed problem aime_1983_p1
2025-05-23 20:03:54 - INFO - 
[2/2] Starting problem aime_1983_p2
2025-05-23 20:03:54 - INFO - 
--- Processing Problem: minif2f/aime_1983_p2 ---
2025-05-23 20:03:54 - INFO - Extracted 3 holes from problem
2025-05-23 20:03:54 - INFO - 
  --> Processing hole_0
2025-05-23 20:03:54 - INFO -   Input: have h1 : P → Q := hole
2025-05-23 20:03:54 - INFO -   Original hole status: fail
2025-05-23 20:03:54 - INFO -   Attempting repair with CustomHoleFixerDemo...
2025-05-23 20:03:54 - INFO -   Fixed content: have h1 : P → Q := simp
2025-05-23 20:03:54 - INFO -   Repair result: pass ✓
2025-05-23 20:03:54 - INFO - 
  --> Processing hole_1
2025-05-23 20:03:54 - INFO -   Input: have h2 : Q → R := hole
2025-05-23 20:03:54 - INFO -   Original hole status: pass
2025-05-23 20:03:54 - INFO -   Attempting repair with CustomHoleFixerDemo...
2025-05-23 20:03:54 - INFO -   Fixed content: have h2 : Q → R := simp
2025-05-23 20:03:54 - INFO -   Repair result: pass ✓
2025-05-23 20:03:54 - INFO - 
  --> Processing hole_2
2025-05-23 20:03:54 - INFO -   Input: exact hole
2025-05-23 20:03:54 - INFO -   Original hole status: fail
2025-05-23 20:03:54 - INFO -   Attempting repair with CustomHoleFixerDemo...
2025-05-23 20:03:54 - INFO -   Fixed content: exact simp
2025-05-23 20:03:54 - INFO -   Repair result: pass ✓
2025-05-23 20:03:54 - INFO - 
Hole processing summary:
2025-05-23 20:03:54 - INFO -   Total holes: 3
2025-05-23 20:03:54 - INFO -   Successful fixes: 3
2025-05-23 20:03:54 - INFO -   Improved holes: 2
2025-05-23 20:03:54 - INFO - Synthesis result: pass ✓
2025-05-23 20:03:54 - INFO - Partial fix result: pass ✓
2025-05-23 20:03:54 - INFO - Problem aime_1983_p2 summary:
2025-05-23 20:03:54 - INFO -   Original: fail
2025-05-23 20:03:54 - INFO -   Full synthesis: pass
2025-05-23 20:03:54 - INFO -   Partial fix: pass
2025-05-23 20:03:54 - INFO - [2/2] Completed problem aime_1983_p2
2025-05-23 20:03:54 - INFO - 
============================================================
2025-05-23 20:03:54 - INFO - DATASET STATISTICS: minif2f
2025-05-23 20:03:54 - INFO - ============================================================
2025-05-23 20:03:54 - INFO - Total problems: 2
2025-05-23 20:03:54 - INFO - Original pass count: 0
2025-05-23 20:03:54 - INFO - Original pass rate: 0.0%
2025-05-23 20:03:54 - INFO - Synthesis pass count: 2
2025-05-23 20:03:54 - INFO - Synthesis pass rate: 100.0%
2025-05-23 20:03:54 - INFO - Partial fix pass count: 2
2025-05-23 20:03:54 - INFO - Partial fix pass rate: 100.0%
2025-05-23 20:03:54 - INFO - 
Improvement metrics:
2025-05-23 20:03:54 - INFO - Full synthesis improvement: +2 problems
2025-05-23 20:03:54 - INFO - Partial fix improvement: +2 problems
2025-05-23 20:03:54 - INFO - Total holes processed: 6
2025-05-23 20:03:54 - INFO - Successful hole fixes: 6
2025-05-23 20:03:54 - INFO - Hole fix rate: 100.0%
2025-05-23 20:03:54 - INFO - ============================================================
2025-05-23 20:03:54 - INFO - === Hole Fixing Demo Session Started ===
2025-05-23 20:03:54 - INFO - Fixer: CustomHoleFixerDemo
2025-05-23 20:03:54 - INFO - Log file: hole_fixing_logs/hole_fixing_demo_20250523_200354.log
2025-05-23 20:03:54 - INFO - 
============================================================
2025-05-23 20:03:54 - INFO - PROCESSING DATASET: minif2f
2025-05-23 20:03:54 - INFO - ============================================================
2025-05-23 20:03:54 - INFO - Total problems to process: 2
2025-05-23 20:03:54 - INFO - 
[1/2] Starting problem aime_1983_p1
2025-05-23 20:03:54 - INFO - 
--- Processing Problem: minif2f/aime_1983_p1 ---
2025-05-23 20:03:54 - INFO - Extracted 3 holes from problem
2025-05-23 20:03:54 - INFO - 
  --> Processing hole_0
2025-05-23 20:03:54 - INFO -   Input: have h1 : P → Q := hole
2025-05-23 20:03:54 - INFO -   Original hole status: fail
2025-05-23 20:03:54 - INFO -   Attempting repair with CustomHoleFixerDemo...
2025-05-23 20:03:54 - INFO -   Fixed content: have h1 : P → Q := tauto
2025-05-23 20:03:54 - INFO -   Repair result: pass ✓
2025-05-23 20:03:54 - INFO - 
  --> Processing hole_1
2025-05-23 20:03:54 - INFO -   Input: have h2 : Q → R := hole
2025-05-23 20:03:54 - INFO -   Original hole status: pass
2025-05-23 20:03:54 - INFO -   Attempting repair with CustomHoleFixerDemo...
2025-05-23 20:03:54 - INFO -   Fixed content: have h2 : Q → R := tauto
2025-05-23 20:03:54 - INFO -   Repair result: pass ✓
2025-05-23 20:03:54 - INFO - 
  --> Processing hole_2
2025-05-23 20:03:54 - INFO -   Input: exact hole
2025-05-23 20:03:54 - INFO -   Original hole status: fail
2025-05-23 20:03:54 - INFO -   Attempting repair with CustomHoleFixerDemo...
2025-05-23 20:03:54 - INFO -   Fixed content: exact tauto
2025-05-23 20:03:54 - INFO -   Repair result: pass ✓
2025-05-23 20:03:54 - INFO - 
Hole processing summary:
2025-05-23 20:03:54 - INFO -   Total holes: 3
2025-05-23 20:03:54 - INFO -   Successful fixes: 3
2025-05-23 20:03:54 - INFO -   Improved holes: 2
2025-05-23 20:03:54 - INFO - Synthesis result: pass ✓
2025-05-23 20:03:54 - INFO - Partial fix result: pass ✓
2025-05-23 20:03:54 - INFO - Problem aime_1983_p1 summary:
2025-05-23 20:03:54 - INFO -   Original: fail
2025-05-23 20:03:54 - INFO -   Full synthesis: pass
2025-05-23 20:03:54 - INFO -   Partial fix: pass
2025-05-23 20:03:54 - INFO - [1/2] Completed problem aime_1983_p1
2025-05-23 20:03:54 - INFO - 
[2/2] Starting problem aime_1983_p2
2025-05-23 20:03:54 - INFO - 
--- Processing Problem: minif2f/aime_1983_p2 ---
2025-05-23 20:03:54 - INFO - Extracted 3 holes from problem
2025-05-23 20:03:54 - INFO - 
  --> Processing hole_0
2025-05-23 20:03:54 - INFO -   Input: have h1 : P → Q := hole
2025-05-23 20:03:54 - INFO -   Original hole status: fail
2025-05-23 20:03:54 - INFO -   Attempting repair with CustomHoleFixerDemo...
2025-05-23 20:03:54 - INFO -   Fixed content: have h1 : P → Q := tauto
2025-05-23 20:03:54 - INFO -   Repair result: pass ✓
2025-05-23 20:03:54 - INFO - 
  --> Processing hole_1
2025-05-23 20:03:54 - INFO -   Input: have h2 : Q → R := hole
2025-05-23 20:03:54 - INFO -   Original hole status: pass
2025-05-23 20:03:54 - INFO -   Attempting repair with CustomHoleFixerDemo...
2025-05-23 20:03:54 - INFO -   Fixed content: have h2 : Q → R := tauto
2025-05-23 20:03:54 - INFO -   Repair result: pass ✓
2025-05-23 20:03:54 - INFO - 
  --> Processing hole_2
2025-05-23 20:03:54 - INFO -   Input: exact hole
2025-05-23 20:03:54 - INFO -   Original hole status: fail
2025-05-23 20:03:54 - INFO -   Attempting repair with CustomHoleFixerDemo...
2025-05-23 20:03:54 - INFO -   Fixed content: exact tauto
2025-05-23 20:03:54 - INFO -   Repair result: pass ✓
2025-05-23 20:03:54 - INFO - 
Hole processing summary:
2025-05-23 20:03:54 - INFO -   Total holes: 3
2025-05-23 20:03:54 - INFO -   Successful fixes: 3
2025-05-23 20:03:54 - INFO -   Improved holes: 2
2025-05-23 20:03:54 - INFO - Synthesis result: pass ✓
2025-05-23 20:03:54 - INFO - Partial fix result: pass ✓
2025-05-23 20:03:54 - INFO - Problem aime_1983_p2 summary:
2025-05-23 20:03:54 - INFO -   Original: fail
2025-05-23 20:03:54 - INFO -   Full synthesis: pass
2025-05-23 20:03:54 - INFO -   Partial fix: pass
2025-05-23 20:03:54 - INFO - [2/2] Completed problem aime_1983_p2
2025-05-23 20:03:54 - INFO - 
============================================================
2025-05-23 20:03:54 - INFO - DATASET STATISTICS: minif2f
2025-05-23 20:03:54 - INFO - ============================================================
2025-05-23 20:03:54 - INFO - Total problems: 2
2025-05-23 20:03:54 - INFO - Original pass count: 0
2025-05-23 20:03:54 - INFO - Original pass rate: 0.0%
2025-05-23 20:03:54 - INFO - Synthesis pass count: 2
2025-05-23 20:03:54 - INFO - Synthesis pass rate: 100.0%
2025-05-23 20:03:54 - INFO - Partial fix pass count: 2
2025-05-23 20:03:54 - INFO - Partial fix pass rate: 100.0%
2025-05-23 20:03:54 - INFO - 
Improvement metrics:
2025-05-23 20:03:54 - INFO - Full synthesis improvement: +2 problems
2025-05-23 20:03:54 - INFO - Partial fix improvement: +2 problems
2025-05-23 20:03:54 - INFO - Total holes processed: 6
2025-05-23 20:03:54 - INFO - Successful hole fixes: 6
2025-05-23 20:03:54 - INFO - Hole fix rate: 100.0%
2025-05-23 20:03:54 - INFO - ============================================================
2025-05-23 20:03:54 - INFO - === Hole Fixing Demo Session Started ===
2025-05-23 20:03:54 - INFO - Fixer: CustomHoleFixerDemo
2025-05-23 20:03:54 - INFO - Log file: hole_fixing_logs/hole_fixing_demo_20250523_200354.log
2025-05-23 20:03:54 - INFO - 
============================================================
2025-05-23 20:03:54 - INFO - PROCESSING DATASET: minif2f
2025-05-23 20:03:54 - INFO - ============================================================
2025-05-23 20:03:54 - INFO - Total problems to process: 2
2025-05-23 20:03:54 - INFO - 
[1/2] Starting problem aime_1983_p1
2025-05-23 20:03:54 - INFO - 
--- Processing Problem: minif2f/aime_1983_p1 ---
2025-05-23 20:03:54 - INFO - Extracted 3 holes from problem
2025-05-23 20:03:54 - INFO - 
  --> Processing hole_0
2025-05-23 20:03:54 - INFO -   Input: have h1 : P → Q := hole
2025-05-23 20:03:54 - INFO -   Original hole status: fail
2025-05-23 20:03:54 - INFO -   Attempting repair with CustomHoleFixerDemo...
2025-05-23 20:03:54 - INFO -   Fixed content: have h1 : P → Q := ring
2025-05-23 20:03:54 - INFO -   Repair result: pass ✓
2025-05-23 20:03:54 - INFO - 
  --> Processing hole_1
2025-05-23 20:03:54 - INFO -   Input: have h2 : Q → R := hole
2025-05-23 20:03:54 - INFO -   Original hole status: pass
2025-05-23 20:03:54 - INFO -   Attempting repair with CustomHoleFixerDemo...
2025-05-23 20:03:54 - INFO -   Fixed content: have h2 : Q → R := ring
2025-05-23 20:03:54 - INFO -   Repair result: pass ✓
2025-05-23 20:03:54 - INFO - 
  --> Processing hole_2
2025-05-23 20:03:54 - INFO -   Input: exact hole
2025-05-23 20:03:54 - INFO -   Original hole status: fail
2025-05-23 20:03:54 - INFO -   Attempting repair with CustomHoleFixerDemo...
2025-05-23 20:03:54 - INFO -   Fixed content: exact ring
2025-05-23 20:03:54 - INFO -   Repair result: pass ✓
2025-05-23 20:03:54 - INFO - 
Hole processing summary:
2025-05-23 20:03:54 - INFO -   Total holes: 3
2025-05-23 20:03:54 - INFO -   Successful fixes: 3
2025-05-23 20:03:54 - INFO -   Improved holes: 2
2025-05-23 20:03:54 - INFO - Synthesis result: pass ✓
2025-05-23 20:03:54 - INFO - Partial fix result: pass ✓
2025-05-23 20:03:54 - INFO - Problem aime_1983_p1 summary:
2025-05-23 20:03:54 - INFO -   Original: fail
2025-05-23 20:03:54 - INFO -   Full synthesis: pass
2025-05-23 20:03:54 - INFO -   Partial fix: pass
2025-05-23 20:03:54 - INFO - [1/2] Completed problem aime_1983_p1
2025-05-23 20:03:54 - INFO - 
[2/2] Starting problem aime_1983_p2
2025-05-23 20:03:54 - INFO - 
--- Processing Problem: minif2f/aime_1983_p2 ---
2025-05-23 20:03:54 - INFO - Extracted 3 holes from problem
2025-05-23 20:03:54 - INFO - 
  --> Processing hole_0
2025-05-23 20:03:54 - INFO -   Input: have h1 : P → Q := hole
2025-05-23 20:03:54 - INFO -   Original hole status: fail
2025-05-23 20:03:54 - INFO -   Attempting repair with CustomHoleFixerDemo...
2025-05-23 20:03:54 - INFO -   Fixed content: have h1 : P → Q := ring
2025-05-23 20:03:54 - INFO -   Repair result: pass ✓
2025-05-23 20:03:54 - INFO - 
  --> Processing hole_1
2025-05-23 20:03:54 - INFO -   Input: have h2 : Q → R := hole
2025-05-23 20:03:54 - INFO -   Original hole status: pass
2025-05-23 20:03:54 - INFO -   Attempting repair with CustomHoleFixerDemo...
2025-05-23 20:03:54 - INFO -   Fixed content: have h2 : Q → R := ring
2025-05-23 20:03:54 - INFO -   Repair result: pass ✓
2025-05-23 20:03:54 - INFO - 
  --> Processing hole_2
2025-05-23 20:03:54 - INFO -   Input: exact hole
2025-05-23 20:03:54 - INFO -   Original hole status: fail
2025-05-23 20:03:54 - INFO -   Attempting repair with CustomHoleFixerDemo...
2025-05-23 20:03:54 - INFO -   Fixed content: exact ring
2025-05-23 20:03:54 - INFO -   Repair result: pass ✓
2025-05-23 20:03:54 - INFO - 
Hole processing summary:
2025-05-23 20:03:54 - INFO -   Total holes: 3
2025-05-23 20:03:54 - INFO -   Successful fixes: 3
2025-05-23 20:03:54 - INFO -   Improved holes: 2
2025-05-23 20:03:54 - INFO - Synthesis result: pass ✓
2025-05-23 20:03:54 - INFO - Partial fix result: pass ✓
2025-05-23 20:03:54 - INFO - Problem aime_1983_p2 summary:
2025-05-23 20:03:54 - INFO -   Original: fail
2025-05-23 20:03:54 - INFO -   Full synthesis: pass
2025-05-23 20:03:54 - INFO -   Partial fix: pass
2025-05-23 20:03:54 - INFO - [2/2] Completed problem aime_1983_p2
2025-05-23 20:03:54 - INFO - 
============================================================
2025-05-23 20:03:54 - INFO - DATASET STATISTICS: minif2f
2025-05-23 20:03:54 - INFO - ============================================================
2025-05-23 20:03:54 - INFO - Total problems: 2
2025-05-23 20:03:54 - INFO - Original pass count: 0
2025-05-23 20:03:54 - INFO - Original pass rate: 0.0%
2025-05-23 20:03:54 - INFO - Synthesis pass count: 2
2025-05-23 20:03:54 - INFO - Synthesis pass rate: 100.0%
2025-05-23 20:03:54 - INFO - Partial fix pass count: 2
2025-05-23 20:03:54 - INFO - Partial fix pass rate: 100.0%
2025-05-23 20:03:54 - INFO - 
Improvement metrics:
2025-05-23 20:03:54 - INFO - Full synthesis improvement: +2 problems
2025-05-23 20:03:54 - INFO - Partial fix improvement: +2 problems
2025-05-23 20:03:54 - INFO - Total holes processed: 6
2025-05-23 20:03:54 - INFO - Successful hole fixes: 6
2025-05-23 20:03:54 - INFO - Hole fix rate: 100.0%
2025-05-23 20:03:54 - INFO - ============================================================
2025-05-23 20:03:54 - INFO - === Hole Fixing Demo Session Started ===
2025-05-23 20:03:54 - INFO - Fixer: CustomHoleFixerDemo
2025-05-23 20:03:54 - INFO - Log file: hole_fixing_logs/hole_fixing_demo_20250523_200354.log
2025-05-23 20:03:54 - INFO - 
============================================================
2025-05-23 20:03:54 - INFO - PROCESSING DATASET: minif2f
2025-05-23 20:03:54 - INFO - ============================================================
2025-05-23 20:03:54 - INFO - Total problems to process: 2
2025-05-23 20:03:54 - INFO - 
[1/2] Starting problem aime_1983_p1
2025-05-23 20:03:54 - INFO - 
--- Processing Problem: minif2f/aime_1983_p1 ---
2025-05-23 20:03:54 - INFO - Extracted 3 holes from problem
2025-05-23 20:03:54 - INFO - 
  --> Processing hole_0
2025-05-23 20:03:54 - INFO -   Input: have h1 : P → Q := hole
2025-05-23 20:03:54 - INFO -   Original hole status: fail
2025-05-23 20:03:54 - INFO -   Attempting repair with CustomHoleFixerDemo...
2025-05-23 20:03:54 - INFO -   Fixed content: have h1 : P → Q := norm_num
2025-05-23 20:03:54 - INFO -   Repair result: pass ✓
2025-05-23 20:03:54 - INFO - 
  --> Processing hole_1
2025-05-23 20:03:54 - INFO -   Input: have h2 : Q → R := hole
2025-05-23 20:03:54 - INFO -   Original hole status: pass
2025-05-23 20:03:54 - INFO -   Attempting repair with CustomHoleFixerDemo...
2025-05-23 20:03:54 - INFO -   Fixed content: have h2 : Q → R := norm_num
2025-05-23 20:03:54 - INFO -   Repair result: pass ✓
2025-05-23 20:03:54 - INFO - 
  --> Processing hole_2
2025-05-23 20:03:54 - INFO -   Input: exact hole
2025-05-23 20:03:54 - INFO -   Original hole status: fail
2025-05-23 20:03:54 - INFO -   Attempting repair with CustomHoleFixerDemo...
2025-05-23 20:03:54 - INFO -   Fixed content: exact norm_num
2025-05-23 20:03:54 - INFO -   Repair result: pass ✓
2025-05-23 20:03:54 - INFO - 
Hole processing summary:
2025-05-23 20:03:54 - INFO -   Total holes: 3
2025-05-23 20:03:54 - INFO -   Successful fixes: 3
2025-05-23 20:03:54 - INFO -   Improved holes: 2
2025-05-23 20:03:54 - INFO - Synthesis result: pass ✓
2025-05-23 20:03:54 - INFO - Partial fix result: pass ✓
2025-05-23 20:03:54 - INFO - Problem aime_1983_p1 summary:
2025-05-23 20:03:54 - INFO -   Original: fail
2025-05-23 20:03:54 - INFO -   Full synthesis: pass
2025-05-23 20:03:54 - INFO -   Partial fix: pass
2025-05-23 20:03:54 - INFO - [1/2] Completed problem aime_1983_p1
2025-05-23 20:03:54 - INFO - 
[2/2] Starting problem aime_1983_p2
2025-05-23 20:03:54 - INFO - 
--- Processing Problem: minif2f/aime_1983_p2 ---
2025-05-23 20:03:54 - INFO - Extracted 3 holes from problem
2025-05-23 20:03:54 - INFO - 
  --> Processing hole_0
2025-05-23 20:03:54 - INFO -   Input: have h1 : P → Q := hole
2025-05-23 20:03:54 - INFO -   Original hole status: fail
2025-05-23 20:03:54 - INFO -   Attempting repair with CustomHoleFixerDemo...
2025-05-23 20:03:54 - INFO -   Fixed content: have h1 : P → Q := norm_num
2025-05-23 20:03:54 - INFO -   Repair result: pass ✓
2025-05-23 20:03:54 - INFO - 
  --> Processing hole_1
2025-05-23 20:03:54 - INFO -   Input: have h2 : Q → R := hole
2025-05-23 20:03:54 - INFO -   Original hole status: pass
2025-05-23 20:03:54 - INFO -   Attempting repair with CustomHoleFixerDemo...
2025-05-23 20:03:54 - INFO -   Fixed content: have h2 : Q → R := norm_num
2025-05-23 20:03:54 - INFO -   Repair result: pass ✓
2025-05-23 20:03:54 - INFO - 
  --> Processing hole_2
2025-05-23 20:03:54 - INFO -   Input: exact hole
2025-05-23 20:03:54 - INFO -   Original hole status: fail
2025-05-23 20:03:54 - INFO -   Attempting repair with CustomHoleFixerDemo...
2025-05-23 20:03:54 - INFO -   Fixed content: exact norm_num
2025-05-23 20:03:54 - INFO -   Repair result: pass ✓
2025-05-23 20:03:54 - INFO - 
Hole processing summary:
2025-05-23 20:03:54 - INFO -   Total holes: 3
2025-05-23 20:03:54 - INFO -   Successful fixes: 3
2025-05-23 20:03:54 - INFO -   Improved holes: 2
2025-05-23 20:03:54 - INFO - Synthesis result: pass ✓
2025-05-23 20:03:54 - INFO - Partial fix result: pass ✓
2025-05-23 20:03:54 - INFO - Problem aime_1983_p2 summary:
2025-05-23 20:03:54 - INFO -   Original: fail
2025-05-23 20:03:54 - INFO -   Full synthesis: pass
2025-05-23 20:03:54 - INFO -   Partial fix: pass
2025-05-23 20:03:54 - INFO - [2/2] Completed problem aime_1983_p2
2025-05-23 20:03:54 - INFO - 
============================================================
2025-05-23 20:03:54 - INFO - DATASET STATISTICS: minif2f
2025-05-23 20:03:54 - INFO - ============================================================
2025-05-23 20:03:54 - INFO - Total problems: 2
2025-05-23 20:03:54 - INFO - Original pass count: 0
2025-05-23 20:03:54 - INFO - Original pass rate: 0.0%
2025-05-23 20:03:54 - INFO - Synthesis pass count: 2
2025-05-23 20:03:54 - INFO - Synthesis pass rate: 100.0%
2025-05-23 20:03:54 - INFO - Partial fix pass count: 2
2025-05-23 20:03:54 - INFO - Partial fix pass rate: 100.0%
2025-05-23 20:03:54 - INFO - 
Improvement metrics:
2025-05-23 20:03:54 - INFO - Full synthesis improvement: +2 problems
2025-05-23 20:03:54 - INFO - Partial fix improvement: +2 problems
2025-05-23 20:03:54 - INFO - Total holes processed: 6
2025-05-23 20:03:54 - INFO - Successful hole fixes: 6
2025-05-23 20:03:54 - INFO - Hole fix rate: 100.0%
2025-05-23 20:03:54 - INFO - ============================================================
