2025-05-23 20:04:07 - INFO - === Hole Fixing Demo Session Started ===
2025-05-23 20:04:07 - INFO - Fixer: SimpleHoleFixerDemo
2025-05-23 20:04:07 - INFO - Log file: hole_fixing_logs/hole_fixing_demo_20250523_200407.log
2025-05-23 20:04:07 - INFO - 
============================================================
2025-05-23 20:04:07 - INFO - PROCESSING DATASET: minif2f
2025-05-23 20:04:07 - INFO - ============================================================
2025-05-23 20:04:07 - INFO - Total problems to process: 3
2025-05-23 20:04:07 - INFO - 
[1/3] Starting problem aime_1983_p1
2025-05-23 20:04:07 - INFO - 
--- Processing Problem: minif2f/aime_1983_p1 ---
2025-05-23 20:04:07 - INFO - Extracted 3 holes from problem
2025-05-23 20:04:07 - INFO - 
  --> Processing hole_0
2025-05-23 20:04:07 - INFO -   Input: have h1 : P → Q := hole
2025-05-23 20:04:07 - INFO -   Original hole status: fail
2025-05-23 20:04:07 - INFO -   Attempting repair with SimpleHoleFixerDemo...
2025-05-23 20:04:07 - INFO -   Fixed content: have h1 : P → Q := sorry
2025-05-23 20:04:07 - INFO -   Repair result: pass ✓
2025-05-23 20:04:07 - INFO - 
  --> Processing hole_1
2025-05-23 20:04:07 - INFO -   Input: have h2 : Q → R := hole
2025-05-23 20:04:07 - INFO -   Original hole status: pass
2025-05-23 20:04:07 - INFO -   Attempting repair with SimpleHoleFixerDemo...
2025-05-23 20:04:07 - INFO -   Fixed content: have h2 : Q → R := sorry
2025-05-23 20:04:07 - INFO -   Repair result: pass ✓
2025-05-23 20:04:07 - INFO - 
  --> Processing hole_2
2025-05-23 20:04:07 - INFO -   Input: exact hole
2025-05-23 20:04:07 - INFO -   Original hole status: fail
2025-05-23 20:04:07 - INFO -   Attempting repair with SimpleHoleFixerDemo...
2025-05-23 20:04:07 - INFO -   Fixed content: exact sorry
2025-05-23 20:04:07 - INFO -   Repair result: pass ✓
2025-05-23 20:04:07 - INFO - 
Hole processing summary:
2025-05-23 20:04:07 - INFO -   Total holes: 3
2025-05-23 20:04:07 - INFO -   Successful fixes: 3
2025-05-23 20:04:07 - INFO -   Improved holes: 2
2025-05-23 20:04:07 - INFO - Synthesis result: pass ✓
2025-05-23 20:04:07 - INFO - Partial fix result: pass ✓
2025-05-23 20:04:07 - INFO - Problem aime_1983_p1 summary:
2025-05-23 20:04:07 - INFO -   Original: fail
2025-05-23 20:04:07 - INFO -   Full synthesis: pass
2025-05-23 20:04:07 - INFO -   Partial fix: pass
2025-05-23 20:04:07 - INFO - [1/3] Completed problem aime_1983_p1
2025-05-23 20:04:07 - INFO - 
[2/3] Starting problem aime_1983_p2
2025-05-23 20:04:07 - INFO - 
--- Processing Problem: minif2f/aime_1983_p2 ---
2025-05-23 20:04:07 - INFO - Extracted 3 holes from problem
2025-05-23 20:04:07 - INFO - 
  --> Processing hole_0
2025-05-23 20:04:07 - INFO -   Input: have h1 : P → Q := hole
2025-05-23 20:04:07 - INFO -   Original hole status: fail
2025-05-23 20:04:07 - INFO -   Attempting repair with SimpleHoleFixerDemo...
2025-05-23 20:04:07 - INFO -   Fixed content: have h1 : P → Q := sorry
2025-05-23 20:04:07 - INFO -   Repair result: pass ✓
2025-05-23 20:04:07 - INFO - 
  --> Processing hole_1
2025-05-23 20:04:07 - INFO -   Input: have h2 : Q → R := hole
2025-05-23 20:04:07 - INFO -   Original hole status: pass
2025-05-23 20:04:07 - INFO -   Attempting repair with SimpleHoleFixerDemo...
2025-05-23 20:04:07 - INFO -   Fixed content: have h2 : Q → R := sorry
2025-05-23 20:04:07 - INFO -   Repair result: pass ✓
2025-05-23 20:04:07 - INFO - 
  --> Processing hole_2
2025-05-23 20:04:07 - INFO -   Input: exact hole
2025-05-23 20:04:07 - INFO -   Original hole status: fail
2025-05-23 20:04:07 - INFO -   Attempting repair with SimpleHoleFixerDemo...
2025-05-23 20:04:07 - INFO -   Fixed content: exact sorry
2025-05-23 20:04:07 - INFO -   Repair result: pass ✓
2025-05-23 20:04:07 - INFO - 
Hole processing summary:
2025-05-23 20:04:07 - INFO -   Total holes: 3
2025-05-23 20:04:07 - INFO -   Successful fixes: 3
2025-05-23 20:04:07 - INFO -   Improved holes: 2
2025-05-23 20:04:07 - INFO - Synthesis result: pass ✓
2025-05-23 20:04:07 - INFO - Partial fix result: pass ✓
2025-05-23 20:04:07 - INFO - Problem aime_1983_p2 summary:
2025-05-23 20:04:07 - INFO -   Original: fail
2025-05-23 20:04:07 - INFO -   Full synthesis: pass
2025-05-23 20:04:07 - INFO -   Partial fix: pass
2025-05-23 20:04:07 - INFO - [2/3] Completed problem aime_1983_p2
2025-05-23 20:04:07 - INFO - 
[3/3] Starting problem aime_1984_p1
2025-05-23 20:04:07 - INFO - 
--- Processing Problem: minif2f/aime_1984_p1 ---
2025-05-23 20:04:07 - INFO - Extracted 3 holes from problem
2025-05-23 20:04:07 - INFO - 
  --> Processing hole_0
2025-05-23 20:04:07 - INFO -   Input: have h1 : P → Q := hole
2025-05-23 20:04:07 - INFO -   Original hole status: fail
2025-05-23 20:04:07 - INFO -   Attempting repair with SimpleHoleFixerDemo...
2025-05-23 20:04:07 - INFO -   Fixed content: have h1 : P → Q := sorry
2025-05-23 20:04:07 - INFO -   Repair result: pass ✓
2025-05-23 20:04:07 - INFO - 
  --> Processing hole_1
2025-05-23 20:04:07 - INFO -   Input: have h2 : Q → R := hole
2025-05-23 20:04:07 - INFO -   Original hole status: pass
2025-05-23 20:04:07 - INFO -   Attempting repair with SimpleHoleFixerDemo...
2025-05-23 20:04:07 - INFO -   Fixed content: have h2 : Q → R := sorry
2025-05-23 20:04:07 - INFO -   Repair result: pass ✓
2025-05-23 20:04:07 - INFO - 
  --> Processing hole_2
2025-05-23 20:04:07 - INFO -   Input: exact hole
2025-05-23 20:04:07 - INFO -   Original hole status: fail
2025-05-23 20:04:07 - INFO -   Attempting repair with SimpleHoleFixerDemo...
2025-05-23 20:04:07 - INFO -   Fixed content: exact sorry
2025-05-23 20:04:07 - INFO -   Repair result: pass ✓
2025-05-23 20:04:07 - INFO - 
Hole processing summary:
2025-05-23 20:04:07 - INFO -   Total holes: 3
2025-05-23 20:04:07 - INFO -   Successful fixes: 3
2025-05-23 20:04:07 - INFO -   Improved holes: 2
2025-05-23 20:04:07 - INFO - Synthesis result: pass ✓
2025-05-23 20:04:07 - INFO - Partial fix result: pass ✓
2025-05-23 20:04:07 - INFO - Problem aime_1984_p1 summary:
2025-05-23 20:04:07 - INFO -   Original: fail
2025-05-23 20:04:07 - INFO -   Full synthesis: pass
2025-05-23 20:04:07 - INFO -   Partial fix: pass
2025-05-23 20:04:07 - INFO - [3/3] Completed problem aime_1984_p1
2025-05-23 20:04:07 - INFO - 
============================================================
2025-05-23 20:04:07 - INFO - DATASET STATISTICS: minif2f
2025-05-23 20:04:07 - INFO - ============================================================
2025-05-23 20:04:07 - INFO - Total problems: 3
2025-05-23 20:04:07 - INFO - Original pass count: 0
2025-05-23 20:04:07 - INFO - Original pass rate: 0.0%
2025-05-23 20:04:07 - INFO - Synthesis pass count: 3
2025-05-23 20:04:07 - INFO - Synthesis pass rate: 100.0%
2025-05-23 20:04:07 - INFO - Partial fix pass count: 3
2025-05-23 20:04:07 - INFO - Partial fix pass rate: 100.0%
2025-05-23 20:04:07 - INFO - 
Improvement metrics:
2025-05-23 20:04:07 - INFO - Full synthesis improvement: +3 problems
2025-05-23 20:04:07 - INFO - Partial fix improvement: +3 problems
2025-05-23 20:04:07 - INFO - Total holes processed: 9
2025-05-23 20:04:07 - INFO - Successful hole fixes: 9
2025-05-23 20:04:07 - INFO - Hole fix rate: 100.0%
2025-05-23 20:04:07 - INFO - ============================================================
