nohup: ignoring input
Scanning input directory: ./minif2f/lean_code
Total Lean files: 111; Files to process: 111
Using 4 parallel tasks
Processing: 1.lean
Processing: 10.lean
Processing: 100.lean
Processing: 101.lean
✅ 101.lean processed successfully
Copied original code to: ./minif2f/lean_fixed/101.lean as completion marker
Processing: 102.lean
Progress: 1/111 - 101.lean completed
✅ 10.lean processed successfully
Copied original code to: ./minif2f/lean_fixed/10.lean as completion marker
Processing: 103.leanProgress: 2/111 - 10.lean completed

✅ 102.lean processed successfully
Copied original code to: ./minif2f/lean_fixed/102.lean as completion marker
Processing: 104.leanProgress: 3/111 - 102.lean completed

✅ 104.lean processed successfully
Copied original code to: ./minif2f/lean_fixed/104.lean as completion marker
Processing: 105.leanProgress: 4/111 - 104.lean completed

✅ 105.lean processed successfully
Copied original code to: ./minif2f/lean_fixed/105.lean as completion marker
Processing: 106.leanProgress: 5/111 - 105.lean completed

✅ 106.lean processed successfully
Copied original code to: ./minif2f/lean_fixed/106.lean as completion marker
Processing: 107.leanProgress: 6/111 - 106.lean completed

✅ 107.lean processed successfully
Copied original code to: ./minif2f/lean_fixed/107.lean as completion marker
Processing: 108.leanProgress: 7/111 - 107.lean completed

✅ 108.lean processed successfully
Copied original code to: ./minif2f/lean_fixed/108.lean as completion marker
Processing: 109.leanProgress: 8/111 - 108.lean completed

✅ 109.lean processed successfully
Copied original code to: ./minif2f/lean_fixed/109.lean as completion marker
Processing: 11.leanProgress: 9/111 - 109.lean completed

✅ 100.lean processed successfully
Copied original code to: ./minif2f/lean_fixed/100.lean as completion marker
Processing: 110.leanProgress: 10/111 - 100.lean completed

✅ 11.lean processed successfully
Copied original code to: ./minif2f/lean_fixed/11.lean as completion marker
Processing: 111.leanProgress: 11/111 - 11.lean completed

✅ 110.lean processed successfully
Copied original code to: ./minif2f/lean_fixed/110.lean as completion marker
Processing: 112.leanProgress: 12/111 - 110.lean completed

✅ 111.lean processed successfully
Copied original code to: ./minif2f/lean_fixed/111.lean as completion marker
Processing: 113.leanProgress: 13/111 - 111.lean completed

✅ 113.lean processed successfully
Copied original code to: ./minif2f/lean_fixed/113.lean as completion marker
Processing: 12.leanProgress: 14/111 - 113.lean completed

✅ 112.lean processed successfully
Copied original code to: ./minif2f/lean_fixed/112.lean as completion marker
Processing: 13.leanProgress: 15/111 - 112.lean completed

✅ 13.lean processed successfully
Copied original code to: ./minif2f/lean_fixed/13.lean as completion marker
Processing: 14.leanProgress: 16/111 - 13.lean completed
 
✅ 1.lean processed successfully
Copied original code to: ./minif2f/lean_fixed/1.lean as completion marker
Processing: 16.leanProgress: 17/111 - 1.lean completed

✅ 16.lean processed successfully
Copied original code to: ./minif2f/lean_fixed/16.lean as completion marker
Processing: 17.leanProgress: 18/111 - 16.lean completed
✅ 12.lean processed successfully
Copied original code to: ./minif2f/lean_fixed/12.lean as completion marker
Processing: 18.leanProgress: 19/111 - 12.lean completed

✅ 18.lean processed successfully
Copied original code to: ./minif2f/lean_fixed/18.lean as completion marker
Processing: 19.leanProgress: 20/111 - 18.lean completed

✅ 19.lean processed successfully
Copied original code to: ./minif2f/lean_fixed/19.lean as completion marker
Processing: 2.leanProgress: 21/111 - 19.lean completed

✅ 2.lean processed successfully
Copied original code to: ./minif2f/lean_fixed/2.lean as completion marker
Processing: 20.leanProgress: 22/111 - 2.lean completed

✅ 20.lean processed successfully
Copied original code to: ./minif2f/lean_fixed/20.lean as completion marker
Processing: 21.leanProgress: 23/111 - 20.lean completed

✅ 21.lean processed successfully
Copied original code to: ./minif2f/lean_fixed/21.lean as completion marker
Processing: 22.leanProgress: 24/111 - 21.lean completed

✅ 22.lean processed successfully
Copied original code to: ./minif2f/lean_fixed/22.lean as completion marker
Processing: 23.leanProgress: 25/111 - 22.lean completed

✅ 23.lean processed successfully
Copied original code to: ./minif2f/lean_fixed/23.lean as completion marker
Processing: 24.lean
Progress: 26/111 - 23.lean completed
✅ 24.lean processed successfully
Copied original code to: ./minif2f/lean_fixed/24.lean as completion marker
Processing: 25.leanProgress: 27/111 - 24.lean completed

✅ 25.lean processed successfully
Copied original code to: ./minif2f/lean_fixed/25.lean as completion marker
Processing: 26.lean
Progress: 28/111 - 25.lean completed
✅ 26.lean processed successfully
Copied original code to: ./minif2f/lean_fixed/26.lean as completion marker
Processing: 27.lean
Progress: 29/111 - 26.lean completed
✅ 27.lean processed successfully
Copied original code to: ./minif2f/lean_fixed/27.lean as completion marker
Processing: 28.lean
Progress: 30/111 - 27.lean completed
✅ 28.lean processed successfully
Copied original code to: ./minif2f/lean_fixed/28.lean as completion marker
Processing: 29.lean
Progress: 31/111 - 28.lean completed
✅ 29.lean processed successfully
Copied original code to: ./minif2f/lean_fixed/29.lean as completion marker
Processing: 3.lean
Progress: 32/111 - 29.lean completed
✅ 3.lean processed successfully
Copied original code to: ./minif2f/lean_fixed/3.lean as completion marker
Processing: 30.leanProgress: 33/111 - 3.lean completed

✅ 30.lean processed successfully
Copied original code to: ./minif2f/lean_fixed/30.lean as completion marker
Processing: 31.leanProgress: 34/111 - 30.lean completed

✅ 31.lean processed successfully
Copied original code to: ./minif2f/lean_fixed/31.lean as completion marker
Processing: 32.lean
Progress: 35/111 - 31.lean completed
✅ 32.lean processed successfully
Copied original code to: ./minif2f/lean_fixed/32.lean as completion marker
Processing: 33.lean
Progress: 36/111 - 32.lean completed
✅ 33.lean processed successfully
Copied original code to: ./minif2f/lean_fixed/33.lean as completion marker
Processing: 34.leanProgress: 37/111 - 33.lean completed

✅ 34.lean processed successfully
Copied original code to: ./minif2f/lean_fixed/34.lean as completion marker
Processing: 35.lean
Progress: 38/111 - 34.lean completed
✅ 35.lean processed successfully
Copied original code to: ./minif2f/lean_fixed/35.lean as completion marker
Processing: 36.lean
Progress: 39/111 - 35.lean completed
✅ 36.lean processed successfully
Copied original code to: ./minif2f/lean_fixed/36.lean as completion marker
Processing: 37.leanProgress: 40/111 - 36.lean completed

✅ 37.lean processed successfully
Copied original code to: ./minif2f/lean_fixed/37.lean as completion marker
Processing: 38.lean
Progress: 41/111 - 37.lean completed
✅ 38.lean processed successfully
Copied original code to: ./minif2f/lean_fixed/38.lean as completion marker
Processing: 39.leanProgress: 42/111 - 38.lean completed

✅ 17.lean processed successfully
Copied original code to: ./minif2f/lean_fixed/17.lean as completion marker
Processing: 4.leanProgress: 43/111 - 17.lean completed

✅ 4.lean processed successfully
Copied original code to: ./minif2f/lean_fixed/4.lean as completion marker
Processing: 40.leanProgress: 44/111 - 4.lean completed

✅ 40.lean processed successfully
Copied original code to: ./minif2f/lean_fixed/40.lean as completion marker
Processing: 41.leanProgress: 45/111 - 40.lean completed

✅ 41.lean processed successfully
Copied original code to: ./minif2f/lean_fixed/41.lean as completion marker
Processing: 42.leanProgress: 46/111 - 41.lean completed

✅ 42.lean processed successfully
Copied original code to: ./minif2f/lean_fixed/42.lean as completion marker
Processing: 43.leanProgress: 47/111 - 42.lean completed

✅ 43.lean processed successfully
Copied original code to: ./minif2f/lean_fixed/43.lean as completion marker
Processing: 44.leanProgress: 48/111 - 43.lean completed

✅ 44.lean processed successfully
Copied original code to: ./minif2f/lean_fixed/44.lean as completion marker
Processing: 45.leanProgress: 49/111 - 44.lean completed

✅ 45.lean processed successfully
Copied original code to: ./minif2f/lean_fixed/45.lean as completion marker
Processing: 46.leanProgress: 50/111 - 45.lean completed

✅ 46.lean processed successfully
Copied original code to: ./minif2f/lean_fixed/46.lean as completion marker
Processing: 47.leanProgress: 51/111 - 46.lean completed

✅ 47.lean processed successfully
Copied original code to: ./minif2f/lean_fixed/47.lean as completion marker
Processing: 48.leanProgress: 52/111 - 47.lean completed

✅ 48.lean processed successfully
Copied original code to: ./minif2f/lean_fixed/48.lean as completion marker
Processing: 49.leanProgress: 53/111 - 48.lean completed

✅ 49.lean processed successfully
Copied original code to: ./minif2f/lean_fixed/49.lean as completion marker
Processing: 5.leanProgress: 54/111 - 49.lean completed

✅ 5.lean processed successfully
Copied original code to: ./minif2f/lean_fixed/5.lean as completion marker
Processing: 50.lean
Progress: 55/111 - 5.lean completed
✅ 50.lean processed successfully
Copied original code to: ./minif2f/lean_fixed/50.lean as completion marker
Processing: 51.lean
Progress: 56/111 - 50.lean completed
✅ 51.lean processed successfully
Copied original code to: ./minif2f/lean_fixed/51.lean as completion marker
Processing: 52.lean
Progress: 57/111 - 51.lean completed
✅ 52.lean processed successfully
Copied original code to: ./minif2f/lean_fixed/52.lean as completion marker
Processing: 53.lean
Progress: 58/111 - 52.lean completed
✅ 53.lean processed successfully
Copied original code to: ./minif2f/lean_fixed/53.lean as completion marker
Processing: 54.lean
Progress: 59/111 - 53.lean completed
✅ 54.lean processed successfully
Copied original code to: ./minif2f/lean_fixed/54.lean as completion marker
Processing: 55.lean
Progress: 60/111 - 54.lean completed
✅ 55.lean processed successfully
Copied original code to: ./minif2f/lean_fixed/55.lean as completion marker
Processing: 56.lean
Progress: 61/111 - 55.lean completed
✅ 56.lean processed successfully
Copied original code to: ./minif2f/lean_fixed/56.lean as completion marker
Processing: 57.leanProgress: 62/111 - 56.lean completed

✅ 57.lean processed successfully
Copied original code to: ./minif2f/lean_fixed/57.lean as completion marker
Processing: 58.lean
Progress: 63/111 - 57.lean completed
✅ 58.lean processed successfully
Copied original code to: ./minif2f/lean_fixed/58.lean as completion marker
Processing: 59.lean
Progress: 64/111 - 58.lean completed
✅ 59.lean processed successfully
Copied original code to: ./minif2f/lean_fixed/59.lean as completion marker
Processing: 6.leanProgress: 65/111 - 59.lean completed

✅ 6.lean processed successfully
Copied original code to: ./minif2f/lean_fixed/6.lean as completion marker
Processing: 60.leanProgress: 66/111 - 6.lean completed

✅ 60.lean processed successfully
Copied original code to: ./minif2f/lean_fixed/60.lean as completion marker
Processing: 61.lean
Progress: 67/111 - 60.lean completed
✅ 61.lean processed successfully
Copied original code to: ./minif2f/lean_fixed/61.lean as completion marker
Processing: 62.leanProgress: 68/111 - 61.lean completed

✅ 62.lean processed successfully
Copied original code to: ./minif2f/lean_fixed/62.lean as completion marker
Processing: 63.leanProgress: 69/111 - 62.lean completed

✅ 63.lean processed successfully
Copied original code to: ./minif2f/lean_fixed/63.lean as completion marker
Processing: 64.leanProgress: 70/111 - 63.lean completed

✅ 64.lean processed successfully
Copied original code to: ./minif2f/lean_fixed/64.lean as completion marker
Processing: 65.lean
Progress: 71/111 - 64.lean completed
✅ 65.lean processed successfully
Copied original code to: ./minif2f/lean_fixed/65.lean as completion marker
Processing: 66.lean
Progress: 72/111 - 65.lean completed
✅ 66.lean processed successfully
Copied original code to: ./minif2f/lean_fixed/66.lean as completion marker
Processing: 67.lean
Progress: 73/111 - 66.lean completed
✅ 67.lean processed successfully
Copied original code to: ./minif2f/lean_fixed/67.lean as completion marker
Processing: 68.lean
Progress: 74/111 - 67.lean completed
✅ 68.lean processed successfully
Copied original code to: ./minif2f/lean_fixed/68.lean as completion marker
Processing: 69.lean
Progress: 75/111 - 68.lean completed
✅ 69.lean processed successfully
Copied original code to: ./minif2f/lean_fixed/69.lean as completion marker
Processing: 7.lean
Progress: 76/111 - 69.lean completed
✅ 7.lean processed successfully
Copied original code to: ./minif2f/lean_fixed/7.lean as completion marker
Processing: 70.lean
Progress: 77/111 - 7.lean completed
✅ 70.lean processed successfully
Copied original code to: ./minif2f/lean_fixed/70.lean as completion marker
Processing: 71.leanProgress: 78/111 - 70.lean completed

✅ 71.lean processed successfully
Copied original code to: ./minif2f/lean_fixed/71.lean as completion marker
Processing: 72.leanProgress: 79/111 - 71.lean completed

✅ 72.lean processed successfully
Copied original code to: ./minif2f/lean_fixed/72.lean as completion marker
Processing: 73.leanProgress: 80/111 - 72.lean completed

✅ 73.lean processed successfully
Copied original code to: ./minif2f/lean_fixed/73.lean as completion marker
Processing: 75.leanProgress: 81/111 - 73.lean completed

✅ 75.lean processed successfully
Copied original code to: ./minif2f/lean_fixed/75.lean as completion marker
Processing: 76.leanProgress: 82/111 - 75.lean completed

✅ 76.lean processed successfully
Copied original code to: ./minif2f/lean_fixed/76.lean as completion marker
Processing: 77.lean
Progress: 83/111 - 76.lean completed
✅ 77.lean processed successfully
Copied original code to: ./minif2f/lean_fixed/77.lean as completion marker
Processing: 78.lean
Progress: 84/111 - 77.lean completed
✅ 78.lean processed successfully
Copied original code to: ./minif2f/lean_fixed/78.lean as completion marker
Processing: 79.lean
Progress: 85/111 - 78.lean completed
✅ 79.lean processed successfully
Copied original code to: ./minif2f/lean_fixed/79.lean as completion marker
Processing: 8.lean
Progress: 86/111 - 79.lean completed
