Build completed successfully.
No files to download
Decompressing 6641 file(s)
Unpacked in 61 ms
Completed successfully!
Build completed successfully.
Error: Invalid mode 'minif2f'. Must be 'dataset' or 'problem'.
Usage:
  python minimal_verification_pipeline.py dataset <dataset_name> [limit]
  python minimal_verification_pipeline.py problem <dataset_name> <problem_id>

Examples:
  python minimal_verification_pipeline.py dataset demo 3
  python minimal_verification_pipeline.py problem demo demo_complex_p2
Build completed successfully.
No files to download
Decompressing 6641 file(s)
Unpacked in 67 ms
Completed successfully!
Build completed successfully.
Traceback (most recent call last):
  File "/home/matheye/lean-pl-fix/minimal_verification_pipeline.py", line 467, in <module>
    main()
  File "/home/matheye/lean-pl-fix/minimal_verification_pipeline.py", line 426, in main
    limit = int(sys.argv[3]) if len(sys.argv) > 3 else None
            ^^^^^^^^^^^^^^^^
ValueError: invalid literal for int() with base 10: 'minif2f_pipeline_solve.log'
