nohup: ignoring input
Build completed successfully.
File dataset/putnam/putnam_2010_a4.lean already exists. Skipping problem putnam_2010_a4 (pre-check).
File dataset/putnam/putnam_2020_b1.lean already exists. Skipping problem putnam_2020_b1 (pre-check).
File dataset/putnam/putnam_2011_a2.lean already exists. Skipping problem putnam_2011_a2 (pre-check).
File dataset/putnam/putnam_2021_b5.lean already exists. Skipping problem putnam_2021_b5 (pre-check).
File dataset/putnam/putnam_1965_b3.lean already exists. Skipping problem putnam_1965_b3 (pre-check).
File dataset/putnam/putnam_2021_b3.lean already exists. Skipping problem putnam_2021_b3 (pre-check).
File dataset/putnam/putnam_1967_a2.lean already exists. Skipping problem putnam_1967_a2 (pre-check).
File dataset/putnam/putnam_1992_a5.lean already exists. Skipping problem putnam_1992_a5 (pre-check).
File dataset/putnam/putnam_1991_a5.lean already exists. Skipping problem putnam_1991_a5 (pre-check).
File dataset/putnam/putnam_1969_b6.lean already exists. Skipping problem putnam_1969_b6 (pre-check).
File dataset/putnam/putnam_1997_b5.lean already exists. Skipping problem putnam_1997_b5 (pre-check).
File dataset/putnam/putnam_1976_a4.lean already exists. Skipping problem putnam_1976_a4 (pre-check).
File dataset/putnam/putnam_2019_a6.lean already exists. Skipping problem putnam_2019_a6 (pre-check).
File dataset/putnam/putnam_2004_b1.lean already exists. Skipping problem putnam_2004_b1 (pre-check).
File dataset/putnam/putnam_1976_b1.lean already exists. Skipping problem putnam_1976_b1 (pre-check).
File dataset/putnam/putnam_2023_a6.lean already exists. Skipping problem putnam_2023_a6 (pre-check).
File dataset/putnam/putnam_2005_b3.lean already exists. Skipping problem putnam_2005_b3 (pre-check).
File dataset/putnam/putnam_2014_a4.lean already exists. Skipping problem putnam_2014_a4 (pre-check).
File dataset/putnam/putnam_1973_a4.lean already exists. Skipping problem putnam_1973_a4 (pre-check).
File dataset/putnam/putnam_1995_b1.lean already exists. Skipping problem putnam_1995_b1 (pre-check).
File dataset/putnam/putnam_1965_b5.lean already exists. Skipping problem putnam_1965_b5 (pre-check).
File dataset/putnam/putnam_1968_a2.lean already exists. Skipping problem putnam_1968_a2 (pre-check).
File dataset/putnam/putnam_1992_b1.lean already exists. Skipping problem putnam_1992_b1 (pre-check).
File dataset/putnam/putnam_1975_b4.lean already exists. Skipping problem putnam_1975_b4 (pre-check).
File dataset/putnam/putnam_1993_b3.lean already exists. Skipping problem putnam_1993_b3 (pre-check).
File dataset/putnam/putnam_1989_a3.lean already exists. Skipping problem putnam_1989_a3 (pre-check).
File dataset/putnam/putnam_1987_a5.lean already exists. Skipping problem putnam_1987_a5 (pre-check).
File dataset/putnam/putnam_2016_b3.lean already exists. Skipping problem putnam_2016_b3 (pre-check).
File dataset/putnam/putnam_1963_b6.lean already exists. Skipping problem putnam_1963_b6 (pre-check).
File dataset/putnam/putnam_1965_b1.lean already exists. Skipping problem putnam_1965_b1 (pre-check).
File dataset/putnam/putnam_1997_b4.lean already exists. Skipping problem putnam_1997_b4 (pre-check).
File dataset/putnam/putnam_1977_b3.lean already exists. Skipping problem putnam_1977_b3 (pre-check).
File dataset/putnam/putnam_2011_a4.lean already exists. Skipping problem putnam_2011_a4 (pre-check).
File dataset/putnam/putnam_1976_b6.lean already exists. Skipping problem putnam_1976_b6 (pre-check).
File dataset/putnam/putnam_2009_a5.lean already exists. Skipping problem putnam_2009_a5 (pre-check).
File dataset/putnam/putnam_2021_a1.lean already exists. Skipping problem putnam_2021_a1 (pre-check).
File dataset/putnam/putnam_2007_b4.lean already exists. Skipping problem putnam_2007_b4 (pre-check).
File dataset/putnam/putnam_1995_a1.lean already exists. Skipping problem putnam_1995_a1 (pre-check).
File dataset/putnam/putnam_1975_b1.lean already exists. Skipping problem putnam_1975_b1 (pre-check).
File dataset/putnam/putnam_1979_a6.lean already exists. Skipping problem putnam_1979_a6 (pre-check).
File dataset/putnam/putnam_1979_a3.lean already exists. Skipping problem putnam_1979_a3 (pre-check).
File dataset/putnam/putnam_1972_b3.lean already exists. Skipping problem putnam_1972_b3 (pre-check).
File dataset/putnam/putnam_1996_a3.lean already exists. Skipping problem putnam_1996_a3 (pre-check).
File dataset/putnam/putnam_1965_b2.lean already exists. Skipping problem putnam_1965_b2 (pre-check).
File dataset/putnam/putnam_1969_a5.lean already exists. Skipping problem putnam_1969_a5 (pre-check).
File dataset/putnam/putnam_2016_b5.lean already exists. Skipping problem putnam_2016_b5 (pre-check).
File dataset/putnam/putnam_2005_b5.lean already exists. Skipping problem putnam_2005_b5 (pre-check).
File dataset/putnam/putnam_1989_a6.lean already exists. Skipping problem putnam_1989_a6 (pre-check).
File dataset/putnam/putnam_1966_a6.lean already exists. Skipping problem putnam_1966_a6 (pre-check).
File dataset/putnam/putnam_2004_a6.lean already exists. Skipping problem putnam_2004_a6 (pre-check).
File dataset/putnam/putnam_1980_a4.lean already exists. Skipping problem putnam_1980_a4 (pre-check).
File dataset/putnam/putnam_1983_b5.lean already exists. Skipping problem putnam_1983_b5 (pre-check).
File dataset/putnam/putnam_1978_b2.lean already exists. Skipping problem putnam_1978_b2 (pre-check).
File dataset/putnam/putnam_2003_a2.lean already exists. Skipping problem putnam_2003_a2 (pre-check).
File dataset/putnam/putnam_2017_b3.lean already exists. Skipping problem putnam_2017_b3 (pre-check).
File dataset/putnam/putnam_1979_b2.lean already exists. Skipping problem putnam_1979_b2 (pre-check).
File dataset/putnam/putnam_2023_b6.lean already exists. Skipping problem putnam_2023_b6 (pre-check).
File dataset/putnam/putnam_1990_b4.lean already exists. Skipping problem putnam_1990_b4 (pre-check).
File dataset/putnam/putnam_2001_a5.lean already exists. Skipping problem putnam_2001_a5 (pre-check).
File dataset/putnam/putnam_1990_b2.lean already exists. Skipping problem putnam_1990_b2 (pre-check).
File dataset/putnam/putnam_1970_b3.lean already exists. Skipping problem putnam_1970_b3 (pre-check).
File dataset/putnam/putnam_1988_a3.lean already exists. Skipping problem putnam_1988_a3 (pre-check).
File dataset/putnam/putnam_1969_a1.lean already exists. Skipping problem putnam_1969_a1 (pre-check).
File dataset/putnam/putnam_2011_b2.lean already exists. Skipping problem putnam_2011_b2 (pre-check).
File dataset/putnam/putnam_1986_a1.lean already exists. Skipping problem putnam_1986_a1 (pre-check).
File dataset/putnam/putnam_2013_b2.lean already exists. Skipping problem putnam_2013_b2 (pre-check).
File dataset/putnam/putnam_1976_b5.lean already exists. Skipping problem putnam_1976_b5 (pre-check).
File dataset/putnam/putnam_1998_b6.lean already exists. Skipping problem putnam_1998_b6 (pre-check).
File dataset/putnam/putnam_1965_a4.lean already exists. Skipping problem putnam_1965_a4 (pre-check).
File dataset/putnam/putnam_2001_b1.lean already exists. Skipping problem putnam_2001_b1 (pre-check).
File dataset/putnam/putnam_1978_b5.lean already exists. Skipping problem putnam_1978_b5 (pre-check).
File dataset/putnam/putnam_1992_a2.lean already exists. Skipping problem putnam_1992_a2 (pre-check).
File dataset/putnam/putnam_1996_b2.lean already exists. Skipping problem putnam_1996_b2 (pre-check).
File dataset/putnam/putnam_1990_b1.lean already exists. Skipping problem putnam_1990_b1 (pre-check).
File dataset/putnam/putnam_1966_a1.lean already exists. Skipping problem putnam_1966_a1 (pre-check).
File dataset/putnam/putnam_2012_b3.lean already exists. Skipping problem putnam_2012_b3 (pre-check).
File dataset/putnam/putnam_1971_b6.lean already exists. Skipping problem putnam_1971_b6 (pre-check).
File dataset/putnam/putnam_2010_a2.lean already exists. Skipping problem putnam_2010_a2 (pre-check).
File dataset/putnam/putnam_1987_b4.lean already exists. Skipping problem putnam_1987_b4 (pre-check).
File dataset/putnam/putnam_1974_a1.lean already exists. Skipping problem putnam_1974_a1 (pre-check).
File dataset/putnam/putnam_1992_b6.lean already exists. Skipping problem putnam_1992_b6 (pre-check).
File dataset/putnam/putnam_1975_b5.lean already exists. Skipping problem putnam_1975_b5 (pre-check).
File dataset/putnam/putnam_1971_b2.lean already exists. Skipping problem putnam_1971_b2 (pre-check).
File dataset/putnam/putnam_1980_b6.lean already exists. Skipping problem putnam_1980_b6 (pre-check).
File dataset/putnam/putnam_1993_a2.lean already exists. Skipping problem putnam_1993_a2 (pre-check).
File dataset/putnam/putnam_1963_a4.lean already exists. Skipping problem putnam_1963_a4 (pre-check).
File dataset/putnam/putnam_2008_a6.lean already exists. Skipping problem putnam_2008_a6 (pre-check).
File dataset/putnam/putnam_2007_a4.lean already exists. Skipping problem putnam_2007_a4 (pre-check).
File dataset/putnam/putnam_2017_a4.lean already exists. Skipping problem putnam_2017_a4 (pre-check).
File dataset/putnam/putnam_1984_b2.lean already exists. Skipping problem putnam_1984_b2 (pre-check).
File dataset/putnam/putnam_1982_b4.lean already exists. Skipping problem putnam_1982_b4 (pre-check).
File dataset/putnam/putnam_1997_a4.lean already exists. Skipping problem putnam_1997_a4 (pre-check).
File dataset/putnam/putnam_2005_a1.lean already exists. Skipping problem putnam_2005_a1 (pre-check).
File dataset/putnam/putnam_1969_b5.lean already exists. Skipping problem putnam_1969_b5 (pre-check).
File dataset/putnam/putnam_2010_b2.lean already exists. Skipping problem putnam_2010_b2 (pre-check).
File dataset/putnam/putnam_1993_a5.lean already exists. Skipping problem putnam_1993_a5 (pre-check).
File dataset/putnam/putnam_2022_a6.lean already exists. Skipping problem putnam_2022_a6 (pre-check).
File dataset/putnam/putnam_2013_a6.lean already exists. Skipping problem putnam_2013_a6 (pre-check).
File dataset/putnam/putnam_1984_a2.lean already exists. Skipping problem putnam_1984_a2 (pre-check).
File dataset/putnam/putnam_2007_b1.lean already exists. Skipping problem putnam_2007_b1 (pre-check).
File dataset/putnam/putnam_1965_a2.lean already exists. Skipping problem putnam_1965_a2 (pre-check).
File dataset/putnam/putnam_1965_b4.lean already exists. Skipping problem putnam_1965_b4 (pre-check).
File dataset/putnam/putnam_1993_b6.lean already exists. Skipping problem putnam_1993_b6 (pre-check).
File dataset/putnam/putnam_1988_b1.lean already exists. Skipping problem putnam_1988_b1 (pre-check).
File dataset/putnam/putnam_2009_b4.lean already exists. Skipping problem putnam_2009_b4 (pre-check).
File dataset/putnam/putnam_1994_b1.lean already exists. Skipping problem putnam_1994_b1 (pre-check).
File dataset/putnam/putnam_2023_a3.lean already exists. Skipping problem putnam_2023_a3 (pre-check).
File dataset/putnam/putnam_2006_b5.lean already exists. Skipping problem putnam_2006_b5 (pre-check).
File dataset/putnam/putnam_2015_b4.lean already exists. Skipping problem putnam_2015_b4 (pre-check).
File dataset/putnam/putnam_2006_a1.lean already exists. Skipping problem putnam_2006_a1 (pre-check).
File dataset/putnam/putnam_1965_a6.lean already exists. Skipping problem putnam_1965_a6 (pre-check).
File dataset/putnam/putnam_1992_b3.lean already exists. Skipping problem putnam_1992_b3 (pre-check).
File dataset/putnam/putnam_1962_b1.lean already exists. Skipping problem putnam_1962_b1 (pre-check).
File dataset/putnam/putnam_1979_b5.lean already exists. Skipping problem putnam_1979_b5 (pre-check).
File dataset/putnam/putnam_2016_a5.lean already exists. Skipping problem putnam_2016_a5 (pre-check).
File dataset/putnam/putnam_1984_b1.lean already exists. Skipping problem putnam_1984_b1 (pre-check).
File dataset/putnam/putnam_2008_b1.lean already exists. Skipping problem putnam_2008_b1 (pre-check).
File dataset/putnam/putnam_1999_a5.lean already exists. Skipping problem putnam_1999_a5 (pre-check).
File dataset/putnam/putnam_2011_b4.lean already exists. Skipping problem putnam_2011_b4 (pre-check).
File dataset/putnam/putnam_1983_a5.lean already exists. Skipping problem putnam_1983_a5 (pre-check).
File dataset/putnam/putnam_2006_b1.lean already exists. Skipping problem putnam_2006_b1 (pre-check).
File dataset/putnam/putnam_1981_a5.lean already exists. Skipping problem putnam_1981_a5 (pre-check).
File dataset/putnam/putnam_1991_a2.lean already exists. Skipping problem putnam_1991_a2 (pre-check).
File dataset/putnam/putnam_1995_b6.lean already exists. Skipping problem putnam_1995_b6 (pre-check).
File dataset/putnam/putnam_2005_a2.lean already exists. Skipping problem putnam_2005_a2 (pre-check).
File dataset/putnam/putnam_1999_b5.lean already exists. Skipping problem putnam_1999_b5 (pre-check).
File dataset/putnam/putnam_2011_b1.lean already exists. Skipping problem putnam_2011_b1 (pre-check).
File dataset/putnam/asserts.lean already exists. Skipping problem asserts (pre-check).
File dataset/putnam/putnam_1984_b3.lean already exists. Skipping problem putnam_1984_b3 (pre-check).
File dataset/putnam/putnam_1962_b3.lean already exists. Skipping problem putnam_1962_b3 (pre-check).
File dataset/putnam/putnam_1996_b3.lean already exists. Skipping problem putnam_1996_b3 (pre-check).
File dataset/putnam/putnam_1986_b1.lean already exists. Skipping problem putnam_1986_b1 (pre-check).
File dataset/putnam/putnam_1994_a4.lean already exists. Skipping problem putnam_1994_a4 (pre-check).
File dataset/putnam/putnam_2021_a2.lean already exists. Skipping problem putnam_2021_a2 (pre-check).
File dataset/putnam/putnam_2003_b2.lean already exists. Skipping problem putnam_2003_b2 (pre-check).
File dataset/putnam/putnam_1971_a4.lean already exists. Skipping problem putnam_1971_a4 (pre-check).
File dataset/putnam/putnam_1974_b6.lean already exists. Skipping problem putnam_1974_b6 (pre-check).
File dataset/putnam/putnam_2015_a3.lean already exists. Skipping problem putnam_2015_a3 (pre-check).
File dataset/putnam/putnam_1982_a2.lean already exists. Skipping problem putnam_1982_a2 (pre-check).
File dataset/putnam/putnam_1965_a5.lean already exists. Skipping problem putnam_1965_a5 (pre-check).
File dataset/putnam/putnam_1977_b5.lean already exists. Skipping problem putnam_1977_b5 (pre-check).
File dataset/putnam/putnam_2014_b3.lean already exists. Skipping problem putnam_2014_b3 (pre-check).
File dataset/putnam/putnam_1972_b2.lean already exists. Skipping problem putnam_1972_b2 (pre-check).
File dataset/putnam/putnam_1967_a3.lean already exists. Skipping problem putnam_1967_a3 (pre-check).
File dataset/putnam/putnam_1992_b5.lean already exists. Skipping problem putnam_1992_b5 (pre-check).
File dataset/putnam/putnam_2016_a3.lean already exists. Skipping problem putnam_2016_a3 (pre-check).
File dataset/putnam/putnam_1967_a6.lean already exists. Skipping problem putnam_1967_a6 (pre-check).
File dataset/putnam/putnam_2019_a5.lean already exists. Skipping problem putnam_2019_a5 (pre-check).
File dataset/putnam/putnam_1986_a4.lean already exists. Skipping problem putnam_1986_a4 (pre-check).
File dataset/putnam/putnam_2007_b2.lean already exists. Skipping problem putnam_2007_b2 (pre-check).
File dataset/putnam/putnam_2020_b4.lean already exists. Skipping problem putnam_2020_b4 (pre-check).
File dataset/putnam/putnam_1974_b5.lean already exists. Skipping problem putnam_1974_b5 (pre-check).
File dataset/putnam/putnam_1993_b4.lean already exists. Skipping problem putnam_1993_b4 (pre-check).
File dataset/putnam/putnam_1990_a5.lean already exists. Skipping problem putnam_1990_a5 (pre-check).
File dataset/putnam/putnam_2019_b3.lean already exists. Skipping problem putnam_2019_b3 (pre-check).
File dataset/putnam/putnam_2012_a6.lean already exists. Skipping problem putnam_2012_a6 (pre-check).
File dataset/putnam/putnam_1984_b5.lean already exists. Skipping problem putnam_1984_b5 (pre-check).
File dataset/putnam/putnam_1986_b3.lean already exists. Skipping problem putnam_1986_b3 (pre-check).
File dataset/putnam/putnam_2008_b6.lean already exists. Skipping problem putnam_2008_b6 (pre-check).
File dataset/putnam/putnam_1978_b3.lean already exists. Skipping problem putnam_1978_b3 (pre-check).
File dataset/putnam/putnam_2004_b4.lean already exists. Skipping problem putnam_2004_b4 (pre-check).
File dataset/putnam/putnam_1990_a6.lean already exists. Skipping problem putnam_1990_a6 (pre-check).
File dataset/putnam/putnam_1967_a5.lean already exists. Skipping problem putnam_1967_a5 (pre-check).
File dataset/putnam/putnam_2005_a4.lean already exists. Skipping problem putnam_2005_a4 (pre-check).
File dataset/putnam/putnam_1992_b4.lean already exists. Skipping problem putnam_1992_b4 (pre-check).
File dataset/putnam/putnam_1972_a2.lean already exists. Skipping problem putnam_1972_a2 (pre-check).
File dataset/putnam/putnam_2019_b4.lean already exists. Skipping problem putnam_2019_b4 (pre-check).
File dataset/putnam/putnam_1963_b5.lean already exists. Skipping problem putnam_1963_b5 (pre-check).
File dataset/putnam/putnam_2004_b5.lean already exists. Skipping problem putnam_2004_b5 (pre-check).
File dataset/putnam/putnam_1998_b4.lean already exists. Skipping problem putnam_1998_b4 (pre-check).
File dataset/putnam/putnam_2008_a1.lean already exists. Skipping problem putnam_2008_a1 (pre-check).
File dataset/putnam/putnam_2021_a3.lean already exists. Skipping problem putnam_2021_a3 (pre-check).
File dataset/putnam/putnam_1985_b2.lean already exists. Skipping problem putnam_1985_b2 (pre-check).
File dataset/putnam/putnam_1973_a2.lean already exists. Skipping problem putnam_1973_a2 (pre-check).
File dataset/putnam/putnam_1979_a1.lean already exists. Skipping problem putnam_1979_a1 (pre-check).
File dataset/putnam/putnam_2022_b2.lean already exists. Skipping problem putnam_2022_b2 (pre-check).
File dataset/putnam/putnam_1997_a3.lean already exists. Skipping problem putnam_1997_a3 (pre-check).
File dataset/putnam/putnam_1991_b5.lean already exists. Skipping problem putnam_1991_b5 (pre-check).
File dataset/putnam/putnam_1975_a4.lean already exists. Skipping problem putnam_1975_a4 (pre-check).
File dataset/putnam/putnam_1968_a3.lean already exists. Skipping problem putnam_1968_a3 (pre-check).
File dataset/putnam/putnam_1997_a5.lean already exists. Skipping problem putnam_1997_a5 (pre-check).
File dataset/putnam/putnam_1974_b1.lean already exists. Skipping problem putnam_1974_b1 (pre-check).
File dataset/putnam/putnam_1987_b1.lean already exists. Skipping problem putnam_1987_b1 (pre-check).
File dataset/putnam/putnam_2014_b4.lean already exists. Skipping problem putnam_2014_b4 (pre-check).
File dataset/putnam/putnam_1971_a5.lean already exists. Skipping problem putnam_1971_a5 (pre-check).
File dataset/putnam/putnam_1993_b1.lean already exists. Skipping problem putnam_1993_b1 (pre-check).
File dataset/putnam/putnam_2016_b4.lean already exists. Skipping problem putnam_2016_b4 (pre-check).
File dataset/putnam/putnam_1984_a6.lean already exists. Skipping problem putnam_1984_a6 (pre-check).
File dataset/putnam/putnam_1985_a6.lean already exists. Skipping problem putnam_1985_a6 (pre-check).
File dataset/putnam/putnam_2015_a5.lean already exists. Skipping problem putnam_2015_a5 (pre-check).
File dataset/putnam/putnam_2001_b3.lean already exists. Skipping problem putnam_2001_b3 (pre-check).
File dataset/putnam/putnam_1977_a4.lean already exists. Skipping problem putnam_1977_a4 (pre-check).
File dataset/putnam/putnam_1991_b2.lean already exists. Skipping problem putnam_1991_b2 (pre-check).
File dataset/putnam/putnam_2008_a4.lean already exists. Skipping problem putnam_2008_a4 (pre-check).
File dataset/putnam/putnam_2008_a3.lean already exists. Skipping problem putnam_2008_a3 (pre-check).
File dataset/putnam/putnam_2014_a2.lean already exists. Skipping problem putnam_2014_a2 (pre-check).
File dataset/putnam/putnam_1962_a3.lean already exists. Skipping problem putnam_1962_a3 (pre-check).
File dataset/putnam/putnam_2015_a2.lean already exists. Skipping problem putnam_2015_a2 (pre-check).
File dataset/putnam/putnam_2022_a5.lean already exists. Skipping problem putnam_2022_a5 (pre-check).
File dataset/putnam/putnam_2007_b6.lean already exists. Skipping problem putnam_2007_b6 (pre-check).
File dataset/putnam/putnam_1983_a1.lean already exists. Skipping problem putnam_1983_a1 (pre-check).
File dataset/putnam/putnam_2015_a1.lean already exists. Skipping problem putnam_2015_a1 (pre-check).
File dataset/putnam/putnam_1970_a1.lean already exists. Skipping problem putnam_1970_a1 (pre-check).
File dataset/putnam/putnam_2001_b2.lean already exists. Skipping problem putnam_2001_b2 (pre-check).
File dataset/putnam/putnam_1993_a1.lean already exists. Skipping problem putnam_1993_a1 (pre-check).
File dataset/putnam/putnam_1991_a4.lean already exists. Skipping problem putnam_1991_a4 (pre-check).
File dataset/putnam/putnam_1963_b1.lean already exists. Skipping problem putnam_1963_b1 (pre-check).
File dataset/putnam/putnam_1963_a6.lean already exists. Skipping problem putnam_1963_a6 (pre-check).
File dataset/putnam/putnam_1973_b2.lean already exists. Skipping problem putnam_1973_b2 (pre-check).
File dataset/putnam/putnam_1974_b2.lean already exists. Skipping problem putnam_1974_b2 (pre-check).
File dataset/putnam/putnam_1968_b5.lean already exists. Skipping problem putnam_1968_b5 (pre-check).
File dataset/putnam/putnam_2004_a5.lean already exists. Skipping problem putnam_2004_a5 (pre-check).
File dataset/putnam/putnam_1975_a3.lean already exists. Skipping problem putnam_1975_a3 (pre-check).
File dataset/putnam/putnam_1971_a2.lean already exists. Skipping problem putnam_1971_a2 (pre-check).
File dataset/putnam/putnam_2001_a1.lean already exists. Skipping problem putnam_2001_a1 (pre-check).
File dataset/putnam/putnam_1964_a2.lean already exists. Skipping problem putnam_1964_a2 (pre-check).
File dataset/putnam/putnam_1973_a1.lean already exists. Skipping problem putnam_1973_a1 (pre-check).
File dataset/putnam/putnam_1975_b3.lean already exists. Skipping problem putnam_1975_b3 (pre-check).
File dataset/putnam/putnam_1970_b5.lean already exists. Skipping problem putnam_1970_b5 (pre-check).
File dataset/putnam/putnam_1966_b3.lean already exists. Skipping problem putnam_1966_b3 (pre-check).
File dataset/putnam/putnam_2003_b1.lean already exists. Skipping problem putnam_2003_b1 (pre-check).
File dataset/putnam/putnam_1967_b5.lean already exists. Skipping problem putnam_1967_b5 (pre-check).
File dataset/putnam/putnam_1994_b3.lean already exists. Skipping problem putnam_1994_b3 (pre-check).
File dataset/putnam/putnam_2010_b1.lean already exists. Skipping problem putnam_2010_b1 (pre-check).
File dataset/putnam/putnam_2018_a2.lean already exists. Skipping problem putnam_2018_a2 (pre-check).
File dataset/putnam/putnam_1986_b2.lean already exists. Skipping problem putnam_1986_b2 (pre-check).
File dataset/putnam/putnam_1968_a5.lean already exists. Skipping problem putnam_1968_a5 (pre-check).
File dataset/putnam/putnam_1968_a1.lean already exists. Skipping problem putnam_1968_a1 (pre-check).
File dataset/putnam/putnam_2004_a4.lean already exists. Skipping problem putnam_2004_a4 (pre-check).
File dataset/putnam/putnam_1983_a4.lean already exists. Skipping problem putnam_1983_a4 (pre-check).
File dataset/putnam/putnam_2003_a3.lean already exists. Skipping problem putnam_2003_a3 (pre-check).
File dataset/putnam/putnam_2012_a3.lean already exists. Skipping problem putnam_2012_a3 (pre-check).
File dataset/putnam/putnam_2002_b3.lean already exists. Skipping problem putnam_2002_b3 (pre-check).
File dataset/putnam/putnam_2016_a2.lean already exists. Skipping problem putnam_2016_a2 (pre-check).
File dataset/putnam/putnam_1967_b2.lean already exists. Skipping problem putnam_1967_b2 (pre-check).
File dataset/putnam/putnam_2016_a1.lean already exists. Skipping problem putnam_2016_a1 (pre-check).
File dataset/putnam/putnam_1992_b2.lean already exists. Skipping problem putnam_1992_b2 (pre-check).
File dataset/putnam/putnam_2019_b2.lean already exists. Skipping problem putnam_2019_b2 (pre-check).
File dataset/putnam/putnam_2017_b4.lean already exists. Skipping problem putnam_2017_b4 (pre-check).
File dataset/putnam/putnam_1970_b1.lean already exists. Skipping problem putnam_1970_b1 (pre-check).
File dataset/putnam/putnam_2001_a3.lean already exists. Skipping problem putnam_2001_a3 (pre-check).
File dataset/putnam/putnam_1992_a3.lean already exists. Skipping problem putnam_1992_a3 (pre-check).
File dataset/putnam/putnam_1985_a1.lean already exists. Skipping problem putnam_1985_a1 (pre-check).
File dataset/putnam/putnam_1998_b2.lean already exists. Skipping problem putnam_1998_b2 (pre-check).
File dataset/putnam/putnam_2006_a4.lean already exists. Skipping problem putnam_2006_a4 (pre-check).
File dataset/putnam/putnam_1999_b2.lean already exists. Skipping problem putnam_1999_b2 (pre-check).
File dataset/putnam/putnam_1963_b3.lean already exists. Skipping problem putnam_1963_b3 (pre-check).
File dataset/putnam/putnam_1964_a3.lean already exists. Skipping problem putnam_1964_a3 (pre-check).
File dataset/putnam/putnam_1991_a6.lean already exists. Skipping problem putnam_1991_a6 (pre-check).
File dataset/putnam/putnam_1989_a1.lean already exists. Skipping problem putnam_1989_a1 (pre-check).
File dataset/putnam/putnam_1964_a6.lean already exists. Skipping problem putnam_1964_a6 (pre-check).
File dataset/putnam/putnam_1988_a5.lean already exists. Skipping problem putnam_1988_a5 (pre-check).
File dataset/putnam/putnam_2011_b5.lean already exists. Skipping problem putnam_2011_b5 (pre-check).
File dataset/putnam/putnam_1971_b3.lean already exists. Skipping problem putnam_1971_b3 (pre-check).
File dataset/putnam/putnam_1986_b4.lean already exists. Skipping problem putnam_1986_b4 (pre-check).
File dataset/putnam/putnam_2017_a3.lean already exists. Skipping problem putnam_2017_a3 (pre-check).
File dataset/putnam/putnam_1966_a5.lean already exists. Skipping problem putnam_1966_a5 (pre-check).
File dataset/putnam/putnam_1972_b5.lean already exists. Skipping problem putnam_1972_b5 (pre-check).
File dataset/putnam/putnam_1981_b1.lean already exists. Skipping problem putnam_1981_b1 (pre-check).
File dataset/putnam/putnam_1993_a3.lean already exists. Skipping problem putnam_1993_a3 (pre-check).
File dataset/putnam/putnam_2022_b3.lean already exists. Skipping problem putnam_2022_b3 (pre-check).
File dataset/putnam/putnam_2010_b5.lean already exists. Skipping problem putnam_2010_b5 (pre-check).
File dataset/putnam/putnam_2023_b5.lean already exists. Skipping problem putnam_2023_b5 (pre-check).
File dataset/putnam/putnam_1963_a3.lean already exists. Skipping problem putnam_1963_a3 (pre-check).
File dataset/putnam/putnam_1966_a4.lean already exists. Skipping problem putnam_1966_a4 (pre-check).
File dataset/putnam/putnam_1995_a4.lean already exists. Skipping problem putnam_1995_a4 (pre-check).
File dataset/putnam/putnam_1979_b3.lean already exists. Skipping problem putnam_1979_b3 (pre-check).
File dataset/putnam/putnam_1962_b5.lean already exists. Skipping problem putnam_1962_b5 (pre-check).
File dataset/putnam/putnam_2014_b2.lean already exists. Skipping problem putnam_2014_b2 (pre-check).
File dataset/putnam/putnam_1972_a1.lean already exists. Skipping problem putnam_1972_a1 (pre-check).
File dataset/putnam/putnam_1973_b4.lean already exists. Skipping problem putnam_1973_b4 (pre-check).
File dataset/putnam/putnam_1969_b3.lean already exists. Skipping problem putnam_1969_b3 (pre-check).
File dataset/putnam/putnam_1980_a5.lean already exists. Skipping problem putnam_1980_a5 (pre-check).
File dataset/putnam/putnam_1994_a3.lean already exists. Skipping problem putnam_1994_a3 (pre-check).
File dataset/putnam/putnam_1968_b2.lean already exists. Skipping problem putnam_1968_b2 (pre-check).
File dataset/putnam/putnam_1969_b2.lean already exists. Skipping problem putnam_1969_b2 (pre-check).
File dataset/putnam/putnam_1965_a1.lean already exists. Skipping problem putnam_1965_a1 (pre-check).
File dataset/putnam/putnam_1992_a1.lean already exists. Skipping problem putnam_1992_a1 (pre-check).
File dataset/putnam/putnam_2017_a1.lean already exists. Skipping problem putnam_2017_a1 (pre-check).
File dataset/putnam/putnam_1998_b1.lean already exists. Skipping problem putnam_1998_b1 (pre-check).
File dataset/putnam/putnam_2009_a1.lean already exists. Skipping problem putnam_2009_a1 (pre-check).
File dataset/putnam/putnam_2010_a1.lean already exists. Skipping problem putnam_2010_a1 (pre-check).
File dataset/putnam/putnam_1997_b3.lean already exists. Skipping problem putnam_1997_b3 (pre-check).
File dataset/putnam/putnam_2022_a1.lean already exists. Skipping problem putnam_2022_a1 (pre-check).
File dataset/putnam/putnam_2020_a3.lean already exists. Skipping problem putnam_2020_a3 (pre-check).
File dataset/putnam/putnam_2021_a6.lean already exists. Skipping problem putnam_2021_a6 (pre-check).
File dataset/putnam/putnam_1982_b3.lean already exists. Skipping problem putnam_1982_b3 (pre-check).
File dataset/putnam/putnam_2012_a2.lean already exists. Skipping problem putnam_2012_a2 (pre-check).
File dataset/putnam/putnam_2004_a1.lean already exists. Skipping problem putnam_2004_a1 (pre-check).
File dataset/putnam/putnam_1987_b3.lean already exists. Skipping problem putnam_1987_b3 (pre-check).
File dataset/putnam/putnam_2020_a6.lean already exists. Skipping problem putnam_2020_a6 (pre-check).
File dataset/putnam/putnam_2004_a3.lean already exists. Skipping problem putnam_2004_a3 (pre-check).
File dataset/putnam/putnam_1993_b5:.lean already exists. Skipping problem putnam_1993_b5: (pre-check).
File dataset/putnam/putnam_2007_a1.lean already exists. Skipping problem putnam_2007_a1 (pre-check).
File dataset/putnam/putnam_1995_b4.lean already exists. Skipping problem putnam_1995_b4 (pre-check).
File dataset/putnam/putnam_1990_a1.lean already exists. Skipping problem putnam_1990_a1 (pre-check).
File dataset/putnam/putnam_1971_b1.lean already exists. Skipping problem putnam_1971_b1 (pre-check).
File dataset/putnam/putnam_2009_b3.lean already exists. Skipping problem putnam_2009_b3 (pre-check).
File dataset/putnam/putnam_2018_a3.lean already exists. Skipping problem putnam_2018_a3 (pre-check).
File dataset/putnam/putnam_2023_a5.lean already exists. Skipping problem putnam_2023_a5 (pre-check).
File dataset/putnam/putnam_2000_a4.lean already exists. Skipping problem putnam_2000_a4 (pre-check).
File dataset/putnam/putnam_1989_a2.lean already exists. Skipping problem putnam_1989_a2 (pre-check).
File dataset/putnam/putnam_1988_b4.lean already exists. Skipping problem putnam_1988_b4 (pre-check).
File dataset/putnam/putnam_1994_b5.lean already exists. Skipping problem putnam_1994_b5 (pre-check).
File dataset/putnam/putnam_2016_b1.lean already exists. Skipping problem putnam_2016_b1 (pre-check).
File dataset/putnam/putnam_2014_b1.lean already exists. Skipping problem putnam_2014_b1 (pre-check).
File dataset/putnam/putnam_1985_a3.lean already exists. Skipping problem putnam_1985_a3 (pre-check).
File dataset/putnam/putnam_1983_b4.lean already exists. Skipping problem putnam_1983_b4 (pre-check).
File dataset/putnam/putnam_1988_b5.lean already exists. Skipping problem putnam_1988_b5 (pre-check).
File dataset/putnam/putnam_1986_b5.lean already exists. Skipping problem putnam_1986_b5 (pre-check).
File dataset/putnam/putnam_1980_b1.lean already exists. Skipping problem putnam_1980_b1 (pre-check).
File dataset/putnam/putnam_1967_a4.lean already exists. Skipping problem putnam_1967_a4 (pre-check).
File dataset/putnam/putnam_2009_a2.lean already exists. Skipping problem putnam_2009_a2 (pre-check).
File dataset/putnam/putnam_1978_a1.lean already exists. Skipping problem putnam_1978_a1 (pre-check).
File dataset/putnam/putnam_1987_a1.lean already exists. Skipping problem putnam_1987_a1 (pre-check).
File dataset/putnam/putnam_1979_a2.lean already exists. Skipping problem putnam_1979_a2 (pre-check).
File dataset/putnam/putnam_2005_b1.lean already exists. Skipping problem putnam_2005_b1 (pre-check).
File dataset/putnam/putnam_2012_b6.lean already exists. Skipping problem putnam_2012_b6 (pre-check).
File dataset/putnam/putnam_2023_b4.lean already exists. Skipping problem putnam_2023_b4 (pre-check).
File dataset/putnam/putnam_2005_a5.lean already exists. Skipping problem putnam_2005_a5 (pre-check).
File dataset/putnam/putnam_1977_a5.lean already exists. Skipping problem putnam_1977_a5 (pre-check).
File dataset/putnam/putnam_1999_a6.lean already exists. Skipping problem putnam_1999_a6 (pre-check).
File dataset/putnam/putnam_1974_b3.lean already exists. Skipping problem putnam_1974_b3 (pre-check).
File dataset/putnam/putnam_2023_b1.lean already exists. Skipping problem putnam_2023_b1 (pre-check).
File dataset/putnam/putnam_1986_a5.lean already exists. Skipping problem putnam_1986_a5 (pre-check).
File dataset/putnam/putnam_1985_b3.lean already exists. Skipping problem putnam_1985_b3 (pre-check).
File dataset/putnam/putnam_2013_b1.lean already exists. Skipping problem putnam_2013_b1 (pre-check).
File dataset/putnam/putnam_1998_a2.lean already exists. Skipping problem putnam_1998_a2 (pre-check).
File dataset/putnam/putnam_2015_b3.lean already exists. Skipping problem putnam_2015_b3 (pre-check).
File dataset/putnam/putnam_2018_a1.lean already exists. Skipping problem putnam_2018_a1 (pre-check).
File dataset/putnam/putnam_1987_a2.lean already exists. Skipping problem putnam_1987_a2 (pre-check).
File dataset/putnam/putnam_1977_a3.lean already exists. Skipping problem putnam_1977_a3 (pre-check).
File dataset/putnam/putnam_1962_a5.lean already exists. Skipping problem putnam_1962_a5 (pre-check).
File dataset/putnam/putnam_1983_b6.lean already exists. Skipping problem putnam_1983_b6 (pre-check).
File dataset/putnam/putnam_2001_b5.lean already exists. Skipping problem putnam_2001_b5 (pre-check).
File dataset/putnam/putnam_1962_b2.lean already exists. Skipping problem putnam_1962_b2 (pre-check).
File dataset/putnam/putnam_1980_a3.lean already exists. Skipping problem putnam_1980_a3 (pre-check).
File dataset/putnam/putnam_1990_b5.lean already exists. Skipping problem putnam_1990_b5 (pre-check).
File dataset/putnam/putnam_2014_a3.lean already exists. Skipping problem putnam_2014_a3 (pre-check).
File dataset/putnam/putnam_1977_a2.lean already exists. Skipping problem putnam_1977_a2 (pre-check).
File dataset/putnam/putnam_1985_a4.lean already exists. Skipping problem putnam_1985_a4 (pre-check).
File dataset/putnam/putnam_1995_a2.lean already exists. Skipping problem putnam_1995_a2 (pre-check).
File dataset/putnam/putnam_1984_a5.lean already exists. Skipping problem putnam_1984_a5 (pre-check).
File dataset/putnam/putnam_1985_b5.lean already exists. Skipping problem putnam_1985_b5 (pre-check).
File dataset/putnam/putnam_2007_a5.lean already exists. Skipping problem putnam_2007_a5 (pre-check).
File dataset/putnam/putnam_1975_a1.lean already exists. Skipping problem putnam_1975_a1 (pre-check).
File dataset/putnam/putnam_2013_b5.lean already exists. Skipping problem putnam_2013_b5 (pre-check).
File dataset/putnam/putnam_2023_b3.lean already exists. Skipping problem putnam_2023_b3 (pre-check).
File dataset/putnam/putnam_1973_a6.lean already exists. Skipping problem putnam_1973_a6 (pre-check).
File dataset/putnam/putnam_1986_a2.lean already exists. Skipping problem putnam_1986_a2 (pre-check).
File dataset/putnam/putnam_1962_a1.lean already exists. Skipping problem putnam_1962_a1 (pre-check).
File dataset/putnam/putnam_1970_b2.lean already exists. Skipping problem putnam_1970_b2 (pre-check).
File dataset/putnam/putnam_1985_a5.lean already exists. Skipping problem putnam_1985_a5 (pre-check).
File dataset/putnam/putnam_1991_b4.lean already exists. Skipping problem putnam_1991_b4 (pre-check).
File dataset/putnam/putnam_1981_b2.lean already exists. Skipping problem putnam_1981_b2 (pre-check).
File dataset/putnam/putnam_2018_b3.lean already exists. Skipping problem putnam_2018_b3 (pre-check).
File dataset/putnam/putnam_2004_b6.lean already exists. Skipping problem putnam_2004_b6 (pre-check).
File dataset/putnam/putnam_1973_a3.lean already exists. Skipping problem putnam_1973_a3 (pre-check).
File dataset/putnam/putnam_2003_b3.lean already exists. Skipping problem putnam_2003_b3 (pre-check).
File dataset/putnam/putnam_2021_a5.lean already exists. Skipping problem putnam_2021_a5 (pre-check).
File dataset/putnam/putnam_2020_a1.lean already exists. Skipping problem putnam_2020_a1 (pre-check).
File dataset/putnam/putnam_1978_a3.lean already exists. Skipping problem putnam_1978_a3 (pre-check).
File dataset/putnam/putnam_2005_b6.lean already exists. Skipping problem putnam_2005_b6 (pre-check).
File dataset/putnam/putnam_2016_b6.lean already exists. Skipping problem putnam_2016_b6 (pre-check).
File dataset/putnam/putnam_2013_a5.lean already exists. Skipping problem putnam_2013_a5 (pre-check).
File dataset/putnam/putnam_1962_a6.lean already exists. Skipping problem putnam_1962_a6 (pre-check).
File dataset/putnam/putnam_1969_a2.lean already exists. Skipping problem putnam_1969_a2 (pre-check).
File dataset/putnam/putnam_2018_b5.lean already exists. Skipping problem putnam_2018_b5 (pre-check).
File dataset/putnam/putnam_2018_b1.lean already exists. Skipping problem putnam_2018_b1 (pre-check).
File dataset/putnam/putnam_2011_a3.lean already exists. Skipping problem putnam_2011_a3 (pre-check).
File dataset/putnam/putnam_1962_a4.lean already exists. Skipping problem putnam_1962_a4 (pre-check).
File dataset/putnam/putnam_1972_a5.lean already exists. Skipping problem putnam_1972_a5 (pre-check).
File dataset/putnam/putnam_2003_b4.lean already exists. Skipping problem putnam_2003_b4 (pre-check).
File dataset/putnam/putnam_2019_a3.lean already exists. Skipping problem putnam_2019_a3 (pre-check).
File dataset/putnam/putnam_1989_b2.lean already exists. Skipping problem putnam_1989_b2 (pre-check).
File dataset/putnam/putnam_2020_b5.lean already exists. Skipping problem putnam_2020_b5 (pre-check).
File dataset/putnam/putnam_1964_b5.lean already exists. Skipping problem putnam_1964_b5 (pre-check).
File dataset/putnam/putnam_1999_a1.lean already exists. Skipping problem putnam_1999_a1 (pre-check).
File dataset/putnam/putnam_1976_b3.lean already exists. Skipping problem putnam_1976_b3 (pre-check).
File dataset/putnam/putnam_1994_a6.lean already exists. Skipping problem putnam_1994_a6 (pre-check).
File dataset/putnam/putnam_1969_a6.lean already exists. Skipping problem putnam_1969_a6 (pre-check).
File dataset/putnam/putnam_2013_b4.lean already exists. Skipping problem putnam_2013_b4 (pre-check).
File dataset/putnam/putnam_1971_a1.lean already exists. Skipping problem putnam_1971_a1 (pre-check).
File dataset/putnam/putnam_1974_a4.lean already exists. Skipping problem putnam_1974_a4 (pre-check).
Found 260 problems to process.
[ProverBenchWorker_0] Starting to process problem: putnam_2003_b6
[ProverBenchWorker_1] Starting to process problem: putnam_1981_a3
[ProverBenchWorker_2] Starting to process problem: putnam_2010_b3
[ProverBenchWorker_3] Starting to process problem: putnam_1982_b2
[ProverBenchWorker_4] Starting to process problem: putnam_1998_a6
[ProverBenchWorker_5] Starting to process problem: putnam_1966_a2
[ProverBenchWorker_6] Starting to process problem: putnam_1972_b6
[ProverBenchWorker_7] Starting to process problem: putnam_2015_b1
[ProverBenchWorker_8] Starting to process problem: putnam_2022_b5
[ProverBenchWorker_9] Starting to process problem: putnam_1994_a1
[ProverBenchWorker_10] Starting to process problem: putnam_1983_b2
[ProverBenchWorker_11] Starting to process problem: putnam_2018_a4
[ProverBenchWorker_12] Starting to process problem: putnam_2018_b2
[ProverBenchWorker_13] Starting to process problem: putnam_1978_b6
[ProverBenchWorker_14] Starting to process problem: putnam_1991_a3
[ProverBenchWorker_15] Starting to process problem: putnam_1964_b1
[ProverBenchWorker_16] Starting to process problem: putnam_1980_b4
[ProverBenchWorker_17] Starting to process problem: putnam_2013_b3
[ProverBenchWorker_18] Starting to process problem: putnam_1966_b2
[ProverBenchWorker_19] Starting to process problem: putnam_1989_b6
[ProverBenchWorker_20] Starting to process problem: putnam_2013_a2
[ProverBenchWorker_21] Starting to process problem: putnam_1989_b3
[ProverBenchWorker_22] Starting to process problem: putnam_2002_a6
[ProverBenchWorker_23] Starting to process problem: putnam_1981_b3
[ProverBenchWorker_24] Starting to process problem: putnam_2016_a6
[ProverBenchWorker_25] Starting to process problem: putnam_1977_a6
[ProverBenchWorker_26] Starting to process problem: putnam_1968_a6
[ProverBenchWorker_27] Starting to process problem: putnam_1996_b5
[ProverBenchWorker_28] Starting to process problem: putnam_1977_b6
[ProverBenchWorker_29] Starting to process problem: putnam_1980_b3
[ProverBenchWorker_30] Starting to process problem: putnam_1980_a6
[ProverBenchWorker_31] Starting to process problem: putnam_2009_b1
[ProverBenchWorker_32] Starting to process problem: putnam_2009_b2
[ProverBenchWorker_33] Starting to process problem: putnam_1990_a2
[ProverBenchWorker_34] Starting to process problem: putnam_2006_b6
[ProverBenchWorker_35] Starting to process problem: putnam_1973_b3
[ProverBenchWorker_36] Starting to process problem: putnam_1978_a4
[ProverBenchWorker_37] Starting to process problem: putnam_2011_a5
[ProverBenchWorker_38] Starting to process problem: putnam_1964_a1
[ProverBenchWorker_39] Starting to process problem: putnam_1975_b6
[ProverBenchWorker_40] Starting to process problem: putnam_1970_b4
[ProverBenchWorker_41] Starting to process problem: putnam_1997_b2
[ProverBenchWorker_42] Starting to process problem: putnam_2001_b6
[ProverBenchWorker_43] Starting to process problem: putnam_2002_a5
[ProverBenchWorker_45] Starting to process problem: putnam_2007_a3
[ProverBenchWorker_46] Starting to process problem: putnam_1976_a6
[ProverBenchWorker_44] Starting to process problem: putnam_1998_a3
[ProverBenchWorker_47] Starting to process problem: putnam_1971_a6
[ProverBenchWorker_48] Starting to process problem: putnam_2022_a2
[ProverBenchWorker_49] Starting to process problem: putnam_2002_a3
[ProverBenchWorker_28] Warning: Start tag '```lean4' not found for problem putnam_1977_b6.
[ProverBenchWorker_28] Starting to process problem: putnam_2009_a4
[Main] Task for problem 'putnam_1977_b6' completed. Result: Failed (Parsing - no start tag): putnam_1977_b6
[ProverBenchWorker_34] Starting to process problem: putnam_2015_b2
[Main] Task for problem 'putnam_2006_b6' completed. Result: Success: putnam_2006_b6
[ProverBenchWorker_43] Starting to process problem: putnam_1994_a5
[Main] Task for problem 'putnam_2002_a5' completed. Result: Success: putnam_2002_a5
[ProverBenchWorker_45] Starting to process problem: putnam_1982_a3
[Main] Task for problem 'putnam_2007_a3' completed. Result: Success: putnam_2007_a3
[ProverBenchWorker_7] Starting to process problem: putnam_1979_b6
[Main] Task for problem 'putnam_2015_b1' completed. Result: Success: putnam_2015_b1
[ProverBenchWorker_5] Starting to process problem: putnam_1994_b6
[Main] Task for problem 'putnam_1966_a2' completed. Result: Success: putnam_1966_a2
[ProverBenchWorker_45] Starting to process problem: putnam_1967_b4
[Main] Task for problem 'putnam_1982_a3' completed. Result: Success: putnam_1982_a3
[ProverBenchWorker_21] JSONDecodeError for problem putnam_1989_b3 (attempt 1/3): Expecting value: line 1745 column 1 (char 9592)
[ProverBenchWorker_21] Retrying putnam_1989_b3 in 2s...
[ProverBenchWorker_22] JSONDecodeError for problem putnam_2002_a6 (attempt 1/3): Expecting value: line 2021 column 1 (char 11110)
[ProverBenchWorker_22] Retrying putnam_2002_a6 in 2s...
[ProverBenchWorker_38] JSONDecodeError for problem putnam_1964_a1 (attempt 1/3): Expecting value: line 2039 column 1 (char 11209)
[ProverBenchWorker_38] Retrying putnam_1964_a1 in 2s...
[ProverBenchWorker_14] JSONDecodeError for problem putnam_1991_a3 (attempt 1/3): Expecting value: line 2037 column 1 (char 11198)
[ProverBenchWorker_14] Retrying putnam_1991_a3 in 2s...
[ProverBenchWorker_42] JSONDecodeError for problem putnam_2001_b6 (attempt 1/3): Expecting value: line 2127 column 1 (char 11693)
[ProverBenchWorker_42] Retrying putnam_2001_b6 in 2s...
[ProverBenchWorker_44] JSONDecodeError for problem putnam_1998_a3 (attempt 1/3): Expecting value: line 2367 column 1 (char 13013)
[ProverBenchWorker_44] Retrying putnam_1998_a3 in 2s...
[ProverBenchWorker_41] JSONDecodeError for problem putnam_1997_b2 (attempt 1/3): Expecting value: line 2367 column 1 (char 13013)
[ProverBenchWorker_41] Retrying putnam_1997_b2 in 2s...
[ProverBenchWorker_6] JSONDecodeError for problem putnam_1972_b6 (attempt 1/3): Expecting value: line 2369 column 1 (char 13024)
[ProverBenchWorker_6] Retrying putnam_1972_b6 in 2s...
[ProverBenchWorker_34] JSONDecodeError for problem putnam_2015_b2 (attempt 1/3): Expecting value: line 1591 column 1 (char 8745)
[ProverBenchWorker_34] Retrying putnam_2015_b2 in 2s...
[ProverBenchWorker_47] Starting to process problem: putnam_1999_a3
[Main] Task for problem 'putnam_1971_a6' completed. Result: Success: putnam_1971_a6
[ProverBenchWorker_48] JSONDecodeError for problem putnam_2022_a2 (attempt 1/3): Expecting value: line 2481 column 1 (char 13640)
[ProverBenchWorker_48] Retrying putnam_2022_a2 in 2s...
[ProverBenchWorker_49] JSONDecodeError for problem putnam_2002_a3 (attempt 1/3): Expecting value: line 2531 column 1 (char 13915)
[ProverBenchWorker_49] Retrying putnam_2002_a3 in 2s...
[ProverBenchWorker_20] JSONDecodeError for problem putnam_2013_a2 (attempt 1/3): Expecting value: line 2531 column 1 (char 13915)
[ProverBenchWorker_20] Retrying putnam_2013_a2 in 2s...
[ProverBenchWorker_26] JSONDecodeError for problem putnam_1968_a6 (attempt 1/3): Expecting value: line 2579 column 1 (char 14179)
[ProverBenchWorker_26] Retrying putnam_1968_a6 in 2s...
[ProverBenchWorker_32] JSONDecodeError for problem putnam_2009_b2 (attempt 1/3): Expecting value: line 2623 column 1 (char 14421)
[ProverBenchWorker_32] Retrying putnam_2009_b2 in 2s...
[ProverBenchWorker_11] JSONDecodeError for problem putnam_2018_a4 (attempt 1/3): Expecting value: line 2855 column 1 (char 15697)
[ProverBenchWorker_11] Retrying putnam_2018_a4 in 2s...
[ProverBenchWorker_12] JSONDecodeError for problem putnam_2018_b2 (attempt 1/3): Expecting value: line 2863 column 1 (char 15741)
[ProverBenchWorker_12] Retrying putnam_2018_b2 in 2s...
[ProverBenchWorker_33] Starting to process problem: putnam_2019_a1
[Main] Task for problem 'putnam_1990_a2' completed. Result: Success: putnam_1990_a2
[ProverBenchWorker_39] Warning: Start tag '```lean4' not found for problem putnam_1975_b6.
[Main] Task for problem 'putnam_1975_b6' completed. Result: Failed (Parsing - no start tag): putnam_1975_b6
[ProverBenchWorker_39] Starting to process problem: putnam_1974_a6
[ProverBenchWorker_13] Warning: End tag '```' not found appropriately after start tag for problem putnam_1978_b6.
[ProverBenchWorker_13] Starting to process problem: putnam_1999_b3
[Main] Task for problem 'putnam_1978_b6' completed. Result: Failed (Parsing - end tag issue): putnam_1978_b6
[ProverBenchWorker_23] Warning: Start tag '```lean4' not found for problem putnam_1981_b3.
[ProverBenchWorker_23] Starting to process problem: putnam_2009_a3
[Main] Task for problem 'putnam_1981_b3' completed. Result: Failed (Parsing - no start tag): putnam_1981_b3
[ProverBenchWorker_1] Warning: Start tag '```lean4' not found for problem putnam_1981_a3.
[ProverBenchWorker_1] Starting to process problem: putnam_2003_a4
[Main] Task for problem 'putnam_1981_a3' completed. Result: Failed (Parsing - no start tag): putnam_1981_a3
[ProverBenchWorker_0] Starting to process problem: putnam_2021_b4
[Main] Task for problem 'putnam_2003_b6' completed. Result: Success: putnam_2003_b6
[ProverBenchWorker_29] Warning: Start tag '```lean4' not found for problem putnam_1980_b3.
[Main] Task for problem 'putnam_1980_b3' completed. Result: Failed (Parsing - no start tag): putnam_1980_b3
[ProverBenchWorker_29] Starting to process problem: putnam_2007_a2
[ProverBenchWorker_17] Warning: Start tag '```lean4' not found for problem putnam_2013_b3.
[ProverBenchWorker_17] Starting to process problem: putnam_1996_b4
[Main] Task for problem 'putnam_2013_b3' completed. Result: Failed (Parsing - no start tag): putnam_2013_b3
[ProverBenchWorker_3] Warning: Start tag '```lean4' not found for problem putnam_1982_b2.
[ProverBenchWorker_3] Starting to process problem: putnam_1976_a3
[Main] Task for problem 'putnam_1982_b2' completed. Result: Failed (Parsing - no start tag): putnam_1982_b2
[ProverBenchWorker_36] Warning: Start tag '```lean4' not found for problem putnam_1978_a4.
[Main] Task for problem 'putnam_1978_a4' completed. Result: Failed (Parsing - no start tag): putnam_1978_a4
[ProverBenchWorker_36] Starting to process problem: putnam_2006_b2
[ProverBenchWorker_16] Warning: Start tag '```lean4' not found for problem putnam_1980_b4.
[ProverBenchWorker_16] Starting to process problem: putnam_1980_a2
[Main] Task for problem 'putnam_1980_b4' completed. Result: Failed (Parsing - no start tag): putnam_1980_b4
[ProverBenchWorker_35] Warning: Start tag '```lean4' not found for problem putnam_1973_b3.
[ProverBenchWorker_35] Starting to process problem: putnam_2003_a5
[Main] Task for problem 'putnam_1973_b3' completed. Result: Failed (Parsing - no start tag): putnam_1973_b3
[ProverBenchWorker_8] Warning: Start tag '```lean4' not found for problem putnam_2022_b5.
[ProverBenchWorker_8] Starting to process problem: putnam_1969_a4[Main] Task for problem 'putnam_2022_b5' completed. Result: Failed (Parsing - no start tag): putnam_2022_b5

[ProverBenchWorker_10] Warning: Start tag '```lean4' not found for problem putnam_1983_b2.
[ProverBenchWorker_10] Starting to process problem: putnam_2003_b5
[Main] Task for problem 'putnam_1983_b2' completed. Result: Failed (Parsing - no start tag): putnam_1983_b2
[ProverBenchWorker_4] Warning: Start tag '```lean4' not found for problem putnam_1998_a6.
[Main] Task for problem 'putnam_1998_a6' completed. Result: Failed (Parsing - no start tag): putnam_1998_a6
[ProverBenchWorker_4] Starting to process problem: putnam_2007_b5
[ProverBenchWorker_25] Warning: Start tag '```lean4' not found for problem putnam_1977_a6.
[ProverBenchWorker_25] Starting to process problem: putnam_1999_b6
[Main] Task for problem 'putnam_1977_a6' completed. Result: Failed (Parsing - no start tag): putnam_1977_a6
[ProverBenchWorker_30] Warning: Start tag '```lean4' not found for problem putnam_1980_a6.
[Main] Task for problem 'putnam_1980_a6' completed. Result: Failed (Parsing - no start tag): putnam_1980_a6
[ProverBenchWorker_30] Starting to process problem: putnam_2012_a5
[ProverBenchWorker_46] Warning: Start tag '```lean4' not found for problem putnam_1976_a6.
[Main] Task for problem 'putnam_1976_a6' completed. Result: Failed (Parsing - no start tag): putnam_1976_a6
[ProverBenchWorker_46] Starting to process problem: putnam_1971_a3
[ProverBenchWorker_19] Warning: Start tag '```lean4' not found for problem putnam_1989_b6.
[Main] Task for problem 'putnam_1989_b6' completed. Result: Failed (Parsing - no start tag): putnam_1989_b6
[ProverBenchWorker_19] Starting to process problem: putnam_1998_a4
[ProverBenchWorker_31] Warning: Start tag '```lean4' not found for problem putnam_2009_b1.
[ProverBenchWorker_31] Starting to process problem: putnam_1990_b3
[Main] Task for problem 'putnam_2009_b1' completed. Result: Failed (Parsing - no start tag): putnam_2009_b1
[ProverBenchWorker_24] Warning: Start tag '```lean4' not found for problem putnam_2016_a6.
[Main] Task for problem 'putnam_2016_a6' completed. Result: Failed (Parsing - no start tag): putnam_2016_a6
[ProverBenchWorker_24] Starting to process problem: putnam_1962_a2
[ProverBenchWorker_15] Warning: End tag '```' not found appropriately after start tag for problem putnam_1964_b1.
[ProverBenchWorker_15] Starting to process problem: putnam_2004_b2
[Main] Task for problem 'putnam_1964_b1' completed. Result: Failed (Parsing - end tag issue): putnam_1964_b1
[ProverBenchWorker_27] Warning: Start tag '```lean4' not found for problem putnam_1996_b5.
[Main] Task for problem 'putnam_1996_b5' completed. Result: Failed (Parsing - no start tag): putnam_1996_b5
[ProverBenchWorker_27] Starting to process problem: putnam_2002_a2
[ProverBenchWorker_9] JSONDecodeError for problem putnam_1994_a1 (attempt 1/3): Expecting value: line 3181 column 1 (char 17490)
[ProverBenchWorker_9] Retrying putnam_1994_a1 in 2s...
[ProverBenchWorker_38] Starting to process problem: putnam_1992_a4
[Main] Task for problem 'putnam_1964_a1' completed. Result: Success: putnam_1964_a1
[ProverBenchWorker_27] Warning: Start tag '```lean4' not found for problem putnam_2002_a2.
[Main] Task for problem 'putnam_2002_a2' completed. Result: Failed (Parsing - no start tag): putnam_2002_a2
[ProverBenchWorker_27] Starting to process problem: putnam_1982_a5
[ProverBenchWorker_43] Starting to process problem: putnam_1970_a2
[Main] Task for problem 'putnam_1994_a5' completed. Result: Success: putnam_1994_a5
[ProverBenchWorker_21] Starting to process problem: putnam_1989_b4
[Main] Task for problem 'putnam_1989_b3' completed. Result: Success: putnam_1989_b3
[ProverBenchWorker_14] Warning: Start tag '```lean4' not found for problem putnam_1991_a3.
[Main] Task for problem 'putnam_1991_a3' completed. Result: Failed (Parsing - no start tag): putnam_1991_a3
[ProverBenchWorker_14] Starting to process problem: putnam_1964_a5
[ProverBenchWorker_28] Warning: Start tag '```lean4' not found for problem putnam_2009_a4.
[Main] Task for problem 'putnam_2009_a4' completed. Result: Failed (Parsing - no start tag): putnam_2009_a4
[ProverBenchWorker_28] Starting to process problem: putnam_2012_a4
[ProverBenchWorker_33] Starting to process problem: putnam_1963_a2
[Main] Task for problem 'putnam_2019_a1' completed. Result: Success: putnam_2019_a1
[ProverBenchWorker_42] Warning: Start tag '```lean4' not found for problem putnam_2001_b6.
[Main] Task for problem 'putnam_2001_b6' completed. Result: Failed (Parsing - no start tag): putnam_2001_b6
[ProverBenchWorker_42] Starting to process problem: putnam_2015_a4
[ProverBenchWorker_18] JSONDecodeError for problem putnam_1966_b2 (attempt 1/3): Expecting value: line 4303 column 1 (char 23661)
[ProverBenchWorker_18] Retrying putnam_1966_b2 in 2s...
[ProverBenchWorker_5] JSONDecodeError for problem putnam_1994_b6 (attempt 1/3): Expecting value: line 2745 column 1 (char 15092)
[ProverBenchWorker_5] Retrying putnam_1994_b6 in 2s...
[ProverBenchWorker_30] JSONDecodeError for problem putnam_2012_a5 (attempt 1/3): Expecting value: line 1301 column 1 (char 7150)
[ProverBenchWorker_30] Retrying putnam_2012_a5 in 2s...
[ProverBenchWorker_27] Starting to process problem: putnam_2010_b4
[Main] Task for problem 'putnam_1982_a5' completed. Result: Success: putnam_1982_a5
[ProverBenchWorker_17] Starting to process problem: putnam_1995_a6
[Main] Task for problem 'putnam_1996_b4' completed. Result: Success: putnam_1996_b4
[ProverBenchWorker_40] JSONDecodeError for problem putnam_1970_b4 (attempt 1/3): Expecting value: line 4541 column 1 (char 24970)
[ProverBenchWorker_40] Retrying putnam_1970_b4 in 2s...
[ProverBenchWorker_32] Starting to process problem: putnam_1996_a6
[Main] Task for problem 'putnam_2009_b2' completed. Result: Success: putnam_2009_b2
[ProverBenchWorker_2] JSONDecodeError for problem putnam_2010_b3 (attempt 1/3): Expecting value: line 4551 column 1 (char 25025)
[ProverBenchWorker_2] Retrying putnam_2010_b3 in 2s...
[ProverBenchWorker_49] Starting to process problem: putnam_1974_b4
[Main] Task for problem 'putnam_2002_a3' completed. Result: Success: putnam_2002_a3
[ProverBenchWorker_41] Warning: End tag '```' not found appropriately after start tag for problem putnam_1997_b2.
[Main] Task for problem 'putnam_1997_b2' completed. Result: Failed (Parsing - end tag issue): putnam_1997_b2
[ProverBenchWorker_41] Starting to process problem: putnam_1966_b5
[ProverBenchWorker_34] Warning: Start tag '```lean4' not found for problem putnam_2015_b2.
[Main] Task for problem 'putnam_2015_b2' completed. Result: Failed (Parsing - no start tag): putnam_2015_b2
[ProverBenchWorker_34] Starting to process problem: putnam_2005_b2
[ProverBenchWorker_6] Warning: Start tag '```lean4' not found for problem putnam_1972_b6.
[ProverBenchWorker_6] Starting to process problem: putnam_1975_b2
[Main] Task for problem 'putnam_1972_b6' completed. Result: Failed (Parsing - no start tag): putnam_1972_b6
[ProverBenchWorker_37] Starting to process problem: putnam_1987_b6
[Main] Task for problem 'putnam_2011_a5' completed. Result: Success: putnam_2011_a5
[ProverBenchWorker_45] Warning: End tag '```' not found appropriately after start tag for problem putnam_1967_b4.
[Main] Task for problem 'putnam_1967_b4' completed. Result: Failed (Parsing - end tag issue): putnam_1967_b4
[ProverBenchWorker_45] Starting to process problem: putnam_2011_a6
[ProverBenchWorker_47] JSONDecodeError for problem putnam_1999_a3 (attempt 1/3): Expecting value: line 2567 column 1 (char 14113)
[ProverBenchWorker_47] Retrying putnam_1999_a3 in 2s...
[ProverBenchWorker_38] Starting to process problem: putnam_2000_b1
[Main] Task for problem 'putnam_1992_a4' completed. Result: Success: putnam_1992_a4
[ProverBenchWorker_48] Warning: Start tag '```lean4' not found for problem putnam_2022_a2.
[Main] Task for problem 'putnam_2022_a2' completed. Result: Failed (Parsing - no start tag): putnam_2022_a2
[ProverBenchWorker_48] Starting to process problem: putnam_2019_b6
[ProverBenchWorker_9] Starting to process problem: putnam_1978_a5
[Main] Task for problem 'putnam_1994_a1' completed. Result: Success: putnam_1994_a1
[ProverBenchWorker_20] Warning: Start tag '```lean4' not found for problem putnam_2013_a2.