2025-04-21 03:31:17 - INFO - Log file initialized at 2025-04-21T03:31:17.588715
2025-04-21 03:31:17 - INFO - ===== LOG FILE LOCATION =====
2025-04-21 03:31:17 - INFO - Detailed log file created at: ./minif2f/lean_fixed/109.log
2025-04-21 03:31:17 - INFO - ===============================
2025-04-21 03:31:17 - INFO - Original code:
2025-04-21 03:31:17 - INFO - ----------------------------------------
2025-04-21 03:31:17 - INFO - import Mathlib
import Aesop

set_option maxHeartbeats 0

open BigOperators Real Nat Topology Rat

/-- Let $P(n)$ and $S(n)$ denote the product and the sum, respectively, of the digits
of the integer $n$. For example, $P(23) = 6$ and $S(23) = 5$. Suppose $N$ is a
two-digit number such that $N = P(N)+S(N)$. What is the units digit of $N$?

$\text{(A)}\ 2\qquad \text{(B)}\ 3\qquad \text{(C)}\ 6\qquad \text{(D)}\ 8\qquad \text{(E)}\ 9$ Show that it is (\text{E})9.-/
theorem amc12_2001_p2 (a b n : ℕ) (h₀ : 1 ≤ a ∧ a ≤ 9) (h₁ : 0 ≤ b ∧ b ≤ 9) (h₂ : n = 10 * a + b)
  (h₃ : n = a * b + a + b) : b = 9 := by
  -- First, substitute the expression for n from h₂ into the equation h₃
  rw [h₂] at h₃
  -- Now we have: 10 * a + b = a * b + a + b
  -- Simplify the equation by subtracting b from both sides
  simp at h₃
  -- Equation becomes: 10 * a = a * b + a
  -- Factor out a on the right side: 10 * a = a * (b + 1)
  rw [mul_add] at h₃
  simp at h₃
  -- Since a is between 1 and 9 (from h₀), we can divide both sides by a
  have h₄ : a ≠ 0 := by linarith [h₀.1]
  -- Division gives us: 10 = b + 1
  rw [← mul_right_inj' h₄] at h₃
  simp at h₃
  -- Now we have b + 1 = 10
  -- Subtract 1 from both sides to solve for b
  rw [add_left_inj] at h₃
  -- Final equation: b = 9
  exact h₃
2025-04-21 03:31:17 - INFO - ----------------------------------------
2025-04-21 03:31:17 - INFO - 
Checking original code for errors (using header mode)...
2025-04-21 03:31:21 - INFO - Original code contains 1 errors:
2025-04-21 03:31:21 - INFO - Error 1: line 22, type: rewrite_failed, message: tactic 'rewrite' failed, did not find instance of the pattern in the target expression
  ?a * (?b + ...
2025-04-21 03:31:21 - INFO - 
Starting multi-error continuous repair process...
2025-04-21 03:31:21 - INFO - 
===== Starting iterative error fixing =====
2025-04-21 03:31:21 - INFO - Found 1 initial errors.
2025-04-21 03:31:21 - INFO - 
--- Starting Fix Pass 1 ---
2025-04-21 03:31:21 - INFO - Errors remaining at start of pass 1: 1
2025-04-21 03:31:21 - DEBUG - [Decompose Debug] Received line_content: 'rw [mul_add] at h₃'
2025-04-21 03:31:21 - DEBUG - [Decompose Debug] Condition not met: theorems=1, locations=1
2025-04-21 03:31:21 - INFO - Attempting synthesis for error at line 22 (rewrite_failed)...
2025-04-21 03:31:21 - INFO - Using default spec file: semantic/lean.tyrell
2025-04-21 03:31:21 - INFO - Using spec file: semantic/lean.tyrell
2025-04-21 03:31:21 - DEBUG - === New errors detail ===
2025-04-21 03:31:21 - DEBUG - New Error 1: line 22, type: rewrite_failed, message: tactic 'rewrite' failed, did not find instance of the pattern in the target expression
  ?a * ?b * ?c
a b n : ℕ
h₀ : 1 ≤ a ∧ a ≤ 9
h₁ : 0 ≤ b ∧ b ≤ 9
h₂ : n = 10 * a + b
h₃ : 10 * a = a * b + a
⊢ b = 9
2025-04-21 03:31:21 - DEBUG - === New errors detail ===
2025-04-21 03:31:21 - DEBUG - New Error 1: line 22, type: rewrite_failed, message: tactic 'rewrite' failed, did not find instance of the pattern in the target expression
  ?a * ?b * ?c
a b n : ℕ
h₀ : 1 ≤ a ∧ a ≤ 9
h₁ : 0 ≤ b ∧ b ≤ 9
h₂ : n = 10 * a + b
h₃ : 10 * a = a * b + a
⊢ b = 9
2025-04-21 03:31:22 - DEBUG - === New errors detail ===
2025-04-21 03:31:22 - DEBUG - New Error 1: line 22, type: rewrite_failed, message: tactic 'rewrite' failed, did not find instance of the pattern in the target expression
  ?a * (?b * ?c)
a b n : ℕ
h₀ : 1 ≤ a ∧ a ≤ 9
h₁ : 0 ≤ b ∧ b ≤ 9
h₂ : n = 10 * a + b
h₃ : 10 * a = a * b + a
⊢ b = 9
2025-04-21 03:31:22 - DEBUG - === New errors detail ===
2025-04-21 03:31:22 - DEBUG - New Error 1: line 22, type: rewrite_failed, message: tactic 'rewrite' failed, did not find instance of the pattern in the target expression
  ?a * (?b * ?c)
a b n : ℕ
h₀ : 1 ≤ a ∧ a ≤ 9
h₁ : 0 ≤ b ∧ b ≤ 9
h₂ : n = 10 * a + b
h₃ : 10 * a = a * b + a
⊢ b = 9
2025-04-21 03:31:22 - DEBUG - === New errors detail ===
2025-04-21 03:31:22 - DEBUG - New Error 1: line 22, type: simp_failed, message: simp made no progress
2025-04-21 03:31:22 - DEBUG - === New errors detail ===
2025-04-21 03:31:22 - DEBUG - New Error 1: line 22, type: simp_failed, message: simp made no progress
2025-04-21 03:31:22 - DEBUG - === New errors detail ===
2025-04-21 03:31:22 - DEBUG - New Error 1: line 22, type: simp_failed, message: simp made no progress
2025-04-21 03:31:22 - DEBUG - === New errors detail ===
2025-04-21 03:31:22 - DEBUG - New Error 1: line 22, type: simp_failed, message: simp made no progress
2025-04-21 03:31:22 - DEBUG - === New errors detail ===
2025-04-21 03:31:22 - DEBUG - New Error 1: line 23, type: simp_failed, message: simp made no progress
2025-04-21 03:31:22 - DEBUG - === New errors detail ===
2025-04-21 03:31:22 - DEBUG - New Error 1: line 23, type: rewrite_failed, message: tactic 'rewrite' failed, did not find instance of the pattern in the target expression
  ?a * (?b + ?c)
a b n : ℕ
h₀ : 1 ≤ a ∧ a ≤ 9
h₁ : 0 ≤ b ∧ b ≤ 9
h₂ : n = 10 * a + b
h₃ : 10 * a = a * b + a
⊢ b = 9
2025-04-21 03:31:22 - DEBUG - === New errors detail ===
2025-04-21 03:31:22 - DEBUG - New Error 1: line 23, type: simp_failed, message: simp made no progress
2025-04-21 03:31:23 - DEBUG - === New errors detail ===
2025-04-21 03:31:23 - DEBUG - New Error 1: line 23, type: rewrite_failed, message: tactic 'rewrite' failed, did not find instance of the pattern in the target expression
  ?a * (?b + ?c)
a b n : ℕ
h₀ : 1 ≤ a ∧ a ≤ 9
h₁ : 0 ≤ b ∧ b ≤ 9
h₂ : n = 10 * a + b
h₃ : 10 * a = a * b + a
⊢ b = 9
2025-04-21 03:31:23 - DEBUG - === New errors detail ===
2025-04-21 03:31:23 - DEBUG - New Error 1: line 23, type: simp_failed, message: simp made no progress
2025-04-21 03:31:23 - DEBUG - === New errors detail ===
2025-04-21 03:31:23 - DEBUG - New Error 1: line 23, type: rewrite_failed, message: tactic 'rewrite' failed, did not find instance of the pattern in the target expression
  ?a * (?b + ?c)
a b n : ℕ
h₀ : 1 ≤ a ∧ a ≤ 9
h₁ : 0 ≤ b ∧ b ≤ 9
h₂ : n = 10 * a + b
h₃ : 10 * a = a * b + a
⊢ b = 9
2025-04-21 03:31:23 - DEBUG - === New errors detail ===
2025-04-21 03:31:23 - DEBUG - New Error 1: line 22, type: other_error, message: omega could not prove the goal:
a possible counterexample may satisfy the constraints
  d ≥ 0
  1 ≤ c ≤ 9
  c ≥ 0
  -8 ≤ 10*c - d ≤ 0
where
 c := ↑a
 d := ↑n
2025-04-21 03:31:23 - DEBUG - === New errors detail ===
2025-04-21 03:31:23 - DEBUG - New Error 1: line 22, type: other_error, message: omega could not prove the goal:
a possible counterexample may satisfy the constraints
  d ≥ 0
  1 ≤ c ≤ 9
  c ≥ 0
  -8 ≤ 10*c - d ≤ 0
where
 c := ↑a
 d := ↑n
2025-04-21 03:31:23 - DEBUG - === New errors detail ===
2025-04-21 03:31:23 - DEBUG - New Error 1: line 22, type: linarith_failed, message: linarith failed to find a contradiction
case h1.h
a b n : ℕ
h₀ : 1 ≤ a ∧ a ≤ 9
h₁ : 0 ≤ b ∧ b ≤ 9
h₂ : n = 10 * a + b
h₃ : 10 * a = a * b + a
a✝ : b < 9
⊢ False failed
2025-04-21 03:31:24 - DEBUG - === New errors detail ===
2025-04-21 03:31:24 - DEBUG - New Error 1: line 22, type: linarith_failed, message: linarith failed to find a contradiction
case h1.h
a b n : ℕ
h₀ : 1 ≤ a ∧ a ≤ 9
h₁ : 0 ≤ b ∧ b ≤ 9
h₂ : n = 10 * a + b
h₃ : 10 * a = a * b + a
a✝ : b < 9
⊢ False failed
2025-04-21 03:31:25 - DEBUG - === New errors detail ===
2025-04-21 03:31:25 - DEBUG - New Error 1: line 23, type: no_goals_to_solve, message: no goals to be solved
2025-04-21 03:31:26 - DEBUG - === New errors detail ===
2025-04-21 03:31:26 - DEBUG - New Error 1: line 23, type: no_goals_to_solve, message: no goals to be solved
2025-04-21 03:31:26 - DEBUG - === New errors detail ===
2025-04-21 03:31:26 - DEBUG - New Error 1: line 23, type: simp_failed, message: simp made no progress
2025-04-21 03:31:26 - DEBUG - === New errors detail ===
2025-04-21 03:31:26 - DEBUG - New Error 1: line 23, type: rewrite_failed, message: tactic 'rewrite' failed, did not find instance of the pattern in the target expression
  ?a * (?b + ?c)
a b n : ℕ
h₀ : 1 ≤ a ∧ a ≤ 9
h₁ : 0 ≤ b ∧ b ≤ 9
h₂ : n = 10 * a + b
h₃ : 10 * a = a * b + a
⊢ b = 9
2025-04-21 03:31:26 - DEBUG - === New errors detail ===
2025-04-21 03:31:26 - DEBUG - New Error 1: line 22, type: rewrite_failed, message: tactic 'rewrite' failed, did not find instance of the pattern in the target expression
  ?a * (?b + ?c)
a b n : ℕ
h₀ : 1 ≤ a ∧ a ≤ 9
h₁ : 0 ≤ b ∧ b ≤ 9
h₂ : n = 10 * a + b
h₃ : 10 * a = a * b + a
⊢ b = 9
2025-04-21 03:31:26 - DEBUG - === New errors detail ===
2025-04-21 03:31:26 - DEBUG - New Error 1: line 22, type: rewrite_failed, message: tactic 'rewrite' failed, did not find instance of the pattern in the target expression
  ?a * (?b + ?c)
a b n : ℕ
h₀ : 1 ≤ a ∧ a ≤ 9
h₁ : 0 ≤ b ∧ b ≤ 9
h₂ : n = 10 * a + b
h₃ : 10 * a = a * b + a
⊢ b = 9
2025-04-21 03:31:26 - DEBUG - === New errors detail ===
2025-04-21 03:31:26 - DEBUG - New Error 1: line 22, type: rewrite_failed, message: tactic 'rewrite' failed, did not find instance of the pattern in the target expression
  ?a * (?b + ?c)
a b n : ℕ
h₀ : 1 ≤ a ∧ a ≤ 9
h₁ : 0 ≤ b ∧ b ≤ 9
h₂ : n = 10 * a + b
h₃ : 10 * a = a * b + a
⊢ b = 9
2025-04-21 03:31:27 - DEBUG - === New errors detail ===
2025-04-21 03:31:27 - DEBUG - New Error 1: line 22, type: rewrite_failed, message: tactic 'rewrite' failed, did not find instance of the pattern in the target expression
  ?a * (?b + ?c)
a b n : ℕ
h₀ : 1 ≤ a ∧ a ≤ 9
h₁ : 0 ≤ b ∧ b ≤ 9
h₂ : n = 10 * a + b
h₃ : 10 * a = a * b + a
⊢ b = 9
2025-04-21 03:31:27 - DEBUG - === New errors detail ===
2025-04-21 03:31:27 - DEBUG - New Error 1: line 22, type: unfold_failed, message: tactic 'unfold' failed to unfold 'mul_add' at
  b = 9
2025-04-21 03:31:27 - DEBUG - === New errors detail ===
2025-04-21 03:31:27 - DEBUG - New Error 1: line 22, type: unfold_failed, message: tactic 'unfold' failed to unfold 'mul_add' at
  b = 9
2025-04-21 03:31:27 - INFO - Fix attempt for line 22 finished in 5.77s. Success: False. Message: Synthesis failed: No solution found by synthesizer.
2025-04-21 03:31:27 - INFO - ❌ Failed to synthesize fix for error at line 22 (rewrite_failed) after 5.77s. Message: Synthesis failed: No solution found by synthesizer.
2025-04-21 03:31:27 - INFO - No changes made in pass 1. Stopping iterative fixing.
2025-04-21 03:31:27 - INFO - 
===== Iterative fixing complete =====
2025-04-21 03:31:27 - INFO - === Fix Summary ===
Original errors: 1
Decompositions applied: 0
Successful syntheses: 0
Persistent failed syntheses (line: reason): 1
  - Line 22: Synthesis failed: No solution found by synthesizer....
Remaining errors: 1

Remaining Errors:
  - Line 22: rewrite_failed - tactic 'rewrite' failed, did not find instance of the pattern in the target expression   ?a * (?b + ...

Overall Fix Rate (Errors Fixed / Original Errors): 0.0000
Total time: 5.94 seconds
2025-04-21 03:31:27 - INFO - 
Final fixed code:
2025-04-21 03:31:27 - INFO - ----------------------------------------
2025-04-21 03:31:27 - INFO - /-- Let $P(n)$ and $S(n)$ denote the product and the sum, respectively, of the digits
of the integer $n$. For example, $P(23) = 6$ and $S(23) = 5$. Suppose $N$ is a
two-digit number such that $N = P(N)+S(N)$. What is the units digit of $N$?

$\text{(A)}\ 2\qquad \text{(B)}\ 3\qquad \text{(C)}\ 6\qquad \text{(D)}\ 8\qquad \text{(E)}\ 9$ Show that it is (\text{E})9.-/
theorem amc12_2001_p2 (a b n : ℕ) (h₀ : 1 ≤ a ∧ a ≤ 9) (h₁ : 0 ≤ b ∧ b ≤ 9) (h₂ : n = 10 * a + b)
  (h₃ : n = a * b + a + b) : b = 9 := by
  -- First, substitute the expression for n from h₂ into the equation h₃
  rw [h₂] at h₃
  -- Now we have: 10 * a + b = a * b + a + b
  -- Simplify the equation by subtracting b from both sides
  simp at h₃
  -- Equation becomes: 10 * a = a * b + a
  -- Factor out a on the right side: 10 * a = a * (b + 1)
  rw [mul_add] at h₃
  simp at h₃
  -- Since a is between 1 and 9 (from h₀), we can divide both sides by a
  have h₄ : a ≠ 0 := by linarith [h₀.1]
  -- Division gives us: 10 = b + 1
  rw [← mul_right_inj' h₄] at h₃
  simp at h₃
  -- Now we have b + 1 = 10
  -- Subtract 1 from both sides to solve for b
  rw [add_left_inj] at h₃
  -- Final equation: b = 9
  exact h₃
2025-04-21 03:31:27 - INFO - ----------------------------------------
2025-04-21 03:31:27 - INFO - 
Detailed error repair report:
2025-04-21 03:31:27 - INFO - === Fix Summary ===
Original errors: 1
Decompositions applied: 0
Successful syntheses: 0
Persistent failed syntheses (line: reason): 1
  - Line 22: Synthesis failed: No solution found by synthesizer....
Remaining errors: 1

Remaining Errors:
  - Line 22: rewrite_failed - tactic 'rewrite' failed, did not find instance of the pattern in the target expression   ?a * (?b + ...

Overall Fix Rate (Errors Fixed / Original Errors): 0.0000
Total time: 5.94 seconds
2025-04-21 03:31:27 - INFO - 
Fixed code saved to: ./minif2f/lean_fixed/109_fixed.lean
2025-04-21 03:31:27 - INFO - JSON log saved to: ./minif2f/lean_fixed/109_fix_log.json
2025-04-21 03:31:27 - INFO - 
===== LOG FILE LOCATION =====
2025-04-21 03:31:27 - INFO - Detailed log file is available at: ./minif2f/lean_fixed/109.log
2025-04-21 03:31:27 - INFO - ===============================
