2025-04-11 02:58:57 - INFO - Log file initialized at 2025-04-11T02:58:57.564650
2025-04-11 02:58:57 - INFO - ===== LOG FILE LOCATION =====
2025-04-11 02:58:57 - INFO - Detailed log file created at: /data/coding/minif2f/lean_fixed/3.log
2025-04-11 02:58:57 - INFO - ===============================
2025-04-11 02:58:57 - INFO - Original code:
2025-04-11 02:58:57 - INFO - ----------------------------------------
2025-04-11 02:58:57 - INFO - import Mathlib
import Aesop

set_option maxHeartbeats 0

open BigOperators Real Nat Topology Rat

/-- 
What is the volume of a cube whose surface area is twice that of a cube with volume 1? 

$\mathrm{(A)}\ \sqrt{2}\qquad\mathrm{(B)}\ 2\qquad\mathrm{(C)}\ 2\sqrt{2}\qquad\mathrm{(D)}\ 4\qquad\mathrm{(E)}\ 8$ 
Show that it is \mathrm{(C)}.

Proof outline:
1. Let y be the side length of the original cube (volume = 1)
2. Compute y from the volume equation y³ = 1
3. Compute the surface area of original cube: 6y²
4. The new cube has surface area twice this: 2*(6y²) = 12y²
5. Let x be the side length of the new cube
6. Set up equation for new cube's surface area: 6x² = 12y²
7. Solve for x in terms of y
8. Compute volume of new cube: x³
9. Show this equals 2√2
-/
theorem amc12a_2008_p8 (x y : ℝ) (h₀ : 0 < x ∧ 0 < y) (h₁ : y ^ 3 = 1)
  (h₂ : 6 * x ^ 2 = 2 * (6 * y ^ 2)) : x ^ 3 = 2 * Real.sqrt 2 := by
  -- First, simplify the surface area equation h₂ by dividing both sides by 6
  have h₃ : x ^ 2 = 2 * y ^ 2 := by
    rw [mul_assoc, mul_comm] at h₂  -- Rewrite RHS to 2*6*y²
    rw [mul_right_inj' (by norm_num : 6 ≠ 0)] at h₂  -- Divide both sides by 6
    exact h₂
  
  -- From the volume of the original cube (y³ = 1), we get y = 1
  have h₄ : y = 1 := by
    exact (eq_one_of_pow_eq_one (by linarith [h₀.2]) (by norm_num) h₁).symm
  
  -- Substitute y = 1 into the simplified equation x² = 2y²
  have h₅ : x ^ 2 = 2 := by
    rw [h₄, pow_two, mul_one] at h₃
    exact h₃
  
  -- Since x > 0, we can take square root of both sides to get x = √2
  have h₆ : x = Real.sqrt 2 := by
    exact (sqrt_eq_iff_sq_eq (by linarith [h₀.1]) (by linarith)).mpr h₅
  
  -- Now compute x³ = (√2)³ = (√2)² * √2 = 2 * √2
  rw [h₆, ← pow_three_sqrt_two]
  
  -- Helper lemma to show (√2)³ = 2 * √2
  have pow_three_sqrt_two : (Real.sqrt 2) ^ 3 = 2 * Real.sqrt 2 := by
    rw [pow_succ, pow_two, Real.mul_self_sqrt (by norm_num)]
    ring
  
  -- Apply the helper lemma to complete the proof
  exact pow_three_sqrt_two
2025-04-11 02:58:57 - INFO - ----------------------------------------
2025-04-11 02:58:57 - INFO - 
Checking original code for all errors...
2025-04-11 02:59:01 - INFO - Original code contains 6 errors:
2025-04-11 02:59:01 - INFO - Error 1: line 22, type: rewrite_failed, message: tactic 'rewrite' failed, did not find instance of the pattern in the target expression
  ?a * ?b * ?...
2025-04-11 02:59:01 - INFO - Error 2: line 28, type: unknown_identifier, message: unknown identifier 'eq_one_of_pow_eq_one'...
2025-04-11 02:59:01 - INFO - Error 3: line 32, type: rewrite_failed, message: tactic 'rewrite' failed, did not find instance of the pattern in the target expression
  ?a * 1
x y ...
2025-04-11 02:59:01 - INFO - Error 4: line 37, type: type_mismatch, message: type mismatch
  (sqrt_eq_iff_sq_eq
        (le_of_not_gt fun a =>
          Linarith.lt_irrefl
     ...
2025-04-11 02:59:01 - INFO - Error 5: line 40, type: unknown_identifier, message: unknown identifier 'pow_three_sqrt_two'...
2025-04-11 02:59:01 - INFO - Error 6: line 40, type: rewrite_failed, message: tactic 'rewrite' failed, equality or iff proof expected
  ?m.4524
x y : ℝ
h₀ : 0 < x ∧ 0 < y
h₁ : y ...
2025-04-11 02:59:01 - INFO - 
Starting multi-error continuous repair process...
2025-04-11 02:59:01 - INFO - 
===== Starting to fix all errors =====
2025-04-11 02:59:01 - INFO - 
Found 6 original errors:
2025-04-11 02:59:01 - INFO - Error 1: line 22, type: rewrite_failed, message: tactic 'rewrite' failed, did not find instance of the pattern in the target expression
  ?a * ?b * ?...
2025-04-11 02:59:01 - INFO - Error 2: line 28, type: unknown_identifier, message: unknown identifier 'eq_one_of_pow_eq_one'...
2025-04-11 02:59:01 - INFO - Error 3: line 32, type: rewrite_failed, message: tactic 'rewrite' failed, did not find instance of the pattern in the target expression
  ?a * 1
x y ...
2025-04-11 02:59:01 - INFO - Error 4: line 37, type: type_mismatch, message: type mismatch
  (sqrt_eq_iff_sq_eq
        (le_of_not_gt fun a =>
          Linarith.lt_irrefl
     ...
2025-04-11 02:59:01 - INFO - Error 5: line 40, type: unknown_identifier, message: unknown identifier 'pow_three_sqrt_two'...
2025-04-11 02:59:01 - INFO - Error 6: line 40, type: rewrite_failed, message: tactic 'rewrite' failed, equality or iff proof expected
  ?m.4524
x y : ℝ
h₀ : 0 < x ∧ 0 < y
h₁ : y ...
2025-04-11 02:59:01 - INFO - 
Trying to fix error 1/6: line 22, type: rewrite_failed
2025-04-11 02:59:01 - INFO - Error message: tactic 'rewrite' failed, did not find instance of the pattern in the target expression
  ?a * ?b * ?...
2025-04-11 02:59:01 - INFO - Removed header content, remaining 48 lines of code
2025-04-11 02:59:01 - INFO - Using specified target error line: 22
2025-04-11 02:59:01 - INFO - Found error at specified line: tactic 'rewrite' failed, did not find instance of the pattern in the target expression
  ?a * ?b * ?c
x y : ℝ
h₀ : 0 < x ∧ 0 < y
h₁ : y ^ 3 = 1
h₂ : 6 * x ^ 2 = 2 * (6 * y ^ 2)
⊢ x ^ 2 = 2 * y ^ 2
2025-04-11 02:59:01 - INFO - Error at line 22: tactic 'rewrite' failed, did not find instance of the pattern in the target expression
  ?a * ?b * ?c
x y : ℝ
h₀ : 0 < x ∧ 0 < y
h₁ : y ^ 3 = 1
h₂ : 6 * x ^ 2 = 2 * (6 * y ^ 2)
⊢ x ^ 2 = 2 * y ^ 2
2025-04-11 02:59:01 - INFO - 
==================================================
2025-04-11 02:59:01 - INFO - Code prepared, starting synthesis
2025-04-11 02:59:01 - INFO - Before part: /-- 
What is the volume of a cube whose surface area is twice that of a cube with volume 1? 

$\mathrm{(A)}\ \sqrt{2}\qquad\mathrm{(B)}\ 2\qquad\mathrm{(C)}\ 2\sqrt{2}\qquad\mathrm{(D)}\ 4\qquad\mathrm{(E)}\ 8$ 
Show that it is \mathrm{(C)}.

Proof outline:
1. Let y be the side length of the original cube (volume = 1)
2. Compute y from the volume equation y³ = 1
3. Compute the surface area of original cube: 6y²
4. The new cube has surface area twice this: 2*(6y²) = 12y²
5. Let x be the side length of the new cube
6. Set up equation for new cube's surface area: 6x² = 12y²
7. Solve for x in terms of y
8. Compute volume of new cube: x³
9. Show this equals 2√2
-/
theorem amc12a_2008_p8 (x y : ℝ) (h₀ : 0 < x ∧ 0 < y) (h₁ : y ^ 3 = 1)
  (h₂ : 6 * x ^ 2 = 2 * (6 * y ^ 2)) : x ^ 3 = 2 * Real.sqrt 2 := by
  -- First, simplify the surface area equation h₂ by dividing both sides by 6
  have h₃ : x ^ 2 = 2 * y ^ 2 := by
2025-04-11 02:59:01 - INFO - Error line:     rw [mul_assoc, mul_comm] at h₂  -- Rewrite RHS to 2*6*y²
2025-04-11 02:59:01 - INFO - After part: rw [mul_right_inj' (by norm_num : 6 ≠ 0)] at h₂  -- Divide both sides by 6
    exact h₂
  
  -- From the volume of the original cube (y³ = 1), we get y = 1
  have h₄ : y = 1 := by
    exact (eq_one_of_pow_eq_one (by linarith [h₀.2]) (by norm_num) h₁).symm
  
  -- Substitute y = 1 into the simplified equation x² = 2y²
  have h₅ : x ^ 2 = 2 := by
    rw [h₄, pow_two, mul_one] at h₃
    exact h₃
  
  -- Since x > 0, we can take square root of both sides to get x = √2
  have h₆ : x = Real.sqrt 2 := by
    exact (sqrt_eq_iff_sq_eq (by linarith [h₀.1]) (by linarith)).mpr h₅
  
  -- Now compute x³ = (√2)³ = (√2)² * √2 = 2 * √2
  rw [h₆, ← pow_three_sqrt_two]
  
  -- Helper lemma to show (√2)³ = 2 * √2
  have pow_three_sqrt_two : (Real.sqrt 2) ^ 3 = 2 * Real.sqrt 2 := by
    rw [pow_succ, pow_two, Real.mul_self_sqrt (by norm_num)]
    ring
  
  -- Apply the helper lemma to complete the proof
  exact pow_three_sqrt_two
2025-04-11 02:59:01 - INFO - ==================================================

2025-04-11 02:59:01 - INFO - Testing fragment: rw [justaplaceholder]
2025-04-11 02:59:01 - INFO - Original error line:     rw [mul_assoc, mul_comm] at h₂  -- Rewrite RHS to 2*6*y²
2025-04-11 02:59:02 - INFO - Testing fix: Original errors: 6, Fixed errors: 7
2025-04-11 02:59:02 - INFO - Result: False (introduced 2 new errors)
2025-04-11 02:59:02 - DEBUG - === New errors detail ===
2025-04-11 02:59:02 - DEBUG - New Error 1: line 22, type: unknown_identifier, message: unknown identifier 'justaplaceholder'
2025-04-11 02:59:02 - DEBUG - New Error 2: line 22, type: rewrite_failed, message: tactic 'rewrite' failed, equality or iff proof expected
  ?m.2062
x y : ℝ
h₀ : 0 < x ∧ 0 < y
h₁ : y ^ 3 = 1
h₂ : 6 * x ^ 2 = 2 * (6 * y ^ 2)
⊢ x ^ 2 = 2 * y ^ 2
2025-04-11 02:59:02 - INFO - Testing fragment: rw [<- justaplaceholder]
2025-04-11 02:59:02 - INFO - Original error line:     rw [mul_assoc, mul_comm] at h₂  -- Rewrite RHS to 2*6*y²
2025-04-11 02:59:02 - INFO - Testing fix: Original errors: 6, Fixed errors: 7
2025-04-11 02:59:02 - INFO - Result: False (introduced 2 new errors)
2025-04-11 02:59:02 - DEBUG - === New errors detail ===
2025-04-11 02:59:02 - DEBUG - New Error 1: line 22, type: unknown_identifier, message: unknown identifier 'justaplaceholder'
2025-04-11 02:59:02 - DEBUG - New Error 2: line 22, type: rewrite_failed, message: tactic 'rewrite' failed, equality or iff proof expected
  ?m.2062
x y : ℝ
h₀ : 0 < x ∧ 0 < y
h₁ : y ^ 3 = 1
h₂ : 6 * x ^ 2 = 2 * (6 * y ^ 2)
⊢ x ^ 2 = 2 * y ^ 2
2025-04-11 02:59:02 - INFO - Testing fragment: simp
2025-04-11 02:59:02 - INFO - Original error line:     rw [mul_assoc, mul_comm] at h₂  -- Rewrite RHS to 2*6*y²
2025-04-11 02:59:03 - INFO - Testing fix: Original errors: 6, Fixed errors: 6
2025-04-11 02:59:03 - INFO - Result: False (introduced 1 new errors)
2025-04-11 02:59:03 - DEBUG - === New errors detail ===
2025-04-11 02:59:03 - DEBUG - New Error 1: line 22, type: simp_failed, message: simp made no progress
2025-04-11 02:59:03 - INFO - Testing fragment: field_simp
2025-04-11 02:59:03 - INFO - Original error line:     rw [mul_assoc, mul_comm] at h₂  -- Rewrite RHS to 2*6*y²
2025-04-11 02:59:03 - INFO - Testing fix: Original errors: 6, Fixed errors: 6
2025-04-11 02:59:03 - INFO - Result: False (introduced 1 new errors)
2025-04-11 02:59:03 - DEBUG - === New errors detail ===
2025-04-11 02:59:03 - DEBUG - New Error 1: line 22, type: simp_failed, message: simp made no progress
2025-04-11 02:59:03 - INFO - Testing fragment: norm_num
2025-04-11 02:59:03 - INFO - Original error line:     rw [mul_assoc, mul_comm] at h₂  -- Rewrite RHS to 2*6*y²
2025-04-11 02:59:03 - INFO - Testing fix: Original errors: 6, Fixed errors: 6
2025-04-11 02:59:03 - INFO - Result: False (introduced 1 new errors)
2025-04-11 02:59:03 - DEBUG - === New errors detail ===
2025-04-11 02:59:03 - DEBUG - New Error 1: line 23, type: rewrite_failed, message: tactic 'rewrite' failed, did not find instance of the pattern in the target expression
  6 * ?m.2724 = 6 * ?m.2725
x y : ℝ
h₀ : 0 < x ∧ 0 < y
h₁ : y ^ 3 = 1
h₂ : 6 * x ^ 2 = 2 * (6 * y ^ 2)
⊢ x ^ 2 = 2 * y ^ 2
2025-04-11 02:59:03 - INFO - Testing fragment: ring
2025-04-11 02:59:03 - INFO - Original error line:     rw [mul_assoc, mul_comm] at h₂  -- Rewrite RHS to 2*6*y²
2025-04-11 02:59:04 - INFO - Testing fix: Original errors: 6, Fixed errors: 7
2025-04-11 02:59:04 - INFO - Result: False (introduced 2 new errors)
2025-04-11 02:59:04 - DEBUG - === New errors detail ===
2025-04-11 02:59:04 - DEBUG - New Error 1: line 22, type: ring_failed, message: Try this: ring_nf
2025-04-11 02:59:04 - DEBUG - New Error 2: line 23, type: rewrite_failed, message: tactic 'rewrite' failed, did not find instance of the pattern in the target expression
  6 * ?m.3463 = 6 * ?m.3464
x y : ℝ
h₀ : 0 < x ∧ 0 < y
h₁ : y ^ 3 = 1
h₂ : 6 * x ^ 2 = 2 * (6 * y ^ 2)
⊢ x ^ 2 = y ^ 2 * 2
2025-04-11 02:59:04 - INFO - Testing fragment: ring_nf
2025-04-11 02:59:04 - INFO - Original error line:     rw [mul_assoc, mul_comm] at h₂  -- Rewrite RHS to 2*6*y²
2025-04-11 02:59:04 - INFO - Testing fix: Original errors: 6, Fixed errors: 6
2025-04-11 02:59:04 - INFO - Result: False (introduced 1 new errors)
2025-04-11 02:59:04 - DEBUG - === New errors detail ===
2025-04-11 02:59:04 - DEBUG - New Error 1: line 23, type: rewrite_failed, message: tactic 'rewrite' failed, did not find instance of the pattern in the target expression
  6 * ?m.3255 = 6 * ?m.3256
x y : ℝ
h₀ : 0 < x ∧ 0 < y
h₁ : y ^ 3 = 1
h₂ : 6 * x ^ 2 = 2 * (6 * y ^ 2)
⊢ x ^ 2 = y ^ 2 * 2
2025-04-11 02:59:04 - INFO - Testing fragment: omega
2025-04-11 02:59:04 - INFO - Original error line:     rw [mul_assoc, mul_comm] at h₂  -- Rewrite RHS to 2*6*y²
2025-04-11 02:59:05 - INFO - Testing fix: Original errors: 6, Fixed errors: 6
2025-04-11 02:59:05 - INFO - Result: False (introduced 1 new errors)
2025-04-11 02:59:05 - DEBUG - === New errors detail ===
2025-04-11 02:59:05 - DEBUG - New Error 1: line 22, type: other_error, message: omega could not prove the goal:
No usable constraints found. You may need to unfold definitions so `omega` can see linear arithmetic facts about `Nat` and `Int`, which may also involve multiplication, division, and modular remainder by constants.
2025-04-11 02:59:05 - INFO - Testing fragment: linarith
2025-04-11 02:59:05 - INFO - Original error line:     rw [mul_assoc, mul_comm] at h₂  -- Rewrite RHS to 2*6*y²
2025-04-11 02:59:05 - INFO - Testing fix: Original errors: 6, Fixed errors: 6
2025-04-11 02:59:05 - INFO - Result: False (introduced 1 new errors)
2025-04-11 02:59:05 - DEBUG - === New errors detail ===
2025-04-11 02:59:05 - DEBUG - New Error 1: line 23, type: no_goals_to_solve, message: no goals to be solved
2025-04-11 02:59:05 - INFO - Testing fragment: nlinarith
2025-04-11 02:59:05 - INFO - Original error line:     rw [mul_assoc, mul_comm] at h₂  -- Rewrite RHS to 2*6*y²
2025-04-11 02:59:06 - INFO - Testing fix: Original errors: 6, Fixed errors: 6
2025-04-11 02:59:06 - INFO - Result: False (introduced 1 new errors)
2025-04-11 02:59:06 - DEBUG - === New errors detail ===
2025-04-11 02:59:06 - DEBUG - New Error 1: line 23, type: no_goals_to_solve, message: no goals to be solved
2025-04-11 02:59:06 - INFO - Failed attempt time: 5.12 seconds
2025-04-11 02:59:06 - INFO - ❌ Could not generate fix for error at line 22
2025-04-11 02:59:06 - INFO - 
Trying to fix error 2/6: line 28, type: unknown_identifier
2025-04-11 02:59:06 - INFO - Error message: unknown identifier 'eq_one_of_pow_eq_one'...
2025-04-11 02:59:06 - INFO - Removed header content, remaining 48 lines of code
2025-04-11 02:59:06 - INFO - Using specified target error line: 28
2025-04-11 02:59:06 - INFO - Found error at specified line: unknown identifier 'eq_one_of_pow_eq_one'
2025-04-11 02:59:06 - INFO - Error at line 28: unknown identifier 'eq_one_of_pow_eq_one'
2025-04-11 02:59:06 - INFO - 
==================================================
2025-04-11 02:59:06 - INFO - Code prepared, starting synthesis
2025-04-11 02:59:06 - INFO - Before part: /-- 
What is the volume of a cube whose surface area is twice that of a cube with volume 1? 

$\mathrm{(A)}\ \sqrt{2}\qquad\mathrm{(B)}\ 2\qquad\mathrm{(C)}\ 2\sqrt{2}\qquad\mathrm{(D)}\ 4\qquad\mathrm{(E)}\ 8$ 
Show that it is \mathrm{(C)}.

Proof outline:
1. Let y be the side length of the original cube (volume = 1)
2. Compute y from the volume equation y³ = 1
3. Compute the surface area of original cube: 6y²
4. The new cube has surface area twice this: 2*(6y²) = 12y²
5. Let x be the side length of the new cube
6. Set up equation for new cube's surface area: 6x² = 12y²
7. Solve for x in terms of y
8. Compute volume of new cube: x³
9. Show this equals 2√2
-/
theorem amc12a_2008_p8 (x y : ℝ) (h₀ : 0 < x ∧ 0 < y) (h₁ : y ^ 3 = 1)
  (h₂ : 6 * x ^ 2 = 2 * (6 * y ^ 2)) : x ^ 3 = 2 * Real.sqrt 2 := by
  -- First, simplify the surface area equation h₂ by dividing both sides by 6
  have h₃ : x ^ 2 = 2 * y ^ 2 := by
    rw [mul_assoc, mul_comm] at h₂  -- Rewrite RHS to 2*6*y²
    rw [mul_right_inj' (by norm_num : 6 ≠ 0)] at h₂  -- Divide both sides by 6
    exact h₂
  
  -- From the volume of the original cube (y³ = 1), we get y = 1
  have h₄ : y = 1 := by
2025-04-11 02:59:06 - INFO - Error line:     exact (eq_one_of_pow_eq_one (by linarith [h₀.2]) (by norm_num) h₁).symm
2025-04-11 02:59:06 - INFO - After part: -- Substitute y = 1 into the simplified equation x² = 2y²
  have h₅ : x ^ 2 = 2 := by
    rw [h₄, pow_two, mul_one] at h₃
    exact h₃
  
  -- Since x > 0, we can take square root of both sides to get x = √2
  have h₆ : x = Real.sqrt 2 := by
    exact (sqrt_eq_iff_sq_eq (by linarith [h₀.1]) (by linarith)).mpr h₅
  
  -- Now compute x³ = (√2)³ = (√2)² * √2 = 2 * √2
  rw [h₆, ← pow_three_sqrt_two]
  
  -- Helper lemma to show (√2)³ = 2 * √2
  have pow_three_sqrt_two : (Real.sqrt 2) ^ 3 = 2 * Real.sqrt 2 := by
    rw [pow_succ, pow_two, Real.mul_self_sqrt (by norm_num)]
    ring
  
  -- Apply the helper lemma to complete the proof
  exact pow_three_sqrt_two
2025-04-11 02:59:06 - INFO - ==================================================

2025-04-11 02:59:07 - INFO - Testing fragment: rw [justaplaceholder]
2025-04-11 02:59:07 - INFO - Original error line:     exact (eq_one_of_pow_eq_one (by linarith [h₀.2]) (by norm_num) h₁).symm
2025-04-11 02:59:07 - INFO - Testing fix: Original errors: 6, Fixed errors: 7
2025-04-11 02:59:07 - INFO - Result: False (introduced 2 new errors)
2025-04-11 02:59:07 - DEBUG - === New errors detail ===
2025-04-11 02:59:07 - DEBUG - New Error 1: line 28, type: unknown_identifier, message: unknown identifier 'justaplaceholder'
2025-04-11 02:59:07 - DEBUG - New Error 2: line 28, type: rewrite_failed, message: tactic 'rewrite' failed, equality or iff proof expected
  ?m.2431
x y : ℝ
h₀ : 0 < x ∧ 0 < y
h₁ : y ^ 3 = 1
h₂ : 6 * x ^ 2 = 2 * (6 * y ^ 2)
h₃ : x ^ 2 = 2 * y ^ 2
⊢ y = 1
2025-04-11 02:59:07 - INFO - Testing fragment: rw [<- justaplaceholder]
2025-04-11 02:59:07 - INFO - Original error line:     exact (eq_one_of_pow_eq_one (by linarith [h₀.2]) (by norm_num) h₁).symm
2025-04-11 02:59:07 - INFO - Testing fix: Original errors: 6, Fixed errors: 7
2025-04-11 02:59:07 - INFO - Result: False (introduced 2 new errors)
2025-04-11 02:59:07 - DEBUG - === New errors detail ===
2025-04-11 02:59:07 - DEBUG - New Error 1: line 28, type: unknown_identifier, message: unknown identifier 'justaplaceholder'
2025-04-11 02:59:07 - DEBUG - New Error 2: line 28, type: rewrite_failed, message: tactic 'rewrite' failed, equality or iff proof expected
  ?m.2431
x y : ℝ
h₀ : 0 < x ∧ 0 < y
h₁ : y ^ 3 = 1
h₂ : 6 * x ^ 2 = 2 * (6 * y ^ 2)
h₃ : x ^ 2 = 2 * y ^ 2
⊢ y = 1
2025-04-11 02:59:07 - INFO - Testing fragment: simp
2025-04-11 02:59:07 - INFO - Original error line:     exact (eq_one_of_pow_eq_one (by linarith [h₀.2]) (by norm_num) h₁).symm
2025-04-11 02:59:08 - INFO - Testing fix: Original errors: 6, Fixed errors: 6
2025-04-11 02:59:08 - INFO - Result: False (introduced 1 new errors)
2025-04-11 02:59:08 - DEBUG - === New errors detail ===
2025-04-11 02:59:08 - DEBUG - New Error 1: line 28, type: simp_failed, message: simp made no progress
2025-04-11 02:59:08 - INFO - Testing fragment: field_simp
2025-04-11 02:59:08 - INFO - Original error line:     exact (eq_one_of_pow_eq_one (by linarith [h₀.2]) (by norm_num) h₁).symm
2025-04-11 02:59:08 - INFO - Testing fix: Original errors: 6, Fixed errors: 6
2025-04-11 02:59:08 - INFO - Result: False (introduced 1 new errors)
2025-04-11 02:59:08 - DEBUG - === New errors detail ===
2025-04-11 02:59:08 - DEBUG - New Error 1: line 28, type: simp_failed, message: simp made no progress
2025-04-11 02:59:08 - INFO - Testing fragment: norm_num
2025-04-11 02:59:08 - INFO - Original error line:     exact (eq_one_of_pow_eq_one (by linarith [h₀.2]) (by norm_num) h₁).symm
2025-04-11 02:59:09 - INFO - Testing fix: Original errors: 6, Fixed errors: 6
2025-04-11 02:59:09 - INFO - Result: False (introduced 1 new errors)
2025-04-11 02:59:09 - DEBUG - === New errors detail ===
2025-04-11 02:59:09 - DEBUG - New Error 1: line 27, type: other_error, message: unsolved goals
x y : ℝ
h₀ : 0 < x ∧ 0 < y
h₁ : y ^ 3 = 1
h₂ : 6 * x ^ 2 = 2 * (6 * y ^ 2)
h₃ : x ^ 2 = 2 * y ^ 2
⊢ y = 1
2025-04-11 02:59:09 - INFO - Testing fragment: ring
2025-04-11 02:59:09 - INFO - Original error line:     exact (eq_one_of_pow_eq_one (by linarith [h₀.2]) (by norm_num) h₁).symm
2025-04-11 02:59:09 - INFO - Testing fix: Original errors: 6, Fixed errors: 7
2025-04-11 02:59:09 - INFO - Result: False (introduced 2 new errors)
2025-04-11 02:59:09 - DEBUG - === New errors detail ===
2025-04-11 02:59:09 - DEBUG - New Error 1: line 28, type: ring_failed, message: Try this: ring_nf
2025-04-11 02:59:09 - DEBUG - New Error 2: line 27, type: other_error, message: unsolved goals
x y : ℝ
h₀ : 0 < x ∧ 0 < y
h₁ : y ^ 3 = 1
h₂ : 6 * x ^ 2 = 2 * (6 * y ^ 2)
h₃ : x ^ 2 = 2 * y ^ 2
⊢ y = 1
2025-04-11 02:59:09 - INFO - Testing fragment: ring_nf
2025-04-11 02:59:09 - INFO - Original error line:     exact (eq_one_of_pow_eq_one (by linarith [h₀.2]) (by norm_num) h₁).symm
2025-04-11 02:59:09 - INFO - Testing fix: Original errors: 6, Fixed errors: 6
2025-04-11 02:59:09 - INFO - Result: False (introduced 1 new errors)
2025-04-11 02:59:09 - DEBUG - === New errors detail ===
2025-04-11 02:59:09 - DEBUG - New Error 1: line 27, type: other_error, message: unsolved goals
x y : ℝ
h₀ : 0 < x ∧ 0 < y
h₁ : y ^ 3 = 1
h₂ : 6 * x ^ 2 = 2 * (6 * y ^ 2)
h₃ : x ^ 2 = 2 * y ^ 2
⊢ y = 1
2025-04-11 02:59:09 - INFO - Testing fragment: omega
2025-04-11 02:59:09 - INFO - Original error line:     exact (eq_one_of_pow_eq_one (by linarith [h₀.2]) (by norm_num) h₁).symm
2025-04-11 02:59:10 - INFO - Testing fix: Original errors: 6, Fixed errors: 6
2025-04-11 02:59:10 - INFO - Result: False (introduced 1 new errors)
2025-04-11 02:59:10 - DEBUG - === New errors detail ===
2025-04-11 02:59:10 - DEBUG - New Error 1: line 28, type: other_error, message: omega could not prove the goal:
No usable constraints found. You may need to unfold definitions so `omega` can see linear arithmetic facts about `Nat` and `Int`, which may also involve multiplication, division, and modular remainder by constants.
2025-04-11 02:59:10 - INFO - Testing fragment: linarith
2025-04-11 02:59:10 - INFO - Original error line:     exact (eq_one_of_pow_eq_one (by linarith [h₀.2]) (by norm_num) h₁).symm
2025-04-11 02:59:10 - INFO - Testing fix: Original errors: 6, Fixed errors: 6
2025-04-11 02:59:10 - INFO - Result: False (introduced 1 new errors)
2025-04-11 02:59:10 - DEBUG - === New errors detail ===
2025-04-11 02:59:10 - DEBUG - New Error 1: line 28, type: linarith_failed, message: linarith failed to find a contradiction
case h1.h
x y : ℝ
h₀ : 0 < x ∧ 0 < y
h₁ : y ^ 3 = 1
h₂ : 6 * x ^ 2 = 2 * (6 * y ^ 2)
h₃ : x ^ 2 = 2 * y ^ 2
a✝ : y < 1
⊢ False
failed
2025-04-11 02:59:10 - INFO - Testing fragment: nlinarith
2025-04-11 02:59:10 - INFO - Original error line:     exact (eq_one_of_pow_eq_one (by linarith [h₀.2]) (by norm_num) h₁).symm
2025-04-11 02:59:11 - INFO - Testing fix: Original errors: 6, Fixed errors: 5
2025-04-11 02:59:11 - INFO - Result: True (target error fixed and no new errors introduced)
2025-04-11 02:59:11 - DEBUG - === Original errors detail ===
2025-04-11 02:59:11 - DEBUG - Error 1: line 22, type: rewrite_failed, message: tactic 'rewrite' failed, did not find instance of the pattern in the target expression
  ?a * ?b * ?c
x y : ℝ
h₀ : 0 < x ∧ 0 < y
h₁ : y ^ 3 = 1
h₂ : 6 * x ^ 2 = 2 * (6 * y ^ 2)
⊢ x ^ 2 = 2 * y ^ 2
2025-04-11 02:59:11 - DEBUG - Error 2: line 28, type: unknown_identifier, message: unknown identifier 'eq_one_of_pow_eq_one'
2025-04-11 02:59:11 - DEBUG - Error 3: line 32, type: rewrite_failed, message: tactic 'rewrite' failed, did not find instance of the pattern in the target expression
  ?a * 1
x y : ℝ
h₀ : 0 < x ∧ 0 < y
h₁ : y ^ 3 = 1
h₂ : 6 * x ^ 2 = 2 * (6 * y ^ 2)
h₃ : x * x = 2 * 1 ^ 2
h₄ : y = 1
⊢ x ^ 2 = 2
2025-04-11 02:59:11 - DEBUG - Error 4: line 37, type: type_mismatch, message: type mismatch
  (sqrt_eq_iff_sq_eq
        (le_of_not_gt fun a =>
          Linarith.lt_irrefl
            (Eq.mp
              (congrArg (fun _a => _a < 0)
                (Mathlib.Tactic.Ring.of_eq
                  (Mathlib.Tactic.Ring.add_congr
                    (Mathlib.Tactic.Ring.mul_congr
                      (Mathlib.Tactic.Ring.cast_pos (Mathlib.Meta.NormNum.isNat_ofNat ℝ (Eq.refl 2)))
                      (Mathlib.Tactic.Ring.neg_congr
                        (Mathlib.Tactic.Ring.cast_pos (Mathlib.Meta.NormNum.isNat_ofNat ℝ Nat.cast_one))
                        (Mathlib.Tactic.Ring.neg_add
                          (Mathlib.Tactic.Ring.neg_one_mul
                            (Mathlib.Meta.NormNum.IsInt.to_raw_eq
                              (Mathlib.Meta.NormNum.isInt_mul (Eq.refl HMul.hMul)
                                (Mathlib.Meta.NormNum.IsInt.of_raw ℝ (Int.negOfNat 1))
                                (Mathlib.Meta.NormNum.IsNat.to_isInt (Mathlib.Meta.NormNum.IsNat.of_raw ℝ 1))
                                (Eq.refl (Int.negOfNat 1)))))
                          Mathlib.Tactic.Ring.neg_zero))
                      (Mathlib.Tactic.Ring.add_mul
                        (Mathlib.Tactic.Ring.mul_add
                          (Mathlib.Meta.NormNum.IsInt.to_raw_eq
                            (Mathlib.Meta.NormNum.isInt_mul (Eq.refl HMul.hMul)
                              (Mathlib.Meta.NormNum.IsNat.to_isInt (Mathlib.Meta.NormNum.IsNat.of_raw ℝ 2))
                              (Mathlib.Meta.NormNum.IsInt.of_raw ℝ (Int.negOfNat 1)) (Eq.refl (Int.negOfNat 2))))
                          (Mathlib.Tactic.Ring.mul_zero (Nat.rawCast 2))
                          (Mathlib.Tactic.Ring.add_pf_add_zero ((Int.negOfNat 2).rawCast + 0)))
                        (Mathlib.Tactic.Ring.zero_mul ((Int.negOfNat 1).rawCast + 0))
                        (Mathlib.Tactic.Ring.add_pf_add_zero ((Int.negOfNat 2).rawCast + 0))))
                    (Mathlib.Tactic.Ring.cast_pos (Mathlib.Meta.NormNum.isNat_ofNat ℝ (Eq.refl 2)))
                    (Mathlib.Tactic.Ring.add_pf_add_overlap_zero
                      (Mathlib.Meta.NormNum.IsInt.to_isNat
                        (Mathlib.Meta.NormNum.isInt_add (Eq.refl HAdd.hAdd)
                          (Mathlib.Meta.NormNum.IsInt.of_raw ℝ (Int.negOfNat 2))
                          (Mathlib.Meta.NormNum.IsNat.to_isInt (Mathlib.Meta.NormNum.IsNat.of_raw ℝ 2))
                          (Eq.refl (Int.ofNat 0))))
                      (Mathlib.Tactic.Ring.add_pf_zero_add 0)))
                  (Mathlib.Tactic.Ring.cast_zero (Mathlib.Meta.NormNum.isNat_ofNat ℝ Nat.cast_zero))))
              (Left.add_neg
                (Linarith.mul_neg (neg_neg_of_pos zero_lt_one)
                  (of_eq_true
                    (eq_true
                      (Mathlib.Meta.NormNum.isNat_lt_true (Mathlib.Meta.NormNum.isNat_ofNat ℝ Nat.cast_zero)
                        (Mathlib.Meta.NormNum.isNat_ofNat ℝ (Eq.refl 2)) (Eq.refl false)))))
                (lt_zero_of_zero_gt a))))
        (le_of_not_gt fun a =>
          Linarith.lt_irrefl
            (Eq.mp
              (congrArg (fun _a => _a < 0)
                (Mathlib.Tactic.Ring.of_eq
                  (Mathlib.Tactic.Ring.add_congr
                    (Mathlib.Tactic.Ring.neg_congr (Mathlib.Tactic.Ring.atom_pf x)
                      (Mathlib.Tactic.Ring.neg_add
                        (Mathlib.Tactic.Ring.neg_mul x (Nat.rawCast 1)
                          (Mathlib.Tactic.Ring.neg_one_mul
                            (Mathlib.Meta.NormNum.IsInt.to_raw_eq
                              (Mathlib.Meta.NormNum.isInt_mul (Eq.refl HMul.hMul)
                                (Mathlib.Meta.NormNum.IsInt.of_raw ℝ (Int.negOfNat 1))
                                (Mathlib.Meta.NormNum.IsNat.to_isInt (Mathlib.Meta.NormNum.IsNat.of_raw ℝ 1))
                                (Eq.refl (Int.negOfNat 1))))))
                        Mathlib.Tactic.Ring.neg_zero))
                    (Mathlib.Tactic.Ring.atom_pf x)
                    (Mathlib.Tactic.Ring.add_pf_add_overlap_zero
                      (Mathlib.Tactic.Ring.add_overlap_pf_zero x (Nat.rawCast 1)
                        (Mathlib.Meta.NormNum.IsInt.to_isNat
                          (Mathlib.Meta.NormNum.isInt_add (Eq.refl HAdd.hAdd)
                            (Mathlib.Meta.NormNum.IsInt.of_raw ℝ (Int.negOfNat 1))
                            (Mathlib.Meta.NormNum.IsNat.to_isInt (Mathlib.Meta.NormNum.IsNat.of_raw ℝ 1))
                            (Eq.refl (Int.ofNat 0)))))
                      (Mathlib.Tactic.Ring.add_pf_zero_add 0)))
                  (Mathlib.Tactic.Ring.cast_zero (Mathlib.Meta.NormNum.isNat_ofNat ℝ Nat.cast_zero))))
              (Left.add_neg (neg_neg_of_pos h₀.left) (lt_zero_of_zero_gt a))))).mpr
    h₅
has type
  √2 = x : Prop
but is expected to have type
  x = √2 : Prop
2025-04-11 02:59:11 - DEBUG - Error 5: line 40, type: unknown_identifier, message: unknown identifier 'pow_three_sqrt_two'
2025-04-11 02:59:11 - DEBUG - Error 6: line 40, type: rewrite_failed, message: tactic 'rewrite' failed, equality or iff proof expected
  ?m.4524
x y : ℝ
h₀ : 0 < x ∧ 0 < y
h₁ : y ^ 3 = 1
h₂ : 6 * x ^ 2 = 2 * (6 * y ^ 2)
h₃ : x ^ 2 = 2 * y ^ 2
h₄ : y = 1
h₅ : x ^ 2 = 2
h₆ : x = √2
⊢ √2 ^ 3 = 2 * √2
2025-04-11 02:59:11 - DEBUG - === Fixed code comparison ===
2025-04-11 02:59:11 - DEBUG - Line 28 changed:
2025-04-11 02:59:11 - DEBUG -   Original:     exact (eq_one_of_pow_eq_one (by linarith [h₀.2]) (by norm_num) h₁).symm
2025-04-11 02:59:11 - DEBUG -   Fixed:        nlinarith
2025-04-11 02:59:11 - INFO - Found effective solution: nlinarith
2025-04-11 02:59:11 - INFO - 
==================================================
2025-04-11 02:59:11 - INFO - Fixed code:
2025-04-11 02:59:11 - INFO - /-- 
What is the volume of a cube whose surface area is twice that of a cube with volume 1? 

$\mathrm{(A)}\ \sqrt{2}\qquad\mathrm{(B)}\ 2\qquad\mathrm{(C)}\ 2\sqrt{2}\qquad\mathrm{(D)}\ 4\qquad\mathrm{(E)}\ 8$ 
Show that it is \mathrm{(C)}.

Proof outline:
1. Let y be the side length of the original cube (volume = 1)
2. Compute y from the volume equation y³ = 1
3. Compute the surface area of original cube: 6y²
4. The new cube has surface area twice this: 2*(6y²) = 12y²
5. Let x be the side length of the new cube
6. Set up equation for new cube's surface area: 6x² = 12y²
7. Solve for x in terms of y
8. Compute volume of new cube: x³
9. Show this equals 2√2
-/
theorem amc12a_2008_p8 (x y : ℝ) (h₀ : 0 < x ∧ 0 < y) (h₁ : y ^ 3 = 1)
  (h₂ : 6 * x ^ 2 = 2 * (6 * y ^ 2)) : x ^ 3 = 2 * Real.sqrt 2 := by
  -- First, simplify the surface area equation h₂ by dividing both sides by 6
  have h₃ : x ^ 2 = 2 * y ^ 2 := by
    rw [mul_assoc, mul_comm] at h₂  -- Rewrite RHS to 2*6*y²
    rw [mul_right_inj' (by norm_num : 6 ≠ 0)] at h₂  -- Divide both sides by 6
    exact h₂
  
  -- From the volume of the original cube (y³ = 1), we get y = 1
  have h₄ : y = 1 := by
    nlinarith
  
  -- Substitute y = 1 into the simplified equation x² = 2y²
  have h₅ : x ^ 2 = 2 := by
    rw [h₄, pow_two, mul_one] at h₃
    exact h₃
  
  -- Since x > 0, we can take square root of both sides to get x = √2
  have h₆ : x = Real.sqrt 2 := by
    exact (sqrt_eq_iff_sq_eq (by linarith [h₀.1]) (by linarith)).mpr h₅
  
  -- Now compute x³ = (√2)³ = (√2)² * √2 = 2 * √2
  rw [h₆, ← pow_three_sqrt_two]
  
  -- Helper lemma to show (√2)³ = 2 * √2
  have pow_three_sqrt_two : (Real.sqrt 2) ^ 3 = 2 * Real.sqrt 2 := by
    rw [pow_succ, pow_two, Real.mul_self_sqrt (by norm_num)]
    ring
  
  -- Apply the helper lemma to complete the proof
  exact pow_three_sqrt_two
2025-04-11 02:59:11 - INFO - ==================================================
2025-04-11 02:59:12 - INFO - Original code error count: 6
2025-04-11 02:59:12 - INFO - Fixed code error count: 5
2025-04-11 02:59:12 - INFO - Result: True (target error fixed and no new errors introduced)
2025-04-11 02:59:12 - DEBUG - === Original errors detail ===
2025-04-11 02:59:12 - DEBUG - Error 1: line 22, type: rewrite_failed, message: tactic 'rewrite' failed, did not find instance of the pattern in the target expression
  ?a * ?b * ?c
x y : ℝ
h₀ : 0 < x ∧ 0 < y
h₁ : y ^ 3 = 1
h₂ : 6 * x ^ 2 = 2 * (6 * y ^ 2)
⊢ x ^ 2 = 2 * y ^ 2
2025-04-11 02:59:12 - DEBUG - Error 2: line 28, type: unknown_identifier, message: unknown identifier 'eq_one_of_pow_eq_one'
2025-04-11 02:59:12 - DEBUG - Error 3: line 32, type: rewrite_failed, message: tactic 'rewrite' failed, did not find instance of the pattern in the target expression
  ?a * 1
x y : ℝ
h₀ : 0 < x ∧ 0 < y
h₁ : y ^ 3 = 1
h₂ : 6 * x ^ 2 = 2 * (6 * y ^ 2)
h₃ : x * x = 2 * 1 ^ 2
h₄ : y = 1
⊢ x ^ 2 = 2
2025-04-11 02:59:12 - DEBUG - Error 4: line 37, type: type_mismatch, message: type mismatch
  (sqrt_eq_iff_sq_eq
        (le_of_not_gt fun a =>
          Linarith.lt_irrefl
            (Eq.mp
              (congrArg (fun _a => _a < 0)
                (Mathlib.Tactic.Ring.of_eq
                  (Mathlib.Tactic.Ring.add_congr
                    (Mathlib.Tactic.Ring.mul_congr
                      (Mathlib.Tactic.Ring.cast_pos (Mathlib.Meta.NormNum.isNat_ofNat ℝ (Eq.refl 2)))
                      (Mathlib.Tactic.Ring.neg_congr
                        (Mathlib.Tactic.Ring.cast_pos (Mathlib.Meta.NormNum.isNat_ofNat ℝ Nat.cast_one))
                        (Mathlib.Tactic.Ring.neg_add
                          (Mathlib.Tactic.Ring.neg_one_mul
                            (Mathlib.Meta.NormNum.IsInt.to_raw_eq
                              (Mathlib.Meta.NormNum.isInt_mul (Eq.refl HMul.hMul)
                                (Mathlib.Meta.NormNum.IsInt.of_raw ℝ (Int.negOfNat 1))
                                (Mathlib.Meta.NormNum.IsNat.to_isInt (Mathlib.Meta.NormNum.IsNat.of_raw ℝ 1))
                                (Eq.refl (Int.negOfNat 1)))))
                          Mathlib.Tactic.Ring.neg_zero))
                      (Mathlib.Tactic.Ring.add_mul
                        (Mathlib.Tactic.Ring.mul_add
                          (Mathlib.Meta.NormNum.IsInt.to_raw_eq
                            (Mathlib.Meta.NormNum.isInt_mul (Eq.refl HMul.hMul)
                              (Mathlib.Meta.NormNum.IsNat.to_isInt (Mathlib.Meta.NormNum.IsNat.of_raw ℝ 2))
                              (Mathlib.Meta.NormNum.IsInt.of_raw ℝ (Int.negOfNat 1)) (Eq.refl (Int.negOfNat 2))))
                          (Mathlib.Tactic.Ring.mul_zero (Nat.rawCast 2))
                          (Mathlib.Tactic.Ring.add_pf_add_zero ((Int.negOfNat 2).rawCast + 0)))
                        (Mathlib.Tactic.Ring.zero_mul ((Int.negOfNat 1).rawCast + 0))
                        (Mathlib.Tactic.Ring.add_pf_add_zero ((Int.negOfNat 2).rawCast + 0))))
                    (Mathlib.Tactic.Ring.cast_pos (Mathlib.Meta.NormNum.isNat_ofNat ℝ (Eq.refl 2)))
                    (Mathlib.Tactic.Ring.add_pf_add_overlap_zero
                      (Mathlib.Meta.NormNum.IsInt.to_isNat
                        (Mathlib.Meta.NormNum.isInt_add (Eq.refl HAdd.hAdd)
                          (Mathlib.Meta.NormNum.IsInt.of_raw ℝ (Int.negOfNat 2))
                          (Mathlib.Meta.NormNum.IsNat.to_isInt (Mathlib.Meta.NormNum.IsNat.of_raw ℝ 2))
                          (Eq.refl (Int.ofNat 0))))
                      (Mathlib.Tactic.Ring.add_pf_zero_add 0)))
                  (Mathlib.Tactic.Ring.cast_zero (Mathlib.Meta.NormNum.isNat_ofNat ℝ Nat.cast_zero))))
              (Left.add_neg
                (Linarith.mul_neg (neg_neg_of_pos zero_lt_one)
                  (of_eq_true
                    (eq_true
                      (Mathlib.Meta.NormNum.isNat_lt_true (Mathlib.Meta.NormNum.isNat_ofNat ℝ Nat.cast_zero)
                        (Mathlib.Meta.NormNum.isNat_ofNat ℝ (Eq.refl 2)) (Eq.refl false)))))
                (lt_zero_of_zero_gt a))))
        (le_of_not_gt fun a =>
          Linarith.lt_irrefl
            (Eq.mp
              (congrArg (fun _a => _a < 0)
                (Mathlib.Tactic.Ring.of_eq
                  (Mathlib.Tactic.Ring.add_congr
                    (Mathlib.Tactic.Ring.neg_congr (Mathlib.Tactic.Ring.atom_pf x)
                      (Mathlib.Tactic.Ring.neg_add
                        (Mathlib.Tactic.Ring.neg_mul x (Nat.rawCast 1)
                          (Mathlib.Tactic.Ring.neg_one_mul
                            (Mathlib.Meta.NormNum.IsInt.to_raw_eq
                              (Mathlib.Meta.NormNum.isInt_mul (Eq.refl HMul.hMul)
                                (Mathlib.Meta.NormNum.IsInt.of_raw ℝ (Int.negOfNat 1))
                                (Mathlib.Meta.NormNum.IsNat.to_isInt (Mathlib.Meta.NormNum.IsNat.of_raw ℝ 1))
                                (Eq.refl (Int.negOfNat 1))))))
                        Mathlib.Tactic.Ring.neg_zero))
                    (Mathlib.Tactic.Ring.atom_pf x)
                    (Mathlib.Tactic.Ring.add_pf_add_overlap_zero
                      (Mathlib.Tactic.Ring.add_overlap_pf_zero x (Nat.rawCast 1)
                        (Mathlib.Meta.NormNum.IsInt.to_isNat
                          (Mathlib.Meta.NormNum.isInt_add (Eq.refl HAdd.hAdd)
                            (Mathlib.Meta.NormNum.IsInt.of_raw ℝ (Int.negOfNat 1))
                            (Mathlib.Meta.NormNum.IsNat.to_isInt (Mathlib.Meta.NormNum.IsNat.of_raw ℝ 1))
                            (Eq.refl (Int.ofNat 0)))))
                      (Mathlib.Tactic.Ring.add_pf_zero_add 0)))
                  (Mathlib.Tactic.Ring.cast_zero (Mathlib.Meta.NormNum.isNat_ofNat ℝ Nat.cast_zero))))
              (Left.add_neg (neg_neg_of_pos h₀.left) (lt_zero_of_zero_gt a))))).mpr
    h₅
has type
  √2 = x : Prop
but is expected to have type
  x = √2 : Prop
2025-04-11 02:59:12 - DEBUG - Error 5: line 40, type: unknown_identifier, message: unknown identifier 'pow_three_sqrt_two'
2025-04-11 02:59:12 - DEBUG - Error 6: line 40, type: rewrite_failed, message: tactic 'rewrite' failed, equality or iff proof expected
  ?m.4524
x y : ℝ
h₀ : 0 < x ∧ 0 < y
h₁ : y ^ 3 = 1
h₂ : 6 * x ^ 2 = 2 * (6 * y ^ 2)
h₃ : x ^ 2 = 2 * y ^ 2
h₄ : y = 1
h₅ : x ^ 2 = 2
h₆ : x = √2
⊢ √2 ^ 3 = 2 * √2
2025-04-11 02:59:12 - DEBUG - === Fixed code comparison ===
2025-04-11 02:59:12 - DEBUG - Line 28 changed:
2025-04-11 02:59:12 - DEBUG -   Original:     exact (eq_one_of_pow_eq_one (by linarith [h₀.2]) (by norm_num) h₁).symm
2025-04-11 02:59:12 - DEBUG -   Fixed:        nlinarith
2025-04-11 02:59:12 - INFO - 
==================================================
2025-04-11 02:59:12 - INFO - Synthesis successful
2025-04-11 02:59:12 - INFO - ==================================================
2025-04-11 02:59:12 - INFO - Fix time: 6.05 seconds
2025-04-11 02:59:12 - INFO - ✅ Fixed error at line 28
2025-04-11 02:59:12 - INFO - 
Trying to fix error 3/6: line 32, type: rewrite_failed
2025-04-11 02:59:12 - INFO - Error message: tactic 'rewrite' failed, did not find instance of the pattern in the target expression
  ?a * 1
x y ...
2025-04-11 02:59:12 - INFO - Removed header content, remaining 48 lines of code
2025-04-11 02:59:12 - INFO - Using specified target error line: 32
2025-04-11 02:59:13 - INFO - Found error at specified line: tactic 'rewrite' failed, did not find instance of the pattern in the target expression
  ?a * 1
x y : ℝ
h₀ : 0 < x ∧ 0 < y
h₁ : y ^ 3 = 1
h₂ : 6 * x ^ 2 = 2 * (6 * y ^ 2)
h₃ : x * x = 2 * 1 ^ 2
h₄ : y = 1
⊢ x ^ 2 = 2
2025-04-11 02:59:13 - INFO - Error at line 32: tactic 'rewrite' failed, did not find instance of the pattern in the target expression
  ?a * 1
x y : ℝ
h₀ : 0 < x ∧ 0 < y
h₁ : y ^ 3 = 1
h₂ : 6 * x ^ 2 = 2 * (6 * y ^ 2)
h₃ : x * x = 2 * 1 ^ 2
h₄ : y = 1
⊢ x ^ 2 = 2
2025-04-11 02:59:13 - INFO - 
==================================================
2025-04-11 02:59:13 - INFO - Code prepared, starting synthesis
2025-04-11 02:59:13 - INFO - Before part: /-- 
What is the volume of a cube whose surface area is twice that of a cube with volume 1? 

$\mathrm{(A)}\ \sqrt{2}\qquad\mathrm{(B)}\ 2\qquad\mathrm{(C)}\ 2\sqrt{2}\qquad\mathrm{(D)}\ 4\qquad\mathrm{(E)}\ 8$ 
Show that it is \mathrm{(C)}.

Proof outline:
1. Let y be the side length of the original cube (volume = 1)
2. Compute y from the volume equation y³ = 1
3. Compute the surface area of original cube: 6y²
4. The new cube has surface area twice this: 2*(6y²) = 12y²
5. Let x be the side length of the new cube
6. Set up equation for new cube's surface area: 6x² = 12y²
7. Solve for x in terms of y
8. Compute volume of new cube: x³
9. Show this equals 2√2
-/
theorem amc12a_2008_p8 (x y : ℝ) (h₀ : 0 < x ∧ 0 < y) (h₁ : y ^ 3 = 1)
  (h₂ : 6 * x ^ 2 = 2 * (6 * y ^ 2)) : x ^ 3 = 2 * Real.sqrt 2 := by
  -- First, simplify the surface area equation h₂ by dividing both sides by 6
  have h₃ : x ^ 2 = 2 * y ^ 2 := by
    rw [mul_assoc, mul_comm] at h₂  -- Rewrite RHS to 2*6*y²
    rw [mul_right_inj' (by norm_num : 6 ≠ 0)] at h₂  -- Divide both sides by 6
    exact h₂
  
  -- From the volume of the original cube (y³ = 1), we get y = 1
  have h₄ : y = 1 := by
    nlinarith
  
  -- Substitute y = 1 into the simplified equation x² = 2y²
  have h₅ : x ^ 2 = 2 := by
2025-04-11 02:59:13 - INFO - Error line:     rw [h₄, pow_two, mul_one] at h₃
2025-04-11 02:59:13 - INFO - After part: exact h₃
  
  -- Since x > 0, we can take square root of both sides to get x = √2
  have h₆ : x = Real.sqrt 2 := by
    exact (sqrt_eq_iff_sq_eq (by linarith [h₀.1]) (by linarith)).mpr h₅
  
  -- Now compute x³ = (√2)³ = (√2)² * √2 = 2 * √2
  rw [h₆, ← pow_three_sqrt_two]
  
  -- Helper lemma to show (√2)³ = 2 * √2
  have pow_three_sqrt_two : (Real.sqrt 2) ^ 3 = 2 * Real.sqrt 2 := by
    rw [pow_succ, pow_two, Real.mul_self_sqrt (by norm_num)]
    ring
  
  -- Apply the helper lemma to complete the proof
  exact pow_three_sqrt_two
2025-04-11 02:59:13 - INFO - ==================================================

2025-04-11 02:59:14 - INFO - Testing fragment: rw [justaplaceholder]
2025-04-11 02:59:14 - INFO - Original error line:     rw [h₄, pow_two, mul_one] at h₃
