2025-04-13 09:56:26 - INFO - Log file initialized at 2025-04-13T09:56:26.392731
2025-04-13 09:56:26 - INFO - ===== LOG FILE LOCATION =====
2025-04-13 09:56:26 - INFO - Detailed log file created at: ./minif2f/lean_fixed/1.log
2025-04-13 09:56:26 - INFO - ===============================
2025-04-13 09:56:26 - INFO - Original code:
2025-04-13 09:56:26 - INFO - ----------------------------------------
2025-04-13 09:56:26 - INFO - import Mathlib
import Aesop

set_option maxHeartbeats 0

open BigOperators Real Nat Topology Rat

/-- Let $z=\frac{1+i}{\sqrt{2}}.$What is $\left(z^{1^2}+z^{2^2}+z^{3^2}+\dots+z^{{12}^2}\right) \cdot \left(\frac{1}{z^{1^2}}+\frac{1}{z^{2^2}}+\frac{1}{z^{3^2}}+\dots+\frac{1}{z^{{12}^2}}\right)?$

$\textbf{(A) } 18 \qquad \textbf{(B) } 72-36\sqrt2 \qquad \textbf{(C) } 36 \qquad \textbf{(D) } 72 \qquad \textbf{(E) } 72+36\sqrt2$ Show that it is \textbf{(C) }36.-/
theorem amc12a_2019_p21 (z : ℂ) (h₀ : z = (1 + Complex.I) / Real.sqrt 2) :
  ((∑ k : ℤ in Finset.Icc 1 12, z ^ k ^ 2) * (∑ k : ℤ in Finset.Icc 1 12, 1 / z ^ k ^ 2)) = 36 := by
  -- First, observe that z is an 8th root of unity since:
  -- z = (1+i)/√2 = e^(πi/4)
  have h₁ : z ^ 8 = 1 := by
    rw [h₀]
    -- Compute z^8 = ((1+i)/√2)^8
    -- Using De Moivre's theorem since (1+i)/√2 has magnitude 1
    -- The angle of (1+i)/√2 is π/4, so 8*(π/4) = 2π
    simp only [Complex.mul_pow, Complex.div_pow, Complex.pow_add, Complex.pow_mul]
    -- Simplify using I^2 = -1
    simp only [Complex.I_pow_two, pow_one, mul_neg, neg_mul, one_mul, mul_one]
    -- Simplify the real parts
    rw [← Complex.ofReal_pow, ← Complex.ofReal_pow, Real.sqrt_mul_self]
    -- The numerator simplifies to (1+i)^8 = (2i)^4 = 16
    -- The denominator simplifies to (√2)^8 = 16
    -- So z^8 = 16/16 = 1
    simp only [Complex.ofReal_div, Complex.ofReal_one, Complex.normSq_eq_conj_mul_self]
    norm_num

  -- The key observation is that z^(k^2) is periodic modulo 8 because z^8 = 1
  -- So we can compute the exponents modulo 8
  -- First, let's compute the squares modulo 8 for k from 1 to 12
  have h₂ : ∀ k : ℤ, z ^ k ^ 2 = z ^ (k ^ 2 % 8) := by
    intro k
    -- Since z^8 = 1, exponents can be taken modulo 8
    rw [← pow_mod_orderOf, h₁]
    -- The orderOf z divides 8
    simp only [orderOf_eq_one_iff, ne_eq, h₁, not_false_eq_true, IsUnit.unit_spec]
    norm_cast
    rw [orderOf_eq_of_pow_and_pow_div_prime]
    exact h₁
    sorry -- This part would need more detailed justification about the order

  -- Now compute the squares modulo 8 for k from 1 to 12
  -- The pattern is: [1,4,1,0,1,4,1,0,1,4,1,0] for k=1..12
  -- So we can rewrite the sums using this periodicity
  let pattern : List ℤ := [1,4,1,0,1,4,1,0,1,4,1,0]
  
  -- Convert the sums to use the simplified exponents
  have h₃ : (∑ k in Finset.Icc 1 12, z ^ k ^ 2) = ∑ k in Finset.Icc 1 12, z ^ (pattern.get (k - 1)) := by
    apply Finset.sum_congr rfl
    intro k hk
    rw [h₂]
    -- Here we would need to prove that k^2 mod 8 matches the pattern
    sorry -- This would require case analysis on k from 1 to 12

  have h₄ : (∑ k in Finset.Icc 1 12, 1 / z ^ k ^ 2) = ∑ k in Finset.Icc 1 12, z ^ (-(pattern.get (k - 1))) := by
    apply Finset.sum_congr rfl
    intro k hk
    rw [one_div, h₂]
    -- 1/z^a = z^(-a)
    rw [← zpow_neg]
    congr
    -- Again need to match with pattern
    sorry

  -- Now compute the actual sums
  -- The pattern repeats every 4 terms: [1,4,1,0]
  -- There are 3 full cycles (12 terms)
  -- Sum of one cycle: z^1 + z^4 + z^1 + z^0 = 2z + z^4 + 1
  -- Total sum: 3*(2z + z^4 + 1)
  -- Similarly for the reciprocal sum: 3*(2z^(-1) + z^(-4) + 1)
  
  -- Compute z^4 = (1+i)^4/(√2)^4 = -4/4 = -1
  have h₅ : z ^ 4 = -1 := by
    rw [h₀]
    simp only [Complex.mul_pow, Complex.div_pow, Complex.pow_add, Complex.pow_mul]
    simp only [Complex.I_pow_two, Complex.I_pow_four, pow_one, mul_neg, neg_mul, one_mul, mul_one]
    norm_num
    rw [← Complex.ofReal_pow, ← Complex.ofReal_pow, Real.sqrt_mul_self]
    simp only [Complex.ofReal_div, Complex.ofReal_neg, Complex.ofReal_one]
    norm_num

  -- Compute z + z^(-1) = 2Re(z) = 2*(1/√2) = √2
  have h₆ : z + z⁻¹ = Real.sqrt 2 := by
    rw [h₀, inv_div, Complex.inv_add_inv]
    simp only [Complex.inv_I, Complex.inv_one, mul_one, mul_neg, neg_mul, neg_neg]
    rw [← Complex.ofReal_div, ← Complex.ofReal_div, ← Complex.ofReal_add]
    simp only [Complex.ofReal_inj]
    field_simp
    ring

  -- Now compute the product (3*(2z + z^4 + 1)) * (3*(2z⁻¹ + z⁻⁴ + 1))
  -- = 9*(2z + (-1) + 1)*(2z⁻¹ + (-1) + 1)  [since z^4 = -1]
  -- = 9*(2z)*(2z⁻¹)
  -- = 9*4*(z*z⁻¹)
  -- = 36*1 = 36
  calc
    ((∑ k in Finset.Icc 1 12, z ^ k ^ 2) * (∑ k in Finset.Icc 1 12, 1 / z ^ k ^ 2))
      = (3 * (2 * z + z ^ 4 + 1)) * (3 * (2 * z⁻¹ + z⁻⁴ + 1)) := by
        -- This step requires proving the sums equal these expressions
        sorry
    _ = (3 * (2 * z + (-1) + 1)) * (3 * (2 * z⁻¹ + (-1) + 1)) := by
        rw [h₅, inv_eq_one_div, h₅, inv_neg, one_div, inv_one]
    _ = (3 * (2 * z)) * (3 * (2 * z⁻¹)) := by ring
    _ = 9 * (2 * z * 2 * z⁻¹) := by ring
    _ = 9 * (4 * (z * z⁻¹)) := by ring
    _ = 9 * 4 * 1 := by rw [mul_inv_cancel (show z ≠ 0 by rw [h₀]; norm_num)]
    _ = 36 := by norm_num
2025-04-13 09:56:26 - INFO - ----------------------------------------
2025-04-13 09:56:26 - INFO - 
Checking original code for all errors...
2025-04-13 09:59:56 - INFO - 
JSON log saved to: ./minif2f/lean_fixed/1_fix_log.json
2025-04-13 09:59:56 - INFO - Original code has no errors!
2025-04-13 10:13:13 - INFO - Log file initialized at 2025-04-13T10:13:13.979045
2025-04-13 10:13:13 - INFO - ===== LOG FILE LOCATION =====
2025-04-13 10:13:13 - INFO - Detailed log file created at: ./minif2f/lean_fixed/1.log
2025-04-13 10:13:13 - INFO - ===============================
2025-04-13 10:13:13 - INFO - Original code:
2025-04-13 10:13:13 - INFO - ----------------------------------------
2025-04-13 10:13:13 - INFO - import Mathlib
import Aesop

set_option maxHeartbeats 0

open BigOperators Real Nat Topology Rat

/-- Let $z=\frac{1+i}{\sqrt{2}}.$What is $\left(z^{1^2}+z^{2^2}+z^{3^2}+\dots+z^{{12}^2}\right) \cdot \left(\frac{1}{z^{1^2}}+\frac{1}{z^{2^2}}+\frac{1}{z^{3^2}}+\dots+\frac{1}{z^{{12}^2}}\right)?$

$\textbf{(A) } 18 \qquad \textbf{(B) } 72-36\sqrt2 \qquad \textbf{(C) } 36 \qquad \textbf{(D) } 72 \qquad \textbf{(E) } 72+36\sqrt2$ Show that it is \textbf{(C) }36.-/
theorem amc12a_2019_p21 (z : ℂ) (h₀ : z = (1 + Complex.I) / Real.sqrt 2) :
  ((∑ k : ℤ in Finset.Icc 1 12, z ^ k ^ 2) * (∑ k : ℤ in Finset.Icc 1 12, 1 / z ^ k ^ 2)) = 36 := by
  -- First, observe that z is an 8th root of unity since:
  -- z = (1+i)/√2 = e^(πi/4)
  have h₁ : z ^ 8 = 1 := by
    rw [h₀]
    -- Compute z^8 = ((1+i)/√2)^8
    -- Using De Moivre's theorem since (1+i)/√2 has magnitude 1
    -- The angle of (1+i)/√2 is π/4, so 8*(π/4) = 2π
    simp only [Complex.mul_pow, Complex.div_pow, Complex.pow_add, Complex.pow_mul]
    -- Simplify using I^2 = -1
    simp only [Complex.I_pow_two, pow_one, mul_neg, neg_mul, one_mul, mul_one]
    -- Simplify the real parts
    rw [← Complex.ofReal_pow, ← Complex.ofReal_pow, Real.sqrt_mul_self]
    -- The numerator simplifies to (1+i)^8 = (2i)^4 = 16
    -- The denominator simplifies to (√2)^8 = 16
    -- So z^8 = 16/16 = 1
    simp only [Complex.ofReal_div, Complex.ofReal_one, Complex.normSq_eq_conj_mul_self]
    norm_num

  -- The key observation is that z^(k^2) is periodic modulo 8 because z^8 = 1
  -- So we can compute the exponents modulo 8
  -- First, let's compute the squares modulo 8 for k from 1 to 12
  have h₂ : ∀ k : ℤ, z ^ k ^ 2 = z ^ (k ^ 2 % 8) := by
    intro k
    -- Since z^8 = 1, exponents can be taken modulo 8
    rw [← pow_mod_orderOf, h₁]
    -- The orderOf z divides 8
    simp only [orderOf_eq_one_iff, ne_eq, h₁, not_false_eq_true, IsUnit.unit_spec]
    norm_cast
    rw [orderOf_eq_of_pow_and_pow_div_prime]
    exact h₁
    sorry -- This part would need more detailed justification about the order

  -- Now compute the squares modulo 8 for k from 1 to 12
  -- The pattern is: [1,4,1,0,1,4,1,0,1,4,1,0] for k=1..12
  -- So we can rewrite the sums using this periodicity
  let pattern : List ℤ := [1,4,1,0,1,4,1,0,1,4,1,0]
  
  -- Convert the sums to use the simplified exponents
  have h₃ : (∑ k in Finset.Icc 1 12, z ^ k ^ 2) = ∑ k in Finset.Icc 1 12, z ^ (pattern.get (k - 1)) := by
    apply Finset.sum_congr rfl
    intro k hk
    rw [h₂]
    -- Here we would need to prove that k^2 mod 8 matches the pattern
    sorry -- This would require case analysis on k from 1 to 12

  have h₄ : (∑ k in Finset.Icc 1 12, 1 / z ^ k ^ 2) = ∑ k in Finset.Icc 1 12, z ^ (-(pattern.get (k - 1))) := by
    apply Finset.sum_congr rfl
    intro k hk
    rw [one_div, h₂]
    -- 1/z^a = z^(-a)
    rw [← zpow_neg]
    congr
    -- Again need to match with pattern
    sorry

  -- Now compute the actual sums
  -- The pattern repeats every 4 terms: [1,4,1,0]
  -- There are 3 full cycles (12 terms)
  -- Sum of one cycle: z^1 + z^4 + z^1 + z^0 = 2z + z^4 + 1
  -- Total sum: 3*(2z + z^4 + 1)
  -- Similarly for the reciprocal sum: 3*(2z^(-1) + z^(-4) + 1)
  
  -- Compute z^4 = (1+i)^4/(√2)^4 = -4/4 = -1
  have h₅ : z ^ 4 = -1 := by
    rw [h₀]
    simp only [Complex.mul_pow, Complex.div_pow, Complex.pow_add, Complex.pow_mul]
    simp only [Complex.I_pow_two, Complex.I_pow_four, pow_one, mul_neg, neg_mul, one_mul, mul_one]
    norm_num
    rw [← Complex.ofReal_pow, ← Complex.ofReal_pow, Real.sqrt_mul_self]
    simp only [Complex.ofReal_div, Complex.ofReal_neg, Complex.ofReal_one]
    norm_num

  -- Compute z + z^(-1) = 2Re(z) = 2*(1/√2) = √2
  have h₆ : z + z⁻¹ = Real.sqrt 2 := by
    rw [h₀, inv_div, Complex.inv_add_inv]
    simp only [Complex.inv_I, Complex.inv_one, mul_one, mul_neg, neg_mul, neg_neg]
    rw [← Complex.ofReal_div, ← Complex.ofReal_div, ← Complex.ofReal_add]
    simp only [Complex.ofReal_inj]
    field_simp
    ring

  -- Now compute the product (3*(2z + z^4 + 1)) * (3*(2z⁻¹ + z⁻⁴ + 1))
  -- = 9*(2z + (-1) + 1)*(2z⁻¹ + (-1) + 1)  [since z^4 = -1]
  -- = 9*(2z)*(2z⁻¹)
  -- = 9*4*(z*z⁻¹)
  -- = 36*1 = 36
  calc
    ((∑ k in Finset.Icc 1 12, z ^ k ^ 2) * (∑ k in Finset.Icc 1 12, 1 / z ^ k ^ 2))
      = (3 * (2 * z + z ^ 4 + 1)) * (3 * (2 * z⁻¹ + z⁻⁴ + 1)) := by
        -- This step requires proving the sums equal these expressions
        sorry
    _ = (3 * (2 * z + (-1) + 1)) * (3 * (2 * z⁻¹ + (-1) + 1)) := by
        rw [h₅, inv_eq_one_div, h₅, inv_neg, one_div, inv_one]
    _ = (3 * (2 * z)) * (3 * (2 * z⁻¹)) := by ring
    _ = 9 * (2 * z * 2 * z⁻¹) := by ring
    _ = 9 * (4 * (z * z⁻¹)) := by ring
    _ = 9 * 4 * 1 := by rw [mul_inv_cancel (show z ≠ 0 by rw [h₀]; norm_num)]
    _ = 36 := by norm_num
2025-04-13 10:13:13 - INFO - ----------------------------------------
2025-04-13 10:13:13 - INFO - 
Checking original code for all errors...
2025-04-13 10:18:16 - INFO - Original code contains 1 errors:
2025-04-13 10:18:16 - INFO - Error 1: line 101, type: other_error, message: expected token...
2025-04-13 10:18:16 - INFO - 
Starting multi-error continuous repair process...
2025-04-13 10:18:16 - INFO - 
===== Starting to fix all errors =====
2025-04-13 10:18:17 - INFO - 
Found 1 original errors:
2025-04-13 10:18:17 - INFO - Error 1: line 5, type: other_error, message: expected token...
2025-04-13 10:18:17 - INFO - 
Trying to fix error 1/1: line 5, type: other_error
2025-04-13 10:18:17 - INFO - Error message: expected token...
2025-04-13 10:18:17 - INFO - Removed header content, remaining 103 lines of code
2025-04-13 10:18:17 - INFO - Using specified target error line: 5
2025-04-13 10:18:18 - INFO - Found error at specified line: expected token
2025-04-13 10:18:18 - INFO - Error at line 5: expected token
2025-04-13 10:18:18 - INFO - 
==================================================
2025-04-13 10:18:18 - INFO - Code prepared, starting synthesis
2025-04-13 10:18:18 - INFO - Before part: /-- Let $z=\frac{1+i}{\sqrt{2}}.$What is $\left(z^{1^2}+z^{2^2}+z^{3^2}+\dots+z^{{12}^2}\right) \cdot \left(\frac{1}{z^{1^2}}+\frac{1}{z^{2^2}}+\frac{1}{z^{3^2}}+\dots+\frac{1}{z^{{12}^2}}\right)?$

$\textbf{(A) } 18 \qquad \textbf{(B) } 72-36\sqrt2 \qquad \textbf{(C) } 36 \qquad \textbf{(D) } 72 \qquad \textbf{(E) } 72+36\sqrt2$ Show that it is \textbf{(C) }36.-/
theorem amc12a_2019_p21 (z : ℂ) (h₀ : z = (1 + Complex.I) / Real.sqrt 2) :
2025-04-13 10:18:18 - INFO - Error line:   ((∑ k : ℤ in Finset.Icc 1 12, z ^ k ^ 2) * (∑ k : ℤ in Finset.Icc 1 12, 1 / z ^ k ^ 2)) = 36 := by
2025-04-13 10:18:18 - INFO - After part: -- First, observe that z is an 8th root of unity since:
  -- z = (1+i)/√2 = e^(πi/4)
  have h₁ : z ^ 8 = 1 := by
    rw [h₀]
    -- Compute z^8 = ((1+i)/√2)^8
    -- Using De Moivre's theorem since (1+i)/√2 has magnitude 1
    -- The angle of (1+i)/√2 is π/4, so 8*(π/4) = 2π
    simp only [Complex.mul_pow, Complex.div_pow, Complex.pow_add, Complex.pow_mul]
    -- Simplify using I^2 = -1
    simp only [Complex.I_pow_two, pow_one, mul_neg, neg_mul, one_mul, mul_one]
    -- Simplify the real parts
    rw [← Complex.ofReal_pow, ← Complex.ofReal_pow, Real.sqrt_mul_self]
    -- The numerator simplifies to (1+i)^8 = (2i)^4 = 16
    -- The denominator simplifies to (√2)^8 = 16
    -- So z^8 = 16/16 = 1
    simp only [Complex.ofReal_div, Complex.ofReal_one, Complex.normSq_eq_conj_mul_self]
    norm_num

  -- The key observation is that z^(k^2) is periodic modulo 8 because z^8 = 1
  -- So we can compute the exponents modulo 8
  -- First, let's compute the squares modulo 8 for k from 1 to 12
  have h₂ : ∀ k : ℤ, z ^ k ^ 2 = z ^ (k ^ 2 % 8) := by
    intro k
    -- Since z^8 = 1, exponents can be taken modulo 8
    rw [← pow_mod_orderOf, h₁]
    -- The orderOf z divides 8
    simp only [orderOf_eq_one_iff, ne_eq, h₁, not_false_eq_true, IsUnit.unit_spec]
    norm_cast
    rw [orderOf_eq_of_pow_and_pow_div_prime]
    exact h₁
    sorry -- This part would need more detailed justification about the order

  -- Now compute the squares modulo 8 for k from 1 to 12
  -- The pattern is: [1,4,1,0,1,4,1,0,1,4,1,0] for k=1..12
  -- So we can rewrite the sums using this periodicity
  let pattern : List ℤ := [1,4,1,0,1,4,1,0,1,4,1,0]
  
  -- Convert the sums to use the simplified exponents
  have h₃ : (∑ k in Finset.Icc 1 12, z ^ k ^ 2) = ∑ k in Finset.Icc 1 12, z ^ (pattern.get (k - 1)) := by
    apply Finset.sum_congr rfl
    intro k hk
    rw [h₂]
    -- Here we would need to prove that k^2 mod 8 matches the pattern
    sorry -- This would require case analysis on k from 1 to 12

  have h₄ : (∑ k in Finset.Icc 1 12, 1 / z ^ k ^ 2) = ∑ k in Finset.Icc 1 12, z ^ (-(pattern.get (k - 1))) := by
    apply Finset.sum_congr rfl
    intro k hk
    rw [one_div, h₂]
    -- 1/z^a = z^(-a)
    rw [← zpow_neg]
    congr
    -- Again need to match with pattern
    sorry

  -- Now compute the actual sums
  -- The pattern repeats every 4 terms: [1,4,1,0]
  -- There are 3 full cycles (12 terms)
  -- Sum of one cycle: z^1 + z^4 + z^1 + z^0 = 2z + z^4 + 1
  -- Total sum: 3*(2z + z^4 + 1)
  -- Similarly for the reciprocal sum: 3*(2z^(-1) + z^(-4) + 1)
  
  -- Compute z^4 = (1+i)^4/(√2)^4 = -4/4 = -1
  have h₅ : z ^ 4 = -1 := by
    rw [h₀]
    simp only [Complex.mul_pow, Complex.div_pow, Complex.pow_add, Complex.pow_mul]
    simp only [Complex.I_pow_two, Complex.I_pow_four, pow_one, mul_neg, neg_mul, one_mul, mul_one]
    norm_num
    rw [← Complex.ofReal_pow, ← Complex.ofReal_pow, Real.sqrt_mul_self]
    simp only [Complex.ofReal_div, Complex.ofReal_neg, Complex.ofReal_one]
    norm_num

  -- Compute z + z^(-1) = 2Re(z) = 2*(1/√2) = √2
  have h₆ : z + z⁻¹ = Real.sqrt 2 := by
    rw [h₀, inv_div, Complex.inv_add_inv]
    simp only [Complex.inv_I, Complex.inv_one, mul_one, mul_neg, neg_mul, neg_neg]
    rw [← Complex.ofReal_div, ← Complex.ofReal_div, ← Complex.ofReal_add]
    simp only [Complex.ofReal_inj]
    field_simp
    ring

  -- Now compute the product (3*(2z + z^4 + 1)) * (3*(2z⁻¹ + z⁻⁴ + 1))
  -- = 9*(2z + (-1) + 1)*(2z⁻¹ + (-1) + 1)  [since z^4 = -1]
  -- = 9*(2z)*(2z⁻¹)
  -- = 9*4*(z*z⁻¹)
  -- = 36*1 = 36
  calc
    ((∑ k in Finset.Icc 1 12, z ^ k ^ 2) * (∑ k in Finset.Icc 1 12, 1 / z ^ k ^ 2))
      = (3 * (2 * z + z ^ 4 + 1)) * (3 * (2 * z⁻¹ + z⁻⁴ + 1)) := by
        -- This step requires proving the sums equal these expressions
        sorry
    _ = (3 * (2 * z + (-1) + 1)) * (3 * (2 * z⁻¹ + (-1) + 1)) := by
        rw [h₅, inv_eq_one_div, h₅, inv_neg, one_div, inv_one]
    _ = (3 * (2 * z)) * (3 * (2 * z⁻¹)) := by ring
    _ = 9 * (2 * z * 2 * z⁻¹) := by ring
    _ = 9 * (4 * (z * z⁻¹)) := by ring
    _ = 9 * 4 * 1 := by rw [mul_inv_cancel (show z ≠ 0 by rw [h₀]; norm_num)]
    _ = 36 := by norm_num
2025-04-13 10:18:18 - INFO - ==================================================

2025-04-13 10:18:19 - INFO - Testing fragment: rw [justaplaceholder]
2025-04-13 10:18:19 - INFO - Original error line:   ((∑ k : ℤ in Finset.Icc 1 12, z ^ k ^ 2) * (∑ k : ℤ in Finset.Icc 1 12, 1 / z ^ k ^ 2)) = 36 := by
2025-04-13 10:18:22 - INFO - Testing fix: Original errors: 1, Fixed errors: 4
2025-04-13 10:18:22 - INFO - Result: False (introduced 4 new errors)
2025-04-13 10:18:22 - DEBUG - === New errors detail ===
2025-04-13 10:18:22 - DEBUG - New Error 1: line 5, type: syntax_error, message: unexpected token 'have'; expected ':=', 'where' or '|'
2025-04-13 10:18:22 - DEBUG - New Error 2: line 4, type: unknown_identifier, message: unknown identifier 'Complex.I'
2025-04-13 10:18:22 - DEBUG - New Error 3: line 4, type: unknown_identifier, message: unknown identifier 'Real.sqrt'
2025-04-13 10:18:22 - DEBUG - New Error 4: line 5, type: function_expected, message: function expected at
  rw
term has type
  ?m.72
2025-04-13 10:18:22 - INFO - Testing fragment: rw [<- justaplaceholder]
2025-04-13 10:18:22 - INFO - Original error line:   ((∑ k : ℤ in Finset.Icc 1 12, z ^ k ^ 2) * (∑ k : ℤ in Finset.Icc 1 12, 1 / z ^ k ^ 2)) = 36 := by
2025-04-13 10:18:24 - INFO - Testing fix: Original errors: 1, Fixed errors: 4
2025-04-13 10:18:24 - INFO - Result: False (introduced 4 new errors)
2025-04-13 10:18:24 - DEBUG - === New errors detail ===
2025-04-13 10:18:24 - DEBUG - New Error 1: line 5, type: syntax_error, message: unexpected token 'have'; expected ':=', 'where' or '|'
2025-04-13 10:18:24 - DEBUG - New Error 2: line 4, type: unknown_identifier, message: unknown identifier 'Complex.I'
2025-04-13 10:18:24 - DEBUG - New Error 3: line 4, type: unknown_identifier, message: unknown identifier 'Real.sqrt'
2025-04-13 10:18:24 - DEBUG - New Error 4: line 5, type: function_expected, message: function expected at
  rw
term has type
  ?m.72
2025-04-13 10:18:24 - INFO - Testing fragment: simp
2025-04-13 10:18:24 - INFO - Original error line:   ((∑ k : ℤ in Finset.Icc 1 12, z ^ k ^ 2) * (∑ k : ℤ in Finset.Icc 1 12, 1 / z ^ k ^ 2)) = 36 := by
2025-04-13 10:18:27 - INFO - Testing fix: Original errors: 1, Fixed errors: 3
2025-04-13 10:18:27 - INFO - Result: False (introduced 3 new errors)
2025-04-13 10:18:27 - DEBUG - === New errors detail ===
2025-04-13 10:18:27 - DEBUG - New Error 1: line 5, type: syntax_error, message: unexpected token 'have'; expected ':=', 'where' or '|'
2025-04-13 10:18:27 - DEBUG - New Error 2: line 4, type: unknown_identifier, message: unknown identifier 'Complex.I'
2025-04-13 10:18:27 - DEBUG - New Error 3: line 4, type: unknown_identifier, message: unknown identifier 'Real.sqrt'
2025-04-13 10:18:27 - INFO - Testing fragment: field_simp
2025-04-13 10:18:27 - INFO - Original error line:   ((∑ k : ℤ in Finset.Icc 1 12, z ^ k ^ 2) * (∑ k : ℤ in Finset.Icc 1 12, 1 / z ^ k ^ 2)) = 36 := by
2025-04-13 10:20:40 - INFO - Log file initialized at 2025-04-13T10:20:40.444670
2025-04-13 10:20:40 - INFO - ===== LOG FILE LOCATION =====
2025-04-13 10:20:40 - INFO - Detailed log file created at: ./minif2f/lean_fixed/1.log
2025-04-13 10:20:40 - INFO - ===============================
2025-04-13 10:20:40 - INFO - Original code:
2025-04-13 10:20:40 - INFO - ----------------------------------------
2025-04-13 10:20:40 - INFO - import Mathlib
import Aesop

set_option maxHeartbeats 0

open BigOperators Real Nat Topology Rat

/-- Let $z=\frac{1+i}{\sqrt{2}}.$What is $\left(z^{1^2}+z^{2^2}+z^{3^2}+\dots+z^{{12}^2}\right) \cdot \left(\frac{1}{z^{1^2}}+\frac{1}{z^{2^2}}+\frac{1}{z^{3^2}}+\dots+\frac{1}{z^{{12}^2}}\right)?$

$\textbf{(A) } 18 \qquad \textbf{(B) } 72-36\sqrt2 \qquad \textbf{(C) } 36 \qquad \textbf{(D) } 72 \qquad \textbf{(E) } 72+36\sqrt2$ Show that it is \textbf{(C) }36.-/
theorem amc12a_2019_p21 (z : ℂ) (h₀ : z = (1 + Complex.I) / Real.sqrt 2) :
  ((∑ k : ℤ in Finset.Icc 1 12, z ^ k ^ 2) * (∑ k : ℤ in Finset.Icc 1 12, 1 / z ^ k ^ 2)) = 36 := by
  -- First, observe that z is an 8th root of unity since:
  -- z = (1+i)/√2 = e^(πi/4)
  have h₁ : z ^ 8 = 1 := by
    rw [h₀]
    -- Compute z^8 = ((1+i)/√2)^8
    -- Using De Moivre's theorem since (1+i)/√2 has magnitude 1
    -- The angle of (1+i)/√2 is π/4, so 8*(π/4) = 2π
    simp only [Complex.mul_pow, Complex.div_pow, Complex.pow_add, Complex.pow_mul]
    -- Simplify using I^2 = -1
    simp only [Complex.I_pow_two, pow_one, mul_neg, neg_mul, one_mul, mul_one]
    -- Simplify the real parts
    rw [← Complex.ofReal_pow, ← Complex.ofReal_pow, Real.sqrt_mul_self]
    -- The numerator simplifies to (1+i)^8 = (2i)^4 = 16
    -- The denominator simplifies to (√2)^8 = 16
    -- So z^8 = 16/16 = 1
    simp only [Complex.ofReal_div, Complex.ofReal_one, Complex.normSq_eq_conj_mul_self]
    norm_num

  -- The key observation is that z^(k^2) is periodic modulo 8 because z^8 = 1
  -- So we can compute the exponents modulo 8
  -- First, let's compute the squares modulo 8 for k from 1 to 12
  have h₂ : ∀ k : ℤ, z ^ k ^ 2 = z ^ (k ^ 2 % 8) := by
    intro k
    -- Since z^8 = 1, exponents can be taken modulo 8
    rw [← pow_mod_orderOf, h₁]
    -- The orderOf z divides 8
    simp only [orderOf_eq_one_iff, ne_eq, h₁, not_false_eq_true, IsUnit.unit_spec]
    norm_cast
    rw [orderOf_eq_of_pow_and_pow_div_prime]
    exact h₁
    sorry -- This part would need more detailed justification about the order

  -- Now compute the squares modulo 8 for k from 1 to 12
  -- The pattern is: [1,4,1,0,1,4,1,0,1,4,1,0] for k=1..12
  -- So we can rewrite the sums using this periodicity
  let pattern : List ℤ := [1,4,1,0,1,4,1,0,1,4,1,0]
  
  -- Convert the sums to use the simplified exponents
  have h₃ : (∑ k in Finset.Icc 1 12, z ^ k ^ 2) = ∑ k in Finset.Icc 1 12, z ^ (pattern.get (k - 1)) := by
    apply Finset.sum_congr rfl
    intro k hk
    rw [h₂]
    -- Here we would need to prove that k^2 mod 8 matches the pattern
    sorry -- This would require case analysis on k from 1 to 12

  have h₄ : (∑ k in Finset.Icc 1 12, 1 / z ^ k ^ 2) = ∑ k in Finset.Icc 1 12, z ^ (-(pattern.get (k - 1))) := by
    apply Finset.sum_congr rfl
    intro k hk
    rw [one_div, h₂]
    -- 1/z^a = z^(-a)
    rw [← zpow_neg]
    congr
    -- Again need to match with pattern
    sorry

  -- Now compute the actual sums
  -- The pattern repeats every 4 terms: [1,4,1,0]
  -- There are 3 full cycles (12 terms)
  -- Sum of one cycle: z^1 + z^4 + z^1 + z^0 = 2z + z^4 + 1
  -- Total sum: 3*(2z + z^4 + 1)
  -- Similarly for the reciprocal sum: 3*(2z^(-1) + z^(-4) + 1)
  
  -- Compute z^4 = (1+i)^4/(√2)^4 = -4/4 = -1
  have h₅ : z ^ 4 = -1 := by
    rw [h₀]
    simp only [Complex.mul_pow, Complex.div_pow, Complex.pow_add, Complex.pow_mul]
    simp only [Complex.I_pow_two, Complex.I_pow_four, pow_one, mul_neg, neg_mul, one_mul, mul_one]
    norm_num
    rw [← Complex.ofReal_pow, ← Complex.ofReal_pow, Real.sqrt_mul_self]
    simp only [Complex.ofReal_div, Complex.ofReal_neg, Complex.ofReal_one]
    norm_num

  -- Compute z + z^(-1) = 2Re(z) = 2*(1/√2) = √2
  have h₆ : z + z⁻¹ = Real.sqrt 2 := by
    rw [h₀, inv_div, Complex.inv_add_inv]
    simp only [Complex.inv_I, Complex.inv_one, mul_one, mul_neg, neg_mul, neg_neg]
    rw [← Complex.ofReal_div, ← Complex.ofReal_div, ← Complex.ofReal_add]
    simp only [Complex.ofReal_inj]
    field_simp
    ring

  -- Now compute the product (3*(2z + z^4 + 1)) * (3*(2z⁻¹ + z⁻⁴ + 1))
  -- = 9*(2z + (-1) + 1)*(2z⁻¹ + (-1) + 1)  [since z^4 = -1]
  -- = 9*(2z)*(2z⁻¹)
  -- = 9*4*(z*z⁻¹)
  -- = 36*1 = 36
  calc
    ((∑ k in Finset.Icc 1 12, z ^ k ^ 2) * (∑ k in Finset.Icc 1 12, 1 / z ^ k ^ 2))
      = (3 * (2 * z + z ^ 4 + 1)) * (3 * (2 * z⁻¹ + z⁻⁴ + 1)) := by
        -- This step requires proving the sums equal these expressions
        sorry
    _ = (3 * (2 * z + (-1) + 1)) * (3 * (2 * z⁻¹ + (-1) + 1)) := by
        rw [h₅, inv_eq_one_div, h₅, inv_neg, one_div, inv_one]
    _ = (3 * (2 * z)) * (3 * (2 * z⁻¹)) := by ring
    _ = 9 * (2 * z * 2 * z⁻¹) := by ring
    _ = 9 * (4 * (z * z⁻¹)) := by ring
    _ = 9 * 4 * 1 := by rw [mul_inv_cancel (show z ≠ 0 by rw [h₀]; norm_num)]
    _ = 36 := by norm_num
2025-04-13 10:20:40 - INFO - ----------------------------------------
2025-04-13 10:20:40 - INFO - 
Checking original code for all errors...
2025-04-13 10:21:24 - INFO - Original code contains 1 errors:
2025-04-13 10:21:24 - INFO - Error 1: line 101, type: other_error, message: expected token...
2025-04-13 10:21:24 - INFO - 
Starting multi-error continuous repair process...
2025-04-13 10:21:24 - INFO - 
===== Starting to fix all errors =====
2025-04-13 10:21:25 - INFO - 
Found 1 original errors:
2025-04-13 10:21:25 - INFO - Error 1: line 5, type: other_error, message: expected token...
2025-04-13 10:21:25 - INFO - 
Trying to fix error 1/1: line 5, type: other_error
2025-04-13 10:21:25 - INFO - Error message: expected token...
2025-04-13 10:21:25 - INFO - Removed header content, remaining 103 lines of code
2025-04-13 10:21:25 - INFO - Using specified target error line: 5
2025-04-13 10:21:26 - INFO - Found error at specified line: expected token
2025-04-13 10:21:26 - INFO - Error at line 5: expected token
2025-04-13 10:21:26 - INFO - 
==================================================
2025-04-13 10:21:26 - INFO - Code prepared, starting synthesis
2025-04-13 10:21:26 - INFO - Before part: /-- Let $z=\frac{1+i}{\sqrt{2}}.$What is $\left(z^{1^2}+z^{2^2}+z^{3^2}+\dots+z^{{12}^2}\right) \cdot \left(\frac{1}{z^{1^2}}+\frac{1}{z^{2^2}}+\frac{1}{z^{3^2}}+\dots+\frac{1}{z^{{12}^2}}\right)?$

$\textbf{(A) } 18 \qquad \textbf{(B) } 72-36\sqrt2 \qquad \textbf{(C) } 36 \qquad \textbf{(D) } 72 \qquad \textbf{(E) } 72+36\sqrt2$ Show that it is \textbf{(C) }36.-/
theorem amc12a_2019_p21 (z : ℂ) (h₀ : z = (1 + Complex.I) / Real.sqrt 2) :
2025-04-13 10:21:26 - INFO - Error line:   ((∑ k : ℤ in Finset.Icc 1 12, z ^ k ^ 2) * (∑ k : ℤ in Finset.Icc 1 12, 1 / z ^ k ^ 2)) = 36 := by
2025-04-13 10:21:26 - INFO - After part: -- First, observe that z is an 8th root of unity since:
  -- z = (1+i)/√2 = e^(πi/4)
  have h₁ : z ^ 8 = 1 := by
    rw [h₀]
    -- Compute z^8 = ((1+i)/√2)^8
    -- Using De Moivre's theorem since (1+i)/√2 has magnitude 1
    -- The angle of (1+i)/√2 is π/4, so 8*(π/4) = 2π
    simp only [Complex.mul_pow, Complex.div_pow, Complex.pow_add, Complex.pow_mul]
    -- Simplify using I^2 = -1
    simp only [Complex.I_pow_two, pow_one, mul_neg, neg_mul, one_mul, mul_one]
    -- Simplify the real parts
    rw [← Complex.ofReal_pow, ← Complex.ofReal_pow, Real.sqrt_mul_self]
    -- The numerator simplifies to (1+i)^8 = (2i)^4 = 16
    -- The denominator simplifies to (√2)^8 = 16
    -- So z^8 = 16/16 = 1
    simp only [Complex.ofReal_div, Complex.ofReal_one, Complex.normSq_eq_conj_mul_self]
    norm_num

  -- The key observation is that z^(k^2) is periodic modulo 8 because z^8 = 1
  -- So we can compute the exponents modulo 8
  -- First, let's compute the squares modulo 8 for k from 1 to 12
  have h₂ : ∀ k : ℤ, z ^ k ^ 2 = z ^ (k ^ 2 % 8) := by
    intro k
    -- Since z^8 = 1, exponents can be taken modulo 8
    rw [← pow_mod_orderOf, h₁]
    -- The orderOf z divides 8
    simp only [orderOf_eq_one_iff, ne_eq, h₁, not_false_eq_true, IsUnit.unit_spec]
    norm_cast
    rw [orderOf_eq_of_pow_and_pow_div_prime]
    exact h₁
    sorry -- This part would need more detailed justification about the order

  -- Now compute the squares modulo 8 for k from 1 to 12
  -- The pattern is: [1,4,1,0,1,4,1,0,1,4,1,0] for k=1..12
  -- So we can rewrite the sums using this periodicity
  let pattern : List ℤ := [1,4,1,0,1,4,1,0,1,4,1,0]
  
  -- Convert the sums to use the simplified exponents
  have h₃ : (∑ k in Finset.Icc 1 12, z ^ k ^ 2) = ∑ k in Finset.Icc 1 12, z ^ (pattern.get (k - 1)) := by
    apply Finset.sum_congr rfl
    intro k hk
    rw [h₂]
    -- Here we would need to prove that k^2 mod 8 matches the pattern
    sorry -- This would require case analysis on k from 1 to 12

  have h₄ : (∑ k in Finset.Icc 1 12, 1 / z ^ k ^ 2) = ∑ k in Finset.Icc 1 12, z ^ (-(pattern.get (k - 1))) := by
    apply Finset.sum_congr rfl
    intro k hk
    rw [one_div, h₂]
    -- 1/z^a = z^(-a)
    rw [← zpow_neg]
    congr
    -- Again need to match with pattern
    sorry

  -- Now compute the actual sums
  -- The pattern repeats every 4 terms: [1,4,1,0]
  -- There are 3 full cycles (12 terms)
  -- Sum of one cycle: z^1 + z^4 + z^1 + z^0 = 2z + z^4 + 1
  -- Total sum: 3*(2z + z^4 + 1)
  -- Similarly for the reciprocal sum: 3*(2z^(-1) + z^(-4) + 1)
  
  -- Compute z^4 = (1+i)^4/(√2)^4 = -4/4 = -1
  have h₅ : z ^ 4 = -1 := by
    rw [h₀]
    simp only [Complex.mul_pow, Complex.div_pow, Complex.pow_add, Complex.pow_mul]
    simp only [Complex.I_pow_two, Complex.I_pow_four, pow_one, mul_neg, neg_mul, one_mul, mul_one]
    norm_num
    rw [← Complex.ofReal_pow, ← Complex.ofReal_pow, Real.sqrt_mul_self]
    simp only [Complex.ofReal_div, Complex.ofReal_neg, Complex.ofReal_one]
    norm_num

  -- Compute z + z^(-1) = 2Re(z) = 2*(1/√2) = √2
  have h₆ : z + z⁻¹ = Real.sqrt 2 := by
    rw [h₀, inv_div, Complex.inv_add_inv]
    simp only [Complex.inv_I, Complex.inv_one, mul_one, mul_neg, neg_mul, neg_neg]
    rw [← Complex.ofReal_div, ← Complex.ofReal_div, ← Complex.ofReal_add]
    simp only [Complex.ofReal_inj]
    field_simp
    ring

  -- Now compute the product (3*(2z + z^4 + 1)) * (3*(2z⁻¹ + z⁻⁴ + 1))
  -- = 9*(2z + (-1) + 1)*(2z⁻¹ + (-1) + 1)  [since z^4 = -1]
  -- = 9*(2z)*(2z⁻¹)
  -- = 9*4*(z*z⁻¹)
  -- = 36*1 = 36
  calc
    ((∑ k in Finset.Icc 1 12, z ^ k ^ 2) * (∑ k in Finset.Icc 1 12, 1 / z ^ k ^ 2))
      = (3 * (2 * z + z ^ 4 + 1)) * (3 * (2 * z⁻¹ + z⁻⁴ + 1)) := by
        -- This step requires proving the sums equal these expressions
        sorry
    _ = (3 * (2 * z + (-1) + 1)) * (3 * (2 * z⁻¹ + (-1) + 1)) := by
        rw [h₅, inv_eq_one_div, h₅, inv_neg, one_div, inv_one]
    _ = (3 * (2 * z)) * (3 * (2 * z⁻¹)) := by ring
    _ = 9 * (2 * z * 2 * z⁻¹) := by ring
    _ = 9 * (4 * (z * z⁻¹)) := by ring
    _ = 9 * 4 * 1 := by rw [mul_inv_cancel (show z ≠ 0 by rw [h₀]; norm_num)]
    _ = 36 := by norm_num
2025-04-13 10:21:26 - INFO - ==================================================

2025-04-13 10:21:27 - INFO - Testing fragment: rw [justaplaceholder]
2025-04-13 10:21:27 - INFO - Original error line:   ((∑ k : ℤ in Finset.Icc 1 12, z ^ k ^ 2) * (∑ k : ℤ in Finset.Icc 1 12, 1 / z ^ k ^ 2)) = 36 := by
2025-04-13 10:21:29 - INFO - Testing fix: Original errors: 1, Fixed errors: 4
2025-04-13 10:21:29 - INFO - Result: False (introduced 4 new errors)
2025-04-13 10:21:29 - DEBUG - === New errors detail ===
2025-04-13 10:21:29 - DEBUG - New Error 1: line 5, type: syntax_error, message: unexpected token 'have'; expected ':=', 'where' or '|'
2025-04-13 10:21:29 - DEBUG - New Error 2: line 4, type: unknown_identifier, message: unknown identifier 'Complex.I'
2025-04-13 10:21:29 - DEBUG - New Error 3: line 4, type: unknown_identifier, message: unknown identifier 'Real.sqrt'
2025-04-13 10:21:29 - DEBUG - New Error 4: line 5, type: function_expected, message: function expected at
  rw
term has type
  ?m.72
2025-04-13 10:21:29 - INFO - Testing fragment: rw [<- justaplaceholder]
2025-04-13 10:21:29 - INFO - Original error line:   ((∑ k : ℤ in Finset.Icc 1 12, z ^ k ^ 2) * (∑ k : ℤ in Finset.Icc 1 12, 1 / z ^ k ^ 2)) = 36 := by
2025-04-13 10:21:31 - INFO - Testing fix: Original errors: 1, Fixed errors: 4
2025-04-13 10:21:31 - INFO - Result: False (introduced 4 new errors)
2025-04-13 10:21:31 - DEBUG - === New errors detail ===
2025-04-13 10:21:31 - DEBUG - New Error 1: line 5, type: syntax_error, message: unexpected token 'have'; expected ':=', 'where' or '|'
2025-04-13 10:21:31 - DEBUG - New Error 2: line 4, type: unknown_identifier, message: unknown identifier 'Complex.I'
2025-04-13 10:21:31 - DEBUG - New Error 3: line 4, type: unknown_identifier, message: unknown identifier 'Real.sqrt'
2025-04-13 10:21:31 - DEBUG - New Error 4: line 5, type: function_expected, message: function expected at
  rw
term has type
  ?m.72
2025-04-13 10:21:31 - INFO - Testing fragment: simp
2025-04-13 10:21:31 - INFO - Original error line:   ((∑ k : ℤ in Finset.Icc 1 12, z ^ k ^ 2) * (∑ k : ℤ in Finset.Icc 1 12, 1 / z ^ k ^ 2)) = 36 := by
2025-04-13 10:21:33 - INFO - Testing fix: Original errors: 1, Fixed errors: 3
2025-04-13 10:21:33 - INFO - Result: False (introduced 3 new errors)
2025-04-13 10:21:33 - DEBUG - === New errors detail ===
2025-04-13 10:21:33 - DEBUG - New Error 1: line 5, type: syntax_error, message: unexpected token 'have'; expected ':=', 'where' or '|'
2025-04-13 10:21:33 - DEBUG - New Error 2: line 4, type: unknown_identifier, message: unknown identifier 'Complex.I'
2025-04-13 10:21:33 - DEBUG - New Error 3: line 4, type: unknown_identifier, message: unknown identifier 'Real.sqrt'
2025-04-13 10:21:33 - INFO - Testing fragment: field_simp
2025-04-13 10:21:33 - INFO - Original error line:   ((∑ k : ℤ in Finset.Icc 1 12, z ^ k ^ 2) * (∑ k : ℤ in Finset.Icc 1 12, 1 / z ^ k ^ 2)) = 36 := by
2025-04-13 10:21:35 - INFO - Testing fix: Original errors: 1, Fixed errors: 3
2025-04-13 10:21:35 - INFO - Result: False (introduced 3 new errors)
2025-04-13 10:21:35 - DEBUG - === New errors detail ===
2025-04-13 10:21:35 - DEBUG - New Error 1: line 5, type: syntax_error, message: unexpected token 'have'; expected ':=', 'where' or '|'
2025-04-13 10:21:35 - DEBUG - New Error 2: line 4, type: unknown_identifier, message: unknown identifier 'Complex.I'
2025-04-13 10:21:35 - DEBUG - New Error 3: line 4, type: unknown_identifier, message: unknown identifier 'Real.sqrt'
2025-04-13 10:21:35 - INFO - Testing fragment: norm_num
2025-04-13 10:21:35 - INFO - Original error line:   ((∑ k : ℤ in Finset.Icc 1 12, z ^ k ^ 2) * (∑ k : ℤ in Finset.Icc 1 12, 1 / z ^ k ^ 2)) = 36 := by
2025-04-13 10:21:37 - INFO - Testing fix: Original errors: 1, Fixed errors: 3
2025-04-13 10:21:37 - INFO - Result: False (introduced 3 new errors)
2025-04-13 10:21:37 - DEBUG - === New errors detail ===
2025-04-13 10:21:37 - DEBUG - New Error 1: line 5, type: syntax_error, message: unexpected token 'have'; expected ':=', 'where' or '|'
2025-04-13 10:21:37 - DEBUG - New Error 2: line 4, type: unknown_identifier, message: unknown identifier 'Complex.I'
2025-04-13 10:21:37 - DEBUG - New Error 3: line 4, type: unknown_identifier, message: unknown identifier 'Real.sqrt'
2025-04-13 10:21:37 - INFO - Testing fragment: ring
2025-04-13 10:21:37 - INFO - Original error line:   ((∑ k : ℤ in Finset.Icc 1 12, z ^ k ^ 2) * (∑ k : ℤ in Finset.Icc 1 12, 1 / z ^ k ^ 2)) = 36 := by
2025-04-13 10:21:39 - INFO - Testing fix: Original errors: 1, Fixed errors: 3
2025-04-13 10:21:39 - INFO - Result: False (introduced 3 new errors)
2025-04-13 10:21:39 - DEBUG - === New errors detail ===
2025-04-13 10:21:39 - DEBUG - New Error 1: line 5, type: syntax_error, message: unexpected token 'have'; expected ':=', 'where' or '|'
2025-04-13 10:21:39 - DEBUG - New Error 2: line 4, type: unknown_identifier, message: unknown identifier 'Complex.I'
2025-04-13 10:21:39 - DEBUG - New Error 3: line 4, type: unknown_identifier, message: unknown identifier 'Real.sqrt'
2025-04-13 10:21:39 - INFO - Testing fragment: ring_nf
2025-04-13 10:21:39 - INFO - Original error line:   ((∑ k : ℤ in Finset.Icc 1 12, z ^ k ^ 2) * (∑ k : ℤ in Finset.Icc 1 12, 1 / z ^ k ^ 2)) = 36 := by
2025-04-13 10:21:41 - INFO - Testing fix: Original errors: 1, Fixed errors: 3
2025-04-13 10:21:41 - INFO - Result: False (introduced 3 new errors)
2025-04-13 10:21:41 - DEBUG - === New errors detail ===
2025-04-13 10:21:41 - DEBUG - New Error 1: line 5, type: syntax_error, message: unexpected token 'have'; expected ':=', 'where' or '|'
2025-04-13 10:21:41 - DEBUG - New Error 2: line 4, type: unknown_identifier, message: unknown identifier 'Complex.I'
2025-04-13 10:21:41 - DEBUG - New Error 3: line 4, type: unknown_identifier, message: unknown identifier 'Real.sqrt'
2025-04-13 10:21:41 - INFO - Testing fragment: omega
2025-04-13 10:21:41 - INFO - Original error line:   ((∑ k : ℤ in Finset.Icc 1 12, z ^ k ^ 2) * (∑ k : ℤ in Finset.Icc 1 12, 1 / z ^ k ^ 2)) = 36 := by
2025-04-13 10:21:49 - INFO - Testing fix: Original errors: 1, Fixed errors: 3
2025-04-13 10:21:49 - INFO - Result: False (introduced 3 new errors)
2025-04-13 10:21:49 - DEBUG - === New errors detail ===
2025-04-13 10:21:49 - DEBUG - New Error 1: line 5, type: syntax_error, message: unexpected token 'have'; expected ':=', 'where' or '|'
2025-04-13 10:21:49 - DEBUG - New Error 2: line 4, type: unknown_identifier, message: unknown identifier 'Complex.I'
2025-04-13 10:21:49 - DEBUG - New Error 3: line 4, type: unknown_identifier, message: unknown identifier 'Real.sqrt'
2025-04-13 10:21:49 - INFO - Testing fragment: linarith
2025-04-13 10:21:49 - INFO - Original error line:   ((∑ k : ℤ in Finset.Icc 1 12, z ^ k ^ 2) * (∑ k : ℤ in Finset.Icc 1 12, 1 / z ^ k ^ 2)) = 36 := by
2025-04-13 10:24:47 - INFO - Testing fix: Original errors: 1, Fixed errors: 3
2025-04-13 10:24:47 - INFO - Result: False (introduced 3 new errors)
2025-04-13 10:24:47 - DEBUG - === New errors detail ===
2025-04-13 10:24:47 - DEBUG - New Error 1: line 5, type: syntax_error, message: unexpected token 'have'; expected ':=', 'where' or '|'
2025-04-13 10:24:47 - DEBUG - New Error 2: line 4, type: unknown_identifier, message: unknown identifier 'Complex.I'
2025-04-13 10:24:47 - DEBUG - New Error 3: line 4, type: unknown_identifier, message: unknown identifier 'Real.sqrt'
2025-04-13 10:24:47 - INFO - Testing fragment: nlinarith
2025-04-13 10:24:47 - INFO - Original error line:   ((∑ k : ℤ in Finset.Icc 1 12, z ^ k ^ 2) * (∑ k : ℤ in Finset.Icc 1 12, 1 / z ^ k ^ 2)) = 36 := by
2025-04-13 10:24:49 - INFO - Testing fix: Original errors: 1, Fixed errors: 3
2025-04-13 10:24:49 - INFO - Result: False (introduced 3 new errors)
2025-04-13 10:24:49 - DEBUG - === New errors detail ===
2025-04-13 10:24:49 - DEBUG - New Error 1: line 5, type: syntax_error, message: unexpected token 'have'; expected ':=', 'where' or '|'
2025-04-13 10:24:49 - DEBUG - New Error 2: line 4, type: unknown_identifier, message: unknown identifier 'Complex.I'
2025-04-13 10:24:49 - DEBUG - New Error 3: line 4, type: unknown_identifier, message: unknown identifier 'Real.sqrt'
2025-04-13 10:24:49 - INFO - Failed attempt time: 203.97 seconds
2025-04-13 10:24:49 - INFO - ❌ Could not generate fix for error at line 5
2025-04-13 10:24:50 - INFO - 
===== Fix attempt completed =====
2025-04-13 10:24:50 - INFO - Original errors: 1
2025-04-13 10:24:50 - INFO - Fixed errors: 0
2025-04-13 10:24:50 - INFO - Failed errors: 1
2025-04-13 10:24:50 - INFO - Remaining errors: 1
2025-04-13 10:24:50 - INFO - Total time: 205.97 seconds
2025-04-13 10:24:50 - INFO - 
Final fixed code:
2025-04-13 10:24:50 - INFO - ----------------------------------------
2025-04-13 10:24:50 - INFO - /-- Let $z=\frac{1+i}{\sqrt{2}}.$What is $\left(z^{1^2}+z^{2^2}+z^{3^2}+\dots+z^{{12}^2}\right) \cdot \left(\frac{1}{z^{1^2}}+\frac{1}{z^{2^2}}+\frac{1}{z^{3^2}}+\dots+\frac{1}{z^{{12}^2}}\right)?$

$\textbf{(A) } 18 \qquad \textbf{(B) } 72-36\sqrt2 \qquad \textbf{(C) } 36 \qquad \textbf{(D) } 72 \qquad \textbf{(E) } 72+36\sqrt2$ Show that it is \textbf{(C) }36.-/
theorem amc12a_2019_p21 (z : ℂ) (h₀ : z = (1 + Complex.I) / Real.sqrt 2) :
  ((∑ k : ℤ in Finset.Icc 1 12, z ^ k ^ 2) * (∑ k : ℤ in Finset.Icc 1 12, 1 / z ^ k ^ 2)) = 36 := by
  -- First, observe that z is an 8th root of unity since:
  -- z = (1+i)/√2 = e^(πi/4)
  have h₁ : z ^ 8 = 1 := by
    rw [h₀]
    -- Compute z^8 = ((1+i)/√2)^8
    -- Using De Moivre's theorem since (1+i)/√2 has magnitude 1
    -- The angle of (1+i)/√2 is π/4, so 8*(π/4) = 2π
    simp only [Complex.mul_pow, Complex.div_pow, Complex.pow_add, Complex.pow_mul]
    -- Simplify using I^2 = -1
    simp only [Complex.I_pow_two, pow_one, mul_neg, neg_mul, one_mul, mul_one]
    -- Simplify the real parts
    rw [← Complex.ofReal_pow, ← Complex.ofReal_pow, Real.sqrt_mul_self]
    -- The numerator simplifies to (1+i)^8 = (2i)^4 = 16
    -- The denominator simplifies to (√2)^8 = 16
    -- So z^8 = 16/16 = 1
    simp only [Complex.ofReal_div, Complex.ofReal_one, Complex.normSq_eq_conj_mul_self]
    norm_num

  -- The key observation is that z^(k^2) is periodic modulo 8 because z^8 = 1
  -- So we can compute the exponents modulo 8
  -- First, let's compute the squares modulo 8 for k from 1 to 12
  have h₂ : ∀ k : ℤ, z ^ k ^ 2 = z ^ (k ^ 2 % 8) := by
    intro k
    -- Since z^8 = 1, exponents can be taken modulo 8
    rw [← pow_mod_orderOf, h₁]
    -- The orderOf z divides 8
    simp only [orderOf_eq_one_iff, ne_eq, h₁, not_false_eq_true, IsUnit.unit_spec]
    norm_cast
    rw [orderOf_eq_of_pow_and_pow_div_prime]
    exact h₁
    sorry -- This part would need more detailed justification about the order

  -- Now compute the squares modulo 8 for k from 1 to 12
  -- The pattern is: [1,4,1,0,1,4,1,0,1,4,1,0] for k=1..12
  -- So we can rewrite the sums using this periodicity
  let pattern : List ℤ := [1,4,1,0,1,4,1,0,1,4,1,0]
  
  -- Convert the sums to use the simplified exponents
  have h₃ : (∑ k in Finset.Icc 1 12, z ^ k ^ 2) = ∑ k in Finset.Icc 1 12, z ^ (pattern.get (k - 1)) := by
    apply Finset.sum_congr rfl
    intro k hk
    rw [h₂]
    -- Here we would need to prove that k^2 mod 8 matches the pattern
    sorry -- This would require case analysis on k from 1 to 12

  have h₄ : (∑ k in Finset.Icc 1 12, 1 / z ^ k ^ 2) = ∑ k in Finset.Icc 1 12, z ^ (-(pattern.get (k - 1))) := by
    apply Finset.sum_congr rfl
    intro k hk
    rw [one_div, h₂]
    -- 1/z^a = z^(-a)
    rw [← zpow_neg]
    congr
    -- Again need to match with pattern
    sorry

  -- Now compute the actual sums
  -- The pattern repeats every 4 terms: [1,4,1,0]
  -- There are 3 full cycles (12 terms)
  -- Sum of one cycle: z^1 + z^4 + z^1 + z^0 = 2z + z^4 + 1
  -- Total sum: 3*(2z + z^4 + 1)
  -- Similarly for the reciprocal sum: 3*(2z^(-1) + z^(-4) + 1)
  
  -- Compute z^4 = (1+i)^4/(√2)^4 = -4/4 = -1
  have h₅ : z ^ 4 = -1 := by
    rw [h₀]
    simp only [Complex.mul_pow, Complex.div_pow, Complex.pow_add, Complex.pow_mul]
    simp only [Complex.I_pow_two, Complex.I_pow_four, pow_one, mul_neg, neg_mul, one_mul, mul_one]
    norm_num
    rw [← Complex.ofReal_pow, ← Complex.ofReal_pow, Real.sqrt_mul_self]
    simp only [Complex.ofReal_div, Complex.ofReal_neg, Complex.ofReal_one]
    norm_num

  -- Compute z + z^(-1) = 2Re(z) = 2*(1/√2) = √2
  have h₆ : z + z⁻¹ = Real.sqrt 2 := by
    rw [h₀, inv_div, Complex.inv_add_inv]
    simp only [Complex.inv_I, Complex.inv_one, mul_one, mul_neg, neg_mul, neg_neg]
    rw [← Complex.ofReal_div, ← Complex.ofReal_div, ← Complex.ofReal_add]
    simp only [Complex.ofReal_inj]
    field_simp
    ring

  -- Now compute the product (3*(2z + z^4 + 1)) * (3*(2z⁻¹ + z⁻⁴ + 1))
  -- = 9*(2z + (-1) + 1)*(2z⁻¹ + (-1) + 1)  [since z^4 = -1]
  -- = 9*(2z)*(2z⁻¹)
  -- = 9*4*(z*z⁻¹)
  -- = 36*1 = 36
  calc
    ((∑ k in Finset.Icc 1 12, z ^ k ^ 2) * (∑ k in Finset.Icc 1 12, 1 / z ^ k ^ 2))
      = (3 * (2 * z + z ^ 4 + 1)) * (3 * (2 * z⁻¹ + z⁻⁴ + 1)) := by
        -- This step requires proving the sums equal these expressions
        sorry
    _ = (3 * (2 * z + (-1) + 1)) * (3 * (2 * z⁻¹ + (-1) + 1)) := by
        rw [h₅, inv_eq_one_div, h₅, inv_neg, one_div, inv_one]
    _ = (3 * (2 * z)) * (3 * (2 * z⁻¹)) := by ring
    _ = 9 * (2 * z * 2 * z⁻¹) := by ring
    _ = 9 * (4 * (z * z⁻¹)) := by ring
    _ = 9 * 4 * 1 := by rw [mul_inv_cancel (show z ≠ 0 by rw [h₀]; norm_num)]
    _ = 36 := by norm_num
2025-04-13 10:24:50 - INFO - ----------------------------------------
2025-04-13 10:24:50 - INFO - 
Detailed error repair report:
2025-04-13 10:24:50 - INFO - Original code error count: 1
❌ Fixed error 1/1: Could not generate fix for error at line 5 «other_error» (after 203.97s)

=== Fix statistics ===
Original error count: 1
Fixed errors: 0 (Fix rate: 0.0000)
Failed errors: 1
Remaining errors: 1
Total time: 205.97 seconds

=== Failed fix details ===

Failed fix 1:
   Line: 5
   Error type: other_error
   Original error message: expected token...
   Failure reason: Could not generate fix
   Time: 203.97 seconds
2025-04-13 10:24:50 - INFO - 
Fixed code saved to: ./minif2f/lean_fixed/1_fixed.lean
2025-04-13 10:24:50 - INFO - JSON log saved to: ./minif2f/lean_fixed/1_fix_log.json
2025-04-13 10:24:50 - INFO - 
===== LOG FILE LOCATION =====
2025-04-13 10:24:50 - INFO - Detailed log file is available at: ./minif2f/lean_fixed/1.log
2025-04-13 10:24:50 - INFO - ===============================
