2025-04-13 09:56:26 - INFO - Log file initialized at 2025-04-13T09:56:26.392448
2025-04-13 09:56:26 - INFO - ===== LOG FILE LOCATION =====
2025-04-13 09:56:26 - INFO - Detailed log file created at: /data/coding/minif2f/lean_fixed/101.log
2025-04-13 09:56:26 - INFO - ===============================
2025-04-13 09:56:26 - INFO - Original code:
2025-04-13 09:56:26 - INFO - ----------------------------------------
2025-04-13 09:56:26 - INFO - import Mathlib
import Aesop

set_option maxHeartbeats 0

open BigOperators Real Nat Topology Rat

/-- What is the $x$-coordinate for the $x$-intercept of the line containing the points $(7,4)$ and $(6,3)$? Show that it is 3.-/
theorem mathd_algebra_43 (a b : ℝ) (f : ℝ → ℝ) (h₀ : ∀ x, f x = a * x + b) (h₁ : f 7 = 4)
  (h₂ : f 6 = 3) : f 3 = 0 := by
  -- First, we'll find the slope (a) of the line using the two given points
  -- From h₀, we know f is a linear function of form f(x) = a*x + b
  -- We have two equations from the given points:
  -- 1) f(7) = a*7 + b = 4 (from h₁)
  -- 2) f(6) = a*6 + b = 3 (from h₂)
  
  -- Subtract equation 2 from equation 1 to eliminate b and find a:
  -- (a*7 + b) - (a*6 + b) = 4 - 3 → a = 1
  have h₃ : a = 1 := by
    -- Apply the function definition to both points
    rw [h₀] at h₁ h₂
    -- Now h₁: a*7 + b = 4, h₂: a*6 + b = 3
    -- Subtract h₂ from h₁ to eliminate b
    linear_combination h₁ - h₂
  
  -- Now that we know a = 1, we can find b using one of the equations
  -- Using h₂: 1*6 + b = 3 → b = -3
  have h₄ : b = -3 := by
    -- Substitute a = 1 into h₂
    rw [h₃, h₀] at h₂
    -- Now h₂: 1*6 + b = 3 → 6 + b = 3
    linarith
  
  -- Now we have the complete function: f(x) = 1*x - 3
  -- To find the x-intercept, we solve f(x) = 0
  -- 1*x - 3 = 0 → x = 3
  -- Therefore, f(3) should be 0
  -- Let's verify this:
  rw [h₀, h₃, h₄]  -- Substitute a = 1 and b = -3 into the function definition
  -- Now the goal is 1*3 - 3 = 0
  norm_num  -- Simplifies the arithmetic to 0 = 0
2025-04-13 09:56:26 - INFO - ----------------------------------------
2025-04-13 09:56:26 - INFO - 
Checking original code for all errors...
2025-04-13 09:59:56 - INFO - Original code contains 1 errors:
2025-04-13 09:59:56 - INFO - Error 1: line 23, type: rewrite_failed, message: tactic 'rewrite' failed, did not find instance of the pattern in the target expression
  a
a b : ℝ
f...
2025-04-13 09:59:56 - INFO - 
Starting multi-error continuous repair process...
2025-04-13 09:59:56 - INFO - 
===== Starting to fix all errors =====
2025-04-13 09:59:57 - INFO - 
Found 1 original errors:
2025-04-13 09:59:57 - INFO - Error 1: line 23, type: rewrite_failed, message: tactic 'rewrite' failed, did not find instance of the pattern in the target expression
  a
a b : ℝ
f...
2025-04-13 09:59:57 - INFO - 
Trying to fix error 1/1: line 23, type: rewrite_failed
2025-04-13 09:59:57 - INFO - Error message: tactic 'rewrite' failed, did not find instance of the pattern in the target expression
  a
a b : ℝ
f...
2025-04-13 09:59:57 - INFO - Removed header content, remaining 34 lines of code
2025-04-13 09:59:57 - INFO - Using specified target error line: 23
2025-04-13 09:59:58 - INFO - Found error at specified line: tactic 'rewrite' failed, did not find instance of the pattern in the target expression
  a
a b : ℝ
f : ℝ → ℝ
h₀ : ∀ (x : ℝ), f x = a * x + b
h₁ : f 7 = 4
h₂ : f 6 = 3
h₃ : a = 1
⊢ b = -3
2025-04-13 09:59:58 - INFO - Error at line 23: tactic 'rewrite' failed, did not find instance of the pattern in the target expression
  a
a b : ℝ
f : ℝ → ℝ
h₀ : ∀ (x : ℝ), f x = a * x + b
h₁ : f 7 = 4
h₂ : f 6 = 3
h₃ : a = 1
⊢ b = -3
2025-04-13 09:59:58 - INFO - 
==================================================
2025-04-13 09:59:58 - INFO - Code prepared, starting synthesis
2025-04-13 09:59:58 - INFO - Before part: /-- What is the $x$-coordinate for the $x$-intercept of the line containing the points $(7,4)$ and $(6,3)$? Show that it is 3.-/
theorem mathd_algebra_43 (a b : ℝ) (f : ℝ → ℝ) (h₀ : ∀ x, f x = a * x + b) (h₁ : f 7 = 4)
  (h₂ : f 6 = 3) : f 3 = 0 := by
  -- First, we'll find the slope (a) of the line using the two given points
  -- From h₀, we know f is a linear function of form f(x) = a*x + b
  -- We have two equations from the given points:
  -- 1) f(7) = a*7 + b = 4 (from h₁)
  -- 2) f(6) = a*6 + b = 3 (from h₂)
  
  -- Subtract equation 2 from equation 1 to eliminate b and find a:
  -- (a*7 + b) - (a*6 + b) = 4 - 3 → a = 1
  have h₃ : a = 1 := by
    -- Apply the function definition to both points
    rw [h₀] at h₁ h₂
    -- Now h₁: a*7 + b = 4, h₂: a*6 + b = 3
    -- Subtract h₂ from h₁ to eliminate b
    linear_combination h₁ - h₂
  
  -- Now that we know a = 1, we can find b using one of the equations
  -- Using h₂: 1*6 + b = 3 → b = -3
  have h₄ : b = -3 := by
    -- Substitute a = 1 into h₂
2025-04-13 09:59:58 - INFO - Error line:     rw [h₃, h₀] at h₂
2025-04-13 09:59:58 - INFO - After part: -- Now h₂: 1*6 + b = 3 → 6 + b = 3
    linarith
  
  -- Now we have the complete function: f(x) = 1*x - 3
  -- To find the x-intercept, we solve f(x) = 0
  -- 1*x - 3 = 0 → x = 3
  -- Therefore, f(3) should be 0
  -- Let's verify this:
  rw [h₀, h₃, h₄]  -- Substitute a = 1 and b = -3 into the function definition
  -- Now the goal is 1*3 - 3 = 0
  norm_num  -- Simplifies the arithmetic to 0 = 0
2025-04-13 09:59:58 - INFO - ==================================================

2025-04-13 09:59:59 - INFO - Testing fragment: rw [justaplaceholder]
2025-04-13 09:59:59 - INFO - Original error line:     rw [h₃, h₀] at h₂
2025-04-13 10:00:01 - INFO - Testing fix: Original errors: 1, Fixed errors: 2
2025-04-13 10:00:01 - INFO - Result: False (introduced 2 new errors)
2025-04-13 10:00:01 - DEBUG - === New errors detail ===
2025-04-13 10:00:01 - DEBUG - New Error 1: line 23, type: unknown_identifier, message: unknown identifier 'justaplaceholder'
2025-04-13 10:00:01 - DEBUG - New Error 2: line 23, type: rewrite_failed, message: tactic 'rewrite' failed, equality or iff proof expected
  ?m.878
a b : ℝ
f : ℝ → ℝ
h₀ : ∀ (x : ℝ), f x = a * x + b
h₁ : f 7 = 4
h₂ : f 6 = 3
h₃ : a = 1
⊢ b = -3
2025-04-13 10:00:01 - INFO - Testing fragment: rw [<- justaplaceholder]
2025-04-13 10:00:01 - INFO - Original error line:     rw [h₃, h₀] at h₂
2025-04-13 10:00:03 - INFO - Testing fix: Original errors: 1, Fixed errors: 2
2025-04-13 10:00:03 - INFO - Result: False (introduced 2 new errors)
2025-04-13 10:00:03 - DEBUG - === New errors detail ===
2025-04-13 10:00:03 - DEBUG - New Error 1: line 23, type: unknown_identifier, message: unknown identifier 'justaplaceholder'
2025-04-13 10:00:03 - DEBUG - New Error 2: line 23, type: rewrite_failed, message: tactic 'rewrite' failed, equality or iff proof expected
  ?m.878
a b : ℝ
f : ℝ → ℝ
h₀ : ∀ (x : ℝ), f x = a * x + b
h₁ : f 7 = 4
h₂ : f 6 = 3
h₃ : a = 1
⊢ b = -3
2025-04-13 10:00:03 - INFO - Testing fragment: simp
2025-04-13 10:00:03 - INFO - Original error line:     rw [h₃, h₀] at h₂
2025-04-13 10:00:05 - INFO - Testing fix: Original errors: 1, Fixed errors: 1
2025-04-13 10:00:05 - INFO - Result: False (introduced 1 new errors)
2025-04-13 10:00:05 - DEBUG - === New errors detail ===
2025-04-13 10:00:05 - DEBUG - New Error 1: line 23, type: simp_failed, message: simp made no progress
2025-04-13 10:00:05 - INFO - Testing fragment: field_simp
2025-04-13 10:00:05 - INFO - Original error line:     rw [h₃, h₀] at h₂
2025-04-13 10:00:07 - INFO - Testing fix: Original errors: 1, Fixed errors: 1
2025-04-13 10:00:07 - INFO - Result: False (introduced 1 new errors)
2025-04-13 10:00:07 - DEBUG - === New errors detail ===
2025-04-13 10:00:07 - DEBUG - New Error 1: line 23, type: simp_failed, message: simp made no progress
2025-04-13 10:00:07 - INFO - Testing fragment: norm_num
2025-04-13 10:00:07 - INFO - Original error line:     rw [h₃, h₀] at h₂
2025-04-13 10:00:09 - INFO - Testing fix: Original errors: 1, Fixed errors: 1
2025-04-13 10:00:09 - INFO - Result: False (introduced 1 new errors)
2025-04-13 10:00:09 - DEBUG - === New errors detail ===
2025-04-13 10:00:09 - DEBUG - New Error 1: line 25, type: linarith_failed, message: linarith failed to find a contradiction
case h1.h
a b : ℝ
f : ℝ → ℝ
h₀ : ∀ (x : ℝ), f x = a * x + b
h₁ : f 7 = 4
h₂ : f 6 = 3
h₃ : a = 1
a✝ : b < -3
⊢ False
failed
2025-04-13 10:00:09 - INFO - Testing fragment: ring
2025-04-13 10:00:09 - INFO - Original error line:     rw [h₃, h₀] at h₂
2025-04-13 10:00:11 - INFO - Testing fix: Original errors: 1, Fixed errors: 2
2025-04-13 10:00:11 - INFO - Result: False (introduced 2 new errors)
2025-04-13 10:00:11 - DEBUG - === New errors detail ===
2025-04-13 10:00:11 - DEBUG - New Error 1: line 23, type: ring_failed, message: Try this: ring_nf
2025-04-13 10:00:11 - DEBUG - New Error 2: line 25, type: linarith_failed, message: linarith failed to find a contradiction
case h1.h
a b : ℝ
f : ℝ → ℝ
h₀ : ∀ (x : ℝ), f x = a * x + b
h₁ : f 7 = 4
h₂ : f 6 = 3
h₃ : a = 1
a✝ : b < -3
⊢ False
failed
2025-04-13 10:00:11 - INFO - Testing fragment: ring_nf
2025-04-13 10:00:11 - INFO - Original error line:     rw [h₃, h₀] at h₂
2025-04-13 10:00:13 - INFO - Testing fix: Original errors: 1, Fixed errors: 1
2025-04-13 10:00:13 - INFO - Result: False (introduced 1 new errors)
2025-04-13 10:00:13 - DEBUG - === New errors detail ===
2025-04-13 10:00:13 - DEBUG - New Error 1: line 25, type: linarith_failed, message: linarith failed to find a contradiction
case h1.h
a b : ℝ
f : ℝ → ℝ
h₀ : ∀ (x : ℝ), f x = a * x + b
h₁ : f 7 = 4
h₂ : f 6 = 3
h₃ : a = 1
a✝ : b < -3
⊢ False
failed
2025-04-13 10:00:13 - INFO - Testing fragment: omega
2025-04-13 10:00:13 - INFO - Original error line:     rw [h₃, h₀] at h₂
2025-04-13 10:00:15 - INFO - Testing fix: Original errors: 1, Fixed errors: 1
2025-04-13 10:00:15 - INFO - Result: False (introduced 1 new errors)
2025-04-13 10:00:15 - DEBUG - === New errors detail ===
2025-04-13 10:00:15 - DEBUG - New Error 1: line 23, type: other_error, message: omega could not prove the goal:
No usable constraints found. You may need to unfold definitions so `omega` can see linear arithmetic facts about `Nat` and `Int`, which may also involve multiplication, division, and modular remainder by constants.
2025-04-13 10:00:15 - INFO - Testing fragment: linarith
2025-04-13 10:00:15 - INFO - Original error line:     rw [h₃, h₀] at h₂
2025-04-13 10:00:17 - INFO - Testing fix: Original errors: 1, Fixed errors: 1
2025-04-13 10:00:17 - INFO - Result: False (introduced 1 new errors)
2025-04-13 10:00:17 - DEBUG - === New errors detail ===
2025-04-13 10:00:17 - DEBUG - New Error 1: line 23, type: linarith_failed, message: linarith failed to find a contradiction
case h1.h
a b : ℝ
f : ℝ → ℝ
h₀ : ∀ (x : ℝ), f x = a * x + b
h₁ : f 7 = 4
h₂ : f 6 = 3
h₃ : a = 1
a✝ : b < -3
⊢ False
failed
2025-04-13 10:00:17 - INFO - Testing fragment: nlinarith
2025-04-13 10:00:17 - INFO - Original error line:     rw [h₃, h₀] at h₂
2025-04-13 10:00:19 - INFO - Testing fix: Original errors: 1, Fixed errors: 1
2025-04-13 10:00:19 - INFO - Result: False (introduced 1 new errors)
2025-04-13 10:00:19 - DEBUG - === New errors detail ===
2025-04-13 10:00:19 - DEBUG - New Error 1: line 23, type: linarith_failed, message: linarith failed to find a contradiction
case h1.h
a b : ℝ
f : ℝ → ℝ
h₀ : ∀ (x : ℝ), f x = a * x + b
h₁ : f 7 = 4
h₂ : f 6 = 3
h₃ : a = 1
a✝ : b < -3
⊢ False
failed
2025-04-13 10:00:19 - INFO - Failed attempt time: 22.04 seconds
2025-04-13 10:00:19 - INFO - ❌ Could not generate fix for error at line 23
2025-04-13 10:00:20 - INFO - 
===== Fix attempt completed =====
2025-04-13 10:00:20 - INFO - Original errors: 1
2025-04-13 10:00:20 - INFO - Fixed errors: 0
2025-04-13 10:00:20 - INFO - Failed errors: 1
2025-04-13 10:00:20 - INFO - Remaining errors: 1
2025-04-13 10:00:20 - INFO - Total time: 24.04 seconds
2025-04-13 10:00:20 - INFO - 
Final fixed code:
2025-04-13 10:00:20 - INFO - ----------------------------------------
2025-04-13 10:00:20 - INFO - /-- What is the $x$-coordinate for the $x$-intercept of the line containing the points $(7,4)$ and $(6,3)$? Show that it is 3.-/
theorem mathd_algebra_43 (a b : ℝ) (f : ℝ → ℝ) (h₀ : ∀ x, f x = a * x + b) (h₁ : f 7 = 4)
  (h₂ : f 6 = 3) : f 3 = 0 := by
  -- First, we'll find the slope (a) of the line using the two given points
  -- From h₀, we know f is a linear function of form f(x) = a*x + b
  -- We have two equations from the given points:
  -- 1) f(7) = a*7 + b = 4 (from h₁)
  -- 2) f(6) = a*6 + b = 3 (from h₂)
  
  -- Subtract equation 2 from equation 1 to eliminate b and find a:
  -- (a*7 + b) - (a*6 + b) = 4 - 3 → a = 1
  have h₃ : a = 1 := by
    -- Apply the function definition to both points
    rw [h₀] at h₁ h₂
    -- Now h₁: a*7 + b = 4, h₂: a*6 + b = 3
    -- Subtract h₂ from h₁ to eliminate b
    linear_combination h₁ - h₂
  
  -- Now that we know a = 1, we can find b using one of the equations
  -- Using h₂: 1*6 + b = 3 → b = -3
  have h₄ : b = -3 := by
    -- Substitute a = 1 into h₂
    rw [h₃, h₀] at h₂
    -- Now h₂: 1*6 + b = 3 → 6 + b = 3
    linarith
  
  -- Now we have the complete function: f(x) = 1*x - 3
  -- To find the x-intercept, we solve f(x) = 0
  -- 1*x - 3 = 0 → x = 3
  -- Therefore, f(3) should be 0
  -- Let's verify this:
  rw [h₀, h₃, h₄]  -- Substitute a = 1 and b = -3 into the function definition
  -- Now the goal is 1*3 - 3 = 0
  norm_num  -- Simplifies the arithmetic to 0 = 0
2025-04-13 10:00:20 - INFO - ----------------------------------------
2025-04-13 10:00:20 - INFO - 
Detailed error repair report:
2025-04-13 10:00:20 - INFO - Original code error count: 1
❌ Fixed error 1/1: Could not generate fix for error at line 23 «rewrite_failed» (after 22.04s)

=== Fix statistics ===
Original error count: 1
Fixed errors: 0 (Fix rate: 0.0000)
Failed errors: 1
Remaining errors: 1
Total time: 24.04 seconds

=== Failed fix details ===

Failed fix 1:
   Line: 23
   Error type: rewrite_failed
   Original error message: tactic 'rewrite' failed, did not find instance of the pattern in the target expression
  a
a b : ℝ
f...
   Failure reason: Could not generate fix
   Time: 22.04 seconds
2025-04-13 10:00:20 - INFO - 
Fixed code saved to: /data/coding/minif2f/lean_fixed/101_fixed.lean
2025-04-13 10:00:20 - INFO - JSON log saved to: /data/coding/minif2f/lean_fixed/101_fix_log.json
2025-04-13 10:00:20 - INFO - 
===== LOG FILE LOCATION =====
2025-04-13 10:00:20 - INFO - Detailed log file is available at: /data/coding/minif2f/lean_fixed/101.log
2025-04-13 10:00:20 - INFO - ===============================
2025-04-13 10:13:13 - INFO - Log file initialized at 2025-04-13T10:13:13.979561
2025-04-13 10:13:13 - INFO - ===== LOG FILE LOCATION =====
2025-04-13 10:13:13 - INFO - Detailed log file created at: /data/coding/minif2f/lean_fixed/101.log
2025-04-13 10:13:13 - INFO - ===============================
2025-04-13 10:13:13 - INFO - Original code:
2025-04-13 10:13:13 - INFO - ----------------------------------------
2025-04-13 10:13:13 - INFO - import Mathlib
import Aesop

set_option maxHeartbeats 0

open BigOperators Real Nat Topology Rat

/-- What is the $x$-coordinate for the $x$-intercept of the line containing the points $(7,4)$ and $(6,3)$? Show that it is 3.-/
theorem mathd_algebra_43 (a b : ℝ) (f : ℝ → ℝ) (h₀ : ∀ x, f x = a * x + b) (h₁ : f 7 = 4)
  (h₂ : f 6 = 3) : f 3 = 0 := by
  -- First, we'll find the slope (a) of the line using the two given points
  -- From h₀, we know f is a linear function of form f(x) = a*x + b
  -- We have two equations from the given points:
  -- 1) f(7) = a*7 + b = 4 (from h₁)
  -- 2) f(6) = a*6 + b = 3 (from h₂)
  
  -- Subtract equation 2 from equation 1 to eliminate b and find a:
  -- (a*7 + b) - (a*6 + b) = 4 - 3 → a = 1
  have h₃ : a = 1 := by
    -- Apply the function definition to both points
    rw [h₀] at h₁ h₂
    -- Now h₁: a*7 + b = 4, h₂: a*6 + b = 3
    -- Subtract h₂ from h₁ to eliminate b
    linear_combination h₁ - h₂
  
  -- Now that we know a = 1, we can find b using one of the equations
  -- Using h₂: 1*6 + b = 3 → b = -3
  have h₄ : b = -3 := by
    -- Substitute a = 1 into h₂
    rw [h₃, h₀] at h₂
    -- Now h₂: 1*6 + b = 3 → 6 + b = 3
    linarith
  
  -- Now we have the complete function: f(x) = 1*x - 3
  -- To find the x-intercept, we solve f(x) = 0
  -- 1*x - 3 = 0 → x = 3
  -- Therefore, f(3) should be 0
  -- Let's verify this:
  rw [h₀, h₃, h₄]  -- Substitute a = 1 and b = -3 into the function definition
  -- Now the goal is 1*3 - 3 = 0
  norm_num  -- Simplifies the arithmetic to 0 = 0
2025-04-13 10:13:13 - INFO - ----------------------------------------
2025-04-13 10:13:13 - INFO - 
Checking original code for all errors...
2025-04-13 10:16:31 - INFO - Original code contains 1 errors:
2025-04-13 10:16:31 - INFO - Error 1: line 23, type: rewrite_failed, message: tactic 'rewrite' failed, did not find instance of the pattern in the target expression
  a
a b : ℝ
f...
2025-04-13 10:16:31 - INFO - 
Starting multi-error continuous repair process...
2025-04-13 10:16:31 - INFO - 
===== Starting to fix all errors =====
2025-04-13 10:16:32 - INFO - 
Found 1 original errors:
2025-04-13 10:16:32 - INFO - Error 1: line 23, type: rewrite_failed, message: tactic 'rewrite' failed, did not find instance of the pattern in the target expression
  a
a b : ℝ
f...
2025-04-13 10:16:32 - INFO - 
Trying to fix error 1/1: line 23, type: rewrite_failed
2025-04-13 10:16:32 - INFO - Error message: tactic 'rewrite' failed, did not find instance of the pattern in the target expression
  a
a b : ℝ
f...
2025-04-13 10:16:32 - INFO - Removed header content, remaining 34 lines of code
2025-04-13 10:16:32 - INFO - Using specified target error line: 23
2025-04-13 10:16:33 - INFO - Found error at specified line: tactic 'rewrite' failed, did not find instance of the pattern in the target expression
  a
a b : ℝ
f : ℝ → ℝ
h₀ : ∀ (x : ℝ), f x = a * x + b
h₁ : f 7 = 4
h₂ : f 6 = 3
h₃ : a = 1
⊢ b = -3
2025-04-13 10:16:33 - INFO - Error at line 23: tactic 'rewrite' failed, did not find instance of the pattern in the target expression
  a
a b : ℝ
f : ℝ → ℝ
h₀ : ∀ (x : ℝ), f x = a * x + b
h₁ : f 7 = 4
h₂ : f 6 = 3
h₃ : a = 1
⊢ b = -3
2025-04-13 10:16:33 - INFO - 
==================================================
2025-04-13 10:16:33 - INFO - Code prepared, starting synthesis
2025-04-13 10:16:33 - INFO - Before part: /-- What is the $x$-coordinate for the $x$-intercept of the line containing the points $(7,4)$ and $(6,3)$? Show that it is 3.-/
theorem mathd_algebra_43 (a b : ℝ) (f : ℝ → ℝ) (h₀ : ∀ x, f x = a * x + b) (h₁ : f 7 = 4)
  (h₂ : f 6 = 3) : f 3 = 0 := by
  -- First, we'll find the slope (a) of the line using the two given points
  -- From h₀, we know f is a linear function of form f(x) = a*x + b
  -- We have two equations from the given points:
  -- 1) f(7) = a*7 + b = 4 (from h₁)
  -- 2) f(6) = a*6 + b = 3 (from h₂)
  
  -- Subtract equation 2 from equation 1 to eliminate b and find a:
  -- (a*7 + b) - (a*6 + b) = 4 - 3 → a = 1
  have h₃ : a = 1 := by
    -- Apply the function definition to both points
    rw [h₀] at h₁ h₂
    -- Now h₁: a*7 + b = 4, h₂: a*6 + b = 3
    -- Subtract h₂ from h₁ to eliminate b
    linear_combination h₁ - h₂
  
  -- Now that we know a = 1, we can find b using one of the equations
  -- Using h₂: 1*6 + b = 3 → b = -3
  have h₄ : b = -3 := by
    -- Substitute a = 1 into h₂
2025-04-13 10:16:33 - INFO - Error line:     rw [h₃, h₀] at h₂
2025-04-13 10:16:33 - INFO - After part: -- Now h₂: 1*6 + b = 3 → 6 + b = 3
    linarith
  
  -- Now we have the complete function: f(x) = 1*x - 3
  -- To find the x-intercept, we solve f(x) = 0
  -- 1*x - 3 = 0 → x = 3
  -- Therefore, f(3) should be 0
  -- Let's verify this:
  rw [h₀, h₃, h₄]  -- Substitute a = 1 and b = -3 into the function definition
  -- Now the goal is 1*3 - 3 = 0
  norm_num  -- Simplifies the arithmetic to 0 = 0
2025-04-13 10:16:33 - INFO - ==================================================

2025-04-13 10:16:34 - INFO - Testing fragment: rw [justaplaceholder]
2025-04-13 10:16:34 - INFO - Original error line:     rw [h₃, h₀] at h₂
2025-04-13 10:16:36 - INFO - Testing fix: Original errors: 1, Fixed errors: 2
2025-04-13 10:16:36 - INFO - Result: False (introduced 2 new errors)
2025-04-13 10:16:36 - DEBUG - === New errors detail ===
2025-04-13 10:16:36 - DEBUG - New Error 1: line 23, type: unknown_identifier, message: unknown identifier 'justaplaceholder'
2025-04-13 10:16:36 - DEBUG - New Error 2: line 23, type: rewrite_failed, message: tactic 'rewrite' failed, equality or iff proof expected
  ?m.878
a b : ℝ
f : ℝ → ℝ
h₀ : ∀ (x : ℝ), f x = a * x + b
h₁ : f 7 = 4
h₂ : f 6 = 3
h₃ : a = 1
⊢ b = -3
2025-04-13 10:16:36 - INFO - Testing fragment: rw [<- justaplaceholder]
2025-04-13 10:16:36 - INFO - Original error line:     rw [h₃, h₀] at h₂
2025-04-13 10:16:38 - INFO - Testing fix: Original errors: 1, Fixed errors: 2
2025-04-13 10:16:38 - INFO - Result: False (introduced 2 new errors)
2025-04-13 10:16:38 - DEBUG - === New errors detail ===
2025-04-13 10:16:38 - DEBUG - New Error 1: line 23, type: unknown_identifier, message: unknown identifier 'justaplaceholder'
2025-04-13 10:16:38 - DEBUG - New Error 2: line 23, type: rewrite_failed, message: tactic 'rewrite' failed, equality or iff proof expected
  ?m.878
a b : ℝ
f : ℝ → ℝ
h₀ : ∀ (x : ℝ), f x = a * x + b
h₁ : f 7 = 4
h₂ : f 6 = 3
h₃ : a = 1
⊢ b = -3
2025-04-13 10:16:38 - INFO - Testing fragment: simp
2025-04-13 10:16:38 - INFO - Original error line:     rw [h₃, h₀] at h₂
2025-04-13 10:16:40 - INFO - Testing fix: Original errors: 1, Fixed errors: 1
2025-04-13 10:16:40 - INFO - Result: False (introduced 1 new errors)
2025-04-13 10:16:40 - DEBUG - === New errors detail ===
2025-04-13 10:16:40 - DEBUG - New Error 1: line 23, type: simp_failed, message: simp made no progress
2025-04-13 10:16:40 - INFO - Testing fragment: field_simp
2025-04-13 10:16:40 - INFO - Original error line:     rw [h₃, h₀] at h₂
2025-04-13 10:16:42 - INFO - Testing fix: Original errors: 1, Fixed errors: 1
2025-04-13 10:16:42 - INFO - Result: False (introduced 1 new errors)
2025-04-13 10:16:42 - DEBUG - === New errors detail ===
2025-04-13 10:16:42 - DEBUG - New Error 1: line 23, type: simp_failed, message: simp made no progress
2025-04-13 10:16:42 - INFO - Testing fragment: norm_num
2025-04-13 10:16:42 - INFO - Original error line:     rw [h₃, h₀] at h₂
2025-04-13 10:16:44 - INFO - Testing fix: Original errors: 1, Fixed errors: 1
2025-04-13 10:16:44 - INFO - Result: False (introduced 1 new errors)
2025-04-13 10:16:44 - DEBUG - === New errors detail ===
2025-04-13 10:16:44 - DEBUG - New Error 1: line 25, type: linarith_failed, message: linarith failed to find a contradiction
case h1.h
a b : ℝ
f : ℝ → ℝ
h₀ : ∀ (x : ℝ), f x = a * x + b
h₁ : f 7 = 4
h₂ : f 6 = 3
h₃ : a = 1
a✝ : b < -3
⊢ False
failed
2025-04-13 10:16:44 - INFO - Testing fragment: ring
2025-04-13 10:16:44 - INFO - Original error line:     rw [h₃, h₀] at h₂
2025-04-13 10:16:46 - INFO - Testing fix: Original errors: 1, Fixed errors: 2
2025-04-13 10:16:46 - INFO - Result: False (introduced 2 new errors)
2025-04-13 10:16:46 - DEBUG - === New errors detail ===
2025-04-13 10:16:46 - DEBUG - New Error 1: line 23, type: ring_failed, message: Try this: ring_nf
2025-04-13 10:16:46 - DEBUG - New Error 2: line 25, type: linarith_failed, message: linarith failed to find a contradiction
case h1.h
a b : ℝ
f : ℝ → ℝ
h₀ : ∀ (x : ℝ), f x = a * x + b
h₁ : f 7 = 4
h₂ : f 6 = 3
h₃ : a = 1
a✝ : b < -3
⊢ False
failed
2025-04-13 10:16:46 - INFO - Testing fragment: ring_nf
2025-04-13 10:16:46 - INFO - Original error line:     rw [h₃, h₀] at h₂
2025-04-13 10:16:48 - INFO - Testing fix: Original errors: 1, Fixed errors: 1
2025-04-13 10:16:48 - INFO - Result: False (introduced 1 new errors)
2025-04-13 10:16:48 - DEBUG - === New errors detail ===
2025-04-13 10:16:48 - DEBUG - New Error 1: line 25, type: linarith_failed, message: linarith failed to find a contradiction
case h1.h
a b : ℝ
f : ℝ → ℝ
h₀ : ∀ (x : ℝ), f x = a * x + b
h₁ : f 7 = 4
h₂ : f 6 = 3
h₃ : a = 1
a✝ : b < -3
⊢ False
failed
2025-04-13 10:16:48 - INFO - Testing fragment: omega
2025-04-13 10:16:48 - INFO - Original error line:     rw [h₃, h₀] at h₂
2025-04-13 10:16:50 - INFO - Testing fix: Original errors: 1, Fixed errors: 1
2025-04-13 10:16:50 - INFO - Result: False (introduced 1 new errors)
2025-04-13 10:16:50 - DEBUG - === New errors detail ===
2025-04-13 10:16:50 - DEBUG - New Error 1: line 23, type: other_error, message: omega could not prove the goal:
No usable constraints found. You may need to unfold definitions so `omega` can see linear arithmetic facts about `Nat` and `Int`, which may also involve multiplication, division, and modular remainder by constants.
2025-04-13 10:16:50 - INFO - Testing fragment: linarith
2025-04-13 10:16:50 - INFO - Original error line:     rw [h₃, h₀] at h₂
2025-04-13 10:16:52 - INFO - Testing fix: Original errors: 1, Fixed errors: 1
2025-04-13 10:16:52 - INFO - Result: False (introduced 1 new errors)
2025-04-13 10:16:52 - DEBUG - === New errors detail ===
2025-04-13 10:16:52 - DEBUG - New Error 1: line 23, type: linarith_failed, message: linarith failed to find a contradiction
case h1.h
a b : ℝ
f : ℝ → ℝ
h₀ : ∀ (x : ℝ), f x = a * x + b
h₁ : f 7 = 4
h₂ : f 6 = 3
h₃ : a = 1
a✝ : b < -3
⊢ False
failed
2025-04-13 10:16:52 - INFO - Testing fragment: nlinarith
2025-04-13 10:16:52 - INFO - Original error line:     rw [h₃, h₀] at h₂
2025-04-13 10:16:54 - INFO - Testing fix: Original errors: 1, Fixed errors: 1
2025-04-13 10:16:54 - INFO - Result: False (introduced 1 new errors)
2025-04-13 10:16:54 - DEBUG - === New errors detail ===
2025-04-13 10:16:54 - DEBUG - New Error 1: line 23, type: linarith_failed, message: linarith failed to find a contradiction
case h1.h
a b : ℝ
f : ℝ → ℝ
h₀ : ∀ (x : ℝ), f x = a * x + b
h₁ : f 7 = 4
h₂ : f 6 = 3
h₃ : a = 1
a✝ : b < -3
⊢ False
failed
2025-04-13 10:16:54 - INFO - Failed attempt time: 22.04 seconds
2025-04-13 10:16:54 - INFO - ❌ Could not generate fix for error at line 23
2025-04-13 10:16:55 - INFO - 
===== Fix attempt completed =====
2025-04-13 10:16:55 - INFO - Original errors: 1
2025-04-13 10:16:55 - INFO - Fixed errors: 0
2025-04-13 10:16:55 - INFO - Failed errors: 1
2025-04-13 10:16:55 - INFO - Remaining errors: 1
2025-04-13 10:16:55 - INFO - Total time: 24.04 seconds
2025-04-13 10:16:55 - INFO - 
Final fixed code:
2025-04-13 10:16:55 - INFO - ----------------------------------------
2025-04-13 10:16:55 - INFO - /-- What is the $x$-coordinate for the $x$-intercept of the line containing the points $(7,4)$ and $(6,3)$? Show that it is 3.-/
theorem mathd_algebra_43 (a b : ℝ) (f : ℝ → ℝ) (h₀ : ∀ x, f x = a * x + b) (h₁ : f 7 = 4)
  (h₂ : f 6 = 3) : f 3 = 0 := by
  -- First, we'll find the slope (a) of the line using the two given points
  -- From h₀, we know f is a linear function of form f(x) = a*x + b
  -- We have two equations from the given points:
  -- 1) f(7) = a*7 + b = 4 (from h₁)
  -- 2) f(6) = a*6 + b = 3 (from h₂)
  
  -- Subtract equation 2 from equation 1 to eliminate b and find a:
  -- (a*7 + b) - (a*6 + b) = 4 - 3 → a = 1
  have h₃ : a = 1 := by
    -- Apply the function definition to both points
    rw [h₀] at h₁ h₂
    -- Now h₁: a*7 + b = 4, h₂: a*6 + b = 3
    -- Subtract h₂ from h₁ to eliminate b
    linear_combination h₁ - h₂
  
  -- Now that we know a = 1, we can find b using one of the equations
  -- Using h₂: 1*6 + b = 3 → b = -3
  have h₄ : b = -3 := by
    -- Substitute a = 1 into h₂
    rw [h₃, h₀] at h₂
    -- Now h₂: 1*6 + b = 3 → 6 + b = 3
    linarith
  
  -- Now we have the complete function: f(x) = 1*x - 3
  -- To find the x-intercept, we solve f(x) = 0
  -- 1*x - 3 = 0 → x = 3
  -- Therefore, f(3) should be 0
  -- Let's verify this:
  rw [h₀, h₃, h₄]  -- Substitute a = 1 and b = -3 into the function definition
  -- Now the goal is 1*3 - 3 = 0
  norm_num  -- Simplifies the arithmetic to 0 = 0
2025-04-13 10:16:55 - INFO - ----------------------------------------
2025-04-13 10:16:55 - INFO - 
Detailed error repair report:
2025-04-13 10:16:55 - INFO - Original code error count: 1
❌ Fixed error 1/1: Could not generate fix for error at line 23 «rewrite_failed» (after 22.04s)

=== Fix statistics ===
Original error count: 1
Fixed errors: 0 (Fix rate: 0.0000)
Failed errors: 1
Remaining errors: 1
Total time: 24.04 seconds

=== Failed fix details ===

Failed fix 1:
   Line: 23
   Error type: rewrite_failed
   Original error message: tactic 'rewrite' failed, did not find instance of the pattern in the target expression
  a
a b : ℝ
f...
   Failure reason: Could not generate fix
   Time: 22.04 seconds
2025-04-13 10:16:55 - INFO - 
Fixed code saved to: /data/coding/minif2f/lean_fixed/101_fixed.lean
2025-04-13 10:16:55 - INFO - JSON log saved to: /data/coding/minif2f/lean_fixed/101_fix_log.json
2025-04-13 10:16:55 - INFO - 
===== LOG FILE LOCATION =====
2025-04-13 10:16:55 - INFO - Detailed log file is available at: /data/coding/minif2f/lean_fixed/101.log
2025-04-13 10:16:55 - INFO - ===============================
2025-04-13 10:20:40 - INFO - Log file initialized at 2025-04-13T10:20:40.452030
2025-04-13 10:20:40 - INFO - ===== LOG FILE LOCATION =====
2025-04-13 10:20:40 - INFO - Detailed log file created at: /data/coding/minif2f/lean_fixed/101.log
2025-04-13 10:20:40 - INFO - ===============================
2025-04-13 10:20:40 - INFO - Original code:
2025-04-13 10:20:40 - INFO - ----------------------------------------
2025-04-13 10:20:40 - INFO - import Mathlib
import Aesop

set_option maxHeartbeats 0

open BigOperators Real Nat Topology Rat

/-- What is the $x$-coordinate for the $x$-intercept of the line containing the points $(7,4)$ and $(6,3)$? Show that it is 3.-/
theorem mathd_algebra_43 (a b : ℝ) (f : ℝ → ℝ) (h₀ : ∀ x, f x = a * x + b) (h₁ : f 7 = 4)
  (h₂ : f 6 = 3) : f 3 = 0 := by
  -- First, we'll find the slope (a) of the line using the two given points
  -- From h₀, we know f is a linear function of form f(x) = a*x + b
  -- We have two equations from the given points:
  -- 1) f(7) = a*7 + b = 4 (from h₁)
  -- 2) f(6) = a*6 + b = 3 (from h₂)
  
  -- Subtract equation 2 from equation 1 to eliminate b and find a:
  -- (a*7 + b) - (a*6 + b) = 4 - 3 → a = 1
  have h₃ : a = 1 := by
    -- Apply the function definition to both points
    rw [h₀] at h₁ h₂
    -- Now h₁: a*7 + b = 4, h₂: a*6 + b = 3
    -- Subtract h₂ from h₁ to eliminate b
    linear_combination h₁ - h₂
  
  -- Now that we know a = 1, we can find b using one of the equations
  -- Using h₂: 1*6 + b = 3 → b = -3
  have h₄ : b = -3 := by
    -- Substitute a = 1 into h₂
    rw [h₃, h₀] at h₂
    -- Now h₂: 1*6 + b = 3 → 6 + b = 3
    linarith
  
  -- Now we have the complete function: f(x) = 1*x - 3
  -- To find the x-intercept, we solve f(x) = 0
  -- 1*x - 3 = 0 → x = 3
  -- Therefore, f(3) should be 0
  -- Let's verify this:
  rw [h₀, h₃, h₄]  -- Substitute a = 1 and b = -3 into the function definition
  -- Now the goal is 1*3 - 3 = 0
  norm_num  -- Simplifies the arithmetic to 0 = 0
2025-04-13 10:20:40 - INFO - ----------------------------------------
2025-04-13 10:20:40 - INFO - 
Checking original code for all errors...
2025-04-13 10:20:48 - INFO - Original code contains 1 errors:
2025-04-13 10:20:48 - INFO - Error 1: line 23, type: rewrite_failed, message: tactic 'rewrite' failed, did not find instance of the pattern in the target expression
  a
a b : ℝ
f...
2025-04-13 10:20:48 - INFO - 
Starting multi-error continuous repair process...
2025-04-13 10:20:48 - INFO - 
===== Starting to fix all errors =====
2025-04-13 10:20:49 - INFO - 
Found 1 original errors:
2025-04-13 10:20:49 - INFO - Error 1: line 23, type: rewrite_failed, message: tactic 'rewrite' failed, did not find instance of the pattern in the target expression
  a
a b : ℝ
f...
2025-04-13 10:20:49 - INFO - 
Trying to fix error 1/1: line 23, type: rewrite_failed
2025-04-13 10:20:49 - INFO - Error message: tactic 'rewrite' failed, did not find instance of the pattern in the target expression
  a
a b : ℝ
f...
2025-04-13 10:20:49 - INFO - Removed header content, remaining 34 lines of code
2025-04-13 10:20:49 - INFO - Using specified target error line: 23
2025-04-13 10:20:50 - INFO - Found error at specified line: tactic 'rewrite' failed, did not find instance of the pattern in the target expression
  a
a b : ℝ
f : ℝ → ℝ
h₀ : ∀ (x : ℝ), f x = a * x + b
h₁ : f 7 = 4
h₂ : f 6 = 3
h₃ : a = 1
⊢ b = -3
2025-04-13 10:20:50 - INFO - Error at line 23: tactic 'rewrite' failed, did not find instance of the pattern in the target expression
  a
a b : ℝ
f : ℝ → ℝ
h₀ : ∀ (x : ℝ), f x = a * x + b
h₁ : f 7 = 4
h₂ : f 6 = 3
h₃ : a = 1
⊢ b = -3
2025-04-13 10:20:50 - INFO - 
==================================================
2025-04-13 10:20:50 - INFO - Code prepared, starting synthesis
2025-04-13 10:20:50 - INFO - Before part: /-- What is the $x$-coordinate for the $x$-intercept of the line containing the points $(7,4)$ and $(6,3)$? Show that it is 3.-/
theorem mathd_algebra_43 (a b : ℝ) (f : ℝ → ℝ) (h₀ : ∀ x, f x = a * x + b) (h₁ : f 7 = 4)
  (h₂ : f 6 = 3) : f 3 = 0 := by
  -- First, we'll find the slope (a) of the line using the two given points
  -- From h₀, we know f is a linear function of form f(x) = a*x + b
  -- We have two equations from the given points:
  -- 1) f(7) = a*7 + b = 4 (from h₁)
  -- 2) f(6) = a*6 + b = 3 (from h₂)
  
  -- Subtract equation 2 from equation 1 to eliminate b and find a:
  -- (a*7 + b) - (a*6 + b) = 4 - 3 → a = 1
  have h₃ : a = 1 := by
    -- Apply the function definition to both points
    rw [h₀] at h₁ h₂
    -- Now h₁: a*7 + b = 4, h₂: a*6 + b = 3
    -- Subtract h₂ from h₁ to eliminate b
    linear_combination h₁ - h₂
  
  -- Now that we know a = 1, we can find b using one of the equations
  -- Using h₂: 1*6 + b = 3 → b = -3
  have h₄ : b = -3 := by
    -- Substitute a = 1 into h₂
2025-04-13 10:20:50 - INFO - Error line:     rw [h₃, h₀] at h₂
2025-04-13 10:20:50 - INFO - After part: -- Now h₂: 1*6 + b = 3 → 6 + b = 3
    linarith
  
  -- Now we have the complete function: f(x) = 1*x - 3
  -- To find the x-intercept, we solve f(x) = 0
  -- 1*x - 3 = 0 → x = 3
  -- Therefore, f(3) should be 0
  -- Let's verify this:
  rw [h₀, h₃, h₄]  -- Substitute a = 1 and b = -3 into the function definition
  -- Now the goal is 1*3 - 3 = 0
  norm_num  -- Simplifies the arithmetic to 0 = 0
2025-04-13 10:20:50 - INFO - ==================================================

2025-04-13 10:20:51 - INFO - Testing fragment: rw [justaplaceholder]
2025-04-13 10:20:51 - INFO - Original error line:     rw [h₃, h₀] at h₂
2025-04-13 10:20:53 - INFO - Testing fix: Original errors: 1, Fixed errors: 2
2025-04-13 10:20:53 - INFO - Result: False (introduced 2 new errors)
2025-04-13 10:20:53 - DEBUG - === New errors detail ===
2025-04-13 10:20:53 - DEBUG - New Error 1: line 23, type: unknown_identifier, message: unknown identifier 'justaplaceholder'
2025-04-13 10:20:53 - DEBUG - New Error 2: line 23, type: rewrite_failed, message: tactic 'rewrite' failed, equality or iff proof expected
  ?m.878
a b : ℝ
f : ℝ → ℝ
h₀ : ∀ (x : ℝ), f x = a * x + b
h₁ : f 7 = 4
h₂ : f 6 = 3
h₃ : a = 1
⊢ b = -3
2025-04-13 10:20:53 - INFO - Testing fragment: rw [<- justaplaceholder]
2025-04-13 10:20:53 - INFO - Original error line:     rw [h₃, h₀] at h₂
2025-04-13 10:20:55 - INFO - Testing fix: Original errors: 1, Fixed errors: 2
2025-04-13 10:20:55 - INFO - Result: False (introduced 2 new errors)
2025-04-13 10:20:55 - DEBUG - === New errors detail ===
2025-04-13 10:20:55 - DEBUG - New Error 1: line 23, type: unknown_identifier, message: unknown identifier 'justaplaceholder'
2025-04-13 10:20:55 - DEBUG - New Error 2: line 23, type: rewrite_failed, message: tactic 'rewrite' failed, equality or iff proof expected
  ?m.878
a b : ℝ
f : ℝ → ℝ
h₀ : ∀ (x : ℝ), f x = a * x + b
h₁ : f 7 = 4
h₂ : f 6 = 3
h₃ : a = 1
⊢ b = -3
2025-04-13 10:20:55 - INFO - Testing fragment: simp
2025-04-13 10:20:55 - INFO - Original error line:     rw [h₃, h₀] at h₂
2025-04-13 10:20:57 - INFO - Testing fix: Original errors: 1, Fixed errors: 1
2025-04-13 10:20:57 - INFO - Result: False (introduced 1 new errors)
2025-04-13 10:20:57 - DEBUG - === New errors detail ===
2025-04-13 10:20:57 - DEBUG - New Error 1: line 23, type: simp_failed, message: simp made no progress
2025-04-13 10:20:57 - INFO - Testing fragment: field_simp
2025-04-13 10:20:57 - INFO - Original error line:     rw [h₃, h₀] at h₂
2025-04-13 10:20:59 - INFO - Testing fix: Original errors: 1, Fixed errors: 1
2025-04-13 10:20:59 - INFO - Result: False (introduced 1 new errors)
2025-04-13 10:20:59 - DEBUG - === New errors detail ===
2025-04-13 10:20:59 - DEBUG - New Error 1: line 23, type: simp_failed, message: simp made no progress
2025-04-13 10:20:59 - INFO - Testing fragment: norm_num
2025-04-13 10:20:59 - INFO - Original error line:     rw [h₃, h₀] at h₂
2025-04-13 10:21:01 - INFO - Testing fix: Original errors: 1, Fixed errors: 1
2025-04-13 10:21:01 - INFO - Result: False (introduced 1 new errors)
2025-04-13 10:21:01 - DEBUG - === New errors detail ===
2025-04-13 10:21:01 - DEBUG - New Error 1: line 25, type: linarith_failed, message: linarith failed to find a contradiction
case h1.h
a b : ℝ
f : ℝ → ℝ
h₀ : ∀ (x : ℝ), f x = a * x + b
h₁ : f 7 = 4
h₂ : f 6 = 3
h₃ : a = 1
a✝ : b < -3
⊢ False
failed
2025-04-13 10:21:01 - INFO - Testing fragment: ring
2025-04-13 10:21:01 - INFO - Original error line:     rw [h₃, h₀] at h₂
2025-04-13 10:21:03 - INFO - Testing fix: Original errors: 1, Fixed errors: 2
2025-04-13 10:21:03 - INFO - Result: False (introduced 2 new errors)
2025-04-13 10:21:03 - DEBUG - === New errors detail ===
2025-04-13 10:21:03 - DEBUG - New Error 1: line 23, type: ring_failed, message: Try this: ring_nf
2025-04-13 10:21:03 - DEBUG - New Error 2: line 25, type: linarith_failed, message: linarith failed to find a contradiction
case h1.h
a b : ℝ
f : ℝ → ℝ
h₀ : ∀ (x : ℝ), f x = a * x + b
h₁ : f 7 = 4
h₂ : f 6 = 3
h₃ : a = 1
a✝ : b < -3
⊢ False
failed
2025-04-13 10:21:03 - INFO - Testing fragment: ring_nf
2025-04-13 10:21:03 - INFO - Original error line:     rw [h₃, h₀] at h₂
2025-04-13 10:21:05 - INFO - Testing fix: Original errors: 1, Fixed errors: 1
2025-04-13 10:21:05 - INFO - Result: False (introduced 1 new errors)
2025-04-13 10:21:05 - DEBUG - === New errors detail ===
2025-04-13 10:21:05 - DEBUG - New Error 1: line 25, type: linarith_failed, message: linarith failed to find a contradiction
case h1.h
a b : ℝ
f : ℝ → ℝ
h₀ : ∀ (x : ℝ), f x = a * x + b
h₁ : f 7 = 4
h₂ : f 6 = 3
h₃ : a = 1
a✝ : b < -3
⊢ False
failed
2025-04-13 10:21:05 - INFO - Testing fragment: omega
2025-04-13 10:21:05 - INFO - Original error line:     rw [h₃, h₀] at h₂
2025-04-13 10:21:07 - INFO - Testing fix: Original errors: 1, Fixed errors: 1
2025-04-13 10:21:07 - INFO - Result: False (introduced 1 new errors)
2025-04-13 10:21:07 - DEBUG - === New errors detail ===
2025-04-13 10:21:07 - DEBUG - New Error 1: line 23, type: other_error, message: omega could not prove the goal:
No usable constraints found. You may need to unfold definitions so `omega` can see linear arithmetic facts about `Nat` and `Int`, which may also involve multiplication, division, and modular remainder by constants.
2025-04-13 10:21:07 - INFO - Testing fragment: linarith
2025-04-13 10:21:07 - INFO - Original error line:     rw [h₃, h₀] at h₂
2025-04-13 10:21:09 - INFO - Testing fix: Original errors: 1, Fixed errors: 1
2025-04-13 10:21:09 - INFO - Result: False (introduced 1 new errors)
2025-04-13 10:21:09 - DEBUG - === New errors detail ===
2025-04-13 10:21:09 - DEBUG - New Error 1: line 23, type: linarith_failed, message: linarith failed to find a contradiction
case h1.h
a b : ℝ
f : ℝ → ℝ
h₀ : ∀ (x : ℝ), f x = a * x + b
h₁ : f 7 = 4
h₂ : f 6 = 3
h₃ : a = 1
a✝ : b < -3
⊢ False
failed
2025-04-13 10:21:09 - INFO - Testing fragment: nlinarith
2025-04-13 10:21:09 - INFO - Original error line:     rw [h₃, h₀] at h₂
2025-04-13 10:21:11 - INFO - Testing fix: Original errors: 1, Fixed errors: 1
2025-04-13 10:21:11 - INFO - Result: False (introduced 1 new errors)
2025-04-13 10:21:11 - DEBUG - === New errors detail ===
2025-04-13 10:21:11 - DEBUG - New Error 1: line 23, type: linarith_failed, message: linarith failed to find a contradiction
case h1.h
a b : ℝ
f : ℝ → ℝ
h₀ : ∀ (x : ℝ), f x = a * x + b
h₁ : f 7 = 4
h₂ : f 6 = 3
h₃ : a = 1
a✝ : b < -3
⊢ False
failed
2025-04-13 10:21:11 - INFO - Failed attempt time: 22.04 seconds
2025-04-13 10:21:11 - INFO - ❌ Could not generate fix for error at line 23
2025-04-13 10:21:12 - INFO - 
===== Fix attempt completed =====
2025-04-13 10:21:12 - INFO - Original errors: 1
2025-04-13 10:21:12 - INFO - Fixed errors: 0
2025-04-13 10:21:12 - INFO - Failed errors: 1
2025-04-13 10:21:12 - INFO - Remaining errors: 1
2025-04-13 10:21:12 - INFO - Total time: 24.04 seconds
2025-04-13 10:21:12 - INFO - 
Final fixed code:
2025-04-13 10:21:12 - INFO - ----------------------------------------
2025-04-13 10:21:12 - INFO - /-- What is the $x$-coordinate for the $x$-intercept of the line containing the points $(7,4)$ and $(6,3)$? Show that it is 3.-/
theorem mathd_algebra_43 (a b : ℝ) (f : ℝ → ℝ) (h₀ : ∀ x, f x = a * x + b) (h₁ : f 7 = 4)
  (h₂ : f 6 = 3) : f 3 = 0 := by
  -- First, we'll find the slope (a) of the line using the two given points
  -- From h₀, we know f is a linear function of form f(x) = a*x + b
  -- We have two equations from the given points:
  -- 1) f(7) = a*7 + b = 4 (from h₁)
  -- 2) f(6) = a*6 + b = 3 (from h₂)
  
  -- Subtract equation 2 from equation 1 to eliminate b and find a:
  -- (a*7 + b) - (a*6 + b) = 4 - 3 → a = 1
  have h₃ : a = 1 := by
    -- Apply the function definition to both points
    rw [h₀] at h₁ h₂
    -- Now h₁: a*7 + b = 4, h₂: a*6 + b = 3
    -- Subtract h₂ from h₁ to eliminate b
    linear_combination h₁ - h₂
  
  -- Now that we know a = 1, we can find b using one of the equations
  -- Using h₂: 1*6 + b = 3 → b = -3
  have h₄ : b = -3 := by
    -- Substitute a = 1 into h₂
    rw [h₃, h₀] at h₂
    -- Now h₂: 1*6 + b = 3 → 6 + b = 3
    linarith
  
  -- Now we have the complete function: f(x) = 1*x - 3
  -- To find the x-intercept, we solve f(x) = 0
  -- 1*x - 3 = 0 → x = 3
  -- Therefore, f(3) should be 0
  -- Let's verify this:
  rw [h₀, h₃, h₄]  -- Substitute a = 1 and b = -3 into the function definition
  -- Now the goal is 1*3 - 3 = 0
  norm_num  -- Simplifies the arithmetic to 0 = 0
2025-04-13 10:21:12 - INFO - ----------------------------------------
2025-04-13 10:21:12 - INFO - 
Detailed error repair report:
2025-04-13 10:21:12 - INFO - Original code error count: 1
❌ Fixed error 1/1: Could not generate fix for error at line 23 «rewrite_failed» (after 22.04s)

=== Fix statistics ===
Original error count: 1
Fixed errors: 0 (Fix rate: 0.0000)
Failed errors: 1
Remaining errors: 1
Total time: 24.04 seconds

=== Failed fix details ===

Failed fix 1:
   Line: 23
   Error type: rewrite_failed
   Original error message: tactic 'rewrite' failed, did not find instance of the pattern in the target expression
  a
a b : ℝ
f...
   Failure reason: Could not generate fix
   Time: 22.04 seconds
2025-04-13 10:21:12 - INFO - 
Fixed code saved to: /data/coding/minif2f/lean_fixed/101_fixed.lean
2025-04-13 10:21:12 - INFO - JSON log saved to: /data/coding/minif2f/lean_fixed/101_fix_log.json
2025-04-13 10:21:12 - INFO - 
===== LOG FILE LOCATION =====
2025-04-13 10:21:12 - INFO - Detailed log file is available at: /data/coding/minif2f/lean_fixed/101.log
2025-04-13 10:21:12 - INFO - ===============================
