2025-04-13 09:56:26 - INFO - Log file initialized at 2025-04-13T09:56:26.395248
2025-04-13 09:56:26 - INFO - ===== LOG FILE LOCATION =====
2025-04-13 09:56:26 - INFO - Detailed log file created at: /data/coding/minif2f/lean_fixed/109.log
2025-04-13 09:56:26 - INFO - ===============================
2025-04-13 09:56:26 - INFO - Original code:
2025-04-13 09:56:26 - INFO - ----------------------------------------
2025-04-13 09:56:26 - INFO - import Mathlib
import Aesop

set_option maxHeartbeats 0

open BigOperators Real Nat Topology Rat

/-- Let $P(n)$ and $S(n)$ denote the product and the sum, respectively, of the digits
of the integer $n$. For example, $P(23) = 6$ and $S(23) = 5$. Suppose $N$ is a
two-digit number such that $N = P(N)+S(N)$. What is the units digit of $N$?

$\text{(A)}\ 2\qquad \text{(B)}\ 3\qquad \text{(C)}\ 6\qquad \text{(D)}\ 8\qquad \text{(E)}\ 9$ Show that it is (\text{E})9.-/
theorem amc12_2001_p2 (a b n : ℕ) (h₀ : 1 ≤ a ∧ a ≤ 9) (h₁ : 0 ≤ b ∧ b ≤ 9) (h₂ : n = 10 * a + b)
  (h₃ : n = a * b + a + b) : b = 9 := by
  -- First, substitute the expression for n from h₂ into the equation h₃
  rw [h₂] at h₃
  -- Now we have: 10 * a + b = a * b + a + b
  -- Simplify the equation by subtracting b from both sides
  simp at h₃
  -- Equation becomes: 10 * a = a * b + a
  -- Factor out a on the right side: 10 * a = a * (b + 1)
  rw [mul_add] at h₃
  simp at h₃
  -- Since a is between 1 and 9 (from h₀), we can divide both sides by a
  have h₄ : a ≠ 0 := by linarith [h₀.1]
  -- Division gives us: 10 = b + 1
  rw [← mul_right_inj' h₄] at h₃
  simp at h₃
  -- Now we have b + 1 = 10
  -- Subtract 1 from both sides to solve for b
  rw [add_left_inj] at h₃
  -- Final equation: b = 9
  exact h₃
2025-04-13 09:56:26 - INFO - ----------------------------------------
2025-04-13 09:56:26 - INFO - 
Checking original code for all errors...
2025-04-13 09:59:56 - INFO - Original code contains 1 errors:
2025-04-13 09:59:56 - INFO - Error 1: line 15, type: rewrite_failed, message: tactic 'rewrite' failed, did not find instance of the pattern in the target expression
  ?a * (?b + ...
2025-04-13 09:59:56 - INFO - 
Starting multi-error continuous repair process...
2025-04-13 09:59:56 - INFO - 
===== Starting to fix all errors =====
2025-04-13 09:59:57 - INFO - 
Found 1 original errors:
2025-04-13 09:59:57 - INFO - Error 1: line 15, type: rewrite_failed, message: tactic 'rewrite' failed, did not find instance of the pattern in the target expression
  ?a * (?b + ...
2025-04-13 09:59:57 - INFO - 
Trying to fix error 1/1: line 15, type: rewrite_failed
2025-04-13 09:59:57 - INFO - Error message: tactic 'rewrite' failed, did not find instance of the pattern in the target expression
  ?a * (?b + ...
2025-04-13 09:59:57 - INFO - Removed header content, remaining 26 lines of code
2025-04-13 09:59:57 - INFO - Using specified target error line: 15
2025-04-13 09:59:58 - INFO - Found error at specified line: tactic 'rewrite' failed, did not find instance of the pattern in the target expression
  ?a * (?b + ?c)
a b n : ℕ
h₀ : 1 ≤ a ∧ a ≤ 9
h₁ : 0 ≤ b ∧ b ≤ 9
h₂ : n = 10 * a + b
h₃ : 10 * a = a * b + a
⊢ b = 9
2025-04-13 09:59:58 - INFO - Error at line 15: tactic 'rewrite' failed, did not find instance of the pattern in the target expression
  ?a * (?b + ?c)
a b n : ℕ
h₀ : 1 ≤ a ∧ a ≤ 9
h₁ : 0 ≤ b ∧ b ≤ 9
h₂ : n = 10 * a + b
h₃ : 10 * a = a * b + a
⊢ b = 9
2025-04-13 09:59:58 - INFO - 
==================================================
2025-04-13 09:59:58 - INFO - Code prepared, starting synthesis
2025-04-13 09:59:58 - INFO - Before part: /-- Let $P(n)$ and $S(n)$ denote the product and the sum, respectively, of the digits
of the integer $n$. For example, $P(23) = 6$ and $S(23) = 5$. Suppose $N$ is a
two-digit number such that $N = P(N)+S(N)$. What is the units digit of $N$?

$\text{(A)}\ 2\qquad \text{(B)}\ 3\qquad \text{(C)}\ 6\qquad \text{(D)}\ 8\qquad \text{(E)}\ 9$ Show that it is (\text{E})9.-/
theorem amc12_2001_p2 (a b n : ℕ) (h₀ : 1 ≤ a ∧ a ≤ 9) (h₁ : 0 ≤ b ∧ b ≤ 9) (h₂ : n = 10 * a + b)
  (h₃ : n = a * b + a + b) : b = 9 := by
  -- First, substitute the expression for n from h₂ into the equation h₃
  rw [h₂] at h₃
  -- Now we have: 10 * a + b = a * b + a + b
  -- Simplify the equation by subtracting b from both sides
  simp at h₃
  -- Equation becomes: 10 * a = a * b + a
  -- Factor out a on the right side: 10 * a = a * (b + 1)
2025-04-13 09:59:58 - INFO - Error line:   rw [mul_add] at h₃
2025-04-13 09:59:58 - INFO - After part: simp at h₃
  -- Since a is between 1 and 9 (from h₀), we can divide both sides by a
  have h₄ : a ≠ 0 := by linarith [h₀.1]
  -- Division gives us: 10 = b + 1
  rw [← mul_right_inj' h₄] at h₃
  simp at h₃
  -- Now we have b + 1 = 10
  -- Subtract 1 from both sides to solve for b
  rw [add_left_inj] at h₃
  -- Final equation: b = 9
  exact h₃
2025-04-13 09:59:58 - INFO - ==================================================

2025-04-13 09:59:59 - INFO - Testing fragment: rw [justaplaceholder]
2025-04-13 09:59:59 - INFO - Original error line:   rw [mul_add] at h₃
2025-04-13 10:00:01 - INFO - Testing fix: Original errors: 1, Fixed errors: 2
2025-04-13 10:00:01 - INFO - Result: False (introduced 2 new errors)
2025-04-13 10:00:01 - DEBUG - === New errors detail ===
2025-04-13 10:00:01 - DEBUG - New Error 1: line 15, type: unknown_identifier, message: unknown identifier 'justaplaceholder'
2025-04-13 10:00:01 - DEBUG - New Error 2: line 15, type: rewrite_failed, message: tactic 'rewrite' failed, equality or iff proof expected
  ?m.2373
a b n : ℕ
h₀ : 1 ≤ a ∧ a ≤ 9
h₁ : 0 ≤ b ∧ b ≤ 9
h₂ : n = 10 * a + b
h₃ : 10 * a = a * b + a
⊢ b = 9
2025-04-13 10:00:01 - INFO - Testing fragment: rw [<- justaplaceholder]
2025-04-13 10:00:01 - INFO - Original error line:   rw [mul_add] at h₃
2025-04-13 10:00:03 - INFO - Testing fix: Original errors: 1, Fixed errors: 2
2025-04-13 10:00:03 - INFO - Result: False (introduced 2 new errors)
2025-04-13 10:00:03 - DEBUG - === New errors detail ===
2025-04-13 10:00:03 - DEBUG - New Error 1: line 15, type: unknown_identifier, message: unknown identifier 'justaplaceholder'
2025-04-13 10:00:03 - DEBUG - New Error 2: line 15, type: rewrite_failed, message: tactic 'rewrite' failed, equality or iff proof expected
  ?m.2373
a b n : ℕ
h₀ : 1 ≤ a ∧ a ≤ 9
h₁ : 0 ≤ b ∧ b ≤ 9
h₂ : n = 10 * a + b
h₃ : 10 * a = a * b + a
⊢ b = 9
2025-04-13 10:00:03 - INFO - Testing fragment: simp
2025-04-13 10:00:03 - INFO - Original error line:   rw [mul_add] at h₃
2025-04-13 10:00:05 - INFO - Testing fix: Original errors: 1, Fixed errors: 1
2025-04-13 10:00:05 - INFO - Result: False (introduced 1 new errors)
2025-04-13 10:00:05 - DEBUG - === New errors detail ===
2025-04-13 10:00:05 - DEBUG - New Error 1: line 15, type: simp_failed, message: simp made no progress
2025-04-13 10:00:05 - INFO - Testing fragment: field_simp
2025-04-13 10:00:05 - INFO - Original error line:   rw [mul_add] at h₃
2025-04-13 10:00:07 - INFO - Testing fix: Original errors: 1, Fixed errors: 1
2025-04-13 10:00:07 - INFO - Result: False (introduced 1 new errors)
2025-04-13 10:00:07 - DEBUG - === New errors detail ===
2025-04-13 10:00:07 - DEBUG - New Error 1: line 15, type: simp_failed, message: simp made no progress
2025-04-13 10:00:07 - INFO - Testing fragment: norm_num
2025-04-13 10:00:07 - INFO - Original error line:   rw [mul_add] at h₃
2025-04-13 10:00:09 - INFO - Testing fix: Original errors: 1, Fixed errors: 1
2025-04-13 10:00:09 - INFO - Result: False (introduced 1 new errors)
2025-04-13 10:00:09 - DEBUG - === New errors detail ===
2025-04-13 10:00:09 - DEBUG - New Error 1: line 16, type: simp_failed, message: simp made no progress
2025-04-13 10:00:09 - INFO - Testing fragment: ring
2025-04-13 10:00:09 - INFO - Original error line:   rw [mul_add] at h₃
2025-04-13 10:00:11 - INFO - Testing fix: Original errors: 1, Fixed errors: 2
2025-04-13 10:00:11 - INFO - Result: False (introduced 2 new errors)
2025-04-13 10:00:11 - DEBUG - === New errors detail ===
2025-04-13 10:00:11 - DEBUG - New Error 1: line 15, type: ring_failed, message: Try this: ring_nf
2025-04-13 10:00:11 - DEBUG - New Error 2: line 16, type: simp_failed, message: simp made no progress
2025-04-13 10:00:11 - INFO - Testing fragment: ring_nf
2025-04-13 10:00:11 - INFO - Original error line:   rw [mul_add] at h₃
2025-04-13 10:00:13 - INFO - Testing fix: Original errors: 1, Fixed errors: 1
2025-04-13 10:00:13 - INFO - Result: False (introduced 1 new errors)
2025-04-13 10:00:13 - DEBUG - === New errors detail ===
2025-04-13 10:00:13 - DEBUG - New Error 1: line 16, type: simp_failed, message: simp made no progress
2025-04-13 10:00:13 - INFO - Testing fragment: omega
2025-04-13 10:00:13 - INFO - Original error line:   rw [mul_add] at h₃
2025-04-13 10:00:15 - INFO - Testing fix: Original errors: 1, Fixed errors: 1
2025-04-13 10:00:15 - INFO - Result: False (introduced 1 new errors)
2025-04-13 10:00:15 - DEBUG - === New errors detail ===
2025-04-13 10:00:15 - DEBUG - New Error 1: line 15, type: other_error, message: omega could not prove the goal:
a possible counterexample may satisfy the constraints
  d ≥ 0
  -8 ≤ 10*c - d ≤ 0
  1 ≤ c ≤ 9
where
 c := ↑a
 d := ↑n
2025-04-13 10:00:15 - INFO - Testing fragment: linarith
2025-04-13 10:00:15 - INFO - Original error line:   rw [mul_add] at h₃
2025-04-13 10:00:17 - INFO - Testing fix: Original errors: 1, Fixed errors: 1
2025-04-13 10:00:17 - INFO - Result: False (introduced 1 new errors)
2025-04-13 10:00:17 - DEBUG - === New errors detail ===
2025-04-13 10:00:17 - DEBUG - New Error 1: line 15, type: linarith_failed, message: linarith failed to find a contradiction
case h1.h
a b n : ℕ
h₀ : 1 ≤ a ∧ a ≤ 9
h₁ : 0 ≤ b ∧ b ≤ 9
h₂ : n = 10 * a + b
h₃ : 10 * a = a * b + a
a✝ : b < 9
⊢ False
failed
2025-04-13 10:00:17 - INFO - Testing fragment: nlinarith
2025-04-13 10:00:17 - INFO - Original error line:   rw [mul_add] at h₃
2025-04-13 10:00:20 - INFO - Testing fix: Original errors: 1, Fixed errors: 1
2025-04-13 10:00:20 - INFO - Result: False (introduced 1 new errors)
2025-04-13 10:00:20 - DEBUG - === New errors detail ===
2025-04-13 10:00:20 - DEBUG - New Error 1: line 16, type: no_goals_to_solve, message: no goals to be solved
2025-04-13 10:00:20 - INFO - Failed attempt time: 23.04 seconds
2025-04-13 10:00:20 - INFO - ❌ Could not generate fix for error at line 15
2025-04-13 10:00:21 - INFO - 
===== Fix attempt completed =====
2025-04-13 10:00:21 - INFO - Original errors: 1
2025-04-13 10:00:21 - INFO - Fixed errors: 0
2025-04-13 10:00:21 - INFO - Failed errors: 1
2025-04-13 10:00:21 - INFO - Remaining errors: 1
2025-04-13 10:00:21 - INFO - Total time: 25.05 seconds
2025-04-13 10:00:21 - INFO - 
Final fixed code:
2025-04-13 10:00:21 - INFO - ----------------------------------------
2025-04-13 10:00:21 - INFO - /-- Let $P(n)$ and $S(n)$ denote the product and the sum, respectively, of the digits
of the integer $n$. For example, $P(23) = 6$ and $S(23) = 5$. Suppose $N$ is a
two-digit number such that $N = P(N)+S(N)$. What is the units digit of $N$?

$\text{(A)}\ 2\qquad \text{(B)}\ 3\qquad \text{(C)}\ 6\qquad \text{(D)}\ 8\qquad \text{(E)}\ 9$ Show that it is (\text{E})9.-/
theorem amc12_2001_p2 (a b n : ℕ) (h₀ : 1 ≤ a ∧ a ≤ 9) (h₁ : 0 ≤ b ∧ b ≤ 9) (h₂ : n = 10 * a + b)
  (h₃ : n = a * b + a + b) : b = 9 := by
  -- First, substitute the expression for n from h₂ into the equation h₃
  rw [h₂] at h₃
  -- Now we have: 10 * a + b = a * b + a + b
  -- Simplify the equation by subtracting b from both sides
  simp at h₃
  -- Equation becomes: 10 * a = a * b + a
  -- Factor out a on the right side: 10 * a = a * (b + 1)
  rw [mul_add] at h₃
  simp at h₃
  -- Since a is between 1 and 9 (from h₀), we can divide both sides by a
  have h₄ : a ≠ 0 := by linarith [h₀.1]
  -- Division gives us: 10 = b + 1
  rw [← mul_right_inj' h₄] at h₃
  simp at h₃
  -- Now we have b + 1 = 10
  -- Subtract 1 from both sides to solve for b
  rw [add_left_inj] at h₃
  -- Final equation: b = 9
  exact h₃
2025-04-13 10:00:21 - INFO - ----------------------------------------
2025-04-13 10:00:21 - INFO - 
Detailed error repair report:
2025-04-13 10:00:21 - INFO - Original code error count: 1
❌ Fixed error 1/1: Could not generate fix for error at line 15 «rewrite_failed» (after 23.04s)

=== Fix statistics ===
Original error count: 1
Fixed errors: 0 (Fix rate: 0.0000)
Failed errors: 1
Remaining errors: 1
Total time: 25.05 seconds

=== Failed fix details ===

Failed fix 1:
   Line: 15
   Error type: rewrite_failed
   Original error message: tactic 'rewrite' failed, did not find instance of the pattern in the target expression
  ?a * (?b + ...
   Failure reason: Could not generate fix
   Time: 23.04 seconds
2025-04-13 10:00:21 - INFO - 
Fixed code saved to: /data/coding/minif2f/lean_fixed/109_fixed.lean
2025-04-13 10:00:21 - INFO - JSON log saved to: /data/coding/minif2f/lean_fixed/109_fix_log.json
2025-04-13 10:00:21 - INFO - 
===== LOG FILE LOCATION =====
2025-04-13 10:00:21 - INFO - Detailed log file is available at: /data/coding/minif2f/lean_fixed/109.log
2025-04-13 10:00:21 - INFO - ===============================
2025-04-13 10:13:13 - INFO - Log file initialized at 2025-04-13T10:13:13.979975
2025-04-13 10:13:13 - INFO - ===== LOG FILE LOCATION =====
2025-04-13 10:13:13 - INFO - Detailed log file created at: /data/coding/minif2f/lean_fixed/109.log
2025-04-13 10:13:13 - INFO - ===============================
2025-04-13 10:13:13 - INFO - Original code:
2025-04-13 10:13:13 - INFO - ----------------------------------------
2025-04-13 10:13:13 - INFO - import Mathlib
import Aesop

set_option maxHeartbeats 0

open BigOperators Real Nat Topology Rat

/-- Let $P(n)$ and $S(n)$ denote the product and the sum, respectively, of the digits
of the integer $n$. For example, $P(23) = 6$ and $S(23) = 5$. Suppose $N$ is a
two-digit number such that $N = P(N)+S(N)$. What is the units digit of $N$?

$\text{(A)}\ 2\qquad \text{(B)}\ 3\qquad \text{(C)}\ 6\qquad \text{(D)}\ 8\qquad \text{(E)}\ 9$ Show that it is (\text{E})9.-/
theorem amc12_2001_p2 (a b n : ℕ) (h₀ : 1 ≤ a ∧ a ≤ 9) (h₁ : 0 ≤ b ∧ b ≤ 9) (h₂ : n = 10 * a + b)
  (h₃ : n = a * b + a + b) : b = 9 := by
  -- First, substitute the expression for n from h₂ into the equation h₃
  rw [h₂] at h₃
  -- Now we have: 10 * a + b = a * b + a + b
  -- Simplify the equation by subtracting b from both sides
  simp at h₃
  -- Equation becomes: 10 * a = a * b + a
  -- Factor out a on the right side: 10 * a = a * (b + 1)
  rw [mul_add] at h₃
  simp at h₃
  -- Since a is between 1 and 9 (from h₀), we can divide both sides by a
  have h₄ : a ≠ 0 := by linarith [h₀.1]
  -- Division gives us: 10 = b + 1
  rw [← mul_right_inj' h₄] at h₃
  simp at h₃
  -- Now we have b + 1 = 10
  -- Subtract 1 from both sides to solve for b
  rw [add_left_inj] at h₃
  -- Final equation: b = 9
  exact h₃
2025-04-13 10:13:13 - INFO - ----------------------------------------
2025-04-13 10:13:13 - INFO - 
Checking original code for all errors...
2025-04-13 10:16:31 - INFO - Original code contains 1 errors:
2025-04-13 10:16:31 - INFO - Error 1: line 15, type: rewrite_failed, message: tactic 'rewrite' failed, did not find instance of the pattern in the target expression
  ?a * (?b + ...
2025-04-13 10:16:31 - INFO - 
Starting multi-error continuous repair process...
2025-04-13 10:16:31 - INFO - 
===== Starting to fix all errors =====
2025-04-13 10:16:32 - INFO - 
Found 1 original errors:
2025-04-13 10:16:32 - INFO - Error 1: line 15, type: rewrite_failed, message: tactic 'rewrite' failed, did not find instance of the pattern in the target expression
  ?a * (?b + ...
2025-04-13 10:16:32 - INFO - 
Trying to fix error 1/1: line 15, type: rewrite_failed
2025-04-13 10:16:32 - INFO - Error message: tactic 'rewrite' failed, did not find instance of the pattern in the target expression
  ?a * (?b + ...
2025-04-13 10:16:32 - INFO - Removed header content, remaining 26 lines of code
2025-04-13 10:16:32 - INFO - Using specified target error line: 15
2025-04-13 10:16:33 - INFO - Found error at specified line: tactic 'rewrite' failed, did not find instance of the pattern in the target expression
  ?a * (?b + ?c)
a b n : ℕ
h₀ : 1 ≤ a ∧ a ≤ 9
h₁ : 0 ≤ b ∧ b ≤ 9
h₂ : n = 10 * a + b
h₃ : 10 * a = a * b + a
⊢ b = 9
2025-04-13 10:16:33 - INFO - Error at line 15: tactic 'rewrite' failed, did not find instance of the pattern in the target expression
  ?a * (?b + ?c)
a b n : ℕ
h₀ : 1 ≤ a ∧ a ≤ 9
h₁ : 0 ≤ b ∧ b ≤ 9
h₂ : n = 10 * a + b
h₃ : 10 * a = a * b + a
⊢ b = 9
2025-04-13 10:16:33 - INFO - 
==================================================
2025-04-13 10:16:33 - INFO - Code prepared, starting synthesis
2025-04-13 10:16:33 - INFO - Before part: /-- Let $P(n)$ and $S(n)$ denote the product and the sum, respectively, of the digits
of the integer $n$. For example, $P(23) = 6$ and $S(23) = 5$. Suppose $N$ is a
two-digit number such that $N = P(N)+S(N)$. What is the units digit of $N$?

$\text{(A)}\ 2\qquad \text{(B)}\ 3\qquad \text{(C)}\ 6\qquad \text{(D)}\ 8\qquad \text{(E)}\ 9$ Show that it is (\text{E})9.-/
theorem amc12_2001_p2 (a b n : ℕ) (h₀ : 1 ≤ a ∧ a ≤ 9) (h₁ : 0 ≤ b ∧ b ≤ 9) (h₂ : n = 10 * a + b)
  (h₃ : n = a * b + a + b) : b = 9 := by
  -- First, substitute the expression for n from h₂ into the equation h₃
  rw [h₂] at h₃
  -- Now we have: 10 * a + b = a * b + a + b
  -- Simplify the equation by subtracting b from both sides
  simp at h₃
  -- Equation becomes: 10 * a = a * b + a
  -- Factor out a on the right side: 10 * a = a * (b + 1)
2025-04-13 10:16:33 - INFO - Error line:   rw [mul_add] at h₃
2025-04-13 10:16:33 - INFO - After part: simp at h₃
  -- Since a is between 1 and 9 (from h₀), we can divide both sides by a
  have h₄ : a ≠ 0 := by linarith [h₀.1]
  -- Division gives us: 10 = b + 1
  rw [← mul_right_inj' h₄] at h₃
  simp at h₃
  -- Now we have b + 1 = 10
  -- Subtract 1 from both sides to solve for b
  rw [add_left_inj] at h₃
  -- Final equation: b = 9
  exact h₃
2025-04-13 10:16:33 - INFO - ==================================================

2025-04-13 10:16:34 - INFO - Testing fragment: rw [justaplaceholder]
2025-04-13 10:16:34 - INFO - Original error line:   rw [mul_add] at h₃
2025-04-13 10:16:36 - INFO - Testing fix: Original errors: 1, Fixed errors: 2
2025-04-13 10:16:36 - INFO - Result: False (introduced 2 new errors)
2025-04-13 10:16:36 - DEBUG - === New errors detail ===
2025-04-13 10:16:36 - DEBUG - New Error 1: line 15, type: unknown_identifier, message: unknown identifier 'justaplaceholder'
2025-04-13 10:16:36 - DEBUG - New Error 2: line 15, type: rewrite_failed, message: tactic 'rewrite' failed, equality or iff proof expected
  ?m.2373
a b n : ℕ
h₀ : 1 ≤ a ∧ a ≤ 9
h₁ : 0 ≤ b ∧ b ≤ 9
h₂ : n = 10 * a + b
h₃ : 10 * a = a * b + a
⊢ b = 9
2025-04-13 10:16:36 - INFO - Testing fragment: rw [<- justaplaceholder]
2025-04-13 10:16:36 - INFO - Original error line:   rw [mul_add] at h₃
2025-04-13 10:16:38 - INFO - Testing fix: Original errors: 1, Fixed errors: 2
2025-04-13 10:16:38 - INFO - Result: False (introduced 2 new errors)
2025-04-13 10:16:38 - DEBUG - === New errors detail ===
2025-04-13 10:16:38 - DEBUG - New Error 1: line 15, type: unknown_identifier, message: unknown identifier 'justaplaceholder'
2025-04-13 10:16:38 - DEBUG - New Error 2: line 15, type: rewrite_failed, message: tactic 'rewrite' failed, equality or iff proof expected
  ?m.2373
a b n : ℕ
h₀ : 1 ≤ a ∧ a ≤ 9
h₁ : 0 ≤ b ∧ b ≤ 9
h₂ : n = 10 * a + b
h₃ : 10 * a = a * b + a
⊢ b = 9
2025-04-13 10:16:38 - INFO - Testing fragment: simp
2025-04-13 10:16:38 - INFO - Original error line:   rw [mul_add] at h₃
2025-04-13 10:16:40 - INFO - Testing fix: Original errors: 1, Fixed errors: 1
2025-04-13 10:16:40 - INFO - Result: False (introduced 1 new errors)
2025-04-13 10:16:40 - DEBUG - === New errors detail ===
2025-04-13 10:16:40 - DEBUG - New Error 1: line 15, type: simp_failed, message: simp made no progress
2025-04-13 10:16:40 - INFO - Testing fragment: field_simp
2025-04-13 10:16:40 - INFO - Original error line:   rw [mul_add] at h₃
2025-04-13 10:16:42 - INFO - Testing fix: Original errors: 1, Fixed errors: 1
2025-04-13 10:16:42 - INFO - Result: False (introduced 1 new errors)
2025-04-13 10:16:42 - DEBUG - === New errors detail ===
2025-04-13 10:16:42 - DEBUG - New Error 1: line 15, type: simp_failed, message: simp made no progress
2025-04-13 10:16:42 - INFO - Testing fragment: norm_num
2025-04-13 10:16:42 - INFO - Original error line:   rw [mul_add] at h₃
2025-04-13 10:16:44 - INFO - Testing fix: Original errors: 1, Fixed errors: 1
2025-04-13 10:16:44 - INFO - Result: False (introduced 1 new errors)
2025-04-13 10:16:44 - DEBUG - === New errors detail ===
2025-04-13 10:16:44 - DEBUG - New Error 1: line 16, type: simp_failed, message: simp made no progress
2025-04-13 10:16:44 - INFO - Testing fragment: ring
2025-04-13 10:16:44 - INFO - Original error line:   rw [mul_add] at h₃
2025-04-13 10:16:46 - INFO - Testing fix: Original errors: 1, Fixed errors: 2
2025-04-13 10:16:46 - INFO - Result: False (introduced 2 new errors)
2025-04-13 10:16:46 - DEBUG - === New errors detail ===
2025-04-13 10:16:46 - DEBUG - New Error 1: line 15, type: ring_failed, message: Try this: ring_nf
2025-04-13 10:16:46 - DEBUG - New Error 2: line 16, type: simp_failed, message: simp made no progress
2025-04-13 10:16:46 - INFO - Testing fragment: ring_nf
2025-04-13 10:16:46 - INFO - Original error line:   rw [mul_add] at h₃
2025-04-13 10:16:48 - INFO - Testing fix: Original errors: 1, Fixed errors: 1
2025-04-13 10:16:48 - INFO - Result: False (introduced 1 new errors)
2025-04-13 10:16:48 - DEBUG - === New errors detail ===
2025-04-13 10:16:48 - DEBUG - New Error 1: line 16, type: simp_failed, message: simp made no progress
2025-04-13 10:16:48 - INFO - Testing fragment: omega
2025-04-13 10:16:48 - INFO - Original error line:   rw [mul_add] at h₃
2025-04-13 10:16:50 - INFO - Testing fix: Original errors: 1, Fixed errors: 1
2025-04-13 10:16:50 - INFO - Result: False (introduced 1 new errors)
2025-04-13 10:16:50 - DEBUG - === New errors detail ===
2025-04-13 10:16:50 - DEBUG - New Error 1: line 15, type: other_error, message: omega could not prove the goal:
a possible counterexample may satisfy the constraints
  d ≥ 0
  -8 ≤ 10*c - d ≤ 0
  1 ≤ c ≤ 9
where
 c := ↑a
 d := ↑n
2025-04-13 10:16:50 - INFO - Testing fragment: linarith
2025-04-13 10:16:50 - INFO - Original error line:   rw [mul_add] at h₃
2025-04-13 10:16:52 - INFO - Testing fix: Original errors: 1, Fixed errors: 1
2025-04-13 10:16:52 - INFO - Result: False (introduced 1 new errors)
2025-04-13 10:16:52 - DEBUG - === New errors detail ===
2025-04-13 10:16:52 - DEBUG - New Error 1: line 15, type: linarith_failed, message: linarith failed to find a contradiction
case h1.h
a b n : ℕ
h₀ : 1 ≤ a ∧ a ≤ 9
h₁ : 0 ≤ b ∧ b ≤ 9
h₂ : n = 10 * a + b
h₃ : 10 * a = a * b + a
a✝ : b < 9
⊢ False
failed
2025-04-13 10:16:52 - INFO - Testing fragment: nlinarith
2025-04-13 10:16:52 - INFO - Original error line:   rw [mul_add] at h₃
2025-04-13 10:16:55 - INFO - Testing fix: Original errors: 1, Fixed errors: 1
2025-04-13 10:16:55 - INFO - Result: False (introduced 1 new errors)
2025-04-13 10:16:55 - DEBUG - === New errors detail ===
2025-04-13 10:16:55 - DEBUG - New Error 1: line 16, type: no_goals_to_solve, message: no goals to be solved
2025-04-13 10:16:55 - INFO - Failed attempt time: 23.04 seconds
2025-04-13 10:16:55 - INFO - ❌ Could not generate fix for error at line 15
2025-04-13 10:16:56 - INFO - 
===== Fix attempt completed =====
2025-04-13 10:16:56 - INFO - Original errors: 1
2025-04-13 10:16:56 - INFO - Fixed errors: 0
2025-04-13 10:16:56 - INFO - Failed errors: 1
2025-04-13 10:16:56 - INFO - Remaining errors: 1
2025-04-13 10:16:56 - INFO - Total time: 25.04 seconds
2025-04-13 10:16:56 - INFO - 
Final fixed code:
2025-04-13 10:16:56 - INFO - ----------------------------------------
2025-04-13 10:16:56 - INFO - /-- Let $P(n)$ and $S(n)$ denote the product and the sum, respectively, of the digits
of the integer $n$. For example, $P(23) = 6$ and $S(23) = 5$. Suppose $N$ is a
two-digit number such that $N = P(N)+S(N)$. What is the units digit of $N$?

$\text{(A)}\ 2\qquad \text{(B)}\ 3\qquad \text{(C)}\ 6\qquad \text{(D)}\ 8\qquad \text{(E)}\ 9$ Show that it is (\text{E})9.-/
theorem amc12_2001_p2 (a b n : ℕ) (h₀ : 1 ≤ a ∧ a ≤ 9) (h₁ : 0 ≤ b ∧ b ≤ 9) (h₂ : n = 10 * a + b)
  (h₃ : n = a * b + a + b) : b = 9 := by
  -- First, substitute the expression for n from h₂ into the equation h₃
  rw [h₂] at h₃
  -- Now we have: 10 * a + b = a * b + a + b
  -- Simplify the equation by subtracting b from both sides
  simp at h₃
  -- Equation becomes: 10 * a = a * b + a
  -- Factor out a on the right side: 10 * a = a * (b + 1)
  rw [mul_add] at h₃
  simp at h₃
  -- Since a is between 1 and 9 (from h₀), we can divide both sides by a
  have h₄ : a ≠ 0 := by linarith [h₀.1]
  -- Division gives us: 10 = b + 1
  rw [← mul_right_inj' h₄] at h₃
  simp at h₃
  -- Now we have b + 1 = 10
  -- Subtract 1 from both sides to solve for b
  rw [add_left_inj] at h₃
  -- Final equation: b = 9
  exact h₃
2025-04-13 10:16:56 - INFO - ----------------------------------------
2025-04-13 10:16:56 - INFO - 
Detailed error repair report:
2025-04-13 10:16:56 - INFO - Original code error count: 1
❌ Fixed error 1/1: Could not generate fix for error at line 15 «rewrite_failed» (after 23.04s)

=== Fix statistics ===
Original error count: 1
Fixed errors: 0 (Fix rate: 0.0000)
Failed errors: 1
Remaining errors: 1
Total time: 25.04 seconds

=== Failed fix details ===

Failed fix 1:
   Line: 15
   Error type: rewrite_failed
   Original error message: tactic 'rewrite' failed, did not find instance of the pattern in the target expression
  ?a * (?b + ...
   Failure reason: Could not generate fix
   Time: 23.04 seconds
2025-04-13 10:16:56 - INFO - 
Fixed code saved to: /data/coding/minif2f/lean_fixed/109_fixed.lean
2025-04-13 10:16:56 - INFO - JSON log saved to: /data/coding/minif2f/lean_fixed/109_fix_log.json
2025-04-13 10:16:56 - INFO - 
===== LOG FILE LOCATION =====
2025-04-13 10:16:56 - INFO - Detailed log file is available at: /data/coding/minif2f/lean_fixed/109.log
2025-04-13 10:16:56 - INFO - ===============================
2025-04-13 10:20:40 - INFO - Log file initialized at 2025-04-13T10:20:40.462356
2025-04-13 10:20:40 - INFO - ===== LOG FILE LOCATION =====
2025-04-13 10:20:40 - INFO - Detailed log file created at: /data/coding/minif2f/lean_fixed/109.log
2025-04-13 10:20:40 - INFO - ===============================
2025-04-13 10:20:40 - INFO - Original code:
2025-04-13 10:20:40 - INFO - ----------------------------------------
2025-04-13 10:20:40 - INFO - import Mathlib
import Aesop

set_option maxHeartbeats 0

open BigOperators Real Nat Topology Rat

/-- Let $P(n)$ and $S(n)$ denote the product and the sum, respectively, of the digits
of the integer $n$. For example, $P(23) = 6$ and $S(23) = 5$. Suppose $N$ is a
two-digit number such that $N = P(N)+S(N)$. What is the units digit of $N$?

$\text{(A)}\ 2\qquad \text{(B)}\ 3\qquad \text{(C)}\ 6\qquad \text{(D)}\ 8\qquad \text{(E)}\ 9$ Show that it is (\text{E})9.-/
theorem amc12_2001_p2 (a b n : ℕ) (h₀ : 1 ≤ a ∧ a ≤ 9) (h₁ : 0 ≤ b ∧ b ≤ 9) (h₂ : n = 10 * a + b)
  (h₃ : n = a * b + a + b) : b = 9 := by
  -- First, substitute the expression for n from h₂ into the equation h₃
  rw [h₂] at h₃
  -- Now we have: 10 * a + b = a * b + a + b
  -- Simplify the equation by subtracting b from both sides
  simp at h₃
  -- Equation becomes: 10 * a = a * b + a
  -- Factor out a on the right side: 10 * a = a * (b + 1)
  rw [mul_add] at h₃
  simp at h₃
  -- Since a is between 1 and 9 (from h₀), we can divide both sides by a
  have h₄ : a ≠ 0 := by linarith [h₀.1]
  -- Division gives us: 10 = b + 1
  rw [← mul_right_inj' h₄] at h₃
  simp at h₃
  -- Now we have b + 1 = 10
  -- Subtract 1 from both sides to solve for b
  rw [add_left_inj] at h₃
  -- Final equation: b = 9
  exact h₃
2025-04-13 10:20:40 - INFO - ----------------------------------------
2025-04-13 10:20:40 - INFO - 
Checking original code for all errors...
2025-04-13 10:20:48 - INFO - Original code contains 1 errors:
2025-04-13 10:20:48 - INFO - Error 1: line 15, type: rewrite_failed, message: tactic 'rewrite' failed, did not find instance of the pattern in the target expression
  ?a * (?b + ...
2025-04-13 10:20:48 - INFO - 
Starting multi-error continuous repair process...
2025-04-13 10:20:48 - INFO - 
===== Starting to fix all errors =====
2025-04-13 10:20:49 - INFO - 
Found 1 original errors:
2025-04-13 10:20:49 - INFO - Error 1: line 15, type: rewrite_failed, message: tactic 'rewrite' failed, did not find instance of the pattern in the target expression
  ?a * (?b + ...
2025-04-13 10:20:49 - INFO - 
Trying to fix error 1/1: line 15, type: rewrite_failed
2025-04-13 10:20:49 - INFO - Error message: tactic 'rewrite' failed, did not find instance of the pattern in the target expression
  ?a * (?b + ...
2025-04-13 10:20:49 - INFO - Removed header content, remaining 26 lines of code
2025-04-13 10:20:49 - INFO - Using specified target error line: 15
2025-04-13 10:20:50 - INFO - Found error at specified line: tactic 'rewrite' failed, did not find instance of the pattern in the target expression
  ?a * (?b + ?c)
a b n : ℕ
h₀ : 1 ≤ a ∧ a ≤ 9
h₁ : 0 ≤ b ∧ b ≤ 9
h₂ : n = 10 * a + b
h₃ : 10 * a = a * b + a
⊢ b = 9
2025-04-13 10:20:50 - INFO - Error at line 15: tactic 'rewrite' failed, did not find instance of the pattern in the target expression
  ?a * (?b + ?c)
a b n : ℕ
h₀ : 1 ≤ a ∧ a ≤ 9
h₁ : 0 ≤ b ∧ b ≤ 9
h₂ : n = 10 * a + b
h₃ : 10 * a = a * b + a
⊢ b = 9
2025-04-13 10:20:50 - INFO - 
==================================================
2025-04-13 10:20:50 - INFO - Code prepared, starting synthesis
2025-04-13 10:20:50 - INFO - Before part: /-- Let $P(n)$ and $S(n)$ denote the product and the sum, respectively, of the digits
of the integer $n$. For example, $P(23) = 6$ and $S(23) = 5$. Suppose $N$ is a
two-digit number such that $N = P(N)+S(N)$. What is the units digit of $N$?

$\text{(A)}\ 2\qquad \text{(B)}\ 3\qquad \text{(C)}\ 6\qquad \text{(D)}\ 8\qquad \text{(E)}\ 9$ Show that it is (\text{E})9.-/
theorem amc12_2001_p2 (a b n : ℕ) (h₀ : 1 ≤ a ∧ a ≤ 9) (h₁ : 0 ≤ b ∧ b ≤ 9) (h₂ : n = 10 * a + b)
  (h₃ : n = a * b + a + b) : b = 9 := by
  -- First, substitute the expression for n from h₂ into the equation h₃
  rw [h₂] at h₃
  -- Now we have: 10 * a + b = a * b + a + b
  -- Simplify the equation by subtracting b from both sides
  simp at h₃
  -- Equation becomes: 10 * a = a * b + a
  -- Factor out a on the right side: 10 * a = a * (b + 1)
2025-04-13 10:20:50 - INFO - Error line:   rw [mul_add] at h₃
2025-04-13 10:20:50 - INFO - After part: simp at h₃
  -- Since a is between 1 and 9 (from h₀), we can divide both sides by a
  have h₄ : a ≠ 0 := by linarith [h₀.1]
  -- Division gives us: 10 = b + 1
  rw [← mul_right_inj' h₄] at h₃
  simp at h₃
  -- Now we have b + 1 = 10
  -- Subtract 1 from both sides to solve for b
  rw [add_left_inj] at h₃
  -- Final equation: b = 9
  exact h₃
2025-04-13 10:20:50 - INFO - ==================================================

2025-04-13 10:20:51 - INFO - Testing fragment: rw [justaplaceholder]
2025-04-13 10:20:51 - INFO - Original error line:   rw [mul_add] at h₃
2025-04-13 10:20:53 - INFO - Testing fix: Original errors: 1, Fixed errors: 2
2025-04-13 10:20:53 - INFO - Result: False (introduced 2 new errors)
2025-04-13 10:20:53 - DEBUG - === New errors detail ===
2025-04-13 10:20:53 - DEBUG - New Error 1: line 15, type: unknown_identifier, message: unknown identifier 'justaplaceholder'
2025-04-13 10:20:53 - DEBUG - New Error 2: line 15, type: rewrite_failed, message: tactic 'rewrite' failed, equality or iff proof expected
  ?m.2373
a b n : ℕ
h₀ : 1 ≤ a ∧ a ≤ 9
h₁ : 0 ≤ b ∧ b ≤ 9
h₂ : n = 10 * a + b
h₃ : 10 * a = a * b + a
⊢ b = 9
2025-04-13 10:20:53 - INFO - Testing fragment: rw [<- justaplaceholder]
2025-04-13 10:20:53 - INFO - Original error line:   rw [mul_add] at h₃
2025-04-13 10:20:55 - INFO - Testing fix: Original errors: 1, Fixed errors: 2
2025-04-13 10:20:55 - INFO - Result: False (introduced 2 new errors)
2025-04-13 10:20:55 - DEBUG - === New errors detail ===
2025-04-13 10:20:55 - DEBUG - New Error 1: line 15, type: unknown_identifier, message: unknown identifier 'justaplaceholder'
2025-04-13 10:20:55 - DEBUG - New Error 2: line 15, type: rewrite_failed, message: tactic 'rewrite' failed, equality or iff proof expected
  ?m.2373
a b n : ℕ
h₀ : 1 ≤ a ∧ a ≤ 9
h₁ : 0 ≤ b ∧ b ≤ 9
h₂ : n = 10 * a + b
h₃ : 10 * a = a * b + a
⊢ b = 9
2025-04-13 10:20:55 - INFO - Testing fragment: simp
2025-04-13 10:20:55 - INFO - Original error line:   rw [mul_add] at h₃
2025-04-13 10:20:57 - INFO - Testing fix: Original errors: 1, Fixed errors: 1
2025-04-13 10:20:57 - INFO - Result: False (introduced 1 new errors)
2025-04-13 10:20:57 - DEBUG - === New errors detail ===
2025-04-13 10:20:57 - DEBUG - New Error 1: line 15, type: simp_failed, message: simp made no progress
2025-04-13 10:20:57 - INFO - Testing fragment: field_simp
2025-04-13 10:20:57 - INFO - Original error line:   rw [mul_add] at h₃
2025-04-13 10:20:59 - INFO - Testing fix: Original errors: 1, Fixed errors: 1
2025-04-13 10:20:59 - INFO - Result: False (introduced 1 new errors)
2025-04-13 10:20:59 - DEBUG - === New errors detail ===
2025-04-13 10:20:59 - DEBUG - New Error 1: line 15, type: simp_failed, message: simp made no progress
2025-04-13 10:20:59 - INFO - Testing fragment: norm_num
2025-04-13 10:20:59 - INFO - Original error line:   rw [mul_add] at h₃
2025-04-13 10:21:01 - INFO - Testing fix: Original errors: 1, Fixed errors: 1
2025-04-13 10:21:01 - INFO - Result: False (introduced 1 new errors)
2025-04-13 10:21:01 - DEBUG - === New errors detail ===
2025-04-13 10:21:01 - DEBUG - New Error 1: line 16, type: simp_failed, message: simp made no progress
2025-04-13 10:21:01 - INFO - Testing fragment: ring
2025-04-13 10:21:01 - INFO - Original error line:   rw [mul_add] at h₃
2025-04-13 10:21:03 - INFO - Testing fix: Original errors: 1, Fixed errors: 2
2025-04-13 10:21:03 - INFO - Result: False (introduced 2 new errors)
2025-04-13 10:21:03 - DEBUG - === New errors detail ===
2025-04-13 10:21:03 - DEBUG - New Error 1: line 15, type: ring_failed, message: Try this: ring_nf
2025-04-13 10:21:03 - DEBUG - New Error 2: line 16, type: simp_failed, message: simp made no progress
2025-04-13 10:21:03 - INFO - Testing fragment: ring_nf
2025-04-13 10:21:03 - INFO - Original error line:   rw [mul_add] at h₃
2025-04-13 10:21:05 - INFO - Testing fix: Original errors: 1, Fixed errors: 1
2025-04-13 10:21:05 - INFO - Result: False (introduced 1 new errors)
2025-04-13 10:21:05 - DEBUG - === New errors detail ===
2025-04-13 10:21:05 - DEBUG - New Error 1: line 16, type: simp_failed, message: simp made no progress
2025-04-13 10:21:05 - INFO - Testing fragment: omega
2025-04-13 10:21:05 - INFO - Original error line:   rw [mul_add] at h₃
2025-04-13 10:21:07 - INFO - Testing fix: Original errors: 1, Fixed errors: 1
2025-04-13 10:21:07 - INFO - Result: False (introduced 1 new errors)
2025-04-13 10:21:07 - DEBUG - === New errors detail ===
2025-04-13 10:21:07 - DEBUG - New Error 1: line 15, type: other_error, message: omega could not prove the goal:
a possible counterexample may satisfy the constraints
  d ≥ 0
  -8 ≤ 10*c - d ≤ 0
  1 ≤ c ≤ 9
where
 c := ↑a
 d := ↑n
2025-04-13 10:21:07 - INFO - Testing fragment: linarith
2025-04-13 10:21:07 - INFO - Original error line:   rw [mul_add] at h₃
2025-04-13 10:21:09 - INFO - Testing fix: Original errors: 1, Fixed errors: 1
2025-04-13 10:21:09 - INFO - Result: False (introduced 1 new errors)
2025-04-13 10:21:09 - DEBUG - === New errors detail ===
2025-04-13 10:21:09 - DEBUG - New Error 1: line 15, type: linarith_failed, message: linarith failed to find a contradiction
case h1.h
a b n : ℕ
h₀ : 1 ≤ a ∧ a ≤ 9
h₁ : 0 ≤ b ∧ b ≤ 9
h₂ : n = 10 * a + b
h₃ : 10 * a = a * b + a
a✝ : b < 9
⊢ False
failed
2025-04-13 10:21:09 - INFO - Testing fragment: nlinarith
2025-04-13 10:21:09 - INFO - Original error line:   rw [mul_add] at h₃
2025-04-13 10:21:12 - INFO - Testing fix: Original errors: 1, Fixed errors: 1
2025-04-13 10:21:12 - INFO - Result: False (introduced 1 new errors)
2025-04-13 10:21:12 - DEBUG - === New errors detail ===
2025-04-13 10:21:12 - DEBUG - New Error 1: line 16, type: no_goals_to_solve, message: no goals to be solved
2025-04-13 10:21:12 - INFO - Failed attempt time: 23.04 seconds
2025-04-13 10:21:12 - INFO - ❌ Could not generate fix for error at line 15
2025-04-13 10:21:13 - INFO - 
===== Fix attempt completed =====
2025-04-13 10:21:13 - INFO - Original errors: 1
2025-04-13 10:21:13 - INFO - Fixed errors: 0
2025-04-13 10:21:13 - INFO - Failed errors: 1
2025-04-13 10:21:13 - INFO - Remaining errors: 1
2025-04-13 10:21:13 - INFO - Total time: 25.05 seconds
2025-04-13 10:21:13 - INFO - 
Final fixed code:
2025-04-13 10:21:13 - INFO - ----------------------------------------
2025-04-13 10:21:13 - INFO - /-- Let $P(n)$ and $S(n)$ denote the product and the sum, respectively, of the digits
of the integer $n$. For example, $P(23) = 6$ and $S(23) = 5$. Suppose $N$ is a
two-digit number such that $N = P(N)+S(N)$. What is the units digit of $N$?

$\text{(A)}\ 2\qquad \text{(B)}\ 3\qquad \text{(C)}\ 6\qquad \text{(D)}\ 8\qquad \text{(E)}\ 9$ Show that it is (\text{E})9.-/
theorem amc12_2001_p2 (a b n : ℕ) (h₀ : 1 ≤ a ∧ a ≤ 9) (h₁ : 0 ≤ b ∧ b ≤ 9) (h₂ : n = 10 * a + b)
  (h₃ : n = a * b + a + b) : b = 9 := by
  -- First, substitute the expression for n from h₂ into the equation h₃
  rw [h₂] at h₃
  -- Now we have: 10 * a + b = a * b + a + b
  -- Simplify the equation by subtracting b from both sides
  simp at h₃
  -- Equation becomes: 10 * a = a * b + a
  -- Factor out a on the right side: 10 * a = a * (b + 1)
  rw [mul_add] at h₃
  simp at h₃
  -- Since a is between 1 and 9 (from h₀), we can divide both sides by a
  have h₄ : a ≠ 0 := by linarith [h₀.1]
  -- Division gives us: 10 = b + 1
  rw [← mul_right_inj' h₄] at h₃
  simp at h₃
  -- Now we have b + 1 = 10
  -- Subtract 1 from both sides to solve for b
  rw [add_left_inj] at h₃
  -- Final equation: b = 9
  exact h₃
2025-04-13 10:21:13 - INFO - ----------------------------------------
2025-04-13 10:21:13 - INFO - 
Detailed error repair report:
2025-04-13 10:21:13 - INFO - Original code error count: 1
❌ Fixed error 1/1: Could not generate fix for error at line 15 «rewrite_failed» (after 23.04s)

=== Fix statistics ===
Original error count: 1
Fixed errors: 0 (Fix rate: 0.0000)
Failed errors: 1
Remaining errors: 1
Total time: 25.05 seconds

=== Failed fix details ===

Failed fix 1:
   Line: 15
   Error type: rewrite_failed
   Original error message: tactic 'rewrite' failed, did not find instance of the pattern in the target expression
  ?a * (?b + ...
   Failure reason: Could not generate fix
   Time: 23.04 seconds
2025-04-13 10:21:13 - INFO - 
Fixed code saved to: /data/coding/minif2f/lean_fixed/109_fixed.lean
2025-04-13 10:21:13 - INFO - JSON log saved to: /data/coding/minif2f/lean_fixed/109_fix_log.json
2025-04-13 10:21:13 - INFO - 
===== LOG FILE LOCATION =====
2025-04-13 10:21:13 - INFO - Detailed log file is available at: /data/coding/minif2f/lean_fixed/109.log
2025-04-13 10:21:13 - INFO - ===============================
2025-04-13 10:28:23 - INFO - Log file initialized at 2025-04-13T10:28:23.927715
2025-04-13 10:28:23 - INFO - ===== LOG FILE LOCATION =====
2025-04-13 10:28:23 - INFO - Detailed log file created at: /data/coding/minif2f/lean_fixed/109.log
2025-04-13 10:28:23 - INFO - ===============================
2025-04-13 10:28:23 - INFO - Original code:
2025-04-13 10:28:23 - INFO - ----------------------------------------
2025-04-13 10:28:23 - INFO - import Mathlib
import Aesop

set_option maxHeartbeats 0

open BigOperators Real Nat Topology Rat

/-- Let $P(n)$ and $S(n)$ denote the product and the sum, respectively, of the digits
of the integer $n$. For example, $P(23) = 6$ and $S(23) = 5$. Suppose $N$ is a
two-digit number such that $N = P(N)+S(N)$. What is the units digit of $N$?

$\text{(A)}\ 2\qquad \text{(B)}\ 3\qquad \text{(C)}\ 6\qquad \text{(D)}\ 8\qquad \text{(E)}\ 9$ Show that it is (\text{E})9.-/
theorem amc12_2001_p2 (a b n : ℕ) (h₀ : 1 ≤ a ∧ a ≤ 9) (h₁ : 0 ≤ b ∧ b ≤ 9) (h₂ : n = 10 * a + b)
  (h₃ : n = a * b + a + b) : b = 9 := by
  -- First, substitute the expression for n from h₂ into the equation h₃
  rw [h₂] at h₃
  -- Now we have: 10 * a + b = a * b + a + b
  -- Simplify the equation by subtracting b from both sides
  simp at h₃
  -- Equation becomes: 10 * a = a * b + a
  -- Factor out a on the right side: 10 * a = a * (b + 1)
  rw [mul_add] at h₃
  simp at h₃
  -- Since a is between 1 and 9 (from h₀), we can divide both sides by a
  have h₄ : a ≠ 0 := by linarith [h₀.1]
  -- Division gives us: 10 = b + 1
  rw [← mul_right_inj' h₄] at h₃
  simp at h₃
  -- Now we have b + 1 = 10
  -- Subtract 1 from both sides to solve for b
  rw [add_left_inj] at h₃
  -- Final equation: b = 9
  exact h₃
2025-04-13 10:28:23 - INFO - ----------------------------------------
2025-04-13 10:28:23 - INFO - 
Checking original code for all errors...
2025-04-13 10:30:42 - INFO - Original code contains 1 errors:
2025-04-13 10:30:42 - INFO - Error 1: line 15, type: rewrite_failed, message: tactic 'rewrite' failed, did not find instance of the pattern in the target expression
  ?a * (?b + ...
2025-04-13 10:30:42 - INFO - 
Starting multi-error continuous repair process...
2025-04-13 10:30:42 - INFO - 
===== Starting to fix all errors =====
2025-04-13 10:30:43 - INFO - 
Found 1 original errors:
2025-04-13 10:30:43 - INFO - Error 1: line 15, type: rewrite_failed, message: tactic 'rewrite' failed, did not find instance of the pattern in the target expression
  ?a * (?b + ...
2025-04-13 10:30:43 - INFO - 
Trying to fix error 1/1: line 15, type: rewrite_failed
2025-04-13 10:30:43 - INFO - Error message: tactic 'rewrite' failed, did not find instance of the pattern in the target expression
  ?a * (?b + ...
2025-04-13 10:30:43 - INFO - Removed header content, remaining 26 lines of code
2025-04-13 10:30:43 - INFO - Using specified target error line: 15
2025-04-13 10:30:44 - INFO - Found error at specified line: tactic 'rewrite' failed, did not find instance of the pattern in the target expression
  ?a * (?b + ?c)
a b n : ℕ
h₀ : 1 ≤ a ∧ a ≤ 9
h₁ : 0 ≤ b ∧ b ≤ 9
h₂ : n = 10 * a + b
h₃ : 10 * a = a * b + a
⊢ b = 9
2025-04-13 10:30:44 - INFO - Error at line 15: tactic 'rewrite' failed, did not find instance of the pattern in the target expression
  ?a * (?b + ?c)
a b n : ℕ
h₀ : 1 ≤ a ∧ a ≤ 9
h₁ : 0 ≤ b ∧ b ≤ 9
h₂ : n = 10 * a + b
h₃ : 10 * a = a * b + a
⊢ b = 9
2025-04-13 10:30:44 - INFO - 
==================================================
2025-04-13 10:30:44 - INFO - Code prepared, starting synthesis
2025-04-13 10:30:44 - INFO - Before part: /-- Let $P(n)$ and $S(n)$ denote the product and the sum, respectively, of the digits
of the integer $n$. For example, $P(23) = 6$ and $S(23) = 5$. Suppose $N$ is a
two-digit number such that $N = P(N)+S(N)$. What is the units digit of $N$?

$\text{(A)}\ 2\qquad \text{(B)}\ 3\qquad \text{(C)}\ 6\qquad \text{(D)}\ 8\qquad \text{(E)}\ 9$ Show that it is (\text{E})9.-/
theorem amc12_2001_p2 (a b n : ℕ) (h₀ : 1 ≤ a ∧ a ≤ 9) (h₁ : 0 ≤ b ∧ b ≤ 9) (h₂ : n = 10 * a + b)
  (h₃ : n = a * b + a + b) : b = 9 := by
  -- First, substitute the expression for n from h₂ into the equation h₃
  rw [h₂] at h₃
  -- Now we have: 10 * a + b = a * b + a + b
  -- Simplify the equation by subtracting b from both sides
  simp at h₃
  -- Equation becomes: 10 * a = a * b + a
  -- Factor out a on the right side: 10 * a = a * (b + 1)
2025-04-13 10:30:44 - INFO - Error line:   rw [mul_add] at h₃
2025-04-13 10:30:44 - INFO - After part: simp at h₃
  -- Since a is between 1 and 9 (from h₀), we can divide both sides by a
  have h₄ : a ≠ 0 := by linarith [h₀.1]
  -- Division gives us: 10 = b + 1
  rw [← mul_right_inj' h₄] at h₃
  simp at h₃
  -- Now we have b + 1 = 10
  -- Subtract 1 from both sides to solve for b
  rw [add_left_inj] at h₃
  -- Final equation: b = 9
  exact h₃
2025-04-13 10:30:44 - INFO - ==================================================

2025-04-13 10:30:45 - INFO - Testing fragment: rw [justaplaceholder]
2025-04-13 10:30:45 - INFO - Original error line:   rw [mul_add] at h₃
2025-04-13 10:30:47 - INFO - Testing fix: Original errors: 1, Fixed errors: 2
2025-04-13 10:30:47 - INFO - Result: False (introduced 2 new errors)
2025-04-13 10:30:47 - DEBUG - === New errors detail ===
2025-04-13 10:30:47 - DEBUG - New Error 1: line 15, type: unknown_identifier, message: unknown identifier 'justaplaceholder'
2025-04-13 10:30:47 - DEBUG - New Error 2: line 15, type: rewrite_failed, message: tactic 'rewrite' failed, equality or iff proof expected
  ?m.2373
a b n : ℕ
h₀ : 1 ≤ a ∧ a ≤ 9
h₁ : 0 ≤ b ∧ b ≤ 9
h₂ : n = 10 * a + b
h₃ : 10 * a = a * b + a
⊢ b = 9
2025-04-13 10:30:47 - INFO - Testing fragment: rw [<- justaplaceholder]
2025-04-13 10:30:47 - INFO - Original error line:   rw [mul_add] at h₃
2025-04-13 10:30:49 - INFO - Testing fix: Original errors: 1, Fixed errors: 2
2025-04-13 10:30:49 - INFO - Result: False (introduced 2 new errors)
2025-04-13 10:30:49 - DEBUG - === New errors detail ===
2025-04-13 10:30:49 - DEBUG - New Error 1: line 15, type: unknown_identifier, message: unknown identifier 'justaplaceholder'
2025-04-13 10:30:49 - DEBUG - New Error 2: line 15, type: rewrite_failed, message: tactic 'rewrite' failed, equality or iff proof expected
  ?m.2373
a b n : ℕ
h₀ : 1 ≤ a ∧ a ≤ 9
h₁ : 0 ≤ b ∧ b ≤ 9
h₂ : n = 10 * a + b
h₃ : 10 * a = a * b + a
⊢ b = 9
2025-04-13 10:30:49 - INFO - Testing fragment: simp
2025-04-13 10:30:49 - INFO - Original error line:   rw [mul_add] at h₃
2025-04-13 10:30:51 - INFO - Testing fix: Original errors: 1, Fixed errors: 1
2025-04-13 10:30:51 - INFO - Result: False (introduced 1 new errors)
2025-04-13 10:30:51 - DEBUG - === New errors detail ===
2025-04-13 10:30:51 - DEBUG - New Error 1: line 15, type: simp_failed, message: simp made no progress
2025-04-13 10:30:51 - INFO - Testing fragment: field_simp
2025-04-13 10:30:51 - INFO - Original error line:   rw [mul_add] at h₃
2025-04-13 10:30:53 - INFO - Testing fix: Original errors: 1, Fixed errors: 1
2025-04-13 10:30:53 - INFO - Result: False (introduced 1 new errors)
2025-04-13 10:30:53 - DEBUG - === New errors detail ===
2025-04-13 10:30:53 - DEBUG - New Error 1: line 15, type: simp_failed, message: simp made no progress
2025-04-13 10:30:53 - INFO - Testing fragment: norm_num
2025-04-13 10:30:53 - INFO - Original error line:   rw [mul_add] at h₃
2025-04-13 10:30:55 - INFO - Testing fix: Original errors: 1, Fixed errors: 1
2025-04-13 10:30:55 - INFO - Result: False (introduced 1 new errors)
2025-04-13 10:30:55 - DEBUG - === New errors detail ===
2025-04-13 10:30:55 - DEBUG - New Error 1: line 16, type: simp_failed, message: simp made no progress
2025-04-13 10:30:55 - INFO - Testing fragment: ring
2025-04-13 10:30:55 - INFO - Original error line:   rw [mul_add] at h₃
2025-04-13 10:30:57 - INFO - Testing fix: Original errors: 1, Fixed errors: 2
2025-04-13 10:30:57 - INFO - Result: False (introduced 2 new errors)
2025-04-13 10:30:57 - DEBUG - === New errors detail ===
2025-04-13 10:30:57 - DEBUG - New Error 1: line 15, type: ring_failed, message: Try this: ring_nf
2025-04-13 10:30:57 - DEBUG - New Error 2: line 16, type: simp_failed, message: simp made no progress
2025-04-13 10:30:57 - INFO - Testing fragment: ring_nf
2025-04-13 10:30:57 - INFO - Original error line:   rw [mul_add] at h₃
2025-04-13 10:30:59 - INFO - Testing fix: Original errors: 1, Fixed errors: 1
2025-04-13 10:30:59 - INFO - Result: False (introduced 1 new errors)
2025-04-13 10:30:59 - DEBUG - === New errors detail ===
2025-04-13 10:30:59 - DEBUG - New Error 1: line 16, type: simp_failed, message: simp made no progress
2025-04-13 10:30:59 - INFO - Testing fragment: omega
2025-04-13 10:30:59 - INFO - Original error line:   rw [mul_add] at h₃
2025-04-13 10:31:01 - INFO - Testing fix: Original errors: 1, Fixed errors: 1
2025-04-13 10:31:01 - INFO - Result: False (introduced 1 new errors)
2025-04-13 10:31:01 - DEBUG - === New errors detail ===
2025-04-13 10:31:01 - DEBUG - New Error 1: line 15, type: other_error, message: omega could not prove the goal:
a possible counterexample may satisfy the constraints
  d ≥ 0
  -8 ≤ 10*c - d ≤ 0
  1 ≤ c ≤ 9
where
 c := ↑a
 d := ↑n
2025-04-13 10:31:01 - INFO - Testing fragment: linarith
2025-04-13 10:31:01 - INFO - Original error line:   rw [mul_add] at h₃
2025-04-13 10:31:03 - INFO - Testing fix: Original errors: 1, Fixed errors: 1
2025-04-13 10:31:03 - INFO - Result: False (introduced 1 new errors)
2025-04-13 10:31:03 - DEBUG - === New errors detail ===
2025-04-13 10:31:03 - DEBUG - New Error 1: line 15, type: linarith_failed, message: linarith failed to find a contradiction
case h1.h
a b n : ℕ
h₀ : 1 ≤ a ∧ a ≤ 9
h₁ : 0 ≤ b ∧ b ≤ 9
h₂ : n = 10 * a + b
h₃ : 10 * a = a * b + a
a✝ : b < 9
⊢ False
failed
2025-04-13 10:31:03 - INFO - Testing fragment: nlinarith
2025-04-13 10:31:03 - INFO - Original error line:   rw [mul_add] at h₃
2025-04-13 10:31:06 - INFO - Testing fix: Original errors: 1, Fixed errors: 1
2025-04-13 10:31:06 - INFO - Result: False (introduced 1 new errors)
2025-04-13 10:31:06 - DEBUG - === New errors detail ===
2025-04-13 10:31:06 - DEBUG - New Error 1: line 16, type: no_goals_to_solve, message: no goals to be solved
2025-04-13 10:31:06 - INFO - Failed attempt time: 23.04 seconds
2025-04-13 10:31:06 - INFO - ❌ Could not generate fix for error at line 15
2025-04-13 10:31:07 - INFO - 
===== Fix attempt completed =====
2025-04-13 10:31:07 - INFO - Original errors: 1
2025-04-13 10:31:07 - INFO - Fixed errors: 0
2025-04-13 10:31:07 - INFO - Failed errors: 1
2025-04-13 10:31:07 - INFO - Remaining errors: 1
2025-04-13 10:31:07 - INFO - Total time: 25.04 seconds
2025-04-13 10:31:07 - INFO - 
Final fixed code:
2025-04-13 10:31:07 - INFO - ----------------------------------------
2025-04-13 10:31:07 - INFO - /-- Let $P(n)$ and $S(n)$ denote the product and the sum, respectively, of the digits
of the integer $n$. For example, $P(23) = 6$ and $S(23) = 5$. Suppose $N$ is a
two-digit number such that $N = P(N)+S(N)$. What is the units digit of $N$?

$\text{(A)}\ 2\qquad \text{(B)}\ 3\qquad \text{(C)}\ 6\qquad \text{(D)}\ 8\qquad \text{(E)}\ 9$ Show that it is (\text{E})9.-/
theorem amc12_2001_p2 (a b n : ℕ) (h₀ : 1 ≤ a ∧ a ≤ 9) (h₁ : 0 ≤ b ∧ b ≤ 9) (h₂ : n = 10 * a + b)
  (h₃ : n = a * b + a + b) : b = 9 := by
  -- First, substitute the expression for n from h₂ into the equation h₃
  rw [h₂] at h₃
  -- Now we have: 10 * a + b = a * b + a + b
  -- Simplify the equation by subtracting b from both sides
  simp at h₃
  -- Equation becomes: 10 * a = a * b + a
  -- Factor out a on the right side: 10 * a = a * (b + 1)
  rw [mul_add] at h₃
  simp at h₃
  -- Since a is between 1 and 9 (from h₀), we can divide both sides by a
  have h₄ : a ≠ 0 := by linarith [h₀.1]
  -- Division gives us: 10 = b + 1
  rw [← mul_right_inj' h₄] at h₃
  simp at h₃
  -- Now we have b + 1 = 10
  -- Subtract 1 from both sides to solve for b
  rw [add_left_inj] at h₃
  -- Final equation: b = 9
  exact h₃
2025-04-13 10:31:07 - INFO - ----------------------------------------
2025-04-13 10:31:07 - INFO - 
Detailed error repair report:
2025-04-13 10:31:07 - INFO - Original code error count: 1
❌ Fixed error 1/1: Could not generate fix for error at line 15 «rewrite_failed» (after 23.04s)

=== Fix statistics ===
Original error count: 1
Fixed errors: 0 (Fix rate: 0.0000)
Failed errors: 1
Remaining errors: 1
Total time: 25.04 seconds

=== Failed fix details ===

Failed fix 1:
   Line: 15
   Error type: rewrite_failed
   Original error message: tactic 'rewrite' failed, did not find instance of the pattern in the target expression
  ?a * (?b + ...
   Failure reason: Could not generate fix
   Time: 23.04 seconds
2025-04-13 10:31:07 - INFO - 
Fixed code saved to: /data/coding/minif2f/lean_fixed/109_fixed.lean
2025-04-13 10:31:07 - INFO - JSON log saved to: /data/coding/minif2f/lean_fixed/109_fix_log.json
2025-04-13 10:31:07 - INFO - 
===== LOG FILE LOCATION =====
2025-04-13 10:31:07 - INFO - Detailed log file is available at: /data/coding/minif2f/lean_fixed/109.log
2025-04-13 10:31:07 - INFO - ===============================
