2025-04-13 09:56:26 - INFO - Log file initialized at 2025-04-13T09:56:26.394182
2025-04-13 09:56:26 - INFO - ===== LOG FILE LOCATION =====
2025-04-13 09:56:26 - INFO - Detailed log file created at: /data/coding/minif2f/lean_fixed/111.log
2025-04-13 09:56:26 - INFO - ===============================
2025-04-13 09:56:26 - INFO - Original code:
2025-04-13 09:56:26 - INFO - ----------------------------------------
2025-04-13 09:56:26 - INFO - import Mathlib
import Aesop

set_option maxHeartbeats 0

open BigOperators Real Nat Topology Rat

/-- For any real number a, show that $10a \leq 28a^2 + 1$.-/
theorem algebra_binomnegdiscrineq_10alt28asqp1 (a : ℝ) : 10 * a ≤ 28 * a ^ 2 + 1 := by
  -- First, rearrange the inequality to standard quadratic form: 28a² - 10a + 1 ≥ 0
  -- Let's consider the quadratic function f(a) = 28a² - 10a + 1
  -- To show this is always non-negative, we'll check its discriminant
  have key_inequality : 0 ≤ 28 * a ^ 2 - 10 * a + 1 := by
    -- Calculate the discriminant Δ = b² - 4ac where a=28, b=-10, c=1
    -- Here Δ = (-10)² - 4*28*1 = 100 - 112 = -12
    have discriminant : (-10)^2 - 4 * 28 * 1 = -12 := by norm_num
    -- Since the leading coefficient (28) is positive and Δ < 0,
    -- the quadratic is always positive
    have main : ∀ x, 0 ≤ 28 * x ^ 2 - 10 * x + 1 := by
      intro x
      -- The quadratic is always positive because:
      -- 1. The leading coefficient (28) is positive
      have leading_coeff_pos : 0 < 28 := by norm_num
      -- 2. The discriminant is negative
      have discr_neg : (-10)^2 - 4 * 28 * 1 < 0 := by norm_num
      -- Therefore the quadratic is always above the x-axis
      exact Quadratic.nonneg_of_discrim_neg leading_coeff_pos discr_neg x
    exact main a
  -- Now transform this back to our original inequality
  -- Starting from 28a² - 10a + 1 ≥ 0
  -- Add 10a to both sides: 28a² + 1 ≥ 10a
  -- Which is equivalent to our goal
  linarith [key_inequality]
2025-04-13 09:56:26 - INFO - ----------------------------------------
2025-04-13 09:56:26 - INFO - 
Checking original code for all errors...
2025-04-13 09:59:56 - INFO - Original code contains 2 errors:
2025-04-13 09:59:56 - INFO - Error 1: line 20, type: unknown_identifier, message: unknown identifier 'Quadratic.nonneg_of_discrim_neg'...
2025-04-13 09:59:56 - INFO - Error 2: line 21, type: type_mismatch, message: application type mismatch
  main a
argument
  a
has type
  ℝ : Type
but is expected to have type
  ℕ...
2025-04-13 09:59:56 - INFO - 
Starting multi-error continuous repair process...
2025-04-13 09:59:56 - INFO - 
===== Starting to fix all errors =====
2025-04-13 09:59:57 - INFO - 
Found 2 original errors:
2025-04-13 09:59:57 - INFO - Error 1: line 20, type: unknown_identifier, message: unknown identifier 'Quadratic.nonneg_of_discrim_neg'...
2025-04-13 09:59:57 - INFO - Error 2: line 21, type: type_mismatch, message: application type mismatch
  main a
argument
  a
has type
  ℝ : Type
but is expected to have type
  ℕ...
2025-04-13 09:59:57 - INFO - 
Trying to fix error 1/2: line 20, type: unknown_identifier
2025-04-13 09:59:57 - INFO - Error message: unknown identifier 'Quadratic.nonneg_of_discrim_neg'...
2025-04-13 09:59:57 - INFO - Removed header content, remaining 26 lines of code
2025-04-13 09:59:57 - INFO - Using specified target error line: 20
2025-04-13 09:59:58 - INFO - Found error at specified line: unknown identifier 'Quadratic.nonneg_of_discrim_neg'
2025-04-13 09:59:58 - INFO - Error at line 20: unknown identifier 'Quadratic.nonneg_of_discrim_neg'
2025-04-13 09:59:58 - INFO - 
==================================================
2025-04-13 09:59:58 - INFO - Code prepared, starting synthesis
2025-04-13 09:59:58 - INFO - Before part: /-- For any real number a, show that $10a \leq 28a^2 + 1$.-/
theorem algebra_binomnegdiscrineq_10alt28asqp1 (a : ℝ) : 10 * a ≤ 28 * a ^ 2 + 1 := by
  -- First, rearrange the inequality to standard quadratic form: 28a² - 10a + 1 ≥ 0
  -- Let's consider the quadratic function f(a) = 28a² - 10a + 1
  -- To show this is always non-negative, we'll check its discriminant
  have key_inequality : 0 ≤ 28 * a ^ 2 - 10 * a + 1 := by
    -- Calculate the discriminant Δ = b² - 4ac where a=28, b=-10, c=1
    -- Here Δ = (-10)² - 4*28*1 = 100 - 112 = -12
    have discriminant : (-10)^2 - 4 * 28 * 1 = -12 := by norm_num
    -- Since the leading coefficient (28) is positive and Δ < 0,
    -- the quadratic is always positive
    have main : ∀ x, 0 ≤ 28 * x ^ 2 - 10 * x + 1 := by
      intro x
      -- The quadratic is always positive because:
      -- 1. The leading coefficient (28) is positive
      have leading_coeff_pos : 0 < 28 := by norm_num
      -- 2. The discriminant is negative
      have discr_neg : (-10)^2 - 4 * 28 * 1 < 0 := by norm_num
      -- Therefore the quadratic is always above the x-axis
2025-04-13 09:59:58 - INFO - Error line:       exact Quadratic.nonneg_of_discrim_neg leading_coeff_pos discr_neg x
2025-04-13 09:59:58 - INFO - After part: exact main a
  -- Now transform this back to our original inequality
  -- Starting from 28a² - 10a + 1 ≥ 0
  -- Add 10a to both sides: 28a² + 1 ≥ 10a
  -- Which is equivalent to our goal
  linarith [key_inequality]
2025-04-13 09:59:58 - INFO - ==================================================

2025-04-13 09:59:59 - INFO - Testing fragment: rw [justaplaceholder]
2025-04-13 09:59:59 - INFO - Original error line:       exact Quadratic.nonneg_of_discrim_neg leading_coeff_pos discr_neg x
2025-04-13 10:00:01 - INFO - Testing fix: Original errors: 2, Fixed errors: 3
2025-04-13 10:00:01 - INFO - Result: False (introduced 2 new errors)
2025-04-13 10:00:01 - DEBUG - === New errors detail ===
2025-04-13 10:00:01 - DEBUG - New Error 1: line 20, type: unknown_identifier, message: unknown identifier 'justaplaceholder'
2025-04-13 10:00:01 - DEBUG - New Error 2: line 20, type: rewrite_failed, message: tactic 'rewrite' failed, equality or iff proof expected
  ?m.15827
a : ℝ
discriminant : (-10) ^ 2 - 4 * 28 * 1 = -12
x : ℕ
leading_coeff_pos : 0 < 28
discr_neg : (-10) ^ 2 - 4 * 28 * 1 < 0
⊢ 0 ≤ 28 * x ^ 2 - 10 * x + 1
2025-04-13 10:00:01 - INFO - Testing fragment: rw [<- justaplaceholder]
2025-04-13 10:00:01 - INFO - Original error line:       exact Quadratic.nonneg_of_discrim_neg leading_coeff_pos discr_neg x
2025-04-13 10:00:03 - INFO - Testing fix: Original errors: 2, Fixed errors: 3
2025-04-13 10:00:03 - INFO - Result: False (introduced 2 new errors)
2025-04-13 10:00:03 - DEBUG - === New errors detail ===
2025-04-13 10:00:03 - DEBUG - New Error 1: line 20, type: unknown_identifier, message: unknown identifier 'justaplaceholder'
2025-04-13 10:00:03 - DEBUG - New Error 2: line 20, type: rewrite_failed, message: tactic 'rewrite' failed, equality or iff proof expected
  ?m.15827
a : ℝ
discriminant : (-10) ^ 2 - 4 * 28 * 1 = -12
x : ℕ
leading_coeff_pos : 0 < 28
discr_neg : (-10) ^ 2 - 4 * 28 * 1 < 0
⊢ 0 ≤ 28 * x ^ 2 - 10 * x + 1
2025-04-13 10:00:03 - INFO - Testing fragment: simp
2025-04-13 10:00:03 - INFO - Original error line:       exact Quadratic.nonneg_of_discrim_neg leading_coeff_pos discr_neg x
2025-04-13 10:00:05 - INFO - Testing fix: Original errors: 2, Fixed errors: 1
2025-04-13 10:00:05 - INFO - Result: True (target error fixed and no new errors introduced)
2025-04-13 10:00:05 - DEBUG - === Original errors detail ===
2025-04-13 10:00:05 - DEBUG - Error 1: line 20, type: unknown_identifier, message: unknown identifier 'Quadratic.nonneg_of_discrim_neg'
2025-04-13 10:00:05 - DEBUG - Error 2: line 21, type: type_mismatch, message: application type mismatch
  main a
argument
  a
has type
  ℝ : Type
but is expected to have type
  ℕ : Type
2025-04-13 10:00:05 - DEBUG - === Fixed code comparison ===
2025-04-13 10:00:05 - DEBUG - Line 20 changed:
2025-04-13 10:00:05 - DEBUG -   Original:       exact Quadratic.nonneg_of_discrim_neg leading_coeff_pos discr_neg x
2025-04-13 10:00:05 - DEBUG -   Fixed:          simp
2025-04-13 10:00:05 - INFO - Found effective solution: simp
2025-04-13 10:00:05 - INFO - 
==================================================
2025-04-13 10:00:05 - INFO - Fixed code:
2025-04-13 10:00:05 - INFO - /-- For any real number a, show that $10a \leq 28a^2 + 1$.-/
theorem algebra_binomnegdiscrineq_10alt28asqp1 (a : ℝ) : 10 * a ≤ 28 * a ^ 2 + 1 := by
  -- First, rearrange the inequality to standard quadratic form: 28a² - 10a + 1 ≥ 0
  -- Let's consider the quadratic function f(a) = 28a² - 10a + 1
  -- To show this is always non-negative, we'll check its discriminant
  have key_inequality : 0 ≤ 28 * a ^ 2 - 10 * a + 1 := by
    -- Calculate the discriminant Δ = b² - 4ac where a=28, b=-10, c=1
    -- Here Δ = (-10)² - 4*28*1 = 100 - 112 = -12
    have discriminant : (-10)^2 - 4 * 28 * 1 = -12 := by norm_num
    -- Since the leading coefficient (28) is positive and Δ < 0,
    -- the quadratic is always positive
    have main : ∀ x, 0 ≤ 28 * x ^ 2 - 10 * x + 1 := by
      intro x
      -- The quadratic is always positive because:
      -- 1. The leading coefficient (28) is positive
      have leading_coeff_pos : 0 < 28 := by norm_num
      -- 2. The discriminant is negative
      have discr_neg : (-10)^2 - 4 * 28 * 1 < 0 := by norm_num
      -- Therefore the quadratic is always above the x-axis
      simp
    exact main a
  -- Now transform this back to our original inequality
  -- Starting from 28a² - 10a + 1 ≥ 0
  -- Add 10a to both sides: 28a² + 1 ≥ 10a
  -- Which is equivalent to our goal
  linarith [key_inequality]
2025-04-13 10:00:05 - INFO - ==================================================
2025-04-13 10:00:07 - INFO - Original code error count: 2
2025-04-13 10:00:07 - INFO - Fixed code error count: 1
2025-04-13 10:00:07 - INFO - Result: True (target error fixed and no new errors introduced)
2025-04-13 10:00:07 - DEBUG - === Original errors detail ===
2025-04-13 10:00:07 - DEBUG - Error 1: line 20, type: unknown_identifier, message: unknown identifier 'Quadratic.nonneg_of_discrim_neg'
2025-04-13 10:00:07 - DEBUG - Error 2: line 21, type: type_mismatch, message: application type mismatch
  main a
argument
  a
has type
  ℝ : Type
but is expected to have type
  ℕ : Type
2025-04-13 10:00:07 - DEBUG - === Fixed code comparison ===
2025-04-13 10:00:07 - DEBUG - Line 20 changed:
2025-04-13 10:00:07 - DEBUG -   Original:       exact Quadratic.nonneg_of_discrim_neg leading_coeff_pos discr_neg x
2025-04-13 10:00:07 - DEBUG -   Fixed:          simp
2025-04-13 10:00:07 - INFO - 
==================================================
2025-04-13 10:00:07 - INFO - Synthesis successful
2025-04-13 10:00:07 - INFO - ==================================================
2025-04-13 10:00:07 - INFO - Fix time: 10.02 seconds
2025-04-13 10:00:07 - INFO - ✅ Fixed error at line 20
2025-04-13 10:00:07 - INFO - 
Trying to fix error 2/2: line 21, type: type_mismatch
2025-04-13 10:00:07 - INFO - Error message: application type mismatch
  main a
argument
  a
has type
  ℝ : Type
but is expected to have type
  ℕ...
2025-04-13 10:00:07 - INFO - Removed header content, remaining 26 lines of code
2025-04-13 10:00:07 - INFO - Using specified target error line: 21
2025-04-13 10:00:08 - INFO - Found error at specified line: application type mismatch
  main a
argument
  a
has type
  ℝ : Type
but is expected to have type
  ℕ : Type
2025-04-13 10:00:08 - INFO - Error at line 21: application type mismatch
  main a
argument
  a
has type
  ℝ : Type
but is expected to have type
  ℕ : Type
2025-04-13 10:00:08 - INFO - 
==================================================
2025-04-13 10:00:08 - INFO - Code prepared, starting synthesis
2025-04-13 10:00:08 - INFO - Before part: /-- For any real number a, show that $10a \leq 28a^2 + 1$.-/
theorem algebra_binomnegdiscrineq_10alt28asqp1 (a : ℝ) : 10 * a ≤ 28 * a ^ 2 + 1 := by
  -- First, rearrange the inequality to standard quadratic form: 28a² - 10a + 1 ≥ 0
  -- Let's consider the quadratic function f(a) = 28a² - 10a + 1
  -- To show this is always non-negative, we'll check its discriminant
  have key_inequality : 0 ≤ 28 * a ^ 2 - 10 * a + 1 := by
    -- Calculate the discriminant Δ = b² - 4ac where a=28, b=-10, c=1
    -- Here Δ = (-10)² - 4*28*1 = 100 - 112 = -12
    have discriminant : (-10)^2 - 4 * 28 * 1 = -12 := by norm_num
    -- Since the leading coefficient (28) is positive and Δ < 0,
    -- the quadratic is always positive
    have main : ∀ x, 0 ≤ 28 * x ^ 2 - 10 * x + 1 := by
      intro x
      -- The quadratic is always positive because:
      -- 1. The leading coefficient (28) is positive
      have leading_coeff_pos : 0 < 28 := by norm_num
      -- 2. The discriminant is negative
      have discr_neg : (-10)^2 - 4 * 28 * 1 < 0 := by norm_num
      -- Therefore the quadratic is always above the x-axis
      simp
2025-04-13 10:00:08 - INFO - Error line:     exact main a
2025-04-13 10:00:08 - INFO - After part: -- Now transform this back to our original inequality
  -- Starting from 28a² - 10a + 1 ≥ 0
  -- Add 10a to both sides: 28a² + 1 ≥ 10a
  -- Which is equivalent to our goal
  linarith [key_inequality]
2025-04-13 10:00:08 - INFO - ==================================================

2025-04-13 10:00:09 - INFO - Testing fragment: rw [justaplaceholder]
2025-04-13 10:00:09 - INFO - Original error line:     exact main a
2025-04-13 10:00:11 - INFO - Testing fix: Original errors: 1, Fixed errors: 2
2025-04-13 10:00:11 - INFO - Result: False (introduced 2 new errors)
2025-04-13 10:00:11 - DEBUG - === New errors detail ===
2025-04-13 10:00:11 - DEBUG - New Error 1: line 21, type: unknown_identifier, message: unknown identifier 'justaplaceholder'
2025-04-13 10:00:11 - DEBUG - New Error 2: line 21, type: rewrite_failed, message: tactic 'rewrite' failed, equality or iff proof expected
  ?m.29002
a : ℝ
discriminant : (-10) ^ 2 - 4 * 28 * 1 = -12
main : ∀ (x : ℕ), 0 ≤ 28 * x ^ 2 - 10 * x + 1
⊢ 0 ≤ 28 * a ^ 2 - 10 * a + 1
2025-04-13 10:00:11 - INFO - Testing fragment: rw [<- justaplaceholder]
2025-04-13 10:00:11 - INFO - Original error line:     exact main a
2025-04-13 10:00:13 - INFO - Testing fix: Original errors: 1, Fixed errors: 2
2025-04-13 10:00:13 - INFO - Result: False (introduced 2 new errors)
2025-04-13 10:00:13 - DEBUG - === New errors detail ===
2025-04-13 10:00:13 - DEBUG - New Error 1: line 21, type: unknown_identifier, message: unknown identifier 'justaplaceholder'
2025-04-13 10:00:13 - DEBUG - New Error 2: line 21, type: rewrite_failed, message: tactic 'rewrite' failed, equality or iff proof expected
  ?m.29002
a : ℝ
discriminant : (-10) ^ 2 - 4 * 28 * 1 = -12
main : ∀ (x : ℕ), 0 ≤ 28 * x ^ 2 - 10 * x + 1
⊢ 0 ≤ 28 * a ^ 2 - 10 * a + 1
2025-04-13 10:00:13 - INFO - Testing fragment: simp
2025-04-13 10:00:13 - INFO - Original error line:     exact main a
2025-04-13 10:00:15 - INFO - Testing fix: Original errors: 1, Fixed errors: 1
2025-04-13 10:00:15 - INFO - Result: False (introduced 1 new errors)
2025-04-13 10:00:15 - DEBUG - === New errors detail ===
2025-04-13 10:00:15 - DEBUG - New Error 1: line 6, type: other_error, message: unsolved goals
a : ℝ
discriminant : (-10) ^ 2 - 4 * 28 * 1 = -12
main : ∀ (x : ℕ), 0 ≤ 28 * x ^ 2 - 10 * x + 1
⊢ 0 ≤ 28 * a ^ 2 - 10 * a + 1
2025-04-13 10:00:15 - INFO - Testing fragment: field_simp
2025-04-13 10:00:15 - INFO - Original error line:     exact main a
2025-04-13 10:00:17 - INFO - Testing fix: Original errors: 1, Fixed errors: 1
2025-04-13 10:00:17 - INFO - Result: False (introduced 1 new errors)
2025-04-13 10:00:17 - DEBUG - === New errors detail ===
2025-04-13 10:00:17 - DEBUG - New Error 1: line 6, type: other_error, message: unsolved goals
a : ℝ
discriminant : (-10) ^ 2 - 4 * 28 * 1 = -12
main : ∀ (x : ℕ), 0 ≤ 28 * x ^ 2 - 10 * x + 1
⊢ 0 ≤ 28 * a ^ 2 - 10 * a + 1
2025-04-13 10:00:17 - INFO - Testing fragment: norm_num
2025-04-13 10:00:17 - INFO - Original error line:     exact main a
2025-04-13 10:00:19 - INFO - Testing fix: Original errors: 1, Fixed errors: 1
2025-04-13 10:00:19 - INFO - Result: False (introduced 1 new errors)
2025-04-13 10:00:19 - DEBUG - === New errors detail ===
2025-04-13 10:00:19 - DEBUG - New Error 1: line 6, type: other_error, message: unsolved goals
a : ℝ
discriminant : (-10) ^ 2 - 4 * 28 * 1 = -12
main : ∀ (x : ℕ), 0 ≤ 28 * x ^ 2 - 10 * x + 1
⊢ 0 ≤ 28 * a ^ 2 - 10 * a + 1
2025-04-13 10:00:19 - INFO - Testing fragment: ring
2025-04-13 10:00:19 - INFO - Original error line:     exact main a
2025-04-13 10:00:21 - INFO - Testing fix: Original errors: 1, Fixed errors: 2
2025-04-13 10:00:21 - INFO - Result: False (introduced 2 new errors)
2025-04-13 10:00:21 - DEBUG - === New errors detail ===
2025-04-13 10:00:21 - DEBUG - New Error 1: line 21, type: ring_failed, message: Try this: ring_nf
2025-04-13 10:00:21 - DEBUG - New Error 2: line 6, type: other_error, message: unsolved goals
a : ℝ
discriminant : (-10) ^ 2 - 4 * 28 * 1 = -12
main : ∀ (x : ℕ), 0 ≤ 28 * x ^ 2 - 10 * x + 1
⊢ 0 ≤ 1 - a * 10 + a ^ 2 * 28
2025-04-13 10:00:21 - INFO - Testing fragment: ring_nf
2025-04-13 10:00:21 - INFO - Original error line:     exact main a
2025-04-13 10:00:23 - INFO - Testing fix: Original errors: 1, Fixed errors: 1
2025-04-13 10:00:23 - INFO - Result: False (introduced 1 new errors)
2025-04-13 10:00:23 - DEBUG - === New errors detail ===
2025-04-13 10:00:23 - DEBUG - New Error 1: line 6, type: other_error, message: unsolved goals
a : ℝ
discriminant : (-10) ^ 2 - 4 * 28 * 1 = -12
main : ∀ (x : ℕ), 0 ≤ 28 * x ^ 2 - 10 * x + 1
⊢ 0 ≤ 1 - a * 10 + a ^ 2 * 28
2025-04-13 10:00:23 - INFO - Testing fragment: omega
2025-04-13 10:00:23 - INFO - Original error line:     exact main a
2025-04-13 10:00:25 - INFO - Testing fix: Original errors: 1, Fixed errors: 1
2025-04-13 10:00:25 - INFO - Result: False (introduced 1 new errors)
2025-04-13 10:00:25 - DEBUG - === New errors detail ===
2025-04-13 10:00:25 - DEBUG - New Error 1: line 21, type: other_error, message: omega could not prove the goal:
No usable constraints found. You may need to unfold definitions so `omega` can see linear arithmetic facts about `Nat` and `Int`, which may also involve multiplication, division, and modular remainder by constants.
2025-04-13 10:00:25 - INFO - Testing fragment: linarith
2025-04-13 10:00:25 - INFO - Original error line:     exact main a
2025-04-13 10:00:27 - INFO - Testing fix: Original errors: 1, Fixed errors: 1
2025-04-13 10:00:27 - INFO - Result: False (introduced 1 new errors)
2025-04-13 10:00:27 - DEBUG - === New errors detail ===
2025-04-13 10:00:27 - DEBUG - New Error 1: line 21, type: linarith_failed, message: linarith failed to find a contradiction
case a
a : ℝ
discriminant : (-10) ^ 2 - 4 * 28 * 1 = -12
main : ∀ (x : ℕ), 0 ≤ 28 * x ^ 2 - 10 * x + 1
a✝ : 0 > 28 * a ^ 2 - 10 * a + 1
⊢ False
failed
2025-04-13 10:00:27 - INFO - Testing fragment: nlinarith
2025-04-13 10:00:27 - INFO - Original error line:     exact main a
2025-04-13 10:00:29 - INFO - Testing fix: Original errors: 1, Fixed errors: 1
2025-04-13 10:00:29 - INFO - Result: False (introduced 1 new errors)
2025-04-13 10:00:29 - DEBUG - === New errors detail ===
2025-04-13 10:00:29 - DEBUG - New Error 1: line 21, type: linarith_failed, message: linarith failed to find a contradiction
case a
a : ℝ
discriminant : (-10) ^ 2 - 4 * 28 * 1 = -12
main : ∀ (x : ℕ), 0 ≤ 28 * x ^ 2 - 10 * x + 1
a✝ : 0 > 28 * a ^ 2 - 10 * a + 1
⊢ False
failed
2025-04-13 10:00:29 - INFO - Failed attempt time: 22.04 seconds
2025-04-13 10:00:29 - INFO - ❌ Could not generate fix for error at line 21
2025-04-13 10:00:30 - INFO - 
===== Fix attempt completed =====
2025-04-13 10:00:30 - INFO - Original errors: 2
2025-04-13 10:00:30 - INFO - Fixed errors: 1
2025-04-13 10:00:30 - INFO - Failed errors: 1
2025-04-13 10:00:30 - INFO - Remaining errors: 1
2025-04-13 10:00:30 - INFO - Total time: 34.06 seconds
2025-04-13 10:00:30 - INFO - 
Final fixed code:
2025-04-13 10:00:30 - INFO - ----------------------------------------
2025-04-13 10:00:30 - INFO - /-- For any real number a, show that $10a \leq 28a^2 + 1$.-/
theorem algebra_binomnegdiscrineq_10alt28asqp1 (a : ℝ) : 10 * a ≤ 28 * a ^ 2 + 1 := by
  -- First, rearrange the inequality to standard quadratic form: 28a² - 10a + 1 ≥ 0
  -- Let's consider the quadratic function f(a) = 28a² - 10a + 1
  -- To show this is always non-negative, we'll check its discriminant
  have key_inequality : 0 ≤ 28 * a ^ 2 - 10 * a + 1 := by
    -- Calculate the discriminant Δ = b² - 4ac where a=28, b=-10, c=1
    -- Here Δ = (-10)² - 4*28*1 = 100 - 112 = -12
    have discriminant : (-10)^2 - 4 * 28 * 1 = -12 := by norm_num
    -- Since the leading coefficient (28) is positive and Δ < 0,
    -- the quadratic is always positive
    have main : ∀ x, 0 ≤ 28 * x ^ 2 - 10 * x + 1 := by
      intro x
      -- The quadratic is always positive because:
      -- 1. The leading coefficient (28) is positive
      have leading_coeff_pos : 0 < 28 := by norm_num
      -- 2. The discriminant is negative
      have discr_neg : (-10)^2 - 4 * 28 * 1 < 0 := by norm_num
      -- Therefore the quadratic is always above the x-axis
      simp
    exact main a
  -- Now transform this back to our original inequality
  -- Starting from 28a² - 10a + 1 ≥ 0
  -- Add 10a to both sides: 28a² + 1 ≥ 10a
  -- Which is equivalent to our goal
  linarith [key_inequality]
2025-04-13 10:00:30 - INFO - ----------------------------------------
2025-04-13 10:00:30 - INFO - 
Detailed error repair report:
2025-04-13 10:00:30 - INFO - Original code error count: 2
✅ Fixed error 1/2: Successfully fixed error at line 20 «unknown_identifier» (in 10.02s)
❌ Fixed error 2/2: Could not generate fix for error at line 21 «type_mismatch» (after 22.04s)

=== Fix statistics ===
Original error count: 2
Fixed errors: 1 (Fix rate: 0.5000)
Failed errors: 1
Remaining errors: 1
Total time: 34.06 seconds

=== Successful fix details ===

Fix 1:
   Line: 20
   Error type: unknown_identifier
   Original error message: unknown identifier 'Quadratic.nonneg_of_discrim_neg'...
   Fix snippet: simp
   Fixed line:       simp
   Time: 10.02 seconds

=== Failed fix details ===

Failed fix 1:
   Line: 21
   Error type: type_mismatch
   Original error message: application type mismatch
  main a
argument
  a
has type
  ℝ : Type
but is expected to have type
  ℕ...
   Failure reason: Could not generate fix
   Time: 22.04 seconds
2025-04-13 10:00:30 - INFO - 
Fixed code saved to: /data/coding/minif2f/lean_fixed/111_fixed.lean
2025-04-13 10:00:30 - INFO - JSON log saved to: /data/coding/minif2f/lean_fixed/111_fix_log.json
2025-04-13 10:00:30 - INFO - 
===== LOG FILE LOCATION =====
2025-04-13 10:00:30 - INFO - Detailed log file is available at: /data/coding/minif2f/lean_fixed/111.log
2025-04-13 10:00:30 - INFO - ===============================
2025-04-13 10:13:13 - INFO - Log file initialized at 2025-04-13T10:13:13.977990
2025-04-13 10:13:13 - INFO - ===== LOG FILE LOCATION =====
2025-04-13 10:13:13 - INFO - Detailed log file created at: /data/coding/minif2f/lean_fixed/111.log
2025-04-13 10:13:13 - INFO - ===============================
2025-04-13 10:13:13 - INFO - Original code:
2025-04-13 10:13:13 - INFO - ----------------------------------------
2025-04-13 10:13:13 - INFO - import Mathlib
import Aesop

set_option maxHeartbeats 0

open BigOperators Real Nat Topology Rat

/-- For any real number a, show that $10a \leq 28a^2 + 1$.-/
theorem algebra_binomnegdiscrineq_10alt28asqp1 (a : ℝ) : 10 * a ≤ 28 * a ^ 2 + 1 := by
  -- First, rearrange the inequality to standard quadratic form: 28a² - 10a + 1 ≥ 0
  -- Let's consider the quadratic function f(a) = 28a² - 10a + 1
  -- To show this is always non-negative, we'll check its discriminant
  have key_inequality : 0 ≤ 28 * a ^ 2 - 10 * a + 1 := by
    -- Calculate the discriminant Δ = b² - 4ac where a=28, b=-10, c=1
    -- Here Δ = (-10)² - 4*28*1 = 100 - 112 = -12
    have discriminant : (-10)^2 - 4 * 28 * 1 = -12 := by norm_num
    -- Since the leading coefficient (28) is positive and Δ < 0,
    -- the quadratic is always positive
    have main : ∀ x, 0 ≤ 28 * x ^ 2 - 10 * x + 1 := by
      intro x
      -- The quadratic is always positive because:
      -- 1. The leading coefficient (28) is positive
      have leading_coeff_pos : 0 < 28 := by norm_num
      -- 2. The discriminant is negative
      have discr_neg : (-10)^2 - 4 * 28 * 1 < 0 := by norm_num
      -- Therefore the quadratic is always above the x-axis
      exact Quadratic.nonneg_of_discrim_neg leading_coeff_pos discr_neg x
    exact main a
  -- Now transform this back to our original inequality
  -- Starting from 28a² - 10a + 1 ≥ 0
  -- Add 10a to both sides: 28a² + 1 ≥ 10a
  -- Which is equivalent to our goal
  linarith [key_inequality]
2025-04-13 10:13:13 - INFO - ----------------------------------------
2025-04-13 10:13:13 - INFO - 
Checking original code for all errors...
2025-04-13 10:16:31 - INFO - Original code contains 2 errors:
2025-04-13 10:16:31 - INFO - Error 1: line 20, type: unknown_identifier, message: unknown identifier 'Quadratic.nonneg_of_discrim_neg'...
2025-04-13 10:16:31 - INFO - Error 2: line 21, type: type_mismatch, message: application type mismatch
  main a
argument
  a
has type
  ℝ : Type
but is expected to have type
  ℕ...
2025-04-13 10:16:31 - INFO - 
Starting multi-error continuous repair process...
2025-04-13 10:16:31 - INFO - 
===== Starting to fix all errors =====
2025-04-13 10:16:32 - INFO - 
Found 2 original errors:
2025-04-13 10:16:32 - INFO - Error 1: line 20, type: unknown_identifier, message: unknown identifier 'Quadratic.nonneg_of_discrim_neg'...
2025-04-13 10:16:32 - INFO - Error 2: line 21, type: type_mismatch, message: application type mismatch
  main a
argument
  a
has type
  ℝ : Type
but is expected to have type
  ℕ...
2025-04-13 10:16:32 - INFO - 
Trying to fix error 1/2: line 20, type: unknown_identifier
2025-04-13 10:16:32 - INFO - Error message: unknown identifier 'Quadratic.nonneg_of_discrim_neg'...
2025-04-13 10:16:32 - INFO - Removed header content, remaining 26 lines of code
2025-04-13 10:16:32 - INFO - Using specified target error line: 20
2025-04-13 10:16:33 - INFO - Found error at specified line: unknown identifier 'Quadratic.nonneg_of_discrim_neg'
2025-04-13 10:16:33 - INFO - Error at line 20: unknown identifier 'Quadratic.nonneg_of_discrim_neg'
2025-04-13 10:16:33 - INFO - 
==================================================
2025-04-13 10:16:33 - INFO - Code prepared, starting synthesis
2025-04-13 10:16:33 - INFO - Before part: /-- For any real number a, show that $10a \leq 28a^2 + 1$.-/
theorem algebra_binomnegdiscrineq_10alt28asqp1 (a : ℝ) : 10 * a ≤ 28 * a ^ 2 + 1 := by
  -- First, rearrange the inequality to standard quadratic form: 28a² - 10a + 1 ≥ 0
  -- Let's consider the quadratic function f(a) = 28a² - 10a + 1
  -- To show this is always non-negative, we'll check its discriminant
  have key_inequality : 0 ≤ 28 * a ^ 2 - 10 * a + 1 := by
    -- Calculate the discriminant Δ = b² - 4ac where a=28, b=-10, c=1
    -- Here Δ = (-10)² - 4*28*1 = 100 - 112 = -12
    have discriminant : (-10)^2 - 4 * 28 * 1 = -12 := by norm_num
    -- Since the leading coefficient (28) is positive and Δ < 0,
    -- the quadratic is always positive
    have main : ∀ x, 0 ≤ 28 * x ^ 2 - 10 * x + 1 := by
      intro x
      -- The quadratic is always positive because:
      -- 1. The leading coefficient (28) is positive
      have leading_coeff_pos : 0 < 28 := by norm_num
      -- 2. The discriminant is negative
      have discr_neg : (-10)^2 - 4 * 28 * 1 < 0 := by norm_num
      -- Therefore the quadratic is always above the x-axis
2025-04-13 10:16:33 - INFO - Error line:       exact Quadratic.nonneg_of_discrim_neg leading_coeff_pos discr_neg x
2025-04-13 10:16:33 - INFO - After part: exact main a
  -- Now transform this back to our original inequality
  -- Starting from 28a² - 10a + 1 ≥ 0
  -- Add 10a to both sides: 28a² + 1 ≥ 10a
  -- Which is equivalent to our goal
  linarith [key_inequality]
2025-04-13 10:16:33 - INFO - ==================================================

2025-04-13 10:16:34 - INFO - Testing fragment: rw [justaplaceholder]
2025-04-13 10:16:34 - INFO - Original error line:       exact Quadratic.nonneg_of_discrim_neg leading_coeff_pos discr_neg x
2025-04-13 10:16:36 - INFO - Testing fix: Original errors: 2, Fixed errors: 3
2025-04-13 10:16:36 - INFO - Result: False (introduced 2 new errors)
2025-04-13 10:16:36 - DEBUG - === New errors detail ===
2025-04-13 10:16:36 - DEBUG - New Error 1: line 20, type: unknown_identifier, message: unknown identifier 'justaplaceholder'
2025-04-13 10:16:36 - DEBUG - New Error 2: line 20, type: rewrite_failed, message: tactic 'rewrite' failed, equality or iff proof expected
  ?m.15827
a : ℝ
discriminant : (-10) ^ 2 - 4 * 28 * 1 = -12
x : ℕ
leading_coeff_pos : 0 < 28
discr_neg : (-10) ^ 2 - 4 * 28 * 1 < 0
⊢ 0 ≤ 28 * x ^ 2 - 10 * x + 1
2025-04-13 10:16:36 - INFO - Testing fragment: rw [<- justaplaceholder]
2025-04-13 10:16:36 - INFO - Original error line:       exact Quadratic.nonneg_of_discrim_neg leading_coeff_pos discr_neg x
2025-04-13 10:16:38 - INFO - Testing fix: Original errors: 2, Fixed errors: 3
2025-04-13 10:16:38 - INFO - Result: False (introduced 2 new errors)
2025-04-13 10:16:38 - DEBUG - === New errors detail ===
2025-04-13 10:16:38 - DEBUG - New Error 1: line 20, type: unknown_identifier, message: unknown identifier 'justaplaceholder'
2025-04-13 10:16:38 - DEBUG - New Error 2: line 20, type: rewrite_failed, message: tactic 'rewrite' failed, equality or iff proof expected
  ?m.15827
a : ℝ
discriminant : (-10) ^ 2 - 4 * 28 * 1 = -12
x : ℕ
leading_coeff_pos : 0 < 28
discr_neg : (-10) ^ 2 - 4 * 28 * 1 < 0
⊢ 0 ≤ 28 * x ^ 2 - 10 * x + 1
2025-04-13 10:16:38 - INFO - Testing fragment: simp
2025-04-13 10:16:38 - INFO - Original error line:       exact Quadratic.nonneg_of_discrim_neg leading_coeff_pos discr_neg x
2025-04-13 10:16:40 - INFO - Testing fix: Original errors: 2, Fixed errors: 1
2025-04-13 10:16:40 - INFO - Result: True (target error fixed and no new errors introduced)
2025-04-13 10:16:40 - DEBUG - === Original errors detail ===
2025-04-13 10:16:40 - DEBUG - Error 1: line 20, type: unknown_identifier, message: unknown identifier 'Quadratic.nonneg_of_discrim_neg'
2025-04-13 10:16:40 - DEBUG - Error 2: line 21, type: type_mismatch, message: application type mismatch
  main a
argument
  a
has type
  ℝ : Type
but is expected to have type
  ℕ : Type
2025-04-13 10:16:40 - DEBUG - === Fixed code comparison ===
2025-04-13 10:16:40 - DEBUG - Line 20 changed:
2025-04-13 10:16:40 - DEBUG -   Original:       exact Quadratic.nonneg_of_discrim_neg leading_coeff_pos discr_neg x
2025-04-13 10:16:40 - DEBUG -   Fixed:          simp
2025-04-13 10:16:40 - INFO - Found effective solution: simp
2025-04-13 10:16:40 - INFO - 
==================================================
2025-04-13 10:16:40 - INFO - Fixed code:
2025-04-13 10:16:40 - INFO - /-- For any real number a, show that $10a \leq 28a^2 + 1$.-/
theorem algebra_binomnegdiscrineq_10alt28asqp1 (a : ℝ) : 10 * a ≤ 28 * a ^ 2 + 1 := by
  -- First, rearrange the inequality to standard quadratic form: 28a² - 10a + 1 ≥ 0
  -- Let's consider the quadratic function f(a) = 28a² - 10a + 1
  -- To show this is always non-negative, we'll check its discriminant
  have key_inequality : 0 ≤ 28 * a ^ 2 - 10 * a + 1 := by
    -- Calculate the discriminant Δ = b² - 4ac where a=28, b=-10, c=1
    -- Here Δ = (-10)² - 4*28*1 = 100 - 112 = -12
    have discriminant : (-10)^2 - 4 * 28 * 1 = -12 := by norm_num
    -- Since the leading coefficient (28) is positive and Δ < 0,
    -- the quadratic is always positive
    have main : ∀ x, 0 ≤ 28 * x ^ 2 - 10 * x + 1 := by
      intro x
      -- The quadratic is always positive because:
      -- 1. The leading coefficient (28) is positive
      have leading_coeff_pos : 0 < 28 := by norm_num
      -- 2. The discriminant is negative
      have discr_neg : (-10)^2 - 4 * 28 * 1 < 0 := by norm_num
      -- Therefore the quadratic is always above the x-axis
      simp
    exact main a
  -- Now transform this back to our original inequality
  -- Starting from 28a² - 10a + 1 ≥ 0
  -- Add 10a to both sides: 28a² + 1 ≥ 10a
  -- Which is equivalent to our goal
  linarith [key_inequality]
2025-04-13 10:16:40 - INFO - ==================================================
2025-04-13 10:16:42 - INFO - Original code error count: 2
2025-04-13 10:16:42 - INFO - Fixed code error count: 1
2025-04-13 10:16:42 - INFO - Result: True (target error fixed and no new errors introduced)
2025-04-13 10:16:42 - DEBUG - === Original errors detail ===
2025-04-13 10:16:42 - DEBUG - Error 1: line 20, type: unknown_identifier, message: unknown identifier 'Quadratic.nonneg_of_discrim_neg'
2025-04-13 10:16:42 - DEBUG - Error 2: line 21, type: type_mismatch, message: application type mismatch
  main a
argument
  a
has type
  ℝ : Type
but is expected to have type
  ℕ : Type
2025-04-13 10:16:42 - DEBUG - === Fixed code comparison ===
2025-04-13 10:16:42 - DEBUG - Line 20 changed:
2025-04-13 10:16:42 - DEBUG -   Original:       exact Quadratic.nonneg_of_discrim_neg leading_coeff_pos discr_neg x
2025-04-13 10:16:42 - DEBUG -   Fixed:          simp
2025-04-13 10:16:42 - INFO - 
==================================================
2025-04-13 10:16:42 - INFO - Synthesis successful
2025-04-13 10:16:42 - INFO - ==================================================
2025-04-13 10:16:42 - INFO - Fix time: 10.02 seconds
2025-04-13 10:16:42 - INFO - ✅ Fixed error at line 20
2025-04-13 10:16:42 - INFO - 
Trying to fix error 2/2: line 21, type: type_mismatch
2025-04-13 10:16:42 - INFO - Error message: application type mismatch
  main a
argument
  a
has type
  ℝ : Type
but is expected to have type
  ℕ...
2025-04-13 10:16:42 - INFO - Removed header content, remaining 26 lines of code
2025-04-13 10:16:42 - INFO - Using specified target error line: 21
2025-04-13 10:16:43 - INFO - Found error at specified line: application type mismatch
  main a
argument
  a
has type
  ℝ : Type
but is expected to have type
  ℕ : Type
2025-04-13 10:16:43 - INFO - Error at line 21: application type mismatch
  main a
argument
  a
has type
  ℝ : Type
but is expected to have type
  ℕ : Type
2025-04-13 10:16:43 - INFO - 
==================================================
2025-04-13 10:16:43 - INFO - Code prepared, starting synthesis
2025-04-13 10:16:43 - INFO - Before part: /-- For any real number a, show that $10a \leq 28a^2 + 1$.-/
theorem algebra_binomnegdiscrineq_10alt28asqp1 (a : ℝ) : 10 * a ≤ 28 * a ^ 2 + 1 := by
  -- First, rearrange the inequality to standard quadratic form: 28a² - 10a + 1 ≥ 0
  -- Let's consider the quadratic function f(a) = 28a² - 10a + 1
  -- To show this is always non-negative, we'll check its discriminant
  have key_inequality : 0 ≤ 28 * a ^ 2 - 10 * a + 1 := by
    -- Calculate the discriminant Δ = b² - 4ac where a=28, b=-10, c=1
    -- Here Δ = (-10)² - 4*28*1 = 100 - 112 = -12
    have discriminant : (-10)^2 - 4 * 28 * 1 = -12 := by norm_num
    -- Since the leading coefficient (28) is positive and Δ < 0,
    -- the quadratic is always positive
    have main : ∀ x, 0 ≤ 28 * x ^ 2 - 10 * x + 1 := by
      intro x
      -- The quadratic is always positive because:
      -- 1. The leading coefficient (28) is positive
      have leading_coeff_pos : 0 < 28 := by norm_num
      -- 2. The discriminant is negative
      have discr_neg : (-10)^2 - 4 * 28 * 1 < 0 := by norm_num
      -- Therefore the quadratic is always above the x-axis
      simp
2025-04-13 10:16:43 - INFO - Error line:     exact main a
2025-04-13 10:16:43 - INFO - After part: -- Now transform this back to our original inequality
  -- Starting from 28a² - 10a + 1 ≥ 0
  -- Add 10a to both sides: 28a² + 1 ≥ 10a
  -- Which is equivalent to our goal
  linarith [key_inequality]
2025-04-13 10:16:43 - INFO - ==================================================

2025-04-13 10:16:44 - INFO - Testing fragment: rw [justaplaceholder]
2025-04-13 10:16:44 - INFO - Original error line:     exact main a
2025-04-13 10:16:46 - INFO - Testing fix: Original errors: 1, Fixed errors: 2
2025-04-13 10:16:46 - INFO - Result: False (introduced 2 new errors)
2025-04-13 10:16:46 - DEBUG - === New errors detail ===
2025-04-13 10:16:46 - DEBUG - New Error 1: line 21, type: unknown_identifier, message: unknown identifier 'justaplaceholder'
2025-04-13 10:16:46 - DEBUG - New Error 2: line 21, type: rewrite_failed, message: tactic 'rewrite' failed, equality or iff proof expected
  ?m.29002
a : ℝ
discriminant : (-10) ^ 2 - 4 * 28 * 1 = -12
main : ∀ (x : ℕ), 0 ≤ 28 * x ^ 2 - 10 * x + 1
⊢ 0 ≤ 28 * a ^ 2 - 10 * a + 1
2025-04-13 10:16:46 - INFO - Testing fragment: rw [<- justaplaceholder]
2025-04-13 10:16:46 - INFO - Original error line:     exact main a
2025-04-13 10:16:48 - INFO - Testing fix: Original errors: 1, Fixed errors: 2
2025-04-13 10:16:48 - INFO - Result: False (introduced 2 new errors)
2025-04-13 10:16:48 - DEBUG - === New errors detail ===
2025-04-13 10:16:48 - DEBUG - New Error 1: line 21, type: unknown_identifier, message: unknown identifier 'justaplaceholder'
2025-04-13 10:16:48 - DEBUG - New Error 2: line 21, type: rewrite_failed, message: tactic 'rewrite' failed, equality or iff proof expected
  ?m.29002
a : ℝ
discriminant : (-10) ^ 2 - 4 * 28 * 1 = -12
main : ∀ (x : ℕ), 0 ≤ 28 * x ^ 2 - 10 * x + 1
⊢ 0 ≤ 28 * a ^ 2 - 10 * a + 1
2025-04-13 10:16:48 - INFO - Testing fragment: simp
2025-04-13 10:16:48 - INFO - Original error line:     exact main a
2025-04-13 10:16:50 - INFO - Testing fix: Original errors: 1, Fixed errors: 1
2025-04-13 10:16:50 - INFO - Result: False (introduced 1 new errors)
2025-04-13 10:16:50 - DEBUG - === New errors detail ===
2025-04-13 10:16:50 - DEBUG - New Error 1: line 6, type: other_error, message: unsolved goals
a : ℝ
discriminant : (-10) ^ 2 - 4 * 28 * 1 = -12
main : ∀ (x : ℕ), 0 ≤ 28 * x ^ 2 - 10 * x + 1
⊢ 0 ≤ 28 * a ^ 2 - 10 * a + 1
2025-04-13 10:16:50 - INFO - Testing fragment: field_simp
2025-04-13 10:16:50 - INFO - Original error line:     exact main a
2025-04-13 10:16:52 - INFO - Testing fix: Original errors: 1, Fixed errors: 1
2025-04-13 10:16:52 - INFO - Result: False (introduced 1 new errors)
2025-04-13 10:16:52 - DEBUG - === New errors detail ===
2025-04-13 10:16:52 - DEBUG - New Error 1: line 6, type: other_error, message: unsolved goals
a : ℝ
discriminant : (-10) ^ 2 - 4 * 28 * 1 = -12
main : ∀ (x : ℕ), 0 ≤ 28 * x ^ 2 - 10 * x + 1
⊢ 0 ≤ 28 * a ^ 2 - 10 * a + 1
2025-04-13 10:16:52 - INFO - Testing fragment: norm_num
2025-04-13 10:16:52 - INFO - Original error line:     exact main a
2025-04-13 10:16:54 - INFO - Testing fix: Original errors: 1, Fixed errors: 1
2025-04-13 10:16:54 - INFO - Result: False (introduced 1 new errors)
2025-04-13 10:16:54 - DEBUG - === New errors detail ===
2025-04-13 10:16:54 - DEBUG - New Error 1: line 6, type: other_error, message: unsolved goals
a : ℝ
discriminant : (-10) ^ 2 - 4 * 28 * 1 = -12
main : ∀ (x : ℕ), 0 ≤ 28 * x ^ 2 - 10 * x + 1
⊢ 0 ≤ 28 * a ^ 2 - 10 * a + 1
2025-04-13 10:16:54 - INFO - Testing fragment: ring
2025-04-13 10:16:54 - INFO - Original error line:     exact main a
2025-04-13 10:16:56 - INFO - Testing fix: Original errors: 1, Fixed errors: 2
2025-04-13 10:16:56 - INFO - Result: False (introduced 2 new errors)
2025-04-13 10:16:56 - DEBUG - === New errors detail ===
2025-04-13 10:16:56 - DEBUG - New Error 1: line 21, type: ring_failed, message: Try this: ring_nf
2025-04-13 10:16:56 - DEBUG - New Error 2: line 6, type: other_error, message: unsolved goals
a : ℝ
discriminant : (-10) ^ 2 - 4 * 28 * 1 = -12
main : ∀ (x : ℕ), 0 ≤ 28 * x ^ 2 - 10 * x + 1
⊢ 0 ≤ 1 - a * 10 + a ^ 2 * 28
2025-04-13 10:16:56 - INFO - Testing fragment: ring_nf
2025-04-13 10:16:56 - INFO - Original error line:     exact main a
2025-04-13 10:16:58 - INFO - Testing fix: Original errors: 1, Fixed errors: 1
2025-04-13 10:16:58 - INFO - Result: False (introduced 1 new errors)
2025-04-13 10:16:58 - DEBUG - === New errors detail ===
2025-04-13 10:16:58 - DEBUG - New Error 1: line 6, type: other_error, message: unsolved goals
a : ℝ
discriminant : (-10) ^ 2 - 4 * 28 * 1 = -12
main : ∀ (x : ℕ), 0 ≤ 28 * x ^ 2 - 10 * x + 1
⊢ 0 ≤ 1 - a * 10 + a ^ 2 * 28
2025-04-13 10:16:58 - INFO - Testing fragment: omega
2025-04-13 10:16:58 - INFO - Original error line:     exact main a
2025-04-13 10:17:00 - INFO - Testing fix: Original errors: 1, Fixed errors: 1
2025-04-13 10:17:00 - INFO - Result: False (introduced 1 new errors)
2025-04-13 10:17:00 - DEBUG - === New errors detail ===
2025-04-13 10:17:00 - DEBUG - New Error 1: line 21, type: other_error, message: omega could not prove the goal:
No usable constraints found. You may need to unfold definitions so `omega` can see linear arithmetic facts about `Nat` and `Int`, which may also involve multiplication, division, and modular remainder by constants.
2025-04-13 10:17:00 - INFO - Testing fragment: linarith
2025-04-13 10:17:00 - INFO - Original error line:     exact main a
2025-04-13 10:17:02 - INFO - Testing fix: Original errors: 1, Fixed errors: 1
2025-04-13 10:17:02 - INFO - Result: False (introduced 1 new errors)
2025-04-13 10:17:02 - DEBUG - === New errors detail ===
2025-04-13 10:17:02 - DEBUG - New Error 1: line 21, type: linarith_failed, message: linarith failed to find a contradiction
case a
a : ℝ
discriminant : (-10) ^ 2 - 4 * 28 * 1 = -12
main : ∀ (x : ℕ), 0 ≤ 28 * x ^ 2 - 10 * x + 1
a✝ : 0 > 28 * a ^ 2 - 10 * a + 1
⊢ False
failed
2025-04-13 10:17:02 - INFO - Testing fragment: nlinarith
2025-04-13 10:17:02 - INFO - Original error line:     exact main a
2025-04-13 10:17:04 - INFO - Testing fix: Original errors: 1, Fixed errors: 1
2025-04-13 10:17:04 - INFO - Result: False (introduced 1 new errors)
2025-04-13 10:17:04 - DEBUG - === New errors detail ===
2025-04-13 10:17:04 - DEBUG - New Error 1: line 21, type: linarith_failed, message: linarith failed to find a contradiction
case a
a : ℝ
discriminant : (-10) ^ 2 - 4 * 28 * 1 = -12
main : ∀ (x : ℕ), 0 ≤ 28 * x ^ 2 - 10 * x + 1
a✝ : 0 > 28 * a ^ 2 - 10 * a + 1
⊢ False
failed
2025-04-13 10:17:04 - INFO - Failed attempt time: 22.04 seconds
2025-04-13 10:17:04 - INFO - ❌ Could not generate fix for error at line 21
2025-04-13 10:17:05 - INFO - 
===== Fix attempt completed =====
2025-04-13 10:17:05 - INFO - Original errors: 2
2025-04-13 10:17:05 - INFO - Fixed errors: 1
2025-04-13 10:17:05 - INFO - Failed errors: 1
2025-04-13 10:17:05 - INFO - Remaining errors: 1
2025-04-13 10:17:05 - INFO - Total time: 34.06 seconds
2025-04-13 10:17:05 - INFO - 
Final fixed code:
2025-04-13 10:17:05 - INFO - ----------------------------------------
2025-04-13 10:17:05 - INFO - /-- For any real number a, show that $10a \leq 28a^2 + 1$.-/
theorem algebra_binomnegdiscrineq_10alt28asqp1 (a : ℝ) : 10 * a ≤ 28 * a ^ 2 + 1 := by
  -- First, rearrange the inequality to standard quadratic form: 28a² - 10a + 1 ≥ 0
  -- Let's consider the quadratic function f(a) = 28a² - 10a + 1
  -- To show this is always non-negative, we'll check its discriminant
  have key_inequality : 0 ≤ 28 * a ^ 2 - 10 * a + 1 := by
    -- Calculate the discriminant Δ = b² - 4ac where a=28, b=-10, c=1
    -- Here Δ = (-10)² - 4*28*1 = 100 - 112 = -12
    have discriminant : (-10)^2 - 4 * 28 * 1 = -12 := by norm_num
    -- Since the leading coefficient (28) is positive and Δ < 0,
    -- the quadratic is always positive
    have main : ∀ x, 0 ≤ 28 * x ^ 2 - 10 * x + 1 := by
      intro x
      -- The quadratic is always positive because:
      -- 1. The leading coefficient (28) is positive
      have leading_coeff_pos : 0 < 28 := by norm_num
      -- 2. The discriminant is negative
      have discr_neg : (-10)^2 - 4 * 28 * 1 < 0 := by norm_num
      -- Therefore the quadratic is always above the x-axis
      simp
    exact main a
  -- Now transform this back to our original inequality
  -- Starting from 28a² - 10a + 1 ≥ 0
  -- Add 10a to both sides: 28a² + 1 ≥ 10a
  -- Which is equivalent to our goal
  linarith [key_inequality]
2025-04-13 10:17:05 - INFO - ----------------------------------------
2025-04-13 10:17:05 - INFO - 
Detailed error repair report:
2025-04-13 10:17:05 - INFO - Original code error count: 2
✅ Fixed error 1/2: Successfully fixed error at line 20 «unknown_identifier» (in 10.02s)
❌ Fixed error 2/2: Could not generate fix for error at line 21 «type_mismatch» (after 22.04s)

=== Fix statistics ===
Original error count: 2
Fixed errors: 1 (Fix rate: 0.5000)
Failed errors: 1
Remaining errors: 1
Total time: 34.06 seconds

=== Successful fix details ===

Fix 1:
   Line: 20
   Error type: unknown_identifier
   Original error message: unknown identifier 'Quadratic.nonneg_of_discrim_neg'...
   Fix snippet: simp
   Fixed line:       simp
   Time: 10.02 seconds

=== Failed fix details ===

Failed fix 1:
   Line: 21
   Error type: type_mismatch
   Original error message: application type mismatch
  main a
argument
  a
has type
  ℝ : Type
but is expected to have type
  ℕ...
   Failure reason: Could not generate fix
   Time: 22.04 seconds
2025-04-13 10:17:05 - INFO - 
Fixed code saved to: /data/coding/minif2f/lean_fixed/111_fixed.lean
2025-04-13 10:17:05 - INFO - JSON log saved to: /data/coding/minif2f/lean_fixed/111_fix_log.json
2025-04-13 10:17:05 - INFO - 
===== LOG FILE LOCATION =====
2025-04-13 10:17:05 - INFO - Detailed log file is available at: /data/coding/minif2f/lean_fixed/111.log
2025-04-13 10:17:05 - INFO - ===============================
2025-04-13 10:20:40 - INFO - Log file initialized at 2025-04-13T10:20:40.466579
2025-04-13 10:20:40 - INFO - ===== LOG FILE LOCATION =====
2025-04-13 10:20:40 - INFO - Detailed log file created at: /data/coding/minif2f/lean_fixed/111.log
2025-04-13 10:20:40 - INFO - ===============================
2025-04-13 10:20:40 - INFO - Original code:
2025-04-13 10:20:40 - INFO - ----------------------------------------
2025-04-13 10:20:40 - INFO - import Mathlib
import Aesop

set_option maxHeartbeats 0

open BigOperators Real Nat Topology Rat

/-- For any real number a, show that $10a \leq 28a^2 + 1$.-/
theorem algebra_binomnegdiscrineq_10alt28asqp1 (a : ℝ) : 10 * a ≤ 28 * a ^ 2 + 1 := by
  -- First, rearrange the inequality to standard quadratic form: 28a² - 10a + 1 ≥ 0
  -- Let's consider the quadratic function f(a) = 28a² - 10a + 1
  -- To show this is always non-negative, we'll check its discriminant
  have key_inequality : 0 ≤ 28 * a ^ 2 - 10 * a + 1 := by
    -- Calculate the discriminant Δ = b² - 4ac where a=28, b=-10, c=1
    -- Here Δ = (-10)² - 4*28*1 = 100 - 112 = -12
    have discriminant : (-10)^2 - 4 * 28 * 1 = -12 := by norm_num
    -- Since the leading coefficient (28) is positive and Δ < 0,
    -- the quadratic is always positive
    have main : ∀ x, 0 ≤ 28 * x ^ 2 - 10 * x + 1 := by
      intro x
      -- The quadratic is always positive because:
      -- 1. The leading coefficient (28) is positive
      have leading_coeff_pos : 0 < 28 := by norm_num
      -- 2. The discriminant is negative
      have discr_neg : (-10)^2 - 4 * 28 * 1 < 0 := by norm_num
      -- Therefore the quadratic is always above the x-axis
      exact Quadratic.nonneg_of_discrim_neg leading_coeff_pos discr_neg x
    exact main a
  -- Now transform this back to our original inequality
  -- Starting from 28a² - 10a + 1 ≥ 0
  -- Add 10a to both sides: 28a² + 1 ≥ 10a
  -- Which is equivalent to our goal
  linarith [key_inequality]
2025-04-13 10:20:40 - INFO - ----------------------------------------
2025-04-13 10:20:40 - INFO - 
Checking original code for all errors...
2025-04-13 10:20:48 - INFO - Original code contains 2 errors:
2025-04-13 10:20:48 - INFO - Error 1: line 20, type: unknown_identifier, message: unknown identifier 'Quadratic.nonneg_of_discrim_neg'...
2025-04-13 10:20:48 - INFO - Error 2: line 21, type: type_mismatch, message: application type mismatch
  main a
argument
  a
has type
  ℝ : Type
but is expected to have type
  ℕ...
2025-04-13 10:20:48 - INFO - 
Starting multi-error continuous repair process...
2025-04-13 10:20:48 - INFO - 
===== Starting to fix all errors =====
2025-04-13 10:20:49 - INFO - 
Found 2 original errors:
2025-04-13 10:20:49 - INFO - Error 1: line 20, type: unknown_identifier, message: unknown identifier 'Quadratic.nonneg_of_discrim_neg'...
2025-04-13 10:20:49 - INFO - Error 2: line 21, type: type_mismatch, message: application type mismatch
  main a
argument
  a
has type
  ℝ : Type
but is expected to have type
  ℕ...
2025-04-13 10:20:49 - INFO - 
Trying to fix error 1/2: line 20, type: unknown_identifier
2025-04-13 10:20:49 - INFO - Error message: unknown identifier 'Quadratic.nonneg_of_discrim_neg'...
2025-04-13 10:20:49 - INFO - Removed header content, remaining 26 lines of code
2025-04-13 10:20:49 - INFO - Using specified target error line: 20
2025-04-13 10:20:50 - INFO - Found error at specified line: unknown identifier 'Quadratic.nonneg_of_discrim_neg'
2025-04-13 10:20:50 - INFO - Error at line 20: unknown identifier 'Quadratic.nonneg_of_discrim_neg'
2025-04-13 10:20:50 - INFO - 
==================================================
2025-04-13 10:20:50 - INFO - Code prepared, starting synthesis
2025-04-13 10:20:50 - INFO - Before part: /-- For any real number a, show that $10a \leq 28a^2 + 1$.-/
theorem algebra_binomnegdiscrineq_10alt28asqp1 (a : ℝ) : 10 * a ≤ 28 * a ^ 2 + 1 := by
  -- First, rearrange the inequality to standard quadratic form: 28a² - 10a + 1 ≥ 0
  -- Let's consider the quadratic function f(a) = 28a² - 10a + 1
  -- To show this is always non-negative, we'll check its discriminant
  have key_inequality : 0 ≤ 28 * a ^ 2 - 10 * a + 1 := by
    -- Calculate the discriminant Δ = b² - 4ac where a=28, b=-10, c=1
    -- Here Δ = (-10)² - 4*28*1 = 100 - 112 = -12
    have discriminant : (-10)^2 - 4 * 28 * 1 = -12 := by norm_num
    -- Since the leading coefficient (28) is positive and Δ < 0,
    -- the quadratic is always positive
    have main : ∀ x, 0 ≤ 28 * x ^ 2 - 10 * x + 1 := by
      intro x
      -- The quadratic is always positive because:
      -- 1. The leading coefficient (28) is positive
      have leading_coeff_pos : 0 < 28 := by norm_num
      -- 2. The discriminant is negative
      have discr_neg : (-10)^2 - 4 * 28 * 1 < 0 := by norm_num
      -- Therefore the quadratic is always above the x-axis
2025-04-13 10:20:50 - INFO - Error line:       exact Quadratic.nonneg_of_discrim_neg leading_coeff_pos discr_neg x
2025-04-13 10:20:50 - INFO - After part: exact main a
  -- Now transform this back to our original inequality
  -- Starting from 28a² - 10a + 1 ≥ 0
  -- Add 10a to both sides: 28a² + 1 ≥ 10a
  -- Which is equivalent to our goal
  linarith [key_inequality]
2025-04-13 10:20:50 - INFO - ==================================================

2025-04-13 10:20:51 - INFO - Testing fragment: rw [justaplaceholder]
2025-04-13 10:20:51 - INFO - Original error line:       exact Quadratic.nonneg_of_discrim_neg leading_coeff_pos discr_neg x
2025-04-13 10:20:53 - INFO - Testing fix: Original errors: 2, Fixed errors: 3
2025-04-13 10:20:53 - INFO - Result: False (introduced 2 new errors)
2025-04-13 10:20:53 - DEBUG - === New errors detail ===
2025-04-13 10:20:53 - DEBUG - New Error 1: line 20, type: unknown_identifier, message: unknown identifier 'justaplaceholder'
2025-04-13 10:20:53 - DEBUG - New Error 2: line 20, type: rewrite_failed, message: tactic 'rewrite' failed, equality or iff proof expected
  ?m.15827
a : ℝ
discriminant : (-10) ^ 2 - 4 * 28 * 1 = -12
x : ℕ
leading_coeff_pos : 0 < 28
discr_neg : (-10) ^ 2 - 4 * 28 * 1 < 0
⊢ 0 ≤ 28 * x ^ 2 - 10 * x + 1
2025-04-13 10:20:53 - INFO - Testing fragment: rw [<- justaplaceholder]
2025-04-13 10:20:53 - INFO - Original error line:       exact Quadratic.nonneg_of_discrim_neg leading_coeff_pos discr_neg x
2025-04-13 10:20:55 - INFO - Testing fix: Original errors: 2, Fixed errors: 3
2025-04-13 10:20:55 - INFO - Result: False (introduced 2 new errors)
2025-04-13 10:20:55 - DEBUG - === New errors detail ===
2025-04-13 10:20:55 - DEBUG - New Error 1: line 20, type: unknown_identifier, message: unknown identifier 'justaplaceholder'
2025-04-13 10:20:55 - DEBUG - New Error 2: line 20, type: rewrite_failed, message: tactic 'rewrite' failed, equality or iff proof expected
  ?m.15827
a : ℝ
discriminant : (-10) ^ 2 - 4 * 28 * 1 = -12
x : ℕ
leading_coeff_pos : 0 < 28
discr_neg : (-10) ^ 2 - 4 * 28 * 1 < 0
⊢ 0 ≤ 28 * x ^ 2 - 10 * x + 1
2025-04-13 10:20:55 - INFO - Testing fragment: simp
2025-04-13 10:20:55 - INFO - Original error line:       exact Quadratic.nonneg_of_discrim_neg leading_coeff_pos discr_neg x
2025-04-13 10:20:57 - INFO - Testing fix: Original errors: 2, Fixed errors: 1
2025-04-13 10:20:57 - INFO - Result: True (target error fixed and no new errors introduced)
2025-04-13 10:20:57 - DEBUG - === Original errors detail ===
2025-04-13 10:20:57 - DEBUG - Error 1: line 20, type: unknown_identifier, message: unknown identifier 'Quadratic.nonneg_of_discrim_neg'
2025-04-13 10:20:57 - DEBUG - Error 2: line 21, type: type_mismatch, message: application type mismatch
  main a
argument
  a
has type
  ℝ : Type
but is expected to have type
  ℕ : Type
2025-04-13 10:20:57 - DEBUG - === Fixed code comparison ===
2025-04-13 10:20:57 - DEBUG - Line 20 changed:
2025-04-13 10:20:57 - DEBUG -   Original:       exact Quadratic.nonneg_of_discrim_neg leading_coeff_pos discr_neg x
2025-04-13 10:20:57 - DEBUG -   Fixed:          simp
2025-04-13 10:20:57 - INFO - Found effective solution: simp
2025-04-13 10:20:57 - INFO - 
==================================================
2025-04-13 10:20:57 - INFO - Fixed code:
2025-04-13 10:20:57 - INFO - /-- For any real number a, show that $10a \leq 28a^2 + 1$.-/
theorem algebra_binomnegdiscrineq_10alt28asqp1 (a : ℝ) : 10 * a ≤ 28 * a ^ 2 + 1 := by
  -- First, rearrange the inequality to standard quadratic form: 28a² - 10a + 1 ≥ 0
  -- Let's consider the quadratic function f(a) = 28a² - 10a + 1
  -- To show this is always non-negative, we'll check its discriminant
  have key_inequality : 0 ≤ 28 * a ^ 2 - 10 * a + 1 := by
    -- Calculate the discriminant Δ = b² - 4ac where a=28, b=-10, c=1
    -- Here Δ = (-10)² - 4*28*1 = 100 - 112 = -12
    have discriminant : (-10)^2 - 4 * 28 * 1 = -12 := by norm_num
    -- Since the leading coefficient (28) is positive and Δ < 0,
    -- the quadratic is always positive
    have main : ∀ x, 0 ≤ 28 * x ^ 2 - 10 * x + 1 := by
      intro x
      -- The quadratic is always positive because:
      -- 1. The leading coefficient (28) is positive
      have leading_coeff_pos : 0 < 28 := by norm_num
      -- 2. The discriminant is negative
      have discr_neg : (-10)^2 - 4 * 28 * 1 < 0 := by norm_num
      -- Therefore the quadratic is always above the x-axis
      simp
    exact main a
  -- Now transform this back to our original inequality
  -- Starting from 28a² - 10a + 1 ≥ 0
  -- Add 10a to both sides: 28a² + 1 ≥ 10a
  -- Which is equivalent to our goal
  linarith [key_inequality]
2025-04-13 10:20:57 - INFO - ==================================================
2025-04-13 10:20:59 - INFO - Original code error count: 2
2025-04-13 10:20:59 - INFO - Fixed code error count: 1
2025-04-13 10:20:59 - INFO - Result: True (target error fixed and no new errors introduced)
2025-04-13 10:20:59 - DEBUG - === Original errors detail ===
2025-04-13 10:20:59 - DEBUG - Error 1: line 20, type: unknown_identifier, message: unknown identifier 'Quadratic.nonneg_of_discrim_neg'
2025-04-13 10:20:59 - DEBUG - Error 2: line 21, type: type_mismatch, message: application type mismatch
  main a
argument
  a
has type
  ℝ : Type
but is expected to have type
  ℕ : Type
2025-04-13 10:20:59 - DEBUG - === Fixed code comparison ===
2025-04-13 10:20:59 - DEBUG - Line 20 changed:
2025-04-13 10:20:59 - DEBUG -   Original:       exact Quadratic.nonneg_of_discrim_neg leading_coeff_pos discr_neg x
2025-04-13 10:20:59 - DEBUG -   Fixed:          simp
2025-04-13 10:20:59 - INFO - 
==================================================
2025-04-13 10:20:59 - INFO - Synthesis successful
2025-04-13 10:20:59 - INFO - ==================================================
2025-04-13 10:20:59 - INFO - Fix time: 10.02 seconds
2025-04-13 10:20:59 - INFO - ✅ Fixed error at line 20
2025-04-13 10:20:59 - INFO - 
Trying to fix error 2/2: line 21, type: type_mismatch
2025-04-13 10:20:59 - INFO - Error message: application type mismatch
  main a
argument
  a
has type
  ℝ : Type
but is expected to have type
  ℕ...
2025-04-13 10:20:59 - INFO - Removed header content, remaining 26 lines of code
2025-04-13 10:20:59 - INFO - Using specified target error line: 21
2025-04-13 10:21:00 - INFO - Found error at specified line: application type mismatch
  main a
argument
  a
has type
  ℝ : Type
but is expected to have type
  ℕ : Type
2025-04-13 10:21:00 - INFO - Error at line 21: application type mismatch
  main a
argument
  a
has type
  ℝ : Type
but is expected to have type
  ℕ : Type
2025-04-13 10:21:00 - INFO - 
==================================================
2025-04-13 10:21:00 - INFO - Code prepared, starting synthesis
2025-04-13 10:21:00 - INFO - Before part: /-- For any real number a, show that $10a \leq 28a^2 + 1$.-/
theorem algebra_binomnegdiscrineq_10alt28asqp1 (a : ℝ) : 10 * a ≤ 28 * a ^ 2 + 1 := by
  -- First, rearrange the inequality to standard quadratic form: 28a² - 10a + 1 ≥ 0
  -- Let's consider the quadratic function f(a) = 28a² - 10a + 1
  -- To show this is always non-negative, we'll check its discriminant
  have key_inequality : 0 ≤ 28 * a ^ 2 - 10 * a + 1 := by
    -- Calculate the discriminant Δ = b² - 4ac where a=28, b=-10, c=1
    -- Here Δ = (-10)² - 4*28*1 = 100 - 112 = -12
    have discriminant : (-10)^2 - 4 * 28 * 1 = -12 := by norm_num
    -- Since the leading coefficient (28) is positive and Δ < 0,
    -- the quadratic is always positive
    have main : ∀ x, 0 ≤ 28 * x ^ 2 - 10 * x + 1 := by
      intro x
      -- The quadratic is always positive because:
      -- 1. The leading coefficient (28) is positive
      have leading_coeff_pos : 0 < 28 := by norm_num
      -- 2. The discriminant is negative
      have discr_neg : (-10)^2 - 4 * 28 * 1 < 0 := by norm_num
      -- Therefore the quadratic is always above the x-axis
      simp
2025-04-13 10:21:00 - INFO - Error line:     exact main a
2025-04-13 10:21:00 - INFO - After part: -- Now transform this back to our original inequality
  -- Starting from 28a² - 10a + 1 ≥ 0
  -- Add 10a to both sides: 28a² + 1 ≥ 10a
  -- Which is equivalent to our goal
  linarith [key_inequality]
2025-04-13 10:21:00 - INFO - ==================================================

2025-04-13 10:21:01 - INFO - Testing fragment: rw [justaplaceholder]
2025-04-13 10:21:01 - INFO - Original error line:     exact main a
2025-04-13 10:21:03 - INFO - Testing fix: Original errors: 1, Fixed errors: 2
2025-04-13 10:21:03 - INFO - Result: False (introduced 2 new errors)
2025-04-13 10:21:03 - DEBUG - === New errors detail ===
2025-04-13 10:21:03 - DEBUG - New Error 1: line 21, type: unknown_identifier, message: unknown identifier 'justaplaceholder'
2025-04-13 10:21:03 - DEBUG - New Error 2: line 21, type: rewrite_failed, message: tactic 'rewrite' failed, equality or iff proof expected
  ?m.29002
a : ℝ
discriminant : (-10) ^ 2 - 4 * 28 * 1 = -12
main : ∀ (x : ℕ), 0 ≤ 28 * x ^ 2 - 10 * x + 1
⊢ 0 ≤ 28 * a ^ 2 - 10 * a + 1
2025-04-13 10:21:03 - INFO - Testing fragment: rw [<- justaplaceholder]
2025-04-13 10:21:03 - INFO - Original error line:     exact main a
2025-04-13 10:21:05 - INFO - Testing fix: Original errors: 1, Fixed errors: 2
2025-04-13 10:21:05 - INFO - Result: False (introduced 2 new errors)
2025-04-13 10:21:05 - DEBUG - === New errors detail ===
2025-04-13 10:21:05 - DEBUG - New Error 1: line 21, type: unknown_identifier, message: unknown identifier 'justaplaceholder'
2025-04-13 10:21:05 - DEBUG - New Error 2: line 21, type: rewrite_failed, message: tactic 'rewrite' failed, equality or iff proof expected
  ?m.29002
a : ℝ
discriminant : (-10) ^ 2 - 4 * 28 * 1 = -12
main : ∀ (x : ℕ), 0 ≤ 28 * x ^ 2 - 10 * x + 1
⊢ 0 ≤ 28 * a ^ 2 - 10 * a + 1
2025-04-13 10:21:05 - INFO - Testing fragment: simp
2025-04-13 10:21:05 - INFO - Original error line:     exact main a
2025-04-13 10:21:07 - INFO - Testing fix: Original errors: 1, Fixed errors: 1
2025-04-13 10:21:07 - INFO - Result: False (introduced 1 new errors)
2025-04-13 10:21:07 - DEBUG - === New errors detail ===
2025-04-13 10:21:07 - DEBUG - New Error 1: line 6, type: other_error, message: unsolved goals
a : ℝ
discriminant : (-10) ^ 2 - 4 * 28 * 1 = -12
main : ∀ (x : ℕ), 0 ≤ 28 * x ^ 2 - 10 * x + 1
⊢ 0 ≤ 28 * a ^ 2 - 10 * a + 1
2025-04-13 10:21:07 - INFO - Testing fragment: field_simp
2025-04-13 10:21:07 - INFO - Original error line:     exact main a
2025-04-13 10:21:09 - INFO - Testing fix: Original errors: 1, Fixed errors: 1
2025-04-13 10:21:09 - INFO - Result: False (introduced 1 new errors)
2025-04-13 10:21:09 - DEBUG - === New errors detail ===
2025-04-13 10:21:09 - DEBUG - New Error 1: line 6, type: other_error, message: unsolved goals
a : ℝ
discriminant : (-10) ^ 2 - 4 * 28 * 1 = -12
main : ∀ (x : ℕ), 0 ≤ 28 * x ^ 2 - 10 * x + 1
⊢ 0 ≤ 28 * a ^ 2 - 10 * a + 1
2025-04-13 10:21:09 - INFO - Testing fragment: norm_num
2025-04-13 10:21:09 - INFO - Original error line:     exact main a
2025-04-13 10:21:11 - INFO - Testing fix: Original errors: 1, Fixed errors: 1
2025-04-13 10:21:11 - INFO - Result: False (introduced 1 new errors)
2025-04-13 10:21:11 - DEBUG - === New errors detail ===
2025-04-13 10:21:11 - DEBUG - New Error 1: line 6, type: other_error, message: unsolved goals
a : ℝ
discriminant : (-10) ^ 2 - 4 * 28 * 1 = -12
main : ∀ (x : ℕ), 0 ≤ 28 * x ^ 2 - 10 * x + 1
⊢ 0 ≤ 28 * a ^ 2 - 10 * a + 1
2025-04-13 10:21:11 - INFO - Testing fragment: ring
2025-04-13 10:21:11 - INFO - Original error line:     exact main a
2025-04-13 10:21:13 - INFO - Testing fix: Original errors: 1, Fixed errors: 2
2025-04-13 10:21:13 - INFO - Result: False (introduced 2 new errors)
2025-04-13 10:21:13 - DEBUG - === New errors detail ===
2025-04-13 10:21:13 - DEBUG - New Error 1: line 21, type: ring_failed, message: Try this: ring_nf
2025-04-13 10:21:13 - DEBUG - New Error 2: line 6, type: other_error, message: unsolved goals
a : ℝ
discriminant : (-10) ^ 2 - 4 * 28 * 1 = -12
main : ∀ (x : ℕ), 0 ≤ 28 * x ^ 2 - 10 * x + 1
⊢ 0 ≤ 1 - a * 10 + a ^ 2 * 28
2025-04-13 10:21:13 - INFO - Testing fragment: ring_nf
2025-04-13 10:21:13 - INFO - Original error line:     exact main a
2025-04-13 10:21:15 - INFO - Testing fix: Original errors: 1, Fixed errors: 1
2025-04-13 10:21:15 - INFO - Result: False (introduced 1 new errors)
2025-04-13 10:21:15 - DEBUG - === New errors detail ===
2025-04-13 10:21:15 - DEBUG - New Error 1: line 6, type: other_error, message: unsolved goals
a : ℝ
discriminant : (-10) ^ 2 - 4 * 28 * 1 = -12
main : ∀ (x : ℕ), 0 ≤ 28 * x ^ 2 - 10 * x + 1
⊢ 0 ≤ 1 - a * 10 + a ^ 2 * 28
2025-04-13 10:21:15 - INFO - Testing fragment: omega
2025-04-13 10:21:15 - INFO - Original error line:     exact main a
2025-04-13 10:21:17 - INFO - Testing fix: Original errors: 1, Fixed errors: 1
2025-04-13 10:21:17 - INFO - Result: False (introduced 1 new errors)
2025-04-13 10:21:17 - DEBUG - === New errors detail ===
2025-04-13 10:21:17 - DEBUG - New Error 1: line 21, type: other_error, message: omega could not prove the goal:
No usable constraints found. You may need to unfold definitions so `omega` can see linear arithmetic facts about `Nat` and `Int`, which may also involve multiplication, division, and modular remainder by constants.
2025-04-13 10:21:17 - INFO - Testing fragment: linarith
2025-04-13 10:21:17 - INFO - Original error line:     exact main a
2025-04-13 10:21:19 - INFO - Testing fix: Original errors: 1, Fixed errors: 1
2025-04-13 10:21:19 - INFO - Result: False (introduced 1 new errors)
2025-04-13 10:21:19 - DEBUG - === New errors detail ===
2025-04-13 10:21:19 - DEBUG - New Error 1: line 21, type: linarith_failed, message: linarith failed to find a contradiction
case a
a : ℝ
discriminant : (-10) ^ 2 - 4 * 28 * 1 = -12
main : ∀ (x : ℕ), 0 ≤ 28 * x ^ 2 - 10 * x + 1
a✝ : 0 > 28 * a ^ 2 - 10 * a + 1
⊢ False
failed
2025-04-13 10:21:19 - INFO - Testing fragment: nlinarith
2025-04-13 10:21:19 - INFO - Original error line:     exact main a
2025-04-13 10:21:21 - INFO - Testing fix: Original errors: 1, Fixed errors: 1
2025-04-13 10:21:21 - INFO - Result: False (introduced 1 new errors)
2025-04-13 10:21:21 - DEBUG - === New errors detail ===
2025-04-13 10:21:21 - DEBUG - New Error 1: line 21, type: linarith_failed, message: linarith failed to find a contradiction
case a
a : ℝ
discriminant : (-10) ^ 2 - 4 * 28 * 1 = -12
main : ∀ (x : ℕ), 0 ≤ 28 * x ^ 2 - 10 * x + 1
a✝ : 0 > 28 * a ^ 2 - 10 * a + 1
⊢ False
failed
2025-04-13 10:21:21 - INFO - Failed attempt time: 22.04 seconds
2025-04-13 10:21:21 - INFO - ❌ Could not generate fix for error at line 21
2025-04-13 10:21:22 - INFO - 
===== Fix attempt completed =====
2025-04-13 10:21:22 - INFO - Original errors: 2
2025-04-13 10:21:22 - INFO - Fixed errors: 1
2025-04-13 10:21:22 - INFO - Failed errors: 1
2025-04-13 10:21:22 - INFO - Remaining errors: 1
2025-04-13 10:21:22 - INFO - Total time: 34.06 seconds
2025-04-13 10:21:22 - INFO - 
Final fixed code:
2025-04-13 10:21:22 - INFO - ----------------------------------------
2025-04-13 10:21:22 - INFO - /-- For any real number a, show that $10a \leq 28a^2 + 1$.-/
theorem algebra_binomnegdiscrineq_10alt28asqp1 (a : ℝ) : 10 * a ≤ 28 * a ^ 2 + 1 := by
  -- First, rearrange the inequality to standard quadratic form: 28a² - 10a + 1 ≥ 0
  -- Let's consider the quadratic function f(a) = 28a² - 10a + 1
  -- To show this is always non-negative, we'll check its discriminant
  have key_inequality : 0 ≤ 28 * a ^ 2 - 10 * a + 1 := by
    -- Calculate the discriminant Δ = b² - 4ac where a=28, b=-10, c=1
    -- Here Δ = (-10)² - 4*28*1 = 100 - 112 = -12
    have discriminant : (-10)^2 - 4 * 28 * 1 = -12 := by norm_num
    -- Since the leading coefficient (28) is positive and Δ < 0,
    -- the quadratic is always positive
    have main : ∀ x, 0 ≤ 28 * x ^ 2 - 10 * x + 1 := by
      intro x
      -- The quadratic is always positive because:
      -- 1. The leading coefficient (28) is positive
      have leading_coeff_pos : 0 < 28 := by norm_num
      -- 2. The discriminant is negative
      have discr_neg : (-10)^2 - 4 * 28 * 1 < 0 := by norm_num
      -- Therefore the quadratic is always above the x-axis
      simp
    exact main a
  -- Now transform this back to our original inequality
  -- Starting from 28a² - 10a + 1 ≥ 0
  -- Add 10a to both sides: 28a² + 1 ≥ 10a
  -- Which is equivalent to our goal
  linarith [key_inequality]
2025-04-13 10:21:22 - INFO - ----------------------------------------
2025-04-13 10:21:22 - INFO - 
Detailed error repair report:
2025-04-13 10:21:22 - INFO - Original code error count: 2
✅ Fixed error 1/2: Successfully fixed error at line 20 «unknown_identifier» (in 10.02s)
❌ Fixed error 2/2: Could not generate fix for error at line 21 «type_mismatch» (after 22.04s)

=== Fix statistics ===
Original error count: 2
Fixed errors: 1 (Fix rate: 0.5000)
Failed errors: 1
Remaining errors: 1
Total time: 34.06 seconds

=== Successful fix details ===

Fix 1:
   Line: 20
   Error type: unknown_identifier
   Original error message: unknown identifier 'Quadratic.nonneg_of_discrim_neg'...
   Fix snippet: simp
   Fixed line:       simp
   Time: 10.02 seconds

=== Failed fix details ===

Failed fix 1:
   Line: 21
   Error type: type_mismatch
   Original error message: application type mismatch
  main a
argument
  a
has type
  ℝ : Type
but is expected to have type
  ℕ...
   Failure reason: Could not generate fix
   Time: 22.04 seconds
2025-04-13 10:21:22 - INFO - 
Fixed code saved to: /data/coding/minif2f/lean_fixed/111_fixed.lean
2025-04-13 10:21:22 - INFO - JSON log saved to: /data/coding/minif2f/lean_fixed/111_fix_log.json
2025-04-13 10:21:22 - INFO - 
===== LOG FILE LOCATION =====
2025-04-13 10:21:22 - INFO - Detailed log file is available at: /data/coding/minif2f/lean_fixed/111.log
2025-04-13 10:21:22 - INFO - ===============================
2025-04-13 10:28:23 - INFO - Log file initialized at 2025-04-13T10:28:23.929625
2025-04-13 10:28:23 - INFO - ===== LOG FILE LOCATION =====
2025-04-13 10:28:23 - INFO - Detailed log file created at: /data/coding/minif2f/lean_fixed/111.log
2025-04-13 10:28:23 - INFO - ===============================
2025-04-13 10:28:23 - INFO - Original code:
2025-04-13 10:28:23 - INFO - ----------------------------------------
2025-04-13 10:28:23 - INFO - import Mathlib
import Aesop

set_option maxHeartbeats 0

open BigOperators Real Nat Topology Rat

/-- For any real number a, show that $10a \leq 28a^2 + 1$.-/
theorem algebra_binomnegdiscrineq_10alt28asqp1 (a : ℝ) : 10 * a ≤ 28 * a ^ 2 + 1 := by
  -- First, rearrange the inequality to standard quadratic form: 28a² - 10a + 1 ≥ 0
  -- Let's consider the quadratic function f(a) = 28a² - 10a + 1
  -- To show this is always non-negative, we'll check its discriminant
  have key_inequality : 0 ≤ 28 * a ^ 2 - 10 * a + 1 := by
    -- Calculate the discriminant Δ = b² - 4ac where a=28, b=-10, c=1
    -- Here Δ = (-10)² - 4*28*1 = 100 - 112 = -12
    have discriminant : (-10)^2 - 4 * 28 * 1 = -12 := by norm_num
    -- Since the leading coefficient (28) is positive and Δ < 0,
    -- the quadratic is always positive
    have main : ∀ x, 0 ≤ 28 * x ^ 2 - 10 * x + 1 := by
      intro x
      -- The quadratic is always positive because:
      -- 1. The leading coefficient (28) is positive
      have leading_coeff_pos : 0 < 28 := by norm_num
      -- 2. The discriminant is negative
      have discr_neg : (-10)^2 - 4 * 28 * 1 < 0 := by norm_num
      -- Therefore the quadratic is always above the x-axis
      exact Quadratic.nonneg_of_discrim_neg leading_coeff_pos discr_neg x
    exact main a
  -- Now transform this back to our original inequality
  -- Starting from 28a² - 10a + 1 ≥ 0
  -- Add 10a to both sides: 28a² + 1 ≥ 10a
  -- Which is equivalent to our goal
  linarith [key_inequality]
2025-04-13 10:28:23 - INFO - ----------------------------------------
2025-04-13 10:28:23 - INFO - 
Checking original code for all errors...
2025-04-13 10:30:42 - INFO - Original code contains 2 errors:
2025-04-13 10:30:42 - INFO - Error 1: line 20, type: unknown_identifier, message: unknown identifier 'Quadratic.nonneg_of_discrim_neg'...
2025-04-13 10:30:42 - INFO - Error 2: line 21, type: type_mismatch, message: application type mismatch
  main a
argument
  a
has type
  ℝ : Type
but is expected to have type
  ℕ...
2025-04-13 10:30:42 - INFO - 
Starting multi-error continuous repair process...
2025-04-13 10:30:42 - INFO - 
===== Starting to fix all errors =====
2025-04-13 10:30:43 - INFO - 
Found 2 original errors:
2025-04-13 10:30:43 - INFO - Error 1: line 20, type: unknown_identifier, message: unknown identifier 'Quadratic.nonneg_of_discrim_neg'...
2025-04-13 10:30:43 - INFO - Error 2: line 21, type: type_mismatch, message: application type mismatch
  main a
argument
  a
has type
  ℝ : Type
but is expected to have type
  ℕ...
2025-04-13 10:30:43 - INFO - 
Trying to fix error 1/2: line 20, type: unknown_identifier
2025-04-13 10:30:43 - INFO - Error message: unknown identifier 'Quadratic.nonneg_of_discrim_neg'...
2025-04-13 10:30:43 - INFO - Removed header content, remaining 26 lines of code
2025-04-13 10:30:43 - INFO - Using specified target error line: 20
2025-04-13 10:30:44 - INFO - Found error at specified line: unknown identifier 'Quadratic.nonneg_of_discrim_neg'
2025-04-13 10:30:44 - INFO - Error at line 20: unknown identifier 'Quadratic.nonneg_of_discrim_neg'
2025-04-13 10:30:44 - INFO - 
==================================================
2025-04-13 10:30:44 - INFO - Code prepared, starting synthesis
2025-04-13 10:30:44 - INFO - Before part: /-- For any real number a, show that $10a \leq 28a^2 + 1$.-/
theorem algebra_binomnegdiscrineq_10alt28asqp1 (a : ℝ) : 10 * a ≤ 28 * a ^ 2 + 1 := by
  -- First, rearrange the inequality to standard quadratic form: 28a² - 10a + 1 ≥ 0
  -- Let's consider the quadratic function f(a) = 28a² - 10a + 1
  -- To show this is always non-negative, we'll check its discriminant
  have key_inequality : 0 ≤ 28 * a ^ 2 - 10 * a + 1 := by
    -- Calculate the discriminant Δ = b² - 4ac where a=28, b=-10, c=1
    -- Here Δ = (-10)² - 4*28*1 = 100 - 112 = -12
    have discriminant : (-10)^2 - 4 * 28 * 1 = -12 := by norm_num
    -- Since the leading coefficient (28) is positive and Δ < 0,
    -- the quadratic is always positive
    have main : ∀ x, 0 ≤ 28 * x ^ 2 - 10 * x + 1 := by
      intro x
      -- The quadratic is always positive because:
      -- 1. The leading coefficient (28) is positive
      have leading_coeff_pos : 0 < 28 := by norm_num
      -- 2. The discriminant is negative
      have discr_neg : (-10)^2 - 4 * 28 * 1 < 0 := by norm_num
      -- Therefore the quadratic is always above the x-axis
2025-04-13 10:30:44 - INFO - Error line:       exact Quadratic.nonneg_of_discrim_neg leading_coeff_pos discr_neg x
2025-04-13 10:30:44 - INFO - After part: exact main a
  -- Now transform this back to our original inequality
  -- Starting from 28a² - 10a + 1 ≥ 0
  -- Add 10a to both sides: 28a² + 1 ≥ 10a
  -- Which is equivalent to our goal
  linarith [key_inequality]
2025-04-13 10:30:44 - INFO - ==================================================

2025-04-13 10:30:45 - INFO - Testing fragment: rw [justaplaceholder]
2025-04-13 10:30:45 - INFO - Original error line:       exact Quadratic.nonneg_of_discrim_neg leading_coeff_pos discr_neg x
2025-04-13 10:30:47 - INFO - Testing fix: Original errors: 2, Fixed errors: 3
2025-04-13 10:30:47 - INFO - Result: False (introduced 2 new errors)
2025-04-13 10:30:47 - DEBUG - === New errors detail ===
2025-04-13 10:30:47 - DEBUG - New Error 1: line 20, type: unknown_identifier, message: unknown identifier 'justaplaceholder'
2025-04-13 10:30:47 - DEBUG - New Error 2: line 20, type: rewrite_failed, message: tactic 'rewrite' failed, equality or iff proof expected
  ?m.15827
a : ℝ
discriminant : (-10) ^ 2 - 4 * 28 * 1 = -12
x : ℕ
leading_coeff_pos : 0 < 28
discr_neg : (-10) ^ 2 - 4 * 28 * 1 < 0
⊢ 0 ≤ 28 * x ^ 2 - 10 * x + 1
2025-04-13 10:30:47 - INFO - Testing fragment: rw [<- justaplaceholder]
2025-04-13 10:30:47 - INFO - Original error line:       exact Quadratic.nonneg_of_discrim_neg leading_coeff_pos discr_neg x
2025-04-13 10:30:49 - INFO - Testing fix: Original errors: 2, Fixed errors: 3
2025-04-13 10:30:49 - INFO - Result: False (introduced 2 new errors)
2025-04-13 10:30:49 - DEBUG - === New errors detail ===
2025-04-13 10:30:49 - DEBUG - New Error 1: line 20, type: unknown_identifier, message: unknown identifier 'justaplaceholder'
2025-04-13 10:30:49 - DEBUG - New Error 2: line 20, type: rewrite_failed, message: tactic 'rewrite' failed, equality or iff proof expected
  ?m.15827
a : ℝ
discriminant : (-10) ^ 2 - 4 * 28 * 1 = -12
x : ℕ
leading_coeff_pos : 0 < 28
discr_neg : (-10) ^ 2 - 4 * 28 * 1 < 0
⊢ 0 ≤ 28 * x ^ 2 - 10 * x + 1
2025-04-13 10:30:49 - INFO - Testing fragment: simp
2025-04-13 10:30:49 - INFO - Original error line:       exact Quadratic.nonneg_of_discrim_neg leading_coeff_pos discr_neg x
2025-04-13 10:30:51 - INFO - Testing fix: Original errors: 2, Fixed errors: 1
2025-04-13 10:30:51 - INFO - Result: True (target error fixed and no new errors introduced)
2025-04-13 10:30:51 - DEBUG - === Original errors detail ===
2025-04-13 10:30:51 - DEBUG - Error 1: line 20, type: unknown_identifier, message: unknown identifier 'Quadratic.nonneg_of_discrim_neg'
2025-04-13 10:30:51 - DEBUG - Error 2: line 21, type: type_mismatch, message: application type mismatch
  main a
argument
  a
has type
  ℝ : Type
but is expected to have type
  ℕ : Type
2025-04-13 10:30:51 - DEBUG - === Fixed code comparison ===
2025-04-13 10:30:51 - DEBUG - Line 20 changed:
2025-04-13 10:30:51 - DEBUG -   Original:       exact Quadratic.nonneg_of_discrim_neg leading_coeff_pos discr_neg x
2025-04-13 10:30:51 - DEBUG -   Fixed:          simp
2025-04-13 10:30:51 - INFO - Found effective solution: simp
2025-04-13 10:30:51 - INFO - 
==================================================
2025-04-13 10:30:51 - INFO - Fixed code:
2025-04-13 10:30:51 - INFO - /-- For any real number a, show that $10a \leq 28a^2 + 1$.-/
theorem algebra_binomnegdiscrineq_10alt28asqp1 (a : ℝ) : 10 * a ≤ 28 * a ^ 2 + 1 := by
  -- First, rearrange the inequality to standard quadratic form: 28a² - 10a + 1 ≥ 0
  -- Let's consider the quadratic function f(a) = 28a² - 10a + 1
  -- To show this is always non-negative, we'll check its discriminant
  have key_inequality : 0 ≤ 28 * a ^ 2 - 10 * a + 1 := by
    -- Calculate the discriminant Δ = b² - 4ac where a=28, b=-10, c=1
    -- Here Δ = (-10)² - 4*28*1 = 100 - 112 = -12
    have discriminant : (-10)^2 - 4 * 28 * 1 = -12 := by norm_num
    -- Since the leading coefficient (28) is positive and Δ < 0,
    -- the quadratic is always positive
    have main : ∀ x, 0 ≤ 28 * x ^ 2 - 10 * x + 1 := by
      intro x
      -- The quadratic is always positive because:
      -- 1. The leading coefficient (28) is positive
      have leading_coeff_pos : 0 < 28 := by norm_num
      -- 2. The discriminant is negative
      have discr_neg : (-10)^2 - 4 * 28 * 1 < 0 := by norm_num
      -- Therefore the quadratic is always above the x-axis
      simp
    exact main a
  -- Now transform this back to our original inequality
  -- Starting from 28a² - 10a + 1 ≥ 0
  -- Add 10a to both sides: 28a² + 1 ≥ 10a
  -- Which is equivalent to our goal
  linarith [key_inequality]
2025-04-13 10:30:51 - INFO - ==================================================
2025-04-13 10:30:53 - INFO - Original code error count: 2
2025-04-13 10:30:53 - INFO - Fixed code error count: 1
2025-04-13 10:30:53 - INFO - Result: True (target error fixed and no new errors introduced)
2025-04-13 10:30:53 - DEBUG - === Original errors detail ===
2025-04-13 10:30:53 - DEBUG - Error 1: line 20, type: unknown_identifier, message: unknown identifier 'Quadratic.nonneg_of_discrim_neg'
2025-04-13 10:30:53 - DEBUG - Error 2: line 21, type: type_mismatch, message: application type mismatch
  main a
argument
  a
has type
  ℝ : Type
but is expected to have type
  ℕ : Type
2025-04-13 10:30:53 - DEBUG - === Fixed code comparison ===
2025-04-13 10:30:53 - DEBUG - Line 20 changed:
2025-04-13 10:30:53 - DEBUG -   Original:       exact Quadratic.nonneg_of_discrim_neg leading_coeff_pos discr_neg x
2025-04-13 10:30:53 - DEBUG -   Fixed:          simp
2025-04-13 10:30:53 - INFO - 
==================================================
2025-04-13 10:30:53 - INFO - Synthesis successful
2025-04-13 10:30:53 - INFO - ==================================================
2025-04-13 10:30:53 - INFO - Fix time: 10.02 seconds
2025-04-13 10:30:53 - INFO - ✅ Fixed error at line 20
2025-04-13 10:30:53 - INFO - 
Trying to fix error 2/2: line 21, type: type_mismatch
2025-04-13 10:30:53 - INFO - Error message: application type mismatch
  main a
argument
  a
has type
  ℝ : Type
but is expected to have type
  ℕ...
2025-04-13 10:30:53 - INFO - Removed header content, remaining 26 lines of code
2025-04-13 10:30:53 - INFO - Using specified target error line: 21
2025-04-13 10:30:54 - INFO - Found error at specified line: application type mismatch
  main a
argument
  a
has type
  ℝ : Type
but is expected to have type
  ℕ : Type
2025-04-13 10:30:54 - INFO - Error at line 21: application type mismatch
  main a
argument
  a
has type
  ℝ : Type
but is expected to have type
  ℕ : Type
2025-04-13 10:30:54 - INFO - 
==================================================
2025-04-13 10:30:54 - INFO - Code prepared, starting synthesis
2025-04-13 10:30:54 - INFO - Before part: /-- For any real number a, show that $10a \leq 28a^2 + 1$.-/
theorem algebra_binomnegdiscrineq_10alt28asqp1 (a : ℝ) : 10 * a ≤ 28 * a ^ 2 + 1 := by
  -- First, rearrange the inequality to standard quadratic form: 28a² - 10a + 1 ≥ 0
  -- Let's consider the quadratic function f(a) = 28a² - 10a + 1
  -- To show this is always non-negative, we'll check its discriminant
  have key_inequality : 0 ≤ 28 * a ^ 2 - 10 * a + 1 := by
    -- Calculate the discriminant Δ = b² - 4ac where a=28, b=-10, c=1
    -- Here Δ = (-10)² - 4*28*1 = 100 - 112 = -12
    have discriminant : (-10)^2 - 4 * 28 * 1 = -12 := by norm_num
    -- Since the leading coefficient (28) is positive and Δ < 0,
    -- the quadratic is always positive
    have main : ∀ x, 0 ≤ 28 * x ^ 2 - 10 * x + 1 := by
      intro x
      -- The quadratic is always positive because:
      -- 1. The leading coefficient (28) is positive
      have leading_coeff_pos : 0 < 28 := by norm_num
      -- 2. The discriminant is negative
      have discr_neg : (-10)^2 - 4 * 28 * 1 < 0 := by norm_num
      -- Therefore the quadratic is always above the x-axis
      simp
2025-04-13 10:30:54 - INFO - Error line:     exact main a
2025-04-13 10:30:54 - INFO - After part: -- Now transform this back to our original inequality
  -- Starting from 28a² - 10a + 1 ≥ 0
  -- Add 10a to both sides: 28a² + 1 ≥ 10a
  -- Which is equivalent to our goal
  linarith [key_inequality]
2025-04-13 10:30:54 - INFO - ==================================================

2025-04-13 10:30:55 - INFO - Testing fragment: rw [justaplaceholder]
2025-04-13 10:30:55 - INFO - Original error line:     exact main a
2025-04-13 10:30:57 - INFO - Testing fix: Original errors: 1, Fixed errors: 2
2025-04-13 10:30:57 - INFO - Result: False (introduced 2 new errors)
2025-04-13 10:30:57 - DEBUG - === New errors detail ===
2025-04-13 10:30:57 - DEBUG - New Error 1: line 21, type: unknown_identifier, message: unknown identifier 'justaplaceholder'
2025-04-13 10:30:57 - DEBUG - New Error 2: line 21, type: rewrite_failed, message: tactic 'rewrite' failed, equality or iff proof expected
  ?m.29002
a : ℝ
discriminant : (-10) ^ 2 - 4 * 28 * 1 = -12
main : ∀ (x : ℕ), 0 ≤ 28 * x ^ 2 - 10 * x + 1
⊢ 0 ≤ 28 * a ^ 2 - 10 * a + 1
2025-04-13 10:30:57 - INFO - Testing fragment: rw [<- justaplaceholder]
2025-04-13 10:30:57 - INFO - Original error line:     exact main a
2025-04-13 10:30:59 - INFO - Testing fix: Original errors: 1, Fixed errors: 2
2025-04-13 10:30:59 - INFO - Result: False (introduced 2 new errors)
2025-04-13 10:30:59 - DEBUG - === New errors detail ===
2025-04-13 10:30:59 - DEBUG - New Error 1: line 21, type: unknown_identifier, message: unknown identifier 'justaplaceholder'
2025-04-13 10:30:59 - DEBUG - New Error 2: line 21, type: rewrite_failed, message: tactic 'rewrite' failed, equality or iff proof expected
  ?m.29002
a : ℝ
discriminant : (-10) ^ 2 - 4 * 28 * 1 = -12
main : ∀ (x : ℕ), 0 ≤ 28 * x ^ 2 - 10 * x + 1
⊢ 0 ≤ 28 * a ^ 2 - 10 * a + 1
2025-04-13 10:30:59 - INFO - Testing fragment: simp
2025-04-13 10:30:59 - INFO - Original error line:     exact main a
2025-04-13 10:31:01 - INFO - Testing fix: Original errors: 1, Fixed errors: 1
2025-04-13 10:31:01 - INFO - Result: False (introduced 1 new errors)
2025-04-13 10:31:01 - DEBUG - === New errors detail ===
2025-04-13 10:31:01 - DEBUG - New Error 1: line 6, type: other_error, message: unsolved goals
a : ℝ
discriminant : (-10) ^ 2 - 4 * 28 * 1 = -12
main : ∀ (x : ℕ), 0 ≤ 28 * x ^ 2 - 10 * x + 1
⊢ 0 ≤ 28 * a ^ 2 - 10 * a + 1
2025-04-13 10:31:01 - INFO - Testing fragment: field_simp
2025-04-13 10:31:01 - INFO - Original error line:     exact main a
2025-04-13 10:31:03 - INFO - Testing fix: Original errors: 1, Fixed errors: 1
2025-04-13 10:31:03 - INFO - Result: False (introduced 1 new errors)
2025-04-13 10:31:03 - DEBUG - === New errors detail ===
2025-04-13 10:31:03 - DEBUG - New Error 1: line 6, type: other_error, message: unsolved goals
a : ℝ
discriminant : (-10) ^ 2 - 4 * 28 * 1 = -12
main : ∀ (x : ℕ), 0 ≤ 28 * x ^ 2 - 10 * x + 1
⊢ 0 ≤ 28 * a ^ 2 - 10 * a + 1
2025-04-13 10:31:03 - INFO - Testing fragment: norm_num
2025-04-13 10:31:03 - INFO - Original error line:     exact main a
2025-04-13 10:31:05 - INFO - Testing fix: Original errors: 1, Fixed errors: 1
2025-04-13 10:31:05 - INFO - Result: False (introduced 1 new errors)
2025-04-13 10:31:05 - DEBUG - === New errors detail ===
2025-04-13 10:31:05 - DEBUG - New Error 1: line 6, type: other_error, message: unsolved goals
a : ℝ
discriminant : (-10) ^ 2 - 4 * 28 * 1 = -12
main : ∀ (x : ℕ), 0 ≤ 28 * x ^ 2 - 10 * x + 1
⊢ 0 ≤ 28 * a ^ 2 - 10 * a + 1
2025-04-13 10:31:05 - INFO - Testing fragment: ring
2025-04-13 10:31:05 - INFO - Original error line:     exact main a
2025-04-13 10:31:07 - INFO - Testing fix: Original errors: 1, Fixed errors: 2
2025-04-13 10:31:07 - INFO - Result: False (introduced 2 new errors)
2025-04-13 10:31:07 - DEBUG - === New errors detail ===
2025-04-13 10:31:07 - DEBUG - New Error 1: line 21, type: ring_failed, message: Try this: ring_nf
2025-04-13 10:31:07 - DEBUG - New Error 2: line 6, type: other_error, message: unsolved goals
a : ℝ
discriminant : (-10) ^ 2 - 4 * 28 * 1 = -12
main : ∀ (x : ℕ), 0 ≤ 28 * x ^ 2 - 10 * x + 1
⊢ 0 ≤ 1 - a * 10 + a ^ 2 * 28
2025-04-13 10:31:07 - INFO - Testing fragment: ring_nf
2025-04-13 10:31:07 - INFO - Original error line:     exact main a
2025-04-13 10:31:09 - INFO - Testing fix: Original errors: 1, Fixed errors: 1
2025-04-13 10:31:09 - INFO - Result: False (introduced 1 new errors)
2025-04-13 10:31:09 - DEBUG - === New errors detail ===
2025-04-13 10:31:09 - DEBUG - New Error 1: line 6, type: other_error, message: unsolved goals
a : ℝ
discriminant : (-10) ^ 2 - 4 * 28 * 1 = -12
main : ∀ (x : ℕ), 0 ≤ 28 * x ^ 2 - 10 * x + 1
⊢ 0 ≤ 1 - a * 10 + a ^ 2 * 28
2025-04-13 10:31:09 - INFO - Testing fragment: omega
2025-04-13 10:31:09 - INFO - Original error line:     exact main a
2025-04-13 10:31:11 - INFO - Testing fix: Original errors: 1, Fixed errors: 1
2025-04-13 10:31:11 - INFO - Result: False (introduced 1 new errors)
2025-04-13 10:31:11 - DEBUG - === New errors detail ===
2025-04-13 10:31:11 - DEBUG - New Error 1: line 21, type: other_error, message: omega could not prove the goal:
No usable constraints found. You may need to unfold definitions so `omega` can see linear arithmetic facts about `Nat` and `Int`, which may also involve multiplication, division, and modular remainder by constants.
2025-04-13 10:31:11 - INFO - Testing fragment: linarith
2025-04-13 10:31:11 - INFO - Original error line:     exact main a
2025-04-13 10:31:13 - INFO - Testing fix: Original errors: 1, Fixed errors: 1
2025-04-13 10:31:13 - INFO - Result: False (introduced 1 new errors)
2025-04-13 10:31:13 - DEBUG - === New errors detail ===
2025-04-13 10:31:13 - DEBUG - New Error 1: line 21, type: linarith_failed, message: linarith failed to find a contradiction
case a
a : ℝ
discriminant : (-10) ^ 2 - 4 * 28 * 1 = -12
main : ∀ (x : ℕ), 0 ≤ 28 * x ^ 2 - 10 * x + 1
a✝ : 0 > 28 * a ^ 2 - 10 * a + 1
⊢ False
failed
2025-04-13 10:31:13 - INFO - Testing fragment: nlinarith
2025-04-13 10:31:13 - INFO - Original error line:     exact main a
2025-04-13 10:31:15 - INFO - Testing fix: Original errors: 1, Fixed errors: 1
2025-04-13 10:31:15 - INFO - Result: False (introduced 1 new errors)
2025-04-13 10:31:15 - DEBUG - === New errors detail ===
2025-04-13 10:31:15 - DEBUG - New Error 1: line 21, type: linarith_failed, message: linarith failed to find a contradiction
case a
a : ℝ
discriminant : (-10) ^ 2 - 4 * 28 * 1 = -12
main : ∀ (x : ℕ), 0 ≤ 28 * x ^ 2 - 10 * x + 1
a✝ : 0 > 28 * a ^ 2 - 10 * a + 1
⊢ False
failed
2025-04-13 10:31:15 - INFO - Failed attempt time: 22.04 seconds
2025-04-13 10:31:15 - INFO - ❌ Could not generate fix for error at line 21
2025-04-13 10:31:16 - INFO - 
===== Fix attempt completed =====
2025-04-13 10:31:16 - INFO - Original errors: 2
2025-04-13 10:31:16 - INFO - Fixed errors: 1
2025-04-13 10:31:16 - INFO - Failed errors: 1
2025-04-13 10:31:16 - INFO - Remaining errors: 1
2025-04-13 10:31:16 - INFO - Total time: 34.07 seconds
2025-04-13 10:31:16 - INFO - 
Final fixed code:
2025-04-13 10:31:16 - INFO - ----------------------------------------
2025-04-13 10:31:16 - INFO - /-- For any real number a, show that $10a \leq 28a^2 + 1$.-/
theorem algebra_binomnegdiscrineq_10alt28asqp1 (a : ℝ) : 10 * a ≤ 28 * a ^ 2 + 1 := by
  -- First, rearrange the inequality to standard quadratic form: 28a² - 10a + 1 ≥ 0
  -- Let's consider the quadratic function f(a) = 28a² - 10a + 1
  -- To show this is always non-negative, we'll check its discriminant
  have key_inequality : 0 ≤ 28 * a ^ 2 - 10 * a + 1 := by
    -- Calculate the discriminant Δ = b² - 4ac where a=28, b=-10, c=1
    -- Here Δ = (-10)² - 4*28*1 = 100 - 112 = -12
    have discriminant : (-10)^2 - 4 * 28 * 1 = -12 := by norm_num
    -- Since the leading coefficient (28) is positive and Δ < 0,
    -- the quadratic is always positive
    have main : ∀ x, 0 ≤ 28 * x ^ 2 - 10 * x + 1 := by
      intro x
      -- The quadratic is always positive because:
      -- 1. The leading coefficient (28) is positive
      have leading_coeff_pos : 0 < 28 := by norm_num
      -- 2. The discriminant is negative
      have discr_neg : (-10)^2 - 4 * 28 * 1 < 0 := by norm_num
      -- Therefore the quadratic is always above the x-axis
      simp
    exact main a
  -- Now transform this back to our original inequality
  -- Starting from 28a² - 10a + 1 ≥ 0
  -- Add 10a to both sides: 28a² + 1 ≥ 10a
  -- Which is equivalent to our goal
  linarith [key_inequality]
2025-04-13 10:31:16 - INFO - ----------------------------------------
2025-04-13 10:31:16 - INFO - 
Detailed error repair report:
2025-04-13 10:31:16 - INFO - Original code error count: 2
✅ Fixed error 1/2: Successfully fixed error at line 20 «unknown_identifier» (in 10.02s)
❌ Fixed error 2/2: Could not generate fix for error at line 21 «type_mismatch» (after 22.04s)

=== Fix statistics ===
Original error count: 2
Fixed errors: 1 (Fix rate: 0.5000)
Failed errors: 1
Remaining errors: 1
Total time: 34.07 seconds

=== Successful fix details ===

Fix 1:
   Line: 20
   Error type: unknown_identifier
   Original error message: unknown identifier 'Quadratic.nonneg_of_discrim_neg'...
   Fix snippet: simp
   Fixed line:       simp
   Time: 10.02 seconds

=== Failed fix details ===

Failed fix 1:
   Line: 21
   Error type: type_mismatch
   Original error message: application type mismatch
  main a
argument
  a
has type
  ℝ : Type
but is expected to have type
  ℕ...
   Failure reason: Could not generate fix
   Time: 22.04 seconds
2025-04-13 10:31:16 - INFO - 
Fixed code saved to: /data/coding/minif2f/lean_fixed/111_fixed.lean
2025-04-13 10:31:16 - INFO - JSON log saved to: /data/coding/minif2f/lean_fixed/111_fix_log.json
2025-04-13 10:31:16 - INFO - 
===== LOG FILE LOCATION =====
2025-04-13 10:31:16 - INFO - Detailed log file is available at: /data/coding/minif2f/lean_fixed/111.log
2025-04-13 10:31:16 - INFO - ===============================
