2025-04-13 09:56:26 - INFO - Log file initialized at 2025-04-13T09:56:26.392930
2025-04-13 09:56:26 - INFO - ===== LOG FILE LOCATION =====
2025-04-13 09:56:26 - INFO - Detailed log file created at: /data/coding/minif2f/lean_fixed/113.log
2025-04-13 09:56:26 - INFO - ===============================
2025-04-13 09:56:26 - INFO - Original code:
2025-04-13 09:56:26 - INFO - ----------------------------------------
2025-04-13 09:56:26 - INFO - import Mathlib
import Aesop

set_option maxHeartbeats 0  -- Disables heartbeat limit to prevent timeout during computation

open BigOperators Real Nat Topology Rat  -- Opens relevant namespaces for mathematical operations

/-- Which of the following is equal to $1 + \frac {1}{1 + \frac {1}{1 + 1}}$?

$\textbf{(A)}\ \frac {5}{4} \qquad \textbf{(B)}\ \frac {3}{2} \qquad \textbf{(C)}\ \frac {5}{3} \qquad \textbf{(D)}\ 2 \qquad \textbf{(E)}\ 3$ Show that it is \text{C}.-/
theorem amc12a_2009_p2 : 1 + 1 / (1 + 1 / (1 + 1)) = (5 : ℚ) / 3 := by
  -- The goal is to simplify the left-hand side (LHS) expression and show it equals 5/3
  -- We'll proceed step by step, simplifying the nested fractions from the innermost part outward

  -- Step 1: Simplify the innermost denominator (1 + 1) to 2
  have step1 : 1 + 1 = 2 := by norm_num
  -- norm_num is a tactic that proves equalities involving numerical calculations

  -- Step 2: Replace (1 + 1) in the original expression with 2
  rw [step1]
  -- Now the expression becomes: 1 + 1 / (1 + 1 / 2)

  -- Step 3: Simplify the next denominator (1 + 1/2)
  have step2 : 1 + 1 / 2 = 3 / 2 := by
    -- We need to show 1 + 1/2 = 3/2
    -- First convert 1 to rational 1/1
    rw [←Rat.div_one 1]
    -- Now we have 1/1 + 1/2
    -- Find common denominator and add fractions
    rw [Rat.add_def' 1 1 1 2]
    -- Simplify numerator and denominator
    norm_num
    -- This proves 1 + 1/2 = 3/2

  -- Step 4: Replace (1 + 1/2) in the expression with 3/2
  rw [step2]
  -- Now the expression becomes: 1 + 1 / (3/2)

  -- Step 5: Simplify 1 / (3/2) to 2/3 (division by fraction is multiplication by reciprocal)
  have step3 : 1 / (3 / 2) = 2 / 3 := by
    -- Division of fractions is equivalent to multiplying by the reciprocal
    rw [Rat.div_def]
    -- Simplify the multiplication
    norm_num
    -- This proves 1 / (3/2) = 2/3

  -- Step 6: Replace 1 / (3/2) in the expression with 2/3
  rw [step3]
  -- Now the expression becomes: 1 + 2/3

  -- Step 7: Simplify the final addition
  have step4 : 1 + 2 / 3 = 5 / 3 := by
    -- Convert 1 to rational 3/3
    rw [←Rat.div_one 3, ←Rat.div_self (by norm_num : (3 : ℚ) ≠ 0)]
    -- Now we have 3/3 + 2/3
    -- Add fractions with common denominator
    rw [Rat.add_def' 3 2 3 3]
    -- Simplify numerator and denominator
    norm_num
    -- This proves 1 + 2/3 = 5/3

  -- Step 8: Replace 1 + 2/3 with 5/3
  rw [step4]
  -- Now the goal is simply 5/3 = 5/3, which is true by reflexivity

  -- The proof is complete
2025-04-13 09:56:26 - INFO - ----------------------------------------
2025-04-13 09:56:26 - INFO - 
Checking original code for all errors...
2025-04-13 09:59:56 - INFO - Original code contains 1 errors:
2025-04-13 09:59:56 - INFO - Error 1: line 13, type: rewrite_failed, message: tactic 'rewrite' failed, did not find instance of the pattern in the target expression
  1 + 1
step1...
2025-04-13 09:59:56 - INFO - 
Starting multi-error continuous repair process...
2025-04-13 09:59:56 - INFO - 
===== Starting to fix all errors =====
2025-04-13 09:59:57 - INFO - 
Found 1 original errors:
2025-04-13 09:59:57 - INFO - Error 1: line 13, type: rewrite_failed, message: tactic 'rewrite' failed, did not find instance of the pattern in the target expression
  1 + 1
step1...
2025-04-13 09:59:57 - INFO - 
Trying to fix error 1/1: line 13, type: rewrite_failed
2025-04-13 09:59:57 - INFO - Error message: tactic 'rewrite' failed, did not find instance of the pattern in the target expression
  1 + 1
step1...
2025-04-13 09:59:57 - INFO - Removed header content, remaining 59 lines of code
2025-04-13 09:59:57 - INFO - Using specified target error line: 13
2025-04-13 09:59:58 - INFO - Found error at specified line: tactic 'rewrite' failed, did not find instance of the pattern in the target expression
  1 + 1
step1 : 1 + 1 = 2
⊢ 1 + 1 / (1 + 1 / (1 + 1)) = 5 / 3
2025-04-13 09:59:58 - INFO - Error at line 13: tactic 'rewrite' failed, did not find instance of the pattern in the target expression
  1 + 1
step1 : 1 + 1 = 2
⊢ 1 + 1 / (1 + 1 / (1 + 1)) = 5 / 3
2025-04-13 09:59:58 - INFO - 
==================================================
2025-04-13 09:59:58 - INFO - Code prepared, starting synthesis
2025-04-13 09:59:58 - INFO - Before part: /-- Which of the following is equal to $1 + \frac {1}{1 + \frac {1}{1 + 1}}$?

$\textbf{(A)}\ \frac {5}{4} \qquad \textbf{(B)}\ \frac {3}{2} \qquad \textbf{(C)}\ \frac {5}{3} \qquad \textbf{(D)}\ 2 \qquad \textbf{(E)}\ 3$ Show that it is \text{C}.-/
theorem amc12a_2009_p2 : 1 + 1 / (1 + 1 / (1 + 1)) = (5 : ℚ) / 3 := by
  -- The goal is to simplify the left-hand side (LHS) expression and show it equals 5/3
  -- We'll proceed step by step, simplifying the nested fractions from the innermost part outward

  -- Step 1: Simplify the innermost denominator (1 + 1) to 2
  have step1 : 1 + 1 = 2 := by norm_num
  -- norm_num is a tactic that proves equalities involving numerical calculations

  -- Step 2: Replace (1 + 1) in the original expression with 2
2025-04-13 09:59:58 - INFO - Error line:   rw [step1]
2025-04-13 09:59:58 - INFO - After part: -- Now the expression becomes: 1 + 1 / (1 + 1 / 2)

  -- Step 3: Simplify the next denominator (1 + 1/2)
  have step2 : 1 + 1 / 2 = 3 / 2 := by
    -- We need to show 1 + 1/2 = 3/2
    -- First convert 1 to rational 1/1
    rw [←Rat.div_one 1]
    -- Now we have 1/1 + 1/2
    -- Find common denominator and add fractions
    rw [Rat.add_def' 1 1 1 2]
    -- Simplify numerator and denominator
    norm_num
    -- This proves 1 + 1/2 = 3/2

  -- Step 4: Replace (1 + 1/2) in the expression with 3/2
  rw [step2]
  -- Now the expression becomes: 1 + 1 / (3/2)

  -- Step 5: Simplify 1 / (3/2) to 2/3 (division by fraction is multiplication by reciprocal)
  have step3 : 1 / (3 / 2) = 2 / 3 := by
    -- Division of fractions is equivalent to multiplying by the reciprocal
    rw [Rat.div_def]
    -- Simplify the multiplication
    norm_num
    -- This proves 1 / (3/2) = 2/3

  -- Step 6: Replace 1 / (3/2) in the expression with 2/3
  rw [step3]
  -- Now the expression becomes: 1 + 2/3

  -- Step 7: Simplify the final addition
  have step4 : 1 + 2 / 3 = 5 / 3 := by
    -- Convert 1 to rational 3/3
    rw [←Rat.div_one 3, ←Rat.div_self (by norm_num : (3 : ℚ) ≠ 0)]
    -- Now we have 3/3 + 2/3
    -- Add fractions with common denominator
    rw [Rat.add_def' 3 2 3 3]
    -- Simplify numerator and denominator
    norm_num
    -- This proves 1 + 2/3 = 5/3

  -- Step 8: Replace 1 + 2/3 with 5/3
  rw [step4]
  -- Now the goal is simply 5/3 = 5/3, which is true by reflexivity

  -- The proof is complete
2025-04-13 09:59:58 - INFO - ==================================================

2025-04-13 09:59:59 - INFO - Testing fragment: rw [justaplaceholder]
2025-04-13 09:59:59 - INFO - Original error line:   rw [step1]
2025-04-13 10:00:01 - INFO - Testing fix: Original errors: 1, Fixed errors: 2
2025-04-13 10:00:01 - INFO - Result: False (introduced 2 new errors)
2025-04-13 10:00:01 - DEBUG - === New errors detail ===
2025-04-13 10:00:01 - DEBUG - New Error 1: line 13, type: unknown_identifier, message: unknown identifier 'justaplaceholder'
2025-04-13 10:00:01 - DEBUG - New Error 2: line 13, type: rewrite_failed, message: tactic 'rewrite' failed, equality or iff proof expected
  ?m.1117
step1 : 1 + 1 = 2
⊢ 1 + 1 / (1 + 1 / (1 + 1)) = 5 / 3
2025-04-13 10:00:01 - INFO - Testing fragment: rw [<- justaplaceholder]
2025-04-13 10:00:01 - INFO - Original error line:   rw [step1]
2025-04-13 10:00:03 - INFO - Testing fix: Original errors: 1, Fixed errors: 2
2025-04-13 10:00:03 - INFO - Result: False (introduced 2 new errors)
2025-04-13 10:00:03 - DEBUG - === New errors detail ===
2025-04-13 10:00:03 - DEBUG - New Error 1: line 13, type: unknown_identifier, message: unknown identifier 'justaplaceholder'
2025-04-13 10:00:03 - DEBUG - New Error 2: line 13, type: rewrite_failed, message: tactic 'rewrite' failed, equality or iff proof expected
  ?m.1117
step1 : 1 + 1 = 2
⊢ 1 + 1 / (1 + 1 / (1 + 1)) = 5 / 3
2025-04-13 10:00:03 - INFO - Testing fragment: simp
2025-04-13 10:00:03 - INFO - Original error line:   rw [step1]
2025-04-13 10:00:05 - INFO - Testing fix: Original errors: 1, Fixed errors: 3
2025-04-13 10:00:05 - INFO - Result: False (introduced 3 new errors)
2025-04-13 10:00:05 - DEBUG - === New errors detail ===
2025-04-13 10:00:05 - DEBUG - New Error 1: line 20, type: unknown_constant, message: unknown constant 'Rat.div_one'
2025-04-13 10:00:05 - DEBUG - New Error 2: line 20, type: rewrite_failed, message: tactic 'rewrite' failed, equality or iff proof expected
  ?m.3671
step1 : 1 + 1 = 2
⊢ 1 + 1 / 2 = 3 / 2
2025-04-13 10:00:05 - DEBUG - New Error 3: line 29, type: rewrite_failed, message: tactic 'rewrite' failed, did not find instance of the pattern in the target expression
  1 + 1 / 2
step1 : 1 + 1 = 2
step2 : 1 + 1 / 2 = 3 / 2
⊢ 1 + (1 + (1 + 1)⁻¹)⁻¹ = 5 / 3
2025-04-13 10:00:05 - INFO - Testing fragment: field_simp
2025-04-13 10:00:05 - INFO - Original error line:   rw [step1]
2025-04-13 10:00:07 - INFO - Testing fix: Original errors: 1, Fixed errors: 3
2025-04-13 10:00:07 - INFO - Result: False (introduced 3 new errors)
2025-04-13 10:00:07 - DEBUG - === New errors detail ===
2025-04-13 10:00:07 - DEBUG - New Error 1: line 20, type: unknown_constant, message: unknown constant 'Rat.div_one'
2025-04-13 10:00:07 - DEBUG - New Error 2: line 20, type: rewrite_failed, message: tactic 'rewrite' failed, equality or iff proof expected
  ?m.8006
step1 : 1 + 1 = 2
⊢ 1 + 1 / 2 = 3 / 2
2025-04-13 10:00:07 - DEBUG - New Error 3: line 29, type: rewrite_failed, message: tactic 'rewrite' failed, did not find instance of the pattern in the target expression
  1 + 1 / 2
step1 : 1 + 1 = 2
step2 : 1 + 1 / 2 = 3 / 2
⊢ (1 + 1 + 1 + (1 + 1)) * 3 = 5 * (1 + 1 + 1)
2025-04-13 10:00:07 - INFO - Testing fragment: norm_num
2025-04-13 10:00:07 - INFO - Original error line:   rw [step1]
2025-04-13 10:00:09 - INFO - Testing fix: Original errors: 1, Fixed errors: 1
2025-04-13 10:00:09 - INFO - Result: False (introduced 1 new errors)
2025-04-13 10:00:09 - DEBUG - === New errors detail ===
2025-04-13 10:00:09 - DEBUG - New Error 1: line 17, type: no_goals_to_solve, message: no goals to be solved
2025-04-13 10:00:09 - INFO - Testing fragment: ring
2025-04-13 10:00:09 - INFO - Original error line:   rw [step1]
2025-04-13 10:00:11 - INFO - Testing fix: Original errors: 1, Fixed errors: 1
2025-04-13 10:00:11 - INFO - Result: False (introduced 1 new errors)
2025-04-13 10:00:11 - DEBUG - === New errors detail ===
2025-04-13 10:00:11 - DEBUG - New Error 1: line 17, type: no_goals_to_solve, message: no goals to be solved
2025-04-13 10:00:11 - INFO - Testing fragment: ring_nf
2025-04-13 10:00:11 - INFO - Original error line:   rw [step1]
2025-04-13 10:00:13 - INFO - Testing fix: Original errors: 1, Fixed errors: 1
2025-04-13 10:00:13 - INFO - Result: False (introduced 1 new errors)
2025-04-13 10:00:13 - DEBUG - === New errors detail ===
2025-04-13 10:00:13 - DEBUG - New Error 1: line 17, type: no_goals_to_solve, message: no goals to be solved
2025-04-13 10:00:13 - INFO - Testing fragment: omega
2025-04-13 10:00:13 - INFO - Original error line:   rw [step1]
2025-04-13 10:00:15 - INFO - Testing fix: Original errors: 1, Fixed errors: 1
2025-04-13 10:00:15 - INFO - Result: False (introduced 1 new errors)
2025-04-13 10:00:15 - DEBUG - === New errors detail ===
2025-04-13 10:00:15 - DEBUG - New Error 1: line 13, type: other_error, message: omega could not prove the goal:
No usable constraints found. You may need to unfold definitions so `omega` can see linear arithmetic facts about `Nat` and `Int`, which may also involve multiplication, division, and modular remainder by constants.
2025-04-13 10:00:15 - INFO - Testing fragment: linarith
2025-04-13 10:00:15 - INFO - Original error line:   rw [step1]
2025-04-13 10:00:17 - INFO - Testing fix: Original errors: 1, Fixed errors: 1
2025-04-13 10:00:17 - INFO - Result: False (introduced 1 new errors)
2025-04-13 10:00:17 - DEBUG - === New errors detail ===
2025-04-13 10:00:17 - DEBUG - New Error 1: line 13, type: linarith_failed, message: linarith failed to find a contradiction
case h1.h
step1 : 1 + 1 = 2
a✝ : 1 + 1 / (1 + 1 / (1 + 1)) < 5 / 3
⊢ False
failed
2025-04-13 10:00:17 - INFO - Testing fragment: nlinarith
2025-04-13 10:00:17 - INFO - Original error line:   rw [step1]
2025-04-13 10:00:19 - INFO - Testing fix: Original errors: 1, Fixed errors: 1
2025-04-13 10:00:19 - INFO - Result: False (introduced 1 new errors)
2025-04-13 10:00:19 - DEBUG - === New errors detail ===
2025-04-13 10:00:19 - DEBUG - New Error 1: line 13, type: linarith_failed, message: linarith failed to find a contradiction
case h1.h
step1 : 1 + 1 = 2
a✝ : 1 + 1 / (1 + 1 / (1 + 1)) < 5 / 3
⊢ False
failed
2025-04-13 10:00:19 - INFO - Failed attempt time: 22.04 seconds
2025-04-13 10:00:19 - INFO - ❌ Could not generate fix for error at line 13
2025-04-13 10:00:20 - INFO - 
===== Fix attempt completed =====
2025-04-13 10:00:20 - INFO - Original errors: 1
2025-04-13 10:00:20 - INFO - Fixed errors: 0
2025-04-13 10:00:20 - INFO - Failed errors: 1
2025-04-13 10:00:20 - INFO - Remaining errors: 1
2025-04-13 10:00:20 - INFO - Total time: 24.05 seconds
2025-04-13 10:00:20 - INFO - 
Final fixed code:
2025-04-13 10:00:20 - INFO - ----------------------------------------
2025-04-13 10:00:20 - INFO - /-- Which of the following is equal to $1 + \frac {1}{1 + \frac {1}{1 + 1}}$?

$\textbf{(A)}\ \frac {5}{4} \qquad \textbf{(B)}\ \frac {3}{2} \qquad \textbf{(C)}\ \frac {5}{3} \qquad \textbf{(D)}\ 2 \qquad \textbf{(E)}\ 3$ Show that it is \text{C}.-/
theorem amc12a_2009_p2 : 1 + 1 / (1 + 1 / (1 + 1)) = (5 : ℚ) / 3 := by
  -- The goal is to simplify the left-hand side (LHS) expression and show it equals 5/3
  -- We'll proceed step by step, simplifying the nested fractions from the innermost part outward

  -- Step 1: Simplify the innermost denominator (1 + 1) to 2
  have step1 : 1 + 1 = 2 := by norm_num
  -- norm_num is a tactic that proves equalities involving numerical calculations

  -- Step 2: Replace (1 + 1) in the original expression with 2
  rw [step1]
  -- Now the expression becomes: 1 + 1 / (1 + 1 / 2)

  -- Step 3: Simplify the next denominator (1 + 1/2)
  have step2 : 1 + 1 / 2 = 3 / 2 := by
    -- We need to show 1 + 1/2 = 3/2
    -- First convert 1 to rational 1/1
    rw [←Rat.div_one 1]
    -- Now we have 1/1 + 1/2
    -- Find common denominator and add fractions
    rw [Rat.add_def' 1 1 1 2]
    -- Simplify numerator and denominator
    norm_num
    -- This proves 1 + 1/2 = 3/2

  -- Step 4: Replace (1 + 1/2) in the expression with 3/2
  rw [step2]
  -- Now the expression becomes: 1 + 1 / (3/2)

  -- Step 5: Simplify 1 / (3/2) to 2/3 (division by fraction is multiplication by reciprocal)
  have step3 : 1 / (3 / 2) = 2 / 3 := by
    -- Division of fractions is equivalent to multiplying by the reciprocal
    rw [Rat.div_def]
    -- Simplify the multiplication
    norm_num
    -- This proves 1 / (3/2) = 2/3

  -- Step 6: Replace 1 / (3/2) in the expression with 2/3
  rw [step3]
  -- Now the expression becomes: 1 + 2/3

  -- Step 7: Simplify the final addition
  have step4 : 1 + 2 / 3 = 5 / 3 := by
    -- Convert 1 to rational 3/3
    rw [←Rat.div_one 3, ←Rat.div_self (by norm_num : (3 : ℚ) ≠ 0)]
    -- Now we have 3/3 + 2/3
    -- Add fractions with common denominator
    rw [Rat.add_def' 3 2 3 3]
    -- Simplify numerator and denominator
    norm_num
    -- This proves 1 + 2/3 = 5/3

  -- Step 8: Replace 1 + 2/3 with 5/3
  rw [step4]
  -- Now the goal is simply 5/3 = 5/3, which is true by reflexivity

  -- The proof is complete
2025-04-13 10:00:20 - INFO - ----------------------------------------
2025-04-13 10:00:20 - INFO - 
Detailed error repair report:
2025-04-13 10:00:20 - INFO - Original code error count: 1
❌ Fixed error 1/1: Could not generate fix for error at line 13 «rewrite_failed» (after 22.04s)

=== Fix statistics ===
Original error count: 1
Fixed errors: 0 (Fix rate: 0.0000)
Failed errors: 1
Remaining errors: 1
Total time: 24.05 seconds

=== Failed fix details ===

Failed fix 1:
   Line: 13
   Error type: rewrite_failed
   Original error message: tactic 'rewrite' failed, did not find instance of the pattern in the target expression
  1 + 1
step1...
   Failure reason: Could not generate fix
   Time: 22.04 seconds
2025-04-13 10:00:20 - INFO - 
Fixed code saved to: /data/coding/minif2f/lean_fixed/113_fixed.lean
2025-04-13 10:00:20 - INFO - JSON log saved to: /data/coding/minif2f/lean_fixed/113_fix_log.json
2025-04-13 10:00:20 - INFO - 
===== LOG FILE LOCATION =====
2025-04-13 10:00:20 - INFO - Detailed log file is available at: /data/coding/minif2f/lean_fixed/113.log
2025-04-13 10:00:20 - INFO - ===============================
2025-04-13 10:13:13 - INFO - Log file initialized at 2025-04-13T10:13:13.976978
2025-04-13 10:13:13 - INFO - ===== LOG FILE LOCATION =====
2025-04-13 10:13:13 - INFO - Detailed log file created at: /data/coding/minif2f/lean_fixed/113.log
2025-04-13 10:13:13 - INFO - ===============================
2025-04-13 10:13:13 - INFO - Original code:
2025-04-13 10:13:13 - INFO - ----------------------------------------
2025-04-13 10:13:13 - INFO - import Mathlib
import Aesop

set_option maxHeartbeats 0  -- Disables heartbeat limit to prevent timeout during computation

open BigOperators Real Nat Topology Rat  -- Opens relevant namespaces for mathematical operations

/-- Which of the following is equal to $1 + \frac {1}{1 + \frac {1}{1 + 1}}$?

$\textbf{(A)}\ \frac {5}{4} \qquad \textbf{(B)}\ \frac {3}{2} \qquad \textbf{(C)}\ \frac {5}{3} \qquad \textbf{(D)}\ 2 \qquad \textbf{(E)}\ 3$ Show that it is \text{C}.-/
theorem amc12a_2009_p2 : 1 + 1 / (1 + 1 / (1 + 1)) = (5 : ℚ) / 3 := by
  -- The goal is to simplify the left-hand side (LHS) expression and show it equals 5/3
  -- We'll proceed step by step, simplifying the nested fractions from the innermost part outward

  -- Step 1: Simplify the innermost denominator (1 + 1) to 2
  have step1 : 1 + 1 = 2 := by norm_num
  -- norm_num is a tactic that proves equalities involving numerical calculations

  -- Step 2: Replace (1 + 1) in the original expression with 2
  rw [step1]
  -- Now the expression becomes: 1 + 1 / (1 + 1 / 2)

  -- Step 3: Simplify the next denominator (1 + 1/2)
  have step2 : 1 + 1 / 2 = 3 / 2 := by
    -- We need to show 1 + 1/2 = 3/2
    -- First convert 1 to rational 1/1
    rw [←Rat.div_one 1]
    -- Now we have 1/1 + 1/2
    -- Find common denominator and add fractions
    rw [Rat.add_def' 1 1 1 2]
    -- Simplify numerator and denominator
    norm_num
    -- This proves 1 + 1/2 = 3/2

  -- Step 4: Replace (1 + 1/2) in the expression with 3/2
  rw [step2]
  -- Now the expression becomes: 1 + 1 / (3/2)

  -- Step 5: Simplify 1 / (3/2) to 2/3 (division by fraction is multiplication by reciprocal)
  have step3 : 1 / (3 / 2) = 2 / 3 := by
    -- Division of fractions is equivalent to multiplying by the reciprocal
    rw [Rat.div_def]
    -- Simplify the multiplication
    norm_num
    -- This proves 1 / (3/2) = 2/3

  -- Step 6: Replace 1 / (3/2) in the expression with 2/3
  rw [step3]
  -- Now the expression becomes: 1 + 2/3

  -- Step 7: Simplify the final addition
  have step4 : 1 + 2 / 3 = 5 / 3 := by
    -- Convert 1 to rational 3/3
    rw [←Rat.div_one 3, ←Rat.div_self (by norm_num : (3 : ℚ) ≠ 0)]
    -- Now we have 3/3 + 2/3
    -- Add fractions with common denominator
    rw [Rat.add_def' 3 2 3 3]
    -- Simplify numerator and denominator
    norm_num
    -- This proves 1 + 2/3 = 5/3

  -- Step 8: Replace 1 + 2/3 with 5/3
  rw [step4]
  -- Now the goal is simply 5/3 = 5/3, which is true by reflexivity

  -- The proof is complete
2025-04-13 10:13:13 - INFO - ----------------------------------------
2025-04-13 10:13:13 - INFO - 
Checking original code for all errors...
2025-04-13 10:16:31 - INFO - Original code contains 1 errors:
2025-04-13 10:16:31 - INFO - Error 1: line 13, type: rewrite_failed, message: tactic 'rewrite' failed, did not find instance of the pattern in the target expression
  1 + 1
step1...
2025-04-13 10:16:31 - INFO - 
Starting multi-error continuous repair process...
2025-04-13 10:16:31 - INFO - 
===== Starting to fix all errors =====
2025-04-13 10:16:32 - INFO - 
Found 1 original errors:
2025-04-13 10:16:32 - INFO - Error 1: line 13, type: rewrite_failed, message: tactic 'rewrite' failed, did not find instance of the pattern in the target expression
  1 + 1
step1...
2025-04-13 10:16:32 - INFO - 
Trying to fix error 1/1: line 13, type: rewrite_failed
2025-04-13 10:16:32 - INFO - Error message: tactic 'rewrite' failed, did not find instance of the pattern in the target expression
  1 + 1
step1...
2025-04-13 10:16:32 - INFO - Removed header content, remaining 59 lines of code
2025-04-13 10:16:32 - INFO - Using specified target error line: 13
2025-04-13 10:16:33 - INFO - Found error at specified line: tactic 'rewrite' failed, did not find instance of the pattern in the target expression
  1 + 1
step1 : 1 + 1 = 2
⊢ 1 + 1 / (1 + 1 / (1 + 1)) = 5 / 3
2025-04-13 10:16:33 - INFO - Error at line 13: tactic 'rewrite' failed, did not find instance of the pattern in the target expression
  1 + 1
step1 : 1 + 1 = 2
⊢ 1 + 1 / (1 + 1 / (1 + 1)) = 5 / 3
2025-04-13 10:16:33 - INFO - 
==================================================
2025-04-13 10:16:33 - INFO - Code prepared, starting synthesis
2025-04-13 10:16:33 - INFO - Before part: /-- Which of the following is equal to $1 + \frac {1}{1 + \frac {1}{1 + 1}}$?

$\textbf{(A)}\ \frac {5}{4} \qquad \textbf{(B)}\ \frac {3}{2} \qquad \textbf{(C)}\ \frac {5}{3} \qquad \textbf{(D)}\ 2 \qquad \textbf{(E)}\ 3$ Show that it is \text{C}.-/
theorem amc12a_2009_p2 : 1 + 1 / (1 + 1 / (1 + 1)) = (5 : ℚ) / 3 := by
  -- The goal is to simplify the left-hand side (LHS) expression and show it equals 5/3
  -- We'll proceed step by step, simplifying the nested fractions from the innermost part outward

  -- Step 1: Simplify the innermost denominator (1 + 1) to 2
  have step1 : 1 + 1 = 2 := by norm_num
  -- norm_num is a tactic that proves equalities involving numerical calculations

  -- Step 2: Replace (1 + 1) in the original expression with 2
2025-04-13 10:16:33 - INFO - Error line:   rw [step1]
2025-04-13 10:16:33 - INFO - After part: -- Now the expression becomes: 1 + 1 / (1 + 1 / 2)

  -- Step 3: Simplify the next denominator (1 + 1/2)
  have step2 : 1 + 1 / 2 = 3 / 2 := by
    -- We need to show 1 + 1/2 = 3/2
    -- First convert 1 to rational 1/1
    rw [←Rat.div_one 1]
    -- Now we have 1/1 + 1/2
    -- Find common denominator and add fractions
    rw [Rat.add_def' 1 1 1 2]
    -- Simplify numerator and denominator
    norm_num
    -- This proves 1 + 1/2 = 3/2

  -- Step 4: Replace (1 + 1/2) in the expression with 3/2
  rw [step2]
  -- Now the expression becomes: 1 + 1 / (3/2)

  -- Step 5: Simplify 1 / (3/2) to 2/3 (division by fraction is multiplication by reciprocal)
  have step3 : 1 / (3 / 2) = 2 / 3 := by
    -- Division of fractions is equivalent to multiplying by the reciprocal
    rw [Rat.div_def]
    -- Simplify the multiplication
    norm_num
    -- This proves 1 / (3/2) = 2/3

  -- Step 6: Replace 1 / (3/2) in the expression with 2/3
  rw [step3]
  -- Now the expression becomes: 1 + 2/3

  -- Step 7: Simplify the final addition
  have step4 : 1 + 2 / 3 = 5 / 3 := by
    -- Convert 1 to rational 3/3
    rw [←Rat.div_one 3, ←Rat.div_self (by norm_num : (3 : ℚ) ≠ 0)]
    -- Now we have 3/3 + 2/3
    -- Add fractions with common denominator
    rw [Rat.add_def' 3 2 3 3]
    -- Simplify numerator and denominator
    norm_num
    -- This proves 1 + 2/3 = 5/3

  -- Step 8: Replace 1 + 2/3 with 5/3
  rw [step4]
  -- Now the goal is simply 5/3 = 5/3, which is true by reflexivity

  -- The proof is complete
2025-04-13 10:16:33 - INFO - ==================================================

2025-04-13 10:16:34 - INFO - Testing fragment: rw [justaplaceholder]
2025-04-13 10:16:34 - INFO - Original error line:   rw [step1]
2025-04-13 10:16:36 - INFO - Testing fix: Original errors: 1, Fixed errors: 2
2025-04-13 10:16:36 - INFO - Result: False (introduced 2 new errors)
2025-04-13 10:16:36 - DEBUG - === New errors detail ===
2025-04-13 10:16:36 - DEBUG - New Error 1: line 13, type: unknown_identifier, message: unknown identifier 'justaplaceholder'
2025-04-13 10:16:36 - DEBUG - New Error 2: line 13, type: rewrite_failed, message: tactic 'rewrite' failed, equality or iff proof expected
  ?m.1117
step1 : 1 + 1 = 2
⊢ 1 + 1 / (1 + 1 / (1 + 1)) = 5 / 3
2025-04-13 10:16:36 - INFO - Testing fragment: rw [<- justaplaceholder]
2025-04-13 10:16:36 - INFO - Original error line:   rw [step1]
2025-04-13 10:16:38 - INFO - Testing fix: Original errors: 1, Fixed errors: 2
2025-04-13 10:16:38 - INFO - Result: False (introduced 2 new errors)
2025-04-13 10:16:38 - DEBUG - === New errors detail ===
2025-04-13 10:16:38 - DEBUG - New Error 1: line 13, type: unknown_identifier, message: unknown identifier 'justaplaceholder'
2025-04-13 10:16:38 - DEBUG - New Error 2: line 13, type: rewrite_failed, message: tactic 'rewrite' failed, equality or iff proof expected
  ?m.1117
step1 : 1 + 1 = 2
⊢ 1 + 1 / (1 + 1 / (1 + 1)) = 5 / 3
2025-04-13 10:16:38 - INFO - Testing fragment: simp
2025-04-13 10:16:38 - INFO - Original error line:   rw [step1]
2025-04-13 10:16:40 - INFO - Testing fix: Original errors: 1, Fixed errors: 3
2025-04-13 10:16:40 - INFO - Result: False (introduced 3 new errors)
2025-04-13 10:16:40 - DEBUG - === New errors detail ===
2025-04-13 10:16:40 - DEBUG - New Error 1: line 20, type: unknown_constant, message: unknown constant 'Rat.div_one'
2025-04-13 10:16:40 - DEBUG - New Error 2: line 20, type: rewrite_failed, message: tactic 'rewrite' failed, equality or iff proof expected
  ?m.3671
step1 : 1 + 1 = 2
⊢ 1 + 1 / 2 = 3 / 2
2025-04-13 10:16:40 - DEBUG - New Error 3: line 29, type: rewrite_failed, message: tactic 'rewrite' failed, did not find instance of the pattern in the target expression
  1 + 1 / 2
step1 : 1 + 1 = 2
step2 : 1 + 1 / 2 = 3 / 2
⊢ 1 + (1 + (1 + 1)⁻¹)⁻¹ = 5 / 3
2025-04-13 10:16:40 - INFO - Testing fragment: field_simp
2025-04-13 10:16:40 - INFO - Original error line:   rw [step1]
2025-04-13 10:16:42 - INFO - Testing fix: Original errors: 1, Fixed errors: 3
2025-04-13 10:16:42 - INFO - Result: False (introduced 3 new errors)
2025-04-13 10:16:42 - DEBUG - === New errors detail ===
2025-04-13 10:16:42 - DEBUG - New Error 1: line 20, type: unknown_constant, message: unknown constant 'Rat.div_one'
2025-04-13 10:16:42 - DEBUG - New Error 2: line 20, type: rewrite_failed, message: tactic 'rewrite' failed, equality or iff proof expected
  ?m.8006
step1 : 1 + 1 = 2
⊢ 1 + 1 / 2 = 3 / 2
2025-04-13 10:16:42 - DEBUG - New Error 3: line 29, type: rewrite_failed, message: tactic 'rewrite' failed, did not find instance of the pattern in the target expression
  1 + 1 / 2
step1 : 1 + 1 = 2
step2 : 1 + 1 / 2 = 3 / 2
⊢ (1 + 1 + 1 + (1 + 1)) * 3 = 5 * (1 + 1 + 1)
2025-04-13 10:16:42 - INFO - Testing fragment: norm_num
2025-04-13 10:16:42 - INFO - Original error line:   rw [step1]
2025-04-13 10:16:44 - INFO - Testing fix: Original errors: 1, Fixed errors: 1
2025-04-13 10:16:44 - INFO - Result: False (introduced 1 new errors)
2025-04-13 10:16:44 - DEBUG - === New errors detail ===
2025-04-13 10:16:44 - DEBUG - New Error 1: line 17, type: no_goals_to_solve, message: no goals to be solved
2025-04-13 10:16:44 - INFO - Testing fragment: ring
2025-04-13 10:16:44 - INFO - Original error line:   rw [step1]
2025-04-13 10:16:46 - INFO - Testing fix: Original errors: 1, Fixed errors: 1
2025-04-13 10:16:46 - INFO - Result: False (introduced 1 new errors)
2025-04-13 10:16:46 - DEBUG - === New errors detail ===
2025-04-13 10:16:46 - DEBUG - New Error 1: line 17, type: no_goals_to_solve, message: no goals to be solved
2025-04-13 10:16:46 - INFO - Testing fragment: ring_nf
2025-04-13 10:16:46 - INFO - Original error line:   rw [step1]
2025-04-13 10:16:48 - INFO - Testing fix: Original errors: 1, Fixed errors: 1
2025-04-13 10:16:48 - INFO - Result: False (introduced 1 new errors)
2025-04-13 10:16:48 - DEBUG - === New errors detail ===
2025-04-13 10:16:48 - DEBUG - New Error 1: line 17, type: no_goals_to_solve, message: no goals to be solved
2025-04-13 10:16:48 - INFO - Testing fragment: omega
2025-04-13 10:16:48 - INFO - Original error line:   rw [step1]
2025-04-13 10:16:50 - INFO - Testing fix: Original errors: 1, Fixed errors: 1
2025-04-13 10:16:50 - INFO - Result: False (introduced 1 new errors)
2025-04-13 10:16:50 - DEBUG - === New errors detail ===
2025-04-13 10:16:50 - DEBUG - New Error 1: line 13, type: other_error, message: omega could not prove the goal:
No usable constraints found. You may need to unfold definitions so `omega` can see linear arithmetic facts about `Nat` and `Int`, which may also involve multiplication, division, and modular remainder by constants.
2025-04-13 10:16:50 - INFO - Testing fragment: linarith
2025-04-13 10:16:50 - INFO - Original error line:   rw [step1]
2025-04-13 10:16:52 - INFO - Testing fix: Original errors: 1, Fixed errors: 1
2025-04-13 10:16:52 - INFO - Result: False (introduced 1 new errors)
2025-04-13 10:16:52 - DEBUG - === New errors detail ===
2025-04-13 10:16:52 - DEBUG - New Error 1: line 13, type: linarith_failed, message: linarith failed to find a contradiction
case h1.h
step1 : 1 + 1 = 2
a✝ : 1 + 1 / (1 + 1 / (1 + 1)) < 5 / 3
⊢ False
failed
2025-04-13 10:16:52 - INFO - Testing fragment: nlinarith
2025-04-13 10:16:52 - INFO - Original error line:   rw [step1]
2025-04-13 10:16:54 - INFO - Testing fix: Original errors: 1, Fixed errors: 1
2025-04-13 10:16:54 - INFO - Result: False (introduced 1 new errors)
2025-04-13 10:16:54 - DEBUG - === New errors detail ===
2025-04-13 10:16:54 - DEBUG - New Error 1: line 13, type: linarith_failed, message: linarith failed to find a contradiction
case h1.h
step1 : 1 + 1 = 2
a✝ : 1 + 1 / (1 + 1 / (1 + 1)) < 5 / 3
⊢ False
failed
2025-04-13 10:16:54 - INFO - Failed attempt time: 22.04 seconds
2025-04-13 10:16:54 - INFO - ❌ Could not generate fix for error at line 13
2025-04-13 10:16:55 - INFO - 
===== Fix attempt completed =====
2025-04-13 10:16:55 - INFO - Original errors: 1
2025-04-13 10:16:55 - INFO - Fixed errors: 0
2025-04-13 10:16:55 - INFO - Failed errors: 1
2025-04-13 10:16:55 - INFO - Remaining errors: 1
2025-04-13 10:16:55 - INFO - Total time: 24.04 seconds
2025-04-13 10:16:55 - INFO - 
Final fixed code:
2025-04-13 10:16:55 - INFO - ----------------------------------------
2025-04-13 10:16:55 - INFO - /-- Which of the following is equal to $1 + \frac {1}{1 + \frac {1}{1 + 1}}$?

$\textbf{(A)}\ \frac {5}{4} \qquad \textbf{(B)}\ \frac {3}{2} \qquad \textbf{(C)}\ \frac {5}{3} \qquad \textbf{(D)}\ 2 \qquad \textbf{(E)}\ 3$ Show that it is \text{C}.-/
theorem amc12a_2009_p2 : 1 + 1 / (1 + 1 / (1 + 1)) = (5 : ℚ) / 3 := by
  -- The goal is to simplify the left-hand side (LHS) expression and show it equals 5/3
  -- We'll proceed step by step, simplifying the nested fractions from the innermost part outward

  -- Step 1: Simplify the innermost denominator (1 + 1) to 2
  have step1 : 1 + 1 = 2 := by norm_num
  -- norm_num is a tactic that proves equalities involving numerical calculations

  -- Step 2: Replace (1 + 1) in the original expression with 2
  rw [step1]
  -- Now the expression becomes: 1 + 1 / (1 + 1 / 2)

  -- Step 3: Simplify the next denominator (1 + 1/2)
  have step2 : 1 + 1 / 2 = 3 / 2 := by
    -- We need to show 1 + 1/2 = 3/2
    -- First convert 1 to rational 1/1
    rw [←Rat.div_one 1]
    -- Now we have 1/1 + 1/2
    -- Find common denominator and add fractions
    rw [Rat.add_def' 1 1 1 2]
    -- Simplify numerator and denominator
    norm_num
    -- This proves 1 + 1/2 = 3/2

  -- Step 4: Replace (1 + 1/2) in the expression with 3/2
  rw [step2]
  -- Now the expression becomes: 1 + 1 / (3/2)

  -- Step 5: Simplify 1 / (3/2) to 2/3 (division by fraction is multiplication by reciprocal)
  have step3 : 1 / (3 / 2) = 2 / 3 := by
    -- Division of fractions is equivalent to multiplying by the reciprocal
    rw [Rat.div_def]
    -- Simplify the multiplication
    norm_num
    -- This proves 1 / (3/2) = 2/3

  -- Step 6: Replace 1 / (3/2) in the expression with 2/3
  rw [step3]
  -- Now the expression becomes: 1 + 2/3

  -- Step 7: Simplify the final addition
  have step4 : 1 + 2 / 3 = 5 / 3 := by
    -- Convert 1 to rational 3/3
    rw [←Rat.div_one 3, ←Rat.div_self (by norm_num : (3 : ℚ) ≠ 0)]
    -- Now we have 3/3 + 2/3
    -- Add fractions with common denominator
    rw [Rat.add_def' 3 2 3 3]
    -- Simplify numerator and denominator
    norm_num
    -- This proves 1 + 2/3 = 5/3

  -- Step 8: Replace 1 + 2/3 with 5/3
  rw [step4]
  -- Now the goal is simply 5/3 = 5/3, which is true by reflexivity

  -- The proof is complete
2025-04-13 10:16:55 - INFO - ----------------------------------------
2025-04-13 10:16:55 - INFO - 
Detailed error repair report:
2025-04-13 10:16:55 - INFO - Original code error count: 1
❌ Fixed error 1/1: Could not generate fix for error at line 13 «rewrite_failed» (after 22.04s)

=== Fix statistics ===
Original error count: 1
Fixed errors: 0 (Fix rate: 0.0000)
Failed errors: 1
Remaining errors: 1
Total time: 24.04 seconds

=== Failed fix details ===

Failed fix 1:
   Line: 13
   Error type: rewrite_failed
   Original error message: tactic 'rewrite' failed, did not find instance of the pattern in the target expression
  1 + 1
step1...
   Failure reason: Could not generate fix
   Time: 22.04 seconds
2025-04-13 10:16:55 - INFO - 
Fixed code saved to: /data/coding/minif2f/lean_fixed/113_fixed.lean
2025-04-13 10:16:55 - INFO - JSON log saved to: /data/coding/minif2f/lean_fixed/113_fix_log.json
2025-04-13 10:16:55 - INFO - 
===== LOG FILE LOCATION =====
2025-04-13 10:16:55 - INFO - Detailed log file is available at: /data/coding/minif2f/lean_fixed/113.log
2025-04-13 10:16:55 - INFO - ===============================
2025-04-13 10:20:40 - INFO - Log file initialized at 2025-04-13T10:20:40.470810
2025-04-13 10:20:40 - INFO - ===== LOG FILE LOCATION =====
2025-04-13 10:20:40 - INFO - Detailed log file created at: /data/coding/minif2f/lean_fixed/113.log
2025-04-13 10:20:40 - INFO - ===============================
2025-04-13 10:20:40 - INFO - Original code:
2025-04-13 10:20:40 - INFO - ----------------------------------------
2025-04-13 10:20:40 - INFO - import Mathlib
import Aesop

set_option maxHeartbeats 0  -- Disables heartbeat limit to prevent timeout during computation

open BigOperators Real Nat Topology Rat  -- Opens relevant namespaces for mathematical operations

/-- Which of the following is equal to $1 + \frac {1}{1 + \frac {1}{1 + 1}}$?

$\textbf{(A)}\ \frac {5}{4} \qquad \textbf{(B)}\ \frac {3}{2} \qquad \textbf{(C)}\ \frac {5}{3} \qquad \textbf{(D)}\ 2 \qquad \textbf{(E)}\ 3$ Show that it is \text{C}.-/
theorem amc12a_2009_p2 : 1 + 1 / (1 + 1 / (1 + 1)) = (5 : ℚ) / 3 := by
  -- The goal is to simplify the left-hand side (LHS) expression and show it equals 5/3
  -- We'll proceed step by step, simplifying the nested fractions from the innermost part outward

  -- Step 1: Simplify the innermost denominator (1 + 1) to 2
  have step1 : 1 + 1 = 2 := by norm_num
  -- norm_num is a tactic that proves equalities involving numerical calculations

  -- Step 2: Replace (1 + 1) in the original expression with 2
  rw [step1]
  -- Now the expression becomes: 1 + 1 / (1 + 1 / 2)

  -- Step 3: Simplify the next denominator (1 + 1/2)
  have step2 : 1 + 1 / 2 = 3 / 2 := by
    -- We need to show 1 + 1/2 = 3/2
    -- First convert 1 to rational 1/1
    rw [←Rat.div_one 1]
    -- Now we have 1/1 + 1/2
    -- Find common denominator and add fractions
    rw [Rat.add_def' 1 1 1 2]
    -- Simplify numerator and denominator
    norm_num
    -- This proves 1 + 1/2 = 3/2

  -- Step 4: Replace (1 + 1/2) in the expression with 3/2
  rw [step2]
  -- Now the expression becomes: 1 + 1 / (3/2)

  -- Step 5: Simplify 1 / (3/2) to 2/3 (division by fraction is multiplication by reciprocal)
  have step3 : 1 / (3 / 2) = 2 / 3 := by
    -- Division of fractions is equivalent to multiplying by the reciprocal
    rw [Rat.div_def]
    -- Simplify the multiplication
    norm_num
    -- This proves 1 / (3/2) = 2/3

  -- Step 6: Replace 1 / (3/2) in the expression with 2/3
  rw [step3]
  -- Now the expression becomes: 1 + 2/3

  -- Step 7: Simplify the final addition
  have step4 : 1 + 2 / 3 = 5 / 3 := by
    -- Convert 1 to rational 3/3
    rw [←Rat.div_one 3, ←Rat.div_self (by norm_num : (3 : ℚ) ≠ 0)]
    -- Now we have 3/3 + 2/3
    -- Add fractions with common denominator
    rw [Rat.add_def' 3 2 3 3]
    -- Simplify numerator and denominator
    norm_num
    -- This proves 1 + 2/3 = 5/3

  -- Step 8: Replace 1 + 2/3 with 5/3
  rw [step4]
  -- Now the goal is simply 5/3 = 5/3, which is true by reflexivity

  -- The proof is complete
2025-04-13 10:20:40 - INFO - ----------------------------------------
2025-04-13 10:20:40 - INFO - 
Checking original code for all errors...
2025-04-13 10:20:48 - INFO - Original code contains 1 errors:
2025-04-13 10:20:48 - INFO - Error 1: line 13, type: rewrite_failed, message: tactic 'rewrite' failed, did not find instance of the pattern in the target expression
  1 + 1
step1...
2025-04-13 10:20:48 - INFO - 
Starting multi-error continuous repair process...
2025-04-13 10:20:48 - INFO - 
===== Starting to fix all errors =====
2025-04-13 10:20:49 - INFO - 
Found 1 original errors:
2025-04-13 10:20:49 - INFO - Error 1: line 13, type: rewrite_failed, message: tactic 'rewrite' failed, did not find instance of the pattern in the target expression
  1 + 1
step1...
2025-04-13 10:20:49 - INFO - 
Trying to fix error 1/1: line 13, type: rewrite_failed
2025-04-13 10:20:49 - INFO - Error message: tactic 'rewrite' failed, did not find instance of the pattern in the target expression
  1 + 1
step1...
2025-04-13 10:20:49 - INFO - Removed header content, remaining 59 lines of code
2025-04-13 10:20:49 - INFO - Using specified target error line: 13
2025-04-13 10:20:50 - INFO - Found error at specified line: tactic 'rewrite' failed, did not find instance of the pattern in the target expression
  1 + 1
step1 : 1 + 1 = 2
⊢ 1 + 1 / (1 + 1 / (1 + 1)) = 5 / 3
2025-04-13 10:20:50 - INFO - Error at line 13: tactic 'rewrite' failed, did not find instance of the pattern in the target expression
  1 + 1
step1 : 1 + 1 = 2
⊢ 1 + 1 / (1 + 1 / (1 + 1)) = 5 / 3
2025-04-13 10:20:50 - INFO - 
==================================================
2025-04-13 10:20:50 - INFO - Code prepared, starting synthesis
2025-04-13 10:20:50 - INFO - Before part: /-- Which of the following is equal to $1 + \frac {1}{1 + \frac {1}{1 + 1}}$?

$\textbf{(A)}\ \frac {5}{4} \qquad \textbf{(B)}\ \frac {3}{2} \qquad \textbf{(C)}\ \frac {5}{3} \qquad \textbf{(D)}\ 2 \qquad \textbf{(E)}\ 3$ Show that it is \text{C}.-/
theorem amc12a_2009_p2 : 1 + 1 / (1 + 1 / (1 + 1)) = (5 : ℚ) / 3 := by
  -- The goal is to simplify the left-hand side (LHS) expression and show it equals 5/3
  -- We'll proceed step by step, simplifying the nested fractions from the innermost part outward

  -- Step 1: Simplify the innermost denominator (1 + 1) to 2
  have step1 : 1 + 1 = 2 := by norm_num
  -- norm_num is a tactic that proves equalities involving numerical calculations

  -- Step 2: Replace (1 + 1) in the original expression with 2
2025-04-13 10:20:50 - INFO - Error line:   rw [step1]
2025-04-13 10:20:50 - INFO - After part: -- Now the expression becomes: 1 + 1 / (1 + 1 / 2)

  -- Step 3: Simplify the next denominator (1 + 1/2)
  have step2 : 1 + 1 / 2 = 3 / 2 := by
    -- We need to show 1 + 1/2 = 3/2
    -- First convert 1 to rational 1/1
    rw [←Rat.div_one 1]
    -- Now we have 1/1 + 1/2
    -- Find common denominator and add fractions
    rw [Rat.add_def' 1 1 1 2]
    -- Simplify numerator and denominator
    norm_num
    -- This proves 1 + 1/2 = 3/2

  -- Step 4: Replace (1 + 1/2) in the expression with 3/2
  rw [step2]
  -- Now the expression becomes: 1 + 1 / (3/2)

  -- Step 5: Simplify 1 / (3/2) to 2/3 (division by fraction is multiplication by reciprocal)
  have step3 : 1 / (3 / 2) = 2 / 3 := by
    -- Division of fractions is equivalent to multiplying by the reciprocal
    rw [Rat.div_def]
    -- Simplify the multiplication
    norm_num
    -- This proves 1 / (3/2) = 2/3

  -- Step 6: Replace 1 / (3/2) in the expression with 2/3
  rw [step3]
  -- Now the expression becomes: 1 + 2/3

  -- Step 7: Simplify the final addition
  have step4 : 1 + 2 / 3 = 5 / 3 := by
    -- Convert 1 to rational 3/3
    rw [←Rat.div_one 3, ←Rat.div_self (by norm_num : (3 : ℚ) ≠ 0)]
    -- Now we have 3/3 + 2/3
    -- Add fractions with common denominator
    rw [Rat.add_def' 3 2 3 3]
    -- Simplify numerator and denominator
    norm_num
    -- This proves 1 + 2/3 = 5/3

  -- Step 8: Replace 1 + 2/3 with 5/3
  rw [step4]
  -- Now the goal is simply 5/3 = 5/3, which is true by reflexivity

  -- The proof is complete
2025-04-13 10:20:50 - INFO - ==================================================

2025-04-13 10:20:51 - INFO - Testing fragment: rw [justaplaceholder]
2025-04-13 10:20:51 - INFO - Original error line:   rw [step1]
2025-04-13 10:20:53 - INFO - Testing fix: Original errors: 1, Fixed errors: 2
2025-04-13 10:20:53 - INFO - Result: False (introduced 2 new errors)
2025-04-13 10:20:53 - DEBUG - === New errors detail ===
2025-04-13 10:20:53 - DEBUG - New Error 1: line 13, type: unknown_identifier, message: unknown identifier 'justaplaceholder'
2025-04-13 10:20:53 - DEBUG - New Error 2: line 13, type: rewrite_failed, message: tactic 'rewrite' failed, equality or iff proof expected
  ?m.1117
step1 : 1 + 1 = 2
⊢ 1 + 1 / (1 + 1 / (1 + 1)) = 5 / 3
2025-04-13 10:20:53 - INFO - Testing fragment: rw [<- justaplaceholder]
2025-04-13 10:20:53 - INFO - Original error line:   rw [step1]
2025-04-13 10:20:55 - INFO - Testing fix: Original errors: 1, Fixed errors: 2
2025-04-13 10:20:55 - INFO - Result: False (introduced 2 new errors)
2025-04-13 10:20:55 - DEBUG - === New errors detail ===
2025-04-13 10:20:55 - DEBUG - New Error 1: line 13, type: unknown_identifier, message: unknown identifier 'justaplaceholder'
2025-04-13 10:20:55 - DEBUG - New Error 2: line 13, type: rewrite_failed, message: tactic 'rewrite' failed, equality or iff proof expected
  ?m.1117
step1 : 1 + 1 = 2
⊢ 1 + 1 / (1 + 1 / (1 + 1)) = 5 / 3
2025-04-13 10:20:55 - INFO - Testing fragment: simp
2025-04-13 10:20:55 - INFO - Original error line:   rw [step1]
2025-04-13 10:20:57 - INFO - Testing fix: Original errors: 1, Fixed errors: 3
2025-04-13 10:20:57 - INFO - Result: False (introduced 3 new errors)
2025-04-13 10:20:57 - DEBUG - === New errors detail ===
2025-04-13 10:20:57 - DEBUG - New Error 1: line 20, type: unknown_constant, message: unknown constant 'Rat.div_one'
2025-04-13 10:20:57 - DEBUG - New Error 2: line 20, type: rewrite_failed, message: tactic 'rewrite' failed, equality or iff proof expected
  ?m.3671
step1 : 1 + 1 = 2
⊢ 1 + 1 / 2 = 3 / 2
2025-04-13 10:20:57 - DEBUG - New Error 3: line 29, type: rewrite_failed, message: tactic 'rewrite' failed, did not find instance of the pattern in the target expression
  1 + 1 / 2
step1 : 1 + 1 = 2
step2 : 1 + 1 / 2 = 3 / 2
⊢ 1 + (1 + (1 + 1)⁻¹)⁻¹ = 5 / 3
2025-04-13 10:20:57 - INFO - Testing fragment: field_simp
2025-04-13 10:20:57 - INFO - Original error line:   rw [step1]
2025-04-13 10:20:59 - INFO - Testing fix: Original errors: 1, Fixed errors: 3
2025-04-13 10:20:59 - INFO - Result: False (introduced 3 new errors)
2025-04-13 10:20:59 - DEBUG - === New errors detail ===
2025-04-13 10:20:59 - DEBUG - New Error 1: line 20, type: unknown_constant, message: unknown constant 'Rat.div_one'
2025-04-13 10:20:59 - DEBUG - New Error 2: line 20, type: rewrite_failed, message: tactic 'rewrite' failed, equality or iff proof expected
  ?m.8006
step1 : 1 + 1 = 2
⊢ 1 + 1 / 2 = 3 / 2
2025-04-13 10:20:59 - DEBUG - New Error 3: line 29, type: rewrite_failed, message: tactic 'rewrite' failed, did not find instance of the pattern in the target expression
  1 + 1 / 2
step1 : 1 + 1 = 2
step2 : 1 + 1 / 2 = 3 / 2
⊢ (1 + 1 + 1 + (1 + 1)) * 3 = 5 * (1 + 1 + 1)
2025-04-13 10:20:59 - INFO - Testing fragment: norm_num
2025-04-13 10:20:59 - INFO - Original error line:   rw [step1]
2025-04-13 10:21:01 - INFO - Testing fix: Original errors: 1, Fixed errors: 1
2025-04-13 10:21:01 - INFO - Result: False (introduced 1 new errors)
2025-04-13 10:21:01 - DEBUG - === New errors detail ===
2025-04-13 10:21:01 - DEBUG - New Error 1: line 17, type: no_goals_to_solve, message: no goals to be solved
2025-04-13 10:21:01 - INFO - Testing fragment: ring
2025-04-13 10:21:01 - INFO - Original error line:   rw [step1]
2025-04-13 10:21:03 - INFO - Testing fix: Original errors: 1, Fixed errors: 1
2025-04-13 10:21:03 - INFO - Result: False (introduced 1 new errors)
2025-04-13 10:21:03 - DEBUG - === New errors detail ===
2025-04-13 10:21:03 - DEBUG - New Error 1: line 17, type: no_goals_to_solve, message: no goals to be solved
2025-04-13 10:21:03 - INFO - Testing fragment: ring_nf
2025-04-13 10:21:03 - INFO - Original error line:   rw [step1]
2025-04-13 10:21:05 - INFO - Testing fix: Original errors: 1, Fixed errors: 1
2025-04-13 10:21:05 - INFO - Result: False (introduced 1 new errors)
2025-04-13 10:21:05 - DEBUG - === New errors detail ===
2025-04-13 10:21:05 - DEBUG - New Error 1: line 17, type: no_goals_to_solve, message: no goals to be solved
2025-04-13 10:21:05 - INFO - Testing fragment: omega
2025-04-13 10:21:05 - INFO - Original error line:   rw [step1]
2025-04-13 10:21:07 - INFO - Testing fix: Original errors: 1, Fixed errors: 1
2025-04-13 10:21:07 - INFO - Result: False (introduced 1 new errors)
2025-04-13 10:21:07 - DEBUG - === New errors detail ===
2025-04-13 10:21:07 - DEBUG - New Error 1: line 13, type: other_error, message: omega could not prove the goal:
No usable constraints found. You may need to unfold definitions so `omega` can see linear arithmetic facts about `Nat` and `Int`, which may also involve multiplication, division, and modular remainder by constants.
2025-04-13 10:21:07 - INFO - Testing fragment: linarith
2025-04-13 10:21:07 - INFO - Original error line:   rw [step1]
2025-04-13 10:21:09 - INFO - Testing fix: Original errors: 1, Fixed errors: 1
2025-04-13 10:21:09 - INFO - Result: False (introduced 1 new errors)
2025-04-13 10:21:09 - DEBUG - === New errors detail ===
2025-04-13 10:21:09 - DEBUG - New Error 1: line 13, type: linarith_failed, message: linarith failed to find a contradiction
case h1.h
step1 : 1 + 1 = 2
a✝ : 1 + 1 / (1 + 1 / (1 + 1)) < 5 / 3
⊢ False
failed
2025-04-13 10:21:09 - INFO - Testing fragment: nlinarith
2025-04-13 10:21:09 - INFO - Original error line:   rw [step1]
2025-04-13 10:21:11 - INFO - Testing fix: Original errors: 1, Fixed errors: 1
2025-04-13 10:21:11 - INFO - Result: False (introduced 1 new errors)
2025-04-13 10:21:11 - DEBUG - === New errors detail ===
2025-04-13 10:21:11 - DEBUG - New Error 1: line 13, type: linarith_failed, message: linarith failed to find a contradiction
case h1.h
step1 : 1 + 1 = 2
a✝ : 1 + 1 / (1 + 1 / (1 + 1)) < 5 / 3
⊢ False
failed
2025-04-13 10:21:11 - INFO - Failed attempt time: 22.04 seconds
2025-04-13 10:21:11 - INFO - ❌ Could not generate fix for error at line 13
2025-04-13 10:21:12 - INFO - 
===== Fix attempt completed =====
2025-04-13 10:21:12 - INFO - Original errors: 1
2025-04-13 10:21:12 - INFO - Fixed errors: 0
2025-04-13 10:21:12 - INFO - Failed errors: 1
2025-04-13 10:21:12 - INFO - Remaining errors: 1
2025-04-13 10:21:12 - INFO - Total time: 24.04 seconds
2025-04-13 10:21:12 - INFO - 
Final fixed code:
2025-04-13 10:21:12 - INFO - ----------------------------------------
2025-04-13 10:21:12 - INFO - /-- Which of the following is equal to $1 + \frac {1}{1 + \frac {1}{1 + 1}}$?

$\textbf{(A)}\ \frac {5}{4} \qquad \textbf{(B)}\ \frac {3}{2} \qquad \textbf{(C)}\ \frac {5}{3} \qquad \textbf{(D)}\ 2 \qquad \textbf{(E)}\ 3$ Show that it is \text{C}.-/
theorem amc12a_2009_p2 : 1 + 1 / (1 + 1 / (1 + 1)) = (5 : ℚ) / 3 := by
  -- The goal is to simplify the left-hand side (LHS) expression and show it equals 5/3
  -- We'll proceed step by step, simplifying the nested fractions from the innermost part outward

  -- Step 1: Simplify the innermost denominator (1 + 1) to 2
  have step1 : 1 + 1 = 2 := by norm_num
  -- norm_num is a tactic that proves equalities involving numerical calculations

  -- Step 2: Replace (1 + 1) in the original expression with 2
  rw [step1]
  -- Now the expression becomes: 1 + 1 / (1 + 1 / 2)

  -- Step 3: Simplify the next denominator (1 + 1/2)
  have step2 : 1 + 1 / 2 = 3 / 2 := by
    -- We need to show 1 + 1/2 = 3/2
    -- First convert 1 to rational 1/1
    rw [←Rat.div_one 1]
    -- Now we have 1/1 + 1/2
    -- Find common denominator and add fractions
    rw [Rat.add_def' 1 1 1 2]
    -- Simplify numerator and denominator
    norm_num
    -- This proves 1 + 1/2 = 3/2

  -- Step 4: Replace (1 + 1/2) in the expression with 3/2
  rw [step2]
  -- Now the expression becomes: 1 + 1 / (3/2)

  -- Step 5: Simplify 1 / (3/2) to 2/3 (division by fraction is multiplication by reciprocal)
  have step3 : 1 / (3 / 2) = 2 / 3 := by
    -- Division of fractions is equivalent to multiplying by the reciprocal
    rw [Rat.div_def]
    -- Simplify the multiplication
    norm_num
    -- This proves 1 / (3/2) = 2/3

  -- Step 6: Replace 1 / (3/2) in the expression with 2/3
  rw [step3]
  -- Now the expression becomes: 1 + 2/3

  -- Step 7: Simplify the final addition
  have step4 : 1 + 2 / 3 = 5 / 3 := by
    -- Convert 1 to rational 3/3
    rw [←Rat.div_one 3, ←Rat.div_self (by norm_num : (3 : ℚ) ≠ 0)]
    -- Now we have 3/3 + 2/3
    -- Add fractions with common denominator
    rw [Rat.add_def' 3 2 3 3]
    -- Simplify numerator and denominator
    norm_num
    -- This proves 1 + 2/3 = 5/3

  -- Step 8: Replace 1 + 2/3 with 5/3
  rw [step4]
  -- Now the goal is simply 5/3 = 5/3, which is true by reflexivity

  -- The proof is complete
2025-04-13 10:21:12 - INFO - ----------------------------------------
2025-04-13 10:21:12 - INFO - 
Detailed error repair report:
2025-04-13 10:21:12 - INFO - Original code error count: 1
❌ Fixed error 1/1: Could not generate fix for error at line 13 «rewrite_failed» (after 22.04s)

=== Fix statistics ===
Original error count: 1
Fixed errors: 0 (Fix rate: 0.0000)
Failed errors: 1
Remaining errors: 1
Total time: 24.04 seconds

=== Failed fix details ===

Failed fix 1:
   Line: 13
   Error type: rewrite_failed
   Original error message: tactic 'rewrite' failed, did not find instance of the pattern in the target expression
  1 + 1
step1...
   Failure reason: Could not generate fix
   Time: 22.04 seconds
2025-04-13 10:21:12 - INFO - 
Fixed code saved to: /data/coding/minif2f/lean_fixed/113_fixed.lean
2025-04-13 10:21:12 - INFO - JSON log saved to: /data/coding/minif2f/lean_fixed/113_fix_log.json
2025-04-13 10:21:12 - INFO - 
===== LOG FILE LOCATION =====
2025-04-13 10:21:12 - INFO - Detailed log file is available at: /data/coding/minif2f/lean_fixed/113.log
2025-04-13 10:21:12 - INFO - ===============================
2025-04-13 10:28:23 - INFO - Log file initialized at 2025-04-13T10:28:23.927249
2025-04-13 10:28:23 - INFO - ===== LOG FILE LOCATION =====
2025-04-13 10:28:23 - INFO - Detailed log file created at: /data/coding/minif2f/lean_fixed/113.log
2025-04-13 10:28:23 - INFO - ===============================
2025-04-13 10:28:23 - INFO - Original code:
2025-04-13 10:28:23 - INFO - ----------------------------------------
2025-04-13 10:28:23 - INFO - import Mathlib
import Aesop

set_option maxHeartbeats 0  -- Disables heartbeat limit to prevent timeout during computation

open BigOperators Real Nat Topology Rat  -- Opens relevant namespaces for mathematical operations

/-- Which of the following is equal to $1 + \frac {1}{1 + \frac {1}{1 + 1}}$?

$\textbf{(A)}\ \frac {5}{4} \qquad \textbf{(B)}\ \frac {3}{2} \qquad \textbf{(C)}\ \frac {5}{3} \qquad \textbf{(D)}\ 2 \qquad \textbf{(E)}\ 3$ Show that it is \text{C}.-/
theorem amc12a_2009_p2 : 1 + 1 / (1 + 1 / (1 + 1)) = (5 : ℚ) / 3 := by
  -- The goal is to simplify the left-hand side (LHS) expression and show it equals 5/3
  -- We'll proceed step by step, simplifying the nested fractions from the innermost part outward

  -- Step 1: Simplify the innermost denominator (1 + 1) to 2
  have step1 : 1 + 1 = 2 := by norm_num
  -- norm_num is a tactic that proves equalities involving numerical calculations

  -- Step 2: Replace (1 + 1) in the original expression with 2
  rw [step1]
  -- Now the expression becomes: 1 + 1 / (1 + 1 / 2)

  -- Step 3: Simplify the next denominator (1 + 1/2)
  have step2 : 1 + 1 / 2 = 3 / 2 := by
    -- We need to show 1 + 1/2 = 3/2
    -- First convert 1 to rational 1/1
    rw [←Rat.div_one 1]
    -- Now we have 1/1 + 1/2
    -- Find common denominator and add fractions
    rw [Rat.add_def' 1 1 1 2]
    -- Simplify numerator and denominator
    norm_num
    -- This proves 1 + 1/2 = 3/2

  -- Step 4: Replace (1 + 1/2) in the expression with 3/2
  rw [step2]
  -- Now the expression becomes: 1 + 1 / (3/2)

  -- Step 5: Simplify 1 / (3/2) to 2/3 (division by fraction is multiplication by reciprocal)
  have step3 : 1 / (3 / 2) = 2 / 3 := by
    -- Division of fractions is equivalent to multiplying by the reciprocal
    rw [Rat.div_def]
    -- Simplify the multiplication
    norm_num
    -- This proves 1 / (3/2) = 2/3

  -- Step 6: Replace 1 / (3/2) in the expression with 2/3
  rw [step3]
  -- Now the expression becomes: 1 + 2/3

  -- Step 7: Simplify the final addition
  have step4 : 1 + 2 / 3 = 5 / 3 := by
    -- Convert 1 to rational 3/3
    rw [←Rat.div_one 3, ←Rat.div_self (by norm_num : (3 : ℚ) ≠ 0)]
    -- Now we have 3/3 + 2/3
    -- Add fractions with common denominator
    rw [Rat.add_def' 3 2 3 3]
    -- Simplify numerator and denominator
    norm_num
    -- This proves 1 + 2/3 = 5/3

  -- Step 8: Replace 1 + 2/3 with 5/3
  rw [step4]
  -- Now the goal is simply 5/3 = 5/3, which is true by reflexivity

  -- The proof is complete
2025-04-13 10:28:23 - INFO - ----------------------------------------
2025-04-13 10:28:23 - INFO - 
Checking original code for all errors...
2025-04-13 10:30:42 - INFO - Original code contains 1 errors:
2025-04-13 10:30:42 - INFO - Error 1: line 13, type: rewrite_failed, message: tactic 'rewrite' failed, did not find instance of the pattern in the target expression
  1 + 1
step1...
2025-04-13 10:30:42 - INFO - 
Starting multi-error continuous repair process...
2025-04-13 10:30:42 - INFO - 
===== Starting to fix all errors =====
2025-04-13 10:30:43 - INFO - 
Found 1 original errors:
2025-04-13 10:30:43 - INFO - Error 1: line 13, type: rewrite_failed, message: tactic 'rewrite' failed, did not find instance of the pattern in the target expression
  1 + 1
step1...
2025-04-13 10:30:43 - INFO - 
Trying to fix error 1/1: line 13, type: rewrite_failed
2025-04-13 10:30:43 - INFO - Error message: tactic 'rewrite' failed, did not find instance of the pattern in the target expression
  1 + 1
step1...
2025-04-13 10:30:43 - INFO - Removed header content, remaining 59 lines of code
2025-04-13 10:30:43 - INFO - Using specified target error line: 13
2025-04-13 10:30:44 - INFO - Found error at specified line: tactic 'rewrite' failed, did not find instance of the pattern in the target expression
  1 + 1
step1 : 1 + 1 = 2
⊢ 1 + 1 / (1 + 1 / (1 + 1)) = 5 / 3
2025-04-13 10:30:44 - INFO - Error at line 13: tactic 'rewrite' failed, did not find instance of the pattern in the target expression
  1 + 1
step1 : 1 + 1 = 2
⊢ 1 + 1 / (1 + 1 / (1 + 1)) = 5 / 3
2025-04-13 10:30:44 - INFO - 
==================================================
2025-04-13 10:30:44 - INFO - Code prepared, starting synthesis
2025-04-13 10:30:44 - INFO - Before part: /-- Which of the following is equal to $1 + \frac {1}{1 + \frac {1}{1 + 1}}$?

$\textbf{(A)}\ \frac {5}{4} \qquad \textbf{(B)}\ \frac {3}{2} \qquad \textbf{(C)}\ \frac {5}{3} \qquad \textbf{(D)}\ 2 \qquad \textbf{(E)}\ 3$ Show that it is \text{C}.-/
theorem amc12a_2009_p2 : 1 + 1 / (1 + 1 / (1 + 1)) = (5 : ℚ) / 3 := by
  -- The goal is to simplify the left-hand side (LHS) expression and show it equals 5/3
  -- We'll proceed step by step, simplifying the nested fractions from the innermost part outward

  -- Step 1: Simplify the innermost denominator (1 + 1) to 2
  have step1 : 1 + 1 = 2 := by norm_num
  -- norm_num is a tactic that proves equalities involving numerical calculations

  -- Step 2: Replace (1 + 1) in the original expression with 2
2025-04-13 10:30:44 - INFO - Error line:   rw [step1]
2025-04-13 10:30:44 - INFO - After part: -- Now the expression becomes: 1 + 1 / (1 + 1 / 2)

  -- Step 3: Simplify the next denominator (1 + 1/2)
  have step2 : 1 + 1 / 2 = 3 / 2 := by
    -- We need to show 1 + 1/2 = 3/2
    -- First convert 1 to rational 1/1
    rw [←Rat.div_one 1]
    -- Now we have 1/1 + 1/2
    -- Find common denominator and add fractions
    rw [Rat.add_def' 1 1 1 2]
    -- Simplify numerator and denominator
    norm_num
    -- This proves 1 + 1/2 = 3/2

  -- Step 4: Replace (1 + 1/2) in the expression with 3/2
  rw [step2]
  -- Now the expression becomes: 1 + 1 / (3/2)

  -- Step 5: Simplify 1 / (3/2) to 2/3 (division by fraction is multiplication by reciprocal)
  have step3 : 1 / (3 / 2) = 2 / 3 := by
    -- Division of fractions is equivalent to multiplying by the reciprocal
    rw [Rat.div_def]
    -- Simplify the multiplication
    norm_num
    -- This proves 1 / (3/2) = 2/3

  -- Step 6: Replace 1 / (3/2) in the expression with 2/3
  rw [step3]
  -- Now the expression becomes: 1 + 2/3

  -- Step 7: Simplify the final addition
  have step4 : 1 + 2 / 3 = 5 / 3 := by
    -- Convert 1 to rational 3/3
    rw [←Rat.div_one 3, ←Rat.div_self (by norm_num : (3 : ℚ) ≠ 0)]
    -- Now we have 3/3 + 2/3
    -- Add fractions with common denominator
    rw [Rat.add_def' 3 2 3 3]
    -- Simplify numerator and denominator
    norm_num
    -- This proves 1 + 2/3 = 5/3

  -- Step 8: Replace 1 + 2/3 with 5/3
  rw [step4]
  -- Now the goal is simply 5/3 = 5/3, which is true by reflexivity

  -- The proof is complete
2025-04-13 10:30:44 - INFO - ==================================================

2025-04-13 10:30:45 - INFO - Testing fragment: rw [justaplaceholder]
2025-04-13 10:30:45 - INFO - Original error line:   rw [step1]
2025-04-13 10:30:47 - INFO - Testing fix: Original errors: 1, Fixed errors: 2
2025-04-13 10:30:47 - INFO - Result: False (introduced 2 new errors)
2025-04-13 10:30:47 - DEBUG - === New errors detail ===
2025-04-13 10:30:47 - DEBUG - New Error 1: line 13, type: unknown_identifier, message: unknown identifier 'justaplaceholder'
2025-04-13 10:30:47 - DEBUG - New Error 2: line 13, type: rewrite_failed, message: tactic 'rewrite' failed, equality or iff proof expected
  ?m.1117
step1 : 1 + 1 = 2
⊢ 1 + 1 / (1 + 1 / (1 + 1)) = 5 / 3
2025-04-13 10:30:47 - INFO - Testing fragment: rw [<- justaplaceholder]
2025-04-13 10:30:47 - INFO - Original error line:   rw [step1]
2025-04-13 10:30:49 - INFO - Testing fix: Original errors: 1, Fixed errors: 2
2025-04-13 10:30:49 - INFO - Result: False (introduced 2 new errors)
2025-04-13 10:30:49 - DEBUG - === New errors detail ===
2025-04-13 10:30:49 - DEBUG - New Error 1: line 13, type: unknown_identifier, message: unknown identifier 'justaplaceholder'
2025-04-13 10:30:49 - DEBUG - New Error 2: line 13, type: rewrite_failed, message: tactic 'rewrite' failed, equality or iff proof expected
  ?m.1117
step1 : 1 + 1 = 2
⊢ 1 + 1 / (1 + 1 / (1 + 1)) = 5 / 3
2025-04-13 10:30:49 - INFO - Testing fragment: simp
2025-04-13 10:30:49 - INFO - Original error line:   rw [step1]
2025-04-13 10:30:51 - INFO - Testing fix: Original errors: 1, Fixed errors: 3
2025-04-13 10:30:51 - INFO - Result: False (introduced 3 new errors)
2025-04-13 10:30:51 - DEBUG - === New errors detail ===
2025-04-13 10:30:51 - DEBUG - New Error 1: line 20, type: unknown_constant, message: unknown constant 'Rat.div_one'
2025-04-13 10:30:51 - DEBUG - New Error 2: line 20, type: rewrite_failed, message: tactic 'rewrite' failed, equality or iff proof expected
  ?m.3671
step1 : 1 + 1 = 2
⊢ 1 + 1 / 2 = 3 / 2
2025-04-13 10:30:51 - DEBUG - New Error 3: line 29, type: rewrite_failed, message: tactic 'rewrite' failed, did not find instance of the pattern in the target expression
  1 + 1 / 2
step1 : 1 + 1 = 2
step2 : 1 + 1 / 2 = 3 / 2
⊢ 1 + (1 + (1 + 1)⁻¹)⁻¹ = 5 / 3
2025-04-13 10:30:51 - INFO - Testing fragment: field_simp
2025-04-13 10:30:51 - INFO - Original error line:   rw [step1]
2025-04-13 10:30:53 - INFO - Testing fix: Original errors: 1, Fixed errors: 3
2025-04-13 10:30:53 - INFO - Result: False (introduced 3 new errors)
2025-04-13 10:30:53 - DEBUG - === New errors detail ===
2025-04-13 10:30:53 - DEBUG - New Error 1: line 20, type: unknown_constant, message: unknown constant 'Rat.div_one'
2025-04-13 10:30:53 - DEBUG - New Error 2: line 20, type: rewrite_failed, message: tactic 'rewrite' failed, equality or iff proof expected
  ?m.8006
step1 : 1 + 1 = 2
⊢ 1 + 1 / 2 = 3 / 2
2025-04-13 10:30:53 - DEBUG - New Error 3: line 29, type: rewrite_failed, message: tactic 'rewrite' failed, did not find instance of the pattern in the target expression
  1 + 1 / 2
step1 : 1 + 1 = 2
step2 : 1 + 1 / 2 = 3 / 2
⊢ (1 + 1 + 1 + (1 + 1)) * 3 = 5 * (1 + 1 + 1)
2025-04-13 10:30:53 - INFO - Testing fragment: norm_num
2025-04-13 10:30:53 - INFO - Original error line:   rw [step1]
2025-04-13 10:30:55 - INFO - Testing fix: Original errors: 1, Fixed errors: 1
2025-04-13 10:30:55 - INFO - Result: False (introduced 1 new errors)
2025-04-13 10:30:55 - DEBUG - === New errors detail ===
2025-04-13 10:30:55 - DEBUG - New Error 1: line 17, type: no_goals_to_solve, message: no goals to be solved
2025-04-13 10:30:55 - INFO - Testing fragment: ring
2025-04-13 10:30:55 - INFO - Original error line:   rw [step1]
2025-04-13 10:30:57 - INFO - Testing fix: Original errors: 1, Fixed errors: 1
2025-04-13 10:30:57 - INFO - Result: False (introduced 1 new errors)
2025-04-13 10:30:57 - DEBUG - === New errors detail ===
2025-04-13 10:30:57 - DEBUG - New Error 1: line 17, type: no_goals_to_solve, message: no goals to be solved
2025-04-13 10:30:57 - INFO - Testing fragment: ring_nf
2025-04-13 10:30:57 - INFO - Original error line:   rw [step1]
2025-04-13 10:30:59 - INFO - Testing fix: Original errors: 1, Fixed errors: 1
2025-04-13 10:30:59 - INFO - Result: False (introduced 1 new errors)
2025-04-13 10:30:59 - DEBUG - === New errors detail ===
2025-04-13 10:30:59 - DEBUG - New Error 1: line 17, type: no_goals_to_solve, message: no goals to be solved
2025-04-13 10:30:59 - INFO - Testing fragment: omega
2025-04-13 10:30:59 - INFO - Original error line:   rw [step1]
2025-04-13 10:31:01 - INFO - Testing fix: Original errors: 1, Fixed errors: 1
2025-04-13 10:31:01 - INFO - Result: False (introduced 1 new errors)
2025-04-13 10:31:01 - DEBUG - === New errors detail ===
2025-04-13 10:31:01 - DEBUG - New Error 1: line 13, type: other_error, message: omega could not prove the goal:
No usable constraints found. You may need to unfold definitions so `omega` can see linear arithmetic facts about `Nat` and `Int`, which may also involve multiplication, division, and modular remainder by constants.
2025-04-13 10:31:01 - INFO - Testing fragment: linarith
2025-04-13 10:31:01 - INFO - Original error line:   rw [step1]
2025-04-13 10:31:03 - INFO - Testing fix: Original errors: 1, Fixed errors: 1
2025-04-13 10:31:03 - INFO - Result: False (introduced 1 new errors)
2025-04-13 10:31:03 - DEBUG - === New errors detail ===
2025-04-13 10:31:03 - DEBUG - New Error 1: line 13, type: linarith_failed, message: linarith failed to find a contradiction
case h1.h
step1 : 1 + 1 = 2
a✝ : 1 + 1 / (1 + 1 / (1 + 1)) < 5 / 3
⊢ False
failed
2025-04-13 10:31:03 - INFO - Testing fragment: nlinarith
2025-04-13 10:31:03 - INFO - Original error line:   rw [step1]
2025-04-13 10:31:05 - INFO - Testing fix: Original errors: 1, Fixed errors: 1
2025-04-13 10:31:05 - INFO - Result: False (introduced 1 new errors)
2025-04-13 10:31:05 - DEBUG - === New errors detail ===
2025-04-13 10:31:05 - DEBUG - New Error 1: line 13, type: linarith_failed, message: linarith failed to find a contradiction
case h1.h
step1 : 1 + 1 = 2
a✝ : 1 + 1 / (1 + 1 / (1 + 1)) < 5 / 3
⊢ False
failed
2025-04-13 10:31:05 - INFO - Failed attempt time: 22.04 seconds
2025-04-13 10:31:05 - INFO - ❌ Could not generate fix for error at line 13
2025-04-13 10:31:06 - INFO - 
===== Fix attempt completed =====
2025-04-13 10:31:06 - INFO - Original errors: 1
2025-04-13 10:31:06 - INFO - Fixed errors: 0
2025-04-13 10:31:06 - INFO - Failed errors: 1
2025-04-13 10:31:06 - INFO - Remaining errors: 1
2025-04-13 10:31:06 - INFO - Total time: 24.05 seconds
2025-04-13 10:31:06 - INFO - 
Final fixed code:
2025-04-13 10:31:06 - INFO - ----------------------------------------
2025-04-13 10:31:06 - INFO - /-- Which of the following is equal to $1 + \frac {1}{1 + \frac {1}{1 + 1}}$?

$\textbf{(A)}\ \frac {5}{4} \qquad \textbf{(B)}\ \frac {3}{2} \qquad \textbf{(C)}\ \frac {5}{3} \qquad \textbf{(D)}\ 2 \qquad \textbf{(E)}\ 3$ Show that it is \text{C}.-/
theorem amc12a_2009_p2 : 1 + 1 / (1 + 1 / (1 + 1)) = (5 : ℚ) / 3 := by
  -- The goal is to simplify the left-hand side (LHS) expression and show it equals 5/3
  -- We'll proceed step by step, simplifying the nested fractions from the innermost part outward

  -- Step 1: Simplify the innermost denominator (1 + 1) to 2
  have step1 : 1 + 1 = 2 := by norm_num
  -- norm_num is a tactic that proves equalities involving numerical calculations

  -- Step 2: Replace (1 + 1) in the original expression with 2
  rw [step1]
  -- Now the expression becomes: 1 + 1 / (1 + 1 / 2)

  -- Step 3: Simplify the next denominator (1 + 1/2)
  have step2 : 1 + 1 / 2 = 3 / 2 := by
    -- We need to show 1 + 1/2 = 3/2
    -- First convert 1 to rational 1/1
    rw [←Rat.div_one 1]
    -- Now we have 1/1 + 1/2
    -- Find common denominator and add fractions
    rw [Rat.add_def' 1 1 1 2]
    -- Simplify numerator and denominator
    norm_num
    -- This proves 1 + 1/2 = 3/2

  -- Step 4: Replace (1 + 1/2) in the expression with 3/2
  rw [step2]
  -- Now the expression becomes: 1 + 1 / (3/2)

  -- Step 5: Simplify 1 / (3/2) to 2/3 (division by fraction is multiplication by reciprocal)
  have step3 : 1 / (3 / 2) = 2 / 3 := by
    -- Division of fractions is equivalent to multiplying by the reciprocal
    rw [Rat.div_def]
    -- Simplify the multiplication
    norm_num
    -- This proves 1 / (3/2) = 2/3

  -- Step 6: Replace 1 / (3/2) in the expression with 2/3
  rw [step3]
  -- Now the expression becomes: 1 + 2/3

  -- Step 7: Simplify the final addition
  have step4 : 1 + 2 / 3 = 5 / 3 := by
    -- Convert 1 to rational 3/3
    rw [←Rat.div_one 3, ←Rat.div_self (by norm_num : (3 : ℚ) ≠ 0)]
    -- Now we have 3/3 + 2/3
    -- Add fractions with common denominator
    rw [Rat.add_def' 3 2 3 3]
    -- Simplify numerator and denominator
    norm_num
    -- This proves 1 + 2/3 = 5/3

  -- Step 8: Replace 1 + 2/3 with 5/3
  rw [step4]
  -- Now the goal is simply 5/3 = 5/3, which is true by reflexivity

  -- The proof is complete
2025-04-13 10:31:06 - INFO - ----------------------------------------
2025-04-13 10:31:06 - INFO - 
Detailed error repair report:
2025-04-13 10:31:06 - INFO - Original code error count: 1
❌ Fixed error 1/1: Could not generate fix for error at line 13 «rewrite_failed» (after 22.04s)

=== Fix statistics ===
Original error count: 1
Fixed errors: 0 (Fix rate: 0.0000)
Failed errors: 1
Remaining errors: 1
Total time: 24.05 seconds

=== Failed fix details ===

Failed fix 1:
   Line: 13
   Error type: rewrite_failed
   Original error message: tactic 'rewrite' failed, did not find instance of the pattern in the target expression
  1 + 1
step1...
   Failure reason: Could not generate fix
   Time: 22.04 seconds
2025-04-13 10:31:06 - INFO - 
Fixed code saved to: /data/coding/minif2f/lean_fixed/113_fixed.lean
2025-04-13 10:31:06 - INFO - JSON log saved to: /data/coding/minif2f/lean_fixed/113_fix_log.json
2025-04-13 10:31:06 - INFO - 
===== LOG FILE LOCATION =====
2025-04-13 10:31:06 - INFO - Detailed log file is available at: /data/coding/minif2f/lean_fixed/113.log
2025-04-13 10:31:06 - INFO - ===============================
