2025-04-13 09:59:56 - INFO - Log file initialized at 2025-04-13T09:59:56.752574
2025-04-13 09:59:56 - INFO - ===== LOG FILE LOCATION =====
2025-04-13 09:59:56 - INFO - Detailed log file created at: ./minif2f/lean_fixed/16.log
2025-04-13 09:59:56 - INFO - ===============================
2025-04-13 09:59:56 - INFO - Original code:
2025-04-13 09:59:56 - INFO - ----------------------------------------
2025-04-13 09:59:56 - INFO - import Mathlib
import Aesop

set_option maxHeartbeats 0

open BigOperators Real Nat Topology Rat

/-- Which of the following is equal to the [[product]]
$\frac{8}{4}\cdot\frac{12}{8}\cdot\frac{16}{12}\cdot\cdots\cdot\frac{4n+4}{4n}\cdot\cdots\cdot\frac{2008}{2004}?$

$\textbf{(A)}\ 251\qquad\textbf{(B)}\ 502\qquad\textbf{(C)}\ 1004\qquad\textbf{(D)}\ 2008\qquad\textbf{(E)}\ 4016$ Show that it is \textbf{(B)}.-/
theorem amc12a_2008_p4 : (∏ k in Finset.Icc (1 : ℕ) 501, ((4 : ℝ) * k + 4) / (4 * k)) = 502 := by
  -- First, we simplify the general term of the product
  -- The term is (4k + 4)/(4k) which can be rewritten as 4(k + 1)/(4k) = (k + 1)/k
  have term_simplification : ∀ k : ℕ, ((4 : ℝ) * k + 4) / (4 * k) = (k + 1)/k := by
    intro k
    -- Factor out 4 from numerator
    rw [← add_mul, mul_comm 4 k, add_mul]
    -- Simplify numerator and denominator
    rw [mul_div_mul_left]
    -- The 4's cancel out
    exact (div_self (by norm_num : (4 : ℝ) ≠ 0)).symm ▸ rfl
    -- Ensure denominator is non-zero (k ≥ 1 in our product range)
    exact mul_ne_zero four_ne_zero (Nat.cast_ne_zero.mpr (k.ne_of_gt (Nat.pos_of_mem_Icc (k ∈ Finset.Icc 1 501))))
  
  -- Rewrite the product using the simplified term
  rw [Finset.prod_congr rfl term_simplification]
  
  -- Now we have a telescoping product ∏_{k=1}^501 (k+1)/k
  -- This can be written as (2/1) * (3/2) * (4/3) * ... * (502/501)
  -- Most terms cancel out, leaving just 502/1 = 502
  
  -- To formalize this, we use the theorem Finset.prod_range_div which states:
  -- ∏ i in range n, (f (i + 1) / f i) = f n / f 0 when f 0 ≠ 0
  -- Here, we adapt it to our Icc case
  
  -- First, convert Icc to range
  rw [Finset.Icc_eq_range, Finset.range_add_one]
  
  -- Now we have ∏ k in range 501, (k + 2)/(k + 1)
  -- We can rewrite this as ∏ k in range 501, f (k + 1)/f k where f k = k + 1
  have telescoping : (∏ k in Finset.range 501, ((k + 1) + 1)/(k + 1)) = 
      ((501 + 1) + 1)/(0 + 1) := by
    -- Apply the telescoping product theorem
    refine Finset.prod_range_div (fun n => (n + 1 : ℝ)) ?_
    -- Show the base case is non-zero (f 0 = 1 ≠ 0)
    norm_num
  
  -- Simplify the telescoping result
  rw [telescoping]
  -- The numerator is 502 + 1 = 503, but this seems wrong - we need to re-examine our indexing
  
  -- Actually, we made an indexing mistake. Let's correct the approach:
  
  -- The product ∏_{k=1}^n (k+1)/k = n+1
  -- Here n = 501, so the product should be 502
  
  -- Alternative approach using Finset.prod_range_succ:
  rw [Finset.Icc_eq_range, Finset.prod_range_add_one]
  simp only [Nat.cast_add, Nat.cast_one, add_le_iff_nonpos_right, nonpos_iff_eq_zero, 
    Finset.range_zero, Finset.prod_empty, div_one, one_mul]
  
  -- Now we have (501 + 1)/1 = 502
  norm_cast
  simp
2025-04-13 09:59:56 - INFO - ----------------------------------------
2025-04-13 09:59:56 - INFO - 
Checking original code for all errors...
2025-04-13 10:00:02 - INFO - Original code contains 2 errors:
2025-04-13 10:00:02 - INFO - Error 1: line 11, type: rewrite_failed, message: tactic 'rewrite' failed, did not find instance of the pattern in the target expression
  ?a * ?c + ?...
2025-04-13 10:00:02 - INFO - Error 2: line 20, type: type_mismatch, message: application type mismatch
  Finset.prod_congr rfl term_simplification
argument
  term_simplification...
2025-04-13 10:00:02 - INFO - 
Starting multi-error continuous repair process...
2025-04-13 10:00:02 - INFO - 
===== Starting to fix all errors =====
2025-04-13 10:00:03 - INFO - 
Found 2 original errors:
2025-04-13 10:00:03 - INFO - Error 1: line 11, type: rewrite_failed, message: tactic 'rewrite' failed, did not find instance of the pattern in the target expression
  ?a * ?c + ?...
2025-04-13 10:00:03 - INFO - Error 2: line 20, type: type_mismatch, message: application type mismatch
  Finset.prod_congr rfl term_simplification
argument
  term_simplification...
2025-04-13 10:00:03 - INFO - 
Trying to fix error 1/2: line 11, type: rewrite_failed
2025-04-13 10:00:03 - INFO - Error message: tactic 'rewrite' failed, did not find instance of the pattern in the target expression
  ?a * ?c + ?...
2025-04-13 10:00:03 - INFO - Removed header content, remaining 58 lines of code
2025-04-13 10:00:03 - INFO - Using specified target error line: 11
2025-04-13 10:00:04 - INFO - Found error at specified line: tactic 'rewrite' failed, did not find instance of the pattern in the target expression
  ?a * ?c + ?b * ?c
k : ℕ
⊢ (4 * ↑k + 4) / (4 * ↑k) = (↑k + 1) / ↑k
2025-04-13 10:00:04 - INFO - Error at line 11: tactic 'rewrite' failed, did not find instance of the pattern in the target expression
  ?a * ?c + ?b * ?c
k : ℕ
⊢ (4 * ↑k + 4) / (4 * ↑k) = (↑k + 1) / ↑k
2025-04-13 10:00:04 - INFO - 
==================================================
2025-04-13 10:00:04 - INFO - Code prepared, starting synthesis
2025-04-13 10:00:04 - INFO - Before part: /-- Which of the following is equal to the [[product]]
$\frac{8}{4}\cdot\frac{12}{8}\cdot\frac{16}{12}\cdot\cdots\cdot\frac{4n+4}{4n}\cdot\cdots\cdot\frac{2008}{2004}?$

$\textbf{(A)}\ 251\qquad\textbf{(B)}\ 502\qquad\textbf{(C)}\ 1004\qquad\textbf{(D)}\ 2008\qquad\textbf{(E)}\ 4016$ Show that it is \textbf{(B)}.-/
theorem amc12a_2008_p4 : (∏ k in Finset.Icc (1 : ℕ) 501, ((4 : ℝ) * k + 4) / (4 * k)) = 502 := by
  -- First, we simplify the general term of the product
  -- The term is (4k + 4)/(4k) which can be rewritten as 4(k + 1)/(4k) = (k + 1)/k
  have term_simplification : ∀ k : ℕ, ((4 : ℝ) * k + 4) / (4 * k) = (k + 1)/k := by
    intro k
    -- Factor out 4 from numerator
2025-04-13 10:00:04 - INFO - Error line:     rw [← add_mul, mul_comm 4 k, add_mul]
2025-04-13 10:00:04 - INFO - After part: -- Simplify numerator and denominator
    rw [mul_div_mul_left]
    -- The 4's cancel out
    exact (div_self (by norm_num : (4 : ℝ) ≠ 0)).symm ▸ rfl
    -- Ensure denominator is non-zero (k ≥ 1 in our product range)
    exact mul_ne_zero four_ne_zero (Nat.cast_ne_zero.mpr (k.ne_of_gt (Nat.pos_of_mem_Icc (k ∈ Finset.Icc 1 501))))
  
  -- Rewrite the product using the simplified term
  rw [Finset.prod_congr rfl term_simplification]
  
  -- Now we have a telescoping product ∏_{k=1}^501 (k+1)/k
  -- This can be written as (2/1) * (3/2) * (4/3) * ... * (502/501)
  -- Most terms cancel out, leaving just 502/1 = 502
  
  -- To formalize this, we use the theorem Finset.prod_range_div which states:
  -- ∏ i in range n, (f (i + 1) / f i) = f n / f 0 when f 0 ≠ 0
  -- Here, we adapt it to our Icc case
  
  -- First, convert Icc to range
  rw [Finset.Icc_eq_range, Finset.range_add_one]
  
  -- Now we have ∏ k in range 501, (k + 2)/(k + 1)
  -- We can rewrite this as ∏ k in range 501, f (k + 1)/f k where f k = k + 1
  have telescoping : (∏ k in Finset.range 501, ((k + 1) + 1)/(k + 1)) = 
      ((501 + 1) + 1)/(0 + 1) := by
    -- Apply the telescoping product theorem
    refine Finset.prod_range_div (fun n => (n + 1 : ℝ)) ?_
    -- Show the base case is non-zero (f 0 = 1 ≠ 0)
    norm_num
  
  -- Simplify the telescoping result
  rw [telescoping]
  -- The numerator is 502 + 1 = 503, but this seems wrong - we need to re-examine our indexing
  
  -- Actually, we made an indexing mistake. Let's correct the approach:
  
  -- The product ∏_{k=1}^n (k+1)/k = n+1
  -- Here n = 501, so the product should be 502
  
  -- Alternative approach using Finset.prod_range_succ:
  rw [Finset.Icc_eq_range, Finset.prod_range_add_one]
  simp only [Nat.cast_add, Nat.cast_one, add_le_iff_nonpos_right, nonpos_iff_eq_zero, 
    Finset.range_zero, Finset.prod_empty, div_one, one_mul]
  
  -- Now we have (501 + 1)/1 = 502
  norm_cast
  simp
2025-04-13 10:00:04 - INFO - ==================================================

2025-04-13 10:00:05 - INFO - Testing fragment: rw [justaplaceholder]
2025-04-13 10:00:05 - INFO - Original error line:     rw [← add_mul, mul_comm 4 k, add_mul]
2025-04-13 10:00:07 - INFO - Testing fix: Original errors: 2, Fixed errors: 3
2025-04-13 10:00:07 - INFO - Result: False (introduced 2 new errors)
2025-04-13 10:00:07 - DEBUG - === New errors detail ===
2025-04-13 10:00:07 - DEBUG - New Error 1: line 11, type: unknown_identifier, message: unknown identifier 'justaplaceholder'
2025-04-13 10:00:07 - DEBUG - New Error 2: line 11, type: rewrite_failed, message: tactic 'rewrite' failed, equality or iff proof expected
  ?m.1181
k : ℕ
⊢ (4 * ↑k + 4) / (4 * ↑k) = (↑k + 1) / ↑k
2025-04-13 10:00:07 - INFO - Testing fragment: rw [<- justaplaceholder]
2025-04-13 10:00:07 - INFO - Original error line:     rw [← add_mul, mul_comm 4 k, add_mul]
2025-04-13 10:00:09 - INFO - Testing fix: Original errors: 2, Fixed errors: 3
2025-04-13 10:00:09 - INFO - Result: False (introduced 2 new errors)
2025-04-13 10:00:09 - DEBUG - === New errors detail ===
2025-04-13 10:00:09 - DEBUG - New Error 1: line 11, type: unknown_identifier, message: unknown identifier 'justaplaceholder'
2025-04-13 10:00:09 - DEBUG - New Error 2: line 11, type: rewrite_failed, message: tactic 'rewrite' failed, equality or iff proof expected
  ?m.1181
k : ℕ
⊢ (4 * ↑k + 4) / (4 * ↑k) = (↑k + 1) / ↑k
2025-04-13 10:00:09 - INFO - Testing fragment: simp
2025-04-13 10:00:09 - INFO - Original error line:     rw [← add_mul, mul_comm 4 k, add_mul]
2025-04-13 10:00:11 - INFO - Testing fix: Original errors: 2, Fixed errors: 2
2025-04-13 10:00:11 - INFO - Result: False (introduced 1 new errors)
2025-04-13 10:00:11 - DEBUG - === New errors detail ===
2025-04-13 10:00:11 - DEBUG - New Error 1: line 11, type: simp_failed, message: simp made no progress
2025-04-13 10:00:11 - INFO - Testing fragment: field_simp
2025-04-13 10:00:11 - INFO - Original error line:     rw [← add_mul, mul_comm 4 k, add_mul]
2025-04-13 10:00:13 - INFO - Testing fix: Original errors: 2, Fixed errors: 2
2025-04-13 10:00:13 - INFO - Result: False (introduced 1 new errors)
2025-04-13 10:00:13 - DEBUG - === New errors detail ===
2025-04-13 10:00:13 - DEBUG - New Error 1: line 11, type: simp_failed, message: simp made no progress
2025-04-13 10:00:13 - INFO - Testing fragment: norm_num
2025-04-13 10:00:13 - INFO - Original error line:     rw [← add_mul, mul_comm 4 k, add_mul]
2025-04-13 10:00:15 - INFO - Testing fix: Original errors: 2, Fixed errors: 2
2025-04-13 10:00:15 - INFO - Result: False (introduced 1 new errors)
2025-04-13 10:00:15 - DEBUG - === New errors detail ===
2025-04-13 10:00:15 - DEBUG - New Error 1: line 13, type: rewrite_failed, message: tactic 'rewrite' failed, did not find instance of the pattern in the target expression
  ?m.2523 * ?a / (?m.2523 * ?b)
k : ℕ
⊢ (4 * ↑k + 4) / (4 * ↑k) = (↑k + 1) / ↑k
2025-04-13 10:00:15 - INFO - Testing fragment: ring
2025-04-13 10:00:15 - INFO - Original error line:     rw [← add_mul, mul_comm 4 k, add_mul]
2025-04-13 10:00:17 - INFO - Testing fix: Original errors: 2, Fixed errors: 2
2025-04-13 10:00:17 - INFO - Result: False (introduced 1 new errors)
2025-04-13 10:00:17 - DEBUG - === New errors detail ===
2025-04-13 10:00:17 - DEBUG - New Error 1: line 13, type: no_goals_to_solve, message: no goals to be solved
2025-04-13 10:00:17 - INFO - Testing fragment: ring_nf
2025-04-13 10:00:17 - INFO - Original error line:     rw [← add_mul, mul_comm 4 k, add_mul]
2025-04-13 10:00:19 - INFO - Testing fix: Original errors: 2, Fixed errors: 2
2025-04-13 10:00:19 - INFO - Result: False (introduced 1 new errors)
2025-04-13 10:00:19 - DEBUG - === New errors detail ===
2025-04-13 10:00:19 - DEBUG - New Error 1: line 13, type: no_goals_to_solve, message: no goals to be solved
2025-04-13 10:00:19 - INFO - Testing fragment: omega
2025-04-13 10:00:19 - INFO - Original error line:     rw [← add_mul, mul_comm 4 k, add_mul]
2025-04-13 10:00:21 - INFO - Testing fix: Original errors: 2, Fixed errors: 2
2025-04-13 10:00:21 - INFO - Result: False (introduced 1 new errors)
2025-04-13 10:00:21 - DEBUG - === New errors detail ===
2025-04-13 10:00:21 - DEBUG - New Error 1: line 11, type: other_error, message: omega could not prove the goal:
No usable constraints found. You may need to unfold definitions so `omega` can see linear arithmetic facts about `Nat` and `Int`, which may also involve multiplication, division, and modular remainder by constants.
2025-04-13 10:00:21 - INFO - Testing fragment: linarith
2025-04-13 10:00:21 - INFO - Original error line:     rw [← add_mul, mul_comm 4 k, add_mul]
2025-04-13 10:00:23 - INFO - Testing fix: Original errors: 2, Fixed errors: 2
2025-04-13 10:00:23 - INFO - Result: False (introduced 1 new errors)
2025-04-13 10:00:23 - DEBUG - === New errors detail ===
2025-04-13 10:00:23 - DEBUG - New Error 1: line 11, type: linarith_failed, message: linarith failed to find a contradiction
case h1.h
k : ℕ
a✝ : (4 * ↑k + 4) / (4 * ↑k) < (↑k + 1) / ↑k
⊢ False
failed
2025-04-13 10:00:23 - INFO - Testing fragment: nlinarith
2025-04-13 10:00:23 - INFO - Original error line:     rw [← add_mul, mul_comm 4 k, add_mul]
2025-04-13 10:00:25 - INFO - Testing fix: Original errors: 2, Fixed errors: 2
2025-04-13 10:00:25 - INFO - Result: False (introduced 1 new errors)
2025-04-13 10:00:25 - DEBUG - === New errors detail ===
2025-04-13 10:00:25 - DEBUG - New Error 1: line 11, type: linarith_failed, message: linarith failed to find a contradiction
case h1.h
k : ℕ
a✝ : (4 * ↑k + 4) / (4 * ↑k) < (↑k + 1) / ↑k
⊢ False
failed
2025-04-13 10:00:25 - INFO - Failed attempt time: 22.05 seconds
2025-04-13 10:00:25 - INFO - ❌ Could not generate fix for error at line 11
2025-04-13 10:00:25 - INFO - 
Trying to fix error 2/2: line 20, type: type_mismatch
2025-04-13 10:00:25 - INFO - Error message: application type mismatch
  Finset.prod_congr rfl term_simplification
argument
  term_simplification...
2025-04-13 10:00:25 - INFO - Removed header content, remaining 58 lines of code
2025-04-13 10:00:25 - INFO - Using specified target error line: 20
2025-04-13 10:00:26 - INFO - Found error at specified line: application type mismatch
  Finset.prod_congr rfl term_simplification
argument
  term_simplification
has type
  ∀ (k : ℕ), (4 * ↑k + 4) / (4 * ↑k) = (↑k + 1) / ↑k : Prop
but is expected to have type
  ∀ x ∈ Finset.Icc 1 501, (4 * ↑x + 4) / (4 * ↑x) = ?m.2207 x : Prop
2025-04-13 10:00:26 - INFO - Error at line 20: application type mismatch
  Finset.prod_congr rfl term_simplification
argument
  term_simplification
has type
  ∀ (k : ℕ), (4 * ↑k + 4) / (4 * ↑k) = (↑k + 1) / ↑k : Prop
but is expected to have type
  ∀ x ∈ Finset.Icc 1 501, (4 * ↑x + 4) / (4 * ↑x) = ?m.2207 x : Prop
2025-04-13 10:00:26 - INFO - 
==================================================
2025-04-13 10:00:26 - INFO - Code prepared, starting synthesis
2025-04-13 10:00:26 - INFO - Before part: /-- Which of the following is equal to the [[product]]
$\frac{8}{4}\cdot\frac{12}{8}\cdot\frac{16}{12}\cdot\cdots\cdot\frac{4n+4}{4n}\cdot\cdots\cdot\frac{2008}{2004}?$

$\textbf{(A)}\ 251\qquad\textbf{(B)}\ 502\qquad\textbf{(C)}\ 1004\qquad\textbf{(D)}\ 2008\qquad\textbf{(E)}\ 4016$ Show that it is \textbf{(B)}.-/
theorem amc12a_2008_p4 : (∏ k in Finset.Icc (1 : ℕ) 501, ((4 : ℝ) * k + 4) / (4 * k)) = 502 := by
  -- First, we simplify the general term of the product
  -- The term is (4k + 4)/(4k) which can be rewritten as 4(k + 1)/(4k) = (k + 1)/k
  have term_simplification : ∀ k : ℕ, ((4 : ℝ) * k + 4) / (4 * k) = (k + 1)/k := by
    intro k
    -- Factor out 4 from numerator
    rw [← add_mul, mul_comm 4 k, add_mul]
    -- Simplify numerator and denominator
    rw [mul_div_mul_left]
    -- The 4's cancel out
    exact (div_self (by norm_num : (4 : ℝ) ≠ 0)).symm ▸ rfl
    -- Ensure denominator is non-zero (k ≥ 1 in our product range)
    exact mul_ne_zero four_ne_zero (Nat.cast_ne_zero.mpr (k.ne_of_gt (Nat.pos_of_mem_Icc (k ∈ Finset.Icc 1 501))))
  
  -- Rewrite the product using the simplified term
2025-04-13 10:00:26 - INFO - Error line:   rw [Finset.prod_congr rfl term_simplification]
2025-04-13 10:00:26 - INFO - After part: -- Now we have a telescoping product ∏_{k=1}^501 (k+1)/k
  -- This can be written as (2/1) * (3/2) * (4/3) * ... * (502/501)
  -- Most terms cancel out, leaving just 502/1 = 502
  
  -- To formalize this, we use the theorem Finset.prod_range_div which states:
  -- ∏ i in range n, (f (i + 1) / f i) = f n / f 0 when f 0 ≠ 0
  -- Here, we adapt it to our Icc case
  
  -- First, convert Icc to range
  rw [Finset.Icc_eq_range, Finset.range_add_one]
  
  -- Now we have ∏ k in range 501, (k + 2)/(k + 1)
  -- We can rewrite this as ∏ k in range 501, f (k + 1)/f k where f k = k + 1
  have telescoping : (∏ k in Finset.range 501, ((k + 1) + 1)/(k + 1)) = 
      ((501 + 1) + 1)/(0 + 1) := by
    -- Apply the telescoping product theorem
    refine Finset.prod_range_div (fun n => (n + 1 : ℝ)) ?_
    -- Show the base case is non-zero (f 0 = 1 ≠ 0)
    norm_num
  
  -- Simplify the telescoping result
  rw [telescoping]
  -- The numerator is 502 + 1 = 503, but this seems wrong - we need to re-examine our indexing
  
  -- Actually, we made an indexing mistake. Let's correct the approach:
  
  -- The product ∏_{k=1}^n (k+1)/k = n+1
  -- Here n = 501, so the product should be 502
  
  -- Alternative approach using Finset.prod_range_succ:
  rw [Finset.Icc_eq_range, Finset.prod_range_add_one]
  simp only [Nat.cast_add, Nat.cast_one, add_le_iff_nonpos_right, nonpos_iff_eq_zero, 
    Finset.range_zero, Finset.prod_empty, div_one, one_mul]
  
  -- Now we have (501 + 1)/1 = 502
  norm_cast
  simp
2025-04-13 10:00:26 - INFO - ==================================================

2025-04-13 10:00:27 - INFO - Testing fragment: rw [justaplaceholder]
2025-04-13 10:00:27 - INFO - Original error line:   rw [Finset.prod_congr rfl term_simplification]
2025-04-13 10:00:29 - INFO - Testing fix: Original errors: 2, Fixed errors: 3
2025-04-13 10:00:29 - INFO - Result: False (introduced 2 new errors)
2025-04-13 10:00:29 - DEBUG - === New errors detail ===
2025-04-13 10:00:29 - DEBUG - New Error 1: line 20, type: unknown_identifier, message: unknown identifier 'justaplaceholder'
2025-04-13 10:00:29 - DEBUG - New Error 2: line 20, type: rewrite_failed, message: tactic 'rewrite' failed, equality or iff proof expected
  ?m.2201
term_simplification : ∀ (k : ℕ), (4 * ↑k + 4) / (4 * ↑k) = (↑k + 1) / ↑k
⊢ ∏ k ∈ Finset.Icc 1 501, (4 * ↑k + 4) / (4 * ↑k) = 502
2025-04-13 10:00:29 - INFO - Testing fragment: rw [<- justaplaceholder]
2025-04-13 10:00:29 - INFO - Original error line:   rw [Finset.prod_congr rfl term_simplification]
2025-04-13 10:00:31 - INFO - Testing fix: Original errors: 2, Fixed errors: 3
2025-04-13 10:00:31 - INFO - Result: False (introduced 2 new errors)
2025-04-13 10:00:31 - DEBUG - === New errors detail ===
2025-04-13 10:00:31 - DEBUG - New Error 1: line 20, type: unknown_identifier, message: unknown identifier 'justaplaceholder'
2025-04-13 10:00:31 - DEBUG - New Error 2: line 20, type: rewrite_failed, message: tactic 'rewrite' failed, equality or iff proof expected
  ?m.2201
term_simplification : ∀ (k : ℕ), (4 * ↑k + 4) / (4 * ↑k) = (↑k + 1) / ↑k
⊢ ∏ k ∈ Finset.Icc 1 501, (4 * ↑k + 4) / (4 * ↑k) = 502
2025-04-13 10:00:31 - INFO - Testing fragment: simp
2025-04-13 10:00:31 - INFO - Original error line:   rw [Finset.prod_congr rfl term_simplification]
2025-04-13 10:00:33 - INFO - Testing fix: Original errors: 2, Fixed errors: 3
2025-04-13 10:00:33 - INFO - Result: False (introduced 2 new errors)
2025-04-13 10:00:33 - DEBUG - === New errors detail ===
2025-04-13 10:00:33 - DEBUG - New Error 1: line 31, type: unknown_constant, message: unknown constant 'Finset.Icc_eq_range'
2025-04-13 10:00:33 - DEBUG - New Error 2: line 31, type: rewrite_failed, message: tactic 'rewrite' failed, equality or iff proof expected
  ?m.8223
term_simplification : ∀ (k : ℕ), (4 * ↑k + 4) / (4 * ↑k) = (↑k + 1) / ↑k
⊢ (∏ x ∈ Finset.Icc 1 501, (4 * ↑x + 4)) / ∏ x ∈ Finset.Icc 1 501, 4 * ↑x = 502
2025-04-13 10:00:33 - INFO - Testing fragment: field_simp
2025-04-13 10:00:33 - INFO - Original error line:   rw [Finset.prod_congr rfl term_simplification]
2025-04-13 10:00:35 - INFO - Testing fix: Original errors: 2, Fixed errors: 3
2025-04-13 10:00:35 - INFO - Result: False (introduced 2 new errors)
2025-04-13 10:00:35 - DEBUG - === New errors detail ===
2025-04-13 10:00:35 - DEBUG - New Error 1: line 31, type: unknown_constant, message: unknown constant 'Finset.Icc_eq_range'
2025-04-13 10:00:35 - DEBUG - New Error 2: line 31, type: rewrite_failed, message: tactic 'rewrite' failed, equality or iff proof expected
  ?m.32225
term_simplification : ∀ (k : ℕ), (4 * ↑k + 4) / (4 * ↑k) = (↑k + 1) / ↑k
⊢ (∏ x ∈ Finset.Icc 1 501, (4 * ↑x + 4)) / ∏ x ∈ Finset.Icc 1 501, 4 * ↑x = 502
2025-04-13 10:00:35 - INFO - Testing fragment: norm_num
2025-04-13 10:00:35 - INFO - Original error line:   rw [Finset.prod_congr rfl term_simplification]
2025-04-13 10:00:37 - INFO - Testing fix: Original errors: 2, Fixed errors: 3
2025-04-13 10:00:37 - INFO - Result: False (introduced 2 new errors)
2025-04-13 10:00:37 - DEBUG - === New errors detail ===
2025-04-13 10:00:37 - DEBUG - New Error 1: line 31, type: unknown_constant, message: unknown constant 'Finset.Icc_eq_range'
2025-04-13 10:00:37 - DEBUG - New Error 2: line 31, type: rewrite_failed, message: tactic 'rewrite' failed, equality or iff proof expected
  ?m.7543
term_simplification : ∀ (k : ℕ), (4 * ↑k + 4) / (4 * ↑k) = (↑k + 1) / ↑k
⊢ (∏ x ∈ Finset.Icc 1 501, (4 * ↑x + 4)) / ∏ x ∈ Finset.Icc 1 501, 4 * ↑x = 502
2025-04-13 10:00:37 - INFO - Testing fragment: ring
2025-04-13 10:00:37 - INFO - Original error line:   rw [Finset.prod_congr rfl term_simplification]
2025-04-13 10:00:39 - INFO - Testing fix: Original errors: 2, Fixed errors: 4
2025-04-13 10:00:39 - INFO - Result: False (introduced 3 new errors)
2025-04-13 10:00:39 - DEBUG - === New errors detail ===
2025-04-13 10:00:39 - DEBUG - New Error 1: line 20, type: ring_failed, message: Try this: ring_nf
2025-04-13 10:00:39 - DEBUG - New Error 2: line 31, type: unknown_constant, message: unknown constant 'Finset.Icc_eq_range'
2025-04-13 10:00:39 - DEBUG - New Error 3: line 31, type: rewrite_failed, message: tactic 'rewrite' failed, equality or iff proof expected
  ?m.9965
term_simplification : ∀ (k : ℕ), (4 * ↑k + 4) / (4 * ↑k) = (↑k + 1) / ↑k
⊢ ∏ x ∈ Finset.Icc 1 501, (↑x * (↑x)⁻¹ + (↑x)⁻¹) = 502
2025-04-13 10:00:39 - INFO - Testing fragment: ring_nf
2025-04-13 10:00:39 - INFO - Original error line:   rw [Finset.prod_congr rfl term_simplification]
2025-04-13 10:00:41 - INFO - Testing fix: Original errors: 2, Fixed errors: 3
2025-04-13 10:00:41 - INFO - Result: False (introduced 2 new errors)
2025-04-13 10:00:41 - DEBUG - === New errors detail ===
2025-04-13 10:00:41 - DEBUG - New Error 1: line 31, type: unknown_constant, message: unknown constant 'Finset.Icc_eq_range'
2025-04-13 10:00:41 - DEBUG - New Error 2: line 31, type: rewrite_failed, message: tactic 'rewrite' failed, equality or iff proof expected
  ?m.9637
term_simplification : ∀ (k : ℕ), (4 * ↑k + 4) / (4 * ↑k) = (↑k + 1) / ↑k
⊢ ∏ x ∈ Finset.Icc 1 501, (↑x * (↑x)⁻¹ + (↑x)⁻¹) = 502
2025-04-13 10:00:41 - INFO - Testing fragment: omega
2025-04-13 10:00:41 - INFO - Original error line:   rw [Finset.prod_congr rfl term_simplification]
2025-04-13 10:00:43 - INFO - Testing fix: Original errors: 2, Fixed errors: 2
2025-04-13 10:00:43 - INFO - Result: False (introduced 1 new errors)
2025-04-13 10:00:43 - DEBUG - === New errors detail ===
2025-04-13 10:00:43 - DEBUG - New Error 1: line 20, type: other_error, message: omega could not prove the goal:
No usable constraints found. You may need to unfold definitions so `omega` can see linear arithmetic facts about `Nat` and `Int`, which may also involve multiplication, division, and modular remainder by constants.
2025-04-13 10:00:43 - INFO - Testing fragment: linarith
2025-04-13 10:00:43 - INFO - Original error line:   rw [Finset.prod_congr rfl term_simplification]
2025-04-13 10:00:45 - INFO - Testing fix: Original errors: 2, Fixed errors: 2
2025-04-13 10:00:45 - INFO - Result: False (introduced 1 new errors)
2025-04-13 10:00:45 - DEBUG - === New errors detail ===
2025-04-13 10:00:45 - DEBUG - New Error 1: line 20, type: linarith_failed, message: linarith failed to find a contradiction
case h1.h
term_simplification : ∀ (k : ℕ), (4 * ↑k + 4) / (4 * ↑k) = (↑k + 1) / ↑k
a✝ : ∏ k ∈ Finset.Icc 1 501, (4 * ↑k + 4) / (4 * ↑k) < 502
⊢ False
failed
2025-04-13 10:00:45 - INFO - Testing fragment: nlinarith
2025-04-13 10:00:45 - INFO - Original error line:   rw [Finset.prod_congr rfl term_simplification]
2025-04-13 10:00:47 - INFO - Testing fix: Original errors: 2, Fixed errors: 2
2025-04-13 10:00:47 - INFO - Result: False (introduced 1 new errors)
2025-04-13 10:00:47 - DEBUG - === New errors detail ===
2025-04-13 10:00:47 - DEBUG - New Error 1: line 20, type: linarith_failed, message: linarith failed to find a contradiction
case h1.h
term_simplification : ∀ (k : ℕ), (4 * ↑k + 4) / (4 * ↑k) = (↑k + 1) / ↑k
a✝ : ∏ k ∈ Finset.Icc 1 501, (4 * ↑k + 4) / (4 * ↑k) < 502
⊢ False
failed
2025-04-13 10:00:47 - INFO - Failed attempt time: 22.04 seconds
2025-04-13 10:00:47 - INFO - ❌ Could not generate fix for error at line 20
2025-04-13 10:00:48 - INFO - 
===== Fix attempt completed =====
2025-04-13 10:00:48 - INFO - Original errors: 2
2025-04-13 10:00:48 - INFO - Fixed errors: 0
2025-04-13 10:00:48 - INFO - Failed errors: 2
2025-04-13 10:00:48 - INFO - Remaining errors: 2
2025-04-13 10:00:48 - INFO - Total time: 46.09 seconds
2025-04-13 10:00:48 - INFO - 
Final fixed code:
2025-04-13 10:00:48 - INFO - ----------------------------------------
2025-04-13 10:00:48 - INFO - /-- Which of the following is equal to the [[product]]
$\frac{8}{4}\cdot\frac{12}{8}\cdot\frac{16}{12}\cdot\cdots\cdot\frac{4n+4}{4n}\cdot\cdots\cdot\frac{2008}{2004}?$

$\textbf{(A)}\ 251\qquad\textbf{(B)}\ 502\qquad\textbf{(C)}\ 1004\qquad\textbf{(D)}\ 2008\qquad\textbf{(E)}\ 4016$ Show that it is \textbf{(B)}.-/
theorem amc12a_2008_p4 : (∏ k in Finset.Icc (1 : ℕ) 501, ((4 : ℝ) * k + 4) / (4 * k)) = 502 := by
  -- First, we simplify the general term of the product
  -- The term is (4k + 4)/(4k) which can be rewritten as 4(k + 1)/(4k) = (k + 1)/k
  have term_simplification : ∀ k : ℕ, ((4 : ℝ) * k + 4) / (4 * k) = (k + 1)/k := by
    intro k
    -- Factor out 4 from numerator
    rw [← add_mul, mul_comm 4 k, add_mul]
    -- Simplify numerator and denominator
    rw [mul_div_mul_left]
    -- The 4's cancel out
    exact (div_self (by norm_num : (4 : ℝ) ≠ 0)).symm ▸ rfl
    -- Ensure denominator is non-zero (k ≥ 1 in our product range)
    exact mul_ne_zero four_ne_zero (Nat.cast_ne_zero.mpr (k.ne_of_gt (Nat.pos_of_mem_Icc (k ∈ Finset.Icc 1 501))))
  
  -- Rewrite the product using the simplified term
  rw [Finset.prod_congr rfl term_simplification]
  
  -- Now we have a telescoping product ∏_{k=1}^501 (k+1)/k
  -- This can be written as (2/1) * (3/2) * (4/3) * ... * (502/501)
  -- Most terms cancel out, leaving just 502/1 = 502
  
  -- To formalize this, we use the theorem Finset.prod_range_div which states:
  -- ∏ i in range n, (f (i + 1) / f i) = f n / f 0 when f 0 ≠ 0
  -- Here, we adapt it to our Icc case
  
  -- First, convert Icc to range
  rw [Finset.Icc_eq_range, Finset.range_add_one]
  
  -- Now we have ∏ k in range 501, (k + 2)/(k + 1)
  -- We can rewrite this as ∏ k in range 501, f (k + 1)/f k where f k = k + 1
  have telescoping : (∏ k in Finset.range 501, ((k + 1) + 1)/(k + 1)) = 
      ((501 + 1) + 1)/(0 + 1) := by
    -- Apply the telescoping product theorem
    refine Finset.prod_range_div (fun n => (n + 1 : ℝ)) ?_
    -- Show the base case is non-zero (f 0 = 1 ≠ 0)
    norm_num
  
  -- Simplify the telescoping result
  rw [telescoping]
  -- The numerator is 502 + 1 = 503, but this seems wrong - we need to re-examine our indexing
  
  -- Actually, we made an indexing mistake. Let's correct the approach:
  
  -- The product ∏_{k=1}^n (k+1)/k = n+1
  -- Here n = 501, so the product should be 502
  
  -- Alternative approach using Finset.prod_range_succ:
  rw [Finset.Icc_eq_range, Finset.prod_range_add_one]
  simp only [Nat.cast_add, Nat.cast_one, add_le_iff_nonpos_right, nonpos_iff_eq_zero, 
    Finset.range_zero, Finset.prod_empty, div_one, one_mul]
  
  -- Now we have (501 + 1)/1 = 502
  norm_cast
  simp
2025-04-13 10:00:48 - INFO - ----------------------------------------
2025-04-13 10:00:48 - INFO - 
Detailed error repair report:
2025-04-13 10:00:48 - INFO - Original code error count: 2
❌ Fixed error 1/2: Could not generate fix for error at line 11 «rewrite_failed» (after 22.05s)
❌ Fixed error 2/2: Could not generate fix for error at line 20 «type_mismatch» (after 22.04s)

=== Fix statistics ===
Original error count: 2
Fixed errors: 0 (Fix rate: 0.0000)
Failed errors: 2
Remaining errors: 2
Total time: 46.09 seconds

=== Failed fix details ===

Failed fix 1:
   Line: 11
   Error type: rewrite_failed
   Original error message: tactic 'rewrite' failed, did not find instance of the pattern in the target expression
  ?a * ?c + ?...
   Failure reason: Could not generate fix
   Time: 22.05 seconds

Failed fix 2:
   Line: 20
   Error type: type_mismatch
   Original error message: application type mismatch
  Finset.prod_congr rfl term_simplification
argument
  term_simplification...
   Failure reason: Could not generate fix
   Time: 22.04 seconds
2025-04-13 10:00:48 - INFO - 
Fixed code saved to: ./minif2f/lean_fixed/16_fixed.lean
2025-04-13 10:00:48 - INFO - JSON log saved to: ./minif2f/lean_fixed/16_fix_log.json
2025-04-13 10:00:48 - INFO - 
===== LOG FILE LOCATION =====
2025-04-13 10:00:48 - INFO - Detailed log file is available at: ./minif2f/lean_fixed/16.log
2025-04-13 10:00:48 - INFO - ===============================
2025-04-13 10:16:31 - INFO - Log file initialized at 2025-04-13T10:16:31.347093
2025-04-13 10:16:31 - INFO - ===== LOG FILE LOCATION =====
2025-04-13 10:16:31 - INFO - Detailed log file created at: ./minif2f/lean_fixed/16.log
2025-04-13 10:16:31 - INFO - ===============================
2025-04-13 10:16:31 - INFO - Original code:
2025-04-13 10:16:31 - INFO - ----------------------------------------
2025-04-13 10:16:31 - INFO - import Mathlib
import Aesop

set_option maxHeartbeats 0

open BigOperators Real Nat Topology Rat

/-- Which of the following is equal to the [[product]]
$\frac{8}{4}\cdot\frac{12}{8}\cdot\frac{16}{12}\cdot\cdots\cdot\frac{4n+4}{4n}\cdot\cdots\cdot\frac{2008}{2004}?$

$\textbf{(A)}\ 251\qquad\textbf{(B)}\ 502\qquad\textbf{(C)}\ 1004\qquad\textbf{(D)}\ 2008\qquad\textbf{(E)}\ 4016$ Show that it is \textbf{(B)}.-/
theorem amc12a_2008_p4 : (∏ k in Finset.Icc (1 : ℕ) 501, ((4 : ℝ) * k + 4) / (4 * k)) = 502 := by
  -- First, we simplify the general term of the product
  -- The term is (4k + 4)/(4k) which can be rewritten as 4(k + 1)/(4k) = (k + 1)/k
  have term_simplification : ∀ k : ℕ, ((4 : ℝ) * k + 4) / (4 * k) = (k + 1)/k := by
    intro k
    -- Factor out 4 from numerator
    rw [← add_mul, mul_comm 4 k, add_mul]
    -- Simplify numerator and denominator
    rw [mul_div_mul_left]
    -- The 4's cancel out
    exact (div_self (by norm_num : (4 : ℝ) ≠ 0)).symm ▸ rfl
    -- Ensure denominator is non-zero (k ≥ 1 in our product range)
    exact mul_ne_zero four_ne_zero (Nat.cast_ne_zero.mpr (k.ne_of_gt (Nat.pos_of_mem_Icc (k ∈ Finset.Icc 1 501))))
  
  -- Rewrite the product using the simplified term
  rw [Finset.prod_congr rfl term_simplification]
  
  -- Now we have a telescoping product ∏_{k=1}^501 (k+1)/k
  -- This can be written as (2/1) * (3/2) * (4/3) * ... * (502/501)
  -- Most terms cancel out, leaving just 502/1 = 502
  
  -- To formalize this, we use the theorem Finset.prod_range_div which states:
  -- ∏ i in range n, (f (i + 1) / f i) = f n / f 0 when f 0 ≠ 0
  -- Here, we adapt it to our Icc case
  
  -- First, convert Icc to range
  rw [Finset.Icc_eq_range, Finset.range_add_one]
  
  -- Now we have ∏ k in range 501, (k + 2)/(k + 1)
  -- We can rewrite this as ∏ k in range 501, f (k + 1)/f k where f k = k + 1
  have telescoping : (∏ k in Finset.range 501, ((k + 1) + 1)/(k + 1)) = 
      ((501 + 1) + 1)/(0 + 1) := by
    -- Apply the telescoping product theorem
    refine Finset.prod_range_div (fun n => (n + 1 : ℝ)) ?_
    -- Show the base case is non-zero (f 0 = 1 ≠ 0)
    norm_num
  
  -- Simplify the telescoping result
  rw [telescoping]
  -- The numerator is 502 + 1 = 503, but this seems wrong - we need to re-examine our indexing
  
  -- Actually, we made an indexing mistake. Let's correct the approach:
  
  -- The product ∏_{k=1}^n (k+1)/k = n+1
  -- Here n = 501, so the product should be 502
  
  -- Alternative approach using Finset.prod_range_succ:
  rw [Finset.Icc_eq_range, Finset.prod_range_add_one]
  simp only [Nat.cast_add, Nat.cast_one, add_le_iff_nonpos_right, nonpos_iff_eq_zero, 
    Finset.range_zero, Finset.prod_empty, div_one, one_mul]
  
  -- Now we have (501 + 1)/1 = 502
  norm_cast
  simp
2025-04-13 10:16:31 - INFO - ----------------------------------------
2025-04-13 10:16:31 - INFO - 
Checking original code for all errors...
2025-04-13 10:16:37 - INFO - Original code contains 2 errors:
2025-04-13 10:16:37 - INFO - Error 1: line 11, type: rewrite_failed, message: tactic 'rewrite' failed, did not find instance of the pattern in the target expression
  ?a * ?c + ?...
2025-04-13 10:16:37 - INFO - Error 2: line 20, type: type_mismatch, message: application type mismatch
  Finset.prod_congr rfl term_simplification
argument
  term_simplification...
2025-04-13 10:16:37 - INFO - 
Starting multi-error continuous repair process...
2025-04-13 10:16:37 - INFO - 
===== Starting to fix all errors =====
2025-04-13 10:16:38 - INFO - 
Found 2 original errors:
2025-04-13 10:16:38 - INFO - Error 1: line 11, type: rewrite_failed, message: tactic 'rewrite' failed, did not find instance of the pattern in the target expression
  ?a * ?c + ?...
2025-04-13 10:16:38 - INFO - Error 2: line 20, type: type_mismatch, message: application type mismatch
  Finset.prod_congr rfl term_simplification
argument
  term_simplification...
2025-04-13 10:16:38 - INFO - 
Trying to fix error 1/2: line 11, type: rewrite_failed
2025-04-13 10:16:38 - INFO - Error message: tactic 'rewrite' failed, did not find instance of the pattern in the target expression
  ?a * ?c + ?...
2025-04-13 10:16:38 - INFO - Removed header content, remaining 58 lines of code
2025-04-13 10:16:38 - INFO - Using specified target error line: 11
2025-04-13 10:16:39 - INFO - Found error at specified line: tactic 'rewrite' failed, did not find instance of the pattern in the target expression
  ?a * ?c + ?b * ?c
k : ℕ
⊢ (4 * ↑k + 4) / (4 * ↑k) = (↑k + 1) / ↑k
2025-04-13 10:16:39 - INFO - Error at line 11: tactic 'rewrite' failed, did not find instance of the pattern in the target expression
  ?a * ?c + ?b * ?c
k : ℕ
⊢ (4 * ↑k + 4) / (4 * ↑k) = (↑k + 1) / ↑k
2025-04-13 10:16:39 - INFO - 
==================================================
2025-04-13 10:16:39 - INFO - Code prepared, starting synthesis
2025-04-13 10:16:39 - INFO - Before part: /-- Which of the following is equal to the [[product]]
$\frac{8}{4}\cdot\frac{12}{8}\cdot\frac{16}{12}\cdot\cdots\cdot\frac{4n+4}{4n}\cdot\cdots\cdot\frac{2008}{2004}?$

$\textbf{(A)}\ 251\qquad\textbf{(B)}\ 502\qquad\textbf{(C)}\ 1004\qquad\textbf{(D)}\ 2008\qquad\textbf{(E)}\ 4016$ Show that it is \textbf{(B)}.-/
theorem amc12a_2008_p4 : (∏ k in Finset.Icc (1 : ℕ) 501, ((4 : ℝ) * k + 4) / (4 * k)) = 502 := by
  -- First, we simplify the general term of the product
  -- The term is (4k + 4)/(4k) which can be rewritten as 4(k + 1)/(4k) = (k + 1)/k
  have term_simplification : ∀ k : ℕ, ((4 : ℝ) * k + 4) / (4 * k) = (k + 1)/k := by
    intro k
    -- Factor out 4 from numerator
2025-04-13 10:16:39 - INFO - Error line:     rw [← add_mul, mul_comm 4 k, add_mul]
2025-04-13 10:16:39 - INFO - After part: -- Simplify numerator and denominator
    rw [mul_div_mul_left]
    -- The 4's cancel out
    exact (div_self (by norm_num : (4 : ℝ) ≠ 0)).symm ▸ rfl
    -- Ensure denominator is non-zero (k ≥ 1 in our product range)
    exact mul_ne_zero four_ne_zero (Nat.cast_ne_zero.mpr (k.ne_of_gt (Nat.pos_of_mem_Icc (k ∈ Finset.Icc 1 501))))
  
  -- Rewrite the product using the simplified term
  rw [Finset.prod_congr rfl term_simplification]
  
  -- Now we have a telescoping product ∏_{k=1}^501 (k+1)/k
  -- This can be written as (2/1) * (3/2) * (4/3) * ... * (502/501)
  -- Most terms cancel out, leaving just 502/1 = 502
  
  -- To formalize this, we use the theorem Finset.prod_range_div which states:
  -- ∏ i in range n, (f (i + 1) / f i) = f n / f 0 when f 0 ≠ 0
  -- Here, we adapt it to our Icc case
  
  -- First, convert Icc to range
  rw [Finset.Icc_eq_range, Finset.range_add_one]
  
  -- Now we have ∏ k in range 501, (k + 2)/(k + 1)
  -- We can rewrite this as ∏ k in range 501, f (k + 1)/f k where f k = k + 1
  have telescoping : (∏ k in Finset.range 501, ((k + 1) + 1)/(k + 1)) = 
      ((501 + 1) + 1)/(0 + 1) := by
    -- Apply the telescoping product theorem
    refine Finset.prod_range_div (fun n => (n + 1 : ℝ)) ?_
    -- Show the base case is non-zero (f 0 = 1 ≠ 0)
    norm_num
  
  -- Simplify the telescoping result
  rw [telescoping]
  -- The numerator is 502 + 1 = 503, but this seems wrong - we need to re-examine our indexing
  
  -- Actually, we made an indexing mistake. Let's correct the approach:
  
  -- The product ∏_{k=1}^n (k+1)/k = n+1
  -- Here n = 501, so the product should be 502
  
  -- Alternative approach using Finset.prod_range_succ:
  rw [Finset.Icc_eq_range, Finset.prod_range_add_one]
  simp only [Nat.cast_add, Nat.cast_one, add_le_iff_nonpos_right, nonpos_iff_eq_zero, 
    Finset.range_zero, Finset.prod_empty, div_one, one_mul]
  
  -- Now we have (501 + 1)/1 = 502
  norm_cast
  simp
2025-04-13 10:16:39 - INFO - ==================================================

2025-04-13 10:16:40 - INFO - Testing fragment: rw [justaplaceholder]
2025-04-13 10:16:40 - INFO - Original error line:     rw [← add_mul, mul_comm 4 k, add_mul]
2025-04-13 10:16:42 - INFO - Testing fix: Original errors: 2, Fixed errors: 3
2025-04-13 10:16:42 - INFO - Result: False (introduced 2 new errors)
2025-04-13 10:16:42 - DEBUG - === New errors detail ===
2025-04-13 10:16:42 - DEBUG - New Error 1: line 11, type: unknown_identifier, message: unknown identifier 'justaplaceholder'
2025-04-13 10:16:42 - DEBUG - New Error 2: line 11, type: rewrite_failed, message: tactic 'rewrite' failed, equality or iff proof expected
  ?m.1181
k : ℕ
⊢ (4 * ↑k + 4) / (4 * ↑k) = (↑k + 1) / ↑k
2025-04-13 10:16:42 - INFO - Testing fragment: rw [<- justaplaceholder]
2025-04-13 10:16:42 - INFO - Original error line:     rw [← add_mul, mul_comm 4 k, add_mul]
2025-04-13 10:16:44 - INFO - Testing fix: Original errors: 2, Fixed errors: 3
2025-04-13 10:16:44 - INFO - Result: False (introduced 2 new errors)
2025-04-13 10:16:44 - DEBUG - === New errors detail ===
2025-04-13 10:16:44 - DEBUG - New Error 1: line 11, type: unknown_identifier, message: unknown identifier 'justaplaceholder'
2025-04-13 10:16:44 - DEBUG - New Error 2: line 11, type: rewrite_failed, message: tactic 'rewrite' failed, equality or iff proof expected
  ?m.1181
k : ℕ
⊢ (4 * ↑k + 4) / (4 * ↑k) = (↑k + 1) / ↑k
2025-04-13 10:16:44 - INFO - Testing fragment: simp
2025-04-13 10:16:44 - INFO - Original error line:     rw [← add_mul, mul_comm 4 k, add_mul]
2025-04-13 10:16:46 - INFO - Testing fix: Original errors: 2, Fixed errors: 2
2025-04-13 10:16:46 - INFO - Result: False (introduced 1 new errors)
2025-04-13 10:16:46 - DEBUG - === New errors detail ===
2025-04-13 10:16:46 - DEBUG - New Error 1: line 11, type: simp_failed, message: simp made no progress
2025-04-13 10:16:46 - INFO - Testing fragment: field_simp
2025-04-13 10:16:46 - INFO - Original error line:     rw [← add_mul, mul_comm 4 k, add_mul]
2025-04-13 10:16:48 - INFO - Testing fix: Original errors: 2, Fixed errors: 2
2025-04-13 10:16:48 - INFO - Result: False (introduced 1 new errors)
2025-04-13 10:16:48 - DEBUG - === New errors detail ===
2025-04-13 10:16:48 - DEBUG - New Error 1: line 11, type: simp_failed, message: simp made no progress
2025-04-13 10:16:48 - INFO - Testing fragment: norm_num
2025-04-13 10:16:48 - INFO - Original error line:     rw [← add_mul, mul_comm 4 k, add_mul]
2025-04-13 10:16:50 - INFO - Testing fix: Original errors: 2, Fixed errors: 2
2025-04-13 10:16:50 - INFO - Result: False (introduced 1 new errors)
2025-04-13 10:16:50 - DEBUG - === New errors detail ===
2025-04-13 10:16:50 - DEBUG - New Error 1: line 13, type: rewrite_failed, message: tactic 'rewrite' failed, did not find instance of the pattern in the target expression
  ?m.2523 * ?a / (?m.2523 * ?b)
k : ℕ
⊢ (4 * ↑k + 4) / (4 * ↑k) = (↑k + 1) / ↑k
2025-04-13 10:16:50 - INFO - Testing fragment: ring
2025-04-13 10:16:50 - INFO - Original error line:     rw [← add_mul, mul_comm 4 k, add_mul]
2025-04-13 10:16:52 - INFO - Testing fix: Original errors: 2, Fixed errors: 2
2025-04-13 10:16:52 - INFO - Result: False (introduced 1 new errors)
2025-04-13 10:16:52 - DEBUG - === New errors detail ===
2025-04-13 10:16:52 - DEBUG - New Error 1: line 13, type: no_goals_to_solve, message: no goals to be solved
2025-04-13 10:16:52 - INFO - Testing fragment: ring_nf
2025-04-13 10:16:52 - INFO - Original error line:     rw [← add_mul, mul_comm 4 k, add_mul]
2025-04-13 10:16:54 - INFO - Testing fix: Original errors: 2, Fixed errors: 2
2025-04-13 10:16:54 - INFO - Result: False (introduced 1 new errors)
2025-04-13 10:16:54 - DEBUG - === New errors detail ===
2025-04-13 10:16:54 - DEBUG - New Error 1: line 13, type: no_goals_to_solve, message: no goals to be solved
2025-04-13 10:16:54 - INFO - Testing fragment: omega
2025-04-13 10:16:54 - INFO - Original error line:     rw [← add_mul, mul_comm 4 k, add_mul]
2025-04-13 10:16:56 - INFO - Testing fix: Original errors: 2, Fixed errors: 2
2025-04-13 10:16:56 - INFO - Result: False (introduced 1 new errors)
2025-04-13 10:16:56 - DEBUG - === New errors detail ===
2025-04-13 10:16:56 - DEBUG - New Error 1: line 11, type: other_error, message: omega could not prove the goal:
No usable constraints found. You may need to unfold definitions so `omega` can see linear arithmetic facts about `Nat` and `Int`, which may also involve multiplication, division, and modular remainder by constants.
2025-04-13 10:16:56 - INFO - Testing fragment: linarith
2025-04-13 10:16:56 - INFO - Original error line:     rw [← add_mul, mul_comm 4 k, add_mul]
2025-04-13 10:16:58 - INFO - Testing fix: Original errors: 2, Fixed errors: 2
2025-04-13 10:16:58 - INFO - Result: False (introduced 1 new errors)
2025-04-13 10:16:58 - DEBUG - === New errors detail ===
2025-04-13 10:16:58 - DEBUG - New Error 1: line 11, type: linarith_failed, message: linarith failed to find a contradiction
case h1.h
k : ℕ
a✝ : (4 * ↑k + 4) / (4 * ↑k) < (↑k + 1) / ↑k
⊢ False
failed
2025-04-13 10:16:58 - INFO - Testing fragment: nlinarith
2025-04-13 10:16:58 - INFO - Original error line:     rw [← add_mul, mul_comm 4 k, add_mul]
2025-04-13 10:17:00 - INFO - Testing fix: Original errors: 2, Fixed errors: 2
2025-04-13 10:17:00 - INFO - Result: False (introduced 1 new errors)
2025-04-13 10:17:00 - DEBUG - === New errors detail ===
2025-04-13 10:17:00 - DEBUG - New Error 1: line 11, type: linarith_failed, message: linarith failed to find a contradiction
case h1.h
k : ℕ
a✝ : (4 * ↑k + 4) / (4 * ↑k) < (↑k + 1) / ↑k
⊢ False
failed
2025-04-13 10:17:00 - INFO - Failed attempt time: 22.04 seconds
2025-04-13 10:17:00 - INFO - ❌ Could not generate fix for error at line 11
2025-04-13 10:17:00 - INFO - 
Trying to fix error 2/2: line 20, type: type_mismatch
2025-04-13 10:17:00 - INFO - Error message: application type mismatch
  Finset.prod_congr rfl term_simplification
argument
  term_simplification...
2025-04-13 10:17:00 - INFO - Removed header content, remaining 58 lines of code
2025-04-13 10:17:00 - INFO - Using specified target error line: 20
2025-04-13 10:17:01 - INFO - Found error at specified line: application type mismatch
  Finset.prod_congr rfl term_simplification
argument
  term_simplification
has type
  ∀ (k : ℕ), (4 * ↑k + 4) / (4 * ↑k) = (↑k + 1) / ↑k : Prop
but is expected to have type
  ∀ x ∈ Finset.Icc 1 501, (4 * ↑x + 4) / (4 * ↑x) = ?m.2207 x : Prop
2025-04-13 10:17:01 - INFO - Error at line 20: application type mismatch
  Finset.prod_congr rfl term_simplification
argument
  term_simplification
has type
  ∀ (k : ℕ), (4 * ↑k + 4) / (4 * ↑k) = (↑k + 1) / ↑k : Prop
but is expected to have type
  ∀ x ∈ Finset.Icc 1 501, (4 * ↑x + 4) / (4 * ↑x) = ?m.2207 x : Prop
2025-04-13 10:17:01 - INFO - 
==================================================
2025-04-13 10:17:01 - INFO - Code prepared, starting synthesis
2025-04-13 10:17:01 - INFO - Before part: /-- Which of the following is equal to the [[product]]
$\frac{8}{4}\cdot\frac{12}{8}\cdot\frac{16}{12}\cdot\cdots\cdot\frac{4n+4}{4n}\cdot\cdots\cdot\frac{2008}{2004}?$

$\textbf{(A)}\ 251\qquad\textbf{(B)}\ 502\qquad\textbf{(C)}\ 1004\qquad\textbf{(D)}\ 2008\qquad\textbf{(E)}\ 4016$ Show that it is \textbf{(B)}.-/
theorem amc12a_2008_p4 : (∏ k in Finset.Icc (1 : ℕ) 501, ((4 : ℝ) * k + 4) / (4 * k)) = 502 := by
  -- First, we simplify the general term of the product
  -- The term is (4k + 4)/(4k) which can be rewritten as 4(k + 1)/(4k) = (k + 1)/k
  have term_simplification : ∀ k : ℕ, ((4 : ℝ) * k + 4) / (4 * k) = (k + 1)/k := by
    intro k
    -- Factor out 4 from numerator
    rw [← add_mul, mul_comm 4 k, add_mul]
    -- Simplify numerator and denominator
    rw [mul_div_mul_left]
    -- The 4's cancel out
    exact (div_self (by norm_num : (4 : ℝ) ≠ 0)).symm ▸ rfl
    -- Ensure denominator is non-zero (k ≥ 1 in our product range)
    exact mul_ne_zero four_ne_zero (Nat.cast_ne_zero.mpr (k.ne_of_gt (Nat.pos_of_mem_Icc (k ∈ Finset.Icc 1 501))))
  
  -- Rewrite the product using the simplified term
2025-04-13 10:17:01 - INFO - Error line:   rw [Finset.prod_congr rfl term_simplification]
2025-04-13 10:17:01 - INFO - After part: -- Now we have a telescoping product ∏_{k=1}^501 (k+1)/k
  -- This can be written as (2/1) * (3/2) * (4/3) * ... * (502/501)
  -- Most terms cancel out, leaving just 502/1 = 502
  
  -- To formalize this, we use the theorem Finset.prod_range_div which states:
  -- ∏ i in range n, (f (i + 1) / f i) = f n / f 0 when f 0 ≠ 0
  -- Here, we adapt it to our Icc case
  
  -- First, convert Icc to range
  rw [Finset.Icc_eq_range, Finset.range_add_one]
  
  -- Now we have ∏ k in range 501, (k + 2)/(k + 1)
  -- We can rewrite this as ∏ k in range 501, f (k + 1)/f k where f k = k + 1
  have telescoping : (∏ k in Finset.range 501, ((k + 1) + 1)/(k + 1)) = 
      ((501 + 1) + 1)/(0 + 1) := by
    -- Apply the telescoping product theorem
    refine Finset.prod_range_div (fun n => (n + 1 : ℝ)) ?_
    -- Show the base case is non-zero (f 0 = 1 ≠ 0)
    norm_num
  
  -- Simplify the telescoping result
  rw [telescoping]
  -- The numerator is 502 + 1 = 503, but this seems wrong - we need to re-examine our indexing
  
  -- Actually, we made an indexing mistake. Let's correct the approach:
  
  -- The product ∏_{k=1}^n (k+1)/k = n+1
  -- Here n = 501, so the product should be 502
  
  -- Alternative approach using Finset.prod_range_succ:
  rw [Finset.Icc_eq_range, Finset.prod_range_add_one]
  simp only [Nat.cast_add, Nat.cast_one, add_le_iff_nonpos_right, nonpos_iff_eq_zero, 
    Finset.range_zero, Finset.prod_empty, div_one, one_mul]
  
  -- Now we have (501 + 1)/1 = 502
  norm_cast
  simp
2025-04-13 10:17:01 - INFO - ==================================================

2025-04-13 10:17:02 - INFO - Testing fragment: rw [justaplaceholder]
2025-04-13 10:17:02 - INFO - Original error line:   rw [Finset.prod_congr rfl term_simplification]
2025-04-13 10:17:04 - INFO - Testing fix: Original errors: 2, Fixed errors: 3
2025-04-13 10:17:04 - INFO - Result: False (introduced 2 new errors)
2025-04-13 10:17:04 - DEBUG - === New errors detail ===
2025-04-13 10:17:04 - DEBUG - New Error 1: line 20, type: unknown_identifier, message: unknown identifier 'justaplaceholder'
2025-04-13 10:17:04 - DEBUG - New Error 2: line 20, type: rewrite_failed, message: tactic 'rewrite' failed, equality or iff proof expected
  ?m.2201
term_simplification : ∀ (k : ℕ), (4 * ↑k + 4) / (4 * ↑k) = (↑k + 1) / ↑k
⊢ ∏ k ∈ Finset.Icc 1 501, (4 * ↑k + 4) / (4 * ↑k) = 502
2025-04-13 10:17:04 - INFO - Testing fragment: rw [<- justaplaceholder]
2025-04-13 10:17:04 - INFO - Original error line:   rw [Finset.prod_congr rfl term_simplification]
2025-04-13 10:17:06 - INFO - Testing fix: Original errors: 2, Fixed errors: 3
2025-04-13 10:17:06 - INFO - Result: False (introduced 2 new errors)
2025-04-13 10:17:06 - DEBUG - === New errors detail ===
2025-04-13 10:17:06 - DEBUG - New Error 1: line 20, type: unknown_identifier, message: unknown identifier 'justaplaceholder'
2025-04-13 10:17:06 - DEBUG - New Error 2: line 20, type: rewrite_failed, message: tactic 'rewrite' failed, equality or iff proof expected
  ?m.2201
term_simplification : ∀ (k : ℕ), (4 * ↑k + 4) / (4 * ↑k) = (↑k + 1) / ↑k
⊢ ∏ k ∈ Finset.Icc 1 501, (4 * ↑k + 4) / (4 * ↑k) = 502
2025-04-13 10:17:06 - INFO - Testing fragment: simp
2025-04-13 10:17:06 - INFO - Original error line:   rw [Finset.prod_congr rfl term_simplification]
2025-04-13 10:17:08 - INFO - Testing fix: Original errors: 2, Fixed errors: 3
2025-04-13 10:17:08 - INFO - Result: False (introduced 2 new errors)
2025-04-13 10:17:08 - DEBUG - === New errors detail ===
2025-04-13 10:17:08 - DEBUG - New Error 1: line 31, type: unknown_constant, message: unknown constant 'Finset.Icc_eq_range'
2025-04-13 10:17:08 - DEBUG - New Error 2: line 31, type: rewrite_failed, message: tactic 'rewrite' failed, equality or iff proof expected
  ?m.8223
term_simplification : ∀ (k : ℕ), (4 * ↑k + 4) / (4 * ↑k) = (↑k + 1) / ↑k
⊢ (∏ x ∈ Finset.Icc 1 501, (4 * ↑x + 4)) / ∏ x ∈ Finset.Icc 1 501, 4 * ↑x = 502
2025-04-13 10:17:08 - INFO - Testing fragment: field_simp
2025-04-13 10:17:08 - INFO - Original error line:   rw [Finset.prod_congr rfl term_simplification]
2025-04-13 10:17:10 - INFO - Testing fix: Original errors: 2, Fixed errors: 3
2025-04-13 10:17:10 - INFO - Result: False (introduced 2 new errors)
2025-04-13 10:17:10 - DEBUG - === New errors detail ===
2025-04-13 10:17:10 - DEBUG - New Error 1: line 31, type: unknown_constant, message: unknown constant 'Finset.Icc_eq_range'
2025-04-13 10:17:10 - DEBUG - New Error 2: line 31, type: rewrite_failed, message: tactic 'rewrite' failed, equality or iff proof expected
  ?m.32225
term_simplification : ∀ (k : ℕ), (4 * ↑k + 4) / (4 * ↑k) = (↑k + 1) / ↑k
⊢ (∏ x ∈ Finset.Icc 1 501, (4 * ↑x + 4)) / ∏ x ∈ Finset.Icc 1 501, 4 * ↑x = 502
2025-04-13 10:17:10 - INFO - Testing fragment: norm_num
2025-04-13 10:17:10 - INFO - Original error line:   rw [Finset.prod_congr rfl term_simplification]
2025-04-13 10:17:12 - INFO - Testing fix: Original errors: 2, Fixed errors: 3
2025-04-13 10:17:12 - INFO - Result: False (introduced 2 new errors)
2025-04-13 10:17:12 - DEBUG - === New errors detail ===
2025-04-13 10:17:12 - DEBUG - New Error 1: line 31, type: unknown_constant, message: unknown constant 'Finset.Icc_eq_range'
2025-04-13 10:17:12 - DEBUG - New Error 2: line 31, type: rewrite_failed, message: tactic 'rewrite' failed, equality or iff proof expected
  ?m.7543
term_simplification : ∀ (k : ℕ), (4 * ↑k + 4) / (4 * ↑k) = (↑k + 1) / ↑k
⊢ (∏ x ∈ Finset.Icc 1 501, (4 * ↑x + 4)) / ∏ x ∈ Finset.Icc 1 501, 4 * ↑x = 502
2025-04-13 10:17:12 - INFO - Testing fragment: ring
2025-04-13 10:17:12 - INFO - Original error line:   rw [Finset.prod_congr rfl term_simplification]
2025-04-13 10:17:14 - INFO - Testing fix: Original errors: 2, Fixed errors: 4
2025-04-13 10:17:14 - INFO - Result: False (introduced 3 new errors)
2025-04-13 10:17:14 - DEBUG - === New errors detail ===
2025-04-13 10:17:14 - DEBUG - New Error 1: line 20, type: ring_failed, message: Try this: ring_nf
2025-04-13 10:17:14 - DEBUG - New Error 2: line 31, type: unknown_constant, message: unknown constant 'Finset.Icc_eq_range'
2025-04-13 10:17:14 - DEBUG - New Error 3: line 31, type: rewrite_failed, message: tactic 'rewrite' failed, equality or iff proof expected
  ?m.9965
term_simplification : ∀ (k : ℕ), (4 * ↑k + 4) / (4 * ↑k) = (↑k + 1) / ↑k
⊢ ∏ x ∈ Finset.Icc 1 501, (↑x * (↑x)⁻¹ + (↑x)⁻¹) = 502
2025-04-13 10:17:14 - INFO - Testing fragment: ring_nf
2025-04-13 10:17:14 - INFO - Original error line:   rw [Finset.prod_congr rfl term_simplification]
2025-04-13 10:17:16 - INFO - Testing fix: Original errors: 2, Fixed errors: 3
2025-04-13 10:17:16 - INFO - Result: False (introduced 2 new errors)
2025-04-13 10:17:16 - DEBUG - === New errors detail ===
2025-04-13 10:17:16 - DEBUG - New Error 1: line 31, type: unknown_constant, message: unknown constant 'Finset.Icc_eq_range'
2025-04-13 10:17:16 - DEBUG - New Error 2: line 31, type: rewrite_failed, message: tactic 'rewrite' failed, equality or iff proof expected
  ?m.9637
term_simplification : ∀ (k : ℕ), (4 * ↑k + 4) / (4 * ↑k) = (↑k + 1) / ↑k
⊢ ∏ x ∈ Finset.Icc 1 501, (↑x * (↑x)⁻¹ + (↑x)⁻¹) = 502
2025-04-13 10:17:16 - INFO - Testing fragment: omega
2025-04-13 10:17:16 - INFO - Original error line:   rw [Finset.prod_congr rfl term_simplification]
2025-04-13 10:17:18 - INFO - Testing fix: Original errors: 2, Fixed errors: 2
2025-04-13 10:17:18 - INFO - Result: False (introduced 1 new errors)
2025-04-13 10:17:18 - DEBUG - === New errors detail ===
2025-04-13 10:17:18 - DEBUG - New Error 1: line 20, type: other_error, message: omega could not prove the goal:
No usable constraints found. You may need to unfold definitions so `omega` can see linear arithmetic facts about `Nat` and `Int`, which may also involve multiplication, division, and modular remainder by constants.
2025-04-13 10:17:18 - INFO - Testing fragment: linarith
2025-04-13 10:17:18 - INFO - Original error line:   rw [Finset.prod_congr rfl term_simplification]
2025-04-13 10:17:20 - INFO - Testing fix: Original errors: 2, Fixed errors: 2
2025-04-13 10:17:20 - INFO - Result: False (introduced 1 new errors)
2025-04-13 10:17:20 - DEBUG - === New errors detail ===
2025-04-13 10:17:20 - DEBUG - New Error 1: line 20, type: linarith_failed, message: linarith failed to find a contradiction
case h1.h
term_simplification : ∀ (k : ℕ), (4 * ↑k + 4) / (4 * ↑k) = (↑k + 1) / ↑k
a✝ : ∏ k ∈ Finset.Icc 1 501, (4 * ↑k + 4) / (4 * ↑k) < 502
⊢ False
failed
2025-04-13 10:17:20 - INFO - Testing fragment: nlinarith
2025-04-13 10:17:20 - INFO - Original error line:   rw [Finset.prod_congr rfl term_simplification]
2025-04-13 10:17:22 - INFO - Testing fix: Original errors: 2, Fixed errors: 2
2025-04-13 10:17:22 - INFO - Result: False (introduced 1 new errors)
2025-04-13 10:17:22 - DEBUG - === New errors detail ===
2025-04-13 10:17:22 - DEBUG - New Error 1: line 20, type: linarith_failed, message: linarith failed to find a contradiction
case h1.h
term_simplification : ∀ (k : ℕ), (4 * ↑k + 4) / (4 * ↑k) = (↑k + 1) / ↑k
a✝ : ∏ k ∈ Finset.Icc 1 501, (4 * ↑k + 4) / (4 * ↑k) < 502
⊢ False
failed
2025-04-13 10:17:22 - INFO - Failed attempt time: 22.04 seconds
2025-04-13 10:17:22 - INFO - ❌ Could not generate fix for error at line 20
2025-04-13 10:17:23 - INFO - 
===== Fix attempt completed =====
2025-04-13 10:17:23 - INFO - Original errors: 2
2025-04-13 10:17:23 - INFO - Fixed errors: 0
2025-04-13 10:17:23 - INFO - Failed errors: 2
2025-04-13 10:17:23 - INFO - Remaining errors: 2
2025-04-13 10:17:23 - INFO - Total time: 46.09 seconds
2025-04-13 10:17:23 - INFO - 
Final fixed code:
2025-04-13 10:17:23 - INFO - ----------------------------------------
2025-04-13 10:17:23 - INFO - /-- Which of the following is equal to the [[product]]
$\frac{8}{4}\cdot\frac{12}{8}\cdot\frac{16}{12}\cdot\cdots\cdot\frac{4n+4}{4n}\cdot\cdots\cdot\frac{2008}{2004}?$

$\textbf{(A)}\ 251\qquad\textbf{(B)}\ 502\qquad\textbf{(C)}\ 1004\qquad\textbf{(D)}\ 2008\qquad\textbf{(E)}\ 4016$ Show that it is \textbf{(B)}.-/
theorem amc12a_2008_p4 : (∏ k in Finset.Icc (1 : ℕ) 501, ((4 : ℝ) * k + 4) / (4 * k)) = 502 := by
  -- First, we simplify the general term of the product
  -- The term is (4k + 4)/(4k) which can be rewritten as 4(k + 1)/(4k) = (k + 1)/k
  have term_simplification : ∀ k : ℕ, ((4 : ℝ) * k + 4) / (4 * k) = (k + 1)/k := by
    intro k
    -- Factor out 4 from numerator
    rw [← add_mul, mul_comm 4 k, add_mul]
    -- Simplify numerator and denominator
    rw [mul_div_mul_left]
    -- The 4's cancel out
    exact (div_self (by norm_num : (4 : ℝ) ≠ 0)).symm ▸ rfl
    -- Ensure denominator is non-zero (k ≥ 1 in our product range)
    exact mul_ne_zero four_ne_zero (Nat.cast_ne_zero.mpr (k.ne_of_gt (Nat.pos_of_mem_Icc (k ∈ Finset.Icc 1 501))))
  
  -- Rewrite the product using the simplified term
  rw [Finset.prod_congr rfl term_simplification]
  
  -- Now we have a telescoping product ∏_{k=1}^501 (k+1)/k
  -- This can be written as (2/1) * (3/2) * (4/3) * ... * (502/501)
  -- Most terms cancel out, leaving just 502/1 = 502
  
  -- To formalize this, we use the theorem Finset.prod_range_div which states:
  -- ∏ i in range n, (f (i + 1) / f i) = f n / f 0 when f 0 ≠ 0
  -- Here, we adapt it to our Icc case
  
  -- First, convert Icc to range
  rw [Finset.Icc_eq_range, Finset.range_add_one]
  
  -- Now we have ∏ k in range 501, (k + 2)/(k + 1)
  -- We can rewrite this as ∏ k in range 501, f (k + 1)/f k where f k = k + 1
  have telescoping : (∏ k in Finset.range 501, ((k + 1) + 1)/(k + 1)) = 
      ((501 + 1) + 1)/(0 + 1) := by
    -- Apply the telescoping product theorem
    refine Finset.prod_range_div (fun n => (n + 1 : ℝ)) ?_
    -- Show the base case is non-zero (f 0 = 1 ≠ 0)
    norm_num
  
  -- Simplify the telescoping result
  rw [telescoping]
  -- The numerator is 502 + 1 = 503, but this seems wrong - we need to re-examine our indexing
  
  -- Actually, we made an indexing mistake. Let's correct the approach:
  
  -- The product ∏_{k=1}^n (k+1)/k = n+1
  -- Here n = 501, so the product should be 502
  
  -- Alternative approach using Finset.prod_range_succ:
  rw [Finset.Icc_eq_range, Finset.prod_range_add_one]
  simp only [Nat.cast_add, Nat.cast_one, add_le_iff_nonpos_right, nonpos_iff_eq_zero, 
    Finset.range_zero, Finset.prod_empty, div_one, one_mul]
  
  -- Now we have (501 + 1)/1 = 502
  norm_cast
  simp
2025-04-13 10:17:23 - INFO - ----------------------------------------
2025-04-13 10:17:23 - INFO - 
Detailed error repair report:
2025-04-13 10:17:23 - INFO - Original code error count: 2
❌ Fixed error 1/2: Could not generate fix for error at line 11 «rewrite_failed» (after 22.04s)
❌ Fixed error 2/2: Could not generate fix for error at line 20 «type_mismatch» (after 22.04s)

=== Fix statistics ===
Original error count: 2
Fixed errors: 0 (Fix rate: 0.0000)
Failed errors: 2
Remaining errors: 2
Total time: 46.09 seconds

=== Failed fix details ===

Failed fix 1:
   Line: 11
   Error type: rewrite_failed
   Original error message: tactic 'rewrite' failed, did not find instance of the pattern in the target expression
  ?a * ?c + ?...
   Failure reason: Could not generate fix
   Time: 22.04 seconds

Failed fix 2:
   Line: 20
   Error type: type_mismatch
   Original error message: application type mismatch
  Finset.prod_congr rfl term_simplification
argument
  term_simplification...
   Failure reason: Could not generate fix
   Time: 22.04 seconds
2025-04-13 10:17:23 - INFO - 
Fixed code saved to: ./minif2f/lean_fixed/16_fixed.lean
2025-04-13 10:17:23 - INFO - JSON log saved to: ./minif2f/lean_fixed/16_fix_log.json
2025-04-13 10:17:23 - INFO - 
===== LOG FILE LOCATION =====
2025-04-13 10:17:23 - INFO - Detailed log file is available at: ./minif2f/lean_fixed/16.log
2025-04-13 10:17:23 - INFO - ===============================
2025-04-13 10:20:48 - INFO - Log file initialized at 2025-04-13T10:20:48.597437
2025-04-13 10:20:48 - INFO - ===== LOG FILE LOCATION =====
2025-04-13 10:20:48 - INFO - Detailed log file created at: ./minif2f/lean_fixed/16.log
2025-04-13 10:20:48 - INFO - ===============================
2025-04-13 10:20:48 - INFO - Original code:
2025-04-13 10:20:48 - INFO - ----------------------------------------
2025-04-13 10:20:48 - INFO - import Mathlib
import Aesop

set_option maxHeartbeats 0

open BigOperators Real Nat Topology Rat

/-- Which of the following is equal to the [[product]]
$\frac{8}{4}\cdot\frac{12}{8}\cdot\frac{16}{12}\cdot\cdots\cdot\frac{4n+4}{4n}\cdot\cdots\cdot\frac{2008}{2004}?$

$\textbf{(A)}\ 251\qquad\textbf{(B)}\ 502\qquad\textbf{(C)}\ 1004\qquad\textbf{(D)}\ 2008\qquad\textbf{(E)}\ 4016$ Show that it is \textbf{(B)}.-/
theorem amc12a_2008_p4 : (∏ k in Finset.Icc (1 : ℕ) 501, ((4 : ℝ) * k + 4) / (4 * k)) = 502 := by
  -- First, we simplify the general term of the product
  -- The term is (4k + 4)/(4k) which can be rewritten as 4(k + 1)/(4k) = (k + 1)/k
  have term_simplification : ∀ k : ℕ, ((4 : ℝ) * k + 4) / (4 * k) = (k + 1)/k := by
    intro k
    -- Factor out 4 from numerator
    rw [← add_mul, mul_comm 4 k, add_mul]
    -- Simplify numerator and denominator
    rw [mul_div_mul_left]
    -- The 4's cancel out
    exact (div_self (by norm_num : (4 : ℝ) ≠ 0)).symm ▸ rfl
    -- Ensure denominator is non-zero (k ≥ 1 in our product range)
    exact mul_ne_zero four_ne_zero (Nat.cast_ne_zero.mpr (k.ne_of_gt (Nat.pos_of_mem_Icc (k ∈ Finset.Icc 1 501))))
  
  -- Rewrite the product using the simplified term
  rw [Finset.prod_congr rfl term_simplification]
  
  -- Now we have a telescoping product ∏_{k=1}^501 (k+1)/k
  -- This can be written as (2/1) * (3/2) * (4/3) * ... * (502/501)
  -- Most terms cancel out, leaving just 502/1 = 502
  
  -- To formalize this, we use the theorem Finset.prod_range_div which states:
  -- ∏ i in range n, (f (i + 1) / f i) = f n / f 0 when f 0 ≠ 0
  -- Here, we adapt it to our Icc case
  
  -- First, convert Icc to range
  rw [Finset.Icc_eq_range, Finset.range_add_one]
  
  -- Now we have ∏ k in range 501, (k + 2)/(k + 1)
  -- We can rewrite this as ∏ k in range 501, f (k + 1)/f k where f k = k + 1
  have telescoping : (∏ k in Finset.range 501, ((k + 1) + 1)/(k + 1)) = 
      ((501 + 1) + 1)/(0 + 1) := by
    -- Apply the telescoping product theorem
    refine Finset.prod_range_div (fun n => (n + 1 : ℝ)) ?_
    -- Show the base case is non-zero (f 0 = 1 ≠ 0)
    norm_num
  
  -- Simplify the telescoping result
  rw [telescoping]
  -- The numerator is 502 + 1 = 503, but this seems wrong - we need to re-examine our indexing
  
  -- Actually, we made an indexing mistake. Let's correct the approach:
  
  -- The product ∏_{k=1}^n (k+1)/k = n+1
  -- Here n = 501, so the product should be 502
  
  -- Alternative approach using Finset.prod_range_succ:
  rw [Finset.Icc_eq_range, Finset.prod_range_add_one]
  simp only [Nat.cast_add, Nat.cast_one, add_le_iff_nonpos_right, nonpos_iff_eq_zero, 
    Finset.range_zero, Finset.prod_empty, div_one, one_mul]
  
  -- Now we have (501 + 1)/1 = 502
  norm_cast
  simp
2025-04-13 10:20:48 - INFO - ----------------------------------------
2025-04-13 10:20:48 - INFO - 
Checking original code for all errors...
2025-04-13 10:20:54 - INFO - Original code contains 2 errors:
2025-04-13 10:20:54 - INFO - Error 1: line 11, type: rewrite_failed, message: tactic 'rewrite' failed, did not find instance of the pattern in the target expression
  ?a * ?c + ?...
2025-04-13 10:20:54 - INFO - Error 2: line 20, type: type_mismatch, message: application type mismatch
  Finset.prod_congr rfl term_simplification
argument
  term_simplification...
2025-04-13 10:20:54 - INFO - 
Starting multi-error continuous repair process...
2025-04-13 10:20:54 - INFO - 
===== Starting to fix all errors =====
2025-04-13 10:20:55 - INFO - 
Found 2 original errors:
2025-04-13 10:20:55 - INFO - Error 1: line 11, type: rewrite_failed, message: tactic 'rewrite' failed, did not find instance of the pattern in the target expression
  ?a * ?c + ?...
2025-04-13 10:20:55 - INFO - Error 2: line 20, type: type_mismatch, message: application type mismatch
  Finset.prod_congr rfl term_simplification
argument
  term_simplification...
2025-04-13 10:20:55 - INFO - 
Trying to fix error 1/2: line 11, type: rewrite_failed
2025-04-13 10:20:55 - INFO - Error message: tactic 'rewrite' failed, did not find instance of the pattern in the target expression
  ?a * ?c + ?...
2025-04-13 10:20:55 - INFO - Removed header content, remaining 58 lines of code
2025-04-13 10:20:55 - INFO - Using specified target error line: 11
2025-04-13 10:20:56 - INFO - Found error at specified line: tactic 'rewrite' failed, did not find instance of the pattern in the target expression
  ?a * ?c + ?b * ?c
k : ℕ
⊢ (4 * ↑k + 4) / (4 * ↑k) = (↑k + 1) / ↑k
2025-04-13 10:20:56 - INFO - Error at line 11: tactic 'rewrite' failed, did not find instance of the pattern in the target expression
  ?a * ?c + ?b * ?c
k : ℕ
⊢ (4 * ↑k + 4) / (4 * ↑k) = (↑k + 1) / ↑k
2025-04-13 10:20:56 - INFO - 
==================================================
2025-04-13 10:20:56 - INFO - Code prepared, starting synthesis
2025-04-13 10:20:56 - INFO - Before part: /-- Which of the following is equal to the [[product]]
$\frac{8}{4}\cdot\frac{12}{8}\cdot\frac{16}{12}\cdot\cdots\cdot\frac{4n+4}{4n}\cdot\cdots\cdot\frac{2008}{2004}?$

$\textbf{(A)}\ 251\qquad\textbf{(B)}\ 502\qquad\textbf{(C)}\ 1004\qquad\textbf{(D)}\ 2008\qquad\textbf{(E)}\ 4016$ Show that it is \textbf{(B)}.-/
theorem amc12a_2008_p4 : (∏ k in Finset.Icc (1 : ℕ) 501, ((4 : ℝ) * k + 4) / (4 * k)) = 502 := by
  -- First, we simplify the general term of the product
  -- The term is (4k + 4)/(4k) which can be rewritten as 4(k + 1)/(4k) = (k + 1)/k
  have term_simplification : ∀ k : ℕ, ((4 : ℝ) * k + 4) / (4 * k) = (k + 1)/k := by
    intro k
    -- Factor out 4 from numerator
2025-04-13 10:20:56 - INFO - Error line:     rw [← add_mul, mul_comm 4 k, add_mul]
2025-04-13 10:20:56 - INFO - After part: -- Simplify numerator and denominator
    rw [mul_div_mul_left]
    -- The 4's cancel out
    exact (div_self (by norm_num : (4 : ℝ) ≠ 0)).symm ▸ rfl
    -- Ensure denominator is non-zero (k ≥ 1 in our product range)
    exact mul_ne_zero four_ne_zero (Nat.cast_ne_zero.mpr (k.ne_of_gt (Nat.pos_of_mem_Icc (k ∈ Finset.Icc 1 501))))
  
  -- Rewrite the product using the simplified term
  rw [Finset.prod_congr rfl term_simplification]
  
  -- Now we have a telescoping product ∏_{k=1}^501 (k+1)/k
  -- This can be written as (2/1) * (3/2) * (4/3) * ... * (502/501)
  -- Most terms cancel out, leaving just 502/1 = 502
  
  -- To formalize this, we use the theorem Finset.prod_range_div which states:
  -- ∏ i in range n, (f (i + 1) / f i) = f n / f 0 when f 0 ≠ 0
  -- Here, we adapt it to our Icc case
  
  -- First, convert Icc to range
  rw [Finset.Icc_eq_range, Finset.range_add_one]
  
  -- Now we have ∏ k in range 501, (k + 2)/(k + 1)
  -- We can rewrite this as ∏ k in range 501, f (k + 1)/f k where f k = k + 1
  have telescoping : (∏ k in Finset.range 501, ((k + 1) + 1)/(k + 1)) = 
      ((501 + 1) + 1)/(0 + 1) := by
    -- Apply the telescoping product theorem
    refine Finset.prod_range_div (fun n => (n + 1 : ℝ)) ?_
    -- Show the base case is non-zero (f 0 = 1 ≠ 0)
    norm_num
  
  -- Simplify the telescoping result
  rw [telescoping]
  -- The numerator is 502 + 1 = 503, but this seems wrong - we need to re-examine our indexing
  
  -- Actually, we made an indexing mistake. Let's correct the approach:
  
  -- The product ∏_{k=1}^n (k+1)/k = n+1
  -- Here n = 501, so the product should be 502
  
  -- Alternative approach using Finset.prod_range_succ:
  rw [Finset.Icc_eq_range, Finset.prod_range_add_one]
  simp only [Nat.cast_add, Nat.cast_one, add_le_iff_nonpos_right, nonpos_iff_eq_zero, 
    Finset.range_zero, Finset.prod_empty, div_one, one_mul]
  
  -- Now we have (501 + 1)/1 = 502
  norm_cast
  simp
2025-04-13 10:20:56 - INFO - ==================================================

2025-04-13 10:20:57 - INFO - Testing fragment: rw [justaplaceholder]
2025-04-13 10:20:57 - INFO - Original error line:     rw [← add_mul, mul_comm 4 k, add_mul]
2025-04-13 10:20:59 - INFO - Testing fix: Original errors: 2, Fixed errors: 3
2025-04-13 10:20:59 - INFO - Result: False (introduced 2 new errors)
2025-04-13 10:20:59 - DEBUG - === New errors detail ===
2025-04-13 10:20:59 - DEBUG - New Error 1: line 11, type: unknown_identifier, message: unknown identifier 'justaplaceholder'
2025-04-13 10:20:59 - DEBUG - New Error 2: line 11, type: rewrite_failed, message: tactic 'rewrite' failed, equality or iff proof expected
  ?m.1181
k : ℕ
⊢ (4 * ↑k + 4) / (4 * ↑k) = (↑k + 1) / ↑k
2025-04-13 10:20:59 - INFO - Testing fragment: rw [<- justaplaceholder]
2025-04-13 10:20:59 - INFO - Original error line:     rw [← add_mul, mul_comm 4 k, add_mul]
2025-04-13 10:21:01 - INFO - Testing fix: Original errors: 2, Fixed errors: 3
2025-04-13 10:21:01 - INFO - Result: False (introduced 2 new errors)
2025-04-13 10:21:01 - DEBUG - === New errors detail ===
2025-04-13 10:21:01 - DEBUG - New Error 1: line 11, type: unknown_identifier, message: unknown identifier 'justaplaceholder'
2025-04-13 10:21:01 - DEBUG - New Error 2: line 11, type: rewrite_failed, message: tactic 'rewrite' failed, equality or iff proof expected
  ?m.1181
k : ℕ
⊢ (4 * ↑k + 4) / (4 * ↑k) = (↑k + 1) / ↑k
2025-04-13 10:21:01 - INFO - Testing fragment: simp
2025-04-13 10:21:01 - INFO - Original error line:     rw [← add_mul, mul_comm 4 k, add_mul]
2025-04-13 10:21:03 - INFO - Testing fix: Original errors: 2, Fixed errors: 2
2025-04-13 10:21:03 - INFO - Result: False (introduced 1 new errors)
2025-04-13 10:21:03 - DEBUG - === New errors detail ===
2025-04-13 10:21:03 - DEBUG - New Error 1: line 11, type: simp_failed, message: simp made no progress
2025-04-13 10:21:03 - INFO - Testing fragment: field_simp
2025-04-13 10:21:03 - INFO - Original error line:     rw [← add_mul, mul_comm 4 k, add_mul]
2025-04-13 10:21:05 - INFO - Testing fix: Original errors: 2, Fixed errors: 2
2025-04-13 10:21:05 - INFO - Result: False (introduced 1 new errors)
2025-04-13 10:21:05 - DEBUG - === New errors detail ===
2025-04-13 10:21:05 - DEBUG - New Error 1: line 11, type: simp_failed, message: simp made no progress
2025-04-13 10:21:05 - INFO - Testing fragment: norm_num
2025-04-13 10:21:05 - INFO - Original error line:     rw [← add_mul, mul_comm 4 k, add_mul]
2025-04-13 10:21:07 - INFO - Testing fix: Original errors: 2, Fixed errors: 2
2025-04-13 10:21:07 - INFO - Result: False (introduced 1 new errors)
2025-04-13 10:21:07 - DEBUG - === New errors detail ===
2025-04-13 10:21:07 - DEBUG - New Error 1: line 13, type: rewrite_failed, message: tactic 'rewrite' failed, did not find instance of the pattern in the target expression
  ?m.2523 * ?a / (?m.2523 * ?b)
k : ℕ
⊢ (4 * ↑k + 4) / (4 * ↑k) = (↑k + 1) / ↑k
2025-04-13 10:21:07 - INFO - Testing fragment: ring
2025-04-13 10:21:07 - INFO - Original error line:     rw [← add_mul, mul_comm 4 k, add_mul]
2025-04-13 10:21:09 - INFO - Testing fix: Original errors: 2, Fixed errors: 2
2025-04-13 10:21:09 - INFO - Result: False (introduced 1 new errors)
2025-04-13 10:21:09 - DEBUG - === New errors detail ===
2025-04-13 10:21:09 - DEBUG - New Error 1: line 13, type: no_goals_to_solve, message: no goals to be solved
2025-04-13 10:21:09 - INFO - Testing fragment: ring_nf
2025-04-13 10:21:09 - INFO - Original error line:     rw [← add_mul, mul_comm 4 k, add_mul]
2025-04-13 10:21:11 - INFO - Testing fix: Original errors: 2, Fixed errors: 2
2025-04-13 10:21:11 - INFO - Result: False (introduced 1 new errors)
2025-04-13 10:21:11 - DEBUG - === New errors detail ===
2025-04-13 10:21:11 - DEBUG - New Error 1: line 13, type: no_goals_to_solve, message: no goals to be solved
2025-04-13 10:21:11 - INFO - Testing fragment: omega
2025-04-13 10:21:11 - INFO - Original error line:     rw [← add_mul, mul_comm 4 k, add_mul]
2025-04-13 10:21:13 - INFO - Testing fix: Original errors: 2, Fixed errors: 2
2025-04-13 10:21:13 - INFO - Result: False (introduced 1 new errors)
2025-04-13 10:21:13 - DEBUG - === New errors detail ===
2025-04-13 10:21:13 - DEBUG - New Error 1: line 11, type: other_error, message: omega could not prove the goal:
No usable constraints found. You may need to unfold definitions so `omega` can see linear arithmetic facts about `Nat` and `Int`, which may also involve multiplication, division, and modular remainder by constants.
2025-04-13 10:21:13 - INFO - Testing fragment: linarith
2025-04-13 10:21:13 - INFO - Original error line:     rw [← add_mul, mul_comm 4 k, add_mul]
2025-04-13 10:21:15 - INFO - Testing fix: Original errors: 2, Fixed errors: 2
2025-04-13 10:21:15 - INFO - Result: False (introduced 1 new errors)
2025-04-13 10:21:15 - DEBUG - === New errors detail ===
2025-04-13 10:21:15 - DEBUG - New Error 1: line 11, type: linarith_failed, message: linarith failed to find a contradiction
case h1.h
k : ℕ
a✝ : (4 * ↑k + 4) / (4 * ↑k) < (↑k + 1) / ↑k
⊢ False
failed
2025-04-13 10:21:15 - INFO - Testing fragment: nlinarith
2025-04-13 10:21:15 - INFO - Original error line:     rw [← add_mul, mul_comm 4 k, add_mul]
2025-04-13 10:21:17 - INFO - Testing fix: Original errors: 2, Fixed errors: 2
2025-04-13 10:21:17 - INFO - Result: False (introduced 1 new errors)
2025-04-13 10:21:17 - DEBUG - === New errors detail ===
2025-04-13 10:21:17 - DEBUG - New Error 1: line 11, type: linarith_failed, message: linarith failed to find a contradiction
case h1.h
k : ℕ
a✝ : (4 * ↑k + 4) / (4 * ↑k) < (↑k + 1) / ↑k
⊢ False
failed
2025-04-13 10:21:17 - INFO - Failed attempt time: 22.04 seconds
2025-04-13 10:21:17 - INFO - ❌ Could not generate fix for error at line 11
2025-04-13 10:21:17 - INFO - 
Trying to fix error 2/2: line 20, type: type_mismatch
2025-04-13 10:21:17 - INFO - Error message: application type mismatch
  Finset.prod_congr rfl term_simplification
argument
  term_simplification...
2025-04-13 10:21:17 - INFO - Removed header content, remaining 58 lines of code
2025-04-13 10:21:17 - INFO - Using specified target error line: 20
2025-04-13 10:21:18 - INFO - Found error at specified line: application type mismatch
  Finset.prod_congr rfl term_simplification
argument
  term_simplification
has type
  ∀ (k : ℕ), (4 * ↑k + 4) / (4 * ↑k) = (↑k + 1) / ↑k : Prop
but is expected to have type
  ∀ x ∈ Finset.Icc 1 501, (4 * ↑x + 4) / (4 * ↑x) = ?m.2207 x : Prop
2025-04-13 10:21:18 - INFO - Error at line 20: application type mismatch
  Finset.prod_congr rfl term_simplification
argument
  term_simplification
has type
  ∀ (k : ℕ), (4 * ↑k + 4) / (4 * ↑k) = (↑k + 1) / ↑k : Prop
but is expected to have type
  ∀ x ∈ Finset.Icc 1 501, (4 * ↑x + 4) / (4 * ↑x) = ?m.2207 x : Prop
2025-04-13 10:21:18 - INFO - 
==================================================
2025-04-13 10:21:18 - INFO - Code prepared, starting synthesis
2025-04-13 10:21:18 - INFO - Before part: /-- Which of the following is equal to the [[product]]
$\frac{8}{4}\cdot\frac{12}{8}\cdot\frac{16}{12}\cdot\cdots\cdot\frac{4n+4}{4n}\cdot\cdots\cdot\frac{2008}{2004}?$

$\textbf{(A)}\ 251\qquad\textbf{(B)}\ 502\qquad\textbf{(C)}\ 1004\qquad\textbf{(D)}\ 2008\qquad\textbf{(E)}\ 4016$ Show that it is \textbf{(B)}.-/
theorem amc12a_2008_p4 : (∏ k in Finset.Icc (1 : ℕ) 501, ((4 : ℝ) * k + 4) / (4 * k)) = 502 := by
  -- First, we simplify the general term of the product
  -- The term is (4k + 4)/(4k) which can be rewritten as 4(k + 1)/(4k) = (k + 1)/k
  have term_simplification : ∀ k : ℕ, ((4 : ℝ) * k + 4) / (4 * k) = (k + 1)/k := by
    intro k
    -- Factor out 4 from numerator
    rw [← add_mul, mul_comm 4 k, add_mul]
    -- Simplify numerator and denominator
    rw [mul_div_mul_left]
    -- The 4's cancel out
    exact (div_self (by norm_num : (4 : ℝ) ≠ 0)).symm ▸ rfl
    -- Ensure denominator is non-zero (k ≥ 1 in our product range)
    exact mul_ne_zero four_ne_zero (Nat.cast_ne_zero.mpr (k.ne_of_gt (Nat.pos_of_mem_Icc (k ∈ Finset.Icc 1 501))))
  
  -- Rewrite the product using the simplified term
2025-04-13 10:21:18 - INFO - Error line:   rw [Finset.prod_congr rfl term_simplification]
2025-04-13 10:21:18 - INFO - After part: -- Now we have a telescoping product ∏_{k=1}^501 (k+1)/k
  -- This can be written as (2/1) * (3/2) * (4/3) * ... * (502/501)
  -- Most terms cancel out, leaving just 502/1 = 502
  
  -- To formalize this, we use the theorem Finset.prod_range_div which states:
  -- ∏ i in range n, (f (i + 1) / f i) = f n / f 0 when f 0 ≠ 0
  -- Here, we adapt it to our Icc case
  
  -- First, convert Icc to range
  rw [Finset.Icc_eq_range, Finset.range_add_one]
  
  -- Now we have ∏ k in range 501, (k + 2)/(k + 1)
  -- We can rewrite this as ∏ k in range 501, f (k + 1)/f k where f k = k + 1
  have telescoping : (∏ k in Finset.range 501, ((k + 1) + 1)/(k + 1)) = 
      ((501 + 1) + 1)/(0 + 1) := by
    -- Apply the telescoping product theorem
    refine Finset.prod_range_div (fun n => (n + 1 : ℝ)) ?_
    -- Show the base case is non-zero (f 0 = 1 ≠ 0)
    norm_num
  
  -- Simplify the telescoping result
  rw [telescoping]
  -- The numerator is 502 + 1 = 503, but this seems wrong - we need to re-examine our indexing
  
  -- Actually, we made an indexing mistake. Let's correct the approach:
  
  -- The product ∏_{k=1}^n (k+1)/k = n+1
  -- Here n = 501, so the product should be 502
  
  -- Alternative approach using Finset.prod_range_succ:
  rw [Finset.Icc_eq_range, Finset.prod_range_add_one]
  simp only [Nat.cast_add, Nat.cast_one, add_le_iff_nonpos_right, nonpos_iff_eq_zero, 
    Finset.range_zero, Finset.prod_empty, div_one, one_mul]
  
  -- Now we have (501 + 1)/1 = 502
  norm_cast
  simp
2025-04-13 10:21:18 - INFO - ==================================================

2025-04-13 10:21:19 - INFO - Testing fragment: rw [justaplaceholder]
2025-04-13 10:21:19 - INFO - Original error line:   rw [Finset.prod_congr rfl term_simplification]
2025-04-13 10:21:21 - INFO - Testing fix: Original errors: 2, Fixed errors: 3
2025-04-13 10:21:21 - INFO - Result: False (introduced 2 new errors)
2025-04-13 10:21:21 - DEBUG - === New errors detail ===
2025-04-13 10:21:21 - DEBUG - New Error 1: line 20, type: unknown_identifier, message: unknown identifier 'justaplaceholder'
2025-04-13 10:21:21 - DEBUG - New Error 2: line 20, type: rewrite_failed, message: tactic 'rewrite' failed, equality or iff proof expected
  ?m.2201
term_simplification : ∀ (k : ℕ), (4 * ↑k + 4) / (4 * ↑k) = (↑k + 1) / ↑k
⊢ ∏ k ∈ Finset.Icc 1 501, (4 * ↑k + 4) / (4 * ↑k) = 502
2025-04-13 10:21:21 - INFO - Testing fragment: rw [<- justaplaceholder]
2025-04-13 10:21:21 - INFO - Original error line:   rw [Finset.prod_congr rfl term_simplification]
2025-04-13 10:21:23 - INFO - Testing fix: Original errors: 2, Fixed errors: 3
2025-04-13 10:21:23 - INFO - Result: False (introduced 2 new errors)
2025-04-13 10:21:23 - DEBUG - === New errors detail ===
2025-04-13 10:21:23 - DEBUG - New Error 1: line 20, type: unknown_identifier, message: unknown identifier 'justaplaceholder'
2025-04-13 10:21:23 - DEBUG - New Error 2: line 20, type: rewrite_failed, message: tactic 'rewrite' failed, equality or iff proof expected
  ?m.2201
term_simplification : ∀ (k : ℕ), (4 * ↑k + 4) / (4 * ↑k) = (↑k + 1) / ↑k
⊢ ∏ k ∈ Finset.Icc 1 501, (4 * ↑k + 4) / (4 * ↑k) = 502
2025-04-13 10:21:23 - INFO - Testing fragment: simp
2025-04-13 10:21:23 - INFO - Original error line:   rw [Finset.prod_congr rfl term_simplification]
2025-04-13 10:21:25 - INFO - Testing fix: Original errors: 2, Fixed errors: 3
2025-04-13 10:21:25 - INFO - Result: False (introduced 2 new errors)
2025-04-13 10:21:25 - DEBUG - === New errors detail ===
2025-04-13 10:21:25 - DEBUG - New Error 1: line 31, type: unknown_constant, message: unknown constant 'Finset.Icc_eq_range'
2025-04-13 10:21:25 - DEBUG - New Error 2: line 31, type: rewrite_failed, message: tactic 'rewrite' failed, equality or iff proof expected
  ?m.8223
term_simplification : ∀ (k : ℕ), (4 * ↑k + 4) / (4 * ↑k) = (↑k + 1) / ↑k
⊢ (∏ x ∈ Finset.Icc 1 501, (4 * ↑x + 4)) / ∏ x ∈ Finset.Icc 1 501, 4 * ↑x = 502
2025-04-13 10:21:25 - INFO - Testing fragment: field_simp
2025-04-13 10:21:25 - INFO - Original error line:   rw [Finset.prod_congr rfl term_simplification]
2025-04-13 10:21:27 - INFO - Testing fix: Original errors: 2, Fixed errors: 3
2025-04-13 10:21:27 - INFO - Result: False (introduced 2 new errors)
2025-04-13 10:21:27 - DEBUG - === New errors detail ===
2025-04-13 10:21:27 - DEBUG - New Error 1: line 31, type: unknown_constant, message: unknown constant 'Finset.Icc_eq_range'
2025-04-13 10:21:27 - DEBUG - New Error 2: line 31, type: rewrite_failed, message: tactic 'rewrite' failed, equality or iff proof expected
  ?m.32225
term_simplification : ∀ (k : ℕ), (4 * ↑k + 4) / (4 * ↑k) = (↑k + 1) / ↑k
⊢ (∏ x ∈ Finset.Icc 1 501, (4 * ↑x + 4)) / ∏ x ∈ Finset.Icc 1 501, 4 * ↑x = 502
2025-04-13 10:21:27 - INFO - Testing fragment: norm_num
2025-04-13 10:21:27 - INFO - Original error line:   rw [Finset.prod_congr rfl term_simplification]
2025-04-13 10:21:29 - INFO - Testing fix: Original errors: 2, Fixed errors: 3
2025-04-13 10:21:29 - INFO - Result: False (introduced 2 new errors)
2025-04-13 10:21:29 - DEBUG - === New errors detail ===
2025-04-13 10:21:29 - DEBUG - New Error 1: line 31, type: unknown_constant, message: unknown constant 'Finset.Icc_eq_range'
2025-04-13 10:21:29 - DEBUG - New Error 2: line 31, type: rewrite_failed, message: tactic 'rewrite' failed, equality or iff proof expected
  ?m.7543
term_simplification : ∀ (k : ℕ), (4 * ↑k + 4) / (4 * ↑k) = (↑k + 1) / ↑k
⊢ (∏ x ∈ Finset.Icc 1 501, (4 * ↑x + 4)) / ∏ x ∈ Finset.Icc 1 501, 4 * ↑x = 502
2025-04-13 10:21:29 - INFO - Testing fragment: ring
2025-04-13 10:21:29 - INFO - Original error line:   rw [Finset.prod_congr rfl term_simplification]
2025-04-13 10:21:31 - INFO - Testing fix: Original errors: 2, Fixed errors: 4
2025-04-13 10:21:31 - INFO - Result: False (introduced 3 new errors)
2025-04-13 10:21:31 - DEBUG - === New errors detail ===
2025-04-13 10:21:31 - DEBUG - New Error 1: line 20, type: ring_failed, message: Try this: ring_nf
2025-04-13 10:21:31 - DEBUG - New Error 2: line 31, type: unknown_constant, message: unknown constant 'Finset.Icc_eq_range'
2025-04-13 10:21:31 - DEBUG - New Error 3: line 31, type: rewrite_failed, message: tactic 'rewrite' failed, equality or iff proof expected
  ?m.9965
term_simplification : ∀ (k : ℕ), (4 * ↑k + 4) / (4 * ↑k) = (↑k + 1) / ↑k
⊢ ∏ x ∈ Finset.Icc 1 501, (↑x * (↑x)⁻¹ + (↑x)⁻¹) = 502
2025-04-13 10:21:31 - INFO - Testing fragment: ring_nf
2025-04-13 10:21:31 - INFO - Original error line:   rw [Finset.prod_congr rfl term_simplification]
2025-04-13 10:21:33 - INFO - Testing fix: Original errors: 2, Fixed errors: 3
2025-04-13 10:21:33 - INFO - Result: False (introduced 2 new errors)
2025-04-13 10:21:33 - DEBUG - === New errors detail ===
2025-04-13 10:21:33 - DEBUG - New Error 1: line 31, type: unknown_constant, message: unknown constant 'Finset.Icc_eq_range'
2025-04-13 10:21:33 - DEBUG - New Error 2: line 31, type: rewrite_failed, message: tactic 'rewrite' failed, equality or iff proof expected
  ?m.9637
term_simplification : ∀ (k : ℕ), (4 * ↑k + 4) / (4 * ↑k) = (↑k + 1) / ↑k
⊢ ∏ x ∈ Finset.Icc 1 501, (↑x * (↑x)⁻¹ + (↑x)⁻¹) = 502
2025-04-13 10:21:33 - INFO - Testing fragment: omega
2025-04-13 10:21:33 - INFO - Original error line:   rw [Finset.prod_congr rfl term_simplification]
2025-04-13 10:21:35 - INFO - Testing fix: Original errors: 2, Fixed errors: 2
2025-04-13 10:21:35 - INFO - Result: False (introduced 1 new errors)
2025-04-13 10:21:35 - DEBUG - === New errors detail ===
2025-04-13 10:21:35 - DEBUG - New Error 1: line 20, type: other_error, message: omega could not prove the goal:
No usable constraints found. You may need to unfold definitions so `omega` can see linear arithmetic facts about `Nat` and `Int`, which may also involve multiplication, division, and modular remainder by constants.
2025-04-13 10:21:35 - INFO - Testing fragment: linarith
2025-04-13 10:21:35 - INFO - Original error line:   rw [Finset.prod_congr rfl term_simplification]
2025-04-13 10:21:37 - INFO - Testing fix: Original errors: 2, Fixed errors: 2
2025-04-13 10:21:37 - INFO - Result: False (introduced 1 new errors)
2025-04-13 10:21:37 - DEBUG - === New errors detail ===
2025-04-13 10:21:37 - DEBUG - New Error 1: line 20, type: linarith_failed, message: linarith failed to find a contradiction
case h1.h
term_simplification : ∀ (k : ℕ), (4 * ↑k + 4) / (4 * ↑k) = (↑k + 1) / ↑k
a✝ : ∏ k ∈ Finset.Icc 1 501, (4 * ↑k + 4) / (4 * ↑k) < 502
⊢ False
failed
2025-04-13 10:21:37 - INFO - Testing fragment: nlinarith
2025-04-13 10:21:37 - INFO - Original error line:   rw [Finset.prod_congr rfl term_simplification]
2025-04-13 10:21:39 - INFO - Testing fix: Original errors: 2, Fixed errors: 2
2025-04-13 10:21:39 - INFO - Result: False (introduced 1 new errors)
2025-04-13 10:21:39 - DEBUG - === New errors detail ===
2025-04-13 10:21:39 - DEBUG - New Error 1: line 20, type: linarith_failed, message: linarith failed to find a contradiction
case h1.h
term_simplification : ∀ (k : ℕ), (4 * ↑k + 4) / (4 * ↑k) = (↑k + 1) / ↑k
a✝ : ∏ k ∈ Finset.Icc 1 501, (4 * ↑k + 4) / (4 * ↑k) < 502
⊢ False
failed
2025-04-13 10:21:39 - INFO - Failed attempt time: 22.04 seconds
2025-04-13 10:21:39 - INFO - ❌ Could not generate fix for error at line 20
2025-04-13 10:21:40 - INFO - 
===== Fix attempt completed =====
2025-04-13 10:21:40 - INFO - Original errors: 2
2025-04-13 10:21:40 - INFO - Fixed errors: 0
2025-04-13 10:21:40 - INFO - Failed errors: 2
2025-04-13 10:21:40 - INFO - Remaining errors: 2
2025-04-13 10:21:40 - INFO - Total time: 46.09 seconds
2025-04-13 10:21:40 - INFO - 
Final fixed code:
2025-04-13 10:21:40 - INFO - ----------------------------------------
2025-04-13 10:21:40 - INFO - /-- Which of the following is equal to the [[product]]
$\frac{8}{4}\cdot\frac{12}{8}\cdot\frac{16}{12}\cdot\cdots\cdot\frac{4n+4}{4n}\cdot\cdots\cdot\frac{2008}{2004}?$

$\textbf{(A)}\ 251\qquad\textbf{(B)}\ 502\qquad\textbf{(C)}\ 1004\qquad\textbf{(D)}\ 2008\qquad\textbf{(E)}\ 4016$ Show that it is \textbf{(B)}.-/
theorem amc12a_2008_p4 : (∏ k in Finset.Icc (1 : ℕ) 501, ((4 : ℝ) * k + 4) / (4 * k)) = 502 := by
  -- First, we simplify the general term of the product
  -- The term is (4k + 4)/(4k) which can be rewritten as 4(k + 1)/(4k) = (k + 1)/k
  have term_simplification : ∀ k : ℕ, ((4 : ℝ) * k + 4) / (4 * k) = (k + 1)/k := by
    intro k
    -- Factor out 4 from numerator
    rw [← add_mul, mul_comm 4 k, add_mul]
    -- Simplify numerator and denominator
    rw [mul_div_mul_left]
    -- The 4's cancel out
    exact (div_self (by norm_num : (4 : ℝ) ≠ 0)).symm ▸ rfl
    -- Ensure denominator is non-zero (k ≥ 1 in our product range)
    exact mul_ne_zero four_ne_zero (Nat.cast_ne_zero.mpr (k.ne_of_gt (Nat.pos_of_mem_Icc (k ∈ Finset.Icc 1 501))))
  
  -- Rewrite the product using the simplified term
  rw [Finset.prod_congr rfl term_simplification]
  
  -- Now we have a telescoping product ∏_{k=1}^501 (k+1)/k
  -- This can be written as (2/1) * (3/2) * (4/3) * ... * (502/501)
  -- Most terms cancel out, leaving just 502/1 = 502
  
  -- To formalize this, we use the theorem Finset.prod_range_div which states:
  -- ∏ i in range n, (f (i + 1) / f i) = f n / f 0 when f 0 ≠ 0
  -- Here, we adapt it to our Icc case
  
  -- First, convert Icc to range
  rw [Finset.Icc_eq_range, Finset.range_add_one]
  
  -- Now we have ∏ k in range 501, (k + 2)/(k + 1)
  -- We can rewrite this as ∏ k in range 501, f (k + 1)/f k where f k = k + 1
  have telescoping : (∏ k in Finset.range 501, ((k + 1) + 1)/(k + 1)) = 
      ((501 + 1) + 1)/(0 + 1) := by
    -- Apply the telescoping product theorem
    refine Finset.prod_range_div (fun n => (n + 1 : ℝ)) ?_
    -- Show the base case is non-zero (f 0 = 1 ≠ 0)
    norm_num
  
  -- Simplify the telescoping result
  rw [telescoping]
  -- The numerator is 502 + 1 = 503, but this seems wrong - we need to re-examine our indexing
  
  -- Actually, we made an indexing mistake. Let's correct the approach:
  
  -- The product ∏_{k=1}^n (k+1)/k = n+1
  -- Here n = 501, so the product should be 502
  
  -- Alternative approach using Finset.prod_range_succ:
  rw [Finset.Icc_eq_range, Finset.prod_range_add_one]
  simp only [Nat.cast_add, Nat.cast_one, add_le_iff_nonpos_right, nonpos_iff_eq_zero, 
    Finset.range_zero, Finset.prod_empty, div_one, one_mul]
  
  -- Now we have (501 + 1)/1 = 502
  norm_cast
  simp
2025-04-13 10:21:40 - INFO - ----------------------------------------
2025-04-13 10:21:40 - INFO - 
Detailed error repair report:
2025-04-13 10:21:40 - INFO - Original code error count: 2
❌ Fixed error 1/2: Could not generate fix for error at line 11 «rewrite_failed» (after 22.04s)
❌ Fixed error 2/2: Could not generate fix for error at line 20 «type_mismatch» (after 22.04s)

=== Fix statistics ===
Original error count: 2
Fixed errors: 0 (Fix rate: 0.0000)
Failed errors: 2
Remaining errors: 2
Total time: 46.09 seconds

=== Failed fix details ===

Failed fix 1:
   Line: 11
   Error type: rewrite_failed
   Original error message: tactic 'rewrite' failed, did not find instance of the pattern in the target expression
  ?a * ?c + ?...
   Failure reason: Could not generate fix
   Time: 22.04 seconds

Failed fix 2:
   Line: 20
   Error type: type_mismatch
   Original error message: application type mismatch
  Finset.prod_congr rfl term_simplification
argument
  term_simplification...
   Failure reason: Could not generate fix
   Time: 22.04 seconds
2025-04-13 10:21:40 - INFO - 
Fixed code saved to: ./minif2f/lean_fixed/16_fixed.lean
2025-04-13 10:21:40 - INFO - JSON log saved to: ./minif2f/lean_fixed/16_fix_log.json
2025-04-13 10:21:40 - INFO - 
===== LOG FILE LOCATION =====
2025-04-13 10:21:40 - INFO - Detailed log file is available at: ./minif2f/lean_fixed/16.log
2025-04-13 10:21:40 - INFO - ===============================
