2025-04-13 11:00:53 - INFO - Log file initialized at 2025-04-13T11:00:53.153738
2025-04-13 11:00:53 - INFO - ===== LOG FILE LOCATION =====
2025-04-13 11:00:53 - INFO - Detailed log file created at: /data/coding/minif2f/lean_fixed/24.log
2025-04-13 11:00:53 - INFO - ===============================
2025-04-13 11:00:53 - INFO - Original code:
2025-04-13 11:00:53 - INFO - ----------------------------------------
2025-04-13 11:00:53 - INFO - import Mathlib
import Aesop

set_option maxHeartbeats 0

open BigOperators Real Nat Topology Rat

/-- Let $f$ be a function satisfying $f(xy) = \frac{f(x)}y$ for all positive real numbers $x$ and $y$. 
If $f(500) =3$, what is the value of $f(600)$?

$(\mathrm{A})\ 1 \qquad (\mathrm{B})\ 2 \qquad (\mathrm{C})\ \frac52 \qquad (\mathrm{D})\ 3 \qquad (\mathrm{E})\ \frac{18}5$ 
Show that it is \textbf{C } \frac52.-/
theorem amc12_2001_p9 (f : ℝ → ℝ) (h₀ : ∀ x > 0, ∀ y > 0, f (x * y) = f x / y) (h₁ : f 500 = 3) :
    f 600 = 5 / 2 := by
  -- First, we'll find a general form for f(x) using the functional equation
  -- Let's consider x = 1 in the functional equation to get f(y) = f(1)/y for any y > 0
  -- This suggests f has the form f(x) = C/x where C is a constant
  
  -- Let's prove that f(x) = f(1)/x for all x > 0
  have h₂ : ∀ x > 0, f x = f 1 / x := by
    intro x hx
    -- Apply the functional equation with y = x and x = 1
    have h₃ := h₀ 1 (by norm_num) x hx
    -- Simplify: f(1 * x) = f(1)/x → f(x) = f(1)/x
    simp only [one_mul] at h₃
    exact h₃
  
  -- Now we can determine the constant f(1) using the given value f(500) = 3
  have h₄ : f 1 / 500 = 3 := by
    rw [←h₂ 500 (by norm_num)]  -- Apply our general form
    exact h₁
  
  -- Solve for f(1): f(1) = 3 * 500 = 1500
  have h₅ : f 1 = 1500 := by
    linarith [h₄]
  
  -- Now we can compute f(600) using our general form
  have h₆ : f 600 = f 1 / 600 := by
    exact h₂ 600 (by norm_num)
  
  -- Substitute the value of f(1) we found
  rw [h₅] at h₆
  
  -- Simplify 1500/600 to get 5/2
  have h₇ : 1500 / 600 = 5 / 2 := by
    norm_cast
    rw [div_eq_mul_inv, div_eq_mul_inv]
    simp only [Rat.mul_inv_eq_iff_eq_mul, mul_comm]
    norm_num
  
  -- Combine all steps to prove the final result
  rwa [h₇] at h₆
2025-04-13 11:00:53 - INFO - ----------------------------------------
2025-04-13 11:00:53 - INFO - 
Checking original code for all errors...
2025-04-13 11:04:27 - INFO - Original code contains 2 errors:
2025-04-13 11:04:27 - INFO - Error 1: line 40, type: no_goals_to_solve, message: no goals to be solved...
2025-04-13 11:04:27 - INFO - Error 2: line 45, type: rewrite_failed, message: tactic 'rewrite' failed, did not find instance of the pattern in the target expression
  1500 / 600
...
2025-04-13 11:04:27 - INFO - 
Starting multi-error continuous repair process...
2025-04-13 11:04:27 - INFO - 
===== Starting to fix all errors =====
2025-04-13 11:04:28 - INFO - 
Found 2 original errors:
2025-04-13 11:04:28 - INFO - Error 1: line 40, type: no_goals_to_solve, message: no goals to be solved...
2025-04-13 11:04:28 - INFO - Error 2: line 45, type: rewrite_failed, message: tactic 'rewrite' failed, did not find instance of the pattern in the target expression
  1500 / 600
...
2025-04-13 11:04:28 - INFO - 
Trying to fix error 1/2: line 40, type: no_goals_to_solve
2025-04-13 11:04:28 - INFO - Error message: no goals to be solved...
2025-04-13 11:04:28 - INFO - Removed header content, remaining 45 lines of code
2025-04-13 11:04:28 - INFO - Using specified target error line: 40
2025-04-13 11:04:29 - INFO - Found error at specified line: no goals to be solved
2025-04-13 11:04:29 - INFO - Error at line 40: no goals to be solved
2025-04-13 11:04:29 - INFO - 
==================================================
2025-04-13 11:04:29 - INFO - Code prepared, starting synthesis
2025-04-13 11:04:29 - INFO - Before part: /-- Let $f$ be a function satisfying $f(xy) = \frac{f(x)}y$ for all positive real numbers $x$ and $y$. 
If $f(500) =3$, what is the value of $f(600)$?

$(\mathrm{A})\ 1 \qquad (\mathrm{B})\ 2 \qquad (\mathrm{C})\ \frac52 \qquad (\mathrm{D})\ 3 \qquad (\mathrm{E})\ \frac{18}5$ 
Show that it is \textbf{C } \frac52.-/
theorem amc12_2001_p9 (f : ℝ → ℝ) (h₀ : ∀ x > 0, ∀ y > 0, f (x * y) = f x / y) (h₁ : f 500 = 3) :
    f 600 = 5 / 2 := by
  -- First, we'll find a general form for f(x) using the functional equation
  -- Let's consider x = 1 in the functional equation to get f(y) = f(1)/y for any y > 0
  -- This suggests f has the form f(x) = C/x where C is a constant
  
  -- Let's prove that f(x) = f(1)/x for all x > 0
  have h₂ : ∀ x > 0, f x = f 1 / x := by
    intro x hx
    -- Apply the functional equation with y = x and x = 1
    have h₃ := h₀ 1 (by norm_num) x hx
    -- Simplify: f(1 * x) = f(1)/x → f(x) = f(1)/x
    simp only [one_mul] at h₃
    exact h₃
  
  -- Now we can determine the constant f(1) using the given value f(500) = 3
  have h₄ : f 1 / 500 = 3 := by
    rw [←h₂ 500 (by norm_num)]  -- Apply our general form
    exact h₁
  
  -- Solve for f(1): f(1) = 3 * 500 = 1500
  have h₅ : f 1 = 1500 := by
    linarith [h₄]
  
  -- Now we can compute f(600) using our general form
  have h₆ : f 600 = f 1 / 600 := by
    exact h₂ 600 (by norm_num)
  
  -- Substitute the value of f(1) we found
  rw [h₅] at h₆
  
  -- Simplify 1500/600 to get 5/2
  have h₇ : 1500 / 600 = 5 / 2 := by
    norm_cast
2025-04-13 11:04:29 - INFO - Error line:     rw [div_eq_mul_inv, div_eq_mul_inv]
2025-04-13 11:04:29 - INFO - After part: simp only [Rat.mul_inv_eq_iff_eq_mul, mul_comm]
    norm_num
  
  -- Combine all steps to prove the final result
  rwa [h₇] at h₆
2025-04-13 11:04:29 - INFO - ==================================================

2025-04-13 11:04:30 - INFO - Testing fragment: rw [justaplaceholder]
2025-04-13 11:04:30 - INFO - Original error line:     rw [div_eq_mul_inv, div_eq_mul_inv]
2025-04-13 11:04:32 - INFO - Testing fix: Original errors: 2, Fixed errors: 2
2025-04-13 11:04:32 - INFO - Result: False (introduced 1 new errors)
2025-04-13 11:04:32 - DEBUG - === New errors detail ===
2025-04-13 11:04:32 - DEBUG - New Error 1: line 40, type: no_goals_to_solve, message: no goals to be solved
2025-04-13 11:04:32 - INFO - Testing fragment: rw [<- justaplaceholder]
2025-04-13 11:04:32 - INFO - Original error line:     rw [div_eq_mul_inv, div_eq_mul_inv]
2025-04-13 11:04:34 - INFO - Testing fix: Original errors: 2, Fixed errors: 2
2025-04-13 11:04:34 - INFO - Result: False (introduced 1 new errors)
2025-04-13 11:04:34 - DEBUG - === New errors detail ===
2025-04-13 11:04:34 - DEBUG - New Error 1: line 40, type: no_goals_to_solve, message: no goals to be solved
2025-04-13 11:04:34 - INFO - Testing fragment: simp
2025-04-13 11:04:34 - INFO - Original error line:     rw [div_eq_mul_inv, div_eq_mul_inv]
2025-04-13 11:04:36 - INFO - Testing fix: Original errors: 2, Fixed errors: 2
2025-04-13 11:04:36 - INFO - Result: False (introduced 1 new errors)
2025-04-13 11:04:36 - DEBUG - === New errors detail ===
2025-04-13 11:04:36 - DEBUG - New Error 1: line 40, type: no_goals_to_solve, message: no goals to be solved
2025-04-13 11:04:36 - INFO - Testing fragment: field_simp
2025-04-13 11:04:36 - INFO - Original error line:     rw [div_eq_mul_inv, div_eq_mul_inv]
2025-04-13 11:04:38 - INFO - Testing fix: Original errors: 2, Fixed errors: 2
2025-04-13 11:04:38 - INFO - Result: False (introduced 1 new errors)
2025-04-13 11:04:38 - DEBUG - === New errors detail ===
2025-04-13 11:04:38 - DEBUG - New Error 1: line 40, type: no_goals_to_solve, message: no goals to be solved
2025-04-13 11:04:38 - INFO - Testing fragment: norm_num
2025-04-13 11:04:38 - INFO - Original error line:     rw [div_eq_mul_inv, div_eq_mul_inv]
2025-04-13 11:04:40 - INFO - Testing fix: Original errors: 2, Fixed errors: 2
2025-04-13 11:04:40 - INFO - Result: False (introduced 1 new errors)
2025-04-13 11:04:40 - DEBUG - === New errors detail ===
2025-04-13 11:04:40 - DEBUG - New Error 1: line 40, type: no_goals_to_solve, message: no goals to be solved
2025-04-13 11:04:40 - INFO - Testing fragment: ring
2025-04-13 11:04:40 - INFO - Original error line:     rw [div_eq_mul_inv, div_eq_mul_inv]
2025-04-13 11:04:42 - INFO - Testing fix: Original errors: 2, Fixed errors: 2
2025-04-13 11:04:42 - INFO - Result: False (introduced 1 new errors)
2025-04-13 11:04:42 - DEBUG - === New errors detail ===
2025-04-13 11:04:42 - DEBUG - New Error 1: line 40, type: no_goals_to_solve, message: no goals to be solved
2025-04-13 11:04:42 - INFO - Testing fragment: ring_nf
2025-04-13 11:04:42 - INFO - Original error line:     rw [div_eq_mul_inv, div_eq_mul_inv]
2025-04-13 11:04:44 - INFO - Testing fix: Original errors: 2, Fixed errors: 2
2025-04-13 11:04:44 - INFO - Result: False (introduced 1 new errors)
2025-04-13 11:04:44 - DEBUG - === New errors detail ===
2025-04-13 11:04:44 - DEBUG - New Error 1: line 40, type: no_goals_to_solve, message: no goals to be solved
2025-04-13 11:04:44 - INFO - Testing fragment: omega
2025-04-13 11:04:44 - INFO - Original error line:     rw [div_eq_mul_inv, div_eq_mul_inv]
2025-04-13 11:04:46 - INFO - Testing fix: Original errors: 2, Fixed errors: 2
2025-04-13 11:04:46 - INFO - Result: False (introduced 1 new errors)
2025-04-13 11:04:46 - DEBUG - === New errors detail ===
2025-04-13 11:04:46 - DEBUG - New Error 1: line 40, type: no_goals_to_solve, message: no goals to be solved
2025-04-13 11:04:46 - INFO - Testing fragment: linarith
2025-04-13 11:04:46 - INFO - Original error line:     rw [div_eq_mul_inv, div_eq_mul_inv]
2025-04-13 11:04:48 - INFO - Testing fix: Original errors: 2, Fixed errors: 2
2025-04-13 11:04:48 - INFO - Result: False (introduced 1 new errors)
2025-04-13 11:04:48 - DEBUG - === New errors detail ===
2025-04-13 11:04:48 - DEBUG - New Error 1: line 40, type: no_goals_to_solve, message: no goals to be solved
2025-04-13 11:04:48 - INFO - Testing fragment: nlinarith
2025-04-13 11:04:48 - INFO - Original error line:     rw [div_eq_mul_inv, div_eq_mul_inv]
2025-04-13 11:04:50 - INFO - Testing fix: Original errors: 2, Fixed errors: 2
2025-04-13 11:04:50 - INFO - Result: False (introduced 1 new errors)
2025-04-13 11:04:50 - DEBUG - === New errors detail ===
2025-04-13 11:04:50 - DEBUG - New Error 1: line 40, type: no_goals_to_solve, message: no goals to be solved
2025-04-13 11:04:50 - INFO - Failed attempt time: 22.05 seconds
2025-04-13 11:04:50 - INFO - ❌ Could not generate fix for error at line 40
2025-04-13 11:04:50 - INFO - 
Trying to fix error 2/2: line 45, type: rewrite_failed
2025-04-13 11:04:50 - INFO - Error message: tactic 'rewrite' failed, did not find instance of the pattern in the target expression
  1500 / 600
...
2025-04-13 11:04:50 - INFO - Removed header content, remaining 45 lines of code
2025-04-13 11:04:50 - INFO - Using specified target error line: 45
2025-04-13 11:04:51 - INFO - Found error at specified line: tactic 'rewrite' failed, did not find instance of the pattern in the target expression
  1500 / 600
f : ℝ → ℝ
h₀ : ∀ x > 0, ∀ y > 0, f (x * y) = f x / y
h₁ : f 500 = 3
h₂ : ∀ x > 0, f x = f 1 / x
h₄ : f 1 / 500 = 3
h₅ : f 1 = 1500
h₆ : f 600 = 1500 / 600
h₇ : 1500 / 600 = 5 / 2
⊢ f 600 = 5 / 2
2025-04-13 11:04:51 - INFO - Error at line 45: tactic 'rewrite' failed, did not find instance of the pattern in the target expression
  1500 / 600
f : ℝ → ℝ
h₀ : ∀ x > 0, ∀ y > 0, f (x * y) = f x / y
h₁ : f 500 = 3
h₂ : ∀ x > 0, f x = f 1 / x
h₄ : f 1 / 500 = 3
h₅ : f 1 = 1500
h₆ : f 600 = 1500 / 600
h₇ : 1500 / 600 = 5 / 2
⊢ f 600 = 5 / 2
2025-04-13 11:04:51 - INFO - 
==================================================
2025-04-13 11:04:51 - INFO - Code prepared, starting synthesis
2025-04-13 11:04:51 - INFO - Before part: /-- Let $f$ be a function satisfying $f(xy) = \frac{f(x)}y$ for all positive real numbers $x$ and $y$. 
If $f(500) =3$, what is the value of $f(600)$?

$(\mathrm{A})\ 1 \qquad (\mathrm{B})\ 2 \qquad (\mathrm{C})\ \frac52 \qquad (\mathrm{D})\ 3 \qquad (\mathrm{E})\ \frac{18}5$ 
Show that it is \textbf{C } \frac52.-/
theorem amc12_2001_p9 (f : ℝ → ℝ) (h₀ : ∀ x > 0, ∀ y > 0, f (x * y) = f x / y) (h₁ : f 500 = 3) :
    f 600 = 5 / 2 := by
  -- First, we'll find a general form for f(x) using the functional equation
  -- Let's consider x = 1 in the functional equation to get f(y) = f(1)/y for any y > 0
  -- This suggests f has the form f(x) = C/x where C is a constant
  
  -- Let's prove that f(x) = f(1)/x for all x > 0
  have h₂ : ∀ x > 0, f x = f 1 / x := by
    intro x hx
    -- Apply the functional equation with y = x and x = 1
    have h₃ := h₀ 1 (by norm_num) x hx
    -- Simplify: f(1 * x) = f(1)/x → f(x) = f(1)/x
    simp only [one_mul] at h₃
    exact h₃
  
  -- Now we can determine the constant f(1) using the given value f(500) = 3
  have h₄ : f 1 / 500 = 3 := by
    rw [←h₂ 500 (by norm_num)]  -- Apply our general form
    exact h₁
  
  -- Solve for f(1): f(1) = 3 * 500 = 1500
  have h₅ : f 1 = 1500 := by
    linarith [h₄]
  
  -- Now we can compute f(600) using our general form
  have h₆ : f 600 = f 1 / 600 := by
    exact h₂ 600 (by norm_num)
  
  -- Substitute the value of f(1) we found
  rw [h₅] at h₆
  
  -- Simplify 1500/600 to get 5/2
  have h₇ : 1500 / 600 = 5 / 2 := by
    norm_cast
    rw [div_eq_mul_inv, div_eq_mul_inv]
    simp only [Rat.mul_inv_eq_iff_eq_mul, mul_comm]
    norm_num
  
  -- Combine all steps to prove the final result
2025-04-13 11:04:51 - INFO - Error line:   rwa [h₇] at h₆
2025-04-13 11:04:51 - INFO - After part: 
2025-04-13 11:04:51 - INFO - ==================================================

2025-04-13 11:04:52 - INFO - Testing fragment: rw [justaplaceholder]
2025-04-13 11:04:52 - INFO - Original error line:   rwa [h₇] at h₆
2025-04-13 11:04:54 - INFO - Testing fix: Original errors: 2, Fixed errors: 3
2025-04-13 11:04:54 - INFO - Result: False (introduced 2 new errors)
2025-04-13 11:04:54 - DEBUG - === New errors detail ===
2025-04-13 11:04:54 - DEBUG - New Error 1: line 45, type: unknown_identifier, message: unknown identifier 'justaplaceholder'
2025-04-13 11:04:54 - DEBUG - New Error 2: line 45, type: rewrite_failed, message: tactic 'rewrite' failed, equality or iff proof expected
  ?m.3480
f : ℝ → ℝ
h₀ : ∀ x > 0, ∀ y > 0, f (x * y) = f x / y
h₁ : f 500 = 3
h₂ : ∀ x > 0, f x = f 1 / x
h₄ : f 1 / 500 = 3
h₅ : f 1 = 1500
h₆ : f 600 = 1500 / 600
h₇ : 1500 / 600 = 5 / 2
⊢ f 600 = 5 / 2
2025-04-13 11:04:54 - INFO - Testing fragment: rw [<- justaplaceholder]
2025-04-13 11:04:54 - INFO - Original error line:   rwa [h₇] at h₆
2025-04-13 11:04:56 - INFO - Testing fix: Original errors: 2, Fixed errors: 3
2025-04-13 11:04:56 - INFO - Result: False (introduced 2 new errors)
2025-04-13 11:04:56 - DEBUG - === New errors detail ===
2025-04-13 11:04:56 - DEBUG - New Error 1: line 45, type: unknown_identifier, message: unknown identifier 'justaplaceholder'
2025-04-13 11:04:56 - DEBUG - New Error 2: line 45, type: rewrite_failed, message: tactic 'rewrite' failed, equality or iff proof expected
  ?m.3480
f : ℝ → ℝ
h₀ : ∀ x > 0, ∀ y > 0, f (x * y) = f x / y
h₁ : f 500 = 3
h₂ : ∀ x > 0, f x = f 1 / x
h₄ : f 1 / 500 = 3
h₅ : f 1 = 1500
h₆ : f 600 = 1500 / 600
h₇ : 1500 / 600 = 5 / 2
⊢ f 600 = 5 / 2
2025-04-13 11:04:56 - INFO - Testing fragment: simp
2025-04-13 11:04:56 - INFO - Original error line:   rwa [h₇] at h₆
2025-04-13 11:04:58 - INFO - Testing fix: Original errors: 2, Fixed errors: 2
2025-04-13 11:04:58 - INFO - Result: False (introduced 1 new errors)
2025-04-13 11:04:58 - DEBUG - === New errors detail ===
2025-04-13 11:04:58 - DEBUG - New Error 1: line 45, type: simp_failed, message: simp made no progress
2025-04-13 11:04:58 - INFO - Testing fragment: field_simp
2025-04-13 11:04:58 - INFO - Original error line:   rwa [h₇] at h₆
2025-04-13 11:05:00 - INFO - Testing fix: Original errors: 2, Fixed errors: 2
2025-04-13 11:05:00 - INFO - Result: False (introduced 1 new errors)
2025-04-13 11:05:00 - DEBUG - === New errors detail ===
2025-04-13 11:05:00 - DEBUG - New Error 1: line 7, type: other_error, message: unsolved goals
f : ℝ → ℝ
h₀ : ∀ x > 0, ∀ y > 0, f (x * y) = f x / y
h₁ : f 500 = 3
h₂ : ∀ x > 0, f x = f 1 / x
h₄ : f 1 / 500 = 3
h₅ : f 1 = 1500
h₆ : f 600 = 1500 / 600
h₇ : 1500 / 600 = 5 / 2
⊢ f 600 * 2 = 5
2025-04-13 11:05:00 - INFO - Testing fragment: norm_num
2025-04-13 11:05:00 - INFO - Original error line:   rwa [h₇] at h₆
2025-04-13 11:05:02 - INFO - Testing fix: Original errors: 2, Fixed errors: 2
2025-04-13 11:05:02 - INFO - Result: False (introduced 1 new errors)
2025-04-13 11:05:02 - DEBUG - === New errors detail ===
2025-04-13 11:05:02 - DEBUG - New Error 1: line 7, type: other_error, message: unsolved goals
f : ℝ → ℝ
h₀ : ∀ x > 0, ∀ y > 0, f (x * y) = f x / y
h₁ : f 500 = 3
h₂ : ∀ x > 0, f x = f 1 / x
h₄ : f 1 / 500 = 3
h₅ : f 1 = 1500
h₆ : f 600 = 1500 / 600
h₇ : 1500 / 600 = 5 / 2
⊢ f 600 = 5 / 2
2025-04-13 11:05:02 - INFO - Testing fragment: ring
2025-04-13 11:05:02 - INFO - Original error line:   rwa [h₇] at h₆
2025-04-13 11:05:04 - INFO - Testing fix: Original errors: 2, Fixed errors: 3
2025-04-13 11:05:04 - INFO - Result: False (introduced 2 new errors)
2025-04-13 11:05:04 - DEBUG - === New errors detail ===
2025-04-13 11:05:04 - DEBUG - New Error 1: line 45, type: ring_failed, message: Try this: ring_nf
2025-04-13 11:05:04 - DEBUG - New Error 2: line 7, type: other_error, message: unsolved goals
f : ℝ → ℝ
h₀ : ∀ x > 0, ∀ y > 0, f (x * y) = f x / y
h₁ : f 500 = 3
h₂ : ∀ x > 0, f x = f 1 / x
h₄ : f 1 / 500 = 3
h₅ : f 1 = 1500
h₆ : f 600 = 1500 / 600
h₇ : 1500 / 600 = 5 / 2
⊢ f 600 = 5 / 2
2025-04-13 11:05:04 - INFO - Testing fragment: ring_nf
2025-04-13 11:05:04 - INFO - Original error line:   rwa [h₇] at h₆
2025-04-13 11:05:06 - INFO - Testing fix: Original errors: 2, Fixed errors: 2
2025-04-13 11:05:06 - INFO - Result: False (introduced 1 new errors)
2025-04-13 11:05:06 - DEBUG - === New errors detail ===
2025-04-13 11:05:06 - DEBUG - New Error 1: line 7, type: other_error, message: unsolved goals
f : ℝ → ℝ
h₀ : ∀ x > 0, ∀ y > 0, f (x * y) = f x / y
h₁ : f 500 = 3
h₂ : ∀ x > 0, f x = f 1 / x
h₄ : f 1 / 500 = 3
h₅ : f 1 = 1500
h₆ : f 600 = 1500 / 600
h₇ : 1500 / 600 = 5 / 2
⊢ f 600 = 5 / 2
2025-04-13 11:05:06 - INFO - Testing fragment: omega
2025-04-13 11:05:06 - INFO - Original error line:   rwa [h₇] at h₆
2025-04-13 11:05:08 - INFO - Testing fix: Original errors: 2, Fixed errors: 2
2025-04-13 11:05:08 - INFO - Result: False (introduced 1 new errors)
2025-04-13 11:05:08 - DEBUG - === New errors detail ===
2025-04-13 11:05:08 - DEBUG - New Error 1: line 45, type: other_error, message: omega could not prove the goal:
No usable constraints found. You may need to unfold definitions so `omega` can see linear arithmetic facts about `Nat` and `Int`, which may also involve multiplication, division, and modular remainder by constants.
2025-04-13 11:05:08 - INFO - Testing fragment: linarith
2025-04-13 11:05:08 - INFO - Original error line:   rwa [h₇] at h₆
2025-04-13 11:05:10 - INFO - Testing fix: Original errors: 2, Fixed errors: 1
2025-04-13 11:05:10 - INFO - Result: True (target error fixed and no new errors introduced)
2025-04-13 11:05:10 - DEBUG - === Original errors detail ===
2025-04-13 11:05:10 - DEBUG - Error 1: line 40, type: no_goals_to_solve, message: no goals to be solved
2025-04-13 11:05:10 - DEBUG - Error 2: line 45, type: rewrite_failed, message: tactic 'rewrite' failed, did not find instance of the pattern in the target expression
  1500 / 600
f : ℝ → ℝ
h₀ : ∀ x > 0, ∀ y > 0, f (x * y) = f x / y
h₁ : f 500 = 3
h₂ : ∀ x > 0, f x = f 1 / x
h₄ : f 1 / 500 = 3
h₅ : f 1 = 1500
h₆ : f 600 = 1500 / 600
h₇ : 1500 / 600 = 5 / 2
⊢ f 600 = 5 / 2
2025-04-13 11:05:10 - DEBUG - === Fixed code comparison ===
2025-04-13 11:05:10 - DEBUG - Line 45 changed:
2025-04-13 11:05:10 - DEBUG -   Original:   rwa [h₇] at h₆
2025-04-13 11:05:10 - DEBUG -   Fixed:      linarith
2025-04-13 11:05:10 - INFO - Found effective solution: linarith
2025-04-13 11:05:10 - INFO - 
==================================================
2025-04-13 11:05:10 - INFO - Fixed code:
2025-04-13 11:05:10 - INFO - /-- Let $f$ be a function satisfying $f(xy) = \frac{f(x)}y$ for all positive real numbers $x$ and $y$. 
If $f(500) =3$, what is the value of $f(600)$?

$(\mathrm{A})\ 1 \qquad (\mathrm{B})\ 2 \qquad (\mathrm{C})\ \frac52 \qquad (\mathrm{D})\ 3 \qquad (\mathrm{E})\ \frac{18}5$ 
Show that it is \textbf{C } \frac52.-/
theorem amc12_2001_p9 (f : ℝ → ℝ) (h₀ : ∀ x > 0, ∀ y > 0, f (x * y) = f x / y) (h₁ : f 500 = 3) :
    f 600 = 5 / 2 := by
  -- First, we'll find a general form for f(x) using the functional equation
  -- Let's consider x = 1 in the functional equation to get f(y) = f(1)/y for any y > 0
  -- This suggests f has the form f(x) = C/x where C is a constant
  
  -- Let's prove that f(x) = f(1)/x for all x > 0
  have h₂ : ∀ x > 0, f x = f 1 / x := by
    intro x hx
    -- Apply the functional equation with y = x and x = 1
    have h₃ := h₀ 1 (by norm_num) x hx
    -- Simplify: f(1 * x) = f(1)/x → f(x) = f(1)/x
    simp only [one_mul] at h₃
    exact h₃
  
  -- Now we can determine the constant f(1) using the given value f(500) = 3
  have h₄ : f 1 / 500 = 3 := by
    rw [←h₂ 500 (by norm_num)]  -- Apply our general form
    exact h₁
  
  -- Solve for f(1): f(1) = 3 * 500 = 1500
  have h₅ : f 1 = 1500 := by
    linarith [h₄]
  
  -- Now we can compute f(600) using our general form
  have h₆ : f 600 = f 1 / 600 := by
    exact h₂ 600 (by norm_num)
  
  -- Substitute the value of f(1) we found
  rw [h₅] at h₆
  
  -- Simplify 1500/600 to get 5/2
  have h₇ : 1500 / 600 = 5 / 2 := by
    norm_cast
    rw [div_eq_mul_inv, div_eq_mul_inv]
    simp only [Rat.mul_inv_eq_iff_eq_mul, mul_comm]
    norm_num
  
  -- Combine all steps to prove the final result
  linarith
2025-04-13 11:05:10 - INFO - ==================================================
2025-04-13 11:05:12 - INFO - Original code error count: 2
2025-04-13 11:05:12 - INFO - Fixed code error count: 1
2025-04-13 11:05:12 - INFO - Result: True (target error fixed and no new errors introduced)
2025-04-13 11:05:12 - DEBUG - === Original errors detail ===
2025-04-13 11:05:12 - DEBUG - Error 1: line 40, type: no_goals_to_solve, message: no goals to be solved
2025-04-13 11:05:12 - DEBUG - Error 2: line 45, type: rewrite_failed, message: tactic 'rewrite' failed, did not find instance of the pattern in the target expression
  1500 / 600
f : ℝ → ℝ
h₀ : ∀ x > 0, ∀ y > 0, f (x * y) = f x / y
h₁ : f 500 = 3
h₂ : ∀ x > 0, f x = f 1 / x
h₄ : f 1 / 500 = 3
h₅ : f 1 = 1500
h₆ : f 600 = 1500 / 600
h₇ : 1500 / 600 = 5 / 2
⊢ f 600 = 5 / 2
2025-04-13 11:05:12 - DEBUG - === Fixed code comparison ===
2025-04-13 11:05:12 - DEBUG - Line 45 changed:
2025-04-13 11:05:12 - DEBUG -   Original:   rwa [h₇] at h₆
2025-04-13 11:05:12 - DEBUG -   Fixed:      linarith
2025-04-13 11:05:12 - INFO - 
==================================================
2025-04-13 11:05:12 - INFO - Synthesis successful
2025-04-13 11:05:12 - INFO - ==================================================
2025-04-13 11:05:12 - INFO - Fix time: 22.04 seconds
2025-04-13 11:05:12 - INFO - ✅ Fixed error at line 45
2025-04-13 11:05:13 - INFO - 
===== Fix attempt completed =====
2025-04-13 11:05:13 - INFO - Original errors: 2
2025-04-13 11:05:13 - INFO - Fixed errors: 1
2025-04-13 11:05:13 - INFO - Failed errors: 1
2025-04-13 11:05:13 - INFO - Remaining errors: 1
2025-04-13 11:05:13 - INFO - Total time: 46.09 seconds
2025-04-13 11:05:13 - INFO - 
Final fixed code:
2025-04-13 11:05:13 - INFO - ----------------------------------------
2025-04-13 11:05:13 - INFO - /-- Let $f$ be a function satisfying $f(xy) = \frac{f(x)}y$ for all positive real numbers $x$ and $y$. 
If $f(500) =3$, what is the value of $f(600)$?

$(\mathrm{A})\ 1 \qquad (\mathrm{B})\ 2 \qquad (\mathrm{C})\ \frac52 \qquad (\mathrm{D})\ 3 \qquad (\mathrm{E})\ \frac{18}5$ 
Show that it is \textbf{C } \frac52.-/
theorem amc12_2001_p9 (f : ℝ → ℝ) (h₀ : ∀ x > 0, ∀ y > 0, f (x * y) = f x / y) (h₁ : f 500 = 3) :
    f 600 = 5 / 2 := by
  -- First, we'll find a general form for f(x) using the functional equation
  -- Let's consider x = 1 in the functional equation to get f(y) = f(1)/y for any y > 0
  -- This suggests f has the form f(x) = C/x where C is a constant
  
  -- Let's prove that f(x) = f(1)/x for all x > 0
  have h₂ : ∀ x > 0, f x = f 1 / x := by
    intro x hx
    -- Apply the functional equation with y = x and x = 1
    have h₃ := h₀ 1 (by norm_num) x hx
    -- Simplify: f(1 * x) = f(1)/x → f(x) = f(1)/x
    simp only [one_mul] at h₃
    exact h₃
  
  -- Now we can determine the constant f(1) using the given value f(500) = 3
  have h₄ : f 1 / 500 = 3 := by
    rw [←h₂ 500 (by norm_num)]  -- Apply our general form
    exact h₁
  
  -- Solve for f(1): f(1) = 3 * 500 = 1500
  have h₅ : f 1 = 1500 := by
    linarith [h₄]
  
  -- Now we can compute f(600) using our general form
  have h₆ : f 600 = f 1 / 600 := by
    exact h₂ 600 (by norm_num)
  
  -- Substitute the value of f(1) we found
  rw [h₅] at h₆
  
  -- Simplify 1500/600 to get 5/2
  have h₇ : 1500 / 600 = 5 / 2 := by
    norm_cast
    rw [div_eq_mul_inv, div_eq_mul_inv]
    simp only [Rat.mul_inv_eq_iff_eq_mul, mul_comm]
    norm_num
  
  -- Combine all steps to prove the final result
  linarith
2025-04-13 11:05:13 - INFO - ----------------------------------------
2025-04-13 11:05:13 - INFO - 
Detailed error repair report:
2025-04-13 11:05:13 - INFO - Original code error count: 2
❌ Fixed error 1/2: Could not generate fix for error at line 40 «no_goals_to_solve» (after 22.05s)
✅ Fixed error 2/2: Successfully fixed error at line 45 «rewrite_failed» (in 22.04s)

=== Fix statistics ===
Original error count: 2
Fixed errors: 1 (Fix rate: 0.5000)
Failed errors: 1
Remaining errors: 1
Total time: 46.09 seconds

=== Successful fix details ===

Fix 1:
   Line: 45
   Error type: rewrite_failed
   Original error message: tactic 'rewrite' failed, did not find instance of the pattern in the target expression
  1500 / 600
...
   Fix snippet: linarith
   Fixed line:   linarith
   Time: 22.04 seconds

=== Failed fix details ===

Failed fix 1:
   Line: 40
   Error type: no_goals_to_solve
   Original error message: no goals to be solved...
   Failure reason: Could not generate fix
   Time: 22.05 seconds
2025-04-13 11:05:13 - INFO - 
Fixed code saved to: /data/coding/minif2f/lean_fixed/24_fixed.lean
2025-04-13 11:05:13 - INFO - JSON log saved to: /data/coding/minif2f/lean_fixed/24_fix_log.json
2025-04-13 11:05:13 - INFO - 
===== LOG FILE LOCATION =====
2025-04-13 11:05:13 - INFO - Detailed log file is available at: /data/coding/minif2f/lean_fixed/24.log
2025-04-13 11:05:13 - INFO - ===============================
