2025-04-13 11:00:53 - INFO - Log file initialized at 2025-04-13T11:00:53.152145
2025-04-13 11:00:53 - INFO - ===== LOG FILE LOCATION =====
2025-04-13 11:00:53 - INFO - Detailed log file created at: /data/coding/minif2f/lean_fixed/26.log
2025-04-13 11:00:53 - INFO - ===============================
2025-04-13 11:00:53 - INFO - Original code:
2025-04-13 11:00:53 - INFO - ----------------------------------------
2025-04-13 11:00:53 - INFO - import Mathlib
import Aesop

set_option maxHeartbeats 0

open BigOperators Real Nat Topology Rat

/-- If $321_{b}$ is equal to the base 10 integer 57, find $b$ given that $b>0$. Show that it is 4.-/
theorem mathd_numbertheory_48 (b : ℕ) (h₀ : 0 < b) (h₁ : 3 * b ^ 2 + 2 * b + 1 = 57) : b = 4 := by
  -- Our goal is to solve for b in the equation 3b² + 2b + 1 = 57
  -- First, simplify the equation to standard quadratic form
  have h₂ : 3 * b ^ 2 + 2 * b + 1 - 57 = 0 := by rw [h₁]; simp
  -- Which simplifies to 3b² + 2b - 56 = 0
  have h₃ : 3 * b ^ 2 + 2 * b - 56 = 0 := by linear_combination h₂
  
  -- We can now solve this quadratic equation for b
  -- The quadratic formula solutions are (-2 ± √(4 + 672))/6
  -- Calculate discriminant: 2² - 4*3*(-56) = 4 + 672 = 676
  have discr : 2^2 - 4 * 3 * (-56) = 676 := by norm_num
  -- Square root of discriminant is 26 since 26² = 676
  have sqrt_discr : Real.sqrt (2^2 - 4 * 3 * (-56)) = 26 := by rw [discr]; norm_num
  
  -- The positive solution is (-2 + 26)/6 = 24/6 = 4
  -- The negative solution would be (-2 - 26)/6 = -28/6 which is negative and invalid (b > 0)
  
  -- We can verify that b = 4 satisfies the original equation
  have h₄ : b = 4 ∨ b = (-2 - 26)/6 := by
    -- Apply quadratic formula
    apply eq_quadratic_roots
    · show 3 ≠ 0; norm_num
    · show 2 ≠ 0; norm_num
    · show -56 ≠ 0; norm_num
    · exact h₃
    · rw [discr]
  
  -- Eliminate the negative solution since b > 0
  cases h₄ with
  | inl h => exact h
  | inr h => 
    -- The negative solution is invalid since b is a natural number > 0
    have h₅ : b < 0 := by
      rw [h]
      -- Compute (-2 - 26)/6 = -28/6 ≈ -4.666...
      norm_num
    exact absurd h₅ (not_lt.mpr h₀)
2025-04-13 11:00:53 - INFO - ----------------------------------------
2025-04-13 11:00:53 - INFO - 
Checking original code for all errors...
2025-04-13 11:04:27 - INFO - Original code contains 7 errors:
2025-04-13 11:04:27 - INFO - Error 1: line 5, type: no_goals_to_solve, message: no goals to be solved...
2025-04-13 11:04:27 - INFO - Error 2: line 7, type: failed_to_synthesize, message: failed to synthesize
  AddGroup ℕ
use `set_option diagnostics true` to get diagnostic information...
2025-04-13 11:04:27 - INFO - Error 3: line 7, type: other_error, message: Case tag 'a' not found.

There are no cases to select....
2025-04-13 11:04:27 - INFO - Error 4: line 14, type: rewrite_failed, message: tactic 'rewrite' failed, did not find instance of the pattern in the target expression
  2 ^ 2 - 4 *...
2025-04-13 11:04:27 - INFO - Error 5: line 20, type: failed_to_synthesize, message: failed to synthesize
  Neg ℕ
use `set_option diagnostics true` to get diagnostic information...
2025-04-13 11:04:27 - INFO - Error 6: line 22, type: unknown_identifier, message: unknown identifier 'eq_quadratic_roots'...
2025-04-13 11:04:27 - INFO - Error 7: line 38, type: type_mismatch, message: application type mismatch
  not_lt.mpr h₀
argument
  h₀
has type
  0 < b : Prop
but is expected to h...
2025-04-13 11:04:27 - INFO - 
Starting multi-error continuous repair process...
2025-04-13 11:04:27 - INFO - 
===== Starting to fix all errors =====
2025-04-13 11:04:28 - INFO - 
Found 7 original errors:
2025-04-13 11:04:28 - INFO - Error 1: line 5, type: no_goals_to_solve, message: no goals to be solved...
2025-04-13 11:04:28 - INFO - Error 2: line 7, type: failed_to_synthesize, message: failed to synthesize
  AddGroup ℕ
use `set_option diagnostics true` to get diagnostic information...
2025-04-13 11:04:28 - INFO - Error 3: line 7, type: other_error, message: Case tag 'a' not found.

There are no cases to select....
2025-04-13 11:04:28 - INFO - Error 4: line 14, type: rewrite_failed, message: tactic 'rewrite' failed, did not find instance of the pattern in the target expression
  2 ^ 2 - 4 *...
2025-04-13 11:04:28 - INFO - Error 5: line 20, type: failed_to_synthesize, message: failed to synthesize
  Neg ℕ
use `set_option diagnostics true` to get diagnostic information...
2025-04-13 11:04:28 - INFO - Error 6: line 22, type: unknown_identifier, message: unknown identifier 'eq_quadratic_roots'...
2025-04-13 11:04:28 - INFO - Error 7: line 38, type: type_mismatch, message: application type mismatch
  not_lt.mpr h₀
argument
  h₀
has type
  0 < b : Prop
but is expected to h...
2025-04-13 11:04:28 - INFO - 
Trying to fix error 1/7: line 5, type: no_goals_to_solve
2025-04-13 11:04:28 - INFO - Error message: no goals to be solved...
2025-04-13 11:04:28 - INFO - Removed header content, remaining 38 lines of code
2025-04-13 11:04:28 - INFO - Using specified target error line: 5
2025-04-13 11:04:29 - INFO - Found error at specified line: no goals to be solved
2025-04-13 11:04:29 - INFO - Error at line 5: no goals to be solved
2025-04-13 11:04:29 - INFO - 
==================================================
2025-04-13 11:04:29 - INFO - Code prepared, starting synthesis
2025-04-13 11:04:29 - INFO - Before part: /-- If $321_{b}$ is equal to the base 10 integer 57, find $b$ given that $b>0$. Show that it is 4.-/
theorem mathd_numbertheory_48 (b : ℕ) (h₀ : 0 < b) (h₁ : 3 * b ^ 2 + 2 * b + 1 = 57) : b = 4 := by
  -- Our goal is to solve for b in the equation 3b² + 2b + 1 = 57
  -- First, simplify the equation to standard quadratic form
2025-04-13 11:04:29 - INFO - Error line:   have h₂ : 3 * b ^ 2 + 2 * b + 1 - 57 = 0 := by rw [h₁]; simp
2025-04-13 11:04:29 - INFO - After part: -- Which simplifies to 3b² + 2b - 56 = 0
  have h₃ : 3 * b ^ 2 + 2 * b - 56 = 0 := by linear_combination h₂
  
  -- We can now solve this quadratic equation for b
  -- The quadratic formula solutions are (-2 ± √(4 + 672))/6
  -- Calculate discriminant: 2² - 4*3*(-56) = 4 + 672 = 676
  have discr : 2^2 - 4 * 3 * (-56) = 676 := by norm_num
  -- Square root of discriminant is 26 since 26² = 676
  have sqrt_discr : Real.sqrt (2^2 - 4 * 3 * (-56)) = 26 := by rw [discr]; norm_num
  
  -- The positive solution is (-2 + 26)/6 = 24/6 = 4
  -- The negative solution would be (-2 - 26)/6 = -28/6 which is negative and invalid (b > 0)
  
  -- We can verify that b = 4 satisfies the original equation
  have h₄ : b = 4 ∨ b = (-2 - 26)/6 := by
    -- Apply quadratic formula
    apply eq_quadratic_roots
    · show 3 ≠ 0; norm_num
    · show 2 ≠ 0; norm_num
    · show -56 ≠ 0; norm_num
    · exact h₃
    · rw [discr]
  
  -- Eliminate the negative solution since b > 0
  cases h₄ with
  | inl h => exact h
  | inr h => 
    -- The negative solution is invalid since b is a natural number > 0
    have h₅ : b < 0 := by
      rw [h]
      -- Compute (-2 - 26)/6 = -28/6 ≈ -4.666...
      norm_num
    exact absurd h₅ (not_lt.mpr h₀)
2025-04-13 11:04:29 - INFO - ==================================================

2025-04-13 11:04:30 - INFO - Testing fragment: rw [justaplaceholder]
2025-04-13 11:04:30 - INFO - Original error line:   have h₂ : 3 * b ^ 2 + 2 * b + 1 - 57 = 0 := by rw [h₁]; simp
2025-04-13 11:04:32 - INFO - Testing fix: Original errors: 7, Fixed errors: 8
2025-04-13 11:04:32 - INFO - Result: False (introduced 2 new errors)
2025-04-13 11:04:32 - DEBUG - === New errors detail ===
2025-04-13 11:04:32 - DEBUG - New Error 1: line 5, type: unknown_identifier, message: unknown identifier 'justaplaceholder'
2025-04-13 11:04:32 - DEBUG - New Error 2: line 5, type: rewrite_failed, message: tactic 'rewrite' failed, equality or iff proof expected
  ?m.1152
b : ℕ
h₀ : 0 < b
h₁ : 3 * b ^ 2 + 2 * b + 1 = 57
⊢ 3 * b ^ 2 + 2 * b + 1 - 57 = 0
2025-04-13 11:04:32 - INFO - Testing fragment: rw [<- justaplaceholder]
2025-04-13 11:04:32 - INFO - Original error line:   have h₂ : 3 * b ^ 2 + 2 * b + 1 - 57 = 0 := by rw [h₁]; simp
2025-04-13 11:04:34 - INFO - Testing fix: Original errors: 7, Fixed errors: 8
2025-04-13 11:04:34 - INFO - Result: False (introduced 2 new errors)
2025-04-13 11:04:34 - DEBUG - === New errors detail ===
2025-04-13 11:04:34 - DEBUG - New Error 1: line 5, type: unknown_identifier, message: unknown identifier 'justaplaceholder'
2025-04-13 11:04:34 - DEBUG - New Error 2: line 5, type: rewrite_failed, message: tactic 'rewrite' failed, equality or iff proof expected
  ?m.1152
b : ℕ
h₀ : 0 < b
h₁ : 3 * b ^ 2 + 2 * b + 1 = 57
⊢ 3 * b ^ 2 + 2 * b + 1 - 57 = 0
2025-04-13 11:04:34 - INFO - Testing fragment: simp
2025-04-13 11:04:34 - INFO - Original error line:   have h₂ : 3 * b ^ 2 + 2 * b + 1 - 57 = 0 := by rw [h₁]; simp
2025-04-13 11:04:36 - INFO - Testing fix: Original errors: 7, Fixed errors: 7
2025-04-13 11:04:36 - INFO - Result: False (introduced 1 new errors)
2025-04-13 11:04:36 - DEBUG - === New errors detail ===
2025-04-13 11:04:36 - DEBUG - New Error 1: line 5, type: other_error, message: unsolved goals
b : ℕ
h₀ : 0 < b
h₁ : 3 * b ^ 2 + 2 * b + 1 = 57
⊢ 3 * b ^ 2 + 2 * b - 56 = 0
2025-04-13 11:04:36 - INFO - Testing fragment: field_simp
2025-04-13 11:04:36 - INFO - Original error line:   have h₂ : 3 * b ^ 2 + 2 * b + 1 - 57 = 0 := by rw [h₁]; simp
2025-04-13 11:04:38 - INFO - Testing fix: Original errors: 7, Fixed errors: 7
2025-04-13 11:04:38 - INFO - Result: False (introduced 1 new errors)
2025-04-13 11:04:38 - DEBUG - === New errors detail ===
2025-04-13 11:04:38 - DEBUG - New Error 1: line 5, type: simp_failed, message: simp made no progress
2025-04-13 11:04:38 - INFO - Testing fragment: norm_num
2025-04-13 11:04:38 - INFO - Original error line:   have h₂ : 3 * b ^ 2 + 2 * b + 1 - 57 = 0 := by rw [h₁]; simp
2025-04-13 11:04:40 - INFO - Testing fix: Original errors: 7, Fixed errors: 7
2025-04-13 11:04:40 - INFO - Result: False (introduced 1 new errors)
2025-04-13 11:04:40 - DEBUG - === New errors detail ===
2025-04-13 11:04:40 - DEBUG - New Error 1: line 5, type: other_error, message: unsolved goals
b : ℕ
h₀ : 0 < b
h₁ : 3 * b ^ 2 + 2 * b + 1 = 57
⊢ 3 * b ^ 2 + 2 * b + 1 - 57 = 0
2025-04-13 11:04:40 - INFO - Testing fragment: ring
2025-04-13 11:04:40 - INFO - Original error line:   have h₂ : 3 * b ^ 2 + 2 * b + 1 - 57 = 0 := by rw [h₁]; simp
2025-04-13 11:04:42 - INFO - Testing fix: Original errors: 7, Fixed errors: 8
2025-04-13 11:04:42 - INFO - Result: False (introduced 2 new errors)
2025-04-13 11:04:42 - DEBUG - === New errors detail ===
2025-04-13 11:04:42 - DEBUG - New Error 1: line 5, type: ring_failed, message: Try this: ring_nf
2025-04-13 11:04:42 - DEBUG - New Error 2: line 5, type: other_error, message: unsolved goals
b : ℕ
h₀ : 0 < b
h₁ : 3 * b ^ 2 + 2 * b + 1 = 57
⊢ 1 + b * 2 + b ^ 2 * 3 - 57 = 0
2025-04-13 11:04:42 - INFO - Testing fragment: ring_nf
2025-04-13 11:04:42 - INFO - Original error line:   have h₂ : 3 * b ^ 2 + 2 * b + 1 - 57 = 0 := by rw [h₁]; simp
2025-04-13 11:04:44 - INFO - Testing fix: Original errors: 7, Fixed errors: 7
2025-04-13 11:04:44 - INFO - Result: False (introduced 1 new errors)
2025-04-13 11:04:44 - DEBUG - === New errors detail ===
2025-04-13 11:04:44 - DEBUG - New Error 1: line 5, type: other_error, message: unsolved goals
b : ℕ
h₀ : 0 < b
h₁ : 3 * b ^ 2 + 2 * b + 1 = 57
⊢ 1 + b * 2 + b ^ 2 * 3 - 57 = 0
2025-04-13 11:04:44 - INFO - Testing fragment: omega
2025-04-13 11:04:44 - INFO - Original error line:   have h₂ : 3 * b ^ 2 + 2 * b + 1 - 57 = 0 := by rw [h₁]; simp
2025-04-13 11:04:46 - INFO - Testing fix: Original errors: 7, Fixed errors: 6
2025-04-13 11:04:46 - INFO - Result: True (target error fixed and no new errors introduced)
2025-04-13 11:04:46 - DEBUG - === Original errors detail ===
2025-04-13 11:04:46 - DEBUG - Error 1: line 5, type: no_goals_to_solve, message: no goals to be solved
2025-04-13 11:04:46 - DEBUG - Error 2: line 7, type: failed_to_synthesize, message: failed to synthesize
  AddGroup ℕ
use `set_option diagnostics true` to get diagnostic information
2025-04-13 11:04:46 - DEBUG - Error 3: line 7, type: other_error, message: Case tag 'a' not found.

There are no cases to select.
2025-04-13 11:04:46 - DEBUG - Error 4: line 14, type: rewrite_failed, message: tactic 'rewrite' failed, did not find instance of the pattern in the target expression
  2 ^ 2 - 4 * 3 * -56
b : ℕ
h₀ : 0 < b
h₁ : 3 * b ^ 2 + 2 * b + 1 = 57
h₂ : 3 * b ^ 2 + 2 * b + 1 - 57 = 0
h₃ : 3 * b ^ 2 + 2 * b - 56 = 0
discr : 2 ^ 2 - 4 * 3 * -56 = 676
⊢ √(2 ^ 2 - 4 * 3 * -56) = 26
2025-04-13 11:04:46 - DEBUG - Error 5: line 20, type: failed_to_synthesize, message: failed to synthesize
  Neg ℕ
use `set_option diagnostics true` to get diagnostic information
2025-04-13 11:04:46 - DEBUG - Error 6: line 22, type: unknown_identifier, message: unknown identifier 'eq_quadratic_roots'
2025-04-13 11:04:46 - DEBUG - Error 7: line 38, type: type_mismatch, message: application type mismatch
  not_lt.mpr h₀
argument
  h₀
has type
  0 < b : Prop
but is expected to have type
  0 ≤ b : Prop
2025-04-13 11:04:46 - DEBUG - === Fixed code comparison ===
2025-04-13 11:04:46 - DEBUG - Line 5 changed:
2025-04-13 11:04:46 - DEBUG -   Original:   have h₂ : 3 * b ^ 2 + 2 * b + 1 - 57 = 0 := by rw [h₁]; simp
2025-04-13 11:04:46 - DEBUG -   Fixed:      have h₂ : 3 * b ^ 2 + 2 * b + 1 - 57 = 0 := by omega
2025-04-13 11:04:46 - INFO - Found effective solution: omega
2025-04-13 11:04:46 - INFO - 
==================================================
2025-04-13 11:04:46 - INFO - Fixed code:
2025-04-13 11:04:46 - INFO - /-- If $321_{b}$ is equal to the base 10 integer 57, find $b$ given that $b>0$. Show that it is 4.-/
theorem mathd_numbertheory_48 (b : ℕ) (h₀ : 0 < b) (h₁ : 3 * b ^ 2 + 2 * b + 1 = 57) : b = 4 := by
  -- Our goal is to solve for b in the equation 3b² + 2b + 1 = 57
  -- First, simplify the equation to standard quadratic form
  omega
  -- Which simplifies to 3b² + 2b - 56 = 0
  have h₃ : 3 * b ^ 2 + 2 * b - 56 = 0 := by linear_combination h₂
  
  -- We can now solve this quadratic equation for b
  -- The quadratic formula solutions are (-2 ± √(4 + 672))/6
  -- Calculate discriminant: 2² - 4*3*(-56) = 4 + 672 = 676
  have discr : 2^2 - 4 * 3 * (-56) = 676 := by norm_num
  -- Square root of discriminant is 26 since 26² = 676
  have sqrt_discr : Real.sqrt (2^2 - 4 * 3 * (-56)) = 26 := by rw [discr]; norm_num
  
  -- The positive solution is (-2 + 26)/6 = 24/6 = 4
  -- The negative solution would be (-2 - 26)/6 = -28/6 which is negative and invalid (b > 0)
  
  -- We can verify that b = 4 satisfies the original equation
  have h₄ : b = 4 ∨ b = (-2 - 26)/6 := by
    -- Apply quadratic formula
    apply eq_quadratic_roots
    · show 3 ≠ 0; norm_num
    · show 2 ≠ 0; norm_num
    · show -56 ≠ 0; norm_num
    · exact h₃
    · rw [discr]
  
  -- Eliminate the negative solution since b > 0
  cases h₄ with
  | inl h => exact h
  | inr h => 
    -- The negative solution is invalid since b is a natural number > 0
    have h₅ : b < 0 := by
      rw [h]
      -- Compute (-2 - 26)/6 = -28/6 ≈ -4.666...
      norm_num
    exact absurd h₅ (not_lt.mpr h₀)
2025-04-13 11:04:46 - INFO - ==================================================
2025-04-13 11:04:48 - INFO - Original code error count: 7
2025-04-13 11:04:48 - INFO - Fixed code error count: 1
2025-04-13 11:04:48 - INFO - Result: False (introduced 1 new errors)
2025-04-13 11:04:48 - DEBUG - === New errors detail ===
2025-04-13 11:04:48 - DEBUG - New Error 1: line 5, type: other_error, message: omega could not prove the goal:
No usable constraints found. You may need to unfold definitions so `omega` can see linear arithmetic facts about `Nat` and `Int`, which may also involve multiplication, division, and modular remainder by constants.
2025-04-13 11:04:48 - INFO - 
==================================================
2025-04-13 11:04:48 - INFO - Synthesis successful
2025-04-13 11:04:48 - INFO - ==================================================
2025-04-13 11:04:48 - INFO - Fix time: 20.05 seconds
2025-04-13 11:04:48 - INFO - ✅ Fixed error at line 5
2025-04-13 11:04:48 - INFO - 
Trying to fix error 2/7: line 7, type: failed_to_synthesize
2025-04-13 11:04:48 - INFO - Error message: failed to synthesize
  AddGroup ℕ
use `set_option diagnostics true` to get diagnostic information...
2025-04-13 11:04:48 - INFO - Removed header content, remaining 38 lines of code
2025-04-13 11:04:48 - INFO - Using specified target error line: 7
2025-04-13 11:04:49 - INFO - Warning: No errors found at specified line 7
2025-04-13 11:04:50 - INFO - Automatically located error at line: 5
2025-04-13 11:04:50 - INFO - Error at line 5: omega could not prove the goal:
No usable constraints found. You may need to unfold definitions so `omega` can see linear arithmetic facts about `Nat` and `Int`, which may also involve multiplication, division, and modular remainder by constants.
2025-04-13 11:04:50 - INFO - 
==================================================
2025-04-13 11:04:50 - INFO - Code prepared, starting synthesis
2025-04-13 11:04:50 - INFO - Before part: /-- If $321_{b}$ is equal to the base 10 integer 57, find $b$ given that $b>0$. Show that it is 4.-/
theorem mathd_numbertheory_48 (b : ℕ) (h₀ : 0 < b) (h₁ : 3 * b ^ 2 + 2 * b + 1 = 57) : b = 4 := by
  -- Our goal is to solve for b in the equation 3b² + 2b + 1 = 57
  -- First, simplify the equation to standard quadratic form
2025-04-13 11:04:50 - INFO - Error line:   omega
2025-04-13 11:04:50 - INFO - After part: -- Which simplifies to 3b² + 2b - 56 = 0
  have h₃ : 3 * b ^ 2 + 2 * b - 56 = 0 := by linear_combination h₂
  
  -- We can now solve this quadratic equation for b
  -- The quadratic formula solutions are (-2 ± √(4 + 672))/6
  -- Calculate discriminant: 2² - 4*3*(-56) = 4 + 672 = 676
  have discr : 2^2 - 4 * 3 * (-56) = 676 := by norm_num
  -- Square root of discriminant is 26 since 26² = 676
  have sqrt_discr : Real.sqrt (2^2 - 4 * 3 * (-56)) = 26 := by rw [discr]; norm_num
  
  -- The positive solution is (-2 + 26)/6 = 24/6 = 4
  -- The negative solution would be (-2 - 26)/6 = -28/6 which is negative and invalid (b > 0)
  
  -- We can verify that b = 4 satisfies the original equation
  have h₄ : b = 4 ∨ b = (-2 - 26)/6 := by
    -- Apply quadratic formula
    apply eq_quadratic_roots
    · show 3 ≠ 0; norm_num
    · show 2 ≠ 0; norm_num
    · show -56 ≠ 0; norm_num
    · exact h₃
    · rw [discr]
  
  -- Eliminate the negative solution since b > 0
  cases h₄ with
  | inl h => exact h
  | inr h => 
    -- The negative solution is invalid since b is a natural number > 0
    have h₅ : b < 0 := by
      rw [h]
      -- Compute (-2 - 26)/6 = -28/6 ≈ -4.666...
      norm_num
    exact absurd h₅ (not_lt.mpr h₀)
2025-04-13 11:04:50 - INFO - ==================================================

2025-04-13 11:04:51 - INFO - Testing fragment: rw [justaplaceholder]
2025-04-13 11:04:51 - INFO - Original error line:   omega
2025-04-13 11:04:53 - INFO - Testing fix: Original errors: 1, Fixed errors: 2
2025-04-13 11:04:53 - INFO - Result: False (introduced 2 new errors)
2025-04-13 11:04:53 - DEBUG - === New errors detail ===
2025-04-13 11:04:53 - DEBUG - New Error 1: line 5, type: unknown_identifier, message: unknown identifier 'justaplaceholder'
2025-04-13 11:04:53 - DEBUG - New Error 2: line 5, type: rewrite_failed, message: tactic 'rewrite' failed, equality or iff proof expected
  ?m.593
b : ℕ
h₀ : 0 < b
h₁ : 3 * b ^ 2 + 2 * b + 1 = 57
⊢ b = 4
2025-04-13 11:04:53 - INFO - Testing fragment: rw [<- justaplaceholder]
2025-04-13 11:04:53 - INFO - Original error line:   omega
2025-04-13 11:04:55 - INFO - Testing fix: Original errors: 1, Fixed errors: 2
2025-04-13 11:04:55 - INFO - Result: False (introduced 2 new errors)
2025-04-13 11:04:55 - DEBUG - === New errors detail ===
2025-04-13 11:04:55 - DEBUG - New Error 1: line 5, type: unknown_identifier, message: unknown identifier 'justaplaceholder'
2025-04-13 11:04:55 - DEBUG - New Error 2: line 5, type: rewrite_failed, message: tactic 'rewrite' failed, equality or iff proof expected
  ?m.593
b : ℕ
h₀ : 0 < b
h₁ : 3 * b ^ 2 + 2 * b + 1 = 57
⊢ b = 4
2025-04-13 11:04:55 - INFO - Testing fragment: simp
2025-04-13 11:04:55 - INFO - Original error line:   omega
2025-04-13 11:04:57 - INFO - Testing fix: Original errors: 1, Fixed errors: 1
2025-04-13 11:04:57 - INFO - Result: False (introduced 1 new errors)
2025-04-13 11:04:57 - DEBUG - === New errors detail ===
2025-04-13 11:04:57 - DEBUG - New Error 1: line 5, type: simp_failed, message: simp made no progress
2025-04-13 11:04:57 - INFO - Testing fragment: field_simp
2025-04-13 11:04:57 - INFO - Original error line:   omega
2025-04-13 11:04:59 - INFO - Testing fix: Original errors: 1, Fixed errors: 1
2025-04-13 11:04:59 - INFO - Result: False (introduced 1 new errors)
2025-04-13 11:04:59 - DEBUG - === New errors detail ===
2025-04-13 11:04:59 - DEBUG - New Error 1: line 5, type: simp_failed, message: simp made no progress
2025-04-13 11:04:59 - INFO - Testing fragment: norm_num
2025-04-13 11:04:59 - INFO - Original error line:   omega
2025-04-13 11:05:01 - INFO - Testing fix: Original errors: 1, Fixed errors: 8
2025-04-13 11:05:01 - INFO - Result: False (introduced 8 new errors)
2025-04-13 11:05:01 - DEBUG - === New errors detail ===
2025-04-13 11:05:01 - DEBUG - New Error 1: line 7, type: unknown_identifier, message: unknown identifier 'h₂'
2025-04-13 11:05:01 - DEBUG - New Error 2: line 7, type: unknown_identifier, message: unknown identifier 'h₂'
2025-04-13 11:05:01 - DEBUG - New Error 3: line 7, type: failed_to_synthesize, message: failed to synthesize
  AddGroup ℕ
use `set_option diagnostics true` to get diagnostic information
2025-04-13 11:05:01 - DEBUG - New Error 4: line 7, type: other_error, message: Case tag 'a' not found.

There are no cases to select.
2025-04-13 11:05:01 - DEBUG - New Error 5: line 14, type: rewrite_failed, message: tactic 'rewrite' failed, did not find instance of the pattern in the target expression
  2 ^ 2 - 4 * 3 * -56
b : ℕ
h₀ : 0 < b
h₁ : 3 * b ^ 2 + 2 * b + 1 = 57
h₃ : 3 * b ^ 2 + 2 * b - 56 = 0
discr : 2 ^ 2 - 4 * 3 * -56 = 676
⊢ √(2 ^ 2 - 4 * 3 * -56) = 26
2025-04-13 11:05:01 - DEBUG - New Error 6: line 20, type: failed_to_synthesize, message: failed to synthesize
  Neg ℕ
use `set_option diagnostics true` to get diagnostic information
2025-04-13 11:05:01 - DEBUG - New Error 7: line 22, type: unknown_identifier, message: unknown identifier 'eq_quadratic_roots'
2025-04-13 11:05:01 - DEBUG - New Error 8: line 38, type: type_mismatch, message: application type mismatch
  not_lt.mpr h₀
argument
  h₀
has type
  0 < b : Prop
but is expected to have type
  0 ≤ b : Prop
2025-04-13 11:05:01 - INFO - Testing fragment: ring
2025-04-13 11:05:01 - INFO - Original error line:   omega
2025-04-13 11:05:03 - INFO - Testing fix: Original errors: 1, Fixed errors: 9
2025-04-13 11:05:03 - INFO - Result: False (introduced 9 new errors)
2025-04-13 11:05:03 - DEBUG - === New errors detail ===
2025-04-13 11:05:03 - DEBUG - New Error 1: line 5, type: ring_failed, message: Try this: ring_nf
2025-04-13 11:05:03 - DEBUG - New Error 2: line 7, type: unknown_identifier, message: unknown identifier 'h₂'
2025-04-13 11:05:03 - DEBUG - New Error 3: line 7, type: unknown_identifier, message: unknown identifier 'h₂'
2025-04-13 11:05:03 - DEBUG - New Error 4: line 7, type: failed_to_synthesize, message: failed to synthesize
  AddGroup ℕ
use `set_option diagnostics true` to get diagnostic information
2025-04-13 11:05:03 - DEBUG - New Error 5: line 7, type: other_error, message: Case tag 'a' not found.

There are no cases to select.
2025-04-13 11:05:03 - DEBUG - New Error 6: line 14, type: rewrite_failed, message: tactic 'rewrite' failed, did not find instance of the pattern in the target expression
  2 ^ 2 - 4 * 3 * -56
b : ℕ
h₀ : 0 < b
h₁ : 3 * b ^ 2 + 2 * b + 1 = 57
h₃ : 3 * b ^ 2 + 2 * b - 56 = 0
discr : 2 ^ 2 - 4 * 3 * -56 = 676
⊢ √(2 ^ 2 - 4 * 3 * -56) = 26
2025-04-13 11:05:03 - DEBUG - New Error 7: line 20, type: failed_to_synthesize, message: failed to synthesize
  Neg ℕ
use `set_option diagnostics true` to get diagnostic information
2025-04-13 11:05:03 - DEBUG - New Error 8: line 22, type: unknown_identifier, message: unknown identifier 'eq_quadratic_roots'
2025-04-13 11:05:03 - DEBUG - New Error 9: line 38, type: type_mismatch, message: application type mismatch
  not_lt.mpr h₀
argument
  h₀
has type
  0 < b : Prop
but is expected to have type
  0 ≤ b : Prop
2025-04-13 11:05:03 - INFO - Testing fragment: ring_nf
2025-04-13 11:05:03 - INFO - Original error line:   omega
2025-04-13 11:05:05 - INFO - Testing fix: Original errors: 1, Fixed errors: 8
2025-04-13 11:05:05 - INFO - Result: False (introduced 8 new errors)
2025-04-13 11:05:05 - DEBUG - === New errors detail ===
2025-04-13 11:05:05 - DEBUG - New Error 1: line 7, type: unknown_identifier, message: unknown identifier 'h₂'
2025-04-13 11:05:05 - DEBUG - New Error 2: line 7, type: unknown_identifier, message: unknown identifier 'h₂'
2025-04-13 11:05:05 - DEBUG - New Error 3: line 7, type: failed_to_synthesize, message: failed to synthesize
  AddGroup ℕ
use `set_option diagnostics true` to get diagnostic information
2025-04-13 11:05:05 - DEBUG - New Error 4: line 7, type: other_error, message: Case tag 'a' not found.

There are no cases to select.
2025-04-13 11:05:05 - DEBUG - New Error 5: line 14, type: rewrite_failed, message: tactic 'rewrite' failed, did not find instance of the pattern in the target expression
  2 ^ 2 - 4 * 3 * -56
b : ℕ
h₀ : 0 < b
h₁ : 3 * b ^ 2 + 2 * b + 1 = 57
h₃ : 3 * b ^ 2 + 2 * b - 56 = 0
discr : 2 ^ 2 - 4 * 3 * -56 = 676
⊢ √(2 ^ 2 - 4 * 3 * -56) = 26
2025-04-13 11:05:05 - DEBUG - New Error 6: line 20, type: failed_to_synthesize, message: failed to synthesize
  Neg ℕ
use `set_option diagnostics true` to get diagnostic information
2025-04-13 11:05:05 - DEBUG - New Error 7: line 22, type: unknown_identifier, message: unknown identifier 'eq_quadratic_roots'
2025-04-13 11:05:05 - DEBUG - New Error 8: line 38, type: type_mismatch, message: application type mismatch
  not_lt.mpr h₀
argument
  h₀
has type
  0 < b : Prop
but is expected to have type
  0 ≤ b : Prop
2025-04-13 11:05:05 - INFO - Testing fragment: omega
2025-04-13 11:05:05 - INFO - Original error line:   omega
2025-04-13 11:05:07 - INFO - Testing fix: Original errors: 1, Fixed errors: 1
2025-04-13 11:05:07 - INFO - Target error not fixed: omega could not prove the goal:
No usable constraints found. You may need to unfold definitions so `...
2025-04-13 11:05:07 - INFO - Result: False (target error not fixed)
2025-04-13 11:05:07 - INFO - Testing fragment: linarith
2025-04-13 11:05:07 - INFO - Original error line:   omega
2025-04-13 11:05:09 - INFO - Testing fix: Original errors: 1, Fixed errors: 1
2025-04-13 11:05:09 - INFO - Result: False (introduced 1 new errors)
2025-04-13 11:05:09 - DEBUG - === New errors detail ===
2025-04-13 11:05:09 - DEBUG - New Error 1: line 5, type: linarith_failed, message: linarith failed to find a contradiction
case h1.h
b : ℕ
h₀ : 0 < b
h₁ : 3 * b ^ 2 + 2 * b + 1 = 57
a✝ : b < 4
⊢ False
failed
2025-04-13 11:05:09 - INFO - Testing fragment: nlinarith
2025-04-13 11:05:09 - INFO - Original error line:   omega
2025-04-13 11:05:11 - INFO - Testing fix: Original errors: 1, Fixed errors: 1
2025-04-13 11:05:11 - INFO - Result: False (introduced 1 new errors)
2025-04-13 11:05:11 - DEBUG - === New errors detail ===
2025-04-13 11:05:11 - DEBUG - New Error 1: line 7, type: no_goals_to_solve, message: no goals to be solved
2025-04-13 11:05:11 - INFO - Failed attempt time: 23.04 seconds
2025-04-13 11:05:11 - INFO - ❌ Could not generate fix for error at line 7
2025-04-13 11:05:11 - INFO - 
Trying to fix error 3/7: line 7, type: other_error
2025-04-13 11:05:11 - INFO - Error message: Case tag 'a' not found.

There are no cases to select....
2025-04-13 11:05:11 - INFO - Removed header content, remaining 38 lines of code
2025-04-13 11:05:11 - INFO - Using specified target error line: 7
2025-04-13 11:05:12 - INFO - Warning: No errors found at specified line 7
2025-04-13 11:05:13 - INFO - Automatically located error at line: 5
2025-04-13 11:05:13 - INFO - Error at line 5: omega could not prove the goal:
No usable constraints found. You may need to unfold definitions so `omega` can see linear arithmetic facts about `Nat` and `Int`, which may also involve multiplication, division, and modular remainder by constants.
2025-04-13 11:05:13 - INFO - 
==================================================
2025-04-13 11:05:13 - INFO - Code prepared, starting synthesis
2025-04-13 11:05:13 - INFO - Before part: /-- If $321_{b}$ is equal to the base 10 integer 57, find $b$ given that $b>0$. Show that it is 4.-/
theorem mathd_numbertheory_48 (b : ℕ) (h₀ : 0 < b) (h₁ : 3 * b ^ 2 + 2 * b + 1 = 57) : b = 4 := by
  -- Our goal is to solve for b in the equation 3b² + 2b + 1 = 57
  -- First, simplify the equation to standard quadratic form
2025-04-13 11:05:13 - INFO - Error line:   omega
2025-04-13 11:05:13 - INFO - After part: -- Which simplifies to 3b² + 2b - 56 = 0
  have h₃ : 3 * b ^ 2 + 2 * b - 56 = 0 := by linear_combination h₂
  
  -- We can now solve this quadratic equation for b
  -- The quadratic formula solutions are (-2 ± √(4 + 672))/6
  -- Calculate discriminant: 2² - 4*3*(-56) = 4 + 672 = 676
  have discr : 2^2 - 4 * 3 * (-56) = 676 := by norm_num
  -- Square root of discriminant is 26 since 26² = 676
  have sqrt_discr : Real.sqrt (2^2 - 4 * 3 * (-56)) = 26 := by rw [discr]; norm_num
  
  -- The positive solution is (-2 + 26)/6 = 24/6 = 4
  -- The negative solution would be (-2 - 26)/6 = -28/6 which is negative and invalid (b > 0)
  
  -- We can verify that b = 4 satisfies the original equation
  have h₄ : b = 4 ∨ b = (-2 - 26)/6 := by
    -- Apply quadratic formula
    apply eq_quadratic_roots
    · show 3 ≠ 0; norm_num
    · show 2 ≠ 0; norm_num
    · show -56 ≠ 0; norm_num
    · exact h₃
    · rw [discr]
  
  -- Eliminate the negative solution since b > 0
  cases h₄ with
  | inl h => exact h
  | inr h => 
    -- The negative solution is invalid since b is a natural number > 0
    have h₅ : b < 0 := by
      rw [h]
      -- Compute (-2 - 26)/6 = -28/6 ≈ -4.666...
      norm_num
    exact absurd h₅ (not_lt.mpr h₀)
2025-04-13 11:05:13 - INFO - ==================================================

2025-04-13 11:05:14 - INFO - Testing fragment: rw [justaplaceholder]
2025-04-13 11:05:14 - INFO - Original error line:   omega
2025-04-13 11:05:16 - INFO - Testing fix: Original errors: 1, Fixed errors: 2
2025-04-13 11:05:16 - INFO - Result: False (introduced 2 new errors)
2025-04-13 11:05:16 - DEBUG - === New errors detail ===
2025-04-13 11:05:16 - DEBUG - New Error 1: line 5, type: unknown_identifier, message: unknown identifier 'justaplaceholder'
2025-04-13 11:05:16 - DEBUG - New Error 2: line 5, type: rewrite_failed, message: tactic 'rewrite' failed, equality or iff proof expected
  ?m.593
b : ℕ
h₀ : 0 < b
h₁ : 3 * b ^ 2 + 2 * b + 1 = 57
⊢ b = 4
2025-04-13 11:05:16 - INFO - Testing fragment: rw [<- justaplaceholder]
2025-04-13 11:05:16 - INFO - Original error line:   omega
2025-04-13 11:05:18 - INFO - Testing fix: Original errors: 1, Fixed errors: 2
2025-04-13 11:05:18 - INFO - Result: False (introduced 2 new errors)
2025-04-13 11:05:18 - DEBUG - === New errors detail ===
2025-04-13 11:05:18 - DEBUG - New Error 1: line 5, type: unknown_identifier, message: unknown identifier 'justaplaceholder'
2025-04-13 11:05:18 - DEBUG - New Error 2: line 5, type: rewrite_failed, message: tactic 'rewrite' failed, equality or iff proof expected
  ?m.593
b : ℕ
h₀ : 0 < b
h₁ : 3 * b ^ 2 + 2 * b + 1 = 57
⊢ b = 4
2025-04-13 11:05:18 - INFO - Testing fragment: simp
2025-04-13 11:05:18 - INFO - Original error line:   omega
2025-04-13 11:05:20 - INFO - Testing fix: Original errors: 1, Fixed errors: 1
2025-04-13 11:05:20 - INFO - Result: False (introduced 1 new errors)
2025-04-13 11:05:20 - DEBUG - === New errors detail ===
2025-04-13 11:05:20 - DEBUG - New Error 1: line 5, type: simp_failed, message: simp made no progress
2025-04-13 11:05:20 - INFO - Testing fragment: field_simp
2025-04-13 11:05:20 - INFO - Original error line:   omega
2025-04-13 11:05:22 - INFO - Testing fix: Original errors: 1, Fixed errors: 1
2025-04-13 11:05:22 - INFO - Result: False (introduced 1 new errors)
2025-04-13 11:05:22 - DEBUG - === New errors detail ===
2025-04-13 11:05:22 - DEBUG - New Error 1: line 5, type: simp_failed, message: simp made no progress
2025-04-13 11:05:22 - INFO - Testing fragment: norm_num
2025-04-13 11:05:22 - INFO - Original error line:   omega
2025-04-13 11:05:24 - INFO - Testing fix: Original errors: 1, Fixed errors: 8
2025-04-13 11:05:24 - INFO - Result: False (introduced 8 new errors)
2025-04-13 11:05:24 - DEBUG - === New errors detail ===
2025-04-13 11:05:24 - DEBUG - New Error 1: line 7, type: unknown_identifier, message: unknown identifier 'h₂'
2025-04-13 11:05:24 - DEBUG - New Error 2: line 7, type: unknown_identifier, message: unknown identifier 'h₂'
2025-04-13 11:05:24 - DEBUG - New Error 3: line 7, type: failed_to_synthesize, message: failed to synthesize
  AddGroup ℕ
use `set_option diagnostics true` to get diagnostic information
2025-04-13 11:05:24 - DEBUG - New Error 4: line 7, type: other_error, message: Case tag 'a' not found.

There are no cases to select.
2025-04-13 11:05:24 - DEBUG - New Error 5: line 14, type: rewrite_failed, message: tactic 'rewrite' failed, did not find instance of the pattern in the target expression
  2 ^ 2 - 4 * 3 * -56
b : ℕ
h₀ : 0 < b
h₁ : 3 * b ^ 2 + 2 * b + 1 = 57
h₃ : 3 * b ^ 2 + 2 * b - 56 = 0
discr : 2 ^ 2 - 4 * 3 * -56 = 676
⊢ √(2 ^ 2 - 4 * 3 * -56) = 26
2025-04-13 11:05:24 - DEBUG - New Error 6: line 20, type: failed_to_synthesize, message: failed to synthesize
  Neg ℕ
use `set_option diagnostics true` to get diagnostic information
2025-04-13 11:05:24 - DEBUG - New Error 7: line 22, type: unknown_identifier, message: unknown identifier 'eq_quadratic_roots'
2025-04-13 11:05:24 - DEBUG - New Error 8: line 38, type: type_mismatch, message: application type mismatch
  not_lt.mpr h₀
argument
  h₀
has type
  0 < b : Prop
but is expected to have type
  0 ≤ b : Prop
2025-04-13 11:05:24 - INFO - Testing fragment: ring
2025-04-13 11:05:24 - INFO - Original error line:   omega
2025-04-13 11:05:26 - INFO - Testing fix: Original errors: 1, Fixed errors: 9
2025-04-13 11:05:26 - INFO - Result: False (introduced 9 new errors)
2025-04-13 11:05:26 - DEBUG - === New errors detail ===
2025-04-13 11:05:26 - DEBUG - New Error 1: line 5, type: ring_failed, message: Try this: ring_nf
2025-04-13 11:05:26 - DEBUG - New Error 2: line 7, type: unknown_identifier, message: unknown identifier 'h₂'
2025-04-13 11:05:26 - DEBUG - New Error 3: line 7, type: unknown_identifier, message: unknown identifier 'h₂'
2025-04-13 11:05:26 - DEBUG - New Error 4: line 7, type: failed_to_synthesize, message: failed to synthesize
  AddGroup ℕ
use `set_option diagnostics true` to get diagnostic information
2025-04-13 11:05:26 - DEBUG - New Error 5: line 7, type: other_error, message: Case tag 'a' not found.

There are no cases to select.
2025-04-13 11:05:26 - DEBUG - New Error 6: line 14, type: rewrite_failed, message: tactic 'rewrite' failed, did not find instance of the pattern in the target expression
  2 ^ 2 - 4 * 3 * -56
b : ℕ
h₀ : 0 < b
h₁ : 3 * b ^ 2 + 2 * b + 1 = 57
h₃ : 3 * b ^ 2 + 2 * b - 56 = 0
discr : 2 ^ 2 - 4 * 3 * -56 = 676
⊢ √(2 ^ 2 - 4 * 3 * -56) = 26
2025-04-13 11:05:26 - DEBUG - New Error 7: line 20, type: failed_to_synthesize, message: failed to synthesize
  Neg ℕ
use `set_option diagnostics true` to get diagnostic information
2025-04-13 11:05:26 - DEBUG - New Error 8: line 22, type: unknown_identifier, message: unknown identifier 'eq_quadratic_roots'
2025-04-13 11:05:26 - DEBUG - New Error 9: line 38, type: type_mismatch, message: application type mismatch
  not_lt.mpr h₀
argument
  h₀
has type
  0 < b : Prop
but is expected to have type
  0 ≤ b : Prop
2025-04-13 11:05:26 - INFO - Testing fragment: ring_nf
2025-04-13 11:05:26 - INFO - Original error line:   omega
2025-04-13 11:05:28 - INFO - Testing fix: Original errors: 1, Fixed errors: 8
2025-04-13 11:05:28 - INFO - Result: False (introduced 8 new errors)
2025-04-13 11:05:28 - DEBUG - === New errors detail ===
2025-04-13 11:05:28 - DEBUG - New Error 1: line 7, type: unknown_identifier, message: unknown identifier 'h₂'
2025-04-13 11:05:28 - DEBUG - New Error 2: line 7, type: unknown_identifier, message: unknown identifier 'h₂'
2025-04-13 11:05:28 - DEBUG - New Error 3: line 7, type: failed_to_synthesize, message: failed to synthesize
  AddGroup ℕ
use `set_option diagnostics true` to get diagnostic information
2025-04-13 11:05:28 - DEBUG - New Error 4: line 7, type: other_error, message: Case tag 'a' not found.

There are no cases to select.
2025-04-13 11:05:28 - DEBUG - New Error 5: line 14, type: rewrite_failed, message: tactic 'rewrite' failed, did not find instance of the pattern in the target expression
  2 ^ 2 - 4 * 3 * -56
b : ℕ
h₀ : 0 < b
h₁ : 3 * b ^ 2 + 2 * b + 1 = 57
h₃ : 3 * b ^ 2 + 2 * b - 56 = 0
discr : 2 ^ 2 - 4 * 3 * -56 = 676
⊢ √(2 ^ 2 - 4 * 3 * -56) = 26
2025-04-13 11:05:28 - DEBUG - New Error 6: line 20, type: failed_to_synthesize, message: failed to synthesize
  Neg ℕ
use `set_option diagnostics true` to get diagnostic information
2025-04-13 11:05:28 - DEBUG - New Error 7: line 22, type: unknown_identifier, message: unknown identifier 'eq_quadratic_roots'
2025-04-13 11:05:28 - DEBUG - New Error 8: line 38, type: type_mismatch, message: application type mismatch
  not_lt.mpr h₀
argument
  h₀
has type
  0 < b : Prop
but is expected to have type
  0 ≤ b : Prop
2025-04-13 11:05:28 - INFO - Testing fragment: omega
2025-04-13 11:05:28 - INFO - Original error line:   omega
2025-04-13 11:05:30 - INFO - Testing fix: Original errors: 1, Fixed errors: 1
2025-04-13 11:05:30 - INFO - Target error not fixed: omega could not prove the goal:
No usable constraints found. You may need to unfold definitions so `...
2025-04-13 11:05:30 - INFO - Result: False (target error not fixed)
2025-04-13 11:05:30 - INFO - Testing fragment: linarith
2025-04-13 11:05:30 - INFO - Original error line:   omega
2025-04-13 11:05:32 - INFO - Testing fix: Original errors: 1, Fixed errors: 1
2025-04-13 11:05:32 - INFO - Result: False (introduced 1 new errors)
2025-04-13 11:05:32 - DEBUG - === New errors detail ===
2025-04-13 11:05:32 - DEBUG - New Error 1: line 5, type: linarith_failed, message: linarith failed to find a contradiction
case h1.h
b : ℕ
h₀ : 0 < b
h₁ : 3 * b ^ 2 + 2 * b + 1 = 57
a✝ : b < 4
⊢ False
failed
2025-04-13 11:05:32 - INFO - Testing fragment: nlinarith
2025-04-13 11:05:32 - INFO - Original error line:   omega
2025-04-13 11:05:34 - INFO - Testing fix: Original errors: 1, Fixed errors: 1
2025-04-13 11:05:34 - INFO - Result: False (introduced 1 new errors)
2025-04-13 11:05:34 - DEBUG - === New errors detail ===
2025-04-13 11:05:34 - DEBUG - New Error 1: line 7, type: no_goals_to_solve, message: no goals to be solved
2025-04-13 11:05:34 - INFO - Failed attempt time: 23.05 seconds
2025-04-13 11:05:34 - INFO - ❌ Could not generate fix for error at line 7
2025-04-13 11:05:34 - INFO - 
Trying to fix error 4/7: line 14, type: rewrite_failed
2025-04-13 11:05:34 - INFO - Error message: tactic 'rewrite' failed, did not find instance of the pattern in the target expression
  2 ^ 2 - 4 *...
2025-04-13 11:05:34 - INFO - Removed header content, remaining 38 lines of code
2025-04-13 11:05:34 - INFO - Using specified target error line: 14
2025-04-13 11:05:35 - INFO - Warning: No errors found at specified line 14
2025-04-13 11:05:36 - INFO - Automatically located error at line: 5
2025-04-13 11:05:36 - INFO - Error at line 5: omega could not prove the goal:
No usable constraints found. You may need to unfold definitions so `omega` can see linear arithmetic facts about `Nat` and `Int`, which may also involve multiplication, division, and modular remainder by constants.
2025-04-13 11:05:36 - INFO - 
==================================================
2025-04-13 11:05:36 - INFO - Code prepared, starting synthesis
2025-04-13 11:05:36 - INFO - Before part: /-- If $321_{b}$ is equal to the base 10 integer 57, find $b$ given that $b>0$. Show that it is 4.-/
theorem mathd_numbertheory_48 (b : ℕ) (h₀ : 0 < b) (h₁ : 3 * b ^ 2 + 2 * b + 1 = 57) : b = 4 := by
  -- Our goal is to solve for b in the equation 3b² + 2b + 1 = 57
  -- First, simplify the equation to standard quadratic form
2025-04-13 11:05:36 - INFO - Error line:   omega
2025-04-13 11:05:36 - INFO - After part: -- Which simplifies to 3b² + 2b - 56 = 0
  have h₃ : 3 * b ^ 2 + 2 * b - 56 = 0 := by linear_combination h₂
  
  -- We can now solve this quadratic equation for b
  -- The quadratic formula solutions are (-2 ± √(4 + 672))/6
  -- Calculate discriminant: 2² - 4*3*(-56) = 4 + 672 = 676
  have discr : 2^2 - 4 * 3 * (-56) = 676 := by norm_num
  -- Square root of discriminant is 26 since 26² = 676
  have sqrt_discr : Real.sqrt (2^2 - 4 * 3 * (-56)) = 26 := by rw [discr]; norm_num
  
  -- The positive solution is (-2 + 26)/6 = 24/6 = 4
  -- The negative solution would be (-2 - 26)/6 = -28/6 which is negative and invalid (b > 0)
  
  -- We can verify that b = 4 satisfies the original equation
  have h₄ : b = 4 ∨ b = (-2 - 26)/6 := by
    -- Apply quadratic formula
    apply eq_quadratic_roots
    · show 3 ≠ 0; norm_num
    · show 2 ≠ 0; norm_num
    · show -56 ≠ 0; norm_num
    · exact h₃
    · rw [discr]
  
  -- Eliminate the negative solution since b > 0
  cases h₄ with
  | inl h => exact h
  | inr h => 
    -- The negative solution is invalid since b is a natural number > 0
    have h₅ : b < 0 := by
      rw [h]
      -- Compute (-2 - 26)/6 = -28/6 ≈ -4.666...
      norm_num
    exact absurd h₅ (not_lt.mpr h₀)
2025-04-13 11:05:36 - INFO - ==================================================

2025-04-13 11:05:37 - INFO - Testing fragment: rw [justaplaceholder]
2025-04-13 11:05:37 - INFO - Original error line:   omega
2025-04-13 11:05:39 - INFO - Testing fix: Original errors: 1, Fixed errors: 2
2025-04-13 11:05:39 - INFO - Result: False (introduced 2 new errors)
2025-04-13 11:05:39 - DEBUG - === New errors detail ===
2025-04-13 11:05:39 - DEBUG - New Error 1: line 5, type: unknown_identifier, message: unknown identifier 'justaplaceholder'
2025-04-13 11:05:39 - DEBUG - New Error 2: line 5, type: rewrite_failed, message: tactic 'rewrite' failed, equality or iff proof expected
  ?m.593
b : ℕ
h₀ : 0 < b
h₁ : 3 * b ^ 2 + 2 * b + 1 = 57
⊢ b = 4
2025-04-13 11:05:39 - INFO - Testing fragment: rw [<- justaplaceholder]
2025-04-13 11:05:39 - INFO - Original error line:   omega
2025-04-13 11:05:41 - INFO - Testing fix: Original errors: 1, Fixed errors: 2
2025-04-13 11:05:41 - INFO - Result: False (introduced 2 new errors)
2025-04-13 11:05:41 - DEBUG - === New errors detail ===
2025-04-13 11:05:41 - DEBUG - New Error 1: line 5, type: unknown_identifier, message: unknown identifier 'justaplaceholder'
2025-04-13 11:05:41 - DEBUG - New Error 2: line 5, type: rewrite_failed, message: tactic 'rewrite' failed, equality or iff proof expected
  ?m.593
b : ℕ
h₀ : 0 < b
h₁ : 3 * b ^ 2 + 2 * b + 1 = 57
⊢ b = 4
2025-04-13 11:05:41 - INFO - Testing fragment: simp
2025-04-13 11:05:41 - INFO - Original error line:   omega
2025-04-13 11:05:43 - INFO - Testing fix: Original errors: 1, Fixed errors: 1
2025-04-13 11:05:43 - INFO - Result: False (introduced 1 new errors)
2025-04-13 11:05:43 - DEBUG - === New errors detail ===
2025-04-13 11:05:43 - DEBUG - New Error 1: line 5, type: simp_failed, message: simp made no progress
2025-04-13 11:05:43 - INFO - Testing fragment: field_simp
2025-04-13 11:05:43 - INFO - Original error line:   omega
2025-04-13 11:05:45 - INFO - Testing fix: Original errors: 1, Fixed errors: 1
2025-04-13 11:05:45 - INFO - Result: False (introduced 1 new errors)
2025-04-13 11:05:45 - DEBUG - === New errors detail ===
2025-04-13 11:05:45 - DEBUG - New Error 1: line 5, type: simp_failed, message: simp made no progress
2025-04-13 11:05:45 - INFO - Testing fragment: norm_num
2025-04-13 11:05:45 - INFO - Original error line:   omega
2025-04-13 11:05:49 - INFO - Testing fix: Original errors: 1, Fixed errors: 8
2025-04-13 11:05:49 - INFO - Result: False (introduced 8 new errors)
2025-04-13 11:05:49 - DEBUG - === New errors detail ===
2025-04-13 11:05:49 - DEBUG - New Error 1: line 7, type: unknown_identifier, message: unknown identifier 'h₂'
2025-04-13 11:05:49 - DEBUG - New Error 2: line 7, type: unknown_identifier, message: unknown identifier 'h₂'
2025-04-13 11:05:49 - DEBUG - New Error 3: line 7, type: failed_to_synthesize, message: failed to synthesize
  AddGroup ℕ
use `set_option diagnostics true` to get diagnostic information
2025-04-13 11:05:49 - DEBUG - New Error 4: line 7, type: other_error, message: Case tag 'a' not found.

There are no cases to select.
2025-04-13 11:05:49 - DEBUG - New Error 5: line 14, type: rewrite_failed, message: tactic 'rewrite' failed, did not find instance of the pattern in the target expression
  2 ^ 2 - 4 * 3 * -56
b : ℕ
h₀ : 0 < b
h₁ : 3 * b ^ 2 + 2 * b + 1 = 57
h₃ : 3 * b ^ 2 + 2 * b - 56 = 0
discr : 2 ^ 2 - 4 * 3 * -56 = 676
⊢ √(2 ^ 2 - 4 * 3 * -56) = 26
2025-04-13 11:05:49 - DEBUG - New Error 6: line 20, type: failed_to_synthesize, message: failed to synthesize
  Neg ℕ
use `set_option diagnostics true` to get diagnostic information
2025-04-13 11:05:49 - DEBUG - New Error 7: line 22, type: unknown_identifier, message: unknown identifier 'eq_quadratic_roots'
2025-04-13 11:05:49 - DEBUG - New Error 8: line 38, type: type_mismatch, message: application type mismatch
  not_lt.mpr h₀
argument
  h₀
has type
  0 < b : Prop
but is expected to have type
  0 ≤ b : Prop
2025-04-13 11:05:49 - INFO - Testing fragment: ring
2025-04-13 11:05:49 - INFO - Original error line:   omega
2025-04-13 11:07:33 - INFO - Testing fix: Original errors: 1, Fixed errors: 9
2025-04-13 11:07:33 - INFO - Result: False (introduced 9 new errors)
2025-04-13 11:07:33 - DEBUG - === New errors detail ===
2025-04-13 11:07:33 - DEBUG - New Error 1: line 5, type: ring_failed, message: Try this: ring_nf
2025-04-13 11:07:33 - DEBUG - New Error 2: line 7, type: unknown_identifier, message: unknown identifier 'h₂'
2025-04-13 11:07:33 - DEBUG - New Error 3: line 7, type: unknown_identifier, message: unknown identifier 'h₂'
2025-04-13 11:07:33 - DEBUG - New Error 4: line 7, type: failed_to_synthesize, message: failed to synthesize
  AddGroup ℕ
use `set_option diagnostics true` to get diagnostic information
2025-04-13 11:07:33 - DEBUG - New Error 5: line 7, type: other_error, message: Case tag 'a' not found.

There are no cases to select.
2025-04-13 11:07:33 - DEBUG - New Error 6: line 14, type: rewrite_failed, message: tactic 'rewrite' failed, did not find instance of the pattern in the target expression
  2 ^ 2 - 4 * 3 * -56
b : ℕ
h₀ : 0 < b
h₁ : 3 * b ^ 2 + 2 * b + 1 = 57
h₃ : 3 * b ^ 2 + 2 * b - 56 = 0
discr : 2 ^ 2 - 4 * 3 * -56 = 676
⊢ √(2 ^ 2 - 4 * 3 * -56) = 26
2025-04-13 11:07:33 - DEBUG - New Error 7: line 20, type: failed_to_synthesize, message: failed to synthesize
  Neg ℕ
use `set_option diagnostics true` to get diagnostic information
2025-04-13 11:07:33 - DEBUG - New Error 8: line 22, type: unknown_identifier, message: unknown identifier 'eq_quadratic_roots'
2025-04-13 11:07:33 - DEBUG - New Error 9: line 38, type: type_mismatch, message: application type mismatch
  not_lt.mpr h₀
argument
  h₀
has type
  0 < b : Prop
but is expected to have type
  0 ≤ b : Prop
2025-04-13 11:07:33 - INFO - Testing fragment: ring_nf
2025-04-13 11:07:33 - INFO - Original error line:   omega
2025-04-13 11:07:36 - INFO - Testing fix: Original errors: 1, Fixed errors: 8
2025-04-13 11:07:36 - INFO - Result: False (introduced 8 new errors)
2025-04-13 11:07:36 - DEBUG - === New errors detail ===
2025-04-13 11:07:36 - DEBUG - New Error 1: line 7, type: unknown_identifier, message: unknown identifier 'h₂'
2025-04-13 11:07:36 - DEBUG - New Error 2: line 7, type: unknown_identifier, message: unknown identifier 'h₂'
2025-04-13 11:07:36 - DEBUG - New Error 3: line 7, type: failed_to_synthesize, message: failed to synthesize
  AddGroup ℕ
use `set_option diagnostics true` to get diagnostic information
2025-04-13 11:07:36 - DEBUG - New Error 4: line 7, type: other_error, message: Case tag 'a' not found.

There are no cases to select.
2025-04-13 11:07:36 - DEBUG - New Error 5: line 14, type: rewrite_failed, message: tactic 'rewrite' failed, did not find instance of the pattern in the target expression
  2 ^ 2 - 4 * 3 * -56
b : ℕ
h₀ : 0 < b
h₁ : 3 * b ^ 2 + 2 * b + 1 = 57
h₃ : 3 * b ^ 2 + 2 * b - 56 = 0
discr : 2 ^ 2 - 4 * 3 * -56 = 676
⊢ √(2 ^ 2 - 4 * 3 * -56) = 26
2025-04-13 11:07:36 - DEBUG - New Error 6: line 20, type: failed_to_synthesize, message: failed to synthesize
  Neg ℕ
use `set_option diagnostics true` to get diagnostic information
2025-04-13 11:07:36 - DEBUG - New Error 7: line 22, type: unknown_identifier, message: unknown identifier 'eq_quadratic_roots'
2025-04-13 11:07:36 - DEBUG - New Error 8: line 38, type: type_mismatch, message: application type mismatch
  not_lt.mpr h₀
argument
  h₀
has type
  0 < b : Prop
but is expected to have type
  0 ≤ b : Prop
2025-04-13 11:07:36 - INFO - Testing fragment: omega
2025-04-13 11:07:36 - INFO - Original error line:   omega
2025-04-13 11:07:38 - INFO - Testing fix: Original errors: 1, Fixed errors: 1
2025-04-13 11:07:38 - INFO - Target error not fixed: omega could not prove the goal:
No usable constraints found. You may need to unfold definitions so `...
2025-04-13 11:07:38 - INFO - Result: False (target error not fixed)
2025-04-13 11:07:38 - INFO - Testing fragment: linarith
2025-04-13 11:07:38 - INFO - Original error line:   omega
2025-04-13 11:07:40 - INFO - Testing fix: Original errors: 1, Fixed errors: 1
2025-04-13 11:07:40 - INFO - Result: False (introduced 1 new errors)
2025-04-13 11:07:40 - DEBUG - === New errors detail ===
2025-04-13 11:07:40 - DEBUG - New Error 1: line 5, type: linarith_failed, message: linarith failed to find a contradiction
case h1.h
b : ℕ
h₀ : 0 < b
h₁ : 3 * b ^ 2 + 2 * b + 1 = 57
a✝ : b < 4
⊢ False
failed
2025-04-13 11:07:40 - INFO - Testing fragment: nlinarith
2025-04-13 11:07:40 - INFO - Original error line:   omega
2025-04-13 11:07:43 - INFO - Testing fix: Original errors: 1, Fixed errors: 1
2025-04-13 11:07:43 - INFO - Result: False (introduced 1 new errors)
2025-04-13 11:07:43 - DEBUG - === New errors detail ===
2025-04-13 11:07:43 - DEBUG - New Error 1: line 7, type: no_goals_to_solve, message: no goals to be solved
2025-04-13 11:07:43 - INFO - Failed attempt time: 128.63 seconds
2025-04-13 11:07:43 - INFO - ❌ Could not generate fix for error at line 14
2025-04-13 11:07:43 - INFO - 
Trying to fix error 5/7: line 20, type: failed_to_synthesize
2025-04-13 11:07:43 - INFO - Error message: failed to synthesize
  Neg ℕ
use `set_option diagnostics true` to get diagnostic information...
2025-04-13 11:07:43 - INFO - Removed header content, remaining 38 lines of code
2025-04-13 11:07:43 - INFO - Using specified target error line: 20
2025-04-13 11:07:44 - INFO - Warning: No errors found at specified line 20
2025-04-13 11:07:45 - INFO - Automatically located error at line: 5
2025-04-13 11:07:45 - INFO - Error at line 5: omega could not prove the goal:
No usable constraints found. You may need to unfold definitions so `omega` can see linear arithmetic facts about `Nat` and `Int`, which may also involve multiplication, division, and modular remainder by constants.
2025-04-13 11:07:45 - INFO - 
==================================================
2025-04-13 11:07:45 - INFO - Code prepared, starting synthesis
2025-04-13 11:07:45 - INFO - Before part: /-- If $321_{b}$ is equal to the base 10 integer 57, find $b$ given that $b>0$. Show that it is 4.-/
theorem mathd_numbertheory_48 (b : ℕ) (h₀ : 0 < b) (h₁ : 3 * b ^ 2 + 2 * b + 1 = 57) : b = 4 := by
  -- Our goal is to solve for b in the equation 3b² + 2b + 1 = 57
  -- First, simplify the equation to standard quadratic form
2025-04-13 11:07:45 - INFO - Error line:   omega
2025-04-13 11:07:45 - INFO - After part: -- Which simplifies to 3b² + 2b - 56 = 0
  have h₃ : 3 * b ^ 2 + 2 * b - 56 = 0 := by linear_combination h₂
  
  -- We can now solve this quadratic equation for b
  -- The quadratic formula solutions are (-2 ± √(4 + 672))/6
  -- Calculate discriminant: 2² - 4*3*(-56) = 4 + 672 = 676
  have discr : 2^2 - 4 * 3 * (-56) = 676 := by norm_num
  -- Square root of discriminant is 26 since 26² = 676
  have sqrt_discr : Real.sqrt (2^2 - 4 * 3 * (-56)) = 26 := by rw [discr]; norm_num
  
  -- The positive solution is (-2 + 26)/6 = 24/6 = 4
  -- The negative solution would be (-2 - 26)/6 = -28/6 which is negative and invalid (b > 0)
  
  -- We can verify that b = 4 satisfies the original equation
  have h₄ : b = 4 ∨ b = (-2 - 26)/6 := by
    -- Apply quadratic formula
    apply eq_quadratic_roots
    · show 3 ≠ 0; norm_num
    · show 2 ≠ 0; norm_num
    · show -56 ≠ 0; norm_num
    · exact h₃
    · rw [discr]
  
  -- Eliminate the negative solution since b > 0
  cases h₄ with
  | inl h => exact h
  | inr h => 
    -- The negative solution is invalid since b is a natural number > 0
    have h₅ : b < 0 := by
      rw [h]
      -- Compute (-2 - 26)/6 = -28/6 ≈ -4.666...
      norm_num
    exact absurd h₅ (not_lt.mpr h₀)
2025-04-13 11:07:45 - INFO - ==================================================

2025-04-13 11:07:46 - INFO - Testing fragment: rw [justaplaceholder]
2025-04-13 11:07:46 - INFO - Original error line:   omega
2025-04-13 11:07:48 - INFO - Testing fix: Original errors: 1, Fixed errors: 2
2025-04-13 11:07:48 - INFO - Result: False (introduced 2 new errors)
2025-04-13 11:07:48 - DEBUG - === New errors detail ===
2025-04-13 11:07:48 - DEBUG - New Error 1: line 5, type: unknown_identifier, message: unknown identifier 'justaplaceholder'
2025-04-13 11:07:48 - DEBUG - New Error 2: line 5, type: rewrite_failed, message: tactic 'rewrite' failed, equality or iff proof expected
  ?m.593
b : ℕ
h₀ : 0 < b
h₁ : 3 * b ^ 2 + 2 * b + 1 = 57
⊢ b = 4
2025-04-13 11:07:48 - INFO - Testing fragment: rw [<- justaplaceholder]
2025-04-13 11:07:48 - INFO - Original error line:   omega
2025-04-13 11:07:50 - INFO - Testing fix: Original errors: 1, Fixed errors: 2
2025-04-13 11:07:50 - INFO - Result: False (introduced 2 new errors)
2025-04-13 11:07:50 - DEBUG - === New errors detail ===
2025-04-13 11:07:50 - DEBUG - New Error 1: line 5, type: unknown_identifier, message: unknown identifier 'justaplaceholder'
2025-04-13 11:07:50 - DEBUG - New Error 2: line 5, type: rewrite_failed, message: tactic 'rewrite' failed, equality or iff proof expected
  ?m.593
b : ℕ
h₀ : 0 < b
h₁ : 3 * b ^ 2 + 2 * b + 1 = 57
⊢ b = 4
2025-04-13 11:07:50 - INFO - Testing fragment: simp
2025-04-13 11:07:50 - INFO - Original error line:   omega
2025-04-13 11:07:52 - INFO - Testing fix: Original errors: 1, Fixed errors: 1
2025-04-13 11:07:52 - INFO - Result: False (introduced 1 new errors)
2025-04-13 11:07:52 - DEBUG - === New errors detail ===
2025-04-13 11:07:52 - DEBUG - New Error 1: line 5, type: simp_failed, message: simp made no progress
2025-04-13 11:07:52 - INFO - Testing fragment: field_simp
2025-04-13 11:07:52 - INFO - Original error line:   omega
2025-04-13 11:07:54 - INFO - Testing fix: Original errors: 1, Fixed errors: 1
2025-04-13 11:07:54 - INFO - Result: False (introduced 1 new errors)
2025-04-13 11:07:54 - DEBUG - === New errors detail ===
2025-04-13 11:07:54 - DEBUG - New Error 1: line 5, type: simp_failed, message: simp made no progress
2025-04-13 11:07:54 - INFO - Testing fragment: norm_num
2025-04-13 11:07:54 - INFO - Original error line:   omega
2025-04-13 11:07:56 - INFO - Testing fix: Original errors: 1, Fixed errors: 8
2025-04-13 11:07:56 - INFO - Result: False (introduced 8 new errors)
2025-04-13 11:07:56 - DEBUG - === New errors detail ===
2025-04-13 11:07:56 - DEBUG - New Error 1: line 7, type: unknown_identifier, message: unknown identifier 'h₂'
2025-04-13 11:07:56 - DEBUG - New Error 2: line 7, type: unknown_identifier, message: unknown identifier 'h₂'
2025-04-13 11:07:56 - DEBUG - New Error 3: line 7, type: failed_to_synthesize, message: failed to synthesize
  AddGroup ℕ
use `set_option diagnostics true` to get diagnostic information
2025-04-13 11:07:56 - DEBUG - New Error 4: line 7, type: other_error, message: Case tag 'a' not found.

There are no cases to select.
2025-04-13 11:07:56 - DEBUG - New Error 5: line 14, type: rewrite_failed, message: tactic 'rewrite' failed, did not find instance of the pattern in the target expression
  2 ^ 2 - 4 * 3 * -56
b : ℕ
h₀ : 0 < b
h₁ : 3 * b ^ 2 + 2 * b + 1 = 57
h₃ : 3 * b ^ 2 + 2 * b - 56 = 0
discr : 2 ^ 2 - 4 * 3 * -56 = 676
⊢ √(2 ^ 2 - 4 * 3 * -56) = 26
2025-04-13 11:07:56 - DEBUG - New Error 6: line 20, type: failed_to_synthesize, message: failed to synthesize
  Neg ℕ
use `set_option diagnostics true` to get diagnostic information
2025-04-13 11:07:56 - DEBUG - New Error 7: line 22, type: unknown_identifier, message: unknown identifier 'eq_quadratic_roots'
2025-04-13 11:07:56 - DEBUG - New Error 8: line 38, type: type_mismatch, message: application type mismatch
  not_lt.mpr h₀
argument
  h₀
has type
  0 < b : Prop
but is expected to have type
  0 ≤ b : Prop
2025-04-13 11:07:56 - INFO - Testing fragment: ring
2025-04-13 11:07:56 - INFO - Original error line:   omega
2025-04-13 11:07:58 - INFO - Testing fix: Original errors: 1, Fixed errors: 9
2025-04-13 11:07:58 - INFO - Result: False (introduced 9 new errors)
2025-04-13 11:07:58 - DEBUG - === New errors detail ===
2025-04-13 11:07:58 - DEBUG - New Error 1: line 5, type: ring_failed, message: Try this: ring_nf
2025-04-13 11:07:58 - DEBUG - New Error 2: line 7, type: unknown_identifier, message: unknown identifier 'h₂'
2025-04-13 11:07:58 - DEBUG - New Error 3: line 7, type: unknown_identifier, message: unknown identifier 'h₂'
2025-04-13 11:07:58 - DEBUG - New Error 4: line 7, type: failed_to_synthesize, message: failed to synthesize
  AddGroup ℕ
use `set_option diagnostics true` to get diagnostic information
2025-04-13 11:07:58 - DEBUG - New Error 5: line 7, type: other_error, message: Case tag 'a' not found.

There are no cases to select.
2025-04-13 11:07:58 - DEBUG - New Error 6: line 14, type: rewrite_failed, message: tactic 'rewrite' failed, did not find instance of the pattern in the target expression
  2 ^ 2 - 4 * 3 * -56
b : ℕ
h₀ : 0 < b
h₁ : 3 * b ^ 2 + 2 * b + 1 = 57
h₃ : 3 * b ^ 2 + 2 * b - 56 = 0
discr : 2 ^ 2 - 4 * 3 * -56 = 676
⊢ √(2 ^ 2 - 4 * 3 * -56) = 26
2025-04-13 11:07:58 - DEBUG - New Error 7: line 20, type: failed_to_synthesize, message: failed to synthesize
  Neg ℕ
use `set_option diagnostics true` to get diagnostic information
2025-04-13 11:07:58 - DEBUG - New Error 8: line 22, type: unknown_identifier, message: unknown identifier 'eq_quadratic_roots'
2025-04-13 11:07:58 - DEBUG - New Error 9: line 38, type: type_mismatch, message: application type mismatch
  not_lt.mpr h₀
argument
  h₀
has type
  0 < b : Prop
but is expected to have type
  0 ≤ b : Prop
2025-04-13 11:07:58 - INFO - Testing fragment: ring_nf
2025-04-13 11:07:58 - INFO - Original error line:   omega
2025-04-13 11:08:00 - INFO - Testing fix: Original errors: 1, Fixed errors: 8
2025-04-13 11:08:00 - INFO - Result: False (introduced 8 new errors)
2025-04-13 11:08:00 - DEBUG - === New errors detail ===
2025-04-13 11:08:00 - DEBUG - New Error 1: line 7, type: unknown_identifier, message: unknown identifier 'h₂'
2025-04-13 11:08:00 - DEBUG - New Error 2: line 7, type: unknown_identifier, message: unknown identifier 'h₂'
2025-04-13 11:08:00 - DEBUG - New Error 3: line 7, type: failed_to_synthesize, message: failed to synthesize
  AddGroup ℕ
use `set_option diagnostics true` to get diagnostic information
2025-04-13 11:08:00 - DEBUG - New Error 4: line 7, type: other_error, message: Case tag 'a' not found.

There are no cases to select.
2025-04-13 11:08:00 - DEBUG - New Error 5: line 14, type: rewrite_failed, message: tactic 'rewrite' failed, did not find instance of the pattern in the target expression
  2 ^ 2 - 4 * 3 * -56
b : ℕ
h₀ : 0 < b
h₁ : 3 * b ^ 2 + 2 * b + 1 = 57
h₃ : 3 * b ^ 2 + 2 * b - 56 = 0
discr : 2 ^ 2 - 4 * 3 * -56 = 676
⊢ √(2 ^ 2 - 4 * 3 * -56) = 26
2025-04-13 11:08:00 - DEBUG - New Error 6: line 20, type: failed_to_synthesize, message: failed to synthesize
  Neg ℕ
use `set_option diagnostics true` to get diagnostic information
2025-04-13 11:08:00 - DEBUG - New Error 7: line 22, type: unknown_identifier, message: unknown identifier 'eq_quadratic_roots'
2025-04-13 11:08:00 - DEBUG - New Error 8: line 38, type: type_mismatch, message: application type mismatch
  not_lt.mpr h₀
argument
  h₀
has type
  0 < b : Prop
but is expected to have type
  0 ≤ b : Prop
2025-04-13 11:08:00 - INFO - Testing fragment: omega
2025-04-13 11:08:00 - INFO - Original error line:   omega
2025-04-13 11:08:02 - INFO - Testing fix: Original errors: 1, Fixed errors: 1
2025-04-13 11:08:02 - INFO - Target error not fixed: omega could not prove the goal:
No usable constraints found. You may need to unfold definitions so `...
2025-04-13 11:08:02 - INFO - Result: False (target error not fixed)
2025-04-13 11:08:02 - INFO - Testing fragment: linarith
2025-04-13 11:08:02 - INFO - Original error line:   omega
2025-04-13 11:08:04 - INFO - Testing fix: Original errors: 1, Fixed errors: 1
2025-04-13 11:08:04 - INFO - Result: False (introduced 1 new errors)
2025-04-13 11:08:04 - DEBUG - === New errors detail ===
2025-04-13 11:08:04 - DEBUG - New Error 1: line 5, type: linarith_failed, message: linarith failed to find a contradiction
case h1.h
b : ℕ
h₀ : 0 < b
h₁ : 3 * b ^ 2 + 2 * b + 1 = 57
a✝ : b < 4
⊢ False
failed
2025-04-13 11:08:04 - INFO - Testing fragment: nlinarith
2025-04-13 11:08:04 - INFO - Original error line:   omega
2025-04-13 11:08:06 - INFO - Testing fix: Original errors: 1, Fixed errors: 1
2025-04-13 11:08:06 - INFO - Result: False (introduced 1 new errors)
2025-04-13 11:08:06 - DEBUG - === New errors detail ===
2025-04-13 11:08:06 - DEBUG - New Error 1: line 7, type: no_goals_to_solve, message: no goals to be solved
2025-04-13 11:08:06 - INFO - Failed attempt time: 23.04 seconds
2025-04-13 11:08:06 - INFO - ❌ Could not generate fix for error at line 20
2025-04-13 11:08:06 - INFO - 
Trying to fix error 6/7: line 22, type: unknown_identifier
2025-04-13 11:08:06 - INFO - Error message: unknown identifier 'eq_quadratic_roots'...
2025-04-13 11:08:06 - INFO - Removed header content, remaining 38 lines of code
2025-04-13 11:08:06 - INFO - Using specified target error line: 22
2025-04-13 11:08:07 - INFO - Warning: No errors found at specified line 22
2025-04-13 11:08:08 - INFO - Automatically located error at line: 5
2025-04-13 11:08:08 - INFO - Error at line 5: omega could not prove the goal:
No usable constraints found. You may need to unfold definitions so `omega` can see linear arithmetic facts about `Nat` and `Int`, which may also involve multiplication, division, and modular remainder by constants.
2025-04-13 11:08:08 - INFO - 
==================================================
2025-04-13 11:08:08 - INFO - Code prepared, starting synthesis
2025-04-13 11:08:08 - INFO - Before part: /-- If $321_{b}$ is equal to the base 10 integer 57, find $b$ given that $b>0$. Show that it is 4.-/
theorem mathd_numbertheory_48 (b : ℕ) (h₀ : 0 < b) (h₁ : 3 * b ^ 2 + 2 * b + 1 = 57) : b = 4 := by
  -- Our goal is to solve for b in the equation 3b² + 2b + 1 = 57
  -- First, simplify the equation to standard quadratic form
2025-04-13 11:08:08 - INFO - Error line:   omega
2025-04-13 11:08:08 - INFO - After part: -- Which simplifies to 3b² + 2b - 56 = 0
  have h₃ : 3 * b ^ 2 + 2 * b - 56 = 0 := by linear_combination h₂
  
  -- We can now solve this quadratic equation for b
  -- The quadratic formula solutions are (-2 ± √(4 + 672))/6
  -- Calculate discriminant: 2² - 4*3*(-56) = 4 + 672 = 676
  have discr : 2^2 - 4 * 3 * (-56) = 676 := by norm_num
  -- Square root of discriminant is 26 since 26² = 676
  have sqrt_discr : Real.sqrt (2^2 - 4 * 3 * (-56)) = 26 := by rw [discr]; norm_num
  
  -- The positive solution is (-2 + 26)/6 = 24/6 = 4
  -- The negative solution would be (-2 - 26)/6 = -28/6 which is negative and invalid (b > 0)
  
  -- We can verify that b = 4 satisfies the original equation
  have h₄ : b = 4 ∨ b = (-2 - 26)/6 := by
    -- Apply quadratic formula
    apply eq_quadratic_roots
    · show 3 ≠ 0; norm_num
    · show 2 ≠ 0; norm_num
    · show -56 ≠ 0; norm_num
    · exact h₃
    · rw [discr]
  
  -- Eliminate the negative solution since b > 0
  cases h₄ with
  | inl h => exact h
  | inr h => 
    -- The negative solution is invalid since b is a natural number > 0
    have h₅ : b < 0 := by
      rw [h]
      -- Compute (-2 - 26)/6 = -28/6 ≈ -4.666...
      norm_num
    exact absurd h₅ (not_lt.mpr h₀)
2025-04-13 11:08:08 - INFO - ==================================================

2025-04-13 11:08:09 - INFO - Testing fragment: rw [justaplaceholder]
2025-04-13 11:08:09 - INFO - Original error line:   omega
2025-04-13 11:08:11 - INFO - Testing fix: Original errors: 1, Fixed errors: 2
2025-04-13 11:08:11 - INFO - Result: False (introduced 2 new errors)
2025-04-13 11:08:11 - DEBUG - === New errors detail ===
2025-04-13 11:08:11 - DEBUG - New Error 1: line 5, type: unknown_identifier, message: unknown identifier 'justaplaceholder'
2025-04-13 11:08:11 - DEBUG - New Error 2: line 5, type: rewrite_failed, message: tactic 'rewrite' failed, equality or iff proof expected
  ?m.593
b : ℕ
h₀ : 0 < b
h₁ : 3 * b ^ 2 + 2 * b + 1 = 57
⊢ b = 4
2025-04-13 11:08:11 - INFO - Testing fragment: rw [<- justaplaceholder]
2025-04-13 11:08:11 - INFO - Original error line:   omega
2025-04-13 11:08:13 - INFO - Testing fix: Original errors: 1, Fixed errors: 2
2025-04-13 11:08:13 - INFO - Result: False (introduced 2 new errors)
2025-04-13 11:08:13 - DEBUG - === New errors detail ===
2025-04-13 11:08:13 - DEBUG - New Error 1: line 5, type: unknown_identifier, message: unknown identifier 'justaplaceholder'
2025-04-13 11:08:13 - DEBUG - New Error 2: line 5, type: rewrite_failed, message: tactic 'rewrite' failed, equality or iff proof expected
  ?m.593
b : ℕ
h₀ : 0 < b
h₁ : 3 * b ^ 2 + 2 * b + 1 = 57
⊢ b = 4
2025-04-13 11:08:13 - INFO - Testing fragment: simp
2025-04-13 11:08:13 - INFO - Original error line:   omega
2025-04-13 11:08:15 - INFO - Testing fix: Original errors: 1, Fixed errors: 1
2025-04-13 11:08:15 - INFO - Result: False (introduced 1 new errors)
2025-04-13 11:08:15 - DEBUG - === New errors detail ===
2025-04-13 11:08:15 - DEBUG - New Error 1: line 5, type: simp_failed, message: simp made no progress
2025-04-13 11:08:15 - INFO - Testing fragment: field_simp
2025-04-13 11:08:15 - INFO - Original error line:   omega
2025-04-13 11:08:17 - INFO - Testing fix: Original errors: 1, Fixed errors: 1
2025-04-13 11:08:17 - INFO - Result: False (introduced 1 new errors)
2025-04-13 11:08:17 - DEBUG - === New errors detail ===
2025-04-13 11:08:17 - DEBUG - New Error 1: line 5, type: simp_failed, message: simp made no progress
2025-04-13 11:08:17 - INFO - Testing fragment: norm_num
2025-04-13 11:08:17 - INFO - Original error line:   omega
2025-04-13 11:08:19 - INFO - Testing fix: Original errors: 1, Fixed errors: 8
2025-04-13 11:08:19 - INFO - Result: False (introduced 8 new errors)
2025-04-13 11:08:19 - DEBUG - === New errors detail ===
2025-04-13 11:08:19 - DEBUG - New Error 1: line 7, type: unknown_identifier, message: unknown identifier 'h₂'
2025-04-13 11:08:19 - DEBUG - New Error 2: line 7, type: unknown_identifier, message: unknown identifier 'h₂'
2025-04-13 11:08:19 - DEBUG - New Error 3: line 7, type: failed_to_synthesize, message: failed to synthesize
  AddGroup ℕ
use `set_option diagnostics true` to get diagnostic information
2025-04-13 11:08:19 - DEBUG - New Error 4: line 7, type: other_error, message: Case tag 'a' not found.

There are no cases to select.
2025-04-13 11:08:19 - DEBUG - New Error 5: line 14, type: rewrite_failed, message: tactic 'rewrite' failed, did not find instance of the pattern in the target expression
  2 ^ 2 - 4 * 3 * -56
b : ℕ
h₀ : 0 < b
h₁ : 3 * b ^ 2 + 2 * b + 1 = 57
h₃ : 3 * b ^ 2 + 2 * b - 56 = 0
discr : 2 ^ 2 - 4 * 3 * -56 = 676
⊢ √(2 ^ 2 - 4 * 3 * -56) = 26
2025-04-13 11:08:19 - DEBUG - New Error 6: line 20, type: failed_to_synthesize, message: failed to synthesize
  Neg ℕ
use `set_option diagnostics true` to get diagnostic information
2025-04-13 11:08:19 - DEBUG - New Error 7: line 22, type: unknown_identifier, message: unknown identifier 'eq_quadratic_roots'
2025-04-13 11:08:19 - DEBUG - New Error 8: line 38, type: type_mismatch, message: application type mismatch
  not_lt.mpr h₀
argument
  h₀
has type
  0 < b : Prop
but is expected to have type
  0 ≤ b : Prop
2025-04-13 11:08:19 - INFO - Testing fragment: ring
2025-04-13 11:08:19 - INFO - Original error line:   omega
2025-04-13 11:08:21 - INFO - Testing fix: Original errors: 1, Fixed errors: 9
2025-04-13 11:08:21 - INFO - Result: False (introduced 9 new errors)
2025-04-13 11:08:21 - DEBUG - === New errors detail ===
2025-04-13 11:08:21 - DEBUG - New Error 1: line 5, type: ring_failed, message: Try this: ring_nf
2025-04-13 11:08:21 - DEBUG - New Error 2: line 7, type: unknown_identifier, message: unknown identifier 'h₂'
2025-04-13 11:08:21 - DEBUG - New Error 3: line 7, type: unknown_identifier, message: unknown identifier 'h₂'
2025-04-13 11:08:21 - DEBUG - New Error 4: line 7, type: failed_to_synthesize, message: failed to synthesize
  AddGroup ℕ
use `set_option diagnostics true` to get diagnostic information
2025-04-13 11:08:21 - DEBUG - New Error 5: line 7, type: other_error, message: Case tag 'a' not found.

There are no cases to select.
2025-04-13 11:08:21 - DEBUG - New Error 6: line 14, type: rewrite_failed, message: tactic 'rewrite' failed, did not find instance of the pattern in the target expression
  2 ^ 2 - 4 * 3 * -56
b : ℕ
h₀ : 0 < b
h₁ : 3 * b ^ 2 + 2 * b + 1 = 57
h₃ : 3 * b ^ 2 + 2 * b - 56 = 0
discr : 2 ^ 2 - 4 * 3 * -56 = 676
⊢ √(2 ^ 2 - 4 * 3 * -56) = 26
2025-04-13 11:08:21 - DEBUG - New Error 7: line 20, type: failed_to_synthesize, message: failed to synthesize
  Neg ℕ
use `set_option diagnostics true` to get diagnostic information
2025-04-13 11:08:21 - DEBUG - New Error 8: line 22, type: unknown_identifier, message: unknown identifier 'eq_quadratic_roots'
2025-04-13 11:08:21 - DEBUG - New Error 9: line 38, type: type_mismatch, message: application type mismatch
  not_lt.mpr h₀
argument
  h₀
has type
  0 < b : Prop
but is expected to have type
  0 ≤ b : Prop
2025-04-13 11:08:21 - INFO - Testing fragment: ring_nf
2025-04-13 11:08:21 - INFO - Original error line:   omega
2025-04-13 11:08:23 - INFO - Testing fix: Original errors: 1, Fixed errors: 8
2025-04-13 11:08:23 - INFO - Result: False (introduced 8 new errors)
2025-04-13 11:08:23 - DEBUG - === New errors detail ===
2025-04-13 11:08:23 - DEBUG - New Error 1: line 7, type: unknown_identifier, message: unknown identifier 'h₂'
2025-04-13 11:08:23 - DEBUG - New Error 2: line 7, type: unknown_identifier, message: unknown identifier 'h₂'
2025-04-13 11:08:23 - DEBUG - New Error 3: line 7, type: failed_to_synthesize, message: failed to synthesize
  AddGroup ℕ
use `set_option diagnostics true` to get diagnostic information
2025-04-13 11:08:23 - DEBUG - New Error 4: line 7, type: other_error, message: Case tag 'a' not found.

There are no cases to select.
2025-04-13 11:08:23 - DEBUG - New Error 5: line 14, type: rewrite_failed, message: tactic 'rewrite' failed, did not find instance of the pattern in the target expression
  2 ^ 2 - 4 * 3 * -56
b : ℕ
h₀ : 0 < b
h₁ : 3 * b ^ 2 + 2 * b + 1 = 57
h₃ : 3 * b ^ 2 + 2 * b - 56 = 0
discr : 2 ^ 2 - 4 * 3 * -56 = 676
⊢ √(2 ^ 2 - 4 * 3 * -56) = 26
2025-04-13 11:08:23 - DEBUG - New Error 6: line 20, type: failed_to_synthesize, message: failed to synthesize
  Neg ℕ
use `set_option diagnostics true` to get diagnostic information
2025-04-13 11:08:23 - DEBUG - New Error 7: line 22, type: unknown_identifier, message: unknown identifier 'eq_quadratic_roots'
2025-04-13 11:08:23 - DEBUG - New Error 8: line 38, type: type_mismatch, message: application type mismatch
  not_lt.mpr h₀
argument
  h₀
has type
  0 < b : Prop
but is expected to have type
  0 ≤ b : Prop
2025-04-13 11:08:23 - INFO - Testing fragment: omega
2025-04-13 11:08:23 - INFO - Original error line:   omega
2025-04-13 11:08:25 - INFO - Testing fix: Original errors: 1, Fixed errors: 1
2025-04-13 11:08:25 - INFO - Target error not fixed: omega could not prove the goal:
No usable constraints found. You may need to unfold definitions so `...
2025-04-13 11:08:25 - INFO - Result: False (target error not fixed)
2025-04-13 11:08:25 - INFO - Testing fragment: linarith
2025-04-13 11:08:25 - INFO - Original error line:   omega
2025-04-13 11:08:27 - INFO - Testing fix: Original errors: 1, Fixed errors: 1
2025-04-13 11:08:27 - INFO - Result: False (introduced 1 new errors)
2025-04-13 11:08:27 - DEBUG - === New errors detail ===
2025-04-13 11:08:27 - DEBUG - New Error 1: line 5, type: linarith_failed, message: linarith failed to find a contradiction
case h1.h
b : ℕ
h₀ : 0 < b
h₁ : 3 * b ^ 2 + 2 * b + 1 = 57
a✝ : b < 4
⊢ False
failed
2025-04-13 11:08:27 - INFO - Testing fragment: nlinarith
2025-04-13 11:08:27 - INFO - Original error line:   omega
2025-04-13 11:08:29 - INFO - Testing fix: Original errors: 1, Fixed errors: 1
2025-04-13 11:08:29 - INFO - Result: False (introduced 1 new errors)
2025-04-13 11:08:29 - DEBUG - === New errors detail ===
2025-04-13 11:08:29 - DEBUG - New Error 1: line 7, type: no_goals_to_solve, message: no goals to be solved
2025-04-13 11:08:29 - INFO - Failed attempt time: 23.04 seconds
2025-04-13 11:08:29 - INFO - ❌ Could not generate fix for error at line 22
2025-04-13 11:08:29 - INFO - 
Trying to fix error 7/7: line 38, type: type_mismatch
2025-04-13 11:08:29 - INFO - Error message: application type mismatch
  not_lt.mpr h₀
argument
  h₀
has type
  0 < b : Prop
but is expected to h...
2025-04-13 11:08:29 - INFO - Removed header content, remaining 38 lines of code
2025-04-13 11:08:29 - INFO - Using specified target error line: 38
2025-04-13 11:08:30 - INFO - Warning: No errors found at specified line 38
2025-04-13 11:08:31 - INFO - Automatically located error at line: 5
2025-04-13 11:08:31 - INFO - Error at line 5: omega could not prove the goal:
No usable constraints found. You may need to unfold definitions so `omega` can see linear arithmetic facts about `Nat` and `Int`, which may also involve multiplication, division, and modular remainder by constants.
2025-04-13 11:08:31 - INFO - 
==================================================
2025-04-13 11:08:31 - INFO - Code prepared, starting synthesis
2025-04-13 11:08:31 - INFO - Before part: /-- If $321_{b}$ is equal to the base 10 integer 57, find $b$ given that $b>0$. Show that it is 4.-/
theorem mathd_numbertheory_48 (b : ℕ) (h₀ : 0 < b) (h₁ : 3 * b ^ 2 + 2 * b + 1 = 57) : b = 4 := by
  -- Our goal is to solve for b in the equation 3b² + 2b + 1 = 57
  -- First, simplify the equation to standard quadratic form
2025-04-13 11:08:31 - INFO - Error line:   omega
2025-04-13 11:08:31 - INFO - After part: -- Which simplifies to 3b² + 2b - 56 = 0
  have h₃ : 3 * b ^ 2 + 2 * b - 56 = 0 := by linear_combination h₂
  
  -- We can now solve this quadratic equation for b
  -- The quadratic formula solutions are (-2 ± √(4 + 672))/6
  -- Calculate discriminant: 2² - 4*3*(-56) = 4 + 672 = 676
  have discr : 2^2 - 4 * 3 * (-56) = 676 := by norm_num
  -- Square root of discriminant is 26 since 26² = 676
  have sqrt_discr : Real.sqrt (2^2 - 4 * 3 * (-56)) = 26 := by rw [discr]; norm_num
  
  -- The positive solution is (-2 + 26)/6 = 24/6 = 4
  -- The negative solution would be (-2 - 26)/6 = -28/6 which is negative and invalid (b > 0)
  
  -- We can verify that b = 4 satisfies the original equation
  have h₄ : b = 4 ∨ b = (-2 - 26)/6 := by
    -- Apply quadratic formula
    apply eq_quadratic_roots
    · show 3 ≠ 0; norm_num
    · show 2 ≠ 0; norm_num
    · show -56 ≠ 0; norm_num
    · exact h₃
    · rw [discr]
  
  -- Eliminate the negative solution since b > 0
  cases h₄ with
  | inl h => exact h
  | inr h => 
    -- The negative solution is invalid since b is a natural number > 0
    have h₅ : b < 0 := by
      rw [h]
      -- Compute (-2 - 26)/6 = -28/6 ≈ -4.666...
      norm_num
    exact absurd h₅ (not_lt.mpr h₀)
2025-04-13 11:08:31 - INFO - ==================================================

2025-04-13 11:08:32 - INFO - Testing fragment: rw [justaplaceholder]
2025-04-13 11:08:32 - INFO - Original error line:   omega
2025-04-13 11:08:34 - INFO - Testing fix: Original errors: 1, Fixed errors: 2
2025-04-13 11:08:34 - INFO - Result: False (introduced 2 new errors)
2025-04-13 11:08:34 - DEBUG - === New errors detail ===
2025-04-13 11:08:34 - DEBUG - New Error 1: line 5, type: unknown_identifier, message: unknown identifier 'justaplaceholder'
2025-04-13 11:08:34 - DEBUG - New Error 2: line 5, type: rewrite_failed, message: tactic 'rewrite' failed, equality or iff proof expected
  ?m.593
b : ℕ
h₀ : 0 < b
h₁ : 3 * b ^ 2 + 2 * b + 1 = 57
⊢ b = 4
2025-04-13 11:08:34 - INFO - Testing fragment: rw [<- justaplaceholder]
2025-04-13 11:08:34 - INFO - Original error line:   omega
2025-04-13 11:08:36 - INFO - Testing fix: Original errors: 1, Fixed errors: 2
2025-04-13 11:08:36 - INFO - Result: False (introduced 2 new errors)
2025-04-13 11:08:36 - DEBUG - === New errors detail ===
2025-04-13 11:08:36 - DEBUG - New Error 1: line 5, type: unknown_identifier, message: unknown identifier 'justaplaceholder'
2025-04-13 11:08:36 - DEBUG - New Error 2: line 5, type: rewrite_failed, message: tactic 'rewrite' failed, equality or iff proof expected
  ?m.593
b : ℕ
h₀ : 0 < b
h₁ : 3 * b ^ 2 + 2 * b + 1 = 57
⊢ b = 4
2025-04-13 11:08:36 - INFO - Testing fragment: simp
2025-04-13 11:08:36 - INFO - Original error line:   omega
2025-04-13 11:08:38 - INFO - Testing fix: Original errors: 1, Fixed errors: 1
2025-04-13 11:08:38 - INFO - Result: False (introduced 1 new errors)
2025-04-13 11:08:38 - DEBUG - === New errors detail ===
2025-04-13 11:08:38 - DEBUG - New Error 1: line 5, type: simp_failed, message: simp made no progress
2025-04-13 11:08:38 - INFO - Testing fragment: field_simp
2025-04-13 11:08:38 - INFO - Original error line:   omega
2025-04-13 11:08:40 - INFO - Testing fix: Original errors: 1, Fixed errors: 1
2025-04-13 11:08:40 - INFO - Result: False (introduced 1 new errors)
2025-04-13 11:08:40 - DEBUG - === New errors detail ===
2025-04-13 11:08:40 - DEBUG - New Error 1: line 5, type: simp_failed, message: simp made no progress
2025-04-13 11:08:40 - INFO - Testing fragment: norm_num
2025-04-13 11:08:40 - INFO - Original error line:   omega
2025-04-13 11:08:42 - INFO - Testing fix: Original errors: 1, Fixed errors: 8
2025-04-13 11:08:42 - INFO - Result: False (introduced 8 new errors)
2025-04-13 11:08:42 - DEBUG - === New errors detail ===
2025-04-13 11:08:42 - DEBUG - New Error 1: line 7, type: unknown_identifier, message: unknown identifier 'h₂'
2025-04-13 11:08:42 - DEBUG - New Error 2: line 7, type: unknown_identifier, message: unknown identifier 'h₂'
2025-04-13 11:08:42 - DEBUG - New Error 3: line 7, type: failed_to_synthesize, message: failed to synthesize
  AddGroup ℕ
use `set_option diagnostics true` to get diagnostic information
2025-04-13 11:08:42 - DEBUG - New Error 4: line 7, type: other_error, message: Case tag 'a' not found.

There are no cases to select.
2025-04-13 11:08:42 - DEBUG - New Error 5: line 14, type: rewrite_failed, message: tactic 'rewrite' failed, did not find instance of the pattern in the target expression
  2 ^ 2 - 4 * 3 * -56
b : ℕ
h₀ : 0 < b
h₁ : 3 * b ^ 2 + 2 * b + 1 = 57
h₃ : 3 * b ^ 2 + 2 * b - 56 = 0
discr : 2 ^ 2 - 4 * 3 * -56 = 676
⊢ √(2 ^ 2 - 4 * 3 * -56) = 26
2025-04-13 11:08:42 - DEBUG - New Error 6: line 20, type: failed_to_synthesize, message: failed to synthesize
  Neg ℕ
use `set_option diagnostics true` to get diagnostic information
2025-04-13 11:08:42 - DEBUG - New Error 7: line 22, type: unknown_identifier, message: unknown identifier 'eq_quadratic_roots'
2025-04-13 11:08:42 - DEBUG - New Error 8: line 38, type: type_mismatch, message: application type mismatch
  not_lt.mpr h₀
argument
  h₀
has type
  0 < b : Prop
but is expected to have type
  0 ≤ b : Prop
2025-04-13 11:08:42 - INFO - Testing fragment: ring
2025-04-13 11:08:42 - INFO - Original error line:   omega
2025-04-13 11:08:44 - INFO - Testing fix: Original errors: 1, Fixed errors: 9
2025-04-13 11:08:44 - INFO - Result: False (introduced 9 new errors)
2025-04-13 11:08:44 - DEBUG - === New errors detail ===
2025-04-13 11:08:44 - DEBUG - New Error 1: line 5, type: ring_failed, message: Try this: ring_nf
2025-04-13 11:08:44 - DEBUG - New Error 2: line 7, type: unknown_identifier, message: unknown identifier 'h₂'
2025-04-13 11:08:44 - DEBUG - New Error 3: line 7, type: unknown_identifier, message: unknown identifier 'h₂'
2025-04-13 11:08:44 - DEBUG - New Error 4: line 7, type: failed_to_synthesize, message: failed to synthesize
  AddGroup ℕ
use `set_option diagnostics true` to get diagnostic information
2025-04-13 11:08:44 - DEBUG - New Error 5: line 7, type: other_error, message: Case tag 'a' not found.

There are no cases to select.
2025-04-13 11:08:44 - DEBUG - New Error 6: line 14, type: rewrite_failed, message: tactic 'rewrite' failed, did not find instance of the pattern in the target expression
  2 ^ 2 - 4 * 3 * -56
b : ℕ
h₀ : 0 < b
h₁ : 3 * b ^ 2 + 2 * b + 1 = 57
h₃ : 3 * b ^ 2 + 2 * b - 56 = 0
discr : 2 ^ 2 - 4 * 3 * -56 = 676
⊢ √(2 ^ 2 - 4 * 3 * -56) = 26
2025-04-13 11:08:44 - DEBUG - New Error 7: line 20, type: failed_to_synthesize, message: failed to synthesize
  Neg ℕ
use `set_option diagnostics true` to get diagnostic information
2025-04-13 11:08:44 - DEBUG - New Error 8: line 22, type: unknown_identifier, message: unknown identifier 'eq_quadratic_roots'
2025-04-13 11:08:44 - DEBUG - New Error 9: line 38, type: type_mismatch, message: application type mismatch
  not_lt.mpr h₀
argument
  h₀
has type
  0 < b : Prop
but is expected to have type
  0 ≤ b : Prop
2025-04-13 11:08:44 - INFO - Testing fragment: ring_nf
2025-04-13 11:08:44 - INFO - Original error line:   omega
2025-04-13 11:08:46 - INFO - Testing fix: Original errors: 1, Fixed errors: 8
2025-04-13 11:08:46 - INFO - Result: False (introduced 8 new errors)
2025-04-13 11:08:46 - DEBUG - === New errors detail ===
2025-04-13 11:08:46 - DEBUG - New Error 1: line 7, type: unknown_identifier, message: unknown identifier 'h₂'
2025-04-13 11:08:46 - DEBUG - New Error 2: line 7, type: unknown_identifier, message: unknown identifier 'h₂'
2025-04-13 11:08:46 - DEBUG - New Error 3: line 7, type: failed_to_synthesize, message: failed to synthesize
  AddGroup ℕ
use `set_option diagnostics true` to get diagnostic information
2025-04-13 11:08:46 - DEBUG - New Error 4: line 7, type: other_error, message: Case tag 'a' not found.

There are no cases to select.
2025-04-13 11:08:46 - DEBUG - New Error 5: line 14, type: rewrite_failed, message: tactic 'rewrite' failed, did not find instance of the pattern in the target expression
  2 ^ 2 - 4 * 3 * -56
b : ℕ
h₀ : 0 < b
h₁ : 3 * b ^ 2 + 2 * b + 1 = 57
h₃ : 3 * b ^ 2 + 2 * b - 56 = 0
discr : 2 ^ 2 - 4 * 3 * -56 = 676
⊢ √(2 ^ 2 - 4 * 3 * -56) = 26
2025-04-13 11:08:46 - DEBUG - New Error 6: line 20, type: failed_to_synthesize, message: failed to synthesize
  Neg ℕ
use `set_option diagnostics true` to get diagnostic information
2025-04-13 11:08:46 - DEBUG - New Error 7: line 22, type: unknown_identifier, message: unknown identifier 'eq_quadratic_roots'
2025-04-13 11:08:46 - DEBUG - New Error 8: line 38, type: type_mismatch, message: application type mismatch
  not_lt.mpr h₀
argument
  h₀
has type
  0 < b : Prop
but is expected to have type
  0 ≤ b : Prop
2025-04-13 11:08:46 - INFO - Testing fragment: omega
2025-04-13 11:08:46 - INFO - Original error line:   omega
2025-04-13 11:08:48 - INFO - Testing fix: Original errors: 1, Fixed errors: 1
2025-04-13 11:08:48 - INFO - Target error not fixed: omega could not prove the goal:
No usable constraints found. You may need to unfold definitions so `...
2025-04-13 11:08:48 - INFO - Result: False (target error not fixed)
2025-04-13 11:08:48 - INFO - Testing fragment: linarith
2025-04-13 11:08:48 - INFO - Original error line:   omega
2025-04-13 11:08:50 - INFO - Testing fix: Original errors: 1, Fixed errors: 1
2025-04-13 11:08:50 - INFO - Result: False (introduced 1 new errors)
2025-04-13 11:08:50 - DEBUG - === New errors detail ===
2025-04-13 11:08:50 - DEBUG - New Error 1: line 5, type: linarith_failed, message: linarith failed to find a contradiction
case h1.h
b : ℕ
h₀ : 0 < b
h₁ : 3 * b ^ 2 + 2 * b + 1 = 57
a✝ : b < 4
⊢ False
failed
2025-04-13 11:08:50 - INFO - Testing fragment: nlinarith
2025-04-13 11:08:50 - INFO - Original error line:   omega
2025-04-13 11:08:52 - INFO - Testing fix: Original errors: 1, Fixed errors: 1
2025-04-13 11:08:52 - INFO - Result: False (introduced 1 new errors)
2025-04-13 11:08:52 - DEBUG - === New errors detail ===
2025-04-13 11:08:52 - DEBUG - New Error 1: line 7, type: no_goals_to_solve, message: no goals to be solved
2025-04-13 11:08:52 - INFO - Failed attempt time: 23.04 seconds
2025-04-13 11:08:52 - INFO - ❌ Could not generate fix for error at line 38
2025-04-13 11:08:53 - INFO - 
===== Fix attempt completed =====
2025-04-13 11:08:53 - INFO - Original errors: 7
2025-04-13 11:08:53 - INFO - Fixed errors: 1
2025-04-13 11:08:53 - INFO - Failed errors: 6
2025-04-13 11:08:53 - INFO - Remaining errors: 1
2025-04-13 11:08:53 - INFO - Total time: 265.90 seconds
2025-04-13 11:08:53 - INFO - 
Final fixed code:
2025-04-13 11:08:53 - INFO - ----------------------------------------
2025-04-13 11:08:53 - INFO - /-- If $321_{b}$ is equal to the base 10 integer 57, find $b$ given that $b>0$. Show that it is 4.-/
theorem mathd_numbertheory_48 (b : ℕ) (h₀ : 0 < b) (h₁ : 3 * b ^ 2 + 2 * b + 1 = 57) : b = 4 := by
  -- Our goal is to solve for b in the equation 3b² + 2b + 1 = 57
  -- First, simplify the equation to standard quadratic form
  omega
  -- Which simplifies to 3b² + 2b - 56 = 0
  have h₃ : 3 * b ^ 2 + 2 * b - 56 = 0 := by linear_combination h₂
  
  -- We can now solve this quadratic equation for b
  -- The quadratic formula solutions are (-2 ± √(4 + 672))/6
  -- Calculate discriminant: 2² - 4*3*(-56) = 4 + 672 = 676
  have discr : 2^2 - 4 * 3 * (-56) = 676 := by norm_num
  -- Square root of discriminant is 26 since 26² = 676
  have sqrt_discr : Real.sqrt (2^2 - 4 * 3 * (-56)) = 26 := by rw [discr]; norm_num
  
  -- The positive solution is (-2 + 26)/6 = 24/6 = 4
  -- The negative solution would be (-2 - 26)/6 = -28/6 which is negative and invalid (b > 0)
  
  -- We can verify that b = 4 satisfies the original equation
  have h₄ : b = 4 ∨ b = (-2 - 26)/6 := by
    -- Apply quadratic formula
    apply eq_quadratic_roots
    · show 3 ≠ 0; norm_num
    · show 2 ≠ 0; norm_num
    · show -56 ≠ 0; norm_num
    · exact h₃
    · rw [discr]
  
  -- Eliminate the negative solution since b > 0
  cases h₄ with
  | inl h => exact h
  | inr h => 
    -- The negative solution is invalid since b is a natural number > 0
    have h₅ : b < 0 := by
      rw [h]
      -- Compute (-2 - 26)/6 = -28/6 ≈ -4.666...
      norm_num
    exact absurd h₅ (not_lt.mpr h₀)
2025-04-13 11:08:53 - INFO - ----------------------------------------
2025-04-13 11:08:53 - INFO - 
Detailed error repair report:
2025-04-13 11:08:53 - INFO - Original code error count: 7
✅ Fixed error 1/7: Successfully fixed error at line 5 «no_goals_to_solve» (in 20.05s)
❌ Fixed error 2/7: Could not generate fix for error at line 7 «failed_to_synthesize» (after 23.04s)
❌ Fixed error 3/7: Could not generate fix for error at line 7 «other_error» (after 23.05s)
❌ Fixed error 4/7: Could not generate fix for error at line 14 «rewrite_failed» (after 128.63s)
❌ Fixed error 5/7: Could not generate fix for error at line 20 «failed_to_synthesize» (after 23.04s)
❌ Fixed error 6/7: Could not generate fix for error at line 22 «unknown_identifier» (after 23.04s)
❌ Fixed error 7/7: Could not generate fix for error at line 38 «type_mismatch» (after 23.04s)

=== Fix statistics ===
Original error count: 7
Fixed errors: 1 (Fix rate: 0.1429)
Failed errors: 6
Remaining errors: 1
Total time: 265.90 seconds

=== Successful fix details ===

Fix 1:
   Line: 5
   Error type: no_goals_to_solve
   Original error message: no goals to be solved...
   Fix snippet: omega
   Fixed line:   omega
   Time: 20.05 seconds

=== Failed fix details ===

Failed fix 1:
   Line: 7
   Error type: failed_to_synthesize
   Original error message: failed to synthesize
  AddGroup ℕ
use `set_option diagnostics true` to get diagnostic information...
   Failure reason: Could not generate fix
   Time: 23.04 seconds

Failed fix 2:
   Line: 7
   Error type: other_error
   Original error message: Case tag 'a' not found.

There are no cases to select....
   Failure reason: Could not generate fix
   Time: 23.05 seconds

Failed fix 3:
   Line: 14
   Error type: rewrite_failed
   Original error message: tactic 'rewrite' failed, did not find instance of the pattern in the target expression
  2 ^ 2 - 4 *...
   Failure reason: Could not generate fix
   Time: 128.63 seconds

Failed fix 4:
   Line: 20
   Error type: failed_to_synthesize
   Original error message: failed to synthesize
  Neg ℕ
use `set_option diagnostics true` to get diagnostic information...
   Failure reason: Could not generate fix
   Time: 23.04 seconds

Failed fix 5:
   Line: 22
   Error type: unknown_identifier
   Original error message: unknown identifier 'eq_quadratic_roots'...
   Failure reason: Could not generate fix
   Time: 23.04 seconds

Failed fix 6:
   Line: 38
   Error type: type_mismatch
   Original error message: application type mismatch
  not_lt.mpr h₀
argument
  h₀
has type
  0 < b : Prop
but is expected to h...
   Failure reason: Could not generate fix
   Time: 23.04 seconds
2025-04-13 11:08:53 - INFO - 
Fixed code saved to: /data/coding/minif2f/lean_fixed/26_fixed.lean
2025-04-13 11:08:53 - INFO - JSON log saved to: /data/coding/minif2f/lean_fixed/26_fix_log.json
2025-04-13 11:08:53 - INFO - 
===== LOG FILE LOCATION =====
2025-04-13 11:08:53 - INFO - Detailed log file is available at: /data/coding/minif2f/lean_fixed/26.log
2025-04-13 11:08:53 - INFO - ===============================
