2025-04-13 11:00:53 - INFO - Log file initialized at 2025-04-13T11:00:53.151606
2025-04-13 11:00:53 - INFO - ===== LOG FILE LOCATION =====
2025-04-13 11:00:53 - INFO - Detailed log file created at: ./minif2f/lean_fixed/27.log
2025-04-13 11:00:53 - INFO - ===============================
2025-04-13 11:00:53 - INFO - Original code:
2025-04-13 11:00:53 - INFO - ----------------------------------------
2025-04-13 11:00:53 - INFO - import Mathlib
import Aesop

set_option maxHeartbeats 0

open BigOperators Real Nat Topology Rat

/-- For any integer $a$, show that $a^2 \equiv 0 \pmod{4}$ or $a^2 \equiv 1 \pmod{4}$.-/
theorem numbertheory_sqmod4in01d (a : ℤ) : a ^ 2 % 4 = 0 ∨ a ^ 2 % 4 = 1 := by
  -- The key observation is that any integer is either even or odd, and we can
  -- consider these two cases separately.
  
  -- First, we use the lemma `Int.emod_two_eq_zero_or_one` which states that
  -- for any integer x, x % 2 = 0 ∨ x % 2 = 1. This represents the parity of x.
  rcases Int.emod_two_eq_zero_or_one a with (ha | ha)
  
  -- Case 1: a is even (a % 2 = 0)
  · -- If a is even, then a = 2k for some integer k
    -- Then a² = (2k)² = 4k², which is clearly divisible by 4
    -- So a² ≡ 0 mod 4
    
    -- We can rewrite a using the fact that a % 2 = 0
    rw [← Int.emod_add_ediv a 2] at ha
    -- Now ha: a = 2 * (a / 2) + 0
    simp [ha]
    -- Now a is expressed as 2 * (a / 2)
    
    -- Compute a²
    rw [pow_two, mul_assoc]
    -- Now a² = 4 * (a / 2)²
    
    -- Taking mod 4 of this expression
    rw [Int.mul_emod, Int.mul_emod]
    -- Since 4 mod 4 = 0, the entire expression mod 4 is 0
    simp [Int.emod_self]
    -- Therefore a² % 4 = 0 in this case
    exact Or.inl rfl
    
  -- Case 2: a is odd (a % 2 = 1)
  · -- If a is odd, then a = 2k + 1 for some integer k
    -- Then a² = (2k + 1)² = 4k² + 4k + 1 = 4(k² + k) + 1
    -- So a² ≡ 1 mod 4
    
    -- We can rewrite a using the fact that a % 2 = 1
    rw [← Int.emod_add_ediv a 2] at ha
    -- Now ha: a = 2 * (a / 2) + 1
    simp [ha]
    -- Now a is expressed as 2 * (a / 2) + 1
    
    -- Compute a²
    rw [pow_two]
    -- Now a² = (2 * (a / 2) + 1)²
    -- Expand the square
    rw [add_sq, mul_assoc]
    -- Now a² = 4*(a/2)² + 4*(a/2) + 1
    
    -- Taking mod 4 of this expression
    rw [Int.add_emod, Int.add_emod, Int.mul_emod, Int.mul_emod]
    -- Simplify each term mod 4
    simp [Int.emod_self]
    -- The first two terms become 0, leaving just 1 % 4 = 1
    norm_num
    -- Therefore a² % 4 = 1 in this case
    exact Or.inr rfl
2025-04-13 11:00:53 - INFO - ----------------------------------------
2025-04-13 11:00:53 - INFO - 
Checking original code for all errors...
2025-04-13 11:04:27 - INFO - Original code contains 2 errors:
2025-04-13 11:04:27 - INFO - Error 1: line 22, type: rewrite_failed, message: tactic 'rewrite' failed, did not find instance of the pattern in the target expression
  ?a * ?b * ?...
2025-04-13 11:04:27 - INFO - Error 2: line 47, type: rewrite_failed, message: tactic 'rewrite' failed, did not find instance of the pattern in the target expression
  (?a + ?b) ^...
2025-04-13 11:04:27 - INFO - 
Starting multi-error continuous repair process...
2025-04-13 11:04:27 - INFO - 
===== Starting to fix all errors =====
2025-04-13 11:04:28 - INFO - 
Found 2 original errors:
2025-04-13 11:04:28 - INFO - Error 1: line 22, type: rewrite_failed, message: tactic 'rewrite' failed, did not find instance of the pattern in the target expression
  ?a * ?b * ?...
2025-04-13 11:04:28 - INFO - Error 2: line 47, type: rewrite_failed, message: tactic 'rewrite' failed, did not find instance of the pattern in the target expression
  (?a + ?b) ^...
2025-04-13 11:04:28 - INFO - 
Trying to fix error 1/2: line 22, type: rewrite_failed
2025-04-13 11:04:28 - INFO - Error message: tactic 'rewrite' failed, did not find instance of the pattern in the target expression
  ?a * ?b * ?...
2025-04-13 11:04:28 - INFO - Removed header content, remaining 57 lines of code
2025-04-13 11:04:28 - INFO - Using specified target error line: 22
2025-04-13 11:04:29 - INFO - Found error at specified line: tactic 'rewrite' failed, did not find instance of the pattern in the target expression
  ?a * ?b * ?c
case inl
a : ℤ
ha : (a % 2 + 2 * (a / 2)) % 2 = 0
⊢ 4 ∣ a * a ∨ a * a % 4 = 1
2025-04-13 11:04:29 - INFO - Error at line 22: tactic 'rewrite' failed, did not find instance of the pattern in the target expression
  ?a * ?b * ?c
case inl
a : ℤ
ha : (a % 2 + 2 * (a / 2)) % 2 = 0
⊢ 4 ∣ a * a ∨ a * a % 4 = 1
2025-04-13 11:04:29 - INFO - 
==================================================
2025-04-13 11:04:29 - INFO - Code prepared, starting synthesis
2025-04-13 11:04:29 - INFO - Before part: /-- For any integer $a$, show that $a^2 \equiv 0 \pmod{4}$ or $a^2 \equiv 1 \pmod{4}$.-/
theorem numbertheory_sqmod4in01d (a : ℤ) : a ^ 2 % 4 = 0 ∨ a ^ 2 % 4 = 1 := by
  -- The key observation is that any integer is either even or odd, and we can
  -- consider these two cases separately.
  
  -- First, we use the lemma `Int.emod_two_eq_zero_or_one` which states that
  -- for any integer x, x % 2 = 0 ∨ x % 2 = 1. This represents the parity of x.
  rcases Int.emod_two_eq_zero_or_one a with (ha | ha)
  
  -- Case 1: a is even (a % 2 = 0)
  · -- If a is even, then a = 2k for some integer k
    -- Then a² = (2k)² = 4k², which is clearly divisible by 4
    -- So a² ≡ 0 mod 4
    
    -- We can rewrite a using the fact that a % 2 = 0
    rw [← Int.emod_add_ediv a 2] at ha
    -- Now ha: a = 2 * (a / 2) + 0
    simp [ha]
    -- Now a is expressed as 2 * (a / 2)
    
    -- Compute a²
2025-04-13 11:04:29 - INFO - Error line:     rw [pow_two, mul_assoc]
2025-04-13 11:04:29 - INFO - After part: -- Now a² = 4 * (a / 2)²
    
    -- Taking mod 4 of this expression
    rw [Int.mul_emod, Int.mul_emod]
    -- Since 4 mod 4 = 0, the entire expression mod 4 is 0
    simp [Int.emod_self]
    -- Therefore a² % 4 = 0 in this case
    exact Or.inl rfl
    
  -- Case 2: a is odd (a % 2 = 1)
  · -- If a is odd, then a = 2k + 1 for some integer k
    -- Then a² = (2k + 1)² = 4k² + 4k + 1 = 4(k² + k) + 1
    -- So a² ≡ 1 mod 4
    
    -- We can rewrite a using the fact that a % 2 = 1
    rw [← Int.emod_add_ediv a 2] at ha
    -- Now ha: a = 2 * (a / 2) + 1
    simp [ha]
    -- Now a is expressed as 2 * (a / 2) + 1
    
    -- Compute a²
    rw [pow_two]
    -- Now a² = (2 * (a / 2) + 1)²
    -- Expand the square
    rw [add_sq, mul_assoc]
    -- Now a² = 4*(a/2)² + 4*(a/2) + 1
    
    -- Taking mod 4 of this expression
    rw [Int.add_emod, Int.add_emod, Int.mul_emod, Int.mul_emod]
    -- Simplify each term mod 4
    simp [Int.emod_self]
    -- The first two terms become 0, leaving just 1 % 4 = 1
    norm_num
    -- Therefore a² % 4 = 1 in this case
    exact Or.inr rfl
2025-04-13 11:04:29 - INFO - ==================================================

2025-04-13 11:04:30 - INFO - Testing fragment: rw [justaplaceholder]
2025-04-13 11:04:30 - INFO - Original error line:     rw [pow_two, mul_assoc]
2025-04-13 11:04:32 - INFO - Testing fix: Original errors: 2, Fixed errors: 3
2025-04-13 11:04:32 - INFO - Result: False (introduced 2 new errors)
2025-04-13 11:04:32 - DEBUG - === New errors detail ===
2025-04-13 11:04:32 - DEBUG - New Error 1: line 22, type: unknown_identifier, message: unknown identifier 'justaplaceholder'
2025-04-13 11:04:32 - DEBUG - New Error 2: line 22, type: rewrite_failed, message: tactic 'rewrite' failed, equality or iff proof expected
  ?m.2288
case inl
a : ℤ
ha : (a % 2 + 2 * (a / 2)) % 2 = 0
⊢ 4 ∣ a ^ 2 ∨ a ^ 2 % 4 = 1
2025-04-13 11:04:32 - INFO - Testing fragment: rw [<- justaplaceholder]
2025-04-13 11:04:32 - INFO - Original error line:     rw [pow_two, mul_assoc]
2025-04-13 11:04:34 - INFO - Testing fix: Original errors: 2, Fixed errors: 3
2025-04-13 11:04:34 - INFO - Result: False (introduced 2 new errors)
2025-04-13 11:04:34 - DEBUG - === New errors detail ===
2025-04-13 11:04:34 - DEBUG - New Error 1: line 22, type: unknown_identifier, message: unknown identifier 'justaplaceholder'
2025-04-13 11:04:34 - DEBUG - New Error 2: line 22, type: rewrite_failed, message: tactic 'rewrite' failed, equality or iff proof expected
  ?m.2288
case inl
a : ℤ
ha : (a % 2 + 2 * (a / 2)) % 2 = 0
⊢ 4 ∣ a ^ 2 ∨ a ^ 2 % 4 = 1
2025-04-13 11:04:34 - INFO - Testing fragment: simp
2025-04-13 11:04:34 - INFO - Original error line:     rw [pow_two, mul_assoc]
2025-04-13 11:04:36 - INFO - Testing fix: Original errors: 2, Fixed errors: 2
2025-04-13 11:04:36 - INFO - Result: False (introduced 1 new errors)
2025-04-13 11:04:36 - DEBUG - === New errors detail ===
2025-04-13 11:04:36 - DEBUG - New Error 1: line 22, type: simp_failed, message: simp made no progress
2025-04-13 11:04:36 - INFO - Testing fragment: field_simp
2025-04-13 11:04:36 - INFO - Original error line:     rw [pow_two, mul_assoc]
2025-04-13 11:04:38 - INFO - Testing fix: Original errors: 2, Fixed errors: 2
2025-04-13 11:04:38 - INFO - Result: False (introduced 1 new errors)
2025-04-13 11:04:38 - DEBUG - === New errors detail ===
2025-04-13 11:04:38 - DEBUG - New Error 1: line 22, type: simp_failed, message: simp made no progress
2025-04-13 11:04:38 - INFO - Testing fragment: norm_num
2025-04-13 11:04:38 - INFO - Original error line:     rw [pow_two, mul_assoc]
2025-04-13 11:04:40 - INFO - Testing fix: Original errors: 2, Fixed errors: 2
2025-04-13 11:04:40 - INFO - Result: False (introduced 1 new errors)
2025-04-13 11:04:40 - DEBUG - === New errors detail ===
2025-04-13 11:04:40 - DEBUG - New Error 1: line 26, type: rewrite_failed, message: tactic 'rewrite' failed, did not find instance of the pattern in the target expression
  ?a * ?b % ?n
case inl
a : ℤ
ha : (a % 2 + 2 * (a / 2)) % 2 = 0
⊢ 4 ∣ a ^ 2 ∨ a ^ 2 % 4 = 1
2025-04-13 11:04:40 - INFO - Testing fragment: ring
2025-04-13 11:04:40 - INFO - Original error line:     rw [pow_two, mul_assoc]
2025-04-13 11:04:42 - INFO - Testing fix: Original errors: 2, Fixed errors: 3
2025-04-13 11:04:42 - INFO - Result: False (introduced 2 new errors)
2025-04-13 11:04:42 - DEBUG - === New errors detail ===
2025-04-13 11:04:42 - DEBUG - New Error 1: line 22, type: ring_failed, message: Try this: ring_nf
2025-04-13 11:04:42 - DEBUG - New Error 2: line 26, type: rewrite_failed, message: tactic 'rewrite' failed, did not find instance of the pattern in the target expression
  ?a * ?b % ?n
case inl
a : ℤ
ha : (a % 2 + 2 * (a / 2)) % 2 = 0
⊢ 4 ∣ a ^ 2 ∨ a ^ 2 % 4 = 1
2025-04-13 11:04:42 - INFO - Testing fragment: ring_nf
2025-04-13 11:04:42 - INFO - Original error line:     rw [pow_two, mul_assoc]
2025-04-13 11:04:44 - INFO - Testing fix: Original errors: 2, Fixed errors: 2
2025-04-13 11:04:44 - INFO - Result: False (introduced 1 new errors)
2025-04-13 11:04:44 - DEBUG - === New errors detail ===
2025-04-13 11:04:44 - DEBUG - New Error 1: line 26, type: rewrite_failed, message: tactic 'rewrite' failed, did not find instance of the pattern in the target expression
  ?a * ?b % ?n
case inl
a : ℤ
ha : (a % 2 + 2 * (a / 2)) % 2 = 0
⊢ 4 ∣ a ^ 2 ∨ a ^ 2 % 4 = 1
2025-04-13 11:04:44 - INFO - Testing fragment: omega
2025-04-13 11:04:44 - INFO - Original error line:     rw [pow_two, mul_assoc]
2025-04-13 11:04:46 - INFO - Testing fix: Original errors: 2, Fixed errors: 2
2025-04-13 11:04:46 - INFO - Result: False (introduced 1 new errors)
2025-04-13 11:04:46 - DEBUG - === New errors detail ===
2025-04-13 11:04:46 - DEBUG - New Error 1: line 22, type: other_error, message: omega could not prove the goal:
a possible counterexample may satisfy the constraints
  2 ≤ b - 4*c ≤ 3
where
 b := a ^ 2
 c := a ^ 2 / 4
2025-04-13 11:04:46 - INFO - Testing fragment: linarith
2025-04-13 11:04:46 - INFO - Original error line:     rw [pow_two, mul_assoc]
2025-04-13 11:04:48 - INFO - Testing fix: Original errors: 2, Fixed errors: 2
2025-04-13 11:04:48 - INFO - Result: False (introduced 1 new errors)
2025-04-13 11:04:48 - DEBUG - === New errors detail ===
2025-04-13 11:04:48 - DEBUG - New Error 1: line 22, type: linarith_failed, message: linarith failed to find a contradiction
case inl
a : ℤ
ha : (a % 2 + 2 * (a / 2)) % 2 = 0
⊢ False
failed
2025-04-13 11:04:48 - INFO - Testing fragment: nlinarith
2025-04-13 11:04:48 - INFO - Original error line:     rw [pow_two, mul_assoc]
2025-04-13 11:04:50 - INFO - Testing fix: Original errors: 2, Fixed errors: 2
2025-04-13 11:04:50 - INFO - Result: False (introduced 1 new errors)
2025-04-13 11:04:50 - DEBUG - === New errors detail ===
2025-04-13 11:04:50 - DEBUG - New Error 1: line 22, type: linarith_failed, message: linarith failed to find a contradiction
case inl
a : ℤ
ha : (a % 2 + 2 * (a / 2)) % 2 = 0
⊢ False
failed
2025-04-13 11:04:50 - INFO - Failed attempt time: 22.05 seconds
2025-04-13 11:04:50 - INFO - ❌ Could not generate fix for error at line 22
2025-04-13 11:04:50 - INFO - 
Trying to fix error 2/2: line 47, type: rewrite_failed
2025-04-13 11:04:50 - INFO - Error message: tactic 'rewrite' failed, did not find instance of the pattern in the target expression
  (?a + ?b) ^...
2025-04-13 11:04:50 - INFO - Removed header content, remaining 57 lines of code
2025-04-13 11:04:50 - INFO - Using specified target error line: 47
2025-04-13 11:04:51 - INFO - Found error at specified line: tactic 'rewrite' failed, did not find instance of the pattern in the target expression
  (?a + ?b) ^ 2
case inr
a : ℤ
ha : (a % 2 + 2 * (a / 2)) % 2 = 1
⊢ 4 ∣ a * a ∨ a * a % 4 = 1
2025-04-13 11:04:51 - INFO - Error at line 47: tactic 'rewrite' failed, did not find instance of the pattern in the target expression
  (?a + ?b) ^ 2
case inr
a : ℤ
ha : (a % 2 + 2 * (a / 2)) % 2 = 1
⊢ 4 ∣ a * a ∨ a * a % 4 = 1
2025-04-13 11:04:51 - INFO - 
==================================================
2025-04-13 11:04:51 - INFO - Code prepared, starting synthesis
2025-04-13 11:04:51 - INFO - Before part: /-- For any integer $a$, show that $a^2 \equiv 0 \pmod{4}$ or $a^2 \equiv 1 \pmod{4}$.-/
theorem numbertheory_sqmod4in01d (a : ℤ) : a ^ 2 % 4 = 0 ∨ a ^ 2 % 4 = 1 := by
  -- The key observation is that any integer is either even or odd, and we can
  -- consider these two cases separately.
  
  -- First, we use the lemma `Int.emod_two_eq_zero_or_one` which states that
  -- for any integer x, x % 2 = 0 ∨ x % 2 = 1. This represents the parity of x.
  rcases Int.emod_two_eq_zero_or_one a with (ha | ha)
  
  -- Case 1: a is even (a % 2 = 0)
  · -- If a is even, then a = 2k for some integer k
    -- Then a² = (2k)² = 4k², which is clearly divisible by 4
    -- So a² ≡ 0 mod 4
    
    -- We can rewrite a using the fact that a % 2 = 0
    rw [← Int.emod_add_ediv a 2] at ha
    -- Now ha: a = 2 * (a / 2) + 0
    simp [ha]
    -- Now a is expressed as 2 * (a / 2)
    
    -- Compute a²
    rw [pow_two, mul_assoc]
    -- Now a² = 4 * (a / 2)²
    
    -- Taking mod 4 of this expression
    rw [Int.mul_emod, Int.mul_emod]
    -- Since 4 mod 4 = 0, the entire expression mod 4 is 0
    simp [Int.emod_self]
    -- Therefore a² % 4 = 0 in this case
    exact Or.inl rfl
    
  -- Case 2: a is odd (a % 2 = 1)
  · -- If a is odd, then a = 2k + 1 for some integer k
    -- Then a² = (2k + 1)² = 4k² + 4k + 1 = 4(k² + k) + 1
    -- So a² ≡ 1 mod 4
    
    -- We can rewrite a using the fact that a % 2 = 1
    rw [← Int.emod_add_ediv a 2] at ha
    -- Now ha: a = 2 * (a / 2) + 1
    simp [ha]
    -- Now a is expressed as 2 * (a / 2) + 1
    
    -- Compute a²
    rw [pow_two]
    -- Now a² = (2 * (a / 2) + 1)²
    -- Expand the square
2025-04-13 11:04:51 - INFO - Error line:     rw [add_sq, mul_assoc]
2025-04-13 11:04:51 - INFO - After part: -- Now a² = 4*(a/2)² + 4*(a/2) + 1
    
    -- Taking mod 4 of this expression
    rw [Int.add_emod, Int.add_emod, Int.mul_emod, Int.mul_emod]
    -- Simplify each term mod 4
    simp [Int.emod_self]
    -- The first two terms become 0, leaving just 1 % 4 = 1
    norm_num
    -- Therefore a² % 4 = 1 in this case
    exact Or.inr rfl
2025-04-13 11:04:51 - INFO - ==================================================

2025-04-13 11:04:52 - INFO - Testing fragment: rw [justaplaceholder]
2025-04-13 11:04:52 - INFO - Original error line:     rw [add_sq, mul_assoc]
2025-04-13 11:04:54 - INFO - Testing fix: Original errors: 2, Fixed errors: 3
2025-04-13 11:04:54 - INFO - Result: False (introduced 2 new errors)
2025-04-13 11:04:54 - DEBUG - === New errors detail ===
2025-04-13 11:04:54 - DEBUG - New Error 1: line 47, type: unknown_identifier, message: unknown identifier 'justaplaceholder'
2025-04-13 11:04:54 - DEBUG - New Error 2: line 47, type: rewrite_failed, message: tactic 'rewrite' failed, equality or iff proof expected
  ?m.5267
case inr
a : ℤ
ha : (a % 2 + 2 * (a / 2)) % 2 = 1
⊢ 4 ∣ a * a ∨ a * a % 4 = 1
2025-04-13 11:04:54 - INFO - Testing fragment: rw [<- justaplaceholder]
2025-04-13 11:04:54 - INFO - Original error line:     rw [add_sq, mul_assoc]
2025-04-13 11:04:56 - INFO - Testing fix: Original errors: 2, Fixed errors: 3
2025-04-13 11:04:56 - INFO - Result: False (introduced 2 new errors)
2025-04-13 11:04:56 - DEBUG - === New errors detail ===
2025-04-13 11:04:56 - DEBUG - New Error 1: line 47, type: unknown_identifier, message: unknown identifier 'justaplaceholder'
2025-04-13 11:04:56 - DEBUG - New Error 2: line 47, type: rewrite_failed, message: tactic 'rewrite' failed, equality or iff proof expected
  ?m.5267
case inr
a : ℤ
ha : (a % 2 + 2 * (a / 2)) % 2 = 1
⊢ 4 ∣ a * a ∨ a * a % 4 = 1
2025-04-13 11:04:56 - INFO - Testing fragment: simp
2025-04-13 11:04:56 - INFO - Original error line:     rw [add_sq, mul_assoc]
2025-04-13 11:04:58 - INFO - Testing fix: Original errors: 2, Fixed errors: 2
2025-04-13 11:04:58 - INFO - Result: False (introduced 1 new errors)
2025-04-13 11:04:58 - DEBUG - === New errors detail ===
2025-04-13 11:04:58 - DEBUG - New Error 1: line 47, type: simp_failed, message: simp made no progress
2025-04-13 11:04:58 - INFO - Testing fragment: field_simp
2025-04-13 11:04:58 - INFO - Original error line:     rw [add_sq, mul_assoc]
2025-04-13 11:05:00 - INFO - Testing fix: Original errors: 2, Fixed errors: 2
2025-04-13 11:05:00 - INFO - Result: False (introduced 1 new errors)
2025-04-13 11:05:00 - DEBUG - === New errors detail ===
2025-04-13 11:05:00 - DEBUG - New Error 1: line 47, type: simp_failed, message: simp made no progress
2025-04-13 11:05:00 - INFO - Testing fragment: norm_num
2025-04-13 11:05:00 - INFO - Original error line:     rw [add_sq, mul_assoc]
2025-04-13 11:05:02 - INFO - Testing fix: Original errors: 2, Fixed errors: 2
2025-04-13 11:05:02 - INFO - Result: False (introduced 1 new errors)
2025-04-13 11:05:02 - DEBUG - === New errors detail ===
2025-04-13 11:05:02 - DEBUG - New Error 1: line 51, type: rewrite_failed, message: tactic 'rewrite' failed, did not find instance of the pattern in the target expression
  (?a + ?b) % ?n
case inr
a : ℤ
ha : (a % 2 + 2 * (a / 2)) % 2 = 1
⊢ 4 ∣ a * a ∨ a * a % 4 = 1
2025-04-13 11:05:02 - INFO - Testing fragment: ring
2025-04-13 11:05:02 - INFO - Original error line:     rw [add_sq, mul_assoc]
2025-04-13 11:05:04 - INFO - Testing fix: Original errors: 2, Fixed errors: 3
2025-04-13 11:05:04 - INFO - Result: False (introduced 2 new errors)
2025-04-13 11:05:04 - DEBUG - === New errors detail ===
2025-04-13 11:05:04 - DEBUG - New Error 1: line 47, type: ring_failed, message: Try this: ring_nf
2025-04-13 11:05:04 - DEBUG - New Error 2: line 51, type: rewrite_failed, message: tactic 'rewrite' failed, did not find instance of the pattern in the target expression
  (?a + ?b) % ?n
case inr
a : ℤ
ha : (a % 2 + 2 * (a / 2)) % 2 = 1
⊢ 4 ∣ a ^ 2 ∨ a ^ 2 % 4 = 1
2025-04-13 11:05:04 - INFO - Testing fragment: ring_nf
2025-04-13 11:05:04 - INFO - Original error line:     rw [add_sq, mul_assoc]
2025-04-13 11:05:06 - INFO - Testing fix: Original errors: 2, Fixed errors: 2
2025-04-13 11:05:06 - INFO - Result: False (introduced 1 new errors)
2025-04-13 11:05:06 - DEBUG - === New errors detail ===
2025-04-13 11:05:06 - DEBUG - New Error 1: line 51, type: rewrite_failed, message: tactic 'rewrite' failed, did not find instance of the pattern in the target expression
  (?a + ?b) % ?n
case inr
a : ℤ
ha : (a % 2 + 2 * (a / 2)) % 2 = 1
⊢ 4 ∣ a ^ 2 ∨ a ^ 2 % 4 = 1
2025-04-13 11:05:06 - INFO - Testing fragment: omega
2025-04-13 11:05:06 - INFO - Original error line:     rw [add_sq, mul_assoc]
2025-04-13 11:05:08 - INFO - Testing fix: Original errors: 2, Fixed errors: 2
2025-04-13 11:05:08 - INFO - Result: False (introduced 1 new errors)
2025-04-13 11:05:08 - DEBUG - === New errors detail ===
2025-04-13 11:05:08 - DEBUG - New Error 1: line 47, type: other_error, message: omega could not prove the goal:
a possible counterexample may satisfy the constraints
  2 ≤ b - 4*c ≤ 3
where
 b := a * a
 c := a * a / 4
2025-04-13 11:05:08 - INFO - Testing fragment: linarith
2025-04-13 11:05:08 - INFO - Original error line:     rw [add_sq, mul_assoc]
2025-04-13 11:05:10 - INFO - Testing fix: Original errors: 2, Fixed errors: 2
2025-04-13 11:05:10 - INFO - Result: False (introduced 1 new errors)
2025-04-13 11:05:10 - DEBUG - === New errors detail ===
2025-04-13 11:05:10 - DEBUG - New Error 1: line 47, type: linarith_failed, message: linarith failed to find a contradiction
case inr
a : ℤ
ha : (a % 2 + 2 * (a / 2)) % 2 = 1
⊢ False
failed
2025-04-13 11:05:10 - INFO - Testing fragment: nlinarith
2025-04-13 11:05:10 - INFO - Original error line:     rw [add_sq, mul_assoc]
2025-04-13 11:05:12 - INFO - Testing fix: Original errors: 2, Fixed errors: 2
2025-04-13 11:05:12 - INFO - Result: False (introduced 1 new errors)
2025-04-13 11:05:12 - DEBUG - === New errors detail ===
2025-04-13 11:05:12 - DEBUG - New Error 1: line 47, type: linarith_failed, message: linarith failed to find a contradiction
case inr
a : ℤ
ha : (a % 2 + 2 * (a / 2)) % 2 = 1
⊢ False
failed
2025-04-13 11:05:12 - INFO - Failed attempt time: 22.04 seconds
2025-04-13 11:05:12 - INFO - ❌ Could not generate fix for error at line 47
2025-04-13 11:05:13 - INFO - 
===== Fix attempt completed =====
2025-04-13 11:05:13 - INFO - Original errors: 2
2025-04-13 11:05:13 - INFO - Fixed errors: 0
2025-04-13 11:05:13 - INFO - Failed errors: 2
2025-04-13 11:05:13 - INFO - Remaining errors: 2
2025-04-13 11:05:13 - INFO - Total time: 46.10 seconds
2025-04-13 11:05:13 - INFO - 
Final fixed code:
2025-04-13 11:05:13 - INFO - ----------------------------------------
2025-04-13 11:05:13 - INFO - /-- For any integer $a$, show that $a^2 \equiv 0 \pmod{4}$ or $a^2 \equiv 1 \pmod{4}$.-/
theorem numbertheory_sqmod4in01d (a : ℤ) : a ^ 2 % 4 = 0 ∨ a ^ 2 % 4 = 1 := by
  -- The key observation is that any integer is either even or odd, and we can
  -- consider these two cases separately.
  
  -- First, we use the lemma `Int.emod_two_eq_zero_or_one` which states that
  -- for any integer x, x % 2 = 0 ∨ x % 2 = 1. This represents the parity of x.
  rcases Int.emod_two_eq_zero_or_one a with (ha | ha)
  
  -- Case 1: a is even (a % 2 = 0)
  · -- If a is even, then a = 2k for some integer k
    -- Then a² = (2k)² = 4k², which is clearly divisible by 4
    -- So a² ≡ 0 mod 4
    
    -- We can rewrite a using the fact that a % 2 = 0
    rw [← Int.emod_add_ediv a 2] at ha
    -- Now ha: a = 2 * (a / 2) + 0
    simp [ha]
    -- Now a is expressed as 2 * (a / 2)
    
    -- Compute a²
    rw [pow_two, mul_assoc]
    -- Now a² = 4 * (a / 2)²
    
    -- Taking mod 4 of this expression
    rw [Int.mul_emod, Int.mul_emod]
    -- Since 4 mod 4 = 0, the entire expression mod 4 is 0
    simp [Int.emod_self]
    -- Therefore a² % 4 = 0 in this case
    exact Or.inl rfl
    
  -- Case 2: a is odd (a % 2 = 1)
  · -- If a is odd, then a = 2k + 1 for some integer k
    -- Then a² = (2k + 1)² = 4k² + 4k + 1 = 4(k² + k) + 1
    -- So a² ≡ 1 mod 4
    
    -- We can rewrite a using the fact that a % 2 = 1
    rw [← Int.emod_add_ediv a 2] at ha
    -- Now ha: a = 2 * (a / 2) + 1
    simp [ha]
    -- Now a is expressed as 2 * (a / 2) + 1
    
    -- Compute a²
    rw [pow_two]
    -- Now a² = (2 * (a / 2) + 1)²
    -- Expand the square
    rw [add_sq, mul_assoc]
    -- Now a² = 4*(a/2)² + 4*(a/2) + 1
    
    -- Taking mod 4 of this expression
    rw [Int.add_emod, Int.add_emod, Int.mul_emod, Int.mul_emod]
    -- Simplify each term mod 4
    simp [Int.emod_self]
    -- The first two terms become 0, leaving just 1 % 4 = 1
    norm_num
    -- Therefore a² % 4 = 1 in this case
    exact Or.inr rfl
2025-04-13 11:05:13 - INFO - ----------------------------------------
2025-04-13 11:05:13 - INFO - 
Detailed error repair report:
2025-04-13 11:05:13 - INFO - Original code error count: 2
❌ Fixed error 1/2: Could not generate fix for error at line 22 «rewrite_failed» (after 22.05s)
❌ Fixed error 2/2: Could not generate fix for error at line 47 «rewrite_failed» (after 22.04s)

=== Fix statistics ===
Original error count: 2
Fixed errors: 0 (Fix rate: 0.0000)
Failed errors: 2
Remaining errors: 2
Total time: 46.10 seconds

=== Failed fix details ===

Failed fix 1:
   Line: 22
   Error type: rewrite_failed
   Original error message: tactic 'rewrite' failed, did not find instance of the pattern in the target expression
  ?a * ?b * ?...
   Failure reason: Could not generate fix
   Time: 22.05 seconds

Failed fix 2:
   Line: 47
   Error type: rewrite_failed
   Original error message: tactic 'rewrite' failed, did not find instance of the pattern in the target expression
  (?a + ?b) ^...
   Failure reason: Could not generate fix
   Time: 22.04 seconds
2025-04-13 11:05:13 - INFO - 
Fixed code saved to: ./minif2f/lean_fixed/27_fixed.lean
2025-04-13 11:05:13 - INFO - JSON log saved to: ./minif2f/lean_fixed/27_fix_log.json
2025-04-13 11:05:13 - INFO - 
===== LOG FILE LOCATION =====
2025-04-13 11:05:13 - INFO - Detailed log file is available at: ./minif2f/lean_fixed/27.log
2025-04-13 11:05:13 - INFO - ===============================
