2025-04-13 10:42:46 - INFO - Log file initialized at 2025-04-13T10:42:46.879916
2025-04-13 10:42:46 - INFO - ===== LOG FILE LOCATION =====
2025-04-13 10:42:46 - INFO - Detailed log file created at: ./minif2f/lean_fixed/29.log
2025-04-13 10:42:46 - INFO - ===============================
2025-04-13 10:42:46 - INFO - Original code:
2025-04-13 10:42:46 - INFO - ----------------------------------------
2025-04-13 10:42:46 - INFO - import Mathlib
import Aesop

set_option maxHeartbeats 0  -- Disables the heartbeat limit to prevent timeout during execution

open BigOperators Real Nat Topology Rat  -- Opens various namespaces for mathematical notations

/-- 
Simplify (9 - 4i) - (-3 - 4i). Show that it is 12.
This theorem proves that the difference between two complex numbers q and e equals 12,
where q is defined as 9 - 4i and e is defined as -3 - 4i.
-/
theorem mathd_algebra_48 (q e : ℂ) (h₀ : q = 9 - 4 * Complex.I) (h₁ : e = -3 - 4 * Complex.I) :
  q - e = 12 := by
  -- First, we substitute the definitions of q and e from the hypotheses
  rw [h₀, h₁]  -- Rewrites q and e using their definitions in h₀ and h₁
  -- Now the goal becomes: (9 - 4*I) - (-3 - 4*I) = 12
  
  -- Next, we simplify the subtraction of complex numbers
  -- We distribute the subtraction operation
  simp only [sub_eq_add_neg]  -- Converts subtraction to addition of negative
  -- Goal becomes: (9 - 4*I) + -(-3 - 4*I) = 12
  
  -- Simplify the negation of the second complex number
  simp only [neg_sub]  -- Applies the property -(a - b) = -a + b
  -- Goal becomes: (9 - 4*I) + (3 + 4*I) = 12
  
  -- Now we remove the parentheses and regroup terms
  simp only [add_sub]  -- Distributes the addition over subtraction
  -- Goal becomes: 9 - 4*I + 3 + 4*I = 12
  
  -- Combine like terms (real parts and imaginary parts)
  ring  -- The 'ring' tactic solves goals in commutative rings by normalization
  -- This successfully simplifies the left side to 12, matching the right side
  
  -- No more goals left, so the proof is complete
2025-04-13 10:42:46 - INFO - ----------------------------------------
2025-04-13 10:42:46 - INFO - 
Checking original code for all errors...
2025-04-13 10:42:55 - INFO - Original code contains 1 errors:
2025-04-13 10:42:55 - INFO - Error 1: line 18, type: simp_failed, message: simp made no progress...
2025-04-13 10:42:55 - INFO - 
Starting multi-error continuous repair process...
2025-04-13 10:42:55 - INFO - 
===== Starting to fix all errors =====
2025-04-13 10:42:56 - INFO - 
Found 1 original errors:
2025-04-13 10:42:56 - INFO - Error 1: line 18, type: simp_failed, message: simp made no progress...
2025-04-13 10:42:56 - INFO - 
Trying to fix error 1/1: line 18, type: simp_failed
2025-04-13 10:42:56 - INFO - Error message: simp made no progress...
2025-04-13 10:42:56 - INFO - Removed header content, remaining 29 lines of code
2025-04-13 10:42:56 - INFO - Using specified target error line: 18
2025-04-13 10:42:57 - INFO - Found error at specified line: simp made no progress
2025-04-13 10:42:57 - INFO - Error at line 18: simp made no progress
2025-04-13 10:42:57 - INFO - 
==================================================
2025-04-13 10:42:57 - INFO - Code prepared, starting synthesis
2025-04-13 10:42:57 - INFO - Before part: /-- 
Simplify (9 - 4i) - (-3 - 4i). Show that it is 12.
This theorem proves that the difference between two complex numbers q and e equals 12,
where q is defined as 9 - 4i and e is defined as -3 - 4i.
-/
theorem mathd_algebra_48 (q e : ℂ) (h₀ : q = 9 - 4 * Complex.I) (h₁ : e = -3 - 4 * Complex.I) :
  q - e = 12 := by
  -- First, we substitute the definitions of q and e from the hypotheses
  rw [h₀, h₁]  -- Rewrites q and e using their definitions in h₀ and h₁
  -- Now the goal becomes: (9 - 4*I) - (-3 - 4*I) = 12
  
  -- Next, we simplify the subtraction of complex numbers
  -- We distribute the subtraction operation
  simp only [sub_eq_add_neg]  -- Converts subtraction to addition of negative
  -- Goal becomes: (9 - 4*I) + -(-3 - 4*I) = 12
  
  -- Simplify the negation of the second complex number
2025-04-13 10:42:57 - INFO - Error line:   simp only [neg_sub]  -- Applies the property -(a - b) = -a + b
2025-04-13 10:42:57 - INFO - After part: -- Goal becomes: (9 - 4*I) + (3 + 4*I) = 12
  
  -- Now we remove the parentheses and regroup terms
  simp only [add_sub]  -- Distributes the addition over subtraction
  -- Goal becomes: 9 - 4*I + 3 + 4*I = 12
  
  -- Combine like terms (real parts and imaginary parts)
  ring  -- The 'ring' tactic solves goals in commutative rings by normalization
  -- This successfully simplifies the left side to 12, matching the right side
  
  -- No more goals left, so the proof is complete
2025-04-13 10:42:57 - INFO - ==================================================

2025-04-13 10:42:58 - INFO - Testing fragment: rw [justaplaceholder]
2025-04-13 10:42:58 - INFO - Original error line:   simp only [neg_sub]  -- Applies the property -(a - b) = -a + b
2025-04-13 10:43:00 - INFO - Testing fix: Original errors: 1, Fixed errors: 2
2025-04-13 10:43:00 - INFO - Result: False (introduced 2 new errors)
2025-04-13 10:43:00 - DEBUG - === New errors detail ===
2025-04-13 10:43:00 - DEBUG - New Error 1: line 18, type: unknown_identifier, message: unknown identifier 'justaplaceholder'
2025-04-13 10:43:00 - DEBUG - New Error 2: line 18, type: rewrite_failed, message: tactic 'rewrite' failed, equality or iff proof expected
  ?m.702
q e : ℂ
h₀ : q = 9 - 4 * Complex.I
h₁ : e = -3 - 4 * Complex.I
⊢ 9 + -(4 * Complex.I) + -(-3 + -(4 * Complex.I)) = 12
2025-04-13 10:43:00 - INFO - Testing fragment: rw [<- justaplaceholder]
2025-04-13 10:43:00 - INFO - Original error line:   simp only [neg_sub]  -- Applies the property -(a - b) = -a + b
2025-04-13 10:43:02 - INFO - Testing fix: Original errors: 1, Fixed errors: 2
2025-04-13 10:43:02 - INFO - Result: False (introduced 2 new errors)
2025-04-13 10:43:02 - DEBUG - === New errors detail ===
2025-04-13 10:43:02 - DEBUG - New Error 1: line 18, type: unknown_identifier, message: unknown identifier 'justaplaceholder'
2025-04-13 10:43:02 - DEBUG - New Error 2: line 18, type: rewrite_failed, message: tactic 'rewrite' failed, equality or iff proof expected
  ?m.702
q e : ℂ
h₀ : q = 9 - 4 * Complex.I
h₁ : e = -3 - 4 * Complex.I
⊢ 9 + -(4 * Complex.I) + -(-3 + -(4 * Complex.I)) = 12
2025-04-13 10:43:02 - INFO - Testing fragment: simp
2025-04-13 10:43:02 - INFO - Original error line:   simp only [neg_sub]  -- Applies the property -(a - b) = -a + b
2025-04-13 10:43:04 - INFO - Testing fix: Original errors: 1, Fixed errors: 1
2025-04-13 10:43:04 - INFO - Result: False (introduced 1 new errors)
2025-04-13 10:43:04 - DEBUG - === New errors detail ===
2025-04-13 10:43:04 - DEBUG - New Error 1: line 22, type: simp_failed, message: simp made no progress
2025-04-13 10:43:04 - INFO - Testing fragment: field_simp
2025-04-13 10:43:04 - INFO - Original error line:   simp only [neg_sub]  -- Applies the property -(a - b) = -a + b
2025-04-13 10:43:06 - INFO - Testing fix: Original errors: 1, Fixed errors: 1
2025-04-13 10:43:06 - INFO - Result: False (introduced 1 new errors)
2025-04-13 10:43:06 - DEBUG - === New errors detail ===
2025-04-13 10:43:06 - DEBUG - New Error 1: line 22, type: simp_failed, message: simp made no progress
2025-04-13 10:43:06 - INFO - Testing fragment: norm_num
2025-04-13 10:43:06 - INFO - Original error line:   simp only [neg_sub]  -- Applies the property -(a - b) = -a + b
2025-04-13 10:43:08 - INFO - Testing fix: Original errors: 1, Fixed errors: 1
2025-04-13 10:43:08 - INFO - Result: False (introduced 1 new errors)
2025-04-13 10:43:08 - DEBUG - === New errors detail ===
2025-04-13 10:43:08 - DEBUG - New Error 1: line 22, type: simp_failed, message: simp made no progress
2025-04-13 10:43:08 - INFO - Testing fragment: ring
2025-04-13 10:43:08 - INFO - Original error line:   simp only [neg_sub]  -- Applies the property -(a - b) = -a + b
2025-04-13 10:43:10 - INFO - Testing fix: Original errors: 1, Fixed errors: 1
2025-04-13 10:43:10 - INFO - Result: False (introduced 1 new errors)
2025-04-13 10:43:10 - DEBUG - === New errors detail ===
2025-04-13 10:43:10 - DEBUG - New Error 1: line 22, type: no_goals_to_solve, message: no goals to be solved
2025-04-13 10:43:10 - INFO - Testing fragment: ring_nf
2025-04-13 10:43:10 - INFO - Original error line:   simp only [neg_sub]  -- Applies the property -(a - b) = -a + b
2025-04-13 10:43:12 - INFO - Testing fix: Original errors: 1, Fixed errors: 1
2025-04-13 10:43:12 - INFO - Result: False (introduced 1 new errors)
2025-04-13 10:43:12 - DEBUG - === New errors detail ===
2025-04-13 10:43:12 - DEBUG - New Error 1: line 22, type: no_goals_to_solve, message: no goals to be solved
2025-04-13 10:43:12 - INFO - Testing fragment: omega
2025-04-13 10:43:12 - INFO - Original error line:   simp only [neg_sub]  -- Applies the property -(a - b) = -a + b
2025-04-13 10:43:14 - INFO - Testing fix: Original errors: 1, Fixed errors: 1
2025-04-13 10:43:14 - INFO - Result: False (introduced 1 new errors)
2025-04-13 10:43:14 - DEBUG - === New errors detail ===
2025-04-13 10:43:14 - DEBUG - New Error 1: line 18, type: other_error, message: omega could not prove the goal:
No usable constraints found. You may need to unfold definitions so `omega` can see linear arithmetic facts about `Nat` and `Int`, which may also involve multiplication, division, and modular remainder by constants.
2025-04-13 10:43:14 - INFO - Testing fragment: linarith
2025-04-13 10:43:14 - INFO - Original error line:   simp only [neg_sub]  -- Applies the property -(a - b) = -a + b
2025-04-13 10:43:16 - INFO - Testing fix: Original errors: 1, Fixed errors: 1
2025-04-13 10:43:16 - INFO - Result: False (introduced 1 new errors)
2025-04-13 10:43:16 - DEBUG - === New errors detail ===
2025-04-13 10:43:16 - DEBUG - New Error 1: line 18, type: failed_to_synthesize, message: failed to synthesize
  LinearOrder ℂ
use `set_option diagnostics true` to get diagnostic information
2025-04-13 10:43:16 - INFO - Testing fragment: nlinarith
2025-04-13 10:43:16 - INFO - Original error line:   simp only [neg_sub]  -- Applies the property -(a - b) = -a + b
2025-04-13 10:43:18 - INFO - Testing fix: Original errors: 1, Fixed errors: 1
2025-04-13 10:43:18 - INFO - Result: False (introduced 1 new errors)
2025-04-13 10:43:18 - DEBUG - === New errors detail ===
2025-04-13 10:43:18 - DEBUG - New Error 1: line 18, type: failed_to_synthesize, message: failed to synthesize
  LinearOrder ℂ
use `set_option diagnostics true` to get diagnostic information
2025-04-13 10:43:18 - INFO - Failed attempt time: 22.05 seconds
2025-04-13 10:43:18 - INFO - ❌ Could not generate fix for error at line 18
2025-04-13 10:43:19 - INFO - 
===== Fix attempt completed =====
2025-04-13 10:43:19 - INFO - Original errors: 1
2025-04-13 10:43:19 - INFO - Fixed errors: 0
2025-04-13 10:43:19 - INFO - Failed errors: 1
2025-04-13 10:43:19 - INFO - Remaining errors: 1
2025-04-13 10:43:19 - INFO - Total time: 24.05 seconds
2025-04-13 10:43:19 - INFO - 
Final fixed code:
2025-04-13 10:43:19 - INFO - ----------------------------------------
2025-04-13 10:43:19 - INFO - /-- 
Simplify (9 - 4i) - (-3 - 4i). Show that it is 12.
This theorem proves that the difference between two complex numbers q and e equals 12,
where q is defined as 9 - 4i and e is defined as -3 - 4i.
-/
theorem mathd_algebra_48 (q e : ℂ) (h₀ : q = 9 - 4 * Complex.I) (h₁ : e = -3 - 4 * Complex.I) :
  q - e = 12 := by
  -- First, we substitute the definitions of q and e from the hypotheses
  rw [h₀, h₁]  -- Rewrites q and e using their definitions in h₀ and h₁
  -- Now the goal becomes: (9 - 4*I) - (-3 - 4*I) = 12
  
  -- Next, we simplify the subtraction of complex numbers
  -- We distribute the subtraction operation
  simp only [sub_eq_add_neg]  -- Converts subtraction to addition of negative
  -- Goal becomes: (9 - 4*I) + -(-3 - 4*I) = 12
  
  -- Simplify the negation of the second complex number
  simp only [neg_sub]  -- Applies the property -(a - b) = -a + b
  -- Goal becomes: (9 - 4*I) + (3 + 4*I) = 12
  
  -- Now we remove the parentheses and regroup terms
  simp only [add_sub]  -- Distributes the addition over subtraction
  -- Goal becomes: 9 - 4*I + 3 + 4*I = 12
  
  -- Combine like terms (real parts and imaginary parts)
  ring  -- The 'ring' tactic solves goals in commutative rings by normalization
  -- This successfully simplifies the left side to 12, matching the right side
  
  -- No more goals left, so the proof is complete
2025-04-13 10:43:19 - INFO - ----------------------------------------
2025-04-13 10:43:19 - INFO - 
Detailed error repair report:
2025-04-13 10:43:19 - INFO - Original code error count: 1
❌ Fixed error 1/1: Could not generate fix for error at line 18 «simp_failed» (after 22.05s)

=== Fix statistics ===
Original error count: 1
Fixed errors: 0 (Fix rate: 0.0000)
Failed errors: 1
Remaining errors: 1
Total time: 24.05 seconds

=== Failed fix details ===

Failed fix 1:
   Line: 18
   Error type: simp_failed
   Original error message: simp made no progress...
   Failure reason: Could not generate fix
   Time: 22.05 seconds
2025-04-13 10:43:19 - INFO - 
Fixed code saved to: ./minif2f/lean_fixed/29_fixed.lean
2025-04-13 10:43:19 - INFO - JSON log saved to: ./minif2f/lean_fixed/29_fix_log.json
2025-04-13 10:43:19 - INFO - 
===== LOG FILE LOCATION =====
2025-04-13 10:43:19 - INFO - Detailed log file is available at: ./minif2f/lean_fixed/29.log
2025-04-13 10:43:19 - INFO - ===============================
