2025-04-13 11:00:53 - INFO - Log file initialized at 2025-04-13T11:00:53.151727
2025-04-13 11:00:53 - INFO - ===== LOG FILE LOCATION =====
2025-04-13 11:00:53 - INFO - Detailed log file created at: ./minif2f/lean_fixed/3.log
2025-04-13 11:00:53 - INFO - ===============================
2025-04-13 11:00:53 - INFO - Original code:
2025-04-13 11:00:53 - INFO - ----------------------------------------
2025-04-13 11:00:53 - INFO - import Mathlib
import Aesop

set_option maxHeartbeats 0

open BigOperators Real Nat Topology Rat

/-- 
What is the volume of a cube whose surface area is twice that of a cube with volume 1? 

$\mathrm{(A)}\ \sqrt{2}\qquad\mathrm{(B)}\ 2\qquad\mathrm{(C)}\ 2\sqrt{2}\qquad\mathrm{(D)}\ 4\qquad\mathrm{(E)}\ 8$ 
Show that it is \mathrm{(C)}.

Proof outline:
1. Let y be the side length of the original cube (volume = 1)
2. Compute y from the volume equation y³ = 1
3. Compute the surface area of original cube: 6y²
4. The new cube has surface area twice this: 2*(6y²) = 12y²
5. Let x be the side length of the new cube
6. Set up equation for new cube's surface area: 6x² = 12y²
7. Solve for x in terms of y
8. Compute volume of new cube: x³
9. Show this equals 2√2
-/
theorem amc12a_2008_p8 (x y : ℝ) (h₀ : 0 < x ∧ 0 < y) (h₁ : y ^ 3 = 1)
  (h₂ : 6 * x ^ 2 = 2 * (6 * y ^ 2)) : x ^ 3 = 2 * Real.sqrt 2 := by
  -- First, simplify the surface area equation h₂ by dividing both sides by 6
  have h₃ : x ^ 2 = 2 * y ^ 2 := by
    rw [mul_assoc, mul_comm] at h₂  -- Rewrite RHS to 2*6*y²
    rw [mul_right_inj' (by norm_num : 6 ≠ 0)] at h₂  -- Divide both sides by 6
    exact h₂
  
  -- From the volume of the original cube (y³ = 1), we get y = 1
  have h₄ : y = 1 := by
    exact (eq_one_of_pow_eq_one (by linarith [h₀.2]) (by norm_num) h₁).symm
  
  -- Substitute y = 1 into the simplified equation x² = 2y²
  have h₅ : x ^ 2 = 2 := by
    rw [h₄, pow_two, mul_one] at h₃
    exact h₃
  
  -- Since x > 0, we can take square root of both sides to get x = √2
  have h₆ : x = Real.sqrt 2 := by
    exact (sqrt_eq_iff_sq_eq (by linarith [h₀.1]) (by linarith)).mpr h₅
  
  -- Now compute x³ = (√2)³ = (√2)² * √2 = 2 * √2
  rw [h₆, ← pow_three_sqrt_two]
  
  -- Helper lemma to show (√2)³ = 2 * √2
  have pow_three_sqrt_two : (Real.sqrt 2) ^ 3 = 2 * Real.sqrt 2 := by
    rw [pow_succ, pow_two, Real.mul_self_sqrt (by norm_num)]
    ring
  
  -- Apply the helper lemma to complete the proof
  exact pow_three_sqrt_two
2025-04-13 11:00:53 - INFO - ----------------------------------------
2025-04-13 11:00:53 - INFO - 
Checking original code for all errors...
2025-04-13 11:04:27 - INFO - Original code contains 6 errors:
2025-04-13 11:04:27 - INFO - Error 1: line 22, type: rewrite_failed, message: tactic 'rewrite' failed, did not find instance of the pattern in the target expression
  ?a * ?b * ?...
2025-04-13 11:04:27 - INFO - Error 2: line 28, type: unknown_identifier, message: unknown identifier 'eq_one_of_pow_eq_one'...
2025-04-13 11:04:27 - INFO - Error 3: line 32, type: rewrite_failed, message: tactic 'rewrite' failed, did not find instance of the pattern in the target expression
  ?a * 1
x y ...
2025-04-13 11:04:27 - INFO - Error 4: line 37, type: type_mismatch, message: type mismatch
  (sqrt_eq_iff_sq_eq
        (le_of_not_gt fun a =>
          Linarith.lt_irrefl
     ...
2025-04-13 11:04:27 - INFO - Error 5: line 40, type: unknown_identifier, message: unknown identifier 'pow_three_sqrt_two'...
2025-04-13 11:04:27 - INFO - Error 6: line 40, type: rewrite_failed, message: tactic 'rewrite' failed, equality or iff proof expected
  ?m.4524
x y : ℝ
h₀ : 0 < x ∧ 0 < y
h₁ : y ...
2025-04-13 11:04:27 - INFO - 
Starting multi-error continuous repair process...
2025-04-13 11:04:27 - INFO - 
===== Starting to fix all errors =====
2025-04-13 11:04:28 - INFO - 
Found 6 original errors:
2025-04-13 11:04:28 - INFO - Error 1: line 22, type: rewrite_failed, message: tactic 'rewrite' failed, did not find instance of the pattern in the target expression
  ?a * ?b * ?...
2025-04-13 11:04:28 - INFO - Error 2: line 28, type: unknown_identifier, message: unknown identifier 'eq_one_of_pow_eq_one'...
2025-04-13 11:04:28 - INFO - Error 3: line 32, type: rewrite_failed, message: tactic 'rewrite' failed, did not find instance of the pattern in the target expression
  ?a * 1
x y ...
2025-04-13 11:04:28 - INFO - Error 4: line 37, type: type_mismatch, message: type mismatch
  (sqrt_eq_iff_sq_eq
        (le_of_not_gt fun a =>
          Linarith.lt_irrefl
     ...
2025-04-13 11:04:28 - INFO - Error 5: line 40, type: unknown_identifier, message: unknown identifier 'pow_three_sqrt_two'...
2025-04-13 11:04:28 - INFO - Error 6: line 40, type: rewrite_failed, message: tactic 'rewrite' failed, equality or iff proof expected
  ?m.4524
x y : ℝ
h₀ : 0 < x ∧ 0 < y
h₁ : y ...
2025-04-13 11:04:28 - INFO - 
Trying to fix error 1/6: line 22, type: rewrite_failed
2025-04-13 11:04:28 - INFO - Error message: tactic 'rewrite' failed, did not find instance of the pattern in the target expression
  ?a * ?b * ?...
2025-04-13 11:04:28 - INFO - Removed header content, remaining 48 lines of code
2025-04-13 11:04:28 - INFO - Using specified target error line: 22
2025-04-13 11:04:29 - INFO - Found error at specified line: tactic 'rewrite' failed, did not find instance of the pattern in the target expression
  ?a * ?b * ?c
x y : ℝ
h₀ : 0 < x ∧ 0 < y
h₁ : y ^ 3 = 1
h₂ : 6 * x ^ 2 = 2 * (6 * y ^ 2)
⊢ x ^ 2 = 2 * y ^ 2
2025-04-13 11:04:29 - INFO - Error at line 22: tactic 'rewrite' failed, did not find instance of the pattern in the target expression
  ?a * ?b * ?c
x y : ℝ
h₀ : 0 < x ∧ 0 < y
h₁ : y ^ 3 = 1
h₂ : 6 * x ^ 2 = 2 * (6 * y ^ 2)
⊢ x ^ 2 = 2 * y ^ 2
2025-04-13 11:04:29 - INFO - 
==================================================
2025-04-13 11:04:29 - INFO - Code prepared, starting synthesis
2025-04-13 11:04:29 - INFO - Before part: /-- 
What is the volume of a cube whose surface area is twice that of a cube with volume 1? 

$\mathrm{(A)}\ \sqrt{2}\qquad\mathrm{(B)}\ 2\qquad\mathrm{(C)}\ 2\sqrt{2}\qquad\mathrm{(D)}\ 4\qquad\mathrm{(E)}\ 8$ 
Show that it is \mathrm{(C)}.

Proof outline:
1. Let y be the side length of the original cube (volume = 1)
2. Compute y from the volume equation y³ = 1
3. Compute the surface area of original cube: 6y²
4. The new cube has surface area twice this: 2*(6y²) = 12y²
5. Let x be the side length of the new cube
6. Set up equation for new cube's surface area: 6x² = 12y²
7. Solve for x in terms of y
8. Compute volume of new cube: x³
9. Show this equals 2√2
-/
theorem amc12a_2008_p8 (x y : ℝ) (h₀ : 0 < x ∧ 0 < y) (h₁ : y ^ 3 = 1)
  (h₂ : 6 * x ^ 2 = 2 * (6 * y ^ 2)) : x ^ 3 = 2 * Real.sqrt 2 := by
  -- First, simplify the surface area equation h₂ by dividing both sides by 6
  have h₃ : x ^ 2 = 2 * y ^ 2 := by
2025-04-13 11:04:29 - INFO - Error line:     rw [mul_assoc, mul_comm] at h₂  -- Rewrite RHS to 2*6*y²
2025-04-13 11:04:29 - INFO - After part: rw [mul_right_inj' (by norm_num : 6 ≠ 0)] at h₂  -- Divide both sides by 6
    exact h₂
  
  -- From the volume of the original cube (y³ = 1), we get y = 1
  have h₄ : y = 1 := by
    exact (eq_one_of_pow_eq_one (by linarith [h₀.2]) (by norm_num) h₁).symm
  
  -- Substitute y = 1 into the simplified equation x² = 2y²
  have h₅ : x ^ 2 = 2 := by
    rw [h₄, pow_two, mul_one] at h₃
    exact h₃
  
  -- Since x > 0, we can take square root of both sides to get x = √2
  have h₆ : x = Real.sqrt 2 := by
    exact (sqrt_eq_iff_sq_eq (by linarith [h₀.1]) (by linarith)).mpr h₅
  
  -- Now compute x³ = (√2)³ = (√2)² * √2 = 2 * √2
  rw [h₆, ← pow_three_sqrt_two]
  
  -- Helper lemma to show (√2)³ = 2 * √2
  have pow_three_sqrt_two : (Real.sqrt 2) ^ 3 = 2 * Real.sqrt 2 := by
    rw [pow_succ, pow_two, Real.mul_self_sqrt (by norm_num)]
    ring
  
  -- Apply the helper lemma to complete the proof
  exact pow_three_sqrt_two
2025-04-13 11:04:29 - INFO - ==================================================

2025-04-13 11:04:30 - INFO - Testing fragment: rw [justaplaceholder]
2025-04-13 11:04:30 - INFO - Original error line:     rw [mul_assoc, mul_comm] at h₂  -- Rewrite RHS to 2*6*y²
2025-04-13 11:04:32 - INFO - Testing fix: Original errors: 6, Fixed errors: 7
2025-04-13 11:04:32 - INFO - Result: False (introduced 2 new errors)
2025-04-13 11:04:32 - DEBUG - === New errors detail ===
2025-04-13 11:04:32 - DEBUG - New Error 1: line 22, type: unknown_identifier, message: unknown identifier 'justaplaceholder'
2025-04-13 11:04:32 - DEBUG - New Error 2: line 22, type: rewrite_failed, message: tactic 'rewrite' failed, equality or iff proof expected
  ?m.2062
x y : ℝ
h₀ : 0 < x ∧ 0 < y
h₁ : y ^ 3 = 1
h₂ : 6 * x ^ 2 = 2 * (6 * y ^ 2)
⊢ x ^ 2 = 2 * y ^ 2
2025-04-13 11:04:32 - INFO - Testing fragment: rw [<- justaplaceholder]
2025-04-13 11:04:32 - INFO - Original error line:     rw [mul_assoc, mul_comm] at h₂  -- Rewrite RHS to 2*6*y²
2025-04-13 11:04:34 - INFO - Testing fix: Original errors: 6, Fixed errors: 7
2025-04-13 11:04:34 - INFO - Result: False (introduced 2 new errors)
2025-04-13 11:04:34 - DEBUG - === New errors detail ===
2025-04-13 11:04:34 - DEBUG - New Error 1: line 22, type: unknown_identifier, message: unknown identifier 'justaplaceholder'
2025-04-13 11:04:34 - DEBUG - New Error 2: line 22, type: rewrite_failed, message: tactic 'rewrite' failed, equality or iff proof expected
  ?m.2062
x y : ℝ
h₀ : 0 < x ∧ 0 < y
h₁ : y ^ 3 = 1
h₂ : 6 * x ^ 2 = 2 * (6 * y ^ 2)
⊢ x ^ 2 = 2 * y ^ 2
2025-04-13 11:04:34 - INFO - Testing fragment: simp
2025-04-13 11:04:34 - INFO - Original error line:     rw [mul_assoc, mul_comm] at h₂  -- Rewrite RHS to 2*6*y²
2025-04-13 11:04:36 - INFO - Testing fix: Original errors: 6, Fixed errors: 6
2025-04-13 11:04:36 - INFO - Result: False (introduced 1 new errors)
2025-04-13 11:04:36 - DEBUG - === New errors detail ===
2025-04-13 11:04:36 - DEBUG - New Error 1: line 22, type: simp_failed, message: simp made no progress
2025-04-13 11:04:36 - INFO - Testing fragment: field_simp
2025-04-13 11:04:36 - INFO - Original error line:     rw [mul_assoc, mul_comm] at h₂  -- Rewrite RHS to 2*6*y²
2025-04-13 11:04:38 - INFO - Testing fix: Original errors: 6, Fixed errors: 6
2025-04-13 11:04:38 - INFO - Result: False (introduced 1 new errors)
2025-04-13 11:04:38 - DEBUG - === New errors detail ===
2025-04-13 11:04:38 - DEBUG - New Error 1: line 22, type: simp_failed, message: simp made no progress
2025-04-13 11:04:38 - INFO - Testing fragment: norm_num
2025-04-13 11:04:38 - INFO - Original error line:     rw [mul_assoc, mul_comm] at h₂  -- Rewrite RHS to 2*6*y²
2025-04-13 11:04:40 - INFO - Testing fix: Original errors: 6, Fixed errors: 6
2025-04-13 11:04:40 - INFO - Result: False (introduced 1 new errors)
2025-04-13 11:04:40 - DEBUG - === New errors detail ===
2025-04-13 11:04:40 - DEBUG - New Error 1: line 23, type: rewrite_failed, message: tactic 'rewrite' failed, did not find instance of the pattern in the target expression
  6 * ?m.2724 = 6 * ?m.2725
x y : ℝ
h₀ : 0 < x ∧ 0 < y
h₁ : y ^ 3 = 1
h₂ : 6 * x ^ 2 = 2 * (6 * y ^ 2)
⊢ x ^ 2 = 2 * y ^ 2
2025-04-13 11:04:40 - INFO - Testing fragment: ring
2025-04-13 11:04:40 - INFO - Original error line:     rw [mul_assoc, mul_comm] at h₂  -- Rewrite RHS to 2*6*y²
2025-04-13 11:04:42 - INFO - Testing fix: Original errors: 6, Fixed errors: 7
2025-04-13 11:04:42 - INFO - Result: False (introduced 2 new errors)
2025-04-13 11:04:42 - DEBUG - === New errors detail ===
2025-04-13 11:04:42 - DEBUG - New Error 1: line 22, type: ring_failed, message: Try this: ring_nf
2025-04-13 11:04:42 - DEBUG - New Error 2: line 23, type: rewrite_failed, message: tactic 'rewrite' failed, did not find instance of the pattern in the target expression
  6 * ?m.3463 = 6 * ?m.3464
x y : ℝ
h₀ : 0 < x ∧ 0 < y
h₁ : y ^ 3 = 1
h₂ : 6 * x ^ 2 = 2 * (6 * y ^ 2)
⊢ x ^ 2 = y ^ 2 * 2
2025-04-13 11:04:42 - INFO - Testing fragment: ring_nf
2025-04-13 11:04:42 - INFO - Original error line:     rw [mul_assoc, mul_comm] at h₂  -- Rewrite RHS to 2*6*y²
2025-04-13 11:04:44 - INFO - Testing fix: Original errors: 6, Fixed errors: 6
2025-04-13 11:04:44 - INFO - Result: False (introduced 1 new errors)
2025-04-13 11:04:44 - DEBUG - === New errors detail ===
2025-04-13 11:04:44 - DEBUG - New Error 1: line 23, type: rewrite_failed, message: tactic 'rewrite' failed, did not find instance of the pattern in the target expression
  6 * ?m.3255 = 6 * ?m.3256
x y : ℝ
h₀ : 0 < x ∧ 0 < y
h₁ : y ^ 3 = 1
h₂ : 6 * x ^ 2 = 2 * (6 * y ^ 2)
⊢ x ^ 2 = y ^ 2 * 2
2025-04-13 11:04:44 - INFO - Testing fragment: omega
2025-04-13 11:04:44 - INFO - Original error line:     rw [mul_assoc, mul_comm] at h₂  -- Rewrite RHS to 2*6*y²
2025-04-13 11:04:46 - INFO - Testing fix: Original errors: 6, Fixed errors: 6
2025-04-13 11:04:46 - INFO - Result: False (introduced 1 new errors)
2025-04-13 11:04:46 - DEBUG - === New errors detail ===
2025-04-13 11:04:46 - DEBUG - New Error 1: line 22, type: other_error, message: omega could not prove the goal:
No usable constraints found. You may need to unfold definitions so `omega` can see linear arithmetic facts about `Nat` and `Int`, which may also involve multiplication, division, and modular remainder by constants.
2025-04-13 11:04:46 - INFO - Testing fragment: linarith
2025-04-13 11:04:46 - INFO - Original error line:     rw [mul_assoc, mul_comm] at h₂  -- Rewrite RHS to 2*6*y²
2025-04-13 11:04:48 - INFO - Testing fix: Original errors: 6, Fixed errors: 6
2025-04-13 11:04:48 - INFO - Result: False (introduced 1 new errors)
2025-04-13 11:04:48 - DEBUG - === New errors detail ===
2025-04-13 11:04:48 - DEBUG - New Error 1: line 23, type: no_goals_to_solve, message: no goals to be solved
2025-04-13 11:04:48 - INFO - Testing fragment: nlinarith
2025-04-13 11:04:48 - INFO - Original error line:     rw [mul_assoc, mul_comm] at h₂  -- Rewrite RHS to 2*6*y²
2025-04-13 11:04:50 - INFO - Testing fix: Original errors: 6, Fixed errors: 6
2025-04-13 11:04:50 - INFO - Result: False (introduced 1 new errors)
2025-04-13 11:04:50 - DEBUG - === New errors detail ===
2025-04-13 11:04:50 - DEBUG - New Error 1: line 23, type: no_goals_to_solve, message: no goals to be solved
2025-04-13 11:04:50 - INFO - Failed attempt time: 22.05 seconds
2025-04-13 11:04:50 - INFO - ❌ Could not generate fix for error at line 22
2025-04-13 11:04:50 - INFO - 
Trying to fix error 2/6: line 28, type: unknown_identifier
2025-04-13 11:04:50 - INFO - Error message: unknown identifier 'eq_one_of_pow_eq_one'...
2025-04-13 11:04:50 - INFO - Removed header content, remaining 48 lines of code
2025-04-13 11:04:50 - INFO - Using specified target error line: 28
2025-04-13 11:04:51 - INFO - Found error at specified line: unknown identifier 'eq_one_of_pow_eq_one'
2025-04-13 11:04:51 - INFO - Error at line 28: unknown identifier 'eq_one_of_pow_eq_one'
2025-04-13 11:04:51 - INFO - 
==================================================
2025-04-13 11:04:51 - INFO - Code prepared, starting synthesis
2025-04-13 11:04:51 - INFO - Before part: /-- 
What is the volume of a cube whose surface area is twice that of a cube with volume 1? 

$\mathrm{(A)}\ \sqrt{2}\qquad\mathrm{(B)}\ 2\qquad\mathrm{(C)}\ 2\sqrt{2}\qquad\mathrm{(D)}\ 4\qquad\mathrm{(E)}\ 8$ 
Show that it is \mathrm{(C)}.

Proof outline:
1. Let y be the side length of the original cube (volume = 1)
2. Compute y from the volume equation y³ = 1
3. Compute the surface area of original cube: 6y²
4. The new cube has surface area twice this: 2*(6y²) = 12y²
5. Let x be the side length of the new cube
6. Set up equation for new cube's surface area: 6x² = 12y²
7. Solve for x in terms of y
8. Compute volume of new cube: x³
9. Show this equals 2√2
-/
theorem amc12a_2008_p8 (x y : ℝ) (h₀ : 0 < x ∧ 0 < y) (h₁ : y ^ 3 = 1)
  (h₂ : 6 * x ^ 2 = 2 * (6 * y ^ 2)) : x ^ 3 = 2 * Real.sqrt 2 := by
  -- First, simplify the surface area equation h₂ by dividing both sides by 6
  have h₃ : x ^ 2 = 2 * y ^ 2 := by
    rw [mul_assoc, mul_comm] at h₂  -- Rewrite RHS to 2*6*y²
    rw [mul_right_inj' (by norm_num : 6 ≠ 0)] at h₂  -- Divide both sides by 6
    exact h₂
  
  -- From the volume of the original cube (y³ = 1), we get y = 1
  have h₄ : y = 1 := by
2025-04-13 11:04:51 - INFO - Error line:     exact (eq_one_of_pow_eq_one (by linarith [h₀.2]) (by norm_num) h₁).symm
2025-04-13 11:04:51 - INFO - After part: -- Substitute y = 1 into the simplified equation x² = 2y²
  have h₅ : x ^ 2 = 2 := by
    rw [h₄, pow_two, mul_one] at h₃
    exact h₃
  
  -- Since x > 0, we can take square root of both sides to get x = √2
  have h₆ : x = Real.sqrt 2 := by
    exact (sqrt_eq_iff_sq_eq (by linarith [h₀.1]) (by linarith)).mpr h₅
  
  -- Now compute x³ = (√2)³ = (√2)² * √2 = 2 * √2
  rw [h₆, ← pow_three_sqrt_two]
  
  -- Helper lemma to show (√2)³ = 2 * √2
  have pow_three_sqrt_two : (Real.sqrt 2) ^ 3 = 2 * Real.sqrt 2 := by
    rw [pow_succ, pow_two, Real.mul_self_sqrt (by norm_num)]
    ring
  
  -- Apply the helper lemma to complete the proof
  exact pow_three_sqrt_two
2025-04-13 11:04:51 - INFO - ==================================================

2025-04-13 11:04:52 - INFO - Testing fragment: rw [justaplaceholder]
2025-04-13 11:04:52 - INFO - Original error line:     exact (eq_one_of_pow_eq_one (by linarith [h₀.2]) (by norm_num) h₁).symm
2025-04-13 11:04:54 - INFO - Testing fix: Original errors: 6, Fixed errors: 6
2025-04-13 11:04:54 - INFO - Target error not fixed: unknown identifier 'eq_one_of_pow_eq_one'...
2025-04-13 11:04:54 - INFO - Result: False (target error not fixed)
2025-04-13 11:04:54 - INFO - Testing fragment: rw [<- justaplaceholder]
2025-04-13 11:04:54 - INFO - Original error line:     exact (eq_one_of_pow_eq_one (by linarith [h₀.2]) (by norm_num) h₁).symm
2025-04-13 11:04:56 - INFO - Testing fix: Original errors: 6, Fixed errors: 6
2025-04-13 11:04:56 - INFO - Target error not fixed: unknown identifier 'eq_one_of_pow_eq_one'...
2025-04-13 11:04:56 - INFO - Result: False (target error not fixed)
2025-04-13 11:04:56 - INFO - Testing fragment: simp
2025-04-13 11:04:56 - INFO - Original error line:     exact (eq_one_of_pow_eq_one (by linarith [h₀.2]) (by norm_num) h₁).symm
2025-04-13 11:04:58 - INFO - Testing fix: Original errors: 6, Fixed errors: 6
2025-04-13 11:04:58 - INFO - Target error not fixed: unknown identifier 'eq_one_of_pow_eq_one'...
2025-04-13 11:04:58 - INFO - Result: False (target error not fixed)
2025-04-13 11:04:58 - INFO - Testing fragment: field_simp
2025-04-13 11:04:58 - INFO - Original error line:     exact (eq_one_of_pow_eq_one (by linarith [h₀.2]) (by norm_num) h₁).symm
2025-04-13 11:05:00 - INFO - Testing fix: Original errors: 6, Fixed errors: 6
2025-04-13 11:05:00 - INFO - Target error not fixed: unknown identifier 'eq_one_of_pow_eq_one'...
2025-04-13 11:05:00 - INFO - Result: False (target error not fixed)
2025-04-13 11:05:00 - INFO - Testing fragment: norm_num
2025-04-13 11:05:00 - INFO - Original error line:     exact (eq_one_of_pow_eq_one (by linarith [h₀.2]) (by norm_num) h₁).symm
2025-04-13 11:05:02 - INFO - Testing fix: Original errors: 6, Fixed errors: 6
2025-04-13 11:05:02 - INFO - Target error not fixed: unknown identifier 'eq_one_of_pow_eq_one'...
2025-04-13 11:05:02 - INFO - Result: False (target error not fixed)
2025-04-13 11:05:02 - INFO - Testing fragment: ring
2025-04-13 11:05:02 - INFO - Original error line:     exact (eq_one_of_pow_eq_one (by linarith [h₀.2]) (by norm_num) h₁).symm
2025-04-13 11:05:04 - INFO - Testing fix: Original errors: 6, Fixed errors: 6
2025-04-13 11:05:04 - INFO - Target error not fixed: unknown identifier 'eq_one_of_pow_eq_one'...
2025-04-13 11:05:04 - INFO - Result: False (target error not fixed)
2025-04-13 11:05:04 - INFO - Testing fragment: ring_nf
2025-04-13 11:05:04 - INFO - Original error line:     exact (eq_one_of_pow_eq_one (by linarith [h₀.2]) (by norm_num) h₁).symm
2025-04-13 11:05:06 - INFO - Testing fix: Original errors: 6, Fixed errors: 6
2025-04-13 11:05:06 - INFO - Target error not fixed: unknown identifier 'eq_one_of_pow_eq_one'...
2025-04-13 11:05:06 - INFO - Result: False (target error not fixed)
2025-04-13 11:05:06 - INFO - Testing fragment: omega
2025-04-13 11:05:06 - INFO - Original error line:     exact (eq_one_of_pow_eq_one (by linarith [h₀.2]) (by norm_num) h₁).symm
2025-04-13 11:05:08 - INFO - Testing fix: Original errors: 6, Fixed errors: 6
2025-04-13 11:05:08 - INFO - Target error not fixed: unknown identifier 'eq_one_of_pow_eq_one'...
2025-04-13 11:05:08 - INFO - Result: False (target error not fixed)
2025-04-13 11:05:08 - INFO - Testing fragment: linarith
2025-04-13 11:05:08 - INFO - Original error line:     exact (eq_one_of_pow_eq_one (by linarith [h₀.2]) (by norm_num) h₁).symm
2025-04-13 11:05:10 - INFO - Testing fix: Original errors: 6, Fixed errors: 6
2025-04-13 11:05:10 - INFO - Target error not fixed: unknown identifier 'eq_one_of_pow_eq_one'...
2025-04-13 11:05:10 - INFO - Result: False (target error not fixed)
2025-04-13 11:05:10 - INFO - Testing fragment: nlinarith
2025-04-13 11:05:10 - INFO - Original error line:     exact (eq_one_of_pow_eq_one (by linarith [h₀.2]) (by norm_num) h₁).symm
2025-04-13 11:05:12 - INFO - Testing fix: Original errors: 6, Fixed errors: 6
2025-04-13 11:05:12 - INFO - Target error not fixed: unknown identifier 'eq_one_of_pow_eq_one'...
2025-04-13 11:05:12 - INFO - Result: False (target error not fixed)
2025-04-13 11:05:12 - INFO - Failed attempt time: 22.05 seconds
2025-04-13 11:05:12 - INFO - ❌ Could not generate fix for error at line 28
2025-04-13 11:05:12 - INFO - 
Trying to fix error 3/6: line 32, type: rewrite_failed
2025-04-13 11:05:12 - INFO - Error message: tactic 'rewrite' failed, did not find instance of the pattern in the target expression
  ?a * 1
x y ...
2025-04-13 11:05:12 - INFO - Removed header content, remaining 48 lines of code
2025-04-13 11:05:12 - INFO - Using specified target error line: 32
2025-04-13 11:05:13 - INFO - Found error at specified line: tactic 'rewrite' failed, did not find instance of the pattern in the target expression
  ?a * 1
x y : ℝ
h₀ : 0 < x ∧ 0 < y
h₁ : y ^ 3 = 1
h₂ : 6 * x ^ 2 = 2 * (6 * y ^ 2)
h₃ : x * x = 2 * 1 ^ 2
h₄ : y = 1
⊢ x ^ 2 = 2
2025-04-13 11:05:13 - INFO - Error at line 32: tactic 'rewrite' failed, did not find instance of the pattern in the target expression
  ?a * 1
x y : ℝ
h₀ : 0 < x ∧ 0 < y
h₁ : y ^ 3 = 1
h₂ : 6 * x ^ 2 = 2 * (6 * y ^ 2)
h₃ : x * x = 2 * 1 ^ 2
h₄ : y = 1
⊢ x ^ 2 = 2
2025-04-13 11:05:13 - INFO - 
==================================================
2025-04-13 11:05:13 - INFO - Code prepared, starting synthesis
2025-04-13 11:05:13 - INFO - Before part: /-- 
What is the volume of a cube whose surface area is twice that of a cube with volume 1? 

$\mathrm{(A)}\ \sqrt{2}\qquad\mathrm{(B)}\ 2\qquad\mathrm{(C)}\ 2\sqrt{2}\qquad\mathrm{(D)}\ 4\qquad\mathrm{(E)}\ 8$ 
Show that it is \mathrm{(C)}.

Proof outline:
1. Let y be the side length of the original cube (volume = 1)
2. Compute y from the volume equation y³ = 1
3. Compute the surface area of original cube: 6y²
4. The new cube has surface area twice this: 2*(6y²) = 12y²
5. Let x be the side length of the new cube
6. Set up equation for new cube's surface area: 6x² = 12y²
7. Solve for x in terms of y
8. Compute volume of new cube: x³
9. Show this equals 2√2
-/
theorem amc12a_2008_p8 (x y : ℝ) (h₀ : 0 < x ∧ 0 < y) (h₁ : y ^ 3 = 1)
  (h₂ : 6 * x ^ 2 = 2 * (6 * y ^ 2)) : x ^ 3 = 2 * Real.sqrt 2 := by
  -- First, simplify the surface area equation h₂ by dividing both sides by 6
  have h₃ : x ^ 2 = 2 * y ^ 2 := by
    rw [mul_assoc, mul_comm] at h₂  -- Rewrite RHS to 2*6*y²
    rw [mul_right_inj' (by norm_num : 6 ≠ 0)] at h₂  -- Divide both sides by 6
    exact h₂
  
  -- From the volume of the original cube (y³ = 1), we get y = 1
  have h₄ : y = 1 := by
    exact (eq_one_of_pow_eq_one (by linarith [h₀.2]) (by norm_num) h₁).symm
  
  -- Substitute y = 1 into the simplified equation x² = 2y²
  have h₅ : x ^ 2 = 2 := by
2025-04-13 11:05:13 - INFO - Error line:     rw [h₄, pow_two, mul_one] at h₃
2025-04-13 11:05:13 - INFO - After part: exact h₃
  
  -- Since x > 0, we can take square root of both sides to get x = √2
  have h₆ : x = Real.sqrt 2 := by
    exact (sqrt_eq_iff_sq_eq (by linarith [h₀.1]) (by linarith)).mpr h₅
  
  -- Now compute x³ = (√2)³ = (√2)² * √2 = 2 * √2
  rw [h₆, ← pow_three_sqrt_two]
  
  -- Helper lemma to show (√2)³ = 2 * √2
  have pow_three_sqrt_two : (Real.sqrt 2) ^ 3 = 2 * Real.sqrt 2 := by
    rw [pow_succ, pow_two, Real.mul_self_sqrt (by norm_num)]
    ring
  
  -- Apply the helper lemma to complete the proof
  exact pow_three_sqrt_two
2025-04-13 11:05:13 - INFO - ==================================================

2025-04-13 11:05:14 - INFO - Testing fragment: rw [justaplaceholder]
2025-04-13 11:05:14 - INFO - Original error line:     rw [h₄, pow_two, mul_one] at h₃
2025-04-13 11:05:16 - INFO - Testing fix: Original errors: 6, Fixed errors: 7
2025-04-13 11:05:16 - INFO - Result: False (introduced 2 new errors)
2025-04-13 11:05:16 - DEBUG - === New errors detail ===
2025-04-13 11:05:16 - DEBUG - New Error 1: line 32, type: unknown_identifier, message: unknown identifier 'justaplaceholder'
2025-04-13 11:05:16 - DEBUG - New Error 2: line 32, type: rewrite_failed, message: tactic 'rewrite' failed, equality or iff proof expected
  ?m.2624
x y : ℝ
h₀ : 0 < x ∧ 0 < y
h₁ : y ^ 3 = 1
h₂ : 6 * x ^ 2 = 2 * (6 * y ^ 2)
h₃ : x ^ 2 = 2 * y ^ 2
h₄ : y = 1
⊢ x ^ 2 = 2
2025-04-13 11:05:16 - INFO - Testing fragment: rw [<- justaplaceholder]
2025-04-13 11:05:16 - INFO - Original error line:     rw [h₄, pow_two, mul_one] at h₃
2025-04-13 11:05:18 - INFO - Testing fix: Original errors: 6, Fixed errors: 7
2025-04-13 11:05:18 - INFO - Result: False (introduced 2 new errors)
2025-04-13 11:05:18 - DEBUG - === New errors detail ===
2025-04-13 11:05:18 - DEBUG - New Error 1: line 32, type: unknown_identifier, message: unknown identifier 'justaplaceholder'
2025-04-13 11:05:18 - DEBUG - New Error 2: line 32, type: rewrite_failed, message: tactic 'rewrite' failed, equality or iff proof expected
  ?m.2624
x y : ℝ
h₀ : 0 < x ∧ 0 < y
h₁ : y ^ 3 = 1
h₂ : 6 * x ^ 2 = 2 * (6 * y ^ 2)
h₃ : x ^ 2 = 2 * y ^ 2
h₄ : y = 1
⊢ x ^ 2 = 2
2025-04-13 11:05:18 - INFO - Testing fragment: simp
2025-04-13 11:05:18 - INFO - Original error line:     rw [h₄, pow_two, mul_one] at h₃
2025-04-13 11:05:20 - INFO - Testing fix: Original errors: 6, Fixed errors: 6
2025-04-13 11:05:20 - INFO - Result: False (introduced 1 new errors)
2025-04-13 11:05:20 - DEBUG - === New errors detail ===
2025-04-13 11:05:20 - DEBUG - New Error 1: line 32, type: simp_failed, message: simp made no progress
2025-04-13 11:05:20 - INFO - Testing fragment: field_simp
2025-04-13 11:05:20 - INFO - Original error line:     rw [h₄, pow_two, mul_one] at h₃
2025-04-13 11:05:22 - INFO - Testing fix: Original errors: 6, Fixed errors: 6
2025-04-13 11:05:22 - INFO - Result: False (introduced 1 new errors)
2025-04-13 11:05:22 - DEBUG - === New errors detail ===
2025-04-13 11:05:22 - DEBUG - New Error 1: line 32, type: simp_failed, message: simp made no progress
2025-04-13 11:05:22 - INFO - Testing fragment: norm_num
2025-04-13 11:05:22 - INFO - Original error line:     rw [h₄, pow_two, mul_one] at h₃
2025-04-13 11:05:24 - INFO - Testing fix: Original errors: 6, Fixed errors: 6
2025-04-13 11:05:24 - INFO - Result: False (introduced 1 new errors)
2025-04-13 11:05:24 - DEBUG - === New errors detail ===
2025-04-13 11:05:24 - DEBUG - New Error 1: line 33, type: type_mismatch, message: type mismatch
  h₃
has type
  x ^ 2 = 2 * y ^ 2 : Prop
but is expected to have type
  x ^ 2 = 2 : Prop
2025-04-13 11:05:24 - INFO - Testing fragment: ring
2025-04-13 11:05:24 - INFO - Original error line:     rw [h₄, pow_two, mul_one] at h₃
2025-04-13 11:05:26 - INFO - Testing fix: Original errors: 6, Fixed errors: 7
2025-04-13 11:05:26 - INFO - Result: False (introduced 2 new errors)
2025-04-13 11:05:26 - DEBUG - === New errors detail ===
2025-04-13 11:05:26 - DEBUG - New Error 1: line 32, type: ring_failed, message: Try this: ring_nf
2025-04-13 11:05:26 - DEBUG - New Error 2: line 33, type: type_mismatch, message: type mismatch
  h₃
has type
  x ^ 2 = 2 * y ^ 2 : Prop
but is expected to have type
  x ^ 2 = 2 : Prop
2025-04-13 11:05:26 - INFO - Testing fragment: ring_nf
2025-04-13 11:05:26 - INFO - Original error line:     rw [h₄, pow_two, mul_one] at h₃
2025-04-13 11:05:28 - INFO - Testing fix: Original errors: 6, Fixed errors: 6
2025-04-13 11:05:28 - INFO - Result: False (introduced 1 new errors)
2025-04-13 11:05:28 - DEBUG - === New errors detail ===
2025-04-13 11:05:28 - DEBUG - New Error 1: line 33, type: type_mismatch, message: type mismatch
  h₃
has type
  x ^ 2 = 2 * y ^ 2 : Prop
but is expected to have type
  x ^ 2 = 2 : Prop
2025-04-13 11:05:28 - INFO - Testing fragment: omega
2025-04-13 11:05:28 - INFO - Original error line:     rw [h₄, pow_two, mul_one] at h₃
2025-04-13 11:05:30 - INFO - Testing fix: Original errors: 6, Fixed errors: 6
2025-04-13 11:05:30 - INFO - Result: False (introduced 1 new errors)
2025-04-13 11:05:30 - DEBUG - === New errors detail ===
2025-04-13 11:05:30 - DEBUG - New Error 1: line 32, type: other_error, message: omega could not prove the goal:
No usable constraints found. You may need to unfold definitions so `omega` can see linear arithmetic facts about `Nat` and `Int`, which may also involve multiplication, division, and modular remainder by constants.
2025-04-13 11:05:30 - INFO - Testing fragment: linarith
2025-04-13 11:05:30 - INFO - Original error line:     rw [h₄, pow_two, mul_one] at h₃
2025-04-13 11:05:32 - INFO - Testing fix: Original errors: 6, Fixed errors: 6
2025-04-13 11:05:32 - INFO - Result: False (introduced 1 new errors)
2025-04-13 11:05:32 - DEBUG - === New errors detail ===
2025-04-13 11:05:32 - DEBUG - New Error 1: line 32, type: linarith_failed, message: linarith failed to find a contradiction
case h1.h
x y : ℝ
h₀ : 0 < x ∧ 0 < y
h₁ : y ^ 3 = 1
h₂ : 6 * x ^ 2 = 2 * (6 * y ^ 2)
h₃ : x ^ 2 = 2 * y ^ 2
h₄ : y = 1
a✝ : x ^ 2 < 2
⊢ False
failed
2025-04-13 11:05:32 - INFO - Testing fragment: nlinarith
2025-04-13 11:05:32 - INFO - Original error line:     rw [h₄, pow_two, mul_one] at h₃
2025-04-13 11:05:34 - INFO - Testing fix: Original errors: 6, Fixed errors: 6
2025-04-13 11:05:34 - INFO - Result: False (introduced 1 new errors)
2025-04-13 11:05:34 - DEBUG - === New errors detail ===
2025-04-13 11:05:34 - DEBUG - New Error 1: line 33, type: no_goals_to_solve, message: no goals to be solved
2025-04-13 11:05:34 - INFO - Failed attempt time: 22.05 seconds
2025-04-13 11:05:34 - INFO - ❌ Could not generate fix for error at line 32
2025-04-13 11:05:34 - INFO - 
Trying to fix error 4/6: line 37, type: type_mismatch
2025-04-13 11:05:34 - INFO - Error message: type mismatch
  (sqrt_eq_iff_sq_eq
        (le_of_not_gt fun a =>
          Linarith.lt_irrefl
     ...
2025-04-13 11:05:34 - INFO - Removed header content, remaining 48 lines of code
2025-04-13 11:05:34 - INFO - Using specified target error line: 37
2025-04-13 11:05:35 - INFO - Found error at specified line: type mismatch
  (sqrt_eq_iff_sq_eq
        (le_of_not_gt fun a =>
          Linarith.lt_irrefl
            (Eq.mp
              (congrArg (fun _a => _a < 0)
                (Mathlib.Tactic.Ring.of_eq
                  (Mathlib.Tactic.Ring.add_congr
                    (Mathlib.Tactic.Ring.mul_congr
                      (Mathlib.Tactic.Ring.cast_pos (Mathlib.Meta.NormNum.isNat_ofNat ℝ (Eq.refl 2)))
                      (Mathlib.Tactic.Ring.neg_congr
                        (Mathlib.Tactic.Ring.cast_pos (Mathlib.Meta.NormNum.isNat_ofNat ℝ Nat.cast_one))
                        (Mathlib.Tactic.Ring.neg_add
                          (Mathlib.Tactic.Ring.neg_one_mul
                            (Mathlib.Meta.NormNum.IsInt.to_raw_eq
                              (Mathlib.Meta.NormNum.isInt_mul (Eq.refl HMul.hMul)
                                (Mathlib.Meta.NormNum.IsInt.of_raw ℝ (Int.negOfNat 1))
                                (Mathlib.Meta.NormNum.IsNat.to_isInt (Mathlib.Meta.NormNum.IsNat.of_raw ℝ 1))
                                (Eq.refl (Int.negOfNat 1)))))
                          Mathlib.Tactic.Ring.neg_zero))
                      (Mathlib.Tactic.Ring.add_mul
                        (Mathlib.Tactic.Ring.mul_add
                          (Mathlib.Meta.NormNum.IsInt.to_raw_eq
                            (Mathlib.Meta.NormNum.isInt_mul (Eq.refl HMul.hMul)
                              (Mathlib.Meta.NormNum.IsNat.to_isInt (Mathlib.Meta.NormNum.IsNat.of_raw ℝ 2))
                              (Mathlib.Meta.NormNum.IsInt.of_raw ℝ (Int.negOfNat 1)) (Eq.refl (Int.negOfNat 2))))
                          (Mathlib.Tactic.Ring.mul_zero (Nat.rawCast 2))
                          (Mathlib.Tactic.Ring.add_pf_add_zero ((Int.negOfNat 2).rawCast + 0)))
                        (Mathlib.Tactic.Ring.zero_mul ((Int.negOfNat 1).rawCast + 0))
                        (Mathlib.Tactic.Ring.add_pf_add_zero ((Int.negOfNat 2).rawCast + 0))))
                    (Mathlib.Tactic.Ring.cast_pos (Mathlib.Meta.NormNum.isNat_ofNat ℝ (Eq.refl 2)))
                    (Mathlib.Tactic.Ring.add_pf_add_overlap_zero
                      (Mathlib.Meta.NormNum.IsInt.to_isNat
                        (Mathlib.Meta.NormNum.isInt_add (Eq.refl HAdd.hAdd)
                          (Mathlib.Meta.NormNum.IsInt.of_raw ℝ (Int.negOfNat 2))
                          (Mathlib.Meta.NormNum.IsNat.to_isInt (Mathlib.Meta.NormNum.IsNat.of_raw ℝ 2))
                          (Eq.refl (Int.ofNat 0))))
                      (Mathlib.Tactic.Ring.add_pf_zero_add 0)))
                  (Mathlib.Tactic.Ring.cast_zero (Mathlib.Meta.NormNum.isNat_ofNat ℝ Nat.cast_zero))))
              (Left.add_neg
                (Linarith.mul_neg (neg_neg_of_pos zero_lt_one)
                  (of_eq_true
                    (eq_true
                      (Mathlib.Meta.NormNum.isNat_lt_true (Mathlib.Meta.NormNum.isNat_ofNat ℝ Nat.cast_zero)
                        (Mathlib.Meta.NormNum.isNat_ofNat ℝ (Eq.refl 2)) (Eq.refl false)))))
                (lt_zero_of_zero_gt a))))
        (le_of_not_gt fun a =>
          Linarith.lt_irrefl
            (Eq.mp
              (congrArg (fun _a => _a < 0)
                (Mathlib.Tactic.Ring.of_eq
                  (Mathlib.Tactic.Ring.add_congr
                    (Mathlib.Tactic.Ring.neg_congr (Mathlib.Tactic.Ring.atom_pf x)
                      (Mathlib.Tactic.Ring.neg_add
                        (Mathlib.Tactic.Ring.neg_mul x (Nat.rawCast 1)
                          (Mathlib.Tactic.Ring.neg_one_mul
                            (Mathlib.Meta.NormNum.IsInt.to_raw_eq
                              (Mathlib.Meta.NormNum.isInt_mul (Eq.refl HMul.hMul)
                                (Mathlib.Meta.NormNum.IsInt.of_raw ℝ (Int.negOfNat 1))
                                (Mathlib.Meta.NormNum.IsNat.to_isInt (Mathlib.Meta.NormNum.IsNat.of_raw ℝ 1))
                                (Eq.refl (Int.negOfNat 1))))))
                        Mathlib.Tactic.Ring.neg_zero))
                    (Mathlib.Tactic.Ring.atom_pf x)
                    (Mathlib.Tactic.Ring.add_pf_add_overlap_zero
                      (Mathlib.Tactic.Ring.add_overlap_pf_zero x (Nat.rawCast 1)
                        (Mathlib.Meta.NormNum.IsInt.to_isNat
                          (Mathlib.Meta.NormNum.isInt_add (Eq.refl HAdd.hAdd)
                            (Mathlib.Meta.NormNum.IsInt.of_raw ℝ (Int.negOfNat 1))
                            (Mathlib.Meta.NormNum.IsNat.to_isInt (Mathlib.Meta.NormNum.IsNat.of_raw ℝ 1))
                            (Eq.refl (Int.ofNat 0)))))
                      (Mathlib.Tactic.Ring.add_pf_zero_add 0)))
                  (Mathlib.Tactic.Ring.cast_zero (Mathlib.Meta.NormNum.isNat_ofNat ℝ Nat.cast_zero))))
              (Left.add_neg (neg_neg_of_pos h₀.left) (lt_zero_of_zero_gt a))))).mpr
    h₅
has type
  √2 = x : Prop
but is expected to have type
  x = √2 : Prop
2025-04-13 11:05:35 - INFO - Error at line 37: type mismatch
  (sqrt_eq_iff_sq_eq
        (le_of_not_gt fun a =>
          Linarith.lt_irrefl
            (Eq.mp
              (congrArg (fun _a => _a < 0)
                (Mathlib.Tactic.Ring.of_eq
                  (Mathlib.Tactic.Ring.add_congr
                    (Mathlib.Tactic.Ring.mul_congr
                      (Mathlib.Tactic.Ring.cast_pos (Mathlib.Meta.NormNum.isNat_ofNat ℝ (Eq.refl 2)))
                      (Mathlib.Tactic.Ring.neg_congr
                        (Mathlib.Tactic.Ring.cast_pos (Mathlib.Meta.NormNum.isNat_ofNat ℝ Nat.cast_one))
                        (Mathlib.Tactic.Ring.neg_add
                          (Mathlib.Tactic.Ring.neg_one_mul
                            (Mathlib.Meta.NormNum.IsInt.to_raw_eq
                              (Mathlib.Meta.NormNum.isInt_mul (Eq.refl HMul.hMul)
                                (Mathlib.Meta.NormNum.IsInt.of_raw ℝ (Int.negOfNat 1))
                                (Mathlib.Meta.NormNum.IsNat.to_isInt (Mathlib.Meta.NormNum.IsNat.of_raw ℝ 1))
                                (Eq.refl (Int.negOfNat 1)))))
                          Mathlib.Tactic.Ring.neg_zero))
                      (Mathlib.Tactic.Ring.add_mul
                        (Mathlib.Tactic.Ring.mul_add
                          (Mathlib.Meta.NormNum.IsInt.to_raw_eq
                            (Mathlib.Meta.NormNum.isInt_mul (Eq.refl HMul.hMul)
                              (Mathlib.Meta.NormNum.IsNat.to_isInt (Mathlib.Meta.NormNum.IsNat.of_raw ℝ 2))
                              (Mathlib.Meta.NormNum.IsInt.of_raw ℝ (Int.negOfNat 1)) (Eq.refl (Int.negOfNat 2))))
                          (Mathlib.Tactic.Ring.mul_zero (Nat.rawCast 2))
                          (Mathlib.Tactic.Ring.add_pf_add_zero ((Int.negOfNat 2).rawCast + 0)))
                        (Mathlib.Tactic.Ring.zero_mul ((Int.negOfNat 1).rawCast + 0))
                        (Mathlib.Tactic.Ring.add_pf_add_zero ((Int.negOfNat 2).rawCast + 0))))
                    (Mathlib.Tactic.Ring.cast_pos (Mathlib.Meta.NormNum.isNat_ofNat ℝ (Eq.refl 2)))
                    (Mathlib.Tactic.Ring.add_pf_add_overlap_zero
                      (Mathlib.Meta.NormNum.IsInt.to_isNat
                        (Mathlib.Meta.NormNum.isInt_add (Eq.refl HAdd.hAdd)
                          (Mathlib.Meta.NormNum.IsInt.of_raw ℝ (Int.negOfNat 2))
                          (Mathlib.Meta.NormNum.IsNat.to_isInt (Mathlib.Meta.NormNum.IsNat.of_raw ℝ 2))
                          (Eq.refl (Int.ofNat 0))))
                      (Mathlib.Tactic.Ring.add_pf_zero_add 0)))
                  (Mathlib.Tactic.Ring.cast_zero (Mathlib.Meta.NormNum.isNat_ofNat ℝ Nat.cast_zero))))
              (Left.add_neg
                (Linarith.mul_neg (neg_neg_of_pos zero_lt_one)
                  (of_eq_true
                    (eq_true
                      (Mathlib.Meta.NormNum.isNat_lt_true (Mathlib.Meta.NormNum.isNat_ofNat ℝ Nat.cast_zero)
                        (Mathlib.Meta.NormNum.isNat_ofNat ℝ (Eq.refl 2)) (Eq.refl false)))))
                (lt_zero_of_zero_gt a))))
        (le_of_not_gt fun a =>
          Linarith.lt_irrefl
            (Eq.mp
              (congrArg (fun _a => _a < 0)
                (Mathlib.Tactic.Ring.of_eq
                  (Mathlib.Tactic.Ring.add_congr
                    (Mathlib.Tactic.Ring.neg_congr (Mathlib.Tactic.Ring.atom_pf x)
                      (Mathlib.Tactic.Ring.neg_add
                        (Mathlib.Tactic.Ring.neg_mul x (Nat.rawCast 1)
                          (Mathlib.Tactic.Ring.neg_one_mul
                            (Mathlib.Meta.NormNum.IsInt.to_raw_eq
                              (Mathlib.Meta.NormNum.isInt_mul (Eq.refl HMul.hMul)
                                (Mathlib.Meta.NormNum.IsInt.of_raw ℝ (Int.negOfNat 1))
                                (Mathlib.Meta.NormNum.IsNat.to_isInt (Mathlib.Meta.NormNum.IsNat.of_raw ℝ 1))
                                (Eq.refl (Int.negOfNat 1))))))
                        Mathlib.Tactic.Ring.neg_zero))
                    (Mathlib.Tactic.Ring.atom_pf x)
                    (Mathlib.Tactic.Ring.add_pf_add_overlap_zero
                      (Mathlib.Tactic.Ring.add_overlap_pf_zero x (Nat.rawCast 1)
                        (Mathlib.Meta.NormNum.IsInt.to_isNat
                          (Mathlib.Meta.NormNum.isInt_add (Eq.refl HAdd.hAdd)
                            (Mathlib.Meta.NormNum.IsInt.of_raw ℝ (Int.negOfNat 1))
                            (Mathlib.Meta.NormNum.IsNat.to_isInt (Mathlib.Meta.NormNum.IsNat.of_raw ℝ 1))
                            (Eq.refl (Int.ofNat 0)))))
                      (Mathlib.Tactic.Ring.add_pf_zero_add 0)))
                  (Mathlib.Tactic.Ring.cast_zero (Mathlib.Meta.NormNum.isNat_ofNat ℝ Nat.cast_zero))))
              (Left.add_neg (neg_neg_of_pos h₀.left) (lt_zero_of_zero_gt a))))).mpr
    h₅
has type
  √2 = x : Prop
but is expected to have type
  x = √2 : Prop
2025-04-13 11:05:35 - INFO - 
==================================================
2025-04-13 11:05:35 - INFO - Code prepared, starting synthesis
2025-04-13 11:05:35 - INFO - Before part: /-- 
What is the volume of a cube whose surface area is twice that of a cube with volume 1? 

$\mathrm{(A)}\ \sqrt{2}\qquad\mathrm{(B)}\ 2\qquad\mathrm{(C)}\ 2\sqrt{2}\qquad\mathrm{(D)}\ 4\qquad\mathrm{(E)}\ 8$ 
Show that it is \mathrm{(C)}.

Proof outline:
1. Let y be the side length of the original cube (volume = 1)
2. Compute y from the volume equation y³ = 1
3. Compute the surface area of original cube: 6y²
4. The new cube has surface area twice this: 2*(6y²) = 12y²
5. Let x be the side length of the new cube
6. Set up equation for new cube's surface area: 6x² = 12y²
7. Solve for x in terms of y
8. Compute volume of new cube: x³
9. Show this equals 2√2
-/
theorem amc12a_2008_p8 (x y : ℝ) (h₀ : 0 < x ∧ 0 < y) (h₁ : y ^ 3 = 1)
  (h₂ : 6 * x ^ 2 = 2 * (6 * y ^ 2)) : x ^ 3 = 2 * Real.sqrt 2 := by
  -- First, simplify the surface area equation h₂ by dividing both sides by 6
  have h₃ : x ^ 2 = 2 * y ^ 2 := by
    rw [mul_assoc, mul_comm] at h₂  -- Rewrite RHS to 2*6*y²
    rw [mul_right_inj' (by norm_num : 6 ≠ 0)] at h₂  -- Divide both sides by 6
    exact h₂
  
  -- From the volume of the original cube (y³ = 1), we get y = 1
  have h₄ : y = 1 := by
    exact (eq_one_of_pow_eq_one (by linarith [h₀.2]) (by norm_num) h₁).symm
  
  -- Substitute y = 1 into the simplified equation x² = 2y²
  have h₅ : x ^ 2 = 2 := by
    rw [h₄, pow_two, mul_one] at h₃
    exact h₃
  
  -- Since x > 0, we can take square root of both sides to get x = √2
  have h₆ : x = Real.sqrt 2 := by
2025-04-13 11:05:35 - INFO - Error line:     exact (sqrt_eq_iff_sq_eq (by linarith [h₀.1]) (by linarith)).mpr h₅
2025-04-13 11:05:35 - INFO - After part: -- Now compute x³ = (√2)³ = (√2)² * √2 = 2 * √2
  rw [h₆, ← pow_three_sqrt_two]
  
  -- Helper lemma to show (√2)³ = 2 * √2
  have pow_three_sqrt_two : (Real.sqrt 2) ^ 3 = 2 * Real.sqrt 2 := by
    rw [pow_succ, pow_two, Real.mul_self_sqrt (by norm_num)]
    ring
  
  -- Apply the helper lemma to complete the proof
  exact pow_three_sqrt_two
2025-04-13 11:05:35 - INFO - ==================================================

2025-04-13 11:05:36 - INFO - Testing fragment: rw [justaplaceholder]
2025-04-13 11:05:36 - INFO - Original error line:     exact (sqrt_eq_iff_sq_eq (by linarith [h₀.1]) (by linarith)).mpr h₅
2025-04-13 11:05:38 - INFO - Testing fix: Original errors: 6, Fixed errors: 7
2025-04-13 11:05:38 - INFO - Result: False (introduced 2 new errors)
2025-04-13 11:05:38 - DEBUG - === New errors detail ===
2025-04-13 11:05:38 - DEBUG - New Error 1: line 37, type: unknown_identifier, message: unknown identifier 'justaplaceholder'
2025-04-13 11:05:38 - DEBUG - New Error 2: line 37, type: rewrite_failed, message: tactic 'rewrite' failed, equality or iff proof expected
  ?m.3261
x y : ℝ
h₀ : 0 < x ∧ 0 < y
h₁ : y ^ 3 = 1
h₂ : 6 * x ^ 2 = 2 * (6 * y ^ 2)
h₃ : x ^ 2 = 2 * y ^ 2
h₄ : y = 1
h₅ : x ^ 2 = 2
⊢ 0 ≤ 2
2025-04-13 11:05:38 - INFO - Testing fragment: rw [<- justaplaceholder]
2025-04-13 11:05:38 - INFO - Original error line:     exact (sqrt_eq_iff_sq_eq (by linarith [h₀.1]) (by linarith)).mpr h₅
2025-04-13 11:05:40 - INFO - Testing fix: Original errors: 6, Fixed errors: 7
2025-04-13 11:05:40 - INFO - Result: False (introduced 2 new errors)
2025-04-13 11:05:40 - DEBUG - === New errors detail ===
2025-04-13 11:05:40 - DEBUG - New Error 1: line 37, type: unknown_identifier, message: unknown identifier 'justaplaceholder'
2025-04-13 11:05:40 - DEBUG - New Error 2: line 37, type: rewrite_failed, message: tactic 'rewrite' failed, equality or iff proof expected
  ?m.3261
x y : ℝ
h₀ : 0 < x ∧ 0 < y
h₁ : y ^ 3 = 1
h₂ : 6 * x ^ 2 = 2 * (6 * y ^ 2)
h₃ : x ^ 2 = 2 * y ^ 2
h₄ : y = 1
h₅ : x ^ 2 = 2
⊢ 0 ≤ 2
2025-04-13 11:05:40 - INFO - Testing fragment: simp
2025-04-13 11:05:40 - INFO - Original error line:     exact (sqrt_eq_iff_sq_eq (by linarith [h₀.1]) (by linarith)).mpr h₅
2025-04-13 11:05:42 - INFO - Testing fix: Original errors: 6, Fixed errors: 6
2025-04-13 11:05:42 - INFO - Result: False (introduced 1 new errors)
2025-04-13 11:05:42 - DEBUG - === New errors detail ===
2025-04-13 11:05:42 - DEBUG - New Error 1: line 37, type: type_mismatch, message: type mismatch
  (sqrt_eq_iff_sq_eq (of_eq_true (Mathlib.Data.Nat.Cast.Order._auxLemma.4 2))
        (le_of_not_gt fun a =>
          Linarith.lt_irrefl
            (Eq.mp
              (congrArg (fun _a => _a < 0)
                (Mathlib.Tactic.Ring.of_eq
                  (Mathlib.Tactic.Ring.add_congr
                    (Mathlib.Tactic.Ring.neg_congr (Mathlib.Tactic.Ring.atom_pf x)
                      (Mathlib.Tactic.Ring.neg_add
                        (Mathlib.Tactic.Ring.neg_mul x (Nat.rawCast 1)
                          (Mathlib.Tactic.Ring.neg_one_mul
                            (Mathlib.Meta.NormNum.IsInt.to_raw_eq
                              (Mathlib.Meta.NormNum.isInt_mul (Eq.refl HMul.hMul)
                                (Mathlib.Meta.NormNum.IsInt.of_raw ℝ (Int.negOfNat 1))
                                (Mathlib.Meta.NormNum.IsNat.to_isInt (Mathlib.Meta.NormNum.IsNat.of_raw ℝ 1))
                                (Eq.refl (Int.negOfNat 1))))))
                        Mathlib.Tactic.Ring.neg_zero))
                    (Mathlib.Tactic.Ring.atom_pf x)
                    (Mathlib.Tactic.Ring.add_pf_add_overlap_zero
                      (Mathlib.Tactic.Ring.add_overlap_pf_zero x (Nat.rawCast 1)
                        (Mathlib.Meta.NormNum.IsInt.to_isNat
                          (Mathlib.Meta.NormNum.isInt_add (Eq.refl HAdd.hAdd)
                            (Mathlib.Meta.NormNum.IsInt.of_raw ℝ (Int.negOfNat 1))
                            (Mathlib.Meta.NormNum.IsNat.to_isInt (Mathlib.Meta.NormNum.IsNat.of_raw ℝ 1))
                            (Eq.refl (Int.ofNat 0)))))
                      (Mathlib.Tactic.Ring.add_pf_zero_add 0)))
                  (Mathlib.Tactic.Ring.cast_zero (Mathlib.Meta.NormNum.isNat_ofNat ℝ Nat.cast_zero))))
              (Left.add_neg (neg_neg_of_pos h₀.left) (lt_zero_of_zero_gt a))))).mpr
    h₅
has type
  √2 = x : Prop
but is expected to have type
  x = √2 : Prop
2025-04-13 11:05:42 - INFO - Testing fragment: field_simp
2025-04-13 11:05:42 - INFO - Original error line:     exact (sqrt_eq_iff_sq_eq (by linarith [h₀.1]) (by linarith)).mpr h₅
2025-04-13 11:05:44 - INFO - Testing fix: Original errors: 6, Fixed errors: 6
2025-04-13 11:05:44 - INFO - Result: False (introduced 1 new errors)
2025-04-13 11:05:44 - DEBUG - === New errors detail ===
2025-04-13 11:05:44 - DEBUG - New Error 1: line 37, type: type_mismatch, message: type mismatch
  (sqrt_eq_iff_sq_eq (of_eq_true (Mathlib.Data.Nat.Cast.Order._auxLemma.4 2))
        (le_of_not_gt fun a =>
          Linarith.lt_irrefl
            (Eq.mp
              (congrArg (fun _a => _a < 0)
                (Mathlib.Tactic.Ring.of_eq
                  (Mathlib.Tactic.Ring.add_congr
                    (Mathlib.Tactic.Ring.neg_congr (Mathlib.Tactic.Ring.atom_pf x)
                      (Mathlib.Tactic.Ring.neg_add
                        (Mathlib.Tactic.Ring.neg_mul x (Nat.rawCast 1)
                          (Mathlib.Tactic.Ring.neg_one_mul
                            (Mathlib.Meta.NormNum.IsInt.to_raw_eq
                              (Mathlib.Meta.NormNum.isInt_mul (Eq.refl HMul.hMul)
                                (Mathlib.Meta.NormNum.IsInt.of_raw ℝ (Int.negOfNat 1))
                                (Mathlib.Meta.NormNum.IsNat.to_isInt (Mathlib.Meta.NormNum.IsNat.of_raw ℝ 1))
                                (Eq.refl (Int.negOfNat 1))))))
                        Mathlib.Tactic.Ring.neg_zero))
                    (Mathlib.Tactic.Ring.atom_pf x)
                    (Mathlib.Tactic.Ring.add_pf_add_overlap_zero
                      (Mathlib.Tactic.Ring.add_overlap_pf_zero x (Nat.rawCast 1)
                        (Mathlib.Meta.NormNum.IsInt.to_isNat
                          (Mathlib.Meta.NormNum.isInt_add (Eq.refl HAdd.hAdd)
                            (Mathlib.Meta.NormNum.IsInt.of_raw ℝ (Int.negOfNat 1))
                            (Mathlib.Meta.NormNum.IsNat.to_isInt (Mathlib.Meta.NormNum.IsNat.of_raw ℝ 1))
                            (Eq.refl (Int.ofNat 0)))))
                      (Mathlib.Tactic.Ring.add_pf_zero_add 0)))
                  (Mathlib.Tactic.Ring.cast_zero (Mathlib.Meta.NormNum.isNat_ofNat ℝ Nat.cast_zero))))
              (Left.add_neg (neg_neg_of_pos h₀.left) (lt_zero_of_zero_gt a))))).mpr
    h₅
has type
  √2 = x : Prop
but is expected to have type
  x = √2 : Prop
2025-04-13 11:05:44 - INFO - Testing fragment: norm_num
2025-04-13 11:05:44 - INFO - Original error line:     exact (sqrt_eq_iff_sq_eq (by linarith [h₀.1]) (by linarith)).mpr h₅
2025-04-13 11:05:46 - INFO - Testing fix: Original errors: 6, Fixed errors: 6
2025-04-13 11:05:46 - INFO - Result: False (introduced 1 new errors)
2025-04-13 11:05:46 - DEBUG - === New errors detail ===
2025-04-13 11:05:46 - DEBUG - New Error 1: line 37, type: type_mismatch, message: type mismatch
  (sqrt_eq_iff_sq_eq
        (of_eq_true
          (eq_true
            (Mathlib.Meta.NormNum.isNat_le_true (Mathlib.Meta.NormNum.isNat_ofNat ℝ Nat.cast_zero)
              (Mathlib.Meta.NormNum.isNat_ofNat ℝ (Eq.refl 2)) (Eq.refl true))))
        (le_of_not_gt fun a =>
          Linarith.lt_irrefl
            (Eq.mp
              (congrArg (fun _a => _a < 0)
                (Mathlib.Tactic.Ring.of_eq
                  (Mathlib.Tactic.Ring.add_congr
                    (Mathlib.Tactic.Ring.neg_congr (Mathlib.Tactic.Ring.atom_pf x)
                      (Mathlib.Tactic.Ring.neg_add
                        (Mathlib.Tactic.Ring.neg_mul x (Nat.rawCast 1)
                          (Mathlib.Tactic.Ring.neg_one_mul
                            (Mathlib.Meta.NormNum.IsInt.to_raw_eq
                              (Mathlib.Meta.NormNum.isInt_mul (Eq.refl HMul.hMul)
                                (Mathlib.Meta.NormNum.IsInt.of_raw ℝ (Int.negOfNat 1))
                                (Mathlib.Meta.NormNum.IsNat.to_isInt (Mathlib.Meta.NormNum.IsNat.of_raw ℝ 1))
                                (Eq.refl (Int.negOfNat 1))))))
                        Mathlib.Tactic.Ring.neg_zero))
                    (Mathlib.Tactic.Ring.atom_pf x)
                    (Mathlib.Tactic.Ring.add_pf_add_overlap_zero
                      (Mathlib.Tactic.Ring.add_overlap_pf_zero x (Nat.rawCast 1)
                        (Mathlib.Meta.NormNum.IsInt.to_isNat
                          (Mathlib.Meta.NormNum.isInt_add (Eq.refl HAdd.hAdd)
                            (Mathlib.Meta.NormNum.IsInt.of_raw ℝ (Int.negOfNat 1))
                            (Mathlib.Meta.NormNum.IsNat.to_isInt (Mathlib.Meta.NormNum.IsNat.of_raw ℝ 1))
                            (Eq.refl (Int.ofNat 0)))))
                      (Mathlib.Tactic.Ring.add_pf_zero_add 0)))
                  (Mathlib.Tactic.Ring.cast_zero (Mathlib.Meta.NormNum.isNat_ofNat ℝ Nat.cast_zero))))
              (Left.add_neg (neg_neg_of_pos h₀.left) (lt_zero_of_zero_gt a))))).mpr
    h₅
has type
  √2 = x : Prop
but is expected to have type
  x = √2 : Prop
2025-04-13 11:05:46 - INFO - Testing fragment: ring
2025-04-13 11:05:46 - INFO - Original error line:     exact (sqrt_eq_iff_sq_eq (by linarith [h₀.1]) (by linarith)).mpr h₅
2025-04-13 11:07:33 - INFO - Testing fix: Original errors: 6, Fixed errors: 7
2025-04-13 11:07:33 - INFO - Result: False (introduced 2 new errors)
2025-04-13 11:07:33 - DEBUG - === New errors detail ===
2025-04-13 11:07:33 - DEBUG - New Error 1: line 37, type: ring_failed, message: Try this: ring_nf
2025-04-13 11:07:33 - DEBUG - New Error 2: line 37, type: other_error, message: unsolved goals
x y : ℝ
h₀ : 0 < x ∧ 0 < y
h₁ : y ^ 3 = 1
h₂ : 6 * x ^ 2 = 2 * (6 * y ^ 2)
h₃ : x ^ 2 = 2 * y ^ 2
h₄ : y = 1
h₅ : x ^ 2 = 2
⊢ 0 ≤ 2
2025-04-13 11:07:33 - INFO - Testing fragment: ring_nf
2025-04-13 11:07:33 - INFO - Original error line:     exact (sqrt_eq_iff_sq_eq (by linarith [h₀.1]) (by linarith)).mpr h₅
2025-04-13 11:07:36 - INFO - Testing fix: Original errors: 6, Fixed errors: 6
2025-04-13 11:07:36 - INFO - Result: False (introduced 1 new errors)
2025-04-13 11:07:36 - DEBUG - === New errors detail ===
2025-04-13 11:07:36 - DEBUG - New Error 1: line 37, type: other_error, message: unsolved goals
x y : ℝ
h₀ : 0 < x ∧ 0 < y
h₁ : y ^ 3 = 1
h₂ : 6 * x ^ 2 = 2 * (6 * y ^ 2)
h₃ : x ^ 2 = 2 * y ^ 2
h₄ : y = 1
h₅ : x ^ 2 = 2
⊢ 0 ≤ 2
2025-04-13 11:07:36 - INFO - Testing fragment: omega
2025-04-13 11:07:36 - INFO - Original error line:     exact (sqrt_eq_iff_sq_eq (by linarith [h₀.1]) (by linarith)).mpr h₅
2025-04-13 11:07:38 - INFO - Testing fix: Original errors: 6, Fixed errors: 6
2025-04-13 11:07:38 - INFO - Result: False (introduced 1 new errors)
2025-04-13 11:07:38 - DEBUG - === New errors detail ===
2025-04-13 11:07:38 - DEBUG - New Error 1: line 37, type: other_error, message: omega could not prove the goal:
No usable constraints found. You may need to unfold definitions so `omega` can see linear arithmetic facts about `Nat` and `Int`, which may also involve multiplication, division, and modular remainder by constants.
2025-04-13 11:07:38 - INFO - Testing fragment: linarith
2025-04-13 11:07:38 - INFO - Original error line:     exact (sqrt_eq_iff_sq_eq (by linarith [h₀.1]) (by linarith)).mpr h₅
2025-04-13 11:07:40 - INFO - Testing fix: Original errors: 6, Fixed errors: 6
2025-04-13 11:07:40 - INFO - Result: False (introduced 1 new errors)
2025-04-13 11:07:40 - DEBUG - === New errors detail ===
2025-04-13 11:07:40 - DEBUG - New Error 1: line 37, type: type_mismatch, message: type mismatch
  (sqrt_eq_iff_sq_eq
        (le_of_not_gt fun a =>
          Linarith.lt_irrefl
            (Eq.mp
              (congrArg (fun _a => _a < 0)
                (Mathlib.Tactic.Ring.of_eq
                  (Mathlib.Tactic.Ring.add_congr
                    (Mathlib.Tactic.Ring.mul_congr
                      (Mathlib.Tactic.Ring.cast_pos (Mathlib.Meta.NormNum.isNat_ofNat ℝ (Eq.refl 2)))
                      (Mathlib.Tactic.Ring.neg_congr
                        (Mathlib.Tactic.Ring.cast_pos (Mathlib.Meta.NormNum.isNat_ofNat ℝ Nat.cast_one))
                        (Mathlib.Tactic.Ring.neg_add
                          (Mathlib.Tactic.Ring.neg_one_mul
                            (Mathlib.Meta.NormNum.IsInt.to_raw_eq
                              (Mathlib.Meta.NormNum.isInt_mul (Eq.refl HMul.hMul)
                                (Mathlib.Meta.NormNum.IsInt.of_raw ℝ (Int.negOfNat 1))
                                (Mathlib.Meta.NormNum.IsNat.to_isInt (Mathlib.Meta.NormNum.IsNat.of_raw ℝ 1))
                                (Eq.refl (Int.negOfNat 1)))))
                          Mathlib.Tactic.Ring.neg_zero))
                      (Mathlib.Tactic.Ring.add_mul
                        (Mathlib.Tactic.Ring.mul_add
                          (Mathlib.Meta.NormNum.IsInt.to_raw_eq
                            (Mathlib.Meta.NormNum.isInt_mul (Eq.refl HMul.hMul)
                              (Mathlib.Meta.NormNum.IsNat.to_isInt (Mathlib.Meta.NormNum.IsNat.of_raw ℝ 2))
                              (Mathlib.Meta.NormNum.IsInt.of_raw ℝ (Int.negOfNat 1)) (Eq.refl (Int.negOfNat 2))))
                          (Mathlib.Tactic.Ring.mul_zero (Nat.rawCast 2))
                          (Mathlib.Tactic.Ring.add_pf_add_zero ((Int.negOfNat 2).rawCast + 0)))
                        (Mathlib.Tactic.Ring.zero_mul ((Int.negOfNat 1).rawCast + 0))
                        (Mathlib.Tactic.Ring.add_pf_add_zero ((Int.negOfNat 2).rawCast + 0))))
                    (Mathlib.Tactic.Ring.cast_pos (Mathlib.Meta.NormNum.isNat_ofNat ℝ (Eq.refl 2)))
                    (Mathlib.Tactic.Ring.add_pf_add_overlap_zero
                      (Mathlib.Meta.NormNum.IsInt.to_isNat
                        (Mathlib.Meta.NormNum.isInt_add (Eq.refl HAdd.hAdd)
                          (Mathlib.Meta.NormNum.IsInt.of_raw ℝ (Int.negOfNat 2))
                          (Mathlib.Meta.NormNum.IsNat.to_isInt (Mathlib.Meta.NormNum.IsNat.of_raw ℝ 2))
                          (Eq.refl (Int.ofNat 0))))
                      (Mathlib.Tactic.Ring.add_pf_zero_add 0)))
                  (Mathlib.Tactic.Ring.cast_zero (Mathlib.Meta.NormNum.isNat_ofNat ℝ Nat.cast_zero))))
              (Left.add_neg
                (Linarith.mul_neg (neg_neg_of_pos zero_lt_one)
                  (of_eq_true
                    (eq_true
                      (Mathlib.Meta.NormNum.isNat_lt_true (Mathlib.Meta.NormNum.isNat_ofNat ℝ Nat.cast_zero)
                        (Mathlib.Meta.NormNum.isNat_ofNat ℝ (Eq.refl 2)) (Eq.refl false)))))
                (lt_zero_of_zero_gt a))))
        (le_of_not_gt fun a =>
          Linarith.lt_irrefl
            (Eq.mp
              (congrArg (fun _a => _a < 0)
                (Mathlib.Tactic.Ring.of_eq
                  (Mathlib.Tactic.Ring.add_congr
                    (Mathlib.Tactic.Ring.neg_congr (Mathlib.Tactic.Ring.atom_pf x)
                      (Mathlib.Tactic.Ring.neg_add
                        (Mathlib.Tactic.Ring.neg_mul x (Nat.rawCast 1)
                          (Mathlib.Tactic.Ring.neg_one_mul
                            (Mathlib.Meta.NormNum.IsInt.to_raw_eq
                              (Mathlib.Meta.NormNum.isInt_mul (Eq.refl HMul.hMul)
                                (Mathlib.Meta.NormNum.IsInt.of_raw ℝ (Int.negOfNat 1))
                                (Mathlib.Meta.NormNum.IsNat.to_isInt (Mathlib.Meta.NormNum.IsNat.of_raw ℝ 1))
                                (Eq.refl (Int.negOfNat 1))))))
                        Mathlib.Tactic.Ring.neg_zero))
                    (Mathlib.Tactic.Ring.atom_pf x)
                    (Mathlib.Tactic.Ring.add_pf_add_overlap_zero
                      (Mathlib.Tactic.Ring.add_overlap_pf_zero x (Nat.rawCast 1)
                        (Mathlib.Meta.NormNum.IsInt.to_isNat
                          (Mathlib.Meta.NormNum.isInt_add (Eq.refl HAdd.hAdd)
                            (Mathlib.Meta.NormNum.IsInt.of_raw ℝ (Int.negOfNat 1))
                            (Mathlib.Meta.NormNum.IsNat.to_isInt (Mathlib.Meta.NormNum.IsNat.of_raw ℝ 1))
                            (Eq.refl (Int.ofNat 0)))))
                      (Mathlib.Tactic.Ring.add_pf_zero_add 0)))
                  (Mathlib.Tactic.Ring.cast_zero (Mathlib.Meta.NormNum.isNat_ofNat ℝ Nat.cast_zero))))
              (Left.add_neg (neg_neg_of_pos h₀.left) (lt_zero_of_zero_gt a))))).mpr
    h₅
has type
  √2 = x : Prop
but is expected to have type
  x = √2 : Prop
2025-04-13 11:07:40 - INFO - Testing fragment: nlinarith
2025-04-13 11:07:40 - INFO - Original error line:     exact (sqrt_eq_iff_sq_eq (by linarith [h₀.1]) (by linarith)).mpr h₅
2025-04-13 11:07:42 - INFO - Testing fix: Original errors: 6, Fixed errors: 6
2025-04-13 11:07:42 - INFO - Result: False (introduced 1 new errors)
2025-04-13 11:07:42 - DEBUG - === New errors detail ===
2025-04-13 11:07:42 - DEBUG - New Error 1: line 37, type: type_mismatch, message: type mismatch
  (sqrt_eq_iff_sq_eq
        (le_of_not_gt fun a =>
          Linarith.lt_irrefl
            (Eq.mp
              (congrArg (fun _a => _a < 0)
                (Mathlib.Tactic.Ring.of_eq
                  (Mathlib.Tactic.Ring.add_congr
                    (Mathlib.Tactic.Ring.mul_congr
                      (Mathlib.Tactic.Ring.cast_pos (Mathlib.Meta.NormNum.isNat_ofNat ℝ (Eq.refl 2)))
                      (Mathlib.Tactic.Ring.neg_congr
                        (Mathlib.Tactic.Ring.cast_pos (Mathlib.Meta.NormNum.isNat_ofNat ℝ Nat.cast_one))
                        (Mathlib.Tactic.Ring.neg_add
                          (Mathlib.Tactic.Ring.neg_one_mul
                            (Mathlib.Meta.NormNum.IsInt.to_raw_eq
                              (Mathlib.Meta.NormNum.isInt_mul (Eq.refl HMul.hMul)
                                (Mathlib.Meta.NormNum.IsInt.of_raw ℝ (Int.negOfNat 1))
                                (Mathlib.Meta.NormNum.IsNat.to_isInt (Mathlib.Meta.NormNum.IsNat.of_raw ℝ 1))
                                (Eq.refl (Int.negOfNat 1)))))
                          Mathlib.Tactic.Ring.neg_zero))
                      (Mathlib.Tactic.Ring.add_mul
                        (Mathlib.Tactic.Ring.mul_add
                          (Mathlib.Meta.NormNum.IsInt.to_raw_eq
                            (Mathlib.Meta.NormNum.isInt_mul (Eq.refl HMul.hMul)
                              (Mathlib.Meta.NormNum.IsNat.to_isInt (Mathlib.Meta.NormNum.IsNat.of_raw ℝ 2))
                              (Mathlib.Meta.NormNum.IsInt.of_raw ℝ (Int.negOfNat 1)) (Eq.refl (Int.negOfNat 2))))
                          (Mathlib.Tactic.Ring.mul_zero (Nat.rawCast 2))
                          (Mathlib.Tactic.Ring.add_pf_add_zero ((Int.negOfNat 2).rawCast + 0)))
                        (Mathlib.Tactic.Ring.zero_mul ((Int.negOfNat 1).rawCast + 0))
                        (Mathlib.Tactic.Ring.add_pf_add_zero ((Int.negOfNat 2).rawCast + 0))))
                    (Mathlib.Tactic.Ring.cast_pos (Mathlib.Meta.NormNum.isNat_ofNat ℝ (Eq.refl 2)))
                    (Mathlib.Tactic.Ring.add_pf_add_overlap_zero
                      (Mathlib.Meta.NormNum.IsInt.to_isNat
                        (Mathlib.Meta.NormNum.isInt_add (Eq.refl HAdd.hAdd)
                          (Mathlib.Meta.NormNum.IsInt.of_raw ℝ (Int.negOfNat 2))
                          (Mathlib.Meta.NormNum.IsNat.to_isInt (Mathlib.Meta.NormNum.IsNat.of_raw ℝ 2))
                          (Eq.refl (Int.ofNat 0))))
                      (Mathlib.Tactic.Ring.add_pf_zero_add 0)))
                  (Mathlib.Tactic.Ring.cast_zero (Mathlib.Meta.NormNum.isNat_ofNat ℝ Nat.cast_zero))))
              (Left.add_neg
                (Linarith.mul_neg (neg_neg_of_pos zero_lt_one)
                  (of_eq_true
                    (eq_true
                      (Mathlib.Meta.NormNum.isNat_lt_true (Mathlib.Meta.NormNum.isNat_ofNat ℝ Nat.cast_zero)
                        (Mathlib.Meta.NormNum.isNat_ofNat ℝ (Eq.refl 2)) (Eq.refl false)))))
                (lt_zero_of_zero_gt a))))
        (le_of_not_gt fun a =>
          Linarith.lt_irrefl
            (Eq.mp
              (congrArg (fun _a => _a < 0)
                (Mathlib.Tactic.Ring.of_eq
                  (Mathlib.Tactic.Ring.add_congr
                    (Mathlib.Tactic.Ring.neg_congr (Mathlib.Tactic.Ring.atom_pf x)
                      (Mathlib.Tactic.Ring.neg_add
                        (Mathlib.Tactic.Ring.neg_mul x (Nat.rawCast 1)
                          (Mathlib.Tactic.Ring.neg_one_mul
                            (Mathlib.Meta.NormNum.IsInt.to_raw_eq
                              (Mathlib.Meta.NormNum.isInt_mul (Eq.refl HMul.hMul)
                                (Mathlib.Meta.NormNum.IsInt.of_raw ℝ (Int.negOfNat 1))
                                (Mathlib.Meta.NormNum.IsNat.to_isInt (Mathlib.Meta.NormNum.IsNat.of_raw ℝ 1))
                                (Eq.refl (Int.negOfNat 1))))))
                        Mathlib.Tactic.Ring.neg_zero))
                    (Mathlib.Tactic.Ring.atom_pf x)
                    (Mathlib.Tactic.Ring.add_pf_add_overlap_zero
                      (Mathlib.Tactic.Ring.add_overlap_pf_zero x (Nat.rawCast 1)
                        (Mathlib.Meta.NormNum.IsInt.to_isNat
                          (Mathlib.Meta.NormNum.isInt_add (Eq.refl HAdd.hAdd)
                            (Mathlib.Meta.NormNum.IsInt.of_raw ℝ (Int.negOfNat 1))
                            (Mathlib.Meta.NormNum.IsNat.to_isInt (Mathlib.Meta.NormNum.IsNat.of_raw ℝ 1))
                            (Eq.refl (Int.ofNat 0)))))
                      (Mathlib.Tactic.Ring.add_pf_zero_add 0)))
                  (Mathlib.Tactic.Ring.cast_zero (Mathlib.Meta.NormNum.isNat_ofNat ℝ Nat.cast_zero))))
              (Left.add_neg (neg_neg_of_pos h₀.left) (lt_zero_of_zero_gt a))))).mpr
    h₅
has type
  √2 = x : Prop
but is expected to have type
  x = √2 : Prop
2025-04-13 11:07:42 - INFO - Failed attempt time: 127.63 seconds
2025-04-13 11:07:42 - INFO - ❌ Could not generate fix for error at line 37
2025-04-13 11:07:42 - INFO - 
Trying to fix error 5/6: line 40, type: unknown_identifier
2025-04-13 11:07:42 - INFO - Error message: unknown identifier 'pow_three_sqrt_two'...
2025-04-13 11:07:42 - INFO - Removed header content, remaining 48 lines of code
2025-04-13 11:07:42 - INFO - Using specified target error line: 40
2025-04-13 11:07:43 - INFO - Found error at specified line: unknown identifier 'pow_three_sqrt_two'
2025-04-13 11:07:43 - INFO - Error at line 40: unknown identifier 'pow_three_sqrt_two'
2025-04-13 11:07:43 - INFO - 
==================================================
2025-04-13 11:07:43 - INFO - Code prepared, starting synthesis
2025-04-13 11:07:43 - INFO - Before part: /-- 
What is the volume of a cube whose surface area is twice that of a cube with volume 1? 

$\mathrm{(A)}\ \sqrt{2}\qquad\mathrm{(B)}\ 2\qquad\mathrm{(C)}\ 2\sqrt{2}\qquad\mathrm{(D)}\ 4\qquad\mathrm{(E)}\ 8$ 
Show that it is \mathrm{(C)}.

Proof outline:
1. Let y be the side length of the original cube (volume = 1)
2. Compute y from the volume equation y³ = 1
3. Compute the surface area of original cube: 6y²
4. The new cube has surface area twice this: 2*(6y²) = 12y²
5. Let x be the side length of the new cube
6. Set up equation for new cube's surface area: 6x² = 12y²
7. Solve for x in terms of y
8. Compute volume of new cube: x³
9. Show this equals 2√2
-/
theorem amc12a_2008_p8 (x y : ℝ) (h₀ : 0 < x ∧ 0 < y) (h₁ : y ^ 3 = 1)
  (h₂ : 6 * x ^ 2 = 2 * (6 * y ^ 2)) : x ^ 3 = 2 * Real.sqrt 2 := by
  -- First, simplify the surface area equation h₂ by dividing both sides by 6
  have h₃ : x ^ 2 = 2 * y ^ 2 := by
    rw [mul_assoc, mul_comm] at h₂  -- Rewrite RHS to 2*6*y²
    rw [mul_right_inj' (by norm_num : 6 ≠ 0)] at h₂  -- Divide both sides by 6
    exact h₂
  
  -- From the volume of the original cube (y³ = 1), we get y = 1
  have h₄ : y = 1 := by
    exact (eq_one_of_pow_eq_one (by linarith [h₀.2]) (by norm_num) h₁).symm
  
  -- Substitute y = 1 into the simplified equation x² = 2y²
  have h₅ : x ^ 2 = 2 := by
    rw [h₄, pow_two, mul_one] at h₃
    exact h₃
  
  -- Since x > 0, we can take square root of both sides to get x = √2
  have h₆ : x = Real.sqrt 2 := by
    exact (sqrt_eq_iff_sq_eq (by linarith [h₀.1]) (by linarith)).mpr h₅
  
  -- Now compute x³ = (√2)³ = (√2)² * √2 = 2 * √2
2025-04-13 11:07:43 - INFO - Error line:   rw [h₆, ← pow_three_sqrt_two]
2025-04-13 11:07:43 - INFO - After part: -- Helper lemma to show (√2)³ = 2 * √2
  have pow_three_sqrt_two : (Real.sqrt 2) ^ 3 = 2 * Real.sqrt 2 := by
    rw [pow_succ, pow_two, Real.mul_self_sqrt (by norm_num)]
    ring
  
  -- Apply the helper lemma to complete the proof
  exact pow_three_sqrt_two
2025-04-13 11:07:43 - INFO - ==================================================

2025-04-13 11:07:44 - INFO - Testing fragment: rw [justaplaceholder]
2025-04-13 11:07:44 - INFO - Original error line:   rw [h₆, ← pow_three_sqrt_two]
2025-04-13 11:07:46 - INFO - Testing fix: Original errors: 6, Fixed errors: 6
2025-04-13 11:07:46 - INFO - Result: False (introduced 2 new errors)
2025-04-13 11:07:46 - DEBUG - === New errors detail ===
2025-04-13 11:07:46 - DEBUG - New Error 1: line 40, type: unknown_identifier, message: unknown identifier 'justaplaceholder'
2025-04-13 11:07:46 - DEBUG - New Error 2: line 40, type: rewrite_failed, message: tactic 'rewrite' failed, equality or iff proof expected
  ?m.4521
x y : ℝ
h₀ : 0 < x ∧ 0 < y
h₁ : y ^ 3 = 1
h₂ : 6 * x ^ 2 = 2 * (6 * y ^ 2)
h₃ : x ^ 2 = 2 * y ^ 2
h₄ : y = 1
h₅ : x ^ 2 = 2
h₆ : x = √2
⊢ x ^ 3 = 2 * √2
2025-04-13 11:07:46 - INFO - Testing fragment: rw [<- justaplaceholder]
2025-04-13 11:07:46 - INFO - Original error line:   rw [h₆, ← pow_three_sqrt_two]
2025-04-13 11:07:48 - INFO - Testing fix: Original errors: 6, Fixed errors: 6
2025-04-13 11:07:48 - INFO - Result: False (introduced 2 new errors)
2025-04-13 11:07:48 - DEBUG - === New errors detail ===
2025-04-13 11:07:48 - DEBUG - New Error 1: line 40, type: unknown_identifier, message: unknown identifier 'justaplaceholder'
2025-04-13 11:07:48 - DEBUG - New Error 2: line 40, type: rewrite_failed, message: tactic 'rewrite' failed, equality or iff proof expected
  ?m.4521
x y : ℝ
h₀ : 0 < x ∧ 0 < y
h₁ : y ^ 3 = 1
h₂ : 6 * x ^ 2 = 2 * (6 * y ^ 2)
h₃ : x ^ 2 = 2 * y ^ 2
h₄ : y = 1
h₅ : x ^ 2 = 2
h₆ : x = √2
⊢ x ^ 3 = 2 * √2
2025-04-13 11:07:48 - INFO - Testing fragment: simp
2025-04-13 11:07:48 - INFO - Original error line:   rw [h₆, ← pow_three_sqrt_two]
2025-04-13 11:07:50 - INFO - Testing fix: Original errors: 6, Fixed errors: 5
2025-04-13 11:07:50 - INFO - Result: False (introduced 1 new errors)
2025-04-13 11:07:50 - DEBUG - === New errors detail ===
2025-04-13 11:07:50 - DEBUG - New Error 1: line 40, type: simp_failed, message: simp made no progress
2025-04-13 11:07:50 - INFO - Testing fragment: field_simp
2025-04-13 11:07:50 - INFO - Original error line:   rw [h₆, ← pow_three_sqrt_two]
2025-04-13 11:07:52 - INFO - Testing fix: Original errors: 6, Fixed errors: 5
2025-04-13 11:07:52 - INFO - Result: False (introduced 1 new errors)
2025-04-13 11:07:52 - DEBUG - === New errors detail ===
2025-04-13 11:07:52 - DEBUG - New Error 1: line 40, type: simp_failed, message: simp made no progress
2025-04-13 11:07:52 - INFO - Testing fragment: norm_num
2025-04-13 11:07:52 - INFO - Original error line:   rw [h₆, ← pow_three_sqrt_two]
2025-04-13 11:07:54 - INFO - Testing fix: Original errors: 6, Fixed errors: 6
2025-04-13 11:07:54 - INFO - Result: False (introduced 2 new errors)
2025-04-13 11:07:54 - DEBUG - === New errors detail ===
2025-04-13 11:07:54 - DEBUG - New Error 1: line 45, type: no_goals_to_solve, message: no goals to be solved
2025-04-13 11:07:54 - DEBUG - New Error 2: line 48, type: type_mismatch, message: type mismatch
  pow_three_sqrt_two
has type
  √2 ^ 3 = 2 * √2 : Prop
but is expected to have type
  x ^ 3 = 2 * √2 : Prop
2025-04-13 11:07:54 - INFO - Testing fragment: ring
2025-04-13 11:07:54 - INFO - Original error line:   rw [h₆, ← pow_three_sqrt_two]
2025-04-13 11:07:56 - INFO - Testing fix: Original errors: 6, Fixed errors: 7
2025-04-13 11:07:56 - INFO - Result: False (introduced 3 new errors)
2025-04-13 11:07:56 - DEBUG - === New errors detail ===
2025-04-13 11:07:56 - DEBUG - New Error 1: line 40, type: ring_failed, message: Try this: ring_nf
2025-04-13 11:07:56 - DEBUG - New Error 2: line 45, type: no_goals_to_solve, message: no goals to be solved
2025-04-13 11:07:56 - DEBUG - New Error 3: line 48, type: type_mismatch, message: type mismatch
  pow_three_sqrt_two
has type
  √2 ^ 3 = 2 * √2 : Prop
but is expected to have type
  x ^ 3 = √2 * 2 : Prop
2025-04-13 11:07:56 - INFO - Testing fragment: ring_nf
2025-04-13 11:07:56 - INFO - Original error line:   rw [h₆, ← pow_three_sqrt_two]
2025-04-13 11:07:58 - INFO - Testing fix: Original errors: 6, Fixed errors: 6
2025-04-13 11:07:58 - INFO - Result: False (introduced 2 new errors)
2025-04-13 11:07:58 - DEBUG - === New errors detail ===
2025-04-13 11:07:58 - DEBUG - New Error 1: line 45, type: no_goals_to_solve, message: no goals to be solved
2025-04-13 11:07:58 - DEBUG - New Error 2: line 48, type: type_mismatch, message: type mismatch
  pow_three_sqrt_two
has type
  √2 ^ 3 = 2 * √2 : Prop
but is expected to have type
  x ^ 3 = √2 * 2 : Prop
2025-04-13 11:07:58 - INFO - Testing fragment: omega
2025-04-13 11:07:58 - INFO - Original error line:   rw [h₆, ← pow_three_sqrt_two]
2025-04-13 11:08:00 - INFO - Testing fix: Original errors: 6, Fixed errors: 5
2025-04-13 11:08:00 - INFO - Result: False (introduced 1 new errors)
2025-04-13 11:08:00 - DEBUG - === New errors detail ===
2025-04-13 11:08:00 - DEBUG - New Error 1: line 40, type: other_error, message: omega could not prove the goal:
No usable constraints found. You may need to unfold definitions so `omega` can see linear arithmetic facts about `Nat` and `Int`, which may also involve multiplication, division, and modular remainder by constants.
2025-04-13 11:08:00 - INFO - Testing fragment: linarith
2025-04-13 11:08:00 - INFO - Original error line:   rw [h₆, ← pow_three_sqrt_two]
2025-04-13 11:08:02 - INFO - Testing fix: Original errors: 6, Fixed errors: 5
2025-04-13 11:08:02 - INFO - Result: False (introduced 1 new errors)
2025-04-13 11:08:02 - DEBUG - === New errors detail ===
2025-04-13 11:08:02 - DEBUG - New Error 1: line 40, type: linarith_failed, message: linarith failed to find a contradiction
case h1.h
x y : ℝ
h₀ : 0 < x ∧ 0 < y
h₁ : y ^ 3 = 1
h₂ : 6 * x ^ 2 = 2 * (6 * y ^ 2)
h₃ : x ^ 2 = 2 * y ^ 2
h₄ : y = 1
h₅ : x ^ 2 = 2
h₆ : x = √2
a✝ : x ^ 3 < 2 * √2
⊢ False
failed
2025-04-13 11:08:02 - INFO - Testing fragment: nlinarith
2025-04-13 11:08:02 - INFO - Original error line:   rw [h₆, ← pow_three_sqrt_two]
2025-04-13 11:08:05 - INFO - Testing fix: Original errors: 6, Fixed errors: 5
2025-04-13 11:08:05 - INFO - Result: False (introduced 1 new errors)
2025-04-13 11:08:05 - DEBUG - === New errors detail ===
2025-04-13 11:08:05 - DEBUG - New Error 1: line 43, type: no_goals_to_solve, message: no goals to be solved
2025-04-13 11:08:05 - INFO - Failed attempt time: 23.05 seconds
2025-04-13 11:08:05 - INFO - ❌ Could not generate fix for error at line 40
2025-04-13 11:08:05 - INFO - 
Trying to fix error 6/6: line 40, type: rewrite_failed
2025-04-13 11:08:05 - INFO - Error message: tactic 'rewrite' failed, equality or iff proof expected
  ?m.4524
x y : ℝ
h₀ : 0 < x ∧ 0 < y
h₁ : y ...
2025-04-13 11:08:05 - INFO - Removed header content, remaining 48 lines of code
2025-04-13 11:08:05 - INFO - Using specified target error line: 40
2025-04-13 11:08:06 - INFO - Found error at specified line: unknown identifier 'pow_three_sqrt_two'
2025-04-13 11:08:06 - INFO - Error at line 40: unknown identifier 'pow_three_sqrt_two'
2025-04-13 11:08:06 - INFO - 
==================================================
2025-04-13 11:08:06 - INFO - Code prepared, starting synthesis
2025-04-13 11:08:06 - INFO - Before part: /-- 
What is the volume of a cube whose surface area is twice that of a cube with volume 1? 

$\mathrm{(A)}\ \sqrt{2}\qquad\mathrm{(B)}\ 2\qquad\mathrm{(C)}\ 2\sqrt{2}\qquad\mathrm{(D)}\ 4\qquad\mathrm{(E)}\ 8$ 
Show that it is \mathrm{(C)}.

Proof outline:
1. Let y be the side length of the original cube (volume = 1)
2. Compute y from the volume equation y³ = 1
3. Compute the surface area of original cube: 6y²
4. The new cube has surface area twice this: 2*(6y²) = 12y²
5. Let x be the side length of the new cube
6. Set up equation for new cube's surface area: 6x² = 12y²
7. Solve for x in terms of y
8. Compute volume of new cube: x³
9. Show this equals 2√2
-/
theorem amc12a_2008_p8 (x y : ℝ) (h₀ : 0 < x ∧ 0 < y) (h₁ : y ^ 3 = 1)
  (h₂ : 6 * x ^ 2 = 2 * (6 * y ^ 2)) : x ^ 3 = 2 * Real.sqrt 2 := by
  -- First, simplify the surface area equation h₂ by dividing both sides by 6
  have h₃ : x ^ 2 = 2 * y ^ 2 := by
    rw [mul_assoc, mul_comm] at h₂  -- Rewrite RHS to 2*6*y²
    rw [mul_right_inj' (by norm_num : 6 ≠ 0)] at h₂  -- Divide both sides by 6
    exact h₂
  
  -- From the volume of the original cube (y³ = 1), we get y = 1
  have h₄ : y = 1 := by
    exact (eq_one_of_pow_eq_one (by linarith [h₀.2]) (by norm_num) h₁).symm
  
  -- Substitute y = 1 into the simplified equation x² = 2y²
  have h₅ : x ^ 2 = 2 := by
    rw [h₄, pow_two, mul_one] at h₃
    exact h₃
  
  -- Since x > 0, we can take square root of both sides to get x = √2
  have h₆ : x = Real.sqrt 2 := by
    exact (sqrt_eq_iff_sq_eq (by linarith [h₀.1]) (by linarith)).mpr h₅
  
  -- Now compute x³ = (√2)³ = (√2)² * √2 = 2 * √2
2025-04-13 11:08:06 - INFO - Error line:   rw [h₆, ← pow_three_sqrt_two]
2025-04-13 11:08:06 - INFO - After part: -- Helper lemma to show (√2)³ = 2 * √2
  have pow_three_sqrt_two : (Real.sqrt 2) ^ 3 = 2 * Real.sqrt 2 := by
    rw [pow_succ, pow_two, Real.mul_self_sqrt (by norm_num)]
    ring
  
  -- Apply the helper lemma to complete the proof
  exact pow_three_sqrt_two
2025-04-13 11:08:06 - INFO - ==================================================

2025-04-13 11:08:07 - INFO - Testing fragment: rw [justaplaceholder]
2025-04-13 11:08:07 - INFO - Original error line:   rw [h₆, ← pow_three_sqrt_two]
2025-04-13 11:08:09 - INFO - Testing fix: Original errors: 6, Fixed errors: 6
2025-04-13 11:08:09 - INFO - Result: False (introduced 2 new errors)
2025-04-13 11:08:09 - DEBUG - === New errors detail ===
2025-04-13 11:08:09 - DEBUG - New Error 1: line 40, type: unknown_identifier, message: unknown identifier 'justaplaceholder'
2025-04-13 11:08:09 - DEBUG - New Error 2: line 40, type: rewrite_failed, message: tactic 'rewrite' failed, equality or iff proof expected
  ?m.4521
x y : ℝ
h₀ : 0 < x ∧ 0 < y
h₁ : y ^ 3 = 1
h₂ : 6 * x ^ 2 = 2 * (6 * y ^ 2)
h₃ : x ^ 2 = 2 * y ^ 2
h₄ : y = 1
h₅ : x ^ 2 = 2
h₆ : x = √2
⊢ x ^ 3 = 2 * √2
2025-04-13 11:08:09 - INFO - Testing fragment: rw [<- justaplaceholder]
2025-04-13 11:08:09 - INFO - Original error line:   rw [h₆, ← pow_three_sqrt_two]
2025-04-13 11:08:11 - INFO - Testing fix: Original errors: 6, Fixed errors: 6
2025-04-13 11:08:11 - INFO - Result: False (introduced 2 new errors)
2025-04-13 11:08:11 - DEBUG - === New errors detail ===
2025-04-13 11:08:11 - DEBUG - New Error 1: line 40, type: unknown_identifier, message: unknown identifier 'justaplaceholder'
2025-04-13 11:08:11 - DEBUG - New Error 2: line 40, type: rewrite_failed, message: tactic 'rewrite' failed, equality or iff proof expected
  ?m.4521
x y : ℝ
h₀ : 0 < x ∧ 0 < y
h₁ : y ^ 3 = 1
h₂ : 6 * x ^ 2 = 2 * (6 * y ^ 2)
h₃ : x ^ 2 = 2 * y ^ 2
h₄ : y = 1
h₅ : x ^ 2 = 2
h₆ : x = √2
⊢ x ^ 3 = 2 * √2
2025-04-13 11:08:11 - INFO - Testing fragment: simp
2025-04-13 11:08:11 - INFO - Original error line:   rw [h₆, ← pow_three_sqrt_two]
2025-04-13 11:08:13 - INFO - Testing fix: Original errors: 6, Fixed errors: 5
2025-04-13 11:08:13 - INFO - Result: False (introduced 1 new errors)
2025-04-13 11:08:13 - DEBUG - === New errors detail ===
2025-04-13 11:08:13 - DEBUG - New Error 1: line 40, type: simp_failed, message: simp made no progress
2025-04-13 11:08:13 - INFO - Testing fragment: field_simp
2025-04-13 11:08:13 - INFO - Original error line:   rw [h₆, ← pow_three_sqrt_two]
2025-04-13 11:08:15 - INFO - Testing fix: Original errors: 6, Fixed errors: 5
2025-04-13 11:08:15 - INFO - Result: False (introduced 1 new errors)
2025-04-13 11:08:15 - DEBUG - === New errors detail ===
2025-04-13 11:08:15 - DEBUG - New Error 1: line 40, type: simp_failed, message: simp made no progress
2025-04-13 11:08:15 - INFO - Testing fragment: norm_num
2025-04-13 11:08:15 - INFO - Original error line:   rw [h₆, ← pow_three_sqrt_two]
2025-04-13 11:08:17 - INFO - Testing fix: Original errors: 6, Fixed errors: 6
2025-04-13 11:08:17 - INFO - Result: False (introduced 2 new errors)
2025-04-13 11:08:17 - DEBUG - === New errors detail ===
2025-04-13 11:08:17 - DEBUG - New Error 1: line 45, type: no_goals_to_solve, message: no goals to be solved
2025-04-13 11:08:17 - DEBUG - New Error 2: line 48, type: type_mismatch, message: type mismatch
  pow_three_sqrt_two
has type
  √2 ^ 3 = 2 * √2 : Prop
but is expected to have type
  x ^ 3 = 2 * √2 : Prop
2025-04-13 11:08:17 - INFO - Testing fragment: ring
2025-04-13 11:08:17 - INFO - Original error line:   rw [h₆, ← pow_three_sqrt_two]
2025-04-13 11:08:19 - INFO - Testing fix: Original errors: 6, Fixed errors: 7
2025-04-13 11:08:19 - INFO - Result: False (introduced 3 new errors)
2025-04-13 11:08:19 - DEBUG - === New errors detail ===
2025-04-13 11:08:19 - DEBUG - New Error 1: line 40, type: ring_failed, message: Try this: ring_nf
2025-04-13 11:08:19 - DEBUG - New Error 2: line 45, type: no_goals_to_solve, message: no goals to be solved
2025-04-13 11:08:19 - DEBUG - New Error 3: line 48, type: type_mismatch, message: type mismatch
  pow_three_sqrt_two
has type
  √2 ^ 3 = 2 * √2 : Prop
but is expected to have type
  x ^ 3 = √2 * 2 : Prop
2025-04-13 11:08:19 - INFO - Testing fragment: ring_nf
2025-04-13 11:08:19 - INFO - Original error line:   rw [h₆, ← pow_three_sqrt_two]
2025-04-13 11:08:21 - INFO - Testing fix: Original errors: 6, Fixed errors: 6
2025-04-13 11:08:21 - INFO - Result: False (introduced 2 new errors)
2025-04-13 11:08:21 - DEBUG - === New errors detail ===
2025-04-13 11:08:21 - DEBUG - New Error 1: line 45, type: no_goals_to_solve, message: no goals to be solved
2025-04-13 11:08:21 - DEBUG - New Error 2: line 48, type: type_mismatch, message: type mismatch
  pow_three_sqrt_two
has type
  √2 ^ 3 = 2 * √2 : Prop
but is expected to have type
  x ^ 3 = √2 * 2 : Prop
2025-04-13 11:08:21 - INFO - Testing fragment: omega
2025-04-13 11:08:21 - INFO - Original error line:   rw [h₆, ← pow_three_sqrt_two]
2025-04-13 11:08:23 - INFO - Testing fix: Original errors: 6, Fixed errors: 5
2025-04-13 11:08:23 - INFO - Result: False (introduced 1 new errors)
2025-04-13 11:08:23 - DEBUG - === New errors detail ===
2025-04-13 11:08:23 - DEBUG - New Error 1: line 40, type: other_error, message: omega could not prove the goal:
No usable constraints found. You may need to unfold definitions so `omega` can see linear arithmetic facts about `Nat` and `Int`, which may also involve multiplication, division, and modular remainder by constants.
2025-04-13 11:08:23 - INFO - Testing fragment: linarith
2025-04-13 11:08:23 - INFO - Original error line:   rw [h₆, ← pow_three_sqrt_two]
2025-04-13 11:08:25 - INFO - Testing fix: Original errors: 6, Fixed errors: 5
2025-04-13 11:08:25 - INFO - Result: False (introduced 1 new errors)
2025-04-13 11:08:25 - DEBUG - === New errors detail ===
2025-04-13 11:08:25 - DEBUG - New Error 1: line 40, type: linarith_failed, message: linarith failed to find a contradiction
case h1.h
x y : ℝ
h₀ : 0 < x ∧ 0 < y
h₁ : y ^ 3 = 1
h₂ : 6 * x ^ 2 = 2 * (6 * y ^ 2)
h₃ : x ^ 2 = 2 * y ^ 2
h₄ : y = 1
h₅ : x ^ 2 = 2
h₆ : x = √2
a✝ : x ^ 3 < 2 * √2
⊢ False
failed
2025-04-13 11:08:25 - INFO - Testing fragment: nlinarith
2025-04-13 11:08:25 - INFO - Original error line:   rw [h₆, ← pow_three_sqrt_two]
2025-04-13 11:08:28 - INFO - Testing fix: Original errors: 6, Fixed errors: 5
2025-04-13 11:08:28 - INFO - Result: False (introduced 1 new errors)
2025-04-13 11:08:28 - DEBUG - === New errors detail ===
2025-04-13 11:08:28 - DEBUG - New Error 1: line 43, type: no_goals_to_solve, message: no goals to be solved
2025-04-13 11:08:28 - INFO - Failed attempt time: 23.04 seconds
2025-04-13 11:08:28 - INFO - ❌ Could not generate fix for error at line 40
2025-04-13 11:08:29 - INFO - 
===== Fix attempt completed =====
2025-04-13 11:08:29 - INFO - Original errors: 6
2025-04-13 11:08:29 - INFO - Fixed errors: 0
2025-04-13 11:08:29 - INFO - Failed errors: 6
2025-04-13 11:08:29 - INFO - Remaining errors: 6
2025-04-13 11:08:29 - INFO - Total time: 241.88 seconds
2025-04-13 11:08:29 - INFO - 
Final fixed code:
2025-04-13 11:08:29 - INFO - ----------------------------------------
2025-04-13 11:08:29 - INFO - /-- 
What is the volume of a cube whose surface area is twice that of a cube with volume 1? 

$\mathrm{(A)}\ \sqrt{2}\qquad\mathrm{(B)}\ 2\qquad\mathrm{(C)}\ 2\sqrt{2}\qquad\mathrm{(D)}\ 4\qquad\mathrm{(E)}\ 8$ 
Show that it is \mathrm{(C)}.

Proof outline:
1. Let y be the side length of the original cube (volume = 1)
2. Compute y from the volume equation y³ = 1
3. Compute the surface area of original cube: 6y²
4. The new cube has surface area twice this: 2*(6y²) = 12y²
5. Let x be the side length of the new cube
6. Set up equation for new cube's surface area: 6x² = 12y²
7. Solve for x in terms of y
8. Compute volume of new cube: x³
9. Show this equals 2√2
-/
theorem amc12a_2008_p8 (x y : ℝ) (h₀ : 0 < x ∧ 0 < y) (h₁ : y ^ 3 = 1)
  (h₂ : 6 * x ^ 2 = 2 * (6 * y ^ 2)) : x ^ 3 = 2 * Real.sqrt 2 := by
  -- First, simplify the surface area equation h₂ by dividing both sides by 6
  have h₃ : x ^ 2 = 2 * y ^ 2 := by
    rw [mul_assoc, mul_comm] at h₂  -- Rewrite RHS to 2*6*y²
    rw [mul_right_inj' (by norm_num : 6 ≠ 0)] at h₂  -- Divide both sides by 6
    exact h₂
  
  -- From the volume of the original cube (y³ = 1), we get y = 1
  have h₄ : y = 1 := by
    exact (eq_one_of_pow_eq_one (by linarith [h₀.2]) (by norm_num) h₁).symm
  
  -- Substitute y = 1 into the simplified equation x² = 2y²
  have h₅ : x ^ 2 = 2 := by
    rw [h₄, pow_two, mul_one] at h₃
    exact h₃
  
  -- Since x > 0, we can take square root of both sides to get x = √2
  have h₆ : x = Real.sqrt 2 := by
    exact (sqrt_eq_iff_sq_eq (by linarith [h₀.1]) (by linarith)).mpr h₅
  
  -- Now compute x³ = (√2)³ = (√2)² * √2 = 2 * √2
  rw [h₆, ← pow_three_sqrt_two]
  
  -- Helper lemma to show (√2)³ = 2 * √2
  have pow_three_sqrt_two : (Real.sqrt 2) ^ 3 = 2 * Real.sqrt 2 := by
    rw [pow_succ, pow_two, Real.mul_self_sqrt (by norm_num)]
    ring
  
  -- Apply the helper lemma to complete the proof
  exact pow_three_sqrt_two
2025-04-13 11:08:29 - INFO - ----------------------------------------
2025-04-13 11:08:29 - INFO - 
Detailed error repair report:
2025-04-13 11:08:29 - INFO - Original code error count: 6
❌ Fixed error 1/6: Could not generate fix for error at line 22 «rewrite_failed» (after 22.05s)
❌ Fixed error 2/6: Could not generate fix for error at line 28 «unknown_identifier» (after 22.05s)
❌ Fixed error 3/6: Could not generate fix for error at line 32 «rewrite_failed» (after 22.05s)
❌ Fixed error 4/6: Could not generate fix for error at line 37 «type_mismatch» (after 127.63s)
❌ Fixed error 5/6: Could not generate fix for error at line 40 «unknown_identifier» (after 23.05s)
❌ Fixed error 6/6: Could not generate fix for error at line 40 «rewrite_failed» (after 23.04s)

=== Fix statistics ===
Original error count: 6
Fixed errors: 0 (Fix rate: 0.0000)
Failed errors: 6
Remaining errors: 6
Total time: 241.88 seconds

=== Failed fix details ===

Failed fix 1:
   Line: 22
   Error type: rewrite_failed
   Original error message: tactic 'rewrite' failed, did not find instance of the pattern in the target expression
  ?a * ?b * ?...
   Failure reason: Could not generate fix
   Time: 22.05 seconds

Failed fix 2:
   Line: 28
   Error type: unknown_identifier
   Original error message: unknown identifier 'eq_one_of_pow_eq_one'...
   Failure reason: Could not generate fix
   Time: 22.05 seconds

Failed fix 3:
   Line: 32
   Error type: rewrite_failed
   Original error message: tactic 'rewrite' failed, did not find instance of the pattern in the target expression
  ?a * 1
x y ...
   Failure reason: Could not generate fix
   Time: 22.05 seconds

Failed fix 4:
   Line: 37
   Error type: type_mismatch
   Original error message: type mismatch
  (sqrt_eq_iff_sq_eq
        (le_of_not_gt fun a =>
          Linarith.lt_irrefl
     ...
   Failure reason: Could not generate fix
   Time: 127.63 seconds

Failed fix 5:
   Line: 40
   Error type: unknown_identifier
   Original error message: unknown identifier 'pow_three_sqrt_two'...
   Failure reason: Could not generate fix
   Time: 23.05 seconds

Failed fix 6:
   Line: 40
   Error type: rewrite_failed
   Original error message: tactic 'rewrite' failed, equality or iff proof expected
  ?m.4524
x y : ℝ
h₀ : 0 < x ∧ 0 < y
h₁ : y ...
   Failure reason: Could not generate fix
   Time: 23.04 seconds
2025-04-13 11:08:29 - INFO - 
Fixed code saved to: ./minif2f/lean_fixed/3_fixed.lean
2025-04-13 11:08:29 - INFO - JSON log saved to: ./minif2f/lean_fixed/3_fix_log.json
2025-04-13 11:08:29 - INFO - 
===== LOG FILE LOCATION =====
2025-04-13 11:08:29 - INFO - Detailed log file is available at: ./minif2f/lean_fixed/3.log
2025-04-13 11:08:29 - INFO - ===============================
