2025-04-13 10:42:46 - INFO - Log file initialized at 2025-04-13T10:42:46.885908
2025-04-13 10:42:46 - INFO - ===== LOG FILE LOCATION =====
2025-04-13 10:42:46 - INFO - Detailed log file created at: ./minif2f/lean_fixed/31.log
2025-04-13 10:42:46 - INFO - ===============================
2025-04-13 10:42:46 - INFO - Original code:
2025-04-13 10:42:46 - INFO - ----------------------------------------
2025-04-13 10:42:46 - INFO - import Mathlib
import Aesop

set_option maxHeartbeats 0

open BigOperators Real Nat Topology Rat

/-- What is the remainder of 2004 divided by 12? Show that it is 0.-/
theorem mathd_numbertheory_132 : 2004 % 12 = 0 := by
  -- To prove that 2004 mod 12 equals 0, we need to show that 12 divides 2004 exactly
  -- First approach: Direct computation by factoring both numbers
  
  -- Step 1: Factorize 2004 into its prime components
  have h2004 : 2004 = 12 * 167 := by norm_num
  -- This shows 2004 = 12 × 167, which means 2004 is exactly divisible by 12
  
  -- Step 2: Rewrite the original goal using the factorization
  rw [h2004]
  -- Now the goal becomes (12 * 167) % 12 = 0
  
  -- Step 3: Apply the modulus multiplication rule
  -- The property (a * b) % a = 0 holds for any positive integer b
  rw [mul_comm, Nat.mul_mod_left]
  -- mul_comm swaps the multiplication order to (167 * 12) % 12
  -- Nat.mul_mod_left simplifies this to 0 since any multiple of 12 mod 12 is 0
  
  -- Alternative approach using the definition of modulus:
  -- The modulus a % b is the remainder after division of a by b
  -- Since we've shown 2004 = 12 * 167 + 0, the remainder must be 0
  
  -- No further goals remain, so the proof is complete
2025-04-13 10:42:46 - INFO - ----------------------------------------
2025-04-13 10:42:46 - INFO - 
Checking original code for all errors...
2025-04-13 10:42:55 - INFO - Original code contains 1 errors:
2025-04-13 10:42:55 - INFO - Error 1: line 16, type: no_goals_to_solve, message: no goals to be solved...
2025-04-13 10:42:55 - INFO - 
Starting multi-error continuous repair process...
2025-04-13 10:42:55 - INFO - 
===== Starting to fix all errors =====
2025-04-13 10:42:56 - INFO - 
Found 1 original errors:
2025-04-13 10:42:56 - INFO - Error 1: line 16, type: no_goals_to_solve, message: no goals to be solved...
2025-04-13 10:42:56 - INFO - 
Trying to fix error 1/1: line 16, type: no_goals_to_solve
2025-04-13 10:42:56 - INFO - Error message: no goals to be solved...
2025-04-13 10:42:56 - INFO - Removed header content, remaining 24 lines of code
2025-04-13 10:42:56 - INFO - Using specified target error line: 16
2025-04-13 10:42:57 - INFO - Found error at specified line: no goals to be solved
2025-04-13 10:42:57 - INFO - Error at line 16: no goals to be solved
2025-04-13 10:42:57 - INFO - 
==================================================
2025-04-13 10:42:57 - INFO - Code prepared, starting synthesis
2025-04-13 10:42:57 - INFO - Before part: /-- What is the remainder of 2004 divided by 12? Show that it is 0.-/
theorem mathd_numbertheory_132 : 2004 % 12 = 0 := by
  -- To prove that 2004 mod 12 equals 0, we need to show that 12 divides 2004 exactly
  -- First approach: Direct computation by factoring both numbers
  
  -- Step 1: Factorize 2004 into its prime components
  have h2004 : 2004 = 12 * 167 := by norm_num
  -- This shows 2004 = 12 × 167, which means 2004 is exactly divisible by 12
  
  -- Step 2: Rewrite the original goal using the factorization
  rw [h2004]
  -- Now the goal becomes (12 * 167) % 12 = 0
  
  -- Step 3: Apply the modulus multiplication rule
  -- The property (a * b) % a = 0 holds for any positive integer b
2025-04-13 10:42:57 - INFO - Error line:   rw [mul_comm, Nat.mul_mod_left]
2025-04-13 10:42:57 - INFO - After part: -- mul_comm swaps the multiplication order to (167 * 12) % 12
  -- Nat.mul_mod_left simplifies this to 0 since any multiple of 12 mod 12 is 0
  
  -- Alternative approach using the definition of modulus:
  -- The modulus a % b is the remainder after division of a by b
  -- Since we've shown 2004 = 12 * 167 + 0, the remainder must be 0
  
  -- No further goals remain, so the proof is complete
2025-04-13 10:42:57 - INFO - ==================================================

2025-04-13 10:42:58 - INFO - Testing fragment: rw [justaplaceholder]
2025-04-13 10:42:58 - INFO - Original error line:   rw [mul_comm, Nat.mul_mod_left]
2025-04-13 10:43:00 - INFO - Testing fix: Original errors: 1, Fixed errors: 1
2025-04-13 10:43:00 - INFO - Result: False (introduced 1 new errors)
2025-04-13 10:43:00 - DEBUG - === New errors detail ===
2025-04-13 10:43:00 - DEBUG - New Error 1: line 16, type: no_goals_to_solve, message: no goals to be solved
2025-04-13 10:43:00 - INFO - Testing fragment: rw [<- justaplaceholder]
2025-04-13 10:43:00 - INFO - Original error line:   rw [mul_comm, Nat.mul_mod_left]
2025-04-13 10:43:02 - INFO - Testing fix: Original errors: 1, Fixed errors: 1
2025-04-13 10:43:02 - INFO - Result: False (introduced 1 new errors)
2025-04-13 10:43:02 - DEBUG - === New errors detail ===
2025-04-13 10:43:02 - DEBUG - New Error 1: line 16, type: no_goals_to_solve, message: no goals to be solved
2025-04-13 10:43:02 - INFO - Testing fragment: simp
2025-04-13 10:43:02 - INFO - Original error line:   rw [mul_comm, Nat.mul_mod_left]
2025-04-13 10:43:04 - INFO - Testing fix: Original errors: 1, Fixed errors: 1
2025-04-13 10:43:04 - INFO - Result: False (introduced 1 new errors)
2025-04-13 10:43:04 - DEBUG - === New errors detail ===
2025-04-13 10:43:04 - DEBUG - New Error 1: line 16, type: no_goals_to_solve, message: no goals to be solved
2025-04-13 10:43:04 - INFO - Testing fragment: field_simp
2025-04-13 10:43:04 - INFO - Original error line:   rw [mul_comm, Nat.mul_mod_left]
2025-04-13 10:43:06 - INFO - Testing fix: Original errors: 1, Fixed errors: 1
2025-04-13 10:43:06 - INFO - Result: False (introduced 1 new errors)
2025-04-13 10:43:06 - DEBUG - === New errors detail ===
2025-04-13 10:43:06 - DEBUG - New Error 1: line 16, type: no_goals_to_solve, message: no goals to be solved
2025-04-13 10:43:06 - INFO - Testing fragment: norm_num
2025-04-13 10:43:06 - INFO - Original error line:   rw [mul_comm, Nat.mul_mod_left]
2025-04-13 10:43:08 - INFO - Testing fix: Original errors: 1, Fixed errors: 1
2025-04-13 10:43:08 - INFO - Result: False (introduced 1 new errors)
2025-04-13 10:43:08 - DEBUG - === New errors detail ===
2025-04-13 10:43:08 - DEBUG - New Error 1: line 16, type: no_goals_to_solve, message: no goals to be solved
2025-04-13 10:43:08 - INFO - Testing fragment: ring
2025-04-13 10:43:08 - INFO - Original error line:   rw [mul_comm, Nat.mul_mod_left]
2025-04-13 10:43:10 - INFO - Testing fix: Original errors: 1, Fixed errors: 1
2025-04-13 10:43:10 - INFO - Result: False (introduced 1 new errors)
2025-04-13 10:43:10 - DEBUG - === New errors detail ===
2025-04-13 10:43:10 - DEBUG - New Error 1: line 16, type: no_goals_to_solve, message: no goals to be solved
2025-04-13 10:43:10 - INFO - Testing fragment: ring_nf
2025-04-13 10:43:10 - INFO - Original error line:   rw [mul_comm, Nat.mul_mod_left]
2025-04-13 10:43:12 - INFO - Testing fix: Original errors: 1, Fixed errors: 1
2025-04-13 10:43:12 - INFO - Result: False (introduced 1 new errors)
2025-04-13 10:43:12 - DEBUG - === New errors detail ===
2025-04-13 10:43:12 - DEBUG - New Error 1: line 16, type: no_goals_to_solve, message: no goals to be solved
2025-04-13 10:43:12 - INFO - Testing fragment: omega
2025-04-13 10:43:12 - INFO - Original error line:   rw [mul_comm, Nat.mul_mod_left]
2025-04-13 10:43:14 - INFO - Testing fix: Original errors: 1, Fixed errors: 1
2025-04-13 10:43:14 - INFO - Result: False (introduced 1 new errors)
2025-04-13 10:43:14 - DEBUG - === New errors detail ===
2025-04-13 10:43:14 - DEBUG - New Error 1: line 16, type: no_goals_to_solve, message: no goals to be solved
2025-04-13 10:43:14 - INFO - Testing fragment: linarith
2025-04-13 10:43:14 - INFO - Original error line:   rw [mul_comm, Nat.mul_mod_left]
2025-04-13 10:43:16 - INFO - Testing fix: Original errors: 1, Fixed errors: 1
2025-04-13 10:43:16 - INFO - Result: False (introduced 1 new errors)
2025-04-13 10:43:16 - DEBUG - === New errors detail ===
2025-04-13 10:43:16 - DEBUG - New Error 1: line 16, type: no_goals_to_solve, message: no goals to be solved
2025-04-13 10:43:16 - INFO - Testing fragment: nlinarith
2025-04-13 10:43:16 - INFO - Original error line:   rw [mul_comm, Nat.mul_mod_left]
2025-04-13 10:43:18 - INFO - Testing fix: Original errors: 1, Fixed errors: 1
2025-04-13 10:43:18 - INFO - Result: False (introduced 1 new errors)
2025-04-13 10:43:18 - DEBUG - === New errors detail ===
2025-04-13 10:43:18 - DEBUG - New Error 1: line 16, type: no_goals_to_solve, message: no goals to be solved
2025-04-13 10:43:18 - INFO - Failed attempt time: 22.05 seconds
2025-04-13 10:43:18 - INFO - ❌ Could not generate fix for error at line 16
2025-04-13 10:43:19 - INFO - 
===== Fix attempt completed =====
2025-04-13 10:43:19 - INFO - Original errors: 1
2025-04-13 10:43:19 - INFO - Fixed errors: 0
2025-04-13 10:43:19 - INFO - Failed errors: 1
2025-04-13 10:43:19 - INFO - Remaining errors: 1
2025-04-13 10:43:19 - INFO - Total time: 24.05 seconds
2025-04-13 10:43:19 - INFO - 
Final fixed code:
2025-04-13 10:43:19 - INFO - ----------------------------------------
2025-04-13 10:43:19 - INFO - /-- What is the remainder of 2004 divided by 12? Show that it is 0.-/
theorem mathd_numbertheory_132 : 2004 % 12 = 0 := by
  -- To prove that 2004 mod 12 equals 0, we need to show that 12 divides 2004 exactly
  -- First approach: Direct computation by factoring both numbers
  
  -- Step 1: Factorize 2004 into its prime components
  have h2004 : 2004 = 12 * 167 := by norm_num
  -- This shows 2004 = 12 × 167, which means 2004 is exactly divisible by 12
  
  -- Step 2: Rewrite the original goal using the factorization
  rw [h2004]
  -- Now the goal becomes (12 * 167) % 12 = 0
  
  -- Step 3: Apply the modulus multiplication rule
  -- The property (a * b) % a = 0 holds for any positive integer b
  rw [mul_comm, Nat.mul_mod_left]
  -- mul_comm swaps the multiplication order to (167 * 12) % 12
  -- Nat.mul_mod_left simplifies this to 0 since any multiple of 12 mod 12 is 0
  
  -- Alternative approach using the definition of modulus:
  -- The modulus a % b is the remainder after division of a by b
  -- Since we've shown 2004 = 12 * 167 + 0, the remainder must be 0
  
  -- No further goals remain, so the proof is complete
2025-04-13 10:43:19 - INFO - ----------------------------------------
2025-04-13 10:43:19 - INFO - 
Detailed error repair report:
2025-04-13 10:43:19 - INFO - Original code error count: 1
❌ Fixed error 1/1: Could not generate fix for error at line 16 «no_goals_to_solve» (after 22.05s)

=== Fix statistics ===
Original error count: 1
Fixed errors: 0 (Fix rate: 0.0000)
Failed errors: 1
Remaining errors: 1
Total time: 24.05 seconds

=== Failed fix details ===

Failed fix 1:
   Line: 16
   Error type: no_goals_to_solve
   Original error message: no goals to be solved...
   Failure reason: Could not generate fix
   Time: 22.05 seconds
2025-04-13 10:43:19 - INFO - 
Fixed code saved to: ./minif2f/lean_fixed/31_fixed.lean
2025-04-13 10:43:19 - INFO - JSON log saved to: ./minif2f/lean_fixed/31_fix_log.json
2025-04-13 10:43:19 - INFO - 
===== LOG FILE LOCATION =====
2025-04-13 10:43:19 - INFO - Detailed log file is available at: ./minif2f/lean_fixed/31.log
2025-04-13 10:43:19 - INFO - ===============================
