2025-04-13 10:39:27 - INFO - Log file initialized at 2025-04-13T10:39:27.415521
2025-04-13 10:39:27 - INFO - ===== LOG FILE LOCATION =====
2025-04-13 10:39:27 - INFO - Detailed log file created at: ./minif2f/lean_fixed/35.log
2025-04-13 10:39:27 - INFO - ===============================
2025-04-13 10:39:27 - INFO - Original code:
2025-04-13 10:39:27 - INFO - ----------------------------------------
2025-04-13 10:39:27 - INFO - import Mathlib
import Aesop

set_option maxHeartbeats 0

open BigOperators Real Nat Topology Rat

/-- Show that for any natural number $n \in \mathbb{N}$, $3 \mid n^3 + 2n$ .-/
theorem induction_divisibility_3divnto3m2n (n : ℕ) : 3 ∣ n ^ 3 + 2 * n := by
  -- We'll prove this by induction on n. The induction principle for natural numbers
  -- requires us to prove a base case (n = 0) and an inductive step (if it holds for n, it holds for n+1)
  induction n with
  | zero => 
    -- Base case: n = 0
    -- We need to show 3 divides 0^3 + 2*0 = 0
    -- Any number divides 0, so this is trivial
    simp only [Nat.zero_eq, pow_zero, zero_add, mul_zero]  -- Simplify all terms to 0
    exact dvd_zero 3  -- 3 divides 0 is true by definition
  | succ n ih => 
    -- Inductive step: assume 3 divides n^3 + 2n (induction hypothesis ih)
    -- and prove it for (n+1)^3 + 2(n+1)
    -- First expand (n+1)^3 + 2(n+1) using binomial theorem
    rw [succ_eq_add_one, add_pow, add_mul]
    -- Now we have: n³ + 3n² + 3n + 1 + 2n + 2
    -- Combine like terms: n³ + 2n + 3n² + 3n + 3
    rw [add_assoc, add_comm (2 * n) (3 * n ^ 2 + 3 * n + 3), ←add_assoc]
    -- Now we can write it as (n³ + 2n) + (3n² + 3n + 3)
    -- The first term is divisible by 3 by induction hypothesis
    -- The second term is clearly divisible by 3 since all coefficients are multiples of 3
    -- Use the theorem that if a divides x and a divides y, then a divides x + y
    apply dvd_add
    · exact ih  -- n³ + 2n is divisible by 3 by induction hypothesis
    · -- Show 3 divides 3n² + 3n + 3
      -- Factor out 3 from the expression: 3(n² + n + 1)
      rw [mul_add, mul_add, ←mul_assoc, ←mul_assoc, ←mul_assoc]
      -- Now we have 3 * (n² + n + 1), which is clearly divisible by 3
      exact dvd_mul_right 3 (n ^ 2 + n + 1)
2025-04-13 10:39:27 - INFO - ----------------------------------------
2025-04-13 10:39:27 - INFO - 
Checking original code for all errors...
2025-04-13 10:40:05 - INFO - Original code contains 1 errors:
2025-04-13 10:40:05 - INFO - Error 1: line 16, type: rewrite_failed, message: tactic 'rewrite' failed, did not find instance of the pattern in the target expression
  ?n.succ
cas...
2025-04-13 10:40:05 - INFO - 
Starting multi-error continuous repair process...
2025-04-13 10:40:05 - INFO - 
===== Starting to fix all errors =====
2025-04-13 10:40:06 - INFO - 
Found 1 original errors:
2025-04-13 10:40:06 - INFO - Error 1: line 16, type: rewrite_failed, message: tactic 'rewrite' failed, did not find instance of the pattern in the target expression
  ?n.succ
cas...
2025-04-13 10:40:06 - INFO - 
Trying to fix error 1/1: line 16, type: rewrite_failed
2025-04-13 10:40:06 - INFO - Error message: tactic 'rewrite' failed, did not find instance of the pattern in the target expression
  ?n.succ
cas...
2025-04-13 10:40:06 - INFO - Removed header content, remaining 30 lines of code
2025-04-13 10:40:06 - INFO - Using specified target error line: 16
2025-04-13 10:40:07 - INFO - Found error at specified line: tactic 'rewrite' failed, did not find instance of the pattern in the target expression
  ?n.succ
case succ
n : ℕ
ih : 3 ∣ n ^ 3 + 2 * n
⊢ 3 ∣ (n + 1) ^ 3 + 2 * (n + 1)
2025-04-13 10:40:07 - INFO - Error at line 16: tactic 'rewrite' failed, did not find instance of the pattern in the target expression
  ?n.succ
case succ
n : ℕ
ih : 3 ∣ n ^ 3 + 2 * n
⊢ 3 ∣ (n + 1) ^ 3 + 2 * (n + 1)
2025-04-13 10:40:07 - INFO - 
==================================================
2025-04-13 10:40:07 - INFO - Code prepared, starting synthesis
2025-04-13 10:40:07 - INFO - Before part: /-- Show that for any natural number $n \in \mathbb{N}$, $3 \mid n^3 + 2n$ .-/
theorem induction_divisibility_3divnto3m2n (n : ℕ) : 3 ∣ n ^ 3 + 2 * n := by
  -- We'll prove this by induction on n. The induction principle for natural numbers
  -- requires us to prove a base case (n = 0) and an inductive step (if it holds for n, it holds for n+1)
  induction n with
  | zero => 
    -- Base case: n = 0
    -- We need to show 3 divides 0^3 + 2*0 = 0
    -- Any number divides 0, so this is trivial
    simp only [Nat.zero_eq, pow_zero, zero_add, mul_zero]  -- Simplify all terms to 0
    exact dvd_zero 3  -- 3 divides 0 is true by definition
  | succ n ih => 
    -- Inductive step: assume 3 divides n^3 + 2n (induction hypothesis ih)
    -- and prove it for (n+1)^3 + 2(n+1)
    -- First expand (n+1)^3 + 2(n+1) using binomial theorem
2025-04-13 10:40:07 - INFO - Error line:     rw [succ_eq_add_one, add_pow, add_mul]
2025-04-13 10:40:07 - INFO - After part: -- Now we have: n³ + 3n² + 3n + 1 + 2n + 2
    -- Combine like terms: n³ + 2n + 3n² + 3n + 3
    rw [add_assoc, add_comm (2 * n) (3 * n ^ 2 + 3 * n + 3), ←add_assoc]
    -- Now we can write it as (n³ + 2n) + (3n² + 3n + 3)
    -- The first term is divisible by 3 by induction hypothesis
    -- The second term is clearly divisible by 3 since all coefficients are multiples of 3
    -- Use the theorem that if a divides x and a divides y, then a divides x + y
    apply dvd_add
    · exact ih  -- n³ + 2n is divisible by 3 by induction hypothesis
    · -- Show 3 divides 3n² + 3n + 3
      -- Factor out 3 from the expression: 3(n² + n + 1)
      rw [mul_add, mul_add, ←mul_assoc, ←mul_assoc, ←mul_assoc]
      -- Now we have 3 * (n² + n + 1), which is clearly divisible by 3
      exact dvd_mul_right 3 (n ^ 2 + n + 1)
2025-04-13 10:40:07 - INFO - ==================================================

2025-04-13 10:40:08 - INFO - Testing fragment: rw [justaplaceholder]
2025-04-13 10:40:08 - INFO - Original error line:     rw [succ_eq_add_one, add_pow, add_mul]
2025-04-13 10:40:10 - INFO - Testing fix: Original errors: 1, Fixed errors: 2
2025-04-13 10:40:10 - INFO - Result: False (introduced 2 new errors)
2025-04-13 10:40:10 - DEBUG - === New errors detail ===
2025-04-13 10:40:10 - DEBUG - New Error 1: line 16, type: unknown_identifier, message: unknown identifier 'justaplaceholder'
2025-04-13 10:40:10 - DEBUG - New Error 2: line 16, type: rewrite_failed, message: tactic 'rewrite' failed, equality or iff proof expected
  ?m.1203
case succ
n : ℕ
ih : 3 ∣ n ^ 3 + 2 * n
⊢ 3 ∣ (n + 1) ^ 3 + 2 * (n + 1)
2025-04-13 10:40:10 - INFO - Testing fragment: rw [<- justaplaceholder]
2025-04-13 10:40:10 - INFO - Original error line:     rw [succ_eq_add_one, add_pow, add_mul]
2025-04-13 10:40:12 - INFO - Testing fix: Original errors: 1, Fixed errors: 2
2025-04-13 10:40:12 - INFO - Result: False (introduced 2 new errors)
2025-04-13 10:40:12 - DEBUG - === New errors detail ===
2025-04-13 10:40:12 - DEBUG - New Error 1: line 16, type: unknown_identifier, message: unknown identifier 'justaplaceholder'
2025-04-13 10:40:12 - DEBUG - New Error 2: line 16, type: rewrite_failed, message: tactic 'rewrite' failed, equality or iff proof expected
  ?m.1203
case succ
n : ℕ
ih : 3 ∣ n ^ 3 + 2 * n
⊢ 3 ∣ (n + 1) ^ 3 + 2 * (n + 1)
2025-04-13 10:40:12 - INFO - Testing fragment: simp
2025-04-13 10:40:12 - INFO - Original error line:     rw [succ_eq_add_one, add_pow, add_mul]
2025-04-13 10:40:14 - INFO - Testing fix: Original errors: 1, Fixed errors: 1
2025-04-13 10:40:14 - INFO - Result: False (introduced 1 new errors)
2025-04-13 10:40:14 - DEBUG - === New errors detail ===
2025-04-13 10:40:14 - DEBUG - New Error 1: line 16, type: simp_failed, message: simp made no progress
2025-04-13 10:40:14 - INFO - Testing fragment: field_simp
2025-04-13 10:40:14 - INFO - Original error line:     rw [succ_eq_add_one, add_pow, add_mul]
2025-04-13 10:40:16 - INFO - Testing fix: Original errors: 1, Fixed errors: 1
2025-04-13 10:40:16 - INFO - Result: False (introduced 1 new errors)
2025-04-13 10:40:16 - DEBUG - === New errors detail ===
2025-04-13 10:40:16 - DEBUG - New Error 1: line 16, type: simp_failed, message: simp made no progress
2025-04-13 10:40:16 - INFO - Testing fragment: norm_num
2025-04-13 10:40:16 - INFO - Original error line:     rw [succ_eq_add_one, add_pow, add_mul]
2025-04-13 10:40:18 - INFO - Testing fix: Original errors: 1, Fixed errors: 1
2025-04-13 10:40:18 - INFO - Result: False (introduced 1 new errors)
2025-04-13 10:40:18 - DEBUG - === New errors detail ===
2025-04-13 10:40:18 - DEBUG - New Error 1: line 19, type: rewrite_failed, message: tactic 'rewrite' failed, did not find instance of the pattern in the target expression
  ?a + ?b + ?c
case succ
n : ℕ
ih : 3 ∣ n ^ 3 + 2 * n
⊢ 3 ∣ (n + 1) ^ 3 + 2 * (n + 1)
2025-04-13 10:40:18 - INFO - Testing fragment: ring
2025-04-13 10:40:18 - INFO - Original error line:     rw [succ_eq_add_one, add_pow, add_mul]
2025-04-13 10:40:20 - INFO - Testing fix: Original errors: 1, Fixed errors: 2
2025-04-13 10:40:20 - INFO - Result: False (introduced 2 new errors)
2025-04-13 10:40:20 - DEBUG - === New errors detail ===
2025-04-13 10:40:20 - DEBUG - New Error 1: line 16, type: ring_failed, message: Try this: ring_nf
2025-04-13 10:40:20 - DEBUG - New Error 2: line 19, type: rewrite_failed, message: tactic 'rewrite' failed, did not find instance of the pattern in the target expression
  2 * n + (3 * n ^ 2 + 3 * n + 3)
case succ
n : ℕ
ih : 3 ∣ n ^ 3 + 2 * n
⊢ 3 ∣ 3 + n * 5 + (n ^ 2 * 3 + n ^ 3)
2025-04-13 10:40:20 - INFO - Testing fragment: ring_nf
2025-04-13 10:40:20 - INFO - Original error line:     rw [succ_eq_add_one, add_pow, add_mul]
2025-04-13 10:40:22 - INFO - Testing fix: Original errors: 1, Fixed errors: 1
2025-04-13 10:40:22 - INFO - Result: False (introduced 1 new errors)
2025-04-13 10:40:22 - DEBUG - === New errors detail ===
2025-04-13 10:40:22 - DEBUG - New Error 1: line 19, type: rewrite_failed, message: tactic 'rewrite' failed, did not find instance of the pattern in the target expression
  2 * n + (3 * n ^ 2 + 3 * n + 3)
case succ
n : ℕ
ih : 3 ∣ n ^ 3 + 2 * n
⊢ 3 ∣ 3 + n * 5 + (n ^ 2 * 3 + n ^ 3)
2025-04-13 10:40:22 - INFO - Testing fragment: omega
2025-04-13 10:40:22 - INFO - Original error line:     rw [succ_eq_add_one, add_pow, add_mul]
2025-04-13 10:40:24 - INFO - Testing fix: Original errors: 1, Fixed errors: 1
2025-04-13 10:40:24 - INFO - Result: False (introduced 1 new errors)
2025-04-13 10:40:24 - DEBUG - === New errors detail ===
2025-04-13 10:40:24 - DEBUG - New Error 1: line 16, type: other_error, message: omega could not prove the goal:
a possible counterexample may satisfy the constraints
  -1 ≤ 2*a + c - 3*d ≤ 0
  c ≥ 0
  2*a - 3*b ≤ 0
  a ≥ 0
where
 a := ↑n
 b := ↑(n ^ 3 + 2 * n) / 3
 c := ↑((n + 1) ^ 3)
 d := ↑((n + 1) ^ 3 + 2 * (n + 1)) / 3
2025-04-13 10:40:24 - INFO - Testing fragment: linarith
2025-04-13 10:40:24 - INFO - Original error line:     rw [succ_eq_add_one, add_pow, add_mul]
2025-04-13 10:40:26 - INFO - Testing fix: Original errors: 1, Fixed errors: 1
2025-04-13 10:40:26 - INFO - Result: False (introduced 1 new errors)
2025-04-13 10:40:26 - DEBUG - === New errors detail ===
2025-04-13 10:40:26 - DEBUG - New Error 1: line 16, type: linarith_failed, message: linarith failed to find a contradiction
case succ
n : ℕ
ih : 3 ∣ n ^ 3 + 2 * n
⊢ False
failed
2025-04-13 10:40:26 - INFO - Testing fragment: nlinarith
2025-04-13 10:40:26 - INFO - Original error line:     rw [succ_eq_add_one, add_pow, add_mul]
2025-04-13 10:40:28 - INFO - Testing fix: Original errors: 1, Fixed errors: 1
2025-04-13 10:40:28 - INFO - Result: False (introduced 1 new errors)
2025-04-13 10:40:28 - DEBUG - === New errors detail ===
2025-04-13 10:40:28 - DEBUG - New Error 1: line 16, type: linarith_failed, message: linarith failed to find a contradiction
case succ
n : ℕ
ih : 3 ∣ n ^ 3 + 2 * n
⊢ False
failed
2025-04-13 10:40:28 - INFO - Failed attempt time: 22.04 seconds
2025-04-13 10:40:28 - INFO - ❌ Could not generate fix for error at line 16
2025-04-13 10:40:29 - INFO - 
===== Fix attempt completed =====
2025-04-13 10:40:29 - INFO - Original errors: 1
2025-04-13 10:40:29 - INFO - Fixed errors: 0
2025-04-13 10:40:29 - INFO - Failed errors: 1
2025-04-13 10:40:29 - INFO - Remaining errors: 1
2025-04-13 10:40:29 - INFO - Total time: 24.04 seconds
2025-04-13 10:40:29 - INFO - 
Final fixed code:
2025-04-13 10:40:29 - INFO - ----------------------------------------
2025-04-13 10:40:29 - INFO - /-- Show that for any natural number $n \in \mathbb{N}$, $3 \mid n^3 + 2n$ .-/
theorem induction_divisibility_3divnto3m2n (n : ℕ) : 3 ∣ n ^ 3 + 2 * n := by
  -- We'll prove this by induction on n. The induction principle for natural numbers
  -- requires us to prove a base case (n = 0) and an inductive step (if it holds for n, it holds for n+1)
  induction n with
  | zero => 
    -- Base case: n = 0
    -- We need to show 3 divides 0^3 + 2*0 = 0
    -- Any number divides 0, so this is trivial
    simp only [Nat.zero_eq, pow_zero, zero_add, mul_zero]  -- Simplify all terms to 0
    exact dvd_zero 3  -- 3 divides 0 is true by definition
  | succ n ih => 
    -- Inductive step: assume 3 divides n^3 + 2n (induction hypothesis ih)
    -- and prove it for (n+1)^3 + 2(n+1)
    -- First expand (n+1)^3 + 2(n+1) using binomial theorem
    rw [succ_eq_add_one, add_pow, add_mul]
    -- Now we have: n³ + 3n² + 3n + 1 + 2n + 2
    -- Combine like terms: n³ + 2n + 3n² + 3n + 3
    rw [add_assoc, add_comm (2 * n) (3 * n ^ 2 + 3 * n + 3), ←add_assoc]
    -- Now we can write it as (n³ + 2n) + (3n² + 3n + 3)
    -- The first term is divisible by 3 by induction hypothesis
    -- The second term is clearly divisible by 3 since all coefficients are multiples of 3
    -- Use the theorem that if a divides x and a divides y, then a divides x + y
    apply dvd_add
    · exact ih  -- n³ + 2n is divisible by 3 by induction hypothesis
    · -- Show 3 divides 3n² + 3n + 3
      -- Factor out 3 from the expression: 3(n² + n + 1)
      rw [mul_add, mul_add, ←mul_assoc, ←mul_assoc, ←mul_assoc]
      -- Now we have 3 * (n² + n + 1), which is clearly divisible by 3
      exact dvd_mul_right 3 (n ^ 2 + n + 1)
2025-04-13 10:40:29 - INFO - ----------------------------------------
2025-04-13 10:40:29 - INFO - 
Detailed error repair report:
2025-04-13 10:40:29 - INFO - Original code error count: 1
❌ Fixed error 1/1: Could not generate fix for error at line 16 «rewrite_failed» (after 22.04s)

=== Fix statistics ===
Original error count: 1
Fixed errors: 0 (Fix rate: 0.0000)
Failed errors: 1
Remaining errors: 1
Total time: 24.04 seconds

=== Failed fix details ===

Failed fix 1:
   Line: 16
   Error type: rewrite_failed
   Original error message: tactic 'rewrite' failed, did not find instance of the pattern in the target expression
  ?n.succ
cas...
   Failure reason: Could not generate fix
   Time: 22.04 seconds
2025-04-13 10:40:29 - INFO - 
Fixed code saved to: ./minif2f/lean_fixed/35_fixed.lean
2025-04-13 10:40:29 - INFO - JSON log saved to: ./minif2f/lean_fixed/35_fix_log.json
2025-04-13 10:40:29 - INFO - 
===== LOG FILE LOCATION =====
2025-04-13 10:40:29 - INFO - Detailed log file is available at: ./minif2f/lean_fixed/35.log
2025-04-13 10:40:29 - INFO - ===============================
