2025-04-13 10:39:27 - INFO - Log file initialized at 2025-04-13T10:39:27.414584
2025-04-13 10:39:27 - INFO - ===== LOG FILE LOCATION =====
2025-04-13 10:39:27 - INFO - Detailed log file created at: ./minif2f/lean_fixed/36.log
2025-04-13 10:39:27 - INFO - ===============================
2025-04-13 10:39:27 - INFO - Original code:
2025-04-13 10:39:27 - INFO - ----------------------------------------
2025-04-13 10:39:27 - INFO - import Mathlib
import Aesop

set_option maxHeartbeats 0

open BigOperators Real Nat Topology Rat

/-- Show that for positive integer $n$, $\sum_{k=0}^{n-1} \frac{1}{(k+1)(k+2)} = \frac{n}{n+1}$.-/
theorem induction_sum_1oktkp1 (n : ℕ) :
    (∑ k in Finset.range n, (1 : ℝ) / ((k + 1) * (k + 2))) = n / (n + 1) := by
  -- We'll prove this by induction on n
  induction n with
  | zero =>
    -- Base case: n = 0
    -- The sum over an empty range is 0, and 0/(0+1) = 0
    simp [Finset.range_zero]  -- Simplify the empty sum
    norm_num  -- Normalize numerical expressions
  | succ m ih =>
    -- Inductive step: assume true for n = m (induction hypothesis ih), prove for n = m + 1
    -- First rewrite the sum for m+1 as the sum for m plus the new term
    rw [Finset.range_succ, Finset.sum_insert (Finset.not_mem_range_self m)]
    -- Rewrite using the induction hypothesis
    rw [ih]
    -- The new term is 1/((m+1)*(m+2))
    -- Now we need to show: m/(m+1) + 1/((m+1)*(m+2)) = (m+1)/(m+2)
    -- First find a common denominator
    have common_denom : (m + 1) * (m + 2) = (m + 1) * (m + 2) := by ring
    -- Rewrite both fractions with the common denominator
    rw [div_eq_mul_inv, div_eq_mul_inv, div_eq_mul_inv]
    -- Convert to multiplication form
    rw [← mul_inv, ← mul_inv, ← mul_inv]
    -- Factor out the inverse of the common denominator
    rw [mul_add, ← mul_assoc]
    -- Simplify the numerators
    have num1 : m * (m + 2) = m^2 + 2*m := by ring
    have num2 : 1 = 1 := by rfl
    rw [num1, num2]
    -- Combine terms in the numerator
    have combined_num : (m^2 + 2*m + 1) = (m + 1)^2 := by ring
    rw [combined_num]
    -- Now we have: (m+1)^2 / ((m+1)*(m+2)) = (m+1)/(m+2)
    -- Cancel one (m+1) factor from numerator and denominator
    have cancel_factor : (m + 1)^2 / ((m + 1) * (m + 2)) = 
        (m + 1) * (m + 1) / ((m + 1) * (m + 2)) := by ring
    rw [cancel_factor]
    rw [mul_div_mul_left]
    -- The remaining expression is exactly what we need
    -- The side condition is m + 1 ≠ 0, which holds since m is a natural number
    simp [m.succ_ne_zero]  -- Simplify using the fact that m+1 ≠ 0
2025-04-13 10:39:27 - INFO - ----------------------------------------
2025-04-13 10:39:27 - INFO - 
Checking original code for all errors...
2025-04-13 10:40:05 - INFO - Original code contains 3 errors:
2025-04-13 10:40:05 - INFO - Error 1: line 10, type: no_goals_to_solve, message: no goals to be solved...
2025-04-13 10:40:05 - INFO - Error 2: line 14, type: type_mismatch, message: application type mismatch
  Finset.not_mem_range_self m
argument
  m
has type
  ℕ : Type
but is expe...
2025-04-13 10:40:05 - INFO - Error 3: line 24, type: rewrite_failed, message: tactic 'rewrite' failed, did not find instance of the pattern in the target expression
  ?a⁻¹ * ?b⁻¹...
2025-04-13 10:40:05 - INFO - 
Starting multi-error continuous repair process...
2025-04-13 10:40:05 - INFO - 
===== Starting to fix all errors =====
2025-04-13 10:40:06 - INFO - 
Found 3 original errors:
2025-04-13 10:40:06 - INFO - Error 1: line 10, type: no_goals_to_solve, message: no goals to be solved...
2025-04-13 10:40:06 - INFO - Error 2: line 14, type: type_mismatch, message: application type mismatch
  Finset.not_mem_range_self m
argument
  m
has type
  ℕ : Type
but is expe...
2025-04-13 10:40:06 - INFO - Error 3: line 24, type: rewrite_failed, message: tactic 'rewrite' failed, did not find instance of the pattern in the target expression
  ?a⁻¹ * ?b⁻¹...
2025-04-13 10:40:06 - INFO - 
Trying to fix error 1/3: line 10, type: no_goals_to_solve
2025-04-13 10:40:06 - INFO - Error message: no goals to be solved...
2025-04-13 10:40:06 - INFO - Removed header content, remaining 42 lines of code
2025-04-13 10:40:06 - INFO - Using specified target error line: 10
2025-04-13 10:40:07 - INFO - Found error at specified line: no goals to be solved
2025-04-13 10:40:07 - INFO - Error at line 10: no goals to be solved
2025-04-13 10:40:07 - INFO - 
==================================================
2025-04-13 10:40:07 - INFO - Code prepared, starting synthesis
2025-04-13 10:40:07 - INFO - Before part: /-- Show that for positive integer $n$, $\sum_{k=0}^{n-1} \frac{1}{(k+1)(k+2)} = \frac{n}{n+1}$.-/
theorem induction_sum_1oktkp1 (n : ℕ) :
    (∑ k in Finset.range n, (1 : ℝ) / ((k + 1) * (k + 2))) = n / (n + 1) := by
  -- We'll prove this by induction on n
  induction n with
  | zero =>
    -- Base case: n = 0
    -- The sum over an empty range is 0, and 0/(0+1) = 0
    simp [Finset.range_zero]  -- Simplify the empty sum
2025-04-13 10:40:07 - INFO - Error line:     norm_num  -- Normalize numerical expressions
2025-04-13 10:40:07 - INFO - After part: | succ m ih =>
    -- Inductive step: assume true for n = m (induction hypothesis ih), prove for n = m + 1
    -- First rewrite the sum for m+1 as the sum for m plus the new term
    rw [Finset.range_succ, Finset.sum_insert (Finset.not_mem_range_self m)]
    -- Rewrite using the induction hypothesis
    rw [ih]
    -- The new term is 1/((m+1)*(m+2))
    -- Now we need to show: m/(m+1) + 1/((m+1)*(m+2)) = (m+1)/(m+2)
    -- First find a common denominator
    have common_denom : (m + 1) * (m + 2) = (m + 1) * (m + 2) := by ring
    -- Rewrite both fractions with the common denominator
    rw [div_eq_mul_inv, div_eq_mul_inv, div_eq_mul_inv]
    -- Convert to multiplication form
    rw [← mul_inv, ← mul_inv, ← mul_inv]
    -- Factor out the inverse of the common denominator
    rw [mul_add, ← mul_assoc]
    -- Simplify the numerators
    have num1 : m * (m + 2) = m^2 + 2*m := by ring
    have num2 : 1 = 1 := by rfl
    rw [num1, num2]
    -- Combine terms in the numerator
    have combined_num : (m^2 + 2*m + 1) = (m + 1)^2 := by ring
    rw [combined_num]
    -- Now we have: (m+1)^2 / ((m+1)*(m+2)) = (m+1)/(m+2)
    -- Cancel one (m+1) factor from numerator and denominator
    have cancel_factor : (m + 1)^2 / ((m + 1) * (m + 2)) = 
        (m + 1) * (m + 1) / ((m + 1) * (m + 2)) := by ring
    rw [cancel_factor]
    rw [mul_div_mul_left]
    -- The remaining expression is exactly what we need
    -- The side condition is m + 1 ≠ 0, which holds since m is a natural number
    simp [m.succ_ne_zero]  -- Simplify using the fact that m+1 ≠ 0
2025-04-13 10:40:07 - INFO - ==================================================

2025-04-13 10:40:08 - INFO - Testing fragment: rw [justaplaceholder]
2025-04-13 10:40:08 - INFO - Original error line:     norm_num  -- Normalize numerical expressions
2025-04-13 10:40:10 - INFO - Testing fix: Original errors: 3, Fixed errors: 3
2025-04-13 10:40:10 - INFO - Result: False (introduced 1 new errors)
2025-04-13 10:40:10 - DEBUG - === New errors detail ===
2025-04-13 10:40:10 - DEBUG - New Error 1: line 10, type: no_goals_to_solve, message: no goals to be solved
2025-04-13 10:40:10 - INFO - Testing fragment: rw [<- justaplaceholder]
2025-04-13 10:40:10 - INFO - Original error line:     norm_num  -- Normalize numerical expressions
2025-04-13 10:40:12 - INFO - Testing fix: Original errors: 3, Fixed errors: 3
2025-04-13 10:40:12 - INFO - Result: False (introduced 1 new errors)
2025-04-13 10:40:12 - DEBUG - === New errors detail ===
2025-04-13 10:40:12 - DEBUG - New Error 1: line 10, type: no_goals_to_solve, message: no goals to be solved
2025-04-13 10:40:12 - INFO - Testing fragment: simp
2025-04-13 10:40:12 - INFO - Original error line:     norm_num  -- Normalize numerical expressions
2025-04-13 10:40:14 - INFO - Testing fix: Original errors: 3, Fixed errors: 3
2025-04-13 10:40:14 - INFO - Result: False (introduced 1 new errors)
2025-04-13 10:40:14 - DEBUG - === New errors detail ===
2025-04-13 10:40:14 - DEBUG - New Error 1: line 10, type: no_goals_to_solve, message: no goals to be solved
2025-04-13 10:40:14 - INFO - Testing fragment: field_simp
2025-04-13 10:40:14 - INFO - Original error line:     norm_num  -- Normalize numerical expressions
2025-04-13 10:40:16 - INFO - Testing fix: Original errors: 3, Fixed errors: 3
2025-04-13 10:40:16 - INFO - Result: False (introduced 1 new errors)
2025-04-13 10:40:16 - DEBUG - === New errors detail ===
2025-04-13 10:40:16 - DEBUG - New Error 1: line 10, type: no_goals_to_solve, message: no goals to be solved
2025-04-13 10:40:16 - INFO - Testing fragment: norm_num
2025-04-13 10:40:16 - INFO - Original error line:     norm_num  -- Normalize numerical expressions
2025-04-13 10:40:18 - INFO - Testing fix: Original errors: 3, Fixed errors: 3
2025-04-13 10:40:18 - INFO - Target error not fixed: no goals to be solved...
2025-04-13 10:40:18 - INFO - Result: False (target error not fixed)
2025-04-13 10:40:18 - INFO - Testing fragment: ring
2025-04-13 10:40:18 - INFO - Original error line:     norm_num  -- Normalize numerical expressions
2025-04-13 10:40:20 - INFO - Testing fix: Original errors: 3, Fixed errors: 3
2025-04-13 10:40:20 - INFO - Result: False (introduced 1 new errors)
2025-04-13 10:40:20 - DEBUG - === New errors detail ===
2025-04-13 10:40:20 - DEBUG - New Error 1: line 10, type: no_goals_to_solve, message: no goals to be solved
2025-04-13 10:40:20 - INFO - Testing fragment: ring_nf
2025-04-13 10:40:20 - INFO - Original error line:     norm_num  -- Normalize numerical expressions
2025-04-13 10:40:22 - INFO - Testing fix: Original errors: 3, Fixed errors: 3
2025-04-13 10:40:22 - INFO - Result: False (introduced 1 new errors)
2025-04-13 10:40:22 - DEBUG - === New errors detail ===
2025-04-13 10:40:22 - DEBUG - New Error 1: line 10, type: no_goals_to_solve, message: no goals to be solved
2025-04-13 10:40:22 - INFO - Testing fragment: omega
2025-04-13 10:40:22 - INFO - Original error line:     norm_num  -- Normalize numerical expressions
2025-04-13 10:40:24 - INFO - Testing fix: Original errors: 3, Fixed errors: 3
2025-04-13 10:40:24 - INFO - Result: False (introduced 1 new errors)
2025-04-13 10:40:24 - DEBUG - === New errors detail ===
2025-04-13 10:40:24 - DEBUG - New Error 1: line 10, type: no_goals_to_solve, message: no goals to be solved
2025-04-13 10:40:24 - INFO - Testing fragment: linarith
2025-04-13 10:40:24 - INFO - Original error line:     norm_num  -- Normalize numerical expressions
2025-04-13 10:40:26 - INFO - Testing fix: Original errors: 3, Fixed errors: 3
2025-04-13 10:40:26 - INFO - Target error not fixed: no goals to be solved...
2025-04-13 10:40:26 - INFO - Result: False (target error not fixed)
2025-04-13 10:40:26 - INFO - Testing fragment: nlinarith
2025-04-13 10:40:26 - INFO - Original error line:     norm_num  -- Normalize numerical expressions
2025-04-13 10:40:28 - INFO - Testing fix: Original errors: 3, Fixed errors: 3
2025-04-13 10:40:28 - INFO - Result: False (introduced 1 new errors)
2025-04-13 10:40:28 - DEBUG - === New errors detail ===
2025-04-13 10:40:28 - DEBUG - New Error 1: line 10, type: no_goals_to_solve, message: no goals to be solved
2025-04-13 10:40:28 - INFO - Failed attempt time: 22.04 seconds
2025-04-13 10:40:28 - INFO - ❌ Could not generate fix for error at line 10
2025-04-13 10:40:28 - INFO - 
Trying to fix error 2/3: line 14, type: type_mismatch
2025-04-13 10:40:28 - INFO - Error message: application type mismatch
  Finset.not_mem_range_self m
argument
  m
has type
  ℕ : Type
but is expe...
2025-04-13 10:40:28 - INFO - Removed header content, remaining 42 lines of code
2025-04-13 10:40:28 - INFO - Using specified target error line: 14
2025-04-13 10:40:29 - INFO - Found error at specified line: application type mismatch
  Finset.not_mem_range_self m
argument
  m
has type
  ℕ : Type
but is expected to have type
  ?m.3763 ∈ Finset.range ?m.3763 : Prop
2025-04-13 10:40:29 - INFO - Error at line 14: application type mismatch
  Finset.not_mem_range_self m
argument
  m
has type
  ℕ : Type
but is expected to have type
  ?m.3763 ∈ Finset.range ?m.3763 : Prop
2025-04-13 10:40:29 - INFO - 
==================================================
2025-04-13 10:40:29 - INFO - Code prepared, starting synthesis
2025-04-13 10:40:29 - INFO - Before part: /-- Show that for positive integer $n$, $\sum_{k=0}^{n-1} \frac{1}{(k+1)(k+2)} = \frac{n}{n+1}$.-/
theorem induction_sum_1oktkp1 (n : ℕ) :
    (∑ k in Finset.range n, (1 : ℝ) / ((k + 1) * (k + 2))) = n / (n + 1) := by
  -- We'll prove this by induction on n
  induction n with
  | zero =>
    -- Base case: n = 0
    -- The sum over an empty range is 0, and 0/(0+1) = 0
    simp [Finset.range_zero]  -- Simplify the empty sum
    norm_num  -- Normalize numerical expressions
  | succ m ih =>
    -- Inductive step: assume true for n = m (induction hypothesis ih), prove for n = m + 1
    -- First rewrite the sum for m+1 as the sum for m plus the new term
2025-04-13 10:40:29 - INFO - Error line:     rw [Finset.range_succ, Finset.sum_insert (Finset.not_mem_range_self m)]
2025-04-13 10:40:29 - INFO - After part: -- Rewrite using the induction hypothesis
    rw [ih]
    -- The new term is 1/((m+1)*(m+2))
    -- Now we need to show: m/(m+1) + 1/((m+1)*(m+2)) = (m+1)/(m+2)
    -- First find a common denominator
    have common_denom : (m + 1) * (m + 2) = (m + 1) * (m + 2) := by ring
    -- Rewrite both fractions with the common denominator
    rw [div_eq_mul_inv, div_eq_mul_inv, div_eq_mul_inv]
    -- Convert to multiplication form
    rw [← mul_inv, ← mul_inv, ← mul_inv]
    -- Factor out the inverse of the common denominator
    rw [mul_add, ← mul_assoc]
    -- Simplify the numerators
    have num1 : m * (m + 2) = m^2 + 2*m := by ring
    have num2 : 1 = 1 := by rfl
    rw [num1, num2]
    -- Combine terms in the numerator
    have combined_num : (m^2 + 2*m + 1) = (m + 1)^2 := by ring
    rw [combined_num]
    -- Now we have: (m+1)^2 / ((m+1)*(m+2)) = (m+1)/(m+2)
    -- Cancel one (m+1) factor from numerator and denominator
    have cancel_factor : (m + 1)^2 / ((m + 1) * (m + 2)) = 
        (m + 1) * (m + 1) / ((m + 1) * (m + 2)) := by ring
    rw [cancel_factor]
    rw [mul_div_mul_left]
    -- The remaining expression is exactly what we need
    -- The side condition is m + 1 ≠ 0, which holds since m is a natural number
    simp [m.succ_ne_zero]  -- Simplify using the fact that m+1 ≠ 0
2025-04-13 10:40:29 - INFO - ==================================================

2025-04-13 10:40:30 - INFO - Testing fragment: rw [justaplaceholder]
2025-04-13 10:40:30 - INFO - Original error line:     rw [Finset.range_succ, Finset.sum_insert (Finset.not_mem_range_self m)]
2025-04-13 10:40:32 - INFO - Testing fix: Original errors: 3, Fixed errors: 3
2025-04-13 10:40:32 - INFO - Result: False (introduced 2 new errors)
2025-04-13 10:40:32 - DEBUG - === New errors detail ===
2025-04-13 10:40:32 - DEBUG - New Error 1: line 14, type: unknown_identifier, message: unknown identifier 'justaplaceholder'
2025-04-13 10:40:32 - DEBUG - New Error 2: line 14, type: rewrite_failed, message: tactic 'rewrite' failed, equality or iff proof expected
  ?m.3750
case succ
m : ℕ
ih : ∑ k ∈ Finset.range m, 1 / ((↑k + 1) * (↑k + 2)) = ↑m / (↑m + 1)
⊢ ∑ k ∈ Finset.range (m + 1), 1 / ((↑k + 1) * (↑k + 2)) = ↑(m + 1) / (↑(m + 1) + 1)
2025-04-13 10:40:32 - INFO - Testing fragment: rw [<- justaplaceholder]
2025-04-13 10:40:32 - INFO - Original error line:     rw [Finset.range_succ, Finset.sum_insert (Finset.not_mem_range_self m)]
2025-04-13 10:40:34 - INFO - Testing fix: Original errors: 3, Fixed errors: 3
2025-04-13 10:40:34 - INFO - Result: False (introduced 2 new errors)
2025-04-13 10:40:34 - DEBUG - === New errors detail ===
2025-04-13 10:40:34 - DEBUG - New Error 1: line 14, type: unknown_identifier, message: unknown identifier 'justaplaceholder'
2025-04-13 10:40:34 - DEBUG - New Error 2: line 14, type: rewrite_failed, message: tactic 'rewrite' failed, equality or iff proof expected
  ?m.3750
case succ
m : ℕ
ih : ∑ k ∈ Finset.range m, 1 / ((↑k + 1) * (↑k + 2)) = ↑m / (↑m + 1)
⊢ ∑ k ∈ Finset.range (m + 1), 1 / ((↑k + 1) * (↑k + 2)) = ↑(m + 1) / (↑(m + 1) + 1)
2025-04-13 10:40:34 - INFO - Testing fragment: simp
2025-04-13 10:40:34 - INFO - Original error line:     rw [Finset.range_succ, Finset.sum_insert (Finset.not_mem_range_self m)]
2025-04-13 10:40:36 - INFO - Testing fix: Original errors: 3, Fixed errors: 2
2025-04-13 10:40:36 - INFO - Result: False (introduced 1 new errors)
2025-04-13 10:40:36 - DEBUG - === New errors detail ===
2025-04-13 10:40:36 - DEBUG - New Error 1: line 16, type: rewrite_failed, message: tactic 'rewrite' failed, did not find instance of the pattern in the target expression
  ∑ k ∈ Finset.range m, 1 / ((↑k + 1) * (↑k + 2))
case succ
m : ℕ
ih : ∑ k ∈ Finset.range m, 1 / ((↑k + 1) * (↑k + 2)) = ↑m / (↑m + 1)
⊢ ∑ x ∈ Finset.range (m + 1), (↑x + 2)⁻¹ * (↑x + 1)⁻¹ = (↑m + 1) / (↑m + 1 + 1)
2025-04-13 10:40:36 - INFO - Testing fragment: field_simp
2025-04-13 10:40:36 - INFO - Original error line:     rw [Finset.range_succ, Finset.sum_insert (Finset.not_mem_range_self m)]
2025-04-13 10:40:38 - INFO - Testing fix: Original errors: 3, Fixed errors: 2
2025-04-13 10:40:38 - INFO - Result: False (introduced 1 new errors)
2025-04-13 10:40:38 - DEBUG - === New errors detail ===
2025-04-13 10:40:38 - DEBUG - New Error 1: line 16, type: rewrite_failed, message: tactic 'rewrite' failed, did not find instance of the pattern in the target expression
  ∑ k ∈ Finset.range m, 1 / ((↑k + 1) * (↑k + 2))
case succ
m : ℕ
ih : ∑ k ∈ Finset.range m, 1 / ((↑k + 1) * (↑k + 2)) = ↑m / (↑m + 1)
⊢ (∑ k ∈ Finset.range (m + 1), 1 / ((↑k + 1) * (↑k + 2))) * (↑m + 1 + 1) = ↑m + 1
2025-04-13 10:40:38 - INFO - Testing fragment: norm_num
2025-04-13 10:40:38 - INFO - Original error line:     rw [Finset.range_succ, Finset.sum_insert (Finset.not_mem_range_self m)]
2025-04-13 10:40:40 - INFO - Testing fix: Original errors: 3, Fixed errors: 2
2025-04-13 10:40:40 - INFO - Result: False (introduced 1 new errors)
2025-04-13 10:40:40 - DEBUG - === New errors detail ===
2025-04-13 10:40:40 - DEBUG - New Error 1: line 16, type: rewrite_failed, message: tactic 'rewrite' failed, did not find instance of the pattern in the target expression
  ∑ k ∈ Finset.range m, 1 / ((↑k + 1) * (↑k + 2))
case succ
m : ℕ
ih : ∑ k ∈ Finset.range m, 1 / ((↑k + 1) * (↑k + 2)) = ↑m / (↑m + 1)
⊢ ∑ x ∈ Finset.range (m + 1), (↑x + 2)⁻¹ * (↑x + 1)⁻¹ = (↑m + 1) / (↑m + 1 + 1)
2025-04-13 10:40:40 - INFO - Testing fragment: ring
2025-04-13 10:40:40 - INFO - Original error line:     rw [Finset.range_succ, Finset.sum_insert (Finset.not_mem_range_self m)]
2025-04-13 10:40:42 - INFO - Testing fix: Original errors: 3, Fixed errors: 3
2025-04-13 10:40:42 - INFO - Result: False (introduced 2 new errors)
2025-04-13 10:40:42 - DEBUG - === New errors detail ===
2025-04-13 10:40:42 - DEBUG - New Error 1: line 14, type: ring_failed, message: Try this: ring_nf
2025-04-13 10:40:42 - DEBUG - New Error 2: line 16, type: rewrite_failed, message: tactic 'rewrite' failed, did not find instance of the pattern in the target expression
  ∑ k ∈ Finset.range m, 1 / ((↑k + 1) * (↑k + 2))
case succ
m : ℕ
ih : ∑ k ∈ Finset.range m, 1 / ((↑k + 1) * (↑k + 2)) = ↑m / (↑m + 1)
⊢ ∑ x ∈ Finset.range (1 + m), (2 + ↑x * 3 + ↑x ^ 2)⁻¹ = ↑(1 + m) / (↑(1 + m) + 1)
2025-04-13 10:40:42 - INFO - Testing fragment: ring_nf
2025-04-13 10:40:42 - INFO - Original error line:     rw [Finset.range_succ, Finset.sum_insert (Finset.not_mem_range_self m)]
2025-04-13 10:40:44 - INFO - Testing fix: Original errors: 3, Fixed errors: 2
2025-04-13 10:40:44 - INFO - Result: False (introduced 1 new errors)
2025-04-13 10:40:44 - DEBUG - === New errors detail ===
2025-04-13 10:40:44 - DEBUG - New Error 1: line 16, type: rewrite_failed, message: tactic 'rewrite' failed, did not find instance of the pattern in the target expression
  ∑ k ∈ Finset.range m, 1 / ((↑k + 1) * (↑k + 2))
case succ
m : ℕ
ih : ∑ k ∈ Finset.range m, 1 / ((↑k + 1) * (↑k + 2)) = ↑m / (↑m + 1)
⊢ ∑ x ∈ Finset.range (1 + m), (2 + ↑x * 3 + ↑x ^ 2)⁻¹ = ↑(1 + m) / (↑(1 + m) + 1)
2025-04-13 10:40:44 - INFO - Testing fragment: omega
2025-04-13 10:40:44 - INFO - Original error line:     rw [Finset.range_succ, Finset.sum_insert (Finset.not_mem_range_self m)]
2025-04-13 10:40:46 - INFO - Testing fix: Original errors: 3, Fixed errors: 2
2025-04-13 10:40:46 - INFO - Result: False (introduced 1 new errors)
2025-04-13 10:40:46 - DEBUG - === New errors detail ===
2025-04-13 10:40:46 - DEBUG - New Error 1: line 14, type: other_error, message: omega could not prove the goal:
No usable constraints found. You may need to unfold definitions so `omega` can see linear arithmetic facts about `Nat` and `Int`, which may also involve multiplication, division, and modular remainder by constants.
2025-04-13 10:40:46 - INFO - Testing fragment: linarith
2025-04-13 10:40:46 - INFO - Original error line:     rw [Finset.range_succ, Finset.sum_insert (Finset.not_mem_range_self m)]
2025-04-13 10:40:48 - INFO - Testing fix: Original errors: 3, Fixed errors: 2
2025-04-13 10:40:48 - INFO - Result: False (introduced 1 new errors)
2025-04-13 10:40:48 - DEBUG - === New errors detail ===
2025-04-13 10:40:48 - DEBUG - New Error 1: line 14, type: linarith_failed, message: linarith failed to find a contradiction
case succ.h1.h
m : ℕ
ih : ∑ k ∈ Finset.range m, 1 / ((↑k + 1) * (↑k + 2)) = ↑m / (↑m + 1)
a✝ : ∑ k ∈ Finset.range (m + 1), 1 / ((↑k + 1) * (↑k + 2)) < ↑(m + 1) / (↑(m + 1) + 1)
⊢ False
failed
2025-04-13 10:40:48 - INFO - Testing fragment: nlinarith
2025-04-13 10:40:48 - INFO - Original error line:     rw [Finset.range_succ, Finset.sum_insert (Finset.not_mem_range_self m)]
2025-04-13 10:40:50 - INFO - Testing fix: Original errors: 3, Fixed errors: 2
2025-04-13 10:40:50 - INFO - Result: False (introduced 1 new errors)
2025-04-13 10:40:50 - DEBUG - === New errors detail ===
2025-04-13 10:40:50 - DEBUG - New Error 1: line 14, type: linarith_failed, message: linarith failed to find a contradiction
case succ.h1.h
m : ℕ
ih : ∑ k ∈ Finset.range m, 1 / ((↑k + 1) * (↑k + 2)) = ↑m / (↑m + 1)
a✝ : ∑ k ∈ Finset.range (m + 1), 1 / ((↑k + 1) * (↑k + 2)) < ↑(m + 1) / (↑(m + 1) + 1)
⊢ False
failed
2025-04-13 10:40:50 - INFO - Failed attempt time: 22.04 seconds
2025-04-13 10:40:50 - INFO - ❌ Could not generate fix for error at line 14
2025-04-13 10:40:50 - INFO - 
Trying to fix error 3/3: line 24, type: rewrite_failed
2025-04-13 10:40:50 - INFO - Error message: tactic 'rewrite' failed, did not find instance of the pattern in the target expression
  ?a⁻¹ * ?b⁻¹...
2025-04-13 10:40:50 - INFO - Removed header content, remaining 42 lines of code
2025-04-13 10:40:50 - INFO - Using specified target error line: 24
2025-04-13 10:40:51 - INFO - Found error at specified line: tactic 'rewrite' failed, did not find instance of the pattern in the target expression
  ?a⁻¹ * ?b⁻¹
case succ
m : ℕ
ih : ∑ k ∈ Finset.range m, 1 / ((↑k + 1) * (↑k + 2)) = ↑m / (↑m + 1)
common_denom : (m + 1) * (m + 2) = (m + 1) * (m + 2)
⊢ 1 * ((↑m + 1) * (↑m + 2))⁻¹ + ↑m * (↑m + 1)⁻¹ = ↑(m + 1) * (↑(m + 1) + 1)⁻¹
2025-04-13 10:40:51 - INFO - Error at line 24: tactic 'rewrite' failed, did not find instance of the pattern in the target expression
  ?a⁻¹ * ?b⁻¹
case succ
m : ℕ
ih : ∑ k ∈ Finset.range m, 1 / ((↑k + 1) * (↑k + 2)) = ↑m / (↑m + 1)
common_denom : (m + 1) * (m + 2) = (m + 1) * (m + 2)
⊢ 1 * ((↑m + 1) * (↑m + 2))⁻¹ + ↑m * (↑m + 1)⁻¹ = ↑(m + 1) * (↑(m + 1) + 1)⁻¹
2025-04-13 10:40:51 - INFO - 
==================================================
2025-04-13 10:40:51 - INFO - Code prepared, starting synthesis
2025-04-13 10:40:51 - INFO - Before part: /-- Show that for positive integer $n$, $\sum_{k=0}^{n-1} \frac{1}{(k+1)(k+2)} = \frac{n}{n+1}$.-/
theorem induction_sum_1oktkp1 (n : ℕ) :
    (∑ k in Finset.range n, (1 : ℝ) / ((k + 1) * (k + 2))) = n / (n + 1) := by
  -- We'll prove this by induction on n
  induction n with
  | zero =>
    -- Base case: n = 0
    -- The sum over an empty range is 0, and 0/(0+1) = 0
    simp [Finset.range_zero]  -- Simplify the empty sum
    norm_num  -- Normalize numerical expressions
  | succ m ih =>
    -- Inductive step: assume true for n = m (induction hypothesis ih), prove for n = m + 1
    -- First rewrite the sum for m+1 as the sum for m plus the new term
    rw [Finset.range_succ, Finset.sum_insert (Finset.not_mem_range_self m)]
    -- Rewrite using the induction hypothesis
    rw [ih]
    -- The new term is 1/((m+1)*(m+2))
    -- Now we need to show: m/(m+1) + 1/((m+1)*(m+2)) = (m+1)/(m+2)
    -- First find a common denominator
    have common_denom : (m + 1) * (m + 2) = (m + 1) * (m + 2) := by ring
    -- Rewrite both fractions with the common denominator
    rw [div_eq_mul_inv, div_eq_mul_inv, div_eq_mul_inv]
    -- Convert to multiplication form
2025-04-13 10:40:51 - INFO - Error line:     rw [← mul_inv, ← mul_inv, ← mul_inv]
2025-04-13 10:40:51 - INFO - After part: -- Factor out the inverse of the common denominator
    rw [mul_add, ← mul_assoc]
    -- Simplify the numerators
    have num1 : m * (m + 2) = m^2 + 2*m := by ring
    have num2 : 1 = 1 := by rfl
    rw [num1, num2]
    -- Combine terms in the numerator
    have combined_num : (m^2 + 2*m + 1) = (m + 1)^2 := by ring
    rw [combined_num]
    -- Now we have: (m+1)^2 / ((m+1)*(m+2)) = (m+1)/(m+2)
    -- Cancel one (m+1) factor from numerator and denominator
    have cancel_factor : (m + 1)^2 / ((m + 1) * (m + 2)) = 
        (m + 1) * (m + 1) / ((m + 1) * (m + 2)) := by ring
    rw [cancel_factor]
    rw [mul_div_mul_left]
    -- The remaining expression is exactly what we need
    -- The side condition is m + 1 ≠ 0, which holds since m is a natural number
    simp [m.succ_ne_zero]  -- Simplify using the fact that m+1 ≠ 0
2025-04-13 10:40:51 - INFO - ==================================================

2025-04-13 10:40:52 - INFO - Testing fragment: rw [justaplaceholder]
2025-04-13 10:40:52 - INFO - Original error line:     rw [← mul_inv, ← mul_inv, ← mul_inv]
2025-04-13 10:40:54 - INFO - Testing fix: Original errors: 3, Fixed errors: 4
2025-04-13 10:40:54 - INFO - Result: False (introduced 2 new errors)
2025-04-13 10:40:54 - DEBUG - === New errors detail ===
2025-04-13 10:40:54 - DEBUG - New Error 1: line 24, type: unknown_identifier, message: unknown identifier 'justaplaceholder'
2025-04-13 10:40:54 - DEBUG - New Error 2: line 24, type: rewrite_failed, message: tactic 'rewrite' failed, equality or iff proof expected
  ?m.6200
case succ
m : ℕ
ih : ∑ k ∈ Finset.range m, 1 / ((↑k + 1) * (↑k + 2)) = ↑m / (↑m + 1)
common_denom : (m + 1) * (m + 2) = (m + 1) * (m + 2)
⊢ 1 * ((↑m + 1) * (↑m + 2))⁻¹ + ↑m * (↑m + 1)⁻¹ = ↑(m + 1) * (↑(m + 1) + 1)⁻¹
2025-04-13 10:40:54 - INFO - Testing fragment: rw [<- justaplaceholder]
2025-04-13 10:40:54 - INFO - Original error line:     rw [← mul_inv, ← mul_inv, ← mul_inv]
2025-04-13 10:40:56 - INFO - Testing fix: Original errors: 3, Fixed errors: 4
2025-04-13 10:40:56 - INFO - Result: False (introduced 2 new errors)
2025-04-13 10:40:56 - DEBUG - === New errors detail ===
2025-04-13 10:40:56 - DEBUG - New Error 1: line 24, type: unknown_identifier, message: unknown identifier 'justaplaceholder'
2025-04-13 10:40:56 - DEBUG - New Error 2: line 24, type: rewrite_failed, message: tactic 'rewrite' failed, equality or iff proof expected
  ?m.6200
case succ
m : ℕ
ih : ∑ k ∈ Finset.range m, 1 / ((↑k + 1) * (↑k + 2)) = ↑m / (↑m + 1)
common_denom : (m + 1) * (m + 2) = (m + 1) * (m + 2)
⊢ 1 * ((↑m + 1) * (↑m + 2))⁻¹ + ↑m * (↑m + 1)⁻¹ = ↑(m + 1) * (↑(m + 1) + 1)⁻¹
2025-04-13 10:40:56 - INFO - Testing fragment: simp
2025-04-13 10:40:56 - INFO - Original error line:     rw [← mul_inv, ← mul_inv, ← mul_inv]
2025-04-13 10:40:58 - INFO - Testing fix: Original errors: 3, Fixed errors: 3
2025-04-13 10:40:58 - INFO - Result: False (introduced 1 new errors)
2025-04-13 10:40:58 - DEBUG - === New errors detail ===
2025-04-13 10:40:58 - DEBUG - New Error 1: line 26, type: rewrite_failed, message: tactic 'rewrite' failed, did not find instance of the pattern in the target expression
  ?a * (?b + ?c)
case succ
m : ℕ
ih : ∑ k ∈ Finset.range m, 1 / ((↑k + 1) * (↑k + 2)) = ↑m / (↑m + 1)
common_denom : (m + 1) * (m + 2) = (m + 1) * (m + 2)
⊢ (↑m + 2)⁻¹ * (↑m + 1)⁻¹ + ↑m * (↑m + 1)⁻¹ = (↑m + 1) * (↑m + 1 + 1)⁻¹
2025-04-13 10:40:58 - INFO - Testing fragment: field_simp
2025-04-13 10:40:58 - INFO - Original error line:     rw [← mul_inv, ← mul_inv, ← mul_inv]
2025-04-13 10:41:00 - INFO - Testing fix: Original errors: 3, Fixed errors: 3
2025-04-13 10:41:00 - INFO - Result: False (introduced 1 new errors)
2025-04-13 10:41:00 - DEBUG - === New errors detail ===
2025-04-13 10:41:00 - DEBUG - New Error 1: line 30, type: rewrite_failed, message: tactic 'rewrite' failed, did not find instance of the pattern in the target expression
  m * (m + 2)
case succ
m : ℕ
ih : ∑ k ∈ Finset.range m, 1 / ((↑k + 1) * (↑k + 2)) = ↑m / (↑m + 1)
common_denom : (m + 1) * (m + 2) = (m + 1) * (m + 2)
num1 : m * (m + 2) = m ^ 2 + 2 * m
num2 : 1 = 1
⊢ (↑m + 1 + ↑m * (↑m + 1) * (↑m + 2)) * (↑m + 1) + (↑m + 1 + ↑m * (↑m + 1) * (↑m + 2)) * 1 =
    (↑m + 1) * ((↑m + 1) * (↑m + 2) * (↑m + 1))
2025-04-13 10:41:00 - INFO - Testing fragment: norm_num
2025-04-13 10:41:00 - INFO - Original error line:     rw [← mul_inv, ← mul_inv, ← mul_inv]
2025-04-13 10:41:02 - INFO - Testing fix: Original errors: 3, Fixed errors: 3
2025-04-13 10:41:02 - INFO - Result: False (introduced 1 new errors)
2025-04-13 10:41:02 - DEBUG - === New errors detail ===
2025-04-13 10:41:02 - DEBUG - New Error 1: line 26, type: rewrite_failed, message: tactic 'rewrite' failed, did not find instance of the pattern in the target expression
  ?a * (?b + ?c)
case succ
m : ℕ
ih : ∑ k ∈ Finset.range m, 1 / ((↑k + 1) * (↑k + 2)) = ↑m / (↑m + 1)
common_denom : (m + 1) * (m + 2) = (m + 1) * (m + 2)
⊢ (↑m + 2)⁻¹ * (↑m + 1)⁻¹ + ↑m * (↑m + 1)⁻¹ = (↑m + 1) * (↑m + 1 + 1)⁻¹
2025-04-13 10:41:02 - INFO - Testing fragment: ring
2025-04-13 10:41:02 - INFO - Original error line:     rw [← mul_inv, ← mul_inv, ← mul_inv]
2025-04-13 10:41:04 - INFO - Testing fix: Original errors: 3, Fixed errors: 4
2025-04-13 10:41:04 - INFO - Result: False (introduced 2 new errors)
2025-04-13 10:41:04 - DEBUG - === New errors detail ===
2025-04-13 10:41:04 - DEBUG - New Error 1: line 24, type: ring_failed, message: Try this: ring_nf
2025-04-13 10:41:04 - DEBUG - New Error 2: line 26, type: rewrite_failed, message: tactic 'rewrite' failed, did not find instance of the pattern in the target expression
  ?a * (?b + ?c)
case succ
m : ℕ
ih : ∑ k ∈ Finset.range m, 1 / ((↑k + 1) * (↑k + 2)) = ↑m / (↑m + 1)
common_denom : (m + 1) * (m + 2) = (m + 1) * (m + 2)
⊢ ↑m * (1 + ↑m)⁻¹ + (2 + ↑m * 3 + ↑m ^ 2)⁻¹ = ↑(1 + m) * (1 + ↑(1 + m))⁻¹
2025-04-13 10:41:04 - INFO - Testing fragment: ring_nf
2025-04-13 10:41:04 - INFO - Original error line:     rw [← mul_inv, ← mul_inv, ← mul_inv]
2025-04-13 10:41:06 - INFO - Testing fix: Original errors: 3, Fixed errors: 3
2025-04-13 10:41:06 - INFO - Result: False (introduced 1 new errors)
2025-04-13 10:41:06 - DEBUG - === New errors detail ===
2025-04-13 10:41:06 - DEBUG - New Error 1: line 26, type: rewrite_failed, message: tactic 'rewrite' failed, did not find instance of the pattern in the target expression
  ?a * (?b + ?c)
case succ
m : ℕ
ih : ∑ k ∈ Finset.range m, 1 / ((↑k + 1) * (↑k + 2)) = ↑m / (↑m + 1)
common_denom : (m + 1) * (m + 2) = (m + 1) * (m + 2)
⊢ ↑m * (1 + ↑m)⁻¹ + (2 + ↑m * 3 + ↑m ^ 2)⁻¹ = ↑(1 + m) * (1 + ↑(1 + m))⁻¹
2025-04-13 10:41:06 - INFO - Testing fragment: omega
2025-04-13 10:41:06 - INFO - Original error line:     rw [← mul_inv, ← mul_inv, ← mul_inv]
2025-04-13 10:41:08 - INFO - Testing fix: Original errors: 3, Fixed errors: 3
2025-04-13 10:41:08 - INFO - Result: False (introduced 1 new errors)
2025-04-13 10:41:08 - DEBUG - === New errors detail ===
2025-04-13 10:41:08 - DEBUG - New Error 1: line 24, type: other_error, message: omega could not prove the goal:
No usable constraints found. You may need to unfold definitions so `omega` can see linear arithmetic facts about `Nat` and `Int`, which may also involve multiplication, division, and modular remainder by constants.
2025-04-13 10:41:08 - INFO - Testing fragment: linarith
2025-04-13 10:41:08 - INFO - Original error line:     rw [← mul_inv, ← mul_inv, ← mul_inv]
2025-04-13 10:41:10 - INFO - Testing fix: Original errors: 3, Fixed errors: 3
2025-04-13 10:41:10 - INFO - Result: False (introduced 1 new errors)
2025-04-13 10:41:10 - DEBUG - === New errors detail ===
2025-04-13 10:41:10 - DEBUG - New Error 1: line 24, type: linarith_failed, message: linarith failed to find a contradiction
case succ.h1.h
m : ℕ
ih : ∑ k ∈ Finset.range m, 1 / ((↑k + 1) * (↑k + 2)) = ↑m / (↑m + 1)
common_denom : (m + 1) * (m + 2) = (m + 1) * (m + 2)
a✝ : 1 * ((↑m + 1) * (↑m + 2))⁻¹ + ↑m * (↑m + 1)⁻¹ < ↑(m + 1) * (↑(m + 1) + 1)⁻¹
⊢ False
failed
2025-04-13 10:41:10 - INFO - Testing fragment: nlinarith
2025-04-13 10:41:10 - INFO - Original error line:     rw [← mul_inv, ← mul_inv, ← mul_inv]
2025-04-13 10:41:12 - INFO - Testing fix: Original errors: 3, Fixed errors: 3
2025-04-13 10:41:12 - INFO - Result: False (introduced 1 new errors)
2025-04-13 10:41:12 - DEBUG - === New errors detail ===
2025-04-13 10:41:12 - DEBUG - New Error 1: line 24, type: linarith_failed, message: linarith failed to find a contradiction
case succ.h1.h
m : ℕ
ih : ∑ k ∈ Finset.range m, 1 / ((↑k + 1) * (↑k + 2)) = ↑m / (↑m + 1)
common_denom : (m + 1) * (m + 2) = (m + 1) * (m + 2)
a✝ : 1 * ((↑m + 1) * (↑m + 2))⁻¹ + ↑m * (↑m + 1)⁻¹ < ↑(m + 1) * (↑(m + 1) + 1)⁻¹
⊢ False
failed
2025-04-13 10:41:12 - INFO - Failed attempt time: 22.04 seconds
2025-04-13 10:41:12 - INFO - ❌ Could not generate fix for error at line 24
2025-04-13 10:41:13 - INFO - 
===== Fix attempt completed =====
2025-04-13 10:41:13 - INFO - Original errors: 3
2025-04-13 10:41:13 - INFO - Fixed errors: 0
2025-04-13 10:41:13 - INFO - Failed errors: 3
2025-04-13 10:41:13 - INFO - Remaining errors: 3
2025-04-13 10:41:13 - INFO - Total time: 68.13 seconds
2025-04-13 10:41:13 - INFO - 
Final fixed code:
2025-04-13 10:41:13 - INFO - ----------------------------------------
2025-04-13 10:41:13 - INFO - /-- Show that for positive integer $n$, $\sum_{k=0}^{n-1} \frac{1}{(k+1)(k+2)} = \frac{n}{n+1}$.-/
theorem induction_sum_1oktkp1 (n : ℕ) :
    (∑ k in Finset.range n, (1 : ℝ) / ((k + 1) * (k + 2))) = n / (n + 1) := by
  -- We'll prove this by induction on n
  induction n with
  | zero =>
    -- Base case: n = 0
    -- The sum over an empty range is 0, and 0/(0+1) = 0
    simp [Finset.range_zero]  -- Simplify the empty sum
    norm_num  -- Normalize numerical expressions
  | succ m ih =>
    -- Inductive step: assume true for n = m (induction hypothesis ih), prove for n = m + 1
    -- First rewrite the sum for m+1 as the sum for m plus the new term
    rw [Finset.range_succ, Finset.sum_insert (Finset.not_mem_range_self m)]
    -- Rewrite using the induction hypothesis
    rw [ih]
    -- The new term is 1/((m+1)*(m+2))
    -- Now we need to show: m/(m+1) + 1/((m+1)*(m+2)) = (m+1)/(m+2)
    -- First find a common denominator
    have common_denom : (m + 1) * (m + 2) = (m + 1) * (m + 2) := by ring
    -- Rewrite both fractions with the common denominator
    rw [div_eq_mul_inv, div_eq_mul_inv, div_eq_mul_inv]
    -- Convert to multiplication form
    rw [← mul_inv, ← mul_inv, ← mul_inv]
    -- Factor out the inverse of the common denominator
    rw [mul_add, ← mul_assoc]
    -- Simplify the numerators
    have num1 : m * (m + 2) = m^2 + 2*m := by ring
    have num2 : 1 = 1 := by rfl
    rw [num1, num2]
    -- Combine terms in the numerator
    have combined_num : (m^2 + 2*m + 1) = (m + 1)^2 := by ring
    rw [combined_num]
    -- Now we have: (m+1)^2 / ((m+1)*(m+2)) = (m+1)/(m+2)
    -- Cancel one (m+1) factor from numerator and denominator
    have cancel_factor : (m + 1)^2 / ((m + 1) * (m + 2)) = 
        (m + 1) * (m + 1) / ((m + 1) * (m + 2)) := by ring
    rw [cancel_factor]
    rw [mul_div_mul_left]
    -- The remaining expression is exactly what we need
    -- The side condition is m + 1 ≠ 0, which holds since m is a natural number
    simp [m.succ_ne_zero]  -- Simplify using the fact that m+1 ≠ 0
2025-04-13 10:41:13 - INFO - ----------------------------------------
2025-04-13 10:41:13 - INFO - 
Detailed error repair report:
2025-04-13 10:41:13 - INFO - Original code error count: 3
❌ Fixed error 1/3: Could not generate fix for error at line 10 «no_goals_to_solve» (after 22.04s)
❌ Fixed error 2/3: Could not generate fix for error at line 14 «type_mismatch» (after 22.04s)
❌ Fixed error 3/3: Could not generate fix for error at line 24 «rewrite_failed» (after 22.04s)

=== Fix statistics ===
Original error count: 3
Fixed errors: 0 (Fix rate: 0.0000)
Failed errors: 3
Remaining errors: 3
Total time: 68.13 seconds

=== Failed fix details ===

Failed fix 1:
   Line: 10
   Error type: no_goals_to_solve
   Original error message: no goals to be solved...
   Failure reason: Could not generate fix
   Time: 22.04 seconds

Failed fix 2:
   Line: 14
   Error type: type_mismatch
   Original error message: application type mismatch
  Finset.not_mem_range_self m
argument
  m
has type
  ℕ : Type
but is expe...
   Failure reason: Could not generate fix
   Time: 22.04 seconds

Failed fix 3:
   Line: 24
   Error type: rewrite_failed
   Original error message: tactic 'rewrite' failed, did not find instance of the pattern in the target expression
  ?a⁻¹ * ?b⁻¹...
   Failure reason: Could not generate fix
   Time: 22.04 seconds
2025-04-13 10:41:13 - INFO - 
Fixed code saved to: ./minif2f/lean_fixed/36_fixed.lean
2025-04-13 10:41:13 - INFO - JSON log saved to: ./minif2f/lean_fixed/36_fix_log.json
2025-04-13 10:41:13 - INFO - 
===== LOG FILE LOCATION =====
2025-04-13 10:41:13 - INFO - Detailed log file is available at: ./minif2f/lean_fixed/36.log
2025-04-13 10:41:13 - INFO - ===============================
