2025-04-13 10:39:27 - INFO - Log file initialized at 2025-04-13T10:39:27.415409
2025-04-13 10:39:27 - INFO - ===== LOG FILE LOCATION =====
2025-04-13 10:39:27 - INFO - Detailed log file created at: ./minif2f/lean_fixed/37.log
2025-04-13 10:39:27 - INFO - ===============================
2025-04-13 10:39:27 - INFO - Original code:
2025-04-13 10:39:27 - INFO - ----------------------------------------
2025-04-13 10:39:27 - INFO - import Mathlib
import Aesop

set_option maxHeartbeats 0

open BigOperators Real Nat Topology Rat

/-- What is the sum of all of the positive factors of $36$? Show that it is 91.-/
theorem mathd_numbertheory_32 (S : Finset ℕ) (h₀ : ∀ n : ℕ, n ∈ S ↔ n ∣ 36) : (∑ k in S, k) = 91 := by
  -- First, we need to find all positive divisors of 36. The prime factorization of 36 is 2² × 3².
  -- The number of divisors is given by (2+1)(2+1) = 9.
  
  -- To compute the sum of divisors, we can use the multiplicative property:
  -- σ(36) = σ(2²) × σ(3²) = (1 + 2 + 4) × (1 + 3 + 9) = 7 × 13 = 91
  
  -- In Lean, we'll proceed by:
  -- 1. Showing that S must be exactly the divisors of 36
  -- 2. Computing the sum of these divisors
  
  -- First, let's prove that S contains exactly the divisors of 36
  have hS : S = Nat.divisors 36 := by
    -- Two sets are equal if they have the same elements
    apply Finset.ext
    -- For any natural number n, n ∈ S ↔ n ∈ divisors 36
    intro n
    -- We know n ∈ S ↔ n ∣ 36 from h₀
    -- And by definition, n ∈ divisors 36 ↔ n ∣ 36
    rw [h₀, Nat.mem_divisors]
    -- We need to show n ≠ 0 since 36 ≠ 0
    simp [ne_of_gt (by norm_num : 36 > 0)]
  
  -- Now rewrite the goal using the fact that S = divisors 36
  rw [hS]
  
  -- Compute the sum of divisors of 36
  -- We'll use the fact that 36 = 4 × 9 and 4 and 9 are coprime
  have h4 : 4 = 2^2 := by norm_num
  have h9 : 9 = 3^2 := by norm_num
  have h_coprime : Nat.Coprime 4 9 := by norm_num
  
  -- The sum of divisors function is multiplicative for coprime numbers
  rw [← h4, ← h9, Nat.sum_divisors_mul_sum_divisors h_coprime]
  
  -- Now compute σ(4) = σ(2²) = 1 + 2 + 4 = 7
  have sigma4 : ∑ k in Nat.divisors 4, k = 7 := by
    -- The divisors of 4 are {1, 2, 4}
    have h_div4 : Nat.divisors 4 = {1, 2, 4} := by
      apply Finset.ext
      intro n
      rw [Nat.mem_divisors]
      simp [ne_of_gt (by norm_num : 4 > 0), Nat.dvd_prime_pow (by norm_num : Nat.Prime 2)]
      decide
    rw [h_div4]
    norm_num
  
  -- Compute σ(9) = σ(3²) = 1 + 3 + 9 = 13
  have sigma9 : ∑ k in Nat.divisors 9, k = 13 := by
    -- The divisors of 9 are {1, 3, 9}
    have h_div9 : Nat.divisors 9 = {1, 3, 9} := by
      apply Finset.ext
      intro n
      rw [Nat.mem_divisors]
      simp [ne_of_gt (by norm_num : 9 > 0), Nat.dvd_prime_pow (by norm_num : Nat.Prime 3)]
      decide
    rw [h_div9]
    norm_num
  
  -- Combine the results: σ(36) = σ(4) × σ(9) = 7 × 13 = 91
  rw [sigma4, sigma9]
  norm_num
2025-04-13 10:39:27 - INFO - ----------------------------------------
2025-04-13 10:39:27 - INFO - 
Checking original code for all errors...
2025-04-13 10:40:05 - INFO - Original code contains 2 errors:
2025-04-13 10:40:05 - INFO - Error 1: line 23, type: other_error, message: ambiguous, possible interpretations 
  _root_.ne_of_gt ?m.374 : 36 ≠ 0
  
  Nat.ne_of_gt ?m.846 : 36...
2025-04-13 10:40:05 - INFO - Error 2: line 35, type: rewrite_failed, message: tactic 'rewrite' failed, did not find instance of the pattern in the target expression
  2 ^ 2
S : F...
2025-04-13 10:40:05 - INFO - 
Starting multi-error continuous repair process...
2025-04-13 10:40:05 - INFO - 
===== Starting to fix all errors =====
2025-04-13 10:40:06 - INFO - 
Found 2 original errors:
2025-04-13 10:40:06 - INFO - Error 1: line 23, type: other_error, message: ambiguous, possible interpretations 
  _root_.ne_of_gt ?m.374 : 36 ≠ 0
  
  Nat.ne_of_gt ?m.846 : 36...
2025-04-13 10:40:06 - INFO - Error 2: line 35, type: rewrite_failed, message: tactic 'rewrite' failed, did not find instance of the pattern in the target expression
  2 ^ 2
S : F...
2025-04-13 10:40:06 - INFO - 
Trying to fix error 1/2: line 23, type: other_error
2025-04-13 10:40:06 - INFO - Error message: ambiguous, possible interpretations 
  _root_.ne_of_gt ?m.374 : 36 ≠ 0
  
  Nat.ne_of_gt ?m.846 : 36...
2025-04-13 10:40:06 - INFO - Removed header content, remaining 63 lines of code
2025-04-13 10:40:06 - INFO - Using specified target error line: 23
2025-04-13 10:40:07 - INFO - Found error at specified line: ambiguous, possible interpretations 
  _root_.ne_of_gt ?m.374 : 36 ≠ 0
  
  Nat.ne_of_gt ?m.846 : 36 ≠ 0
2025-04-13 10:40:07 - INFO - Error at line 23: ambiguous, possible interpretations 
  _root_.ne_of_gt ?m.374 : 36 ≠ 0
  
  Nat.ne_of_gt ?m.846 : 36 ≠ 0
2025-04-13 10:40:07 - INFO - 
==================================================
2025-04-13 10:40:07 - INFO - Code prepared, starting synthesis
2025-04-13 10:40:07 - INFO - Before part: /-- What is the sum of all of the positive factors of $36$? Show that it is 91.-/
theorem mathd_numbertheory_32 (S : Finset ℕ) (h₀ : ∀ n : ℕ, n ∈ S ↔ n ∣ 36) : (∑ k in S, k) = 91 := by
  -- First, we need to find all positive divisors of 36. The prime factorization of 36 is 2² × 3².
  -- The number of divisors is given by (2+1)(2+1) = 9.
  
  -- To compute the sum of divisors, we can use the multiplicative property:
  -- σ(36) = σ(2²) × σ(3²) = (1 + 2 + 4) × (1 + 3 + 9) = 7 × 13 = 91
  
  -- In Lean, we'll proceed by:
  -- 1. Showing that S must be exactly the divisors of 36
  -- 2. Computing the sum of these divisors
  
  -- First, let's prove that S contains exactly the divisors of 36
  have hS : S = Nat.divisors 36 := by
    -- Two sets are equal if they have the same elements
    apply Finset.ext
    -- For any natural number n, n ∈ S ↔ n ∈ divisors 36
    intro n
    -- We know n ∈ S ↔ n ∣ 36 from h₀
    -- And by definition, n ∈ divisors 36 ↔ n ∣ 36
    rw [h₀, Nat.mem_divisors]
    -- We need to show n ≠ 0 since 36 ≠ 0
2025-04-13 10:40:07 - INFO - Error line:     simp [ne_of_gt (by norm_num : 36 > 0)]
2025-04-13 10:40:07 - INFO - After part: -- Now rewrite the goal using the fact that S = divisors 36
  rw [hS]
  
  -- Compute the sum of divisors of 36
  -- We'll use the fact that 36 = 4 × 9 and 4 and 9 are coprime
  have h4 : 4 = 2^2 := by norm_num
  have h9 : 9 = 3^2 := by norm_num
  have h_coprime : Nat.Coprime 4 9 := by norm_num
  
  -- The sum of divisors function is multiplicative for coprime numbers
  rw [← h4, ← h9, Nat.sum_divisors_mul_sum_divisors h_coprime]
  
  -- Now compute σ(4) = σ(2²) = 1 + 2 + 4 = 7
  have sigma4 : ∑ k in Nat.divisors 4, k = 7 := by
    -- The divisors of 4 are {1, 2, 4}
    have h_div4 : Nat.divisors 4 = {1, 2, 4} := by
      apply Finset.ext
      intro n
      rw [Nat.mem_divisors]
      simp [ne_of_gt (by norm_num : 4 > 0), Nat.dvd_prime_pow (by norm_num : Nat.Prime 2)]
      decide
    rw [h_div4]
    norm_num
  
  -- Compute σ(9) = σ(3²) = 1 + 3 + 9 = 13
  have sigma9 : ∑ k in Nat.divisors 9, k = 13 := by
    -- The divisors of 9 are {1, 3, 9}
    have h_div9 : Nat.divisors 9 = {1, 3, 9} := by
      apply Finset.ext
      intro n
      rw [Nat.mem_divisors]
      simp [ne_of_gt (by norm_num : 9 > 0), Nat.dvd_prime_pow (by norm_num : Nat.Prime 3)]
      decide
    rw [h_div9]
    norm_num
  
  -- Combine the results: σ(36) = σ(4) × σ(9) = 7 × 13 = 91
  rw [sigma4, sigma9]
  norm_num
2025-04-13 10:40:07 - INFO - ==================================================

2025-04-13 10:40:08 - INFO - Testing fragment: rw [justaplaceholder]
2025-04-13 10:40:08 - INFO - Original error line:     simp [ne_of_gt (by norm_num : 36 > 0)]
2025-04-13 10:40:10 - INFO - Testing fix: Original errors: 2, Fixed errors: 2
2025-04-13 10:40:10 - INFO - Target error not fixed: ambiguous, possible interpretations 
  _root_.ne_of_gt ?m.148 : ?m.146 ≠ ?m.147
  
  Nat.ne_of_gt ?m...
2025-04-13 10:40:10 - INFO - Result: False (target error not fixed)
2025-04-13 10:40:10 - INFO - Testing fragment: rw [<- justaplaceholder]
2025-04-13 10:40:10 - INFO - Original error line:     simp [ne_of_gt (by norm_num : 36 > 0)]
2025-04-13 10:40:12 - INFO - Testing fix: Original errors: 2, Fixed errors: 2
2025-04-13 10:40:12 - INFO - Target error not fixed: ambiguous, possible interpretations 
  _root_.ne_of_gt ?m.148 : ?m.146 ≠ ?m.147
  
  Nat.ne_of_gt ?m...
2025-04-13 10:40:12 - INFO - Result: False (target error not fixed)
2025-04-13 10:40:12 - INFO - Testing fragment: simp
2025-04-13 10:40:12 - INFO - Original error line:     simp [ne_of_gt (by norm_num : 36 > 0)]
2025-04-13 10:40:14 - INFO - Testing fix: Original errors: 2, Fixed errors: 2
2025-04-13 10:40:14 - INFO - Target error not fixed: ambiguous, possible interpretations 
  _root_.ne_of_gt ?m.148 : ?m.146 ≠ ?m.147
  
  Nat.ne_of_gt ?m...
2025-04-13 10:40:14 - INFO - Result: False (target error not fixed)
2025-04-13 10:40:14 - INFO - Testing fragment: field_simp
2025-04-13 10:40:14 - INFO - Original error line:     simp [ne_of_gt (by norm_num : 36 > 0)]
2025-04-13 10:40:16 - INFO - Testing fix: Original errors: 2, Fixed errors: 2
2025-04-13 10:40:16 - INFO - Target error not fixed: ambiguous, possible interpretations 
  _root_.ne_of_gt ?m.148 : ?m.146 ≠ ?m.147
  
  Nat.ne_of_gt ?m...
2025-04-13 10:40:16 - INFO - Result: False (target error not fixed)
2025-04-13 10:40:16 - INFO - Testing fragment: norm_num
2025-04-13 10:40:16 - INFO - Original error line:     simp [ne_of_gt (by norm_num : 36 > 0)]
2025-04-13 10:40:18 - INFO - Testing fix: Original errors: 2, Fixed errors: 2
2025-04-13 10:40:18 - INFO - Target error not fixed: ambiguous, possible interpretations 
  _root_.ne_of_gt ?m.148 : ?m.146 ≠ ?m.147
  
  Nat.ne_of_gt ?m...
2025-04-13 10:40:18 - INFO - Result: False (target error not fixed)
2025-04-13 10:40:18 - INFO - Testing fragment: ring
2025-04-13 10:40:18 - INFO - Original error line:     simp [ne_of_gt (by norm_num : 36 > 0)]
2025-04-13 10:40:20 - INFO - Testing fix: Original errors: 2, Fixed errors: 2
2025-04-13 10:40:20 - INFO - Target error not fixed: ambiguous, possible interpretations 
  _root_.ne_of_gt ?m.148 : ?m.146 ≠ ?m.147
  
  Nat.ne_of_gt ?m...
2025-04-13 10:40:20 - INFO - Result: False (target error not fixed)
2025-04-13 10:40:20 - INFO - Testing fragment: ring_nf
2025-04-13 10:40:20 - INFO - Original error line:     simp [ne_of_gt (by norm_num : 36 > 0)]
2025-04-13 10:40:22 - INFO - Testing fix: Original errors: 2, Fixed errors: 2
2025-04-13 10:40:22 - INFO - Target error not fixed: ambiguous, possible interpretations 
  _root_.ne_of_gt ?m.148 : ?m.146 ≠ ?m.147
  
  Nat.ne_of_gt ?m...
2025-04-13 10:40:22 - INFO - Result: False (target error not fixed)
2025-04-13 10:40:22 - INFO - Testing fragment: omega
2025-04-13 10:40:22 - INFO - Original error line:     simp [ne_of_gt (by norm_num : 36 > 0)]
2025-04-13 10:40:24 - INFO - Testing fix: Original errors: 2, Fixed errors: 2
2025-04-13 10:40:24 - INFO - Target error not fixed: ambiguous, possible interpretations 
  _root_.ne_of_gt ?m.148 : ?m.146 ≠ ?m.147
  
  Nat.ne_of_gt ?m...
2025-04-13 10:40:24 - INFO - Result: False (target error not fixed)
2025-04-13 10:40:24 - INFO - Testing fragment: linarith
2025-04-13 10:40:24 - INFO - Original error line:     simp [ne_of_gt (by norm_num : 36 > 0)]
2025-04-13 10:40:26 - INFO - Testing fix: Original errors: 2, Fixed errors: 2
2025-04-13 10:40:26 - INFO - Target error not fixed: ambiguous, possible interpretations 
  _root_.ne_of_gt ?m.148 : ?m.146 ≠ ?m.147
  
  Nat.ne_of_gt ?m...
2025-04-13 10:40:26 - INFO - Result: False (target error not fixed)
2025-04-13 10:40:26 - INFO - Testing fragment: nlinarith
2025-04-13 10:40:26 - INFO - Original error line:     simp [ne_of_gt (by norm_num : 36 > 0)]
2025-04-13 10:40:28 - INFO - Testing fix: Original errors: 2, Fixed errors: 2
2025-04-13 10:40:28 - INFO - Target error not fixed: ambiguous, possible interpretations 
  _root_.ne_of_gt ?m.148 : ?m.146 ≠ ?m.147
  
  Nat.ne_of_gt ?m...
2025-04-13 10:40:28 - INFO - Result: False (target error not fixed)
2025-04-13 10:40:28 - INFO - Failed attempt time: 22.04 seconds
2025-04-13 10:40:28 - INFO - ❌ Could not generate fix for error at line 23
2025-04-13 10:40:28 - INFO - 
Trying to fix error 2/2: line 35, type: rewrite_failed
2025-04-13 10:40:28 - INFO - Error message: tactic 'rewrite' failed, did not find instance of the pattern in the target expression
  2 ^ 2
S : F...
2025-04-13 10:40:28 - INFO - Removed header content, remaining 63 lines of code
2025-04-13 10:40:28 - INFO - Using specified target error line: 35
2025-04-13 10:40:29 - INFO - Found error at specified line: tactic 'rewrite' failed, did not find instance of the pattern in the target expression
  2 ^ 2
S : Finset ℕ
h₀ : ∀ (n : ℕ), n ∈ S ↔ n ∣ 36
hS : S = divisors 36
h4 : 4 = 2 ^ 2
h9 : 9 = 3 ^ 2
h_coprime : Coprime 4 9
⊢ ∑ k ∈ divisors 36, k = 91
2025-04-13 10:40:29 - INFO - Error at line 35: tactic 'rewrite' failed, did not find instance of the pattern in the target expression
  2 ^ 2
S : Finset ℕ
h₀ : ∀ (n : ℕ), n ∈ S ↔ n ∣ 36
hS : S = divisors 36
h4 : 4 = 2 ^ 2
h9 : 9 = 3 ^ 2
h_coprime : Coprime 4 9
⊢ ∑ k ∈ divisors 36, k = 91
2025-04-13 10:40:29 - INFO - 
==================================================
2025-04-13 10:40:29 - INFO - Code prepared, starting synthesis
2025-04-13 10:40:29 - INFO - Before part: /-- What is the sum of all of the positive factors of $36$? Show that it is 91.-/
theorem mathd_numbertheory_32 (S : Finset ℕ) (h₀ : ∀ n : ℕ, n ∈ S ↔ n ∣ 36) : (∑ k in S, k) = 91 := by
  -- First, we need to find all positive divisors of 36. The prime factorization of 36 is 2² × 3².
  -- The number of divisors is given by (2+1)(2+1) = 9.
  
  -- To compute the sum of divisors, we can use the multiplicative property:
  -- σ(36) = σ(2²) × σ(3²) = (1 + 2 + 4) × (1 + 3 + 9) = 7 × 13 = 91
  
  -- In Lean, we'll proceed by:
  -- 1. Showing that S must be exactly the divisors of 36
  -- 2. Computing the sum of these divisors
  
  -- First, let's prove that S contains exactly the divisors of 36
  have hS : S = Nat.divisors 36 := by
    -- Two sets are equal if they have the same elements
    apply Finset.ext
    -- For any natural number n, n ∈ S ↔ n ∈ divisors 36
    intro n
    -- We know n ∈ S ↔ n ∣ 36 from h₀
    -- And by definition, n ∈ divisors 36 ↔ n ∣ 36
    rw [h₀, Nat.mem_divisors]
    -- We need to show n ≠ 0 since 36 ≠ 0
    simp [ne_of_gt (by norm_num : 36 > 0)]
  
  -- Now rewrite the goal using the fact that S = divisors 36
  rw [hS]
  
  -- Compute the sum of divisors of 36
  -- We'll use the fact that 36 = 4 × 9 and 4 and 9 are coprime
  have h4 : 4 = 2^2 := by norm_num
  have h9 : 9 = 3^2 := by norm_num
  have h_coprime : Nat.Coprime 4 9 := by norm_num
  
  -- The sum of divisors function is multiplicative for coprime numbers
2025-04-13 10:40:29 - INFO - Error line:   rw [← h4, ← h9, Nat.sum_divisors_mul_sum_divisors h_coprime]
2025-04-13 10:40:29 - INFO - After part: -- Now compute σ(4) = σ(2²) = 1 + 2 + 4 = 7
  have sigma4 : ∑ k in Nat.divisors 4, k = 7 := by
    -- The divisors of 4 are {1, 2, 4}
    have h_div4 : Nat.divisors 4 = {1, 2, 4} := by
      apply Finset.ext
      intro n
      rw [Nat.mem_divisors]
      simp [ne_of_gt (by norm_num : 4 > 0), Nat.dvd_prime_pow (by norm_num : Nat.Prime 2)]
      decide
    rw [h_div4]
    norm_num
  
  -- Compute σ(9) = σ(3²) = 1 + 3 + 9 = 13
  have sigma9 : ∑ k in Nat.divisors 9, k = 13 := by
    -- The divisors of 9 are {1, 3, 9}
    have h_div9 : Nat.divisors 9 = {1, 3, 9} := by
      apply Finset.ext
      intro n
      rw [Nat.mem_divisors]
      simp [ne_of_gt (by norm_num : 9 > 0), Nat.dvd_prime_pow (by norm_num : Nat.Prime 3)]
      decide
    rw [h_div9]
    norm_num
  
  -- Combine the results: σ(36) = σ(4) × σ(9) = 7 × 13 = 91
  rw [sigma4, sigma9]
  norm_num
2025-04-13 10:40:29 - INFO - ==================================================

2025-04-13 10:40:30 - INFO - Testing fragment: rw [justaplaceholder]
2025-04-13 10:40:30 - INFO - Original error line:   rw [← h4, ← h9, Nat.sum_divisors_mul_sum_divisors h_coprime]
2025-04-13 10:40:32 - INFO - Testing fix: Original errors: 2, Fixed errors: 3
2025-04-13 10:40:32 - INFO - Result: False (introduced 2 new errors)
2025-04-13 10:40:32 - DEBUG - === New errors detail ===
2025-04-13 10:40:32 - DEBUG - New Error 1: line 35, type: unknown_identifier, message: unknown identifier 'justaplaceholder'
2025-04-13 10:40:32 - DEBUG - New Error 2: line 35, type: rewrite_failed, message: tactic 'rewrite' failed, equality or iff proof expected
  ?m.3884
S : Finset ℕ
h₀ : ∀ (n : ℕ), n ∈ S ↔ n ∣ 36
hS : S = divisors 36
h4 : 4 = 2 ^ 2
h9 : 9 = 3 ^ 2
h_coprime : Coprime 4 9
⊢ ∑ k ∈ divisors 36, k = 91
2025-04-13 10:40:32 - INFO - Testing fragment: rw [<- justaplaceholder]
2025-04-13 10:40:32 - INFO - Original error line:   rw [← h4, ← h9, Nat.sum_divisors_mul_sum_divisors h_coprime]
2025-04-13 10:40:34 - INFO - Testing fix: Original errors: 2, Fixed errors: 3
2025-04-13 10:40:34 - INFO - Result: False (introduced 2 new errors)
2025-04-13 10:40:34 - DEBUG - === New errors detail ===
2025-04-13 10:40:34 - DEBUG - New Error 1: line 35, type: unknown_identifier, message: unknown identifier 'justaplaceholder'
2025-04-13 10:40:34 - DEBUG - New Error 2: line 35, type: rewrite_failed, message: tactic 'rewrite' failed, equality or iff proof expected
  ?m.3884
S : Finset ℕ
h₀ : ∀ (n : ℕ), n ∈ S ↔ n ∣ 36
hS : S = divisors 36
h4 : 4 = 2 ^ 2
h9 : 9 = 3 ^ 2
h_coprime : Coprime 4 9
⊢ ∑ k ∈ divisors 36, k = 91
2025-04-13 10:40:34 - INFO - Testing fragment: simp
2025-04-13 10:40:34 - INFO - Original error line:   rw [← h4, ← h9, Nat.sum_divisors_mul_sum_divisors h_coprime]
2025-04-13 10:40:36 - INFO - Testing fix: Original errors: 2, Fixed errors: 2
2025-04-13 10:40:36 - INFO - Result: False (introduced 1 new errors)
2025-04-13 10:40:36 - DEBUG - === New errors detail ===
2025-04-13 10:40:36 - DEBUG - New Error 1: line 35, type: simp_failed, message: simp made no progress
2025-04-13 10:40:36 - INFO - Testing fragment: field_simp
2025-04-13 10:40:36 - INFO - Original error line:   rw [← h4, ← h9, Nat.sum_divisors_mul_sum_divisors h_coprime]
2025-04-13 10:40:38 - INFO - Testing fix: Original errors: 2, Fixed errors: 2
2025-04-13 10:40:38 - INFO - Result: False (introduced 1 new errors)
2025-04-13 10:40:38 - DEBUG - === New errors detail ===
2025-04-13 10:40:38 - DEBUG - New Error 1: line 35, type: simp_failed, message: simp made no progress
2025-04-13 10:40:38 - INFO - Testing fragment: norm_num
2025-04-13 10:40:38 - INFO - Original error line:   rw [← h4, ← h9, Nat.sum_divisors_mul_sum_divisors h_coprime]
2025-04-13 10:40:40 - INFO - Testing fix: Original errors: 2, Fixed errors: 6
2025-04-13 10:40:40 - INFO - Result: False (introduced 5 new errors)
2025-04-13 10:40:40 - DEBUG - === New errors detail ===
2025-04-13 10:40:40 - DEBUG - New Error 1: line 44, type: other_error, message: ambiguous, possible interpretations 
  _root_.ne_of_gt ?m.5134 : 4 ≠ 0
  
  Nat.ne_of_gt ?m.5596 : 4 ≠ 0
2025-04-13 10:40:40 - DEBUG - New Error 2: line 45, type: other_error, message: expected type must not contain free or meta variables
  n ∣ 4 ↔ n = 1 ∨ n = 2 ∨ n = 4
2025-04-13 10:40:40 - DEBUG - New Error 3: line 56, type: other_error, message: ambiguous, possible interpretations 
  _root_.ne_of_gt ?m.11867 : 9 ≠ 0
  
  Nat.ne_of_gt ?m.12329 : 9 ≠ 0
2025-04-13 10:40:40 - DEBUG - New Error 4: line 57, type: other_error, message: expected type must not contain free or meta variables
  n ∣ 9 ↔ n = 1 ∨ n = 3 ∨ n = 9
2025-04-13 10:40:40 - DEBUG - New Error 5: line 62, type: rewrite_failed, message: tactic 'rewrite' failed, did not find instance of the pattern in the target expression
  ∑ k ∈ divisors 4, k
S : Finset ℕ
h₀ : ∀ (n : ℕ), n ∈ S ↔ n ∣ 36
hS : S = divisors 36
h4 : 4 = 2 ^ 2
h9 : 9 = 3 ^ 2
h_coprime : Coprime 4 9
sigma4 : ∑ k ∈ divisors 4, k = 7
sigma9 : ∑ k ∈ divisors 9, k = 13
⊢ ∑ k ∈ divisors 36, k = 91
2025-04-13 10:40:40 - INFO - Testing fragment: ring
2025-04-13 10:40:40 - INFO - Original error line:   rw [← h4, ← h9, Nat.sum_divisors_mul_sum_divisors h_coprime]
2025-04-13 10:40:42 - INFO - Testing fix: Original errors: 2, Fixed errors: 7
2025-04-13 10:40:42 - INFO - Result: False (introduced 6 new errors)
2025-04-13 10:40:42 - DEBUG - === New errors detail ===
2025-04-13 10:40:42 - DEBUG - New Error 1: line 35, type: ring_failed, message: Try this: ring_nf
2025-04-13 10:40:42 - DEBUG - New Error 2: line 44, type: other_error, message: ambiguous, possible interpretations 
  _root_.ne_of_gt ?m.6296 : 4 ≠ 0
  
  Nat.ne_of_gt ?m.6758 : 4 ≠ 0
2025-04-13 10:40:42 - DEBUG - New Error 3: line 45, type: other_error, message: expected type must not contain free or meta variables
  n ∣ 4 ↔ n = 1 ∨ n = 2 ∨ n = 4
2025-04-13 10:40:42 - DEBUG - New Error 4: line 56, type: other_error, message: ambiguous, possible interpretations 
  _root_.ne_of_gt ?m.13005 : 9 ≠ 0
  
  Nat.ne_of_gt ?m.13467 : 9 ≠ 0
2025-04-13 10:40:42 - DEBUG - New Error 5: line 57, type: other_error, message: expected type must not contain free or meta variables
  n ∣ 9 ↔ n = 1 ∨ n = 3 ∨ n = 9
2025-04-13 10:40:42 - DEBUG - New Error 6: line 62, type: rewrite_failed, message: tactic 'rewrite' failed, did not find instance of the pattern in the target expression
  ∑ k ∈ divisors 4, k
S : Finset ℕ
h₀ : ∀ (n : ℕ), n ∈ S ↔ n ∣ 36
hS : S = divisors 36
h4 : 4 = 2 ^ 2
h9 : 9 = 3 ^ 2
h_coprime : Coprime 4 9
sigma4 : ∑ k ∈ divisors 4, k = 7
sigma9 : ∑ k ∈ divisors 9, k = 13
⊢ ∑ k ∈ divisors 36, k = 91
2025-04-13 10:40:42 - INFO - Testing fragment: ring_nf
2025-04-13 10:40:42 - INFO - Original error line:   rw [← h4, ← h9, Nat.sum_divisors_mul_sum_divisors h_coprime]
2025-04-13 10:40:44 - INFO - Testing fix: Original errors: 2, Fixed errors: 6
2025-04-13 10:40:44 - INFO - Result: False (introduced 5 new errors)
2025-04-13 10:40:44 - DEBUG - === New errors detail ===
2025-04-13 10:40:44 - DEBUG - New Error 1: line 44, type: other_error, message: ambiguous, possible interpretations 
  _root_.ne_of_gt ?m.5885 : 4 ≠ 0
  
  Nat.ne_of_gt ?m.6347 : 4 ≠ 0
2025-04-13 10:40:44 - DEBUG - New Error 2: line 45, type: other_error, message: expected type must not contain free or meta variables
  n ∣ 4 ↔ n = 1 ∨ n = 2 ∨ n = 4
2025-04-13 10:40:44 - DEBUG - New Error 3: line 56, type: other_error, message: ambiguous, possible interpretations 
  _root_.ne_of_gt ?m.12609 : 9 ≠ 0
  
  Nat.ne_of_gt ?m.13071 : 9 ≠ 0
2025-04-13 10:40:44 - DEBUG - New Error 4: line 57, type: other_error, message: expected type must not contain free or meta variables
  n ∣ 9 ↔ n = 1 ∨ n = 3 ∨ n = 9
2025-04-13 10:40:44 - DEBUG - New Error 5: line 62, type: rewrite_failed, message: tactic 'rewrite' failed, did not find instance of the pattern in the target expression
  ∑ k ∈ divisors 4, k
S : Finset ℕ
h₀ : ∀ (n : ℕ), n ∈ S ↔ n ∣ 36
hS : S = divisors 36
h4 : 4 = 2 ^ 2
h9 : 9 = 3 ^ 2
h_coprime : Coprime 4 9
sigma4 : ∑ k ∈ divisors 4, k = 7
sigma9 : ∑ k ∈ divisors 9, k = 13
⊢ ∑ k ∈ divisors 36, k = 91
2025-04-13 10:40:44 - INFO - Testing fragment: omega
2025-04-13 10:40:44 - INFO - Original error line:   rw [← h4, ← h9, Nat.sum_divisors_mul_sum_divisors h_coprime]
2025-04-13 10:40:46 - INFO - Testing fix: Original errors: 2, Fixed errors: 2
2025-04-13 10:40:46 - INFO - Result: False (introduced 1 new errors)
2025-04-13 10:40:46 - DEBUG - === New errors detail ===
2025-04-13 10:40:46 - DEBUG - New Error 1: line 35, type: other_error, message: omega could not prove the goal:
a possible counterexample may satisfy the constraints
  0 ≤ a ≤ 90
where
 a := ↑(∑ k ∈ divisors 36, k)
2025-04-13 10:40:46 - INFO - Testing fragment: linarith
2025-04-13 10:40:46 - INFO - Original error line:   rw [← h4, ← h9, Nat.sum_divisors_mul_sum_divisors h_coprime]
2025-04-13 10:40:48 - INFO - Testing fix: Original errors: 2, Fixed errors: 2
2025-04-13 10:40:48 - INFO - Result: False (introduced 1 new errors)
2025-04-13 10:40:48 - DEBUG - === New errors detail ===
2025-04-13 10:40:48 - DEBUG - New Error 1: line 35, type: linarith_failed, message: linarith failed to find a contradiction
case h1.h
S : Finset ℕ
h₀ : ∀ (n : ℕ), n ∈ S ↔ n ∣ 36
hS : S = divisors 36
h4 : 4 = 2 ^ 2
h9 : 9 = 3 ^ 2
h_coprime : Coprime 4 9
a✝ : ∑ k ∈ divisors 36, k < 91
⊢ False
failed
2025-04-13 10:40:48 - INFO - Testing fragment: nlinarith
2025-04-13 10:40:48 - INFO - Original error line:   rw [← h4, ← h9, Nat.sum_divisors_mul_sum_divisors h_coprime]
2025-04-13 10:40:50 - INFO - Testing fix: Original errors: 2, Fixed errors: 2
2025-04-13 10:40:50 - INFO - Result: False (introduced 1 new errors)
2025-04-13 10:40:50 - DEBUG - === New errors detail ===
2025-04-13 10:40:50 - DEBUG - New Error 1: line 35, type: linarith_failed, message: linarith failed to find a contradiction
case h1.h
S : Finset ℕ
h₀ : ∀ (n : ℕ), n ∈ S ↔ n ∣ 36
hS : S = divisors 36
h4 : 4 = 2 ^ 2
h9 : 9 = 3 ^ 2
h_coprime : Coprime 4 9
a✝ : ∑ k ∈ divisors 36, k < 91
⊢ False
failed
2025-04-13 10:40:50 - INFO - Failed attempt time: 22.04 seconds
2025-04-13 10:40:50 - INFO - ❌ Could not generate fix for error at line 35
2025-04-13 10:40:51 - INFO - 
===== Fix attempt completed =====
2025-04-13 10:40:51 - INFO - Original errors: 2
2025-04-13 10:40:51 - INFO - Fixed errors: 0
2025-04-13 10:40:51 - INFO - Failed errors: 2
2025-04-13 10:40:51 - INFO - Remaining errors: 2
2025-04-13 10:40:51 - INFO - Total time: 46.09 seconds
2025-04-13 10:40:51 - INFO - 
Final fixed code:
2025-04-13 10:40:51 - INFO - ----------------------------------------
2025-04-13 10:40:51 - INFO - /-- What is the sum of all of the positive factors of $36$? Show that it is 91.-/
theorem mathd_numbertheory_32 (S : Finset ℕ) (h₀ : ∀ n : ℕ, n ∈ S ↔ n ∣ 36) : (∑ k in S, k) = 91 := by
  -- First, we need to find all positive divisors of 36. The prime factorization of 36 is 2² × 3².
  -- The number of divisors is given by (2+1)(2+1) = 9.
  
  -- To compute the sum of divisors, we can use the multiplicative property:
  -- σ(36) = σ(2²) × σ(3²) = (1 + 2 + 4) × (1 + 3 + 9) = 7 × 13 = 91
  
  -- In Lean, we'll proceed by:
  -- 1. Showing that S must be exactly the divisors of 36
  -- 2. Computing the sum of these divisors
  
  -- First, let's prove that S contains exactly the divisors of 36
  have hS : S = Nat.divisors 36 := by
    -- Two sets are equal if they have the same elements
    apply Finset.ext
    -- For any natural number n, n ∈ S ↔ n ∈ divisors 36
    intro n
    -- We know n ∈ S ↔ n ∣ 36 from h₀
    -- And by definition, n ∈ divisors 36 ↔ n ∣ 36
    rw [h₀, Nat.mem_divisors]
    -- We need to show n ≠ 0 since 36 ≠ 0
    simp [ne_of_gt (by norm_num : 36 > 0)]
  
  -- Now rewrite the goal using the fact that S = divisors 36
  rw [hS]
  
  -- Compute the sum of divisors of 36
  -- We'll use the fact that 36 = 4 × 9 and 4 and 9 are coprime
  have h4 : 4 = 2^2 := by norm_num
  have h9 : 9 = 3^2 := by norm_num
  have h_coprime : Nat.Coprime 4 9 := by norm_num
  
  -- The sum of divisors function is multiplicative for coprime numbers
  rw [← h4, ← h9, Nat.sum_divisors_mul_sum_divisors h_coprime]
  
  -- Now compute σ(4) = σ(2²) = 1 + 2 + 4 = 7
  have sigma4 : ∑ k in Nat.divisors 4, k = 7 := by
    -- The divisors of 4 are {1, 2, 4}
    have h_div4 : Nat.divisors 4 = {1, 2, 4} := by
      apply Finset.ext
      intro n
      rw [Nat.mem_divisors]
      simp [ne_of_gt (by norm_num : 4 > 0), Nat.dvd_prime_pow (by norm_num : Nat.Prime 2)]
      decide
    rw [h_div4]
    norm_num
  
  -- Compute σ(9) = σ(3²) = 1 + 3 + 9 = 13
  have sigma9 : ∑ k in Nat.divisors 9, k = 13 := by
    -- The divisors of 9 are {1, 3, 9}
    have h_div9 : Nat.divisors 9 = {1, 3, 9} := by
      apply Finset.ext
      intro n
      rw [Nat.mem_divisors]
      simp [ne_of_gt (by norm_num : 9 > 0), Nat.dvd_prime_pow (by norm_num : Nat.Prime 3)]
      decide
    rw [h_div9]
    norm_num
  
  -- Combine the results: σ(36) = σ(4) × σ(9) = 7 × 13 = 91
  rw [sigma4, sigma9]
  norm_num
2025-04-13 10:40:51 - INFO - ----------------------------------------
2025-04-13 10:40:51 - INFO - 
Detailed error repair report:
2025-04-13 10:40:51 - INFO - Original code error count: 2
❌ Fixed error 1/2: Could not generate fix for error at line 23 «other_error» (after 22.04s)
❌ Fixed error 2/2: Could not generate fix for error at line 35 «rewrite_failed» (after 22.04s)

=== Fix statistics ===
Original error count: 2
Fixed errors: 0 (Fix rate: 0.0000)
Failed errors: 2
Remaining errors: 2
Total time: 46.09 seconds

=== Failed fix details ===

Failed fix 1:
   Line: 23
   Error type: other_error
   Original error message: ambiguous, possible interpretations 
  _root_.ne_of_gt ?m.374 : 36 ≠ 0
  
  Nat.ne_of_gt ?m.846 : 36...
   Failure reason: Could not generate fix
   Time: 22.04 seconds

Failed fix 2:
   Line: 35
   Error type: rewrite_failed
   Original error message: tactic 'rewrite' failed, did not find instance of the pattern in the target expression
  2 ^ 2
S : F...
   Failure reason: Could not generate fix
   Time: 22.04 seconds
2025-04-13 10:40:51 - INFO - 
Fixed code saved to: ./minif2f/lean_fixed/37_fixed.lean
2025-04-13 10:40:51 - INFO - JSON log saved to: ./minif2f/lean_fixed/37_fix_log.json
2025-04-13 10:40:51 - INFO - 
===== LOG FILE LOCATION =====
2025-04-13 10:40:51 - INFO - Detailed log file is available at: ./minif2f/lean_fixed/37.log
2025-04-13 10:40:51 - INFO - ===============================
