2025-04-13 10:39:27 - INFO - Log file initialized at 2025-04-13T10:39:27.411682
2025-04-13 10:39:27 - INFO - ===== LOG FILE LOCATION =====
2025-04-13 10:39:27 - INFO - Detailed log file created at: ./minif2f/lean_fixed/38.log
2025-04-13 10:39:27 - INFO - ===============================
2025-04-13 10:39:27 - INFO - Original code:
2025-04-13 10:39:27 - INFO - ----------------------------------------
2025-04-13 10:39:27 - INFO - import Mathlib
import Aesop

set_option maxHeartbeats 0

open BigOperators Real Nat Topology Rat

/-- If $f(x)=5x-12$, find a value for $x$ so that $f^{-1}(x)=f(x+1)$. Show that it is \frac{47}{24}.-/
theorem mathd_algebra_422 (x : ℝ) (σ : Equiv ℝ ℝ) (h₀ : ∀ x, σ.1 x = 5 * x - 12)
  (h₁ : σ.1 (x + 1) = σ.2 x) : x = 47 / 24 := by
  -- First, let's unpack the given information:
  -- σ is an equivalence (bijection) on ℝ, representing our function f and its inverse
  -- h₀ states that the forward function σ.1 (f) is defined by f(x) = 5x - 12
  -- h₁ states the condition that f(x+1) = f⁻¹(x)
  
  -- We'll start by finding an explicit expression for the inverse function σ.2 (f⁻¹)
  -- Since f is bijective, we can solve y = 5x - 12 for x to find the inverse
  have inverse_expr : ∀ y, σ.2 y = (y + 12) / 5 := by
    intro y
    -- The inverse should satisfy f(f⁻¹(y)) = y
    -- So we solve 5x - 12 = y for x:
    -- 5x = y + 12
    -- x = (y + 12)/5
    -- Since σ is an Equiv, σ.2 is indeed the inverse, so this must hold
    apply σ.injective
    rw [h₀, ← h₀ (σ.2 y)]
    simp only [Equiv.apply_symm_apply]
    ring
    
  -- Now we can rewrite the condition h₁ using our expressions for f and f⁻¹
  -- h₁ states: f(x+1) = f⁻¹(x)
  -- Using h₀ and inverse_expr:
  rw [h₀, inverse_expr] at h₁
  
  -- Now we have: 5(x+1) - 12 = (x + 12)/5
  -- Let's simplify the left side:
  -- 5x + 5 - 12 = (x + 12)/5
  -- 5x - 7 = (x + 12)/5
  -- Now multiply both sides by 5 to eliminate denominator:
  have step1 : 5 * (5 * x - 7) = x + 12 := by
    rw [← mul_eq_mul_left_iff (by norm_num : (5:ℝ) ≠ 0)]
    exact h₁
    
  -- Simplify the left side:
  -- 25x - 35 = x + 12
  -- Now gather like terms:
  -- 25x - x = 12 + 35
  -- 24x = 47
  -- Finally, solve for x:
  -- x = 47/24
  have step2 : 24 * x = 47 := by
    linear_combination step1
    
  -- Divide both sides by 24 to isolate x
  exact (eq_div_iff (by norm_num : (24:ℝ) ≠ 0)).mpr step2
2025-04-13 10:39:27 - INFO - ----------------------------------------
2025-04-13 10:39:27 - INFO - 
Checking original code for all errors...
2025-04-13 10:40:05 - INFO - Original code contains 4 errors:
2025-04-13 10:40:05 - INFO - Error 1: line 19, type: rewrite_failed, message: tactic 'rewrite' failed, did not find instance of the pattern in the target expression
  σ.toFun ?x
...
2025-04-13 10:40:05 - INFO - Error 2: line 34, type: function_expected, message: function expected at
  mul_eq_mul_left_iff
term has type
  ?m.845 * ?m.846 = ?m.845 * ?m.847 ↔ ?m.84...
2025-04-13 10:40:05 - INFO - Error 3: line 34, type: rewrite_failed, message: tactic 'rewrite' failed, equality or iff proof expected
  ?m.906
x : ℝ
σ : ℝ ≃ ℝ
h₀ : ∀ (x : ℝ), σ.t...
2025-04-13 10:40:05 - INFO - Error 4: line 48, type: type_mismatch, message: application type mismatch
  (eq_div_iff ?m.1338).mpr step2
argument
  step2
has type
  24 * x = 47 :...
2025-04-13 10:40:05 - INFO - 
Starting multi-error continuous repair process...
2025-04-13 10:40:05 - INFO - 
===== Starting to fix all errors =====
2025-04-13 10:40:06 - INFO - 
Found 4 original errors:
2025-04-13 10:40:06 - INFO - Error 1: line 19, type: rewrite_failed, message: tactic 'rewrite' failed, did not find instance of the pattern in the target expression
  σ.toFun ?x
...
2025-04-13 10:40:06 - INFO - Error 2: line 34, type: function_expected, message: function expected at
  mul_eq_mul_left_iff
term has type
  ?m.845 * ?m.846 = ?m.845 * ?m.847 ↔ ?m.84...
2025-04-13 10:40:06 - INFO - Error 3: line 34, type: rewrite_failed, message: tactic 'rewrite' failed, equality or iff proof expected
  ?m.906
x : ℝ
σ : ℝ ≃ ℝ
h₀ : ∀ (x : ℝ), σ.t...
2025-04-13 10:40:06 - INFO - Error 4: line 48, type: type_mismatch, message: application type mismatch
  (eq_div_iff ?m.1338).mpr step2
argument
  step2
has type
  24 * x = 47 :...
2025-04-13 10:40:06 - INFO - 
Trying to fix error 1/4: line 19, type: rewrite_failed
2025-04-13 10:40:06 - INFO - Error message: tactic 'rewrite' failed, did not find instance of the pattern in the target expression
  σ.toFun ?x
...
2025-04-13 10:40:06 - INFO - Removed header content, remaining 48 lines of code
2025-04-13 10:40:06 - INFO - Using specified target error line: 19
2025-04-13 10:40:07 - INFO - Found error at specified line: tactic 'rewrite' failed, did not find instance of the pattern in the target expression
  σ.toFun ?x
case a
x : ℝ
σ : ℝ ≃ ℝ
h₀ : ∀ (x : ℝ), σ.toFun x = 5 * x - 12
h₁ : σ.toFun (x + 1) = σ.invFun x
y : ℝ
⊢ σ (σ.invFun y) = σ ((y + 12) / 5)
2025-04-13 10:40:07 - INFO - Error at line 19: tactic 'rewrite' failed, did not find instance of the pattern in the target expression
  σ.toFun ?x
case a
x : ℝ
σ : ℝ ≃ ℝ
h₀ : ∀ (x : ℝ), σ.toFun x = 5 * x - 12
h₁ : σ.toFun (x + 1) = σ.invFun x
y : ℝ
⊢ σ (σ.invFun y) = σ ((y + 12) / 5)
2025-04-13 10:40:07 - INFO - 
==================================================
2025-04-13 10:40:07 - INFO - Code prepared, starting synthesis
2025-04-13 10:40:07 - INFO - Before part: /-- If $f(x)=5x-12$, find a value for $x$ so that $f^{-1}(x)=f(x+1)$. Show that it is \frac{47}{24}.-/
theorem mathd_algebra_422 (x : ℝ) (σ : Equiv ℝ ℝ) (h₀ : ∀ x, σ.1 x = 5 * x - 12)
  (h₁ : σ.1 (x + 1) = σ.2 x) : x = 47 / 24 := by
  -- First, let's unpack the given information:
  -- σ is an equivalence (bijection) on ℝ, representing our function f and its inverse
  -- h₀ states that the forward function σ.1 (f) is defined by f(x) = 5x - 12
  -- h₁ states the condition that f(x+1) = f⁻¹(x)
  
  -- We'll start by finding an explicit expression for the inverse function σ.2 (f⁻¹)
  -- Since f is bijective, we can solve y = 5x - 12 for x to find the inverse
  have inverse_expr : ∀ y, σ.2 y = (y + 12) / 5 := by
    intro y
    -- The inverse should satisfy f(f⁻¹(y)) = y
    -- So we solve 5x - 12 = y for x:
    -- 5x = y + 12
    -- x = (y + 12)/5
    -- Since σ is an Equiv, σ.2 is indeed the inverse, so this must hold
    apply σ.injective
2025-04-13 10:40:07 - INFO - Error line:     rw [h₀, ← h₀ (σ.2 y)]
2025-04-13 10:40:07 - INFO - After part: simp only [Equiv.apply_symm_apply]
    ring
    
  -- Now we can rewrite the condition h₁ using our expressions for f and f⁻¹
  -- h₁ states: f(x+1) = f⁻¹(x)
  -- Using h₀ and inverse_expr:
  rw [h₀, inverse_expr] at h₁
  
  -- Now we have: 5(x+1) - 12 = (x + 12)/5
  -- Let's simplify the left side:
  -- 5x + 5 - 12 = (x + 12)/5
  -- 5x - 7 = (x + 12)/5
  -- Now multiply both sides by 5 to eliminate denominator:
  have step1 : 5 * (5 * x - 7) = x + 12 := by
    rw [← mul_eq_mul_left_iff (by norm_num : (5:ℝ) ≠ 0)]
    exact h₁
    
  -- Simplify the left side:
  -- 25x - 35 = x + 12
  -- Now gather like terms:
  -- 25x - x = 12 + 35
  -- 24x = 47
  -- Finally, solve for x:
  -- x = 47/24
  have step2 : 24 * x = 47 := by
    linear_combination step1
    
  -- Divide both sides by 24 to isolate x
  exact (eq_div_iff (by norm_num : (24:ℝ) ≠ 0)).mpr step2
2025-04-13 10:40:07 - INFO - ==================================================

2025-04-13 10:40:08 - INFO - Testing fragment: rw [justaplaceholder]
2025-04-13 10:40:08 - INFO - Original error line:     rw [h₀, ← h₀ (σ.2 y)]
2025-04-13 10:40:10 - INFO - Testing fix: Original errors: 4, Fixed errors: 5
2025-04-13 10:40:10 - INFO - Result: False (introduced 2 new errors)
2025-04-13 10:40:10 - DEBUG - === New errors detail ===
2025-04-13 10:40:10 - DEBUG - New Error 1: line 19, type: unknown_identifier, message: unknown identifier 'justaplaceholder'
2025-04-13 10:40:10 - DEBUG - New Error 2: line 19, type: rewrite_failed, message: tactic 'rewrite' failed, equality or iff proof expected
  ?m.577
case a
x : ℝ
σ : ℝ ≃ ℝ
h₀ : ∀ (x : ℝ), σ.toFun x = 5 * x - 12
h₁ : σ.toFun (x + 1) = σ.invFun x
y : ℝ
⊢ σ (σ.invFun y) = σ ((y + 12) / 5)
2025-04-13 10:40:10 - INFO - Testing fragment: rw [<- justaplaceholder]
2025-04-13 10:40:10 - INFO - Original error line:     rw [h₀, ← h₀ (σ.2 y)]
2025-04-13 10:40:12 - INFO - Testing fix: Original errors: 4, Fixed errors: 5
2025-04-13 10:40:12 - INFO - Result: False (introduced 2 new errors)
2025-04-13 10:40:12 - DEBUG - === New errors detail ===
2025-04-13 10:40:12 - DEBUG - New Error 1: line 19, type: unknown_identifier, message: unknown identifier 'justaplaceholder'
2025-04-13 10:40:12 - DEBUG - New Error 2: line 19, type: rewrite_failed, message: tactic 'rewrite' failed, equality or iff proof expected
  ?m.577
case a
x : ℝ
σ : ℝ ≃ ℝ
h₀ : ∀ (x : ℝ), σ.toFun x = 5 * x - 12
h₁ : σ.toFun (x + 1) = σ.invFun x
y : ℝ
⊢ σ (σ.invFun y) = σ ((y + 12) / 5)
2025-04-13 10:40:12 - INFO - Testing fragment: simp
2025-04-13 10:40:12 - INFO - Original error line:     rw [h₀, ← h₀ (σ.2 y)]
2025-04-13 10:40:14 - INFO - Testing fix: Original errors: 4, Fixed errors: 4
2025-04-13 10:40:14 - INFO - Result: False (introduced 1 new errors)
2025-04-13 10:40:14 - DEBUG - === New errors detail ===
2025-04-13 10:40:14 - DEBUG - New Error 1: line 20, type: simp_failed, message: simp made no progress
2025-04-13 10:40:14 - INFO - Testing fragment: field_simp
2025-04-13 10:40:14 - INFO - Original error line:     rw [h₀, ← h₀ (σ.2 y)]
2025-04-13 10:40:16 - INFO - Testing fix: Original errors: 4, Fixed errors: 4
2025-04-13 10:40:16 - INFO - Result: False (introduced 1 new errors)
2025-04-13 10:40:16 - DEBUG - === New errors detail ===
2025-04-13 10:40:16 - DEBUG - New Error 1: line 20, type: simp_failed, message: simp made no progress
2025-04-13 10:40:16 - INFO - Testing fragment: norm_num
2025-04-13 10:40:16 - INFO - Original error line:     rw [h₀, ← h₀ (σ.2 y)]
2025-04-13 10:40:18 - INFO - Testing fix: Original errors: 4, Fixed errors: 4
2025-04-13 10:40:18 - INFO - Result: False (introduced 1 new errors)
2025-04-13 10:40:18 - DEBUG - === New errors detail ===
2025-04-13 10:40:18 - DEBUG - New Error 1: line 20, type: simp_failed, message: simp made no progress
2025-04-13 10:40:18 - INFO - Testing fragment: ring
2025-04-13 10:40:18 - INFO - Original error line:     rw [h₀, ← h₀ (σ.2 y)]
2025-04-13 10:40:20 - INFO - Testing fix: Original errors: 4, Fixed errors: 5
2025-04-13 10:40:20 - INFO - Result: False (introduced 2 new errors)
2025-04-13 10:40:20 - DEBUG - === New errors detail ===
2025-04-13 10:40:20 - DEBUG - New Error 1: line 19, type: ring_failed, message: Try this: ring_nf
2025-04-13 10:40:20 - DEBUG - New Error 2: line 20, type: simp_failed, message: simp made no progress
2025-04-13 10:40:20 - INFO - Testing fragment: ring_nf
2025-04-13 10:40:20 - INFO - Original error line:     rw [h₀, ← h₀ (σ.2 y)]
2025-04-13 10:40:22 - INFO - Testing fix: Original errors: 4, Fixed errors: 4
2025-04-13 10:40:22 - INFO - Result: False (introduced 1 new errors)
2025-04-13 10:40:22 - DEBUG - === New errors detail ===
2025-04-13 10:40:22 - DEBUG - New Error 1: line 20, type: simp_failed, message: simp made no progress
2025-04-13 10:40:22 - INFO - Testing fragment: omega
2025-04-13 10:40:22 - INFO - Original error line:     rw [h₀, ← h₀ (σ.2 y)]
2025-04-13 10:40:24 - INFO - Testing fix: Original errors: 4, Fixed errors: 4
2025-04-13 10:40:24 - INFO - Result: False (introduced 1 new errors)
2025-04-13 10:40:24 - DEBUG - === New errors detail ===
2025-04-13 10:40:24 - DEBUG - New Error 1: line 19, type: other_error, message: omega could not prove the goal:
No usable constraints found. You may need to unfold definitions so `omega` can see linear arithmetic facts about `Nat` and `Int`, which may also involve multiplication, division, and modular remainder by constants.
2025-04-13 10:40:24 - INFO - Testing fragment: linarith
2025-04-13 10:40:24 - INFO - Original error line:     rw [h₀, ← h₀ (σ.2 y)]
2025-04-13 10:40:26 - INFO - Testing fix: Original errors: 4, Fixed errors: 4
2025-04-13 10:40:26 - INFO - Result: False (introduced 1 new errors)
2025-04-13 10:40:26 - DEBUG - === New errors detail ===
2025-04-13 10:40:26 - DEBUG - New Error 1: line 19, type: linarith_failed, message: linarith failed to find a contradiction
case a.h1.h
x : ℝ
σ : ℝ ≃ ℝ
h₀ : ∀ (x : ℝ), σ.toFun x = 5 * x - 12
h₁ : σ.toFun (x + 1) = σ.invFun x
y : ℝ
a✝ : σ (σ.invFun y) < σ ((y + 12) / 5)
⊢ False
failed
2025-04-13 10:40:26 - INFO - Testing fragment: nlinarith
2025-04-13 10:40:26 - INFO - Original error line:     rw [h₀, ← h₀ (σ.2 y)]
2025-04-13 10:40:28 - INFO - Testing fix: Original errors: 4, Fixed errors: 4
2025-04-13 10:40:28 - INFO - Result: False (introduced 1 new errors)
2025-04-13 10:40:28 - DEBUG - === New errors detail ===
2025-04-13 10:40:28 - DEBUG - New Error 1: line 19, type: linarith_failed, message: linarith failed to find a contradiction
case a.h1.h
x : ℝ
σ : ℝ ≃ ℝ
h₀ : ∀ (x : ℝ), σ.toFun x = 5 * x - 12
h₁ : σ.toFun (x + 1) = σ.invFun x
y : ℝ
a✝ : σ (σ.invFun y) < σ ((y + 12) / 5)
⊢ False
failed
2025-04-13 10:40:28 - INFO - Failed attempt time: 22.04 seconds
2025-04-13 10:40:28 - INFO - ❌ Could not generate fix for error at line 19
2025-04-13 10:40:28 - INFO - 
Trying to fix error 2/4: line 34, type: function_expected
2025-04-13 10:40:28 - INFO - Error message: function expected at
  mul_eq_mul_left_iff
term has type
  ?m.845 * ?m.846 = ?m.845 * ?m.847 ↔ ?m.84...
2025-04-13 10:40:28 - INFO - Removed header content, remaining 48 lines of code
2025-04-13 10:40:28 - INFO - Using specified target error line: 34
2025-04-13 10:40:29 - INFO - Found error at specified line: function expected at
  mul_eq_mul_left_iff
term has type
  ?m.845 * ?m.846 = ?m.845 * ?m.847 ↔ ?m.846 = ?m.847 ∨ ?m.845 = 0
2025-04-13 10:40:29 - INFO - Error at line 34: function expected at
  mul_eq_mul_left_iff
term has type
  ?m.845 * ?m.846 = ?m.845 * ?m.847 ↔ ?m.846 = ?m.847 ∨ ?m.845 = 0
2025-04-13 10:40:29 - INFO - 
==================================================
2025-04-13 10:40:29 - INFO - Code prepared, starting synthesis
2025-04-13 10:40:29 - INFO - Before part: /-- If $f(x)=5x-12$, find a value for $x$ so that $f^{-1}(x)=f(x+1)$. Show that it is \frac{47}{24}.-/
theorem mathd_algebra_422 (x : ℝ) (σ : Equiv ℝ ℝ) (h₀ : ∀ x, σ.1 x = 5 * x - 12)
  (h₁ : σ.1 (x + 1) = σ.2 x) : x = 47 / 24 := by
  -- First, let's unpack the given information:
  -- σ is an equivalence (bijection) on ℝ, representing our function f and its inverse
  -- h₀ states that the forward function σ.1 (f) is defined by f(x) = 5x - 12
  -- h₁ states the condition that f(x+1) = f⁻¹(x)
  
  -- We'll start by finding an explicit expression for the inverse function σ.2 (f⁻¹)
  -- Since f is bijective, we can solve y = 5x - 12 for x to find the inverse
  have inverse_expr : ∀ y, σ.2 y = (y + 12) / 5 := by
    intro y
    -- The inverse should satisfy f(f⁻¹(y)) = y
    -- So we solve 5x - 12 = y for x:
    -- 5x = y + 12
    -- x = (y + 12)/5
    -- Since σ is an Equiv, σ.2 is indeed the inverse, so this must hold
    apply σ.injective
    rw [h₀, ← h₀ (σ.2 y)]
    simp only [Equiv.apply_symm_apply]
    ring
    
  -- Now we can rewrite the condition h₁ using our expressions for f and f⁻¹
  -- h₁ states: f(x+1) = f⁻¹(x)
  -- Using h₀ and inverse_expr:
  rw [h₀, inverse_expr] at h₁
  
  -- Now we have: 5(x+1) - 12 = (x + 12)/5
  -- Let's simplify the left side:
  -- 5x + 5 - 12 = (x + 12)/5
  -- 5x - 7 = (x + 12)/5
  -- Now multiply both sides by 5 to eliminate denominator:
  have step1 : 5 * (5 * x - 7) = x + 12 := by
2025-04-13 10:40:29 - INFO - Error line:     rw [← mul_eq_mul_left_iff (by norm_num : (5:ℝ) ≠ 0)]
2025-04-13 10:40:29 - INFO - After part: exact h₁
    
  -- Simplify the left side:
  -- 25x - 35 = x + 12
  -- Now gather like terms:
  -- 25x - x = 12 + 35
  -- 24x = 47
  -- Finally, solve for x:
  -- x = 47/24
  have step2 : 24 * x = 47 := by
    linear_combination step1
    
  -- Divide both sides by 24 to isolate x
  exact (eq_div_iff (by norm_num : (24:ℝ) ≠ 0)).mpr step2
2025-04-13 10:40:29 - INFO - ==================================================

2025-04-13 10:40:30 - INFO - Testing fragment: rw [justaplaceholder]
2025-04-13 10:40:30 - INFO - Original error line:     rw [← mul_eq_mul_left_iff (by norm_num : (5:ℝ) ≠ 0)]
2025-04-13 10:40:32 - INFO - Testing fix: Original errors: 4, Fixed errors: 2
2025-04-13 10:40:32 - INFO - Result: False (introduced 2 new errors)
2025-04-13 10:40:32 - DEBUG - === New errors detail ===
2025-04-13 10:40:32 - DEBUG - New Error 1: line 34, type: syntax_error, message: unexpected token ')'; expected ']'
2025-04-13 10:40:32 - DEBUG - New Error 2: line 3, type: other_error, message: unsolved goals
x : ℝ
σ : ℝ ≃ ℝ
h₀ : ∀ (x : ℝ), σ.toFun x = 5 * x - 12
h₁ : 5 * (x + 1) - 12 = (x + 12) / 5
inverse_expr : ∀ (y : ℝ), σ.invFun y = (y + 12) / 5
step1 : 5 * (5 * x - 7) = x + 12
⊢ x = 47 / 24
2025-04-13 10:40:32 - INFO - Testing fragment: rw [<- justaplaceholder]
2025-04-13 10:40:32 - INFO - Original error line:     rw [← mul_eq_mul_left_iff (by norm_num : (5:ℝ) ≠ 0)]
2025-04-13 10:40:34 - INFO - Testing fix: Original errors: 4, Fixed errors: 2
2025-04-13 10:40:34 - INFO - Result: False (introduced 2 new errors)
2025-04-13 10:40:34 - DEBUG - === New errors detail ===
2025-04-13 10:40:34 - DEBUG - New Error 1: line 34, type: syntax_error, message: unexpected token ')'; expected ']'
2025-04-13 10:40:34 - DEBUG - New Error 2: line 3, type: other_error, message: unsolved goals
x : ℝ
σ : ℝ ≃ ℝ
h₀ : ∀ (x : ℝ), σ.toFun x = 5 * x - 12
h₁ : 5 * (x + 1) - 12 = (x + 12) / 5
inverse_expr : ∀ (y : ℝ), σ.invFun y = (y + 12) / 5
step1 : 5 * (5 * x - 7) = x + 12
⊢ x = 47 / 24
2025-04-13 10:40:34 - INFO - Testing fragment: simp
2025-04-13 10:40:34 - INFO - Original error line:     rw [← mul_eq_mul_left_iff (by norm_num : (5:ℝ) ≠ 0)]
2025-04-13 10:40:36 - INFO - Testing fix: Original errors: 4, Fixed errors: 2
2025-04-13 10:40:36 - INFO - Result: False (introduced 2 new errors)
2025-04-13 10:40:36 - DEBUG - === New errors detail ===
2025-04-13 10:40:36 - DEBUG - New Error 1: line 34, type: syntax_error, message: unexpected token ')'; expected ']'
2025-04-13 10:40:36 - DEBUG - New Error 2: line 3, type: other_error, message: unsolved goals
x : ℝ
σ : ℝ ≃ ℝ
h₀ : ∀ (x : ℝ), σ.toFun x = 5 * x - 12
h₁ : 5 * (x + 1) - 12 = (x + 12) / 5
inverse_expr : ∀ (y : ℝ), σ.invFun y = (y + 12) / 5
step1 : 5 * (5 * x - 7) = x + 12
⊢ x = 47 / 24
2025-04-13 10:40:36 - INFO - Testing fragment: field_simp
2025-04-13 10:40:36 - INFO - Original error line:     rw [← mul_eq_mul_left_iff (by norm_num : (5:ℝ) ≠ 0)]
2025-04-13 10:40:38 - INFO - Testing fix: Original errors: 4, Fixed errors: 2
2025-04-13 10:40:38 - INFO - Result: False (introduced 2 new errors)
2025-04-13 10:40:38 - DEBUG - === New errors detail ===
2025-04-13 10:40:38 - DEBUG - New Error 1: line 34, type: syntax_error, message: unexpected token ')'; expected ']'
2025-04-13 10:40:38 - DEBUG - New Error 2: line 3, type: other_error, message: unsolved goals
x : ℝ
σ : ℝ ≃ ℝ
h₀ : ∀ (x : ℝ), σ.toFun x = 5 * x - 12
h₁ : 5 * (x + 1) - 12 = (x + 12) / 5
inverse_expr : ∀ (y : ℝ), σ.invFun y = (y + 12) / 5
step1 : 5 * (5 * x - 7) = x + 12
⊢ x = 47 / 24
2025-04-13 10:40:38 - INFO - Testing fragment: norm_num
2025-04-13 10:40:38 - INFO - Original error line:     rw [← mul_eq_mul_left_iff (by norm_num : (5:ℝ) ≠ 0)]
2025-04-13 10:40:40 - INFO - Testing fix: Original errors: 4, Fixed errors: 2
2025-04-13 10:40:40 - INFO - Result: False (introduced 2 new errors)
2025-04-13 10:40:40 - DEBUG - === New errors detail ===
2025-04-13 10:40:40 - DEBUG - New Error 1: line 34, type: syntax_error, message: unexpected token ')'; expected ']'
2025-04-13 10:40:40 - DEBUG - New Error 2: line 3, type: other_error, message: unsolved goals
x : ℝ
σ : ℝ ≃ ℝ
h₀ : ∀ (x : ℝ), σ.toFun x = 5 * x - 12
h₁ : 5 * (x + 1) - 12 = (x + 12) / 5
inverse_expr : ∀ (y : ℝ), σ.invFun y = (y + 12) / 5
step1 : 5 * (5 * x - 7) = x + 12
⊢ x = 47 / 24
2025-04-13 10:40:40 - INFO - Testing fragment: ring
2025-04-13 10:40:40 - INFO - Original error line:     rw [← mul_eq_mul_left_iff (by norm_num : (5:ℝ) ≠ 0)]
2025-04-13 10:40:42 - INFO - Testing fix: Original errors: 4, Fixed errors: 2
2025-04-13 10:40:42 - INFO - Result: False (introduced 2 new errors)
2025-04-13 10:40:42 - DEBUG - === New errors detail ===
2025-04-13 10:40:42 - DEBUG - New Error 1: line 34, type: syntax_error, message: unexpected token ')'; expected ']'
2025-04-13 10:40:42 - DEBUG - New Error 2: line 3, type: other_error, message: unsolved goals
x : ℝ
σ : ℝ ≃ ℝ
h₀ : ∀ (x : ℝ), σ.toFun x = 5 * x - 12
h₁ : 5 * (x + 1) - 12 = (x + 12) / 5
inverse_expr : ∀ (y : ℝ), σ.invFun y = (y + 12) / 5
step1 : 5 * (5 * x - 7) = x + 12
⊢ x = 47 / 24
2025-04-13 10:40:42 - INFO - Testing fragment: ring_nf
2025-04-13 10:40:42 - INFO - Original error line:     rw [← mul_eq_mul_left_iff (by norm_num : (5:ℝ) ≠ 0)]
2025-04-13 10:40:44 - INFO - Testing fix: Original errors: 4, Fixed errors: 2
2025-04-13 10:40:44 - INFO - Result: False (introduced 2 new errors)
2025-04-13 10:40:44 - DEBUG - === New errors detail ===
2025-04-13 10:40:44 - DEBUG - New Error 1: line 34, type: syntax_error, message: unexpected token ')'; expected ']'
2025-04-13 10:40:44 - DEBUG - New Error 2: line 3, type: other_error, message: unsolved goals
x : ℝ
σ : ℝ ≃ ℝ
h₀ : ∀ (x : ℝ), σ.toFun x = 5 * x - 12
h₁ : 5 * (x + 1) - 12 = (x + 12) / 5
inverse_expr : ∀ (y : ℝ), σ.invFun y = (y + 12) / 5
step1 : 5 * (5 * x - 7) = x + 12
⊢ x = 47 / 24
2025-04-13 10:40:44 - INFO - Testing fragment: omega
2025-04-13 10:40:44 - INFO - Original error line:     rw [← mul_eq_mul_left_iff (by norm_num : (5:ℝ) ≠ 0)]
2025-04-13 10:40:46 - INFO - Testing fix: Original errors: 4, Fixed errors: 2
2025-04-13 10:40:46 - INFO - Result: False (introduced 2 new errors)
2025-04-13 10:40:46 - DEBUG - === New errors detail ===
2025-04-13 10:40:46 - DEBUG - New Error 1: line 34, type: syntax_error, message: unexpected token ')'; expected ']'
2025-04-13 10:40:46 - DEBUG - New Error 2: line 3, type: other_error, message: unsolved goals
x : ℝ
σ : ℝ ≃ ℝ
h₀ : ∀ (x : ℝ), σ.toFun x = 5 * x - 12
h₁ : 5 * (x + 1) - 12 = (x + 12) / 5
inverse_expr : ∀ (y : ℝ), σ.invFun y = (y + 12) / 5
step1 : 5 * (5 * x - 7) = x + 12
⊢ x = 47 / 24
2025-04-13 10:40:46 - INFO - Testing fragment: linarith
2025-04-13 10:40:46 - INFO - Original error line:     rw [← mul_eq_mul_left_iff (by norm_num : (5:ℝ) ≠ 0)]
2025-04-13 10:40:48 - INFO - Testing fix: Original errors: 4, Fixed errors: 2
2025-04-13 10:40:48 - INFO - Result: False (introduced 2 new errors)
2025-04-13 10:40:48 - DEBUG - === New errors detail ===
2025-04-13 10:40:48 - DEBUG - New Error 1: line 34, type: syntax_error, message: unexpected token ')'; expected ']'
2025-04-13 10:40:48 - DEBUG - New Error 2: line 3, type: other_error, message: unsolved goals
x : ℝ
σ : ℝ ≃ ℝ
h₀ : ∀ (x : ℝ), σ.toFun x = 5 * x - 12
h₁ : 5 * (x + 1) - 12 = (x + 12) / 5
inverse_expr : ∀ (y : ℝ), σ.invFun y = (y + 12) / 5
step1 : 5 * (5 * x - 7) = x + 12
⊢ x = 47 / 24
2025-04-13 10:40:48 - INFO - Testing fragment: nlinarith
2025-04-13 10:40:48 - INFO - Original error line:     rw [← mul_eq_mul_left_iff (by norm_num : (5:ℝ) ≠ 0)]
2025-04-13 10:40:50 - INFO - Testing fix: Original errors: 4, Fixed errors: 2
2025-04-13 10:40:50 - INFO - Result: False (introduced 2 new errors)
2025-04-13 10:40:50 - DEBUG - === New errors detail ===
2025-04-13 10:40:50 - DEBUG - New Error 1: line 34, type: syntax_error, message: unexpected token ')'; expected ']'
2025-04-13 10:40:50 - DEBUG - New Error 2: line 3, type: other_error, message: unsolved goals
x : ℝ
σ : ℝ ≃ ℝ
h₀ : ∀ (x : ℝ), σ.toFun x = 5 * x - 12
h₁ : 5 * (x + 1) - 12 = (x + 12) / 5
inverse_expr : ∀ (y : ℝ), σ.invFun y = (y + 12) / 5
step1 : 5 * (5 * x - 7) = x + 12
⊢ x = 47 / 24
2025-04-13 10:40:50 - INFO - Failed attempt time: 22.04 seconds
2025-04-13 10:40:50 - INFO - ❌ Could not generate fix for error at line 34
2025-04-13 10:40:50 - INFO - 
Trying to fix error 3/4: line 34, type: rewrite_failed
2025-04-13 10:40:50 - INFO - Error message: tactic 'rewrite' failed, equality or iff proof expected
  ?m.906
x : ℝ
σ : ℝ ≃ ℝ
h₀ : ∀ (x : ℝ), σ.t...
2025-04-13 10:40:50 - INFO - Removed header content, remaining 48 lines of code
2025-04-13 10:40:50 - INFO - Using specified target error line: 34
2025-04-13 10:40:51 - INFO - Found error at specified line: function expected at
  mul_eq_mul_left_iff
term has type
  ?m.845 * ?m.846 = ?m.845 * ?m.847 ↔ ?m.846 = ?m.847 ∨ ?m.845 = 0
2025-04-13 10:40:51 - INFO - Error at line 34: function expected at
  mul_eq_mul_left_iff
term has type
  ?m.845 * ?m.846 = ?m.845 * ?m.847 ↔ ?m.846 = ?m.847 ∨ ?m.845 = 0
2025-04-13 10:40:51 - INFO - 
==================================================
2025-04-13 10:40:51 - INFO - Code prepared, starting synthesis
2025-04-13 10:40:51 - INFO - Before part: /-- If $f(x)=5x-12$, find a value for $x$ so that $f^{-1}(x)=f(x+1)$. Show that it is \frac{47}{24}.-/
theorem mathd_algebra_422 (x : ℝ) (σ : Equiv ℝ ℝ) (h₀ : ∀ x, σ.1 x = 5 * x - 12)
  (h₁ : σ.1 (x + 1) = σ.2 x) : x = 47 / 24 := by
  -- First, let's unpack the given information:
  -- σ is an equivalence (bijection) on ℝ, representing our function f and its inverse
  -- h₀ states that the forward function σ.1 (f) is defined by f(x) = 5x - 12
  -- h₁ states the condition that f(x+1) = f⁻¹(x)
  
  -- We'll start by finding an explicit expression for the inverse function σ.2 (f⁻¹)
  -- Since f is bijective, we can solve y = 5x - 12 for x to find the inverse
  have inverse_expr : ∀ y, σ.2 y = (y + 12) / 5 := by
    intro y
    -- The inverse should satisfy f(f⁻¹(y)) = y
    -- So we solve 5x - 12 = y for x:
    -- 5x = y + 12
    -- x = (y + 12)/5
    -- Since σ is an Equiv, σ.2 is indeed the inverse, so this must hold
    apply σ.injective
    rw [h₀, ← h₀ (σ.2 y)]
    simp only [Equiv.apply_symm_apply]
    ring
    
  -- Now we can rewrite the condition h₁ using our expressions for f and f⁻¹
  -- h₁ states: f(x+1) = f⁻¹(x)
  -- Using h₀ and inverse_expr:
  rw [h₀, inverse_expr] at h₁
  
  -- Now we have: 5(x+1) - 12 = (x + 12)/5
  -- Let's simplify the left side:
  -- 5x + 5 - 12 = (x + 12)/5
  -- 5x - 7 = (x + 12)/5
  -- Now multiply both sides by 5 to eliminate denominator:
  have step1 : 5 * (5 * x - 7) = x + 12 := by
2025-04-13 10:40:51 - INFO - Error line:     rw [← mul_eq_mul_left_iff (by norm_num : (5:ℝ) ≠ 0)]
2025-04-13 10:40:51 - INFO - After part: exact h₁
    
  -- Simplify the left side:
  -- 25x - 35 = x + 12
  -- Now gather like terms:
  -- 25x - x = 12 + 35
  -- 24x = 47
  -- Finally, solve for x:
  -- x = 47/24
  have step2 : 24 * x = 47 := by
    linear_combination step1
    
  -- Divide both sides by 24 to isolate x
  exact (eq_div_iff (by norm_num : (24:ℝ) ≠ 0)).mpr step2
2025-04-13 10:40:51 - INFO - ==================================================

2025-04-13 10:40:52 - INFO - Testing fragment: rw [justaplaceholder]
2025-04-13 10:40:52 - INFO - Original error line:     rw [← mul_eq_mul_left_iff (by norm_num : (5:ℝ) ≠ 0)]
2025-04-13 10:40:54 - INFO - Testing fix: Original errors: 4, Fixed errors: 2
2025-04-13 10:40:54 - INFO - Result: False (introduced 2 new errors)
2025-04-13 10:40:54 - DEBUG - === New errors detail ===
2025-04-13 10:40:54 - DEBUG - New Error 1: line 34, type: syntax_error, message: unexpected token ')'; expected ']'
2025-04-13 10:40:54 - DEBUG - New Error 2: line 3, type: other_error, message: unsolved goals
x : ℝ
σ : ℝ ≃ ℝ
h₀ : ∀ (x : ℝ), σ.toFun x = 5 * x - 12
h₁ : 5 * (x + 1) - 12 = (x + 12) / 5
inverse_expr : ∀ (y : ℝ), σ.invFun y = (y + 12) / 5
step1 : 5 * (5 * x - 7) = x + 12
⊢ x = 47 / 24
2025-04-13 10:40:54 - INFO - Testing fragment: rw [<- justaplaceholder]
2025-04-13 10:40:54 - INFO - Original error line:     rw [← mul_eq_mul_left_iff (by norm_num : (5:ℝ) ≠ 0)]
2025-04-13 10:40:56 - INFO - Testing fix: Original errors: 4, Fixed errors: 2
2025-04-13 10:40:56 - INFO - Result: False (introduced 2 new errors)
2025-04-13 10:40:56 - DEBUG - === New errors detail ===
2025-04-13 10:40:56 - DEBUG - New Error 1: line 34, type: syntax_error, message: unexpected token ')'; expected ']'
2025-04-13 10:40:56 - DEBUG - New Error 2: line 3, type: other_error, message: unsolved goals
x : ℝ
σ : ℝ ≃ ℝ
h₀ : ∀ (x : ℝ), σ.toFun x = 5 * x - 12
h₁ : 5 * (x + 1) - 12 = (x + 12) / 5
inverse_expr : ∀ (y : ℝ), σ.invFun y = (y + 12) / 5
step1 : 5 * (5 * x - 7) = x + 12
⊢ x = 47 / 24
2025-04-13 10:40:56 - INFO - Testing fragment: simp
2025-04-13 10:40:56 - INFO - Original error line:     rw [← mul_eq_mul_left_iff (by norm_num : (5:ℝ) ≠ 0)]
2025-04-13 10:40:58 - INFO - Testing fix: Original errors: 4, Fixed errors: 2
2025-04-13 10:40:58 - INFO - Result: False (introduced 2 new errors)
2025-04-13 10:40:58 - DEBUG - === New errors detail ===
2025-04-13 10:40:58 - DEBUG - New Error 1: line 34, type: syntax_error, message: unexpected token ')'; expected ']'
2025-04-13 10:40:58 - DEBUG - New Error 2: line 3, type: other_error, message: unsolved goals
x : ℝ
σ : ℝ ≃ ℝ
h₀ : ∀ (x : ℝ), σ.toFun x = 5 * x - 12
h₁ : 5 * (x + 1) - 12 = (x + 12) / 5
inverse_expr : ∀ (y : ℝ), σ.invFun y = (y + 12) / 5
step1 : 5 * (5 * x - 7) = x + 12
⊢ x = 47 / 24
2025-04-13 10:40:58 - INFO - Testing fragment: field_simp
2025-04-13 10:40:58 - INFO - Original error line:     rw [← mul_eq_mul_left_iff (by norm_num : (5:ℝ) ≠ 0)]
2025-04-13 10:41:00 - INFO - Testing fix: Original errors: 4, Fixed errors: 2
2025-04-13 10:41:00 - INFO - Result: False (introduced 2 new errors)
2025-04-13 10:41:00 - DEBUG - === New errors detail ===
2025-04-13 10:41:00 - DEBUG - New Error 1: line 34, type: syntax_error, message: unexpected token ')'; expected ']'
2025-04-13 10:41:00 - DEBUG - New Error 2: line 3, type: other_error, message: unsolved goals
x : ℝ
σ : ℝ ≃ ℝ
h₀ : ∀ (x : ℝ), σ.toFun x = 5 * x - 12
h₁ : 5 * (x + 1) - 12 = (x + 12) / 5
inverse_expr : ∀ (y : ℝ), σ.invFun y = (y + 12) / 5
step1 : 5 * (5 * x - 7) = x + 12
⊢ x = 47 / 24
2025-04-13 10:41:00 - INFO - Testing fragment: norm_num
2025-04-13 10:41:00 - INFO - Original error line:     rw [← mul_eq_mul_left_iff (by norm_num : (5:ℝ) ≠ 0)]
2025-04-13 10:41:02 - INFO - Testing fix: Original errors: 4, Fixed errors: 2
2025-04-13 10:41:02 - INFO - Result: False (introduced 2 new errors)
2025-04-13 10:41:02 - DEBUG - === New errors detail ===
2025-04-13 10:41:02 - DEBUG - New Error 1: line 34, type: syntax_error, message: unexpected token ')'; expected ']'
2025-04-13 10:41:02 - DEBUG - New Error 2: line 3, type: other_error, message: unsolved goals
x : ℝ
σ : ℝ ≃ ℝ
h₀ : ∀ (x : ℝ), σ.toFun x = 5 * x - 12
h₁ : 5 * (x + 1) - 12 = (x + 12) / 5
inverse_expr : ∀ (y : ℝ), σ.invFun y = (y + 12) / 5
step1 : 5 * (5 * x - 7) = x + 12
⊢ x = 47 / 24
2025-04-13 10:41:02 - INFO - Testing fragment: ring
2025-04-13 10:41:02 - INFO - Original error line:     rw [← mul_eq_mul_left_iff (by norm_num : (5:ℝ) ≠ 0)]
2025-04-13 10:41:04 - INFO - Testing fix: Original errors: 4, Fixed errors: 2
2025-04-13 10:41:04 - INFO - Result: False (introduced 2 new errors)
2025-04-13 10:41:04 - DEBUG - === New errors detail ===
2025-04-13 10:41:04 - DEBUG - New Error 1: line 34, type: syntax_error, message: unexpected token ')'; expected ']'
2025-04-13 10:41:04 - DEBUG - New Error 2: line 3, type: other_error, message: unsolved goals
x : ℝ
σ : ℝ ≃ ℝ
h₀ : ∀ (x : ℝ), σ.toFun x = 5 * x - 12
h₁ : 5 * (x + 1) - 12 = (x + 12) / 5
inverse_expr : ∀ (y : ℝ), σ.invFun y = (y + 12) / 5
step1 : 5 * (5 * x - 7) = x + 12
⊢ x = 47 / 24
2025-04-13 10:41:04 - INFO - Testing fragment: ring_nf
2025-04-13 10:41:04 - INFO - Original error line:     rw [← mul_eq_mul_left_iff (by norm_num : (5:ℝ) ≠ 0)]
2025-04-13 10:41:06 - INFO - Testing fix: Original errors: 4, Fixed errors: 2
2025-04-13 10:41:06 - INFO - Result: False (introduced 2 new errors)
2025-04-13 10:41:06 - DEBUG - === New errors detail ===
2025-04-13 10:41:06 - DEBUG - New Error 1: line 34, type: syntax_error, message: unexpected token ')'; expected ']'
2025-04-13 10:41:06 - DEBUG - New Error 2: line 3, type: other_error, message: unsolved goals
x : ℝ
σ : ℝ ≃ ℝ
h₀ : ∀ (x : ℝ), σ.toFun x = 5 * x - 12
h₁ : 5 * (x + 1) - 12 = (x + 12) / 5
inverse_expr : ∀ (y : ℝ), σ.invFun y = (y + 12) / 5
step1 : 5 * (5 * x - 7) = x + 12
⊢ x = 47 / 24
2025-04-13 10:41:06 - INFO - Testing fragment: omega
2025-04-13 10:41:06 - INFO - Original error line:     rw [← mul_eq_mul_left_iff (by norm_num : (5:ℝ) ≠ 0)]
2025-04-13 10:41:08 - INFO - Testing fix: Original errors: 4, Fixed errors: 2
2025-04-13 10:41:08 - INFO - Result: False (introduced 2 new errors)
2025-04-13 10:41:08 - DEBUG - === New errors detail ===
2025-04-13 10:41:08 - DEBUG - New Error 1: line 34, type: syntax_error, message: unexpected token ')'; expected ']'
2025-04-13 10:41:08 - DEBUG - New Error 2: line 3, type: other_error, message: unsolved goals
x : ℝ
σ : ℝ ≃ ℝ
h₀ : ∀ (x : ℝ), σ.toFun x = 5 * x - 12
h₁ : 5 * (x + 1) - 12 = (x + 12) / 5
inverse_expr : ∀ (y : ℝ), σ.invFun y = (y + 12) / 5
step1 : 5 * (5 * x - 7) = x + 12
⊢ x = 47 / 24
2025-04-13 10:41:08 - INFO - Testing fragment: linarith
2025-04-13 10:41:08 - INFO - Original error line:     rw [← mul_eq_mul_left_iff (by norm_num : (5:ℝ) ≠ 0)]
2025-04-13 10:41:10 - INFO - Testing fix: Original errors: 4, Fixed errors: 2
2025-04-13 10:41:10 - INFO - Result: False (introduced 2 new errors)
2025-04-13 10:41:10 - DEBUG - === New errors detail ===
2025-04-13 10:41:10 - DEBUG - New Error 1: line 34, type: syntax_error, message: unexpected token ')'; expected ']'
2025-04-13 10:41:10 - DEBUG - New Error 2: line 3, type: other_error, message: unsolved goals
x : ℝ
σ : ℝ ≃ ℝ
h₀ : ∀ (x : ℝ), σ.toFun x = 5 * x - 12
h₁ : 5 * (x + 1) - 12 = (x + 12) / 5
inverse_expr : ∀ (y : ℝ), σ.invFun y = (y + 12) / 5
step1 : 5 * (5 * x - 7) = x + 12
⊢ x = 47 / 24
2025-04-13 10:41:10 - INFO - Testing fragment: nlinarith
2025-04-13 10:41:10 - INFO - Original error line:     rw [← mul_eq_mul_left_iff (by norm_num : (5:ℝ) ≠ 0)]
2025-04-13 10:41:12 - INFO - Testing fix: Original errors: 4, Fixed errors: 2
2025-04-13 10:41:12 - INFO - Result: False (introduced 2 new errors)
2025-04-13 10:41:12 - DEBUG - === New errors detail ===
2025-04-13 10:41:12 - DEBUG - New Error 1: line 34, type: syntax_error, message: unexpected token ')'; expected ']'
2025-04-13 10:41:12 - DEBUG - New Error 2: line 3, type: other_error, message: unsolved goals
x : ℝ
σ : ℝ ≃ ℝ
h₀ : ∀ (x : ℝ), σ.toFun x = 5 * x - 12
h₁ : 5 * (x + 1) - 12 = (x + 12) / 5
inverse_expr : ∀ (y : ℝ), σ.invFun y = (y + 12) / 5
step1 : 5 * (5 * x - 7) = x + 12
⊢ x = 47 / 24
2025-04-13 10:41:12 - INFO - Failed attempt time: 22.04 seconds
2025-04-13 10:41:12 - INFO - ❌ Could not generate fix for error at line 34
2025-04-13 10:41:12 - INFO - 
Trying to fix error 4/4: line 48, type: type_mismatch
2025-04-13 10:41:12 - INFO - Error message: application type mismatch
  (eq_div_iff ?m.1338).mpr step2
argument
  step2
has type
  24 * x = 47 :...
2025-04-13 10:41:12 - INFO - Removed header content, remaining 48 lines of code
2025-04-13 10:41:12 - INFO - Using specified target error line: 48
2025-04-13 10:41:13 - INFO - Found error at specified line: application type mismatch
  (eq_div_iff ?m.1338).mpr step2
argument
  step2
has type
  24 * x = 47 : Prop
but is expected to have type
  x * 24 = 47 : Prop
2025-04-13 10:41:13 - INFO - Error at line 48: application type mismatch
  (eq_div_iff ?m.1338).mpr step2
argument
  step2
has type
  24 * x = 47 : Prop
but is expected to have type
  x * 24 = 47 : Prop
2025-04-13 10:41:13 - INFO - 
==================================================
2025-04-13 10:41:13 - INFO - Code prepared, starting synthesis
2025-04-13 10:41:13 - INFO - Before part: /-- If $f(x)=5x-12$, find a value for $x$ so that $f^{-1}(x)=f(x+1)$. Show that it is \frac{47}{24}.-/
theorem mathd_algebra_422 (x : ℝ) (σ : Equiv ℝ ℝ) (h₀ : ∀ x, σ.1 x = 5 * x - 12)
  (h₁ : σ.1 (x + 1) = σ.2 x) : x = 47 / 24 := by
  -- First, let's unpack the given information:
  -- σ is an equivalence (bijection) on ℝ, representing our function f and its inverse
  -- h₀ states that the forward function σ.1 (f) is defined by f(x) = 5x - 12
  -- h₁ states the condition that f(x+1) = f⁻¹(x)
  
  -- We'll start by finding an explicit expression for the inverse function σ.2 (f⁻¹)
  -- Since f is bijective, we can solve y = 5x - 12 for x to find the inverse
  have inverse_expr : ∀ y, σ.2 y = (y + 12) / 5 := by
    intro y
    -- The inverse should satisfy f(f⁻¹(y)) = y
    -- So we solve 5x - 12 = y for x:
    -- 5x = y + 12
    -- x = (y + 12)/5
    -- Since σ is an Equiv, σ.2 is indeed the inverse, so this must hold
    apply σ.injective
    rw [h₀, ← h₀ (σ.2 y)]
    simp only [Equiv.apply_symm_apply]
    ring
    
  -- Now we can rewrite the condition h₁ using our expressions for f and f⁻¹
  -- h₁ states: f(x+1) = f⁻¹(x)
  -- Using h₀ and inverse_expr:
  rw [h₀, inverse_expr] at h₁
  
  -- Now we have: 5(x+1) - 12 = (x + 12)/5
  -- Let's simplify the left side:
  -- 5x + 5 - 12 = (x + 12)/5
  -- 5x - 7 = (x + 12)/5
  -- Now multiply both sides by 5 to eliminate denominator:
  have step1 : 5 * (5 * x - 7) = x + 12 := by
    rw [← mul_eq_mul_left_iff (by norm_num : (5:ℝ) ≠ 0)]
    exact h₁
    
  -- Simplify the left side:
  -- 25x - 35 = x + 12
  -- Now gather like terms:
  -- 25x - x = 12 + 35
  -- 24x = 47
  -- Finally, solve for x:
  -- x = 47/24
  have step2 : 24 * x = 47 := by
    linear_combination step1
    
  -- Divide both sides by 24 to isolate x
2025-04-13 10:41:13 - INFO - Error line:   exact (eq_div_iff (by norm_num : (24:ℝ) ≠ 0)).mpr step2
2025-04-13 10:41:13 - INFO - After part: 
2025-04-13 10:41:13 - INFO - ==================================================

2025-04-13 10:41:14 - INFO - Testing fragment: rw [justaplaceholder]
2025-04-13 10:41:14 - INFO - Original error line:   exact (eq_div_iff (by norm_num : (24:ℝ) ≠ 0)).mpr step2
2025-04-13 10:41:16 - INFO - Testing fix: Original errors: 4, Fixed errors: 7
2025-04-13 10:41:16 - INFO - Result: False (introduced 4 new errors)
2025-04-13 10:41:16 - DEBUG - === New errors detail ===
2025-04-13 10:41:16 - DEBUG - New Error 1: line 48, type: other_error, message: numerals are data in Lean, but the expected type is a proposition
  ?m.1310 = ?m.1308 / ?m.1309 ↔ ?m.1310 * ?m.1309 = ?m.1308 : Prop
2025-04-13 10:41:16 - DEBUG - New Error 2: line 48, type: unknown_identifier, message: unknown identifier 'justaplaceholder'
2025-04-13 10:41:16 - DEBUG - New Error 3: line 48, type: rewrite_failed, message: tactic 'rewrite' failed, equality or iff proof expected
  ?m.1430
x : ℝ
σ : ℝ ≃ ℝ
h₀ : ∀ (x : ℝ), σ.toFun x = 5 * x - 12
h₁ : 5 * (x + 1) - 12 = (x + 12) / 5
inverse_expr : ∀ (y : ℝ), σ.invFun y = (y + 12) / 5
step1 : 5 * (5 * x - 7) = x + 12
step2 : 24 * x = 47
⊢ ?m.1309 ≠ 0
2025-04-13 10:41:16 - DEBUG - New Error 4: line 48, type: syntax_error, message: unexpected token ')'; expected command
2025-04-13 10:41:16 - INFO - Testing fragment: rw [<- justaplaceholder]
2025-04-13 10:41:16 - INFO - Original error line:   exact (eq_div_iff (by norm_num : (24:ℝ) ≠ 0)).mpr step2
2025-04-13 10:41:18 - INFO - Testing fix: Original errors: 4, Fixed errors: 7
2025-04-13 10:41:18 - INFO - Result: False (introduced 4 new errors)
2025-04-13 10:41:18 - DEBUG - === New errors detail ===
2025-04-13 10:41:18 - DEBUG - New Error 1: line 48, type: other_error, message: numerals are data in Lean, but the expected type is a proposition
  ?m.1310 = ?m.1308 / ?m.1309 ↔ ?m.1310 * ?m.1309 = ?m.1308 : Prop
2025-04-13 10:41:18 - DEBUG - New Error 2: line 48, type: unknown_identifier, message: unknown identifier 'justaplaceholder'
2025-04-13 10:41:18 - DEBUG - New Error 3: line 48, type: rewrite_failed, message: tactic 'rewrite' failed, equality or iff proof expected
  ?m.1430
x : ℝ
σ : ℝ ≃ ℝ
h₀ : ∀ (x : ℝ), σ.toFun x = 5 * x - 12
h₁ : 5 * (x + 1) - 12 = (x + 12) / 5
inverse_expr : ∀ (y : ℝ), σ.invFun y = (y + 12) / 5
step1 : 5 * (5 * x - 7) = x + 12
step2 : 24 * x = 47
⊢ ?m.1309 ≠ 0
2025-04-13 10:41:18 - DEBUG - New Error 4: line 48, type: syntax_error, message: unexpected token ')'; expected command
2025-04-13 10:41:18 - INFO - Testing fragment: simp
2025-04-13 10:41:18 - INFO - Original error line:   exact (eq_div_iff (by norm_num : (24:ℝ) ≠ 0)).mpr step2
2025-04-13 10:41:20 - INFO - Testing fix: Original errors: 4, Fixed errors: 6
2025-04-13 10:41:20 - INFO - Result: False (introduced 3 new errors)
2025-04-13 10:41:20 - DEBUG - === New errors detail ===
2025-04-13 10:41:20 - DEBUG - New Error 1: line 48, type: other_error, message: numerals are data in Lean, but the expected type is a proposition
  ?m.1310 = ?m.1308 / ?m.1309 ↔ ?m.1310 * ?m.1309 = ?m.1308 : Prop
2025-04-13 10:41:20 - DEBUG - New Error 2: line 48, type: other_error, message: unsolved goals
x : ℝ
σ : ℝ ≃ ℝ
h₀ : ∀ (x : ℝ), σ.toFun x = 5 * x - 12
h₁ : 5 * (x + 1) - 12 = (x + 12) / 5
inverse_expr : ∀ (y : ℝ), σ.invFun y = (y + 12) / 5
step1 : 5 * (5 * x - 7) = x + 12
step2 : 24 * x = 47
⊢ ¬?m.1309 = 0
2025-04-13 10:41:20 - DEBUG - New Error 3: line 48, type: syntax_error, message: unexpected token ')'; expected command
2025-04-13 10:41:20 - INFO - Testing fragment: field_simp
2025-04-13 10:41:20 - INFO - Original error line:   exact (eq_div_iff (by norm_num : (24:ℝ) ≠ 0)).mpr step2
2025-04-13 10:41:22 - INFO - Testing fix: Original errors: 4, Fixed errors: 6
2025-04-13 10:41:22 - INFO - Result: False (introduced 3 new errors)
2025-04-13 10:41:22 - DEBUG - === New errors detail ===
2025-04-13 10:41:22 - DEBUG - New Error 1: line 48, type: other_error, message: numerals are data in Lean, but the expected type is a proposition
  ?m.1310 = ?m.1308 / ?m.1309 ↔ ?m.1310 * ?m.1309 = ?m.1308 : Prop
2025-04-13 10:41:22 - DEBUG - New Error 2: line 48, type: other_error, message: unsolved goals
x : ℝ
σ : ℝ ≃ ℝ
h₀ : ∀ (x : ℝ), σ.toFun x = 5 * x - 12
h₁ : 5 * (x + 1) - 12 = (x + 12) / 5
inverse_expr : ∀ (y : ℝ), σ.invFun y = (y + 12) / 5
step1 : 5 * (5 * x - 7) = x + 12
step2 : 24 * x = 47
⊢ ¬?m.1309 = 0
2025-04-13 10:41:22 - DEBUG - New Error 3: line 48, type: syntax_error, message: unexpected token ')'; expected command
2025-04-13 10:41:22 - INFO - Testing fragment: norm_num
2025-04-13 10:41:22 - INFO - Original error line:   exact (eq_div_iff (by norm_num : (24:ℝ) ≠ 0)).mpr step2
2025-04-13 10:41:24 - INFO - Testing fix: Original errors: 4, Fixed errors: 6
2025-04-13 10:41:24 - INFO - Result: False (introduced 3 new errors)
2025-04-13 10:41:24 - DEBUG - === New errors detail ===
2025-04-13 10:41:24 - DEBUG - New Error 1: line 48, type: other_error, message: numerals are data in Lean, but the expected type is a proposition
  ?m.1310 = ?m.1308 / ?m.1309 ↔ ?m.1310 * ?m.1309 = ?m.1308 : Prop
2025-04-13 10:41:24 - DEBUG - New Error 2: line 48, type: other_error, message: unsolved goals
x : ℝ
σ : ℝ ≃ ℝ
h₀ : ∀ (x : ℝ), σ.toFun x = 5 * x - 12
h₁ : 5 * (x + 1) - 12 = (x + 12) / 5
inverse_expr : ∀ (y : ℝ), σ.invFun y = (y + 12) / 5
step1 : 5 * (5 * x - 7) = x + 12
step2 : 24 * x = 47
⊢ ¬?m.1309 = 0
2025-04-13 10:41:24 - DEBUG - New Error 3: line 48, type: syntax_error, message: unexpected token ')'; expected command
2025-04-13 10:41:24 - INFO - Testing fragment: ring
2025-04-13 10:41:24 - INFO - Original error line:   exact (eq_div_iff (by norm_num : (24:ℝ) ≠ 0)).mpr step2
2025-04-13 10:41:26 - INFO - Testing fix: Original errors: 4, Fixed errors: 7
2025-04-13 10:41:26 - INFO - Result: False (introduced 4 new errors)
2025-04-13 10:41:26 - DEBUG - === New errors detail ===
2025-04-13 10:41:26 - DEBUG - New Error 1: line 48, type: other_error, message: numerals are data in Lean, but the expected type is a proposition
  ?m.1310 = ?m.1308 / ?m.1309 ↔ ?m.1310 * ?m.1309 = ?m.1308 : Prop
2025-04-13 10:41:26 - DEBUG - New Error 2: line 48, type: ring_failed, message: Try this: ring_nf
2025-04-13 10:41:26 - DEBUG - New Error 3: line 48, type: other_error, message: unsolved goals
x : ℝ
σ : ℝ ≃ ℝ
h₀ : ∀ (x : ℝ), σ.toFun x = 5 * x - 12
h₁ : 5 * (x + 1) - 12 = (x + 12) / 5
inverse_expr : ∀ (y : ℝ), σ.invFun y = (y + 12) / 5
step1 : 5 * (5 * x - 7) = x + 12
step2 : 24 * x = 47
⊢ ?m.1309 ≠ 0
2025-04-13 10:41:26 - DEBUG - New Error 4: line 48, type: syntax_error, message: unexpected token ')'; expected command
2025-04-13 10:41:26 - INFO - Testing fragment: ring_nf
2025-04-13 10:41:26 - INFO - Original error line:   exact (eq_div_iff (by norm_num : (24:ℝ) ≠ 0)).mpr step2
2025-04-13 10:41:28 - INFO - Testing fix: Original errors: 4, Fixed errors: 6
2025-04-13 10:41:28 - INFO - Result: False (introduced 3 new errors)
2025-04-13 10:41:28 - DEBUG - === New errors detail ===
2025-04-13 10:41:28 - DEBUG - New Error 1: line 48, type: other_error, message: numerals are data in Lean, but the expected type is a proposition
  ?m.1310 = ?m.1308 / ?m.1309 ↔ ?m.1310 * ?m.1309 = ?m.1308 : Prop
2025-04-13 10:41:28 - DEBUG - New Error 2: line 48, type: other_error, message: unsolved goals
x : ℝ
σ : ℝ ≃ ℝ
h₀ : ∀ (x : ℝ), σ.toFun x = 5 * x - 12
h₁ : 5 * (x + 1) - 12 = (x + 12) / 5
inverse_expr : ∀ (y : ℝ), σ.invFun y = (y + 12) / 5
step1 : 5 * (5 * x - 7) = x + 12
step2 : 24 * x = 47
⊢ ?m.1309 ≠ 0
2025-04-13 10:41:28 - DEBUG - New Error 3: line 48, type: syntax_error, message: unexpected token ')'; expected command
2025-04-13 10:41:28 - INFO - Testing fragment: omega
2025-04-13 10:41:28 - INFO - Original error line:   exact (eq_div_iff (by norm_num : (24:ℝ) ≠ 0)).mpr step2
2025-04-13 10:41:30 - INFO - Testing fix: Original errors: 4, Fixed errors: 6
2025-04-13 10:41:30 - INFO - Result: False (introduced 3 new errors)
2025-04-13 10:41:30 - DEBUG - === New errors detail ===
2025-04-13 10:41:30 - DEBUG - New Error 1: line 48, type: other_error, message: numerals are data in Lean, but the expected type is a proposition
  ?m.1310 = ?m.1308 / ?m.1309 ↔ ?m.1310 * ?m.1309 = ?m.1308 : Prop
2025-04-13 10:41:30 - DEBUG - New Error 2: line 48, type: other_error, message: omega could not prove the goal:
No usable constraints found. You may need to unfold definitions so `omega` can see linear arithmetic facts about `Nat` and `Int`, which may also involve multiplication, division, and modular remainder by constants.
2025-04-13 10:41:30 - DEBUG - New Error 3: line 48, type: syntax_error, message: unexpected token ')'; expected command
2025-04-13 10:41:30 - INFO - Testing fragment: linarith
2025-04-13 10:41:30 - INFO - Original error line:   exact (eq_div_iff (by norm_num : (24:ℝ) ≠ 0)).mpr step2
2025-04-13 10:41:32 - INFO - Testing fix: Original errors: 4, Fixed errors: 5
2025-04-13 10:41:32 - INFO - Result: False (introduced 2 new errors)
2025-04-13 10:41:32 - DEBUG - === New errors detail ===
2025-04-13 10:41:32 - DEBUG - New Error 1: line 48, type: other_error, message: numerals are data in Lean, but the expected type is a proposition
  ?m.1310 = ?m.1308 / ?m.1309 ↔ ?m.1310 * ?m.1309 = ?m.1308 : Prop
2025-04-13 10:41:32 - DEBUG - New Error 2: line 48, type: syntax_error, message: unexpected token ')'; expected command
2025-04-13 10:41:32 - INFO - Testing fragment: nlinarith
2025-04-13 10:41:32 - INFO - Original error line:   exact (eq_div_iff (by norm_num : (24:ℝ) ≠ 0)).mpr step2
2025-04-13 10:41:34 - INFO - Testing fix: Original errors: 4, Fixed errors: 5
2025-04-13 10:41:34 - INFO - Result: False (introduced 2 new errors)
2025-04-13 10:41:34 - DEBUG - === New errors detail ===
2025-04-13 10:41:34 - DEBUG - New Error 1: line 48, type: other_error, message: numerals are data in Lean, but the expected type is a proposition
  ?m.1310 = ?m.1308 / ?m.1309 ↔ ?m.1310 * ?m.1309 = ?m.1308 : Prop
2025-04-13 10:41:34 - DEBUG - New Error 2: line 48, type: syntax_error, message: unexpected token ')'; expected command
2025-04-13 10:41:34 - INFO - Failed attempt time: 22.04 seconds
2025-04-13 10:41:34 - INFO - ❌ Could not generate fix for error at line 48
2025-04-13 10:41:35 - INFO - 
===== Fix attempt completed =====
2025-04-13 10:41:35 - INFO - Original errors: 4
2025-04-13 10:41:35 - INFO - Fixed errors: 0
2025-04-13 10:41:35 - INFO - Failed errors: 4
2025-04-13 10:41:35 - INFO - Remaining errors: 4
2025-04-13 10:41:35 - INFO - Total time: 90.17 seconds
2025-04-13 10:41:35 - INFO - 
Final fixed code:
2025-04-13 10:41:35 - INFO - ----------------------------------------
2025-04-13 10:41:35 - INFO - /-- If $f(x)=5x-12$, find a value for $x$ so that $f^{-1}(x)=f(x+1)$. Show that it is \frac{47}{24}.-/
theorem mathd_algebra_422 (x : ℝ) (σ : Equiv ℝ ℝ) (h₀ : ∀ x, σ.1 x = 5 * x - 12)
  (h₁ : σ.1 (x + 1) = σ.2 x) : x = 47 / 24 := by
  -- First, let's unpack the given information:
  -- σ is an equivalence (bijection) on ℝ, representing our function f and its inverse
  -- h₀ states that the forward function σ.1 (f) is defined by f(x) = 5x - 12
  -- h₁ states the condition that f(x+1) = f⁻¹(x)
  
  -- We'll start by finding an explicit expression for the inverse function σ.2 (f⁻¹)
  -- Since f is bijective, we can solve y = 5x - 12 for x to find the inverse
  have inverse_expr : ∀ y, σ.2 y = (y + 12) / 5 := by
    intro y
    -- The inverse should satisfy f(f⁻¹(y)) = y
    -- So we solve 5x - 12 = y for x:
    -- 5x = y + 12
    -- x = (y + 12)/5
    -- Since σ is an Equiv, σ.2 is indeed the inverse, so this must hold
    apply σ.injective
    rw [h₀, ← h₀ (σ.2 y)]
    simp only [Equiv.apply_symm_apply]
    ring
    
  -- Now we can rewrite the condition h₁ using our expressions for f and f⁻¹
  -- h₁ states: f(x+1) = f⁻¹(x)
  -- Using h₀ and inverse_expr:
  rw [h₀, inverse_expr] at h₁
  
  -- Now we have: 5(x+1) - 12 = (x + 12)/5
  -- Let's simplify the left side:
  -- 5x + 5 - 12 = (x + 12)/5
  -- 5x - 7 = (x + 12)/5
  -- Now multiply both sides by 5 to eliminate denominator:
  have step1 : 5 * (5 * x - 7) = x + 12 := by
    rw [← mul_eq_mul_left_iff (by norm_num : (5:ℝ) ≠ 0)]
    exact h₁
    
  -- Simplify the left side:
  -- 25x - 35 = x + 12
  -- Now gather like terms:
  -- 25x - x = 12 + 35
  -- 24x = 47
  -- Finally, solve for x:
  -- x = 47/24
  have step2 : 24 * x = 47 := by
    linear_combination step1
    
  -- Divide both sides by 24 to isolate x
  exact (eq_div_iff (by norm_num : (24:ℝ) ≠ 0)).mpr step2
2025-04-13 10:41:35 - INFO - ----------------------------------------
2025-04-13 10:41:35 - INFO - 
Detailed error repair report:
2025-04-13 10:41:35 - INFO - Original code error count: 4
❌ Fixed error 1/4: Could not generate fix for error at line 19 «rewrite_failed» (after 22.04s)
❌ Fixed error 2/4: Could not generate fix for error at line 34 «function_expected» (after 22.04s)
❌ Fixed error 3/4: Could not generate fix for error at line 34 «rewrite_failed» (after 22.04s)
❌ Fixed error 4/4: Could not generate fix for error at line 48 «type_mismatch» (after 22.04s)

=== Fix statistics ===
Original error count: 4
Fixed errors: 0 (Fix rate: 0.0000)
Failed errors: 4
Remaining errors: 4
Total time: 90.17 seconds

=== Failed fix details ===

Failed fix 1:
   Line: 19
   Error type: rewrite_failed
   Original error message: tactic 'rewrite' failed, did not find instance of the pattern in the target expression
  σ.toFun ?x
...
   Failure reason: Could not generate fix
   Time: 22.04 seconds

Failed fix 2:
   Line: 34
   Error type: function_expected
   Original error message: function expected at
  mul_eq_mul_left_iff
term has type
  ?m.845 * ?m.846 = ?m.845 * ?m.847 ↔ ?m.84...
   Failure reason: Could not generate fix
   Time: 22.04 seconds

Failed fix 3:
   Line: 34
   Error type: rewrite_failed
   Original error message: tactic 'rewrite' failed, equality or iff proof expected
  ?m.906
x : ℝ
σ : ℝ ≃ ℝ
h₀ : ∀ (x : ℝ), σ.t...
   Failure reason: Could not generate fix
   Time: 22.04 seconds

Failed fix 4:
   Line: 48
   Error type: type_mismatch
   Original error message: application type mismatch
  (eq_div_iff ?m.1338).mpr step2
argument
  step2
has type
  24 * x = 47 :...
   Failure reason: Could not generate fix
   Time: 22.04 seconds
2025-04-13 10:41:35 - INFO - 
Fixed code saved to: ./minif2f/lean_fixed/38_fixed.lean
2025-04-13 10:41:35 - INFO - JSON log saved to: ./minif2f/lean_fixed/38_fix_log.json
2025-04-13 10:41:35 - INFO - 
===== LOG FILE LOCATION =====
2025-04-13 10:41:35 - INFO - Detailed log file is available at: ./minif2f/lean_fixed/38.log
2025-04-13 10:41:35 - INFO - ===============================
