2025-04-13 10:39:27 - INFO - Log file initialized at 2025-04-13T10:39:27.413392
2025-04-13 10:39:27 - INFO - ===== LOG FILE LOCATION =====
2025-04-13 10:39:27 - INFO - Detailed log file created at: /data/coding/minif2f/lean_fixed/4.log
2025-04-13 10:39:27 - INFO - ===============================
2025-04-13 10:39:27 - INFO - Original code:
2025-04-13 10:39:27 - INFO - ----------------------------------------
2025-04-13 10:39:27 - INFO - import Mathlib
import Aesop

set_option maxHeartbeats 0  -- Disable heartbeat limit to prevent timeout during proof checking

open BigOperators Real Nat Topology Rat  -- Open common mathematical namespaces

/--
Expand the following expression: $7(3y+2)$ Show that it is 21y+14.
This theorem states that for any complex number y, 7 multiplied by (3y + 2) equals 21y + 14.
-/
theorem mathd_algebra_182 (y : ℂ) : 7 * (3 * y + 2) = 21 * y + 14 := by
  -- The proof will use the distributive property of multiplication over addition
  -- First step: Apply the distributive property to multiply 7 across the terms inside the parentheses
  rw [mul_add]  -- Rewrites using the distributive property: a*(b+c) = a*b + a*c

  -- Now we have two multiplication terms: 7 * (3 * y) and 7 * 2
  -- Next step: Simplify both multiplications

  -- First multiplication: 7 * (3 * y) can be rewritten using associativity of multiplication
  rw [mul_assoc]  -- Rewrites a*(b*c) as (a*b)*c

  -- Now we have (7 * 3) * y + 7 * 2
  -- Next step: Compute the constant multiplications

  -- Compute 7 * 3 to get 21
  norm_num  -- Normalizes numerical expressions, computing 7*3 to 21 and 7*2 to 14

  -- After norm_num, the expression is now 21 * y + 14
  -- No further simplification is needed as we've reached the desired form

  -- The proof is complete as both sides of the equation now match

2025-04-13 10:39:27 - INFO - ----------------------------------------
2025-04-13 10:39:27 - INFO - 
Checking original code for all errors...
2025-04-13 10:40:05 - INFO - Original code contains 1 errors:
2025-04-13 10:40:05 - INFO - Error 1: line 14, type: rewrite_failed, message: tactic 'rewrite' failed, did not find instance of the pattern in the target expression
  ?a * ?b * ?...
2025-04-13 10:40:05 - INFO - 
Starting multi-error continuous repair process...
2025-04-13 10:40:05 - INFO - 
===== Starting to fix all errors =====
2025-04-13 10:40:06 - INFO - 
Found 1 original errors:
2025-04-13 10:40:06 - INFO - Error 1: line 14, type: rewrite_failed, message: tactic 'rewrite' failed, did not find instance of the pattern in the target expression
  ?a * ?b * ?...
2025-04-13 10:40:06 - INFO - 
Trying to fix error 1/1: line 14, type: rewrite_failed
2025-04-13 10:40:06 - INFO - Error message: tactic 'rewrite' failed, did not find instance of the pattern in the target expression
  ?a * ?b * ?...
2025-04-13 10:40:06 - INFO - Removed header content, remaining 25 lines of code
2025-04-13 10:40:06 - INFO - Using specified target error line: 14
2025-04-13 10:40:07 - INFO - Found error at specified line: tactic 'rewrite' failed, did not find instance of the pattern in the target expression
  ?a * ?b * ?c
y : ℂ
⊢ 7 * (3 * y) + 7 * 2 = 21 * y + 14
2025-04-13 10:40:07 - INFO - Error at line 14: tactic 'rewrite' failed, did not find instance of the pattern in the target expression
  ?a * ?b * ?c
y : ℂ
⊢ 7 * (3 * y) + 7 * 2 = 21 * y + 14
2025-04-13 10:40:07 - INFO - 
==================================================
2025-04-13 10:40:07 - INFO - Code prepared, starting synthesis
2025-04-13 10:40:07 - INFO - Before part: /--
Expand the following expression: $7(3y+2)$ Show that it is 21y+14.
This theorem states that for any complex number y, 7 multiplied by (3y + 2) equals 21y + 14.
-/
theorem mathd_algebra_182 (y : ℂ) : 7 * (3 * y + 2) = 21 * y + 14 := by
  -- The proof will use the distributive property of multiplication over addition
  -- First step: Apply the distributive property to multiply 7 across the terms inside the parentheses
  rw [mul_add]  -- Rewrites using the distributive property: a*(b+c) = a*b + a*c

  -- Now we have two multiplication terms: 7 * (3 * y) and 7 * 2
  -- Next step: Simplify both multiplications

  -- First multiplication: 7 * (3 * y) can be rewritten using associativity of multiplication
2025-04-13 10:40:07 - INFO - Error line:   rw [mul_assoc]  -- Rewrites a*(b*c) as (a*b)*c
2025-04-13 10:40:07 - INFO - After part: -- Now we have (7 * 3) * y + 7 * 2
  -- Next step: Compute the constant multiplications

  -- Compute 7 * 3 to get 21
  norm_num  -- Normalizes numerical expressions, computing 7*3 to 21 and 7*2 to 14

  -- After norm_num, the expression is now 21 * y + 14
  -- No further simplification is needed as we've reached the desired form

  -- The proof is complete as both sides of the equation now match
2025-04-13 10:40:07 - INFO - ==================================================

2025-04-13 10:40:08 - INFO - Testing fragment: rw [justaplaceholder]
2025-04-13 10:40:08 - INFO - Original error line:   rw [mul_assoc]  -- Rewrites a*(b*c) as (a*b)*c
2025-04-13 10:40:10 - INFO - Testing fix: Original errors: 1, Fixed errors: 2
2025-04-13 10:40:10 - INFO - Result: False (introduced 2 new errors)
2025-04-13 10:40:10 - DEBUG - === New errors detail ===
2025-04-13 10:40:10 - DEBUG - New Error 1: line 14, type: unknown_identifier, message: unknown identifier 'justaplaceholder'
2025-04-13 10:40:10 - DEBUG - New Error 2: line 14, type: rewrite_failed, message: tactic 'rewrite' failed, equality or iff proof expected
  ?m.1592
y : ℂ
⊢ 7 * (3 * y) + 7 * 2 = 21 * y + 14
2025-04-13 10:40:10 - INFO - Testing fragment: rw [<- justaplaceholder]
2025-04-13 10:40:10 - INFO - Original error line:   rw [mul_assoc]  -- Rewrites a*(b*c) as (a*b)*c
2025-04-13 10:40:12 - INFO - Testing fix: Original errors: 1, Fixed errors: 2
2025-04-13 10:40:12 - INFO - Result: False (introduced 2 new errors)
2025-04-13 10:40:12 - DEBUG - === New errors detail ===
2025-04-13 10:40:12 - DEBUG - New Error 1: line 14, type: unknown_identifier, message: unknown identifier 'justaplaceholder'
2025-04-13 10:40:12 - DEBUG - New Error 2: line 14, type: rewrite_failed, message: tactic 'rewrite' failed, equality or iff proof expected
  ?m.1592
y : ℂ
⊢ 7 * (3 * y) + 7 * 2 = 21 * y + 14
2025-04-13 10:40:12 - INFO - Testing fragment: simp
2025-04-13 10:40:12 - INFO - Original error line:   rw [mul_assoc]  -- Rewrites a*(b*c) as (a*b)*c
2025-04-13 10:40:14 - INFO - Testing fix: Original errors: 1, Fixed errors: 1
2025-04-13 10:40:14 - INFO - Result: False (introduced 1 new errors)
2025-04-13 10:40:14 - DEBUG - === New errors detail ===
2025-04-13 10:40:14 - DEBUG - New Error 1: line 14, type: simp_failed, message: simp made no progress
2025-04-13 10:40:14 - INFO - Testing fragment: field_simp
2025-04-13 10:40:14 - INFO - Original error line:   rw [mul_assoc]  -- Rewrites a*(b*c) as (a*b)*c
2025-04-13 10:40:16 - INFO - Testing fix: Original errors: 1, Fixed errors: 1
2025-04-13 10:40:16 - INFO - Result: False (introduced 1 new errors)
2025-04-13 10:40:16 - DEBUG - === New errors detail ===
2025-04-13 10:40:16 - DEBUG - New Error 1: line 14, type: simp_failed, message: simp made no progress
2025-04-13 10:40:16 - INFO - Testing fragment: norm_num
2025-04-13 10:40:16 - INFO - Original error line:   rw [mul_assoc]  -- Rewrites a*(b*c) as (a*b)*c
2025-04-13 10:40:18 - INFO - Testing fix: Original errors: 1, Fixed errors: 1
2025-04-13 10:40:18 - INFO - Result: False (introduced 1 new errors)
2025-04-13 10:40:18 - DEBUG - === New errors detail ===
2025-04-13 10:40:18 - DEBUG - New Error 1: line 5, type: other_error, message: unsolved goals
y : ℂ
⊢ 7 * (3 * y) = 21 * y
2025-04-13 10:40:18 - INFO - Testing fragment: ring
2025-04-13 10:40:18 - INFO - Original error line:   rw [mul_assoc]  -- Rewrites a*(b*c) as (a*b)*c
2025-04-13 10:40:20 - INFO - Testing fix: Original errors: 1, Fixed errors: 1
2025-04-13 10:40:20 - INFO - Result: False (introduced 1 new errors)
2025-04-13 10:40:20 - DEBUG - === New errors detail ===
2025-04-13 10:40:20 - DEBUG - New Error 1: line 20, type: no_goals_to_solve, message: no goals to be solved
2025-04-13 10:40:20 - INFO - Testing fragment: ring_nf
2025-04-13 10:40:20 - INFO - Original error line:   rw [mul_assoc]  -- Rewrites a*(b*c) as (a*b)*c
2025-04-13 10:40:22 - INFO - Testing fix: Original errors: 1, Fixed errors: 1
2025-04-13 10:40:22 - INFO - Result: False (introduced 1 new errors)
2025-04-13 10:40:22 - DEBUG - === New errors detail ===
2025-04-13 10:40:22 - DEBUG - New Error 1: line 20, type: no_goals_to_solve, message: no goals to be solved
2025-04-13 10:40:22 - INFO - Testing fragment: omega
2025-04-13 10:40:22 - INFO - Original error line:   rw [mul_assoc]  -- Rewrites a*(b*c) as (a*b)*c
2025-04-13 10:40:24 - INFO - Testing fix: Original errors: 1, Fixed errors: 1
2025-04-13 10:40:24 - INFO - Result: False (introduced 1 new errors)
2025-04-13 10:40:24 - DEBUG - === New errors detail ===
2025-04-13 10:40:24 - DEBUG - New Error 1: line 14, type: other_error, message: omega could not prove the goal:
No usable constraints found. You may need to unfold definitions so `omega` can see linear arithmetic facts about `Nat` and `Int`, which may also involve multiplication, division, and modular remainder by constants.
2025-04-13 10:40:24 - INFO - Testing fragment: linarith
2025-04-13 10:40:24 - INFO - Original error line:   rw [mul_assoc]  -- Rewrites a*(b*c) as (a*b)*c
2025-04-13 10:40:26 - INFO - Testing fix: Original errors: 1, Fixed errors: 1
2025-04-13 10:40:26 - INFO - Result: False (introduced 1 new errors)
2025-04-13 10:40:26 - DEBUG - === New errors detail ===
2025-04-13 10:40:26 - DEBUG - New Error 1: line 14, type: failed_to_synthesize, message: failed to synthesize
  LinearOrder ℂ
use `set_option diagnostics true` to get diagnostic information
2025-04-13 10:40:26 - INFO - Testing fragment: nlinarith
2025-04-13 10:40:26 - INFO - Original error line:   rw [mul_assoc]  -- Rewrites a*(b*c) as (a*b)*c
2025-04-13 10:40:28 - INFO - Testing fix: Original errors: 1, Fixed errors: 1
2025-04-13 10:40:28 - INFO - Result: False (introduced 1 new errors)
2025-04-13 10:40:28 - DEBUG - === New errors detail ===
2025-04-13 10:40:28 - DEBUG - New Error 1: line 14, type: failed_to_synthesize, message: failed to synthesize
  LinearOrder ℂ
use `set_option diagnostics true` to get diagnostic information
2025-04-13 10:40:28 - INFO - Failed attempt time: 22.04 seconds
2025-04-13 10:40:28 - INFO - ❌ Could not generate fix for error at line 14
2025-04-13 10:40:29 - INFO - 
===== Fix attempt completed =====
2025-04-13 10:40:29 - INFO - Original errors: 1
2025-04-13 10:40:29 - INFO - Fixed errors: 0
2025-04-13 10:40:29 - INFO - Failed errors: 1
2025-04-13 10:40:29 - INFO - Remaining errors: 1
2025-04-13 10:40:29 - INFO - Total time: 24.04 seconds
2025-04-13 10:40:29 - INFO - 
Final fixed code:
2025-04-13 10:40:29 - INFO - ----------------------------------------
2025-04-13 10:40:29 - INFO - /--
Expand the following expression: $7(3y+2)$ Show that it is 21y+14.
This theorem states that for any complex number y, 7 multiplied by (3y + 2) equals 21y + 14.
-/
theorem mathd_algebra_182 (y : ℂ) : 7 * (3 * y + 2) = 21 * y + 14 := by
  -- The proof will use the distributive property of multiplication over addition
  -- First step: Apply the distributive property to multiply 7 across the terms inside the parentheses
  rw [mul_add]  -- Rewrites using the distributive property: a*(b+c) = a*b + a*c

  -- Now we have two multiplication terms: 7 * (3 * y) and 7 * 2
  -- Next step: Simplify both multiplications

  -- First multiplication: 7 * (3 * y) can be rewritten using associativity of multiplication
  rw [mul_assoc]  -- Rewrites a*(b*c) as (a*b)*c

  -- Now we have (7 * 3) * y + 7 * 2
  -- Next step: Compute the constant multiplications

  -- Compute 7 * 3 to get 21
  norm_num  -- Normalizes numerical expressions, computing 7*3 to 21 and 7*2 to 14

  -- After norm_num, the expression is now 21 * y + 14
  -- No further simplification is needed as we've reached the desired form

  -- The proof is complete as both sides of the equation now match
2025-04-13 10:40:29 - INFO - ----------------------------------------
2025-04-13 10:40:29 - INFO - 
Detailed error repair report:
2025-04-13 10:40:29 - INFO - Original code error count: 1
❌ Fixed error 1/1: Could not generate fix for error at line 14 «rewrite_failed» (after 22.04s)

=== Fix statistics ===
Original error count: 1
Fixed errors: 0 (Fix rate: 0.0000)
Failed errors: 1
Remaining errors: 1
Total time: 24.04 seconds

=== Failed fix details ===

Failed fix 1:
   Line: 14
   Error type: rewrite_failed
   Original error message: tactic 'rewrite' failed, did not find instance of the pattern in the target expression
  ?a * ?b * ?...
   Failure reason: Could not generate fix
   Time: 22.04 seconds
2025-04-13 10:40:29 - INFO - 
Fixed code saved to: /data/coding/minif2f/lean_fixed/4_fixed.lean
2025-04-13 10:40:29 - INFO - JSON log saved to: /data/coding/minif2f/lean_fixed/4_fix_log.json
2025-04-13 10:40:29 - INFO - 
===== LOG FILE LOCATION =====
2025-04-13 10:40:29 - INFO - Detailed log file is available at: /data/coding/minif2f/lean_fixed/4.log
2025-04-13 10:40:29 - INFO - ===============================
