2025-04-13 10:39:27 - INFO - Log file initialized at 2025-04-13T10:39:27.411884
2025-04-13 10:39:27 - INFO - ===== LOG FILE LOCATION =====
2025-04-13 10:39:27 - INFO - Detailed log file created at: /data/coding/minif2f/lean_fixed/40.log
2025-04-13 10:39:27 - INFO - ===============================
2025-04-13 10:39:27 - INFO - Original code:
2025-04-13 10:39:27 - INFO - ----------------------------------------
2025-04-13 10:39:27 - INFO - import Mathlib
import Aesop

set_option maxHeartbeats 0

open BigOperators Real Nat Topology Rat

/-- 
Let $p$, $q$, and $r$ be constants. One solution to the equation $(x-p)(x-q) = (r-p)(r-q)$ is $x=r$. 
Find the other solution in terms of $p$, $q$, and $r$. Show that it is p+q-r.
-/
theorem mathd_algebra_73 (p q r x : ℂ) (h₀ : (x - p) * (x - q) = (r - p) * (r - q)) (h₁ : x ≠ r) :
  x = p + q - r := by
  -- First, expand both sides of the equation to convert it to standard quadratic form
  have h₂ : x^2 - (p + q) * x + p * q = r^2 - (p + q) * r + p * q := by
    -- Expand left side (x-p)(x-q)
    rw [mul_sub_right_distrib, sub_mul, sub_mul]
    -- Simplify terms
    ring
    -- Expand right side (r-p)(r-q) to match left side
    rw [mul_sub_right_distrib, sub_mul, sub_mul] at h₀
    -- Simplify terms
    ring at h₀
    -- The expanded forms are now equal
    exact h₀
  
  -- Subtract right side from both sides to form a quadratic equation set to zero
  have h₃ : x^2 - (p + q) * x - (r^2 - (p + q) * r) = 0 := by
    -- Subtract right side from both sides of h₂
    rw [← sub_eq_zero, h₂]
  
  -- Rewrite the equation in a more standard quadratic form
  have h₄ : x^2 - (p + q) * x - r^2 + (p + q) * r = 0 := by
    -- Distribute the negative sign in h₃
    ring_nf at h₃ ⊢
    exact h₃
  
  -- Factor the equation by grouping terms
  have h₅ : (x^2 - r^2) - (p + q) * (x - r) = 0 := by
    -- Group x²-r² and factor out (p+q) from remaining terms
    rw [sub_mul, ← sub_sub]
    -- Recognize x² - r² as difference of squares
    rw [← add_sub_assoc]
    -- Rearrange terms to show the factoring structure
    ring_nf
  
  -- Factor the difference of squares and rewrite the equation
  have h₆ : (x - r) * (x + r) - (p + q) * (x - r) = 0 := by
    -- Apply difference of squares formula to x² - r²
    rw [pow_two x, pow_two r, sq_sub_sq]
  
  -- Factor out the common (x - r) term from both parts
  have h₇ : (x - r) * (x + r - (p + q)) = 0 := by
    -- Factor (x - r) from both terms
    rw [← mul_sub_left_distrib]
  
  -- Since the product equals zero, one of the factors must be zero
  have h₈ : (x - r = 0) ∨ (x + r - (p + q) = 0) := by
    -- Apply the zero product property
    exact eq_zero_or_eq_zero_of_mul_eq_zero h₇
  
  -- We know x ≠ r from hypothesis h₁, so the first case is false
  have h₉ : x + r - (p + q) = 0 := by
    -- Eliminate the first possibility using h₁
    cases h₈ with
    | inl hr => 
      -- This would imply x = r, which contradicts h₁
      exfalso
      exact h₁ hr
    | inr h => 
      -- This is the case we want
      exact h
  
  -- Solve for x in the remaining equation
  have h₁₀ : x = p + q - r := by
    -- Rearrange terms to solve for x
    rw [sub_eq_zero, add_comm] at h₉
    -- Add r to both sides and subtract x from both sides
    rw [← eq_sub_iff_add_eq, sub_sub, add_comm (p + q) r]
    -- Simplify the expression
    simp only [add_sub_cancel]
  
  -- The result follows from h₁₀
  exact h₁₀
2025-04-13 10:39:27 - INFO - ----------------------------------------
2025-04-13 10:39:27 - INFO - 
Checking original code for all errors...
2025-04-13 10:40:05 - INFO - Original code contains 3 errors:
2025-04-13 10:40:05 - INFO - Error 1: line 10, type: rewrite_failed, message: tactic 'rewrite' failed, did not find instance of the pattern in the target expression
  (?a - ?b) *...
2025-04-13 10:40:05 - INFO - Error 2: line 6, type: other_error, message: unsolved goals
p q r x : ℂ
h₀ : (x - p) * (x - q) = (r - p) * (r - q)
h₁ : x ≠ r
h₂ : x ^ 2 - (p + q...
2025-04-13 10:40:05 - INFO - Error 3: line 16, type: syntax_error, message: unexpected token 'at'; expected command...
2025-04-13 10:40:05 - INFO - 
Starting multi-error continuous repair process...
2025-04-13 10:40:05 - INFO - 
===== Starting to fix all errors =====
2025-04-13 10:40:06 - INFO - 
Found 3 original errors:
2025-04-13 10:40:06 - INFO - Error 1: line 10, type: rewrite_failed, message: tactic 'rewrite' failed, did not find instance of the pattern in the target expression
  (?a - ?b) *...
2025-04-13 10:40:06 - INFO - Error 2: line 6, type: other_error, message: unsolved goals
p q r x : ℂ
h₀ : (x - p) * (x - q) = (r - p) * (r - q)
h₁ : x ≠ r
h₂ : x ^ 2 - (p + q...
2025-04-13 10:40:06 - INFO - Error 3: line 16, type: syntax_error, message: unexpected token 'at'; expected command...
2025-04-13 10:40:06 - INFO - 
Trying to fix error 1/3: line 6, type: other_error
2025-04-13 10:40:06 - INFO - Error message: unsolved goals
p q r x : ℂ
h₀ : (x - p) * (x - q) = (r - p) * (r - q)
h₁ : x ≠ r
h₂ : x ^ 2 - (p + q...
2025-04-13 10:40:06 - INFO - Removed header content, remaining 77 lines of code
2025-04-13 10:40:06 - INFO - Using specified target error line: 6
2025-04-13 10:40:07 - INFO - Found error at specified line: unsolved goals
p q r x : ℂ
h₀ : (x - p) * (x - q) = (r - p) * (r - q)
h₁ : x ≠ r
h₂ : x ^ 2 - (p + q) * x + p * q = r ^ 2 - (p + q) * r + p * q
⊢ x = p + q - r
2025-04-13 10:40:07 - INFO - Error at line 6: unsolved goals
p q r x : ℂ
h₀ : (x - p) * (x - q) = (r - p) * (r - q)
h₁ : x ≠ r
h₂ : x ^ 2 - (p + q) * x + p * q = r ^ 2 - (p + q) * r + p * q
⊢ x = p + q - r
2025-04-13 10:40:07 - INFO - 
==================================================
2025-04-13 10:40:07 - INFO - Code prepared, starting synthesis
2025-04-13 10:40:07 - INFO - Before part: /-- 
Let $p$, $q$, and $r$ be constants. One solution to the equation $(x-p)(x-q) = (r-p)(r-q)$ is $x=r$. 
Find the other solution in terms of $p$, $q$, and $r$. Show that it is p+q-r.
-/
theorem mathd_algebra_73 (p q r x : ℂ) (h₀ : (x - p) * (x - q) = (r - p) * (r - q)) (h₁ : x ≠ r) :
2025-04-13 10:40:07 - INFO - Error line:   x = p + q - r := by
2025-04-13 10:40:07 - INFO - After part: -- First, expand both sides of the equation to convert it to standard quadratic form
  have h₂ : x^2 - (p + q) * x + p * q = r^2 - (p + q) * r + p * q := by
    -- Expand left side (x-p)(x-q)
    rw [mul_sub_right_distrib, sub_mul, sub_mul]
    -- Simplify terms
    ring
    -- Expand right side (r-p)(r-q) to match left side
    rw [mul_sub_right_distrib, sub_mul, sub_mul] at h₀
    -- Simplify terms
    ring at h₀
    -- The expanded forms are now equal
    exact h₀
  
  -- Subtract right side from both sides to form a quadratic equation set to zero
  have h₃ : x^2 - (p + q) * x - (r^2 - (p + q) * r) = 0 := by
    -- Subtract right side from both sides of h₂
    rw [← sub_eq_zero, h₂]
  
  -- Rewrite the equation in a more standard quadratic form
  have h₄ : x^2 - (p + q) * x - r^2 + (p + q) * r = 0 := by
    -- Distribute the negative sign in h₃
    ring_nf at h₃ ⊢
    exact h₃
  
  -- Factor the equation by grouping terms
  have h₅ : (x^2 - r^2) - (p + q) * (x - r) = 0 := by
    -- Group x²-r² and factor out (p+q) from remaining terms
    rw [sub_mul, ← sub_sub]
    -- Recognize x² - r² as difference of squares
    rw [← add_sub_assoc]
    -- Rearrange terms to show the factoring structure
    ring_nf
  
  -- Factor the difference of squares and rewrite the equation
  have h₆ : (x - r) * (x + r) - (p + q) * (x - r) = 0 := by
    -- Apply difference of squares formula to x² - r²
    rw [pow_two x, pow_two r, sq_sub_sq]
  
  -- Factor out the common (x - r) term from both parts
  have h₇ : (x - r) * (x + r - (p + q)) = 0 := by
    -- Factor (x - r) from both terms
    rw [← mul_sub_left_distrib]
  
  -- Since the product equals zero, one of the factors must be zero
  have h₈ : (x - r = 0) ∨ (x + r - (p + q) = 0) := by
    -- Apply the zero product property
    exact eq_zero_or_eq_zero_of_mul_eq_zero h₇
  
  -- We know x ≠ r from hypothesis h₁, so the first case is false
  have h₉ : x + r - (p + q) = 0 := by
    -- Eliminate the first possibility using h₁
    cases h₈ with
    | inl hr => 
      -- This would imply x = r, which contradicts h₁
      exfalso
      exact h₁ hr
    | inr h => 
      -- This is the case we want
      exact h
  
  -- Solve for x in the remaining equation
  have h₁₀ : x = p + q - r := by
    -- Rearrange terms to solve for x
    rw [sub_eq_zero, add_comm] at h₉
    -- Add r to both sides and subtract x from both sides
    rw [← eq_sub_iff_add_eq, sub_sub, add_comm (p + q) r]
    -- Simplify the expression
    simp only [add_sub_cancel]
  
  -- The result follows from h₁₀
  exact h₁₀
2025-04-13 10:40:07 - INFO - ==================================================

2025-04-13 10:40:08 - INFO - Testing fragment: rw [justaplaceholder]
2025-04-13 10:40:08 - INFO - Original error line:   x = p + q - r := by
2025-04-13 10:40:10 - INFO - Testing fix: Original errors: 3, Fixed errors: 2
2025-04-13 10:40:10 - INFO - Result: False (introduced 2 new errors)
2025-04-13 10:40:10 - DEBUG - === New errors detail ===
2025-04-13 10:40:10 - DEBUG - New Error 1: line 6, type: syntax_error, message: unexpected token 'have'; expected ':=', 'where' or '|'
2025-04-13 10:40:10 - DEBUG - New Error 2: line 6, type: function_expected, message: function expected at
  rw
term has type
  ?m.221
2025-04-13 10:40:10 - INFO - Testing fragment: rw [<- justaplaceholder]
2025-04-13 10:40:10 - INFO - Original error line:   x = p + q - r := by
2025-04-13 10:40:12 - INFO - Testing fix: Original errors: 3, Fixed errors: 2
2025-04-13 10:40:12 - INFO - Result: False (introduced 2 new errors)
2025-04-13 10:40:12 - DEBUG - === New errors detail ===
2025-04-13 10:40:12 - DEBUG - New Error 1: line 6, type: syntax_error, message: unexpected token 'have'; expected ':=', 'where' or '|'
2025-04-13 10:40:12 - DEBUG - New Error 2: line 6, type: function_expected, message: function expected at
  rw
term has type
  ?m.221
2025-04-13 10:40:12 - INFO - Testing fragment: simp
2025-04-13 10:40:12 - INFO - Original error line:   x = p + q - r := by
2025-04-13 10:40:14 - INFO - Testing fix: Original errors: 3, Fixed errors: 1
2025-04-13 10:40:14 - INFO - Result: False (introduced 1 new errors)
2025-04-13 10:40:14 - DEBUG - === New errors detail ===
2025-04-13 10:40:14 - DEBUG - New Error 1: line 6, type: syntax_error, message: unexpected token 'have'; expected ':=', 'where' or '|'
2025-04-13 10:40:14 - INFO - Testing fragment: field_simp
2025-04-13 10:40:14 - INFO - Original error line:   x = p + q - r := by
2025-04-13 10:40:16 - INFO - Testing fix: Original errors: 3, Fixed errors: 1
2025-04-13 10:40:16 - INFO - Result: False (introduced 1 new errors)
2025-04-13 10:40:16 - DEBUG - === New errors detail ===
2025-04-13 10:40:16 - DEBUG - New Error 1: line 6, type: syntax_error, message: unexpected token 'have'; expected ':=', 'where' or '|'
2025-04-13 10:40:16 - INFO - Testing fragment: norm_num
2025-04-13 10:40:16 - INFO - Original error line:   x = p + q - r := by
2025-04-13 10:40:18 - INFO - Testing fix: Original errors: 3, Fixed errors: 1
2025-04-13 10:40:18 - INFO - Result: False (introduced 1 new errors)
2025-04-13 10:40:18 - DEBUG - === New errors detail ===
2025-04-13 10:40:18 - DEBUG - New Error 1: line 6, type: syntax_error, message: unexpected token 'have'; expected ':=', 'where' or '|'
2025-04-13 10:40:18 - INFO - Testing fragment: ring
2025-04-13 10:40:18 - INFO - Original error line:   x = p + q - r := by
2025-04-13 10:40:20 - INFO - Testing fix: Original errors: 3, Fixed errors: 1
2025-04-13 10:40:20 - INFO - Result: False (introduced 1 new errors)
2025-04-13 10:40:20 - DEBUG - === New errors detail ===
2025-04-13 10:40:20 - DEBUG - New Error 1: line 6, type: syntax_error, message: unexpected token 'have'; expected ':=', 'where' or '|'
2025-04-13 10:40:20 - INFO - Testing fragment: ring_nf
2025-04-13 10:40:20 - INFO - Original error line:   x = p + q - r := by
2025-04-13 10:40:22 - INFO - Testing fix: Original errors: 3, Fixed errors: 1
2025-04-13 10:40:22 - INFO - Result: False (introduced 1 new errors)
2025-04-13 10:40:22 - DEBUG - === New errors detail ===
2025-04-13 10:40:22 - DEBUG - New Error 1: line 6, type: syntax_error, message: unexpected token 'have'; expected ':=', 'where' or '|'
2025-04-13 10:40:22 - INFO - Testing fragment: omega
2025-04-13 10:40:22 - INFO - Original error line:   x = p + q - r := by
2025-04-13 10:40:24 - INFO - Testing fix: Original errors: 3, Fixed errors: 1
2025-04-13 10:40:24 - INFO - Result: False (introduced 1 new errors)
2025-04-13 10:40:24 - DEBUG - === New errors detail ===
2025-04-13 10:40:24 - DEBUG - New Error 1: line 6, type: syntax_error, message: unexpected token 'have'; expected ':=', 'where' or '|'
2025-04-13 10:40:24 - INFO - Testing fragment: linarith
2025-04-13 10:40:24 - INFO - Original error line:   x = p + q - r := by
2025-04-13 10:40:26 - INFO - Testing fix: Original errors: 3, Fixed errors: 1
2025-04-13 10:40:26 - INFO - Result: False (introduced 1 new errors)
2025-04-13 10:40:26 - DEBUG - === New errors detail ===
2025-04-13 10:40:26 - DEBUG - New Error 1: line 6, type: syntax_error, message: unexpected token 'have'; expected ':=', 'where' or '|'
2025-04-13 10:40:26 - INFO - Testing fragment: nlinarith
2025-04-13 10:40:26 - INFO - Original error line:   x = p + q - r := by
2025-04-13 10:40:28 - INFO - Testing fix: Original errors: 3, Fixed errors: 1
2025-04-13 10:40:28 - INFO - Result: False (introduced 1 new errors)
2025-04-13 10:40:28 - DEBUG - === New errors detail ===
2025-04-13 10:40:28 - DEBUG - New Error 1: line 6, type: syntax_error, message: unexpected token 'have'; expected ':=', 'where' or '|'
2025-04-13 10:40:28 - INFO - Failed attempt time: 22.04 seconds
2025-04-13 10:40:28 - INFO - ❌ Could not generate fix for error at line 6
2025-04-13 10:40:28 - INFO - 
Trying to fix error 2/3: line 10, type: rewrite_failed
2025-04-13 10:40:28 - INFO - Error message: tactic 'rewrite' failed, did not find instance of the pattern in the target expression
  (?a - ?b) *...
2025-04-13 10:40:28 - INFO - Removed header content, remaining 77 lines of code
2025-04-13 10:40:28 - INFO - Using specified target error line: 10
2025-04-13 10:40:29 - INFO - Found error at specified line: tactic 'rewrite' failed, did not find instance of the pattern in the target expression
  (?a - ?b) * ?c
p q r x : ℂ
h₀ : (x - p) * (x - q) = (r - p) * (r - q)
h₁ : x ≠ r
⊢ x ^ 2 - (p + q) * x + p * q = r ^ 2 - (p + q) * r + p * q
2025-04-13 10:40:29 - INFO - Error at line 10: tactic 'rewrite' failed, did not find instance of the pattern in the target expression
  (?a - ?b) * ?c
p q r x : ℂ
h₀ : (x - p) * (x - q) = (r - p) * (r - q)
h₁ : x ≠ r
⊢ x ^ 2 - (p + q) * x + p * q = r ^ 2 - (p + q) * r + p * q
2025-04-13 10:40:29 - INFO - 
==================================================
2025-04-13 10:40:29 - INFO - Code prepared, starting synthesis
2025-04-13 10:40:29 - INFO - Before part: /-- 
Let $p$, $q$, and $r$ be constants. One solution to the equation $(x-p)(x-q) = (r-p)(r-q)$ is $x=r$. 
Find the other solution in terms of $p$, $q$, and $r$. Show that it is p+q-r.
-/
theorem mathd_algebra_73 (p q r x : ℂ) (h₀ : (x - p) * (x - q) = (r - p) * (r - q)) (h₁ : x ≠ r) :
  x = p + q - r := by
  -- First, expand both sides of the equation to convert it to standard quadratic form
  have h₂ : x^2 - (p + q) * x + p * q = r^2 - (p + q) * r + p * q := by
    -- Expand left side (x-p)(x-q)
2025-04-13 10:40:29 - INFO - Error line:     rw [mul_sub_right_distrib, sub_mul, sub_mul]
2025-04-13 10:40:29 - INFO - After part: -- Simplify terms
    ring
    -- Expand right side (r-p)(r-q) to match left side
    rw [mul_sub_right_distrib, sub_mul, sub_mul] at h₀
    -- Simplify terms
    ring at h₀
    -- The expanded forms are now equal
    exact h₀
  
  -- Subtract right side from both sides to form a quadratic equation set to zero
  have h₃ : x^2 - (p + q) * x - (r^2 - (p + q) * r) = 0 := by
    -- Subtract right side from both sides of h₂
    rw [← sub_eq_zero, h₂]
  
  -- Rewrite the equation in a more standard quadratic form
  have h₄ : x^2 - (p + q) * x - r^2 + (p + q) * r = 0 := by
    -- Distribute the negative sign in h₃
    ring_nf at h₃ ⊢
    exact h₃
  
  -- Factor the equation by grouping terms
  have h₅ : (x^2 - r^2) - (p + q) * (x - r) = 0 := by
    -- Group x²-r² and factor out (p+q) from remaining terms
    rw [sub_mul, ← sub_sub]
    -- Recognize x² - r² as difference of squares
    rw [← add_sub_assoc]
    -- Rearrange terms to show the factoring structure
    ring_nf
  
  -- Factor the difference of squares and rewrite the equation
  have h₆ : (x - r) * (x + r) - (p + q) * (x - r) = 0 := by
    -- Apply difference of squares formula to x² - r²
    rw [pow_two x, pow_two r, sq_sub_sq]
  
  -- Factor out the common (x - r) term from both parts
  have h₇ : (x - r) * (x + r - (p + q)) = 0 := by
    -- Factor (x - r) from both terms
    rw [← mul_sub_left_distrib]
  
  -- Since the product equals zero, one of the factors must be zero
  have h₈ : (x - r = 0) ∨ (x + r - (p + q) = 0) := by
    -- Apply the zero product property
    exact eq_zero_or_eq_zero_of_mul_eq_zero h₇
  
  -- We know x ≠ r from hypothesis h₁, so the first case is false
  have h₉ : x + r - (p + q) = 0 := by
    -- Eliminate the first possibility using h₁
    cases h₈ with
    | inl hr => 
      -- This would imply x = r, which contradicts h₁
      exfalso
      exact h₁ hr
    | inr h => 
      -- This is the case we want
      exact h
  
  -- Solve for x in the remaining equation
  have h₁₀ : x = p + q - r := by
    -- Rearrange terms to solve for x
    rw [sub_eq_zero, add_comm] at h₉
    -- Add r to both sides and subtract x from both sides
    rw [← eq_sub_iff_add_eq, sub_sub, add_comm (p + q) r]
    -- Simplify the expression
    simp only [add_sub_cancel]
  
  -- The result follows from h₁₀
  exact h₁₀
2025-04-13 10:40:29 - INFO - ==================================================

2025-04-13 10:40:30 - INFO - Testing fragment: rw [justaplaceholder]
2025-04-13 10:40:30 - INFO - Original error line:     rw [mul_sub_right_distrib, sub_mul, sub_mul]
2025-04-13 10:40:32 - INFO - Testing fix: Original errors: 3, Fixed errors: 4
2025-04-13 10:40:32 - INFO - Result: False (introduced 2 new errors)
2025-04-13 10:40:32 - DEBUG - === New errors detail ===
2025-04-13 10:40:32 - DEBUG - New Error 1: line 10, type: unknown_identifier, message: unknown identifier 'justaplaceholder'
2025-04-13 10:40:32 - DEBUG - New Error 2: line 10, type: rewrite_failed, message: tactic 'rewrite' failed, equality or iff proof expected
  ?m.1088
p q r x : ℂ
h₀ : (x - p) * (x - q) = (r - p) * (r - q)
h₁ : x ≠ r
⊢ x ^ 2 - (p + q) * x + p * q = r ^ 2 - (p + q) * r + p * q
2025-04-13 10:40:32 - INFO - Testing fragment: rw [<- justaplaceholder]
2025-04-13 10:40:32 - INFO - Original error line:     rw [mul_sub_right_distrib, sub_mul, sub_mul]
2025-04-13 10:40:34 - INFO - Testing fix: Original errors: 3, Fixed errors: 4
2025-04-13 10:40:34 - INFO - Result: False (introduced 2 new errors)
2025-04-13 10:40:34 - DEBUG - === New errors detail ===
2025-04-13 10:40:34 - DEBUG - New Error 1: line 10, type: unknown_identifier, message: unknown identifier 'justaplaceholder'
2025-04-13 10:40:34 - DEBUG - New Error 2: line 10, type: rewrite_failed, message: tactic 'rewrite' failed, equality or iff proof expected
  ?m.1088
p q r x : ℂ
h₀ : (x - p) * (x - q) = (r - p) * (r - q)
h₁ : x ≠ r
⊢ x ^ 2 - (p + q) * x + p * q = r ^ 2 - (p + q) * r + p * q
2025-04-13 10:40:34 - INFO - Testing fragment: simp
2025-04-13 10:40:34 - INFO - Original error line:     rw [mul_sub_right_distrib, sub_mul, sub_mul]
2025-04-13 10:40:36 - INFO - Testing fix: Original errors: 3, Fixed errors: 4
2025-04-13 10:40:36 - INFO - Result: False (introduced 2 new errors)
2025-04-13 10:40:36 - DEBUG - === New errors detail ===
2025-04-13 10:40:36 - DEBUG - New Error 1: line 12, type: ring_failed, message: Try this: ring_nf
2025-04-13 10:40:36 - DEBUG - New Error 2: line 14, type: rewrite_failed, message: tactic 'rewrite' failed, did not find instance of the pattern in the target expression
  (?a - ?b) * ?c
p q r x : ℂ
h₀ : x * (x - q) - p * (x - q) = r * (r - q) - p * (r - q)
h₁ : x ≠ r
⊢ -(x * p) - x * q + x ^ 2 = -(p * r) - q * r + r ^ 2
2025-04-13 10:40:36 - INFO - Testing fragment: field_simp
2025-04-13 10:40:36 - INFO - Original error line:     rw [mul_sub_right_distrib, sub_mul, sub_mul]
2025-04-13 10:40:38 - INFO - Testing fix: Original errors: 3, Fixed errors: 4
2025-04-13 10:40:38 - INFO - Result: False (introduced 2 new errors)
2025-04-13 10:40:38 - DEBUG - === New errors detail ===
2025-04-13 10:40:38 - DEBUG - New Error 1: line 12, type: ring_failed, message: Try this: ring_nf
2025-04-13 10:40:38 - DEBUG - New Error 2: line 14, type: rewrite_failed, message: tactic 'rewrite' failed, did not find instance of the pattern in the target expression
  (?a - ?b) * ?c
p q r x : ℂ
h₀ : x * (x - q) - p * (x - q) = r * (r - q) - p * (r - q)
h₁ : x ≠ r
⊢ -(x * p) - x * q + x ^ 2 = -(p * r) - q * r + r ^ 2
2025-04-13 10:40:38 - INFO - Testing fragment: norm_num
2025-04-13 10:40:38 - INFO - Original error line:     rw [mul_sub_right_distrib, sub_mul, sub_mul]
2025-04-13 10:40:40 - INFO - Testing fix: Original errors: 3, Fixed errors: 4
2025-04-13 10:40:40 - INFO - Result: False (introduced 2 new errors)
2025-04-13 10:40:40 - DEBUG - === New errors detail ===
2025-04-13 10:40:40 - DEBUG - New Error 1: line 12, type: ring_failed, message: Try this: ring_nf
2025-04-13 10:40:40 - DEBUG - New Error 2: line 14, type: rewrite_failed, message: tactic 'rewrite' failed, did not find instance of the pattern in the target expression
  (?a - ?b) * ?c
p q r x : ℂ
h₀ : x * (x - q) - p * (x - q) = r * (r - q) - p * (r - q)
h₁ : x ≠ r
⊢ -(x * p) - x * q + x ^ 2 = -(p * r) - q * r + r ^ 2
2025-04-13 10:40:40 - INFO - Testing fragment: ring
2025-04-13 10:40:40 - INFO - Original error line:     rw [mul_sub_right_distrib, sub_mul, sub_mul]
2025-04-13 10:40:42 - INFO - Testing fix: Original errors: 3, Fixed errors: 5
2025-04-13 10:40:42 - INFO - Result: False (introduced 3 new errors)
2025-04-13 10:40:42 - DEBUG - === New errors detail ===
2025-04-13 10:40:42 - DEBUG - New Error 1: line 10, type: ring_failed, message: Try this: ring_nf
2025-04-13 10:40:42 - DEBUG - New Error 2: line 12, type: ring_failed, message: Try this: ring_nf
2025-04-13 10:40:42 - DEBUG - New Error 3: line 14, type: rewrite_failed, message: tactic 'rewrite' failed, did not find instance of the pattern in the target expression
  (?a - ?b) * ?c
p q r x : ℂ
h₀ : x * (x - q) - p * (x - q) = r * (r - q) - p * (r - q)
h₁ : x ≠ r
⊢ -(x * p) - x * q + x ^ 2 + p * q = p * q + (-(p * r) - q * r) + r ^ 2
2025-04-13 10:40:42 - INFO - Testing fragment: ring_nf
2025-04-13 10:40:42 - INFO - Original error line:     rw [mul_sub_right_distrib, sub_mul, sub_mul]
2025-04-13 10:40:44 - INFO - Testing fix: Original errors: 3, Fixed errors: 4
2025-04-13 10:40:44 - INFO - Result: False (introduced 2 new errors)
2025-04-13 10:40:44 - DEBUG - === New errors detail ===
2025-04-13 10:40:44 - DEBUG - New Error 1: line 12, type: ring_failed, message: Try this: ring_nf
2025-04-13 10:40:44 - DEBUG - New Error 2: line 14, type: rewrite_failed, message: tactic 'rewrite' failed, did not find instance of the pattern in the target expression
  (?a - ?b) * ?c
p q r x : ℂ
h₀ : x * (x - q) - p * (x - q) = r * (r - q) - p * (r - q)
h₁ : x ≠ r
⊢ -(x * p) - x * q + x ^ 2 + p * q = p * q + (-(p * r) - q * r) + r ^ 2
2025-04-13 10:40:44 - INFO - Testing fragment: omega
2025-04-13 10:40:44 - INFO - Original error line:     rw [mul_sub_right_distrib, sub_mul, sub_mul]
2025-04-13 10:40:46 - INFO - Testing fix: Original errors: 3, Fixed errors: 3
2025-04-13 10:40:46 - INFO - Result: False (introduced 1 new errors)
2025-04-13 10:40:46 - DEBUG - === New errors detail ===
2025-04-13 10:40:46 - DEBUG - New Error 1: line 10, type: other_error, message: omega could not prove the goal:
No usable constraints found. You may need to unfold definitions so `omega` can see linear arithmetic facts about `Nat` and `Int`, which may also involve multiplication, division, and modular remainder by constants.
2025-04-13 10:40:46 - INFO - Testing fragment: linarith
2025-04-13 10:40:46 - INFO - Original error line:     rw [mul_sub_right_distrib, sub_mul, sub_mul]
2025-04-13 10:40:48 - INFO - Testing fix: Original errors: 3, Fixed errors: 3
2025-04-13 10:40:48 - INFO - Result: False (introduced 1 new errors)
2025-04-13 10:40:48 - DEBUG - === New errors detail ===
2025-04-13 10:40:48 - DEBUG - New Error 1: line 10, type: failed_to_synthesize, message: failed to synthesize
  LinearOrder ℂ
use `set_option diagnostics true` to get diagnostic information
2025-04-13 10:40:48 - INFO - Testing fragment: nlinarith
2025-04-13 10:40:48 - INFO - Original error line:     rw [mul_sub_right_distrib, sub_mul, sub_mul]
2025-04-13 10:40:50 - INFO - Testing fix: Original errors: 3, Fixed errors: 3
2025-04-13 10:40:50 - INFO - Result: False (introduced 1 new errors)
2025-04-13 10:40:50 - DEBUG - === New errors detail ===
2025-04-13 10:40:50 - DEBUG - New Error 1: line 10, type: failed_to_synthesize, message: failed to synthesize
  LinearOrder ℂ
use `set_option diagnostics true` to get diagnostic information
2025-04-13 10:40:50 - INFO - Failed attempt time: 22.04 seconds
2025-04-13 10:40:50 - INFO - ❌ Could not generate fix for error at line 10
2025-04-13 10:40:50 - INFO - 
Trying to fix error 3/3: line 16, type: syntax_error
2025-04-13 10:40:50 - INFO - Error message: unexpected token 'at'; expected command...
2025-04-13 10:40:50 - INFO - Removed header content, remaining 77 lines of code
2025-04-13 10:40:50 - INFO - Using specified target error line: 16
2025-04-13 10:40:51 - INFO - Found error at specified line: unexpected token 'at'; expected command
2025-04-13 10:40:51 - INFO - Error at line 16: unexpected token 'at'; expected command
2025-04-13 10:40:51 - INFO - 
==================================================
2025-04-13 10:40:51 - INFO - Code prepared, starting synthesis
2025-04-13 10:40:51 - INFO - Before part: /-- 
Let $p$, $q$, and $r$ be constants. One solution to the equation $(x-p)(x-q) = (r-p)(r-q)$ is $x=r$. 
Find the other solution in terms of $p$, $q$, and $r$. Show that it is p+q-r.
-/
theorem mathd_algebra_73 (p q r x : ℂ) (h₀ : (x - p) * (x - q) = (r - p) * (r - q)) (h₁ : x ≠ r) :
  x = p + q - r := by
  -- First, expand both sides of the equation to convert it to standard quadratic form
  have h₂ : x^2 - (p + q) * x + p * q = r^2 - (p + q) * r + p * q := by
    -- Expand left side (x-p)(x-q)
    rw [mul_sub_right_distrib, sub_mul, sub_mul]
    -- Simplify terms
    ring
    -- Expand right side (r-p)(r-q) to match left side
    rw [mul_sub_right_distrib, sub_mul, sub_mul] at h₀
    -- Simplify terms
2025-04-13 10:40:51 - INFO - Error line:     ring at h₀
2025-04-13 10:40:51 - INFO - After part: -- The expanded forms are now equal
    exact h₀
  
  -- Subtract right side from both sides to form a quadratic equation set to zero
  have h₃ : x^2 - (p + q) * x - (r^2 - (p + q) * r) = 0 := by
    -- Subtract right side from both sides of h₂
    rw [← sub_eq_zero, h₂]
  
  -- Rewrite the equation in a more standard quadratic form
  have h₄ : x^2 - (p + q) * x - r^2 + (p + q) * r = 0 := by
    -- Distribute the negative sign in h₃
    ring_nf at h₃ ⊢
    exact h₃
  
  -- Factor the equation by grouping terms
  have h₅ : (x^2 - r^2) - (p + q) * (x - r) = 0 := by
    -- Group x²-r² and factor out (p+q) from remaining terms
    rw [sub_mul, ← sub_sub]
    -- Recognize x² - r² as difference of squares
    rw [← add_sub_assoc]
    -- Rearrange terms to show the factoring structure
    ring_nf
  
  -- Factor the difference of squares and rewrite the equation
  have h₆ : (x - r) * (x + r) - (p + q) * (x - r) = 0 := by
    -- Apply difference of squares formula to x² - r²
    rw [pow_two x, pow_two r, sq_sub_sq]
  
  -- Factor out the common (x - r) term from both parts
  have h₇ : (x - r) * (x + r - (p + q)) = 0 := by
    -- Factor (x - r) from both terms
    rw [← mul_sub_left_distrib]
  
  -- Since the product equals zero, one of the factors must be zero
  have h₈ : (x - r = 0) ∨ (x + r - (p + q) = 0) := by
    -- Apply the zero product property
    exact eq_zero_or_eq_zero_of_mul_eq_zero h₇
  
  -- We know x ≠ r from hypothesis h₁, so the first case is false
  have h₉ : x + r - (p + q) = 0 := by
    -- Eliminate the first possibility using h₁
    cases h₈ with
    | inl hr => 
      -- This would imply x = r, which contradicts h₁
      exfalso
      exact h₁ hr
    | inr h => 
      -- This is the case we want
      exact h
  
  -- Solve for x in the remaining equation
  have h₁₀ : x = p + q - r := by
    -- Rearrange terms to solve for x
    rw [sub_eq_zero, add_comm] at h₉
    -- Add r to both sides and subtract x from both sides
    rw [← eq_sub_iff_add_eq, sub_sub, add_comm (p + q) r]
    -- Simplify the expression
    simp only [add_sub_cancel]
  
  -- The result follows from h₁₀
  exact h₁₀
2025-04-13 10:40:51 - INFO - ==================================================

2025-04-13 10:40:52 - INFO - Testing fragment: rw [justaplaceholder]
2025-04-13 10:40:52 - INFO - Original error line:     ring at h₀
2025-04-13 10:40:54 - INFO - Testing fix: Original errors: 3, Fixed errors: 7
2025-04-13 10:40:54 - INFO - Result: False (introduced 6 new errors)
2025-04-13 10:40:54 - DEBUG - === New errors detail ===
2025-04-13 10:40:54 - DEBUG - New Error 1: line 23, type: rewrite_failed, message: tactic 'rewrite' failed, did not find instance of the pattern in the target expression
  x ^ 2 - (p + q) * x + p * q
p q r x : ℂ
h₀ : (x - p) * (x - q) = (r - p) * (r - q)
h₁ : x ≠ r
h₂ : x ^ 2 - (p + q) * x + p * q = r ^ 2 - (p + q) * r + p * q
⊢ x ^ 2 - (p + q) * x - (r ^ 2 - (p + q) * r) - 0 = 0
2025-04-13 10:40:54 - DEBUG - New Error 2: line 34, type: rewrite_failed, message: tactic 'rewrite' failed, did not find instance of the pattern in the target expression
  (?a - ?b) * ?c
p q r x : ℂ
h₀ : (x - p) * (x - q) = (r - p) * (r - q)
h₁ : x ≠ r
h₂ : x ^ 2 - (p + q) * x + p * q = r ^ 2 - (p + q) * r + p * q
h₃ : x ^ 2 - (p + q) * x - (r ^ 2 - (p + q) * r) = 0
h₄ : x ^ 2 - (p + q) * x - r ^ 2 + (p + q) * r = 0
⊢ x ^ 2 - r ^ 2 - (p + q) * (x - r) = 0
2025-04-13 10:40:54 - DEBUG - New Error 3: line 43, type: rewrite_failed, message: tactic 'rewrite' failed, did not find instance of the pattern in the target expression
  x ^ 2
p q r x : ℂ
h₀ : (x - p) * (x - q) = (r - p) * (r - q)
h₁ : x ≠ r
h₂ : x ^ 2 - (p + q) * x + p * q = r ^ 2 - (p + q) * r + p * q
h₃ : x ^ 2 - (p + q) * x - (r ^ 2 - (p + q) * r) = 0
h₄ : x ^ 2 - (p + q) * x - r ^ 2 + (p + q) * r = 0
h₅ : x ^ 2 - r ^ 2 - (p + q) * (x - r) = 0
⊢ (x - r) * (x + r) - (p + q) * (x - r) = 0
2025-04-13 10:40:54 - DEBUG - New Error 4: line 48, type: rewrite_failed, message: tactic 'rewrite' failed, did not find instance of the pattern in the target expression
  ?a * ?b - ?a * ?c
p q r x : ℂ
h₀ : (x - p) * (x - q) = (r - p) * (r - q)
h₁ : x ≠ r
h₂ : x ^ 2 - (p + q) * x + p * q = r ^ 2 - (p + q) * r + p * q
h₃ : x ^ 2 - (p + q) * x - (r ^ 2 - (p + q) * r) = 0
h₄ : x ^ 2 - (p + q) * x - r ^ 2 + (p + q) * r = 0
h₅ : x ^ 2 - r ^ 2 - (p + q) * (x - r) = 0
h₆ : (x - r) * (x + r) - (p + q) * (x - r) = 0
⊢ (x - r) * (x + r - (p + q)) = 0
2025-04-13 10:40:54 - DEBUG - New Error 5: line 62, type: type_mismatch, message: application type mismatch
  h₁ hr
argument
  hr
has type
  x - r = 0 : Prop
but is expected to have type
  x = r : Prop
2025-04-13 10:40:54 - DEBUG - New Error 6: line 72, type: rewrite_failed, message: tactic 'rewrite' failed, did not find instance of the pattern in the target expression
  ?m.11011 + ?m.11013 = ?m.11012
p q r x : ℂ
h₀ : (x - p) * (x - q) = (r - p) * (r - q)
h₁ : x ≠ r
h₂ : x ^ 2 - (p + q) * x + p * q = r ^ 2 - (p + q) * r + p * q
h₃ : x ^ 2 - (p + q) * x - (r ^ 2 - (p + q) * r) = 0
h₄ : x ^ 2 - (p + q) * x - r ^ 2 + (p + q) * r = 0
h₅ : x ^ 2 - r ^ 2 - (p + q) * (x - r) = 0
h₆ : (x - r) * (x + r) - (p + q) * (x - r) = 0
h₇ : (x - r) * (x + r - (p + q)) = 0
h₈ : x - r = 0 ∨ x + r - (p + q) = 0
h₉ : r + x = p + q
⊢ x = p + q - r
2025-04-13 10:40:54 - INFO - Testing fragment: rw [<- justaplaceholder]
2025-04-13 10:40:54 - INFO - Original error line:     ring at h₀
2025-04-13 10:40:56 - INFO - Testing fix: Original errors: 3, Fixed errors: 7
2025-04-13 10:40:56 - INFO - Result: False (introduced 6 new errors)
2025-04-13 10:40:56 - DEBUG - === New errors detail ===
2025-04-13 10:40:56 - DEBUG - New Error 1: line 23, type: rewrite_failed, message: tactic 'rewrite' failed, did not find instance of the pattern in the target expression
  x ^ 2 - (p + q) * x + p * q
p q r x : ℂ
h₀ : (x - p) * (x - q) = (r - p) * (r - q)
h₁ : x ≠ r
h₂ : x ^ 2 - (p + q) * x + p * q = r ^ 2 - (p + q) * r + p * q
⊢ x ^ 2 - (p + q) * x - (r ^ 2 - (p + q) * r) - 0 = 0
2025-04-13 10:40:56 - DEBUG - New Error 2: line 34, type: rewrite_failed, message: tactic 'rewrite' failed, did not find instance of the pattern in the target expression
  (?a - ?b) * ?c
p q r x : ℂ
h₀ : (x - p) * (x - q) = (r - p) * (r - q)
h₁ : x ≠ r
h₂ : x ^ 2 - (p + q) * x + p * q = r ^ 2 - (p + q) * r + p * q
h₃ : x ^ 2 - (p + q) * x - (r ^ 2 - (p + q) * r) = 0
h₄ : x ^ 2 - (p + q) * x - r ^ 2 + (p + q) * r = 0
⊢ x ^ 2 - r ^ 2 - (p + q) * (x - r) = 0
2025-04-13 10:40:56 - DEBUG - New Error 3: line 43, type: rewrite_failed, message: tactic 'rewrite' failed, did not find instance of the pattern in the target expression
  x ^ 2
p q r x : ℂ
h₀ : (x - p) * (x - q) = (r - p) * (r - q)
h₁ : x ≠ r
h₂ : x ^ 2 - (p + q) * x + p * q = r ^ 2 - (p + q) * r + p * q
h₃ : x ^ 2 - (p + q) * x - (r ^ 2 - (p + q) * r) = 0
h₄ : x ^ 2 - (p + q) * x - r ^ 2 + (p + q) * r = 0
h₅ : x ^ 2 - r ^ 2 - (p + q) * (x - r) = 0
⊢ (x - r) * (x + r) - (p + q) * (x - r) = 0
2025-04-13 10:40:56 - DEBUG - New Error 4: line 48, type: rewrite_failed, message: tactic 'rewrite' failed, did not find instance of the pattern in the target expression
  ?a * ?b - ?a * ?c
p q r x : ℂ
h₀ : (x - p) * (x - q) = (r - p) * (r - q)
h₁ : x ≠ r
h₂ : x ^ 2 - (p + q) * x + p * q = r ^ 2 - (p + q) * r + p * q
h₃ : x ^ 2 - (p + q) * x - (r ^ 2 - (p + q) * r) = 0
h₄ : x ^ 2 - (p + q) * x - r ^ 2 + (p + q) * r = 0
h₅ : x ^ 2 - r ^ 2 - (p + q) * (x - r) = 0
h₆ : (x - r) * (x + r) - (p + q) * (x - r) = 0
⊢ (x - r) * (x + r - (p + q)) = 0
2025-04-13 10:40:56 - DEBUG - New Error 5: line 62, type: type_mismatch, message: application type mismatch
  h₁ hr
argument
  hr
has type
  x - r = 0 : Prop
but is expected to have type
  x = r : Prop
2025-04-13 10:40:56 - DEBUG - New Error 6: line 72, type: rewrite_failed, message: tactic 'rewrite' failed, did not find instance of the pattern in the target expression
  ?m.11011 + ?m.11013 = ?m.11012
p q r x : ℂ
h₀ : (x - p) * (x - q) = (r - p) * (r - q)
h₁ : x ≠ r
h₂ : x ^ 2 - (p + q) * x + p * q = r ^ 2 - (p + q) * r + p * q
h₃ : x ^ 2 - (p + q) * x - (r ^ 2 - (p + q) * r) = 0
h₄ : x ^ 2 - (p + q) * x - r ^ 2 + (p + q) * r = 0
h₅ : x ^ 2 - r ^ 2 - (p + q) * (x - r) = 0
h₆ : (x - r) * (x + r) - (p + q) * (x - r) = 0
h₇ : (x - r) * (x + r - (p + q)) = 0
h₈ : x - r = 0 ∨ x + r - (p + q) = 0
h₉ : r + x = p + q
⊢ x = p + q - r
2025-04-13 10:40:56 - INFO - Testing fragment: simp
2025-04-13 10:40:56 - INFO - Original error line:     ring at h₀
2025-04-13 10:40:58 - INFO - Testing fix: Original errors: 3, Fixed errors: 7
2025-04-13 10:40:58 - INFO - Result: False (introduced 6 new errors)
2025-04-13 10:40:58 - DEBUG - === New errors detail ===
2025-04-13 10:40:58 - DEBUG - New Error 1: line 23, type: rewrite_failed, message: tactic 'rewrite' failed, did not find instance of the pattern in the target expression
  x ^ 2 - (p + q) * x + p * q
p q r x : ℂ
h₀ : (x - p) * (x - q) = (r - p) * (r - q)
h₁ : x ≠ r
h₂ : x ^ 2 - (p + q) * x + p * q = r ^ 2 - (p + q) * r + p * q
⊢ x ^ 2 - (p + q) * x - (r ^ 2 - (p + q) * r) - 0 = 0
2025-04-13 10:40:58 - DEBUG - New Error 2: line 34, type: rewrite_failed, message: tactic 'rewrite' failed, did not find instance of the pattern in the target expression
  (?a - ?b) * ?c
p q r x : ℂ
h₀ : (x - p) * (x - q) = (r - p) * (r - q)
h₁ : x ≠ r
h₂ : x ^ 2 - (p + q) * x + p * q = r ^ 2 - (p + q) * r + p * q
h₃ : x ^ 2 - (p + q) * x - (r ^ 2 - (p + q) * r) = 0
h₄ : x ^ 2 - (p + q) * x - r ^ 2 + (p + q) * r = 0
⊢ x ^ 2 - r ^ 2 - (p + q) * (x - r) = 0
2025-04-13 10:40:58 - DEBUG - New Error 3: line 43, type: rewrite_failed, message: tactic 'rewrite' failed, did not find instance of the pattern in the target expression
  x ^ 2
p q r x : ℂ
h₀ : (x - p) * (x - q) = (r - p) * (r - q)
h₁ : x ≠ r
h₂ : x ^ 2 - (p + q) * x + p * q = r ^ 2 - (p + q) * r + p * q
h₃ : x ^ 2 - (p + q) * x - (r ^ 2 - (p + q) * r) = 0
h₄ : x ^ 2 - (p + q) * x - r ^ 2 + (p + q) * r = 0
h₅ : x ^ 2 - r ^ 2 - (p + q) * (x - r) = 0
⊢ (x - r) * (x + r) - (p + q) * (x - r) = 0
2025-04-13 10:40:58 - DEBUG - New Error 4: line 48, type: rewrite_failed, message: tactic 'rewrite' failed, did not find instance of the pattern in the target expression
  ?a * ?b - ?a * ?c
p q r x : ℂ
h₀ : (x - p) * (x - q) = (r - p) * (r - q)
h₁ : x ≠ r
h₂ : x ^ 2 - (p + q) * x + p * q = r ^ 2 - (p + q) * r + p * q
h₃ : x ^ 2 - (p + q) * x - (r ^ 2 - (p + q) * r) = 0
h₄ : x ^ 2 - (p + q) * x - r ^ 2 + (p + q) * r = 0
h₅ : x ^ 2 - r ^ 2 - (p + q) * (x - r) = 0
h₆ : (x - r) * (x + r) - (p + q) * (x - r) = 0
⊢ (x - r) * (x + r - (p + q)) = 0
2025-04-13 10:40:58 - DEBUG - New Error 5: line 62, type: type_mismatch, message: application type mismatch
  h₁ hr
argument
  hr
has type
  x - r = 0 : Prop
but is expected to have type
  x = r : Prop
2025-04-13 10:40:58 - DEBUG - New Error 6: line 72, type: rewrite_failed, message: tactic 'rewrite' failed, did not find instance of the pattern in the target expression
  ?m.11011 + ?m.11013 = ?m.11012
p q r x : ℂ
h₀ : (x - p) * (x - q) = (r - p) * (r - q)
h₁ : x ≠ r
h₂ : x ^ 2 - (p + q) * x + p * q = r ^ 2 - (p + q) * r + p * q
h₃ : x ^ 2 - (p + q) * x - (r ^ 2 - (p + q) * r) = 0
h₄ : x ^ 2 - (p + q) * x - r ^ 2 + (p + q) * r = 0
h₅ : x ^ 2 - r ^ 2 - (p + q) * (x - r) = 0
h₆ : (x - r) * (x + r) - (p + q) * (x - r) = 0
h₇ : (x - r) * (x + r - (p + q)) = 0
h₈ : x - r = 0 ∨ x + r - (p + q) = 0
h₉ : r + x = p + q
⊢ x = p + q - r
2025-04-13 10:40:58 - INFO - Testing fragment: field_simp
2025-04-13 10:40:58 - INFO - Original error line:     ring at h₀
2025-04-13 10:41:00 - INFO - Testing fix: Original errors: 3, Fixed errors: 7
2025-04-13 10:41:00 - INFO - Result: False (introduced 6 new errors)
2025-04-13 10:41:00 - DEBUG - === New errors detail ===
2025-04-13 10:41:00 - DEBUG - New Error 1: line 23, type: rewrite_failed, message: tactic 'rewrite' failed, did not find instance of the pattern in the target expression
  x ^ 2 - (p + q) * x + p * q
p q r x : ℂ
h₀ : (x - p) * (x - q) = (r - p) * (r - q)
h₁ : x ≠ r
h₂ : x ^ 2 - (p + q) * x + p * q = r ^ 2 - (p + q) * r + p * q
⊢ x ^ 2 - (p + q) * x - (r ^ 2 - (p + q) * r) - 0 = 0
2025-04-13 10:41:00 - DEBUG - New Error 2: line 34, type: rewrite_failed, message: tactic 'rewrite' failed, did not find instance of the pattern in the target expression
  (?a - ?b) * ?c
p q r x : ℂ
h₀ : (x - p) * (x - q) = (r - p) * (r - q)
h₁ : x ≠ r
h₂ : x ^ 2 - (p + q) * x + p * q = r ^ 2 - (p + q) * r + p * q
h₃ : x ^ 2 - (p + q) * x - (r ^ 2 - (p + q) * r) = 0
h₄ : x ^ 2 - (p + q) * x - r ^ 2 + (p + q) * r = 0
⊢ x ^ 2 - r ^ 2 - (p + q) * (x - r) = 0
2025-04-13 10:41:00 - DEBUG - New Error 3: line 43, type: rewrite_failed, message: tactic 'rewrite' failed, did not find instance of the pattern in the target expression
  x ^ 2
p q r x : ℂ
h₀ : (x - p) * (x - q) = (r - p) * (r - q)
h₁ : x ≠ r
h₂ : x ^ 2 - (p + q) * x + p * q = r ^ 2 - (p + q) * r + p * q
h₃ : x ^ 2 - (p + q) * x - (r ^ 2 - (p + q) * r) = 0
h₄ : x ^ 2 - (p + q) * x - r ^ 2 + (p + q) * r = 0
h₅ : x ^ 2 - r ^ 2 - (p + q) * (x - r) = 0
⊢ (x - r) * (x + r) - (p + q) * (x - r) = 0
2025-04-13 10:41:00 - DEBUG - New Error 4: line 48, type: rewrite_failed, message: tactic 'rewrite' failed, did not find instance of the pattern in the target expression
  ?a * ?b - ?a * ?c
p q r x : ℂ
h₀ : (x - p) * (x - q) = (r - p) * (r - q)
h₁ : x ≠ r
h₂ : x ^ 2 - (p + q) * x + p * q = r ^ 2 - (p + q) * r + p * q
h₃ : x ^ 2 - (p + q) * x - (r ^ 2 - (p + q) * r) = 0
h₄ : x ^ 2 - (p + q) * x - r ^ 2 + (p + q) * r = 0
h₅ : x ^ 2 - r ^ 2 - (p + q) * (x - r) = 0
h₆ : (x - r) * (x + r) - (p + q) * (x - r) = 0
⊢ (x - r) * (x + r - (p + q)) = 0
2025-04-13 10:41:00 - DEBUG - New Error 5: line 62, type: type_mismatch, message: application type mismatch
  h₁ hr
argument
  hr
has type
  x - r = 0 : Prop
but is expected to have type
  x = r : Prop
2025-04-13 10:41:00 - DEBUG - New Error 6: line 72, type: rewrite_failed, message: tactic 'rewrite' failed, did not find instance of the pattern in the target expression
  ?m.11011 + ?m.11013 = ?m.11012
p q r x : ℂ
h₀ : (x - p) * (x - q) = (r - p) * (r - q)
h₁ : x ≠ r
h₂ : x ^ 2 - (p + q) * x + p * q = r ^ 2 - (p + q) * r + p * q
h₃ : x ^ 2 - (p + q) * x - (r ^ 2 - (p + q) * r) = 0
h₄ : x ^ 2 - (p + q) * x - r ^ 2 + (p + q) * r = 0
h₅ : x ^ 2 - r ^ 2 - (p + q) * (x - r) = 0
h₆ : (x - r) * (x + r) - (p + q) * (x - r) = 0
h₇ : (x - r) * (x + r - (p + q)) = 0
h₈ : x - r = 0 ∨ x + r - (p + q) = 0
h₉ : r + x = p + q
⊢ x = p + q - r
2025-04-13 10:41:00 - INFO - Testing fragment: norm_num
2025-04-13 10:41:00 - INFO - Original error line:     ring at h₀
2025-04-13 10:41:02 - INFO - Testing fix: Original errors: 3, Fixed errors: 7
2025-04-13 10:41:02 - INFO - Result: False (introduced 6 new errors)
2025-04-13 10:41:02 - DEBUG - === New errors detail ===
2025-04-13 10:41:02 - DEBUG - New Error 1: line 23, type: rewrite_failed, message: tactic 'rewrite' failed, did not find instance of the pattern in the target expression
  x ^ 2 - (p + q) * x + p * q
p q r x : ℂ
h₀ : (x - p) * (x - q) = (r - p) * (r - q)
h₁ : x ≠ r
h₂ : x ^ 2 - (p + q) * x + p * q = r ^ 2 - (p + q) * r + p * q
⊢ x ^ 2 - (p + q) * x - (r ^ 2 - (p + q) * r) - 0 = 0
2025-04-13 10:41:02 - DEBUG - New Error 2: line 34, type: rewrite_failed, message: tactic 'rewrite' failed, did not find instance of the pattern in the target expression
  (?a - ?b) * ?c
p q r x : ℂ
h₀ : (x - p) * (x - q) = (r - p) * (r - q)
h₁ : x ≠ r
h₂ : x ^ 2 - (p + q) * x + p * q = r ^ 2 - (p + q) * r + p * q
h₃ : x ^ 2 - (p + q) * x - (r ^ 2 - (p + q) * r) = 0
h₄ : x ^ 2 - (p + q) * x - r ^ 2 + (p + q) * r = 0
⊢ x ^ 2 - r ^ 2 - (p + q) * (x - r) = 0
2025-04-13 10:41:02 - DEBUG - New Error 3: line 43, type: rewrite_failed, message: tactic 'rewrite' failed, did not find instance of the pattern in the target expression
  x ^ 2
p q r x : ℂ
h₀ : (x - p) * (x - q) = (r - p) * (r - q)
h₁ : x ≠ r
h₂ : x ^ 2 - (p + q) * x + p * q = r ^ 2 - (p + q) * r + p * q
h₃ : x ^ 2 - (p + q) * x - (r ^ 2 - (p + q) * r) = 0
h₄ : x ^ 2 - (p + q) * x - r ^ 2 + (p + q) * r = 0
h₅ : x ^ 2 - r ^ 2 - (p + q) * (x - r) = 0
⊢ (x - r) * (x + r) - (p + q) * (x - r) = 0
2025-04-13 10:41:02 - DEBUG - New Error 4: line 48, type: rewrite_failed, message: tactic 'rewrite' failed, did not find instance of the pattern in the target expression
  ?a * ?b - ?a * ?c
p q r x : ℂ
h₀ : (x - p) * (x - q) = (r - p) * (r - q)
h₁ : x ≠ r
h₂ : x ^ 2 - (p + q) * x + p * q = r ^ 2 - (p + q) * r + p * q
h₃ : x ^ 2 - (p + q) * x - (r ^ 2 - (p + q) * r) = 0
h₄ : x ^ 2 - (p + q) * x - r ^ 2 + (p + q) * r = 0
h₅ : x ^ 2 - r ^ 2 - (p + q) * (x - r) = 0
h₆ : (x - r) * (x + r) - (p + q) * (x - r) = 0
⊢ (x - r) * (x + r - (p + q)) = 0
2025-04-13 10:41:02 - DEBUG - New Error 5: line 62, type: type_mismatch, message: application type mismatch
  h₁ hr
argument
  hr
has type
  x - r = 0 : Prop
but is expected to have type
  x = r : Prop
2025-04-13 10:41:02 - DEBUG - New Error 6: line 72, type: rewrite_failed, message: tactic 'rewrite' failed, did not find instance of the pattern in the target expression
  ?m.11011 + ?m.11013 = ?m.11012
p q r x : ℂ
h₀ : (x - p) * (x - q) = (r - p) * (r - q)
h₁ : x ≠ r
h₂ : x ^ 2 - (p + q) * x + p * q = r ^ 2 - (p + q) * r + p * q
h₃ : x ^ 2 - (p + q) * x - (r ^ 2 - (p + q) * r) = 0
h₄ : x ^ 2 - (p + q) * x - r ^ 2 + (p + q) * r = 0
h₅ : x ^ 2 - r ^ 2 - (p + q) * (x - r) = 0
h₆ : (x - r) * (x + r) - (p + q) * (x - r) = 0
h₇ : (x - r) * (x + r - (p + q)) = 0
h₈ : x - r = 0 ∨ x + r - (p + q) = 0
h₉ : r + x = p + q
⊢ x = p + q - r
2025-04-13 10:41:02 - INFO - Testing fragment: ring
2025-04-13 10:41:02 - INFO - Original error line:     ring at h₀
2025-04-13 10:41:04 - INFO - Testing fix: Original errors: 3, Fixed errors: 7
2025-04-13 10:41:04 - INFO - Result: False (introduced 6 new errors)
2025-04-13 10:41:04 - DEBUG - === New errors detail ===
2025-04-13 10:41:04 - DEBUG - New Error 1: line 23, type: rewrite_failed, message: tactic 'rewrite' failed, did not find instance of the pattern in the target expression
  x ^ 2 - (p + q) * x + p * q
p q r x : ℂ
h₀ : (x - p) * (x - q) = (r - p) * (r - q)
h₁ : x ≠ r
h₂ : x ^ 2 - (p + q) * x + p * q = r ^ 2 - (p + q) * r + p * q
⊢ x ^ 2 - (p + q) * x - (r ^ 2 - (p + q) * r) - 0 = 0
2025-04-13 10:41:04 - DEBUG - New Error 2: line 34, type: rewrite_failed, message: tactic 'rewrite' failed, did not find instance of the pattern in the target expression
  (?a - ?b) * ?c
p q r x : ℂ
h₀ : (x - p) * (x - q) = (r - p) * (r - q)
h₁ : x ≠ r
h₂ : x ^ 2 - (p + q) * x + p * q = r ^ 2 - (p + q) * r + p * q
h₃ : x ^ 2 - (p + q) * x - (r ^ 2 - (p + q) * r) = 0
h₄ : x ^ 2 - (p + q) * x - r ^ 2 + (p + q) * r = 0
⊢ x ^ 2 - r ^ 2 - (p + q) * (x - r) = 0
2025-04-13 10:41:04 - DEBUG - New Error 3: line 43, type: rewrite_failed, message: tactic 'rewrite' failed, did not find instance of the pattern in the target expression
  x ^ 2
p q r x : ℂ
h₀ : (x - p) * (x - q) = (r - p) * (r - q)
h₁ : x ≠ r
h₂ : x ^ 2 - (p + q) * x + p * q = r ^ 2 - (p + q) * r + p * q
h₃ : x ^ 2 - (p + q) * x - (r ^ 2 - (p + q) * r) = 0
h₄ : x ^ 2 - (p + q) * x - r ^ 2 + (p + q) * r = 0
h₅ : x ^ 2 - r ^ 2 - (p + q) * (x - r) = 0
⊢ (x - r) * (x + r) - (p + q) * (x - r) = 0
2025-04-13 10:41:04 - DEBUG - New Error 4: line 48, type: rewrite_failed, message: tactic 'rewrite' failed, did not find instance of the pattern in the target expression
  ?a * ?b - ?a * ?c
p q r x : ℂ
h₀ : (x - p) * (x - q) = (r - p) * (r - q)
h₁ : x ≠ r
h₂ : x ^ 2 - (p + q) * x + p * q = r ^ 2 - (p + q) * r + p * q
h₃ : x ^ 2 - (p + q) * x - (r ^ 2 - (p + q) * r) = 0
h₄ : x ^ 2 - (p + q) * x - r ^ 2 + (p + q) * r = 0
h₅ : x ^ 2 - r ^ 2 - (p + q) * (x - r) = 0
h₆ : (x - r) * (x + r) - (p + q) * (x - r) = 0
⊢ (x - r) * (x + r - (p + q)) = 0
2025-04-13 10:41:04 - DEBUG - New Error 5: line 62, type: type_mismatch, message: application type mismatch
  h₁ hr
argument
  hr
has type
  x - r = 0 : Prop
but is expected to have type
  x = r : Prop
2025-04-13 10:41:04 - DEBUG - New Error 6: line 72, type: rewrite_failed, message: tactic 'rewrite' failed, did not find instance of the pattern in the target expression
  ?m.11011 + ?m.11013 = ?m.11012
p q r x : ℂ
h₀ : (x - p) * (x - q) = (r - p) * (r - q)
h₁ : x ≠ r
h₂ : x ^ 2 - (p + q) * x + p * q = r ^ 2 - (p + q) * r + p * q
h₃ : x ^ 2 - (p + q) * x - (r ^ 2 - (p + q) * r) = 0
h₄ : x ^ 2 - (p + q) * x - r ^ 2 + (p + q) * r = 0
h₅ : x ^ 2 - r ^ 2 - (p + q) * (x - r) = 0
h₆ : (x - r) * (x + r) - (p + q) * (x - r) = 0
h₇ : (x - r) * (x + r - (p + q)) = 0
h₈ : x - r = 0 ∨ x + r - (p + q) = 0
h₉ : r + x = p + q
⊢ x = p + q - r
2025-04-13 10:41:04 - INFO - Testing fragment: ring_nf
2025-04-13 10:41:04 - INFO - Original error line:     ring at h₀
2025-04-13 10:41:06 - INFO - Testing fix: Original errors: 3, Fixed errors: 7
2025-04-13 10:41:06 - INFO - Result: False (introduced 6 new errors)
2025-04-13 10:41:06 - DEBUG - === New errors detail ===
2025-04-13 10:41:06 - DEBUG - New Error 1: line 23, type: rewrite_failed, message: tactic 'rewrite' failed, did not find instance of the pattern in the target expression
  x ^ 2 - (p + q) * x + p * q
p q r x : ℂ
h₀ : (x - p) * (x - q) = (r - p) * (r - q)
h₁ : x ≠ r
h₂ : x ^ 2 - (p + q) * x + p * q = r ^ 2 - (p + q) * r + p * q
⊢ x ^ 2 - (p + q) * x - (r ^ 2 - (p + q) * r) - 0 = 0
2025-04-13 10:41:06 - DEBUG - New Error 2: line 34, type: rewrite_failed, message: tactic 'rewrite' failed, did not find instance of the pattern in the target expression
  (?a - ?b) * ?c
p q r x : ℂ
h₀ : (x - p) * (x - q) = (r - p) * (r - q)
h₁ : x ≠ r
h₂ : x ^ 2 - (p + q) * x + p * q = r ^ 2 - (p + q) * r + p * q
h₃ : x ^ 2 - (p + q) * x - (r ^ 2 - (p + q) * r) = 0
h₄ : x ^ 2 - (p + q) * x - r ^ 2 + (p + q) * r = 0
⊢ x ^ 2 - r ^ 2 - (p + q) * (x - r) = 0
2025-04-13 10:41:06 - DEBUG - New Error 3: line 43, type: rewrite_failed, message: tactic 'rewrite' failed, did not find instance of the pattern in the target expression
  x ^ 2
p q r x : ℂ
h₀ : (x - p) * (x - q) = (r - p) * (r - q)
h₁ : x ≠ r
h₂ : x ^ 2 - (p + q) * x + p * q = r ^ 2 - (p + q) * r + p * q
h₃ : x ^ 2 - (p + q) * x - (r ^ 2 - (p + q) * r) = 0
h₄ : x ^ 2 - (p + q) * x - r ^ 2 + (p + q) * r = 0
h₅ : x ^ 2 - r ^ 2 - (p + q) * (x - r) = 0
⊢ (x - r) * (x + r) - (p + q) * (x - r) = 0
2025-04-13 10:41:06 - DEBUG - New Error 4: line 48, type: rewrite_failed, message: tactic 'rewrite' failed, did not find instance of the pattern in the target expression
  ?a * ?b - ?a * ?c
p q r x : ℂ
h₀ : (x - p) * (x - q) = (r - p) * (r - q)
h₁ : x ≠ r
h₂ : x ^ 2 - (p + q) * x + p * q = r ^ 2 - (p + q) * r + p * q
h₃ : x ^ 2 - (p + q) * x - (r ^ 2 - (p + q) * r) = 0
h₄ : x ^ 2 - (p + q) * x - r ^ 2 + (p + q) * r = 0
h₅ : x ^ 2 - r ^ 2 - (p + q) * (x - r) = 0
h₆ : (x - r) * (x + r) - (p + q) * (x - r) = 0
⊢ (x - r) * (x + r - (p + q)) = 0
2025-04-13 10:41:06 - DEBUG - New Error 5: line 62, type: type_mismatch, message: application type mismatch
  h₁ hr
argument
  hr
has type
  x - r = 0 : Prop
but is expected to have type
  x = r : Prop
2025-04-13 10:41:06 - DEBUG - New Error 6: line 72, type: rewrite_failed, message: tactic 'rewrite' failed, did not find instance of the pattern in the target expression
  ?m.11011 + ?m.11013 = ?m.11012
p q r x : ℂ
h₀ : (x - p) * (x - q) = (r - p) * (r - q)
h₁ : x ≠ r
h₂ : x ^ 2 - (p + q) * x + p * q = r ^ 2 - (p + q) * r + p * q
h₃ : x ^ 2 - (p + q) * x - (r ^ 2 - (p + q) * r) = 0
h₄ : x ^ 2 - (p + q) * x - r ^ 2 + (p + q) * r = 0
h₅ : x ^ 2 - r ^ 2 - (p + q) * (x - r) = 0
h₆ : (x - r) * (x + r) - (p + q) * (x - r) = 0
h₇ : (x - r) * (x + r - (p + q)) = 0
h₈ : x - r = 0 ∨ x + r - (p + q) = 0
h₉ : r + x = p + q
⊢ x = p + q - r
2025-04-13 10:41:06 - INFO - Testing fragment: omega
2025-04-13 10:41:06 - INFO - Original error line:     ring at h₀
2025-04-13 10:41:08 - INFO - Testing fix: Original errors: 3, Fixed errors: 7
2025-04-13 10:41:08 - INFO - Result: False (introduced 6 new errors)
2025-04-13 10:41:08 - DEBUG - === New errors detail ===
2025-04-13 10:41:08 - DEBUG - New Error 1: line 23, type: rewrite_failed, message: tactic 'rewrite' failed, did not find instance of the pattern in the target expression
  x ^ 2 - (p + q) * x + p * q
p q r x : ℂ
h₀ : (x - p) * (x - q) = (r - p) * (r - q)
h₁ : x ≠ r
h₂ : x ^ 2 - (p + q) * x + p * q = r ^ 2 - (p + q) * r + p * q
⊢ x ^ 2 - (p + q) * x - (r ^ 2 - (p + q) * r) - 0 = 0
2025-04-13 10:41:08 - DEBUG - New Error 2: line 34, type: rewrite_failed, message: tactic 'rewrite' failed, did not find instance of the pattern in the target expression
  (?a - ?b) * ?c
p q r x : ℂ
h₀ : (x - p) * (x - q) = (r - p) * (r - q)
h₁ : x ≠ r
h₂ : x ^ 2 - (p + q) * x + p * q = r ^ 2 - (p + q) * r + p * q
h₃ : x ^ 2 - (p + q) * x - (r ^ 2 - (p + q) * r) = 0
h₄ : x ^ 2 - (p + q) * x - r ^ 2 + (p + q) * r = 0
⊢ x ^ 2 - r ^ 2 - (p + q) * (x - r) = 0
2025-04-13 10:41:08 - DEBUG - New Error 3: line 43, type: rewrite_failed, message: tactic 'rewrite' failed, did not find instance of the pattern in the target expression
  x ^ 2
p q r x : ℂ
h₀ : (x - p) * (x - q) = (r - p) * (r - q)
h₁ : x ≠ r
h₂ : x ^ 2 - (p + q) * x + p * q = r ^ 2 - (p + q) * r + p * q
h₃ : x ^ 2 - (p + q) * x - (r ^ 2 - (p + q) * r) = 0
h₄ : x ^ 2 - (p + q) * x - r ^ 2 + (p + q) * r = 0
h₅ : x ^ 2 - r ^ 2 - (p + q) * (x - r) = 0
⊢ (x - r) * (x + r) - (p + q) * (x - r) = 0
2025-04-13 10:41:08 - DEBUG - New Error 4: line 48, type: rewrite_failed, message: tactic 'rewrite' failed, did not find instance of the pattern in the target expression
  ?a * ?b - ?a * ?c
p q r x : ℂ
h₀ : (x - p) * (x - q) = (r - p) * (r - q)
h₁ : x ≠ r
h₂ : x ^ 2 - (p + q) * x + p * q = r ^ 2 - (p + q) * r + p * q
h₃ : x ^ 2 - (p + q) * x - (r ^ 2 - (p + q) * r) = 0
h₄ : x ^ 2 - (p + q) * x - r ^ 2 + (p + q) * r = 0
h₅ : x ^ 2 - r ^ 2 - (p + q) * (x - r) = 0
h₆ : (x - r) * (x + r) - (p + q) * (x - r) = 0
⊢ (x - r) * (x + r - (p + q)) = 0
2025-04-13 10:41:08 - DEBUG - New Error 5: line 62, type: type_mismatch, message: application type mismatch
  h₁ hr
argument
  hr
has type
  x - r = 0 : Prop
but is expected to have type
  x = r : Prop
2025-04-13 10:41:08 - DEBUG - New Error 6: line 72, type: rewrite_failed, message: tactic 'rewrite' failed, did not find instance of the pattern in the target expression
  ?m.11011 + ?m.11013 = ?m.11012
p q r x : ℂ
h₀ : (x - p) * (x - q) = (r - p) * (r - q)
h₁ : x ≠ r
h₂ : x ^ 2 - (p + q) * x + p * q = r ^ 2 - (p + q) * r + p * q
h₃ : x ^ 2 - (p + q) * x - (r ^ 2 - (p + q) * r) = 0
h₄ : x ^ 2 - (p + q) * x - r ^ 2 + (p + q) * r = 0
h₅ : x ^ 2 - r ^ 2 - (p + q) * (x - r) = 0
h₆ : (x - r) * (x + r) - (p + q) * (x - r) = 0
h₇ : (x - r) * (x + r - (p + q)) = 0
h₈ : x - r = 0 ∨ x + r - (p + q) = 0
h₉ : r + x = p + q
⊢ x = p + q - r
2025-04-13 10:41:08 - INFO - Testing fragment: linarith
2025-04-13 10:41:08 - INFO - Original error line:     ring at h₀
2025-04-13 10:41:10 - INFO - Testing fix: Original errors: 3, Fixed errors: 7
2025-04-13 10:41:10 - INFO - Result: False (introduced 6 new errors)
2025-04-13 10:41:10 - DEBUG - === New errors detail ===
2025-04-13 10:41:10 - DEBUG - New Error 1: line 23, type: rewrite_failed, message: tactic 'rewrite' failed, did not find instance of the pattern in the target expression
  x ^ 2 - (p + q) * x + p * q
p q r x : ℂ
h₀ : (x - p) * (x - q) = (r - p) * (r - q)
h₁ : x ≠ r
h₂ : x ^ 2 - (p + q) * x + p * q = r ^ 2 - (p + q) * r + p * q
⊢ x ^ 2 - (p + q) * x - (r ^ 2 - (p + q) * r) - 0 = 0
2025-04-13 10:41:10 - DEBUG - New Error 2: line 34, type: rewrite_failed, message: tactic 'rewrite' failed, did not find instance of the pattern in the target expression
  (?a - ?b) * ?c
p q r x : ℂ
h₀ : (x - p) * (x - q) = (r - p) * (r - q)
h₁ : x ≠ r
h₂ : x ^ 2 - (p + q) * x + p * q = r ^ 2 - (p + q) * r + p * q
h₃ : x ^ 2 - (p + q) * x - (r ^ 2 - (p + q) * r) = 0
h₄ : x ^ 2 - (p + q) * x - r ^ 2 + (p + q) * r = 0
⊢ x ^ 2 - r ^ 2 - (p + q) * (x - r) = 0
2025-04-13 10:41:10 - DEBUG - New Error 3: line 43, type: rewrite_failed, message: tactic 'rewrite' failed, did not find instance of the pattern in the target expression
  x ^ 2
p q r x : ℂ
h₀ : (x - p) * (x - q) = (r - p) * (r - q)
h₁ : x ≠ r
h₂ : x ^ 2 - (p + q) * x + p * q = r ^ 2 - (p + q) * r + p * q
h₃ : x ^ 2 - (p + q) * x - (r ^ 2 - (p + q) * r) = 0
h₄ : x ^ 2 - (p + q) * x - r ^ 2 + (p + q) * r = 0
h₅ : x ^ 2 - r ^ 2 - (p + q) * (x - r) = 0
⊢ (x - r) * (x + r) - (p + q) * (x - r) = 0
2025-04-13 10:41:10 - DEBUG - New Error 4: line 48, type: rewrite_failed, message: tactic 'rewrite' failed, did not find instance of the pattern in the target expression
  ?a * ?b - ?a * ?c
p q r x : ℂ
h₀ : (x - p) * (x - q) = (r - p) * (r - q)
h₁ : x ≠ r
h₂ : x ^ 2 - (p + q) * x + p * q = r ^ 2 - (p + q) * r + p * q
h₃ : x ^ 2 - (p + q) * x - (r ^ 2 - (p + q) * r) = 0
h₄ : x ^ 2 - (p + q) * x - r ^ 2 + (p + q) * r = 0
h₅ : x ^ 2 - r ^ 2 - (p + q) * (x - r) = 0
h₆ : (x - r) * (x + r) - (p + q) * (x - r) = 0
⊢ (x - r) * (x + r - (p + q)) = 0
2025-04-13 10:41:10 - DEBUG - New Error 5: line 62, type: type_mismatch, message: application type mismatch
  h₁ hr
argument
  hr
has type
  x - r = 0 : Prop
but is expected to have type
  x = r : Prop
2025-04-13 10:41:10 - DEBUG - New Error 6: line 72, type: rewrite_failed, message: tactic 'rewrite' failed, did not find instance of the pattern in the target expression
  ?m.11011 + ?m.11013 = ?m.11012
p q r x : ℂ
h₀ : (x - p) * (x - q) = (r - p) * (r - q)
h₁ : x ≠ r
h₂ : x ^ 2 - (p + q) * x + p * q = r ^ 2 - (p + q) * r + p * q
h₃ : x ^ 2 - (p + q) * x - (r ^ 2 - (p + q) * r) = 0
h₄ : x ^ 2 - (p + q) * x - r ^ 2 + (p + q) * r = 0
h₅ : x ^ 2 - r ^ 2 - (p + q) * (x - r) = 0
h₆ : (x - r) * (x + r) - (p + q) * (x - r) = 0
h₇ : (x - r) * (x + r - (p + q)) = 0
h₈ : x - r = 0 ∨ x + r - (p + q) = 0
h₉ : r + x = p + q
⊢ x = p + q - r
2025-04-13 10:41:10 - INFO - Testing fragment: nlinarith
2025-04-13 10:41:10 - INFO - Original error line:     ring at h₀
2025-04-13 10:41:12 - INFO - Testing fix: Original errors: 3, Fixed errors: 7
2025-04-13 10:41:12 - INFO - Result: False (introduced 6 new errors)
2025-04-13 10:41:12 - DEBUG - === New errors detail ===
2025-04-13 10:41:12 - DEBUG - New Error 1: line 23, type: rewrite_failed, message: tactic 'rewrite' failed, did not find instance of the pattern in the target expression
  x ^ 2 - (p + q) * x + p * q
p q r x : ℂ
h₀ : (x - p) * (x - q) = (r - p) * (r - q)
h₁ : x ≠ r
h₂ : x ^ 2 - (p + q) * x + p * q = r ^ 2 - (p + q) * r + p * q
⊢ x ^ 2 - (p + q) * x - (r ^ 2 - (p + q) * r) - 0 = 0
2025-04-13 10:41:12 - DEBUG - New Error 2: line 34, type: rewrite_failed, message: tactic 'rewrite' failed, did not find instance of the pattern in the target expression
  (?a - ?b) * ?c
p q r x : ℂ
h₀ : (x - p) * (x - q) = (r - p) * (r - q)
h₁ : x ≠ r
h₂ : x ^ 2 - (p + q) * x + p * q = r ^ 2 - (p + q) * r + p * q
h₃ : x ^ 2 - (p + q) * x - (r ^ 2 - (p + q) * r) = 0
h₄ : x ^ 2 - (p + q) * x - r ^ 2 + (p + q) * r = 0
⊢ x ^ 2 - r ^ 2 - (p + q) * (x - r) = 0
2025-04-13 10:41:12 - DEBUG - New Error 3: line 43, type: rewrite_failed, message: tactic 'rewrite' failed, did not find instance of the pattern in the target expression
  x ^ 2
p q r x : ℂ
h₀ : (x - p) * (x - q) = (r - p) * (r - q)
h₁ : x ≠ r
h₂ : x ^ 2 - (p + q) * x + p * q = r ^ 2 - (p + q) * r + p * q
h₃ : x ^ 2 - (p + q) * x - (r ^ 2 - (p + q) * r) = 0
h₄ : x ^ 2 - (p + q) * x - r ^ 2 + (p + q) * r = 0
h₅ : x ^ 2 - r ^ 2 - (p + q) * (x - r) = 0
⊢ (x - r) * (x + r) - (p + q) * (x - r) = 0
2025-04-13 10:41:12 - DEBUG - New Error 4: line 48, type: rewrite_failed, message: tactic 'rewrite' failed, did not find instance of the pattern in the target expression
  ?a * ?b - ?a * ?c
p q r x : ℂ
h₀ : (x - p) * (x - q) = (r - p) * (r - q)
h₁ : x ≠ r
h₂ : x ^ 2 - (p + q) * x + p * q = r ^ 2 - (p + q) * r + p * q
h₃ : x ^ 2 - (p + q) * x - (r ^ 2 - (p + q) * r) = 0
h₄ : x ^ 2 - (p + q) * x - r ^ 2 + (p + q) * r = 0
h₅ : x ^ 2 - r ^ 2 - (p + q) * (x - r) = 0
h₆ : (x - r) * (x + r) - (p + q) * (x - r) = 0
⊢ (x - r) * (x + r - (p + q)) = 0
2025-04-13 10:41:12 - DEBUG - New Error 5: line 62, type: type_mismatch, message: application type mismatch
  h₁ hr
argument
  hr
has type
  x - r = 0 : Prop
but is expected to have type
  x = r : Prop
2025-04-13 10:41:12 - DEBUG - New Error 6: line 72, type: rewrite_failed, message: tactic 'rewrite' failed, did not find instance of the pattern in the target expression
  ?m.11011 + ?m.11013 = ?m.11012
p q r x : ℂ
h₀ : (x - p) * (x - q) = (r - p) * (r - q)
h₁ : x ≠ r
h₂ : x ^ 2 - (p + q) * x + p * q = r ^ 2 - (p + q) * r + p * q
h₃ : x ^ 2 - (p + q) * x - (r ^ 2 - (p + q) * r) = 0
h₄ : x ^ 2 - (p + q) * x - r ^ 2 + (p + q) * r = 0
h₅ : x ^ 2 - r ^ 2 - (p + q) * (x - r) = 0
h₆ : (x - r) * (x + r) - (p + q) * (x - r) = 0
h₇ : (x - r) * (x + r - (p + q)) = 0
h₈ : x - r = 0 ∨ x + r - (p + q) = 0
h₉ : r + x = p + q
⊢ x = p + q - r
2025-04-13 10:41:12 - INFO - Failed attempt time: 22.05 seconds
2025-04-13 10:41:12 - INFO - ❌ Could not generate fix for error at line 16
2025-04-13 10:41:13 - INFO - 
===== Fix attempt completed =====
2025-04-13 10:41:13 - INFO - Original errors: 3
2025-04-13 10:41:13 - INFO - Fixed errors: 0
2025-04-13 10:41:13 - INFO - Failed errors: 3
2025-04-13 10:41:13 - INFO - Remaining errors: 3
2025-04-13 10:41:13 - INFO - Total time: 68.13 seconds
2025-04-13 10:41:13 - INFO - 
Final fixed code:
2025-04-13 10:41:13 - INFO - ----------------------------------------
2025-04-13 10:41:13 - INFO - /-- 
Let $p$, $q$, and $r$ be constants. One solution to the equation $(x-p)(x-q) = (r-p)(r-q)$ is $x=r$. 
Find the other solution in terms of $p$, $q$, and $r$. Show that it is p+q-r.
-/
theorem mathd_algebra_73 (p q r x : ℂ) (h₀ : (x - p) * (x - q) = (r - p) * (r - q)) (h₁ : x ≠ r) :
  x = p + q - r := by
  -- First, expand both sides of the equation to convert it to standard quadratic form
  have h₂ : x^2 - (p + q) * x + p * q = r^2 - (p + q) * r + p * q := by
    -- Expand left side (x-p)(x-q)
    rw [mul_sub_right_distrib, sub_mul, sub_mul]
    -- Simplify terms
    ring
    -- Expand right side (r-p)(r-q) to match left side
    rw [mul_sub_right_distrib, sub_mul, sub_mul] at h₀
    -- Simplify terms
    ring at h₀
    -- The expanded forms are now equal
    exact h₀
  
  -- Subtract right side from both sides to form a quadratic equation set to zero
  have h₃ : x^2 - (p + q) * x - (r^2 - (p + q) * r) = 0 := by
    -- Subtract right side from both sides of h₂
    rw [← sub_eq_zero, h₂]
  
  -- Rewrite the equation in a more standard quadratic form
  have h₄ : x^2 - (p + q) * x - r^2 + (p + q) * r = 0 := by
    -- Distribute the negative sign in h₃
    ring_nf at h₃ ⊢
    exact h₃
  
  -- Factor the equation by grouping terms
  have h₅ : (x^2 - r^2) - (p + q) * (x - r) = 0 := by
    -- Group x²-r² and factor out (p+q) from remaining terms
    rw [sub_mul, ← sub_sub]
    -- Recognize x² - r² as difference of squares
    rw [← add_sub_assoc]
    -- Rearrange terms to show the factoring structure
    ring_nf
  
  -- Factor the difference of squares and rewrite the equation
  have h₆ : (x - r) * (x + r) - (p + q) * (x - r) = 0 := by
    -- Apply difference of squares formula to x² - r²
    rw [pow_two x, pow_two r, sq_sub_sq]
  
  -- Factor out the common (x - r) term from both parts
  have h₇ : (x - r) * (x + r - (p + q)) = 0 := by
    -- Factor (x - r) from both terms
    rw [← mul_sub_left_distrib]
  
  -- Since the product equals zero, one of the factors must be zero
  have h₈ : (x - r = 0) ∨ (x + r - (p + q) = 0) := by
    -- Apply the zero product property
    exact eq_zero_or_eq_zero_of_mul_eq_zero h₇
  
  -- We know x ≠ r from hypothesis h₁, so the first case is false
  have h₉ : x + r - (p + q) = 0 := by
    -- Eliminate the first possibility using h₁
    cases h₈ with
    | inl hr => 
      -- This would imply x = r, which contradicts h₁
      exfalso
      exact h₁ hr
    | inr h => 
      -- This is the case we want
      exact h
  
  -- Solve for x in the remaining equation
  have h₁₀ : x = p + q - r := by
    -- Rearrange terms to solve for x
    rw [sub_eq_zero, add_comm] at h₉
    -- Add r to both sides and subtract x from both sides
    rw [← eq_sub_iff_add_eq, sub_sub, add_comm (p + q) r]
    -- Simplify the expression
    simp only [add_sub_cancel]
  
  -- The result follows from h₁₀
  exact h₁₀
2025-04-13 10:41:13 - INFO - ----------------------------------------
2025-04-13 10:41:13 - INFO - 
Detailed error repair report:
2025-04-13 10:41:13 - INFO - Original code error count: 3
❌ Fixed error 1/3: Could not generate fix for error at line 6 «other_error» (after 22.04s)
❌ Fixed error 2/3: Could not generate fix for error at line 10 «rewrite_failed» (after 22.04s)
❌ Fixed error 3/3: Could not generate fix for error at line 16 «syntax_error» (after 22.05s)

=== Fix statistics ===
Original error count: 3
Fixed errors: 0 (Fix rate: 0.0000)
Failed errors: 3
Remaining errors: 3
Total time: 68.13 seconds

=== Failed fix details ===

Failed fix 1:
   Line: 6
   Error type: other_error
   Original error message: unsolved goals
p q r x : ℂ
h₀ : (x - p) * (x - q) = (r - p) * (r - q)
h₁ : x ≠ r
h₂ : x ^ 2 - (p + q...
   Failure reason: Could not generate fix
   Time: 22.04 seconds

Failed fix 2:
   Line: 10
   Error type: rewrite_failed
   Original error message: tactic 'rewrite' failed, did not find instance of the pattern in the target expression
  (?a - ?b) *...
   Failure reason: Could not generate fix
   Time: 22.04 seconds

Failed fix 3:
   Line: 16
   Error type: syntax_error
   Original error message: unexpected token 'at'; expected command...
   Failure reason: Could not generate fix
   Time: 22.05 seconds
2025-04-13 10:41:13 - INFO - 
Fixed code saved to: /data/coding/minif2f/lean_fixed/40_fixed.lean
2025-04-13 10:41:13 - INFO - JSON log saved to: /data/coding/minif2f/lean_fixed/40_fix_log.json
2025-04-13 10:41:13 - INFO - 
===== LOG FILE LOCATION =====
2025-04-13 10:41:13 - INFO - Detailed log file is available at: /data/coding/minif2f/lean_fixed/40.log
2025-04-13 10:41:13 - INFO - ===============================
