2025-04-13 10:39:27 - INFO - Log file initialized at 2025-04-13T10:39:27.413948
2025-04-13 10:39:27 - INFO - ===== LOG FILE LOCATION =====
2025-04-13 10:39:27 - INFO - Detailed log file created at: /data/coding/minif2f/lean_fixed/41.log
2025-04-13 10:39:27 - INFO - ===============================
2025-04-13 10:39:27 - INFO - Original code:
2025-04-13 10:39:27 - INFO - ----------------------------------------
2025-04-13 10:39:27 - INFO - import Mathlib
import Aesop

set_option maxHeartbeats 0

open BigOperators Real Nat Topology Rat

/-- Find the modulo $7$ remainder of the sum $1+3+5+7+9+\dots+195+197+199.$ Show that it is 4.-/
theorem mathd_numbertheory_109 (v : ℕ → ℕ) (h₀ : ∀ n, v n = 2 * n - 1) :
    (∑ k in Finset.Icc 1 100, v k) % 7 = 4 := by
  -- First, simplify the goal using the given definition of v
  simp [h₀]
  
  -- The sum becomes ∑(k=1 to 100) (2k - 1)
  -- We can split this into two separate sums:
  -- 2 * ∑(k=1 to 100) k - ∑(k=1 to 100) 1
  rw [Finset.sum_sub_distrib, Finset.sum_mul]
  
  -- Simplify known sums:
  -- ∑(k=1 to 100) k = 100*101/2 = 5050
  -- ∑(k=1 to 100) 1 = 100
  rw [Finset.sum_range_id, Finset.sum_const, Finset.card_range, smul_eq_mul, mul_one]
  
  -- Now the expression becomes 2 * 5050 - 100 = 10100 - 100 = 10000
  -- So we need to compute 10000 % 7
  
  -- Compute 10000 ÷ 7:
  -- 7 × 1428 = 9996
  -- 10000 - 9996 = 4
  -- Therefore 10000 ≡ 4 mod 7
  
  -- We can verify this computation in Lean:
  have h₁ : (2 * 5050 - 100) = 10000 := by norm_num
  rw [h₁]
  
  -- Compute 10000 % 7 directly
  norm_num
2025-04-13 10:39:27 - INFO - ----------------------------------------
2025-04-13 10:39:27 - INFO - 
Checking original code for all errors...
2025-04-13 10:40:05 - INFO - Original code contains 1 errors:
2025-04-13 10:40:05 - INFO - Error 1: line 10, type: rewrite_failed, message: tactic 'rewrite' failed, did not find instance of the pattern in the target expression
  ∑ x ∈ ?m.21...
2025-04-13 10:40:05 - INFO - 
Starting multi-error continuous repair process...
2025-04-13 10:40:05 - INFO - 
===== Starting to fix all errors =====
2025-04-13 10:40:06 - INFO - 
Found 1 original errors:
2025-04-13 10:40:06 - INFO - Error 1: line 10, type: rewrite_failed, message: tactic 'rewrite' failed, did not find instance of the pattern in the target expression
  ∑ x ∈ ?m.21...
2025-04-13 10:40:06 - INFO - 
Trying to fix error 1/1: line 10, type: rewrite_failed
2025-04-13 10:40:06 - INFO - Error message: tactic 'rewrite' failed, did not find instance of the pattern in the target expression
  ∑ x ∈ ?m.21...
2025-04-13 10:40:06 - INFO - Removed header content, remaining 30 lines of code
2025-04-13 10:40:06 - INFO - Using specified target error line: 10
2025-04-13 10:40:07 - INFO - Found error at specified line: tactic 'rewrite' failed, did not find instance of the pattern in the target expression
  ∑ x ∈ ?m.21558, (?m.21559 x - ?m.21560 x)
v : ℕ → ℕ
h₀ : ∀ (n : ℕ), v n = 2 * n - 1
⊢ (∑ x ∈ Finset.Icc 1 100, (2 * x - 1)) % 7 = 4
2025-04-13 10:40:07 - INFO - Error at line 10: tactic 'rewrite' failed, did not find instance of the pattern in the target expression
  ∑ x ∈ ?m.21558, (?m.21559 x - ?m.21560 x)
v : ℕ → ℕ
h₀ : ∀ (n : ℕ), v n = 2 * n - 1
⊢ (∑ x ∈ Finset.Icc 1 100, (2 * x - 1)) % 7 = 4
2025-04-13 10:40:07 - INFO - 
==================================================
2025-04-13 10:40:07 - INFO - Code prepared, starting synthesis
2025-04-13 10:40:07 - INFO - Before part: /-- Find the modulo $7$ remainder of the sum $1+3+5+7+9+\dots+195+197+199.$ Show that it is 4.-/
theorem mathd_numbertheory_109 (v : ℕ → ℕ) (h₀ : ∀ n, v n = 2 * n - 1) :
    (∑ k in Finset.Icc 1 100, v k) % 7 = 4 := by
  -- First, simplify the goal using the given definition of v
  simp [h₀]
  
  -- The sum becomes ∑(k=1 to 100) (2k - 1)
  -- We can split this into two separate sums:
  -- 2 * ∑(k=1 to 100) k - ∑(k=1 to 100) 1
2025-04-13 10:40:07 - INFO - Error line:   rw [Finset.sum_sub_distrib, Finset.sum_mul]
2025-04-13 10:40:07 - INFO - After part: -- Simplify known sums:
  -- ∑(k=1 to 100) k = 100*101/2 = 5050
  -- ∑(k=1 to 100) 1 = 100
  rw [Finset.sum_range_id, Finset.sum_const, Finset.card_range, smul_eq_mul, mul_one]
  
  -- Now the expression becomes 2 * 5050 - 100 = 10100 - 100 = 10000
  -- So we need to compute 10000 % 7
  
  -- Compute 10000 ÷ 7:
  -- 7 × 1428 = 9996
  -- 10000 - 9996 = 4
  -- Therefore 10000 ≡ 4 mod 7
  
  -- We can verify this computation in Lean:
  have h₁ : (2 * 5050 - 100) = 10000 := by norm_num
  rw [h₁]
  
  -- Compute 10000 % 7 directly
  norm_num
2025-04-13 10:40:07 - INFO - ==================================================

2025-04-13 10:40:08 - INFO - Testing fragment: rw [justaplaceholder]
2025-04-13 10:40:08 - INFO - Original error line:   rw [Finset.sum_sub_distrib, Finset.sum_mul]
2025-04-13 10:40:10 - INFO - Testing fix: Original errors: 1, Fixed errors: 2
2025-04-13 10:40:10 - INFO - Result: False (introduced 2 new errors)
2025-04-13 10:40:10 - DEBUG - === New errors detail ===
2025-04-13 10:40:10 - DEBUG - New Error 1: line 10, type: unknown_identifier, message: unknown identifier 'justaplaceholder'
2025-04-13 10:40:10 - DEBUG - New Error 2: line 10, type: rewrite_failed, message: tactic 'rewrite' failed, equality or iff proof expected
  ?m.21553
v : ℕ → ℕ
h₀ : ∀ (n : ℕ), v n = 2 * n - 1
⊢ (∑ x ∈ Finset.Icc 1 100, (2 * x - 1)) % 7 = 4
2025-04-13 10:40:10 - INFO - Testing fragment: rw [<- justaplaceholder]
2025-04-13 10:40:10 - INFO - Original error line:   rw [Finset.sum_sub_distrib, Finset.sum_mul]
2025-04-13 10:40:12 - INFO - Testing fix: Original errors: 1, Fixed errors: 2
2025-04-13 10:40:12 - INFO - Result: False (introduced 2 new errors)
2025-04-13 10:40:12 - DEBUG - === New errors detail ===
2025-04-13 10:40:12 - DEBUG - New Error 1: line 10, type: unknown_identifier, message: unknown identifier 'justaplaceholder'
2025-04-13 10:40:12 - DEBUG - New Error 2: line 10, type: rewrite_failed, message: tactic 'rewrite' failed, equality or iff proof expected
  ?m.21553
v : ℕ → ℕ
h₀ : ∀ (n : ℕ), v n = 2 * n - 1
⊢ (∑ x ∈ Finset.Icc 1 100, (2 * x - 1)) % 7 = 4
2025-04-13 10:40:12 - INFO - Testing fragment: simp
2025-04-13 10:40:12 - INFO - Original error line:   rw [Finset.sum_sub_distrib, Finset.sum_mul]
2025-04-13 10:40:14 - INFO - Testing fix: Original errors: 1, Fixed errors: 1
2025-04-13 10:40:14 - INFO - Result: False (introduced 1 new errors)
2025-04-13 10:40:14 - DEBUG - === New errors detail ===
2025-04-13 10:40:14 - DEBUG - New Error 1: line 10, type: simp_failed, message: simp made no progress
2025-04-13 10:40:14 - INFO - Testing fragment: field_simp
2025-04-13 10:40:14 - INFO - Original error line:   rw [Finset.sum_sub_distrib, Finset.sum_mul]
2025-04-13 10:40:16 - INFO - Testing fix: Original errors: 1, Fixed errors: 1
2025-04-13 10:40:16 - INFO - Result: False (introduced 1 new errors)
2025-04-13 10:40:16 - DEBUG - === New errors detail ===
2025-04-13 10:40:16 - DEBUG - New Error 1: line 10, type: simp_failed, message: simp made no progress
2025-04-13 10:40:16 - INFO - Testing fragment: norm_num
2025-04-13 10:40:16 - INFO - Original error line:   rw [Finset.sum_sub_distrib, Finset.sum_mul]
2025-04-13 10:40:18 - INFO - Testing fix: Original errors: 1, Fixed errors: 1
2025-04-13 10:40:18 - INFO - Result: False (introduced 1 new errors)
2025-04-13 10:40:18 - DEBUG - === New errors detail ===
2025-04-13 10:40:18 - DEBUG - New Error 1: line 15, type: rewrite_failed, message: tactic 'rewrite' failed, did not find instance of the pattern in the target expression
  ∑ i ∈ Finset.range ?n, i
v : ℕ → ℕ
h₀ : ∀ (n : ℕ), v n = 2 * n - 1
⊢ (∑ x ∈ Finset.Icc 1 100, (2 * x - 1)) % 7 = 4
2025-04-13 10:40:18 - INFO - Testing fragment: ring
2025-04-13 10:40:18 - INFO - Original error line:   rw [Finset.sum_sub_distrib, Finset.sum_mul]
2025-04-13 10:40:20 - INFO - Testing fix: Original errors: 1, Fixed errors: 2
2025-04-13 10:40:20 - INFO - Result: False (introduced 2 new errors)
2025-04-13 10:40:20 - DEBUG - === New errors detail ===
2025-04-13 10:40:20 - DEBUG - New Error 1: line 10, type: ring_failed, message: Try this: ring_nf
2025-04-13 10:40:20 - DEBUG - New Error 2: line 15, type: rewrite_failed, message: tactic 'rewrite' failed, did not find instance of the pattern in the target expression
  ∑ i ∈ Finset.range ?n, i
v : ℕ → ℕ
h₀ : ∀ (n : ℕ), v n = 2 * n - 1
⊢ (∑ x ∈ Finset.Icc 1 100, (x * 2 - 1)) % 7 = 4
2025-04-13 10:40:20 - INFO - Testing fragment: ring_nf
2025-04-13 10:40:20 - INFO - Original error line:   rw [Finset.sum_sub_distrib, Finset.sum_mul]
2025-04-13 10:40:22 - INFO - Testing fix: Original errors: 1, Fixed errors: 1
2025-04-13 10:40:22 - INFO - Result: False (introduced 1 new errors)
2025-04-13 10:40:22 - DEBUG - === New errors detail ===
2025-04-13 10:40:22 - DEBUG - New Error 1: line 15, type: rewrite_failed, message: tactic 'rewrite' failed, did not find instance of the pattern in the target expression
  ∑ i ∈ Finset.range ?n, i
v : ℕ → ℕ
h₀ : ∀ (n : ℕ), v n = 2 * n - 1
⊢ (∑ x ∈ Finset.Icc 1 100, (x * 2 - 1)) % 7 = 4
2025-04-13 10:40:22 - INFO - Testing fragment: omega
2025-04-13 10:40:22 - INFO - Original error line:   rw [Finset.sum_sub_distrib, Finset.sum_mul]
2025-04-13 10:40:24 - INFO - Testing fix: Original errors: 1, Fixed errors: 1
2025-04-13 10:40:24 - INFO - Result: False (introduced 1 new errors)
2025-04-13 10:40:24 - DEBUG - === New errors detail ===
2025-04-13 10:40:24 - DEBUG - New Error 1: line 10, type: other_error, message: omega could not prove the goal:
a possible counterexample may satisfy the constraints
  0 ≤ a - 7*b ≤ 3
  a ≥ 0
where
 a := ↑(∑ x ∈ Finset.Icc 1 100, (2 * x - 1))
 b := ↑(∑ x ∈ Finset.Icc 1 100, (2 * x - 1)) / 7
2025-04-13 10:40:24 - INFO - Testing fragment: linarith
2025-04-13 10:40:24 - INFO - Original error line:   rw [Finset.sum_sub_distrib, Finset.sum_mul]
2025-04-13 10:40:26 - INFO - Testing fix: Original errors: 1, Fixed errors: 1
2025-04-13 10:40:26 - INFO - Result: False (introduced 1 new errors)
2025-04-13 10:40:26 - DEBUG - === New errors detail ===
2025-04-13 10:40:26 - DEBUG - New Error 1: line 10, type: linarith_failed, message: linarith failed to find a contradiction
case h1.h
v : ℕ → ℕ
h₀ : ∀ (n : ℕ), v n = 2 * n - 1
a✝ : (∑ x ∈ Finset.Icc 1 100, (2 * x - 1)) % 7 < 4
⊢ False
failed
2025-04-13 10:40:26 - INFO - Testing fragment: nlinarith
2025-04-13 10:40:26 - INFO - Original error line:   rw [Finset.sum_sub_distrib, Finset.sum_mul]
2025-04-13 10:40:28 - INFO - Testing fix: Original errors: 1, Fixed errors: 1
2025-04-13 10:40:28 - INFO - Result: False (introduced 1 new errors)
2025-04-13 10:40:28 - DEBUG - === New errors detail ===
2025-04-13 10:40:28 - DEBUG - New Error 1: line 10, type: linarith_failed, message: linarith failed to find a contradiction
case h1.h
v : ℕ → ℕ
h₀ : ∀ (n : ℕ), v n = 2 * n - 1
a✝ : (∑ x ∈ Finset.Icc 1 100, (2 * x - 1)) % 7 < 4
⊢ False
failed
2025-04-13 10:40:28 - INFO - Failed attempt time: 22.04 seconds
2025-04-13 10:40:28 - INFO - ❌ Could not generate fix for error at line 10
2025-04-13 10:40:29 - INFO - 
===== Fix attempt completed =====
2025-04-13 10:40:29 - INFO - Original errors: 1
2025-04-13 10:40:29 - INFO - Fixed errors: 0
2025-04-13 10:40:29 - INFO - Failed errors: 1
2025-04-13 10:40:29 - INFO - Remaining errors: 1
2025-04-13 10:40:29 - INFO - Total time: 24.05 seconds
2025-04-13 10:40:29 - INFO - 
Final fixed code:
2025-04-13 10:40:29 - INFO - ----------------------------------------
2025-04-13 10:40:29 - INFO - /-- Find the modulo $7$ remainder of the sum $1+3+5+7+9+\dots+195+197+199.$ Show that it is 4.-/
theorem mathd_numbertheory_109 (v : ℕ → ℕ) (h₀ : ∀ n, v n = 2 * n - 1) :
    (∑ k in Finset.Icc 1 100, v k) % 7 = 4 := by
  -- First, simplify the goal using the given definition of v
  simp [h₀]
  
  -- The sum becomes ∑(k=1 to 100) (2k - 1)
  -- We can split this into two separate sums:
  -- 2 * ∑(k=1 to 100) k - ∑(k=1 to 100) 1
  rw [Finset.sum_sub_distrib, Finset.sum_mul]
  
  -- Simplify known sums:
  -- ∑(k=1 to 100) k = 100*101/2 = 5050
  -- ∑(k=1 to 100) 1 = 100
  rw [Finset.sum_range_id, Finset.sum_const, Finset.card_range, smul_eq_mul, mul_one]
  
  -- Now the expression becomes 2 * 5050 - 100 = 10100 - 100 = 10000
  -- So we need to compute 10000 % 7
  
  -- Compute 10000 ÷ 7:
  -- 7 × 1428 = 9996
  -- 10000 - 9996 = 4
  -- Therefore 10000 ≡ 4 mod 7
  
  -- We can verify this computation in Lean:
  have h₁ : (2 * 5050 - 100) = 10000 := by norm_num
  rw [h₁]
  
  -- Compute 10000 % 7 directly
  norm_num
2025-04-13 10:40:29 - INFO - ----------------------------------------
2025-04-13 10:40:29 - INFO - 
Detailed error repair report:
2025-04-13 10:40:29 - INFO - Original code error count: 1
❌ Fixed error 1/1: Could not generate fix for error at line 10 «rewrite_failed» (after 22.04s)

=== Fix statistics ===
Original error count: 1
Fixed errors: 0 (Fix rate: 0.0000)
Failed errors: 1
Remaining errors: 1
Total time: 24.05 seconds

=== Failed fix details ===

Failed fix 1:
   Line: 10
   Error type: rewrite_failed
   Original error message: tactic 'rewrite' failed, did not find instance of the pattern in the target expression
  ∑ x ∈ ?m.21...
   Failure reason: Could not generate fix
   Time: 22.04 seconds
2025-04-13 10:40:29 - INFO - 
Fixed code saved to: /data/coding/minif2f/lean_fixed/41_fixed.lean
2025-04-13 10:40:29 - INFO - JSON log saved to: /data/coding/minif2f/lean_fixed/41_fix_log.json
2025-04-13 10:40:29 - INFO - 
===== LOG FILE LOCATION =====
2025-04-13 10:40:29 - INFO - Detailed log file is available at: /data/coding/minif2f/lean_fixed/41.log
2025-04-13 10:40:29 - INFO - ===============================
