2025-04-13 10:39:27 - INFO - Log file initialized at 2025-04-13T10:39:27.413808
2025-04-13 10:39:27 - INFO - ===== LOG FILE LOCATION =====
2025-04-13 10:39:27 - INFO - Detailed log file created at: ./minif2f/lean_fixed/42.log
2025-04-13 10:39:27 - INFO - ===============================
2025-04-13 10:39:27 - INFO - Original code:
2025-04-13 10:39:27 - INFO - ----------------------------------------
2025-04-13 10:39:27 - INFO - import Mathlib
import Aesop

set_option maxHeartbeats 0

open BigOperators Real Nat Topology Rat

/-- Let x, y, and z be integers. If $(x-y)^2 + (y-z)^2 + (z-x)^2 = xyz$, then $(x+y+z+6)$ divides $(x^3 + y^3 + z^3)$.-/
theorem algebra_xmysqpymzsqpzmxsqeqxyz_xpypzp6dvdx3y3z3 (x y z : ℤ)
  (h₀ : (x - y) ^ 2 + (y - z) ^ 2 + (z - x) ^ 2 = x * y * z) :
  x + y + z + 6 ∣ x ^ 3 + y ^ 3 + z ^ 3 := by
  -- First, we simplify the given equation by expanding the squares
  have h₁ : 2 * (x^2 + y^2 + z^2 - x*y - y*z - z*x) = x*y*z := by
    -- Expand each squared term in h₀
    rw [sub_pow, sub_pow, sub_pow] at h₀
    -- Simplify the equation by combining like terms
    ring_nf at h₀
    -- The left side becomes 2(x² + y² + z² - xy - yz - zx)
    rw [← h₀]
    ring

  -- Rewrite the divisibility condition in terms of (x + y + z)
  suffices x + y + z + 6 ∣ x^3 + y^3 + z^3 - 3*x*y*z by
    -- Since 3xyz can be expressed using h₁
    rw [show x^3 + y^3 + z^3 = (x + y + z)^3 - 3*(x + y + z)*(x*y + y*z + z*x) + 3*x*y*z by ring]
    -- The divisibility condition reduces to showing (x + y + z + 6) divides the expression
    simp [dvd_sub_right this]
    ring

  -- Now we focus on proving x + y + z + 6 divides x^3 + y^3 + z^3 - 3xyz
  -- Using the identity x^3 + y^3 + z^3 - 3xyz = (x + y + z)(x^2 + y^2 + z^2 - xy - yz - zx)
  rw [show x^3 + y^3 + z^3 - 3*x*y*z = (x + y + z) * (x^2 + y^2 + z^2 - x*y - y*z - z*x) by ring]
  
  -- From h₁, we can express x² + y² + z² - xy - yz - zx as (x*y*z)/2
  rw [← h₁, mul_div_cancel']
  -- Now we have (x + y + z) * (x*y*z)/2
  -- We need to show x + y + z + 6 divides this expression
  
  -- The key observation is that x, y, z must be even numbers
  have h₂ : Even (x*y*z) := by
    -- From h₁, x*y*z is twice an integer
    rw [← h₁]
    exact Even.mul_left 2 _
  
  -- Case analysis on the parity of x + y + z
  rcases Int.even_or_odd (x + y + z) with ⟨k, hk⟩ | ⟨k, hk⟩
  · -- Case 1: x + y + z is even
    -- Then x + y + z + 6 is even
    -- We can factor out 2 from both terms
    rw [hk, Int.add_mul, Int.mul_div_cancel_left _ (by norm_num : (2 : ℤ) ≠ 0)]
    -- Now we have 2 * (k + 3) divides (2 * k) * (x*y*z)/2 = k * (x*y*z)
    simp [mul_comm]
    -- Since x*y*z is even (h₂), and k + 3 divides k when k = -3, -2, -1, 0, 1, 2, 3
    -- This requires more detailed analysis of possible cases
    sorry -- This part would need more case analysis
    
  · -- Case 2: x + y + z is odd
    -- Then x + y + z + 6 is odd
    -- From h₂, x*y*z is even, so (x*y*z)/2 is integer
    -- We need to show the divisibility holds
    sorry -- This part would need more detailed analysis

  -- The proof would continue with more case analysis based on possible values,
  -- but this shows the general structure and key steps.
  -- The complete proof would involve:
  -- 1. Showing symmetry allows assuming x ≤ y ≤ z
  -- 2. Bounding possible values of x, y, z
  -- 3. Checking small integer cases
  -- 4. Showing no solutions exist beyond certain bounds
2025-04-13 10:39:27 - INFO - ----------------------------------------
2025-04-13 10:39:27 - INFO - 
Checking original code for all errors...
2025-04-13 10:40:05 - INFO - Original code contains 4 errors:
2025-04-13 10:40:05 - INFO - Error 1: line 8, type: unknown_identifier, message: unknown identifier 'sub_pow'...
2025-04-13 10:40:05 - INFO - Error 2: line 8, type: rewrite_failed, message: tactic 'rewrite' failed, equality or iff proof expected
  ?m.2689
x y z : ℤ
h₀ : (x - y) ^ 2 + (y - ...
2025-04-13 10:40:05 - INFO - Error 3: line 20, type: simp_failed, message: simp made no progress...
2025-04-13 10:40:05 - INFO - Error 4: line 28, type: rewrite_failed, message: tactic 'rewrite' failed, did not find instance of the pattern in the target expression
  x * y * z
x...
2025-04-13 10:40:05 - INFO - 
Starting multi-error continuous repair process...
2025-04-13 10:40:05 - INFO - 
===== Starting to fix all errors =====
2025-04-13 10:40:06 - INFO - 
Found 4 original errors:
2025-04-13 10:40:06 - INFO - Error 1: line 8, type: unknown_identifier, message: unknown identifier 'sub_pow'...
2025-04-13 10:40:06 - INFO - Error 2: line 8, type: rewrite_failed, message: tactic 'rewrite' failed, equality or iff proof expected
  ?m.2689
x y z : ℤ
h₀ : (x - y) ^ 2 + (y - ...
2025-04-13 10:40:06 - INFO - Error 3: line 20, type: simp_failed, message: simp made no progress...
2025-04-13 10:40:06 - INFO - Error 4: line 28, type: rewrite_failed, message: tactic 'rewrite' failed, did not find instance of the pattern in the target expression
  x * y * z
x...
2025-04-13 10:40:06 - INFO - 
Trying to fix error 1/4: line 8, type: unknown_identifier
2025-04-13 10:40:06 - INFO - Error message: unknown identifier 'sub_pow'...
2025-04-13 10:40:06 - INFO - Removed header content, remaining 62 lines of code
2025-04-13 10:40:06 - INFO - Using specified target error line: 8
2025-04-13 10:40:07 - INFO - Found error at specified line: unknown identifier 'sub_pow'
2025-04-13 10:40:07 - INFO - Error at line 8: unknown identifier 'sub_pow'
2025-04-13 10:40:07 - INFO - 
==================================================
2025-04-13 10:40:07 - INFO - Code prepared, starting synthesis
2025-04-13 10:40:07 - INFO - Before part: /-- Let x, y, and z be integers. If $(x-y)^2 + (y-z)^2 + (z-x)^2 = xyz$, then $(x+y+z+6)$ divides $(x^3 + y^3 + z^3)$.-/
theorem algebra_xmysqpymzsqpzmxsqeqxyz_xpypzp6dvdx3y3z3 (x y z : ℤ)
  (h₀ : (x - y) ^ 2 + (y - z) ^ 2 + (z - x) ^ 2 = x * y * z) :
  x + y + z + 6 ∣ x ^ 3 + y ^ 3 + z ^ 3 := by
  -- First, we simplify the given equation by expanding the squares
  have h₁ : 2 * (x^2 + y^2 + z^2 - x*y - y*z - z*x) = x*y*z := by
    -- Expand each squared term in h₀
2025-04-13 10:40:07 - INFO - Error line:     rw [sub_pow, sub_pow, sub_pow] at h₀
2025-04-13 10:40:07 - INFO - After part: -- Simplify the equation by combining like terms
    ring_nf at h₀
    -- The left side becomes 2(x² + y² + z² - xy - yz - zx)
    rw [← h₀]
    ring

  -- Rewrite the divisibility condition in terms of (x + y + z)
  suffices x + y + z + 6 ∣ x^3 + y^3 + z^3 - 3*x*y*z by
    -- Since 3xyz can be expressed using h₁
    rw [show x^3 + y^3 + z^3 = (x + y + z)^3 - 3*(x + y + z)*(x*y + y*z + z*x) + 3*x*y*z by ring]
    -- The divisibility condition reduces to showing (x + y + z + 6) divides the expression
    simp [dvd_sub_right this]
    ring

  -- Now we focus on proving x + y + z + 6 divides x^3 + y^3 + z^3 - 3xyz
  -- Using the identity x^3 + y^3 + z^3 - 3xyz = (x + y + z)(x^2 + y^2 + z^2 - xy - yz - zx)
  rw [show x^3 + y^3 + z^3 - 3*x*y*z = (x + y + z) * (x^2 + y^2 + z^2 - x*y - y*z - z*x) by ring]
  
  -- From h₁, we can express x² + y² + z² - xy - yz - zx as (x*y*z)/2
  rw [← h₁, mul_div_cancel']
  -- Now we have (x + y + z) * (x*y*z)/2
  -- We need to show x + y + z + 6 divides this expression
  
  -- The key observation is that x, y, z must be even numbers
  have h₂ : Even (x*y*z) := by
    -- From h₁, x*y*z is twice an integer
    rw [← h₁]
    exact Even.mul_left 2 _
  
  -- Case analysis on the parity of x + y + z
  rcases Int.even_or_odd (x + y + z) with ⟨k, hk⟩ | ⟨k, hk⟩
  · -- Case 1: x + y + z is even
    -- Then x + y + z + 6 is even
    -- We can factor out 2 from both terms
    rw [hk, Int.add_mul, Int.mul_div_cancel_left _ (by norm_num : (2 : ℤ) ≠ 0)]
    -- Now we have 2 * (k + 3) divides (2 * k) * (x*y*z)/2 = k * (x*y*z)
    simp [mul_comm]
    -- Since x*y*z is even (h₂), and k + 3 divides k when k = -3, -2, -1, 0, 1, 2, 3
    -- This requires more detailed analysis of possible cases
    sorry -- This part would need more case analysis
    
  · -- Case 2: x + y + z is odd
    -- Then x + y + z + 6 is odd
    -- From h₂, x*y*z is even, so (x*y*z)/2 is integer
    -- We need to show the divisibility holds
    sorry -- This part would need more detailed analysis

  -- The proof would continue with more case analysis based on possible values,
  -- but this shows the general structure and key steps.
  -- The complete proof would involve:
  -- 1. Showing symmetry allows assuming x ≤ y ≤ z
  -- 2. Bounding possible values of x, y, z
  -- 3. Checking small integer cases
  -- 4. Showing no solutions exist beyond certain bounds
2025-04-13 10:40:07 - INFO - ==================================================

2025-04-13 10:40:08 - INFO - Testing fragment: rw [justaplaceholder]
2025-04-13 10:40:08 - INFO - Original error line:     rw [sub_pow, sub_pow, sub_pow] at h₀
2025-04-13 10:40:10 - INFO - Testing fix: Original errors: 4, Fixed errors: 4
2025-04-13 10:40:10 - INFO - Result: False (introduced 2 new errors)
2025-04-13 10:40:10 - DEBUG - === New errors detail ===
2025-04-13 10:40:10 - DEBUG - New Error 1: line 8, type: unknown_identifier, message: unknown identifier 'justaplaceholder'
2025-04-13 10:40:10 - DEBUG - New Error 2: line 8, type: rewrite_failed, message: tactic 'rewrite' failed, equality or iff proof expected
  ?m.2689
x y z : ℤ
h₀ : (x - y) ^ 2 + (y - z) ^ 2 + (z - x) ^ 2 = x * y * z
⊢ 2 * (x ^ 2 + y ^ 2 + z ^ 2 - x * y - y * z - z * x) = x * y * z
2025-04-13 10:40:10 - INFO - Testing fragment: rw [<- justaplaceholder]
2025-04-13 10:40:10 - INFO - Original error line:     rw [sub_pow, sub_pow, sub_pow] at h₀
2025-04-13 10:40:12 - INFO - Testing fix: Original errors: 4, Fixed errors: 4
2025-04-13 10:40:12 - INFO - Result: False (introduced 2 new errors)
2025-04-13 10:40:12 - DEBUG - === New errors detail ===
2025-04-13 10:40:12 - DEBUG - New Error 1: line 8, type: unknown_identifier, message: unknown identifier 'justaplaceholder'
2025-04-13 10:40:12 - DEBUG - New Error 2: line 8, type: rewrite_failed, message: tactic 'rewrite' failed, equality or iff proof expected
  ?m.2689
x y z : ℤ
h₀ : (x - y) ^ 2 + (y - z) ^ 2 + (z - x) ^ 2 = x * y * z
⊢ 2 * (x ^ 2 + y ^ 2 + z ^ 2 - x * y - y * z - z * x) = x * y * z
2025-04-13 10:40:12 - INFO - Testing fragment: simp
2025-04-13 10:40:12 - INFO - Original error line:     rw [sub_pow, sub_pow, sub_pow] at h₀
2025-04-13 10:40:14 - INFO - Testing fix: Original errors: 4, Fixed errors: 3
2025-04-13 10:40:14 - INFO - Result: False (introduced 1 new errors)
2025-04-13 10:40:14 - DEBUG - === New errors detail ===
2025-04-13 10:40:14 - DEBUG - New Error 1: line 8, type: simp_failed, message: simp made no progress
2025-04-13 10:40:14 - INFO - Testing fragment: field_simp
2025-04-13 10:40:14 - INFO - Original error line:     rw [sub_pow, sub_pow, sub_pow] at h₀
2025-04-13 10:40:16 - INFO - Testing fix: Original errors: 4, Fixed errors: 3
2025-04-13 10:40:16 - INFO - Result: False (introduced 1 new errors)
2025-04-13 10:40:16 - DEBUG - === New errors detail ===
2025-04-13 10:40:16 - DEBUG - New Error 1: line 8, type: simp_failed, message: simp made no progress
2025-04-13 10:40:16 - INFO - Testing fragment: norm_num
2025-04-13 10:40:16 - INFO - Original error line:     rw [sub_pow, sub_pow, sub_pow] at h₀
2025-04-13 10:40:18 - INFO - Testing fix: Original errors: 4, Fixed errors: 2
2025-04-13 10:40:18 - INFO - Result: True (target error fixed and no new errors introduced)
2025-04-13 10:40:18 - DEBUG - === Original errors detail ===
2025-04-13 10:40:18 - DEBUG - Error 1: line 8, type: unknown_identifier, message: unknown identifier 'sub_pow'
2025-04-13 10:40:18 - DEBUG - Error 2: line 8, type: rewrite_failed, message: tactic 'rewrite' failed, equality or iff proof expected
  ?m.2689
x y z : ℤ
h₀ : (x - y) ^ 2 + (y - z) ^ 2 + (z - x) ^ 2 = x * y * z
⊢ 2 * (x ^ 2 + y ^ 2 + z ^ 2 - x * y - y * z - z * x) = x * y * z
2025-04-13 10:40:18 - DEBUG - Error 3: line 20, type: simp_failed, message: simp made no progress
2025-04-13 10:40:18 - DEBUG - Error 4: line 28, type: rewrite_failed, message: tactic 'rewrite' failed, did not find instance of the pattern in the target expression
  x * y * z
x y z : ℤ
h₀ : (x - y) ^ 2 + (y - z) ^ 2 + (z - x) ^ 2 = x * y * z
h₁ : 2 * (x ^ 2 + y ^ 2 + z ^ 2 - x * y - y * z - z * x) = x * y * z
⊢ x + y + z + 6 ∣ (x + y + z) * (x ^ 2 + y ^ 2 + z ^ 2 - x * y - y * z - z * x)
2025-04-13 10:40:18 - DEBUG - === Fixed code comparison ===
2025-04-13 10:40:18 - DEBUG - Line 8 changed:
2025-04-13 10:40:18 - DEBUG -   Original:     rw [sub_pow, sub_pow, sub_pow] at h₀
2025-04-13 10:40:18 - DEBUG -   Fixed:        norm_num
2025-04-13 10:40:18 - INFO - Found effective solution: norm_num
2025-04-13 10:40:18 - INFO - 
==================================================
2025-04-13 10:40:18 - INFO - Fixed code:
2025-04-13 10:40:18 - INFO - /-- Let x, y, and z be integers. If $(x-y)^2 + (y-z)^2 + (z-x)^2 = xyz$, then $(x+y+z+6)$ divides $(x^3 + y^3 + z^3)$.-/
theorem algebra_xmysqpymzsqpzmxsqeqxyz_xpypzp6dvdx3y3z3 (x y z : ℤ)
  (h₀ : (x - y) ^ 2 + (y - z) ^ 2 + (z - x) ^ 2 = x * y * z) :
  x + y + z + 6 ∣ x ^ 3 + y ^ 3 + z ^ 3 := by
  -- First, we simplify the given equation by expanding the squares
  have h₁ : 2 * (x^2 + y^2 + z^2 - x*y - y*z - z*x) = x*y*z := by
    -- Expand each squared term in h₀
    norm_num
    -- Simplify the equation by combining like terms
    ring_nf at h₀
    -- The left side becomes 2(x² + y² + z² - xy - yz - zx)
    rw [← h₀]
    ring

  -- Rewrite the divisibility condition in terms of (x + y + z)
  suffices x + y + z + 6 ∣ x^3 + y^3 + z^3 - 3*x*y*z by
    -- Since 3xyz can be expressed using h₁
    rw [show x^3 + y^3 + z^3 = (x + y + z)^3 - 3*(x + y + z)*(x*y + y*z + z*x) + 3*x*y*z by ring]
    -- The divisibility condition reduces to showing (x + y + z + 6) divides the expression
    simp [dvd_sub_right this]
    ring

  -- Now we focus on proving x + y + z + 6 divides x^3 + y^3 + z^3 - 3xyz
  -- Using the identity x^3 + y^3 + z^3 - 3xyz = (x + y + z)(x^2 + y^2 + z^2 - xy - yz - zx)
  rw [show x^3 + y^3 + z^3 - 3*x*y*z = (x + y + z) * (x^2 + y^2 + z^2 - x*y - y*z - z*x) by ring]
  
  -- From h₁, we can express x² + y² + z² - xy - yz - zx as (x*y*z)/2
  rw [← h₁, mul_div_cancel']
  -- Now we have (x + y + z) * (x*y*z)/2
  -- We need to show x + y + z + 6 divides this expression
  
  -- The key observation is that x, y, z must be even numbers
  have h₂ : Even (x*y*z) := by
    -- From h₁, x*y*z is twice an integer
    rw [← h₁]
    exact Even.mul_left 2 _
  
  -- Case analysis on the parity of x + y + z
  rcases Int.even_or_odd (x + y + z) with ⟨k, hk⟩ | ⟨k, hk⟩
  · -- Case 1: x + y + z is even
    -- Then x + y + z + 6 is even
    -- We can factor out 2 from both terms
    rw [hk, Int.add_mul, Int.mul_div_cancel_left _ (by norm_num : (2 : ℤ) ≠ 0)]
    -- Now we have 2 * (k + 3) divides (2 * k) * (x*y*z)/2 = k * (x*y*z)
    simp [mul_comm]
    -- Since x*y*z is even (h₂), and k + 3 divides k when k = -3, -2, -1, 0, 1, 2, 3
    -- This requires more detailed analysis of possible cases
    sorry -- This part would need more case analysis
    
  · -- Case 2: x + y + z is odd
    -- Then x + y + z + 6 is odd
    -- From h₂, x*y*z is even, so (x*y*z)/2 is integer
    -- We need to show the divisibility holds
    sorry -- This part would need more detailed analysis

  -- The proof would continue with more case analysis based on possible values,
  -- but this shows the general structure and key steps.
  -- The complete proof would involve:
  -- 1. Showing symmetry allows assuming x ≤ y ≤ z
  -- 2. Bounding possible values of x, y, z
  -- 3. Checking small integer cases
  -- 4. Showing no solutions exist beyond certain bounds
2025-04-13 10:40:18 - INFO - ==================================================
2025-04-13 10:40:20 - INFO - Original code error count: 4
2025-04-13 10:40:20 - INFO - Fixed code error count: 2
2025-04-13 10:40:20 - INFO - Result: True (target error fixed and no new errors introduced)
2025-04-13 10:40:20 - DEBUG - === Original errors detail ===
2025-04-13 10:40:20 - DEBUG - Error 1: line 8, type: unknown_identifier, message: unknown identifier 'sub_pow'
2025-04-13 10:40:20 - DEBUG - Error 2: line 8, type: rewrite_failed, message: tactic 'rewrite' failed, equality or iff proof expected
  ?m.2689
x y z : ℤ
h₀ : (x - y) ^ 2 + (y - z) ^ 2 + (z - x) ^ 2 = x * y * z
⊢ 2 * (x ^ 2 + y ^ 2 + z ^ 2 - x * y - y * z - z * x) = x * y * z
2025-04-13 10:40:20 - DEBUG - Error 3: line 20, type: simp_failed, message: simp made no progress
2025-04-13 10:40:20 - DEBUG - Error 4: line 28, type: rewrite_failed, message: tactic 'rewrite' failed, did not find instance of the pattern in the target expression
  x * y * z
x y z : ℤ
h₀ : (x - y) ^ 2 + (y - z) ^ 2 + (z - x) ^ 2 = x * y * z
h₁ : 2 * (x ^ 2 + y ^ 2 + z ^ 2 - x * y - y * z - z * x) = x * y * z
⊢ x + y + z + 6 ∣ (x + y + z) * (x ^ 2 + y ^ 2 + z ^ 2 - x * y - y * z - z * x)
2025-04-13 10:40:20 - DEBUG - === Fixed code comparison ===
2025-04-13 10:40:20 - DEBUG - Line 8 changed:
2025-04-13 10:40:20 - DEBUG -   Original:     rw [sub_pow, sub_pow, sub_pow] at h₀
2025-04-13 10:40:20 - DEBUG -   Fixed:        norm_num
2025-04-13 10:40:20 - INFO - 
==================================================
2025-04-13 10:40:20 - INFO - Synthesis successful
2025-04-13 10:40:20 - INFO - ==================================================
2025-04-13 10:40:20 - INFO - Fix time: 14.03 seconds
2025-04-13 10:40:20 - INFO - ✅ Fixed error at line 8
2025-04-13 10:40:20 - INFO - 
Trying to fix error 2/4: line 8, type: rewrite_failed
2025-04-13 10:40:20 - INFO - Error message: tactic 'rewrite' failed, equality or iff proof expected
  ?m.2689
x y z : ℤ
h₀ : (x - y) ^ 2 + (y - ...
2025-04-13 10:40:20 - INFO - Removed header content, remaining 62 lines of code
2025-04-13 10:40:20 - INFO - Using specified target error line: 8
2025-04-13 10:40:21 - INFO - Warning: No errors found at specified line 8
2025-04-13 10:40:22 - INFO - Automatically located error at line: 20
2025-04-13 10:40:22 - INFO - Error at line 20: simp made no progress
2025-04-13 10:40:22 - INFO - 
==================================================
2025-04-13 10:40:22 - INFO - Code prepared, starting synthesis
2025-04-13 10:40:22 - INFO - Before part: /-- Let x, y, and z be integers. If $(x-y)^2 + (y-z)^2 + (z-x)^2 = xyz$, then $(x+y+z+6)$ divides $(x^3 + y^3 + z^3)$.-/
theorem algebra_xmysqpymzsqpzmxsqeqxyz_xpypzp6dvdx3y3z3 (x y z : ℤ)
  (h₀ : (x - y) ^ 2 + (y - z) ^ 2 + (z - x) ^ 2 = x * y * z) :
  x + y + z + 6 ∣ x ^ 3 + y ^ 3 + z ^ 3 := by
  -- First, we simplify the given equation by expanding the squares
  have h₁ : 2 * (x^2 + y^2 + z^2 - x*y - y*z - z*x) = x*y*z := by
    -- Expand each squared term in h₀
    norm_num
    -- Simplify the equation by combining like terms
    ring_nf at h₀
    -- The left side becomes 2(x² + y² + z² - xy - yz - zx)
    rw [← h₀]
    ring

  -- Rewrite the divisibility condition in terms of (x + y + z)
  suffices x + y + z + 6 ∣ x^3 + y^3 + z^3 - 3*x*y*z by
    -- Since 3xyz can be expressed using h₁
    rw [show x^3 + y^3 + z^3 = (x + y + z)^3 - 3*(x + y + z)*(x*y + y*z + z*x) + 3*x*y*z by ring]
    -- The divisibility condition reduces to showing (x + y + z + 6) divides the expression
2025-04-13 10:40:22 - INFO - Error line:     simp [dvd_sub_right this]
2025-04-13 10:40:22 - INFO - After part: ring

  -- Now we focus on proving x + y + z + 6 divides x^3 + y^3 + z^3 - 3xyz
  -- Using the identity x^3 + y^3 + z^3 - 3xyz = (x + y + z)(x^2 + y^2 + z^2 - xy - yz - zx)
  rw [show x^3 + y^3 + z^3 - 3*x*y*z = (x + y + z) * (x^2 + y^2 + z^2 - x*y - y*z - z*x) by ring]
  
  -- From h₁, we can express x² + y² + z² - xy - yz - zx as (x*y*z)/2
  rw [← h₁, mul_div_cancel']
  -- Now we have (x + y + z) * (x*y*z)/2
  -- We need to show x + y + z + 6 divides this expression
  
  -- The key observation is that x, y, z must be even numbers
  have h₂ : Even (x*y*z) := by
    -- From h₁, x*y*z is twice an integer
    rw [← h₁]
    exact Even.mul_left 2 _
  
  -- Case analysis on the parity of x + y + z
  rcases Int.even_or_odd (x + y + z) with ⟨k, hk⟩ | ⟨k, hk⟩
  · -- Case 1: x + y + z is even
    -- Then x + y + z + 6 is even
    -- We can factor out 2 from both terms
    rw [hk, Int.add_mul, Int.mul_div_cancel_left _ (by norm_num : (2 : ℤ) ≠ 0)]
    -- Now we have 2 * (k + 3) divides (2 * k) * (x*y*z)/2 = k * (x*y*z)
    simp [mul_comm]
    -- Since x*y*z is even (h₂), and k + 3 divides k when k = -3, -2, -1, 0, 1, 2, 3
    -- This requires more detailed analysis of possible cases
    sorry -- This part would need more case analysis
    
  · -- Case 2: x + y + z is odd
    -- Then x + y + z + 6 is odd
    -- From h₂, x*y*z is even, so (x*y*z)/2 is integer
    -- We need to show the divisibility holds
    sorry -- This part would need more detailed analysis

  -- The proof would continue with more case analysis based on possible values,
  -- but this shows the general structure and key steps.
  -- The complete proof would involve:
  -- 1. Showing symmetry allows assuming x ≤ y ≤ z
  -- 2. Bounding possible values of x, y, z
  -- 3. Checking small integer cases
  -- 4. Showing no solutions exist beyond certain bounds
2025-04-13 10:40:22 - INFO - ==================================================

2025-04-13 10:40:23 - INFO - Testing fragment: rw [justaplaceholder]
2025-04-13 10:40:23 - INFO - Original error line:     simp [dvd_sub_right this]
2025-04-13 10:40:25 - INFO - Testing fix: Original errors: 2, Fixed errors: 3
2025-04-13 10:40:25 - INFO - Result: False (introduced 2 new errors)
2025-04-13 10:40:25 - DEBUG - === New errors detail ===
2025-04-13 10:40:25 - DEBUG - New Error 1: line 20, type: unknown_identifier, message: unknown identifier 'justaplaceholder'
2025-04-13 10:40:25 - DEBUG - New Error 2: line 20, type: rewrite_failed, message: tactic 'rewrite' failed, equality or iff proof expected
  ?m.11680
x y z : ℤ
h₀ : (x - y) ^ 2 + (y - z) ^ 2 + (z - x) ^ 2 = x * y * z
h₁ : 2 * (x ^ 2 + y ^ 2 + z ^ 2 - x * y - y * z - z * x) = x * y * z
this : x + y + z + 6 ∣ x ^ 3 + y ^ 3 + z ^ 3 - 3 * x * y * z
⊢ x + y + z + 6 ∣ (x + y + z) ^ 3 - 3 * (x + y + z) * (x * y + y * z + z * x) + 3 * x * y * z
2025-04-13 10:40:25 - INFO - Testing fragment: rw [<- justaplaceholder]
2025-04-13 10:40:25 - INFO - Original error line:     simp [dvd_sub_right this]
2025-04-13 10:40:27 - INFO - Testing fix: Original errors: 2, Fixed errors: 3
2025-04-13 10:40:27 - INFO - Result: False (introduced 2 new errors)
2025-04-13 10:40:27 - DEBUG - === New errors detail ===
2025-04-13 10:40:27 - DEBUG - New Error 1: line 20, type: unknown_identifier, message: unknown identifier 'justaplaceholder'
2025-04-13 10:40:27 - DEBUG - New Error 2: line 20, type: rewrite_failed, message: tactic 'rewrite' failed, equality or iff proof expected
  ?m.11680
x y z : ℤ
h₀ : (x - y) ^ 2 + (y - z) ^ 2 + (z - x) ^ 2 = x * y * z
h₁ : 2 * (x ^ 2 + y ^ 2 + z ^ 2 - x * y - y * z - z * x) = x * y * z
this : x + y + z + 6 ∣ x ^ 3 + y ^ 3 + z ^ 3 - 3 * x * y * z
⊢ x + y + z + 6 ∣ (x + y + z) ^ 3 - 3 * (x + y + z) * (x * y + y * z + z * x) + 3 * x * y * z
2025-04-13 10:40:27 - INFO - Testing fragment: simp
2025-04-13 10:40:27 - INFO - Original error line:     simp [dvd_sub_right this]
2025-04-13 10:40:29 - INFO - Testing fix: Original errors: 2, Fixed errors: 2
2025-04-13 10:40:29 - INFO - Result: False (introduced 1 new errors)
2025-04-13 10:40:29 - DEBUG - === New errors detail ===
2025-04-13 10:40:29 - DEBUG - New Error 1: line 20, type: simp_failed, message: simp made no progress
2025-04-13 10:40:29 - INFO - Testing fragment: field_simp
2025-04-13 10:40:29 - INFO - Original error line:     simp [dvd_sub_right this]
2025-04-13 10:40:31 - INFO - Testing fix: Original errors: 2, Fixed errors: 2
2025-04-13 10:40:31 - INFO - Result: False (introduced 1 new errors)
2025-04-13 10:40:31 - DEBUG - === New errors detail ===
2025-04-13 10:40:31 - DEBUG - New Error 1: line 20, type: simp_failed, message: simp made no progress
2025-04-13 10:40:31 - INFO - Testing fragment: norm_num
2025-04-13 10:40:31 - INFO - Original error line:     simp [dvd_sub_right this]
2025-04-13 10:40:33 - INFO - Testing fix: Original errors: 2, Fixed errors: 3
2025-04-13 10:40:33 - INFO - Result: False (introduced 2 new errors)
2025-04-13 10:40:33 - DEBUG - === New errors detail ===
2025-04-13 10:40:33 - DEBUG - New Error 1: line 21, type: ring_failed, message: Try this: ring_nf
2025-04-13 10:40:33 - DEBUG - New Error 2: line 16, type: other_error, message: unsolved goals
x y z : ℤ
h₀ : (x - y) ^ 2 + (y - z) ^ 2 + (z - x) ^ 2 = x * y * z
h₁ : 2 * (x ^ 2 + y ^ 2 + z ^ 2 - x * y - y * z - z * x) = x * y * z
this : x + y + z + 6 ∣ x ^ 3 + y ^ 3 + z ^ 3 - 3 * x * y * z
⊢ 6 + x + y + z ∣ x ^ 3 + y ^ 3 + z ^ 3
2025-04-13 10:40:33 - INFO - Testing fragment: ring
2025-04-13 10:40:33 - INFO - Original error line:     simp [dvd_sub_right this]
2025-04-13 10:40:35 - INFO - Testing fix: Original errors: 2, Fixed errors: 4
2025-04-13 10:40:35 - INFO - Result: False (introduced 3 new errors)
2025-04-13 10:40:35 - DEBUG - === New errors detail ===
2025-04-13 10:40:35 - DEBUG - New Error 1: line 20, type: ring_failed, message: Try this: ring_nf
2025-04-13 10:40:35 - DEBUG - New Error 2: line 21, type: ring_failed, message: Try this: ring_nf
2025-04-13 10:40:35 - DEBUG - New Error 3: line 16, type: other_error, message: unsolved goals
x y z : ℤ
h₀ : (x - y) ^ 2 + (y - z) ^ 2 + (z - x) ^ 2 = x * y * z
h₁ : 2 * (x ^ 2 + y ^ 2 + z ^ 2 - x * y - y * z - z * x) = x * y * z
this : x + y + z + 6 ∣ x ^ 3 + y ^ 3 + z ^ 3 - 3 * x * y * z
⊢ 6 + x + y + z ∣ x ^ 3 + y ^ 3 + z ^ 3
2025-04-13 10:40:35 - INFO - Testing fragment: ring_nf
2025-04-13 10:40:35 - INFO - Original error line:     simp [dvd_sub_right this]
2025-04-13 10:40:37 - INFO - Testing fix: Original errors: 2, Fixed errors: 3
2025-04-13 10:40:37 - INFO - Result: False (introduced 2 new errors)
2025-04-13 10:40:37 - DEBUG - === New errors detail ===
2025-04-13 10:40:37 - DEBUG - New Error 1: line 21, type: ring_failed, message: Try this: ring_nf
2025-04-13 10:40:37 - DEBUG - New Error 2: line 16, type: other_error, message: unsolved goals
x y z : ℤ
h₀ : (x - y) ^ 2 + (y - z) ^ 2 + (z - x) ^ 2 = x * y * z
h₁ : 2 * (x ^ 2 + y ^ 2 + z ^ 2 - x * y - y * z - z * x) = x * y * z
this : x + y + z + 6 ∣ x ^ 3 + y ^ 3 + z ^ 3 - 3 * x * y * z
⊢ 6 + x + y + z ∣ x ^ 3 + y ^ 3 + z ^ 3
2025-04-13 10:40:37 - INFO - Testing fragment: omega
2025-04-13 10:40:37 - INFO - Original error line:     simp [dvd_sub_right this]
2025-04-13 10:40:39 - INFO - Testing fix: Original errors: 2, Fixed errors: 2
2025-04-13 10:40:39 - INFO - Result: False (introduced 1 new errors)
2025-04-13 10:40:39 - DEBUG - === New errors detail ===
2025-04-13 10:40:39 - DEBUG - New Error 1: line 20, type: other_error, message: omega could not prove the goal:
No usable constraints found. You may need to unfold definitions so `omega` can see linear arithmetic facts about `Nat` and `Int`, which may also involve multiplication, division, and modular remainder by constants.
2025-04-13 10:40:39 - INFO - Testing fragment: linarith
2025-04-13 10:40:39 - INFO - Original error line:     simp [dvd_sub_right this]
2025-04-13 10:40:41 - INFO - Testing fix: Original errors: 2, Fixed errors: 2
2025-04-13 10:40:41 - INFO - Result: False (introduced 1 new errors)
2025-04-13 10:40:41 - DEBUG - === New errors detail ===
2025-04-13 10:40:41 - DEBUG - New Error 1: line 20, type: linarith_failed, message: linarith failed to find a contradiction
x y z : ℤ
h₀ : (x - y) ^ 2 + (y - z) ^ 2 + (z - x) ^ 2 = x * y * z
h₁ : 2 * (x ^ 2 + y ^ 2 + z ^ 2 - x * y - y * z - z * x) = x * y * z
this : x + y + z + 6 ∣ x ^ 3 + y ^ 3 + z ^ 3 - 3 * x * y * z
⊢ False
failed
2025-04-13 10:40:41 - INFO - Testing fragment: nlinarith
2025-04-13 10:40:41 - INFO - Original error line:     simp [dvd_sub_right this]
2025-04-13 10:40:43 - INFO - Testing fix: Original errors: 2, Fixed errors: 2
2025-04-13 10:40:43 - INFO - Result: False (introduced 1 new errors)
2025-04-13 10:40:43 - DEBUG - === New errors detail ===
2025-04-13 10:40:43 - DEBUG - New Error 1: line 20, type: linarith_failed, message: linarith failed to find a contradiction
x y z : ℤ
h₀ : (x - y) ^ 2 + (y - z) ^ 2 + (z - x) ^ 2 = x * y * z
h₁ : 2 * (x ^ 2 + y ^ 2 + z ^ 2 - x * y - y * z - z * x) = x * y * z
this : x + y + z + 6 ∣ x ^ 3 + y ^ 3 + z ^ 3 - 3 * x * y * z
⊢ False
failed
2025-04-13 10:40:43 - INFO - Failed attempt time: 23.04 seconds
2025-04-13 10:40:43 - INFO - ❌ Could not generate fix for error at line 8
2025-04-13 10:40:43 - INFO - 
Trying to fix error 3/4: line 20, type: simp_failed
2025-04-13 10:40:43 - INFO - Error message: simp made no progress...
2025-04-13 10:40:43 - INFO - Removed header content, remaining 62 lines of code
2025-04-13 10:40:43 - INFO - Using specified target error line: 20
2025-04-13 10:40:44 - INFO - Found error at specified line: simp made no progress
2025-04-13 10:40:44 - INFO - Error at line 20: simp made no progress
2025-04-13 10:40:44 - INFO - 
==================================================
2025-04-13 10:40:44 - INFO - Code prepared, starting synthesis
2025-04-13 10:40:44 - INFO - Before part: /-- Let x, y, and z be integers. If $(x-y)^2 + (y-z)^2 + (z-x)^2 = xyz$, then $(x+y+z+6)$ divides $(x^3 + y^3 + z^3)$.-/
theorem algebra_xmysqpymzsqpzmxsqeqxyz_xpypzp6dvdx3y3z3 (x y z : ℤ)
  (h₀ : (x - y) ^ 2 + (y - z) ^ 2 + (z - x) ^ 2 = x * y * z) :
  x + y + z + 6 ∣ x ^ 3 + y ^ 3 + z ^ 3 := by
  -- First, we simplify the given equation by expanding the squares
  have h₁ : 2 * (x^2 + y^2 + z^2 - x*y - y*z - z*x) = x*y*z := by
    -- Expand each squared term in h₀
    norm_num
    -- Simplify the equation by combining like terms
    ring_nf at h₀
    -- The left side becomes 2(x² + y² + z² - xy - yz - zx)
    rw [← h₀]
    ring

  -- Rewrite the divisibility condition in terms of (x + y + z)
  suffices x + y + z + 6 ∣ x^3 + y^3 + z^3 - 3*x*y*z by
    -- Since 3xyz can be expressed using h₁
    rw [show x^3 + y^3 + z^3 = (x + y + z)^3 - 3*(x + y + z)*(x*y + y*z + z*x) + 3*x*y*z by ring]
    -- The divisibility condition reduces to showing (x + y + z + 6) divides the expression
2025-04-13 10:40:44 - INFO - Error line:     simp [dvd_sub_right this]
2025-04-13 10:40:44 - INFO - After part: ring

  -- Now we focus on proving x + y + z + 6 divides x^3 + y^3 + z^3 - 3xyz
  -- Using the identity x^3 + y^3 + z^3 - 3xyz = (x + y + z)(x^2 + y^2 + z^2 - xy - yz - zx)
  rw [show x^3 + y^3 + z^3 - 3*x*y*z = (x + y + z) * (x^2 + y^2 + z^2 - x*y - y*z - z*x) by ring]
  
  -- From h₁, we can express x² + y² + z² - xy - yz - zx as (x*y*z)/2
  rw [← h₁, mul_div_cancel']
  -- Now we have (x + y + z) * (x*y*z)/2
  -- We need to show x + y + z + 6 divides this expression
  
  -- The key observation is that x, y, z must be even numbers
  have h₂ : Even (x*y*z) := by
    -- From h₁, x*y*z is twice an integer
    rw [← h₁]
    exact Even.mul_left 2 _
  
  -- Case analysis on the parity of x + y + z
  rcases Int.even_or_odd (x + y + z) with ⟨k, hk⟩ | ⟨k, hk⟩
  · -- Case 1: x + y + z is even
    -- Then x + y + z + 6 is even
    -- We can factor out 2 from both terms
    rw [hk, Int.add_mul, Int.mul_div_cancel_left _ (by norm_num : (2 : ℤ) ≠ 0)]
    -- Now we have 2 * (k + 3) divides (2 * k) * (x*y*z)/2 = k * (x*y*z)
    simp [mul_comm]
    -- Since x*y*z is even (h₂), and k + 3 divides k when k = -3, -2, -1, 0, 1, 2, 3
    -- This requires more detailed analysis of possible cases
    sorry -- This part would need more case analysis
    
  · -- Case 2: x + y + z is odd
    -- Then x + y + z + 6 is odd
    -- From h₂, x*y*z is even, so (x*y*z)/2 is integer
    -- We need to show the divisibility holds
    sorry -- This part would need more detailed analysis

  -- The proof would continue with more case analysis based on possible values,
  -- but this shows the general structure and key steps.
  -- The complete proof would involve:
  -- 1. Showing symmetry allows assuming x ≤ y ≤ z
  -- 2. Bounding possible values of x, y, z
  -- 3. Checking small integer cases
  -- 4. Showing no solutions exist beyond certain bounds
2025-04-13 10:40:44 - INFO - ==================================================

2025-04-13 10:40:45 - INFO - Testing fragment: rw [justaplaceholder]
2025-04-13 10:40:45 - INFO - Original error line:     simp [dvd_sub_right this]
2025-04-13 10:40:47 - INFO - Testing fix: Original errors: 2, Fixed errors: 3
2025-04-13 10:40:47 - INFO - Result: False (introduced 2 new errors)
2025-04-13 10:40:47 - DEBUG - === New errors detail ===
2025-04-13 10:40:47 - DEBUG - New Error 1: line 20, type: unknown_identifier, message: unknown identifier 'justaplaceholder'
2025-04-13 10:40:47 - DEBUG - New Error 2: line 20, type: rewrite_failed, message: tactic 'rewrite' failed, equality or iff proof expected
  ?m.11680
x y z : ℤ
h₀ : (x - y) ^ 2 + (y - z) ^ 2 + (z - x) ^ 2 = x * y * z
h₁ : 2 * (x ^ 2 + y ^ 2 + z ^ 2 - x * y - y * z - z * x) = x * y * z
this : x + y + z + 6 ∣ x ^ 3 + y ^ 3 + z ^ 3 - 3 * x * y * z
⊢ x + y + z + 6 ∣ (x + y + z) ^ 3 - 3 * (x + y + z) * (x * y + y * z + z * x) + 3 * x * y * z
2025-04-13 10:40:47 - INFO - Testing fragment: rw [<- justaplaceholder]
2025-04-13 10:40:47 - INFO - Original error line:     simp [dvd_sub_right this]
2025-04-13 10:40:49 - INFO - Testing fix: Original errors: 2, Fixed errors: 3
2025-04-13 10:40:49 - INFO - Result: False (introduced 2 new errors)
2025-04-13 10:40:49 - DEBUG - === New errors detail ===
2025-04-13 10:40:49 - DEBUG - New Error 1: line 20, type: unknown_identifier, message: unknown identifier 'justaplaceholder'
2025-04-13 10:40:49 - DEBUG - New Error 2: line 20, type: rewrite_failed, message: tactic 'rewrite' failed, equality or iff proof expected
  ?m.11680
x y z : ℤ
h₀ : (x - y) ^ 2 + (y - z) ^ 2 + (z - x) ^ 2 = x * y * z
h₁ : 2 * (x ^ 2 + y ^ 2 + z ^ 2 - x * y - y * z - z * x) = x * y * z
this : x + y + z + 6 ∣ x ^ 3 + y ^ 3 + z ^ 3 - 3 * x * y * z
⊢ x + y + z + 6 ∣ (x + y + z) ^ 3 - 3 * (x + y + z) * (x * y + y * z + z * x) + 3 * x * y * z
2025-04-13 10:40:49 - INFO - Testing fragment: simp
2025-04-13 10:40:49 - INFO - Original error line:     simp [dvd_sub_right this]
2025-04-13 10:40:51 - INFO - Testing fix: Original errors: 2, Fixed errors: 2
2025-04-13 10:40:51 - INFO - Result: False (introduced 1 new errors)
2025-04-13 10:40:51 - DEBUG - === New errors detail ===
2025-04-13 10:40:51 - DEBUG - New Error 1: line 20, type: simp_failed, message: simp made no progress
2025-04-13 10:40:51 - INFO - Testing fragment: field_simp
2025-04-13 10:40:51 - INFO - Original error line:     simp [dvd_sub_right this]
2025-04-13 10:40:53 - INFO - Testing fix: Original errors: 2, Fixed errors: 2
2025-04-13 10:40:53 - INFO - Result: False (introduced 1 new errors)
2025-04-13 10:40:53 - DEBUG - === New errors detail ===
2025-04-13 10:40:53 - DEBUG - New Error 1: line 20, type: simp_failed, message: simp made no progress
2025-04-13 10:40:53 - INFO - Testing fragment: norm_num
2025-04-13 10:40:53 - INFO - Original error line:     simp [dvd_sub_right this]
2025-04-13 10:40:55 - INFO - Testing fix: Original errors: 2, Fixed errors: 3
2025-04-13 10:40:55 - INFO - Result: False (introduced 2 new errors)
2025-04-13 10:40:55 - DEBUG - === New errors detail ===
2025-04-13 10:40:55 - DEBUG - New Error 1: line 21, type: ring_failed, message: Try this: ring_nf
2025-04-13 10:40:55 - DEBUG - New Error 2: line 16, type: other_error, message: unsolved goals
x y z : ℤ
h₀ : (x - y) ^ 2 + (y - z) ^ 2 + (z - x) ^ 2 = x * y * z
h₁ : 2 * (x ^ 2 + y ^ 2 + z ^ 2 - x * y - y * z - z * x) = x * y * z
this : x + y + z + 6 ∣ x ^ 3 + y ^ 3 + z ^ 3 - 3 * x * y * z
⊢ 6 + x + y + z ∣ x ^ 3 + y ^ 3 + z ^ 3
2025-04-13 10:40:55 - INFO - Testing fragment: ring
2025-04-13 10:40:55 - INFO - Original error line:     simp [dvd_sub_right this]
2025-04-13 10:40:57 - INFO - Testing fix: Original errors: 2, Fixed errors: 4
2025-04-13 10:40:57 - INFO - Result: False (introduced 3 new errors)
2025-04-13 10:40:57 - DEBUG - === New errors detail ===
2025-04-13 10:40:57 - DEBUG - New Error 1: line 20, type: ring_failed, message: Try this: ring_nf
2025-04-13 10:40:57 - DEBUG - New Error 2: line 21, type: ring_failed, message: Try this: ring_nf
2025-04-13 10:40:57 - DEBUG - New Error 3: line 16, type: other_error, message: unsolved goals
x y z : ℤ
h₀ : (x - y) ^ 2 + (y - z) ^ 2 + (z - x) ^ 2 = x * y * z
h₁ : 2 * (x ^ 2 + y ^ 2 + z ^ 2 - x * y - y * z - z * x) = x * y * z
this : x + y + z + 6 ∣ x ^ 3 + y ^ 3 + z ^ 3 - 3 * x * y * z
⊢ 6 + x + y + z ∣ x ^ 3 + y ^ 3 + z ^ 3
2025-04-13 10:40:57 - INFO - Testing fragment: ring_nf
2025-04-13 10:40:57 - INFO - Original error line:     simp [dvd_sub_right this]
2025-04-13 10:40:59 - INFO - Testing fix: Original errors: 2, Fixed errors: 3
2025-04-13 10:40:59 - INFO - Result: False (introduced 2 new errors)
2025-04-13 10:40:59 - DEBUG - === New errors detail ===
2025-04-13 10:40:59 - DEBUG - New Error 1: line 21, type: ring_failed, message: Try this: ring_nf
2025-04-13 10:40:59 - DEBUG - New Error 2: line 16, type: other_error, message: unsolved goals
x y z : ℤ
h₀ : (x - y) ^ 2 + (y - z) ^ 2 + (z - x) ^ 2 = x * y * z
h₁ : 2 * (x ^ 2 + y ^ 2 + z ^ 2 - x * y - y * z - z * x) = x * y * z
this : x + y + z + 6 ∣ x ^ 3 + y ^ 3 + z ^ 3 - 3 * x * y * z
⊢ 6 + x + y + z ∣ x ^ 3 + y ^ 3 + z ^ 3
2025-04-13 10:40:59 - INFO - Testing fragment: omega
2025-04-13 10:40:59 - INFO - Original error line:     simp [dvd_sub_right this]
2025-04-13 10:41:01 - INFO - Testing fix: Original errors: 2, Fixed errors: 2
2025-04-13 10:41:01 - INFO - Result: False (introduced 1 new errors)
2025-04-13 10:41:01 - DEBUG - === New errors detail ===
2025-04-13 10:41:01 - DEBUG - New Error 1: line 20, type: other_error, message: omega could not prove the goal:
No usable constraints found. You may need to unfold definitions so `omega` can see linear arithmetic facts about `Nat` and `Int`, which may also involve multiplication, division, and modular remainder by constants.
2025-04-13 10:41:01 - INFO - Testing fragment: linarith
2025-04-13 10:41:01 - INFO - Original error line:     simp [dvd_sub_right this]
2025-04-13 10:41:03 - INFO - Testing fix: Original errors: 2, Fixed errors: 2
2025-04-13 10:41:03 - INFO - Result: False (introduced 1 new errors)
2025-04-13 10:41:03 - DEBUG - === New errors detail ===
2025-04-13 10:41:03 - DEBUG - New Error 1: line 20, type: linarith_failed, message: linarith failed to find a contradiction
x y z : ℤ
h₀ : (x - y) ^ 2 + (y - z) ^ 2 + (z - x) ^ 2 = x * y * z
h₁ : 2 * (x ^ 2 + y ^ 2 + z ^ 2 - x * y - y * z - z * x) = x * y * z
this : x + y + z + 6 ∣ x ^ 3 + y ^ 3 + z ^ 3 - 3 * x * y * z
⊢ False
failed
2025-04-13 10:41:03 - INFO - Testing fragment: nlinarith
2025-04-13 10:41:03 - INFO - Original error line:     simp [dvd_sub_right this]
2025-04-13 10:41:05 - INFO - Testing fix: Original errors: 2, Fixed errors: 2
2025-04-13 10:41:05 - INFO - Result: False (introduced 1 new errors)
2025-04-13 10:41:05 - DEBUG - === New errors detail ===
2025-04-13 10:41:05 - DEBUG - New Error 1: line 20, type: linarith_failed, message: linarith failed to find a contradiction
x y z : ℤ
h₀ : (x - y) ^ 2 + (y - z) ^ 2 + (z - x) ^ 2 = x * y * z
h₁ : 2 * (x ^ 2 + y ^ 2 + z ^ 2 - x * y - y * z - z * x) = x * y * z
this : x + y + z + 6 ∣ x ^ 3 + y ^ 3 + z ^ 3 - 3 * x * y * z
⊢ False
failed
2025-04-13 10:41:05 - INFO - Failed attempt time: 22.04 seconds
2025-04-13 10:41:05 - INFO - ❌ Could not generate fix for error at line 20
2025-04-13 10:41:05 - INFO - 
Trying to fix error 4/4: line 28, type: rewrite_failed
2025-04-13 10:41:05 - INFO - Error message: tactic 'rewrite' failed, did not find instance of the pattern in the target expression
  x * y * z
x...
2025-04-13 10:41:05 - INFO - Removed header content, remaining 62 lines of code
2025-04-13 10:41:05 - INFO - Using specified target error line: 28
2025-04-13 10:41:06 - INFO - Found error at specified line: tactic 'rewrite' failed, did not find instance of the pattern in the target expression
  x * y * z
x y z : ℤ
h₀ : (x - y) ^ 2 + (y - z) ^ 2 + (z - x) ^ 2 = x * y * z
h₁ : 2 * (x ^ 2 + y ^ 2 + z ^ 2 - x * y - y * z - z * x) = x * y * z
⊢ x + y + z + 6 ∣ (x + y + z) * (x ^ 2 + y ^ 2 + z ^ 2 - x * y - y * z - z * x)
2025-04-13 10:41:06 - INFO - Error at line 28: tactic 'rewrite' failed, did not find instance of the pattern in the target expression
  x * y * z
x y z : ℤ
h₀ : (x - y) ^ 2 + (y - z) ^ 2 + (z - x) ^ 2 = x * y * z
h₁ : 2 * (x ^ 2 + y ^ 2 + z ^ 2 - x * y - y * z - z * x) = x * y * z
⊢ x + y + z + 6 ∣ (x + y + z) * (x ^ 2 + y ^ 2 + z ^ 2 - x * y - y * z - z * x)
2025-04-13 10:41:06 - INFO - 
==================================================
2025-04-13 10:41:06 - INFO - Code prepared, starting synthesis
2025-04-13 10:41:06 - INFO - Before part: /-- Let x, y, and z be integers. If $(x-y)^2 + (y-z)^2 + (z-x)^2 = xyz$, then $(x+y+z+6)$ divides $(x^3 + y^3 + z^3)$.-/
theorem algebra_xmysqpymzsqpzmxsqeqxyz_xpypzp6dvdx3y3z3 (x y z : ℤ)
  (h₀ : (x - y) ^ 2 + (y - z) ^ 2 + (z - x) ^ 2 = x * y * z) :
  x + y + z + 6 ∣ x ^ 3 + y ^ 3 + z ^ 3 := by
  -- First, we simplify the given equation by expanding the squares
  have h₁ : 2 * (x^2 + y^2 + z^2 - x*y - y*z - z*x) = x*y*z := by
    -- Expand each squared term in h₀
    norm_num
    -- Simplify the equation by combining like terms
    ring_nf at h₀
    -- The left side becomes 2(x² + y² + z² - xy - yz - zx)
    rw [← h₀]
    ring

  -- Rewrite the divisibility condition in terms of (x + y + z)
  suffices x + y + z + 6 ∣ x^3 + y^3 + z^3 - 3*x*y*z by
    -- Since 3xyz can be expressed using h₁
    rw [show x^3 + y^3 + z^3 = (x + y + z)^3 - 3*(x + y + z)*(x*y + y*z + z*x) + 3*x*y*z by ring]
    -- The divisibility condition reduces to showing (x + y + z + 6) divides the expression
    simp [dvd_sub_right this]
    ring

  -- Now we focus on proving x + y + z + 6 divides x^3 + y^3 + z^3 - 3xyz
  -- Using the identity x^3 + y^3 + z^3 - 3xyz = (x + y + z)(x^2 + y^2 + z^2 - xy - yz - zx)
  rw [show x^3 + y^3 + z^3 - 3*x*y*z = (x + y + z) * (x^2 + y^2 + z^2 - x*y - y*z - z*x) by ring]
  
  -- From h₁, we can express x² + y² + z² - xy - yz - zx as (x*y*z)/2
2025-04-13 10:41:06 - INFO - Error line:   rw [← h₁, mul_div_cancel']
2025-04-13 10:41:06 - INFO - After part: -- Now we have (x + y + z) * (x*y*z)/2
  -- We need to show x + y + z + 6 divides this expression
  
  -- The key observation is that x, y, z must be even numbers
  have h₂ : Even (x*y*z) := by
    -- From h₁, x*y*z is twice an integer
    rw [← h₁]
    exact Even.mul_left 2 _
  
  -- Case analysis on the parity of x + y + z
  rcases Int.even_or_odd (x + y + z) with ⟨k, hk⟩ | ⟨k, hk⟩
  · -- Case 1: x + y + z is even
    -- Then x + y + z + 6 is even
    -- We can factor out 2 from both terms
    rw [hk, Int.add_mul, Int.mul_div_cancel_left _ (by norm_num : (2 : ℤ) ≠ 0)]
    -- Now we have 2 * (k + 3) divides (2 * k) * (x*y*z)/2 = k * (x*y*z)
    simp [mul_comm]
    -- Since x*y*z is even (h₂), and k + 3 divides k when k = -3, -2, -1, 0, 1, 2, 3
    -- This requires more detailed analysis of possible cases
    sorry -- This part would need more case analysis
    
  · -- Case 2: x + y + z is odd
    -- Then x + y + z + 6 is odd
    -- From h₂, x*y*z is even, so (x*y*z)/2 is integer
    -- We need to show the divisibility holds
    sorry -- This part would need more detailed analysis

  -- The proof would continue with more case analysis based on possible values,
  -- but this shows the general structure and key steps.
  -- The complete proof would involve:
  -- 1. Showing symmetry allows assuming x ≤ y ≤ z
  -- 2. Bounding possible values of x, y, z
  -- 3. Checking small integer cases
  -- 4. Showing no solutions exist beyond certain bounds
2025-04-13 10:41:06 - INFO - ==================================================

2025-04-13 10:41:07 - INFO - Testing fragment: rw [justaplaceholder]
2025-04-13 10:41:07 - INFO - Original error line:   rw [← h₁, mul_div_cancel']
2025-04-13 10:41:09 - INFO - Testing fix: Original errors: 2, Fixed errors: 3
2025-04-13 10:41:09 - INFO - Result: False (introduced 2 new errors)
2025-04-13 10:41:09 - DEBUG - === New errors detail ===
2025-04-13 10:41:09 - DEBUG - New Error 1: line 28, type: unknown_identifier, message: unknown identifier 'justaplaceholder'
2025-04-13 10:41:09 - DEBUG - New Error 2: line 28, type: rewrite_failed, message: tactic 'rewrite' failed, equality or iff proof expected
  ?m.17636
x y z : ℤ
h₀ : (x - y) ^ 2 + (y - z) ^ 2 + (z - x) ^ 2 = x * y * z
h₁ : 2 * (x ^ 2 + y ^ 2 + z ^ 2 - x * y - y * z - z * x) = x * y * z
⊢ x + y + z + 6 ∣ (x + y + z) * (x ^ 2 + y ^ 2 + z ^ 2 - x * y - y * z - z * x)
2025-04-13 10:41:09 - INFO - Testing fragment: rw [<- justaplaceholder]
2025-04-13 10:41:09 - INFO - Original error line:   rw [← h₁, mul_div_cancel']
2025-04-13 10:41:11 - INFO - Testing fix: Original errors: 2, Fixed errors: 3
2025-04-13 10:41:11 - INFO - Result: False (introduced 2 new errors)
2025-04-13 10:41:11 - DEBUG - === New errors detail ===
2025-04-13 10:41:11 - DEBUG - New Error 1: line 28, type: unknown_identifier, message: unknown identifier 'justaplaceholder'
2025-04-13 10:41:11 - DEBUG - New Error 2: line 28, type: rewrite_failed, message: tactic 'rewrite' failed, equality or iff proof expected
  ?m.17636
x y z : ℤ
h₀ : (x - y) ^ 2 + (y - z) ^ 2 + (z - x) ^ 2 = x * y * z
h₁ : 2 * (x ^ 2 + y ^ 2 + z ^ 2 - x * y - y * z - z * x) = x * y * z
⊢ x + y + z + 6 ∣ (x + y + z) * (x ^ 2 + y ^ 2 + z ^ 2 - x * y - y * z - z * x)
2025-04-13 10:41:11 - INFO - Testing fragment: simp
2025-04-13 10:41:11 - INFO - Original error line:   rw [← h₁, mul_div_cancel']
2025-04-13 10:41:13 - INFO - Testing fix: Original errors: 2, Fixed errors: 2
2025-04-13 10:41:13 - INFO - Result: False (introduced 1 new errors)
2025-04-13 10:41:13 - DEBUG - === New errors detail ===
2025-04-13 10:41:13 - DEBUG - New Error 1: line 28, type: simp_failed, message: simp made no progress
2025-04-13 10:41:13 - INFO - Testing fragment: field_simp
2025-04-13 10:41:13 - INFO - Original error line:   rw [← h₁, mul_div_cancel']
2025-04-13 10:41:15 - INFO - Testing fix: Original errors: 2, Fixed errors: 2
2025-04-13 10:41:15 - INFO - Result: False (introduced 1 new errors)
2025-04-13 10:41:15 - DEBUG - === New errors detail ===
2025-04-13 10:41:15 - DEBUG - New Error 1: line 28, type: simp_failed, message: simp made no progress
2025-04-13 10:41:15 - INFO - Testing fragment: norm_num
2025-04-13 10:41:15 - INFO - Original error line:   rw [← h₁, mul_div_cancel']
2025-04-13 10:41:17 - INFO - Testing fix: Original errors: 2, Fixed errors: 3
2025-04-13 10:41:17 - INFO - Result: False (introduced 2 new errors)
2025-04-13 10:41:17 - DEBUG - === New errors detail ===
2025-04-13 10:41:17 - DEBUG - New Error 1: line 36, type: other_error, message: numerals are data in Lean, but the expected type is a proposition
  Even ?m.27978 : Prop
2025-04-13 10:41:17 - DEBUG - New Error 2: line 43, type: rewrite_failed, message: tactic 'rewrite' failed, did not find instance of the pattern in the target expression
  (2 * ?m.28288).div 2
case inl.intro
x y z : ℤ
h₀ : (x - y) ^ 2 + (y - z) ^ 2 + (z - x) ^ 2 = x * y * z
h₁ : 2 * (x ^ 2 + y ^ 2 + z ^ 2 - x * y - y * z - z * x) = x * y * z
h₂ : Even (x * y * z)
k : ℤ
hk : x + y + z = k + k
⊢ k + k + 6 ∣ k * (x ^ 2 + y ^ 2 + z ^ 2 - x * y - y * z - z * x) + k * (x ^ 2 + y ^ 2 + z ^ 2 - x * y - y * z - z * x)
2025-04-13 10:41:17 - INFO - Testing fragment: ring
2025-04-13 10:41:17 - INFO - Original error line:   rw [← h₁, mul_div_cancel']
2025-04-13 10:41:19 - INFO - Testing fix: Original errors: 2, Fixed errors: 4
2025-04-13 10:41:19 - INFO - Result: False (introduced 3 new errors)
2025-04-13 10:41:19 - DEBUG - === New errors detail ===
2025-04-13 10:41:19 - DEBUG - New Error 1: line 28, type: ring_failed, message: Try this: ring_nf
2025-04-13 10:41:19 - DEBUG - New Error 2: line 36, type: other_error, message: numerals are data in Lean, but the expected type is a proposition
  Even ?m.19225 : Prop
2025-04-13 10:41:19 - DEBUG - New Error 3: line 43, type: rewrite_failed, message: tactic 'rewrite' failed, did not find instance of the pattern in the target expression
  x + y + z
case inl.intro
x y z : ℤ
h₀ : (x - y) ^ 2 + (y - z) ^ 2 + (z - x) ^ 2 = x * y * z
h₁ : 2 * (x ^ 2 + y ^ 2 + z ^ 2 - x * y - y * z - z * x) = x * y * z
h₂ : Even (x * y * z)
k : ℤ
hk : x + y + z = k + k
⊢ 6 + x + y + z ∣ -(x * y * z * 3) + x ^ 3 + y ^ 3 + z ^ 3
2025-04-13 10:41:19 - INFO - Testing fragment: ring_nf
2025-04-13 10:41:19 - INFO - Original error line:   rw [← h₁, mul_div_cancel']
2025-04-13 10:41:21 - INFO - Testing fix: Original errors: 2, Fixed errors: 3
2025-04-13 10:41:21 - INFO - Result: False (introduced 2 new errors)
2025-04-13 10:41:21 - DEBUG - === New errors detail ===
2025-04-13 10:41:21 - DEBUG - New Error 1: line 36, type: other_error, message: numerals are data in Lean, but the expected type is a proposition
  Even ?m.19225 : Prop
2025-04-13 10:41:21 - DEBUG - New Error 2: line 43, type: rewrite_failed, message: tactic 'rewrite' failed, did not find instance of the pattern in the target expression
  x + y + z
case inl.intro
x y z : ℤ
h₀ : (x - y) ^ 2 + (y - z) ^ 2 + (z - x) ^ 2 = x * y * z
h₁ : 2 * (x ^ 2 + y ^ 2 + z ^ 2 - x * y - y * z - z * x) = x * y * z
h₂ : Even (x * y * z)
k : ℤ
hk : x + y + z = k + k
⊢ 6 + x + y + z ∣ -(x * y * z * 3) + x ^ 3 + y ^ 3 + z ^ 3
2025-04-13 10:41:21 - INFO - Testing fragment: omega
2025-04-13 10:41:21 - INFO - Original error line:   rw [← h₁, mul_div_cancel']
2025-04-13 10:41:23 - INFO - Testing fix: Original errors: 2, Fixed errors: 2
2025-04-13 10:41:23 - INFO - Result: False (introduced 1 new errors)
2025-04-13 10:41:23 - DEBUG - === New errors detail ===
2025-04-13 10:41:23 - DEBUG - New Error 1: line 28, type: other_error, message: omega could not prove the goal:
No usable constraints found. You may need to unfold definitions so `omega` can see linear arithmetic facts about `Nat` and `Int`, which may also involve multiplication, division, and modular remainder by constants.
2025-04-13 10:41:23 - INFO - Testing fragment: linarith
2025-04-13 10:41:23 - INFO - Original error line:   rw [← h₁, mul_div_cancel']
2025-04-13 10:41:25 - INFO - Testing fix: Original errors: 2, Fixed errors: 2
2025-04-13 10:41:25 - INFO - Result: False (introduced 1 new errors)
2025-04-13 10:41:25 - DEBUG - === New errors detail ===
2025-04-13 10:41:25 - DEBUG - New Error 1: line 28, type: linarith_failed, message: linarith failed to find a contradiction
x y z : ℤ
h₀ : (x - y) ^ 2 + (y - z) ^ 2 + (z - x) ^ 2 = x * y * z
h₁ : 2 * (x ^ 2 + y ^ 2 + z ^ 2 - x * y - y * z - z * x) = x * y * z
⊢ False
failed
2025-04-13 10:41:25 - INFO - Testing fragment: nlinarith
2025-04-13 10:41:25 - INFO - Original error line:   rw [← h₁, mul_div_cancel']
2025-04-13 10:41:28 - INFO - Testing fix: Original errors: 2, Fixed errors: 2
2025-04-13 10:41:28 - INFO - Result: False (introduced 1 new errors)
2025-04-13 10:41:28 - DEBUG - === New errors detail ===
2025-04-13 10:41:28 - DEBUG - New Error 1: line 28, type: linarith_failed, message: linarith failed to find a contradiction
x y z : ℤ
h₀ : (x - y) ^ 2 + (y - z) ^ 2 + (z - x) ^ 2 = x * y * z
h₁ : 2 * (x ^ 2 + y ^ 2 + z ^ 2 - x * y - y * z - z * x) = x * y * z
⊢ False
failed
2025-04-13 10:41:28 - INFO - Failed attempt time: 23.04 seconds
2025-04-13 10:41:28 - INFO - ❌ Could not generate fix for error at line 28
2025-04-13 10:41:29 - INFO - 
===== Fix attempt completed =====
2025-04-13 10:41:29 - INFO - Original errors: 4
2025-04-13 10:41:29 - INFO - Fixed errors: 1
2025-04-13 10:41:29 - INFO - Failed errors: 3
2025-04-13 10:41:29 - INFO - Remaining errors: 2
2025-04-13 10:41:29 - INFO - Total time: 84.15 seconds
2025-04-13 10:41:29 - INFO - 
Final fixed code:
2025-04-13 10:41:29 - INFO - ----------------------------------------
2025-04-13 10:41:29 - INFO - /-- Let x, y, and z be integers. If $(x-y)^2 + (y-z)^2 + (z-x)^2 = xyz$, then $(x+y+z+6)$ divides $(x^3 + y^3 + z^3)$.-/
theorem algebra_xmysqpymzsqpzmxsqeqxyz_xpypzp6dvdx3y3z3 (x y z : ℤ)
  (h₀ : (x - y) ^ 2 + (y - z) ^ 2 + (z - x) ^ 2 = x * y * z) :
  x + y + z + 6 ∣ x ^ 3 + y ^ 3 + z ^ 3 := by
  -- First, we simplify the given equation by expanding the squares
  have h₁ : 2 * (x^2 + y^2 + z^2 - x*y - y*z - z*x) = x*y*z := by
    -- Expand each squared term in h₀
    norm_num
    -- Simplify the equation by combining like terms
    ring_nf at h₀
    -- The left side becomes 2(x² + y² + z² - xy - yz - zx)
    rw [← h₀]
    ring

  -- Rewrite the divisibility condition in terms of (x + y + z)
  suffices x + y + z + 6 ∣ x^3 + y^3 + z^3 - 3*x*y*z by
    -- Since 3xyz can be expressed using h₁
    rw [show x^3 + y^3 + z^3 = (x + y + z)^3 - 3*(x + y + z)*(x*y + y*z + z*x) + 3*x*y*z by ring]
    -- The divisibility condition reduces to showing (x + y + z + 6) divides the expression
    simp [dvd_sub_right this]
    ring

  -- Now we focus on proving x + y + z + 6 divides x^3 + y^3 + z^3 - 3xyz
  -- Using the identity x^3 + y^3 + z^3 - 3xyz = (x + y + z)(x^2 + y^2 + z^2 - xy - yz - zx)
  rw [show x^3 + y^3 + z^3 - 3*x*y*z = (x + y + z) * (x^2 + y^2 + z^2 - x*y - y*z - z*x) by ring]
  
  -- From h₁, we can express x² + y² + z² - xy - yz - zx as (x*y*z)/2
  rw [← h₁, mul_div_cancel']
  -- Now we have (x + y + z) * (x*y*z)/2
  -- We need to show x + y + z + 6 divides this expression
  
  -- The key observation is that x, y, z must be even numbers
  have h₂ : Even (x*y*z) := by
    -- From h₁, x*y*z is twice an integer
    rw [← h₁]
    exact Even.mul_left 2 _
  
  -- Case analysis on the parity of x + y + z
  rcases Int.even_or_odd (x + y + z) with ⟨k, hk⟩ | ⟨k, hk⟩
  · -- Case 1: x + y + z is even
    -- Then x + y + z + 6 is even
    -- We can factor out 2 from both terms
    rw [hk, Int.add_mul, Int.mul_div_cancel_left _ (by norm_num : (2 : ℤ) ≠ 0)]
    -- Now we have 2 * (k + 3) divides (2 * k) * (x*y*z)/2 = k * (x*y*z)
    simp [mul_comm]
    -- Since x*y*z is even (h₂), and k + 3 divides k when k = -3, -2, -1, 0, 1, 2, 3
    -- This requires more detailed analysis of possible cases
    sorry -- This part would need more case analysis
    
  · -- Case 2: x + y + z is odd
    -- Then x + y + z + 6 is odd
    -- From h₂, x*y*z is even, so (x*y*z)/2 is integer
    -- We need to show the divisibility holds
    sorry -- This part would need more detailed analysis

  -- The proof would continue with more case analysis based on possible values,
  -- but this shows the general structure and key steps.
  -- The complete proof would involve:
  -- 1. Showing symmetry allows assuming x ≤ y ≤ z
  -- 2. Bounding possible values of x, y, z
  -- 3. Checking small integer cases
  -- 4. Showing no solutions exist beyond certain bounds
2025-04-13 10:41:29 - INFO - ----------------------------------------
2025-04-13 10:41:29 - INFO - 
Detailed error repair report:
2025-04-13 10:41:29 - INFO - Original code error count: 4
✅ Fixed error 1/4: Successfully fixed error at line 8 «unknown_identifier» (in 14.03s)
❌ Fixed error 2/4: Could not generate fix for error at line 8 «rewrite_failed» (after 23.04s)
❌ Fixed error 3/4: Could not generate fix for error at line 20 «simp_failed» (after 22.04s)
❌ Fixed error 4/4: Could not generate fix for error at line 28 «rewrite_failed» (after 23.04s)

=== Fix statistics ===
Original error count: 4
Fixed errors: 1 (Fix rate: 0.2500)
Failed errors: 3
Remaining errors: 2
Total time: 84.15 seconds

=== Successful fix details ===

Fix 1:
   Line: 8
   Error type: unknown_identifier
   Original error message: unknown identifier 'sub_pow'...
   Fix snippet: norm_num
   Fixed line:     norm_num
   Time: 14.03 seconds

=== Failed fix details ===

Failed fix 1:
   Line: 8
   Error type: rewrite_failed
   Original error message: tactic 'rewrite' failed, equality or iff proof expected
  ?m.2689
x y z : ℤ
h₀ : (x - y) ^ 2 + (y - ...
   Failure reason: Could not generate fix
   Time: 23.04 seconds

Failed fix 2:
   Line: 20
   Error type: simp_failed
   Original error message: simp made no progress...
   Failure reason: Could not generate fix
   Time: 22.04 seconds

Failed fix 3:
   Line: 28
   Error type: rewrite_failed
   Original error message: tactic 'rewrite' failed, did not find instance of the pattern in the target expression
  x * y * z
x...
   Failure reason: Could not generate fix
   Time: 23.04 seconds
2025-04-13 10:41:29 - INFO - 
Fixed code saved to: ./minif2f/lean_fixed/42_fixed.lean
2025-04-13 10:41:29 - INFO - JSON log saved to: ./minif2f/lean_fixed/42_fix_log.json
2025-04-13 10:41:29 - INFO - 
===== LOG FILE LOCATION =====
2025-04-13 10:41:29 - INFO - Detailed log file is available at: ./minif2f/lean_fixed/42.log
2025-04-13 10:41:29 - INFO - ===============================
