2025-04-13 10:39:27 - INFO - Log file initialized at 2025-04-13T10:39:27.413247
2025-04-13 10:39:27 - INFO - ===== LOG FILE LOCATION =====
2025-04-13 10:39:27 - INFO - Detailed log file created at: ./minif2f/lean_fixed/44.log
2025-04-13 10:39:27 - INFO - ===============================
2025-04-13 10:39:27 - INFO - Original code:
2025-04-13 10:39:27 - INFO - ----------------------------------------
2025-04-13 10:39:27 - INFO - import Mathlib
import Aesop

set_option maxHeartbeats 0

open BigOperators Real Nat Topology Rat

/-- What is the remainder when $1999^{2000}$ is divided by $5?$ Show that it is 1.-/
theorem mathd_numbertheory_236 : 1999 ^ 2000 % 5 = 1 := by
  -- First, we simplify the base 1999 modulo 5
  -- Since 1999 ÷ 5 = 399 with remainder 4, we have 1999 ≡ 4 mod 5
  have h₁ : 1999 % 5 = 4 := by norm_num
  
  -- Using the property that (a ≡ b mod m) → (a^n ≡ b^n mod m),
  -- we can rewrite 1999^2000 ≡ 4^2000 mod 5
  rw [← h₁, pow_mod]
  
  -- Now we focus on simplifying 4^2000 modulo 5
  -- Notice that 4 and 5 are coprime, so we can apply Euler's theorem
  -- Euler's totient function φ(5) = 4, so 4^4 ≡ 1 mod 5
  have h₂ : 4 ^ 4 % 5 = 1 := by norm_num
  
  -- We can express 2000 as 4 * 500, since 2000 ÷ 4 = 500
  have h₃ : 2000 = 4 * 500 := by norm_num
  
  -- Rewrite the exponent using this decomposition
  rw [h₃, pow_mul]
  
  -- Now we have (4^4)^500 ≡ 1^500 ≡ 1 mod 5
  rw [pow_mod, h₂, one_pow]
  
  -- The remainder is now clearly 1
  rfl
2025-04-13 10:39:27 - INFO - ----------------------------------------
2025-04-13 10:39:27 - INFO - 
Checking original code for all errors...
2025-04-13 10:40:05 - INFO - Original code contains 1 errors:
2025-04-13 10:40:05 - INFO - Error 1: line 9, type: rewrite_failed, message: tactic 'rewrite' failed, did not find instance of the pattern in the target expression
  4
h₁ : 1999...
2025-04-13 10:40:05 - INFO - 
Starting multi-error continuous repair process...
2025-04-13 10:40:05 - INFO - 
===== Starting to fix all errors =====
2025-04-13 10:40:06 - INFO - 
Found 1 original errors:
2025-04-13 10:40:06 - INFO - Error 1: line 9, type: rewrite_failed, message: tactic 'rewrite' failed, did not find instance of the pattern in the target expression
  4
h₁ : 1999...
2025-04-13 10:40:06 - INFO - 
Trying to fix error 1/1: line 9, type: rewrite_failed
2025-04-13 10:40:06 - INFO - Error message: tactic 'rewrite' failed, did not find instance of the pattern in the target expression
  4
h₁ : 1999...
2025-04-13 10:40:06 - INFO - Removed header content, remaining 26 lines of code
2025-04-13 10:40:06 - INFO - Using specified target error line: 9
2025-04-13 10:40:07 - INFO - Found error at specified line: tactic 'rewrite' failed, did not find instance of the pattern in the target expression
  4
h₁ : 1999 % 5 = 4
⊢ 1999 ^ 2000 % 5 = 1
2025-04-13 10:40:07 - INFO - Error at line 9: tactic 'rewrite' failed, did not find instance of the pattern in the target expression
  4
h₁ : 1999 % 5 = 4
⊢ 1999 ^ 2000 % 5 = 1
2025-04-13 10:40:07 - INFO - 
==================================================
2025-04-13 10:40:07 - INFO - Code prepared, starting synthesis
2025-04-13 10:40:07 - INFO - Before part: /-- What is the remainder when $1999^{2000}$ is divided by $5?$ Show that it is 1.-/
theorem mathd_numbertheory_236 : 1999 ^ 2000 % 5 = 1 := by
  -- First, we simplify the base 1999 modulo 5
  -- Since 1999 ÷ 5 = 399 with remainder 4, we have 1999 ≡ 4 mod 5
  have h₁ : 1999 % 5 = 4 := by norm_num
  
  -- Using the property that (a ≡ b mod m) → (a^n ≡ b^n mod m),
  -- we can rewrite 1999^2000 ≡ 4^2000 mod 5
2025-04-13 10:40:07 - INFO - Error line:   rw [← h₁, pow_mod]
2025-04-13 10:40:07 - INFO - After part: -- Now we focus on simplifying 4^2000 modulo 5
  -- Notice that 4 and 5 are coprime, so we can apply Euler's theorem
  -- Euler's totient function φ(5) = 4, so 4^4 ≡ 1 mod 5
  have h₂ : 4 ^ 4 % 5 = 1 := by norm_num
  
  -- We can express 2000 as 4 * 500, since 2000 ÷ 4 = 500
  have h₃ : 2000 = 4 * 500 := by norm_num
  
  -- Rewrite the exponent using this decomposition
  rw [h₃, pow_mul]
  
  -- Now we have (4^4)^500 ≡ 1^500 ≡ 1 mod 5
  rw [pow_mod, h₂, one_pow]
  
  -- The remainder is now clearly 1
  rfl
2025-04-13 10:40:07 - INFO - ==================================================

2025-04-13 10:40:08 - INFO - Testing fragment: rw [justaplaceholder]
2025-04-13 10:40:08 - INFO - Original error line:   rw [← h₁, pow_mod]
2025-04-13 10:40:10 - INFO - Testing fix: Original errors: 1, Fixed errors: 2
2025-04-13 10:40:10 - INFO - Result: False (introduced 2 new errors)
2025-04-13 10:40:10 - DEBUG - === New errors detail ===
2025-04-13 10:40:10 - DEBUG - New Error 1: line 9, type: unknown_identifier, message: unknown identifier 'justaplaceholder'
2025-04-13 10:40:10 - DEBUG - New Error 2: line 9, type: rewrite_failed, message: tactic 'rewrite' failed, equality or iff proof expected
  ?m.1114
h₁ : 1999 % 5 = 4
⊢ 1999 ^ 2000 % 5 = 1
2025-04-13 10:40:10 - INFO - Testing fragment: rw [<- justaplaceholder]
2025-04-13 10:40:10 - INFO - Original error line:   rw [← h₁, pow_mod]
2025-04-13 10:40:12 - INFO - Testing fix: Original errors: 1, Fixed errors: 2
2025-04-13 10:40:12 - INFO - Result: False (introduced 2 new errors)
2025-04-13 10:40:12 - DEBUG - === New errors detail ===
2025-04-13 10:40:12 - DEBUG - New Error 1: line 9, type: unknown_identifier, message: unknown identifier 'justaplaceholder'
2025-04-13 10:40:12 - DEBUG - New Error 2: line 9, type: rewrite_failed, message: tactic 'rewrite' failed, equality or iff proof expected
  ?m.1114
h₁ : 1999 % 5 = 4
⊢ 1999 ^ 2000 % 5 = 1
2025-04-13 10:40:12 - INFO - Testing fragment: simp
2025-04-13 10:40:12 - INFO - Original error line:   rw [← h₁, pow_mod]
2025-04-13 10:40:14 - INFO - Testing fix: Original errors: 1, Fixed errors: 1
2025-04-13 10:40:14 - INFO - Result: False (introduced 1 new errors)
2025-04-13 10:40:14 - DEBUG - === New errors detail ===
2025-04-13 10:40:14 - DEBUG - New Error 1: line 14, type: no_goals_to_solve, message: no goals to be solved
2025-04-13 10:40:14 - INFO - Testing fragment: field_simp
2025-04-13 10:40:14 - INFO - Original error line:   rw [← h₁, pow_mod]
2025-04-13 10:40:16 - INFO - Testing fix: Original errors: 1, Fixed errors: 1
2025-04-13 10:40:16 - INFO - Result: False (introduced 1 new errors)
2025-04-13 10:40:16 - DEBUG - === New errors detail ===
2025-04-13 10:40:16 - DEBUG - New Error 1: line 9, type: simp_failed, message: simp made no progress
2025-04-13 10:40:16 - INFO - Testing fragment: norm_num
2025-04-13 10:40:16 - INFO - Original error line:   rw [← h₁, pow_mod]
2025-04-13 10:40:18 - INFO - Testing fix: Original errors: 1, Fixed errors: 1
2025-04-13 10:40:18 - INFO - Result: False (introduced 1 new errors)
2025-04-13 10:40:18 - DEBUG - === New errors detail ===
2025-04-13 10:40:18 - DEBUG - New Error 1: line 14, type: no_goals_to_solve, message: no goals to be solved
2025-04-13 10:40:18 - INFO - Testing fragment: ring
2025-04-13 10:40:18 - INFO - Original error line:   rw [← h₁, pow_mod]
2025-04-13 10:40:20 - INFO - Testing fix: Original errors: 1, Fixed errors: 1
2025-04-13 10:40:20 - INFO - Result: False (introduced 1 new errors)
2025-04-13 10:40:20 - DEBUG - === New errors detail ===
2025-04-13 10:40:20 - DEBUG - New Error 1: line 14, type: no_goals_to_solve, message: no goals to be solved
2025-04-13 10:40:20 - INFO - Testing fragment: ring_nf
2025-04-13 10:40:20 - INFO - Original error line:   rw [← h₁, pow_mod]
2025-04-13 10:40:22 - INFO - Testing fix: Original errors: 1, Fixed errors: 1
2025-04-13 10:40:22 - INFO - Result: False (introduced 1 new errors)
2025-04-13 10:40:22 - DEBUG - === New errors detail ===
2025-04-13 10:40:22 - DEBUG - New Error 1: line 14, type: no_goals_to_solve, message: no goals to be solved
2025-04-13 10:40:22 - INFO - Testing fragment: omega
2025-04-13 10:40:22 - INFO - Original error line:   rw [← h₁, pow_mod]
2025-04-13 10:40:24 - INFO - Testing fix: Original errors: 1, Fixed errors: 1
2025-04-13 10:40:24 - INFO - Result: False (introduced 1 new errors)
2025-04-13 10:40:24 - DEBUG - === New errors detail ===
2025-04-13 10:40:24 - DEBUG - New Error 1: line 14, type: no_goals_to_solve, message: no goals to be solved
2025-04-13 10:40:24 - INFO - Testing fragment: linarith
2025-04-13 10:40:24 - INFO - Original error line:   rw [← h₁, pow_mod]
2025-04-13 10:40:26 - INFO - Testing fix: Original errors: 1, Fixed errors: 1
2025-04-13 10:40:26 - INFO - Result: False (introduced 1 new errors)
2025-04-13 10:40:26 - DEBUG - === New errors detail ===
2025-04-13 10:40:26 - DEBUG - New Error 1: line 9, type: linarith_failed, message: linarith failed to find a contradiction
case h1.h
h₁ : 1999 % 5 = 4
a✝ : 1999 ^ 2000 % 5 < 1
⊢ False
failed
2025-04-13 10:40:26 - INFO - Testing fragment: nlinarith
2025-04-13 10:40:26 - INFO - Original error line:   rw [← h₁, pow_mod]
2025-04-13 10:40:28 - INFO - Testing fix: Original errors: 1, Fixed errors: 1
2025-04-13 10:40:28 - INFO - Result: False (introduced 1 new errors)
2025-04-13 10:40:28 - DEBUG - === New errors detail ===
2025-04-13 10:40:28 - DEBUG - New Error 1: line 9, type: linarith_failed, message: linarith failed to find a contradiction
case h1.h
h₁ : 1999 % 5 = 4
a✝ : 1999 ^ 2000 % 5 < 1
⊢ False
failed
2025-04-13 10:40:28 - INFO - Failed attempt time: 22.04 seconds
2025-04-13 10:40:28 - INFO - ❌ Could not generate fix for error at line 9
2025-04-13 10:40:29 - INFO - 
===== Fix attempt completed =====
2025-04-13 10:40:29 - INFO - Original errors: 1
2025-04-13 10:40:29 - INFO - Fixed errors: 0
2025-04-13 10:40:29 - INFO - Failed errors: 1
2025-04-13 10:40:29 - INFO - Remaining errors: 1
2025-04-13 10:40:29 - INFO - Total time: 24.04 seconds
2025-04-13 10:40:29 - INFO - 
Final fixed code:
2025-04-13 10:40:29 - INFO - ----------------------------------------
2025-04-13 10:40:29 - INFO - /-- What is the remainder when $1999^{2000}$ is divided by $5?$ Show that it is 1.-/
theorem mathd_numbertheory_236 : 1999 ^ 2000 % 5 = 1 := by
  -- First, we simplify the base 1999 modulo 5
  -- Since 1999 ÷ 5 = 399 with remainder 4, we have 1999 ≡ 4 mod 5
  have h₁ : 1999 % 5 = 4 := by norm_num
  
  -- Using the property that (a ≡ b mod m) → (a^n ≡ b^n mod m),
  -- we can rewrite 1999^2000 ≡ 4^2000 mod 5
  rw [← h₁, pow_mod]
  
  -- Now we focus on simplifying 4^2000 modulo 5
  -- Notice that 4 and 5 are coprime, so we can apply Euler's theorem
  -- Euler's totient function φ(5) = 4, so 4^4 ≡ 1 mod 5
  have h₂ : 4 ^ 4 % 5 = 1 := by norm_num
  
  -- We can express 2000 as 4 * 500, since 2000 ÷ 4 = 500
  have h₃ : 2000 = 4 * 500 := by norm_num
  
  -- Rewrite the exponent using this decomposition
  rw [h₃, pow_mul]
  
  -- Now we have (4^4)^500 ≡ 1^500 ≡ 1 mod 5
  rw [pow_mod, h₂, one_pow]
  
  -- The remainder is now clearly 1
  rfl
2025-04-13 10:40:29 - INFO - ----------------------------------------
2025-04-13 10:40:29 - INFO - 
Detailed error repair report:
2025-04-13 10:40:29 - INFO - Original code error count: 1
❌ Fixed error 1/1: Could not generate fix for error at line 9 «rewrite_failed» (after 22.04s)

=== Fix statistics ===
Original error count: 1
Fixed errors: 0 (Fix rate: 0.0000)
Failed errors: 1
Remaining errors: 1
Total time: 24.04 seconds

=== Failed fix details ===

Failed fix 1:
   Line: 9
   Error type: rewrite_failed
   Original error message: tactic 'rewrite' failed, did not find instance of the pattern in the target expression
  4
h₁ : 1999...
   Failure reason: Could not generate fix
   Time: 22.04 seconds
2025-04-13 10:40:29 - INFO - 
Fixed code saved to: ./minif2f/lean_fixed/44_fixed.lean
2025-04-13 10:40:29 - INFO - JSON log saved to: ./minif2f/lean_fixed/44_fix_log.json
2025-04-13 10:40:29 - INFO - 
===== LOG FILE LOCATION =====
2025-04-13 10:40:29 - INFO - Detailed log file is available at: ./minif2f/lean_fixed/44.log
2025-04-13 10:40:29 - INFO - ===============================
