2025-04-13 10:39:27 - INFO - Log file initialized at 2025-04-13T10:39:27.415161
2025-04-13 10:39:27 - INFO - ===== LOG FILE LOCATION =====
2025-04-13 10:39:27 - INFO - Detailed log file created at: ./minif2f/lean_fixed/46.log
2025-04-13 10:39:27 - INFO - ===============================
2025-04-13 10:39:27 - INFO - Original code:
2025-04-13 10:39:27 - INFO - ----------------------------------------
2025-04-13 10:39:27 - INFO - import Mathlib
import Aesop

set_option maxHeartbeats 0

open BigOperators Real Nat Topology Rat

/-- Show that for any real-valued function $a$ on the natural numbers such that $\forall i \in \mathbb{N}, a_i \geq 0$, 
    if $prod_{i=0}^{n-1} a_i = 1$, then $sum_{i=0}^{n-1} a_i \geq n$.-/
theorem algebra_amgm_prod1toneq1_sum1tongeqn (a : ℕ → NNReal) (n : ℕ)
    (h₀ : Finset.prod (Finset.range n) a = 1) : Finset.sum (Finset.range n) a ≥ n := by
  -- First, we'll use the Arithmetic Mean-Geometric Mean (AM-GM) inequality
  -- The AM-GM inequality states that for non-negative real numbers, the arithmetic mean is ≥ geometric mean
  have amgm_ineq := Finset.le_geom_mean_arith_mean (Finset.range n) a (fun _ _ => NNReal.zero_le _) (fun _ _ => le_rfl)
  
  -- Simplify the arithmetic mean (left side of AM-GM inequality)
  -- The arithmetic mean is (sum a_i)/n
  have arith_mean : (Finset.sum (Finset.range n) a) / n = (Finset.sum (Finset.range n) a) * (n⁻¹ : NNReal) := by
    simp only [NNReal.div_def]
  
  -- Simplify the geometric mean (right side of AM-GM inequality)
  -- The geometric mean is (prod a_i)^(1/n)
  have geom_mean : (Finset.prod (Finset.range n) a) ^ (n⁻¹ : NNReal) = 
      (1 : NNReal) ^ (n⁻¹ : NNReal) := by
    -- Substitute h₀ which states that the product equals 1
    rw [h₀]
  
  -- Since 1 raised to any power is 1, we can further simplify the geometric mean
  have geom_mean_simplified : (1 : NNReal) ^ (n⁻¹ : NNReal) = 1 := by
    exact NNReal.one_rpow _
  
  -- Combine the geometric mean simplifications
  have geom_mean_final := Eq.trans geom_mean geom_mean_simplified
  
  -- Rewrite the AM-GM inequality using our simplified arithmetic and geometric means
  rw [arith_mean, geom_mean_final] at amgm_ineq
  
  -- Now we have: (sum a_i) * n⁻¹ ≥ 1
  -- Multiply both sides by n (which is positive since n is a natural number)
  -- Note: multiplication by n is order-preserving since n > 0
  have n_pos : n > 0 ∨ n = 0 := by
    exact Nat.eq_zero_or_pos n
  cases n_pos with
  | inl hn_pos =>
    -- Case when n > 0
    have multiply_both_sides := mul_le_mul_right' amgm_ineq (n : NNReal)
    -- Simplify: (sum a_i) * n⁻¹ * n = sum a_i
    have lhs_simplified : (Finset.sum (Finset.range n) a) * (n⁻¹ : NNReal) * n = 
        Finset.sum (Finset.range n) a := by
      rw [mul_assoc, inv_mul_cancel, mul_one]
      exact NNReal.nat_cast_ne_zero.mpr (Nat.pos_iff_ne_zero.mp hn_pos)
    -- Simplify: 1 * n = n
    have rhs_simplified : (1 : NNReal) * n = n := by
      simp only [one_mul]
    -- Rewrite the inequality with these simplifications
    rw [lhs_simplified, rhs_simplified] at multiply_both_sides
    exact multiply_both_sides
  | inr hn_zero =>
    -- Case when n = 0
    -- Both sides become 0, and 0 ≥ 0 is trivially true
    rw [hn_zero]
    simp only [Finset.range_zero, Finset.sum_empty, Finset.prod_empty, le_refl]
2025-04-13 10:39:27 - INFO - ----------------------------------------
2025-04-13 10:39:27 - INFO - 
Checking original code for all errors...
2025-04-13 10:40:05 - INFO - Original code contains 2 errors:
2025-04-13 10:40:05 - INFO - Error 1: line 7, type: unknown_constant, message: unknown constant 'Finset.le_geom_mean_arith_mean'...
2025-04-13 10:40:05 - INFO - Error 2: line 4, type: other_error, message: unsolved goals
a : ℕ → NNReal
n : ℕ
h₀ : (Finset.range n).prod a = 1
⊢ (Finset.range n).sum a ≥ ↑n...
2025-04-13 10:40:05 - INFO - 
Starting multi-error continuous repair process...
2025-04-13 10:40:05 - INFO - 
===== Starting to fix all errors =====
2025-04-13 10:40:06 - INFO - 
Found 2 original errors:
2025-04-13 10:40:06 - INFO - Error 1: line 7, type: unknown_constant, message: unknown constant 'Finset.le_geom_mean_arith_mean'...
2025-04-13 10:40:06 - INFO - Error 2: line 4, type: other_error, message: unsolved goals
a : ℕ → NNReal
n : ℕ
h₀ : (Finset.range n).prod a = 1
⊢ (Finset.range n).sum a ≥ ↑n...
2025-04-13 10:40:06 - INFO - 
Trying to fix error 1/2: line 4, type: other_error
2025-04-13 10:40:06 - INFO - Error message: unsolved goals
a : ℕ → NNReal
n : ℕ
h₀ : (Finset.range n).prod a = 1
⊢ (Finset.range n).sum a ≥ ↑n...
2025-04-13 10:40:06 - INFO - Removed header content, remaining 55 lines of code
2025-04-13 10:40:06 - INFO - Using specified target error line: 4
2025-04-13 10:40:07 - INFO - Found error at specified line: unsolved goals
a : ℕ → NNReal
n : ℕ
h₀ : (Finset.range n).prod a = 1
⊢ (Finset.range n).sum a ≥ ↑n
2025-04-13 10:40:07 - INFO - Error at line 4: unsolved goals
a : ℕ → NNReal
n : ℕ
h₀ : (Finset.range n).prod a = 1
⊢ (Finset.range n).sum a ≥ ↑n
2025-04-13 10:40:07 - INFO - 
==================================================
2025-04-13 10:40:07 - INFO - Code prepared, starting synthesis
2025-04-13 10:40:07 - INFO - Before part: /-- Show that for any real-valued function $a$ on the natural numbers such that $\forall i \in \mathbb{N}, a_i \geq 0$, 
    if $prod_{i=0}^{n-1} a_i = 1$, then $sum_{i=0}^{n-1} a_i \geq n$.-/
theorem algebra_amgm_prod1toneq1_sum1tongeqn (a : ℕ → NNReal) (n : ℕ)
2025-04-13 10:40:07 - INFO - Error line:     (h₀ : Finset.prod (Finset.range n) a = 1) : Finset.sum (Finset.range n) a ≥ n := by
2025-04-13 10:40:07 - INFO - After part: -- First, we'll use the Arithmetic Mean-Geometric Mean (AM-GM) inequality
  -- The AM-GM inequality states that for non-negative real numbers, the arithmetic mean is ≥ geometric mean
  have amgm_ineq := Finset.le_geom_mean_arith_mean (Finset.range n) a (fun _ _ => NNReal.zero_le _) (fun _ _ => le_rfl)
  
  -- Simplify the arithmetic mean (left side of AM-GM inequality)
  -- The arithmetic mean is (sum a_i)/n
  have arith_mean : (Finset.sum (Finset.range n) a) / n = (Finset.sum (Finset.range n) a) * (n⁻¹ : NNReal) := by
    simp only [NNReal.div_def]
  
  -- Simplify the geometric mean (right side of AM-GM inequality)
  -- The geometric mean is (prod a_i)^(1/n)
  have geom_mean : (Finset.prod (Finset.range n) a) ^ (n⁻¹ : NNReal) = 
      (1 : NNReal) ^ (n⁻¹ : NNReal) := by
    -- Substitute h₀ which states that the product equals 1
    rw [h₀]
  
  -- Since 1 raised to any power is 1, we can further simplify the geometric mean
  have geom_mean_simplified : (1 : NNReal) ^ (n⁻¹ : NNReal) = 1 := by
    exact NNReal.one_rpow _
  
  -- Combine the geometric mean simplifications
  have geom_mean_final := Eq.trans geom_mean geom_mean_simplified
  
  -- Rewrite the AM-GM inequality using our simplified arithmetic and geometric means
  rw [arith_mean, geom_mean_final] at amgm_ineq
  
  -- Now we have: (sum a_i) * n⁻¹ ≥ 1
  -- Multiply both sides by n (which is positive since n is a natural number)
  -- Note: multiplication by n is order-preserving since n > 0
  have n_pos : n > 0 ∨ n = 0 := by
    exact Nat.eq_zero_or_pos n
  cases n_pos with
  | inl hn_pos =>
    -- Case when n > 0
    have multiply_both_sides := mul_le_mul_right' amgm_ineq (n : NNReal)
    -- Simplify: (sum a_i) * n⁻¹ * n = sum a_i
    have lhs_simplified : (Finset.sum (Finset.range n) a) * (n⁻¹ : NNReal) * n = 
        Finset.sum (Finset.range n) a := by
      rw [mul_assoc, inv_mul_cancel, mul_one]
      exact NNReal.nat_cast_ne_zero.mpr (Nat.pos_iff_ne_zero.mp hn_pos)
    -- Simplify: 1 * n = n
    have rhs_simplified : (1 : NNReal) * n = n := by
      simp only [one_mul]
    -- Rewrite the inequality with these simplifications
    rw [lhs_simplified, rhs_simplified] at multiply_both_sides
    exact multiply_both_sides
  | inr hn_zero =>
    -- Case when n = 0
    -- Both sides become 0, and 0 ≥ 0 is trivially true
    rw [hn_zero]
    simp only [Finset.range_zero, Finset.sum_empty, Finset.prod_empty, le_refl]
2025-04-13 10:40:07 - INFO - ==================================================

2025-04-13 10:40:08 - INFO - Testing fragment: rw [justaplaceholder]
2025-04-13 10:40:08 - INFO - Original error line:     (h₀ : Finset.prod (Finset.range n) a = 1) : Finset.sum (Finset.range n) a ≥ n := by
2025-04-13 10:40:10 - INFO - Testing fix: Original errors: 2, Fixed errors: 1
2025-04-13 10:40:10 - INFO - Result: False (introduced 1 new errors)
2025-04-13 10:40:10 - DEBUG - === New errors detail ===
2025-04-13 10:40:10 - DEBUG - New Error 1: line 4, type: syntax_error, message: unexpected token 'have'; expected ':'
2025-04-13 10:40:10 - INFO - Testing fragment: rw [<- justaplaceholder]
2025-04-13 10:40:10 - INFO - Original error line:     (h₀ : Finset.prod (Finset.range n) a = 1) : Finset.sum (Finset.range n) a ≥ n := by
2025-04-13 10:40:12 - INFO - Testing fix: Original errors: 2, Fixed errors: 1
2025-04-13 10:40:12 - INFO - Result: False (introduced 1 new errors)
2025-04-13 10:40:12 - DEBUG - === New errors detail ===
2025-04-13 10:40:12 - DEBUG - New Error 1: line 4, type: syntax_error, message: unexpected token 'have'; expected ':'
2025-04-13 10:40:12 - INFO - Testing fragment: simp
2025-04-13 10:40:12 - INFO - Original error line:     (h₀ : Finset.prod (Finset.range n) a = 1) : Finset.sum (Finset.range n) a ≥ n := by
2025-04-13 10:40:14 - INFO - Testing fix: Original errors: 2, Fixed errors: 1
2025-04-13 10:40:14 - INFO - Result: False (introduced 1 new errors)
2025-04-13 10:40:14 - DEBUG - === New errors detail ===
2025-04-13 10:40:14 - DEBUG - New Error 1: line 4, type: syntax_error, message: unexpected token 'have'; expected ':'
2025-04-13 10:40:14 - INFO - Testing fragment: field_simp
2025-04-13 10:40:14 - INFO - Original error line:     (h₀ : Finset.prod (Finset.range n) a = 1) : Finset.sum (Finset.range n) a ≥ n := by
2025-04-13 10:40:16 - INFO - Testing fix: Original errors: 2, Fixed errors: 1
2025-04-13 10:40:16 - INFO - Result: False (introduced 1 new errors)
2025-04-13 10:40:16 - DEBUG - === New errors detail ===
2025-04-13 10:40:16 - DEBUG - New Error 1: line 4, type: syntax_error, message: unexpected token 'have'; expected ':'
2025-04-13 10:40:16 - INFO - Testing fragment: norm_num
2025-04-13 10:40:16 - INFO - Original error line:     (h₀ : Finset.prod (Finset.range n) a = 1) : Finset.sum (Finset.range n) a ≥ n := by
2025-04-13 10:40:18 - INFO - Testing fix: Original errors: 2, Fixed errors: 1
2025-04-13 10:40:18 - INFO - Result: False (introduced 1 new errors)
2025-04-13 10:40:18 - DEBUG - === New errors detail ===
2025-04-13 10:40:18 - DEBUG - New Error 1: line 4, type: syntax_error, message: unexpected token 'have'; expected ':'
2025-04-13 10:40:18 - INFO - Testing fragment: ring
2025-04-13 10:40:18 - INFO - Original error line:     (h₀ : Finset.prod (Finset.range n) a = 1) : Finset.sum (Finset.range n) a ≥ n := by
2025-04-13 10:40:20 - INFO - Testing fix: Original errors: 2, Fixed errors: 1
2025-04-13 10:40:20 - INFO - Result: False (introduced 1 new errors)
2025-04-13 10:40:20 - DEBUG - === New errors detail ===
2025-04-13 10:40:20 - DEBUG - New Error 1: line 4, type: syntax_error, message: unexpected token 'have'; expected ':'
2025-04-13 10:40:20 - INFO - Testing fragment: ring_nf
2025-04-13 10:40:20 - INFO - Original error line:     (h₀ : Finset.prod (Finset.range n) a = 1) : Finset.sum (Finset.range n) a ≥ n := by
2025-04-13 10:40:22 - INFO - Testing fix: Original errors: 2, Fixed errors: 1
2025-04-13 10:40:22 - INFO - Result: False (introduced 1 new errors)
2025-04-13 10:40:22 - DEBUG - === New errors detail ===
2025-04-13 10:40:22 - DEBUG - New Error 1: line 4, type: syntax_error, message: unexpected token 'have'; expected ':'
2025-04-13 10:40:22 - INFO - Testing fragment: omega
2025-04-13 10:40:22 - INFO - Original error line:     (h₀ : Finset.prod (Finset.range n) a = 1) : Finset.sum (Finset.range n) a ≥ n := by
2025-04-13 10:40:24 - INFO - Testing fix: Original errors: 2, Fixed errors: 1
2025-04-13 10:40:24 - INFO - Result: False (introduced 1 new errors)
2025-04-13 10:40:24 - DEBUG - === New errors detail ===
2025-04-13 10:40:24 - DEBUG - New Error 1: line 4, type: syntax_error, message: unexpected token 'have'; expected ':'
2025-04-13 10:40:24 - INFO - Testing fragment: linarith
2025-04-13 10:40:24 - INFO - Original error line:     (h₀ : Finset.prod (Finset.range n) a = 1) : Finset.sum (Finset.range n) a ≥ n := by
2025-04-13 10:40:26 - INFO - Testing fix: Original errors: 2, Fixed errors: 1
2025-04-13 10:40:26 - INFO - Result: False (introduced 1 new errors)
2025-04-13 10:40:26 - DEBUG - === New errors detail ===
2025-04-13 10:40:26 - DEBUG - New Error 1: line 4, type: syntax_error, message: unexpected token 'have'; expected ':'
2025-04-13 10:40:26 - INFO - Testing fragment: nlinarith
2025-04-13 10:40:26 - INFO - Original error line:     (h₀ : Finset.prod (Finset.range n) a = 1) : Finset.sum (Finset.range n) a ≥ n := by
2025-04-13 10:40:28 - INFO - Testing fix: Original errors: 2, Fixed errors: 1
2025-04-13 10:40:28 - INFO - Result: False (introduced 1 new errors)
2025-04-13 10:40:28 - DEBUG - === New errors detail ===
2025-04-13 10:40:28 - DEBUG - New Error 1: line 4, type: syntax_error, message: unexpected token 'have'; expected ':'
2025-04-13 10:40:28 - INFO - Failed attempt time: 22.04 seconds
2025-04-13 10:40:28 - INFO - ❌ Could not generate fix for error at line 4
2025-04-13 10:40:28 - INFO - 
Trying to fix error 2/2: line 7, type: unknown_constant
2025-04-13 10:40:28 - INFO - Error message: unknown constant 'Finset.le_geom_mean_arith_mean'...
2025-04-13 10:40:28 - INFO - Removed header content, remaining 55 lines of code
2025-04-13 10:40:28 - INFO - Using specified target error line: 7
2025-04-13 10:40:29 - INFO - Found error at specified line: unknown constant 'Finset.le_geom_mean_arith_mean'
2025-04-13 10:40:29 - INFO - Error at line 7: unknown constant 'Finset.le_geom_mean_arith_mean'
2025-04-13 10:40:29 - INFO - 
==================================================
2025-04-13 10:40:29 - INFO - Code prepared, starting synthesis
2025-04-13 10:40:29 - INFO - Before part: /-- Show that for any real-valued function $a$ on the natural numbers such that $\forall i \in \mathbb{N}, a_i \geq 0$, 
    if $prod_{i=0}^{n-1} a_i = 1$, then $sum_{i=0}^{n-1} a_i \geq n$.-/
theorem algebra_amgm_prod1toneq1_sum1tongeqn (a : ℕ → NNReal) (n : ℕ)
    (h₀ : Finset.prod (Finset.range n) a = 1) : Finset.sum (Finset.range n) a ≥ n := by
  -- First, we'll use the Arithmetic Mean-Geometric Mean (AM-GM) inequality
  -- The AM-GM inequality states that for non-negative real numbers, the arithmetic mean is ≥ geometric mean
2025-04-13 10:40:29 - INFO - Error line:   have amgm_ineq := Finset.le_geom_mean_arith_mean (Finset.range n) a (fun _ _ => NNReal.zero_le _) (fun _ _ => le_rfl)
2025-04-13 10:40:29 - INFO - After part: -- Simplify the arithmetic mean (left side of AM-GM inequality)
  -- The arithmetic mean is (sum a_i)/n
  have arith_mean : (Finset.sum (Finset.range n) a) / n = (Finset.sum (Finset.range n) a) * (n⁻¹ : NNReal) := by
    simp only [NNReal.div_def]
  
  -- Simplify the geometric mean (right side of AM-GM inequality)
  -- The geometric mean is (prod a_i)^(1/n)
  have geom_mean : (Finset.prod (Finset.range n) a) ^ (n⁻¹ : NNReal) = 
      (1 : NNReal) ^ (n⁻¹ : NNReal) := by
    -- Substitute h₀ which states that the product equals 1
    rw [h₀]
  
  -- Since 1 raised to any power is 1, we can further simplify the geometric mean
  have geom_mean_simplified : (1 : NNReal) ^ (n⁻¹ : NNReal) = 1 := by
    exact NNReal.one_rpow _
  
  -- Combine the geometric mean simplifications
  have geom_mean_final := Eq.trans geom_mean geom_mean_simplified
  
  -- Rewrite the AM-GM inequality using our simplified arithmetic and geometric means
  rw [arith_mean, geom_mean_final] at amgm_ineq
  
  -- Now we have: (sum a_i) * n⁻¹ ≥ 1
  -- Multiply both sides by n (which is positive since n is a natural number)
  -- Note: multiplication by n is order-preserving since n > 0
  have n_pos : n > 0 ∨ n = 0 := by
    exact Nat.eq_zero_or_pos n
  cases n_pos with
  | inl hn_pos =>
    -- Case when n > 0
    have multiply_both_sides := mul_le_mul_right' amgm_ineq (n : NNReal)
    -- Simplify: (sum a_i) * n⁻¹ * n = sum a_i
    have lhs_simplified : (Finset.sum (Finset.range n) a) * (n⁻¹ : NNReal) * n = 
        Finset.sum (Finset.range n) a := by
      rw [mul_assoc, inv_mul_cancel, mul_one]
      exact NNReal.nat_cast_ne_zero.mpr (Nat.pos_iff_ne_zero.mp hn_pos)
    -- Simplify: 1 * n = n
    have rhs_simplified : (1 : NNReal) * n = n := by
      simp only [one_mul]
    -- Rewrite the inequality with these simplifications
    rw [lhs_simplified, rhs_simplified] at multiply_both_sides
    exact multiply_both_sides
  | inr hn_zero =>
    -- Case when n = 0
    -- Both sides become 0, and 0 ≥ 0 is trivially true
    rw [hn_zero]
    simp only [Finset.range_zero, Finset.sum_empty, Finset.prod_empty, le_refl]
2025-04-13 10:40:29 - INFO - ==================================================

2025-04-13 10:40:30 - INFO - Testing fragment: rw [justaplaceholder]
2025-04-13 10:40:30 - INFO - Original error line:   have amgm_ineq := Finset.le_geom_mean_arith_mean (Finset.range n) a (fun _ _ => NNReal.zero_le _) (fun _ _ => le_rfl)
2025-04-13 10:40:32 - INFO - Testing fix: Original errors: 2, Fixed errors: 2
2025-04-13 10:40:32 - INFO - Result: False (introduced 2 new errors)
2025-04-13 10:40:32 - DEBUG - === New errors detail ===
2025-04-13 10:40:32 - DEBUG - New Error 1: line 7, type: unknown_identifier, message: unknown identifier 'justaplaceholder'
2025-04-13 10:40:32 - DEBUG - New Error 2: line 7, type: rewrite_failed, message: tactic 'rewrite' failed, equality or iff proof expected
  ?m.425
a : ℕ → NNReal
n : ℕ
h₀ : (Finset.range n).prod a = 1
⊢ (Finset.range n).sum a ≥ ↑n
2025-04-13 10:40:32 - INFO - Testing fragment: rw [<- justaplaceholder]
2025-04-13 10:40:32 - INFO - Original error line:   have amgm_ineq := Finset.le_geom_mean_arith_mean (Finset.range n) a (fun _ _ => NNReal.zero_le _) (fun _ _ => le_rfl)
2025-04-13 10:40:34 - INFO - Testing fix: Original errors: 2, Fixed errors: 2
2025-04-13 10:40:34 - INFO - Result: False (introduced 2 new errors)
2025-04-13 10:40:34 - DEBUG - === New errors detail ===
2025-04-13 10:40:34 - DEBUG - New Error 1: line 7, type: unknown_identifier, message: unknown identifier 'justaplaceholder'
2025-04-13 10:40:34 - DEBUG - New Error 2: line 7, type: rewrite_failed, message: tactic 'rewrite' failed, equality or iff proof expected
  ?m.425
a : ℕ → NNReal
n : ℕ
h₀ : (Finset.range n).prod a = 1
⊢ (Finset.range n).sum a ≥ ↑n
2025-04-13 10:40:34 - INFO - Testing fragment: simp
2025-04-13 10:40:34 - INFO - Original error line:   have amgm_ineq := Finset.le_geom_mean_arith_mean (Finset.range n) a (fun _ _ => NNReal.zero_le _) (fun _ _ => le_rfl)
2025-04-13 10:40:36 - INFO - Testing fix: Original errors: 2, Fixed errors: 6
2025-04-13 10:40:36 - INFO - Result: False (introduced 5 new errors)
2025-04-13 10:40:36 - DEBUG - === New errors detail ===
2025-04-13 10:40:36 - DEBUG - New Error 1: line 12, type: unknown_constant, message: unknown constant 'NNReal.div_def'
2025-04-13 10:40:36 - DEBUG - New Error 2: line 12, type: simp_failed, message: simp made no progress
2025-04-13 10:40:36 - DEBUG - New Error 3: line 16, type: failed_to_synthesize, message: failed to synthesize
  HPow NNReal NNReal ?m.3342
use `set_option diagnostics true` to get diagnostic information
2025-04-13 10:40:36 - DEBUG - New Error 4: line 19, type: rewrite_failed, message: tactic 'rewrite' failed, did not find instance of the pattern in the target expression
  (Finset.range n).prod a
a : ℕ → NNReal
n : ℕ
h₀ : (Finset.range n).prod a = 1
arith_mean : (Finset.range n).sum a / ↑n = (Finset.range n).sum a * (↑n)⁻¹
⊢ sorryAx (Sort ?u.3095) true
2025-04-13 10:40:36 - DEBUG - New Error 5: line 22, type: failed_to_synthesize, message: failed to synthesize
  HPow NNReal NNReal ?m.3509
use `set_option diagnostics true` to get diagnostic information
2025-04-13 10:40:36 - INFO - Testing fragment: field_simp
2025-04-13 10:40:36 - INFO - Original error line:   have amgm_ineq := Finset.le_geom_mean_arith_mean (Finset.range n) a (fun _ _ => NNReal.zero_le _) (fun _ _ => le_rfl)
2025-04-13 10:40:38 - INFO - Testing fix: Original errors: 2, Fixed errors: 6
2025-04-13 10:40:38 - INFO - Result: False (introduced 5 new errors)
2025-04-13 10:40:38 - DEBUG - === New errors detail ===
2025-04-13 10:40:38 - DEBUG - New Error 1: line 12, type: unknown_constant, message: unknown constant 'NNReal.div_def'
2025-04-13 10:40:38 - DEBUG - New Error 2: line 12, type: simp_failed, message: simp made no progress
2025-04-13 10:40:38 - DEBUG - New Error 3: line 16, type: failed_to_synthesize, message: failed to synthesize
  HPow NNReal NNReal ?m.3912
use `set_option diagnostics true` to get diagnostic information
2025-04-13 10:40:38 - DEBUG - New Error 4: line 19, type: rewrite_failed, message: tactic 'rewrite' failed, did not find instance of the pattern in the target expression
  (Finset.range n).prod a
a : ℕ → NNReal
n : ℕ
h₀ : (Finset.range n).prod a = 1
arith_mean : (Finset.range n).sum a / ↑n = (Finset.range n).sum a * (↑n)⁻¹
⊢ sorryAx (Sort ?u.3665) true
2025-04-13 10:40:38 - DEBUG - New Error 5: line 22, type: failed_to_synthesize, message: failed to synthesize
  HPow NNReal NNReal ?m.4079
use `set_option diagnostics true` to get diagnostic information
2025-04-13 10:40:38 - INFO - Testing fragment: norm_num
2025-04-13 10:40:38 - INFO - Original error line:   have amgm_ineq := Finset.le_geom_mean_arith_mean (Finset.range n) a (fun _ _ => NNReal.zero_le _) (fun _ _ => le_rfl)
2025-04-13 10:40:40 - INFO - Testing fix: Original errors: 2, Fixed errors: 6
2025-04-13 10:40:40 - INFO - Result: False (introduced 5 new errors)
2025-04-13 10:40:40 - DEBUG - === New errors detail ===
2025-04-13 10:40:40 - DEBUG - New Error 1: line 12, type: unknown_constant, message: unknown constant 'NNReal.div_def'
2025-04-13 10:40:40 - DEBUG - New Error 2: line 12, type: simp_failed, message: simp made no progress
2025-04-13 10:40:40 - DEBUG - New Error 3: line 16, type: failed_to_synthesize, message: failed to synthesize
  HPow NNReal NNReal ?m.3609
use `set_option diagnostics true` to get diagnostic information
2025-04-13 10:40:40 - DEBUG - New Error 4: line 19, type: rewrite_failed, message: tactic 'rewrite' failed, did not find instance of the pattern in the target expression
  (Finset.range n).prod a
a : ℕ → NNReal
n : ℕ
h₀ : (Finset.range n).prod a = 1
arith_mean : (Finset.range n).sum a / ↑n = (Finset.range n).sum a * (↑n)⁻¹
⊢ sorryAx (Sort ?u.3362) true
2025-04-13 10:40:40 - DEBUG - New Error 5: line 22, type: failed_to_synthesize, message: failed to synthesize
  HPow NNReal NNReal ?m.3776
use `set_option diagnostics true` to get diagnostic information
2025-04-13 10:40:40 - INFO - Testing fragment: ring
2025-04-13 10:40:40 - INFO - Original error line:   have amgm_ineq := Finset.le_geom_mean_arith_mean (Finset.range n) a (fun _ _ => NNReal.zero_le _) (fun _ _ => le_rfl)
2025-04-13 10:40:42 - INFO - Testing fix: Original errors: 2, Fixed errors: 7
2025-04-13 10:40:42 - INFO - Result: False (introduced 6 new errors)
2025-04-13 10:40:42 - DEBUG - === New errors detail ===
2025-04-13 10:40:42 - DEBUG - New Error 1: line 7, type: ring_failed, message: Try this: ring_nf
2025-04-13 10:40:42 - DEBUG - New Error 2: line 12, type: unknown_constant, message: unknown constant 'NNReal.div_def'
2025-04-13 10:40:42 - DEBUG - New Error 3: line 12, type: simp_failed, message: simp made no progress
2025-04-13 10:40:42 - DEBUG - New Error 4: line 16, type: failed_to_synthesize, message: failed to synthesize
  HPow NNReal NNReal ?m.6941
use `set_option diagnostics true` to get diagnostic information
2025-04-13 10:40:42 - DEBUG - New Error 5: line 19, type: rewrite_failed, message: tactic 'rewrite' failed, did not find instance of the pattern in the target expression
  (Finset.range n).prod a
a : ℕ → NNReal
n : ℕ
h₀ : (Finset.range n).prod a = 1
arith_mean : (Finset.range n).sum a / ↑n = (Finset.range n).sum a * (↑n)⁻¹
⊢ sorryAx (Sort ?u.6694) true
2025-04-13 10:40:42 - DEBUG - New Error 6: line 22, type: failed_to_synthesize, message: failed to synthesize
  HPow NNReal NNReal ?m.7108
use `set_option diagnostics true` to get diagnostic information
2025-04-13 10:40:42 - INFO - Testing fragment: ring_nf
2025-04-13 10:40:42 - INFO - Original error line:   have amgm_ineq := Finset.le_geom_mean_arith_mean (Finset.range n) a (fun _ _ => NNReal.zero_le _) (fun _ _ => le_rfl)
2025-04-13 10:40:44 - INFO - Testing fix: Original errors: 2, Fixed errors: 6
2025-04-13 10:40:44 - INFO - Result: False (introduced 5 new errors)
2025-04-13 10:40:44 - DEBUG - === New errors detail ===
2025-04-13 10:40:44 - DEBUG - New Error 1: line 12, type: unknown_constant, message: unknown constant 'NNReal.div_def'
2025-04-13 10:40:44 - DEBUG - New Error 2: line 12, type: simp_failed, message: simp made no progress
2025-04-13 10:40:44 - DEBUG - New Error 3: line 16, type: failed_to_synthesize, message: failed to synthesize
  HPow NNReal NNReal ?m.6941
use `set_option diagnostics true` to get diagnostic information
2025-04-13 10:40:44 - DEBUG - New Error 4: line 19, type: rewrite_failed, message: tactic 'rewrite' failed, did not find instance of the pattern in the target expression
  (Finset.range n).prod a
a : ℕ → NNReal
n : ℕ
h₀ : (Finset.range n).prod a = 1
arith_mean : (Finset.range n).sum a / ↑n = (Finset.range n).sum a * (↑n)⁻¹
⊢ sorryAx (Sort ?u.6694) true
2025-04-13 10:40:44 - DEBUG - New Error 5: line 22, type: failed_to_synthesize, message: failed to synthesize
  HPow NNReal NNReal ?m.7108
use `set_option diagnostics true` to get diagnostic information
2025-04-13 10:40:44 - INFO - Testing fragment: omega
2025-04-13 10:40:44 - INFO - Original error line:   have amgm_ineq := Finset.le_geom_mean_arith_mean (Finset.range n) a (fun _ _ => NNReal.zero_le _) (fun _ _ => le_rfl)
2025-04-13 10:40:46 - INFO - Testing fix: Original errors: 2, Fixed errors: 1
2025-04-13 10:40:46 - INFO - Result: False (introduced 1 new errors)
2025-04-13 10:40:46 - DEBUG - === New errors detail ===
2025-04-13 10:40:46 - DEBUG - New Error 1: line 7, type: other_error, message: omega could not prove the goal:
No usable constraints found. You may need to unfold definitions so `omega` can see linear arithmetic facts about `Nat` and `Int`, which may also involve multiplication, division, and modular remainder by constants.
2025-04-13 10:40:46 - INFO - Testing fragment: linarith
2025-04-13 10:40:46 - INFO - Original error line:   have amgm_ineq := Finset.le_geom_mean_arith_mean (Finset.range n) a (fun _ _ => NNReal.zero_le _) (fun _ _ => le_rfl)
2025-04-13 10:40:48 - INFO - Testing fix: Original errors: 2, Fixed errors: 1
2025-04-13 10:40:48 - INFO - Result: False (introduced 1 new errors)
2025-04-13 10:40:48 - DEBUG - === New errors detail ===
2025-04-13 10:40:48 - DEBUG - New Error 1: line 7, type: linarith_failed, message: linarith failed to find a contradiction
case a
a : ℕ → NNReal
n : ℕ
h₀ : (Finset.range n).prod a = 1
a✝ : ↑n > (Finset.range n).sum a
⊢ False
failed
2025-04-13 10:40:48 - INFO - Testing fragment: nlinarith
2025-04-13 10:40:48 - INFO - Original error line:   have amgm_ineq := Finset.le_geom_mean_arith_mean (Finset.range n) a (fun _ _ => NNReal.zero_le _) (fun _ _ => le_rfl)
2025-04-13 10:40:50 - INFO - Testing fix: Original errors: 2, Fixed errors: 1
2025-04-13 10:40:50 - INFO - Result: False (introduced 1 new errors)
2025-04-13 10:40:50 - DEBUG - === New errors detail ===
2025-04-13 10:40:50 - DEBUG - New Error 1: line 7, type: linarith_failed, message: linarith failed to find a contradiction
case a
a : ℕ → NNReal
n : ℕ
h₀ : (Finset.range n).prod a = 1
a✝ : ↑n > (Finset.range n).sum a
⊢ False
failed
2025-04-13 10:40:50 - INFO - Failed attempt time: 22.04 seconds
2025-04-13 10:40:50 - INFO - ❌ Could not generate fix for error at line 7
2025-04-13 10:40:51 - INFO - 
===== Fix attempt completed =====
2025-04-13 10:40:51 - INFO - Original errors: 2
2025-04-13 10:40:51 - INFO - Fixed errors: 0
2025-04-13 10:40:51 - INFO - Failed errors: 2
2025-04-13 10:40:51 - INFO - Remaining errors: 2
2025-04-13 10:40:51 - INFO - Total time: 46.08 seconds
2025-04-13 10:40:51 - INFO - 
Final fixed code:
2025-04-13 10:40:51 - INFO - ----------------------------------------
2025-04-13 10:40:51 - INFO - /-- Show that for any real-valued function $a$ on the natural numbers such that $\forall i \in \mathbb{N}, a_i \geq 0$, 
    if $prod_{i=0}^{n-1} a_i = 1$, then $sum_{i=0}^{n-1} a_i \geq n$.-/
theorem algebra_amgm_prod1toneq1_sum1tongeqn (a : ℕ → NNReal) (n : ℕ)
    (h₀ : Finset.prod (Finset.range n) a = 1) : Finset.sum (Finset.range n) a ≥ n := by
  -- First, we'll use the Arithmetic Mean-Geometric Mean (AM-GM) inequality
  -- The AM-GM inequality states that for non-negative real numbers, the arithmetic mean is ≥ geometric mean
  have amgm_ineq := Finset.le_geom_mean_arith_mean (Finset.range n) a (fun _ _ => NNReal.zero_le _) (fun _ _ => le_rfl)
  
  -- Simplify the arithmetic mean (left side of AM-GM inequality)
  -- The arithmetic mean is (sum a_i)/n
  have arith_mean : (Finset.sum (Finset.range n) a) / n = (Finset.sum (Finset.range n) a) * (n⁻¹ : NNReal) := by
    simp only [NNReal.div_def]
  
  -- Simplify the geometric mean (right side of AM-GM inequality)
  -- The geometric mean is (prod a_i)^(1/n)
  have geom_mean : (Finset.prod (Finset.range n) a) ^ (n⁻¹ : NNReal) = 
      (1 : NNReal) ^ (n⁻¹ : NNReal) := by
    -- Substitute h₀ which states that the product equals 1
    rw [h₀]
  
  -- Since 1 raised to any power is 1, we can further simplify the geometric mean
  have geom_mean_simplified : (1 : NNReal) ^ (n⁻¹ : NNReal) = 1 := by
    exact NNReal.one_rpow _
  
  -- Combine the geometric mean simplifications
  have geom_mean_final := Eq.trans geom_mean geom_mean_simplified
  
  -- Rewrite the AM-GM inequality using our simplified arithmetic and geometric means
  rw [arith_mean, geom_mean_final] at amgm_ineq
  
  -- Now we have: (sum a_i) * n⁻¹ ≥ 1
  -- Multiply both sides by n (which is positive since n is a natural number)
  -- Note: multiplication by n is order-preserving since n > 0
  have n_pos : n > 0 ∨ n = 0 := by
    exact Nat.eq_zero_or_pos n
  cases n_pos with
  | inl hn_pos =>
    -- Case when n > 0
    have multiply_both_sides := mul_le_mul_right' amgm_ineq (n : NNReal)
    -- Simplify: (sum a_i) * n⁻¹ * n = sum a_i
    have lhs_simplified : (Finset.sum (Finset.range n) a) * (n⁻¹ : NNReal) * n = 
        Finset.sum (Finset.range n) a := by
      rw [mul_assoc, inv_mul_cancel, mul_one]
      exact NNReal.nat_cast_ne_zero.mpr (Nat.pos_iff_ne_zero.mp hn_pos)
    -- Simplify: 1 * n = n
    have rhs_simplified : (1 : NNReal) * n = n := by
      simp only [one_mul]
    -- Rewrite the inequality with these simplifications
    rw [lhs_simplified, rhs_simplified] at multiply_both_sides
    exact multiply_both_sides
  | inr hn_zero =>
    -- Case when n = 0
    -- Both sides become 0, and 0 ≥ 0 is trivially true
    rw [hn_zero]
    simp only [Finset.range_zero, Finset.sum_empty, Finset.prod_empty, le_refl]
2025-04-13 10:40:51 - INFO - ----------------------------------------
2025-04-13 10:40:51 - INFO - 
Detailed error repair report:
2025-04-13 10:40:51 - INFO - Original code error count: 2
❌ Fixed error 1/2: Could not generate fix for error at line 4 «other_error» (after 22.04s)
❌ Fixed error 2/2: Could not generate fix for error at line 7 «unknown_constant» (after 22.04s)

=== Fix statistics ===
Original error count: 2
Fixed errors: 0 (Fix rate: 0.0000)
Failed errors: 2
Remaining errors: 2
Total time: 46.08 seconds

=== Failed fix details ===

Failed fix 1:
   Line: 4
   Error type: other_error
   Original error message: unsolved goals
a : ℕ → NNReal
n : ℕ
h₀ : (Finset.range n).prod a = 1
⊢ (Finset.range n).sum a ≥ ↑n...
   Failure reason: Could not generate fix
   Time: 22.04 seconds

Failed fix 2:
   Line: 7
   Error type: unknown_constant
   Original error message: unknown constant 'Finset.le_geom_mean_arith_mean'...
   Failure reason: Could not generate fix
   Time: 22.04 seconds
2025-04-13 10:40:51 - INFO - 
Fixed code saved to: ./minif2f/lean_fixed/46_fixed.lean
2025-04-13 10:40:51 - INFO - JSON log saved to: ./minif2f/lean_fixed/46_fix_log.json
2025-04-13 10:40:51 - INFO - 
===== LOG FILE LOCATION =====
2025-04-13 10:40:51 - INFO - Detailed log file is available at: ./minif2f/lean_fixed/46.log
2025-04-13 10:40:51 - INFO - ===============================
