2025-04-13 10:39:27 - INFO - Log file initialized at 2025-04-13T10:39:27.413553
2025-04-13 10:39:27 - INFO - ===== LOG FILE LOCATION =====
2025-04-13 10:39:27 - INFO - Detailed log file created at: /data/coding/minif2f/lean_fixed/47.log
2025-04-13 10:39:27 - INFO - ===============================
2025-04-13 10:39:27 - INFO - Original code:
2025-04-13 10:39:27 - INFO - ----------------------------------------
2025-04-13 10:39:27 - INFO - import Mathlib
import Aesop

set_option maxHeartbeats 0

open BigOperators Real Nat Topology Rat

/-- For what values of $x$ is it true that $x^2 - 5x - 4 \le 10$? Express your answer in interval notation. Show that it is x ∈ [-2,7].-/
theorem mathd_algebra_101 (x : ℝ) (h₀ : x ^ 2 - 5 * x - 4 ≤ 10) : x ≥ -2 ∧ x ≤ 7 := by
  -- First, we rewrite the inequality to standard quadratic form: x² - 5x - 14 ≤ 0
  have h₁ : x ^ 2 - 5 * x - 14 ≤ 0 := by
    -- Subtract 10 from both sides of the original inequality
    linarith only [h₀]
  
  -- Factor the quadratic expression: (x + 2)(x - 7) ≤ 0
  have h₂ : (x + 2) * (x - 7) ≤ 0 := by
    -- Expand (x + 2)(x - 7) to show it equals x² - 5x - 14
    rw [add_mul, sub_mul, mul_comm x 2, ← sub_eq_add_neg]
    simp only [mul_one, sub_sub, add_sub_cancel]
    exact h₁
  
  -- The product (x+2)(x-7) ≤ 0 when x is between the roots -2 and 7
  -- We use the theorem mul_nonpos_iff which states that a*b ≤ 0 ↔ (a ≤ 0 ∧ b ≥ 0) ∨ (a ≥ 0 ∧ b ≤ 0)
  rw [mul_nonpos_iff] at h₂
  
  -- We now consider both cases from the disjunction
  cases' h₂ with h₂_left h₂_right
  · -- Case 1: (x + 2 ≤ 0 ∧ x - 7 ≥ 0)
    -- This would mean x ≤ -2 and x ≥ 7 simultaneously, which is impossible
    -- We show this leads to a contradiction
    rcases h₂_left with ⟨h_le, h_ge⟩
    have : x ≤ -2 ∧ x ≥ 7 := ⟨h_le, by linarith only [h_ge]⟩
    -- But x can't be ≤ -2 and ≥ 7 at the same time
    linarith only [this]
  
  · -- Case 2: (x + 2 ≥ 0 ∧ x - 7 ≤ 0)
    -- This gives us x ≥ -2 and x ≤ 7, which is our desired conclusion
    rcases h₂_right with ⟨h_ge, h_le⟩
    exact ⟨by linarith only [h_ge], by linarith only [h_le]⟩
2025-04-13 10:39:27 - INFO - ----------------------------------------
2025-04-13 10:39:27 - INFO - 
Checking original code for all errors...
2025-04-13 10:40:05 - INFO - Original code contains 5 errors:
2025-04-13 10:40:05 - INFO - Error 1: line 11, type: rewrite_failed, message: tactic 'rewrite' failed, did not find instance of the pattern in the target expression
  (?a - ?b) *...
2025-04-13 10:40:05 - INFO - Error 2: line 25, type: type_mismatch, message: application type mismatch
  And.intro h_le
argument
  h_le
has type
  0 ≤ x + 2 : Prop
but is expect...
2025-04-13 10:40:05 - INFO - Error 3: line 25, type: linarith_failed, message: linarith failed to find a contradiction
case a
x : ℝ
h₀ : x ^ 2 - 5 * x - 4 ≤ 10
h₁ : x ^ 2 - 5 * x ...
2025-04-13 10:40:05 - INFO - Error 4: line 32, type: linarith_failed, message: linarith failed to find a contradiction
case a
x : ℝ
h₀ : x ^ 2 - 5 * x - 4 ≤ 10
h₁ : x ^ 2 - 5 * x ...
2025-04-13 10:40:05 - INFO - Error 5: line 32, type: linarith_failed, message: linarith failed to find a contradiction
case a
x : ℝ
h₀ : x ^ 2 - 5 * x - 4 ≤ 10
h₁ : x ^ 2 - 5 * x ...
2025-04-13 10:40:05 - INFO - 
Starting multi-error continuous repair process...
2025-04-13 10:40:05 - INFO - 
===== Starting to fix all errors =====
2025-04-13 10:40:06 - INFO - 
Found 5 original errors:
2025-04-13 10:40:06 - INFO - Error 1: line 11, type: rewrite_failed, message: tactic 'rewrite' failed, did not find instance of the pattern in the target expression
  (?a - ?b) *...
2025-04-13 10:40:06 - INFO - Error 2: line 25, type: type_mismatch, message: application type mismatch
  And.intro h_le
argument
  h_le
has type
  0 ≤ x + 2 : Prop
but is expect...
2025-04-13 10:40:06 - INFO - Error 3: line 25, type: linarith_failed, message: linarith failed to find a contradiction
case a
x : ℝ
h₀ : x ^ 2 - 5 * x - 4 ≤ 10
h₁ : x ^ 2 - 5 * x ...
2025-04-13 10:40:06 - INFO - Error 4: line 32, type: linarith_failed, message: linarith failed to find a contradiction
case a
x : ℝ
h₀ : x ^ 2 - 5 * x - 4 ≤ 10
h₁ : x ^ 2 - 5 * x ...
2025-04-13 10:40:06 - INFO - Error 5: line 32, type: linarith_failed, message: linarith failed to find a contradiction
case a
x : ℝ
h₀ : x ^ 2 - 5 * x - 4 ≤ 10
h₁ : x ^ 2 - 5 * x ...
2025-04-13 10:40:06 - INFO - 
Trying to fix error 1/5: line 11, type: rewrite_failed
2025-04-13 10:40:06 - INFO - Error message: tactic 'rewrite' failed, did not find instance of the pattern in the target expression
  (?a - ?b) *...
2025-04-13 10:40:06 - INFO - Removed header content, remaining 32 lines of code
2025-04-13 10:40:06 - INFO - Using specified target error line: 11
2025-04-13 10:40:07 - INFO - Found error at specified line: tactic 'rewrite' failed, did not find instance of the pattern in the target expression
  (?a - ?b) * ?c
x : ℝ
h₀ : x ^ 2 - 5 * x - 4 ≤ 10
h₁ : x ^ 2 - 5 * x - 14 ≤ 0
⊢ x * (x - 7) + 2 * (x - 7) ≤ 0
2025-04-13 10:40:07 - INFO - Error at line 11: tactic 'rewrite' failed, did not find instance of the pattern in the target expression
  (?a - ?b) * ?c
x : ℝ
h₀ : x ^ 2 - 5 * x - 4 ≤ 10
h₁ : x ^ 2 - 5 * x - 14 ≤ 0
⊢ x * (x - 7) + 2 * (x - 7) ≤ 0
2025-04-13 10:40:07 - INFO - 
==================================================
2025-04-13 10:40:07 - INFO - Code prepared, starting synthesis
2025-04-13 10:40:07 - INFO - Before part: /-- For what values of $x$ is it true that $x^2 - 5x - 4 \le 10$? Express your answer in interval notation. Show that it is x ∈ [-2,7].-/
theorem mathd_algebra_101 (x : ℝ) (h₀ : x ^ 2 - 5 * x - 4 ≤ 10) : x ≥ -2 ∧ x ≤ 7 := by
  -- First, we rewrite the inequality to standard quadratic form: x² - 5x - 14 ≤ 0
  have h₁ : x ^ 2 - 5 * x - 14 ≤ 0 := by
    -- Subtract 10 from both sides of the original inequality
    linarith only [h₀]
  
  -- Factor the quadratic expression: (x + 2)(x - 7) ≤ 0
  have h₂ : (x + 2) * (x - 7) ≤ 0 := by
    -- Expand (x + 2)(x - 7) to show it equals x² - 5x - 14
2025-04-13 10:40:07 - INFO - Error line:     rw [add_mul, sub_mul, mul_comm x 2, ← sub_eq_add_neg]
2025-04-13 10:40:07 - INFO - After part: simp only [mul_one, sub_sub, add_sub_cancel]
    exact h₁
  
  -- The product (x+2)(x-7) ≤ 0 when x is between the roots -2 and 7
  -- We use the theorem mul_nonpos_iff which states that a*b ≤ 0 ↔ (a ≤ 0 ∧ b ≥ 0) ∨ (a ≥ 0 ∧ b ≤ 0)
  rw [mul_nonpos_iff] at h₂
  
  -- We now consider both cases from the disjunction
  cases' h₂ with h₂_left h₂_right
  · -- Case 1: (x + 2 ≤ 0 ∧ x - 7 ≥ 0)
    -- This would mean x ≤ -2 and x ≥ 7 simultaneously, which is impossible
    -- We show this leads to a contradiction
    rcases h₂_left with ⟨h_le, h_ge⟩
    have : x ≤ -2 ∧ x ≥ 7 := ⟨h_le, by linarith only [h_ge]⟩
    -- But x can't be ≤ -2 and ≥ 7 at the same time
    linarith only [this]
  
  · -- Case 2: (x + 2 ≥ 0 ∧ x - 7 ≤ 0)
    -- This gives us x ≥ -2 and x ≤ 7, which is our desired conclusion
    rcases h₂_right with ⟨h_ge, h_le⟩
    exact ⟨by linarith only [h_ge], by linarith only [h_le]⟩
2025-04-13 10:40:07 - INFO - ==================================================

2025-04-13 10:40:08 - INFO - Testing fragment: rw [justaplaceholder]
2025-04-13 10:40:08 - INFO - Original error line:     rw [add_mul, sub_mul, mul_comm x 2, ← sub_eq_add_neg]
2025-04-13 10:40:10 - INFO - Testing fix: Original errors: 5, Fixed errors: 6
2025-04-13 10:40:10 - INFO - Result: False (introduced 2 new errors)
2025-04-13 10:40:10 - DEBUG - === New errors detail ===
2025-04-13 10:40:10 - DEBUG - New Error 1: line 11, type: unknown_identifier, message: unknown identifier 'justaplaceholder'
2025-04-13 10:40:10 - DEBUG - New Error 2: line 11, type: rewrite_failed, message: tactic 'rewrite' failed, equality or iff proof expected
  ?m.2261
x : ℝ
h₀ : x ^ 2 - 5 * x - 4 ≤ 10
h₁ : x ^ 2 - 5 * x - 14 ≤ 0
⊢ (x + 2) * (x - 7) ≤ 0
2025-04-13 10:40:10 - INFO - Testing fragment: rw [<- justaplaceholder]
2025-04-13 10:40:10 - INFO - Original error line:     rw [add_mul, sub_mul, mul_comm x 2, ← sub_eq_add_neg]
2025-04-13 10:40:12 - INFO - Testing fix: Original errors: 5, Fixed errors: 6
2025-04-13 10:40:12 - INFO - Result: False (introduced 2 new errors)
2025-04-13 10:40:12 - DEBUG - === New errors detail ===
2025-04-13 10:40:12 - DEBUG - New Error 1: line 11, type: unknown_identifier, message: unknown identifier 'justaplaceholder'
2025-04-13 10:40:12 - DEBUG - New Error 2: line 11, type: rewrite_failed, message: tactic 'rewrite' failed, equality or iff proof expected
  ?m.2261
x : ℝ
h₀ : x ^ 2 - 5 * x - 4 ≤ 10
h₁ : x ^ 2 - 5 * x - 14 ≤ 0
⊢ (x + 2) * (x - 7) ≤ 0
2025-04-13 10:40:12 - INFO - Testing fragment: simp
2025-04-13 10:40:12 - INFO - Original error line:     rw [add_mul, sub_mul, mul_comm x 2, ← sub_eq_add_neg]
2025-04-13 10:40:14 - INFO - Testing fix: Original errors: 5, Fixed errors: 5
2025-04-13 10:40:14 - INFO - Result: False (introduced 1 new errors)
2025-04-13 10:40:14 - DEBUG - === New errors detail ===
2025-04-13 10:40:14 - DEBUG - New Error 1: line 11, type: simp_failed, message: simp made no progress
2025-04-13 10:40:14 - INFO - Testing fragment: field_simp
2025-04-13 10:40:14 - INFO - Original error line:     rw [add_mul, sub_mul, mul_comm x 2, ← sub_eq_add_neg]
2025-04-13 10:40:16 - INFO - Testing fix: Original errors: 5, Fixed errors: 5
2025-04-13 10:40:16 - INFO - Result: False (introduced 1 new errors)
2025-04-13 10:40:16 - DEBUG - === New errors detail ===
2025-04-13 10:40:16 - DEBUG - New Error 1: line 11, type: simp_failed, message: simp made no progress
2025-04-13 10:40:16 - INFO - Testing fragment: norm_num
2025-04-13 10:40:16 - INFO - Original error line:     rw [add_mul, sub_mul, mul_comm x 2, ← sub_eq_add_neg]
2025-04-13 10:40:18 - INFO - Testing fix: Original errors: 5, Fixed errors: 5
2025-04-13 10:40:18 - INFO - Result: False (introduced 1 new errors)
2025-04-13 10:40:18 - DEBUG - === New errors detail ===
2025-04-13 10:40:18 - DEBUG - New Error 1: line 12, type: simp_failed, message: simp made no progress
2025-04-13 10:40:18 - INFO - Testing fragment: ring
2025-04-13 10:40:18 - INFO - Original error line:     rw [add_mul, sub_mul, mul_comm x 2, ← sub_eq_add_neg]
2025-04-13 10:40:20 - INFO - Testing fix: Original errors: 5, Fixed errors: 6
2025-04-13 10:40:20 - INFO - Result: False (introduced 2 new errors)
2025-04-13 10:40:20 - DEBUG - === New errors detail ===
2025-04-13 10:40:20 - DEBUG - New Error 1: line 11, type: ring_failed, message: Try this: ring_nf
2025-04-13 10:40:20 - DEBUG - New Error 2: line 12, type: simp_failed, message: simp made no progress
2025-04-13 10:40:20 - INFO - Testing fragment: ring_nf
2025-04-13 10:40:20 - INFO - Original error line:     rw [add_mul, sub_mul, mul_comm x 2, ← sub_eq_add_neg]
2025-04-13 10:40:22 - INFO - Testing fix: Original errors: 5, Fixed errors: 5
2025-04-13 10:40:22 - INFO - Result: False (introduced 1 new errors)
2025-04-13 10:40:22 - DEBUG - === New errors detail ===
2025-04-13 10:40:22 - DEBUG - New Error 1: line 12, type: simp_failed, message: simp made no progress
2025-04-13 10:40:22 - INFO - Testing fragment: omega
2025-04-13 10:40:22 - INFO - Original error line:     rw [add_mul, sub_mul, mul_comm x 2, ← sub_eq_add_neg]
2025-04-13 10:40:24 - INFO - Testing fix: Original errors: 5, Fixed errors: 5
2025-04-13 10:40:24 - INFO - Result: False (introduced 1 new errors)
2025-04-13 10:40:24 - DEBUG - === New errors detail ===
2025-04-13 10:40:24 - DEBUG - New Error 1: line 11, type: other_error, message: omega could not prove the goal:
No usable constraints found. You may need to unfold definitions so `omega` can see linear arithmetic facts about `Nat` and `Int`, which may also involve multiplication, division, and modular remainder by constants.
2025-04-13 10:40:24 - INFO - Testing fragment: linarith
2025-04-13 10:40:24 - INFO - Original error line:     rw [add_mul, sub_mul, mul_comm x 2, ← sub_eq_add_neg]
2025-04-13 10:40:26 - INFO - Testing fix: Original errors: 5, Fixed errors: 5
2025-04-13 10:40:26 - INFO - Result: False (introduced 1 new errors)
2025-04-13 10:40:26 - DEBUG - === New errors detail ===
2025-04-13 10:40:26 - DEBUG - New Error 1: line 12, type: no_goals_to_solve, message: no goals to be solved
2025-04-13 10:40:26 - INFO - Testing fragment: nlinarith
2025-04-13 10:40:26 - INFO - Original error line:     rw [add_mul, sub_mul, mul_comm x 2, ← sub_eq_add_neg]
2025-04-13 10:40:28 - INFO - Testing fix: Original errors: 5, Fixed errors: 5
2025-04-13 10:40:28 - INFO - Result: False (introduced 1 new errors)
2025-04-13 10:40:28 - DEBUG - === New errors detail ===
2025-04-13 10:40:28 - DEBUG - New Error 1: line 12, type: no_goals_to_solve, message: no goals to be solved
2025-04-13 10:40:28 - INFO - Failed attempt time: 22.04 seconds
2025-04-13 10:40:28 - INFO - ❌ Could not generate fix for error at line 11
2025-04-13 10:40:28 - INFO - 
Trying to fix error 2/5: line 25, type: type_mismatch
2025-04-13 10:40:28 - INFO - Error message: application type mismatch
  And.intro h_le
argument
  h_le
has type
  0 ≤ x + 2 : Prop
but is expect...
2025-04-13 10:40:28 - INFO - Removed header content, remaining 32 lines of code
2025-04-13 10:40:28 - INFO - Using specified target error line: 25
2025-04-13 10:40:29 - INFO - Found error at specified line: application type mismatch
  And.intro h_le
argument
  h_le
has type
  0 ≤ x + 2 : Prop
but is expected to have type
  x ≤ -2 : Prop
2025-04-13 10:40:29 - INFO - Error at line 25: application type mismatch
  And.intro h_le
argument
  h_le
has type
  0 ≤ x + 2 : Prop
but is expected to have type
  x ≤ -2 : Prop
2025-04-13 10:40:29 - INFO - 
==================================================
2025-04-13 10:40:29 - INFO - Code prepared, starting synthesis
2025-04-13 10:40:29 - INFO - Before part: /-- For what values of $x$ is it true that $x^2 - 5x - 4 \le 10$? Express your answer in interval notation. Show that it is x ∈ [-2,7].-/
theorem mathd_algebra_101 (x : ℝ) (h₀ : x ^ 2 - 5 * x - 4 ≤ 10) : x ≥ -2 ∧ x ≤ 7 := by
  -- First, we rewrite the inequality to standard quadratic form: x² - 5x - 14 ≤ 0
  have h₁ : x ^ 2 - 5 * x - 14 ≤ 0 := by
    -- Subtract 10 from both sides of the original inequality
    linarith only [h₀]
  
  -- Factor the quadratic expression: (x + 2)(x - 7) ≤ 0
  have h₂ : (x + 2) * (x - 7) ≤ 0 := by
    -- Expand (x + 2)(x - 7) to show it equals x² - 5x - 14
    rw [add_mul, sub_mul, mul_comm x 2, ← sub_eq_add_neg]
    simp only [mul_one, sub_sub, add_sub_cancel]
    exact h₁
  
  -- The product (x+2)(x-7) ≤ 0 when x is between the roots -2 and 7
  -- We use the theorem mul_nonpos_iff which states that a*b ≤ 0 ↔ (a ≤ 0 ∧ b ≥ 0) ∨ (a ≥ 0 ∧ b ≤ 0)
  rw [mul_nonpos_iff] at h₂
  
  -- We now consider both cases from the disjunction
  cases' h₂ with h₂_left h₂_right
  · -- Case 1: (x + 2 ≤ 0 ∧ x - 7 ≥ 0)
    -- This would mean x ≤ -2 and x ≥ 7 simultaneously, which is impossible
    -- We show this leads to a contradiction
    rcases h₂_left with ⟨h_le, h_ge⟩
2025-04-13 10:40:29 - INFO - Error line:     have : x ≤ -2 ∧ x ≥ 7 := ⟨h_le, by linarith only [h_ge]⟩
2025-04-13 10:40:29 - INFO - After part: -- But x can't be ≤ -2 and ≥ 7 at the same time
    linarith only [this]
  
  · -- Case 2: (x + 2 ≥ 0 ∧ x - 7 ≤ 0)
    -- This gives us x ≥ -2 and x ≤ 7, which is our desired conclusion
    rcases h₂_right with ⟨h_ge, h_le⟩
    exact ⟨by linarith only [h_ge], by linarith only [h_le]⟩
2025-04-13 10:40:29 - INFO - ==================================================

2025-04-13 10:40:30 - INFO - Testing fragment: rw [justaplaceholder]
2025-04-13 10:40:30 - INFO - Original error line:     have : x ≤ -2 ∧ x ≥ 7 := ⟨h_le, by linarith only [h_ge]⟩
2025-04-13 10:40:32 - INFO - Testing fix: Original errors: 5, Fixed errors: 1
2025-04-13 10:40:32 - INFO - Result: False (introduced 1 new errors)
2025-04-13 10:40:32 - DEBUG - === New errors detail ===
2025-04-13 10:40:32 - DEBUG - New Error 1: line 25, type: other_error, message: unexpected identifier; expected '⟩'
2025-04-13 10:40:32 - INFO - Testing fragment: rw [<- justaplaceholder]
2025-04-13 10:40:32 - INFO - Original error line:     have : x ≤ -2 ∧ x ≥ 7 := ⟨h_le, by linarith only [h_ge]⟩
2025-04-13 10:40:34 - INFO - Testing fix: Original errors: 5, Fixed errors: 1
2025-04-13 10:40:34 - INFO - Result: False (introduced 1 new errors)
2025-04-13 10:40:34 - DEBUG - === New errors detail ===
2025-04-13 10:40:34 - DEBUG - New Error 1: line 25, type: other_error, message: unexpected identifier; expected '⟩'
2025-04-13 10:40:34 - INFO - Testing fragment: simp
2025-04-13 10:40:34 - INFO - Original error line:     have : x ≤ -2 ∧ x ≥ 7 := ⟨h_le, by linarith only [h_ge]⟩
2025-04-13 10:40:36 - INFO - Testing fix: Original errors: 5, Fixed errors: 1
2025-04-13 10:40:36 - INFO - Result: False (introduced 1 new errors)
2025-04-13 10:40:36 - DEBUG - === New errors detail ===
2025-04-13 10:40:36 - DEBUG - New Error 1: line 25, type: other_error, message: unexpected identifier; expected '⟩'
2025-04-13 10:40:36 - INFO - Testing fragment: field_simp
2025-04-13 10:40:36 - INFO - Original error line:     have : x ≤ -2 ∧ x ≥ 7 := ⟨h_le, by linarith only [h_ge]⟩
2025-04-13 10:40:38 - INFO - Testing fix: Original errors: 5, Fixed errors: 1
2025-04-13 10:40:38 - INFO - Result: False (introduced 1 new errors)
2025-04-13 10:40:38 - DEBUG - === New errors detail ===
2025-04-13 10:40:38 - DEBUG - New Error 1: line 25, type: other_error, message: unexpected identifier; expected '⟩'
2025-04-13 10:40:38 - INFO - Testing fragment: norm_num
2025-04-13 10:40:38 - INFO - Original error line:     have : x ≤ -2 ∧ x ≥ 7 := ⟨h_le, by linarith only [h_ge]⟩
2025-04-13 10:40:40 - INFO - Testing fix: Original errors: 5, Fixed errors: 1
2025-04-13 10:40:40 - INFO - Result: False (introduced 1 new errors)
2025-04-13 10:40:40 - DEBUG - === New errors detail ===
2025-04-13 10:40:40 - DEBUG - New Error 1: line 25, type: other_error, message: unexpected identifier; expected '⟩'
2025-04-13 10:40:40 - INFO - Testing fragment: ring
2025-04-13 10:40:40 - INFO - Original error line:     have : x ≤ -2 ∧ x ≥ 7 := ⟨h_le, by linarith only [h_ge]⟩
2025-04-13 10:40:42 - INFO - Testing fix: Original errors: 5, Fixed errors: 1
2025-04-13 10:40:42 - INFO - Result: False (introduced 1 new errors)
2025-04-13 10:40:42 - DEBUG - === New errors detail ===
2025-04-13 10:40:42 - DEBUG - New Error 1: line 25, type: other_error, message: unexpected identifier; expected '⟩'
2025-04-13 10:40:42 - INFO - Testing fragment: ring_nf
2025-04-13 10:40:42 - INFO - Original error line:     have : x ≤ -2 ∧ x ≥ 7 := ⟨h_le, by linarith only [h_ge]⟩
2025-04-13 10:40:44 - INFO - Testing fix: Original errors: 5, Fixed errors: 1
2025-04-13 10:40:44 - INFO - Result: False (introduced 1 new errors)
2025-04-13 10:40:44 - DEBUG - === New errors detail ===
2025-04-13 10:40:44 - DEBUG - New Error 1: line 25, type: other_error, message: unexpected identifier; expected '⟩'
2025-04-13 10:40:44 - INFO - Testing fragment: omega
2025-04-13 10:40:44 - INFO - Original error line:     have : x ≤ -2 ∧ x ≥ 7 := ⟨h_le, by linarith only [h_ge]⟩
2025-04-13 10:40:46 - INFO - Testing fix: Original errors: 5, Fixed errors: 1
2025-04-13 10:40:46 - INFO - Result: False (introduced 1 new errors)
2025-04-13 10:40:46 - DEBUG - === New errors detail ===
2025-04-13 10:40:46 - DEBUG - New Error 1: line 25, type: other_error, message: unexpected identifier; expected '⟩'
2025-04-13 10:40:46 - INFO - Testing fragment: linarith
2025-04-13 10:40:46 - INFO - Original error line:     have : x ≤ -2 ∧ x ≥ 7 := ⟨h_le, by linarith only [h_ge]⟩
2025-04-13 10:40:48 - INFO - Testing fix: Original errors: 5, Fixed errors: 1
2025-04-13 10:40:48 - INFO - Result: False (introduced 1 new errors)
2025-04-13 10:40:48 - DEBUG - === New errors detail ===
2025-04-13 10:40:48 - DEBUG - New Error 1: line 25, type: other_error, message: unexpected identifier; expected '⟩'
2025-04-13 10:40:48 - INFO - Testing fragment: nlinarith
2025-04-13 10:40:48 - INFO - Original error line:     have : x ≤ -2 ∧ x ≥ 7 := ⟨h_le, by linarith only [h_ge]⟩
2025-04-13 10:40:50 - INFO - Testing fix: Original errors: 5, Fixed errors: 1
2025-04-13 10:40:50 - INFO - Result: False (introduced 1 new errors)
2025-04-13 10:40:50 - DEBUG - === New errors detail ===
2025-04-13 10:40:50 - DEBUG - New Error 1: line 25, type: other_error, message: unexpected identifier; expected '⟩'
2025-04-13 10:40:50 - INFO - Failed attempt time: 22.04 seconds
2025-04-13 10:40:50 - INFO - ❌ Could not generate fix for error at line 25
2025-04-13 10:40:50 - INFO - 
Trying to fix error 3/5: line 25, type: linarith_failed
2025-04-13 10:40:50 - INFO - Error message: linarith failed to find a contradiction
case a
x : ℝ
h₀ : x ^ 2 - 5 * x - 4 ≤ 10
h₁ : x ^ 2 - 5 * x ...
2025-04-13 10:40:50 - INFO - Removed header content, remaining 32 lines of code
2025-04-13 10:40:50 - INFO - Using specified target error line: 25
2025-04-13 10:40:51 - INFO - Found error at specified line: application type mismatch
  And.intro h_le
argument
  h_le
has type
  0 ≤ x + 2 : Prop
but is expected to have type
  x ≤ -2 : Prop
2025-04-13 10:40:51 - INFO - Error at line 25: application type mismatch
  And.intro h_le
argument
  h_le
has type
  0 ≤ x + 2 : Prop
but is expected to have type
  x ≤ -2 : Prop
2025-04-13 10:40:51 - INFO - 
==================================================
2025-04-13 10:40:51 - INFO - Code prepared, starting synthesis
2025-04-13 10:40:51 - INFO - Before part: /-- For what values of $x$ is it true that $x^2 - 5x - 4 \le 10$? Express your answer in interval notation. Show that it is x ∈ [-2,7].-/
theorem mathd_algebra_101 (x : ℝ) (h₀ : x ^ 2 - 5 * x - 4 ≤ 10) : x ≥ -2 ∧ x ≤ 7 := by
  -- First, we rewrite the inequality to standard quadratic form: x² - 5x - 14 ≤ 0
  have h₁ : x ^ 2 - 5 * x - 14 ≤ 0 := by
    -- Subtract 10 from both sides of the original inequality
    linarith only [h₀]
  
  -- Factor the quadratic expression: (x + 2)(x - 7) ≤ 0
  have h₂ : (x + 2) * (x - 7) ≤ 0 := by
    -- Expand (x + 2)(x - 7) to show it equals x² - 5x - 14
    rw [add_mul, sub_mul, mul_comm x 2, ← sub_eq_add_neg]
    simp only [mul_one, sub_sub, add_sub_cancel]
    exact h₁
  
  -- The product (x+2)(x-7) ≤ 0 when x is between the roots -2 and 7
  -- We use the theorem mul_nonpos_iff which states that a*b ≤ 0 ↔ (a ≤ 0 ∧ b ≥ 0) ∨ (a ≥ 0 ∧ b ≤ 0)
  rw [mul_nonpos_iff] at h₂
  
  -- We now consider both cases from the disjunction
  cases' h₂ with h₂_left h₂_right
  · -- Case 1: (x + 2 ≤ 0 ∧ x - 7 ≥ 0)
    -- This would mean x ≤ -2 and x ≥ 7 simultaneously, which is impossible
    -- We show this leads to a contradiction
    rcases h₂_left with ⟨h_le, h_ge⟩
2025-04-13 10:40:51 - INFO - Error line:     have : x ≤ -2 ∧ x ≥ 7 := ⟨h_le, by linarith only [h_ge]⟩
2025-04-13 10:40:51 - INFO - After part: -- But x can't be ≤ -2 and ≥ 7 at the same time
    linarith only [this]
  
  · -- Case 2: (x + 2 ≥ 0 ∧ x - 7 ≤ 0)
    -- This gives us x ≥ -2 and x ≤ 7, which is our desired conclusion
    rcases h₂_right with ⟨h_ge, h_le⟩
    exact ⟨by linarith only [h_ge], by linarith only [h_le]⟩
2025-04-13 10:40:51 - INFO - ==================================================

2025-04-13 10:40:52 - INFO - Testing fragment: rw [justaplaceholder]
2025-04-13 10:40:52 - INFO - Original error line:     have : x ≤ -2 ∧ x ≥ 7 := ⟨h_le, by linarith only [h_ge]⟩
2025-04-13 10:40:54 - INFO - Testing fix: Original errors: 5, Fixed errors: 1
2025-04-13 10:40:54 - INFO - Result: False (introduced 1 new errors)
2025-04-13 10:40:54 - DEBUG - === New errors detail ===
2025-04-13 10:40:54 - DEBUG - New Error 1: line 25, type: other_error, message: unexpected identifier; expected '⟩'
2025-04-13 10:40:54 - INFO - Testing fragment: rw [<- justaplaceholder]
2025-04-13 10:40:54 - INFO - Original error line:     have : x ≤ -2 ∧ x ≥ 7 := ⟨h_le, by linarith only [h_ge]⟩
2025-04-13 10:40:56 - INFO - Testing fix: Original errors: 5, Fixed errors: 1
2025-04-13 10:40:56 - INFO - Result: False (introduced 1 new errors)
2025-04-13 10:40:56 - DEBUG - === New errors detail ===
2025-04-13 10:40:56 - DEBUG - New Error 1: line 25, type: other_error, message: unexpected identifier; expected '⟩'
2025-04-13 10:40:56 - INFO - Testing fragment: simp
2025-04-13 10:40:56 - INFO - Original error line:     have : x ≤ -2 ∧ x ≥ 7 := ⟨h_le, by linarith only [h_ge]⟩
2025-04-13 10:40:58 - INFO - Testing fix: Original errors: 5, Fixed errors: 1
2025-04-13 10:40:58 - INFO - Result: False (introduced 1 new errors)
2025-04-13 10:40:58 - DEBUG - === New errors detail ===
2025-04-13 10:40:58 - DEBUG - New Error 1: line 25, type: other_error, message: unexpected identifier; expected '⟩'
2025-04-13 10:40:58 - INFO - Testing fragment: field_simp
2025-04-13 10:40:58 - INFO - Original error line:     have : x ≤ -2 ∧ x ≥ 7 := ⟨h_le, by linarith only [h_ge]⟩
2025-04-13 10:41:00 - INFO - Testing fix: Original errors: 5, Fixed errors: 1
2025-04-13 10:41:00 - INFO - Result: False (introduced 1 new errors)
2025-04-13 10:41:00 - DEBUG - === New errors detail ===
2025-04-13 10:41:00 - DEBUG - New Error 1: line 25, type: other_error, message: unexpected identifier; expected '⟩'
2025-04-13 10:41:00 - INFO - Testing fragment: norm_num
2025-04-13 10:41:00 - INFO - Original error line:     have : x ≤ -2 ∧ x ≥ 7 := ⟨h_le, by linarith only [h_ge]⟩
2025-04-13 10:41:02 - INFO - Testing fix: Original errors: 5, Fixed errors: 1
2025-04-13 10:41:02 - INFO - Result: False (introduced 1 new errors)
2025-04-13 10:41:02 - DEBUG - === New errors detail ===
2025-04-13 10:41:02 - DEBUG - New Error 1: line 25, type: other_error, message: unexpected identifier; expected '⟩'
2025-04-13 10:41:02 - INFO - Testing fragment: ring
2025-04-13 10:41:02 - INFO - Original error line:     have : x ≤ -2 ∧ x ≥ 7 := ⟨h_le, by linarith only [h_ge]⟩
2025-04-13 10:41:04 - INFO - Testing fix: Original errors: 5, Fixed errors: 1
2025-04-13 10:41:04 - INFO - Result: False (introduced 1 new errors)
2025-04-13 10:41:04 - DEBUG - === New errors detail ===
2025-04-13 10:41:04 - DEBUG - New Error 1: line 25, type: other_error, message: unexpected identifier; expected '⟩'
2025-04-13 10:41:04 - INFO - Testing fragment: ring_nf
2025-04-13 10:41:04 - INFO - Original error line:     have : x ≤ -2 ∧ x ≥ 7 := ⟨h_le, by linarith only [h_ge]⟩
2025-04-13 10:41:06 - INFO - Testing fix: Original errors: 5, Fixed errors: 1
2025-04-13 10:41:06 - INFO - Result: False (introduced 1 new errors)
2025-04-13 10:41:06 - DEBUG - === New errors detail ===
2025-04-13 10:41:06 - DEBUG - New Error 1: line 25, type: other_error, message: unexpected identifier; expected '⟩'
2025-04-13 10:41:06 - INFO - Testing fragment: omega
2025-04-13 10:41:06 - INFO - Original error line:     have : x ≤ -2 ∧ x ≥ 7 := ⟨h_le, by linarith only [h_ge]⟩
2025-04-13 10:41:08 - INFO - Testing fix: Original errors: 5, Fixed errors: 1
2025-04-13 10:41:08 - INFO - Result: False (introduced 1 new errors)
2025-04-13 10:41:08 - DEBUG - === New errors detail ===
2025-04-13 10:41:08 - DEBUG - New Error 1: line 25, type: other_error, message: unexpected identifier; expected '⟩'
2025-04-13 10:41:08 - INFO - Testing fragment: linarith
2025-04-13 10:41:08 - INFO - Original error line:     have : x ≤ -2 ∧ x ≥ 7 := ⟨h_le, by linarith only [h_ge]⟩
2025-04-13 10:41:10 - INFO - Testing fix: Original errors: 5, Fixed errors: 1
2025-04-13 10:41:10 - INFO - Result: False (introduced 1 new errors)
2025-04-13 10:41:10 - DEBUG - === New errors detail ===
2025-04-13 10:41:10 - DEBUG - New Error 1: line 25, type: other_error, message: unexpected identifier; expected '⟩'
2025-04-13 10:41:10 - INFO - Testing fragment: nlinarith
2025-04-13 10:41:10 - INFO - Original error line:     have : x ≤ -2 ∧ x ≥ 7 := ⟨h_le, by linarith only [h_ge]⟩
2025-04-13 10:41:12 - INFO - Testing fix: Original errors: 5, Fixed errors: 1
2025-04-13 10:41:12 - INFO - Result: False (introduced 1 new errors)
2025-04-13 10:41:12 - DEBUG - === New errors detail ===
2025-04-13 10:41:12 - DEBUG - New Error 1: line 25, type: other_error, message: unexpected identifier; expected '⟩'
2025-04-13 10:41:12 - INFO - Failed attempt time: 22.04 seconds
2025-04-13 10:41:12 - INFO - ❌ Could not generate fix for error at line 25
2025-04-13 10:41:12 - INFO - 
Trying to fix error 4/5: line 32, type: linarith_failed
2025-04-13 10:41:12 - INFO - Error message: linarith failed to find a contradiction
case a
x : ℝ
h₀ : x ^ 2 - 5 * x - 4 ≤ 10
h₁ : x ^ 2 - 5 * x ...
2025-04-13 10:41:12 - INFO - Removed header content, remaining 32 lines of code
2025-04-13 10:41:12 - INFO - Using specified target error line: 32
2025-04-13 10:41:13 - INFO - Found error at specified line: linarith failed to find a contradiction
case a
x : ℝ
h₀ : x ^ 2 - 5 * x - 4 ≤ 10
h₁ : x ^ 2 - 5 * x - 14 ≤ 0
h_ge : x + 2 ≤ 0
h_le : 0 ≤ x - 7
a✝ : -2 > x
⊢ False
failed
2025-04-13 10:41:13 - INFO - Error at line 32: linarith failed to find a contradiction
case a
x : ℝ
h₀ : x ^ 2 - 5 * x - 4 ≤ 10
h₁ : x ^ 2 - 5 * x - 14 ≤ 0
h_ge : x + 2 ≤ 0
h_le : 0 ≤ x - 7
a✝ : -2 > x
⊢ False
failed
2025-04-13 10:41:13 - INFO - 
==================================================
2025-04-13 10:41:13 - INFO - Code prepared, starting synthesis
2025-04-13 10:41:13 - INFO - Before part: /-- For what values of $x$ is it true that $x^2 - 5x - 4 \le 10$? Express your answer in interval notation. Show that it is x ∈ [-2,7].-/
theorem mathd_algebra_101 (x : ℝ) (h₀ : x ^ 2 - 5 * x - 4 ≤ 10) : x ≥ -2 ∧ x ≤ 7 := by
  -- First, we rewrite the inequality to standard quadratic form: x² - 5x - 14 ≤ 0
  have h₁ : x ^ 2 - 5 * x - 14 ≤ 0 := by
    -- Subtract 10 from both sides of the original inequality
    linarith only [h₀]
  
  -- Factor the quadratic expression: (x + 2)(x - 7) ≤ 0
  have h₂ : (x + 2) * (x - 7) ≤ 0 := by
    -- Expand (x + 2)(x - 7) to show it equals x² - 5x - 14
    rw [add_mul, sub_mul, mul_comm x 2, ← sub_eq_add_neg]
    simp only [mul_one, sub_sub, add_sub_cancel]
    exact h₁
  
  -- The product (x+2)(x-7) ≤ 0 when x is between the roots -2 and 7
  -- We use the theorem mul_nonpos_iff which states that a*b ≤ 0 ↔ (a ≤ 0 ∧ b ≥ 0) ∨ (a ≥ 0 ∧ b ≤ 0)
  rw [mul_nonpos_iff] at h₂
  
  -- We now consider both cases from the disjunction
  cases' h₂ with h₂_left h₂_right
  · -- Case 1: (x + 2 ≤ 0 ∧ x - 7 ≥ 0)
    -- This would mean x ≤ -2 and x ≥ 7 simultaneously, which is impossible
    -- We show this leads to a contradiction
    rcases h₂_left with ⟨h_le, h_ge⟩
    have : x ≤ -2 ∧ x ≥ 7 := ⟨h_le, by linarith only [h_ge]⟩
    -- But x can't be ≤ -2 and ≥ 7 at the same time
    linarith only [this]
  
  · -- Case 2: (x + 2 ≥ 0 ∧ x - 7 ≤ 0)
    -- This gives us x ≥ -2 and x ≤ 7, which is our desired conclusion
    rcases h₂_right with ⟨h_ge, h_le⟩
2025-04-13 10:41:13 - INFO - Error line:     exact ⟨by linarith only [h_ge], by linarith only [h_le]⟩
2025-04-13 10:41:13 - INFO - After part: 
2025-04-13 10:41:13 - INFO - ==================================================

2025-04-13 10:41:14 - INFO - Testing fragment: rw [justaplaceholder]
2025-04-13 10:41:14 - INFO - Original error line:     exact ⟨by linarith only [h_ge], by linarith only [h_le]⟩
2025-04-13 10:41:16 - INFO - Testing fix: Original errors: 5, Fixed errors: 1
2025-04-13 10:41:16 - INFO - Result: False (introduced 1 new errors)
2025-04-13 10:41:16 - DEBUG - === New errors detail ===
2025-04-13 10:41:16 - DEBUG - New Error 1: line 32, type: other_error, message: unexpected end of input; expected '⟩'
2025-04-13 10:41:16 - INFO - Testing fragment: rw [<- justaplaceholder]
2025-04-13 10:41:16 - INFO - Original error line:     exact ⟨by linarith only [h_ge], by linarith only [h_le]⟩
2025-04-13 10:41:18 - INFO - Testing fix: Original errors: 5, Fixed errors: 1
2025-04-13 10:41:18 - INFO - Result: False (introduced 1 new errors)
2025-04-13 10:41:18 - DEBUG - === New errors detail ===
2025-04-13 10:41:18 - DEBUG - New Error 1: line 32, type: other_error, message: unexpected end of input; expected '⟩'
2025-04-13 10:41:18 - INFO - Testing fragment: simp
2025-04-13 10:41:18 - INFO - Original error line:     exact ⟨by linarith only [h_ge], by linarith only [h_le]⟩
2025-04-13 10:41:20 - INFO - Testing fix: Original errors: 5, Fixed errors: 1
2025-04-13 10:41:20 - INFO - Result: False (introduced 1 new errors)
2025-04-13 10:41:20 - DEBUG - === New errors detail ===
2025-04-13 10:41:20 - DEBUG - New Error 1: line 32, type: other_error, message: unexpected end of input; expected '⟩'
2025-04-13 10:41:20 - INFO - Testing fragment: field_simp
2025-04-13 10:41:20 - INFO - Original error line:     exact ⟨by linarith only [h_ge], by linarith only [h_le]⟩
2025-04-13 10:41:22 - INFO - Testing fix: Original errors: 5, Fixed errors: 1
2025-04-13 10:41:22 - INFO - Result: False (introduced 1 new errors)
2025-04-13 10:41:22 - DEBUG - === New errors detail ===
2025-04-13 10:41:22 - DEBUG - New Error 1: line 32, type: other_error, message: unexpected end of input; expected '⟩'
2025-04-13 10:41:22 - INFO - Testing fragment: norm_num
2025-04-13 10:41:22 - INFO - Original error line:     exact ⟨by linarith only [h_ge], by linarith only [h_le]⟩
2025-04-13 10:41:24 - INFO - Testing fix: Original errors: 5, Fixed errors: 1
2025-04-13 10:41:24 - INFO - Result: False (introduced 1 new errors)
2025-04-13 10:41:24 - DEBUG - === New errors detail ===
2025-04-13 10:41:24 - DEBUG - New Error 1: line 32, type: other_error, message: unexpected end of input; expected '⟩'
2025-04-13 10:41:24 - INFO - Testing fragment: ring
2025-04-13 10:41:24 - INFO - Original error line:     exact ⟨by linarith only [h_ge], by linarith only [h_le]⟩
2025-04-13 10:41:26 - INFO - Testing fix: Original errors: 5, Fixed errors: 1
2025-04-13 10:41:26 - INFO - Result: False (introduced 1 new errors)
2025-04-13 10:41:26 - DEBUG - === New errors detail ===
2025-04-13 10:41:26 - DEBUG - New Error 1: line 32, type: other_error, message: unexpected end of input; expected '⟩'
2025-04-13 10:41:26 - INFO - Testing fragment: ring_nf
2025-04-13 10:41:26 - INFO - Original error line:     exact ⟨by linarith only [h_ge], by linarith only [h_le]⟩
2025-04-13 10:41:28 - INFO - Testing fix: Original errors: 5, Fixed errors: 1
2025-04-13 10:41:28 - INFO - Result: False (introduced 1 new errors)
2025-04-13 10:41:28 - DEBUG - === New errors detail ===
2025-04-13 10:41:28 - DEBUG - New Error 1: line 32, type: other_error, message: unexpected end of input; expected '⟩'
2025-04-13 10:41:28 - INFO - Testing fragment: omega
2025-04-13 10:41:28 - INFO - Original error line:     exact ⟨by linarith only [h_ge], by linarith only [h_le]⟩
2025-04-13 10:41:30 - INFO - Testing fix: Original errors: 5, Fixed errors: 1
2025-04-13 10:41:30 - INFO - Result: False (introduced 1 new errors)
2025-04-13 10:41:30 - DEBUG - === New errors detail ===
2025-04-13 10:41:30 - DEBUG - New Error 1: line 32, type: other_error, message: unexpected end of input; expected '⟩'
2025-04-13 10:41:30 - INFO - Testing fragment: linarith
2025-04-13 10:41:30 - INFO - Original error line:     exact ⟨by linarith only [h_ge], by linarith only [h_le]⟩
2025-04-13 10:41:32 - INFO - Testing fix: Original errors: 5, Fixed errors: 1
2025-04-13 10:41:32 - INFO - Result: False (introduced 1 new errors)
2025-04-13 10:41:32 - DEBUG - === New errors detail ===
2025-04-13 10:41:32 - DEBUG - New Error 1: line 32, type: other_error, message: unexpected end of input; expected '⟩'
2025-04-13 10:41:32 - INFO - Testing fragment: nlinarith
2025-04-13 10:41:32 - INFO - Original error line:     exact ⟨by linarith only [h_ge], by linarith only [h_le]⟩
2025-04-13 10:41:34 - INFO - Testing fix: Original errors: 5, Fixed errors: 1
2025-04-13 10:41:34 - INFO - Result: False (introduced 1 new errors)
2025-04-13 10:41:34 - DEBUG - === New errors detail ===
2025-04-13 10:41:34 - DEBUG - New Error 1: line 32, type: other_error, message: unexpected end of input; expected '⟩'
2025-04-13 10:41:34 - INFO - Failed attempt time: 22.04 seconds
2025-04-13 10:41:34 - INFO - ❌ Could not generate fix for error at line 32
2025-04-13 10:41:34 - INFO - 
Trying to fix error 5/5: line 32, type: linarith_failed
2025-04-13 10:41:34 - INFO - Error message: linarith failed to find a contradiction
case a
x : ℝ
h₀ : x ^ 2 - 5 * x - 4 ≤ 10
h₁ : x ^ 2 - 5 * x ...
2025-04-13 10:41:34 - INFO - Removed header content, remaining 32 lines of code
2025-04-13 10:41:34 - INFO - Using specified target error line: 32
2025-04-13 10:41:35 - INFO - Found error at specified line: linarith failed to find a contradiction
case a
x : ℝ
h₀ : x ^ 2 - 5 * x - 4 ≤ 10
h₁ : x ^ 2 - 5 * x - 14 ≤ 0
h_ge : x + 2 ≤ 0
h_le : 0 ≤ x - 7
a✝ : -2 > x
⊢ False
failed
2025-04-13 10:41:35 - INFO - Error at line 32: linarith failed to find a contradiction
case a
x : ℝ
h₀ : x ^ 2 - 5 * x - 4 ≤ 10
h₁ : x ^ 2 - 5 * x - 14 ≤ 0
h_ge : x + 2 ≤ 0
h_le : 0 ≤ x - 7
a✝ : -2 > x
⊢ False
failed
2025-04-13 10:41:35 - INFO - 
==================================================
2025-04-13 10:41:35 - INFO - Code prepared, starting synthesis
2025-04-13 10:41:35 - INFO - Before part: /-- For what values of $x$ is it true that $x^2 - 5x - 4 \le 10$? Express your answer in interval notation. Show that it is x ∈ [-2,7].-/
theorem mathd_algebra_101 (x : ℝ) (h₀ : x ^ 2 - 5 * x - 4 ≤ 10) : x ≥ -2 ∧ x ≤ 7 := by
  -- First, we rewrite the inequality to standard quadratic form: x² - 5x - 14 ≤ 0
  have h₁ : x ^ 2 - 5 * x - 14 ≤ 0 := by
    -- Subtract 10 from both sides of the original inequality
    linarith only [h₀]
  
  -- Factor the quadratic expression: (x + 2)(x - 7) ≤ 0
  have h₂ : (x + 2) * (x - 7) ≤ 0 := by
    -- Expand (x + 2)(x - 7) to show it equals x² - 5x - 14
    rw [add_mul, sub_mul, mul_comm x 2, ← sub_eq_add_neg]
    simp only [mul_one, sub_sub, add_sub_cancel]
    exact h₁
  
  -- The product (x+2)(x-7) ≤ 0 when x is between the roots -2 and 7
  -- We use the theorem mul_nonpos_iff which states that a*b ≤ 0 ↔ (a ≤ 0 ∧ b ≥ 0) ∨ (a ≥ 0 ∧ b ≤ 0)
  rw [mul_nonpos_iff] at h₂
  
  -- We now consider both cases from the disjunction
  cases' h₂ with h₂_left h₂_right
  · -- Case 1: (x + 2 ≤ 0 ∧ x - 7 ≥ 0)
    -- This would mean x ≤ -2 and x ≥ 7 simultaneously, which is impossible
    -- We show this leads to a contradiction
    rcases h₂_left with ⟨h_le, h_ge⟩
    have : x ≤ -2 ∧ x ≥ 7 := ⟨h_le, by linarith only [h_ge]⟩
    -- But x can't be ≤ -2 and ≥ 7 at the same time
    linarith only [this]
  
  · -- Case 2: (x + 2 ≥ 0 ∧ x - 7 ≤ 0)
    -- This gives us x ≥ -2 and x ≤ 7, which is our desired conclusion
    rcases h₂_right with ⟨h_ge, h_le⟩
2025-04-13 10:41:35 - INFO - Error line:     exact ⟨by linarith only [h_ge], by linarith only [h_le]⟩
2025-04-13 10:41:35 - INFO - After part: 
2025-04-13 10:41:35 - INFO - ==================================================

2025-04-13 10:41:36 - INFO - Testing fragment: rw [justaplaceholder]
2025-04-13 10:41:36 - INFO - Original error line:     exact ⟨by linarith only [h_ge], by linarith only [h_le]⟩
2025-04-13 10:41:38 - INFO - Testing fix: Original errors: 5, Fixed errors: 1
2025-04-13 10:41:38 - INFO - Result: False (introduced 1 new errors)
2025-04-13 10:41:38 - DEBUG - === New errors detail ===
2025-04-13 10:41:38 - DEBUG - New Error 1: line 32, type: other_error, message: unexpected end of input; expected '⟩'
2025-04-13 10:41:38 - INFO - Testing fragment: rw [<- justaplaceholder]
2025-04-13 10:41:38 - INFO - Original error line:     exact ⟨by linarith only [h_ge], by linarith only [h_le]⟩
2025-04-13 10:41:40 - INFO - Testing fix: Original errors: 5, Fixed errors: 1
2025-04-13 10:41:40 - INFO - Result: False (introduced 1 new errors)
2025-04-13 10:41:40 - DEBUG - === New errors detail ===
2025-04-13 10:41:40 - DEBUG - New Error 1: line 32, type: other_error, message: unexpected end of input; expected '⟩'
2025-04-13 10:41:40 - INFO - Testing fragment: simp
2025-04-13 10:41:40 - INFO - Original error line:     exact ⟨by linarith only [h_ge], by linarith only [h_le]⟩
2025-04-13 10:41:42 - INFO - Testing fix: Original errors: 5, Fixed errors: 1
2025-04-13 10:41:42 - INFO - Result: False (introduced 1 new errors)
2025-04-13 10:41:42 - DEBUG - === New errors detail ===
2025-04-13 10:41:42 - DEBUG - New Error 1: line 32, type: other_error, message: unexpected end of input; expected '⟩'
2025-04-13 10:41:42 - INFO - Testing fragment: field_simp
2025-04-13 10:41:42 - INFO - Original error line:     exact ⟨by linarith only [h_ge], by linarith only [h_le]⟩
2025-04-13 10:41:44 - INFO - Testing fix: Original errors: 5, Fixed errors: 1
2025-04-13 10:41:44 - INFO - Result: False (introduced 1 new errors)
2025-04-13 10:41:44 - DEBUG - === New errors detail ===
2025-04-13 10:41:44 - DEBUG - New Error 1: line 32, type: other_error, message: unexpected end of input; expected '⟩'
2025-04-13 10:41:44 - INFO - Testing fragment: norm_num
2025-04-13 10:41:44 - INFO - Original error line:     exact ⟨by linarith only [h_ge], by linarith only [h_le]⟩
2025-04-13 10:41:46 - INFO - Testing fix: Original errors: 5, Fixed errors: 1
2025-04-13 10:41:46 - INFO - Result: False (introduced 1 new errors)
2025-04-13 10:41:46 - DEBUG - === New errors detail ===
2025-04-13 10:41:46 - DEBUG - New Error 1: line 32, type: other_error, message: unexpected end of input; expected '⟩'
2025-04-13 10:41:46 - INFO - Testing fragment: ring
2025-04-13 10:41:46 - INFO - Original error line:     exact ⟨by linarith only [h_ge], by linarith only [h_le]⟩
2025-04-13 10:41:48 - INFO - Testing fix: Original errors: 5, Fixed errors: 1
2025-04-13 10:41:48 - INFO - Result: False (introduced 1 new errors)
2025-04-13 10:41:48 - DEBUG - === New errors detail ===
2025-04-13 10:41:48 - DEBUG - New Error 1: line 32, type: other_error, message: unexpected end of input; expected '⟩'
2025-04-13 10:41:48 - INFO - Testing fragment: ring_nf
2025-04-13 10:41:48 - INFO - Original error line:     exact ⟨by linarith only [h_ge], by linarith only [h_le]⟩
2025-04-13 10:41:50 - INFO - Testing fix: Original errors: 5, Fixed errors: 1
2025-04-13 10:41:50 - INFO - Result: False (introduced 1 new errors)
2025-04-13 10:41:50 - DEBUG - === New errors detail ===
2025-04-13 10:41:50 - DEBUG - New Error 1: line 32, type: other_error, message: unexpected end of input; expected '⟩'
2025-04-13 10:41:50 - INFO - Testing fragment: omega
2025-04-13 10:41:50 - INFO - Original error line:     exact ⟨by linarith only [h_ge], by linarith only [h_le]⟩
2025-04-13 10:41:52 - INFO - Testing fix: Original errors: 5, Fixed errors: 1
2025-04-13 10:41:52 - INFO - Result: False (introduced 1 new errors)
2025-04-13 10:41:52 - DEBUG - === New errors detail ===
2025-04-13 10:41:52 - DEBUG - New Error 1: line 32, type: other_error, message: unexpected end of input; expected '⟩'
2025-04-13 10:41:52 - INFO - Testing fragment: linarith
2025-04-13 10:41:52 - INFO - Original error line:     exact ⟨by linarith only [h_ge], by linarith only [h_le]⟩
2025-04-13 10:41:54 - INFO - Testing fix: Original errors: 5, Fixed errors: 1
2025-04-13 10:41:54 - INFO - Result: False (introduced 1 new errors)
2025-04-13 10:41:54 - DEBUG - === New errors detail ===
2025-04-13 10:41:54 - DEBUG - New Error 1: line 32, type: other_error, message: unexpected end of input; expected '⟩'
2025-04-13 10:41:54 - INFO - Testing fragment: nlinarith
2025-04-13 10:41:54 - INFO - Original error line:     exact ⟨by linarith only [h_ge], by linarith only [h_le]⟩
2025-04-13 10:41:56 - INFO - Testing fix: Original errors: 5, Fixed errors: 1
2025-04-13 10:41:56 - INFO - Result: False (introduced 1 new errors)
2025-04-13 10:41:56 - DEBUG - === New errors detail ===
2025-04-13 10:41:56 - DEBUG - New Error 1: line 32, type: other_error, message: unexpected end of input; expected '⟩'
2025-04-13 10:41:56 - INFO - Failed attempt time: 22.04 seconds
2025-04-13 10:41:56 - INFO - ❌ Could not generate fix for error at line 32
2025-04-13 10:41:57 - INFO - 
===== Fix attempt completed =====
2025-04-13 10:41:57 - INFO - Original errors: 5
2025-04-13 10:41:57 - INFO - Fixed errors: 0
2025-04-13 10:41:57 - INFO - Failed errors: 5
2025-04-13 10:41:57 - INFO - Remaining errors: 5
2025-04-13 10:41:57 - INFO - Total time: 112.21 seconds
2025-04-13 10:41:57 - INFO - 
Final fixed code:
2025-04-13 10:41:57 - INFO - ----------------------------------------
2025-04-13 10:41:57 - INFO - /-- For what values of $x$ is it true that $x^2 - 5x - 4 \le 10$? Express your answer in interval notation. Show that it is x ∈ [-2,7].-/
theorem mathd_algebra_101 (x : ℝ) (h₀ : x ^ 2 - 5 * x - 4 ≤ 10) : x ≥ -2 ∧ x ≤ 7 := by
  -- First, we rewrite the inequality to standard quadratic form: x² - 5x - 14 ≤ 0
  have h₁ : x ^ 2 - 5 * x - 14 ≤ 0 := by
    -- Subtract 10 from both sides of the original inequality
    linarith only [h₀]
  
  -- Factor the quadratic expression: (x + 2)(x - 7) ≤ 0
  have h₂ : (x + 2) * (x - 7) ≤ 0 := by
    -- Expand (x + 2)(x - 7) to show it equals x² - 5x - 14
    rw [add_mul, sub_mul, mul_comm x 2, ← sub_eq_add_neg]
    simp only [mul_one, sub_sub, add_sub_cancel]
    exact h₁
  
  -- The product (x+2)(x-7) ≤ 0 when x is between the roots -2 and 7
  -- We use the theorem mul_nonpos_iff which states that a*b ≤ 0 ↔ (a ≤ 0 ∧ b ≥ 0) ∨ (a ≥ 0 ∧ b ≤ 0)
  rw [mul_nonpos_iff] at h₂
  
  -- We now consider both cases from the disjunction
  cases' h₂ with h₂_left h₂_right
  · -- Case 1: (x + 2 ≤ 0 ∧ x - 7 ≥ 0)
    -- This would mean x ≤ -2 and x ≥ 7 simultaneously, which is impossible
    -- We show this leads to a contradiction
    rcases h₂_left with ⟨h_le, h_ge⟩
    have : x ≤ -2 ∧ x ≥ 7 := ⟨h_le, by linarith only [h_ge]⟩
    -- But x can't be ≤ -2 and ≥ 7 at the same time
    linarith only [this]
  
  · -- Case 2: (x + 2 ≥ 0 ∧ x - 7 ≤ 0)
    -- This gives us x ≥ -2 and x ≤ 7, which is our desired conclusion
    rcases h₂_right with ⟨h_ge, h_le⟩
    exact ⟨by linarith only [h_ge], by linarith only [h_le]⟩
2025-04-13 10:41:57 - INFO - ----------------------------------------
2025-04-13 10:41:57 - INFO - 
Detailed error repair report:
2025-04-13 10:41:57 - INFO - Original code error count: 5
❌ Fixed error 1/5: Could not generate fix for error at line 11 «rewrite_failed» (after 22.04s)
❌ Fixed error 2/5: Could not generate fix for error at line 25 «type_mismatch» (after 22.04s)
❌ Fixed error 3/5: Could not generate fix for error at line 25 «linarith_failed» (after 22.04s)
❌ Fixed error 4/5: Could not generate fix for error at line 32 «linarith_failed» (after 22.04s)
❌ Fixed error 5/5: Could not generate fix for error at line 32 «linarith_failed» (after 22.04s)

=== Fix statistics ===
Original error count: 5
Fixed errors: 0 (Fix rate: 0.0000)
Failed errors: 5
Remaining errors: 5
Total time: 112.21 seconds

=== Failed fix details ===

Failed fix 1:
   Line: 11
   Error type: rewrite_failed
   Original error message: tactic 'rewrite' failed, did not find instance of the pattern in the target expression
  (?a - ?b) *...
   Failure reason: Could not generate fix
   Time: 22.04 seconds

Failed fix 2:
   Line: 25
   Error type: type_mismatch
   Original error message: application type mismatch
  And.intro h_le
argument
  h_le
has type
  0 ≤ x + 2 : Prop
but is expect...
   Failure reason: Could not generate fix
   Time: 22.04 seconds

Failed fix 3:
   Line: 25
   Error type: linarith_failed
   Original error message: linarith failed to find a contradiction
case a
x : ℝ
h₀ : x ^ 2 - 5 * x - 4 ≤ 10
h₁ : x ^ 2 - 5 * x ...
   Failure reason: Could not generate fix
   Time: 22.04 seconds

Failed fix 4:
   Line: 32
   Error type: linarith_failed
   Original error message: linarith failed to find a contradiction
case a
x : ℝ
h₀ : x ^ 2 - 5 * x - 4 ≤ 10
h₁ : x ^ 2 - 5 * x ...
   Failure reason: Could not generate fix
   Time: 22.04 seconds

Failed fix 5:
   Line: 32
   Error type: linarith_failed
   Original error message: linarith failed to find a contradiction
case a
x : ℝ
h₀ : x ^ 2 - 5 * x - 4 ≤ 10
h₁ : x ^ 2 - 5 * x ...
   Failure reason: Could not generate fix
   Time: 22.04 seconds
2025-04-13 10:41:57 - INFO - 
Fixed code saved to: /data/coding/minif2f/lean_fixed/47_fixed.lean
2025-04-13 10:41:57 - INFO - JSON log saved to: /data/coding/minif2f/lean_fixed/47_fix_log.json
2025-04-13 10:41:57 - INFO - 
===== LOG FILE LOCATION =====
2025-04-13 10:41:57 - INFO - Detailed log file is available at: /data/coding/minif2f/lean_fixed/47.log
2025-04-13 10:41:57 - INFO - ===============================
