2025-04-13 10:39:27 - INFO - Log file initialized at 2025-04-13T10:39:27.413836
2025-04-13 10:39:27 - INFO - ===== LOG FILE LOCATION =====
2025-04-13 10:39:27 - INFO - Detailed log file created at: /data/coding/minif2f/lean_fixed/48.log
2025-04-13 10:39:27 - INFO - ===============================
2025-04-13 10:39:27 - INFO - Original code:
2025-04-13 10:39:27 - INFO - ----------------------------------------
2025-04-13 10:39:27 - INFO - import Mathlib
import Aesop

set_option maxHeartbeats 0

open BigOperators Real Nat Topology Rat

/-- Cards are numbered from 1 to 100. One card is removed and the values on the other 99 are added. 
    The resulting sum is a multiple of 77. What number was on the card that was removed? 
    Show that it is 45.-/
theorem mathd_numbertheory_257 (x : ℕ) (h₀ : 1 ≤ x ∧ x ≤ 100)
    (h₁ : 77 ∣ (∑ k in Finset.range 101, k) - x) : x = 45 := by
  -- First, compute the sum of all numbers from 1 to 100 using the arithmetic series formula
  have sum_all : ∑ k in Finset.range 101, k = 100 * 101 / 2 := by
    rw [Finset.sum_range_id]  -- Convert range sum to closed form
    norm_num  -- Compute the numerical value

  -- Simplify the sum to its concrete value (5050)
  have sum_all_value : ∑ k in Finset.range 101, k = 5050 := by
    rw [sum_all]
    norm_num

  -- The problem states that 77 divides (total sum - x)
  -- Rewrite the divisibility condition using the concrete sum value
  have h₁' : 77 ∣ 5050 - x := by rwa [sum_all_value] at h₁

  -- We need to find x ∈ [1,100] such that 5050 - x ≡ 0 mod 77
  -- First compute 5050 mod 77
  have mod_calc : 5050 % 77 = 45 := by norm_num

  -- From 77 ∣ 5050 - x, we have x ≡ 5050 mod 77
  have x_mod : x ≡ 45 [MOD 77] := by
    rw [Nat.modEq_iff_dvd']
    exact h₁'
    rw [mod_calc]

  -- Since 1 ≤ x ≤ 100, and x ≡ 45 mod 77, the only possible value is x = 45
  -- Because the next congruent number would be 45 + 77 = 122 > 100
  -- And previous would be 45 - 77 = -32 < 1
  obtain ⟨k, hk⟩ := x_mod
  -- Substitute x = 77k + 45 into the bounds
  have k_bound : k = 0 := by
    -- Case analysis on possible k values
    cases' k with k
    · rfl  -- k = 0 is within bounds
    · cases' k with k
      · -- k = 1 gives x = 122 which is > 100
        exfalso
        rw [hk, mul_one, add_comm] at h₀
        simp at h₀
        linarith [h₀.2]
      · -- Any k ≥ 2 makes x too large
        exfalso
        rw [hk] at h₀
        have : 77 * (k + 2) + 45 ≥ 77 * 2 + 45 := by
          apply add_le_add_right
          apply Nat.mul_le_mul_left
          linarith
        linarith [h₀.2]
    · -- Negative k makes x too small
      exfalso
      rw [hk] at h₀
      have : 77 * (Int.negSucc k) + 45 ≤ -32 := by
        simp [mul_negSucc]
        linarith
      linarith [h₀.1]

  -- Therefore x must be exactly 45
  rw [hk, k_bound]
  simp
2025-04-13 10:39:27 - INFO - ----------------------------------------
2025-04-13 10:39:27 - INFO - 
Checking original code for all errors...
2025-04-13 10:40:05 - INFO - Original code contains 4 errors:
2025-04-13 10:40:05 - INFO - Error 1: line 9, type: no_goals_to_solve, message: no goals to be solved...
2025-04-13 10:40:05 - INFO - Error 2: line 14, type: no_goals_to_solve, message: no goals to be solved...
2025-04-13 10:40:05 - INFO - Error 3: line 27, type: type_mismatch, message: type mismatch
  h₁'
has type
  77 ∣ 5050 - x : Prop
but is expected to have type
  77 ∣ 45 - x : Pro...
2025-04-13 10:40:05 - INFO - Error 4: line 33, type: cases_failed, message: tactic 'cases' failed, nested error:
dependent elimination failed, failed to solve equation
  45 =
 ...
2025-04-13 10:40:05 - INFO - 
Starting multi-error continuous repair process...
2025-04-13 10:40:05 - INFO - 
===== Starting to fix all errors =====
2025-04-13 10:40:06 - INFO - 
Found 4 original errors:
2025-04-13 10:40:06 - INFO - Error 1: line 9, type: no_goals_to_solve, message: no goals to be solved...
2025-04-13 10:40:06 - INFO - Error 2: line 14, type: no_goals_to_solve, message: no goals to be solved...
2025-04-13 10:40:06 - INFO - Error 3: line 27, type: type_mismatch, message: type mismatch
  h₁'
has type
  77 ∣ 5050 - x : Prop
but is expected to have type
  77 ∣ 45 - x : Pro...
2025-04-13 10:40:06 - INFO - Error 4: line 33, type: cases_failed, message: tactic 'cases' failed, nested error:
dependent elimination failed, failed to solve equation
  45 =
 ...
2025-04-13 10:40:06 - INFO - 
Trying to fix error 1/4: line 9, type: no_goals_to_solve
2025-04-13 10:40:06 - INFO - Error message: no goals to be solved...
2025-04-13 10:40:06 - INFO - Removed header content, remaining 63 lines of code
2025-04-13 10:40:06 - INFO - Using specified target error line: 9
2025-04-13 10:40:07 - INFO - Found error at specified line: no goals to be solved
2025-04-13 10:40:07 - INFO - Error at line 9: no goals to be solved
2025-04-13 10:40:07 - INFO - 
==================================================
2025-04-13 10:40:07 - INFO - Code prepared, starting synthesis
2025-04-13 10:40:07 - INFO - Before part: /-- Cards are numbered from 1 to 100. One card is removed and the values on the other 99 are added. 
    The resulting sum is a multiple of 77. What number was on the card that was removed? 
    Show that it is 45.-/
theorem mathd_numbertheory_257 (x : ℕ) (h₀ : 1 ≤ x ∧ x ≤ 100)
    (h₁ : 77 ∣ (∑ k in Finset.range 101, k) - x) : x = 45 := by
  -- First, compute the sum of all numbers from 1 to 100 using the arithmetic series formula
  have sum_all : ∑ k in Finset.range 101, k = 100 * 101 / 2 := by
    rw [Finset.sum_range_id]  -- Convert range sum to closed form
2025-04-13 10:40:07 - INFO - Error line:     norm_num  -- Compute the numerical value
2025-04-13 10:40:07 - INFO - After part: -- Simplify the sum to its concrete value (5050)
  have sum_all_value : ∑ k in Finset.range 101, k = 5050 := by
    rw [sum_all]
    norm_num

  -- The problem states that 77 divides (total sum - x)
  -- Rewrite the divisibility condition using the concrete sum value
  have h₁' : 77 ∣ 5050 - x := by rwa [sum_all_value] at h₁

  -- We need to find x ∈ [1,100] such that 5050 - x ≡ 0 mod 77
  -- First compute 5050 mod 77
  have mod_calc : 5050 % 77 = 45 := by norm_num

  -- From 77 ∣ 5050 - x, we have x ≡ 5050 mod 77
  have x_mod : x ≡ 45 [MOD 77] := by
    rw [Nat.modEq_iff_dvd']
    exact h₁'
    rw [mod_calc]

  -- Since 1 ≤ x ≤ 100, and x ≡ 45 mod 77, the only possible value is x = 45
  -- Because the next congruent number would be 45 + 77 = 122 > 100
  -- And previous would be 45 - 77 = -32 < 1
  obtain ⟨k, hk⟩ := x_mod
  -- Substitute x = 77k + 45 into the bounds
  have k_bound : k = 0 := by
    -- Case analysis on possible k values
    cases' k with k
    · rfl  -- k = 0 is within bounds
    · cases' k with k
      · -- k = 1 gives x = 122 which is > 100
        exfalso
        rw [hk, mul_one, add_comm] at h₀
        simp at h₀
        linarith [h₀.2]
      · -- Any k ≥ 2 makes x too large
        exfalso
        rw [hk] at h₀
        have : 77 * (k + 2) + 45 ≥ 77 * 2 + 45 := by
          apply add_le_add_right
          apply Nat.mul_le_mul_left
          linarith
        linarith [h₀.2]
    · -- Negative k makes x too small
      exfalso
      rw [hk] at h₀
      have : 77 * (Int.negSucc k) + 45 ≤ -32 := by
        simp [mul_negSucc]
        linarith
      linarith [h₀.1]

  -- Therefore x must be exactly 45
  rw [hk, k_bound]
  simp
2025-04-13 10:40:07 - INFO - ==================================================

2025-04-13 10:40:08 - INFO - Testing fragment: rw [justaplaceholder]
2025-04-13 10:40:08 - INFO - Original error line:     norm_num  -- Compute the numerical value
2025-04-13 10:40:10 - INFO - Testing fix: Original errors: 4, Fixed errors: 4
2025-04-13 10:40:10 - INFO - Result: False (introduced 1 new errors)
2025-04-13 10:40:10 - DEBUG - === New errors detail ===
2025-04-13 10:40:10 - DEBUG - New Error 1: line 9, type: no_goals_to_solve, message: no goals to be solved
2025-04-13 10:40:10 - INFO - Testing fragment: rw [<- justaplaceholder]
2025-04-13 10:40:10 - INFO - Original error line:     norm_num  -- Compute the numerical value
2025-04-13 10:40:12 - INFO - Testing fix: Original errors: 4, Fixed errors: 4
2025-04-13 10:40:12 - INFO - Result: False (introduced 1 new errors)
2025-04-13 10:40:12 - DEBUG - === New errors detail ===
2025-04-13 10:40:12 - DEBUG - New Error 1: line 9, type: no_goals_to_solve, message: no goals to be solved
2025-04-13 10:40:12 - INFO - Testing fragment: simp
2025-04-13 10:40:12 - INFO - Original error line:     norm_num  -- Compute the numerical value
2025-04-13 10:40:14 - INFO - Testing fix: Original errors: 4, Fixed errors: 4
2025-04-13 10:40:14 - INFO - Result: False (introduced 1 new errors)
2025-04-13 10:40:14 - DEBUG - === New errors detail ===
2025-04-13 10:40:14 - DEBUG - New Error 1: line 9, type: no_goals_to_solve, message: no goals to be solved
2025-04-13 10:40:14 - INFO - Testing fragment: field_simp
2025-04-13 10:40:14 - INFO - Original error line:     norm_num  -- Compute the numerical value
2025-04-13 10:40:16 - INFO - Testing fix: Original errors: 4, Fixed errors: 4
2025-04-13 10:40:16 - INFO - Result: False (introduced 1 new errors)
2025-04-13 10:40:16 - DEBUG - === New errors detail ===
2025-04-13 10:40:16 - DEBUG - New Error 1: line 9, type: no_goals_to_solve, message: no goals to be solved
2025-04-13 10:40:16 - INFO - Testing fragment: norm_num
2025-04-13 10:40:16 - INFO - Original error line:     norm_num  -- Compute the numerical value
2025-04-13 10:40:18 - INFO - Testing fix: Original errors: 4, Fixed errors: 4
2025-04-13 10:40:18 - INFO - Target error not fixed: no goals to be solved...
2025-04-13 10:40:18 - INFO - Result: False (target error not fixed)
2025-04-13 10:40:18 - INFO - Testing fragment: ring
2025-04-13 10:40:18 - INFO - Original error line:     norm_num  -- Compute the numerical value
2025-04-13 10:40:20 - INFO - Testing fix: Original errors: 4, Fixed errors: 4
2025-04-13 10:40:20 - INFO - Result: False (introduced 1 new errors)
2025-04-13 10:40:20 - DEBUG - === New errors detail ===
2025-04-13 10:40:20 - DEBUG - New Error 1: line 9, type: no_goals_to_solve, message: no goals to be solved
2025-04-13 10:40:20 - INFO - Testing fragment: ring_nf
2025-04-13 10:40:20 - INFO - Original error line:     norm_num  -- Compute the numerical value
2025-04-13 10:40:22 - INFO - Testing fix: Original errors: 4, Fixed errors: 4
2025-04-13 10:40:22 - INFO - Result: False (introduced 1 new errors)
2025-04-13 10:40:22 - DEBUG - === New errors detail ===
2025-04-13 10:40:22 - DEBUG - New Error 1: line 9, type: no_goals_to_solve, message: no goals to be solved
2025-04-13 10:40:22 - INFO - Testing fragment: omega
2025-04-13 10:40:22 - INFO - Original error line:     norm_num  -- Compute the numerical value
2025-04-13 10:40:24 - INFO - Testing fix: Original errors: 4, Fixed errors: 4
2025-04-13 10:40:24 - INFO - Result: False (introduced 1 new errors)
2025-04-13 10:40:24 - DEBUG - === New errors detail ===
2025-04-13 10:40:24 - DEBUG - New Error 1: line 9, type: no_goals_to_solve, message: no goals to be solved
2025-04-13 10:40:24 - INFO - Testing fragment: linarith
2025-04-13 10:40:24 - INFO - Original error line:     norm_num  -- Compute the numerical value
2025-04-13 10:40:26 - INFO - Testing fix: Original errors: 4, Fixed errors: 4
2025-04-13 10:40:26 - INFO - Target error not fixed: no goals to be solved...
2025-04-13 10:40:26 - INFO - Result: False (target error not fixed)
2025-04-13 10:40:26 - INFO - Testing fragment: nlinarith
2025-04-13 10:40:26 - INFO - Original error line:     norm_num  -- Compute the numerical value
2025-04-13 10:40:28 - INFO - Testing fix: Original errors: 4, Fixed errors: 4
2025-04-13 10:40:28 - INFO - Result: False (introduced 1 new errors)
2025-04-13 10:40:28 - DEBUG - === New errors detail ===
2025-04-13 10:40:28 - DEBUG - New Error 1: line 9, type: no_goals_to_solve, message: no goals to be solved
2025-04-13 10:40:28 - INFO - Failed attempt time: 22.05 seconds
2025-04-13 10:40:28 - INFO - ❌ Could not generate fix for error at line 9
2025-04-13 10:40:28 - INFO - 
Trying to fix error 2/4: line 14, type: no_goals_to_solve
2025-04-13 10:40:28 - INFO - Error message: no goals to be solved...
2025-04-13 10:40:28 - INFO - Removed header content, remaining 63 lines of code
2025-04-13 10:40:28 - INFO - Using specified target error line: 14
2025-04-13 10:40:29 - INFO - Found error at specified line: no goals to be solved
2025-04-13 10:40:29 - INFO - Error at line 14: no goals to be solved
2025-04-13 10:40:29 - INFO - 
==================================================
2025-04-13 10:40:29 - INFO - Code prepared, starting synthesis
2025-04-13 10:40:29 - INFO - Before part: /-- Cards are numbered from 1 to 100. One card is removed and the values on the other 99 are added. 
    The resulting sum is a multiple of 77. What number was on the card that was removed? 
    Show that it is 45.-/
theorem mathd_numbertheory_257 (x : ℕ) (h₀ : 1 ≤ x ∧ x ≤ 100)
    (h₁ : 77 ∣ (∑ k in Finset.range 101, k) - x) : x = 45 := by
  -- First, compute the sum of all numbers from 1 to 100 using the arithmetic series formula
  have sum_all : ∑ k in Finset.range 101, k = 100 * 101 / 2 := by
    rw [Finset.sum_range_id]  -- Convert range sum to closed form
    norm_num  -- Compute the numerical value

  -- Simplify the sum to its concrete value (5050)
  have sum_all_value : ∑ k in Finset.range 101, k = 5050 := by
    rw [sum_all]
2025-04-13 10:40:29 - INFO - Error line:     norm_num
2025-04-13 10:40:29 - INFO - After part: -- The problem states that 77 divides (total sum - x)
  -- Rewrite the divisibility condition using the concrete sum value
  have h₁' : 77 ∣ 5050 - x := by rwa [sum_all_value] at h₁

  -- We need to find x ∈ [1,100] such that 5050 - x ≡ 0 mod 77
  -- First compute 5050 mod 77
  have mod_calc : 5050 % 77 = 45 := by norm_num

  -- From 77 ∣ 5050 - x, we have x ≡ 5050 mod 77
  have x_mod : x ≡ 45 [MOD 77] := by
    rw [Nat.modEq_iff_dvd']
    exact h₁'
    rw [mod_calc]

  -- Since 1 ≤ x ≤ 100, and x ≡ 45 mod 77, the only possible value is x = 45
  -- Because the next congruent number would be 45 + 77 = 122 > 100
  -- And previous would be 45 - 77 = -32 < 1
  obtain ⟨k, hk⟩ := x_mod
  -- Substitute x = 77k + 45 into the bounds
  have k_bound : k = 0 := by
    -- Case analysis on possible k values
    cases' k with k
    · rfl  -- k = 0 is within bounds
    · cases' k with k
      · -- k = 1 gives x = 122 which is > 100
        exfalso
        rw [hk, mul_one, add_comm] at h₀
        simp at h₀
        linarith [h₀.2]
      · -- Any k ≥ 2 makes x too large
        exfalso
        rw [hk] at h₀
        have : 77 * (k + 2) + 45 ≥ 77 * 2 + 45 := by
          apply add_le_add_right
          apply Nat.mul_le_mul_left
          linarith
        linarith [h₀.2]
    · -- Negative k makes x too small
      exfalso
      rw [hk] at h₀
      have : 77 * (Int.negSucc k) + 45 ≤ -32 := by
        simp [mul_negSucc]
        linarith
      linarith [h₀.1]

  -- Therefore x must be exactly 45
  rw [hk, k_bound]
  simp
2025-04-13 10:40:29 - INFO - ==================================================

2025-04-13 10:40:30 - INFO - Testing fragment: rw [justaplaceholder]
2025-04-13 10:40:30 - INFO - Original error line:     norm_num
2025-04-13 10:40:32 - INFO - Testing fix: Original errors: 4, Fixed errors: 4
2025-04-13 10:40:32 - INFO - Result: False (introduced 1 new errors)
2025-04-13 10:40:32 - DEBUG - === New errors detail ===
2025-04-13 10:40:32 - DEBUG - New Error 1: line 14, type: no_goals_to_solve, message: no goals to be solved
2025-04-13 10:40:32 - INFO - Testing fragment: rw [<- justaplaceholder]
2025-04-13 10:40:32 - INFO - Original error line:     norm_num
2025-04-13 10:40:34 - INFO - Testing fix: Original errors: 4, Fixed errors: 4
2025-04-13 10:40:34 - INFO - Result: False (introduced 1 new errors)
2025-04-13 10:40:34 - DEBUG - === New errors detail ===
2025-04-13 10:40:34 - DEBUG - New Error 1: line 14, type: no_goals_to_solve, message: no goals to be solved
2025-04-13 10:40:34 - INFO - Testing fragment: simp
2025-04-13 10:40:34 - INFO - Original error line:     norm_num
2025-04-13 10:40:36 - INFO - Testing fix: Original errors: 4, Fixed errors: 4
2025-04-13 10:40:36 - INFO - Result: False (introduced 1 new errors)
2025-04-13 10:40:36 - DEBUG - === New errors detail ===
2025-04-13 10:40:36 - DEBUG - New Error 1: line 14, type: no_goals_to_solve, message: no goals to be solved
2025-04-13 10:40:36 - INFO - Testing fragment: field_simp
2025-04-13 10:40:36 - INFO - Original error line:     norm_num
2025-04-13 10:40:38 - INFO - Testing fix: Original errors: 4, Fixed errors: 4
2025-04-13 10:40:38 - INFO - Result: False (introduced 1 new errors)
2025-04-13 10:40:38 - DEBUG - === New errors detail ===
2025-04-13 10:40:38 - DEBUG - New Error 1: line 14, type: no_goals_to_solve, message: no goals to be solved
2025-04-13 10:40:38 - INFO - Testing fragment: norm_num
2025-04-13 10:40:38 - INFO - Original error line:     norm_num
2025-04-13 10:40:40 - INFO - Testing fix: Original errors: 4, Fixed errors: 4
2025-04-13 10:40:40 - INFO - Target error not fixed: no goals to be solved...
2025-04-13 10:40:40 - INFO - Result: False (target error not fixed)
2025-04-13 10:40:40 - INFO - Testing fragment: ring
2025-04-13 10:40:40 - INFO - Original error line:     norm_num
2025-04-13 10:40:42 - INFO - Testing fix: Original errors: 4, Fixed errors: 4
2025-04-13 10:40:42 - INFO - Result: False (introduced 1 new errors)
2025-04-13 10:40:42 - DEBUG - === New errors detail ===
2025-04-13 10:40:42 - DEBUG - New Error 1: line 14, type: no_goals_to_solve, message: no goals to be solved
2025-04-13 10:40:42 - INFO - Testing fragment: ring_nf
2025-04-13 10:40:42 - INFO - Original error line:     norm_num
2025-04-13 10:40:44 - INFO - Testing fix: Original errors: 4, Fixed errors: 4
2025-04-13 10:40:44 - INFO - Result: False (introduced 1 new errors)
2025-04-13 10:40:44 - DEBUG - === New errors detail ===
2025-04-13 10:40:44 - DEBUG - New Error 1: line 14, type: no_goals_to_solve, message: no goals to be solved
2025-04-13 10:40:44 - INFO - Testing fragment: omega
2025-04-13 10:40:44 - INFO - Original error line:     norm_num
2025-04-13 10:40:46 - INFO - Testing fix: Original errors: 4, Fixed errors: 4
2025-04-13 10:40:46 - INFO - Result: False (introduced 1 new errors)
2025-04-13 10:40:46 - DEBUG - === New errors detail ===
2025-04-13 10:40:46 - DEBUG - New Error 1: line 14, type: no_goals_to_solve, message: no goals to be solved
2025-04-13 10:40:46 - INFO - Testing fragment: linarith
2025-04-13 10:40:46 - INFO - Original error line:     norm_num
2025-04-13 10:40:48 - INFO - Testing fix: Original errors: 4, Fixed errors: 4
2025-04-13 10:40:48 - INFO - Target error not fixed: no goals to be solved...
2025-04-13 10:40:48 - INFO - Result: False (target error not fixed)
2025-04-13 10:40:48 - INFO - Testing fragment: nlinarith
2025-04-13 10:40:48 - INFO - Original error line:     norm_num
2025-04-13 10:40:50 - INFO - Testing fix: Original errors: 4, Fixed errors: 4
2025-04-13 10:40:50 - INFO - Result: False (introduced 1 new errors)
2025-04-13 10:40:50 - DEBUG - === New errors detail ===
2025-04-13 10:40:50 - DEBUG - New Error 1: line 14, type: no_goals_to_solve, message: no goals to be solved
2025-04-13 10:40:50 - INFO - Failed attempt time: 22.04 seconds
2025-04-13 10:40:50 - INFO - ❌ Could not generate fix for error at line 14
2025-04-13 10:40:50 - INFO - 
Trying to fix error 3/4: line 27, type: type_mismatch
2025-04-13 10:40:50 - INFO - Error message: type mismatch
  h₁'
has type
  77 ∣ 5050 - x : Prop
but is expected to have type
  77 ∣ 45 - x : Pro...
2025-04-13 10:40:50 - INFO - Removed header content, remaining 63 lines of code
2025-04-13 10:40:50 - INFO - Using specified target error line: 27
2025-04-13 10:40:51 - INFO - Found error at specified line: type mismatch
  h₁'
has type
  77 ∣ 5050 - x : Prop
but is expected to have type
  77 ∣ 45 - x : Prop
2025-04-13 10:40:51 - INFO - Error at line 27: type mismatch
  h₁'
has type
  77 ∣ 5050 - x : Prop
but is expected to have type
  77 ∣ 45 - x : Prop
2025-04-13 10:40:51 - INFO - 
==================================================
2025-04-13 10:40:51 - INFO - Code prepared, starting synthesis
2025-04-13 10:40:51 - INFO - Before part: /-- Cards are numbered from 1 to 100. One card is removed and the values on the other 99 are added. 
    The resulting sum is a multiple of 77. What number was on the card that was removed? 
    Show that it is 45.-/
theorem mathd_numbertheory_257 (x : ℕ) (h₀ : 1 ≤ x ∧ x ≤ 100)
    (h₁ : 77 ∣ (∑ k in Finset.range 101, k) - x) : x = 45 := by
  -- First, compute the sum of all numbers from 1 to 100 using the arithmetic series formula
  have sum_all : ∑ k in Finset.range 101, k = 100 * 101 / 2 := by
    rw [Finset.sum_range_id]  -- Convert range sum to closed form
    norm_num  -- Compute the numerical value

  -- Simplify the sum to its concrete value (5050)
  have sum_all_value : ∑ k in Finset.range 101, k = 5050 := by
    rw [sum_all]
    norm_num

  -- The problem states that 77 divides (total sum - x)
  -- Rewrite the divisibility condition using the concrete sum value
  have h₁' : 77 ∣ 5050 - x := by rwa [sum_all_value] at h₁

  -- We need to find x ∈ [1,100] such that 5050 - x ≡ 0 mod 77
  -- First compute 5050 mod 77
  have mod_calc : 5050 % 77 = 45 := by norm_num

  -- From 77 ∣ 5050 - x, we have x ≡ 5050 mod 77
  have x_mod : x ≡ 45 [MOD 77] := by
    rw [Nat.modEq_iff_dvd']
2025-04-13 10:40:51 - INFO - Error line:     exact h₁'
2025-04-13 10:40:51 - INFO - After part: rw [mod_calc]

  -- Since 1 ≤ x ≤ 100, and x ≡ 45 mod 77, the only possible value is x = 45
  -- Because the next congruent number would be 45 + 77 = 122 > 100
  -- And previous would be 45 - 77 = -32 < 1
  obtain ⟨k, hk⟩ := x_mod
  -- Substitute x = 77k + 45 into the bounds
  have k_bound : k = 0 := by
    -- Case analysis on possible k values
    cases' k with k
    · rfl  -- k = 0 is within bounds
    · cases' k with k
      · -- k = 1 gives x = 122 which is > 100
        exfalso
        rw [hk, mul_one, add_comm] at h₀
        simp at h₀
        linarith [h₀.2]
      · -- Any k ≥ 2 makes x too large
        exfalso
        rw [hk] at h₀
        have : 77 * (k + 2) + 45 ≥ 77 * 2 + 45 := by
          apply add_le_add_right
          apply Nat.mul_le_mul_left
          linarith
        linarith [h₀.2]
    · -- Negative k makes x too small
      exfalso
      rw [hk] at h₀
      have : 77 * (Int.negSucc k) + 45 ≤ -32 := by
        simp [mul_negSucc]
        linarith
      linarith [h₀.1]

  -- Therefore x must be exactly 45
  rw [hk, k_bound]
  simp
2025-04-13 10:40:51 - INFO - ==================================================

2025-04-13 10:40:52 - INFO - Testing fragment: rw [justaplaceholder]
2025-04-13 10:40:52 - INFO - Original error line:     exact h₁'
2025-04-13 10:40:54 - INFO - Testing fix: Original errors: 4, Fixed errors: 5
2025-04-13 10:40:54 - INFO - Result: False (introduced 2 new errors)
2025-04-13 10:40:54 - DEBUG - === New errors detail ===
2025-04-13 10:40:54 - DEBUG - New Error 1: line 27, type: unknown_identifier, message: unknown identifier 'justaplaceholder'
2025-04-13 10:40:54 - DEBUG - New Error 2: line 27, type: rewrite_failed, message: tactic 'rewrite' failed, equality or iff proof expected
  ?m.1016
x : ℕ
h₀ : 1 ≤ x ∧ x ≤ 100
h₁ : 77 ∣ ∑ k ∈ Finset.range 101, k - x
sum_all : ∑ k ∈ Finset.range 101, k = 100 * 101 / 2
sum_all_value : ∑ k ∈ Finset.range 101, k = 5050
h₁' : 77 ∣ 5050 - x
mod_calc : 5050 % 77 = 45
⊢ 77 ∣ 45 - x
2025-04-13 10:40:54 - INFO - Testing fragment: rw [<- justaplaceholder]
2025-04-13 10:40:54 - INFO - Original error line:     exact h₁'
2025-04-13 10:40:56 - INFO - Testing fix: Original errors: 4, Fixed errors: 5
2025-04-13 10:40:56 - INFO - Result: False (introduced 2 new errors)
2025-04-13 10:40:56 - DEBUG - === New errors detail ===
2025-04-13 10:40:56 - DEBUG - New Error 1: line 27, type: unknown_identifier, message: unknown identifier 'justaplaceholder'
2025-04-13 10:40:56 - DEBUG - New Error 2: line 27, type: rewrite_failed, message: tactic 'rewrite' failed, equality or iff proof expected
  ?m.1016
x : ℕ
h₀ : 1 ≤ x ∧ x ≤ 100
h₁ : 77 ∣ ∑ k ∈ Finset.range 101, k - x
sum_all : ∑ k ∈ Finset.range 101, k = 100 * 101 / 2
sum_all_value : ∑ k ∈ Finset.range 101, k = 5050
h₁' : 77 ∣ 5050 - x
mod_calc : 5050 % 77 = 45
⊢ 77 ∣ 45 - x
2025-04-13 10:40:56 - INFO - Testing fragment: simp
2025-04-13 10:40:56 - INFO - Original error line:     exact h₁'
2025-04-13 10:40:58 - INFO - Testing fix: Original errors: 4, Fixed errors: 4
2025-04-13 10:40:58 - INFO - Result: False (introduced 1 new errors)
2025-04-13 10:40:58 - DEBUG - === New errors detail ===
2025-04-13 10:40:58 - DEBUG - New Error 1: line 27, type: simp_failed, message: simp made no progress
2025-04-13 10:40:58 - INFO - Testing fragment: field_simp
2025-04-13 10:40:58 - INFO - Original error line:     exact h₁'
2025-04-13 10:41:00 - INFO - Testing fix: Original errors: 4, Fixed errors: 4
2025-04-13 10:41:00 - INFO - Result: False (introduced 1 new errors)
2025-04-13 10:41:00 - DEBUG - === New errors detail ===
2025-04-13 10:41:00 - DEBUG - New Error 1: line 27, type: simp_failed, message: simp made no progress
2025-04-13 10:41:00 - INFO - Testing fragment: norm_num
2025-04-13 10:41:00 - INFO - Original error line:     exact h₁'
2025-04-13 10:41:02 - INFO - Testing fix: Original errors: 4, Fixed errors: 4
2025-04-13 10:41:02 - INFO - Result: False (introduced 1 new errors)
2025-04-13 10:41:02 - DEBUG - === New errors detail ===
2025-04-13 10:41:02 - DEBUG - New Error 1: line 28, type: rewrite_failed, message: tactic 'rewrite' failed, did not find instance of the pattern in the target expression
  5050 % 77
x : ℕ
h₀ : 1 ≤ x ∧ x ≤ 100
h₁ : 77 ∣ ∑ k ∈ Finset.range 101, k - x
sum_all : ∑ k ∈ Finset.range 101, k = 100 * 101 / 2
sum_all_value : ∑ k ∈ Finset.range 101, k = 5050
h₁' : 77 ∣ 5050 - x
mod_calc : 5050 % 77 = 45
⊢ 77 ∣ 45 - x
2025-04-13 10:41:02 - INFO - Testing fragment: ring
2025-04-13 10:41:02 - INFO - Original error line:     exact h₁'
2025-04-13 10:41:04 - INFO - Testing fix: Original errors: 4, Fixed errors: 5
2025-04-13 10:41:04 - INFO - Result: False (introduced 2 new errors)
2025-04-13 10:41:04 - DEBUG - === New errors detail ===
2025-04-13 10:41:04 - DEBUG - New Error 1: line 27, type: ring_failed, message: Try this: ring_nf
2025-04-13 10:41:04 - DEBUG - New Error 2: line 28, type: rewrite_failed, message: tactic 'rewrite' failed, did not find instance of the pattern in the target expression
  5050 % 77
x : ℕ
h₀ : 1 ≤ x ∧ x ≤ 100
h₁ : 77 ∣ ∑ k ∈ Finset.range 101, k - x
sum_all : ∑ k ∈ Finset.range 101, k = 100 * 101 / 2
sum_all_value : ∑ k ∈ Finset.range 101, k = 5050
h₁' : 77 ∣ 5050 - x
mod_calc : 5050 % 77 = 45
⊢ 77 ∣ 45 - x
2025-04-13 10:41:04 - INFO - Testing fragment: ring_nf
2025-04-13 10:41:04 - INFO - Original error line:     exact h₁'
2025-04-13 10:41:06 - INFO - Testing fix: Original errors: 4, Fixed errors: 4
2025-04-13 10:41:06 - INFO - Result: False (introduced 1 new errors)
2025-04-13 10:41:06 - DEBUG - === New errors detail ===
2025-04-13 10:41:06 - DEBUG - New Error 1: line 28, type: rewrite_failed, message: tactic 'rewrite' failed, did not find instance of the pattern in the target expression
  5050 % 77
x : ℕ
h₀ : 1 ≤ x ∧ x ≤ 100
h₁ : 77 ∣ ∑ k ∈ Finset.range 101, k - x
sum_all : ∑ k ∈ Finset.range 101, k = 100 * 101 / 2
sum_all_value : ∑ k ∈ Finset.range 101, k = 5050
h₁' : 77 ∣ 5050 - x
mod_calc : 5050 % 77 = 45
⊢ 77 ∣ 45 - x
2025-04-13 10:41:06 - INFO - Testing fragment: omega
2025-04-13 10:41:06 - INFO - Original error line:     exact h₁'
2025-04-13 10:41:08 - INFO - Testing fix: Original errors: 4, Fixed errors: 4
2025-04-13 10:41:08 - INFO - Result: False (introduced 1 new errors)
2025-04-13 10:41:08 - DEBUG - === New errors detail ===
2025-04-13 10:41:08 - DEBUG - New Error 1: line 28, type: rewrite_failed, message: tactic 'rewrite' failed, did not find instance of the pattern in the target expression
  5050 % 77
x : ℕ
h₀ : 1 ≤ x ∧ x ≤ 100
h₁ : 77 ∣ ∑ k ∈ Finset.range 101, k - x
sum_all : ∑ k ∈ Finset.range 101, k = 100 * 101 / 2
sum_all_value : ∑ k ∈ Finset.range 101, k = 5050
h₁' : 77 ∣ 5050 - x
mod_calc : 5050 % 77 = 45
⊢ x ≤ 45
2025-04-13 10:41:08 - INFO - Testing fragment: linarith
2025-04-13 10:41:08 - INFO - Original error line:     exact h₁'
2025-04-13 10:41:10 - INFO - Testing fix: Original errors: 4, Fixed errors: 4
2025-04-13 10:41:10 - INFO - Result: False (introduced 1 new errors)
2025-04-13 10:41:10 - DEBUG - === New errors detail ===
2025-04-13 10:41:10 - DEBUG - New Error 1: line 27, type: linarith_failed, message: linarith failed to find a contradiction
x : ℕ
h₀ : 1 ≤ x ∧ x ≤ 100
h₁ : 77 ∣ ∑ k ∈ Finset.range 101, k - x
sum_all : ∑ k ∈ Finset.range 101, k = 100 * 101 / 2
sum_all_value : ∑ k ∈ Finset.range 101, k = 5050
h₁' : 77 ∣ 5050 - x
mod_calc : 5050 % 77 = 45
⊢ False
failed
2025-04-13 10:41:10 - INFO - Testing fragment: nlinarith
2025-04-13 10:41:10 - INFO - Original error line:     exact h₁'
2025-04-13 10:41:12 - INFO - Testing fix: Original errors: 4, Fixed errors: 4
2025-04-13 10:41:12 - INFO - Target error not fixed: linarith failed to find a contradiction
x : ℕ
h₀ : 1 ≤ x ∧ x ≤ 100
h₁ : 77 ∣ ∑ k ∈ Finset.range 101,...
2025-04-13 10:41:12 - INFO - Result: False (target error not fixed)
2025-04-13 10:41:12 - INFO - Failed attempt time: 22.04 seconds
2025-04-13 10:41:12 - INFO - ❌ Could not generate fix for error at line 27
2025-04-13 10:41:12 - INFO - 
Trying to fix error 4/4: line 33, type: cases_failed
2025-04-13 10:41:12 - INFO - Error message: tactic 'cases' failed, nested error:
dependent elimination failed, failed to solve equation
  45 =
 ...
2025-04-13 10:41:12 - INFO - Removed header content, remaining 63 lines of code
2025-04-13 10:41:12 - INFO - Using specified target error line: 33
2025-04-13 10:41:13 - INFO - Found error at specified line: tactic 'cases' failed, nested error:
dependent elimination failed, failed to solve equation
  45 =
    match x, 77 with
    | 0, x => 0
    | n@h:n_1.succ, m => if m ≤ n then n.modCore m else n
at case Eq.refl
2025-04-13 10:41:13 - INFO - Error at line 33: tactic 'cases' failed, nested error:
dependent elimination failed, failed to solve equation
  45 =
    match x, 77 with
    | 0, x => 0
    | n@h:n_1.succ, m => if m ≤ n then n.modCore m else n
at case Eq.refl
2025-04-13 10:41:13 - INFO - 
==================================================
2025-04-13 10:41:13 - INFO - Code prepared, starting synthesis
2025-04-13 10:41:13 - INFO - Before part: /-- Cards are numbered from 1 to 100. One card is removed and the values on the other 99 are added. 
    The resulting sum is a multiple of 77. What number was on the card that was removed? 
    Show that it is 45.-/
theorem mathd_numbertheory_257 (x : ℕ) (h₀ : 1 ≤ x ∧ x ≤ 100)
    (h₁ : 77 ∣ (∑ k in Finset.range 101, k) - x) : x = 45 := by
  -- First, compute the sum of all numbers from 1 to 100 using the arithmetic series formula
  have sum_all : ∑ k in Finset.range 101, k = 100 * 101 / 2 := by
    rw [Finset.sum_range_id]  -- Convert range sum to closed form
    norm_num  -- Compute the numerical value

  -- Simplify the sum to its concrete value (5050)
  have sum_all_value : ∑ k in Finset.range 101, k = 5050 := by
    rw [sum_all]
    norm_num

  -- The problem states that 77 divides (total sum - x)
  -- Rewrite the divisibility condition using the concrete sum value
  have h₁' : 77 ∣ 5050 - x := by rwa [sum_all_value] at h₁

  -- We need to find x ∈ [1,100] such that 5050 - x ≡ 0 mod 77
  -- First compute 5050 mod 77
  have mod_calc : 5050 % 77 = 45 := by norm_num

  -- From 77 ∣ 5050 - x, we have x ≡ 5050 mod 77
  have x_mod : x ≡ 45 [MOD 77] := by
    rw [Nat.modEq_iff_dvd']
    exact h₁'
    rw [mod_calc]

  -- Since 1 ≤ x ≤ 100, and x ≡ 45 mod 77, the only possible value is x = 45
  -- Because the next congruent number would be 45 + 77 = 122 > 100
  -- And previous would be 45 - 77 = -32 < 1
2025-04-13 10:41:13 - INFO - Error line:   obtain ⟨k, hk⟩ := x_mod
2025-04-13 10:41:13 - INFO - After part: -- Substitute x = 77k + 45 into the bounds
  have k_bound : k = 0 := by
    -- Case analysis on possible k values
    cases' k with k
    · rfl  -- k = 0 is within bounds
    · cases' k with k
      · -- k = 1 gives x = 122 which is > 100
        exfalso
        rw [hk, mul_one, add_comm] at h₀
        simp at h₀
        linarith [h₀.2]
      · -- Any k ≥ 2 makes x too large
        exfalso
        rw [hk] at h₀
        have : 77 * (k + 2) + 45 ≥ 77 * 2 + 45 := by
          apply add_le_add_right
          apply Nat.mul_le_mul_left
          linarith
        linarith [h₀.2]
    · -- Negative k makes x too small
      exfalso
      rw [hk] at h₀
      have : 77 * (Int.negSucc k) + 45 ≤ -32 := by
        simp [mul_negSucc]
        linarith
      linarith [h₀.1]

  -- Therefore x must be exactly 45
  rw [hk, k_bound]
  simp
2025-04-13 10:41:13 - INFO - ==================================================

2025-04-13 10:41:14 - INFO - Testing fragment: rw [justaplaceholder]
2025-04-13 10:41:14 - INFO - Original error line:   obtain ⟨k, hk⟩ := x_mod
2025-04-13 10:41:16 - INFO - Testing fix: Original errors: 4, Fixed errors: 5
2025-04-13 10:41:16 - INFO - Result: False (introduced 2 new errors)
2025-04-13 10:41:16 - DEBUG - === New errors detail ===
2025-04-13 10:41:16 - DEBUG - New Error 1: line 33, type: unknown_identifier, message: unknown identifier 'justaplaceholder'
2025-04-13 10:41:16 - DEBUG - New Error 2: line 33, type: rewrite_failed, message: tactic 'rewrite' failed, equality or iff proof expected
  ?m.1053
x : ℕ
h₀ : 1 ≤ x ∧ x ≤ 100
h₁ : 77 ∣ ∑ k ∈ Finset.range 101, k - x
sum_all : ∑ k ∈ Finset.range 101, k = 100 * 101 / 2
sum_all_value : ∑ k ∈ Finset.range 101, k = 5050
h₁' : 77 ∣ 5050 - x
mod_calc : 5050 % 77 = 45
x_mod : x ≡ 45 [MOD 77]
⊢ x = 45
2025-04-13 10:41:16 - INFO - Testing fragment: rw [<- justaplaceholder]
2025-04-13 10:41:16 - INFO - Original error line:   obtain ⟨k, hk⟩ := x_mod
2025-04-13 10:41:18 - INFO - Testing fix: Original errors: 4, Fixed errors: 5
2025-04-13 10:41:18 - INFO - Result: False (introduced 2 new errors)
2025-04-13 10:41:18 - DEBUG - === New errors detail ===
2025-04-13 10:41:18 - DEBUG - New Error 1: line 33, type: unknown_identifier, message: unknown identifier 'justaplaceholder'
2025-04-13 10:41:18 - DEBUG - New Error 2: line 33, type: rewrite_failed, message: tactic 'rewrite' failed, equality or iff proof expected
  ?m.1053
x : ℕ
h₀ : 1 ≤ x ∧ x ≤ 100
h₁ : 77 ∣ ∑ k ∈ Finset.range 101, k - x
sum_all : ∑ k ∈ Finset.range 101, k = 100 * 101 / 2
sum_all_value : ∑ k ∈ Finset.range 101, k = 5050
h₁' : 77 ∣ 5050 - x
mod_calc : 5050 % 77 = 45
x_mod : x ≡ 45 [MOD 77]
⊢ x = 45
2025-04-13 10:41:18 - INFO - Testing fragment: simp
2025-04-13 10:41:18 - INFO - Original error line:   obtain ⟨k, hk⟩ := x_mod
2025-04-13 10:41:20 - INFO - Testing fix: Original errors: 4, Fixed errors: 4
2025-04-13 10:41:20 - INFO - Result: False (introduced 1 new errors)
2025-04-13 10:41:20 - DEBUG - === New errors detail ===
2025-04-13 10:41:20 - DEBUG - New Error 1: line 33, type: simp_failed, message: simp made no progress
2025-04-13 10:41:20 - INFO - Testing fragment: field_simp
2025-04-13 10:41:20 - INFO - Original error line:   obtain ⟨k, hk⟩ := x_mod
2025-04-13 10:41:22 - INFO - Testing fix: Original errors: 4, Fixed errors: 4
2025-04-13 10:41:22 - INFO - Result: False (introduced 1 new errors)
2025-04-13 10:41:22 - DEBUG - === New errors detail ===
2025-04-13 10:41:22 - DEBUG - New Error 1: line 33, type: simp_failed, message: simp made no progress
2025-04-13 10:41:22 - INFO - Testing fragment: norm_num
2025-04-13 10:41:22 - INFO - Original error line:   obtain ⟨k, hk⟩ := x_mod
2025-04-13 10:41:24 - INFO - Testing fix: Original errors: 4, Fixed errors: 12
2025-04-13 10:41:24 - INFO - Result: False (introduced 9 new errors)
2025-04-13 10:41:24 - DEBUG - === New errors detail ===
2025-04-13 10:41:24 - DEBUG - New Error 1: line 35, type: unknown_identifier, message: unknown identifier 'k'
2025-04-13 10:41:24 - DEBUG - New Error 2: line 37, type: unknown_identifier, message: unknown identifier 'k'
2025-04-13 10:41:24 - DEBUG - New Error 3: line 42, type: unknown_identifier, message: unknown identifier 'hk'
2025-04-13 10:41:24 - DEBUG - New Error 4: line 42, type: rewrite_failed, message: tactic 'rewrite' failed, equality or iff proof expected
  ?m.1348
case succ.zero
x : ℕ
h₀ : 1 ≤ x ∧ x ≤ 100
h₁ : 77 ∣ ∑ k ∈ Finset.range 101, k - x
sum_all : ∑ k ∈ Finset.range 101, k = 100 * 101 / 2
sum_all_value : ∑ k ∈ Finset.range 101, k = 5050
h₁' : 77 ∣ 5050 - x
mod_calc : 5050 % 77 = 45
x_mod : x ≡ 45 [MOD 77]
⊢ False
2025-04-13 10:41:24 - DEBUG - New Error 5: line 47, type: unknown_identifier, message: unknown identifier 'hk'
2025-04-13 10:41:24 - DEBUG - New Error 6: line 47, type: rewrite_failed, message: tactic 'rewrite' failed, equality or iff proof expected
  ?m.1353
case succ.succ
x : ℕ
h₀ : 1 ≤ x ∧ x ≤ 100
h₁ : 77 ∣ ∑ k ∈ Finset.range 101, k - x
sum_all : ∑ k ∈ Finset.range 101, k = 100 * 101 / 2
sum_all_value : ∑ k ∈ Finset.range 101, k = 5050
h₁' : 77 ∣ 5050 - x
mod_calc : 5050 % 77 = 45
x_mod : x ≡ 45 [MOD 77]
k : ℕ
⊢ False
2025-04-13 10:41:24 - DEBUG - New Error 7: line 53, type: no_goals_to_solve, message: no goals to be solved
2025-04-13 10:41:24 - DEBUG - New Error 8: line 62, type: unknown_identifier, message: unknown identifier 'hk'
2025-04-13 10:41:24 - DEBUG - New Error 9: line 62, type: rewrite_failed, message: tactic 'rewrite' failed, equality or iff proof expected
  ?m.1355
x : ℕ
h₀ : 1 ≤ x ∧ x ≤ 100
h₁ : 77 ∣ ∑ k ∈ Finset.range 101, k - x
sum_all : ∑ k ∈ Finset.range 101, k = 100 * 101 / 2
sum_all_value : ∑ k ∈ Finset.range 101, k = 5050
h₁' : 77 ∣ 5050 - x
mod_calc : 5050 % 77 = 45
x_mod : x ≡ 45 [MOD 77]
k_bound : sorryAx ℕ true = 0
⊢ x = 45
2025-04-13 10:41:24 - INFO - Testing fragment: ring
2025-04-13 10:41:24 - INFO - Original error line:   obtain ⟨k, hk⟩ := x_mod
2025-04-13 10:41:26 - INFO - Testing fix: Original errors: 4, Fixed errors: 13
2025-04-13 10:41:26 - INFO - Result: False (introduced 10 new errors)
2025-04-13 10:41:26 - DEBUG - === New errors detail ===
2025-04-13 10:41:26 - DEBUG - New Error 1: line 33, type: ring_failed, message: Try this: ring_nf
2025-04-13 10:41:26 - DEBUG - New Error 2: line 35, type: unknown_identifier, message: unknown identifier 'k'
2025-04-13 10:41:26 - DEBUG - New Error 3: line 37, type: unknown_identifier, message: unknown identifier 'k'
2025-04-13 10:41:26 - DEBUG - New Error 4: line 42, type: unknown_identifier, message: unknown identifier 'hk'
2025-04-13 10:41:26 - DEBUG - New Error 5: line 42, type: rewrite_failed, message: tactic 'rewrite' failed, equality or iff proof expected
  ?m.2217
case succ.zero
x : ℕ
h₀ : 1 ≤ x ∧ x ≤ 100
h₁ : 77 ∣ ∑ k ∈ Finset.range 101, k - x
sum_all : ∑ k ∈ Finset.range 101, k = 100 * 101 / 2
sum_all_value : ∑ k ∈ Finset.range 101, k = 5050
h₁' : 77 ∣ 5050 - x
mod_calc : 5050 % 77 = 45
x_mod : x ≡ 45 [MOD 77]
⊢ False
2025-04-13 10:41:26 - DEBUG - New Error 6: line 47, type: unknown_identifier, message: unknown identifier 'hk'
2025-04-13 10:41:26 - DEBUG - New Error 7: line 47, type: rewrite_failed, message: tactic 'rewrite' failed, equality or iff proof expected
  ?m.2222
case succ.succ
x : ℕ
h₀ : 1 ≤ x ∧ x ≤ 100
h₁ : 77 ∣ ∑ k ∈ Finset.range 101, k - x
sum_all : ∑ k ∈ Finset.range 101, k = 100 * 101 / 2
sum_all_value : ∑ k ∈ Finset.range 101, k = 5050
h₁' : 77 ∣ 5050 - x
mod_calc : 5050 % 77 = 45
x_mod : x ≡ 45 [MOD 77]
k : ℕ
⊢ False
2025-04-13 10:41:26 - DEBUG - New Error 8: line 53, type: no_goals_to_solve, message: no goals to be solved
2025-04-13 10:41:26 - DEBUG - New Error 9: line 62, type: unknown_identifier, message: unknown identifier 'hk'
2025-04-13 10:41:26 - DEBUG - New Error 10: line 62, type: rewrite_failed, message: tactic 'rewrite' failed, equality or iff proof expected
  ?m.2224
x : ℕ
h₀ : 1 ≤ x ∧ x ≤ 100
h₁ : 77 ∣ ∑ k ∈ Finset.range 101, k - x
sum_all : ∑ k ∈ Finset.range 101, k = 100 * 101 / 2
sum_all_value : ∑ k ∈ Finset.range 101, k = 5050
h₁' : 77 ∣ 5050 - x
mod_calc : 5050 % 77 = 45
x_mod : x ≡ 45 [MOD 77]
k_bound : sorryAx ℕ true = 0
⊢ x = 45
2025-04-13 10:41:26 - INFO - Testing fragment: ring_nf
2025-04-13 10:41:26 - INFO - Original error line:   obtain ⟨k, hk⟩ := x_mod
2025-04-13 10:41:28 - INFO - Testing fix: Original errors: 4, Fixed errors: 12
2025-04-13 10:41:28 - INFO - Result: False (introduced 9 new errors)
2025-04-13 10:41:28 - DEBUG - === New errors detail ===
2025-04-13 10:41:28 - DEBUG - New Error 1: line 35, type: unknown_identifier, message: unknown identifier 'k'
2025-04-13 10:41:28 - DEBUG - New Error 2: line 37, type: unknown_identifier, message: unknown identifier 'k'
2025-04-13 10:41:28 - DEBUG - New Error 3: line 42, type: unknown_identifier, message: unknown identifier 'hk'
2025-04-13 10:41:28 - DEBUG - New Error 4: line 42, type: rewrite_failed, message: tactic 'rewrite' failed, equality or iff proof expected
  ?m.1896
case succ.zero
x : ℕ
h₀ : 1 ≤ x ∧ x ≤ 100
h₁ : 77 ∣ ∑ k ∈ Finset.range 101, k - x
sum_all : ∑ k ∈ Finset.range 101, k = 100 * 101 / 2
sum_all_value : ∑ k ∈ Finset.range 101, k = 5050
h₁' : 77 ∣ 5050 - x
mod_calc : 5050 % 77 = 45
x_mod : x ≡ 45 [MOD 77]
⊢ False
2025-04-13 10:41:28 - DEBUG - New Error 5: line 47, type: unknown_identifier, message: unknown identifier 'hk'
2025-04-13 10:41:28 - DEBUG - New Error 6: line 47, type: rewrite_failed, message: tactic 'rewrite' failed, equality or iff proof expected
  ?m.1901
case succ.succ
x : ℕ
h₀ : 1 ≤ x ∧ x ≤ 100
h₁ : 77 ∣ ∑ k ∈ Finset.range 101, k - x
sum_all : ∑ k ∈ Finset.range 101, k = 100 * 101 / 2
sum_all_value : ∑ k ∈ Finset.range 101, k = 5050
h₁' : 77 ∣ 5050 - x
mod_calc : 5050 % 77 = 45
x_mod : x ≡ 45 [MOD 77]
k : ℕ
⊢ False
2025-04-13 10:41:28 - DEBUG - New Error 7: line 53, type: no_goals_to_solve, message: no goals to be solved
2025-04-13 10:41:28 - DEBUG - New Error 8: line 62, type: unknown_identifier, message: unknown identifier 'hk'
2025-04-13 10:41:28 - DEBUG - New Error 9: line 62, type: rewrite_failed, message: tactic 'rewrite' failed, equality or iff proof expected
  ?m.1903
x : ℕ
h₀ : 1 ≤ x ∧ x ≤ 100
h₁ : 77 ∣ ∑ k ∈ Finset.range 101, k - x
sum_all : ∑ k ∈ Finset.range 101, k = 100 * 101 / 2
sum_all_value : ∑ k ∈ Finset.range 101, k = 5050
h₁' : 77 ∣ 5050 - x
mod_calc : 5050 % 77 = 45
x_mod : x ≡ 45 [MOD 77]
k_bound : sorryAx ℕ true = 0
⊢ x = 45
2025-04-13 10:41:28 - INFO - Testing fragment: omega
2025-04-13 10:41:28 - INFO - Original error line:   obtain ⟨k, hk⟩ := x_mod
2025-04-13 10:41:30 - INFO - Testing fix: Original errors: 4, Fixed errors: 4
2025-04-13 10:41:30 - INFO - Result: False (introduced 1 new errors)
2025-04-13 10:41:30 - DEBUG - === New errors detail ===
2025-04-13 10:41:30 - DEBUG - New Error 1: line 35, type: no_goals_to_solve, message: no goals to be solved
2025-04-13 10:41:30 - INFO - Testing fragment: linarith
2025-04-13 10:41:30 - INFO - Original error line:   obtain ⟨k, hk⟩ := x_mod
2025-04-13 10:41:32 - INFO - Testing fix: Original errors: 4, Fixed errors: 4
2025-04-13 10:41:32 - INFO - Result: False (introduced 1 new errors)
2025-04-13 10:41:32 - DEBUG - === New errors detail ===
2025-04-13 10:41:32 - DEBUG - New Error 1: line 33, type: linarith_failed, message: linarith failed to find a contradiction
case h1.h
x : ℕ
h₀ : 1 ≤ x ∧ x ≤ 100
h₁ : 77 ∣ ∑ k ∈ Finset.range 101, k - x
sum_all : ∑ k ∈ Finset.range 101, k = 100 * 101 / 2
sum_all_value : ∑ k ∈ Finset.range 101, k = 5050
h₁' : 77 ∣ 5050 - x
mod_calc : 5050 % 77 = 45
x_mod : x ≡ 45 [MOD 77]
a✝ : x < 45
⊢ False
failed
2025-04-13 10:41:32 - INFO - Testing fragment: nlinarith
2025-04-13 10:41:32 - INFO - Original error line:   obtain ⟨k, hk⟩ := x_mod
2025-04-13 10:41:34 - INFO - Testing fix: Original errors: 4, Fixed errors: 4
2025-04-13 10:41:34 - INFO - Result: False (introduced 1 new errors)
2025-04-13 10:41:34 - DEBUG - === New errors detail ===
2025-04-13 10:41:34 - DEBUG - New Error 1: line 33, type: linarith_failed, message: linarith failed to find a contradiction
case h1.h
x : ℕ
h₀ : 1 ≤ x ∧ x ≤ 100
h₁ : 77 ∣ ∑ k ∈ Finset.range 101, k - x
sum_all : ∑ k ∈ Finset.range 101, k = 100 * 101 / 2
sum_all_value : ∑ k ∈ Finset.range 101, k = 5050
h₁' : 77 ∣ 5050 - x
mod_calc : 5050 % 77 = 45
x_mod : x ≡ 45 [MOD 77]
a✝ : x < 45
⊢ False
failed
2025-04-13 10:41:34 - INFO - Failed attempt time: 22.04 seconds
2025-04-13 10:41:34 - INFO - ❌ Could not generate fix for error at line 33
2025-04-13 10:41:35 - INFO - 
===== Fix attempt completed =====
2025-04-13 10:41:35 - INFO - Original errors: 4
2025-04-13 10:41:35 - INFO - Fixed errors: 0
2025-04-13 10:41:35 - INFO - Failed errors: 4
2025-04-13 10:41:35 - INFO - Remaining errors: 4
2025-04-13 10:41:35 - INFO - Total time: 90.18 seconds
2025-04-13 10:41:35 - INFO - 
Final fixed code:
2025-04-13 10:41:35 - INFO - ----------------------------------------
2025-04-13 10:41:35 - INFO - /-- Cards are numbered from 1 to 100. One card is removed and the values on the other 99 are added. 
    The resulting sum is a multiple of 77. What number was on the card that was removed? 
    Show that it is 45.-/
theorem mathd_numbertheory_257 (x : ℕ) (h₀ : 1 ≤ x ∧ x ≤ 100)
    (h₁ : 77 ∣ (∑ k in Finset.range 101, k) - x) : x = 45 := by
  -- First, compute the sum of all numbers from 1 to 100 using the arithmetic series formula
  have sum_all : ∑ k in Finset.range 101, k = 100 * 101 / 2 := by
    rw [Finset.sum_range_id]  -- Convert range sum to closed form
    norm_num  -- Compute the numerical value

  -- Simplify the sum to its concrete value (5050)
  have sum_all_value : ∑ k in Finset.range 101, k = 5050 := by
    rw [sum_all]
    norm_num

  -- The problem states that 77 divides (total sum - x)
  -- Rewrite the divisibility condition using the concrete sum value
  have h₁' : 77 ∣ 5050 - x := by rwa [sum_all_value] at h₁

  -- We need to find x ∈ [1,100] such that 5050 - x ≡ 0 mod 77
  -- First compute 5050 mod 77
  have mod_calc : 5050 % 77 = 45 := by norm_num

  -- From 77 ∣ 5050 - x, we have x ≡ 5050 mod 77
  have x_mod : x ≡ 45 [MOD 77] := by
    rw [Nat.modEq_iff_dvd']
    exact h₁'
    rw [mod_calc]

  -- Since 1 ≤ x ≤ 100, and x ≡ 45 mod 77, the only possible value is x = 45
  -- Because the next congruent number would be 45 + 77 = 122 > 100
  -- And previous would be 45 - 77 = -32 < 1
  obtain ⟨k, hk⟩ := x_mod
  -- Substitute x = 77k + 45 into the bounds
  have k_bound : k = 0 := by
    -- Case analysis on possible k values
    cases' k with k
    · rfl  -- k = 0 is within bounds
    · cases' k with k
      · -- k = 1 gives x = 122 which is > 100
        exfalso
        rw [hk, mul_one, add_comm] at h₀
        simp at h₀
        linarith [h₀.2]
      · -- Any k ≥ 2 makes x too large
        exfalso
        rw [hk] at h₀
        have : 77 * (k + 2) + 45 ≥ 77 * 2 + 45 := by
          apply add_le_add_right
          apply Nat.mul_le_mul_left
          linarith
        linarith [h₀.2]
    · -- Negative k makes x too small
      exfalso
      rw [hk] at h₀
      have : 77 * (Int.negSucc k) + 45 ≤ -32 := by
        simp [mul_negSucc]
        linarith
      linarith [h₀.1]

  -- Therefore x must be exactly 45
  rw [hk, k_bound]
  simp
2025-04-13 10:41:35 - INFO - ----------------------------------------
2025-04-13 10:41:35 - INFO - 
Detailed error repair report:
2025-04-13 10:41:35 - INFO - Original code error count: 4
❌ Fixed error 1/4: Could not generate fix for error at line 9 «no_goals_to_solve» (after 22.05s)
❌ Fixed error 2/4: Could not generate fix for error at line 14 «no_goals_to_solve» (after 22.04s)
❌ Fixed error 3/4: Could not generate fix for error at line 27 «type_mismatch» (after 22.04s)
❌ Fixed error 4/4: Could not generate fix for error at line 33 «cases_failed» (after 22.04s)

=== Fix statistics ===
Original error count: 4
Fixed errors: 0 (Fix rate: 0.0000)
Failed errors: 4
Remaining errors: 4
Total time: 90.18 seconds

=== Failed fix details ===

Failed fix 1:
   Line: 9
   Error type: no_goals_to_solve
   Original error message: no goals to be solved...
   Failure reason: Could not generate fix
   Time: 22.05 seconds

Failed fix 2:
   Line: 14
   Error type: no_goals_to_solve
   Original error message: no goals to be solved...
   Failure reason: Could not generate fix
   Time: 22.04 seconds

Failed fix 3:
   Line: 27
   Error type: type_mismatch
   Original error message: type mismatch
  h₁'
has type
  77 ∣ 5050 - x : Prop
but is expected to have type
  77 ∣ 45 - x : Pro...
   Failure reason: Could not generate fix
   Time: 22.04 seconds

Failed fix 4:
   Line: 33
   Error type: cases_failed
   Original error message: tactic 'cases' failed, nested error:
dependent elimination failed, failed to solve equation
  45 =
 ...
   Failure reason: Could not generate fix
   Time: 22.04 seconds
2025-04-13 10:41:35 - INFO - 
Fixed code saved to: /data/coding/minif2f/lean_fixed/48_fixed.lean
2025-04-13 10:41:35 - INFO - JSON log saved to: /data/coding/minif2f/lean_fixed/48_fix_log.json
2025-04-13 10:41:35 - INFO - 
===== LOG FILE LOCATION =====
2025-04-13 10:41:35 - INFO - Detailed log file is available at: /data/coding/minif2f/lean_fixed/48.log
2025-04-13 10:41:35 - INFO - ===============================
