2025-04-13 10:39:27 - INFO - Log file initialized at 2025-04-13T10:39:27.412217
2025-04-13 10:39:27 - INFO - ===== LOG FILE LOCATION =====
2025-04-13 10:39:27 - INFO - Detailed log file created at: /data/coding/minif2f/lean_fixed/49.log
2025-04-13 10:39:27 - INFO - ===============================
2025-04-13 10:39:27 - INFO - Original code:
2025-04-13 10:39:27 - INFO - ----------------------------------------
2025-04-13 10:39:27 - INFO - import Mathlib
import Aesop

set_option maxHeartbeats 0

open BigOperators Real Nat Topology Rat

/-- If $|x - 2| = p$, where $x < 2$, then $x - p =$

$ \textbf{(A)} \ -2 \qquad \textbf{(B)} \ 2 \qquad \textbf{(C)} \ 2-2p \qquad \textbf{(D)} \ 2p-2 \qquad \textbf{(E)} \ |2p-2|  $ Show that it is \text{(C)2-2p}.-/
theorem amc12_2000_p5 (x p : ℝ) (h₀ : x < 2) (h₁ : abs (x - 2) = p) : x - p = 2 - 2 * p := by
  -- Since x < 2, the expression inside the absolute value (x - 2) is negative
  -- Therefore, |x - 2| = -(x - 2) = 2 - x
  have h₂ : abs (x - 2) = 2 - x := by
    -- The absolute value of a negative number is its negation
    rw [abs_of_neg] 
    -- Show that (x - 2) is negative because x < 2
    · exact sub_neg.mpr h₀
    -- The above line proves x - 2 < 0 from h₀ (x < 2)

  -- From the problem statement h₁: |x - 2| = p and our derivation h₂: |x - 2| = 2 - x
  -- We can equate them to get p = 2 - x
  have h₃ : p = 2 - x := by
    -- Substitute h₂ into h₁
    rw [h₁, h₂]

  -- Now we can solve for x in terms of p from h₃
  have h₄ : x = 2 - p := by
    -- Rearrange h₃: p = 2 - x → x = 2 - p
    linarith

  -- Now we can compute x - p using the expression for x from h₄
  -- x - p = (2 - p) - p = 2 - 2p
  calc
    x - p = (2 - p) - p := by rw [h₄]  -- Substitute x = 2 - p
    _ = 2 - (p + p) := by ring          -- Combine like terms
    _ = 2 - 2 * p := by ring             -- Simplify to final form
2025-04-13 10:39:27 - INFO - ----------------------------------------
2025-04-13 10:39:27 - INFO - 
Checking original code for all errors...
2025-04-13 10:40:05 - INFO - Original code contains 3 errors:
2025-04-13 10:40:05 - INFO - Error 1: line 11, type: type_mismatch, message: type mismatch
  sub_neg.mpr h₀
has type
  x - 2 < 0 : Prop
but is expected to have type
  -(x - 2) =...
2025-04-13 10:40:05 - INFO - Error 2: line 7, type: other_error, message: unsolved goals
x p : ℝ
h₀ : x < 2
h₁ : |x - 2| = p
⊢ x - 2 < 0...
2025-04-13 10:40:05 - INFO - Error 3: line 18, type: rewrite_failed, message: tactic 'rewrite' failed, did not find instance of the pattern in the target expression
  |x - 2|
x p...
2025-04-13 10:40:05 - INFO - 
Starting multi-error continuous repair process...
2025-04-13 10:40:05 - INFO - 
===== Starting to fix all errors =====
2025-04-13 10:40:06 - INFO - 
Found 3 original errors:
2025-04-13 10:40:06 - INFO - Error 1: line 11, type: type_mismatch, message: type mismatch
  sub_neg.mpr h₀
has type
  x - 2 < 0 : Prop
but is expected to have type
  -(x - 2) =...
2025-04-13 10:40:06 - INFO - Error 2: line 7, type: other_error, message: unsolved goals
x p : ℝ
h₀ : x < 2
h₁ : |x - 2| = p
⊢ x - 2 < 0...
2025-04-13 10:40:06 - INFO - Error 3: line 18, type: rewrite_failed, message: tactic 'rewrite' failed, did not find instance of the pattern in the target expression
  |x - 2|
x p...
2025-04-13 10:40:06 - INFO - 
Trying to fix error 1/3: line 7, type: other_error
2025-04-13 10:40:06 - INFO - Error message: unsolved goals
x p : ℝ
h₀ : x < 2
h₁ : |x - 2| = p
⊢ x - 2 < 0...
2025-04-13 10:40:06 - INFO - Removed header content, remaining 30 lines of code
2025-04-13 10:40:06 - INFO - Using specified target error line: 7
2025-04-13 10:40:07 - INFO - Found error at specified line: unsolved goals
x p : ℝ
h₀ : x < 2
h₁ : |x - 2| = p
⊢ x - 2 < 0
2025-04-13 10:40:07 - INFO - Error at line 7: unsolved goals
x p : ℝ
h₀ : x < 2
h₁ : |x - 2| = p
⊢ x - 2 < 0
2025-04-13 10:40:07 - INFO - 
==================================================
2025-04-13 10:40:07 - INFO - Code prepared, starting synthesis
2025-04-13 10:40:07 - INFO - Before part: /-- If $|x - 2| = p$, where $x < 2$, then $x - p =$

$ \textbf{(A)} \ -2 \qquad \textbf{(B)} \ 2 \qquad \textbf{(C)} \ 2-2p \qquad \textbf{(D)} \ 2p-2 \qquad \textbf{(E)} \ |2p-2|  $ Show that it is \text{(C)2-2p}.-/
theorem amc12_2000_p5 (x p : ℝ) (h₀ : x < 2) (h₁ : abs (x - 2) = p) : x - p = 2 - 2 * p := by
  -- Since x < 2, the expression inside the absolute value (x - 2) is negative
  -- Therefore, |x - 2| = -(x - 2) = 2 - x
2025-04-13 10:40:07 - INFO - Error line:   have h₂ : abs (x - 2) = 2 - x := by
2025-04-13 10:40:07 - INFO - After part: -- The absolute value of a negative number is its negation
    rw [abs_of_neg] 
    -- Show that (x - 2) is negative because x < 2
    · exact sub_neg.mpr h₀
    -- The above line proves x - 2 < 0 from h₀ (x < 2)

  -- From the problem statement h₁: |x - 2| = p and our derivation h₂: |x - 2| = 2 - x
  -- We can equate them to get p = 2 - x
  have h₃ : p = 2 - x := by
    -- Substitute h₂ into h₁
    rw [h₁, h₂]

  -- Now we can solve for x in terms of p from h₃
  have h₄ : x = 2 - p := by
    -- Rearrange h₃: p = 2 - x → x = 2 - p
    linarith

  -- Now we can compute x - p using the expression for x from h₄
  -- x - p = (2 - p) - p = 2 - 2p
  calc
    x - p = (2 - p) - p := by rw [h₄]  -- Substitute x = 2 - p
    _ = 2 - (p + p) := by ring          -- Combine like terms
    _ = 2 - 2 * p := by ring             -- Simplify to final form
2025-04-13 10:40:07 - INFO - ==================================================

2025-04-13 10:40:08 - INFO - Testing fragment: rw [justaplaceholder]
2025-04-13 10:40:08 - INFO - Original error line:   have h₂ : abs (x - 2) = 2 - x := by
2025-04-13 10:40:10 - INFO - Testing fix: Original errors: 3, Fixed errors: 3
2025-04-13 10:40:10 - INFO - Result: False (introduced 3 new errors)
2025-04-13 10:40:10 - DEBUG - === New errors detail ===
2025-04-13 10:40:10 - DEBUG - New Error 1: line 7, type: unknown_identifier, message: unknown identifier 'justaplaceholder'
2025-04-13 10:40:10 - DEBUG - New Error 2: line 7, type: rewrite_failed, message: tactic 'rewrite' failed, equality or iff proof expected
  ?m.280
x p : ℝ
h₀ : x < 2
h₁ : |x - 2| = p
⊢ x - p = 2 - 2 * p
2025-04-13 10:40:10 - DEBUG - New Error 3: line 9, type: other_error, message: unexpected identifier; expected command
2025-04-13 10:40:10 - INFO - Testing fragment: rw [<- justaplaceholder]
2025-04-13 10:40:10 - INFO - Original error line:   have h₂ : abs (x - 2) = 2 - x := by
2025-04-13 10:40:12 - INFO - Testing fix: Original errors: 3, Fixed errors: 3
2025-04-13 10:40:12 - INFO - Result: False (introduced 3 new errors)
2025-04-13 10:40:12 - DEBUG - === New errors detail ===
2025-04-13 10:40:12 - DEBUG - New Error 1: line 7, type: unknown_identifier, message: unknown identifier 'justaplaceholder'
2025-04-13 10:40:12 - DEBUG - New Error 2: line 7, type: rewrite_failed, message: tactic 'rewrite' failed, equality or iff proof expected
  ?m.280
x p : ℝ
h₀ : x < 2
h₁ : |x - 2| = p
⊢ x - p = 2 - 2 * p
2025-04-13 10:40:12 - DEBUG - New Error 3: line 9, type: other_error, message: unexpected identifier; expected command
2025-04-13 10:40:12 - INFO - Testing fragment: simp
2025-04-13 10:40:12 - INFO - Original error line:   have h₂ : abs (x - 2) = 2 - x := by
2025-04-13 10:40:14 - INFO - Testing fix: Original errors: 3, Fixed errors: 2
2025-04-13 10:40:14 - INFO - Result: False (introduced 2 new errors)
2025-04-13 10:40:14 - DEBUG - === New errors detail ===
2025-04-13 10:40:14 - DEBUG - New Error 1: line 7, type: simp_failed, message: simp made no progress
2025-04-13 10:40:14 - DEBUG - New Error 2: line 9, type: other_error, message: unexpected identifier; expected command
2025-04-13 10:40:14 - INFO - Testing fragment: field_simp
2025-04-13 10:40:14 - INFO - Original error line:   have h₂ : abs (x - 2) = 2 - x := by
2025-04-13 10:40:16 - INFO - Testing fix: Original errors: 3, Fixed errors: 2
2025-04-13 10:40:16 - INFO - Result: False (introduced 2 new errors)
2025-04-13 10:40:16 - DEBUG - === New errors detail ===
2025-04-13 10:40:16 - DEBUG - New Error 1: line 7, type: simp_failed, message: simp made no progress
2025-04-13 10:40:16 - DEBUG - New Error 2: line 9, type: other_error, message: unexpected identifier; expected command
2025-04-13 10:40:16 - INFO - Testing fragment: norm_num
2025-04-13 10:40:16 - INFO - Original error line:   have h₂ : abs (x - 2) = 2 - x := by
2025-04-13 10:40:18 - INFO - Testing fix: Original errors: 3, Fixed errors: 2
2025-04-13 10:40:18 - INFO - Result: False (introduced 2 new errors)
2025-04-13 10:40:18 - DEBUG - === New errors detail ===
2025-04-13 10:40:18 - DEBUG - New Error 1: line 4, type: other_error, message: unsolved goals
x p : ℝ
h₀ : x < 2
h₁ : |x - 2| = p
⊢ x - p = 2 - 2 * p
2025-04-13 10:40:18 - DEBUG - New Error 2: line 9, type: other_error, message: unexpected identifier; expected command
2025-04-13 10:40:18 - INFO - Testing fragment: ring
2025-04-13 10:40:18 - INFO - Original error line:   have h₂ : abs (x - 2) = 2 - x := by
2025-04-13 10:40:20 - INFO - Testing fix: Original errors: 3, Fixed errors: 3
2025-04-13 10:40:20 - INFO - Result: False (introduced 3 new errors)
2025-04-13 10:40:20 - DEBUG - === New errors detail ===
2025-04-13 10:40:20 - DEBUG - New Error 1: line 7, type: ring_failed, message: Try this: ring_nf
2025-04-13 10:40:20 - DEBUG - New Error 2: line 4, type: other_error, message: unsolved goals
x p : ℝ
h₀ : x < 2
h₁ : |x - 2| = p
⊢ x - p = 2 - p * 2
2025-04-13 10:40:20 - DEBUG - New Error 3: line 9, type: other_error, message: unexpected identifier; expected command
2025-04-13 10:40:20 - INFO - Testing fragment: ring_nf
2025-04-13 10:40:20 - INFO - Original error line:   have h₂ : abs (x - 2) = 2 - x := by
2025-04-13 10:40:22 - INFO - Testing fix: Original errors: 3, Fixed errors: 2
2025-04-13 10:40:22 - INFO - Result: False (introduced 2 new errors)
2025-04-13 10:40:22 - DEBUG - === New errors detail ===
2025-04-13 10:40:22 - DEBUG - New Error 1: line 4, type: other_error, message: unsolved goals
x p : ℝ
h₀ : x < 2
h₁ : |x - 2| = p
⊢ x - p = 2 - p * 2
2025-04-13 10:40:22 - DEBUG - New Error 2: line 9, type: other_error, message: unexpected identifier; expected command
2025-04-13 10:40:22 - INFO - Testing fragment: omega
2025-04-13 10:40:22 - INFO - Original error line:   have h₂ : abs (x - 2) = 2 - x := by
2025-04-13 10:40:24 - INFO - Testing fix: Original errors: 3, Fixed errors: 2
2025-04-13 10:40:24 - INFO - Result: False (introduced 2 new errors)
2025-04-13 10:40:24 - DEBUG - === New errors detail ===
2025-04-13 10:40:24 - DEBUG - New Error 1: line 7, type: other_error, message: omega could not prove the goal:
No usable constraints found. You may need to unfold definitions so `omega` can see linear arithmetic facts about `Nat` and `Int`, which may also involve multiplication, division, and modular remainder by constants.
2025-04-13 10:40:24 - DEBUG - New Error 2: line 9, type: other_error, message: unexpected identifier; expected command
2025-04-13 10:40:24 - INFO - Testing fragment: linarith
2025-04-13 10:40:24 - INFO - Original error line:   have h₂ : abs (x - 2) = 2 - x := by
2025-04-13 10:40:26 - INFO - Testing fix: Original errors: 3, Fixed errors: 2
2025-04-13 10:40:26 - INFO - Result: False (introduced 2 new errors)
2025-04-13 10:40:26 - DEBUG - === New errors detail ===
2025-04-13 10:40:26 - DEBUG - New Error 1: line 7, type: linarith_failed, message: linarith failed to find a contradiction
case h1.h
x p : ℝ
h₀ : x < 2
h₁ : |x - 2| = p
a✝ : x - p < 2 - 2 * p
⊢ False
failed
2025-04-13 10:40:26 - DEBUG - New Error 2: line 9, type: other_error, message: unexpected identifier; expected command
2025-04-13 10:40:26 - INFO - Testing fragment: nlinarith
2025-04-13 10:40:26 - INFO - Original error line:   have h₂ : abs (x - 2) = 2 - x := by
2025-04-13 10:40:28 - INFO - Testing fix: Original errors: 3, Fixed errors: 2
2025-04-13 10:40:28 - INFO - Result: False (introduced 2 new errors)
2025-04-13 10:40:28 - DEBUG - === New errors detail ===
2025-04-13 10:40:28 - DEBUG - New Error 1: line 7, type: linarith_failed, message: linarith failed to find a contradiction
case h1.h
x p : ℝ
h₀ : x < 2
h₁ : |x - 2| = p
a✝ : x - p < 2 - 2 * p
⊢ False
failed
2025-04-13 10:40:28 - DEBUG - New Error 2: line 9, type: other_error, message: unexpected identifier; expected command
2025-04-13 10:40:28 - INFO - Failed attempt time: 22.04 seconds
2025-04-13 10:40:28 - INFO - ❌ Could not generate fix for error at line 7
2025-04-13 10:40:28 - INFO - 
Trying to fix error 2/3: line 11, type: type_mismatch
2025-04-13 10:40:28 - INFO - Error message: type mismatch
  sub_neg.mpr h₀
has type
  x - 2 < 0 : Prop
but is expected to have type
  -(x - 2) =...
2025-04-13 10:40:28 - INFO - Removed header content, remaining 30 lines of code
2025-04-13 10:40:28 - INFO - Using specified target error line: 11
2025-04-13 10:40:29 - INFO - Found error at specified line: type mismatch
  sub_neg.mpr h₀
has type
  x - 2 < 0 : Prop
but is expected to have type
  -(x - 2) = 2 - x : Prop
2025-04-13 10:40:29 - INFO - Error at line 11: type mismatch
  sub_neg.mpr h₀
has type
  x - 2 < 0 : Prop
but is expected to have type
  -(x - 2) = 2 - x : Prop
2025-04-13 10:40:29 - INFO - 
==================================================
2025-04-13 10:40:29 - INFO - Code prepared, starting synthesis
2025-04-13 10:40:29 - INFO - Before part: /-- If $|x - 2| = p$, where $x < 2$, then $x - p =$

$ \textbf{(A)} \ -2 \qquad \textbf{(B)} \ 2 \qquad \textbf{(C)} \ 2-2p \qquad \textbf{(D)} \ 2p-2 \qquad \textbf{(E)} \ |2p-2|  $ Show that it is \text{(C)2-2p}.-/
theorem amc12_2000_p5 (x p : ℝ) (h₀ : x < 2) (h₁ : abs (x - 2) = p) : x - p = 2 - 2 * p := by
  -- Since x < 2, the expression inside the absolute value (x - 2) is negative
  -- Therefore, |x - 2| = -(x - 2) = 2 - x
  have h₂ : abs (x - 2) = 2 - x := by
    -- The absolute value of a negative number is its negation
    rw [abs_of_neg] 
    -- Show that (x - 2) is negative because x < 2
2025-04-13 10:40:29 - INFO - Error line:     · exact sub_neg.mpr h₀
2025-04-13 10:40:29 - INFO - After part: -- The above line proves x - 2 < 0 from h₀ (x < 2)

  -- From the problem statement h₁: |x - 2| = p and our derivation h₂: |x - 2| = 2 - x
  -- We can equate them to get p = 2 - x
  have h₃ : p = 2 - x := by
    -- Substitute h₂ into h₁
    rw [h₁, h₂]

  -- Now we can solve for x in terms of p from h₃
  have h₄ : x = 2 - p := by
    -- Rearrange h₃: p = 2 - x → x = 2 - p
    linarith

  -- Now we can compute x - p using the expression for x from h₄
  -- x - p = (2 - p) - p = 2 - 2p
  calc
    x - p = (2 - p) - p := by rw [h₄]  -- Substitute x = 2 - p
    _ = 2 - (p + p) := by ring          -- Combine like terms
    _ = 2 - 2 * p := by ring             -- Simplify to final form
2025-04-13 10:40:29 - INFO - ==================================================

2025-04-13 10:40:30 - INFO - Testing fragment: rw [justaplaceholder]
2025-04-13 10:40:30 - INFO - Original error line:     · exact sub_neg.mpr h₀
2025-04-13 10:40:32 - INFO - Testing fix: Original errors: 3, Fixed errors: 3
2025-04-13 10:40:32 - INFO - Result: False (introduced 2 new errors)
2025-04-13 10:40:32 - DEBUG - === New errors detail ===
2025-04-13 10:40:32 - DEBUG - New Error 1: line 11, type: unknown_identifier, message: unknown identifier 'justaplaceholder'
2025-04-13 10:40:32 - DEBUG - New Error 2: line 11, type: rewrite_failed, message: tactic 'rewrite' failed, equality or iff proof expected
  ?m.955
x p : ℝ
h₀ : x < 2
h₁ : |x - 2| = p
⊢ -(x - 2) = 2 - x
2025-04-13 10:40:32 - INFO - Testing fragment: rw [<- justaplaceholder]
2025-04-13 10:40:32 - INFO - Original error line:     · exact sub_neg.mpr h₀
2025-04-13 10:40:34 - INFO - Testing fix: Original errors: 3, Fixed errors: 3
2025-04-13 10:40:34 - INFO - Result: False (introduced 2 new errors)
2025-04-13 10:40:34 - DEBUG - === New errors detail ===
2025-04-13 10:40:34 - DEBUG - New Error 1: line 11, type: unknown_identifier, message: unknown identifier 'justaplaceholder'
2025-04-13 10:40:34 - DEBUG - New Error 2: line 11, type: rewrite_failed, message: tactic 'rewrite' failed, equality or iff proof expected
  ?m.955
x p : ℝ
h₀ : x < 2
h₁ : |x - 2| = p
⊢ -(x - 2) = 2 - x
2025-04-13 10:40:34 - INFO - Testing fragment: simp
2025-04-13 10:40:34 - INFO - Original error line:     · exact sub_neg.mpr h₀
2025-04-13 10:40:36 - INFO - Testing fix: Original errors: 3, Fixed errors: 2
2025-04-13 10:40:36 - INFO - Result: False (introduced 1 new errors)
2025-04-13 10:40:36 - DEBUG - === New errors detail ===
2025-04-13 10:40:36 - DEBUG - New Error 1: line 7, type: other_error, message: unsolved goals
x p : ℝ
h₀ : x < 2
h₁ : |x - 2| = p
⊢ x - 2 < 0
2025-04-13 10:40:36 - INFO - Testing fragment: field_simp
2025-04-13 10:40:36 - INFO - Original error line:     · exact sub_neg.mpr h₀
2025-04-13 10:40:38 - INFO - Testing fix: Original errors: 3, Fixed errors: 2
2025-04-13 10:40:38 - INFO - Result: False (introduced 1 new errors)
2025-04-13 10:40:38 - DEBUG - === New errors detail ===
2025-04-13 10:40:38 - DEBUG - New Error 1: line 7, type: other_error, message: unsolved goals
x p : ℝ
h₀ : x < 2
h₁ : |x - 2| = p
⊢ x - 2 < 0
2025-04-13 10:40:38 - INFO - Testing fragment: norm_num
2025-04-13 10:40:38 - INFO - Original error line:     · exact sub_neg.mpr h₀
2025-04-13 10:40:40 - INFO - Testing fix: Original errors: 3, Fixed errors: 2
2025-04-13 10:40:40 - INFO - Result: False (introduced 1 new errors)
2025-04-13 10:40:40 - DEBUG - === New errors detail ===
2025-04-13 10:40:40 - DEBUG - New Error 1: line 7, type: other_error, message: unsolved goals
x p : ℝ
h₀ : x < 2
h₁ : |x - 2| = p
⊢ x - 2 < 0
2025-04-13 10:40:40 - INFO - Testing fragment: ring
2025-04-13 10:40:40 - INFO - Original error line:     · exact sub_neg.mpr h₀
2025-04-13 10:40:42 - INFO - Testing fix: Original errors: 3, Fixed errors: 2
2025-04-13 10:40:42 - INFO - Result: False (introduced 1 new errors)
2025-04-13 10:40:42 - DEBUG - === New errors detail ===
2025-04-13 10:40:42 - DEBUG - New Error 1: line 7, type: other_error, message: unsolved goals
x p : ℝ
h₀ : x < 2
h₁ : |x - 2| = p
⊢ x - 2 < 0
2025-04-13 10:40:42 - INFO - Testing fragment: ring_nf
2025-04-13 10:40:42 - INFO - Original error line:     · exact sub_neg.mpr h₀
2025-04-13 10:40:44 - INFO - Testing fix: Original errors: 3, Fixed errors: 2
2025-04-13 10:40:44 - INFO - Result: False (introduced 1 new errors)
2025-04-13 10:40:44 - DEBUG - === New errors detail ===
2025-04-13 10:40:44 - DEBUG - New Error 1: line 7, type: other_error, message: unsolved goals
x p : ℝ
h₀ : x < 2
h₁ : |x - 2| = p
⊢ x - 2 < 0
2025-04-13 10:40:44 - INFO - Testing fragment: omega
2025-04-13 10:40:44 - INFO - Original error line:     · exact sub_neg.mpr h₀
2025-04-13 10:40:46 - INFO - Testing fix: Original errors: 3, Fixed errors: 2
2025-04-13 10:40:46 - INFO - Result: False (introduced 1 new errors)
2025-04-13 10:40:46 - DEBUG - === New errors detail ===
2025-04-13 10:40:46 - DEBUG - New Error 1: line 11, type: other_error, message: omega could not prove the goal:
No usable constraints found. You may need to unfold definitions so `omega` can see linear arithmetic facts about `Nat` and `Int`, which may also involve multiplication, division, and modular remainder by constants.
2025-04-13 10:40:46 - INFO - Testing fragment: linarith
2025-04-13 10:40:46 - INFO - Original error line:     · exact sub_neg.mpr h₀
2025-04-13 10:40:48 - INFO - Testing fix: Original errors: 3, Fixed errors: 2
2025-04-13 10:40:48 - INFO - Result: False (introduced 1 new errors)
2025-04-13 10:40:48 - DEBUG - === New errors detail ===
2025-04-13 10:40:48 - DEBUG - New Error 1: line 7, type: other_error, message: unsolved goals
x p : ℝ
h₀ : x < 2
h₁ : |x - 2| = p
⊢ x - 2 < 0
2025-04-13 10:40:48 - INFO - Testing fragment: nlinarith
2025-04-13 10:40:48 - INFO - Original error line:     · exact sub_neg.mpr h₀
2025-04-13 10:40:50 - INFO - Testing fix: Original errors: 3, Fixed errors: 2
2025-04-13 10:40:50 - INFO - Result: False (introduced 1 new errors)
2025-04-13 10:40:50 - DEBUG - === New errors detail ===
2025-04-13 10:40:50 - DEBUG - New Error 1: line 7, type: other_error, message: unsolved goals
x p : ℝ
h₀ : x < 2
h₁ : |x - 2| = p
⊢ x - 2 < 0
2025-04-13 10:40:50 - INFO - Failed attempt time: 22.04 seconds
2025-04-13 10:40:50 - INFO - ❌ Could not generate fix for error at line 11
2025-04-13 10:40:50 - INFO - 
Trying to fix error 3/3: line 18, type: rewrite_failed
2025-04-13 10:40:50 - INFO - Error message: tactic 'rewrite' failed, did not find instance of the pattern in the target expression
  |x - 2|
x p...
2025-04-13 10:40:50 - INFO - Removed header content, remaining 30 lines of code
2025-04-13 10:40:50 - INFO - Using specified target error line: 18
2025-04-13 10:40:51 - INFO - Found error at specified line: tactic 'rewrite' failed, did not find instance of the pattern in the target expression
  |x - 2|
x p : ℝ
h₀ : x < 2
h₁ : |x - 2| = p
h₂ : |x - 2| = 2 - x
⊢ p = 2 - x
2025-04-13 10:40:51 - INFO - Error at line 18: tactic 'rewrite' failed, did not find instance of the pattern in the target expression
  |x - 2|
x p : ℝ
h₀ : x < 2
h₁ : |x - 2| = p
h₂ : |x - 2| = 2 - x
⊢ p = 2 - x
2025-04-13 10:40:51 - INFO - 
==================================================
2025-04-13 10:40:51 - INFO - Code prepared, starting synthesis
2025-04-13 10:40:51 - INFO - Before part: /-- If $|x - 2| = p$, where $x < 2$, then $x - p =$

$ \textbf{(A)} \ -2 \qquad \textbf{(B)} \ 2 \qquad \textbf{(C)} \ 2-2p \qquad \textbf{(D)} \ 2p-2 \qquad \textbf{(E)} \ |2p-2|  $ Show that it is \text{(C)2-2p}.-/
theorem amc12_2000_p5 (x p : ℝ) (h₀ : x < 2) (h₁ : abs (x - 2) = p) : x - p = 2 - 2 * p := by
  -- Since x < 2, the expression inside the absolute value (x - 2) is negative
  -- Therefore, |x - 2| = -(x - 2) = 2 - x
  have h₂ : abs (x - 2) = 2 - x := by
    -- The absolute value of a negative number is its negation
    rw [abs_of_neg] 
    -- Show that (x - 2) is negative because x < 2
    · exact sub_neg.mpr h₀
    -- The above line proves x - 2 < 0 from h₀ (x < 2)

  -- From the problem statement h₁: |x - 2| = p and our derivation h₂: |x - 2| = 2 - x
  -- We can equate them to get p = 2 - x
  have h₃ : p = 2 - x := by
    -- Substitute h₂ into h₁
2025-04-13 10:40:51 - INFO - Error line:     rw [h₁, h₂]
2025-04-13 10:40:51 - INFO - After part: -- Now we can solve for x in terms of p from h₃
  have h₄ : x = 2 - p := by
    -- Rearrange h₃: p = 2 - x → x = 2 - p
    linarith

  -- Now we can compute x - p using the expression for x from h₄
  -- x - p = (2 - p) - p = 2 - 2p
  calc
    x - p = (2 - p) - p := by rw [h₄]  -- Substitute x = 2 - p
    _ = 2 - (p + p) := by ring          -- Combine like terms
    _ = 2 - 2 * p := by ring             -- Simplify to final form
2025-04-13 10:40:51 - INFO - ==================================================

2025-04-13 10:40:52 - INFO - Testing fragment: rw [justaplaceholder]
2025-04-13 10:40:52 - INFO - Original error line:     rw [h₁, h₂]
2025-04-13 10:40:54 - INFO - Testing fix: Original errors: 3, Fixed errors: 4
2025-04-13 10:40:54 - INFO - Result: False (introduced 2 new errors)
2025-04-13 10:40:54 - DEBUG - === New errors detail ===
2025-04-13 10:40:54 - DEBUG - New Error 1: line 18, type: unknown_identifier, message: unknown identifier 'justaplaceholder'
2025-04-13 10:40:54 - DEBUG - New Error 2: line 18, type: rewrite_failed, message: tactic 'rewrite' failed, equality or iff proof expected
  ?m.1519
x p : ℝ
h₀ : x < 2
h₁ : |x - 2| = p
h₂ : |x - 2| = 2 - x
⊢ p = 2 - x
2025-04-13 10:40:54 - INFO - Testing fragment: rw [<- justaplaceholder]
2025-04-13 10:40:54 - INFO - Original error line:     rw [h₁, h₂]
2025-04-13 10:40:56 - INFO - Testing fix: Original errors: 3, Fixed errors: 4
2025-04-13 10:40:56 - INFO - Result: False (introduced 2 new errors)
2025-04-13 10:40:56 - DEBUG - === New errors detail ===
2025-04-13 10:40:56 - DEBUG - New Error 1: line 18, type: unknown_identifier, message: unknown identifier 'justaplaceholder'
2025-04-13 10:40:56 - DEBUG - New Error 2: line 18, type: rewrite_failed, message: tactic 'rewrite' failed, equality or iff proof expected
  ?m.1519
x p : ℝ
h₀ : x < 2
h₁ : |x - 2| = p
h₂ : |x - 2| = 2 - x
⊢ p = 2 - x
2025-04-13 10:40:56 - INFO - Testing fragment: simp
2025-04-13 10:40:56 - INFO - Original error line:     rw [h₁, h₂]
2025-04-13 10:40:58 - INFO - Testing fix: Original errors: 3, Fixed errors: 3
2025-04-13 10:40:58 - INFO - Result: False (introduced 1 new errors)
2025-04-13 10:40:58 - DEBUG - === New errors detail ===
2025-04-13 10:40:58 - DEBUG - New Error 1: line 18, type: simp_failed, message: simp made no progress
2025-04-13 10:40:58 - INFO - Testing fragment: field_simp
2025-04-13 10:40:58 - INFO - Original error line:     rw [h₁, h₂]
2025-04-13 10:41:00 - INFO - Testing fix: Original errors: 3, Fixed errors: 3
2025-04-13 10:41:00 - INFO - Result: False (introduced 1 new errors)
2025-04-13 10:41:00 - DEBUG - === New errors detail ===
2025-04-13 10:41:00 - DEBUG - New Error 1: line 18, type: simp_failed, message: simp made no progress
2025-04-13 10:41:00 - INFO - Testing fragment: norm_num
2025-04-13 10:41:00 - INFO - Original error line:     rw [h₁, h₂]
2025-04-13 10:41:02 - INFO - Testing fix: Original errors: 3, Fixed errors: 3
2025-04-13 10:41:02 - INFO - Result: False (introduced 1 new errors)
2025-04-13 10:41:02 - DEBUG - === New errors detail ===
2025-04-13 10:41:02 - DEBUG - New Error 1: line 16, type: other_error, message: unsolved goals
x p : ℝ
h₀ : x < 2
h₁ : |x - 2| = p
h₂ : |x - 2| = 2 - x
⊢ p = 2 - x
2025-04-13 10:41:02 - INFO - Testing fragment: ring
2025-04-13 10:41:02 - INFO - Original error line:     rw [h₁, h₂]
2025-04-13 10:41:04 - INFO - Testing fix: Original errors: 3, Fixed errors: 4
2025-04-13 10:41:04 - INFO - Result: False (introduced 2 new errors)
2025-04-13 10:41:04 - DEBUG - === New errors detail ===
2025-04-13 10:41:04 - DEBUG - New Error 1: line 18, type: ring_failed, message: Try this: ring_nf
2025-04-13 10:41:04 - DEBUG - New Error 2: line 16, type: other_error, message: unsolved goals
x p : ℝ
h₀ : x < 2
h₁ : |x - 2| = p
h₂ : |x - 2| = 2 - x
⊢ p = 2 - x
2025-04-13 10:41:04 - INFO - Testing fragment: ring_nf
2025-04-13 10:41:04 - INFO - Original error line:     rw [h₁, h₂]
2025-04-13 10:41:06 - INFO - Testing fix: Original errors: 3, Fixed errors: 3
2025-04-13 10:41:06 - INFO - Result: False (introduced 1 new errors)
2025-04-13 10:41:06 - DEBUG - === New errors detail ===
2025-04-13 10:41:06 - DEBUG - New Error 1: line 16, type: other_error, message: unsolved goals
x p : ℝ
h₀ : x < 2
h₁ : |x - 2| = p
h₂ : |x - 2| = 2 - x
⊢ p = 2 - x
2025-04-13 10:41:06 - INFO - Testing fragment: omega
2025-04-13 10:41:06 - INFO - Original error line:     rw [h₁, h₂]
2025-04-13 10:41:08 - INFO - Testing fix: Original errors: 3, Fixed errors: 3
2025-04-13 10:41:08 - INFO - Result: False (introduced 1 new errors)
2025-04-13 10:41:08 - DEBUG - === New errors detail ===
2025-04-13 10:41:08 - DEBUG - New Error 1: line 18, type: other_error, message: omega could not prove the goal:
No usable constraints found. You may need to unfold definitions so `omega` can see linear arithmetic facts about `Nat` and `Int`, which may also involve multiplication, division, and modular remainder by constants.
2025-04-13 10:41:08 - INFO - Testing fragment: linarith
2025-04-13 10:41:08 - INFO - Original error line:     rw [h₁, h₂]
2025-04-13 10:41:10 - INFO - Testing fix: Original errors: 3, Fixed errors: 2
2025-04-13 10:41:10 - INFO - Result: True (target error fixed and no new errors introduced)
2025-04-13 10:41:10 - DEBUG - === Original errors detail ===
2025-04-13 10:41:10 - DEBUG - Error 1: line 11, type: type_mismatch, message: type mismatch
  sub_neg.mpr h₀
has type
  x - 2 < 0 : Prop
but is expected to have type
  -(x - 2) = 2 - x : Prop
2025-04-13 10:41:10 - DEBUG - Error 2: line 7, type: other_error, message: unsolved goals
x p : ℝ
h₀ : x < 2
h₁ : |x - 2| = p
⊢ x - 2 < 0
2025-04-13 10:41:10 - DEBUG - Error 3: line 18, type: rewrite_failed, message: tactic 'rewrite' failed, did not find instance of the pattern in the target expression
  |x - 2|
x p : ℝ
h₀ : x < 2
h₁ : |x - 2| = p
h₂ : |x - 2| = 2 - x
⊢ p = 2 - x
2025-04-13 10:41:10 - DEBUG - === Fixed code comparison ===
2025-04-13 10:41:10 - DEBUG - Line 18 changed:
2025-04-13 10:41:10 - DEBUG -   Original:     rw [h₁, h₂]
2025-04-13 10:41:10 - DEBUG -   Fixed:        linarith
2025-04-13 10:41:10 - INFO - Found effective solution: linarith
2025-04-13 10:41:10 - INFO - 
==================================================
2025-04-13 10:41:10 - INFO - Fixed code:
2025-04-13 10:41:10 - INFO - /-- If $|x - 2| = p$, where $x < 2$, then $x - p =$

$ \textbf{(A)} \ -2 \qquad \textbf{(B)} \ 2 \qquad \textbf{(C)} \ 2-2p \qquad \textbf{(D)} \ 2p-2 \qquad \textbf{(E)} \ |2p-2|  $ Show that it is \text{(C)2-2p}.-/
theorem amc12_2000_p5 (x p : ℝ) (h₀ : x < 2) (h₁ : abs (x - 2) = p) : x - p = 2 - 2 * p := by
  -- Since x < 2, the expression inside the absolute value (x - 2) is negative
  -- Therefore, |x - 2| = -(x - 2) = 2 - x
  have h₂ : abs (x - 2) = 2 - x := by
    -- The absolute value of a negative number is its negation
    rw [abs_of_neg] 
    -- Show that (x - 2) is negative because x < 2
    · exact sub_neg.mpr h₀
    -- The above line proves x - 2 < 0 from h₀ (x < 2)

  -- From the problem statement h₁: |x - 2| = p and our derivation h₂: |x - 2| = 2 - x
  -- We can equate them to get p = 2 - x
  have h₃ : p = 2 - x := by
    -- Substitute h₂ into h₁
    linarith

  -- Now we can solve for x in terms of p from h₃
  have h₄ : x = 2 - p := by
    -- Rearrange h₃: p = 2 - x → x = 2 - p
    linarith

  -- Now we can compute x - p using the expression for x from h₄
  -- x - p = (2 - p) - p = 2 - 2p
  calc
    x - p = (2 - p) - p := by rw [h₄]  -- Substitute x = 2 - p
    _ = 2 - (p + p) := by ring          -- Combine like terms
    _ = 2 - 2 * p := by ring             -- Simplify to final form
2025-04-13 10:41:10 - INFO - ==================================================
2025-04-13 10:41:12 - INFO - Original code error count: 3
2025-04-13 10:41:12 - INFO - Fixed code error count: 2
2025-04-13 10:41:12 - INFO - Result: True (target error fixed and no new errors introduced)
2025-04-13 10:41:12 - DEBUG - === Original errors detail ===
2025-04-13 10:41:12 - DEBUG - Error 1: line 11, type: type_mismatch, message: type mismatch
  sub_neg.mpr h₀
has type
  x - 2 < 0 : Prop
but is expected to have type
  -(x - 2) = 2 - x : Prop
2025-04-13 10:41:12 - DEBUG - Error 2: line 7, type: other_error, message: unsolved goals
x p : ℝ
h₀ : x < 2
h₁ : |x - 2| = p
⊢ x - 2 < 0
2025-04-13 10:41:12 - DEBUG - Error 3: line 18, type: rewrite_failed, message: tactic 'rewrite' failed, did not find instance of the pattern in the target expression
  |x - 2|
x p : ℝ
h₀ : x < 2
h₁ : |x - 2| = p
h₂ : |x - 2| = 2 - x
⊢ p = 2 - x
2025-04-13 10:41:12 - DEBUG - === Fixed code comparison ===
2025-04-13 10:41:12 - DEBUG - Line 18 changed:
2025-04-13 10:41:12 - DEBUG -   Original:     rw [h₁, h₂]
2025-04-13 10:41:12 - DEBUG -   Fixed:        linarith
2025-04-13 10:41:12 - INFO - 
==================================================
2025-04-13 10:41:12 - INFO - Synthesis successful
2025-04-13 10:41:12 - INFO - ==================================================
2025-04-13 10:41:12 - INFO - Fix time: 22.04 seconds
2025-04-13 10:41:12 - INFO - ✅ Fixed error at line 18
2025-04-13 10:41:13 - INFO - 
===== Fix attempt completed =====
2025-04-13 10:41:13 - INFO - Original errors: 3
2025-04-13 10:41:13 - INFO - Fixed errors: 1
2025-04-13 10:41:13 - INFO - Failed errors: 2
2025-04-13 10:41:13 - INFO - Remaining errors: 2
2025-04-13 10:41:13 - INFO - Total time: 68.12 seconds
2025-04-13 10:41:13 - INFO - 
Final fixed code:
2025-04-13 10:41:13 - INFO - ----------------------------------------
2025-04-13 10:41:13 - INFO - /-- If $|x - 2| = p$, where $x < 2$, then $x - p =$

$ \textbf{(A)} \ -2 \qquad \textbf{(B)} \ 2 \qquad \textbf{(C)} \ 2-2p \qquad \textbf{(D)} \ 2p-2 \qquad \textbf{(E)} \ |2p-2|  $ Show that it is \text{(C)2-2p}.-/
theorem amc12_2000_p5 (x p : ℝ) (h₀ : x < 2) (h₁ : abs (x - 2) = p) : x - p = 2 - 2 * p := by
  -- Since x < 2, the expression inside the absolute value (x - 2) is negative
  -- Therefore, |x - 2| = -(x - 2) = 2 - x
  have h₂ : abs (x - 2) = 2 - x := by
    -- The absolute value of a negative number is its negation
    rw [abs_of_neg] 
    -- Show that (x - 2) is negative because x < 2
    · exact sub_neg.mpr h₀
    -- The above line proves x - 2 < 0 from h₀ (x < 2)

  -- From the problem statement h₁: |x - 2| = p and our derivation h₂: |x - 2| = 2 - x
  -- We can equate them to get p = 2 - x
  have h₃ : p = 2 - x := by
    -- Substitute h₂ into h₁
    linarith

  -- Now we can solve for x in terms of p from h₃
  have h₄ : x = 2 - p := by
    -- Rearrange h₃: p = 2 - x → x = 2 - p
    linarith

  -- Now we can compute x - p using the expression for x from h₄
  -- x - p = (2 - p) - p = 2 - 2p
  calc
    x - p = (2 - p) - p := by rw [h₄]  -- Substitute x = 2 - p
    _ = 2 - (p + p) := by ring          -- Combine like terms
    _ = 2 - 2 * p := by ring             -- Simplify to final form
2025-04-13 10:41:13 - INFO - ----------------------------------------
2025-04-13 10:41:13 - INFO - 
Detailed error repair report:
2025-04-13 10:41:13 - INFO - Original code error count: 3
❌ Fixed error 1/3: Could not generate fix for error at line 7 «other_error» (after 22.04s)
❌ Fixed error 2/3: Could not generate fix for error at line 11 «type_mismatch» (after 22.04s)
✅ Fixed error 3/3: Successfully fixed error at line 18 «rewrite_failed» (in 22.04s)

=== Fix statistics ===
Original error count: 3
Fixed errors: 1 (Fix rate: 0.3333)
Failed errors: 2
Remaining errors: 2
Total time: 68.12 seconds

=== Successful fix details ===

Fix 1:
   Line: 18
   Error type: rewrite_failed
   Original error message: tactic 'rewrite' failed, did not find instance of the pattern in the target expression
  |x - 2|
x p...
   Fix snippet: linarith
   Fixed line:     linarith
   Time: 22.04 seconds

=== Failed fix details ===

Failed fix 1:
   Line: 7
   Error type: other_error
   Original error message: unsolved goals
x p : ℝ
h₀ : x < 2
h₁ : |x - 2| = p
⊢ x - 2 < 0...
   Failure reason: Could not generate fix
   Time: 22.04 seconds

Failed fix 2:
   Line: 11
   Error type: type_mismatch
   Original error message: type mismatch
  sub_neg.mpr h₀
has type
  x - 2 < 0 : Prop
but is expected to have type
  -(x - 2) =...
   Failure reason: Could not generate fix
   Time: 22.04 seconds
2025-04-13 10:41:13 - INFO - 
Fixed code saved to: /data/coding/minif2f/lean_fixed/49_fixed.lean
2025-04-13 10:41:13 - INFO - JSON log saved to: /data/coding/minif2f/lean_fixed/49_fix_log.json
2025-04-13 10:41:13 - INFO - 
===== LOG FILE LOCATION =====
2025-04-13 10:41:13 - INFO - Detailed log file is available at: /data/coding/minif2f/lean_fixed/49.log
2025-04-13 10:41:13 - INFO - ===============================
