2025-04-13 10:40:29 - INFO - Log file initialized at 2025-04-13T10:40:29.631595
2025-04-13 10:40:29 - INFO - ===== LOG FILE LOCATION =====
2025-04-13 10:40:29 - INFO - Detailed log file created at: /data/coding/minif2f/lean_fixed/50.log
2025-04-13 10:40:29 - INFO - ===============================
2025-04-13 10:40:29 - INFO - Original code:
2025-04-13 10:40:29 - INFO - ----------------------------------------
2025-04-13 10:40:29 - INFO - import Mathlib
import Aesop

set_option maxHeartbeats 0

open BigOperators Real Nat Topology Rat

/-- What is the positive value of the expression $\sqrt{x^3 - 2^y}$ when $x = 5$ and $y = 2$? Show that it is 11.-/
theorem mathd_algebra_547 (x y : ℝ) (h₀ : x = 5) (h₁ : y = 2) : Real.sqrt (x ^ 3 - 2 ^ y) = 11 := by
  -- First, we substitute the given values x = 5 and y = 2 into the expression
  rw [h₀, h₁]
  -- Now the goal becomes: Real.sqrt (5 ^ 3 - 2 ^ 2) = 11
  
  -- Compute 5^3 which is 125
  have h5pow3 : 5 ^ 3 = 125 := by norm_num
  -- Compute 2^2 which is 4
  have h2pow2 : 2 ^ 2 = 4 := by norm_num
  
  -- Substitute these computed values into the expression
  rw [h5pow3, h2pow2]
  -- Now the goal becomes: Real.sqrt (125 - 4) = 11
  
  -- Compute the subtraction inside the square root: 125 - 4 = 121
  have hsub : 125 - 4 = 121 := by norm_num
  rw [hsub]
  -- Now the goal becomes: Real.sqrt 121 = 11
  
  -- Compute the square root of 121, which is 11
  have hsqrt : Real.sqrt 121 = 11 := by norm_num
  rw [hsqrt]
  -- Goal is now simply 11 = 11
  
  -- Finally, reflexivity completes the proof
  rfl
2025-04-13 10:40:29 - INFO - ----------------------------------------
2025-04-13 10:40:29 - INFO - 
Checking original code for all errors...
2025-04-13 10:40:34 - INFO - Original code contains 1 errors:
2025-04-13 10:40:34 - INFO - Error 1: line 13, type: rewrite_failed, message: tactic 'rewrite' failed, did not find instance of the pattern in the target expression
  5 ^ 3
x y :...
2025-04-13 10:40:34 - INFO - 
Starting multi-error continuous repair process...
2025-04-13 10:40:34 - INFO - 
===== Starting to fix all errors =====
2025-04-13 10:40:35 - INFO - 
Found 1 original errors:
2025-04-13 10:40:35 - INFO - Error 1: line 13, type: rewrite_failed, message: tactic 'rewrite' failed, did not find instance of the pattern in the target expression
  5 ^ 3
x y :...
2025-04-13 10:40:35 - INFO - 
Trying to fix error 1/1: line 13, type: rewrite_failed
2025-04-13 10:40:35 - INFO - Error message: tactic 'rewrite' failed, did not find instance of the pattern in the target expression
  5 ^ 3
x y :...
2025-04-13 10:40:35 - INFO - Removed header content, remaining 27 lines of code
2025-04-13 10:40:35 - INFO - Using specified target error line: 13
2025-04-13 10:40:36 - INFO - Found error at specified line: tactic 'rewrite' failed, did not find instance of the pattern in the target expression
  5 ^ 3
x y : ℝ
h₀ : x = 5
h₁ : y = 2
h5pow3 : 5 ^ 3 = 125
h2pow2 : 2 ^ 2 = 4
⊢ √(5 ^ 3 - 2 ^ 2) = 11
2025-04-13 10:40:36 - INFO - Error at line 13: tactic 'rewrite' failed, did not find instance of the pattern in the target expression
  5 ^ 3
x y : ℝ
h₀ : x = 5
h₁ : y = 2
h5pow3 : 5 ^ 3 = 125
h2pow2 : 2 ^ 2 = 4
⊢ √(5 ^ 3 - 2 ^ 2) = 11
2025-04-13 10:40:36 - INFO - 
==================================================
2025-04-13 10:40:36 - INFO - Code prepared, starting synthesis
2025-04-13 10:40:36 - INFO - Before part: /-- What is the positive value of the expression $\sqrt{x^3 - 2^y}$ when $x = 5$ and $y = 2$? Show that it is 11.-/
theorem mathd_algebra_547 (x y : ℝ) (h₀ : x = 5) (h₁ : y = 2) : Real.sqrt (x ^ 3 - 2 ^ y) = 11 := by
  -- First, we substitute the given values x = 5 and y = 2 into the expression
  rw [h₀, h₁]
  -- Now the goal becomes: Real.sqrt (5 ^ 3 - 2 ^ 2) = 11
  
  -- Compute 5^3 which is 125
  have h5pow3 : 5 ^ 3 = 125 := by norm_num
  -- Compute 2^2 which is 4
  have h2pow2 : 2 ^ 2 = 4 := by norm_num
  
  -- Substitute these computed values into the expression
2025-04-13 10:40:36 - INFO - Error line:   rw [h5pow3, h2pow2]
2025-04-13 10:40:36 - INFO - After part: -- Now the goal becomes: Real.sqrt (125 - 4) = 11
  
  -- Compute the subtraction inside the square root: 125 - 4 = 121
  have hsub : 125 - 4 = 121 := by norm_num
  rw [hsub]
  -- Now the goal becomes: Real.sqrt 121 = 11
  
  -- Compute the square root of 121, which is 11
  have hsqrt : Real.sqrt 121 = 11 := by norm_num
  rw [hsqrt]
  -- Goal is now simply 11 = 11
  
  -- Finally, reflexivity completes the proof
  rfl
2025-04-13 10:40:36 - INFO - ==================================================

2025-04-13 10:40:37 - INFO - Testing fragment: rw [justaplaceholder]
2025-04-13 10:40:37 - INFO - Original error line:   rw [h5pow3, h2pow2]
2025-04-13 10:40:39 - INFO - Testing fix: Original errors: 1, Fixed errors: 2
2025-04-13 10:40:39 - INFO - Result: False (introduced 2 new errors)
2025-04-13 10:40:39 - DEBUG - === New errors detail ===
2025-04-13 10:40:39 - DEBUG - New Error 1: line 13, type: unknown_identifier, message: unknown identifier 'justaplaceholder'
2025-04-13 10:40:39 - DEBUG - New Error 2: line 13, type: rewrite_failed, message: tactic 'rewrite' failed, equality or iff proof expected
  ?m.1776
x y : ℝ
h₀ : x = 5
h₁ : y = 2
h5pow3 : 5 ^ 3 = 125
h2pow2 : 2 ^ 2 = 4
⊢ √(5 ^ 3 - 2 ^ 2) = 11
2025-04-13 10:40:39 - INFO - Testing fragment: rw [<- justaplaceholder]
2025-04-13 10:40:39 - INFO - Original error line:   rw [h5pow3, h2pow2]
2025-04-13 10:40:41 - INFO - Testing fix: Original errors: 1, Fixed errors: 2
2025-04-13 10:40:41 - INFO - Result: False (introduced 2 new errors)
2025-04-13 10:40:41 - DEBUG - === New errors detail ===
2025-04-13 10:40:41 - DEBUG - New Error 1: line 13, type: unknown_identifier, message: unknown identifier 'justaplaceholder'
2025-04-13 10:40:41 - DEBUG - New Error 2: line 13, type: rewrite_failed, message: tactic 'rewrite' failed, equality or iff proof expected
  ?m.1776
x y : ℝ
h₀ : x = 5
h₁ : y = 2
h5pow3 : 5 ^ 3 = 125
h2pow2 : 2 ^ 2 = 4
⊢ √(5 ^ 3 - 2 ^ 2) = 11
2025-04-13 10:40:41 - INFO - Testing fragment: simp
2025-04-13 10:40:41 - INFO - Original error line:   rw [h5pow3, h2pow2]
2025-04-13 10:40:43 - INFO - Testing fix: Original errors: 1, Fixed errors: 1
2025-04-13 10:40:43 - INFO - Result: False (introduced 1 new errors)
2025-04-13 10:40:43 - DEBUG - === New errors detail ===
2025-04-13 10:40:43 - DEBUG - New Error 1: line 18, type: rewrite_failed, message: tactic 'rewrite' failed, did not find instance of the pattern in the target expression
  125 - 4
x y : ℝ
h₀ : x = 5
h₁ : y = 2
h5pow3 : 5 ^ 3 = 125
h2pow2 : 2 ^ 2 = 4
hsub : 125 - 4 = 121
⊢ √(5 ^ 3 - 2 ^ 2) = 11
2025-04-13 10:40:43 - INFO - Testing fragment: field_simp
2025-04-13 10:40:43 - INFO - Original error line:   rw [h5pow3, h2pow2]
2025-04-13 10:40:45 - INFO - Testing fix: Original errors: 1, Fixed errors: 1
2025-04-13 10:40:45 - INFO - Result: False (introduced 1 new errors)
2025-04-13 10:40:45 - DEBUG - === New errors detail ===
2025-04-13 10:40:45 - DEBUG - New Error 1: line 18, type: rewrite_failed, message: tactic 'rewrite' failed, did not find instance of the pattern in the target expression
  125 - 4
x y : ℝ
h₀ : x = 5
h₁ : y = 2
h5pow3 : 5 ^ 3 = 125
h2pow2 : 2 ^ 2 = 4
hsub : 125 - 4 = 121
⊢ √(5 ^ 3 - 2 ^ 2) = 11
2025-04-13 10:40:45 - INFO - Testing fragment: norm_num
2025-04-13 10:40:45 - INFO - Original error line:   rw [h5pow3, h2pow2]
2025-04-13 10:40:47 - INFO - Testing fix: Original errors: 1, Fixed errors: 1
2025-04-13 10:40:47 - INFO - Result: False (introduced 1 new errors)
2025-04-13 10:40:47 - DEBUG - === New errors detail ===
2025-04-13 10:40:47 - DEBUG - New Error 1: line 18, type: rewrite_failed, message: tactic 'rewrite' failed, did not find instance of the pattern in the target expression
  125 - 4
x y : ℝ
h₀ : x = 5
h₁ : y = 2
h5pow3 : 5 ^ 3 = 125
h2pow2 : 2 ^ 2 = 4
hsub : 125 - 4 = 121
⊢ √121 = 11
2025-04-13 10:40:47 - INFO - Testing fragment: ring
2025-04-13 10:40:47 - INFO - Original error line:   rw [h5pow3, h2pow2]
2025-04-13 10:40:49 - INFO - Testing fix: Original errors: 1, Fixed errors: 2
2025-04-13 10:40:49 - INFO - Result: False (introduced 2 new errors)
2025-04-13 10:40:49 - DEBUG - === New errors detail ===
2025-04-13 10:40:49 - DEBUG - New Error 1: line 13, type: ring_failed, message: Try this: ring_nf
2025-04-13 10:40:49 - DEBUG - New Error 2: line 18, type: rewrite_failed, message: tactic 'rewrite' failed, did not find instance of the pattern in the target expression
  125 - 4
x y : ℝ
h₀ : x = 5
h₁ : y = 2
h5pow3 : 5 ^ 3 = 125
h2pow2 : 2 ^ 2 = 4
hsub : 125 - 4 = 121
⊢ √121 = 11
2025-04-13 10:40:49 - INFO - Testing fragment: ring_nf
2025-04-13 10:40:49 - INFO - Original error line:   rw [h5pow3, h2pow2]
2025-04-13 10:40:51 - INFO - Testing fix: Original errors: 1, Fixed errors: 1
2025-04-13 10:40:51 - INFO - Result: False (introduced 1 new errors)
2025-04-13 10:40:51 - DEBUG - === New errors detail ===
2025-04-13 10:40:51 - DEBUG - New Error 1: line 18, type: rewrite_failed, message: tactic 'rewrite' failed, did not find instance of the pattern in the target expression
  125 - 4
x y : ℝ
h₀ : x = 5
h₁ : y = 2
h5pow3 : 5 ^ 3 = 125
h2pow2 : 2 ^ 2 = 4
hsub : 125 - 4 = 121
⊢ √121 = 11
2025-04-13 10:40:51 - INFO - Testing fragment: omega
2025-04-13 10:40:51 - INFO - Original error line:   rw [h5pow3, h2pow2]
2025-04-13 10:40:53 - INFO - Testing fix: Original errors: 1, Fixed errors: 1
2025-04-13 10:40:53 - INFO - Result: False (introduced 1 new errors)
2025-04-13 10:40:53 - DEBUG - === New errors detail ===
2025-04-13 10:40:53 - DEBUG - New Error 1: line 13, type: other_error, message: omega could not prove the goal:
No usable constraints found. You may need to unfold definitions so `omega` can see linear arithmetic facts about `Nat` and `Int`, which may also involve multiplication, division, and modular remainder by constants.
2025-04-13 10:40:53 - INFO - Testing fragment: linarith
2025-04-13 10:40:53 - INFO - Original error line:   rw [h5pow3, h2pow2]
2025-04-13 10:40:55 - INFO - Testing fix: Original errors: 1, Fixed errors: 1
2025-04-13 10:40:55 - INFO - Result: False (introduced 1 new errors)
2025-04-13 10:40:55 - DEBUG - === New errors detail ===
2025-04-13 10:40:55 - DEBUG - New Error 1: line 13, type: linarith_failed, message: linarith failed to find a contradiction
case h1.h
x y : ℝ
h₀ : x = 5
h₁ : y = 2
h5pow3 : 5 ^ 3 = 125
h2pow2 : 2 ^ 2 = 4
a✝ : √(5 ^ 3 - 2 ^ 2) < 11
⊢ False
failed
2025-04-13 10:40:55 - INFO - Testing fragment: nlinarith
2025-04-13 10:40:55 - INFO - Original error line:   rw [h5pow3, h2pow2]
2025-04-13 10:40:57 - INFO - Testing fix: Original errors: 1, Fixed errors: 1
2025-04-13 10:40:57 - INFO - Result: False (introduced 1 new errors)
2025-04-13 10:40:57 - DEBUG - === New errors detail ===
2025-04-13 10:40:57 - DEBUG - New Error 1: line 13, type: linarith_failed, message: linarith failed to find a contradiction
case h1.h
x y : ℝ
h₀ : x = 5
h₁ : y = 2
h5pow3 : 5 ^ 3 = 125
h2pow2 : 2 ^ 2 = 4
a✝ : √(5 ^ 3 - 2 ^ 2) < 11
⊢ False
failed
2025-04-13 10:40:57 - INFO - Failed attempt time: 22.04 seconds
2025-04-13 10:40:57 - INFO - ❌ Could not generate fix for error at line 13
2025-04-13 10:40:58 - INFO - 
===== Fix attempt completed =====
2025-04-13 10:40:58 - INFO - Original errors: 1
2025-04-13 10:40:58 - INFO - Fixed errors: 0
2025-04-13 10:40:58 - INFO - Failed errors: 1
2025-04-13 10:40:58 - INFO - Remaining errors: 1
2025-04-13 10:40:58 - INFO - Total time: 24.04 seconds
2025-04-13 10:40:58 - INFO - 
Final fixed code:
2025-04-13 10:40:58 - INFO - ----------------------------------------
2025-04-13 10:40:58 - INFO - /-- What is the positive value of the expression $\sqrt{x^3 - 2^y}$ when $x = 5$ and $y = 2$? Show that it is 11.-/
theorem mathd_algebra_547 (x y : ℝ) (h₀ : x = 5) (h₁ : y = 2) : Real.sqrt (x ^ 3 - 2 ^ y) = 11 := by
  -- First, we substitute the given values x = 5 and y = 2 into the expression
  rw [h₀, h₁]
  -- Now the goal becomes: Real.sqrt (5 ^ 3 - 2 ^ 2) = 11
  
  -- Compute 5^3 which is 125
  have h5pow3 : 5 ^ 3 = 125 := by norm_num
  -- Compute 2^2 which is 4
  have h2pow2 : 2 ^ 2 = 4 := by norm_num
  
  -- Substitute these computed values into the expression
  rw [h5pow3, h2pow2]
  -- Now the goal becomes: Real.sqrt (125 - 4) = 11
  
  -- Compute the subtraction inside the square root: 125 - 4 = 121
  have hsub : 125 - 4 = 121 := by norm_num
  rw [hsub]
  -- Now the goal becomes: Real.sqrt 121 = 11
  
  -- Compute the square root of 121, which is 11
  have hsqrt : Real.sqrt 121 = 11 := by norm_num
  rw [hsqrt]
  -- Goal is now simply 11 = 11
  
  -- Finally, reflexivity completes the proof
  rfl
2025-04-13 10:40:58 - INFO - ----------------------------------------
2025-04-13 10:40:58 - INFO - 
Detailed error repair report:
2025-04-13 10:40:58 - INFO - Original code error count: 1
❌ Fixed error 1/1: Could not generate fix for error at line 13 «rewrite_failed» (after 22.04s)

=== Fix statistics ===
Original error count: 1
Fixed errors: 0 (Fix rate: 0.0000)
Failed errors: 1
Remaining errors: 1
Total time: 24.04 seconds

=== Failed fix details ===

Failed fix 1:
   Line: 13
   Error type: rewrite_failed
   Original error message: tactic 'rewrite' failed, did not find instance of the pattern in the target expression
  5 ^ 3
x y :...
   Failure reason: Could not generate fix
   Time: 22.04 seconds
2025-04-13 10:40:58 - INFO - 
Fixed code saved to: /data/coding/minif2f/lean_fixed/50_fixed.lean
2025-04-13 10:40:58 - INFO - JSON log saved to: /data/coding/minif2f/lean_fixed/50_fix_log.json
2025-04-13 10:40:58 - INFO - 
===== LOG FILE LOCATION =====
2025-04-13 10:40:58 - INFO - Detailed log file is available at: /data/coding/minif2f/lean_fixed/50.log
2025-04-13 10:40:58 - INFO - ===============================
