2025-04-13 10:40:51 - INFO - Log file initialized at 2025-04-13T10:40:51.668255
2025-04-13 10:40:51 - INFO - ===== LOG FILE LOCATION =====
2025-04-13 10:40:51 - INFO - Detailed log file created at: /data/coding/minif2f/lean_fixed/54.log
2025-04-13 10:40:51 - INFO - ===============================
2025-04-13 10:40:51 - INFO - Original code:
2025-04-13 10:40:51 - INFO - ----------------------------------------
2025-04-13 10:40:51 - INFO - import Mathlib
import Aesop

set_option maxHeartbeats 0  -- Disables the heartbeat limit to prevent timeout during execution

open BigOperators Real Nat Topology Rat

/-- 
At each basketball practice last week, Jenny made twice as many free throws as she made at the previous practice. 
At her fifth practice she made 48 free throws. How many free throws did she make at the first practice? 
Show that it is 3.
-/
theorem mathd_algebra_455 (x : ℝ) (h₀ : 2 * (2 * (2 * (2 * x))) = 48) : x = 3 := by
  -- The problem describes a geometric progression where each term is double the previous one
  -- Let's break down the given equation which represents the 5th practice (after 4 doublings):
  -- Practice 1: x
  -- Practice 2: 2x
  -- Practice 3: 2*(2x) = 4x
  -- Practice 4: 2*(4x) = 8x
  -- Practice 5: 2*(8x) = 16x = 48 (given in h₀)
  
  -- First, simplify the left-hand side of the equation h₀
  have h₁ : 2 * (2 * (2 * (2 * x))) = 16 * x := by
    -- Step-by-step simplification:
    -- Start with the innermost multiplication
    have step1 : 2 * x = 2 * x := by rfl
    -- Multiply by next 2
    have step2 : 2 * (2 * x) = 4 * x := by ring
    -- Multiply by next 2
    have step3 : 2 * (2 * (2 * x)) = 8 * x := by rw [step2]; ring
    -- Multiply by final 2
    have step4 : 2 * (2 * (2 * (2 * x))) = 16 * x := by rw [step3]; ring
    -- Use the final step
    exact step4
  
  -- Now rewrite the original hypothesis h₀ using the simplified form
  rw [h₁] at h₀
  -- Now we have h₀: 16 * x = 48
  
  -- To solve for x, we'll divide both sides by 16
  have h₂ : x = 48 / 16 := by
    -- Apply the property that if a * x = b then x = b / a (for a ≠ 0)
    exact (eq_div_iff (by norm_num)).mpr h₀
  
  -- Simplify the division 48/16
  have h₃ : 48 / 16 = 3 := by norm_num
  
  -- Combine the results to prove x = 3
  rw [h₂, h₃]
2025-04-13 10:40:51 - INFO - ----------------------------------------
2025-04-13 10:40:51 - INFO - 
Checking original code for all errors...
2025-04-13 10:40:56 - INFO - Original code contains 2 errors:
2025-04-13 10:40:56 - INFO - Error 1: line 36, type: type_mismatch, message: application type mismatch
  (eq_div_iff ?m.1821).mpr h₀
argument
  h₀
has type
  16 * x = 48 : Prop
...
2025-04-13 10:40:56 - INFO - Error 2: line 42, type: rewrite_failed, message: tactic 'rewrite' failed, did not find instance of the pattern in the target expression
  48 / 16
x :...
2025-04-13 10:40:56 - INFO - 
Starting multi-error continuous repair process...
2025-04-13 10:40:56 - INFO - 
===== Starting to fix all errors =====
2025-04-13 10:40:57 - INFO - 
Found 2 original errors:
2025-04-13 10:40:57 - INFO - Error 1: line 36, type: type_mismatch, message: application type mismatch
  (eq_div_iff ?m.1821).mpr h₀
argument
  h₀
has type
  16 * x = 48 : Prop
...
2025-04-13 10:40:57 - INFO - Error 2: line 42, type: rewrite_failed, message: tactic 'rewrite' failed, did not find instance of the pattern in the target expression
  48 / 16
x :...
2025-04-13 10:40:57 - INFO - 
Trying to fix error 1/2: line 36, type: type_mismatch
2025-04-13 10:40:57 - INFO - Error message: application type mismatch
  (eq_div_iff ?m.1821).mpr h₀
argument
  h₀
has type
  16 * x = 48 : Prop
...
2025-04-13 10:40:57 - INFO - Removed header content, remaining 42 lines of code
2025-04-13 10:40:57 - INFO - Using specified target error line: 36
2025-04-13 10:40:58 - INFO - Found error at specified line: application type mismatch
  (eq_div_iff ?m.1821).mpr h₀
argument
  h₀
has type
  16 * x = 48 : Prop
but is expected to have type
  x * 16 = 48 : Prop
2025-04-13 10:40:58 - INFO - Error at line 36: application type mismatch
  (eq_div_iff ?m.1821).mpr h₀
argument
  h₀
has type
  16 * x = 48 : Prop
but is expected to have type
  x * 16 = 48 : Prop
2025-04-13 10:40:58 - INFO - 
==================================================
2025-04-13 10:40:58 - INFO - Code prepared, starting synthesis
2025-04-13 10:40:58 - INFO - Before part: /-- 
At each basketball practice last week, Jenny made twice as many free throws as she made at the previous practice. 
At her fifth practice she made 48 free throws. How many free throws did she make at the first practice? 
Show that it is 3.
-/
theorem mathd_algebra_455 (x : ℝ) (h₀ : 2 * (2 * (2 * (2 * x))) = 48) : x = 3 := by
  -- The problem describes a geometric progression where each term is double the previous one
  -- Let's break down the given equation which represents the 5th practice (after 4 doublings):
  -- Practice 1: x
  -- Practice 2: 2x
  -- Practice 3: 2*(2x) = 4x
  -- Practice 4: 2*(4x) = 8x
  -- Practice 5: 2*(8x) = 16x = 48 (given in h₀)
  
  -- First, simplify the left-hand side of the equation h₀
  have h₁ : 2 * (2 * (2 * (2 * x))) = 16 * x := by
    -- Step-by-step simplification:
    -- Start with the innermost multiplication
    have step1 : 2 * x = 2 * x := by rfl
    -- Multiply by next 2
    have step2 : 2 * (2 * x) = 4 * x := by ring
    -- Multiply by next 2
    have step3 : 2 * (2 * (2 * x)) = 8 * x := by rw [step2]; ring
    -- Multiply by final 2
    have step4 : 2 * (2 * (2 * (2 * x))) = 16 * x := by rw [step3]; ring
    -- Use the final step
    exact step4
  
  -- Now rewrite the original hypothesis h₀ using the simplified form
  rw [h₁] at h₀
  -- Now we have h₀: 16 * x = 48
  
  -- To solve for x, we'll divide both sides by 16
  have h₂ : x = 48 / 16 := by
    -- Apply the property that if a * x = b then x = b / a (for a ≠ 0)
2025-04-13 10:40:58 - INFO - Error line:     exact (eq_div_iff (by norm_num)).mpr h₀
2025-04-13 10:40:58 - INFO - After part: -- Simplify the division 48/16
  have h₃ : 48 / 16 = 3 := by norm_num
  
  -- Combine the results to prove x = 3
  rw [h₂, h₃]
2025-04-13 10:40:58 - INFO - ==================================================

2025-04-13 10:40:59 - INFO - Testing fragment: rw [justaplaceholder]
2025-04-13 10:40:59 - INFO - Original error line:     exact (eq_div_iff (by norm_num)).mpr h₀
2025-04-13 10:41:01 - INFO - Testing fix: Original errors: 2, Fixed errors: 4
2025-04-13 10:41:01 - INFO - Result: False (introduced 3 new errors)
2025-04-13 10:41:01 - DEBUG - === New errors detail ===
2025-04-13 10:41:01 - DEBUG - New Error 1: line 36, type: type_mismatch, message: application type mismatch
  (eq_div_iff ?m.1821).mpr h₀
argument
  h₀
has type
  16 * x = 48 : Prop
but is expected to have type
  x * 16 = 48 : Prop
2025-04-13 10:41:01 - DEBUG - New Error 2: line 36, type: unknown_identifier, message: unknown identifier 'justaplaceholder'
2025-04-13 10:41:01 - DEBUG - New Error 3: line 36, type: rewrite_failed, message: tactic 'rewrite' failed, equality or iff proof expected
  ?m.2261
x : ℝ
h₀ : 16 * x = 48
h₁ : 2 * (2 * (2 * (2 * x))) = 16 * x
⊢ 16 ≠ 0
2025-04-13 10:41:01 - INFO - Testing fragment: rw [<- justaplaceholder]
2025-04-13 10:41:01 - INFO - Original error line:     exact (eq_div_iff (by norm_num)).mpr h₀
2025-04-13 10:41:03 - INFO - Testing fix: Original errors: 2, Fixed errors: 4
2025-04-13 10:41:03 - INFO - Result: False (introduced 3 new errors)
2025-04-13 10:41:03 - DEBUG - === New errors detail ===
2025-04-13 10:41:03 - DEBUG - New Error 1: line 36, type: type_mismatch, message: application type mismatch
  (eq_div_iff ?m.1821).mpr h₀
argument
  h₀
has type
  16 * x = 48 : Prop
but is expected to have type
  x * 16 = 48 : Prop
2025-04-13 10:41:03 - DEBUG - New Error 2: line 36, type: unknown_identifier, message: unknown identifier 'justaplaceholder'
2025-04-13 10:41:03 - DEBUG - New Error 3: line 36, type: rewrite_failed, message: tactic 'rewrite' failed, equality or iff proof expected
  ?m.2261
x : ℝ
h₀ : 16 * x = 48
h₁ : 2 * (2 * (2 * (2 * x))) = 16 * x
⊢ 16 ≠ 0
2025-04-13 10:41:03 - INFO - Testing fragment: simp
2025-04-13 10:41:03 - INFO - Original error line:     exact (eq_div_iff (by norm_num)).mpr h₀
2025-04-13 10:41:05 - INFO - Testing fix: Original errors: 2, Fixed errors: 2
2025-04-13 10:41:05 - INFO - Result: False (introduced 1 new errors)
2025-04-13 10:41:05 - DEBUG - === New errors detail ===
2025-04-13 10:41:05 - DEBUG - New Error 1: line 36, type: type_mismatch, message: application type mismatch
  (eq_div_iff ?m.1821).mpr h₀
argument
  h₀
has type
  16 * x = 48 : Prop
but is expected to have type
  x * 16 = 48 : Prop
2025-04-13 10:41:05 - INFO - Testing fragment: field_simp
2025-04-13 10:41:05 - INFO - Original error line:     exact (eq_div_iff (by norm_num)).mpr h₀
2025-04-13 10:41:07 - INFO - Testing fix: Original errors: 2, Fixed errors: 2
2025-04-13 10:41:07 - INFO - Result: False (introduced 1 new errors)
2025-04-13 10:41:07 - DEBUG - === New errors detail ===
2025-04-13 10:41:07 - DEBUG - New Error 1: line 36, type: type_mismatch, message: application type mismatch
  (eq_div_iff ?m.1821).mpr h₀
argument
  h₀
has type
  16 * x = 48 : Prop
but is expected to have type
  x * 16 = 48 : Prop
2025-04-13 10:41:07 - INFO - Testing fragment: norm_num
2025-04-13 10:41:07 - INFO - Original error line:     exact (eq_div_iff (by norm_num)).mpr h₀
2025-04-13 10:41:09 - INFO - Testing fix: Original errors: 2, Fixed errors: 2
2025-04-13 10:41:09 - INFO - Target error not fixed: application type mismatch
  (eq_div_iff ?m.1821).mpr h₀
argument
  h₀
has type
  16 * x = 48 : Prop
...
2025-04-13 10:41:09 - INFO - Result: False (target error not fixed)
2025-04-13 10:41:09 - INFO - Testing fragment: ring
2025-04-13 10:41:09 - INFO - Original error line:     exact (eq_div_iff (by norm_num)).mpr h₀
2025-04-13 10:41:11 - INFO - Testing fix: Original errors: 2, Fixed errors: 4
2025-04-13 10:41:11 - INFO - Result: False (introduced 3 new errors)
2025-04-13 10:41:11 - DEBUG - === New errors detail ===
2025-04-13 10:41:11 - DEBUG - New Error 1: line 36, type: type_mismatch, message: application type mismatch
  (eq_div_iff ?m.1821).mpr h₀
argument
  h₀
has type
  16 * x = 48 : Prop
but is expected to have type
  x * 16 = 48 : Prop
2025-04-13 10:41:11 - DEBUG - New Error 2: line 36, type: ring_failed, message: Try this: ring_nf
2025-04-13 10:41:11 - DEBUG - New Error 3: line 36, type: other_error, message: unsolved goals
x : ℝ
h₀ : 16 * x = 48
h₁ : 2 * (2 * (2 * (2 * x))) = 16 * x
⊢ 16 ≠ 0
2025-04-13 10:41:11 - INFO - Testing fragment: ring_nf
2025-04-13 10:41:11 - INFO - Original error line:     exact (eq_div_iff (by norm_num)).mpr h₀
2025-04-13 10:41:13 - INFO - Testing fix: Original errors: 2, Fixed errors: 3
2025-04-13 10:41:13 - INFO - Result: False (introduced 2 new errors)
2025-04-13 10:41:13 - DEBUG - === New errors detail ===
2025-04-13 10:41:13 - DEBUG - New Error 1: line 36, type: type_mismatch, message: application type mismatch
  (eq_div_iff ?m.1821).mpr h₀
argument
  h₀
has type
  16 * x = 48 : Prop
but is expected to have type
  x * 16 = 48 : Prop
2025-04-13 10:41:13 - DEBUG - New Error 2: line 36, type: other_error, message: unsolved goals
x : ℝ
h₀ : 16 * x = 48
h₁ : 2 * (2 * (2 * (2 * x))) = 16 * x
⊢ 16 ≠ 0
2025-04-13 10:41:13 - INFO - Testing fragment: omega
2025-04-13 10:41:13 - INFO - Original error line:     exact (eq_div_iff (by norm_num)).mpr h₀
2025-04-13 10:41:15 - INFO - Testing fix: Original errors: 2, Fixed errors: 3
2025-04-13 10:41:15 - INFO - Result: False (introduced 2 new errors)
2025-04-13 10:41:15 - DEBUG - === New errors detail ===
2025-04-13 10:41:15 - DEBUG - New Error 1: line 36, type: type_mismatch, message: application type mismatch
  (eq_div_iff ?m.1821).mpr h₀
argument
  h₀
has type
  16 * x = 48 : Prop
but is expected to have type
  x * 16 = 48 : Prop
2025-04-13 10:41:15 - DEBUG - New Error 2: line 36, type: other_error, message: omega could not prove the goal:
No usable constraints found. You may need to unfold definitions so `omega` can see linear arithmetic facts about `Nat` and `Int`, which may also involve multiplication, division, and modular remainder by constants.
2025-04-13 10:41:15 - INFO - Testing fragment: linarith
2025-04-13 10:41:15 - INFO - Original error line:     exact (eq_div_iff (by norm_num)).mpr h₀
2025-04-13 10:41:17 - INFO - Testing fix: Original errors: 2, Fixed errors: 2
2025-04-13 10:41:17 - INFO - Target error not fixed: application type mismatch
  (eq_div_iff ?m.1821).mpr h₀
argument
  h₀
has type
  16 * x = 48 : Prop
...
2025-04-13 10:41:17 - INFO - Result: False (target error not fixed)
2025-04-13 10:41:17 - INFO - Testing fragment: nlinarith
2025-04-13 10:41:17 - INFO - Original error line:     exact (eq_div_iff (by norm_num)).mpr h₀
2025-04-13 10:41:19 - INFO - Testing fix: Original errors: 2, Fixed errors: 2
2025-04-13 10:41:19 - INFO - Result: False (introduced 1 new errors)
2025-04-13 10:41:19 - DEBUG - === New errors detail ===
2025-04-13 10:41:19 - DEBUG - New Error 1: line 36, type: type_mismatch, message: application type mismatch
  (eq_div_iff ?m.1821).mpr h₀
argument
  h₀
has type
  16 * x = 48 : Prop
but is expected to have type
  x * 16 = 48 : Prop
2025-04-13 10:41:19 - INFO - Failed attempt time: 22.04 seconds
2025-04-13 10:41:19 - INFO - ❌ Could not generate fix for error at line 36
2025-04-13 10:41:19 - INFO - 
Trying to fix error 2/2: line 42, type: rewrite_failed
2025-04-13 10:41:19 - INFO - Error message: tactic 'rewrite' failed, did not find instance of the pattern in the target expression
  48 / 16
x :...
2025-04-13 10:41:19 - INFO - Removed header content, remaining 42 lines of code
2025-04-13 10:41:19 - INFO - Using specified target error line: 42
2025-04-13 10:41:20 - INFO - Found error at specified line: tactic 'rewrite' failed, did not find instance of the pattern in the target expression
  48 / 16
x : ℝ
h₀ : 16 * x = 48
h₁ : 2 * (2 * (2 * (2 * x))) = 16 * x
h₂ : x = 48 / 16
h₃ : 48 / 16 = 3
⊢ 48 / 16 = 3
2025-04-13 10:41:20 - INFO - Error at line 42: tactic 'rewrite' failed, did not find instance of the pattern in the target expression
  48 / 16
x : ℝ
h₀ : 16 * x = 48
h₁ : 2 * (2 * (2 * (2 * x))) = 16 * x
h₂ : x = 48 / 16
h₃ : 48 / 16 = 3
⊢ 48 / 16 = 3
2025-04-13 10:41:20 - INFO - 
==================================================
2025-04-13 10:41:20 - INFO - Code prepared, starting synthesis
2025-04-13 10:41:20 - INFO - Before part: /-- 
At each basketball practice last week, Jenny made twice as many free throws as she made at the previous practice. 
At her fifth practice she made 48 free throws. How many free throws did she make at the first practice? 
Show that it is 3.
-/
theorem mathd_algebra_455 (x : ℝ) (h₀ : 2 * (2 * (2 * (2 * x))) = 48) : x = 3 := by
  -- The problem describes a geometric progression where each term is double the previous one
  -- Let's break down the given equation which represents the 5th practice (after 4 doublings):
  -- Practice 1: x
  -- Practice 2: 2x
  -- Practice 3: 2*(2x) = 4x
  -- Practice 4: 2*(4x) = 8x
  -- Practice 5: 2*(8x) = 16x = 48 (given in h₀)
  
  -- First, simplify the left-hand side of the equation h₀
  have h₁ : 2 * (2 * (2 * (2 * x))) = 16 * x := by
    -- Step-by-step simplification:
    -- Start with the innermost multiplication
    have step1 : 2 * x = 2 * x := by rfl
    -- Multiply by next 2
    have step2 : 2 * (2 * x) = 4 * x := by ring
    -- Multiply by next 2
    have step3 : 2 * (2 * (2 * x)) = 8 * x := by rw [step2]; ring
    -- Multiply by final 2
    have step4 : 2 * (2 * (2 * (2 * x))) = 16 * x := by rw [step3]; ring
    -- Use the final step
    exact step4
  
  -- Now rewrite the original hypothesis h₀ using the simplified form
  rw [h₁] at h₀
  -- Now we have h₀: 16 * x = 48
  
  -- To solve for x, we'll divide both sides by 16
  have h₂ : x = 48 / 16 := by
    -- Apply the property that if a * x = b then x = b / a (for a ≠ 0)
    exact (eq_div_iff (by norm_num)).mpr h₀
  
  -- Simplify the division 48/16
  have h₃ : 48 / 16 = 3 := by norm_num
  
  -- Combine the results to prove x = 3
2025-04-13 10:41:20 - INFO - Error line:   rw [h₂, h₃]
2025-04-13 10:41:20 - INFO - After part: 
2025-04-13 10:41:20 - INFO - ==================================================

2025-04-13 10:41:21 - INFO - Testing fragment: rw [justaplaceholder]
2025-04-13 10:41:21 - INFO - Original error line:   rw [h₂, h₃]
2025-04-13 10:41:23 - INFO - Testing fix: Original errors: 2, Fixed errors: 3
2025-04-13 10:41:23 - INFO - Result: False (introduced 2 new errors)
2025-04-13 10:41:23 - DEBUG - === New errors detail ===
2025-04-13 10:41:23 - DEBUG - New Error 1: line 42, type: unknown_identifier, message: unknown identifier 'justaplaceholder'
2025-04-13 10:41:23 - DEBUG - New Error 2: line 42, type: rewrite_failed, message: tactic 'rewrite' failed, equality or iff proof expected
  ?m.2815
x : ℝ
h₀ : 16 * x = 48
h₁ : 2 * (2 * (2 * (2 * x))) = 16 * x
h₂ : x = 48 / 16
h₃ : 48 / 16 = 3
⊢ x = 3
2025-04-13 10:41:23 - INFO - Testing fragment: rw [<- justaplaceholder]
2025-04-13 10:41:23 - INFO - Original error line:   rw [h₂, h₃]
2025-04-13 10:41:25 - INFO - Testing fix: Original errors: 2, Fixed errors: 3
2025-04-13 10:41:25 - INFO - Result: False (introduced 2 new errors)
2025-04-13 10:41:25 - DEBUG - === New errors detail ===
2025-04-13 10:41:25 - DEBUG - New Error 1: line 42, type: unknown_identifier, message: unknown identifier 'justaplaceholder'
2025-04-13 10:41:25 - DEBUG - New Error 2: line 42, type: rewrite_failed, message: tactic 'rewrite' failed, equality or iff proof expected
  ?m.2815
x : ℝ
h₀ : 16 * x = 48
h₁ : 2 * (2 * (2 * (2 * x))) = 16 * x
h₂ : x = 48 / 16
h₃ : 48 / 16 = 3
⊢ x = 3
2025-04-13 10:41:25 - INFO - Testing fragment: simp
2025-04-13 10:41:25 - INFO - Original error line:   rw [h₂, h₃]
2025-04-13 10:41:27 - INFO - Testing fix: Original errors: 2, Fixed errors: 2
2025-04-13 10:41:27 - INFO - Result: False (introduced 1 new errors)
2025-04-13 10:41:27 - DEBUG - === New errors detail ===
2025-04-13 10:41:27 - DEBUG - New Error 1: line 42, type: simp_failed, message: simp made no progress
2025-04-13 10:41:27 - INFO - Testing fragment: field_simp
2025-04-13 10:41:27 - INFO - Original error line:   rw [h₂, h₃]
2025-04-13 10:41:29 - INFO - Testing fix: Original errors: 2, Fixed errors: 2
2025-04-13 10:41:29 - INFO - Result: False (introduced 1 new errors)
2025-04-13 10:41:29 - DEBUG - === New errors detail ===
2025-04-13 10:41:29 - DEBUG - New Error 1: line 42, type: simp_failed, message: simp made no progress
2025-04-13 10:41:29 - INFO - Testing fragment: norm_num
2025-04-13 10:41:29 - INFO - Original error line:   rw [h₂, h₃]
2025-04-13 10:41:31 - INFO - Testing fix: Original errors: 2, Fixed errors: 2
2025-04-13 10:41:31 - INFO - Result: False (introduced 1 new errors)
2025-04-13 10:41:31 - DEBUG - === New errors detail ===
2025-04-13 10:41:31 - DEBUG - New Error 1: line 6, type: other_error, message: unsolved goals
x : ℝ
h₀ : 16 * x = 48
h₁ : 2 * (2 * (2 * (2 * x))) = 16 * x
h₂ : x = 48 / 16
h₃ : 48 / 16 = 3
⊢ x = 3
2025-04-13 10:41:31 - INFO - Testing fragment: ring
2025-04-13 10:41:31 - INFO - Original error line:   rw [h₂, h₃]
2025-04-13 10:41:33 - INFO - Testing fix: Original errors: 2, Fixed errors: 3
2025-04-13 10:41:33 - INFO - Result: False (introduced 2 new errors)
2025-04-13 10:41:33 - DEBUG - === New errors detail ===
2025-04-13 10:41:33 - DEBUG - New Error 1: line 42, type: ring_failed, message: Try this: ring_nf
2025-04-13 10:41:33 - DEBUG - New Error 2: line 6, type: other_error, message: unsolved goals
x : ℝ
h₀ : 16 * x = 48
h₁ : 2 * (2 * (2 * (2 * x))) = 16 * x
h₂ : x = 48 / 16
h₃ : 48 / 16 = 3
⊢ x = 3
2025-04-13 10:41:33 - INFO - Testing fragment: ring_nf
2025-04-13 10:41:33 - INFO - Original error line:   rw [h₂, h₃]
2025-04-13 10:41:35 - INFO - Testing fix: Original errors: 2, Fixed errors: 2
2025-04-13 10:41:35 - INFO - Result: False (introduced 1 new errors)
2025-04-13 10:41:35 - DEBUG - === New errors detail ===
2025-04-13 10:41:35 - DEBUG - New Error 1: line 6, type: other_error, message: unsolved goals
x : ℝ
h₀ : 16 * x = 48
h₁ : 2 * (2 * (2 * (2 * x))) = 16 * x
h₂ : x = 48 / 16
h₃ : 48 / 16 = 3
⊢ x = 3
2025-04-13 10:41:35 - INFO - Testing fragment: omega
2025-04-13 10:41:35 - INFO - Original error line:   rw [h₂, h₃]
2025-04-13 10:41:37 - INFO - Testing fix: Original errors: 2, Fixed errors: 2
2025-04-13 10:41:37 - INFO - Result: False (introduced 1 new errors)
2025-04-13 10:41:37 - DEBUG - === New errors detail ===
2025-04-13 10:41:37 - DEBUG - New Error 1: line 42, type: other_error, message: omega could not prove the goal:
No usable constraints found. You may need to unfold definitions so `omega` can see linear arithmetic facts about `Nat` and `Int`, which may also involve multiplication, division, and modular remainder by constants.
2025-04-13 10:41:37 - INFO - Testing fragment: linarith
2025-04-13 10:41:37 - INFO - Original error line:   rw [h₂, h₃]
2025-04-13 10:41:39 - INFO - Testing fix: Original errors: 2, Fixed errors: 1
2025-04-13 10:41:39 - INFO - Result: True (target error fixed and no new errors introduced)
2025-04-13 10:41:39 - DEBUG - === Original errors detail ===
2025-04-13 10:41:39 - DEBUG - Error 1: line 36, type: type_mismatch, message: application type mismatch
  (eq_div_iff ?m.1821).mpr h₀
argument
  h₀
has type
  16 * x = 48 : Prop
but is expected to have type
  x * 16 = 48 : Prop
2025-04-13 10:41:39 - DEBUG - Error 2: line 42, type: rewrite_failed, message: tactic 'rewrite' failed, did not find instance of the pattern in the target expression
  48 / 16
x : ℝ
h₀ : 16 * x = 48
h₁ : 2 * (2 * (2 * (2 * x))) = 16 * x
h₂ : x = 48 / 16
h₃ : 48 / 16 = 3
⊢ 48 / 16 = 3
2025-04-13 10:41:39 - DEBUG - === Fixed code comparison ===
2025-04-13 10:41:39 - DEBUG - Line 42 changed:
2025-04-13 10:41:39 - DEBUG -   Original:   rw [h₂, h₃]
2025-04-13 10:41:39 - DEBUG -   Fixed:      linarith
2025-04-13 10:41:39 - INFO - Found effective solution: linarith
2025-04-13 10:41:39 - INFO - 
==================================================
2025-04-13 10:41:39 - INFO - Fixed code:
2025-04-13 10:41:39 - INFO - /-- 
At each basketball practice last week, Jenny made twice as many free throws as she made at the previous practice. 
At her fifth practice she made 48 free throws. How many free throws did she make at the first practice? 
Show that it is 3.
-/
theorem mathd_algebra_455 (x : ℝ) (h₀ : 2 * (2 * (2 * (2 * x))) = 48) : x = 3 := by
  -- The problem describes a geometric progression where each term is double the previous one
  -- Let's break down the given equation which represents the 5th practice (after 4 doublings):
  -- Practice 1: x
  -- Practice 2: 2x
  -- Practice 3: 2*(2x) = 4x
  -- Practice 4: 2*(4x) = 8x
  -- Practice 5: 2*(8x) = 16x = 48 (given in h₀)
  
  -- First, simplify the left-hand side of the equation h₀
  have h₁ : 2 * (2 * (2 * (2 * x))) = 16 * x := by
    -- Step-by-step simplification:
    -- Start with the innermost multiplication
    have step1 : 2 * x = 2 * x := by rfl
    -- Multiply by next 2
    have step2 : 2 * (2 * x) = 4 * x := by ring
    -- Multiply by next 2
    have step3 : 2 * (2 * (2 * x)) = 8 * x := by rw [step2]; ring
    -- Multiply by final 2
    have step4 : 2 * (2 * (2 * (2 * x))) = 16 * x := by rw [step3]; ring
    -- Use the final step
    exact step4
  
  -- Now rewrite the original hypothesis h₀ using the simplified form
  rw [h₁] at h₀
  -- Now we have h₀: 16 * x = 48
  
  -- To solve for x, we'll divide both sides by 16
  have h₂ : x = 48 / 16 := by
    -- Apply the property that if a * x = b then x = b / a (for a ≠ 0)
    exact (eq_div_iff (by norm_num)).mpr h₀
  
  -- Simplify the division 48/16
  have h₃ : 48 / 16 = 3 := by norm_num
  
  -- Combine the results to prove x = 3
  linarith
2025-04-13 10:41:39 - INFO - ==================================================
2025-04-13 10:41:41 - INFO - Original code error count: 2
2025-04-13 10:41:41 - INFO - Fixed code error count: 1
2025-04-13 10:41:41 - INFO - Result: True (target error fixed and no new errors introduced)
2025-04-13 10:41:41 - DEBUG - === Original errors detail ===
2025-04-13 10:41:41 - DEBUG - Error 1: line 36, type: type_mismatch, message: application type mismatch
  (eq_div_iff ?m.1821).mpr h₀
argument
  h₀
has type
  16 * x = 48 : Prop
but is expected to have type
  x * 16 = 48 : Prop
2025-04-13 10:41:41 - DEBUG - Error 2: line 42, type: rewrite_failed, message: tactic 'rewrite' failed, did not find instance of the pattern in the target expression
  48 / 16
x : ℝ
h₀ : 16 * x = 48
h₁ : 2 * (2 * (2 * (2 * x))) = 16 * x
h₂ : x = 48 / 16
h₃ : 48 / 16 = 3
⊢ 48 / 16 = 3
2025-04-13 10:41:41 - DEBUG - === Fixed code comparison ===
2025-04-13 10:41:41 - DEBUG - Line 42 changed:
2025-04-13 10:41:41 - DEBUG -   Original:   rw [h₂, h₃]
2025-04-13 10:41:41 - DEBUG -   Fixed:      linarith
2025-04-13 10:41:41 - INFO - 
==================================================
2025-04-13 10:41:41 - INFO - Synthesis successful
2025-04-13 10:41:41 - INFO - ==================================================
2025-04-13 10:41:41 - INFO - Fix time: 22.04 seconds
2025-04-13 10:41:41 - INFO - ✅ Fixed error at line 42
2025-04-13 10:41:42 - INFO - 
===== Fix attempt completed =====
2025-04-13 10:41:42 - INFO - Original errors: 2
2025-04-13 10:41:42 - INFO - Fixed errors: 1
2025-04-13 10:41:42 - INFO - Failed errors: 1
2025-04-13 10:41:42 - INFO - Remaining errors: 1
2025-04-13 10:41:42 - INFO - Total time: 46.08 seconds
2025-04-13 10:41:42 - INFO - 
Final fixed code:
2025-04-13 10:41:42 - INFO - ----------------------------------------
2025-04-13 10:41:42 - INFO - /-- 
At each basketball practice last week, Jenny made twice as many free throws as she made at the previous practice. 
At her fifth practice she made 48 free throws. How many free throws did she make at the first practice? 
Show that it is 3.
-/
theorem mathd_algebra_455 (x : ℝ) (h₀ : 2 * (2 * (2 * (2 * x))) = 48) : x = 3 := by
  -- The problem describes a geometric progression where each term is double the previous one
  -- Let's break down the given equation which represents the 5th practice (after 4 doublings):
  -- Practice 1: x
  -- Practice 2: 2x
  -- Practice 3: 2*(2x) = 4x
  -- Practice 4: 2*(4x) = 8x
  -- Practice 5: 2*(8x) = 16x = 48 (given in h₀)
  
  -- First, simplify the left-hand side of the equation h₀
  have h₁ : 2 * (2 * (2 * (2 * x))) = 16 * x := by
    -- Step-by-step simplification:
    -- Start with the innermost multiplication
    have step1 : 2 * x = 2 * x := by rfl
    -- Multiply by next 2
    have step2 : 2 * (2 * x) = 4 * x := by ring
    -- Multiply by next 2
    have step3 : 2 * (2 * (2 * x)) = 8 * x := by rw [step2]; ring
    -- Multiply by final 2
    have step4 : 2 * (2 * (2 * (2 * x))) = 16 * x := by rw [step3]; ring
    -- Use the final step
    exact step4
  
  -- Now rewrite the original hypothesis h₀ using the simplified form
  rw [h₁] at h₀
  -- Now we have h₀: 16 * x = 48
  
  -- To solve for x, we'll divide both sides by 16
  have h₂ : x = 48 / 16 := by
    -- Apply the property that if a * x = b then x = b / a (for a ≠ 0)
    exact (eq_div_iff (by norm_num)).mpr h₀
  
  -- Simplify the division 48/16
  have h₃ : 48 / 16 = 3 := by norm_num
  
  -- Combine the results to prove x = 3
  linarith
2025-04-13 10:41:42 - INFO - ----------------------------------------
2025-04-13 10:41:42 - INFO - 
Detailed error repair report:
2025-04-13 10:41:42 - INFO - Original code error count: 2
❌ Fixed error 1/2: Could not generate fix for error at line 36 «type_mismatch» (after 22.04s)
✅ Fixed error 2/2: Successfully fixed error at line 42 «rewrite_failed» (in 22.04s)

=== Fix statistics ===
Original error count: 2
Fixed errors: 1 (Fix rate: 0.5000)
Failed errors: 1
Remaining errors: 1
Total time: 46.08 seconds

=== Successful fix details ===

Fix 1:
   Line: 42
   Error type: rewrite_failed
   Original error message: tactic 'rewrite' failed, did not find instance of the pattern in the target expression
  48 / 16
x :...
   Fix snippet: linarith
   Fixed line:   linarith
   Time: 22.04 seconds

=== Failed fix details ===

Failed fix 1:
   Line: 36
   Error type: type_mismatch
   Original error message: application type mismatch
  (eq_div_iff ?m.1821).mpr h₀
argument
  h₀
has type
  16 * x = 48 : Prop
...
   Failure reason: Could not generate fix
   Time: 22.04 seconds
2025-04-13 10:41:42 - INFO - 
Fixed code saved to: /data/coding/minif2f/lean_fixed/54_fixed.lean
2025-04-13 10:41:42 - INFO - JSON log saved to: /data/coding/minif2f/lean_fixed/54_fix_log.json
2025-04-13 10:41:42 - INFO - 
===== LOG FILE LOCATION =====
2025-04-13 10:41:42 - INFO - Detailed log file is available at: /data/coding/minif2f/lean_fixed/54.log
2025-04-13 10:41:42 - INFO - ===============================
