2025-04-13 10:40:58 - INFO - Log file initialized at 2025-04-13T10:40:58.820672
2025-04-13 10:40:58 - INFO - ===== LOG FILE LOCATION =====
2025-04-13 10:40:58 - INFO - Detailed log file created at: /data/coding/minif2f/lean_fixed/57.log
2025-04-13 10:40:58 - INFO - ===============================
2025-04-13 10:40:58 - INFO - Original code:
2025-04-13 10:40:58 - INFO - ----------------------------------------
2025-04-13 10:40:58 - INFO - import Mathlib
import Aesop

set_option maxHeartbeats 0

open BigOperators Real Nat Topology Rat

/-- For each positive integer $n$, let $n!$ denote the product $1\cdot 2\cdot 3\cdot\,\cdots\,\cdot (n-1)\cdot n$.

What is the remainder when $9!$ is divided by $10$? Show that it is 0.-/
theorem mathd_numbertheory_739 : 9! % 10 = 0 := by
  -- Compute 9! explicitly
  have h9fact : 9! = 362880 := by rfl -- 9! = 362880
  -- Show that 362880 is divisible by 10
  have hdiv : 10 ∣ 362880 := by
    -- Factorize 362880 / 10 = 36288, so 362880 = 10 * 36288
    use 36288
    ring
  -- The remainder when a number divisible by 10 is divided by 10 is 0
  exact Nat.mod_eq_zero_of_dvd hdiv
2025-04-13 10:40:58 - INFO - ----------------------------------------
2025-04-13 10:40:58 - INFO - 
Checking original code for all errors...
2025-04-13 10:41:03 - INFO - Original code contains 1 errors:
2025-04-13 10:41:03 - INFO - Error 1: line 11, type: no_goals_to_solve, message: no goals to be solved...
2025-04-13 10:41:03 - INFO - 
Starting multi-error continuous repair process...
2025-04-13 10:41:03 - INFO - 
===== Starting to fix all errors =====
2025-04-13 10:41:04 - INFO - 
Found 1 original errors:
2025-04-13 10:41:04 - INFO - Error 1: line 11, type: no_goals_to_solve, message: no goals to be solved...
2025-04-13 10:41:04 - INFO - 
Trying to fix error 1/1: line 11, type: no_goals_to_solve
2025-04-13 10:41:04 - INFO - Error message: no goals to be solved...
2025-04-13 10:41:04 - INFO - Removed header content, remaining 13 lines of code
2025-04-13 10:41:04 - INFO - Using specified target error line: 11
2025-04-13 10:41:05 - INFO - Found error at specified line: no goals to be solved
2025-04-13 10:41:05 - INFO - Error at line 11: no goals to be solved
2025-04-13 10:41:05 - INFO - 
==================================================
2025-04-13 10:41:05 - INFO - Code prepared, starting synthesis
2025-04-13 10:41:05 - INFO - Before part: /-- For each positive integer $n$, let $n!$ denote the product $1\cdot 2\cdot 3\cdot\,\cdots\,\cdot (n-1)\cdot n$.

What is the remainder when $9!$ is divided by $10$? Show that it is 0.-/
theorem mathd_numbertheory_739 : 9! % 10 = 0 := by
  -- Compute 9! explicitly
  have h9fact : 9! = 362880 := by rfl -- 9! = 362880
  -- Show that 362880 is divisible by 10
  have hdiv : 10 ∣ 362880 := by
    -- Factorize 362880 / 10 = 36288, so 362880 = 10 * 36288
    use 36288
2025-04-13 10:41:05 - INFO - Error line:     ring
2025-04-13 10:41:05 - INFO - After part: -- The remainder when a number divisible by 10 is divided by 10 is 0
  exact Nat.mod_eq_zero_of_dvd hdiv
2025-04-13 10:41:05 - INFO - ==================================================

2025-04-13 10:41:06 - INFO - Testing fragment: rw [justaplaceholder]
2025-04-13 10:41:06 - INFO - Original error line:     ring
2025-04-13 10:41:08 - INFO - Testing fix: Original errors: 1, Fixed errors: 1
2025-04-13 10:41:08 - INFO - Result: False (introduced 1 new errors)
2025-04-13 10:41:08 - DEBUG - === New errors detail ===
2025-04-13 10:41:08 - DEBUG - New Error 1: line 11, type: no_goals_to_solve, message: no goals to be solved
2025-04-13 10:41:08 - INFO - Testing fragment: rw [<- justaplaceholder]
2025-04-13 10:41:08 - INFO - Original error line:     ring
2025-04-13 10:41:10 - INFO - Testing fix: Original errors: 1, Fixed errors: 1
2025-04-13 10:41:10 - INFO - Result: False (introduced 1 new errors)
2025-04-13 10:41:10 - DEBUG - === New errors detail ===
2025-04-13 10:41:10 - DEBUG - New Error 1: line 11, type: no_goals_to_solve, message: no goals to be solved
2025-04-13 10:41:10 - INFO - Testing fragment: simp
2025-04-13 10:41:10 - INFO - Original error line:     ring
2025-04-13 10:41:12 - INFO - Testing fix: Original errors: 1, Fixed errors: 1
2025-04-13 10:41:12 - INFO - Target error not fixed: no goals to be solved...
2025-04-13 10:41:12 - INFO - Result: False (target error not fixed)
2025-04-13 10:41:12 - INFO - Testing fragment: field_simp
2025-04-13 10:41:12 - INFO - Original error line:     ring
2025-04-13 10:41:14 - INFO - Testing fix: Original errors: 1, Fixed errors: 1
2025-04-13 10:41:14 - INFO - Result: False (introduced 1 new errors)
2025-04-13 10:41:14 - DEBUG - === New errors detail ===
2025-04-13 10:41:14 - DEBUG - New Error 1: line 11, type: no_goals_to_solve, message: no goals to be solved
2025-04-13 10:41:14 - INFO - Testing fragment: norm_num
2025-04-13 10:41:14 - INFO - Original error line:     ring
2025-04-13 10:41:16 - INFO - Testing fix: Original errors: 1, Fixed errors: 1
2025-04-13 10:41:16 - INFO - Result: False (introduced 1 new errors)
2025-04-13 10:41:16 - DEBUG - === New errors detail ===
2025-04-13 10:41:16 - DEBUG - New Error 1: line 11, type: no_goals_to_solve, message: no goals to be solved
2025-04-13 10:41:16 - INFO - Testing fragment: ring
2025-04-13 10:41:16 - INFO - Original error line:     ring
2025-04-13 10:41:18 - INFO - Testing fix: Original errors: 1, Fixed errors: 1
2025-04-13 10:41:18 - INFO - Target error not fixed: no goals to be solved...
2025-04-13 10:41:18 - INFO - Result: False (target error not fixed)
2025-04-13 10:41:18 - INFO - Testing fragment: ring_nf
2025-04-13 10:41:18 - INFO - Original error line:     ring
2025-04-13 10:41:20 - INFO - Testing fix: Original errors: 1, Fixed errors: 1
2025-04-13 10:41:20 - INFO - Result: False (introduced 1 new errors)
2025-04-13 10:41:20 - DEBUG - === New errors detail ===
2025-04-13 10:41:20 - DEBUG - New Error 1: line 11, type: no_goals_to_solve, message: no goals to be solved
2025-04-13 10:41:20 - INFO - Testing fragment: omega
2025-04-13 10:41:20 - INFO - Original error line:     ring
2025-04-13 10:41:22 - INFO - Testing fix: Original errors: 1, Fixed errors: 1
2025-04-13 10:41:22 - INFO - Result: False (introduced 1 new errors)
2025-04-13 10:41:22 - DEBUG - === New errors detail ===
2025-04-13 10:41:22 - DEBUG - New Error 1: line 11, type: no_goals_to_solve, message: no goals to be solved
2025-04-13 10:41:22 - INFO - Testing fragment: linarith
2025-04-13 10:41:22 - INFO - Original error line:     ring
2025-04-13 10:41:24 - INFO - Testing fix: Original errors: 1, Fixed errors: 1
2025-04-13 10:41:24 - INFO - Result: False (introduced 1 new errors)
2025-04-13 10:41:24 - DEBUG - === New errors detail ===
2025-04-13 10:41:24 - DEBUG - New Error 1: line 11, type: no_goals_to_solve, message: no goals to be solved
2025-04-13 10:41:24 - INFO - Testing fragment: nlinarith
2025-04-13 10:41:24 - INFO - Original error line:     ring
2025-04-13 10:41:26 - INFO - Testing fix: Original errors: 1, Fixed errors: 1
2025-04-13 10:41:26 - INFO - Result: False (introduced 1 new errors)
2025-04-13 10:41:26 - DEBUG - === New errors detail ===
2025-04-13 10:41:26 - DEBUG - New Error 1: line 11, type: no_goals_to_solve, message: no goals to be solved
2025-04-13 10:41:26 - INFO - Failed attempt time: 22.04 seconds
2025-04-13 10:41:26 - INFO - ❌ Could not generate fix for error at line 11
2025-04-13 10:41:27 - INFO - 
===== Fix attempt completed =====
2025-04-13 10:41:27 - INFO - Original errors: 1
2025-04-13 10:41:27 - INFO - Fixed errors: 0
2025-04-13 10:41:27 - INFO - Failed errors: 1
2025-04-13 10:41:27 - INFO - Remaining errors: 1
2025-04-13 10:41:27 - INFO - Total time: 24.05 seconds
2025-04-13 10:41:27 - INFO - 
Final fixed code:
2025-04-13 10:41:27 - INFO - ----------------------------------------
2025-04-13 10:41:27 - INFO - /-- For each positive integer $n$, let $n!$ denote the product $1\cdot 2\cdot 3\cdot\,\cdots\,\cdot (n-1)\cdot n$.

What is the remainder when $9!$ is divided by $10$? Show that it is 0.-/
theorem mathd_numbertheory_739 : 9! % 10 = 0 := by
  -- Compute 9! explicitly
  have h9fact : 9! = 362880 := by rfl -- 9! = 362880
  -- Show that 362880 is divisible by 10
  have hdiv : 10 ∣ 362880 := by
    -- Factorize 362880 / 10 = 36288, so 362880 = 10 * 36288
    use 36288
    ring
  -- The remainder when a number divisible by 10 is divided by 10 is 0
  exact Nat.mod_eq_zero_of_dvd hdiv
2025-04-13 10:41:27 - INFO - ----------------------------------------
2025-04-13 10:41:27 - INFO - 
Detailed error repair report:
2025-04-13 10:41:27 - INFO - Original code error count: 1
❌ Fixed error 1/1: Could not generate fix for error at line 11 «no_goals_to_solve» (after 22.04s)

=== Fix statistics ===
Original error count: 1
Fixed errors: 0 (Fix rate: 0.0000)
Failed errors: 1
Remaining errors: 1
Total time: 24.05 seconds

=== Failed fix details ===

Failed fix 1:
   Line: 11
   Error type: no_goals_to_solve
   Original error message: no goals to be solved...
   Failure reason: Could not generate fix
   Time: 22.04 seconds
2025-04-13 10:41:27 - INFO - 
Fixed code saved to: /data/coding/minif2f/lean_fixed/57_fixed.lean
2025-04-13 10:41:27 - INFO - JSON log saved to: /data/coding/minif2f/lean_fixed/57_fix_log.json
2025-04-13 10:41:27 - INFO - 
===== LOG FILE LOCATION =====
2025-04-13 10:41:27 - INFO - Detailed log file is available at: /data/coding/minif2f/lean_fixed/57.log
2025-04-13 10:41:27 - INFO - ===============================
