2025-04-13 11:04:27 - INFO - Log file initialized at 2025-04-13T11:04:27.521043
2025-04-13 11:04:27 - INFO - ===== LOG FILE LOCATION =====
2025-04-13 11:04:27 - INFO - Detailed log file created at: ./minif2f/lean_fixed/58.log
2025-04-13 11:04:27 - INFO - ===============================
2025-04-13 11:04:27 - INFO - Original code:
2025-04-13 11:04:27 - INFO - ----------------------------------------
2025-04-13 11:04:27 - INFO - import Mathlib
import Aesop

set_option maxHeartbeats 0

open BigOperators Real Nat Topology Rat

/-- Simplify $\left( \frac{4}{x} \right)^{-1} \left( \frac{3x^3}{x} \right)^2 \left( \frac{1}{2x} \right)^{-3}$. Show that it is 18x^8.-/
theorem mathd_algebra_245 (x : ℝ) (h₀ : x ≠ 0) :
  (4 / x)⁻¹ * (3 * x ^ 3 / x) ^ 2 * (1 / (2 * x))⁻¹ ^ 3 = 18 * x ^ 8 := by
  -- First, we'll simplify each of the three main components separately
  
  -- Simplify (4/x)⁻¹: reciprocal of (4/x) is x/4
  have h1 : (4 / x)⁻¹ = x / 4 := by
    rw [inv_div]  -- (a/b)⁻¹ = b/a
    simp only [div_eq_mul_inv]
  
  -- Simplify (3*x^3/x)^2: first simplify inside parentheses
  have h2 : (3 * x ^ 3 / x) ^ 2 = (3 * x ^ 2) ^ 2 := by
    rw [div_eq_mul_inv]  -- Convert division to multiplication by reciprocal
    rw [mul_assoc]  -- Regroup terms
    rw [← mul_assoc x^3 x⁻¹]  -- Prepare to combine x terms
    rw [← pow_succ' x 2]  -- x^3 * x⁻¹ = x^(3-1) = x^2
    simp only [succ_eq_add_one, Nat.reduceAdd, pow_add, pow_one]
  
  -- Further simplify (3*x^2)^2 to 9*x^4
  have h3 : (3 * x ^ 2) ^ 2 = 9 * x ^ 4 := by
    rw [mul_pow]  -- Distribute exponent over multiplication
    simp only [pow_two, Nat.reduceAdd]
    rw [← pow_mul]  -- (x^2)^2 = x^(2*2) = x^4
    norm_num
  
  -- Simplify (1/(2x))⁻¹^3: handle exponents carefully
  have h4 : (1 / (2 * x))⁻¹ ^ 3 = (2 * x) ^ 3 := by
    rw [inv_div]  -- (1/(2x))⁻¹ = (2x)/1 = 2x
    simp only [div_one]
    rw [pow_succ]  -- (2x)^3 = (2x)^(1+1+1)
    rw [pow_succ]
    simp only [pow_one]
  
  -- Expand (2x)^3 to 8x^3
  have h5 : (2 * x) ^ 3 = 8 * x ^ 3 := by
    rw [mul_pow]  -- Distribute exponent over multiplication
    simp only [pow_three]
    norm_num
  
  -- Now substitute all simplified forms back into the original expression
  rw [h1, h2, h3, h4, h5]
  
  -- Combine all terms: (x/4) * (9x^4) * (8x^3)
  -- First multiply coefficients: (1/4)*9*8 = 18
  -- Then combine x terms: x * x^4 * x^3 = x^(1+4+3) = x^8
  ring  -- The 'ring' tactic can handle this algebraic simplification
2025-04-13 11:04:27 - INFO - ----------------------------------------
2025-04-13 11:04:27 - INFO - 
Checking original code for all errors...
2025-04-13 11:10:22 - INFO - Original code contains 4 errors:
2025-04-13 11:10:22 - INFO - Error 1: line 9, type: no_goals_to_solve, message: no goals to be solved...
2025-04-13 11:10:22 - INFO - Error 2: line 15, type: rewrite_failed, message: tactic 'rewrite' failed, equality or iff proof expected
  ?m.3611
x : ℝ
h₀ : x ≠ 0
h1 : (4 / x)⁻¹ = ...
2025-04-13 11:10:22 - INFO - Error 3: line 15, type: function_expected, message: function expected at
  3
term has type
  ?m.5072...
2025-04-13 11:10:22 - INFO - Error 4: line 15, type: type_mismatch, message: application type mismatch
  HPow.hPow ⋯
argument
  mul_assoc x
has type
  ∀ (b c : ℝ), x * b * c = x...
2025-04-13 11:10:22 - INFO - 
Starting multi-error continuous repair process...
2025-04-13 11:10:22 - INFO - 
===== Starting to fix all errors =====
2025-04-13 11:10:23 - INFO - 
Found 4 original errors:
2025-04-13 11:10:23 - INFO - Error 1: line 9, type: no_goals_to_solve, message: no goals to be solved...
2025-04-13 11:10:23 - INFO - Error 2: line 15, type: rewrite_failed, message: tactic 'rewrite' failed, equality or iff proof expected
  ?m.3611
x : ℝ
h₀ : x ≠ 0
h1 : (4 / x)⁻¹ = ...
2025-04-13 11:10:23 - INFO - Error 3: line 15, type: function_expected, message: function expected at
  3
term has type
  ?m.5072...
2025-04-13 11:10:23 - INFO - Error 4: line 15, type: type_mismatch, message: application type mismatch
  HPow.hPow ⋯
argument
  mul_assoc x
has type
  ∀ (b c : ℝ), x * b * c = x...
2025-04-13 11:10:23 - INFO - 
Trying to fix error 1/4: line 9, type: no_goals_to_solve
2025-04-13 11:10:23 - INFO - Error message: no goals to be solved...
2025-04-13 11:10:23 - INFO - Removed header content, remaining 46 lines of code
2025-04-13 11:10:23 - INFO - Using specified target error line: 9
2025-04-13 11:10:24 - INFO - Found error at specified line: no goals to be solved
2025-04-13 11:10:24 - INFO - Error at line 9: no goals to be solved
2025-04-13 11:10:24 - INFO - 
==================================================
2025-04-13 11:10:24 - INFO - Code prepared, starting synthesis
2025-04-13 11:10:24 - INFO - Before part: /-- Simplify $\left( \frac{4}{x} \right)^{-1} \left( \frac{3x^3}{x} \right)^2 \left( \frac{1}{2x} \right)^{-3}$. Show that it is 18x^8.-/
theorem mathd_algebra_245 (x : ℝ) (h₀ : x ≠ 0) :
  (4 / x)⁻¹ * (3 * x ^ 3 / x) ^ 2 * (1 / (2 * x))⁻¹ ^ 3 = 18 * x ^ 8 := by
  -- First, we'll simplify each of the three main components separately
  
  -- Simplify (4/x)⁻¹: reciprocal of (4/x) is x/4
  have h1 : (4 / x)⁻¹ = x / 4 := by
    rw [inv_div]  -- (a/b)⁻¹ = b/a
2025-04-13 11:10:24 - INFO - Error line:     simp only [div_eq_mul_inv]
2025-04-13 11:10:24 - INFO - After part: -- Simplify (3*x^3/x)^2: first simplify inside parentheses
  have h2 : (3 * x ^ 3 / x) ^ 2 = (3 * x ^ 2) ^ 2 := by
    rw [div_eq_mul_inv]  -- Convert division to multiplication by reciprocal
    rw [mul_assoc]  -- Regroup terms
    rw [← mul_assoc x^3 x⁻¹]  -- Prepare to combine x terms
    rw [← pow_succ' x 2]  -- x^3 * x⁻¹ = x^(3-1) = x^2
    simp only [succ_eq_add_one, Nat.reduceAdd, pow_add, pow_one]
  
  -- Further simplify (3*x^2)^2 to 9*x^4
  have h3 : (3 * x ^ 2) ^ 2 = 9 * x ^ 4 := by
    rw [mul_pow]  -- Distribute exponent over multiplication
    simp only [pow_two, Nat.reduceAdd]
    rw [← pow_mul]  -- (x^2)^2 = x^(2*2) = x^4
    norm_num
  
  -- Simplify (1/(2x))⁻¹^3: handle exponents carefully
  have h4 : (1 / (2 * x))⁻¹ ^ 3 = (2 * x) ^ 3 := by
    rw [inv_div]  -- (1/(2x))⁻¹ = (2x)/1 = 2x
    simp only [div_one]
    rw [pow_succ]  -- (2x)^3 = (2x)^(1+1+1)
    rw [pow_succ]
    simp only [pow_one]
  
  -- Expand (2x)^3 to 8x^3
  have h5 : (2 * x) ^ 3 = 8 * x ^ 3 := by
    rw [mul_pow]  -- Distribute exponent over multiplication
    simp only [pow_three]
    norm_num
  
  -- Now substitute all simplified forms back into the original expression
  rw [h1, h2, h3, h4, h5]
  
  -- Combine all terms: (x/4) * (9x^4) * (8x^3)
  -- First multiply coefficients: (1/4)*9*8 = 18
  -- Then combine x terms: x * x^4 * x^3 = x^(1+4+3) = x^8
  ring  -- The 'ring' tactic can handle this algebraic simplification
2025-04-13 11:10:24 - INFO - ==================================================

2025-04-13 11:10:25 - INFO - Testing fragment: rw [justaplaceholder]
2025-04-13 11:10:25 - INFO - Original error line:     simp only [div_eq_mul_inv]
2025-04-13 11:10:27 - INFO - Testing fix: Original errors: 4, Fixed errors: 4
2025-04-13 11:10:27 - INFO - Result: False (introduced 1 new errors)
2025-04-13 11:10:27 - DEBUG - === New errors detail ===
2025-04-13 11:10:27 - DEBUG - New Error 1: line 9, type: no_goals_to_solve, message: no goals to be solved
2025-04-13 11:10:27 - INFO - Testing fragment: rw [<- justaplaceholder]
2025-04-13 11:10:27 - INFO - Original error line:     simp only [div_eq_mul_inv]
2025-04-13 11:10:29 - INFO - Testing fix: Original errors: 4, Fixed errors: 4
2025-04-13 11:10:29 - INFO - Result: False (introduced 1 new errors)
2025-04-13 11:10:29 - DEBUG - === New errors detail ===
2025-04-13 11:10:29 - DEBUG - New Error 1: line 9, type: no_goals_to_solve, message: no goals to be solved
2025-04-13 11:10:29 - INFO - Testing fragment: simp
2025-04-13 11:10:29 - INFO - Original error line:     simp only [div_eq_mul_inv]
2025-04-13 11:10:31 - INFO - Testing fix: Original errors: 4, Fixed errors: 4
2025-04-13 11:10:31 - INFO - Result: False (introduced 1 new errors)
2025-04-13 11:10:31 - DEBUG - === New errors detail ===
2025-04-13 11:10:31 - DEBUG - New Error 1: line 9, type: no_goals_to_solve, message: no goals to be solved
2025-04-13 11:10:31 - INFO - Testing fragment: field_simp
2025-04-13 11:10:31 - INFO - Original error line:     simp only [div_eq_mul_inv]
2025-04-13 11:10:33 - INFO - Testing fix: Original errors: 4, Fixed errors: 4
2025-04-13 11:10:33 - INFO - Result: False (introduced 1 new errors)
2025-04-13 11:10:33 - DEBUG - === New errors detail ===
2025-04-13 11:10:33 - DEBUG - New Error 1: line 9, type: no_goals_to_solve, message: no goals to be solved
2025-04-13 11:10:33 - INFO - Testing fragment: norm_num
2025-04-13 11:10:33 - INFO - Original error line:     simp only [div_eq_mul_inv]
2025-04-13 11:10:35 - INFO - Testing fix: Original errors: 4, Fixed errors: 4
2025-04-13 11:10:35 - INFO - Result: False (introduced 1 new errors)
2025-04-13 11:10:35 - DEBUG - === New errors detail ===
2025-04-13 11:10:35 - DEBUG - New Error 1: line 9, type: no_goals_to_solve, message: no goals to be solved
2025-04-13 11:10:35 - INFO - Testing fragment: ring
2025-04-13 11:10:35 - INFO - Original error line:     simp only [div_eq_mul_inv]
2025-04-13 11:10:37 - INFO - Testing fix: Original errors: 4, Fixed errors: 4
2025-04-13 11:10:37 - INFO - Result: False (introduced 1 new errors)
2025-04-13 11:10:37 - DEBUG - === New errors detail ===
2025-04-13 11:10:37 - DEBUG - New Error 1: line 9, type: no_goals_to_solve, message: no goals to be solved
2025-04-13 11:10:37 - INFO - Testing fragment: ring_nf
2025-04-13 11:10:37 - INFO - Original error line:     simp only [div_eq_mul_inv]
2025-04-13 11:10:39 - INFO - Testing fix: Original errors: 4, Fixed errors: 4
2025-04-13 11:10:39 - INFO - Result: False (introduced 1 new errors)
2025-04-13 11:10:39 - DEBUG - === New errors detail ===
2025-04-13 11:10:39 - DEBUG - New Error 1: line 9, type: no_goals_to_solve, message: no goals to be solved
2025-04-13 11:10:39 - INFO - Testing fragment: omega
2025-04-13 11:10:39 - INFO - Original error line:     simp only [div_eq_mul_inv]
2025-04-13 11:10:41 - INFO - Testing fix: Original errors: 4, Fixed errors: 4
2025-04-13 11:10:41 - INFO - Result: False (introduced 1 new errors)
2025-04-13 11:10:41 - DEBUG - === New errors detail ===
2025-04-13 11:10:41 - DEBUG - New Error 1: line 9, type: no_goals_to_solve, message: no goals to be solved
2025-04-13 11:10:41 - INFO - Testing fragment: linarith
2025-04-13 11:10:41 - INFO - Original error line:     simp only [div_eq_mul_inv]
2025-04-13 11:10:43 - INFO - Testing fix: Original errors: 4, Fixed errors: 4
2025-04-13 11:10:43 - INFO - Result: False (introduced 1 new errors)
2025-04-13 11:10:43 - DEBUG - === New errors detail ===
2025-04-13 11:10:43 - DEBUG - New Error 1: line 9, type: no_goals_to_solve, message: no goals to be solved
2025-04-13 11:10:43 - INFO - Testing fragment: nlinarith
2025-04-13 11:10:43 - INFO - Original error line:     simp only [div_eq_mul_inv]
2025-04-13 11:10:45 - INFO - Testing fix: Original errors: 4, Fixed errors: 4
2025-04-13 11:10:45 - INFO - Result: False (introduced 1 new errors)
2025-04-13 11:10:45 - DEBUG - === New errors detail ===
2025-04-13 11:10:45 - DEBUG - New Error 1: line 9, type: no_goals_to_solve, message: no goals to be solved
2025-04-13 11:10:45 - INFO - Failed attempt time: 22.05 seconds
2025-04-13 11:10:45 - INFO - ❌ Could not generate fix for error at line 9
2025-04-13 11:10:45 - INFO - 
Trying to fix error 2/4: line 15, type: rewrite_failed
2025-04-13 11:10:45 - INFO - Error message: tactic 'rewrite' failed, equality or iff proof expected
  ?m.3611
x : ℝ
h₀ : x ≠ 0
h1 : (4 / x)⁻¹ = ...
2025-04-13 11:10:45 - INFO - Removed header content, remaining 46 lines of code
2025-04-13 11:10:45 - INFO - Using specified target error line: 15
2025-04-13 11:10:46 - INFO - Found error at specified line: tactic 'rewrite' failed, equality or iff proof expected
  ?m.3611
x : ℝ
h₀ : x ≠ 0
h1 : (4 / x)⁻¹ = x / 4
⊢ (3 * (x ^ 3 * x⁻¹)) ^ 2 = (3 * x ^ 2) ^ 2
2025-04-13 11:10:46 - INFO - Error at line 15: tactic 'rewrite' failed, equality or iff proof expected
  ?m.3611
x : ℝ
h₀ : x ≠ 0
h1 : (4 / x)⁻¹ = x / 4
⊢ (3 * (x ^ 3 * x⁻¹)) ^ 2 = (3 * x ^ 2) ^ 2
2025-04-13 11:10:46 - INFO - 
==================================================
2025-04-13 11:10:46 - INFO - Code prepared, starting synthesis
2025-04-13 11:10:46 - INFO - Before part: /-- Simplify $\left( \frac{4}{x} \right)^{-1} \left( \frac{3x^3}{x} \right)^2 \left( \frac{1}{2x} \right)^{-3}$. Show that it is 18x^8.-/
theorem mathd_algebra_245 (x : ℝ) (h₀ : x ≠ 0) :
  (4 / x)⁻¹ * (3 * x ^ 3 / x) ^ 2 * (1 / (2 * x))⁻¹ ^ 3 = 18 * x ^ 8 := by
  -- First, we'll simplify each of the three main components separately
  
  -- Simplify (4/x)⁻¹: reciprocal of (4/x) is x/4
  have h1 : (4 / x)⁻¹ = x / 4 := by
    rw [inv_div]  -- (a/b)⁻¹ = b/a
    simp only [div_eq_mul_inv]
  
  -- Simplify (3*x^3/x)^2: first simplify inside parentheses
  have h2 : (3 * x ^ 3 / x) ^ 2 = (3 * x ^ 2) ^ 2 := by
    rw [div_eq_mul_inv]  -- Convert division to multiplication by reciprocal
    rw [mul_assoc]  -- Regroup terms
2025-04-13 11:10:46 - INFO - Error line:     rw [← mul_assoc x^3 x⁻¹]  -- Prepare to combine x terms
2025-04-13 11:10:46 - INFO - After part: rw [← pow_succ' x 2]  -- x^3 * x⁻¹ = x^(3-1) = x^2
    simp only [succ_eq_add_one, Nat.reduceAdd, pow_add, pow_one]
  
  -- Further simplify (3*x^2)^2 to 9*x^4
  have h3 : (3 * x ^ 2) ^ 2 = 9 * x ^ 4 := by
    rw [mul_pow]  -- Distribute exponent over multiplication
    simp only [pow_two, Nat.reduceAdd]
    rw [← pow_mul]  -- (x^2)^2 = x^(2*2) = x^4
    norm_num
  
  -- Simplify (1/(2x))⁻¹^3: handle exponents carefully
  have h4 : (1 / (2 * x))⁻¹ ^ 3 = (2 * x) ^ 3 := by
    rw [inv_div]  -- (1/(2x))⁻¹ = (2x)/1 = 2x
    simp only [div_one]
    rw [pow_succ]  -- (2x)^3 = (2x)^(1+1+1)
    rw [pow_succ]
    simp only [pow_one]
  
  -- Expand (2x)^3 to 8x^3
  have h5 : (2 * x) ^ 3 = 8 * x ^ 3 := by
    rw [mul_pow]  -- Distribute exponent over multiplication
    simp only [pow_three]
    norm_num
  
  -- Now substitute all simplified forms back into the original expression
  rw [h1, h2, h3, h4, h5]
  
  -- Combine all terms: (x/4) * (9x^4) * (8x^3)
  -- First multiply coefficients: (1/4)*9*8 = 18
  -- Then combine x terms: x * x^4 * x^3 = x^(1+4+3) = x^8
  ring  -- The 'ring' tactic can handle this algebraic simplification
2025-04-13 11:10:46 - INFO - ==================================================

2025-04-13 11:10:47 - INFO - Testing fragment: rw [justaplaceholder]
2025-04-13 11:10:47 - INFO - Original error line:     rw [← mul_assoc x^3 x⁻¹]  -- Prepare to combine x terms
2025-04-13 11:10:49 - INFO - Testing fix: Original errors: 4, Fixed errors: 5
2025-04-13 11:10:49 - INFO - Result: False (introduced 4 new errors)
2025-04-13 11:10:49 - DEBUG - === New errors detail ===
2025-04-13 11:10:49 - DEBUG - New Error 1: line 15, type: unknown_identifier, message: unknown identifier 'justaplaceholder'
2025-04-13 11:10:49 - DEBUG - New Error 2: line 15, type: rewrite_failed, message: tactic 'rewrite' failed, equality or iff proof expected
  ?m.3576
x : ℝ
h₀ : x ≠ 0
h1 : (4 / x)⁻¹ = x / 4
⊢ (3 * (x ^ 3 * x⁻¹)) ^ 2 = (3 * x ^ 2) ^ 2
2025-04-13 11:10:49 - DEBUG - New Error 3: line 23, type: rewrite_failed, message: tactic 'rewrite' failed, did not find instance of the pattern in the target expression
  (?a ^ ?m) ^ ?n
x : ℝ
h₀ : x ≠ 0
h1 : (4 / x)⁻¹ = x / 4
h2 : (3 * x ^ 3 / x) ^ 2 = (3 * x ^ 2) ^ 2
⊢ 3 * 3 * (x * x * (x * x)) = 9 * x ^ 4
2025-04-13 11:10:49 - DEBUG - New Error 4: line 30, type: no_goals_to_solve, message: no goals to be solved
2025-04-13 11:10:49 - INFO - Testing fragment: rw [<- justaplaceholder]
2025-04-13 11:10:49 - INFO - Original error line:     rw [← mul_assoc x^3 x⁻¹]  -- Prepare to combine x terms
2025-04-13 11:10:51 - INFO - Testing fix: Original errors: 4, Fixed errors: 5
2025-04-13 11:10:51 - INFO - Target error not fixed: tactic 'rewrite' failed, equality or iff proof expected
  ?m.3576
x : ℝ
h₀ : x ≠ 0
h1 : (4 / x)⁻¹ = ...
2025-04-13 11:10:51 - INFO - Result: False (target error not fixed)
2025-04-13 11:10:51 - INFO - Testing fragment: simp
2025-04-13 11:10:51 - INFO - Original error line:     rw [← mul_assoc x^3 x⁻¹]  -- Prepare to combine x terms
2025-04-13 11:10:53 - INFO - Testing fix: Original errors: 4, Fixed errors: 4
2025-04-13 11:10:53 - INFO - Result: False (introduced 3 new errors)
2025-04-13 11:10:53 - DEBUG - === New errors detail ===
2025-04-13 11:10:53 - DEBUG - New Error 1: line 15, type: simp_failed, message: simp made no progress
2025-04-13 11:10:53 - DEBUG - New Error 2: line 23, type: rewrite_failed, message: tactic 'rewrite' failed, did not find instance of the pattern in the target expression
  (?a ^ ?m) ^ ?n
x : ℝ
h₀ : x ≠ 0
h1 : (4 / x)⁻¹ = x / 4
h2 : (3 * x ^ 3 / x) ^ 2 = (3 * x ^ 2) ^ 2
⊢ 3 * 3 * (x * x * (x * x)) = 9 * x ^ 4
2025-04-13 11:10:53 - DEBUG - New Error 3: line 30, type: no_goals_to_solve, message: no goals to be solved
2025-04-13 11:10:53 - INFO - Testing fragment: field_simp
2025-04-13 11:10:53 - INFO - Original error line:     rw [← mul_assoc x^3 x⁻¹]  -- Prepare to combine x terms
2025-04-13 11:10:55 - INFO - Testing fix: Original errors: 4, Fixed errors: 4
2025-04-13 11:10:55 - INFO - Result: False (introduced 3 new errors)
2025-04-13 11:10:55 - DEBUG - === New errors detail ===
2025-04-13 11:10:55 - DEBUG - New Error 1: line 16, type: rewrite_failed, message: tactic 'rewrite' failed, did not find instance of the pattern in the target expression
  x * x ^ 2
x : ℝ
h₀ : x ≠ 0
h1 : (4 / x)⁻¹ = x / 4
⊢ (3 * x ^ 3) ^ 2 = (3 * x ^ 2) ^ 2 * x ^ 2
2025-04-13 11:10:55 - DEBUG - New Error 2: line 23, type: rewrite_failed, message: tactic 'rewrite' failed, did not find instance of the pattern in the target expression
  (?a ^ ?m) ^ ?n
x : ℝ
h₀ : x ≠ 0
h1 : (4 / x)⁻¹ = x / 4
h2 : (3 * x ^ 3 / x) ^ 2 = (3 * x ^ 2) ^ 2
⊢ 3 * 3 * (x * x * (x * x)) = 9 * x ^ 4
2025-04-13 11:10:55 - DEBUG - New Error 3: line 30, type: no_goals_to_solve, message: no goals to be solved
2025-04-13 11:10:55 - INFO - Testing fragment: norm_num
2025-04-13 11:10:55 - INFO - Original error line:     rw [← mul_assoc x^3 x⁻¹]  -- Prepare to combine x terms
2025-04-13 11:10:57 - INFO - Testing fix: Original errors: 4, Fixed errors: 4
2025-04-13 11:10:57 - INFO - Result: False (introduced 3 new errors)
2025-04-13 11:10:57 - DEBUG - === New errors detail ===
2025-04-13 11:10:57 - DEBUG - New Error 1: line 16, type: rewrite_failed, message: tactic 'rewrite' failed, did not find instance of the pattern in the target expression
  x * x ^ 2
x : ℝ
h₀ : x ≠ 0
h1 : (4 / x)⁻¹ = x / 4
⊢ (3 * (x ^ 3 * x⁻¹)) ^ 2 = (3 * x ^ 2) ^ 2
2025-04-13 11:10:57 - DEBUG - New Error 2: line 23, type: rewrite_failed, message: tactic 'rewrite' failed, did not find instance of the pattern in the target expression
  (?a ^ ?m) ^ ?n
x : ℝ
h₀ : x ≠ 0
h1 : (4 / x)⁻¹ = x / 4
h2 : (3 * x ^ 3 / x) ^ 2 = (3 * x ^ 2) ^ 2
⊢ 3 * 3 * (x * x * (x * x)) = 9 * x ^ 4
2025-04-13 11:10:57 - DEBUG - New Error 3: line 30, type: no_goals_to_solve, message: no goals to be solved
2025-04-13 11:10:57 - INFO - Testing fragment: ring
2025-04-13 11:10:57 - INFO - Original error line:     rw [← mul_assoc x^3 x⁻¹]  -- Prepare to combine x terms
2025-04-13 11:10:59 - INFO - Testing fix: Original errors: 4, Fixed errors: 5
2025-04-13 11:10:59 - INFO - Result: False (introduced 4 new errors)
2025-04-13 11:10:59 - DEBUG - === New errors detail ===
2025-04-13 11:10:59 - DEBUG - New Error 1: line 15, type: ring_failed, message: Try this: ring_nf
2025-04-13 11:10:59 - DEBUG - New Error 2: line 16, type: rewrite_failed, message: tactic 'rewrite' failed, did not find instance of the pattern in the target expression
  x * x ^ 2
x : ℝ
h₀ : x ≠ 0
h1 : (4 / x)⁻¹ = x / 4
⊢ x ^ 6 * x⁻¹ ^ 2 * 9 = x ^ 4 * 9
2025-04-13 11:10:59 - DEBUG - New Error 3: line 23, type: rewrite_failed, message: tactic 'rewrite' failed, did not find instance of the pattern in the target expression
  (?a ^ ?m) ^ ?n
x : ℝ
h₀ : x ≠ 0
h1 : (4 / x)⁻¹ = x / 4
h2 : (3 * x ^ 3 / x) ^ 2 = (3 * x ^ 2) ^ 2
⊢ 3 * 3 * (x * x * (x * x)) = 9 * x ^ 4
2025-04-13 11:10:59 - DEBUG - New Error 4: line 30, type: no_goals_to_solve, message: no goals to be solved
2025-04-13 11:10:59 - INFO - Testing fragment: ring_nf
2025-04-13 11:10:59 - INFO - Original error line:     rw [← mul_assoc x^3 x⁻¹]  -- Prepare to combine x terms
2025-04-13 11:11:01 - INFO - Testing fix: Original errors: 4, Fixed errors: 4
2025-04-13 11:11:01 - INFO - Result: False (introduced 3 new errors)
2025-04-13 11:11:01 - DEBUG - === New errors detail ===
2025-04-13 11:11:01 - DEBUG - New Error 1: line 16, type: rewrite_failed, message: tactic 'rewrite' failed, did not find instance of the pattern in the target expression
  x * x ^ 2
x : ℝ
h₀ : x ≠ 0
h1 : (4 / x)⁻¹ = x / 4
⊢ x ^ 6 * x⁻¹ ^ 2 * 9 = x ^ 4 * 9
2025-04-13 11:11:01 - DEBUG - New Error 2: line 23, type: rewrite_failed, message: tactic 'rewrite' failed, did not find instance of the pattern in the target expression
  (?a ^ ?m) ^ ?n
x : ℝ
h₀ : x ≠ 0
h1 : (4 / x)⁻¹ = x / 4
h2 : (3 * x ^ 3 / x) ^ 2 = (3 * x ^ 2) ^ 2
⊢ 3 * 3 * (x * x * (x * x)) = 9 * x ^ 4
2025-04-13 11:11:01 - DEBUG - New Error 3: line 30, type: no_goals_to_solve, message: no goals to be solved
2025-04-13 11:11:01 - INFO - Testing fragment: omega
2025-04-13 11:11:01 - INFO - Original error line:     rw [← mul_assoc x^3 x⁻¹]  -- Prepare to combine x terms
2025-04-13 11:11:03 - INFO - Testing fix: Original errors: 4, Fixed errors: 4
2025-04-13 11:11:03 - INFO - Result: False (introduced 3 new errors)
2025-04-13 11:11:03 - DEBUG - === New errors detail ===
2025-04-13 11:11:03 - DEBUG - New Error 1: line 15, type: other_error, message: omega could not prove the goal:
No usable constraints found. You may need to unfold definitions so `omega` can see linear arithmetic facts about `Nat` and `Int`, which may also involve multiplication, division, and modular remainder by constants.
2025-04-13 11:11:03 - DEBUG - New Error 2: line 23, type: rewrite_failed, message: tactic 'rewrite' failed, did not find instance of the pattern in the target expression
  (?a ^ ?m) ^ ?n
x : ℝ
h₀ : x ≠ 0
h1 : (4 / x)⁻¹ = x / 4
h2 : (3 * x ^ 3 / x) ^ 2 = (3 * x ^ 2) ^ 2
⊢ 3 * 3 * (x * x * (x * x)) = 9 * x ^ 4
2025-04-13 11:11:03 - DEBUG - New Error 3: line 30, type: no_goals_to_solve, message: no goals to be solved
2025-04-13 11:11:03 - INFO - Testing fragment: linarith
2025-04-13 11:11:03 - INFO - Original error line:     rw [← mul_assoc x^3 x⁻¹]  -- Prepare to combine x terms
2025-04-13 11:11:05 - INFO - Testing fix: Original errors: 4, Fixed errors: 4
2025-04-13 11:11:05 - INFO - Result: False (introduced 3 new errors)
2025-04-13 11:11:05 - DEBUG - === New errors detail ===
2025-04-13 11:11:05 - DEBUG - New Error 1: line 15, type: linarith_failed, message: linarith failed to find a contradiction
case h1.h
x : ℝ
h₀ : x ≠ 0
h1 : (4 / x)⁻¹ = x / 4
a✝ : (3 * (x ^ 3 * x⁻¹)) ^ 2 < (3 * x ^ 2) ^ 2
⊢ False
failed
2025-04-13 11:11:05 - DEBUG - New Error 2: line 23, type: rewrite_failed, message: tactic 'rewrite' failed, did not find instance of the pattern in the target expression
  (?a ^ ?m) ^ ?n
x : ℝ
h₀ : x ≠ 0
h1 : (4 / x)⁻¹ = x / 4
h2 : (3 * x ^ 3 / x) ^ 2 = (3 * x ^ 2) ^ 2
⊢ 3 * 3 * (x * x * (x * x)) = 9 * x ^ 4
2025-04-13 11:11:05 - DEBUG - New Error 3: line 30, type: no_goals_to_solve, message: no goals to be solved
2025-04-13 11:11:05 - INFO - Testing fragment: nlinarith
2025-04-13 11:11:05 - INFO - Original error line:     rw [← mul_assoc x^3 x⁻¹]  -- Prepare to combine x terms
2025-04-13 11:11:07 - INFO - Testing fix: Original errors: 4, Fixed errors: 4
2025-04-13 11:11:07 - INFO - Result: False (introduced 3 new errors)
2025-04-13 11:11:07 - DEBUG - === New errors detail ===
2025-04-13 11:11:07 - DEBUG - New Error 1: line 15, type: linarith_failed, message: linarith failed to find a contradiction
case h1.h
x : ℝ
h₀ : x ≠ 0
h1 : (4 / x)⁻¹ = x / 4
a✝ : (3 * (x ^ 3 * x⁻¹)) ^ 2 < (3 * x ^ 2) ^ 2
⊢ False
failed
2025-04-13 11:11:07 - DEBUG - New Error 2: line 23, type: rewrite_failed, message: tactic 'rewrite' failed, did not find instance of the pattern in the target expression
  (?a ^ ?m) ^ ?n
x : ℝ
h₀ : x ≠ 0
h1 : (4 / x)⁻¹ = x / 4
h2 : (3 * x ^ 3 / x) ^ 2 = (3 * x ^ 2) ^ 2
⊢ 3 * 3 * (x * x * (x * x)) = 9 * x ^ 4
2025-04-13 11:11:07 - DEBUG - New Error 3: line 30, type: no_goals_to_solve, message: no goals to be solved
2025-04-13 11:11:07 - INFO - Failed attempt time: 22.04 seconds
2025-04-13 11:11:07 - INFO - ❌ Could not generate fix for error at line 15
2025-04-13 11:11:07 - INFO - 
Trying to fix error 3/4: line 15, type: function_expected
2025-04-13 11:11:07 - INFO - Error message: function expected at
  3
term has type
  ?m.5072...
2025-04-13 11:11:07 - INFO - Removed header content, remaining 46 lines of code
2025-04-13 11:11:07 - INFO - Using specified target error line: 15
2025-04-13 11:11:08 - INFO - Found error at specified line: tactic 'rewrite' failed, equality or iff proof expected
  ?m.3611
x : ℝ
h₀ : x ≠ 0
h1 : (4 / x)⁻¹ = x / 4
⊢ (3 * (x ^ 3 * x⁻¹)) ^ 2 = (3 * x ^ 2) ^ 2
2025-04-13 11:11:08 - INFO - Error at line 15: tactic 'rewrite' failed, equality or iff proof expected
  ?m.3611
x : ℝ
h₀ : x ≠ 0
h1 : (4 / x)⁻¹ = x / 4
⊢ (3 * (x ^ 3 * x⁻¹)) ^ 2 = (3 * x ^ 2) ^ 2
2025-04-13 11:11:08 - INFO - 
==================================================
2025-04-13 11:11:08 - INFO - Code prepared, starting synthesis
2025-04-13 11:11:08 - INFO - Before part: /-- Simplify $\left( \frac{4}{x} \right)^{-1} \left( \frac{3x^3}{x} \right)^2 \left( \frac{1}{2x} \right)^{-3}$. Show that it is 18x^8.-/
theorem mathd_algebra_245 (x : ℝ) (h₀ : x ≠ 0) :
  (4 / x)⁻¹ * (3 * x ^ 3 / x) ^ 2 * (1 / (2 * x))⁻¹ ^ 3 = 18 * x ^ 8 := by
  -- First, we'll simplify each of the three main components separately
  
  -- Simplify (4/x)⁻¹: reciprocal of (4/x) is x/4
  have h1 : (4 / x)⁻¹ = x / 4 := by
    rw [inv_div]  -- (a/b)⁻¹ = b/a
    simp only [div_eq_mul_inv]
  
  -- Simplify (3*x^3/x)^2: first simplify inside parentheses
  have h2 : (3 * x ^ 3 / x) ^ 2 = (3 * x ^ 2) ^ 2 := by
    rw [div_eq_mul_inv]  -- Convert division to multiplication by reciprocal
    rw [mul_assoc]  -- Regroup terms
2025-04-13 11:11:08 - INFO - Error line:     rw [← mul_assoc x^3 x⁻¹]  -- Prepare to combine x terms
2025-04-13 11:11:08 - INFO - After part: rw [← pow_succ' x 2]  -- x^3 * x⁻¹ = x^(3-1) = x^2
    simp only [succ_eq_add_one, Nat.reduceAdd, pow_add, pow_one]
  
  -- Further simplify (3*x^2)^2 to 9*x^4
  have h3 : (3 * x ^ 2) ^ 2 = 9 * x ^ 4 := by
    rw [mul_pow]  -- Distribute exponent over multiplication
    simp only [pow_two, Nat.reduceAdd]
    rw [← pow_mul]  -- (x^2)^2 = x^(2*2) = x^4
    norm_num
  
  -- Simplify (1/(2x))⁻¹^3: handle exponents carefully
  have h4 : (1 / (2 * x))⁻¹ ^ 3 = (2 * x) ^ 3 := by
    rw [inv_div]  -- (1/(2x))⁻¹ = (2x)/1 = 2x
    simp only [div_one]
    rw [pow_succ]  -- (2x)^3 = (2x)^(1+1+1)
    rw [pow_succ]
    simp only [pow_one]
  
  -- Expand (2x)^3 to 8x^3
  have h5 : (2 * x) ^ 3 = 8 * x ^ 3 := by
    rw [mul_pow]  -- Distribute exponent over multiplication
    simp only [pow_three]
    norm_num
  
  -- Now substitute all simplified forms back into the original expression
  rw [h1, h2, h3, h4, h5]
  
  -- Combine all terms: (x/4) * (9x^4) * (8x^3)
  -- First multiply coefficients: (1/4)*9*8 = 18
  -- Then combine x terms: x * x^4 * x^3 = x^(1+4+3) = x^8
  ring  -- The 'ring' tactic can handle this algebraic simplification
2025-04-13 11:11:08 - INFO - ==================================================

2025-04-13 11:11:09 - INFO - Testing fragment: rw [justaplaceholder]
2025-04-13 11:11:09 - INFO - Original error line:     rw [← mul_assoc x^3 x⁻¹]  -- Prepare to combine x terms
2025-04-13 11:11:11 - INFO - Testing fix: Original errors: 4, Fixed errors: 5
2025-04-13 11:11:11 - INFO - Result: False (introduced 4 new errors)
2025-04-13 11:11:11 - DEBUG - === New errors detail ===
2025-04-13 11:11:11 - DEBUG - New Error 1: line 15, type: unknown_identifier, message: unknown identifier 'justaplaceholder'
2025-04-13 11:11:11 - DEBUG - New Error 2: line 15, type: rewrite_failed, message: tactic 'rewrite' failed, equality or iff proof expected
  ?m.3576
x : ℝ
h₀ : x ≠ 0
h1 : (4 / x)⁻¹ = x / 4
⊢ (3 * (x ^ 3 * x⁻¹)) ^ 2 = (3 * x ^ 2) ^ 2
2025-04-13 11:11:11 - DEBUG - New Error 3: line 23, type: rewrite_failed, message: tactic 'rewrite' failed, did not find instance of the pattern in the target expression
  (?a ^ ?m) ^ ?n
x : ℝ
h₀ : x ≠ 0
h1 : (4 / x)⁻¹ = x / 4
h2 : (3 * x ^ 3 / x) ^ 2 = (3 * x ^ 2) ^ 2
⊢ 3 * 3 * (x * x * (x * x)) = 9 * x ^ 4
2025-04-13 11:11:11 - DEBUG - New Error 4: line 30, type: no_goals_to_solve, message: no goals to be solved
2025-04-13 11:11:11 - INFO - Testing fragment: rw [<- justaplaceholder]
2025-04-13 11:11:11 - INFO - Original error line:     rw [← mul_assoc x^3 x⁻¹]  -- Prepare to combine x terms
2025-04-13 11:11:13 - INFO - Testing fix: Original errors: 4, Fixed errors: 5
2025-04-13 11:11:13 - INFO - Target error not fixed: tactic 'rewrite' failed, equality or iff proof expected
  ?m.3576
x : ℝ
h₀ : x ≠ 0
h1 : (4 / x)⁻¹ = ...
2025-04-13 11:11:13 - INFO - Result: False (target error not fixed)
2025-04-13 11:11:13 - INFO - Testing fragment: simp
2025-04-13 11:11:13 - INFO - Original error line:     rw [← mul_assoc x^3 x⁻¹]  -- Prepare to combine x terms
2025-04-13 11:11:15 - INFO - Testing fix: Original errors: 4, Fixed errors: 4
2025-04-13 11:11:15 - INFO - Result: False (introduced 3 new errors)
2025-04-13 11:11:15 - DEBUG - === New errors detail ===
2025-04-13 11:11:15 - DEBUG - New Error 1: line 15, type: simp_failed, message: simp made no progress
2025-04-13 11:11:15 - DEBUG - New Error 2: line 23, type: rewrite_failed, message: tactic 'rewrite' failed, did not find instance of the pattern in the target expression
  (?a ^ ?m) ^ ?n
x : ℝ
h₀ : x ≠ 0
h1 : (4 / x)⁻¹ = x / 4
h2 : (3 * x ^ 3 / x) ^ 2 = (3 * x ^ 2) ^ 2
⊢ 3 * 3 * (x * x * (x * x)) = 9 * x ^ 4
2025-04-13 11:11:15 - DEBUG - New Error 3: line 30, type: no_goals_to_solve, message: no goals to be solved
2025-04-13 11:11:15 - INFO - Testing fragment: field_simp
2025-04-13 11:11:15 - INFO - Original error line:     rw [← mul_assoc x^3 x⁻¹]  -- Prepare to combine x terms
2025-04-13 11:11:17 - INFO - Testing fix: Original errors: 4, Fixed errors: 4
2025-04-13 11:11:17 - INFO - Result: False (introduced 3 new errors)
2025-04-13 11:11:17 - DEBUG - === New errors detail ===
2025-04-13 11:11:17 - DEBUG - New Error 1: line 16, type: rewrite_failed, message: tactic 'rewrite' failed, did not find instance of the pattern in the target expression
  x * x ^ 2
x : ℝ
h₀ : x ≠ 0
h1 : (4 / x)⁻¹ = x / 4
⊢ (3 * x ^ 3) ^ 2 = (3 * x ^ 2) ^ 2 * x ^ 2
2025-04-13 11:11:17 - DEBUG - New Error 2: line 23, type: rewrite_failed, message: tactic 'rewrite' failed, did not find instance of the pattern in the target expression
  (?a ^ ?m) ^ ?n
x : ℝ
h₀ : x ≠ 0
h1 : (4 / x)⁻¹ = x / 4
h2 : (3 * x ^ 3 / x) ^ 2 = (3 * x ^ 2) ^ 2
⊢ 3 * 3 * (x * x * (x * x)) = 9 * x ^ 4
2025-04-13 11:11:17 - DEBUG - New Error 3: line 30, type: no_goals_to_solve, message: no goals to be solved
2025-04-13 11:11:17 - INFO - Testing fragment: norm_num
2025-04-13 11:11:17 - INFO - Original error line:     rw [← mul_assoc x^3 x⁻¹]  -- Prepare to combine x terms
2025-04-13 11:11:19 - INFO - Testing fix: Original errors: 4, Fixed errors: 4
2025-04-13 11:11:19 - INFO - Result: False (introduced 3 new errors)
2025-04-13 11:11:19 - DEBUG - === New errors detail ===
2025-04-13 11:11:19 - DEBUG - New Error 1: line 16, type: rewrite_failed, message: tactic 'rewrite' failed, did not find instance of the pattern in the target expression
  x * x ^ 2
x : ℝ
h₀ : x ≠ 0
h1 : (4 / x)⁻¹ = x / 4
⊢ (3 * (x ^ 3 * x⁻¹)) ^ 2 = (3 * x ^ 2) ^ 2
2025-04-13 11:11:19 - DEBUG - New Error 2: line 23, type: rewrite_failed, message: tactic 'rewrite' failed, did not find instance of the pattern in the target expression
  (?a ^ ?m) ^ ?n
x : ℝ
h₀ : x ≠ 0
h1 : (4 / x)⁻¹ = x / 4
h2 : (3 * x ^ 3 / x) ^ 2 = (3 * x ^ 2) ^ 2
⊢ 3 * 3 * (x * x * (x * x)) = 9 * x ^ 4
2025-04-13 11:11:19 - DEBUG - New Error 3: line 30, type: no_goals_to_solve, message: no goals to be solved
2025-04-13 11:11:19 - INFO - Testing fragment: ring
2025-04-13 11:11:19 - INFO - Original error line:     rw [← mul_assoc x^3 x⁻¹]  -- Prepare to combine x terms
2025-04-13 11:11:21 - INFO - Testing fix: Original errors: 4, Fixed errors: 5
2025-04-13 11:11:21 - INFO - Result: False (introduced 4 new errors)
2025-04-13 11:11:21 - DEBUG - === New errors detail ===
2025-04-13 11:11:21 - DEBUG - New Error 1: line 15, type: ring_failed, message: Try this: ring_nf
2025-04-13 11:11:21 - DEBUG - New Error 2: line 16, type: rewrite_failed, message: tactic 'rewrite' failed, did not find instance of the pattern in the target expression
  x * x ^ 2
x : ℝ
h₀ : x ≠ 0
h1 : (4 / x)⁻¹ = x / 4
⊢ x ^ 6 * x⁻¹ ^ 2 * 9 = x ^ 4 * 9
2025-04-13 11:11:21 - DEBUG - New Error 3: line 23, type: rewrite_failed, message: tactic 'rewrite' failed, did not find instance of the pattern in the target expression
  (?a ^ ?m) ^ ?n
x : ℝ
h₀ : x ≠ 0
h1 : (4 / x)⁻¹ = x / 4
h2 : (3 * x ^ 3 / x) ^ 2 = (3 * x ^ 2) ^ 2
⊢ 3 * 3 * (x * x * (x * x)) = 9 * x ^ 4
2025-04-13 11:11:21 - DEBUG - New Error 4: line 30, type: no_goals_to_solve, message: no goals to be solved
2025-04-13 11:11:21 - INFO - Testing fragment: ring_nf
2025-04-13 11:11:21 - INFO - Original error line:     rw [← mul_assoc x^3 x⁻¹]  -- Prepare to combine x terms
2025-04-13 11:11:23 - INFO - Testing fix: Original errors: 4, Fixed errors: 4
2025-04-13 11:11:23 - INFO - Result: False (introduced 3 new errors)
2025-04-13 11:11:23 - DEBUG - === New errors detail ===
2025-04-13 11:11:23 - DEBUG - New Error 1: line 16, type: rewrite_failed, message: tactic 'rewrite' failed, did not find instance of the pattern in the target expression
  x * x ^ 2
x : ℝ
h₀ : x ≠ 0
h1 : (4 / x)⁻¹ = x / 4
⊢ x ^ 6 * x⁻¹ ^ 2 * 9 = x ^ 4 * 9
2025-04-13 11:11:23 - DEBUG - New Error 2: line 23, type: rewrite_failed, message: tactic 'rewrite' failed, did not find instance of the pattern in the target expression
  (?a ^ ?m) ^ ?n
x : ℝ
h₀ : x ≠ 0
h1 : (4 / x)⁻¹ = x / 4
h2 : (3 * x ^ 3 / x) ^ 2 = (3 * x ^ 2) ^ 2
⊢ 3 * 3 * (x * x * (x * x)) = 9 * x ^ 4
2025-04-13 11:11:23 - DEBUG - New Error 3: line 30, type: no_goals_to_solve, message: no goals to be solved
2025-04-13 11:11:23 - INFO - Testing fragment: omega
2025-04-13 11:11:23 - INFO - Original error line:     rw [← mul_assoc x^3 x⁻¹]  -- Prepare to combine x terms
2025-04-13 11:11:25 - INFO - Testing fix: Original errors: 4, Fixed errors: 4
2025-04-13 11:11:25 - INFO - Result: False (introduced 3 new errors)
2025-04-13 11:11:25 - DEBUG - === New errors detail ===
2025-04-13 11:11:25 - DEBUG - New Error 1: line 15, type: other_error, message: omega could not prove the goal:
No usable constraints found. You may need to unfold definitions so `omega` can see linear arithmetic facts about `Nat` and `Int`, which may also involve multiplication, division, and modular remainder by constants.
2025-04-13 11:11:25 - DEBUG - New Error 2: line 23, type: rewrite_failed, message: tactic 'rewrite' failed, did not find instance of the pattern in the target expression
  (?a ^ ?m) ^ ?n
x : ℝ
h₀ : x ≠ 0
h1 : (4 / x)⁻¹ = x / 4
h2 : (3 * x ^ 3 / x) ^ 2 = (3 * x ^ 2) ^ 2
⊢ 3 * 3 * (x * x * (x * x)) = 9 * x ^ 4
2025-04-13 11:11:25 - DEBUG - New Error 3: line 30, type: no_goals_to_solve, message: no goals to be solved
2025-04-13 11:11:25 - INFO - Testing fragment: linarith
2025-04-13 11:11:25 - INFO - Original error line:     rw [← mul_assoc x^3 x⁻¹]  -- Prepare to combine x terms
2025-04-13 11:11:27 - INFO - Testing fix: Original errors: 4, Fixed errors: 4
2025-04-13 11:11:27 - INFO - Result: False (introduced 3 new errors)
2025-04-13 11:11:27 - DEBUG - === New errors detail ===
2025-04-13 11:11:27 - DEBUG - New Error 1: line 15, type: linarith_failed, message: linarith failed to find a contradiction
case h1.h
x : ℝ
h₀ : x ≠ 0
h1 : (4 / x)⁻¹ = x / 4
a✝ : (3 * (x ^ 3 * x⁻¹)) ^ 2 < (3 * x ^ 2) ^ 2
⊢ False
failed
2025-04-13 11:11:27 - DEBUG - New Error 2: line 23, type: rewrite_failed, message: tactic 'rewrite' failed, did not find instance of the pattern in the target expression
  (?a ^ ?m) ^ ?n
x : ℝ
h₀ : x ≠ 0
h1 : (4 / x)⁻¹ = x / 4
h2 : (3 * x ^ 3 / x) ^ 2 = (3 * x ^ 2) ^ 2
⊢ 3 * 3 * (x * x * (x * x)) = 9 * x ^ 4
2025-04-13 11:11:27 - DEBUG - New Error 3: line 30, type: no_goals_to_solve, message: no goals to be solved
2025-04-13 11:11:27 - INFO - Testing fragment: nlinarith
2025-04-13 11:11:27 - INFO - Original error line:     rw [← mul_assoc x^3 x⁻¹]  -- Prepare to combine x terms
2025-04-13 11:11:29 - INFO - Testing fix: Original errors: 4, Fixed errors: 4
2025-04-13 11:11:29 - INFO - Result: False (introduced 3 new errors)
2025-04-13 11:11:29 - DEBUG - === New errors detail ===
2025-04-13 11:11:29 - DEBUG - New Error 1: line 15, type: linarith_failed, message: linarith failed to find a contradiction
case h1.h
x : ℝ
h₀ : x ≠ 0
h1 : (4 / x)⁻¹ = x / 4
a✝ : (3 * (x ^ 3 * x⁻¹)) ^ 2 < (3 * x ^ 2) ^ 2
⊢ False
failed
2025-04-13 11:11:29 - DEBUG - New Error 2: line 23, type: rewrite_failed, message: tactic 'rewrite' failed, did not find instance of the pattern in the target expression
  (?a ^ ?m) ^ ?n
x : ℝ
h₀ : x ≠ 0
h1 : (4 / x)⁻¹ = x / 4
h2 : (3 * x ^ 3 / x) ^ 2 = (3 * x ^ 2) ^ 2
⊢ 3 * 3 * (x * x * (x * x)) = 9 * x ^ 4
2025-04-13 11:11:29 - DEBUG - New Error 3: line 30, type: no_goals_to_solve, message: no goals to be solved
2025-04-13 11:11:29 - INFO - Failed attempt time: 22.04 seconds
2025-04-13 11:11:29 - INFO - ❌ Could not generate fix for error at line 15
2025-04-13 11:11:29 - INFO - 
Trying to fix error 4/4: line 15, type: type_mismatch
2025-04-13 11:11:29 - INFO - Error message: application type mismatch
  HPow.hPow ⋯
argument
  mul_assoc x
has type
  ∀ (b c : ℝ), x * b * c = x...
2025-04-13 11:11:29 - INFO - Removed header content, remaining 46 lines of code
2025-04-13 11:11:29 - INFO - Using specified target error line: 15
2025-04-13 11:11:30 - INFO - Found error at specified line: tactic 'rewrite' failed, equality or iff proof expected
  ?m.3611
x : ℝ
h₀ : x ≠ 0
h1 : (4 / x)⁻¹ = x / 4
⊢ (3 * (x ^ 3 * x⁻¹)) ^ 2 = (3 * x ^ 2) ^ 2
2025-04-13 11:11:30 - INFO - Error at line 15: tactic 'rewrite' failed, equality or iff proof expected
  ?m.3611
x : ℝ
h₀ : x ≠ 0
h1 : (4 / x)⁻¹ = x / 4
⊢ (3 * (x ^ 3 * x⁻¹)) ^ 2 = (3 * x ^ 2) ^ 2
2025-04-13 11:11:30 - INFO - 
==================================================
2025-04-13 11:11:30 - INFO - Code prepared, starting synthesis
2025-04-13 11:11:30 - INFO - Before part: /-- Simplify $\left( \frac{4}{x} \right)^{-1} \left( \frac{3x^3}{x} \right)^2 \left( \frac{1}{2x} \right)^{-3}$. Show that it is 18x^8.-/
theorem mathd_algebra_245 (x : ℝ) (h₀ : x ≠ 0) :
  (4 / x)⁻¹ * (3 * x ^ 3 / x) ^ 2 * (1 / (2 * x))⁻¹ ^ 3 = 18 * x ^ 8 := by
  -- First, we'll simplify each of the three main components separately
  
  -- Simplify (4/x)⁻¹: reciprocal of (4/x) is x/4
  have h1 : (4 / x)⁻¹ = x / 4 := by
    rw [inv_div]  -- (a/b)⁻¹ = b/a
    simp only [div_eq_mul_inv]
  
  -- Simplify (3*x^3/x)^2: first simplify inside parentheses
  have h2 : (3 * x ^ 3 / x) ^ 2 = (3 * x ^ 2) ^ 2 := by
    rw [div_eq_mul_inv]  -- Convert division to multiplication by reciprocal
    rw [mul_assoc]  -- Regroup terms
2025-04-13 11:11:30 - INFO - Error line:     rw [← mul_assoc x^3 x⁻¹]  -- Prepare to combine x terms
2025-04-13 11:11:30 - INFO - After part: rw [← pow_succ' x 2]  -- x^3 * x⁻¹ = x^(3-1) = x^2
    simp only [succ_eq_add_one, Nat.reduceAdd, pow_add, pow_one]
  
  -- Further simplify (3*x^2)^2 to 9*x^4
  have h3 : (3 * x ^ 2) ^ 2 = 9 * x ^ 4 := by
    rw [mul_pow]  -- Distribute exponent over multiplication
    simp only [pow_two, Nat.reduceAdd]
    rw [← pow_mul]  -- (x^2)^2 = x^(2*2) = x^4
    norm_num
  
  -- Simplify (1/(2x))⁻¹^3: handle exponents carefully
  have h4 : (1 / (2 * x))⁻¹ ^ 3 = (2 * x) ^ 3 := by
    rw [inv_div]  -- (1/(2x))⁻¹ = (2x)/1 = 2x
    simp only [div_one]
    rw [pow_succ]  -- (2x)^3 = (2x)^(1+1+1)
    rw [pow_succ]
    simp only [pow_one]
  
  -- Expand (2x)^3 to 8x^3
  have h5 : (2 * x) ^ 3 = 8 * x ^ 3 := by
    rw [mul_pow]  -- Distribute exponent over multiplication
    simp only [pow_three]
    norm_num
  
  -- Now substitute all simplified forms back into the original expression
  rw [h1, h2, h3, h4, h5]
  
  -- Combine all terms: (x/4) * (9x^4) * (8x^3)
  -- First multiply coefficients: (1/4)*9*8 = 18
  -- Then combine x terms: x * x^4 * x^3 = x^(1+4+3) = x^8
  ring  -- The 'ring' tactic can handle this algebraic simplification
2025-04-13 11:11:30 - INFO - ==================================================

2025-04-13 11:11:31 - INFO - Testing fragment: rw [justaplaceholder]
2025-04-13 11:11:31 - INFO - Original error line:     rw [← mul_assoc x^3 x⁻¹]  -- Prepare to combine x terms
2025-04-13 11:11:33 - INFO - Testing fix: Original errors: 4, Fixed errors: 5
2025-04-13 11:11:33 - INFO - Result: False (introduced 4 new errors)
2025-04-13 11:11:33 - DEBUG - === New errors detail ===
2025-04-13 11:11:33 - DEBUG - New Error 1: line 15, type: unknown_identifier, message: unknown identifier 'justaplaceholder'
2025-04-13 11:11:33 - DEBUG - New Error 2: line 15, type: rewrite_failed, message: tactic 'rewrite' failed, equality or iff proof expected
  ?m.3576
x : ℝ
h₀ : x ≠ 0
h1 : (4 / x)⁻¹ = x / 4
⊢ (3 * (x ^ 3 * x⁻¹)) ^ 2 = (3 * x ^ 2) ^ 2
2025-04-13 11:11:33 - DEBUG - New Error 3: line 23, type: rewrite_failed, message: tactic 'rewrite' failed, did not find instance of the pattern in the target expression
  (?a ^ ?m) ^ ?n
x : ℝ
h₀ : x ≠ 0
h1 : (4 / x)⁻¹ = x / 4
h2 : (3 * x ^ 3 / x) ^ 2 = (3 * x ^ 2) ^ 2
⊢ 3 * 3 * (x * x * (x * x)) = 9 * x ^ 4
2025-04-13 11:11:33 - DEBUG - New Error 4: line 30, type: no_goals_to_solve, message: no goals to be solved
2025-04-13 11:11:33 - INFO - Testing fragment: rw [<- justaplaceholder]
2025-04-13 11:11:33 - INFO - Original error line:     rw [← mul_assoc x^3 x⁻¹]  -- Prepare to combine x terms
2025-04-13 11:11:35 - INFO - Testing fix: Original errors: 4, Fixed errors: 5
2025-04-13 11:11:35 - INFO - Target error not fixed: tactic 'rewrite' failed, equality or iff proof expected
  ?m.3576
x : ℝ
h₀ : x ≠ 0
h1 : (4 / x)⁻¹ = ...
2025-04-13 11:11:35 - INFO - Result: False (target error not fixed)
2025-04-13 11:11:35 - INFO - Testing fragment: simp
2025-04-13 11:11:35 - INFO - Original error line:     rw [← mul_assoc x^3 x⁻¹]  -- Prepare to combine x terms
2025-04-13 11:11:37 - INFO - Testing fix: Original errors: 4, Fixed errors: 4
2025-04-13 11:11:37 - INFO - Result: False (introduced 3 new errors)
2025-04-13 11:11:37 - DEBUG - === New errors detail ===
2025-04-13 11:11:37 - DEBUG - New Error 1: line 15, type: simp_failed, message: simp made no progress
2025-04-13 11:11:37 - DEBUG - New Error 2: line 23, type: rewrite_failed, message: tactic 'rewrite' failed, did not find instance of the pattern in the target expression
  (?a ^ ?m) ^ ?n
x : ℝ
h₀ : x ≠ 0
h1 : (4 / x)⁻¹ = x / 4
h2 : (3 * x ^ 3 / x) ^ 2 = (3 * x ^ 2) ^ 2
⊢ 3 * 3 * (x * x * (x * x)) = 9 * x ^ 4
2025-04-13 11:11:37 - DEBUG - New Error 3: line 30, type: no_goals_to_solve, message: no goals to be solved
2025-04-13 11:11:37 - INFO - Testing fragment: field_simp
2025-04-13 11:11:37 - INFO - Original error line:     rw [← mul_assoc x^3 x⁻¹]  -- Prepare to combine x terms
2025-04-13 11:11:39 - INFO - Testing fix: Original errors: 4, Fixed errors: 4
2025-04-13 11:11:39 - INFO - Result: False (introduced 3 new errors)
2025-04-13 11:11:39 - DEBUG - === New errors detail ===
2025-04-13 11:11:39 - DEBUG - New Error 1: line 16, type: rewrite_failed, message: tactic 'rewrite' failed, did not find instance of the pattern in the target expression
  x * x ^ 2
x : ℝ
h₀ : x ≠ 0
h1 : (4 / x)⁻¹ = x / 4
⊢ (3 * x ^ 3) ^ 2 = (3 * x ^ 2) ^ 2 * x ^ 2
2025-04-13 11:11:39 - DEBUG - New Error 2: line 23, type: rewrite_failed, message: tactic 'rewrite' failed, did not find instance of the pattern in the target expression
  (?a ^ ?m) ^ ?n
x : ℝ
h₀ : x ≠ 0
h1 : (4 / x)⁻¹ = x / 4
h2 : (3 * x ^ 3 / x) ^ 2 = (3 * x ^ 2) ^ 2
⊢ 3 * 3 * (x * x * (x * x)) = 9 * x ^ 4
2025-04-13 11:11:39 - DEBUG - New Error 3: line 30, type: no_goals_to_solve, message: no goals to be solved
2025-04-13 11:11:39 - INFO - Testing fragment: norm_num
2025-04-13 11:11:39 - INFO - Original error line:     rw [← mul_assoc x^3 x⁻¹]  -- Prepare to combine x terms
2025-04-13 11:11:41 - INFO - Testing fix: Original errors: 4, Fixed errors: 4
2025-04-13 11:11:41 - INFO - Result: False (introduced 3 new errors)
2025-04-13 11:11:41 - DEBUG - === New errors detail ===
2025-04-13 11:11:41 - DEBUG - New Error 1: line 16, type: rewrite_failed, message: tactic 'rewrite' failed, did not find instance of the pattern in the target expression
  x * x ^ 2
x : ℝ
h₀ : x ≠ 0
h1 : (4 / x)⁻¹ = x / 4
⊢ (3 * (x ^ 3 * x⁻¹)) ^ 2 = (3 * x ^ 2) ^ 2
2025-04-13 11:11:41 - DEBUG - New Error 2: line 23, type: rewrite_failed, message: tactic 'rewrite' failed, did not find instance of the pattern in the target expression
  (?a ^ ?m) ^ ?n
x : ℝ
h₀ : x ≠ 0
h1 : (4 / x)⁻¹ = x / 4
h2 : (3 * x ^ 3 / x) ^ 2 = (3 * x ^ 2) ^ 2
⊢ 3 * 3 * (x * x * (x * x)) = 9 * x ^ 4
2025-04-13 11:11:41 - DEBUG - New Error 3: line 30, type: no_goals_to_solve, message: no goals to be solved
2025-04-13 11:11:41 - INFO - Testing fragment: ring
2025-04-13 11:11:41 - INFO - Original error line:     rw [← mul_assoc x^3 x⁻¹]  -- Prepare to combine x terms
2025-04-13 11:11:43 - INFO - Testing fix: Original errors: 4, Fixed errors: 5
2025-04-13 11:11:43 - INFO - Result: False (introduced 4 new errors)
2025-04-13 11:11:43 - DEBUG - === New errors detail ===
2025-04-13 11:11:43 - DEBUG - New Error 1: line 15, type: ring_failed, message: Try this: ring_nf
2025-04-13 11:11:43 - DEBUG - New Error 2: line 16, type: rewrite_failed, message: tactic 'rewrite' failed, did not find instance of the pattern in the target expression
  x * x ^ 2
x : ℝ
h₀ : x ≠ 0
h1 : (4 / x)⁻¹ = x / 4
⊢ x ^ 6 * x⁻¹ ^ 2 * 9 = x ^ 4 * 9
2025-04-13 11:11:43 - DEBUG - New Error 3: line 23, type: rewrite_failed, message: tactic 'rewrite' failed, did not find instance of the pattern in the target expression
  (?a ^ ?m) ^ ?n
x : ℝ
h₀ : x ≠ 0
h1 : (4 / x)⁻¹ = x / 4
h2 : (3 * x ^ 3 / x) ^ 2 = (3 * x ^ 2) ^ 2
⊢ 3 * 3 * (x * x * (x * x)) = 9 * x ^ 4
2025-04-13 11:11:43 - DEBUG - New Error 4: line 30, type: no_goals_to_solve, message: no goals to be solved
2025-04-13 11:11:43 - INFO - Testing fragment: ring_nf
2025-04-13 11:11:43 - INFO - Original error line:     rw [← mul_assoc x^3 x⁻¹]  -- Prepare to combine x terms
2025-04-13 11:11:45 - INFO - Testing fix: Original errors: 4, Fixed errors: 4
2025-04-13 11:11:45 - INFO - Result: False (introduced 3 new errors)
2025-04-13 11:11:45 - DEBUG - === New errors detail ===
2025-04-13 11:11:45 - DEBUG - New Error 1: line 16, type: rewrite_failed, message: tactic 'rewrite' failed, did not find instance of the pattern in the target expression
  x * x ^ 2
x : ℝ
h₀ : x ≠ 0
h1 : (4 / x)⁻¹ = x / 4
⊢ x ^ 6 * x⁻¹ ^ 2 * 9 = x ^ 4 * 9
2025-04-13 11:11:45 - DEBUG - New Error 2: line 23, type: rewrite_failed, message: tactic 'rewrite' failed, did not find instance of the pattern in the target expression
  (?a ^ ?m) ^ ?n
x : ℝ
h₀ : x ≠ 0
h1 : (4 / x)⁻¹ = x / 4
h2 : (3 * x ^ 3 / x) ^ 2 = (3 * x ^ 2) ^ 2
⊢ 3 * 3 * (x * x * (x * x)) = 9 * x ^ 4
2025-04-13 11:11:45 - DEBUG - New Error 3: line 30, type: no_goals_to_solve, message: no goals to be solved
2025-04-13 11:11:45 - INFO - Testing fragment: omega
2025-04-13 11:11:45 - INFO - Original error line:     rw [← mul_assoc x^3 x⁻¹]  -- Prepare to combine x terms
2025-04-13 11:15:07 - INFO - Synthesis failed: ('Execution failed', 'Execution timed out after 200.0 seconds. Partial output:\n{"cmd": "/-- Simplify $\\\\left( \\\\frac{4}{x} \\\\right)^{-1} \\\\left( \\\\frac{3x^3}{x} \\\\right)^2 \\\\left( \\\\frac{1}{2x} \\\\right)^{-3}$. Show that it is 18x^8.-/\\ntheorem mathd_algebra_245 (x : ℝ) (h₀ : x ≠ 0) :\\n  (4 / x)⁻¹ * (3 * x ^ 3 / x) ^ 2 * (1 / (2 * x))⁻¹ ^ 3 = 18 * x ^ 8 := by\\n  -- First, we\'ll simplify each of the three main components separately\\n  \\n  -- Simplify (4/x)⁻¹: reciprocal of (4/x) is x/4\\n  have h1 : (4 / x)⁻¹ = x / 4 := by\\n    rw [inv_div]  -- (a/b)⁻¹ = b/a\\n    simp only [div_eq_mul_inv]\\n  \\n  -- Simplify (3*x^3/x)^2: first simplify inside parentheses\\n  have h2 : (3 * x ^ 3 / x) ^ 2 = (3 * x ^ 2) ^ 2 := by\\n    rw [div_eq_mul_inv]  -- Convert division to multiplication by reciprocal\\n    rw [mul_assoc]  -- Regroup terms\\n    omega\\n    rw [← pow_succ\' x 2]  -- x^3 * x⁻¹ = x^(3-1) = x^2\\n    simp only [succ_eq_add_one, Nat.reduceAdd, pow_add, pow_one]\\n  \\n  -- Further simplify (3*x^2)^2 to 9*x^4\\n  have h3 : (3 * x ^ 2) ^ 2 = 9 * x ^ 4 := by\\n    rw [mul_pow]  -- Distribute exponent over multiplication\\n    simp only [pow_two, Nat.reduceAdd]\\n    rw [← pow_mul]  -- (x^2)^2 = x^(2*2) = x^4\\n    norm_num\\n  \\n  -- Simplify (1/(2x))⁻¹^3: handle exponents carefully\\n  have h4 : (1 / (2 * x))⁻¹ ^ 3 = (2 * x) ^ 3 := by\\n    rw [inv_div]  -- (1/(2x))⁻¹ = (2x)/1 = 2x\\n    simp only [div_one]\\n    rw [pow_succ]  -- (2x)^3 = (2x)^(1+1+1)\\n    rw [pow_succ]\\n    simp only [pow_one]\\n  \\n  -- Expand (2x)^3 to 8x^3\\n  have h5 : (2 * x) ^ 3 = 8 * x ^ 3 := by\\n    rw [mul_pow]  -- Distribute exponent over multiplication\\n    simp only [pow_three]\\n    norm_num\\n  \\n  -- Now substitute all simplified forms back into the original expression\\n  rw [h1, h2, h3, h4, h5]\\n  \\n  -- Combine all terms: (x/4) * (9x^4) * (8x^3)\\n  -- First multiply coefficients: (1/4)*9*8 = 18\\n  -- Then combine x terms: x * x^4 * x^3 = x^(1+4+3) = x^8\\n  ring  -- The \'ring\' tactic can handle this algebraic simplification", "env": 0}\r\n\r\n')
2025-04-13 11:15:09 - INFO - Failed attempt time: 219.84 seconds
2025-04-13 11:15:10 - INFO - ❌ Could not generate fix for error at line 15
2025-04-13 11:16:19 - INFO - 
===== Fix attempt completed =====
2025-04-13 11:16:19 - INFO - Original errors: 4
2025-04-13 11:16:19 - INFO - Fixed errors: 0
2025-04-13 11:16:19 - INFO - Failed errors: 4
2025-04-13 11:16:19 - INFO - Remaining errors: 4
2025-04-13 11:16:19 - INFO - Total time: 356.74 seconds
2025-04-13 11:16:19 - INFO - 
Final fixed code:
2025-04-13 11:16:19 - INFO - ----------------------------------------
2025-04-13 11:16:19 - INFO - /-- Simplify $\left( \frac{4}{x} \right)^{-1} \left( \frac{3x^3}{x} \right)^2 \left( \frac{1}{2x} \right)^{-3}$. Show that it is 18x^8.-/
theorem mathd_algebra_245 (x : ℝ) (h₀ : x ≠ 0) :
  (4 / x)⁻¹ * (3 * x ^ 3 / x) ^ 2 * (1 / (2 * x))⁻¹ ^ 3 = 18 * x ^ 8 := by
  -- First, we'll simplify each of the three main components separately
  
  -- Simplify (4/x)⁻¹: reciprocal of (4/x) is x/4
  have h1 : (4 / x)⁻¹ = x / 4 := by
    rw [inv_div]  -- (a/b)⁻¹ = b/a
    simp only [div_eq_mul_inv]
  
  -- Simplify (3*x^3/x)^2: first simplify inside parentheses
  have h2 : (3 * x ^ 3 / x) ^ 2 = (3 * x ^ 2) ^ 2 := by
    rw [div_eq_mul_inv]  -- Convert division to multiplication by reciprocal
    rw [mul_assoc]  -- Regroup terms
    rw [← mul_assoc x^3 x⁻¹]  -- Prepare to combine x terms
    rw [← pow_succ' x 2]  -- x^3 * x⁻¹ = x^(3-1) = x^2
    simp only [succ_eq_add_one, Nat.reduceAdd, pow_add, pow_one]
  
  -- Further simplify (3*x^2)^2 to 9*x^4
  have h3 : (3 * x ^ 2) ^ 2 = 9 * x ^ 4 := by
    rw [mul_pow]  -- Distribute exponent over multiplication
    simp only [pow_two, Nat.reduceAdd]
    rw [← pow_mul]  -- (x^2)^2 = x^(2*2) = x^4
    norm_num
  
  -- Simplify (1/(2x))⁻¹^3: handle exponents carefully
  have h4 : (1 / (2 * x))⁻¹ ^ 3 = (2 * x) ^ 3 := by
    rw [inv_div]  -- (1/(2x))⁻¹ = (2x)/1 = 2x
    simp only [div_one]
    rw [pow_succ]  -- (2x)^3 = (2x)^(1+1+1)
    rw [pow_succ]
    simp only [pow_one]
  
  -- Expand (2x)^3 to 8x^3
  have h5 : (2 * x) ^ 3 = 8 * x ^ 3 := by
    rw [mul_pow]  -- Distribute exponent over multiplication
    simp only [pow_three]
    norm_num
  
  -- Now substitute all simplified forms back into the original expression
  rw [h1, h2, h3, h4, h5]
  
  -- Combine all terms: (x/4) * (9x^4) * (8x^3)
  -- First multiply coefficients: (1/4)*9*8 = 18
  -- Then combine x terms: x * x^4 * x^3 = x^(1+4+3) = x^8
  ring  -- The 'ring' tactic can handle this algebraic simplification
2025-04-13 11:16:19 - INFO - ----------------------------------------
2025-04-13 11:16:19 - INFO - 
Detailed error repair report:
2025-04-13 11:16:19 - INFO - Original code error count: 4
❌ Fixed error 1/4: Could not generate fix for error at line 9 «no_goals_to_solve» (after 22.05s)
❌ Fixed error 2/4: Could not generate fix for error at line 15 «rewrite_failed» (after 22.04s)
❌ Fixed error 3/4: Could not generate fix for error at line 15 «function_expected» (after 22.04s)
❌ Fixed error 4/4: Could not generate fix for error at line 15 «type_mismatch» (after 219.84s)

=== Fix statistics ===
Original error count: 4
Fixed errors: 0 (Fix rate: 0.0000)
Failed errors: 4
Remaining errors: 4
Total time: 356.74 seconds

=== Failed fix details ===

Failed fix 1:
   Line: 9
   Error type: no_goals_to_solve
   Original error message: no goals to be solved...
   Failure reason: Could not generate fix
   Time: 22.05 seconds

Failed fix 2:
   Line: 15
   Error type: rewrite_failed
   Original error message: tactic 'rewrite' failed, equality or iff proof expected
  ?m.3611
x : ℝ
h₀ : x ≠ 0
h1 : (4 / x)⁻¹ = ...
   Failure reason: Could not generate fix
   Time: 22.04 seconds

Failed fix 3:
   Line: 15
   Error type: function_expected
   Original error message: function expected at
  3
term has type
  ?m.5072...
   Failure reason: Could not generate fix
   Time: 22.04 seconds

Failed fix 4:
   Line: 15
   Error type: type_mismatch
   Original error message: application type mismatch
  HPow.hPow ⋯
argument
  mul_assoc x
has type
  ∀ (b c : ℝ), x * b * c = x...
   Failure reason: Could not generate fix
   Time: 219.84 seconds
2025-04-13 11:16:19 - INFO - 
Fixed code saved to: ./minif2f/lean_fixed/58_fixed.lean
2025-04-13 11:16:19 - INFO - JSON log saved to: ./minif2f/lean_fixed/58_fix_log.json
2025-04-13 11:16:19 - INFO - 
===== LOG FILE LOCATION =====
2025-04-13 11:16:19 - INFO - Detailed log file is available at: ./minif2f/lean_fixed/58.log
2025-04-13 11:16:19 - INFO - ===============================
