2025-04-13 11:04:27 - INFO - Log file initialized at 2025-04-13T11:04:27.519958
2025-04-13 11:04:27 - INFO - ===== LOG FILE LOCATION =====
2025-04-13 11:04:27 - INFO - Detailed log file created at: ./minif2f/lean_fixed/59.log
2025-04-13 11:04:27 - INFO - ===============================
2025-04-13 11:04:27 - INFO - Original code:
2025-04-13 11:04:27 - INFO - ----------------------------------------
2025-04-13 11:04:27 - INFO - import Mathlib
import Aesop

set_option maxHeartbeats 0

open BigOperators Real Nat Topology Rat

/-- Show that for any positive real numbers $a$ and $b$, $(a+b)^4 \leq 8(a^4 + b^4)$.-/
theorem algebra_apb4leq8ta4pb4 (a b : ℝ) (h₀ : 0 < a ∧ 0 < b) : (a + b) ^ 4 ≤ 8 * (a ^ 4 + b ^ 4) := by
  -- First, expand (a + b)^4 using the binomial theorem
  have h₁ : (a + b)^4 = a^4 + 4*a^3*b + 6*a^2*b^2 + 4*a*b^3 + b^4 := by
    ring
  -- Rewrite the goal using the expanded form
  rw [h₁]
  -- The goal now is to show that the expanded form is ≤ 8*(a^4 + b^4)
  -- We can bring all terms to one side to form a non-positivity claim
  suffices : 0 ≤ 7*a^4 + 7*b^4 - 4*a^3*b - 6*a^2*b^2 - 4*a*b^3
  · -- If we prove this non-negativity statement, the original inequality follows
    linarith
  -- Now we'll express this as a sum of manifestly non-negative terms
  -- The key is to find suitable combinations that are clearly ≥ 0
  have h₂ : 0 ≤ 3*(a^4 + b^4 - a^2*b^2) := by
    -- This term is non-negative because a⁴ + b⁴ ≥ a²b² for all real a,b
    -- This follows from 2(a⁴ + b⁴) ≥ (a² + b²)² ≥ (2ab)²/4 = a²b²
    refine mul_nonneg (by norm_num) ?_
    rw [sub_nonneg]
    exact pow_four_add_pow_four_ge_sq_mul_sq a b
  have h₃ : 0 ≤ 4*(a^4 + b^4 - a^3*b - a*b^3) := by
    -- This term is non-negative because a⁴ + b⁴ ≥ a³b + ab³ for a,b > 0
    -- This follows from rearranging a⁴ - a³b - ab³ + b⁴ = a³(a-b) - b³(a-b) = (a-b)(a³-b³) ≥ 0
    refine mul_nonneg (by norm_num) ?_
    rw [sub_nonneg, sub_add_sub_comm]
    have : a^4 - a^3*b = a^3*(a - b) := by ring
    have : b^4 - a*b^3 = b^3*(b - a) := by ring
    rw [this, this]
    rw [← neg_sub (b^3), ← mul_neg, neg_sub]
    -- Now we have a^3*(a-b) + -b^3*(a-b) = (a^3 - b^3)*(a-b)
    rw [← sub_mul]
    -- Since (a³ - b³) and (a - b) have the same sign, their product is non-negative
    have : a^3 - b^3 = (a - b)*(a^2 + a*b + b^2) := by ring
    rw [this]
    rw [mul_assoc, mul_comm (a - b), ← mul_assoc]
    refine mul_nonneg ?_ ?_
    · exact sq_nonneg (a - b)
    · refine add_nonneg (add_nonneg (sq_nonneg a) ?_) (sq_nonneg b))
      exact mul_nonneg (le_of_lt h₀.1) (le_of_lt h₀.2)
  -- Now combine these non-negative terms to get our desired inequality
  -- The original expression 7a⁴ + 7b⁴ - 4a³b - 6a²b² - 4ab³ can be written as:
  -- (3a⁴ + 3b⁴ - 3a²b²) + (4a⁴ + 4b⁴ - 4a³b - 4ab³) = 3(a⁴ + b⁴ - a²b²) + 4(a⁴ + b⁴ - a³b - ab³)
  have h₄ : 7*a^4 + 7*b^4 - 4*a^3*b - 6*a^2*b^2 - 4*a*b^3 =
            3*(a^4 + b^4 - a^2*b^2) + 4*(a^4 + b^4 - a^3*b - a*b^3) := by
    ring
  rw [h₄]
  -- Now we can combine our non-negativity results
  exact add_nonneg h₂ h₃
2025-04-13 11:04:27 - INFO - ----------------------------------------
2025-04-13 11:04:27 - INFO - 
Checking original code for all errors...
2025-04-13 11:10:22 - INFO - Original code contains 4 errors:
2025-04-13 11:10:22 - INFO - Error 1: line 20, type: unknown_identifier, message: unknown identifier 'pow_four_add_pow_four_ge_sq_mul_sq'...
2025-04-13 11:10:22 - INFO - Error 2: line 25, type: rewrite_failed, message: tactic 'rewrite' failed, did not find instance of the pattern in the target expression
  ?a - ?b + (...
2025-04-13 11:10:22 - INFO - Error 3: line 2, type: other_error, message: unsolved goals
case this
a b : ℝ
h₀ : 0 < a ∧ 0 < b
h₁ : (a + b) ^ 4 = a ^ 4 + 4 * a ^ 3 * b + 6 * a...
2025-04-13 11:10:22 - INFO - Error 4: line 38, type: syntax_error, message: unexpected token ')'; expected command...
2025-04-13 11:10:22 - INFO - 
Starting multi-error continuous repair process...
2025-04-13 11:10:22 - INFO - 
===== Starting to fix all errors =====
2025-04-13 11:10:23 - INFO - 
Found 4 original errors:
2025-04-13 11:10:23 - INFO - Error 1: line 20, type: unknown_identifier, message: unknown identifier 'pow_four_add_pow_four_ge_sq_mul_sq'...
2025-04-13 11:10:23 - INFO - Error 2: line 25, type: rewrite_failed, message: tactic 'rewrite' failed, did not find instance of the pattern in the target expression
  ?a - ?b + (...
2025-04-13 11:10:23 - INFO - Error 3: line 2, type: other_error, message: unsolved goals
case this
a b : ℝ
h₀ : 0 < a ∧ 0 < b
h₁ : (a + b) ^ 4 = a ^ 4 + 4 * a ^ 3 * b + 6 * a...
2025-04-13 11:10:23 - INFO - Error 4: line 38, type: syntax_error, message: unexpected token ')'; expected command...
2025-04-13 11:10:23 - INFO - 
Trying to fix error 1/4: line 2, type: other_error
2025-04-13 11:10:23 - INFO - Error message: unsolved goals
case this
a b : ℝ
h₀ : 0 < a ∧ 0 < b
h₁ : (a + b) ^ 4 = a ^ 4 + 4 * a ^ 3 * b + 6 * a...
2025-04-13 11:10:23 - INFO - Removed header content, remaining 48 lines of code
2025-04-13 11:10:23 - INFO - Using specified target error line: 2
2025-04-13 11:10:24 - INFO - Found error at specified line: unsolved goals
case this
a b : ℝ
h₀ : 0 < a ∧ 0 < b
h₁ : (a + b) ^ 4 = a ^ 4 + 4 * a ^ 3 * b + 6 * a ^ 2 * b ^ 2 + 4 * a * b ^ 3 + b ^ 4
h₂ : 0 ≤ 3 * (a ^ 4 + b ^ 4 - a ^ 2 * b ^ 2)
h₃ : 0 ≤ 4 * (a ^ 4 + b ^ 4 - a ^ 3 * b - a * b ^ 3)
⊢ 0 ≤ 7 * a ^ 4 + 7 * b ^ 4 - 4 * a ^ 3 * b - 6 * a ^ 2 * b ^ 2 - 4 * a * b ^ 3
2025-04-13 11:10:24 - INFO - Error at line 2: unsolved goals
case this
a b : ℝ
h₀ : 0 < a ∧ 0 < b
h₁ : (a + b) ^ 4 = a ^ 4 + 4 * a ^ 3 * b + 6 * a ^ 2 * b ^ 2 + 4 * a * b ^ 3 + b ^ 4
h₂ : 0 ≤ 3 * (a ^ 4 + b ^ 4 - a ^ 2 * b ^ 2)
h₃ : 0 ≤ 4 * (a ^ 4 + b ^ 4 - a ^ 3 * b - a * b ^ 3)
⊢ 0 ≤ 7 * a ^ 4 + 7 * b ^ 4 - 4 * a ^ 3 * b - 6 * a ^ 2 * b ^ 2 - 4 * a * b ^ 3
2025-04-13 11:10:24 - INFO - 
==================================================
2025-04-13 11:10:24 - INFO - Code prepared, starting synthesis
2025-04-13 11:10:24 - INFO - Before part: /-- Show that for any positive real numbers $a$ and $b$, $(a+b)^4 \leq 8(a^4 + b^4)$.-/
2025-04-13 11:10:24 - INFO - Error line: theorem algebra_apb4leq8ta4pb4 (a b : ℝ) (h₀ : 0 < a ∧ 0 < b) : (a + b) ^ 4 ≤ 8 * (a ^ 4 + b ^ 4) := by
2025-04-13 11:10:24 - INFO - After part: -- First, expand (a + b)^4 using the binomial theorem
  have h₁ : (a + b)^4 = a^4 + 4*a^3*b + 6*a^2*b^2 + 4*a*b^3 + b^4 := by
    ring
  -- Rewrite the goal using the expanded form
  rw [h₁]
  -- The goal now is to show that the expanded form is ≤ 8*(a^4 + b^4)
  -- We can bring all terms to one side to form a non-positivity claim
  suffices : 0 ≤ 7*a^4 + 7*b^4 - 4*a^3*b - 6*a^2*b^2 - 4*a*b^3
  · -- If we prove this non-negativity statement, the original inequality follows
    linarith
  -- Now we'll express this as a sum of manifestly non-negative terms
  -- The key is to find suitable combinations that are clearly ≥ 0
  have h₂ : 0 ≤ 3*(a^4 + b^4 - a^2*b^2) := by
    -- This term is non-negative because a⁴ + b⁴ ≥ a²b² for all real a,b
    -- This follows from 2(a⁴ + b⁴) ≥ (a² + b²)² ≥ (2ab)²/4 = a²b²
    refine mul_nonneg (by norm_num) ?_
    rw [sub_nonneg]
    exact pow_four_add_pow_four_ge_sq_mul_sq a b
  have h₃ : 0 ≤ 4*(a^4 + b^4 - a^3*b - a*b^3) := by
    -- This term is non-negative because a⁴ + b⁴ ≥ a³b + ab³ for a,b > 0
    -- This follows from rearranging a⁴ - a³b - ab³ + b⁴ = a³(a-b) - b³(a-b) = (a-b)(a³-b³) ≥ 0
    refine mul_nonneg (by norm_num) ?_
    rw [sub_nonneg, sub_add_sub_comm]
    have : a^4 - a^3*b = a^3*(a - b) := by ring
    have : b^4 - a*b^3 = b^3*(b - a) := by ring
    rw [this, this]
    rw [← neg_sub (b^3), ← mul_neg, neg_sub]
    -- Now we have a^3*(a-b) + -b^3*(a-b) = (a^3 - b^3)*(a-b)
    rw [← sub_mul]
    -- Since (a³ - b³) and (a - b) have the same sign, their product is non-negative
    have : a^3 - b^3 = (a - b)*(a^2 + a*b + b^2) := by ring
    rw [this]
    rw [mul_assoc, mul_comm (a - b), ← mul_assoc]
    refine mul_nonneg ?_ ?_
    · exact sq_nonneg (a - b)
    · refine add_nonneg (add_nonneg (sq_nonneg a) ?_) (sq_nonneg b))
      exact mul_nonneg (le_of_lt h₀.1) (le_of_lt h₀.2)
  -- Now combine these non-negative terms to get our desired inequality
  -- The original expression 7a⁴ + 7b⁴ - 4a³b - 6a²b² - 4ab³ can be written as:
  -- (3a⁴ + 3b⁴ - 3a²b²) + (4a⁴ + 4b⁴ - 4a³b - 4ab³) = 3(a⁴ + b⁴ - a²b²) + 4(a⁴ + b⁴ - a³b - ab³)
  have h₄ : 7*a^4 + 7*b^4 - 4*a^3*b - 6*a^2*b^2 - 4*a*b^3 =
            3*(a^4 + b^4 - a^2*b^2) + 4*(a^4 + b^4 - a^3*b - a*b^3) := by
    ring
  rw [h₄]
  -- Now we can combine our non-negativity results
  exact add_nonneg h₂ h₃
2025-04-13 11:10:24 - INFO - ==================================================

2025-04-13 11:10:25 - INFO - Testing fragment: rw [justaplaceholder]
2025-04-13 11:10:25 - INFO - Original error line: theorem algebra_apb4leq8ta4pb4 (a b : ℝ) (h₀ : 0 < a ∧ 0 < b) : (a + b) ^ 4 ≤ 8 * (a ^ 4 + b ^ 4) := by
2025-04-13 11:10:27 - INFO - Testing fix: Original errors: 4, Fixed errors: 1
2025-04-13 11:10:27 - INFO - Result: False (introduced 1 new errors)
2025-04-13 11:10:27 - DEBUG - === New errors detail ===
2025-04-13 11:10:27 - DEBUG - New Error 1: line 1, type: other_error, message: unexpected identifier; expected '#guard_msgs', 'abbrev', 'add_decl_doc', 'add_tactic_doc', 'alias', 'axiom', 'binder_predicate', 'builtin_dsimproc', 'builtin_dsimproc_decl', 'builtin_initialize', 'builtin_simproc', 'builtin_simproc_decl', 'class', 'declare_config_elab', 'declare_opaque_type', 'declare_simp_like_tactic', 'declare_syntax_cat', 'def', 'dsimproc', 'dsimproc_decl', 'elab', 'elab_rules', 'example', 'inductive', 'infix', 'infixl', 'infixr', 'initialize', 'instance', 'irreducible_def', 'lemma', 'macro', 'macro_rules', 'notation', 'notation3', 'opaque', 'postfix', 'prefix', 'proof_wanted', 'register_builtin_option', 'register_label_attr', 'register_option', 'register_simp_attr', 'scoped', 'simproc', 'simproc_decl', 'structure', 'syntax', 'theorem' or 'unif_hint'
2025-04-13 11:10:27 - INFO - Testing fragment: rw [<- justaplaceholder]
2025-04-13 11:10:27 - INFO - Original error line: theorem algebra_apb4leq8ta4pb4 (a b : ℝ) (h₀ : 0 < a ∧ 0 < b) : (a + b) ^ 4 ≤ 8 * (a ^ 4 + b ^ 4) := by
2025-04-13 11:10:29 - INFO - Testing fix: Original errors: 4, Fixed errors: 1
2025-04-13 11:10:29 - INFO - Result: False (introduced 1 new errors)
2025-04-13 11:10:29 - DEBUG - === New errors detail ===
2025-04-13 11:10:29 - DEBUG - New Error 1: line 1, type: other_error, message: unexpected identifier; expected '#guard_msgs', 'abbrev', 'add_decl_doc', 'add_tactic_doc', 'alias', 'axiom', 'binder_predicate', 'builtin_dsimproc', 'builtin_dsimproc_decl', 'builtin_initialize', 'builtin_simproc', 'builtin_simproc_decl', 'class', 'declare_config_elab', 'declare_opaque_type', 'declare_simp_like_tactic', 'declare_syntax_cat', 'def', 'dsimproc', 'dsimproc_decl', 'elab', 'elab_rules', 'example', 'inductive', 'infix', 'infixl', 'infixr', 'initialize', 'instance', 'irreducible_def', 'lemma', 'macro', 'macro_rules', 'notation', 'notation3', 'opaque', 'postfix', 'prefix', 'proof_wanted', 'register_builtin_option', 'register_label_attr', 'register_option', 'register_simp_attr', 'scoped', 'simproc', 'simproc_decl', 'structure', 'syntax', 'theorem' or 'unif_hint'
2025-04-13 11:10:29 - INFO - Testing fragment: simp
2025-04-13 11:10:29 - INFO - Original error line: theorem algebra_apb4leq8ta4pb4 (a b : ℝ) (h₀ : 0 < a ∧ 0 < b) : (a + b) ^ 4 ≤ 8 * (a ^ 4 + b ^ 4) := by
2025-04-13 11:10:31 - INFO - Testing fix: Original errors: 4, Fixed errors: 1
2025-04-13 11:10:31 - INFO - Result: False (introduced 1 new errors)
2025-04-13 11:10:31 - DEBUG - === New errors detail ===
2025-04-13 11:10:31 - DEBUG - New Error 1: line 1, type: other_error, message: unexpected identifier; expected '#guard_msgs', 'abbrev', 'add_decl_doc', 'add_tactic_doc', 'alias', 'axiom', 'binder_predicate', 'builtin_dsimproc', 'builtin_dsimproc_decl', 'builtin_initialize', 'builtin_simproc', 'builtin_simproc_decl', 'class', 'declare_config_elab', 'declare_opaque_type', 'declare_simp_like_tactic', 'declare_syntax_cat', 'def', 'dsimproc', 'dsimproc_decl', 'elab', 'elab_rules', 'example', 'inductive', 'infix', 'infixl', 'infixr', 'initialize', 'instance', 'irreducible_def', 'lemma', 'macro', 'macro_rules', 'notation', 'notation3', 'opaque', 'postfix', 'prefix', 'proof_wanted', 'register_builtin_option', 'register_label_attr', 'register_option', 'register_simp_attr', 'scoped', 'simproc', 'simproc_decl', 'structure', 'syntax', 'theorem' or 'unif_hint'
2025-04-13 11:10:31 - INFO - Testing fragment: field_simp
2025-04-13 11:10:31 - INFO - Original error line: theorem algebra_apb4leq8ta4pb4 (a b : ℝ) (h₀ : 0 < a ∧ 0 < b) : (a + b) ^ 4 ≤ 8 * (a ^ 4 + b ^ 4) := by
2025-04-13 11:10:33 - INFO - Testing fix: Original errors: 4, Fixed errors: 1
2025-04-13 11:10:33 - INFO - Result: False (introduced 1 new errors)
2025-04-13 11:10:33 - DEBUG - === New errors detail ===
2025-04-13 11:10:33 - DEBUG - New Error 1: line 1, type: other_error, message: unexpected identifier; expected '#guard_msgs', 'abbrev', 'add_decl_doc', 'add_tactic_doc', 'alias', 'axiom', 'binder_predicate', 'builtin_dsimproc', 'builtin_dsimproc_decl', 'builtin_initialize', 'builtin_simproc', 'builtin_simproc_decl', 'class', 'declare_config_elab', 'declare_opaque_type', 'declare_simp_like_tactic', 'declare_syntax_cat', 'def', 'dsimproc', 'dsimproc_decl', 'elab', 'elab_rules', 'example', 'inductive', 'infix', 'infixl', 'infixr', 'initialize', 'instance', 'irreducible_def', 'lemma', 'macro', 'macro_rules', 'notation', 'notation3', 'opaque', 'postfix', 'prefix', 'proof_wanted', 'register_builtin_option', 'register_label_attr', 'register_option', 'register_simp_attr', 'scoped', 'simproc', 'simproc_decl', 'structure', 'syntax', 'theorem' or 'unif_hint'
2025-04-13 11:10:33 - INFO - Testing fragment: norm_num
2025-04-13 11:10:33 - INFO - Original error line: theorem algebra_apb4leq8ta4pb4 (a b : ℝ) (h₀ : 0 < a ∧ 0 < b) : (a + b) ^ 4 ≤ 8 * (a ^ 4 + b ^ 4) := by
2025-04-13 11:10:35 - INFO - Testing fix: Original errors: 4, Fixed errors: 1
2025-04-13 11:10:35 - INFO - Result: False (introduced 1 new errors)
2025-04-13 11:10:35 - DEBUG - === New errors detail ===
2025-04-13 11:10:35 - DEBUG - New Error 1: line 1, type: other_error, message: unexpected identifier; expected '#guard_msgs', 'abbrev', 'add_decl_doc', 'add_tactic_doc', 'alias', 'axiom', 'binder_predicate', 'builtin_dsimproc', 'builtin_dsimproc_decl', 'builtin_initialize', 'builtin_simproc', 'builtin_simproc_decl', 'class', 'declare_config_elab', 'declare_opaque_type', 'declare_simp_like_tactic', 'declare_syntax_cat', 'def', 'dsimproc', 'dsimproc_decl', 'elab', 'elab_rules', 'example', 'inductive', 'infix', 'infixl', 'infixr', 'initialize', 'instance', 'irreducible_def', 'lemma', 'macro', 'macro_rules', 'notation', 'notation3', 'opaque', 'postfix', 'prefix', 'proof_wanted', 'register_builtin_option', 'register_label_attr', 'register_option', 'register_simp_attr', 'scoped', 'simproc', 'simproc_decl', 'structure', 'syntax', 'theorem' or 'unif_hint'
2025-04-13 11:10:35 - INFO - Testing fragment: ring
2025-04-13 11:10:35 - INFO - Original error line: theorem algebra_apb4leq8ta4pb4 (a b : ℝ) (h₀ : 0 < a ∧ 0 < b) : (a + b) ^ 4 ≤ 8 * (a ^ 4 + b ^ 4) := by
2025-04-13 11:10:37 - INFO - Testing fix: Original errors: 4, Fixed errors: 1
2025-04-13 11:10:37 - INFO - Result: False (introduced 1 new errors)
2025-04-13 11:10:37 - DEBUG - === New errors detail ===
2025-04-13 11:10:37 - DEBUG - New Error 1: line 1, type: other_error, message: unexpected identifier; expected '#guard_msgs', 'abbrev', 'add_decl_doc', 'add_tactic_doc', 'alias', 'axiom', 'binder_predicate', 'builtin_dsimproc', 'builtin_dsimproc_decl', 'builtin_initialize', 'builtin_simproc', 'builtin_simproc_decl', 'class', 'declare_config_elab', 'declare_opaque_type', 'declare_simp_like_tactic', 'declare_syntax_cat', 'def', 'dsimproc', 'dsimproc_decl', 'elab', 'elab_rules', 'example', 'inductive', 'infix', 'infixl', 'infixr', 'initialize', 'instance', 'irreducible_def', 'lemma', 'macro', 'macro_rules', 'notation', 'notation3', 'opaque', 'postfix', 'prefix', 'proof_wanted', 'register_builtin_option', 'register_label_attr', 'register_option', 'register_simp_attr', 'scoped', 'simproc', 'simproc_decl', 'structure', 'syntax', 'theorem' or 'unif_hint'
2025-04-13 11:10:37 - INFO - Testing fragment: ring_nf
2025-04-13 11:10:37 - INFO - Original error line: theorem algebra_apb4leq8ta4pb4 (a b : ℝ) (h₀ : 0 < a ∧ 0 < b) : (a + b) ^ 4 ≤ 8 * (a ^ 4 + b ^ 4) := by
2025-04-13 11:10:39 - INFO - Testing fix: Original errors: 4, Fixed errors: 1
2025-04-13 11:10:39 - INFO - Result: False (introduced 1 new errors)
2025-04-13 11:10:39 - DEBUG - === New errors detail ===
2025-04-13 11:10:39 - DEBUG - New Error 1: line 1, type: other_error, message: unexpected identifier; expected '#guard_msgs', 'abbrev', 'add_decl_doc', 'add_tactic_doc', 'alias', 'axiom', 'binder_predicate', 'builtin_dsimproc', 'builtin_dsimproc_decl', 'builtin_initialize', 'builtin_simproc', 'builtin_simproc_decl', 'class', 'declare_config_elab', 'declare_opaque_type', 'declare_simp_like_tactic', 'declare_syntax_cat', 'def', 'dsimproc', 'dsimproc_decl', 'elab', 'elab_rules', 'example', 'inductive', 'infix', 'infixl', 'infixr', 'initialize', 'instance', 'irreducible_def', 'lemma', 'macro', 'macro_rules', 'notation', 'notation3', 'opaque', 'postfix', 'prefix', 'proof_wanted', 'register_builtin_option', 'register_label_attr', 'register_option', 'register_simp_attr', 'scoped', 'simproc', 'simproc_decl', 'structure', 'syntax', 'theorem' or 'unif_hint'
2025-04-13 11:10:39 - INFO - Testing fragment: omega
2025-04-13 11:10:39 - INFO - Original error line: theorem algebra_apb4leq8ta4pb4 (a b : ℝ) (h₀ : 0 < a ∧ 0 < b) : (a + b) ^ 4 ≤ 8 * (a ^ 4 + b ^ 4) := by
2025-04-13 11:10:41 - INFO - Testing fix: Original errors: 4, Fixed errors: 1
2025-04-13 11:10:41 - INFO - Result: False (introduced 1 new errors)
2025-04-13 11:10:41 - DEBUG - === New errors detail ===
2025-04-13 11:10:41 - DEBUG - New Error 1: line 1, type: other_error, message: unexpected identifier; expected '#guard_msgs', 'abbrev', 'add_decl_doc', 'add_tactic_doc', 'alias', 'axiom', 'binder_predicate', 'builtin_dsimproc', 'builtin_dsimproc_decl', 'builtin_initialize', 'builtin_simproc', 'builtin_simproc_decl', 'class', 'declare_config_elab', 'declare_opaque_type', 'declare_simp_like_tactic', 'declare_syntax_cat', 'def', 'dsimproc', 'dsimproc_decl', 'elab', 'elab_rules', 'example', 'inductive', 'infix', 'infixl', 'infixr', 'initialize', 'instance', 'irreducible_def', 'lemma', 'macro', 'macro_rules', 'notation', 'notation3', 'opaque', 'postfix', 'prefix', 'proof_wanted', 'register_builtin_option', 'register_label_attr', 'register_option', 'register_simp_attr', 'scoped', 'simproc', 'simproc_decl', 'structure', 'syntax', 'theorem' or 'unif_hint'
2025-04-13 11:10:41 - INFO - Testing fragment: linarith
2025-04-13 11:10:41 - INFO - Original error line: theorem algebra_apb4leq8ta4pb4 (a b : ℝ) (h₀ : 0 < a ∧ 0 < b) : (a + b) ^ 4 ≤ 8 * (a ^ 4 + b ^ 4) := by
2025-04-13 11:10:43 - INFO - Testing fix: Original errors: 4, Fixed errors: 1
2025-04-13 11:10:43 - INFO - Result: False (introduced 1 new errors)
2025-04-13 11:10:43 - DEBUG - === New errors detail ===
2025-04-13 11:10:43 - DEBUG - New Error 1: line 1, type: other_error, message: unexpected identifier; expected '#guard_msgs', 'abbrev', 'add_decl_doc', 'add_tactic_doc', 'alias', 'axiom', 'binder_predicate', 'builtin_dsimproc', 'builtin_dsimproc_decl', 'builtin_initialize', 'builtin_simproc', 'builtin_simproc_decl', 'class', 'declare_config_elab', 'declare_opaque_type', 'declare_simp_like_tactic', 'declare_syntax_cat', 'def', 'dsimproc', 'dsimproc_decl', 'elab', 'elab_rules', 'example', 'inductive', 'infix', 'infixl', 'infixr', 'initialize', 'instance', 'irreducible_def', 'lemma', 'macro', 'macro_rules', 'notation', 'notation3', 'opaque', 'postfix', 'prefix', 'proof_wanted', 'register_builtin_option', 'register_label_attr', 'register_option', 'register_simp_attr', 'scoped', 'simproc', 'simproc_decl', 'structure', 'syntax', 'theorem' or 'unif_hint'
2025-04-13 11:10:43 - INFO - Testing fragment: nlinarith
2025-04-13 11:10:43 - INFO - Original error line: theorem algebra_apb4leq8ta4pb4 (a b : ℝ) (h₀ : 0 < a ∧ 0 < b) : (a + b) ^ 4 ≤ 8 * (a ^ 4 + b ^ 4) := by
2025-04-13 11:10:45 - INFO - Testing fix: Original errors: 4, Fixed errors: 1
2025-04-13 11:10:45 - INFO - Result: False (introduced 1 new errors)
2025-04-13 11:10:45 - DEBUG - === New errors detail ===
2025-04-13 11:10:45 - DEBUG - New Error 1: line 1, type: other_error, message: unexpected identifier; expected '#guard_msgs', 'abbrev', 'add_decl_doc', 'add_tactic_doc', 'alias', 'axiom', 'binder_predicate', 'builtin_dsimproc', 'builtin_dsimproc_decl', 'builtin_initialize', 'builtin_simproc', 'builtin_simproc_decl', 'class', 'declare_config_elab', 'declare_opaque_type', 'declare_simp_like_tactic', 'declare_syntax_cat', 'def', 'dsimproc', 'dsimproc_decl', 'elab', 'elab_rules', 'example', 'inductive', 'infix', 'infixl', 'infixr', 'initialize', 'instance', 'irreducible_def', 'lemma', 'macro', 'macro_rules', 'notation', 'notation3', 'opaque', 'postfix', 'prefix', 'proof_wanted', 'register_builtin_option', 'register_label_attr', 'register_option', 'register_simp_attr', 'scoped', 'simproc', 'simproc_decl', 'structure', 'syntax', 'theorem' or 'unif_hint'
2025-04-13 11:10:45 - INFO - Failed attempt time: 22.05 seconds
2025-04-13 11:10:45 - INFO - ❌ Could not generate fix for error at line 2
2025-04-13 11:10:45 - INFO - 
Trying to fix error 2/4: line 20, type: unknown_identifier
2025-04-13 11:10:45 - INFO - Error message: unknown identifier 'pow_four_add_pow_four_ge_sq_mul_sq'...
2025-04-13 11:10:45 - INFO - Removed header content, remaining 48 lines of code
2025-04-13 11:10:45 - INFO - Using specified target error line: 20
2025-04-13 11:10:46 - INFO - Found error at specified line: unknown identifier 'pow_four_add_pow_four_ge_sq_mul_sq'
2025-04-13 11:10:46 - INFO - Error at line 20: unknown identifier 'pow_four_add_pow_four_ge_sq_mul_sq'
2025-04-13 11:10:46 - INFO - 
==================================================
2025-04-13 11:10:46 - INFO - Code prepared, starting synthesis
2025-04-13 11:10:46 - INFO - Before part: /-- Show that for any positive real numbers $a$ and $b$, $(a+b)^4 \leq 8(a^4 + b^4)$.-/
theorem algebra_apb4leq8ta4pb4 (a b : ℝ) (h₀ : 0 < a ∧ 0 < b) : (a + b) ^ 4 ≤ 8 * (a ^ 4 + b ^ 4) := by
  -- First, expand (a + b)^4 using the binomial theorem
  have h₁ : (a + b)^4 = a^4 + 4*a^3*b + 6*a^2*b^2 + 4*a*b^3 + b^4 := by
    ring
  -- Rewrite the goal using the expanded form
  rw [h₁]
  -- The goal now is to show that the expanded form is ≤ 8*(a^4 + b^4)
  -- We can bring all terms to one side to form a non-positivity claim
  suffices : 0 ≤ 7*a^4 + 7*b^4 - 4*a^3*b - 6*a^2*b^2 - 4*a*b^3
  · -- If we prove this non-negativity statement, the original inequality follows
    linarith
  -- Now we'll express this as a sum of manifestly non-negative terms
  -- The key is to find suitable combinations that are clearly ≥ 0
  have h₂ : 0 ≤ 3*(a^4 + b^4 - a^2*b^2) := by
    -- This term is non-negative because a⁴ + b⁴ ≥ a²b² for all real a,b
    -- This follows from 2(a⁴ + b⁴) ≥ (a² + b²)² ≥ (2ab)²/4 = a²b²
    refine mul_nonneg (by norm_num) ?_
    rw [sub_nonneg]
2025-04-13 11:10:46 - INFO - Error line:     exact pow_four_add_pow_four_ge_sq_mul_sq a b
2025-04-13 11:10:46 - INFO - After part: have h₃ : 0 ≤ 4*(a^4 + b^4 - a^3*b - a*b^3) := by
    -- This term is non-negative because a⁴ + b⁴ ≥ a³b + ab³ for a,b > 0
    -- This follows from rearranging a⁴ - a³b - ab³ + b⁴ = a³(a-b) - b³(a-b) = (a-b)(a³-b³) ≥ 0
    refine mul_nonneg (by norm_num) ?_
    rw [sub_nonneg, sub_add_sub_comm]
    have : a^4 - a^3*b = a^3*(a - b) := by ring
    have : b^4 - a*b^3 = b^3*(b - a) := by ring
    rw [this, this]
    rw [← neg_sub (b^3), ← mul_neg, neg_sub]
    -- Now we have a^3*(a-b) + -b^3*(a-b) = (a^3 - b^3)*(a-b)
    rw [← sub_mul]
    -- Since (a³ - b³) and (a - b) have the same sign, their product is non-negative
    have : a^3 - b^3 = (a - b)*(a^2 + a*b + b^2) := by ring
    rw [this]
    rw [mul_assoc, mul_comm (a - b), ← mul_assoc]
    refine mul_nonneg ?_ ?_
    · exact sq_nonneg (a - b)
    · refine add_nonneg (add_nonneg (sq_nonneg a) ?_) (sq_nonneg b))
      exact mul_nonneg (le_of_lt h₀.1) (le_of_lt h₀.2)
  -- Now combine these non-negative terms to get our desired inequality
  -- The original expression 7a⁴ + 7b⁴ - 4a³b - 6a²b² - 4ab³ can be written as:
  -- (3a⁴ + 3b⁴ - 3a²b²) + (4a⁴ + 4b⁴ - 4a³b - 4ab³) = 3(a⁴ + b⁴ - a²b²) + 4(a⁴ + b⁴ - a³b - ab³)
  have h₄ : 7*a^4 + 7*b^4 - 4*a^3*b - 6*a^2*b^2 - 4*a*b^3 =
            3*(a^4 + b^4 - a^2*b^2) + 4*(a^4 + b^4 - a^3*b - a*b^3) := by
    ring
  rw [h₄]
  -- Now we can combine our non-negativity results
  exact add_nonneg h₂ h₃
2025-04-13 11:10:46 - INFO - ==================================================

2025-04-13 11:10:47 - INFO - Testing fragment: rw [justaplaceholder]
2025-04-13 11:10:47 - INFO - Original error line:     exact pow_four_add_pow_four_ge_sq_mul_sq a b
2025-04-13 11:10:49 - INFO - Testing fix: Original errors: 4, Fixed errors: 5
2025-04-13 11:10:49 - INFO - Result: False (introduced 2 new errors)
2025-04-13 11:10:49 - DEBUG - === New errors detail ===
2025-04-13 11:10:49 - DEBUG - New Error 1: line 20, type: unknown_identifier, message: unknown identifier 'justaplaceholder'
2025-04-13 11:10:49 - DEBUG - New Error 2: line 20, type: rewrite_failed, message: tactic 'rewrite' failed, equality or iff proof expected
  ?m.12659
a b : ℝ
h₀ : 0 < a ∧ 0 < b
h₁ : (a + b) ^ 4 = a ^ 4 + 4 * a ^ 3 * b + 6 * a ^ 2 * b ^ 2 + 4 * a * b ^ 3 + b ^ 4
⊢ a ^ 2 * b ^ 2 ≤ a ^ 4 + b ^ 4
2025-04-13 11:10:49 - INFO - Testing fragment: rw [<- justaplaceholder]
2025-04-13 11:10:49 - INFO - Original error line:     exact pow_four_add_pow_four_ge_sq_mul_sq a b
2025-04-13 11:10:51 - INFO - Testing fix: Original errors: 4, Fixed errors: 5
2025-04-13 11:10:51 - INFO - Result: False (introduced 2 new errors)
2025-04-13 11:10:51 - DEBUG - === New errors detail ===
2025-04-13 11:10:51 - DEBUG - New Error 1: line 20, type: unknown_identifier, message: unknown identifier 'justaplaceholder'
2025-04-13 11:10:51 - DEBUG - New Error 2: line 20, type: rewrite_failed, message: tactic 'rewrite' failed, equality or iff proof expected
  ?m.12659
a b : ℝ
h₀ : 0 < a ∧ 0 < b
h₁ : (a + b) ^ 4 = a ^ 4 + 4 * a ^ 3 * b + 6 * a ^ 2 * b ^ 2 + 4 * a * b ^ 3 + b ^ 4
⊢ a ^ 2 * b ^ 2 ≤ a ^ 4 + b ^ 4
2025-04-13 11:10:51 - INFO - Testing fragment: simp
2025-04-13 11:10:51 - INFO - Original error line:     exact pow_four_add_pow_four_ge_sq_mul_sq a b
2025-04-13 11:10:53 - INFO - Testing fix: Original errors: 4, Fixed errors: 4
2025-04-13 11:10:53 - INFO - Result: False (introduced 1 new errors)
2025-04-13 11:10:53 - DEBUG - === New errors detail ===
2025-04-13 11:10:53 - DEBUG - New Error 1: line 20, type: simp_failed, message: simp made no progress
2025-04-13 11:10:53 - INFO - Testing fragment: field_simp
2025-04-13 11:10:53 - INFO - Original error line:     exact pow_four_add_pow_four_ge_sq_mul_sq a b
2025-04-13 11:10:55 - INFO - Testing fix: Original errors: 4, Fixed errors: 4
2025-04-13 11:10:55 - INFO - Result: False (introduced 1 new errors)
2025-04-13 11:10:55 - DEBUG - === New errors detail ===
2025-04-13 11:10:55 - DEBUG - New Error 1: line 20, type: simp_failed, message: simp made no progress
2025-04-13 11:10:55 - INFO - Testing fragment: norm_num
2025-04-13 11:10:55 - INFO - Original error line:     exact pow_four_add_pow_four_ge_sq_mul_sq a b
2025-04-13 11:10:57 - INFO - Testing fix: Original errors: 4, Fixed errors: 4
2025-04-13 11:10:57 - INFO - Result: False (introduced 1 new errors)
2025-04-13 11:10:57 - DEBUG - === New errors detail ===
2025-04-13 11:10:57 - DEBUG - New Error 1: line 15, type: other_error, message: unsolved goals
a b : ℝ
h₀ : 0 < a ∧ 0 < b
h₁ : (a + b) ^ 4 = a ^ 4 + 4 * a ^ 3 * b + 6 * a ^ 2 * b ^ 2 + 4 * a * b ^ 3 + b ^ 4
⊢ a ^ 2 * b ^ 2 ≤ a ^ 4 + b ^ 4
2025-04-13 11:10:57 - INFO - Testing fragment: ring
2025-04-13 11:10:57 - INFO - Original error line:     exact pow_four_add_pow_four_ge_sq_mul_sq a b
2025-04-13 11:10:59 - INFO - Testing fix: Original errors: 4, Fixed errors: 5
2025-04-13 11:10:59 - INFO - Result: False (introduced 2 new errors)
2025-04-13 11:10:59 - DEBUG - === New errors detail ===
2025-04-13 11:10:59 - DEBUG - New Error 1: line 20, type: ring_failed, message: Try this: ring_nf
2025-04-13 11:10:59 - DEBUG - New Error 2: line 15, type: other_error, message: unsolved goals
a b : ℝ
h₀ : 0 < a ∧ 0 < b
h₁ : (a + b) ^ 4 = a ^ 4 + 4 * a ^ 3 * b + 6 * a ^ 2 * b ^ 2 + 4 * a * b ^ 3 + b ^ 4
⊢ a ^ 2 * b ^ 2 ≤ a ^ 4 + b ^ 4
2025-04-13 11:10:59 - INFO - Testing fragment: ring_nf
2025-04-13 11:10:59 - INFO - Original error line:     exact pow_four_add_pow_four_ge_sq_mul_sq a b
2025-04-13 11:11:01 - INFO - Testing fix: Original errors: 4, Fixed errors: 4
2025-04-13 11:11:01 - INFO - Result: False (introduced 1 new errors)
2025-04-13 11:11:01 - DEBUG - === New errors detail ===
2025-04-13 11:11:01 - DEBUG - New Error 1: line 15, type: other_error, message: unsolved goals
a b : ℝ
h₀ : 0 < a ∧ 0 < b
h₁ : (a + b) ^ 4 = a ^ 4 + 4 * a ^ 3 * b + 6 * a ^ 2 * b ^ 2 + 4 * a * b ^ 3 + b ^ 4
⊢ a ^ 2 * b ^ 2 ≤ a ^ 4 + b ^ 4
2025-04-13 11:11:01 - INFO - Testing fragment: omega
2025-04-13 11:11:01 - INFO - Original error line:     exact pow_four_add_pow_four_ge_sq_mul_sq a b
2025-04-13 11:11:03 - INFO - Testing fix: Original errors: 4, Fixed errors: 4
2025-04-13 11:11:03 - INFO - Result: False (introduced 1 new errors)
2025-04-13 11:11:03 - DEBUG - === New errors detail ===
2025-04-13 11:11:03 - DEBUG - New Error 1: line 20, type: other_error, message: omega could not prove the goal:
No usable constraints found. You may need to unfold definitions so `omega` can see linear arithmetic facts about `Nat` and `Int`, which may also involve multiplication, division, and modular remainder by constants.
2025-04-13 11:11:03 - INFO - Testing fragment: linarith
2025-04-13 11:11:03 - INFO - Original error line:     exact pow_four_add_pow_four_ge_sq_mul_sq a b
2025-04-13 11:11:05 - INFO - Testing fix: Original errors: 4, Fixed errors: 4
2025-04-13 11:11:05 - INFO - Result: False (introduced 1 new errors)
2025-04-13 11:11:05 - DEBUG - === New errors detail ===
2025-04-13 11:11:05 - DEBUG - New Error 1: line 20, type: linarith_failed, message: linarith failed to find a contradiction
case a
a b : ℝ
h₀ : 0 < a ∧ 0 < b
h₁ : (a + b) ^ 4 = a ^ 4 + 4 * a ^ 3 * b + 6 * a ^ 2 * b ^ 2 + 4 * a * b ^ 3 + b ^ 4
a✝ : a ^ 2 * b ^ 2 > a ^ 4 + b ^ 4
⊢ False
failed
2025-04-13 11:11:05 - INFO - Testing fragment: nlinarith
2025-04-13 11:11:05 - INFO - Original error line:     exact pow_four_add_pow_four_ge_sq_mul_sq a b
2025-04-13 11:11:07 - INFO - Testing fix: Original errors: 4, Fixed errors: 4
2025-04-13 11:11:07 - INFO - Result: False (introduced 1 new errors)
2025-04-13 11:11:07 - DEBUG - === New errors detail ===
2025-04-13 11:11:07 - DEBUG - New Error 1: line 20, type: linarith_failed, message: linarith failed to find a contradiction
case a
a b : ℝ
h₀ : 0 < a ∧ 0 < b
h₁ : (a + b) ^ 4 = a ^ 4 + 4 * a ^ 3 * b + 6 * a ^ 2 * b ^ 2 + 4 * a * b ^ 3 + b ^ 4
a✝ : a ^ 2 * b ^ 2 > a ^ 4 + b ^ 4
⊢ False
failed
2025-04-13 11:11:07 - INFO - Failed attempt time: 22.04 seconds
2025-04-13 11:11:07 - INFO - ❌ Could not generate fix for error at line 20
2025-04-13 11:11:07 - INFO - 
Trying to fix error 3/4: line 25, type: rewrite_failed
2025-04-13 11:11:07 - INFO - Error message: tactic 'rewrite' failed, did not find instance of the pattern in the target expression
  ?a - ?b + (...
2025-04-13 11:11:07 - INFO - Removed header content, remaining 48 lines of code
2025-04-13 11:11:07 - INFO - Using specified target error line: 25
2025-04-13 11:11:08 - INFO - Found error at specified line: tactic 'rewrite' failed, did not find instance of the pattern in the target expression
  ?a - ?b + (?c - ?d)
a b : ℝ
h₀ : 0 < a ∧ 0 < b
h₁ : (a + b) ^ 4 = a ^ 4 + 4 * a ^ 3 * b + 6 * a ^ 2 * b ^ 2 + 4 * a * b ^ 3 + b ^ 4
h₂ : 0 ≤ 3 * (a ^ 4 + b ^ 4 - a ^ 2 * b ^ 2)
⊢ a * b ^ 3 ≤ a ^ 4 + b ^ 4 - a ^ 3 * b
2025-04-13 11:11:08 - INFO - Error at line 25: tactic 'rewrite' failed, did not find instance of the pattern in the target expression
  ?a - ?b + (?c - ?d)
a b : ℝ
h₀ : 0 < a ∧ 0 < b
h₁ : (a + b) ^ 4 = a ^ 4 + 4 * a ^ 3 * b + 6 * a ^ 2 * b ^ 2 + 4 * a * b ^ 3 + b ^ 4
h₂ : 0 ≤ 3 * (a ^ 4 + b ^ 4 - a ^ 2 * b ^ 2)
⊢ a * b ^ 3 ≤ a ^ 4 + b ^ 4 - a ^ 3 * b
2025-04-13 11:11:08 - INFO - 
==================================================
2025-04-13 11:11:08 - INFO - Code prepared, starting synthesis
2025-04-13 11:11:08 - INFO - Before part: /-- Show that for any positive real numbers $a$ and $b$, $(a+b)^4 \leq 8(a^4 + b^4)$.-/
theorem algebra_apb4leq8ta4pb4 (a b : ℝ) (h₀ : 0 < a ∧ 0 < b) : (a + b) ^ 4 ≤ 8 * (a ^ 4 + b ^ 4) := by
  -- First, expand (a + b)^4 using the binomial theorem
  have h₁ : (a + b)^4 = a^4 + 4*a^3*b + 6*a^2*b^2 + 4*a*b^3 + b^4 := by
    ring
  -- Rewrite the goal using the expanded form
  rw [h₁]
  -- The goal now is to show that the expanded form is ≤ 8*(a^4 + b^4)
  -- We can bring all terms to one side to form a non-positivity claim
  suffices : 0 ≤ 7*a^4 + 7*b^4 - 4*a^3*b - 6*a^2*b^2 - 4*a*b^3
  · -- If we prove this non-negativity statement, the original inequality follows
    linarith
  -- Now we'll express this as a sum of manifestly non-negative terms
  -- The key is to find suitable combinations that are clearly ≥ 0
  have h₂ : 0 ≤ 3*(a^4 + b^4 - a^2*b^2) := by
    -- This term is non-negative because a⁴ + b⁴ ≥ a²b² for all real a,b
    -- This follows from 2(a⁴ + b⁴) ≥ (a² + b²)² ≥ (2ab)²/4 = a²b²
    refine mul_nonneg (by norm_num) ?_
    rw [sub_nonneg]
    exact pow_four_add_pow_four_ge_sq_mul_sq a b
  have h₃ : 0 ≤ 4*(a^4 + b^4 - a^3*b - a*b^3) := by
    -- This term is non-negative because a⁴ + b⁴ ≥ a³b + ab³ for a,b > 0
    -- This follows from rearranging a⁴ - a³b - ab³ + b⁴ = a³(a-b) - b³(a-b) = (a-b)(a³-b³) ≥ 0
    refine mul_nonneg (by norm_num) ?_
2025-04-13 11:11:08 - INFO - Error line:     rw [sub_nonneg, sub_add_sub_comm]
2025-04-13 11:11:08 - INFO - After part: have : a^4 - a^3*b = a^3*(a - b) := by ring
    have : b^4 - a*b^3 = b^3*(b - a) := by ring
    rw [this, this]
    rw [← neg_sub (b^3), ← mul_neg, neg_sub]
    -- Now we have a^3*(a-b) + -b^3*(a-b) = (a^3 - b^3)*(a-b)
    rw [← sub_mul]
    -- Since (a³ - b³) and (a - b) have the same sign, their product is non-negative
    have : a^3 - b^3 = (a - b)*(a^2 + a*b + b^2) := by ring
    rw [this]
    rw [mul_assoc, mul_comm (a - b), ← mul_assoc]
    refine mul_nonneg ?_ ?_
    · exact sq_nonneg (a - b)
    · refine add_nonneg (add_nonneg (sq_nonneg a) ?_) (sq_nonneg b))
      exact mul_nonneg (le_of_lt h₀.1) (le_of_lt h₀.2)
  -- Now combine these non-negative terms to get our desired inequality
  -- The original expression 7a⁴ + 7b⁴ - 4a³b - 6a²b² - 4ab³ can be written as:
  -- (3a⁴ + 3b⁴ - 3a²b²) + (4a⁴ + 4b⁴ - 4a³b - 4ab³) = 3(a⁴ + b⁴ - a²b²) + 4(a⁴ + b⁴ - a³b - ab³)
  have h₄ : 7*a^4 + 7*b^4 - 4*a^3*b - 6*a^2*b^2 - 4*a*b^3 =
            3*(a^4 + b^4 - a^2*b^2) + 4*(a^4 + b^4 - a^3*b - a*b^3) := by
    ring
  rw [h₄]
  -- Now we can combine our non-negativity results
  exact add_nonneg h₂ h₃
2025-04-13 11:11:08 - INFO - ==================================================

2025-04-13 11:11:09 - INFO - Testing fragment: rw [justaplaceholder]
2025-04-13 11:11:09 - INFO - Original error line:     rw [sub_nonneg, sub_add_sub_comm]
2025-04-13 11:11:11 - INFO - Testing fix: Original errors: 4, Fixed errors: 5
2025-04-13 11:11:11 - INFO - Result: False (introduced 2 new errors)
2025-04-13 11:11:11 - DEBUG - === New errors detail ===
2025-04-13 11:11:11 - DEBUG - New Error 1: line 25, type: unknown_identifier, message: unknown identifier 'justaplaceholder'
2025-04-13 11:11:11 - DEBUG - New Error 2: line 25, type: rewrite_failed, message: tactic 'rewrite' failed, equality or iff proof expected
  ?m.14399
a b : ℝ
h₀ : 0 < a ∧ 0 < b
h₁ : (a + b) ^ 4 = a ^ 4 + 4 * a ^ 3 * b + 6 * a ^ 2 * b ^ 2 + 4 * a * b ^ 3 + b ^ 4
h₂ : 0 ≤ 3 * (a ^ 4 + b ^ 4 - a ^ 2 * b ^ 2)
⊢ 0 ≤ a ^ 4 + b ^ 4 - a ^ 3 * b - a * b ^ 3
2025-04-13 11:11:11 - INFO - Testing fragment: rw [<- justaplaceholder]
2025-04-13 11:11:11 - INFO - Original error line:     rw [sub_nonneg, sub_add_sub_comm]
2025-04-13 11:11:13 - INFO - Testing fix: Original errors: 4, Fixed errors: 5
2025-04-13 11:11:13 - INFO - Result: False (introduced 2 new errors)
2025-04-13 11:11:13 - DEBUG - === New errors detail ===
2025-04-13 11:11:13 - DEBUG - New Error 1: line 25, type: unknown_identifier, message: unknown identifier 'justaplaceholder'
2025-04-13 11:11:13 - DEBUG - New Error 2: line 25, type: rewrite_failed, message: tactic 'rewrite' failed, equality or iff proof expected
  ?m.14399
a b : ℝ
h₀ : 0 < a ∧ 0 < b
h₁ : (a + b) ^ 4 = a ^ 4 + 4 * a ^ 3 * b + 6 * a ^ 2 * b ^ 2 + 4 * a * b ^ 3 + b ^ 4
h₂ : 0 ≤ 3 * (a ^ 4 + b ^ 4 - a ^ 2 * b ^ 2)
⊢ 0 ≤ a ^ 4 + b ^ 4 - a ^ 3 * b - a * b ^ 3
2025-04-13 11:11:13 - INFO - Testing fragment: simp
2025-04-13 11:11:13 - INFO - Original error line:     rw [sub_nonneg, sub_add_sub_comm]
2025-04-13 11:11:15 - INFO - Testing fix: Original errors: 4, Fixed errors: 4
2025-04-13 11:11:15 - INFO - Result: False (introduced 1 new errors)
2025-04-13 11:11:15 - DEBUG - === New errors detail ===
2025-04-13 11:11:15 - DEBUG - New Error 1: line 28, type: rewrite_failed, message: tactic 'rewrite' failed, did not find instance of the pattern in the target expression
  b ^ 4 - a * b ^ 3
a b : ℝ
h₀ : 0 < a ∧ 0 < b
h₁ : (a + b) ^ 4 = a ^ 4 + 4 * a ^ 3 * b + 6 * a ^ 2 * b ^ 2 + 4 * a * b ^ 3 + b ^ 4
h₂ : 0 ≤ 3 * (a ^ 4 + b ^ 4 - a ^ 2 * b ^ 2)
this✝ : a ^ 4 - a ^ 3 * b = a ^ 3 * (a - b)
this : b ^ 4 - a * b ^ 3 = b ^ 3 * (b - a)
⊢ a * b ^ 3 ≤ a ^ 4 + b ^ 4 - a ^ 3 * b
2025-04-13 11:11:15 - INFO - Testing fragment: field_simp
2025-04-13 11:11:15 - INFO - Original error line:     rw [sub_nonneg, sub_add_sub_comm]
2025-04-13 11:11:17 - INFO - Testing fix: Original errors: 4, Fixed errors: 4
2025-04-13 11:11:17 - INFO - Result: False (introduced 1 new errors)
2025-04-13 11:11:17 - DEBUG - === New errors detail ===
2025-04-13 11:11:17 - DEBUG - New Error 1: line 28, type: rewrite_failed, message: tactic 'rewrite' failed, did not find instance of the pattern in the target expression
  b ^ 4 - a * b ^ 3
a b : ℝ
h₀ : 0 < a ∧ 0 < b
h₁ : (a + b) ^ 4 = a ^ 4 + 4 * a ^ 3 * b + 6 * a ^ 2 * b ^ 2 + 4 * a * b ^ 3 + b ^ 4
h₂ : 0 ≤ 3 * (a ^ 4 + b ^ 4 - a ^ 2 * b ^ 2)
this✝ : a ^ 4 - a ^ 3 * b = a ^ 3 * (a - b)
this : b ^ 4 - a * b ^ 3 = b ^ 3 * (b - a)
⊢ a * b ^ 3 ≤ a ^ 4 + b ^ 4 - a ^ 3 * b
2025-04-13 11:11:17 - INFO - Testing fragment: norm_num
2025-04-13 11:11:17 - INFO - Original error line:     rw [sub_nonneg, sub_add_sub_comm]
2025-04-13 11:11:19 - INFO - Testing fix: Original errors: 4, Fixed errors: 4
2025-04-13 11:11:19 - INFO - Result: False (introduced 1 new errors)
2025-04-13 11:11:19 - DEBUG - === New errors detail ===
2025-04-13 11:11:19 - DEBUG - New Error 1: line 28, type: rewrite_failed, message: tactic 'rewrite' failed, did not find instance of the pattern in the target expression
  b ^ 4 - a * b ^ 3
a b : ℝ
h₀ : 0 < a ∧ 0 < b
h₁ : (a + b) ^ 4 = a ^ 4 + 4 * a ^ 3 * b + 6 * a ^ 2 * b ^ 2 + 4 * a * b ^ 3 + b ^ 4
h₂ : 0 ≤ 3 * (a ^ 4 + b ^ 4 - a ^ 2 * b ^ 2)
this✝ : a ^ 4 - a ^ 3 * b = a ^ 3 * (a - b)
this : b ^ 4 - a * b ^ 3 = b ^ 3 * (b - a)
⊢ a * b ^ 3 ≤ a ^ 4 + b ^ 4 - a ^ 3 * b
2025-04-13 11:11:19 - INFO - Testing fragment: ring
2025-04-13 11:11:19 - INFO - Original error line:     rw [sub_nonneg, sub_add_sub_comm]
2025-04-13 11:11:21 - INFO - Testing fix: Original errors: 4, Fixed errors: 5
2025-04-13 11:11:21 - INFO - Result: False (introduced 2 new errors)
2025-04-13 11:11:21 - DEBUG - === New errors detail ===
2025-04-13 11:11:21 - DEBUG - New Error 1: line 25, type: ring_failed, message: Try this: ring_nf
2025-04-13 11:11:21 - DEBUG - New Error 2: line 28, type: rewrite_failed, message: tactic 'rewrite' failed, did not find instance of the pattern in the target expression
  b ^ 4 - a * b ^ 3
a b : ℝ
h₀ : 0 < a ∧ 0 < b
h₁ : (a + b) ^ 4 = a ^ 4 + 4 * a ^ 3 * b + 6 * a ^ 2 * b ^ 2 + 4 * a * b ^ 3 + b ^ 4
h₂ : 0 ≤ 3 * (a ^ 4 + b ^ 4 - a ^ 2 * b ^ 2)
this✝ : a ^ 4 - a ^ 3 * b = a ^ 3 * (a - b)
this : b ^ 4 - a * b ^ 3 = b ^ 3 * (b - a)
⊢ 0 ≤ -(a * b ^ 3) - a ^ 3 * b + a ^ 4 + b ^ 4
2025-04-13 11:11:21 - INFO - Testing fragment: ring_nf
2025-04-13 11:11:21 - INFO - Original error line:     rw [sub_nonneg, sub_add_sub_comm]
2025-04-13 11:11:23 - INFO - Testing fix: Original errors: 4, Fixed errors: 4
2025-04-13 11:11:23 - INFO - Result: False (introduced 1 new errors)
2025-04-13 11:11:23 - DEBUG - === New errors detail ===
2025-04-13 11:11:23 - DEBUG - New Error 1: line 28, type: rewrite_failed, message: tactic 'rewrite' failed, did not find instance of the pattern in the target expression
  b ^ 4 - a * b ^ 3
a b : ℝ
h₀ : 0 < a ∧ 0 < b
h₁ : (a + b) ^ 4 = a ^ 4 + 4 * a ^ 3 * b + 6 * a ^ 2 * b ^ 2 + 4 * a * b ^ 3 + b ^ 4
h₂ : 0 ≤ 3 * (a ^ 4 + b ^ 4 - a ^ 2 * b ^ 2)
this✝ : a ^ 4 - a ^ 3 * b = a ^ 3 * (a - b)
this : b ^ 4 - a * b ^ 3 = b ^ 3 * (b - a)
⊢ 0 ≤ -(a * b ^ 3) - a ^ 3 * b + a ^ 4 + b ^ 4
2025-04-13 11:11:23 - INFO - Testing fragment: omega
2025-04-13 11:11:23 - INFO - Original error line:     rw [sub_nonneg, sub_add_sub_comm]
2025-04-13 11:11:25 - INFO - Testing fix: Original errors: 4, Fixed errors: 4
2025-04-13 11:11:25 - INFO - Result: False (introduced 1 new errors)
2025-04-13 11:11:25 - DEBUG - === New errors detail ===
2025-04-13 11:11:25 - DEBUG - New Error 1: line 25, type: other_error, message: omega could not prove the goal:
No usable constraints found. You may need to unfold definitions so `omega` can see linear arithmetic facts about `Nat` and `Int`, which may also involve multiplication, division, and modular remainder by constants.
2025-04-13 11:11:25 - INFO - Testing fragment: linarith
2025-04-13 11:11:25 - INFO - Original error line:     rw [sub_nonneg, sub_add_sub_comm]
2025-04-13 11:11:27 - INFO - Testing fix: Original errors: 4, Fixed errors: 4
2025-04-13 11:11:27 - INFO - Result: False (introduced 1 new errors)
2025-04-13 11:11:27 - DEBUG - === New errors detail ===
2025-04-13 11:11:27 - DEBUG - New Error 1: line 25, type: linarith_failed, message: linarith failed to find a contradiction
case a
a b : ℝ
h₀ : 0 < a ∧ 0 < b
h₁ : (a + b) ^ 4 = a ^ 4 + 4 * a ^ 3 * b + 6 * a ^ 2 * b ^ 2 + 4 * a * b ^ 3 + b ^ 4
h₂ : 0 ≤ 3 * (a ^ 4 + b ^ 4 - a ^ 2 * b ^ 2)
a✝ : 0 > a ^ 4 + b ^ 4 - a ^ 3 * b - a * b ^ 3
⊢ False
failed
2025-04-13 11:11:27 - INFO - Testing fragment: nlinarith
2025-04-13 11:11:27 - INFO - Original error line:     rw [sub_nonneg, sub_add_sub_comm]
2025-04-13 11:11:29 - INFO - Testing fix: Original errors: 4, Fixed errors: 4
2025-04-13 11:11:29 - INFO - Result: False (introduced 1 new errors)
2025-04-13 11:11:29 - DEBUG - === New errors detail ===
2025-04-13 11:11:29 - DEBUG - New Error 1: line 25, type: linarith_failed, message: linarith failed to find a contradiction
case a
a b : ℝ
h₀ : 0 < a ∧ 0 < b
h₁ : (a + b) ^ 4 = a ^ 4 + 4 * a ^ 3 * b + 6 * a ^ 2 * b ^ 2 + 4 * a * b ^ 3 + b ^ 4
h₂ : 0 ≤ 3 * (a ^ 4 + b ^ 4 - a ^ 2 * b ^ 2)
a✝ : 0 > a ^ 4 + b ^ 4 - a ^ 3 * b - a * b ^ 3
⊢ False
failed
2025-04-13 11:11:29 - INFO - Failed attempt time: 22.04 seconds
2025-04-13 11:11:29 - INFO - ❌ Could not generate fix for error at line 25
2025-04-13 11:11:29 - INFO - 
Trying to fix error 4/4: line 38, type: syntax_error
2025-04-13 11:11:29 - INFO - Error message: unexpected token ')'; expected command...
2025-04-13 11:11:29 - INFO - Removed header content, remaining 48 lines of code
2025-04-13 11:11:29 - INFO - Using specified target error line: 38
2025-04-13 11:11:30 - INFO - Found error at specified line: unexpected token ')'; expected command
2025-04-13 11:11:30 - INFO - Error at line 38: unexpected token ')'; expected command
2025-04-13 11:11:30 - INFO - 
==================================================
2025-04-13 11:11:30 - INFO - Code prepared, starting synthesis
2025-04-13 11:11:30 - INFO - Before part: /-- Show that for any positive real numbers $a$ and $b$, $(a+b)^4 \leq 8(a^4 + b^4)$.-/
theorem algebra_apb4leq8ta4pb4 (a b : ℝ) (h₀ : 0 < a ∧ 0 < b) : (a + b) ^ 4 ≤ 8 * (a ^ 4 + b ^ 4) := by
  -- First, expand (a + b)^4 using the binomial theorem
  have h₁ : (a + b)^4 = a^4 + 4*a^3*b + 6*a^2*b^2 + 4*a*b^3 + b^4 := by
    ring
  -- Rewrite the goal using the expanded form
  rw [h₁]
  -- The goal now is to show that the expanded form is ≤ 8*(a^4 + b^4)
  -- We can bring all terms to one side to form a non-positivity claim
  suffices : 0 ≤ 7*a^4 + 7*b^4 - 4*a^3*b - 6*a^2*b^2 - 4*a*b^3
  · -- If we prove this non-negativity statement, the original inequality follows
    linarith
  -- Now we'll express this as a sum of manifestly non-negative terms
  -- The key is to find suitable combinations that are clearly ≥ 0
  have h₂ : 0 ≤ 3*(a^4 + b^4 - a^2*b^2) := by
    -- This term is non-negative because a⁴ + b⁴ ≥ a²b² for all real a,b
    -- This follows from 2(a⁴ + b⁴) ≥ (a² + b²)² ≥ (2ab)²/4 = a²b²
    refine mul_nonneg (by norm_num) ?_
    rw [sub_nonneg]
    exact pow_four_add_pow_four_ge_sq_mul_sq a b
  have h₃ : 0 ≤ 4*(a^4 + b^4 - a^3*b - a*b^3) := by
    -- This term is non-negative because a⁴ + b⁴ ≥ a³b + ab³ for a,b > 0
    -- This follows from rearranging a⁴ - a³b - ab³ + b⁴ = a³(a-b) - b³(a-b) = (a-b)(a³-b³) ≥ 0
    refine mul_nonneg (by norm_num) ?_
    rw [sub_nonneg, sub_add_sub_comm]
    have : a^4 - a^3*b = a^3*(a - b) := by ring
    have : b^4 - a*b^3 = b^3*(b - a) := by ring
    rw [this, this]
    rw [← neg_sub (b^3), ← mul_neg, neg_sub]
    -- Now we have a^3*(a-b) + -b^3*(a-b) = (a^3 - b^3)*(a-b)
    rw [← sub_mul]
    -- Since (a³ - b³) and (a - b) have the same sign, their product is non-negative
    have : a^3 - b^3 = (a - b)*(a^2 + a*b + b^2) := by ring
    rw [this]
    rw [mul_assoc, mul_comm (a - b), ← mul_assoc]
    refine mul_nonneg ?_ ?_
    · exact sq_nonneg (a - b)
2025-04-13 11:11:30 - INFO - Error line:     · refine add_nonneg (add_nonneg (sq_nonneg a) ?_) (sq_nonneg b))
2025-04-13 11:11:30 - INFO - After part: exact mul_nonneg (le_of_lt h₀.1) (le_of_lt h₀.2)
  -- Now combine these non-negative terms to get our desired inequality
  -- The original expression 7a⁴ + 7b⁴ - 4a³b - 6a²b² - 4ab³ can be written as:
  -- (3a⁴ + 3b⁴ - 3a²b²) + (4a⁴ + 4b⁴ - 4a³b - 4ab³) = 3(a⁴ + b⁴ - a²b²) + 4(a⁴ + b⁴ - a³b - ab³)
  have h₄ : 7*a^4 + 7*b^4 - 4*a^3*b - 6*a^2*b^2 - 4*a*b^3 =
            3*(a^4 + b^4 - a^2*b^2) + 4*(a^4 + b^4 - a^3*b - a*b^3) := by
    ring
  rw [h₄]
  -- Now we can combine our non-negativity results
  exact add_nonneg h₂ h₃
2025-04-13 11:11:30 - INFO - ==================================================

2025-04-13 11:11:31 - INFO - Testing fragment: rw [justaplaceholder]
2025-04-13 11:11:31 - INFO - Original error line:     · refine add_nonneg (add_nonneg (sq_nonneg a) ?_) (sq_nonneg b))
2025-04-13 11:11:33 - INFO - Testing fix: Original errors: 4, Fixed errors: 4
2025-04-13 11:11:33 - INFO - Result: False (introduced 2 new errors)
2025-04-13 11:11:33 - DEBUG - === New errors detail ===
2025-04-13 11:11:33 - DEBUG - New Error 1: line 2, type: other_error, message: unsolved goals
case this
a b : ℝ
h₀ : 0 < a ∧ 0 < b
h₁ : (a + b) ^ 4 = a ^ 4 + 4 * a ^ 3 * b + 6 * a ^ 2 * b ^ 2 + 4 * a * b ^ 3 + b ^ 4
h₂ : 0 ≤ 3 * (a ^ 4 + b ^ 4 - a ^ 2 * b ^ 2)
h₃ : 0 ≤ 4 * (a ^ 4 + b ^ 4 - a ^ 3 * b - a * b ^ 3)
⊢ 0 ≤ 7 * a ^ 4 + 7 * b ^ 4 - 4 * a ^ 3 * b - 6 * a ^ 2 * b ^ 2 - 4 * a * b ^ 3
2025-04-13 11:11:33 - DEBUG - New Error 2: line 39, type: other_error, message: unexpected identifier; expected command
2025-04-13 11:11:33 - INFO - Testing fragment: rw [<- justaplaceholder]
2025-04-13 11:11:33 - INFO - Original error line:     · refine add_nonneg (add_nonneg (sq_nonneg a) ?_) (sq_nonneg b))
2025-04-13 11:11:35 - INFO - Testing fix: Original errors: 4, Fixed errors: 4
2025-04-13 11:11:35 - INFO - Result: False (introduced 2 new errors)
2025-04-13 11:11:35 - DEBUG - === New errors detail ===
2025-04-13 11:11:35 - DEBUG - New Error 1: line 2, type: other_error, message: unsolved goals
case this
a b : ℝ
h₀ : 0 < a ∧ 0 < b
h₁ : (a + b) ^ 4 = a ^ 4 + 4 * a ^ 3 * b + 6 * a ^ 2 * b ^ 2 + 4 * a * b ^ 3 + b ^ 4
h₂ : 0 ≤ 3 * (a ^ 4 + b ^ 4 - a ^ 2 * b ^ 2)
h₃ : 0 ≤ 4 * (a ^ 4 + b ^ 4 - a ^ 3 * b - a * b ^ 3)
⊢ 0 ≤ 7 * a ^ 4 + 7 * b ^ 4 - 4 * a ^ 3 * b - 6 * a ^ 2 * b ^ 2 - 4 * a * b ^ 3
2025-04-13 11:11:35 - DEBUG - New Error 2: line 39, type: other_error, message: unexpected identifier; expected command
2025-04-13 11:11:35 - INFO - Testing fragment: simp
2025-04-13 11:11:35 - INFO - Original error line:     · refine add_nonneg (add_nonneg (sq_nonneg a) ?_) (sq_nonneg b))
2025-04-13 11:11:37 - INFO - Testing fix: Original errors: 4, Fixed errors: 4
2025-04-13 11:11:37 - INFO - Result: False (introduced 2 new errors)
2025-04-13 11:11:37 - DEBUG - === New errors detail ===
2025-04-13 11:11:37 - DEBUG - New Error 1: line 2, type: other_error, message: unsolved goals
case this
a b : ℝ
h₀ : 0 < a ∧ 0 < b
h₁ : (a + b) ^ 4 = a ^ 4 + 4 * a ^ 3 * b + 6 * a ^ 2 * b ^ 2 + 4 * a * b ^ 3 + b ^ 4
h₂ : 0 ≤ 3 * (a ^ 4 + b ^ 4 - a ^ 2 * b ^ 2)
h₃ : 0 ≤ 4 * (a ^ 4 + b ^ 4 - a ^ 3 * b - a * b ^ 3)
⊢ 0 ≤ 7 * a ^ 4 + 7 * b ^ 4 - 4 * a ^ 3 * b - 6 * a ^ 2 * b ^ 2 - 4 * a * b ^ 3
2025-04-13 11:11:37 - DEBUG - New Error 2: line 39, type: other_error, message: unexpected identifier; expected command
2025-04-13 11:11:37 - INFO - Testing fragment: field_simp
2025-04-13 11:11:37 - INFO - Original error line:     · refine add_nonneg (add_nonneg (sq_nonneg a) ?_) (sq_nonneg b))
2025-04-13 11:11:39 - INFO - Testing fix: Original errors: 4, Fixed errors: 4
2025-04-13 11:11:39 - INFO - Result: False (introduced 2 new errors)
2025-04-13 11:11:39 - DEBUG - === New errors detail ===
2025-04-13 11:11:39 - DEBUG - New Error 1: line 2, type: other_error, message: unsolved goals
case this
a b : ℝ
h₀ : 0 < a ∧ 0 < b
h₁ : (a + b) ^ 4 = a ^ 4 + 4 * a ^ 3 * b + 6 * a ^ 2 * b ^ 2 + 4 * a * b ^ 3 + b ^ 4
h₂ : 0 ≤ 3 * (a ^ 4 + b ^ 4 - a ^ 2 * b ^ 2)
h₃ : 0 ≤ 4 * (a ^ 4 + b ^ 4 - a ^ 3 * b - a * b ^ 3)
⊢ 0 ≤ 7 * a ^ 4 + 7 * b ^ 4 - 4 * a ^ 3 * b - 6 * a ^ 2 * b ^ 2 - 4 * a * b ^ 3
2025-04-13 11:11:39 - DEBUG - New Error 2: line 39, type: other_error, message: unexpected identifier; expected command
2025-04-13 11:11:39 - INFO - Testing fragment: norm_num
2025-04-13 11:11:39 - INFO - Original error line:     · refine add_nonneg (add_nonneg (sq_nonneg a) ?_) (sq_nonneg b))
2025-04-13 11:11:41 - INFO - Testing fix: Original errors: 4, Fixed errors: 4
2025-04-13 11:11:41 - INFO - Result: False (introduced 2 new errors)
2025-04-13 11:11:41 - DEBUG - === New errors detail ===
2025-04-13 11:11:41 - DEBUG - New Error 1: line 2, type: other_error, message: unsolved goals
case this
a b : ℝ
h₀ : 0 < a ∧ 0 < b
h₁ : (a + b) ^ 4 = a ^ 4 + 4 * a ^ 3 * b + 6 * a ^ 2 * b ^ 2 + 4 * a * b ^ 3 + b ^ 4
h₂ : 0 ≤ 3 * (a ^ 4 + b ^ 4 - a ^ 2 * b ^ 2)
h₃ : 0 ≤ 4 * (a ^ 4 + b ^ 4 - a ^ 3 * b - a * b ^ 3)
⊢ 0 ≤ 7 * a ^ 4 + 7 * b ^ 4 - 4 * a ^ 3 * b - 6 * a ^ 2 * b ^ 2 - 4 * a * b ^ 3
2025-04-13 11:11:41 - DEBUG - New Error 2: line 39, type: other_error, message: unexpected identifier; expected command
2025-04-13 11:11:41 - INFO - Testing fragment: ring
2025-04-13 11:11:41 - INFO - Original error line:     · refine add_nonneg (add_nonneg (sq_nonneg a) ?_) (sq_nonneg b))
2025-04-13 11:11:43 - INFO - Testing fix: Original errors: 4, Fixed errors: 4
2025-04-13 11:11:43 - INFO - Result: False (introduced 2 new errors)
2025-04-13 11:11:43 - DEBUG - === New errors detail ===
2025-04-13 11:11:43 - DEBUG - New Error 1: line 2, type: other_error, message: unsolved goals
case this
a b : ℝ
h₀ : 0 < a ∧ 0 < b
h₁ : (a + b) ^ 4 = a ^ 4 + 4 * a ^ 3 * b + 6 * a ^ 2 * b ^ 2 + 4 * a * b ^ 3 + b ^ 4
h₂ : 0 ≤ 3 * (a ^ 4 + b ^ 4 - a ^ 2 * b ^ 2)
h₃ : 0 ≤ 4 * (a ^ 4 + b ^ 4 - a ^ 3 * b - a * b ^ 3)
⊢ 0 ≤ 7 * a ^ 4 + 7 * b ^ 4 - 4 * a ^ 3 * b - 6 * a ^ 2 * b ^ 2 - 4 * a * b ^ 3
2025-04-13 11:11:43 - DEBUG - New Error 2: line 39, type: other_error, message: unexpected identifier; expected command
2025-04-13 11:11:43 - INFO - Testing fragment: ring_nf
2025-04-13 11:11:43 - INFO - Original error line:     · refine add_nonneg (add_nonneg (sq_nonneg a) ?_) (sq_nonneg b))
2025-04-13 11:11:45 - INFO - Testing fix: Original errors: 4, Fixed errors: 4
2025-04-13 11:11:45 - INFO - Result: False (introduced 2 new errors)
2025-04-13 11:11:45 - DEBUG - === New errors detail ===
2025-04-13 11:11:45 - DEBUG - New Error 1: line 2, type: other_error, message: unsolved goals
case this
a b : ℝ
h₀ : 0 < a ∧ 0 < b
h₁ : (a + b) ^ 4 = a ^ 4 + 4 * a ^ 3 * b + 6 * a ^ 2 * b ^ 2 + 4 * a * b ^ 3 + b ^ 4
h₂ : 0 ≤ 3 * (a ^ 4 + b ^ 4 - a ^ 2 * b ^ 2)
h₃ : 0 ≤ 4 * (a ^ 4 + b ^ 4 - a ^ 3 * b - a * b ^ 3)
⊢ 0 ≤ 7 * a ^ 4 + 7 * b ^ 4 - 4 * a ^ 3 * b - 6 * a ^ 2 * b ^ 2 - 4 * a * b ^ 3
2025-04-13 11:11:45 - DEBUG - New Error 2: line 39, type: other_error, message: unexpected identifier; expected command
2025-04-13 11:11:45 - INFO - Testing fragment: omega
2025-04-13 11:11:45 - INFO - Original error line:     · refine add_nonneg (add_nonneg (sq_nonneg a) ?_) (sq_nonneg b))
2025-04-13 11:15:07 - INFO - Synthesis failed: ('Execution failed', 'Execution timed out after 200.0 seconds. Partial output:\n{"cmd": "/-- Show that for any positive real numbers $a$ and $b$, $(a+b)^4 \\\\leq 8(a^4 + b^4)$.-/\\ntheorem algebra_apb4leq8ta4pb4 (a b : ℝ) (h₀ : 0 < a ∧ 0 < b) : (a + b) ^ 4 ≤ 8 * (a ^ 4 + b ^ 4) := by\\n  -- First, expand (a + b)^4 using the binomial theorem\\n  have h₁ : (a + b)^4 = a^4 + 4*a^3*b + 6*a^2*b^2 + 4*a*b^3 + b^4 := by\\n    ring\\n  -- Rewrite the goal using the expanded form\\n  rw [h₁]\\n  -- The goal now is to show that the expanded form is ≤ 8*(a^4 + b^4)\\n  -- We can bring all terms to one side to form a non-positivity claim\\n  suffices : 0 ≤ 7*a^4 + 7*b^4 - 4*a^3*b - 6*a^2*b^2 - 4*a*b^3\\n  · -- If we prove this non-negativity statement, the original inequality follows\\n    linarith\\n  -- Now we\'ll express this as a sum of manifestly non-negative terms\\n  -- The key is to find suitable combinations that are clearly ≥ 0\\n  have h₂ : 0 ≤ 3*(a^4 + b^4 - a^2*b^2) := by\\n    -- This term is non-negative because a⁴ + b⁴ ≥ a²b² for all real a,b\\n    -- This follows from 2(a⁴ + b⁴) ≥ (a² + b²)² ≥ (2ab)²/4 = a²b²\\n    refine mul_nonneg (by norm_num) ?_\\n    rw [sub_nonneg]\\n    exact pow_four_add_pow_four_ge_sq_mul_sq a b\\n  have h₃ : 0 ≤ 4*(a^4 + b^4 - a^3*b - a*b^3) := by\\n    -- This term is non-negative because a⁴ + b⁴ ≥ a³b + ab³ for a,b > 0\\n    -- This follows from rearranging a⁴ - a³b - ab³ + b⁴ = a³(a-b) - b³(a-b) = (a-b)(a³-b³) ≥ 0\\n    refine mul_nonneg (by norm_num) ?_\\n    rw [sub_nonneg, sub_add_sub_comm]\\n    have : a^4 - a^3*b = a^3*(a - b) := by ring\\n    have : b^4 - a*b^3 = b^3*(b - a) := by ring\\n    rw [this, this]\\n    rw [← neg_sub (b^3), ← mul_neg, neg_sub]\\n    -- Now we have a^3*(a-b) + -b^3*(a-b) = (a^3 - b^3)*(a-b)\\n    rw [← sub_mul]\\n    -- Since (a³ - b³) and (a - b) have the same sign, their product is non-negative\\n    have : a^3 - b^3 = (a - b)*(a^2 + a*b + b^2) := by ring\\n    rw [this]\\n    rw [mul_assoc, mul_comm (a - b), ← mul_assoc]\\n    refine mul_nonneg ?_ ?_\\n    · exact sq_nonneg (a - b)\\n    omega\\n      exact mul_nonneg (le_of_lt h₀.1) (le_of_lt h₀.2)\\n  -- Now combine these non-negative terms to get our desired inequality\\n  -- The original expression 7a⁴ + 7b⁴ - 4a³b - 6a²b² - 4ab³ can be written as:\\n  -- (3a⁴ + 3b⁴ - 3a²b²) + (4a⁴ + 4b⁴ - 4a³b - 4ab³) = 3(a⁴ + b⁴ - a²b²) + 4(a⁴ + b⁴ - a³b - ab³)\\n  have h₄ : 7*a^4 + 7*b^4 - 4*a^3*b - 6*a^2*b^2 - 4*a*b^3 =\\n            3*(a^4 + b^4 - a^2*b^2) + 4*(a^4 + b^4 - a^3*b - a*b^3) := by\\n    ring\\n  rw [h₄]\\n  -- Now we can combine our non-negativity results\\n  exact add_nonneg h₂ h₃", "env": 0}\r\n\r\n')
2025-04-13 11:15:17 - INFO - Failed attempt time: 224.08 seconds
2025-04-13 11:15:26 - INFO - ❌ Could not generate fix for error at line 38
2025-04-13 11:16:19 - INFO - 
===== Fix attempt completed =====
2025-04-13 11:16:19 - INFO - Original errors: 4
2025-04-13 11:16:19 - INFO - Fixed errors: 0
2025-04-13 11:16:19 - INFO - Failed errors: 4
2025-04-13 11:16:19 - INFO - Remaining errors: 4
2025-04-13 11:16:19 - INFO - Total time: 357.66 seconds
2025-04-13 11:16:19 - INFO - 
Final fixed code:
2025-04-13 11:16:19 - INFO - ----------------------------------------
2025-04-13 11:16:19 - INFO - /-- Show that for any positive real numbers $a$ and $b$, $(a+b)^4 \leq 8(a^4 + b^4)$.-/
theorem algebra_apb4leq8ta4pb4 (a b : ℝ) (h₀ : 0 < a ∧ 0 < b) : (a + b) ^ 4 ≤ 8 * (a ^ 4 + b ^ 4) := by
  -- First, expand (a + b)^4 using the binomial theorem
  have h₁ : (a + b)^4 = a^4 + 4*a^3*b + 6*a^2*b^2 + 4*a*b^3 + b^4 := by
    ring
  -- Rewrite the goal using the expanded form
  rw [h₁]
  -- The goal now is to show that the expanded form is ≤ 8*(a^4 + b^4)
  -- We can bring all terms to one side to form a non-positivity claim
  suffices : 0 ≤ 7*a^4 + 7*b^4 - 4*a^3*b - 6*a^2*b^2 - 4*a*b^3
  · -- If we prove this non-negativity statement, the original inequality follows
    linarith
  -- Now we'll express this as a sum of manifestly non-negative terms
  -- The key is to find suitable combinations that are clearly ≥ 0
  have h₂ : 0 ≤ 3*(a^4 + b^4 - a^2*b^2) := by
    -- This term is non-negative because a⁴ + b⁴ ≥ a²b² for all real a,b
    -- This follows from 2(a⁴ + b⁴) ≥ (a² + b²)² ≥ (2ab)²/4 = a²b²
    refine mul_nonneg (by norm_num) ?_
    rw [sub_nonneg]
    exact pow_four_add_pow_four_ge_sq_mul_sq a b
  have h₃ : 0 ≤ 4*(a^4 + b^4 - a^3*b - a*b^3) := by
    -- This term is non-negative because a⁴ + b⁴ ≥ a³b + ab³ for a,b > 0
    -- This follows from rearranging a⁴ - a³b - ab³ + b⁴ = a³(a-b) - b³(a-b) = (a-b)(a³-b³) ≥ 0
    refine mul_nonneg (by norm_num) ?_
    rw [sub_nonneg, sub_add_sub_comm]
    have : a^4 - a^3*b = a^3*(a - b) := by ring
    have : b^4 - a*b^3 = b^3*(b - a) := by ring
    rw [this, this]
    rw [← neg_sub (b^3), ← mul_neg, neg_sub]
    -- Now we have a^3*(a-b) + -b^3*(a-b) = (a^3 - b^3)*(a-b)
    rw [← sub_mul]
    -- Since (a³ - b³) and (a - b) have the same sign, their product is non-negative
    have : a^3 - b^3 = (a - b)*(a^2 + a*b + b^2) := by ring
    rw [this]
    rw [mul_assoc, mul_comm (a - b), ← mul_assoc]
    refine mul_nonneg ?_ ?_
    · exact sq_nonneg (a - b)
    · refine add_nonneg (add_nonneg (sq_nonneg a) ?_) (sq_nonneg b))
      exact mul_nonneg (le_of_lt h₀.1) (le_of_lt h₀.2)
  -- Now combine these non-negative terms to get our desired inequality
  -- The original expression 7a⁴ + 7b⁴ - 4a³b - 6a²b² - 4ab³ can be written as:
  -- (3a⁴ + 3b⁴ - 3a²b²) + (4a⁴ + 4b⁴ - 4a³b - 4ab³) = 3(a⁴ + b⁴ - a²b²) + 4(a⁴ + b⁴ - a³b - ab³)
  have h₄ : 7*a^4 + 7*b^4 - 4*a^3*b - 6*a^2*b^2 - 4*a*b^3 =
            3*(a^4 + b^4 - a^2*b^2) + 4*(a^4 + b^4 - a^3*b - a*b^3) := by
    ring
  rw [h₄]
  -- Now we can combine our non-negativity results
  exact add_nonneg h₂ h₃
2025-04-13 11:16:19 - INFO - ----------------------------------------
2025-04-13 11:16:19 - INFO - 
Detailed error repair report:
2025-04-13 11:16:19 - INFO - Original code error count: 4
❌ Fixed error 1/4: Could not generate fix for error at line 2 «other_error» (after 22.05s)
❌ Fixed error 2/4: Could not generate fix for error at line 20 «unknown_identifier» (after 22.04s)
❌ Fixed error 3/4: Could not generate fix for error at line 25 «rewrite_failed» (after 22.04s)
❌ Fixed error 4/4: Could not generate fix for error at line 38 «syntax_error» (after 224.08s)

=== Fix statistics ===
Original error count: 4
Fixed errors: 0 (Fix rate: 0.0000)
Failed errors: 4
Remaining errors: 4
Total time: 357.66 seconds

=== Failed fix details ===

Failed fix 1:
   Line: 2
   Error type: other_error
   Original error message: unsolved goals
case this
a b : ℝ
h₀ : 0 < a ∧ 0 < b
h₁ : (a + b) ^ 4 = a ^ 4 + 4 * a ^ 3 * b + 6 * a...
   Failure reason: Could not generate fix
   Time: 22.05 seconds

Failed fix 2:
   Line: 20
   Error type: unknown_identifier
   Original error message: unknown identifier 'pow_four_add_pow_four_ge_sq_mul_sq'...
   Failure reason: Could not generate fix
   Time: 22.04 seconds

Failed fix 3:
   Line: 25
   Error type: rewrite_failed
   Original error message: tactic 'rewrite' failed, did not find instance of the pattern in the target expression
  ?a - ?b + (...
   Failure reason: Could not generate fix
   Time: 22.04 seconds

Failed fix 4:
   Line: 38
   Error type: syntax_error
   Original error message: unexpected token ')'; expected command...
   Failure reason: Could not generate fix
   Time: 224.08 seconds
2025-04-13 11:16:19 - INFO - 
Fixed code saved to: ./minif2f/lean_fixed/59_fixed.lean
2025-04-13 11:16:19 - INFO - JSON log saved to: ./minif2f/lean_fixed/59_fix_log.json
2025-04-13 11:16:19 - INFO - 
===== LOG FILE LOCATION =====
2025-04-13 11:16:19 - INFO - Detailed log file is available at: ./minif2f/lean_fixed/59.log
2025-04-13 11:16:19 - INFO - ===============================
