2025-04-13 10:41:13 - INFO - Log file initialized at 2025-04-13T10:41:13.726970
2025-04-13 10:41:13 - INFO - ===== LOG FILE LOCATION =====
2025-04-13 10:41:13 - INFO - Detailed log file created at: ./minif2f/lean_fixed/6.log
2025-04-13 10:41:13 - INFO - ===============================
2025-04-13 10:41:13 - INFO - Original code:
2025-04-13 10:41:13 - INFO - ----------------------------------------
2025-04-13 10:41:13 - INFO - import Mathlib
import Aesop

set_option maxHeartbeats 0

open BigOperators Real Nat Topology Rat

/-- Suppose $m$ is a two-digit positive integer such that $6^{-1}\pmod m$ exists and $6^{-1}\equiv 6^2\pmod m$. What is $m$? Show that it is 43.-/
theorem mathd_numbertheory_780 (m x : ℤ) (h₀ : 0 ≤ x) (h₁ : 10 ≤ m ∧ m ≤ 99) (h₂ : 6 * x % m = 1)
  (h₃ : (x - 6 ^ 2) % m = 0) : m = 43 := by
  -- We need to find a two-digit integer m where:
  -- 1. 6 has a multiplicative inverse modulo m (i.e., gcd(6,m) = 1)
  -- 2. The inverse x satisfies x ≡ 6² mod m
  -- From h₂, we know 6x ≡ 1 mod m, so x is the inverse of 6 mod m
  -- From h₃, we have x ≡ 36 mod m

  -- Since x is both the inverse of 6 and congruent to 36 mod m, we can substitute:
  -- 6 * 36 ≡ 1 mod m
  -- Which simplifies to:
  -- 216 ≡ 1 mod m
  -- Or equivalently:
  -- m divides (216 - 1) = 215

  -- First, let's compute the divisors of 215 in the two-digit range
  have h215 : 215 = 5 * 43 := by norm_num
  -- The positive divisors of 215 are 1, 5, 43, 215
  -- Only 43 is a two-digit number (10 ≤ m ≤ 99)

  -- Now we need to verify that m = 43 satisfies all conditions
  -- First check that gcd(6,43) = 1 (inverse exists)
  have hgcd : Nat.gcd 6 43 = 1 := by norm_num
  -- Now find x such that 6x ≡ 1 mod 43
  -- We can verify that 6 * 36 = 216 ≡ 1 mod 43 (since 216 - 1 = 215 = 5*43)
  -- Thus x = 36 is the inverse

  -- Check that x ≡ 36 ≡ 6² mod 43 (which is trivially true)
  -- Therefore m = 43 satisfies all conditions

  -- To complete the proof, we show that no other two-digit number divides 215
  -- The only possible candidates are divisors of 215 in [10,99]
  have m_pos : 0 < m := by linarith [h₁.1]
  have m_dvd : m ∣ 215 := by
    -- From 6x ≡ 1 mod m and x ≡ 36 mod m, we get 6*36 ≡ 1 mod m
    -- So 216 ≡ 1 mod m ⇒ m ∣ (216 - 1)
    rw [← Int.modEq_zero_iff_dvd] at h₃
    rw [Int.modEq_iff_dvd] at h₃
    rw [sub_eq_iff_eq_add] at h₃
    have h₄ := congr_arg (fun y => 6 * y) h₃
    simp at h₄
    rw [mul_add, mul_pow] at h₄
    rw [← h₂] at h₄
    have h₅ : (6 * x) % m = (1 + m * ((6 * x) / m)) % m := by
      rw [Int.emod_add_ediv]
    rw [h₅] at h₄
    simp at h₄
    have h₆ : (1 + m * ((6 * x) / m) - 1) = m * ((6 * x) / m) := by ring
    rw [h₆] at h₄
    rw [Int.modEq_zero_iff_dvd, mul_comm] at h₄
    have h₇ : 216 = 6^3 := by norm_num
    rw [h₇] at h₄
    exact h₄

  -- Now we enumerate possible two-digit divisors of 215
  have h_divisors : m = 5 ∨ m = 43 ∨ m = 215 := by
    rw [h215]
    have h_prime_5 : Prime (5 : ℤ) := by norm_num
    have h_prime_43 : Prime (43 : ℤ) := by norm_num
    exact Prime.dvd_mul h_prime_5 h_prime_43 m m_dvd
  -- Eliminate impossible cases based on two-digit constraint
  cases h_divisors with
  | inl h5 => 
    -- m = 5 is not a two-digit number
    have := h₁.1
    rw [h5] at this
    linarith
  | inr h_rest =>
    cases h_rest with
    | inl h43 => 
      -- m = 43 is valid
      exact h43
    | inr h215 => 
      -- m = 215 is not a two-digit number
      have := h₁.2
      rw [h215] at this
      linarith
2025-04-13 10:41:13 - INFO - ----------------------------------------
2025-04-13 10:41:13 - INFO - 
Checking original code for all errors...
2025-04-13 10:41:18 - INFO - Original code contains 2 errors:
2025-04-13 10:41:18 - INFO - Error 1: line 38, type: rewrite_failed, message: tactic 'rewrite' failed, did not find instance of the pattern in the target expression
  ?m.4073 ∣ ?...
2025-04-13 10:41:18 - INFO - Error 2: line 58, type: rewrite_failed, message: tactic 'rewrite' failed, did not find instance of the pattern in the target expression
  215
m x : ℤ...
2025-04-13 10:41:18 - INFO - 
Starting multi-error continuous repair process...
2025-04-13 10:41:18 - INFO - 
===== Starting to fix all errors =====
2025-04-13 10:41:19 - INFO - 
Found 2 original errors:
2025-04-13 10:41:19 - INFO - Error 1: line 38, type: rewrite_failed, message: tactic 'rewrite' failed, did not find instance of the pattern in the target expression
  ?m.4073 ∣ ?...
2025-04-13 10:41:19 - INFO - Error 2: line 58, type: rewrite_failed, message: tactic 'rewrite' failed, did not find instance of the pattern in the target expression
  215
m x : ℤ...
2025-04-13 10:41:19 - INFO - 
Trying to fix error 1/2: line 38, type: rewrite_failed
2025-04-13 10:41:19 - INFO - Error message: tactic 'rewrite' failed, did not find instance of the pattern in the target expression
  ?m.4073 ∣ ?...
2025-04-13 10:41:19 - INFO - Removed header content, remaining 78 lines of code
2025-04-13 10:41:19 - INFO - Using specified target error line: 38
2025-04-13 10:41:20 - INFO - Found error at specified line: tactic 'rewrite' failed, did not find instance of the pattern in the target expression
  ?m.4073 ∣ ?m.4074
m x : ℤ
h₀ : 0 ≤ x
h₁ : 10 ≤ m ∧ m ≤ 99
h₂ : 6 * x % m = 1
h₃ : (x - 6 ^ 2) % m = 0
h215 : 215 = 5 * 43
hgcd : Nat.gcd 6 43 = 1
m_pos : 0 < m
⊢ m ∣ 215
2025-04-13 10:41:20 - INFO - Error at line 38: tactic 'rewrite' failed, did not find instance of the pattern in the target expression
  ?m.4073 ∣ ?m.4074
m x : ℤ
h₀ : 0 ≤ x
h₁ : 10 ≤ m ∧ m ≤ 99
h₂ : 6 * x % m = 1
h₃ : (x - 6 ^ 2) % m = 0
h215 : 215 = 5 * 43
hgcd : Nat.gcd 6 43 = 1
m_pos : 0 < m
⊢ m ∣ 215
2025-04-13 10:41:20 - INFO - 
==================================================
2025-04-13 10:41:20 - INFO - Code prepared, starting synthesis
2025-04-13 10:41:20 - INFO - Before part: /-- Suppose $m$ is a two-digit positive integer such that $6^{-1}\pmod m$ exists and $6^{-1}\equiv 6^2\pmod m$. What is $m$? Show that it is 43.-/
theorem mathd_numbertheory_780 (m x : ℤ) (h₀ : 0 ≤ x) (h₁ : 10 ≤ m ∧ m ≤ 99) (h₂ : 6 * x % m = 1)
  (h₃ : (x - 6 ^ 2) % m = 0) : m = 43 := by
  -- We need to find a two-digit integer m where:
  -- 1. 6 has a multiplicative inverse modulo m (i.e., gcd(6,m) = 1)
  -- 2. The inverse x satisfies x ≡ 6² mod m
  -- From h₂, we know 6x ≡ 1 mod m, so x is the inverse of 6 mod m
  -- From h₃, we have x ≡ 36 mod m

  -- Since x is both the inverse of 6 and congruent to 36 mod m, we can substitute:
  -- 6 * 36 ≡ 1 mod m
  -- Which simplifies to:
  -- 216 ≡ 1 mod m
  -- Or equivalently:
  -- m divides (216 - 1) = 215

  -- First, let's compute the divisors of 215 in the two-digit range
  have h215 : 215 = 5 * 43 := by norm_num
  -- The positive divisors of 215 are 1, 5, 43, 215
  -- Only 43 is a two-digit number (10 ≤ m ≤ 99)

  -- Now we need to verify that m = 43 satisfies all conditions
  -- First check that gcd(6,43) = 1 (inverse exists)
  have hgcd : Nat.gcd 6 43 = 1 := by norm_num
  -- Now find x such that 6x ≡ 1 mod 43
  -- We can verify that 6 * 36 = 216 ≡ 1 mod 43 (since 216 - 1 = 215 = 5*43)
  -- Thus x = 36 is the inverse

  -- Check that x ≡ 36 ≡ 6² mod 43 (which is trivially true)
  -- Therefore m = 43 satisfies all conditions

  -- To complete the proof, we show that no other two-digit number divides 215
  -- The only possible candidates are divisors of 215 in [10,99]
  have m_pos : 0 < m := by linarith [h₁.1]
  have m_dvd : m ∣ 215 := by
    -- From 6x ≡ 1 mod m and x ≡ 36 mod m, we get 6*36 ≡ 1 mod m
    -- So 216 ≡ 1 mod m ⇒ m ∣ (216 - 1)
2025-04-13 10:41:20 - INFO - Error line:     rw [← Int.modEq_zero_iff_dvd] at h₃
2025-04-13 10:41:20 - INFO - After part: rw [Int.modEq_iff_dvd] at h₃
    rw [sub_eq_iff_eq_add] at h₃
    have h₄ := congr_arg (fun y => 6 * y) h₃
    simp at h₄
    rw [mul_add, mul_pow] at h₄
    rw [← h₂] at h₄
    have h₅ : (6 * x) % m = (1 + m * ((6 * x) / m)) % m := by
      rw [Int.emod_add_ediv]
    rw [h₅] at h₄
    simp at h₄
    have h₆ : (1 + m * ((6 * x) / m) - 1) = m * ((6 * x) / m) := by ring
    rw [h₆] at h₄
    rw [Int.modEq_zero_iff_dvd, mul_comm] at h₄
    have h₇ : 216 = 6^3 := by norm_num
    rw [h₇] at h₄
    exact h₄

  -- Now we enumerate possible two-digit divisors of 215
  have h_divisors : m = 5 ∨ m = 43 ∨ m = 215 := by
    rw [h215]
    have h_prime_5 : Prime (5 : ℤ) := by norm_num
    have h_prime_43 : Prime (43 : ℤ) := by norm_num
    exact Prime.dvd_mul h_prime_5 h_prime_43 m m_dvd
  -- Eliminate impossible cases based on two-digit constraint
  cases h_divisors with
  | inl h5 => 
    -- m = 5 is not a two-digit number
    have := h₁.1
    rw [h5] at this
    linarith
  | inr h_rest =>
    cases h_rest with
    | inl h43 => 
      -- m = 43 is valid
      exact h43
    | inr h215 => 
      -- m = 215 is not a two-digit number
      have := h₁.2
      rw [h215] at this
      linarith
2025-04-13 10:41:20 - INFO - ==================================================

2025-04-13 10:41:21 - INFO - Testing fragment: rw [justaplaceholder]
2025-04-13 10:41:21 - INFO - Original error line:     rw [← Int.modEq_zero_iff_dvd] at h₃
2025-04-13 10:41:23 - INFO - Testing fix: Original errors: 2, Fixed errors: 3
2025-04-13 10:41:23 - INFO - Result: False (introduced 2 new errors)
2025-04-13 10:41:23 - DEBUG - === New errors detail ===
2025-04-13 10:41:23 - DEBUG - New Error 1: line 38, type: unknown_identifier, message: unknown identifier 'justaplaceholder'
2025-04-13 10:41:23 - DEBUG - New Error 2: line 38, type: rewrite_failed, message: tactic 'rewrite' failed, equality or iff proof expected
  ?m.4074
m x : ℤ
h₀ : 0 ≤ x
h₁ : 10 ≤ m ∧ m ≤ 99
h₂ : 6 * x % m = 1
h₃ : (x - 6 ^ 2) % m = 0
h215 : 215 = 5 * 43
hgcd : Nat.gcd 6 43 = 1
m_pos : 0 < m
⊢ m ∣ 215
2025-04-13 10:41:23 - INFO - Testing fragment: rw [<- justaplaceholder]
2025-04-13 10:41:23 - INFO - Original error line:     rw [← Int.modEq_zero_iff_dvd] at h₃
2025-04-13 10:41:25 - INFO - Testing fix: Original errors: 2, Fixed errors: 3
2025-04-13 10:41:25 - INFO - Result: False (introduced 2 new errors)
2025-04-13 10:41:25 - DEBUG - === New errors detail ===
2025-04-13 10:41:25 - DEBUG - New Error 1: line 38, type: unknown_identifier, message: unknown identifier 'justaplaceholder'
2025-04-13 10:41:25 - DEBUG - New Error 2: line 38, type: rewrite_failed, message: tactic 'rewrite' failed, equality or iff proof expected
  ?m.4074
m x : ℤ
h₀ : 0 ≤ x
h₁ : 10 ≤ m ∧ m ≤ 99
h₂ : 6 * x % m = 1
h₃ : (x - 6 ^ 2) % m = 0
h215 : 215 = 5 * 43
hgcd : Nat.gcd 6 43 = 1
m_pos : 0 < m
⊢ m ∣ 215
2025-04-13 10:41:25 - INFO - Testing fragment: simp
2025-04-13 10:41:25 - INFO - Original error line:     rw [← Int.modEq_zero_iff_dvd] at h₃
2025-04-13 10:41:27 - INFO - Testing fix: Original errors: 2, Fixed errors: 2
2025-04-13 10:41:27 - INFO - Result: False (introduced 1 new errors)
2025-04-13 10:41:27 - DEBUG - === New errors detail ===
2025-04-13 10:41:27 - DEBUG - New Error 1: line 38, type: simp_failed, message: simp made no progress
2025-04-13 10:41:27 - INFO - Testing fragment: field_simp
2025-04-13 10:41:27 - INFO - Original error line:     rw [← Int.modEq_zero_iff_dvd] at h₃
2025-04-13 10:41:29 - INFO - Testing fix: Original errors: 2, Fixed errors: 2
2025-04-13 10:41:29 - INFO - Result: False (introduced 1 new errors)
2025-04-13 10:41:29 - DEBUG - === New errors detail ===
2025-04-13 10:41:29 - DEBUG - New Error 1: line 38, type: simp_failed, message: simp made no progress
2025-04-13 10:41:29 - INFO - Testing fragment: norm_num
2025-04-13 10:41:29 - INFO - Original error line:     rw [← Int.modEq_zero_iff_dvd] at h₃
2025-04-13 10:41:31 - INFO - Testing fix: Original errors: 2, Fixed errors: 2
2025-04-13 10:41:31 - INFO - Result: False (introduced 1 new errors)
2025-04-13 10:41:31 - DEBUG - === New errors detail ===
2025-04-13 10:41:31 - DEBUG - New Error 1: line 39, type: rewrite_failed, message: tactic 'rewrite' failed, did not find instance of the pattern in the target expression
  ?m.5056 ≡ ?m.5057 [ZMOD ?m.5055]
m x : ℤ
h₀ : 0 ≤ x
h₁ : 10 ≤ m ∧ m ≤ 99
h₂ : 6 * x % m = 1
h₃ : (x - 6 ^ 2) % m = 0
h215 : 215 = 5 * 43
hgcd : Nat.gcd 6 43 = 1
m_pos : 0 < m
⊢ m ∣ 215
2025-04-13 10:41:31 - INFO - Testing fragment: ring
2025-04-13 10:41:31 - INFO - Original error line:     rw [← Int.modEq_zero_iff_dvd] at h₃
2025-04-13 10:41:33 - INFO - Testing fix: Original errors: 2, Fixed errors: 3
2025-04-13 10:41:33 - INFO - Result: False (introduced 2 new errors)
2025-04-13 10:41:33 - DEBUG - === New errors detail ===
2025-04-13 10:41:33 - DEBUG - New Error 1: line 38, type: ring_failed, message: Try this: ring_nf
2025-04-13 10:41:33 - DEBUG - New Error 2: line 39, type: rewrite_failed, message: tactic 'rewrite' failed, did not find instance of the pattern in the target expression
  ?m.4500 ≡ ?m.4501 [ZMOD ?m.4499]
m x : ℤ
h₀ : 0 ≤ x
h₁ : 10 ≤ m ∧ m ≤ 99
h₂ : 6 * x % m = 1
h₃ : (x - 6 ^ 2) % m = 0
h215 : 215 = 5 * 43
hgcd : Nat.gcd 6 43 = 1
m_pos : 0 < m
⊢ m ∣ 215
2025-04-13 10:41:33 - INFO - Testing fragment: ring_nf
2025-04-13 10:41:33 - INFO - Original error line:     rw [← Int.modEq_zero_iff_dvd] at h₃
2025-04-13 10:41:35 - INFO - Testing fix: Original errors: 2, Fixed errors: 2
2025-04-13 10:41:35 - INFO - Result: False (introduced 1 new errors)
2025-04-13 10:41:35 - DEBUG - === New errors detail ===
2025-04-13 10:41:35 - DEBUG - New Error 1: line 39, type: rewrite_failed, message: tactic 'rewrite' failed, did not find instance of the pattern in the target expression
  ?m.4500 ≡ ?m.4501 [ZMOD ?m.4499]
m x : ℤ
h₀ : 0 ≤ x
h₁ : 10 ≤ m ∧ m ≤ 99
h₂ : 6 * x % m = 1
h₃ : (x - 6 ^ 2) % m = 0
h215 : 215 = 5 * 43
hgcd : Nat.gcd 6 43 = 1
m_pos : 0 < m
⊢ m ∣ 215
2025-04-13 10:41:35 - INFO - Testing fragment: omega
2025-04-13 10:41:35 - INFO - Original error line:     rw [← Int.modEq_zero_iff_dvd] at h₃
2025-04-13 10:41:37 - INFO - Testing fix: Original errors: 2, Fixed errors: 2
2025-04-13 10:41:37 - INFO - Result: False (introduced 1 new errors)
2025-04-13 10:41:37 - DEBUG - === New errors detail ===
2025-04-13 10:41:37 - DEBUG - New Error 1: line 38, type: other_error, message: omega could not prove the goal:
a possible counterexample may satisfy the constraints
  c ≥ 1
  10 ≤ b ≤ 99
  a ≥ 0
where
 a := x
 b := m
 c := 215 % m
2025-04-13 10:41:37 - INFO - Testing fragment: linarith
2025-04-13 10:41:37 - INFO - Original error line:     rw [← Int.modEq_zero_iff_dvd] at h₃
2025-04-13 10:41:39 - INFO - Testing fix: Original errors: 2, Fixed errors: 2
2025-04-13 10:41:39 - INFO - Result: False (introduced 1 new errors)
2025-04-13 10:41:39 - DEBUG - === New errors detail ===
2025-04-13 10:41:39 - DEBUG - New Error 1: line 38, type: linarith_failed, message: linarith failed to find a contradiction
m x : ℤ
h₀ : 0 ≤ x
h₁ : 10 ≤ m ∧ m ≤ 99
h₂ : 6 * x % m = 1
h₃ : (x - 6 ^ 2) % m = 0
h215 : 215 = 5 * 43
hgcd : Nat.gcd 6 43 = 1
m_pos : 0 < m
⊢ False
failed
2025-04-13 10:41:39 - INFO - Testing fragment: nlinarith
2025-04-13 10:41:39 - INFO - Original error line:     rw [← Int.modEq_zero_iff_dvd] at h₃
2025-04-13 10:41:41 - INFO - Testing fix: Original errors: 2, Fixed errors: 2
2025-04-13 10:41:41 - INFO - Result: False (introduced 1 new errors)
2025-04-13 10:41:41 - DEBUG - === New errors detail ===
2025-04-13 10:41:41 - DEBUG - New Error 1: line 38, type: linarith_failed, message: linarith failed to find a contradiction
m x : ℤ
h₀ : 0 ≤ x
h₁ : 10 ≤ m ∧ m ≤ 99
h₂ : 6 * x % m = 1
h₃ : (x - 6 ^ 2) % m = 0
h215 : 215 = 5 * 43
hgcd : Nat.gcd 6 43 = 1
m_pos : 0 < m
⊢ False
failed
2025-04-13 10:41:41 - INFO - Failed attempt time: 22.04 seconds
2025-04-13 10:41:41 - INFO - ❌ Could not generate fix for error at line 38
2025-04-13 10:41:41 - INFO - 
Trying to fix error 2/2: line 58, type: rewrite_failed
2025-04-13 10:41:41 - INFO - Error message: tactic 'rewrite' failed, did not find instance of the pattern in the target expression
  215
m x : ℤ...
2025-04-13 10:41:41 - INFO - Removed header content, remaining 78 lines of code
2025-04-13 10:41:41 - INFO - Using specified target error line: 58
2025-04-13 10:41:42 - INFO - Found error at specified line: tactic 'rewrite' failed, did not find instance of the pattern in the target expression
  215
m x : ℤ
h₀ : 0 ≤ x
h₁ : 10 ≤ m ∧ m ≤ 99
h₂ : 6 * x % m = 1
h₃ : (x - 6 ^ 2) % m = 0
h215 : 215 = 5 * 43
hgcd : Nat.gcd 6 43 = 1
m_pos : 0 < m
m_dvd : m ∣ 215
⊢ m = 5 ∨ m = 43 ∨ m = 215
2025-04-13 10:41:42 - INFO - Error at line 58: tactic 'rewrite' failed, did not find instance of the pattern in the target expression
  215
m x : ℤ
h₀ : 0 ≤ x
h₁ : 10 ≤ m ∧ m ≤ 99
h₂ : 6 * x % m = 1
h₃ : (x - 6 ^ 2) % m = 0
h215 : 215 = 5 * 43
hgcd : Nat.gcd 6 43 = 1
m_pos : 0 < m
m_dvd : m ∣ 215
⊢ m = 5 ∨ m = 43 ∨ m = 215
2025-04-13 10:41:42 - INFO - 
==================================================
2025-04-13 10:41:42 - INFO - Code prepared, starting synthesis
2025-04-13 10:41:42 - INFO - Before part: /-- Suppose $m$ is a two-digit positive integer such that $6^{-1}\pmod m$ exists and $6^{-1}\equiv 6^2\pmod m$. What is $m$? Show that it is 43.-/
theorem mathd_numbertheory_780 (m x : ℤ) (h₀ : 0 ≤ x) (h₁ : 10 ≤ m ∧ m ≤ 99) (h₂ : 6 * x % m = 1)
  (h₃ : (x - 6 ^ 2) % m = 0) : m = 43 := by
  -- We need to find a two-digit integer m where:
  -- 1. 6 has a multiplicative inverse modulo m (i.e., gcd(6,m) = 1)
  -- 2. The inverse x satisfies x ≡ 6² mod m
  -- From h₂, we know 6x ≡ 1 mod m, so x is the inverse of 6 mod m
  -- From h₃, we have x ≡ 36 mod m

  -- Since x is both the inverse of 6 and congruent to 36 mod m, we can substitute:
  -- 6 * 36 ≡ 1 mod m
  -- Which simplifies to:
  -- 216 ≡ 1 mod m
  -- Or equivalently:
  -- m divides (216 - 1) = 215

  -- First, let's compute the divisors of 215 in the two-digit range
  have h215 : 215 = 5 * 43 := by norm_num
  -- The positive divisors of 215 are 1, 5, 43, 215
  -- Only 43 is a two-digit number (10 ≤ m ≤ 99)

  -- Now we need to verify that m = 43 satisfies all conditions
  -- First check that gcd(6,43) = 1 (inverse exists)
  have hgcd : Nat.gcd 6 43 = 1 := by norm_num
  -- Now find x such that 6x ≡ 1 mod 43
  -- We can verify that 6 * 36 = 216 ≡ 1 mod 43 (since 216 - 1 = 215 = 5*43)
  -- Thus x = 36 is the inverse

  -- Check that x ≡ 36 ≡ 6² mod 43 (which is trivially true)
  -- Therefore m = 43 satisfies all conditions

  -- To complete the proof, we show that no other two-digit number divides 215
  -- The only possible candidates are divisors of 215 in [10,99]
  have m_pos : 0 < m := by linarith [h₁.1]
  have m_dvd : m ∣ 215 := by
    -- From 6x ≡ 1 mod m and x ≡ 36 mod m, we get 6*36 ≡ 1 mod m
    -- So 216 ≡ 1 mod m ⇒ m ∣ (216 - 1)
    rw [← Int.modEq_zero_iff_dvd] at h₃
    rw [Int.modEq_iff_dvd] at h₃
    rw [sub_eq_iff_eq_add] at h₃
    have h₄ := congr_arg (fun y => 6 * y) h₃
    simp at h₄
    rw [mul_add, mul_pow] at h₄
    rw [← h₂] at h₄
    have h₅ : (6 * x) % m = (1 + m * ((6 * x) / m)) % m := by
      rw [Int.emod_add_ediv]
    rw [h₅] at h₄
    simp at h₄
    have h₆ : (1 + m * ((6 * x) / m) - 1) = m * ((6 * x) / m) := by ring
    rw [h₆] at h₄
    rw [Int.modEq_zero_iff_dvd, mul_comm] at h₄
    have h₇ : 216 = 6^3 := by norm_num
    rw [h₇] at h₄
    exact h₄

  -- Now we enumerate possible two-digit divisors of 215
  have h_divisors : m = 5 ∨ m = 43 ∨ m = 215 := by
2025-04-13 10:41:42 - INFO - Error line:     rw [h215]
2025-04-13 10:41:42 - INFO - After part: have h_prime_5 : Prime (5 : ℤ) := by norm_num
    have h_prime_43 : Prime (43 : ℤ) := by norm_num
    exact Prime.dvd_mul h_prime_5 h_prime_43 m m_dvd
  -- Eliminate impossible cases based on two-digit constraint
  cases h_divisors with
  | inl h5 => 
    -- m = 5 is not a two-digit number
    have := h₁.1
    rw [h5] at this
    linarith
  | inr h_rest =>
    cases h_rest with
    | inl h43 => 
      -- m = 43 is valid
      exact h43
    | inr h215 => 
      -- m = 215 is not a two-digit number
      have := h₁.2
      rw [h215] at this
      linarith
2025-04-13 10:41:42 - INFO - ==================================================

2025-04-13 10:41:43 - INFO - Testing fragment: rw [justaplaceholder]
2025-04-13 10:41:43 - INFO - Original error line:     rw [h215]
2025-04-13 10:41:45 - INFO - Testing fix: Original errors: 2, Fixed errors: 3
2025-04-13 10:41:45 - INFO - Result: False (introduced 2 new errors)
2025-04-13 10:41:45 - DEBUG - === New errors detail ===
2025-04-13 10:41:45 - DEBUG - New Error 1: line 58, type: unknown_identifier, message: unknown identifier 'justaplaceholder'
2025-04-13 10:41:45 - DEBUG - New Error 2: line 58, type: rewrite_failed, message: tactic 'rewrite' failed, equality or iff proof expected
  ?m.4141
m x : ℤ
h₀ : 0 ≤ x
h₁ : 10 ≤ m ∧ m ≤ 99
h₂ : 6 * x % m = 1
h₃ : (x - 6 ^ 2) % m = 0
h215 : 215 = 5 * 43
hgcd : Nat.gcd 6 43 = 1
m_pos : 0 < m
m_dvd : m ∣ 215
⊢ m = 5 ∨ m = 43 ∨ m = 215
2025-04-13 10:41:45 - INFO - Testing fragment: rw [<- justaplaceholder]
2025-04-13 10:41:45 - INFO - Original error line:     rw [h215]
2025-04-13 10:41:47 - INFO - Testing fix: Original errors: 2, Fixed errors: 3
2025-04-13 10:41:47 - INFO - Result: False (introduced 2 new errors)
2025-04-13 10:41:47 - DEBUG - === New errors detail ===
2025-04-13 10:41:47 - DEBUG - New Error 1: line 58, type: unknown_identifier, message: unknown identifier 'justaplaceholder'
2025-04-13 10:41:47 - DEBUG - New Error 2: line 58, type: rewrite_failed, message: tactic 'rewrite' failed, equality or iff proof expected
  ?m.4141
m x : ℤ
h₀ : 0 ≤ x
h₁ : 10 ≤ m ∧ m ≤ 99
h₂ : 6 * x % m = 1
h₃ : (x - 6 ^ 2) % m = 0
h215 : 215 = 5 * 43
hgcd : Nat.gcd 6 43 = 1
m_pos : 0 < m
m_dvd : m ∣ 215
⊢ m = 5 ∨ m = 43 ∨ m = 215
2025-04-13 10:41:47 - INFO - Testing fragment: simp
2025-04-13 10:41:47 - INFO - Original error line:     rw [h215]
2025-04-13 10:41:49 - INFO - Testing fix: Original errors: 2, Fixed errors: 2
2025-04-13 10:41:49 - INFO - Result: False (introduced 1 new errors)
2025-04-13 10:41:49 - DEBUG - === New errors detail ===
2025-04-13 10:41:49 - DEBUG - New Error 1: line 58, type: simp_failed, message: simp made no progress
2025-04-13 10:41:49 - INFO - Testing fragment: field_simp
2025-04-13 10:41:49 - INFO - Original error line:     rw [h215]
2025-04-13 10:41:51 - INFO - Testing fix: Original errors: 2, Fixed errors: 2
2025-04-13 10:41:51 - INFO - Result: False (introduced 1 new errors)
2025-04-13 10:41:51 - DEBUG - === New errors detail ===
2025-04-13 10:41:51 - DEBUG - New Error 1: line 58, type: simp_failed, message: simp made no progress
2025-04-13 10:41:51 - INFO - Testing fragment: norm_num
2025-04-13 10:41:51 - INFO - Original error line:     rw [h215]
2025-04-13 10:41:53 - INFO - Testing fix: Original errors: 2, Fixed errors: 4
2025-04-13 10:41:53 - INFO - Result: False (introduced 3 new errors)
2025-04-13 10:41:53 - DEBUG - === New errors detail ===
2025-04-13 10:41:53 - DEBUG - New Error 1: line 59, type: other_error, message: unsolved goals
m x : ℤ
h₀ : 0 ≤ x
h₁ : 10 ≤ m ∧ m ≤ 99
h₂ : 6 * x % m = 1
h₃ : (x - 6 ^ 2) % m = 0
h215 : 215 = 5 * 43
hgcd : Nat.gcd 6 43 = 1
m_pos : 0 < m
m_dvd : m ∣ 215
⊢ _root_.Prime 5
2025-04-13 10:41:53 - DEBUG - New Error 2: line 60, type: other_error, message: unsolved goals
m x : ℤ
h₀ : 0 ≤ x
h₁ : 10 ≤ m ∧ m ≤ 99
h₂ : 6 * x % m = 1
h₃ : (x - 6 ^ 2) % m = 0
h215 : 215 = 5 * 43
hgcd : Nat.gcd 6 43 = 1
m_pos : 0 < m
m_dvd : m ∣ 215
h_prime_5 : _root_.Prime 5
⊢ _root_.Prime 43
2025-04-13 10:41:53 - DEBUG - New Error 3: line 61, type: function_expected, message: function expected at
  Prime.dvd_mul h_prime_5
term has type
  5 ∣ ?m.6021 * ?m.6022 ↔ 5 ∣ ?m.6021 ∨ 5 ∣ ?m.6022
2025-04-13 10:41:53 - INFO - Testing fragment: ring
2025-04-13 10:41:53 - INFO - Original error line:     rw [h215]
2025-04-13 10:41:55 - INFO - Testing fix: Original errors: 2, Fixed errors: 5
2025-04-13 10:41:55 - INFO - Result: False (introduced 4 new errors)
2025-04-13 10:41:55 - DEBUG - === New errors detail ===
2025-04-13 10:41:55 - DEBUG - New Error 1: line 58, type: ring_failed, message: Try this: ring_nf
2025-04-13 10:41:55 - DEBUG - New Error 2: line 59, type: other_error, message: unsolved goals
m x : ℤ
h₀ : 0 ≤ x
h₁ : 10 ≤ m ∧ m ≤ 99
h₂ : 6 * x % m = 1
h₃ : (x - 6 ^ 2) % m = 0
h215 : 215 = 5 * 43
hgcd : Nat.gcd 6 43 = 1
m_pos : 0 < m
m_dvd : m ∣ 215
⊢ _root_.Prime 5
2025-04-13 10:41:55 - DEBUG - New Error 3: line 60, type: other_error, message: unsolved goals
m x : ℤ
h₀ : 0 ≤ x
h₁ : 10 ≤ m ∧ m ≤ 99
h₂ : 6 * x % m = 1
h₃ : (x - 6 ^ 2) % m = 0
h215 : 215 = 5 * 43
hgcd : Nat.gcd 6 43 = 1
m_pos : 0 < m
m_dvd : m ∣ 215
h_prime_5 : _root_.Prime 5
⊢ _root_.Prime 43
2025-04-13 10:41:55 - DEBUG - New Error 4: line 61, type: function_expected, message: function expected at
  Prime.dvd_mul h_prime_5
term has type
  5 ∣ ?m.6340 * ?m.6341 ↔ 5 ∣ ?m.6340 ∨ 5 ∣ ?m.6341
2025-04-13 10:41:55 - INFO - Testing fragment: ring_nf
2025-04-13 10:41:55 - INFO - Original error line:     rw [h215]
2025-04-13 10:41:57 - INFO - Testing fix: Original errors: 2, Fixed errors: 4
2025-04-13 10:41:57 - INFO - Result: False (introduced 3 new errors)
2025-04-13 10:41:57 - DEBUG - === New errors detail ===
2025-04-13 10:41:57 - DEBUG - New Error 1: line 59, type: other_error, message: unsolved goals
m x : ℤ
h₀ : 0 ≤ x
h₁ : 10 ≤ m ∧ m ≤ 99
h₂ : 6 * x % m = 1
h₃ : (x - 6 ^ 2) % m = 0
h215 : 215 = 5 * 43
hgcd : Nat.gcd 6 43 = 1
m_pos : 0 < m
m_dvd : m ∣ 215
⊢ _root_.Prime 5
2025-04-13 10:41:57 - DEBUG - New Error 2: line 60, type: other_error, message: unsolved goals
m x : ℤ
h₀ : 0 ≤ x
h₁ : 10 ≤ m ∧ m ≤ 99
h₂ : 6 * x % m = 1
h₃ : (x - 6 ^ 2) % m = 0
h215 : 215 = 5 * 43
hgcd : Nat.gcd 6 43 = 1
m_pos : 0 < m
m_dvd : m ∣ 215
h_prime_5 : _root_.Prime 5
⊢ _root_.Prime 43
2025-04-13 10:41:57 - DEBUG - New Error 3: line 61, type: function_expected, message: function expected at
  Prime.dvd_mul h_prime_5
term has type
  5 ∣ ?m.6340 * ?m.6341 ↔ 5 ∣ ?m.6340 ∨ 5 ∣ ?m.6341
2025-04-13 10:41:57 - INFO - Testing fragment: omega
2025-04-13 10:41:57 - INFO - Original error line:     rw [h215]
2025-04-13 10:41:59 - INFO - Testing fix: Original errors: 2, Fixed errors: 2
2025-04-13 10:41:59 - INFO - Result: False (introduced 1 new errors)
2025-04-13 10:41:59 - DEBUG - === New errors detail ===
2025-04-13 10:41:59 - DEBUG - New Error 1: line 58, type: other_error, message: omega could not prove the goal:
a possible counterexample may satisfy the constraints
  10 ≤ b ≤ 42
  a ≥ 0
where
 a := x
 b := m
2025-04-13 10:41:59 - INFO - Testing fragment: linarith
2025-04-13 10:41:59 - INFO - Original error line:     rw [h215]
2025-04-13 10:42:01 - INFO - Testing fix: Original errors: 2, Fixed errors: 2
2025-04-13 10:42:01 - INFO - Result: False (introduced 1 new errors)
2025-04-13 10:42:01 - DEBUG - === New errors detail ===
2025-04-13 10:42:01 - DEBUG - New Error 1: line 58, type: linarith_failed, message: linarith failed to find a contradiction
m x : ℤ
h₀ : 0 ≤ x
h₁ : 10 ≤ m ∧ m ≤ 99
h₂ : 6 * x % m = 1
h₃ : (x - 6 ^ 2) % m = 0
h215 : 215 = 5 * 43
hgcd : Nat.gcd 6 43 = 1
m_pos : 0 < m
m_dvd : m ∣ 215
⊢ False
failed
2025-04-13 10:42:01 - INFO - Testing fragment: nlinarith
2025-04-13 10:42:01 - INFO - Original error line:     rw [h215]
2025-04-13 10:42:03 - INFO - Testing fix: Original errors: 2, Fixed errors: 2
2025-04-13 10:42:03 - INFO - Result: False (introduced 1 new errors)
2025-04-13 10:42:03 - DEBUG - === New errors detail ===
2025-04-13 10:42:03 - DEBUG - New Error 1: line 58, type: linarith_failed, message: linarith failed to find a contradiction
m x : ℤ
h₀ : 0 ≤ x
h₁ : 10 ≤ m ∧ m ≤ 99
h₂ : 6 * x % m = 1
h₃ : (x - 6 ^ 2) % m = 0
h215 : 215 = 5 * 43
hgcd : Nat.gcd 6 43 = 1
m_pos : 0 < m
m_dvd : m ∣ 215
⊢ False
failed
2025-04-13 10:42:03 - INFO - Failed attempt time: 22.04 seconds
2025-04-13 10:42:03 - INFO - ❌ Could not generate fix for error at line 58
2025-04-13 10:42:04 - INFO - 
===== Fix attempt completed =====
2025-04-13 10:42:04 - INFO - Original errors: 2
2025-04-13 10:42:04 - INFO - Fixed errors: 0
2025-04-13 10:42:04 - INFO - Failed errors: 2
2025-04-13 10:42:04 - INFO - Remaining errors: 2
2025-04-13 10:42:04 - INFO - Total time: 46.08 seconds
2025-04-13 10:42:04 - INFO - 
Final fixed code:
2025-04-13 10:42:04 - INFO - ----------------------------------------
2025-04-13 10:42:04 - INFO - /-- Suppose $m$ is a two-digit positive integer such that $6^{-1}\pmod m$ exists and $6^{-1}\equiv 6^2\pmod m$. What is $m$? Show that it is 43.-/
theorem mathd_numbertheory_780 (m x : ℤ) (h₀ : 0 ≤ x) (h₁ : 10 ≤ m ∧ m ≤ 99) (h₂ : 6 * x % m = 1)
  (h₃ : (x - 6 ^ 2) % m = 0) : m = 43 := by
  -- We need to find a two-digit integer m where:
  -- 1. 6 has a multiplicative inverse modulo m (i.e., gcd(6,m) = 1)
  -- 2. The inverse x satisfies x ≡ 6² mod m
  -- From h₂, we know 6x ≡ 1 mod m, so x is the inverse of 6 mod m
  -- From h₃, we have x ≡ 36 mod m

  -- Since x is both the inverse of 6 and congruent to 36 mod m, we can substitute:
  -- 6 * 36 ≡ 1 mod m
  -- Which simplifies to:
  -- 216 ≡ 1 mod m
  -- Or equivalently:
  -- m divides (216 - 1) = 215

  -- First, let's compute the divisors of 215 in the two-digit range
  have h215 : 215 = 5 * 43 := by norm_num
  -- The positive divisors of 215 are 1, 5, 43, 215
  -- Only 43 is a two-digit number (10 ≤ m ≤ 99)

  -- Now we need to verify that m = 43 satisfies all conditions
  -- First check that gcd(6,43) = 1 (inverse exists)
  have hgcd : Nat.gcd 6 43 = 1 := by norm_num
  -- Now find x such that 6x ≡ 1 mod 43
  -- We can verify that 6 * 36 = 216 ≡ 1 mod 43 (since 216 - 1 = 215 = 5*43)
  -- Thus x = 36 is the inverse

  -- Check that x ≡ 36 ≡ 6² mod 43 (which is trivially true)
  -- Therefore m = 43 satisfies all conditions

  -- To complete the proof, we show that no other two-digit number divides 215
  -- The only possible candidates are divisors of 215 in [10,99]
  have m_pos : 0 < m := by linarith [h₁.1]
  have m_dvd : m ∣ 215 := by
    -- From 6x ≡ 1 mod m and x ≡ 36 mod m, we get 6*36 ≡ 1 mod m
    -- So 216 ≡ 1 mod m ⇒ m ∣ (216 - 1)
    rw [← Int.modEq_zero_iff_dvd] at h₃
    rw [Int.modEq_iff_dvd] at h₃
    rw [sub_eq_iff_eq_add] at h₃
    have h₄ := congr_arg (fun y => 6 * y) h₃
    simp at h₄
    rw [mul_add, mul_pow] at h₄
    rw [← h₂] at h₄
    have h₅ : (6 * x) % m = (1 + m * ((6 * x) / m)) % m := by
      rw [Int.emod_add_ediv]
    rw [h₅] at h₄
    simp at h₄
    have h₆ : (1 + m * ((6 * x) / m) - 1) = m * ((6 * x) / m) := by ring
    rw [h₆] at h₄
    rw [Int.modEq_zero_iff_dvd, mul_comm] at h₄
    have h₇ : 216 = 6^3 := by norm_num
    rw [h₇] at h₄
    exact h₄

  -- Now we enumerate possible two-digit divisors of 215
  have h_divisors : m = 5 ∨ m = 43 ∨ m = 215 := by
    rw [h215]
    have h_prime_5 : Prime (5 : ℤ) := by norm_num
    have h_prime_43 : Prime (43 : ℤ) := by norm_num
    exact Prime.dvd_mul h_prime_5 h_prime_43 m m_dvd
  -- Eliminate impossible cases based on two-digit constraint
  cases h_divisors with
  | inl h5 => 
    -- m = 5 is not a two-digit number
    have := h₁.1
    rw [h5] at this
    linarith
  | inr h_rest =>
    cases h_rest with
    | inl h43 => 
      -- m = 43 is valid
      exact h43
    | inr h215 => 
      -- m = 215 is not a two-digit number
      have := h₁.2
      rw [h215] at this
      linarith
2025-04-13 10:42:04 - INFO - ----------------------------------------
2025-04-13 10:42:04 - INFO - 
Detailed error repair report:
2025-04-13 10:42:04 - INFO - Original code error count: 2
❌ Fixed error 1/2: Could not generate fix for error at line 38 «rewrite_failed» (after 22.04s)
❌ Fixed error 2/2: Could not generate fix for error at line 58 «rewrite_failed» (after 22.04s)

=== Fix statistics ===
Original error count: 2
Fixed errors: 0 (Fix rate: 0.0000)
Failed errors: 2
Remaining errors: 2
Total time: 46.08 seconds

=== Failed fix details ===

Failed fix 1:
   Line: 38
   Error type: rewrite_failed
   Original error message: tactic 'rewrite' failed, did not find instance of the pattern in the target expression
  ?m.4073 ∣ ?...
   Failure reason: Could not generate fix
   Time: 22.04 seconds

Failed fix 2:
   Line: 58
   Error type: rewrite_failed
   Original error message: tactic 'rewrite' failed, did not find instance of the pattern in the target expression
  215
m x : ℤ...
   Failure reason: Could not generate fix
   Time: 22.04 seconds
2025-04-13 10:42:04 - INFO - 
Fixed code saved to: ./minif2f/lean_fixed/6_fixed.lean
2025-04-13 10:42:04 - INFO - JSON log saved to: ./minif2f/lean_fixed/6_fix_log.json
2025-04-13 10:42:04 - INFO - 
===== LOG FILE LOCATION =====
2025-04-13 10:42:04 - INFO - Detailed log file is available at: ./minif2f/lean_fixed/6.log
2025-04-13 10:42:04 - INFO - ===============================
