2025-04-13 11:04:27 - INFO - Log file initialized at 2025-04-13T11:04:27.522927
2025-04-13 11:04:27 - INFO - ===== LOG FILE LOCATION =====
2025-04-13 11:04:27 - INFO - Detailed log file created at: /data/coding/minif2f/lean_fixed/61.log
2025-04-13 11:04:27 - INFO - ===============================
2025-04-13 11:04:27 - INFO - Original code:
2025-04-13 11:04:27 - INFO - ----------------------------------------
2025-04-13 11:04:27 - INFO - import Mathlib
import Aesop

set_option maxHeartbeats 0

open BigOperators Real Nat Topology Rat

/-- Find the number of distinct positive divisors of $(30)^4$ excluding 1 and $(30)^4$. Show that it is 123.-/
theorem mathd_numbertheory_543 : (∑ k in Nat.divisors (30 ^ 4), 1) - 2 = 123 := by
  -- First, we need to compute the number of positive divisors of 30^4
  -- The number of positive divisors of a number can be determined from its prime factorization
  -- Let's begin by factorizing 30 into primes
  have prime_factors_30 : 30 = 2 * 3 * 5 := by norm_num
  
  -- Now, raise both sides to the 4th power
  have prime_factors_30_pow4 : 30^4 = (2 * 3 * 5)^4 := by rw [prime_factors_30]
  
  -- Expand the right-hand side using the power of a product property
  have expanded_form : (2 * 3 * 5)^4 = 2^4 * 3^4 * 5^4 := by
    rw [mul_pow, mul_pow]
    norm_num
  
  -- The number of positive divisors of a number n = p₁^a * p₂^b * p₃^c is (a+1)(b+1)(c+1)
  -- Therefore, for 30^4 = 2^4 * 3^4 * 5^4, the number of divisors is (4+1)(4+1)(4+1)
  have num_divisors : Nat.card (Nat.divisors (30^4)) = (4+1)*(4+1)*(4+1) := by
    -- Use the divisor count formula
    rw [exp_prime_factors_eq_divisors_count (a:=4) (b:=4) (c:=4)]
    -- Simplify the exponents
    simp only [add_eq, add_zero]
    -- Verify the prime factors
    rw [exp_prime_factors_eq_divisors_count_aux]
    · norm_num
    · norm_num
    · norm_num
  
  -- Calculate the actual number of divisors
  have computed_divisors : Nat.card (Nat.divisors (30^4)) = 125 := by
    rw [num_divisors]
    norm_num
  
  -- The problem asks for the count excluding 1 and 30^4 itself, so we subtract 2
  have final_count : (∑ k in Nat.divisors (30^4), 1) - 2 = 125 - 2 := by
    -- The sum of 1 over all divisors is just the count of divisors
    rw [sum_const, Nat.smul_one_eq_coe]
    -- Convert the cardinality to the sum
    rw [←computed_divisors]
    -- Subtract the 2 excluded divisors
    norm_cast
    
  -- Simplify the right-hand side to get 123
  have simplified : 125 - 2 = 123 := by norm_num
  
  -- Combine all the steps to prove the theorem
  rw [final_count, simplified]
2025-04-13 11:04:27 - INFO - ----------------------------------------
2025-04-13 11:04:27 - INFO - 
Checking original code for all errors...
2025-04-13 11:10:22 - INFO - Original code contains 6 errors:
2025-04-13 11:10:22 - INFO - Error 1: line 14, type: no_goals_to_solve, message: no goals to be solved...
2025-04-13 11:10:22 - INFO - Error 2: line 20, type: unknown_identifier, message: unknown identifier 'exp_prime_factors_eq_divisors_count'...
2025-04-13 11:10:22 - INFO - Error 3: line 20, type: rewrite_failed, message: tactic 'rewrite' failed, equality or iff proof expected
  ?m.13518
prime_factors_30 : 30 = 2 * 3 * 5...
2025-04-13 11:10:22 - INFO - Error 4: line 32, type: no_goals_to_solve, message: no goals to be solved...
2025-04-13 11:10:22 - INFO - Error 5: line 37, type: unknown_identifier, message: unknown identifier 'sum_const'...
2025-04-13 11:10:22 - INFO - Error 6: line 37, type: rewrite_failed, message: tactic 'rewrite' failed, equality or iff proof expected
  ?m.17158
prime_factors_30 : 30 = 2 * 3 * 5...
2025-04-13 11:10:22 - INFO - 
Starting multi-error continuous repair process...
2025-04-13 11:10:22 - INFO - 
===== Starting to fix all errors =====
2025-04-13 11:10:23 - INFO - 
Found 6 original errors:
2025-04-13 11:10:23 - INFO - Error 1: line 14, type: no_goals_to_solve, message: no goals to be solved...
2025-04-13 11:10:23 - INFO - Error 2: line 20, type: unknown_identifier, message: unknown identifier 'exp_prime_factors_eq_divisors_count'...
2025-04-13 11:10:23 - INFO - Error 3: line 20, type: rewrite_failed, message: tactic 'rewrite' failed, equality or iff proof expected
  ?m.13518
prime_factors_30 : 30 = 2 * 3 * 5...
2025-04-13 11:10:23 - INFO - Error 4: line 32, type: no_goals_to_solve, message: no goals to be solved...
2025-04-13 11:10:23 - INFO - Error 5: line 37, type: unknown_identifier, message: unknown identifier 'sum_const'...
2025-04-13 11:10:23 - INFO - Error 6: line 37, type: rewrite_failed, message: tactic 'rewrite' failed, equality or iff proof expected
  ?m.17158
prime_factors_30 : 30 = 2 * 3 * 5...
2025-04-13 11:10:23 - INFO - 
Trying to fix error 1/6: line 14, type: no_goals_to_solve
2025-04-13 11:10:23 - INFO - Error message: no goals to be solved...
2025-04-13 11:10:23 - INFO - Removed header content, remaining 47 lines of code
2025-04-13 11:10:23 - INFO - Using specified target error line: 14
2025-04-13 11:10:24 - INFO - Found error at specified line: no goals to be solved
2025-04-13 11:10:24 - INFO - Error at line 14: no goals to be solved
2025-04-13 11:10:24 - INFO - 
==================================================
2025-04-13 11:10:24 - INFO - Code prepared, starting synthesis
2025-04-13 11:10:24 - INFO - Before part: /-- Find the number of distinct positive divisors of $(30)^4$ excluding 1 and $(30)^4$. Show that it is 123.-/
theorem mathd_numbertheory_543 : (∑ k in Nat.divisors (30 ^ 4), 1) - 2 = 123 := by
  -- First, we need to compute the number of positive divisors of 30^4
  -- The number of positive divisors of a number can be determined from its prime factorization
  -- Let's begin by factorizing 30 into primes
  have prime_factors_30 : 30 = 2 * 3 * 5 := by norm_num
  
  -- Now, raise both sides to the 4th power
  have prime_factors_30_pow4 : 30^4 = (2 * 3 * 5)^4 := by rw [prime_factors_30]
  
  -- Expand the right-hand side using the power of a product property
  have expanded_form : (2 * 3 * 5)^4 = 2^4 * 3^4 * 5^4 := by
    rw [mul_pow, mul_pow]
2025-04-13 11:10:24 - INFO - Error line:     norm_num
2025-04-13 11:10:24 - INFO - After part: -- The number of positive divisors of a number n = p₁^a * p₂^b * p₃^c is (a+1)(b+1)(c+1)
  -- Therefore, for 30^4 = 2^4 * 3^4 * 5^4, the number of divisors is (4+1)(4+1)(4+1)
  have num_divisors : Nat.card (Nat.divisors (30^4)) = (4+1)*(4+1)*(4+1) := by
    -- Use the divisor count formula
    rw [exp_prime_factors_eq_divisors_count (a:=4) (b:=4) (c:=4)]
    -- Simplify the exponents
    simp only [add_eq, add_zero]
    -- Verify the prime factors
    rw [exp_prime_factors_eq_divisors_count_aux]
    · norm_num
    · norm_num
    · norm_num
  
  -- Calculate the actual number of divisors
  have computed_divisors : Nat.card (Nat.divisors (30^4)) = 125 := by
    rw [num_divisors]
    norm_num
  
  -- The problem asks for the count excluding 1 and 30^4 itself, so we subtract 2
  have final_count : (∑ k in Nat.divisors (30^4), 1) - 2 = 125 - 2 := by
    -- The sum of 1 over all divisors is just the count of divisors
    rw [sum_const, Nat.smul_one_eq_coe]
    -- Convert the cardinality to the sum
    rw [←computed_divisors]
    -- Subtract the 2 excluded divisors
    norm_cast
    
  -- Simplify the right-hand side to get 123
  have simplified : 125 - 2 = 123 := by norm_num
  
  -- Combine all the steps to prove the theorem
  rw [final_count, simplified]
2025-04-13 11:10:24 - INFO - ==================================================

2025-04-13 11:10:25 - INFO - Testing fragment: rw [justaplaceholder]
2025-04-13 11:10:25 - INFO - Original error line:     norm_num
2025-04-13 11:10:27 - INFO - Testing fix: Original errors: 6, Fixed errors: 6
2025-04-13 11:10:27 - INFO - Result: False (introduced 1 new errors)
2025-04-13 11:10:27 - DEBUG - === New errors detail ===
2025-04-13 11:10:27 - DEBUG - New Error 1: line 14, type: no_goals_to_solve, message: no goals to be solved
2025-04-13 11:10:27 - INFO - Testing fragment: rw [<- justaplaceholder]
2025-04-13 11:10:27 - INFO - Original error line:     norm_num
2025-04-13 11:10:29 - INFO - Testing fix: Original errors: 6, Fixed errors: 6
2025-04-13 11:10:29 - INFO - Result: False (introduced 1 new errors)
2025-04-13 11:10:29 - DEBUG - === New errors detail ===
2025-04-13 11:10:29 - DEBUG - New Error 1: line 14, type: no_goals_to_solve, message: no goals to be solved
2025-04-13 11:10:29 - INFO - Testing fragment: simp
2025-04-13 11:10:29 - INFO - Original error line:     norm_num
2025-04-13 11:10:31 - INFO - Testing fix: Original errors: 6, Fixed errors: 6
2025-04-13 11:10:31 - INFO - Result: False (introduced 1 new errors)
2025-04-13 11:10:31 - DEBUG - === New errors detail ===
2025-04-13 11:10:31 - DEBUG - New Error 1: line 14, type: no_goals_to_solve, message: no goals to be solved
2025-04-13 11:10:31 - INFO - Testing fragment: field_simp
2025-04-13 11:10:31 - INFO - Original error line:     norm_num
2025-04-13 11:10:33 - INFO - Testing fix: Original errors: 6, Fixed errors: 6
2025-04-13 11:10:33 - INFO - Result: False (introduced 1 new errors)
2025-04-13 11:10:33 - DEBUG - === New errors detail ===
2025-04-13 11:10:33 - DEBUG - New Error 1: line 14, type: no_goals_to_solve, message: no goals to be solved
2025-04-13 11:10:33 - INFO - Testing fragment: norm_num
2025-04-13 11:10:33 - INFO - Original error line:     norm_num
2025-04-13 11:10:35 - INFO - Testing fix: Original errors: 6, Fixed errors: 6
2025-04-13 11:10:35 - INFO - Target error not fixed: no goals to be solved...
2025-04-13 11:10:35 - INFO - Result: False (target error not fixed)
2025-04-13 11:10:35 - INFO - Testing fragment: ring
2025-04-13 11:10:35 - INFO - Original error line:     norm_num
2025-04-13 11:10:37 - INFO - Testing fix: Original errors: 6, Fixed errors: 6
2025-04-13 11:10:37 - INFO - Result: False (introduced 1 new errors)
2025-04-13 11:10:37 - DEBUG - === New errors detail ===
2025-04-13 11:10:37 - DEBUG - New Error 1: line 14, type: no_goals_to_solve, message: no goals to be solved
2025-04-13 11:10:37 - INFO - Testing fragment: ring_nf
2025-04-13 11:10:37 - INFO - Original error line:     norm_num
2025-04-13 11:10:39 - INFO - Testing fix: Original errors: 6, Fixed errors: 6
2025-04-13 11:10:39 - INFO - Result: False (introduced 1 new errors)
2025-04-13 11:10:39 - DEBUG - === New errors detail ===
2025-04-13 11:10:39 - DEBUG - New Error 1: line 14, type: no_goals_to_solve, message: no goals to be solved
2025-04-13 11:10:39 - INFO - Testing fragment: omega
2025-04-13 11:10:39 - INFO - Original error line:     norm_num
2025-04-13 11:10:41 - INFO - Testing fix: Original errors: 6, Fixed errors: 6
2025-04-13 11:10:41 - INFO - Result: False (introduced 1 new errors)
2025-04-13 11:10:41 - DEBUG - === New errors detail ===
2025-04-13 11:10:41 - DEBUG - New Error 1: line 14, type: no_goals_to_solve, message: no goals to be solved
2025-04-13 11:10:41 - INFO - Testing fragment: linarith
2025-04-13 11:10:41 - INFO - Original error line:     norm_num
2025-04-13 11:10:43 - INFO - Testing fix: Original errors: 6, Fixed errors: 6
2025-04-13 11:10:43 - INFO - Target error not fixed: no goals to be solved...
2025-04-13 11:10:43 - INFO - Result: False (target error not fixed)
2025-04-13 11:10:43 - INFO - Testing fragment: nlinarith
2025-04-13 11:10:43 - INFO - Original error line:     norm_num
2025-04-13 11:10:45 - INFO - Testing fix: Original errors: 6, Fixed errors: 6
2025-04-13 11:10:45 - INFO - Result: False (introduced 1 new errors)
2025-04-13 11:10:45 - DEBUG - === New errors detail ===
2025-04-13 11:10:45 - DEBUG - New Error 1: line 14, type: no_goals_to_solve, message: no goals to be solved
2025-04-13 11:10:45 - INFO - Failed attempt time: 22.04 seconds
2025-04-13 11:10:45 - INFO - ❌ Could not generate fix for error at line 14
2025-04-13 11:10:45 - INFO - 
Trying to fix error 2/6: line 20, type: unknown_identifier
2025-04-13 11:10:45 - INFO - Error message: unknown identifier 'exp_prime_factors_eq_divisors_count'...
2025-04-13 11:10:45 - INFO - Removed header content, remaining 47 lines of code
2025-04-13 11:10:45 - INFO - Using specified target error line: 20
2025-04-13 11:10:46 - INFO - Found error at specified line: unknown identifier 'exp_prime_factors_eq_divisors_count'
2025-04-13 11:10:46 - INFO - Error at line 20: unknown identifier 'exp_prime_factors_eq_divisors_count'
2025-04-13 11:10:46 - INFO - 
==================================================
2025-04-13 11:10:46 - INFO - Code prepared, starting synthesis
2025-04-13 11:10:46 - INFO - Before part: /-- Find the number of distinct positive divisors of $(30)^4$ excluding 1 and $(30)^4$. Show that it is 123.-/
theorem mathd_numbertheory_543 : (∑ k in Nat.divisors (30 ^ 4), 1) - 2 = 123 := by
  -- First, we need to compute the number of positive divisors of 30^4
  -- The number of positive divisors of a number can be determined from its prime factorization
  -- Let's begin by factorizing 30 into primes
  have prime_factors_30 : 30 = 2 * 3 * 5 := by norm_num
  
  -- Now, raise both sides to the 4th power
  have prime_factors_30_pow4 : 30^4 = (2 * 3 * 5)^4 := by rw [prime_factors_30]
  
  -- Expand the right-hand side using the power of a product property
  have expanded_form : (2 * 3 * 5)^4 = 2^4 * 3^4 * 5^4 := by
    rw [mul_pow, mul_pow]
    norm_num
  
  -- The number of positive divisors of a number n = p₁^a * p₂^b * p₃^c is (a+1)(b+1)(c+1)
  -- Therefore, for 30^4 = 2^4 * 3^4 * 5^4, the number of divisors is (4+1)(4+1)(4+1)
  have num_divisors : Nat.card (Nat.divisors (30^4)) = (4+1)*(4+1)*(4+1) := by
    -- Use the divisor count formula
2025-04-13 11:10:46 - INFO - Error line:     rw [exp_prime_factors_eq_divisors_count (a:=4) (b:=4) (c:=4)]
2025-04-13 11:10:46 - INFO - After part: -- Simplify the exponents
    simp only [add_eq, add_zero]
    -- Verify the prime factors
    rw [exp_prime_factors_eq_divisors_count_aux]
    · norm_num
    · norm_num
    · norm_num
  
  -- Calculate the actual number of divisors
  have computed_divisors : Nat.card (Nat.divisors (30^4)) = 125 := by
    rw [num_divisors]
    norm_num
  
  -- The problem asks for the count excluding 1 and 30^4 itself, so we subtract 2
  have final_count : (∑ k in Nat.divisors (30^4), 1) - 2 = 125 - 2 := by
    -- The sum of 1 over all divisors is just the count of divisors
    rw [sum_const, Nat.smul_one_eq_coe]
    -- Convert the cardinality to the sum
    rw [←computed_divisors]
    -- Subtract the 2 excluded divisors
    norm_cast
    
  -- Simplify the right-hand side to get 123
  have simplified : 125 - 2 = 123 := by norm_num
  
  -- Combine all the steps to prove the theorem
  rw [final_count, simplified]
2025-04-13 11:10:46 - INFO - ==================================================

2025-04-13 11:10:47 - INFO - Testing fragment: rw [justaplaceholder]
2025-04-13 11:10:47 - INFO - Original error line:     rw [exp_prime_factors_eq_divisors_count (a:=4) (b:=4) (c:=4)]
2025-04-13 11:10:49 - INFO - Testing fix: Original errors: 6, Fixed errors: 6
2025-04-13 11:10:49 - INFO - Result: False (introduced 2 new errors)
2025-04-13 11:10:49 - DEBUG - === New errors detail ===
2025-04-13 11:10:49 - DEBUG - New Error 1: line 20, type: unknown_identifier, message: unknown identifier 'justaplaceholder'
2025-04-13 11:10:49 - DEBUG - New Error 2: line 20, type: rewrite_failed, message: tactic 'rewrite' failed, equality or iff proof expected
  ?m.13518
prime_factors_30 : 30 = 2 * 3 * 5
prime_factors_30_pow4 : 30 ^ 4 = (2 * 3 * 5) ^ 4
expanded_form : (2 * 3 * 5) ^ 4 = 2 ^ 4 * 3 ^ 4 * 5 ^ 4
⊢ Nat.card { x // x ∈ (30 ^ 4).divisors } = (4 + 1) * (4 + 1) * (4 + 1)
2025-04-13 11:10:49 - INFO - Testing fragment: rw [<- justaplaceholder]
2025-04-13 11:10:49 - INFO - Original error line:     rw [exp_prime_factors_eq_divisors_count (a:=4) (b:=4) (c:=4)]
2025-04-13 11:10:51 - INFO - Testing fix: Original errors: 6, Fixed errors: 6
2025-04-13 11:10:51 - INFO - Result: False (introduced 2 new errors)
2025-04-13 11:10:51 - DEBUG - === New errors detail ===
2025-04-13 11:10:51 - DEBUG - New Error 1: line 20, type: unknown_identifier, message: unknown identifier 'justaplaceholder'
2025-04-13 11:10:51 - DEBUG - New Error 2: line 20, type: rewrite_failed, message: tactic 'rewrite' failed, equality or iff proof expected
  ?m.13518
prime_factors_30 : 30 = 2 * 3 * 5
prime_factors_30_pow4 : 30 ^ 4 = (2 * 3 * 5) ^ 4
expanded_form : (2 * 3 * 5) ^ 4 = 2 ^ 4 * 3 ^ 4 * 5 ^ 4
⊢ Nat.card { x // x ∈ (30 ^ 4).divisors } = (4 + 1) * (4 + 1) * (4 + 1)
2025-04-13 11:10:51 - INFO - Testing fragment: simp
2025-04-13 11:10:51 - INFO - Original error line:     rw [exp_prime_factors_eq_divisors_count (a:=4) (b:=4) (c:=4)]
2025-04-13 11:10:53 - INFO - Testing fix: Original errors: 6, Fixed errors: 5
2025-04-13 11:10:53 - INFO - Result: False (introduced 1 new errors)
2025-04-13 11:10:53 - DEBUG - === New errors detail ===
2025-04-13 11:10:53 - DEBUG - New Error 1: line 22, type: simp_failed, message: simp made no progress
2025-04-13 11:10:53 - INFO - Testing fragment: field_simp
2025-04-13 11:10:53 - INFO - Original error line:     rw [exp_prime_factors_eq_divisors_count (a:=4) (b:=4) (c:=4)]
2025-04-13 11:10:56 - INFO - Testing fix: Original errors: 6, Fixed errors: 5
2025-04-13 11:10:56 - INFO - Result: False (introduced 1 new errors)
2025-04-13 11:10:56 - DEBUG - === New errors detail ===
2025-04-13 11:10:56 - DEBUG - New Error 1: line 22, type: simp_failed, message: simp made no progress
2025-04-13 11:10:56 - INFO - Testing fragment: norm_num
2025-04-13 11:10:56 - INFO - Original error line:     rw [exp_prime_factors_eq_divisors_count (a:=4) (b:=4) (c:=4)]
2025-04-13 11:10:58 - INFO - Testing fix: Original errors: 6, Fixed errors: 5
2025-04-13 11:10:58 - INFO - Result: False (introduced 1 new errors)
2025-04-13 11:10:58 - DEBUG - === New errors detail ===
2025-04-13 11:10:58 - DEBUG - New Error 1: line 22, type: simp_failed, message: simp made no progress
2025-04-13 11:10:58 - INFO - Testing fragment: ring
2025-04-13 11:10:58 - INFO - Original error line:     rw [exp_prime_factors_eq_divisors_count (a:=4) (b:=4) (c:=4)]
2025-04-13 11:11:00 - INFO - Testing fix: Original errors: 6, Fixed errors: 6
2025-04-13 11:11:00 - INFO - Result: False (introduced 2 new errors)
2025-04-13 11:11:00 - DEBUG - === New errors detail ===
2025-04-13 11:11:00 - DEBUG - New Error 1: line 20, type: ring_failed, message: Try this: ring_nf
2025-04-13 11:11:00 - DEBUG - New Error 2: line 22, type: simp_failed, message: simp made no progress
2025-04-13 11:11:00 - INFO - Testing fragment: ring_nf
2025-04-13 11:11:00 - INFO - Original error line:     rw [exp_prime_factors_eq_divisors_count (a:=4) (b:=4) (c:=4)]
2025-04-13 11:11:02 - INFO - Testing fix: Original errors: 6, Fixed errors: 5
2025-04-13 11:11:02 - INFO - Result: False (introduced 1 new errors)
2025-04-13 11:11:02 - DEBUG - === New errors detail ===
2025-04-13 11:11:02 - DEBUG - New Error 1: line 22, type: simp_failed, message: simp made no progress
2025-04-13 11:11:02 - INFO - Testing fragment: omega
2025-04-13 11:11:02 - INFO - Original error line:     rw [exp_prime_factors_eq_divisors_count (a:=4) (b:=4) (c:=4)]
2025-04-13 11:11:04 - INFO - Testing fix: Original errors: 6, Fixed errors: 5
2025-04-13 11:11:04 - INFO - Result: False (introduced 1 new errors)
2025-04-13 11:11:04 - DEBUG - === New errors detail ===
2025-04-13 11:11:04 - DEBUG - New Error 1: line 20, type: other_error, message: omega could not prove the goal:
a possible counterexample may satisfy the constraints
  0 ≤ a ≤ 124
where
 a := ↑(Nat.card { x // x ∈ (30 ^ 4).divisors })
2025-04-13 11:11:04 - INFO - Testing fragment: linarith
2025-04-13 11:11:04 - INFO - Original error line:     rw [exp_prime_factors_eq_divisors_count (a:=4) (b:=4) (c:=4)]
2025-04-13 11:11:06 - INFO - Testing fix: Original errors: 6, Fixed errors: 5
2025-04-13 11:11:06 - INFO - Result: False (introduced 1 new errors)
2025-04-13 11:11:06 - DEBUG - === New errors detail ===
2025-04-13 11:11:06 - DEBUG - New Error 1: line 20, type: linarith_failed, message: linarith failed to find a contradiction
case h1.h
prime_factors_30 : 30 = 2 * 3 * 5
prime_factors_30_pow4 : 30 ^ 4 = (2 * 3 * 5) ^ 4
expanded_form : (2 * 3 * 5) ^ 4 = 2 ^ 4 * 3 ^ 4 * 5 ^ 4
a✝ : Nat.card { x // x ∈ (30 ^ 4).divisors } < (4 + 1) * (4 + 1) * (4 + 1)
⊢ False
failed
2025-04-13 11:11:06 - INFO - Testing fragment: nlinarith
2025-04-13 11:11:06 - INFO - Original error line:     rw [exp_prime_factors_eq_divisors_count (a:=4) (b:=4) (c:=4)]
2025-04-13 11:11:08 - INFO - Testing fix: Original errors: 6, Fixed errors: 5
2025-04-13 11:11:08 - INFO - Result: False (introduced 1 new errors)
2025-04-13 11:11:08 - DEBUG - === New errors detail ===
2025-04-13 11:11:08 - DEBUG - New Error 1: line 20, type: linarith_failed, message: linarith failed to find a contradiction
case h1.h
prime_factors_30 : 30 = 2 * 3 * 5
prime_factors_30_pow4 : 30 ^ 4 = (2 * 3 * 5) ^ 4
expanded_form : (2 * 3 * 5) ^ 4 = 2 ^ 4 * 3 ^ 4 * 5 ^ 4
a✝ : Nat.card { x // x ∈ (30 ^ 4).divisors } < (4 + 1) * (4 + 1) * (4 + 1)
⊢ False
failed
2025-04-13 11:11:08 - INFO - Failed attempt time: 23.04 seconds
2025-04-13 11:11:08 - INFO - ❌ Could not generate fix for error at line 20
2025-04-13 11:11:08 - INFO - 
Trying to fix error 3/6: line 20, type: rewrite_failed
2025-04-13 11:11:08 - INFO - Error message: tactic 'rewrite' failed, equality or iff proof expected
  ?m.13518
prime_factors_30 : 30 = 2 * 3 * 5...
2025-04-13 11:11:08 - INFO - Removed header content, remaining 47 lines of code
2025-04-13 11:11:08 - INFO - Using specified target error line: 20
2025-04-13 11:11:09 - INFO - Found error at specified line: unknown identifier 'exp_prime_factors_eq_divisors_count'
2025-04-13 11:11:09 - INFO - Error at line 20: unknown identifier 'exp_prime_factors_eq_divisors_count'
2025-04-13 11:11:09 - INFO - 
==================================================
2025-04-13 11:11:09 - INFO - Code prepared, starting synthesis
2025-04-13 11:11:09 - INFO - Before part: /-- Find the number of distinct positive divisors of $(30)^4$ excluding 1 and $(30)^4$. Show that it is 123.-/
theorem mathd_numbertheory_543 : (∑ k in Nat.divisors (30 ^ 4), 1) - 2 = 123 := by
  -- First, we need to compute the number of positive divisors of 30^4
  -- The number of positive divisors of a number can be determined from its prime factorization
  -- Let's begin by factorizing 30 into primes
  have prime_factors_30 : 30 = 2 * 3 * 5 := by norm_num
  
  -- Now, raise both sides to the 4th power
  have prime_factors_30_pow4 : 30^4 = (2 * 3 * 5)^4 := by rw [prime_factors_30]
  
  -- Expand the right-hand side using the power of a product property
  have expanded_form : (2 * 3 * 5)^4 = 2^4 * 3^4 * 5^4 := by
    rw [mul_pow, mul_pow]
    norm_num
  
  -- The number of positive divisors of a number n = p₁^a * p₂^b * p₃^c is (a+1)(b+1)(c+1)
  -- Therefore, for 30^4 = 2^4 * 3^4 * 5^4, the number of divisors is (4+1)(4+1)(4+1)
  have num_divisors : Nat.card (Nat.divisors (30^4)) = (4+1)*(4+1)*(4+1) := by
    -- Use the divisor count formula
2025-04-13 11:11:09 - INFO - Error line:     rw [exp_prime_factors_eq_divisors_count (a:=4) (b:=4) (c:=4)]
2025-04-13 11:11:09 - INFO - After part: -- Simplify the exponents
    simp only [add_eq, add_zero]
    -- Verify the prime factors
    rw [exp_prime_factors_eq_divisors_count_aux]
    · norm_num
    · norm_num
    · norm_num
  
  -- Calculate the actual number of divisors
  have computed_divisors : Nat.card (Nat.divisors (30^4)) = 125 := by
    rw [num_divisors]
    norm_num
  
  -- The problem asks for the count excluding 1 and 30^4 itself, so we subtract 2
  have final_count : (∑ k in Nat.divisors (30^4), 1) - 2 = 125 - 2 := by
    -- The sum of 1 over all divisors is just the count of divisors
    rw [sum_const, Nat.smul_one_eq_coe]
    -- Convert the cardinality to the sum
    rw [←computed_divisors]
    -- Subtract the 2 excluded divisors
    norm_cast
    
  -- Simplify the right-hand side to get 123
  have simplified : 125 - 2 = 123 := by norm_num
  
  -- Combine all the steps to prove the theorem
  rw [final_count, simplified]
2025-04-13 11:11:09 - INFO - ==================================================

2025-04-13 11:11:10 - INFO - Testing fragment: rw [justaplaceholder]
2025-04-13 11:11:10 - INFO - Original error line:     rw [exp_prime_factors_eq_divisors_count (a:=4) (b:=4) (c:=4)]
2025-04-13 11:11:12 - INFO - Testing fix: Original errors: 6, Fixed errors: 6
2025-04-13 11:11:12 - INFO - Result: False (introduced 2 new errors)
2025-04-13 11:11:12 - DEBUG - === New errors detail ===
2025-04-13 11:11:12 - DEBUG - New Error 1: line 20, type: unknown_identifier, message: unknown identifier 'justaplaceholder'
2025-04-13 11:11:12 - DEBUG - New Error 2: line 20, type: rewrite_failed, message: tactic 'rewrite' failed, equality or iff proof expected
  ?m.13518
prime_factors_30 : 30 = 2 * 3 * 5
prime_factors_30_pow4 : 30 ^ 4 = (2 * 3 * 5) ^ 4
expanded_form : (2 * 3 * 5) ^ 4 = 2 ^ 4 * 3 ^ 4 * 5 ^ 4
⊢ Nat.card { x // x ∈ (30 ^ 4).divisors } = (4 + 1) * (4 + 1) * (4 + 1)
2025-04-13 11:11:12 - INFO - Testing fragment: rw [<- justaplaceholder]
2025-04-13 11:11:12 - INFO - Original error line:     rw [exp_prime_factors_eq_divisors_count (a:=4) (b:=4) (c:=4)]
2025-04-13 11:11:14 - INFO - Testing fix: Original errors: 6, Fixed errors: 6
2025-04-13 11:11:14 - INFO - Result: False (introduced 2 new errors)
2025-04-13 11:11:14 - DEBUG - === New errors detail ===
2025-04-13 11:11:14 - DEBUG - New Error 1: line 20, type: unknown_identifier, message: unknown identifier 'justaplaceholder'
2025-04-13 11:11:14 - DEBUG - New Error 2: line 20, type: rewrite_failed, message: tactic 'rewrite' failed, equality or iff proof expected
  ?m.13518
prime_factors_30 : 30 = 2 * 3 * 5
prime_factors_30_pow4 : 30 ^ 4 = (2 * 3 * 5) ^ 4
expanded_form : (2 * 3 * 5) ^ 4 = 2 ^ 4 * 3 ^ 4 * 5 ^ 4
⊢ Nat.card { x // x ∈ (30 ^ 4).divisors } = (4 + 1) * (4 + 1) * (4 + 1)
2025-04-13 11:11:14 - INFO - Testing fragment: simp
2025-04-13 11:11:14 - INFO - Original error line:     rw [exp_prime_factors_eq_divisors_count (a:=4) (b:=4) (c:=4)]
2025-04-13 11:11:16 - INFO - Testing fix: Original errors: 6, Fixed errors: 5
2025-04-13 11:11:16 - INFO - Result: False (introduced 1 new errors)
2025-04-13 11:11:16 - DEBUG - === New errors detail ===
2025-04-13 11:11:16 - DEBUG - New Error 1: line 22, type: simp_failed, message: simp made no progress
2025-04-13 11:11:16 - INFO - Testing fragment: field_simp
2025-04-13 11:11:16 - INFO - Original error line:     rw [exp_prime_factors_eq_divisors_count (a:=4) (b:=4) (c:=4)]
2025-04-13 11:11:19 - INFO - Testing fix: Original errors: 6, Fixed errors: 5
2025-04-13 11:11:19 - INFO - Result: False (introduced 1 new errors)
2025-04-13 11:11:19 - DEBUG - === New errors detail ===
2025-04-13 11:11:19 - DEBUG - New Error 1: line 22, type: simp_failed, message: simp made no progress
2025-04-13 11:11:19 - INFO - Testing fragment: norm_num
2025-04-13 11:11:19 - INFO - Original error line:     rw [exp_prime_factors_eq_divisors_count (a:=4) (b:=4) (c:=4)]
2025-04-13 11:11:21 - INFO - Testing fix: Original errors: 6, Fixed errors: 5
2025-04-13 11:11:21 - INFO - Result: False (introduced 1 new errors)
2025-04-13 11:11:21 - DEBUG - === New errors detail ===
2025-04-13 11:11:21 - DEBUG - New Error 1: line 22, type: simp_failed, message: simp made no progress
2025-04-13 11:11:21 - INFO - Testing fragment: ring
2025-04-13 11:11:21 - INFO - Original error line:     rw [exp_prime_factors_eq_divisors_count (a:=4) (b:=4) (c:=4)]
2025-04-13 11:11:23 - INFO - Testing fix: Original errors: 6, Fixed errors: 6
2025-04-13 11:11:23 - INFO - Result: False (introduced 2 new errors)
2025-04-13 11:11:23 - DEBUG - === New errors detail ===
2025-04-13 11:11:23 - DEBUG - New Error 1: line 20, type: ring_failed, message: Try this: ring_nf
2025-04-13 11:11:23 - DEBUG - New Error 2: line 22, type: simp_failed, message: simp made no progress
2025-04-13 11:11:23 - INFO - Testing fragment: ring_nf
2025-04-13 11:11:23 - INFO - Original error line:     rw [exp_prime_factors_eq_divisors_count (a:=4) (b:=4) (c:=4)]
2025-04-13 11:11:25 - INFO - Testing fix: Original errors: 6, Fixed errors: 5
2025-04-13 11:11:25 - INFO - Result: False (introduced 1 new errors)
2025-04-13 11:11:25 - DEBUG - === New errors detail ===
2025-04-13 11:11:25 - DEBUG - New Error 1: line 22, type: simp_failed, message: simp made no progress
2025-04-13 11:11:25 - INFO - Testing fragment: omega
2025-04-13 11:11:25 - INFO - Original error line:     rw [exp_prime_factors_eq_divisors_count (a:=4) (b:=4) (c:=4)]
2025-04-13 11:11:27 - INFO - Testing fix: Original errors: 6, Fixed errors: 5
2025-04-13 11:11:27 - INFO - Result: False (introduced 1 new errors)
2025-04-13 11:11:27 - DEBUG - === New errors detail ===
2025-04-13 11:11:27 - DEBUG - New Error 1: line 20, type: other_error, message: omega could not prove the goal:
a possible counterexample may satisfy the constraints
  0 ≤ a ≤ 124
where
 a := ↑(Nat.card { x // x ∈ (30 ^ 4).divisors })
2025-04-13 11:11:27 - INFO - Testing fragment: linarith
2025-04-13 11:11:27 - INFO - Original error line:     rw [exp_prime_factors_eq_divisors_count (a:=4) (b:=4) (c:=4)]
2025-04-13 11:11:29 - INFO - Testing fix: Original errors: 6, Fixed errors: 5
2025-04-13 11:11:29 - INFO - Result: False (introduced 1 new errors)
2025-04-13 11:11:29 - DEBUG - === New errors detail ===
2025-04-13 11:11:29 - DEBUG - New Error 1: line 20, type: linarith_failed, message: linarith failed to find a contradiction
case h1.h
prime_factors_30 : 30 = 2 * 3 * 5
prime_factors_30_pow4 : 30 ^ 4 = (2 * 3 * 5) ^ 4
expanded_form : (2 * 3 * 5) ^ 4 = 2 ^ 4 * 3 ^ 4 * 5 ^ 4
a✝ : Nat.card { x // x ∈ (30 ^ 4).divisors } < (4 + 1) * (4 + 1) * (4 + 1)
⊢ False
failed
2025-04-13 11:11:29 - INFO - Testing fragment: nlinarith
2025-04-13 11:11:29 - INFO - Original error line:     rw [exp_prime_factors_eq_divisors_count (a:=4) (b:=4) (c:=4)]
2025-04-13 11:11:31 - INFO - Testing fix: Original errors: 6, Fixed errors: 5
2025-04-13 11:11:31 - INFO - Result: False (introduced 1 new errors)
2025-04-13 11:11:31 - DEBUG - === New errors detail ===
2025-04-13 11:11:31 - DEBUG - New Error 1: line 20, type: linarith_failed, message: linarith failed to find a contradiction
case h1.h
prime_factors_30 : 30 = 2 * 3 * 5
prime_factors_30_pow4 : 30 ^ 4 = (2 * 3 * 5) ^ 4
expanded_form : (2 * 3 * 5) ^ 4 = 2 ^ 4 * 3 ^ 4 * 5 ^ 4
a✝ : Nat.card { x // x ∈ (30 ^ 4).divisors } < (4 + 1) * (4 + 1) * (4 + 1)
⊢ False
failed
2025-04-13 11:11:31 - INFO - Failed attempt time: 23.04 seconds
2025-04-13 11:11:31 - INFO - ❌ Could not generate fix for error at line 20
2025-04-13 11:11:31 - INFO - 
Trying to fix error 4/6: line 32, type: no_goals_to_solve
2025-04-13 11:11:31 - INFO - Error message: no goals to be solved...
2025-04-13 11:11:31 - INFO - Removed header content, remaining 47 lines of code
2025-04-13 11:11:31 - INFO - Using specified target error line: 32
2025-04-13 11:11:32 - INFO - Found error at specified line: no goals to be solved
2025-04-13 11:11:32 - INFO - Error at line 32: no goals to be solved
2025-04-13 11:11:32 - INFO - 
==================================================
2025-04-13 11:11:32 - INFO - Code prepared, starting synthesis
2025-04-13 11:11:32 - INFO - Before part: /-- Find the number of distinct positive divisors of $(30)^4$ excluding 1 and $(30)^4$. Show that it is 123.-/
theorem mathd_numbertheory_543 : (∑ k in Nat.divisors (30 ^ 4), 1) - 2 = 123 := by
  -- First, we need to compute the number of positive divisors of 30^4
  -- The number of positive divisors of a number can be determined from its prime factorization
  -- Let's begin by factorizing 30 into primes
  have prime_factors_30 : 30 = 2 * 3 * 5 := by norm_num
  
  -- Now, raise both sides to the 4th power
  have prime_factors_30_pow4 : 30^4 = (2 * 3 * 5)^4 := by rw [prime_factors_30]
  
  -- Expand the right-hand side using the power of a product property
  have expanded_form : (2 * 3 * 5)^4 = 2^4 * 3^4 * 5^4 := by
    rw [mul_pow, mul_pow]
    norm_num
  
  -- The number of positive divisors of a number n = p₁^a * p₂^b * p₃^c is (a+1)(b+1)(c+1)
  -- Therefore, for 30^4 = 2^4 * 3^4 * 5^4, the number of divisors is (4+1)(4+1)(4+1)
  have num_divisors : Nat.card (Nat.divisors (30^4)) = (4+1)*(4+1)*(4+1) := by
    -- Use the divisor count formula
    rw [exp_prime_factors_eq_divisors_count (a:=4) (b:=4) (c:=4)]
    -- Simplify the exponents
    simp only [add_eq, add_zero]
    -- Verify the prime factors
    rw [exp_prime_factors_eq_divisors_count_aux]
    · norm_num
    · norm_num
    · norm_num
  
  -- Calculate the actual number of divisors
  have computed_divisors : Nat.card (Nat.divisors (30^4)) = 125 := by
    rw [num_divisors]
2025-04-13 11:11:32 - INFO - Error line:     norm_num
2025-04-13 11:11:32 - INFO - After part: -- The problem asks for the count excluding 1 and 30^4 itself, so we subtract 2
  have final_count : (∑ k in Nat.divisors (30^4), 1) - 2 = 125 - 2 := by
    -- The sum of 1 over all divisors is just the count of divisors
    rw [sum_const, Nat.smul_one_eq_coe]
    -- Convert the cardinality to the sum
    rw [←computed_divisors]
    -- Subtract the 2 excluded divisors
    norm_cast
    
  -- Simplify the right-hand side to get 123
  have simplified : 125 - 2 = 123 := by norm_num
  
  -- Combine all the steps to prove the theorem
  rw [final_count, simplified]
2025-04-13 11:11:32 - INFO - ==================================================

2025-04-13 11:11:33 - INFO - Testing fragment: rw [justaplaceholder]
2025-04-13 11:11:33 - INFO - Original error line:     norm_num
2025-04-13 11:11:35 - INFO - Testing fix: Original errors: 6, Fixed errors: 6
2025-04-13 11:11:35 - INFO - Result: False (introduced 1 new errors)
2025-04-13 11:11:35 - DEBUG - === New errors detail ===
2025-04-13 11:11:35 - DEBUG - New Error 1: line 32, type: no_goals_to_solve, message: no goals to be solved
2025-04-13 11:11:35 - INFO - Testing fragment: rw [<- justaplaceholder]
2025-04-13 11:11:35 - INFO - Original error line:     norm_num
2025-04-13 11:11:37 - INFO - Testing fix: Original errors: 6, Fixed errors: 6
2025-04-13 11:11:37 - INFO - Result: False (introduced 1 new errors)
2025-04-13 11:11:37 - DEBUG - === New errors detail ===
2025-04-13 11:11:37 - DEBUG - New Error 1: line 32, type: no_goals_to_solve, message: no goals to be solved
2025-04-13 11:11:37 - INFO - Testing fragment: simp
2025-04-13 11:11:37 - INFO - Original error line:     norm_num
2025-04-13 11:11:39 - INFO - Testing fix: Original errors: 6, Fixed errors: 6
2025-04-13 11:11:39 - INFO - Result: False (introduced 1 new errors)
2025-04-13 11:11:39 - DEBUG - === New errors detail ===
2025-04-13 11:11:39 - DEBUG - New Error 1: line 32, type: no_goals_to_solve, message: no goals to be solved
2025-04-13 11:11:39 - INFO - Testing fragment: field_simp
2025-04-13 11:11:39 - INFO - Original error line:     norm_num
2025-04-13 11:11:41 - INFO - Testing fix: Original errors: 6, Fixed errors: 6
2025-04-13 11:11:41 - INFO - Result: False (introduced 1 new errors)
2025-04-13 11:11:41 - DEBUG - === New errors detail ===
2025-04-13 11:11:41 - DEBUG - New Error 1: line 32, type: no_goals_to_solve, message: no goals to be solved
2025-04-13 11:11:41 - INFO - Testing fragment: norm_num
2025-04-13 11:11:41 - INFO - Original error line:     norm_num
2025-04-13 11:11:43 - INFO - Testing fix: Original errors: 6, Fixed errors: 6
2025-04-13 11:11:43 - INFO - Target error not fixed: no goals to be solved...
2025-04-13 11:11:43 - INFO - Result: False (target error not fixed)
2025-04-13 11:11:43 - INFO - Testing fragment: ring
2025-04-13 11:11:43 - INFO - Original error line:     norm_num
2025-04-13 11:11:45 - INFO - Testing fix: Original errors: 6, Fixed errors: 6
2025-04-13 11:11:45 - INFO - Result: False (introduced 1 new errors)
2025-04-13 11:11:45 - DEBUG - === New errors detail ===
2025-04-13 11:11:45 - DEBUG - New Error 1: line 32, type: no_goals_to_solve, message: no goals to be solved
2025-04-13 11:11:45 - INFO - Testing fragment: ring_nf
2025-04-13 11:11:45 - INFO - Original error line:     norm_num
2025-04-13 11:15:07 - INFO - Synthesis failed: ('Execution failed', 'Execution timed out after 200.0 seconds. Partial output:\n{"cmd": "/-- Find the number of distinct positive divisors of $(30)^4$ excluding 1 and $(30)^4$. Show that it is 123.-/\\ntheorem mathd_numbertheory_543 : (∑ k in Nat.divisors (30 ^ 4), 1) - 2 = 123 := by\\n  -- First, we need to compute the number of positive divisors of 30^4\\n  -- The number of positive divisors of a number can be determined from its prime factorization\\n  -- Let\'s begin by factorizing 30 into primes\\n  have prime_factors_30 : 30 = 2 * 3 * 5 := by norm_num\\n  \\n  -- Now, raise both sides to the 4th power\\n  have prime_factors_30_pow4 : 30^4 = (2 * 3 * 5)^4 := by rw [prime_factors_30]\\n  \\n  -- Expand the right-hand side using the power of a product property\\n  have expanded_form : (2 * 3 * 5)^4 = 2^4 * 3^4 * 5^4 := by\\n    rw [mul_pow, mul_pow]\\n    norm_num\\n  \\n  -- The number of positive divisors of a number n = p₁^a * p₂^b * p₃^c is (a+1)(b+1)(c+1)\\n  -- Therefore, for 30^4 = 2^4 * 3^4 * 5^4, the number of divisors is (4+1)(4+1)(4+1)\\n  have num_divisors : Nat.card (Nat.divisors (30^4)) = (4+1)*(4+1)*(4+1) := by\\n    -- Use the divisor count formula\\n    rw [exp_prime_factors_eq_divisors_count (a:=4) (b:=4) (c:=4)]\\n    -- Simplify the exponents\\n    simp only [add_eq, add_zero]\\n    -- Verify the prime factors\\n    rw [exp_prime_factors_eq_divisors_count_aux]\\n    · norm_num\\n    · norm_num\\n    · norm_num\\n  \\n  -- Calculate the actual number of divisors\\n  have computed_divisors : Nat.card (Nat.divisors (30^4)) = 125 := by\\n    rw [num_divisors]\\n    ring_nf\\n  \\n  -- The problem asks for the count excluding 1 and 30^4 itself, so we subtract 2\\n  have final_count : (∑ k in Nat.divisors (30^4), 1) - 2 = 125 - 2 := by\\n    -- The sum of 1 over all divisors is just the count of divisors\\n    rw [sum_const, Nat.smul_one_eq_coe]\\n    -- Convert the cardinality to the sum\\n    rw [←computed_divisors]\\n    -- Subtract the 2 excluded divisors\\n    norm_cast\\n    \\n  -- Simplify the right-hand side to get 123\\n  have simplified : 125 - 2 = 123 := by norm_num\\n  \\n  -- Combine all the steps to prove the theorem\\n  rw [final_count, simplified]", "env": 0}\r\n\r\n')
2025-04-13 11:15:09 - INFO - Failed attempt time: 217.83 seconds
2025-04-13 11:15:10 - INFO - ❌ Could not generate fix for error at line 32
2025-04-13 11:15:23 - INFO - 
Trying to fix error 5/6: line 37, type: unknown_identifier
2025-04-13 11:15:34 - INFO - Error message: unknown identifier 'sum_const'...
2025-04-13 11:15:52 - INFO - Removed header content, remaining 47 lines of code
2025-04-13 11:15:52 - INFO - Using specified target error line: 37
2025-04-13 11:16:18 - INFO - Found error at specified line: unknown identifier 'sum_const'
2025-04-13 11:16:18 - INFO - Error at line 37: unknown identifier 'sum_const'
2025-04-13 11:16:18 - INFO - 
==================================================
2025-04-13 11:16:18 - INFO - Code prepared, starting synthesis
2025-04-13 11:16:18 - INFO - Before part: /-- Find the number of distinct positive divisors of $(30)^4$ excluding 1 and $(30)^4$. Show that it is 123.-/
theorem mathd_numbertheory_543 : (∑ k in Nat.divisors (30 ^ 4), 1) - 2 = 123 := by
  -- First, we need to compute the number of positive divisors of 30^4
  -- The number of positive divisors of a number can be determined from its prime factorization
  -- Let's begin by factorizing 30 into primes
  have prime_factors_30 : 30 = 2 * 3 * 5 := by norm_num
  
  -- Now, raise both sides to the 4th power
  have prime_factors_30_pow4 : 30^4 = (2 * 3 * 5)^4 := by rw [prime_factors_30]
  
  -- Expand the right-hand side using the power of a product property
  have expanded_form : (2 * 3 * 5)^4 = 2^4 * 3^4 * 5^4 := by
    rw [mul_pow, mul_pow]
    norm_num
  
  -- The number of positive divisors of a number n = p₁^a * p₂^b * p₃^c is (a+1)(b+1)(c+1)
  -- Therefore, for 30^4 = 2^4 * 3^4 * 5^4, the number of divisors is (4+1)(4+1)(4+1)
  have num_divisors : Nat.card (Nat.divisors (30^4)) = (4+1)*(4+1)*(4+1) := by
    -- Use the divisor count formula
    rw [exp_prime_factors_eq_divisors_count (a:=4) (b:=4) (c:=4)]
    -- Simplify the exponents
    simp only [add_eq, add_zero]
    -- Verify the prime factors
    rw [exp_prime_factors_eq_divisors_count_aux]
    · norm_num
    · norm_num
    · norm_num
  
  -- Calculate the actual number of divisors
  have computed_divisors : Nat.card (Nat.divisors (30^4)) = 125 := by
    rw [num_divisors]
    norm_num
  
  -- The problem asks for the count excluding 1 and 30^4 itself, so we subtract 2
  have final_count : (∑ k in Nat.divisors (30^4), 1) - 2 = 125 - 2 := by
    -- The sum of 1 over all divisors is just the count of divisors
2025-04-13 11:16:18 - INFO - Error line:     rw [sum_const, Nat.smul_one_eq_coe]
2025-04-13 11:16:18 - INFO - After part: -- Convert the cardinality to the sum
    rw [←computed_divisors]
    -- Subtract the 2 excluded divisors
    norm_cast
    
  -- Simplify the right-hand side to get 123
  have simplified : 125 - 2 = 123 := by norm_num
  
  -- Combine all the steps to prove the theorem
  rw [final_count, simplified]
2025-04-13 11:16:18 - INFO - ==================================================

2025-04-13 11:16:19 - INFO - Testing fragment: rw [justaplaceholder]
2025-04-13 11:16:19 - INFO - Original error line:     rw [sum_const, Nat.smul_one_eq_coe]
2025-04-13 11:16:21 - INFO - Testing fix: Original errors: 6, Fixed errors: 6
2025-04-13 11:16:21 - INFO - Result: False (introduced 2 new errors)
2025-04-13 11:16:21 - DEBUG - === New errors detail ===
2025-04-13 11:16:21 - DEBUG - New Error 1: line 37, type: unknown_identifier, message: unknown identifier 'justaplaceholder'
2025-04-13 11:16:21 - DEBUG - New Error 2: line 37, type: rewrite_failed, message: tactic 'rewrite' failed, equality or iff proof expected
  ?m.17158
prime_factors_30 : 30 = 2 * 3 * 5
prime_factors_30_pow4 : 30 ^ 4 = (2 * 3 * 5) ^ 4
expanded_form : (2 * 3 * 5) ^ 4 = 2 ^ 4 * 3 ^ 4 * 5 ^ 4
num_divisors : Nat.card { x // x ∈ (30 ^ 4).divisors } = (4 + 1) * (4 + 1) * (4 + 1)
computed_divisors : Nat.card { x // x ∈ (30 ^ 4).divisors } = 125
⊢ ∑ k ∈ (30 ^ 4).divisors, 1 - 2 = 125 - 2
2025-04-13 11:16:21 - INFO - Testing fragment: rw [<- justaplaceholder]
2025-04-13 11:16:21 - INFO - Original error line:     rw [sum_const, Nat.smul_one_eq_coe]
2025-04-13 11:16:23 - INFO - Testing fix: Original errors: 6, Fixed errors: 6
2025-04-13 11:16:23 - INFO - Result: False (introduced 2 new errors)
2025-04-13 11:16:23 - DEBUG - === New errors detail ===
2025-04-13 11:16:23 - DEBUG - New Error 1: line 37, type: unknown_identifier, message: unknown identifier 'justaplaceholder'
2025-04-13 11:16:23 - DEBUG - New Error 2: line 37, type: rewrite_failed, message: tactic 'rewrite' failed, equality or iff proof expected
  ?m.17158
prime_factors_30 : 30 = 2 * 3 * 5
prime_factors_30_pow4 : 30 ^ 4 = (2 * 3 * 5) ^ 4
expanded_form : (2 * 3 * 5) ^ 4 = 2 ^ 4 * 3 ^ 4 * 5 ^ 4
num_divisors : Nat.card { x // x ∈ (30 ^ 4).divisors } = (4 + 1) * (4 + 1) * (4 + 1)
computed_divisors : Nat.card { x // x ∈ (30 ^ 4).divisors } = 125
⊢ ∑ k ∈ (30 ^ 4).divisors, 1 - 2 = 125 - 2
2025-04-13 11:16:23 - INFO - Testing fragment: simp
2025-04-13 11:16:23 - INFO - Original error line:     rw [sum_const, Nat.smul_one_eq_coe]
2025-04-13 11:16:49 - INFO - Testing fix: Original errors: 6, Fixed errors: 5
2025-04-13 11:16:49 - INFO - Result: False (introduced 1 new errors)
2025-04-13 11:16:49 - DEBUG - === New errors detail ===
2025-04-13 11:16:49 - DEBUG - New Error 1: line 39, type: rewrite_failed, message: tactic 'rewrite' failed, did not find instance of the pattern in the target expression
  125
prime_factors_30 : 30 = 2 * 3 * 5
prime_factors_30_pow4 : 30 ^ 4 = (2 * 3 * 5) ^ 4
expanded_form : (2 * 3 * 5) ^ 4 = 2 ^ 4 * 3 ^ 4 * 5 ^ 4
num_divisors : Nat.card { x // x ∈ (30 ^ 4).divisors } = (4 + 1) * (4 + 1) * (4 + 1)
computed_divisors : Nat.card { x // x ∈ (30 ^ 4).divisors } = 125
⊢ (divisors 810000).card - 2 = 123
2025-04-13 11:16:49 - INFO - Testing fragment: field_simp
2025-04-13 11:16:49 - INFO - Original error line:     rw [sum_const, Nat.smul_one_eq_coe]
2025-04-13 11:16:52 - INFO - Testing fix: Original errors: 6, Fixed errors: 5
2025-04-13 11:16:52 - INFO - Result: False (introduced 1 new errors)
2025-04-13 11:16:52 - DEBUG - === New errors detail ===
2025-04-13 11:16:52 - DEBUG - New Error 1: line 41, type: other_error, message: maximum recursion depth has been reached
use `set_option maxRecDepth <num>` to increase limit
use `set_option diagnostics true` to get diagnostic information
2025-04-13 11:16:52 - INFO - Testing fragment: norm_num
2025-04-13 11:16:52 - INFO - Original error line:     rw [sum_const, Nat.smul_one_eq_coe]
2025-04-13 11:16:54 - INFO - Testing fix: Original errors: 6, Fixed errors: 5
2025-04-13 11:16:54 - INFO - Result: False (introduced 1 new errors)
2025-04-13 11:16:54 - DEBUG - === New errors detail ===
2025-04-13 11:16:54 - DEBUG - New Error 1: line 39, type: rewrite_failed, message: tactic 'rewrite' failed, did not find instance of the pattern in the target expression
  125
prime_factors_30 : 30 = 2 * 3 * 5
prime_factors_30_pow4 : 30 ^ 4 = (2 * 3 * 5) ^ 4
expanded_form : (2 * 3 * 5) ^ 4 = 2 ^ 4 * 3 ^ 4 * 5 ^ 4
num_divisors : Nat.card { x // x ∈ (30 ^ 4).divisors } = (4 + 1) * (4 + 1) * (4 + 1)
computed_divisors : Nat.card { x // x ∈ (30 ^ 4).divisors } = 125
⊢ (divisors 810000).card - 2 = 123
2025-04-13 11:16:54 - INFO - Testing fragment: ring
2025-04-13 11:16:54 - INFO - Original error line:     rw [sum_const, Nat.smul_one_eq_coe]
2025-04-13 11:16:56 - INFO - Testing fix: Original errors: 6, Fixed errors: 6
2025-04-13 11:16:56 - INFO - Result: False (introduced 2 new errors)
2025-04-13 11:16:56 - DEBUG - === New errors detail ===
2025-04-13 11:16:56 - DEBUG - New Error 1: line 37, type: ring_failed, message: Try this: ring_nf
2025-04-13 11:16:56 - DEBUG - New Error 2: line 39, type: rewrite_failed, message: tactic 'rewrite' failed, did not find instance of the pattern in the target expression
  125
prime_factors_30 : 30 = 2 * 3 * 5
prime_factors_30_pow4 : 30 ^ 4 = (2 * 3 * 5) ^ 4
expanded_form : (2 * 3 * 5) ^ 4 = 2 ^ 4 * 3 ^ 4 * 5 ^ 4
num_divisors : Nat.card { x // x ∈ (30 ^ 4).divisors } = (4 + 1) * (4 + 1) * (4 + 1)
computed_divisors : Nat.card { x // x ∈ (30 ^ 4).divisors } = 125
⊢ ∑ x ∈ divisors 810000, 1 - 2 = 123
2025-04-13 11:16:56 - INFO - Testing fragment: ring_nf
2025-04-13 11:16:56 - INFO - Original error line:     rw [sum_const, Nat.smul_one_eq_coe]
2025-04-13 11:16:58 - INFO - Testing fix: Original errors: 6, Fixed errors: 5
2025-04-13 11:16:58 - INFO - Result: False (introduced 1 new errors)
2025-04-13 11:16:58 - DEBUG - === New errors detail ===
2025-04-13 11:16:58 - DEBUG - New Error 1: line 39, type: rewrite_failed, message: tactic 'rewrite' failed, did not find instance of the pattern in the target expression
  125
prime_factors_30 : 30 = 2 * 3 * 5
prime_factors_30_pow4 : 30 ^ 4 = (2 * 3 * 5) ^ 4
expanded_form : (2 * 3 * 5) ^ 4 = 2 ^ 4 * 3 ^ 4 * 5 ^ 4
num_divisors : Nat.card { x // x ∈ (30 ^ 4).divisors } = (4 + 1) * (4 + 1) * (4 + 1)
computed_divisors : Nat.card { x // x ∈ (30 ^ 4).divisors } = 125
⊢ ∑ x ∈ divisors 810000, 1 - 2 = 123
2025-04-13 11:16:58 - INFO - Testing fragment: omega
2025-04-13 11:16:58 - INFO - Original error line:     rw [sum_const, Nat.smul_one_eq_coe]
2025-04-13 11:17:00 - INFO - Testing fix: Original errors: 6, Fixed errors: 5
2025-04-13 11:17:00 - INFO - Result: False (introduced 1 new errors)
2025-04-13 11:17:00 - DEBUG - === New errors detail ===
2025-04-13 11:17:00 - DEBUG - New Error 1: line 37, type: other_error, message: omega could not prove the goal:
a possible counterexample may satisfy the constraints
  2 ≤ a ≤ 124
where
 a := ↑(∑ k ∈ (30 ^ 4).divisors, 1)
2025-04-13 11:17:00 - INFO - Testing fragment: linarith
2025-04-13 11:17:00 - INFO - Original error line:     rw [sum_const, Nat.smul_one_eq_coe]
2025-04-13 11:17:02 - INFO - Testing fix: Original errors: 6, Fixed errors: 5
2025-04-13 11:17:02 - INFO - Result: False (introduced 1 new errors)
2025-04-13 11:17:02 - DEBUG - === New errors detail ===
2025-04-13 11:17:02 - DEBUG - New Error 1: line 37, type: linarith_failed, message: linarith failed to find a contradiction
case h1.h
prime_factors_30 : 30 = 2 * 3 * 5
prime_factors_30_pow4 : 30 ^ 4 = (2 * 3 * 5) ^ 4
expanded_form : (2 * 3 * 5) ^ 4 = 2 ^ 4 * 3 ^ 4 * 5 ^ 4
num_divisors : Nat.card { x // x ∈ (30 ^ 4).divisors } = (4 + 1) * (4 + 1) * (4 + 1)
computed_divisors : Nat.card { x // x ∈ (30 ^ 4).divisors } = 125
a✝ : ∑ k ∈ (30 ^ 4).divisors, 1 - 2 < 125 - 2
⊢ False
failed
2025-04-13 11:17:02 - INFO - Testing fragment: nlinarith
2025-04-13 11:17:02 - INFO - Original error line:     rw [sum_const, Nat.smul_one_eq_coe]
2025-04-13 11:17:04 - INFO - Testing fix: Original errors: 6, Fixed errors: 5
2025-04-13 11:17:04 - INFO - Result: False (introduced 1 new errors)
2025-04-13 11:17:04 - DEBUG - === New errors detail ===
2025-04-13 11:17:04 - DEBUG - New Error 1: line 37, type: linarith_failed, message: linarith failed to find a contradiction
case h1.h
prime_factors_30 : 30 = 2 * 3 * 5
prime_factors_30_pow4 : 30 ^ 4 = (2 * 3 * 5) ^ 4
expanded_form : (2 * 3 * 5) ^ 4 = 2 ^ 4 * 3 ^ 4 * 5 ^ 4
num_divisors : Nat.card { x // x ∈ (30 ^ 4).divisors } = (4 + 1) * (4 + 1) * (4 + 1)
computed_divisors : Nat.card { x // x ∈ (30 ^ 4).divisors } = 125
a✝ : ∑ k ∈ (30 ^ 4).divisors, 1 - 2 < 125 - 2
⊢ False
failed
2025-04-13 11:17:04 - INFO - Failed attempt time: 71.09 seconds
2025-04-13 11:17:04 - INFO - ❌ Could not generate fix for error at line 37
2025-04-13 11:17:04 - INFO - 
Trying to fix error 6/6: line 37, type: rewrite_failed
2025-04-13 11:17:04 - INFO - Error message: tactic 'rewrite' failed, equality or iff proof expected
  ?m.17158
prime_factors_30 : 30 = 2 * 3 * 5...
2025-04-13 11:17:04 - INFO - Removed header content, remaining 47 lines of code
2025-04-13 11:17:04 - INFO - Using specified target error line: 37
2025-04-13 11:17:05 - INFO - Found error at specified line: unknown identifier 'sum_const'
2025-04-13 11:17:05 - INFO - Error at line 37: unknown identifier 'sum_const'
2025-04-13 11:17:05 - INFO - 
==================================================
2025-04-13 11:17:05 - INFO - Code prepared, starting synthesis
2025-04-13 11:17:05 - INFO - Before part: /-- Find the number of distinct positive divisors of $(30)^4$ excluding 1 and $(30)^4$. Show that it is 123.-/
theorem mathd_numbertheory_543 : (∑ k in Nat.divisors (30 ^ 4), 1) - 2 = 123 := by
  -- First, we need to compute the number of positive divisors of 30^4
  -- The number of positive divisors of a number can be determined from its prime factorization
  -- Let's begin by factorizing 30 into primes
  have prime_factors_30 : 30 = 2 * 3 * 5 := by norm_num
  
  -- Now, raise both sides to the 4th power
  have prime_factors_30_pow4 : 30^4 = (2 * 3 * 5)^4 := by rw [prime_factors_30]
  
  -- Expand the right-hand side using the power of a product property
  have expanded_form : (2 * 3 * 5)^4 = 2^4 * 3^4 * 5^4 := by
    rw [mul_pow, mul_pow]
    norm_num
  
  -- The number of positive divisors of a number n = p₁^a * p₂^b * p₃^c is (a+1)(b+1)(c+1)
  -- Therefore, for 30^4 = 2^4 * 3^4 * 5^4, the number of divisors is (4+1)(4+1)(4+1)
  have num_divisors : Nat.card (Nat.divisors (30^4)) = (4+1)*(4+1)*(4+1) := by
    -- Use the divisor count formula
    rw [exp_prime_factors_eq_divisors_count (a:=4) (b:=4) (c:=4)]
    -- Simplify the exponents
    simp only [add_eq, add_zero]
    -- Verify the prime factors
    rw [exp_prime_factors_eq_divisors_count_aux]
    · norm_num
    · norm_num
    · norm_num
  
  -- Calculate the actual number of divisors
  have computed_divisors : Nat.card (Nat.divisors (30^4)) = 125 := by
    rw [num_divisors]
    norm_num
  
  -- The problem asks for the count excluding 1 and 30^4 itself, so we subtract 2
  have final_count : (∑ k in Nat.divisors (30^4), 1) - 2 = 125 - 2 := by
    -- The sum of 1 over all divisors is just the count of divisors
2025-04-13 11:17:05 - INFO - Error line:     rw [sum_const, Nat.smul_one_eq_coe]
2025-04-13 11:17:05 - INFO - After part: -- Convert the cardinality to the sum
    rw [←computed_divisors]
    -- Subtract the 2 excluded divisors
    norm_cast
    
  -- Simplify the right-hand side to get 123
  have simplified : 125 - 2 = 123 := by norm_num
  
  -- Combine all the steps to prove the theorem
  rw [final_count, simplified]
2025-04-13 11:17:05 - INFO - ==================================================

2025-04-13 11:17:06 - INFO - Testing fragment: rw [justaplaceholder]
2025-04-13 11:17:06 - INFO - Original error line:     rw [sum_const, Nat.smul_one_eq_coe]
2025-04-13 11:17:08 - INFO - Testing fix: Original errors: 6, Fixed errors: 6
2025-04-13 11:17:08 - INFO - Result: False (introduced 2 new errors)
2025-04-13 11:17:08 - DEBUG - === New errors detail ===
2025-04-13 11:17:08 - DEBUG - New Error 1: line 37, type: unknown_identifier, message: unknown identifier 'justaplaceholder'
2025-04-13 11:17:08 - DEBUG - New Error 2: line 37, type: rewrite_failed, message: tactic 'rewrite' failed, equality or iff proof expected
  ?m.17158
prime_factors_30 : 30 = 2 * 3 * 5
prime_factors_30_pow4 : 30 ^ 4 = (2 * 3 * 5) ^ 4
expanded_form : (2 * 3 * 5) ^ 4 = 2 ^ 4 * 3 ^ 4 * 5 ^ 4
num_divisors : Nat.card { x // x ∈ (30 ^ 4).divisors } = (4 + 1) * (4 + 1) * (4 + 1)
computed_divisors : Nat.card { x // x ∈ (30 ^ 4).divisors } = 125
⊢ ∑ k ∈ (30 ^ 4).divisors, 1 - 2 = 125 - 2
2025-04-13 11:17:08 - INFO - Testing fragment: rw [<- justaplaceholder]
2025-04-13 11:17:08 - INFO - Original error line:     rw [sum_const, Nat.smul_one_eq_coe]
2025-04-13 11:17:10 - INFO - Testing fix: Original errors: 6, Fixed errors: 6
2025-04-13 11:17:10 - INFO - Result: False (introduced 2 new errors)
2025-04-13 11:17:10 - DEBUG - === New errors detail ===
2025-04-13 11:17:10 - DEBUG - New Error 1: line 37, type: unknown_identifier, message: unknown identifier 'justaplaceholder'
2025-04-13 11:17:10 - DEBUG - New Error 2: line 37, type: rewrite_failed, message: tactic 'rewrite' failed, equality or iff proof expected
  ?m.17158
prime_factors_30 : 30 = 2 * 3 * 5
prime_factors_30_pow4 : 30 ^ 4 = (2 * 3 * 5) ^ 4
expanded_form : (2 * 3 * 5) ^ 4 = 2 ^ 4 * 3 ^ 4 * 5 ^ 4
num_divisors : Nat.card { x // x ∈ (30 ^ 4).divisors } = (4 + 1) * (4 + 1) * (4 + 1)
computed_divisors : Nat.card { x // x ∈ (30 ^ 4).divisors } = 125
⊢ ∑ k ∈ (30 ^ 4).divisors, 1 - 2 = 125 - 2
2025-04-13 11:17:10 - INFO - Testing fragment: simp
2025-04-13 11:17:10 - INFO - Original error line:     rw [sum_const, Nat.smul_one_eq_coe]
2025-04-13 11:17:12 - INFO - Testing fix: Original errors: 6, Fixed errors: 5
2025-04-13 11:17:12 - INFO - Result: False (introduced 1 new errors)
2025-04-13 11:17:12 - DEBUG - === New errors detail ===
2025-04-13 11:17:12 - DEBUG - New Error 1: line 39, type: rewrite_failed, message: tactic 'rewrite' failed, did not find instance of the pattern in the target expression
  125
prime_factors_30 : 30 = 2 * 3 * 5
prime_factors_30_pow4 : 30 ^ 4 = (2 * 3 * 5) ^ 4
expanded_form : (2 * 3 * 5) ^ 4 = 2 ^ 4 * 3 ^ 4 * 5 ^ 4
num_divisors : Nat.card { x // x ∈ (30 ^ 4).divisors } = (4 + 1) * (4 + 1) * (4 + 1)
computed_divisors : Nat.card { x // x ∈ (30 ^ 4).divisors } = 125
⊢ (divisors 810000).card - 2 = 123
2025-04-13 11:17:12 - INFO - Testing fragment: field_simp
2025-04-13 11:17:12 - INFO - Original error line:     rw [sum_const, Nat.smul_one_eq_coe]
2025-04-13 11:17:14 - INFO - Testing fix: Original errors: 6, Fixed errors: 5
2025-04-13 11:17:14 - INFO - Result: False (introduced 1 new errors)
2025-04-13 11:17:14 - DEBUG - === New errors detail ===
2025-04-13 11:17:14 - DEBUG - New Error 1: line 41, type: other_error, message: maximum recursion depth has been reached
use `set_option maxRecDepth <num>` to increase limit
use `set_option diagnostics true` to get diagnostic information
2025-04-13 11:17:14 - INFO - Testing fragment: norm_num
2025-04-13 11:17:14 - INFO - Original error line:     rw [sum_const, Nat.smul_one_eq_coe]
2025-04-13 11:17:16 - INFO - Testing fix: Original errors: 6, Fixed errors: 5
2025-04-13 11:17:16 - INFO - Result: False (introduced 1 new errors)
2025-04-13 11:17:16 - DEBUG - === New errors detail ===
2025-04-13 11:17:16 - DEBUG - New Error 1: line 39, type: rewrite_failed, message: tactic 'rewrite' failed, did not find instance of the pattern in the target expression
  125
prime_factors_30 : 30 = 2 * 3 * 5
prime_factors_30_pow4 : 30 ^ 4 = (2 * 3 * 5) ^ 4
expanded_form : (2 * 3 * 5) ^ 4 = 2 ^ 4 * 3 ^ 4 * 5 ^ 4
num_divisors : Nat.card { x // x ∈ (30 ^ 4).divisors } = (4 + 1) * (4 + 1) * (4 + 1)
computed_divisors : Nat.card { x // x ∈ (30 ^ 4).divisors } = 125
⊢ (divisors 810000).card - 2 = 123
2025-04-13 11:17:16 - INFO - Testing fragment: ring
2025-04-13 11:17:16 - INFO - Original error line:     rw [sum_const, Nat.smul_one_eq_coe]
2025-04-13 11:17:18 - INFO - Testing fix: Original errors: 6, Fixed errors: 6
2025-04-13 11:17:18 - INFO - Result: False (introduced 2 new errors)
2025-04-13 11:17:18 - DEBUG - === New errors detail ===
2025-04-13 11:17:18 - DEBUG - New Error 1: line 37, type: ring_failed, message: Try this: ring_nf
2025-04-13 11:17:18 - DEBUG - New Error 2: line 39, type: rewrite_failed, message: tactic 'rewrite' failed, did not find instance of the pattern in the target expression
  125
prime_factors_30 : 30 = 2 * 3 * 5
prime_factors_30_pow4 : 30 ^ 4 = (2 * 3 * 5) ^ 4
expanded_form : (2 * 3 * 5) ^ 4 = 2 ^ 4 * 3 ^ 4 * 5 ^ 4
num_divisors : Nat.card { x // x ∈ (30 ^ 4).divisors } = (4 + 1) * (4 + 1) * (4 + 1)
computed_divisors : Nat.card { x // x ∈ (30 ^ 4).divisors } = 125
⊢ ∑ x ∈ divisors 810000, 1 - 2 = 123
2025-04-13 11:17:18 - INFO - Testing fragment: ring_nf
2025-04-13 11:17:18 - INFO - Original error line:     rw [sum_const, Nat.smul_one_eq_coe]
2025-04-13 11:17:20 - INFO - Testing fix: Original errors: 6, Fixed errors: 5
2025-04-13 11:17:20 - INFO - Result: False (introduced 1 new errors)
2025-04-13 11:17:20 - DEBUG - === New errors detail ===
2025-04-13 11:17:20 - DEBUG - New Error 1: line 39, type: rewrite_failed, message: tactic 'rewrite' failed, did not find instance of the pattern in the target expression
  125
prime_factors_30 : 30 = 2 * 3 * 5
prime_factors_30_pow4 : 30 ^ 4 = (2 * 3 * 5) ^ 4
expanded_form : (2 * 3 * 5) ^ 4 = 2 ^ 4 * 3 ^ 4 * 5 ^ 4
num_divisors : Nat.card { x // x ∈ (30 ^ 4).divisors } = (4 + 1) * (4 + 1) * (4 + 1)
computed_divisors : Nat.card { x // x ∈ (30 ^ 4).divisors } = 125
⊢ ∑ x ∈ divisors 810000, 1 - 2 = 123
2025-04-13 11:17:20 - INFO - Testing fragment: omega
2025-04-13 11:17:20 - INFO - Original error line:     rw [sum_const, Nat.smul_one_eq_coe]
2025-04-13 11:17:22 - INFO - Testing fix: Original errors: 6, Fixed errors: 5
2025-04-13 11:17:22 - INFO - Result: False (introduced 1 new errors)
2025-04-13 11:17:22 - DEBUG - === New errors detail ===
2025-04-13 11:17:22 - DEBUG - New Error 1: line 37, type: other_error, message: omega could not prove the goal:
a possible counterexample may satisfy the constraints
  2 ≤ a ≤ 124
where
 a := ↑(∑ k ∈ (30 ^ 4).divisors, 1)
2025-04-13 11:17:22 - INFO - Testing fragment: linarith
2025-04-13 11:17:22 - INFO - Original error line:     rw [sum_const, Nat.smul_one_eq_coe]
2025-04-13 11:17:24 - INFO - Testing fix: Original errors: 6, Fixed errors: 5
2025-04-13 11:17:24 - INFO - Result: False (introduced 1 new errors)
2025-04-13 11:17:24 - DEBUG - === New errors detail ===
2025-04-13 11:17:24 - DEBUG - New Error 1: line 37, type: linarith_failed, message: linarith failed to find a contradiction
case h1.h
prime_factors_30 : 30 = 2 * 3 * 5
prime_factors_30_pow4 : 30 ^ 4 = (2 * 3 * 5) ^ 4
expanded_form : (2 * 3 * 5) ^ 4 = 2 ^ 4 * 3 ^ 4 * 5 ^ 4
num_divisors : Nat.card { x // x ∈ (30 ^ 4).divisors } = (4 + 1) * (4 + 1) * (4 + 1)
computed_divisors : Nat.card { x // x ∈ (30 ^ 4).divisors } = 125
a✝ : ∑ k ∈ (30 ^ 4).divisors, 1 - 2 < 125 - 2
⊢ False
failed
2025-04-13 11:17:24 - INFO - Testing fragment: nlinarith
2025-04-13 11:17:24 - INFO - Original error line:     rw [sum_const, Nat.smul_one_eq_coe]
2025-04-13 11:17:26 - INFO - Testing fix: Original errors: 6, Fixed errors: 5
2025-04-13 11:17:26 - INFO - Result: False (introduced 1 new errors)
2025-04-13 11:17:26 - DEBUG - === New errors detail ===
2025-04-13 11:17:26 - DEBUG - New Error 1: line 37, type: linarith_failed, message: linarith failed to find a contradiction
case h1.h
prime_factors_30 : 30 = 2 * 3 * 5
prime_factors_30_pow4 : 30 ^ 4 = (2 * 3 * 5) ^ 4
expanded_form : (2 * 3 * 5) ^ 4 = 2 ^ 4 * 3 ^ 4 * 5 ^ 4
num_divisors : Nat.card { x // x ∈ (30 ^ 4).divisors } = (4 + 1) * (4 + 1) * (4 + 1)
computed_divisors : Nat.card { x // x ∈ (30 ^ 4).divisors } = 125
a✝ : ∑ k ∈ (30 ^ 4).divisors, 1 - 2 < 125 - 2
⊢ False
failed
2025-04-13 11:17:26 - INFO - Failed attempt time: 22.04 seconds
2025-04-13 11:17:26 - INFO - ❌ Could not generate fix for error at line 37
2025-04-13 11:17:27 - INFO - 
===== Fix attempt completed =====
2025-04-13 11:17:27 - INFO - Original errors: 6
2025-04-13 11:17:27 - INFO - Fixed errors: 0
2025-04-13 11:17:27 - INFO - Failed errors: 6
2025-04-13 11:17:27 - INFO - Remaining errors: 6
2025-04-13 11:17:27 - INFO - Total time: 424.77 seconds
2025-04-13 11:17:27 - INFO - 
Final fixed code:
2025-04-13 11:17:27 - INFO - ----------------------------------------
2025-04-13 11:17:27 - INFO - /-- Find the number of distinct positive divisors of $(30)^4$ excluding 1 and $(30)^4$. Show that it is 123.-/
theorem mathd_numbertheory_543 : (∑ k in Nat.divisors (30 ^ 4), 1) - 2 = 123 := by
  -- First, we need to compute the number of positive divisors of 30^4
  -- The number of positive divisors of a number can be determined from its prime factorization
  -- Let's begin by factorizing 30 into primes
  have prime_factors_30 : 30 = 2 * 3 * 5 := by norm_num
  
  -- Now, raise both sides to the 4th power
  have prime_factors_30_pow4 : 30^4 = (2 * 3 * 5)^4 := by rw [prime_factors_30]
  
  -- Expand the right-hand side using the power of a product property
  have expanded_form : (2 * 3 * 5)^4 = 2^4 * 3^4 * 5^4 := by
    rw [mul_pow, mul_pow]
    norm_num
  
  -- The number of positive divisors of a number n = p₁^a * p₂^b * p₃^c is (a+1)(b+1)(c+1)
  -- Therefore, for 30^4 = 2^4 * 3^4 * 5^4, the number of divisors is (4+1)(4+1)(4+1)
  have num_divisors : Nat.card (Nat.divisors (30^4)) = (4+1)*(4+1)*(4+1) := by
    -- Use the divisor count formula
    rw [exp_prime_factors_eq_divisors_count (a:=4) (b:=4) (c:=4)]
    -- Simplify the exponents
    simp only [add_eq, add_zero]
    -- Verify the prime factors
    rw [exp_prime_factors_eq_divisors_count_aux]
    · norm_num
    · norm_num
    · norm_num
  
  -- Calculate the actual number of divisors
  have computed_divisors : Nat.card (Nat.divisors (30^4)) = 125 := by
    rw [num_divisors]
    norm_num
  
  -- The problem asks for the count excluding 1 and 30^4 itself, so we subtract 2
  have final_count : (∑ k in Nat.divisors (30^4), 1) - 2 = 125 - 2 := by
    -- The sum of 1 over all divisors is just the count of divisors
    rw [sum_const, Nat.smul_one_eq_coe]
    -- Convert the cardinality to the sum
    rw [←computed_divisors]
    -- Subtract the 2 excluded divisors
    norm_cast
    
  -- Simplify the right-hand side to get 123
  have simplified : 125 - 2 = 123 := by norm_num
  
  -- Combine all the steps to prove the theorem
  rw [final_count, simplified]
2025-04-13 11:17:27 - INFO - ----------------------------------------
2025-04-13 11:17:27 - INFO - 
Detailed error repair report:
2025-04-13 11:17:27 - INFO - Original code error count: 6
❌ Fixed error 1/6: Could not generate fix for error at line 14 «no_goals_to_solve» (after 22.04s)
❌ Fixed error 2/6: Could not generate fix for error at line 20 «unknown_identifier» (after 23.04s)
❌ Fixed error 3/6: Could not generate fix for error at line 20 «rewrite_failed» (after 23.04s)
❌ Fixed error 4/6: Could not generate fix for error at line 32 «no_goals_to_solve» (after 217.83s)
❌ Fixed error 5/6: Could not generate fix for error at line 37 «unknown_identifier» (after 71.09s)
❌ Fixed error 6/6: Could not generate fix for error at line 37 «rewrite_failed» (after 22.04s)

=== Fix statistics ===
Original error count: 6
Fixed errors: 0 (Fix rate: 0.0000)
Failed errors: 6
Remaining errors: 6
Total time: 424.77 seconds

=== Failed fix details ===

Failed fix 1:
   Line: 14
   Error type: no_goals_to_solve
   Original error message: no goals to be solved...
   Failure reason: Could not generate fix
   Time: 22.04 seconds

Failed fix 2:
   Line: 20
   Error type: unknown_identifier
   Original error message: unknown identifier 'exp_prime_factors_eq_divisors_count'...
   Failure reason: Could not generate fix
   Time: 23.04 seconds

Failed fix 3:
   Line: 20
   Error type: rewrite_failed
   Original error message: tactic 'rewrite' failed, equality or iff proof expected
  ?m.13518
prime_factors_30 : 30 = 2 * 3 * 5...
   Failure reason: Could not generate fix
   Time: 23.04 seconds

Failed fix 4:
   Line: 32
   Error type: no_goals_to_solve
   Original error message: no goals to be solved...
   Failure reason: Could not generate fix
   Time: 217.83 seconds

Failed fix 5:
   Line: 37
   Error type: unknown_identifier
   Original error message: unknown identifier 'sum_const'...
   Failure reason: Could not generate fix
   Time: 71.09 seconds

Failed fix 6:
   Line: 37
   Error type: rewrite_failed
   Original error message: tactic 'rewrite' failed, equality or iff proof expected
  ?m.17158
prime_factors_30 : 30 = 2 * 3 * 5...
   Failure reason: Could not generate fix
   Time: 22.04 seconds
2025-04-13 11:17:27 - INFO - 
Fixed code saved to: /data/coding/minif2f/lean_fixed/61_fixed.lean
2025-04-13 11:17:27 - INFO - JSON log saved to: /data/coding/minif2f/lean_fixed/61_fix_log.json
2025-04-13 11:17:27 - INFO - 
===== LOG FILE LOCATION =====
2025-04-13 11:17:27 - INFO - Detailed log file is available at: /data/coding/minif2f/lean_fixed/61.log
2025-04-13 11:17:27 - INFO - ===============================
