2025-04-13 10:41:15 - INFO - Log file initialized at 2025-04-13T10:41:15.721638
2025-04-13 10:41:15 - INFO - ===== LOG FILE LOCATION =====
2025-04-13 10:41:15 - INFO - Detailed log file created at: /data/coding/minif2f/lean_fixed/62.log
2025-04-13 10:41:15 - INFO - ===============================
2025-04-13 10:41:15 - INFO - Original code:
2025-04-13 10:41:15 - INFO - ----------------------------------------
2025-04-13 10:41:15 - INFO - import Mathlib
import Aesop

set_option maxHeartbeats 0  -- Disables heartbeat limit to prevent timeout during proof

open BigOperators Real Nat Topology Rat

/-- Let \[f(x) = \begin{cases}
-x^2 - 1 &\text{if }x<0, \\
2&\text{if }0 \le x< 4, \\
\sqrt{x}&\text{if }x \ge 4.
\end{cases}
\]Find $f(\pi)$. Show that it is 2.-/
theorem mathd_algebra_480 (f : ℝ → ℝ) (h₀ : ∀ x < 0, f x = -x ^ 2 - 1)
  (h₁ : ∀ x, 0 ≤ x ∧ x < 4 → f x = 2) (h₂ : ∀ x ≥ 4, f x = Real.sqrt x) : f Real.pi = 2 := by
  -- Our goal is to compute f(π) and prove it equals 2
  -- First we need to determine which case of the piecewise function applies to π
  
  -- Step 1: Establish that 0 ≤ π < 4
  -- We'll need two facts about π:
  -- 1. π is positive (greater than 0)
  -- 2. π is less than 4
  
  -- Prove π > 0 using Mathlib's pi_pos lemma
  have pi_pos : 0 < Real.pi := pi_pos
  
  -- Prove π < 4 by showing π < 3.15 and 3.15 < 4
  -- First show 3.15 < 4 by norm_num (normalization of numerical expressions)
  have h_lt_4 : Real.pi < 4 := by
    -- We use the known approximation π < 3.15 from Mathlib
    refine lt_trans ?_ (by norm_num)
    exact pi_lt_three_point_fifteen
  
  -- Now we have all conditions to apply the second case of the function definition:
  -- 0 ≤ π (from pi_pos) and π < 4 (from h_lt_4)
  
  -- Apply the second case of the function definition using h₁
  -- First create the conjunction 0 ≤ π ∧ π < 4
  have pi_interval : 0 ≤ Real.pi ∧ Real.pi < 4 := by
    exact ⟨le_of_lt pi_pos, h_lt_4⟩
  
  -- Now apply h₁ with π and our interval proof
  have f_pi_eq : f Real.pi = 2 := h₁ Real.pi pi_interval
  
  -- Our goal is exactly what we just proved
  exact f_pi_eq
2025-04-13 10:41:15 - INFO - ----------------------------------------
2025-04-13 10:41:15 - INFO - 
Checking original code for all errors...
2025-04-13 10:41:20 - INFO - Original code contains 1 errors:
2025-04-13 10:41:20 - INFO - Error 1: line 24, type: other_error, message: unsolved goals
f : ℝ → ℝ
h₀ : ∀ x < 0, f x = -x ^ 2 - 1
h₁ : ∀ (x : ℝ), 0 ≤ x ∧ x < 4 → f x = 2
h₂ :...
2025-04-13 10:41:20 - INFO - 
Starting multi-error continuous repair process...
2025-04-13 10:41:20 - INFO - 
===== Starting to fix all errors =====
2025-04-13 10:41:21 - INFO - 
Found 1 original errors:
2025-04-13 10:41:21 - INFO - Error 1: line 24, type: other_error, message: unsolved goals
f : ℝ → ℝ
h₀ : ∀ x < 0, f x = -x ^ 2 - 1
h₁ : ∀ (x : ℝ), 0 ≤ x ∧ x < 4 → f x = 2
h₂ :...
2025-04-13 10:41:21 - INFO - 
Trying to fix error 1/1: line 24, type: other_error
2025-04-13 10:41:21 - INFO - Error message: unsolved goals
f : ℝ → ℝ
h₀ : ∀ x < 0, f x = -x ^ 2 - 1
h₁ : ∀ (x : ℝ), 0 ≤ x ∧ x < 4 → f x = 2
h₂ :...
2025-04-13 10:41:21 - INFO - Removed header content, remaining 39 lines of code
2025-04-13 10:41:21 - INFO - Using specified target error line: 24
2025-04-13 10:41:22 - INFO - Found error at specified line: unsolved goals
f : ℝ → ℝ
h₀ : ∀ x < 0, f x = -x ^ 2 - 1
h₁ : ∀ (x : ℝ), 0 ≤ x ∧ x < 4 → f x = 2
h₂ : ∀ x ≥ 4, f x = √x
pi_pos : 0 < π
⊢ ?m.2749 < 4
2025-04-13 10:41:22 - INFO - Error at line 24: unsolved goals
f : ℝ → ℝ
h₀ : ∀ x < 0, f x = -x ^ 2 - 1
h₁ : ∀ (x : ℝ), 0 ≤ x ∧ x < 4 → f x = 2
h₂ : ∀ x ≥ 4, f x = √x
pi_pos : 0 < π
⊢ ?m.2749 < 4
2025-04-13 10:41:22 - INFO - 
==================================================
2025-04-13 10:41:22 - INFO - Code prepared, starting synthesis
2025-04-13 10:41:22 - INFO - Before part: /-- Let \[f(x) = \begin{cases}
-x^2 - 1 &\text{if }x<0, \\
2&\text{if }0 \le x< 4, \\
\sqrt{x}&\text{if }x \ge 4.
\end{cases}
\]Find $f(\pi)$. Show that it is 2.-/
theorem mathd_algebra_480 (f : ℝ → ℝ) (h₀ : ∀ x < 0, f x = -x ^ 2 - 1)
  (h₁ : ∀ x, 0 ≤ x ∧ x < 4 → f x = 2) (h₂ : ∀ x ≥ 4, f x = Real.sqrt x) : f Real.pi = 2 := by
  -- Our goal is to compute f(π) and prove it equals 2
  -- First we need to determine which case of the piecewise function applies to π
  
  -- Step 1: Establish that 0 ≤ π < 4
  -- We'll need two facts about π:
  -- 1. π is positive (greater than 0)
  -- 2. π is less than 4
  
  -- Prove π > 0 using Mathlib's pi_pos lemma
  have pi_pos : 0 < Real.pi := pi_pos
  
  -- Prove π < 4 by showing π < 3.15 and 3.15 < 4
  -- First show 3.15 < 4 by norm_num (normalization of numerical expressions)
  have h_lt_4 : Real.pi < 4 := by
    -- We use the known approximation π < 3.15 from Mathlib
2025-04-13 10:41:22 - INFO - Error line:     refine lt_trans ?_ (by norm_num)
2025-04-13 10:41:22 - INFO - After part: exact pi_lt_three_point_fifteen
  
  -- Now we have all conditions to apply the second case of the function definition:
  -- 0 ≤ π (from pi_pos) and π < 4 (from h_lt_4)
  
  -- Apply the second case of the function definition using h₁
  -- First create the conjunction 0 ≤ π ∧ π < 4
  have pi_interval : 0 ≤ Real.pi ∧ Real.pi < 4 := by
    exact ⟨le_of_lt pi_pos, h_lt_4⟩
  
  -- Now apply h₁ with π and our interval proof
  have f_pi_eq : f Real.pi = 2 := h₁ Real.pi pi_interval
  
  -- Our goal is exactly what we just proved
  exact f_pi_eq
2025-04-13 10:41:22 - INFO - ==================================================

2025-04-13 10:41:23 - INFO - Testing fragment: rw [justaplaceholder]
2025-04-13 10:41:23 - INFO - Original error line:     refine lt_trans ?_ (by norm_num)
2025-04-13 10:41:25 - INFO - Testing fix: Original errors: 1, Fixed errors: 2
2025-04-13 10:41:25 - INFO - Result: False (introduced 2 new errors)
2025-04-13 10:41:25 - DEBUG - === New errors detail ===
2025-04-13 10:41:25 - DEBUG - New Error 1: line 24, type: unknown_identifier, message: unknown identifier 'justaplaceholder'
2025-04-13 10:41:25 - DEBUG - New Error 2: line 24, type: rewrite_failed, message: tactic 'rewrite' failed, equality or iff proof expected
  ?m.2840
f : ℝ → ℝ
h₀ : ∀ x < 0, f x = -x ^ 2 - 1
h₁ : ∀ (x : ℝ), 0 ≤ x ∧ x < 4 → f x = 2
h₂ : ∀ x ≥ 4, f x = √x
pi_pos : 0 < π
⊢ ?m.2749 < 4
2025-04-13 10:41:25 - INFO - Testing fragment: rw [<- justaplaceholder]
2025-04-13 10:41:25 - INFO - Original error line:     refine lt_trans ?_ (by norm_num)
2025-04-13 10:41:27 - INFO - Testing fix: Original errors: 1, Fixed errors: 2
2025-04-13 10:41:27 - INFO - Result: False (introduced 2 new errors)
2025-04-13 10:41:27 - DEBUG - === New errors detail ===
2025-04-13 10:41:27 - DEBUG - New Error 1: line 24, type: unknown_identifier, message: unknown identifier 'justaplaceholder'
2025-04-13 10:41:27 - DEBUG - New Error 2: line 24, type: rewrite_failed, message: tactic 'rewrite' failed, equality or iff proof expected
  ?m.2840
f : ℝ → ℝ
h₀ : ∀ x < 0, f x = -x ^ 2 - 1
h₁ : ∀ (x : ℝ), 0 ≤ x ∧ x < 4 → f x = 2
h₂ : ∀ x ≥ 4, f x = √x
pi_pos : 0 < π
⊢ ?m.2749 < 4
2025-04-13 10:41:27 - INFO - Testing fragment: simp
2025-04-13 10:41:27 - INFO - Original error line:     refine lt_trans ?_ (by norm_num)
2025-04-13 10:41:29 - INFO - Testing fix: Original errors: 1, Fixed errors: 1
2025-04-13 10:41:29 - INFO - Result: False (introduced 1 new errors)
2025-04-13 10:41:29 - DEBUG - === New errors detail ===
2025-04-13 10:41:29 - DEBUG - New Error 1: line 24, type: simp_failed, message: simp made no progress
2025-04-13 10:41:29 - INFO - Testing fragment: field_simp
2025-04-13 10:41:29 - INFO - Original error line:     refine lt_trans ?_ (by norm_num)
2025-04-13 10:41:31 - INFO - Testing fix: Original errors: 1, Fixed errors: 1
2025-04-13 10:41:31 - INFO - Result: False (introduced 1 new errors)
2025-04-13 10:41:31 - DEBUG - === New errors detail ===
2025-04-13 10:41:31 - DEBUG - New Error 1: line 24, type: simp_failed, message: simp made no progress
2025-04-13 10:41:31 - INFO - Testing fragment: norm_num
2025-04-13 10:41:31 - INFO - Original error line:     refine lt_trans ?_ (by norm_num)
2025-04-13 10:41:33 - INFO - Testing fix: Original errors: 1, Fixed errors: 1
2025-04-13 10:41:33 - INFO - Target error not fixed: unsolved goals
f : ℝ → ℝ
h₀ : ∀ x < 0, f x = -x ^ 2 - 1
h₁ : ∀ (x : ℝ), 0 ≤ x ∧ x < 4 → f x = 2
h₂ :...
2025-04-13 10:41:33 - INFO - Result: False (target error not fixed)
2025-04-13 10:41:33 - INFO - Testing fragment: ring
2025-04-13 10:41:33 - INFO - Original error line:     refine lt_trans ?_ (by norm_num)
2025-04-13 10:41:35 - INFO - Testing fix: Original errors: 1, Fixed errors: 2
2025-04-13 10:41:35 - INFO - Result: False (introduced 2 new errors)
2025-04-13 10:41:35 - DEBUG - === New errors detail ===
2025-04-13 10:41:35 - DEBUG - New Error 1: line 24, type: ring_failed, message: Try this: ring_nf
2025-04-13 10:41:35 - DEBUG - New Error 2: line 24, type: other_error, message: unsolved goals
f : ℝ → ℝ
h₀ : ∀ x < 0, f x = -x ^ 2 - 1
h₁ : ∀ (x : ℝ), 0 ≤ x ∧ x < 4 → f x = 2
h₂ : ∀ x ≥ 4, f x = √x
pi_pos : 0 < π
⊢ ?m.2749 < 4
2025-04-13 10:41:35 - INFO - Testing fragment: ring_nf
2025-04-13 10:41:35 - INFO - Original error line:     refine lt_trans ?_ (by norm_num)
2025-04-13 10:41:37 - INFO - Testing fix: Original errors: 1, Fixed errors: 1
2025-04-13 10:41:37 - INFO - Result: False (introduced 1 new errors)
2025-04-13 10:41:37 - DEBUG - === New errors detail ===
2025-04-13 10:41:37 - DEBUG - New Error 1: line 24, type: other_error, message: unsolved goals
f : ℝ → ℝ
h₀ : ∀ x < 0, f x = -x ^ 2 - 1
h₁ : ∀ (x : ℝ), 0 ≤ x ∧ x < 4 → f x = 2
h₂ : ∀ x ≥ 4, f x = √x
pi_pos : 0 < π
⊢ ?m.2749 < 4
2025-04-13 10:41:37 - INFO - Testing fragment: omega
2025-04-13 10:41:37 - INFO - Original error line:     refine lt_trans ?_ (by norm_num)
2025-04-13 10:41:39 - INFO - Testing fix: Original errors: 1, Fixed errors: 2
2025-04-13 10:41:39 - INFO - Result: False (introduced 2 new errors)
2025-04-13 10:41:39 - DEBUG - === New errors detail ===
2025-04-13 10:41:39 - DEBUG - New Error 1: line 24, type: other_error, message: omega could not prove the goal:
No usable constraints found. You may need to unfold definitions so `omega` can see linear arithmetic facts about `Nat` and `Int`, which may also involve multiplication, division, and modular remainder by constants.
2025-04-13 10:41:39 - DEBUG - New Error 2: line 25, type: unknown_identifier, message: unknown identifier 'pi_lt_three_point_fifteen'
2025-04-13 10:41:39 - INFO - Testing fragment: linarith
2025-04-13 10:41:39 - INFO - Original error line:     refine lt_trans ?_ (by norm_num)
2025-04-13 10:41:41 - INFO - Testing fix: Original errors: 1, Fixed errors: 1
2025-04-13 10:41:41 - INFO - Result: False (introduced 1 new errors)
2025-04-13 10:41:41 - DEBUG - === New errors detail ===
2025-04-13 10:41:41 - DEBUG - New Error 1: line 24, type: linarith_failed, message: linarith failed to find a contradiction
case h
f : ℝ → ℝ
h₀ : ∀ x < 0, f x = -x ^ 2 - 1
h₁ : ∀ (x : ℝ), 0 ≤ x ∧ x < 4 → f x = 2
h₂ : ∀ x ≥ 4, f x = √x
pi_pos : 0 < π
a✝ : ?m.2749 ≥ 4
⊢ False
failed
2025-04-13 10:41:41 - INFO - Testing fragment: nlinarith
2025-04-13 10:41:41 - INFO - Original error line:     refine lt_trans ?_ (by norm_num)
2025-04-13 10:41:43 - INFO - Testing fix: Original errors: 1, Fixed errors: 1
2025-04-13 10:41:43 - INFO - Result: False (introduced 1 new errors)
2025-04-13 10:41:43 - DEBUG - === New errors detail ===
2025-04-13 10:41:43 - DEBUG - New Error 1: line 24, type: linarith_failed, message: linarith failed to find a contradiction
case h
f : ℝ → ℝ
h₀ : ∀ x < 0, f x = -x ^ 2 - 1
h₁ : ∀ (x : ℝ), 0 ≤ x ∧ x < 4 → f x = 2
h₂ : ∀ x ≥ 4, f x = √x
pi_pos : 0 < π
a✝ : ?m.2749 ≥ 4
⊢ False
failed
2025-04-13 10:41:43 - INFO - Failed attempt time: 22.04 seconds
2025-04-13 10:41:43 - INFO - ❌ Could not generate fix for error at line 24
2025-04-13 10:41:44 - INFO - 
===== Fix attempt completed =====
2025-04-13 10:41:44 - INFO - Original errors: 1
2025-04-13 10:41:44 - INFO - Fixed errors: 0
2025-04-13 10:41:44 - INFO - Failed errors: 1
2025-04-13 10:41:44 - INFO - Remaining errors: 1
2025-04-13 10:41:44 - INFO - Total time: 24.04 seconds
2025-04-13 10:41:44 - INFO - 
Final fixed code:
2025-04-13 10:41:44 - INFO - ----------------------------------------
2025-04-13 10:41:44 - INFO - /-- Let \[f(x) = \begin{cases}
-x^2 - 1 &\text{if }x<0, \\
2&\text{if }0 \le x< 4, \\
\sqrt{x}&\text{if }x \ge 4.
\end{cases}
\]Find $f(\pi)$. Show that it is 2.-/
theorem mathd_algebra_480 (f : ℝ → ℝ) (h₀ : ∀ x < 0, f x = -x ^ 2 - 1)
  (h₁ : ∀ x, 0 ≤ x ∧ x < 4 → f x = 2) (h₂ : ∀ x ≥ 4, f x = Real.sqrt x) : f Real.pi = 2 := by
  -- Our goal is to compute f(π) and prove it equals 2
  -- First we need to determine which case of the piecewise function applies to π
  
  -- Step 1: Establish that 0 ≤ π < 4
  -- We'll need two facts about π:
  -- 1. π is positive (greater than 0)
  -- 2. π is less than 4
  
  -- Prove π > 0 using Mathlib's pi_pos lemma
  have pi_pos : 0 < Real.pi := pi_pos
  
  -- Prove π < 4 by showing π < 3.15 and 3.15 < 4
  -- First show 3.15 < 4 by norm_num (normalization of numerical expressions)
  have h_lt_4 : Real.pi < 4 := by
    -- We use the known approximation π < 3.15 from Mathlib
    refine lt_trans ?_ (by norm_num)
    exact pi_lt_three_point_fifteen
  
  -- Now we have all conditions to apply the second case of the function definition:
  -- 0 ≤ π (from pi_pos) and π < 4 (from h_lt_4)
  
  -- Apply the second case of the function definition using h₁
  -- First create the conjunction 0 ≤ π ∧ π < 4
  have pi_interval : 0 ≤ Real.pi ∧ Real.pi < 4 := by
    exact ⟨le_of_lt pi_pos, h_lt_4⟩
  
  -- Now apply h₁ with π and our interval proof
  have f_pi_eq : f Real.pi = 2 := h₁ Real.pi pi_interval
  
  -- Our goal is exactly what we just proved
  exact f_pi_eq
2025-04-13 10:41:44 - INFO - ----------------------------------------
2025-04-13 10:41:44 - INFO - 
Detailed error repair report:
2025-04-13 10:41:44 - INFO - Original code error count: 1
❌ Fixed error 1/1: Could not generate fix for error at line 24 «other_error» (after 22.04s)

=== Fix statistics ===
Original error count: 1
Fixed errors: 0 (Fix rate: 0.0000)
Failed errors: 1
Remaining errors: 1
Total time: 24.04 seconds

=== Failed fix details ===

Failed fix 1:
   Line: 24
   Error type: other_error
   Original error message: unsolved goals
f : ℝ → ℝ
h₀ : ∀ x < 0, f x = -x ^ 2 - 1
h₁ : ∀ (x : ℝ), 0 ≤ x ∧ x < 4 → f x = 2
h₂ :...
   Failure reason: Could not generate fix
   Time: 22.04 seconds
2025-04-13 10:41:44 - INFO - 
Fixed code saved to: /data/coding/minif2f/lean_fixed/62_fixed.lean
2025-04-13 10:41:44 - INFO - JSON log saved to: /data/coding/minif2f/lean_fixed/62_fix_log.json
2025-04-13 10:41:44 - INFO - 
===== LOG FILE LOCATION =====
2025-04-13 10:41:44 - INFO - Detailed log file is available at: /data/coding/minif2f/lean_fixed/62.log
2025-04-13 10:41:44 - INFO - ===============================
