2025-04-13 10:41:28 - INFO - Log file initialized at 2025-04-13T10:41:28.018898
2025-04-13 10:41:28 - INFO - ===== LOG FILE LOCATION =====
2025-04-13 10:41:28 - INFO - Detailed log file created at: /data/coding/minif2f/lean_fixed/64.log
2025-04-13 10:41:28 - INFO - ===============================
2025-04-13 10:41:28 - INFO - Original code:
2025-04-13 10:41:28 - INFO - ----------------------------------------
2025-04-13 10:41:28 - INFO - import Mathlib
import Aesop

set_option maxHeartbeats 0  -- Disables heartbeat limit to prevent timeout during execution

open BigOperators Real Nat Topology Rat  -- Opens relevant mathematical namespaces

/-- 
Let $f(x) = 3\sqrt{2x - 7} - 8$. Find $f(8)$. Show that it is 1.
This theorem states that for a function f defined as above, evaluating f at 8 yields 1.
-/
theorem mathd_algebra_433 (f : ℝ → ℝ) (h₀ : ∀ x, f x = 3 * Real.sqrt (2 * x - 7) - 8) : f 8 = 1 := by
  -- First, we'll use the function definition provided in hypothesis h₀
  rw [h₀]  -- Rewrite the goal f 8 using the function definition
  -- Now the goal becomes: 3 * Real.sqrt (2 * 8 - 7) - 8 = 1
  
  -- Let's simplify the expression inside the square root
  have step1 : 2 * 8 - 7 = 9 := by  -- First compute 2*8-7
    norm_num  -- Normalize numerical expressions (computes 2*8=16, then 16-7=9)
  
  -- Rewrite the goal using this simplified form
  rw [step1]  -- Now the goal becomes: 3 * Real.sqrt 9 - 8 = 1
  
  -- We know that √9 = 3, so let's state this fact
  have step2 : Real.sqrt 9 = 3 := by
    exact Real.sqrt_eq_three  -- Uses the library lemma that √9 = 3
  
  -- Rewrite the goal using this fact
  rw [step2]  -- Now the goal becomes: 3 * 3 - 8 = 1
  
  -- Compute 3 * 3 - 8
  have step3 : 3 * 3 - 8 = 1 := by
    norm_num  -- Computes 3*3=9, then 9-8=1
  
  -- Finally, rewrite the goal using this computation
  rw [step3]  -- Goal is now 1 = 1
  
  -- The goal is now trivially true by reflexivity
  rfl  -- Closes the goal using reflexivity of equality
2025-04-13 10:41:28 - INFO - ----------------------------------------
2025-04-13 10:41:28 - INFO - 
Checking original code for all errors...
2025-04-13 10:41:33 - INFO - Original code contains 1 errors:
2025-04-13 10:41:33 - INFO - Error 1: line 15, type: rewrite_failed, message: tactic 'rewrite' failed, did not find instance of the pattern in the target expression
  2 * 8 - 7
f...
2025-04-13 10:41:33 - INFO - 
Starting multi-error continuous repair process...
2025-04-13 10:41:33 - INFO - 
===== Starting to fix all errors =====
2025-04-13 10:41:34 - INFO - 
Found 1 original errors:
2025-04-13 10:41:34 - INFO - Error 1: line 15, type: rewrite_failed, message: tactic 'rewrite' failed, did not find instance of the pattern in the target expression
  2 * 8 - 7
f...
2025-04-13 10:41:34 - INFO - 
Trying to fix error 1/1: line 15, type: rewrite_failed
2025-04-13 10:41:34 - INFO - Error message: tactic 'rewrite' failed, did not find instance of the pattern in the target expression
  2 * 8 - 7
f...
2025-04-13 10:41:34 - INFO - Removed header content, remaining 32 lines of code
2025-04-13 10:41:34 - INFO - Using specified target error line: 15
2025-04-13 10:41:35 - INFO - Found error at specified line: tactic 'rewrite' failed, did not find instance of the pattern in the target expression
  2 * 8 - 7
f : ℝ → ℝ
h₀ : ∀ (x : ℝ), f x = 3 * √(2 * x - 7) - 8
step1 : 2 * 8 - 7 = 9
⊢ 3 * √(2 * 8 - 7) - 8 = 1
2025-04-13 10:41:35 - INFO - Error at line 15: tactic 'rewrite' failed, did not find instance of the pattern in the target expression
  2 * 8 - 7
f : ℝ → ℝ
h₀ : ∀ (x : ℝ), f x = 3 * √(2 * x - 7) - 8
step1 : 2 * 8 - 7 = 9
⊢ 3 * √(2 * 8 - 7) - 8 = 1
2025-04-13 10:41:35 - INFO - 
==================================================
2025-04-13 10:41:35 - INFO - Code prepared, starting synthesis
2025-04-13 10:41:35 - INFO - Before part: /-- 
Let $f(x) = 3\sqrt{2x - 7} - 8$. Find $f(8)$. Show that it is 1.
This theorem states that for a function f defined as above, evaluating f at 8 yields 1.
-/
theorem mathd_algebra_433 (f : ℝ → ℝ) (h₀ : ∀ x, f x = 3 * Real.sqrt (2 * x - 7) - 8) : f 8 = 1 := by
  -- First, we'll use the function definition provided in hypothesis h₀
  rw [h₀]  -- Rewrite the goal f 8 using the function definition
  -- Now the goal becomes: 3 * Real.sqrt (2 * 8 - 7) - 8 = 1
  
  -- Let's simplify the expression inside the square root
  have step1 : 2 * 8 - 7 = 9 := by  -- First compute 2*8-7
    norm_num  -- Normalize numerical expressions (computes 2*8=16, then 16-7=9)
  
  -- Rewrite the goal using this simplified form
2025-04-13 10:41:35 - INFO - Error line:   rw [step1]  -- Now the goal becomes: 3 * Real.sqrt 9 - 8 = 1
2025-04-13 10:41:35 - INFO - After part: -- We know that √9 = 3, so let's state this fact
  have step2 : Real.sqrt 9 = 3 := by
    exact Real.sqrt_eq_three  -- Uses the library lemma that √9 = 3
  
  -- Rewrite the goal using this fact
  rw [step2]  -- Now the goal becomes: 3 * 3 - 8 = 1
  
  -- Compute 3 * 3 - 8
  have step3 : 3 * 3 - 8 = 1 := by
    norm_num  -- Computes 3*3=9, then 9-8=1
  
  -- Finally, rewrite the goal using this computation
  rw [step3]  -- Goal is now 1 = 1
  
  -- The goal is now trivially true by reflexivity
  rfl  -- Closes the goal using reflexivity of equality
2025-04-13 10:41:35 - INFO - ==================================================

2025-04-13 10:41:36 - INFO - Testing fragment: rw [justaplaceholder]
2025-04-13 10:41:36 - INFO - Original error line:   rw [step1]  -- Now the goal becomes: 3 * Real.sqrt 9 - 8 = 1
2025-04-13 10:41:38 - INFO - Testing fix: Original errors: 1, Fixed errors: 2
2025-04-13 10:41:38 - INFO - Result: False (introduced 2 new errors)
2025-04-13 10:41:38 - DEBUG - === New errors detail ===
2025-04-13 10:41:38 - DEBUG - New Error 1: line 15, type: unknown_identifier, message: unknown identifier 'justaplaceholder'
2025-04-13 10:41:38 - DEBUG - New Error 2: line 15, type: rewrite_failed, message: tactic 'rewrite' failed, equality or iff proof expected
  ?m.1530
f : ℝ → ℝ
h₀ : ∀ (x : ℝ), f x = 3 * √(2 * x - 7) - 8
step1 : 2 * 8 - 7 = 9
⊢ 3 * √(2 * 8 - 7) - 8 = 1
2025-04-13 10:41:38 - INFO - Testing fragment: rw [<- justaplaceholder]
2025-04-13 10:41:38 - INFO - Original error line:   rw [step1]  -- Now the goal becomes: 3 * Real.sqrt 9 - 8 = 1
2025-04-13 10:41:40 - INFO - Testing fix: Original errors: 1, Fixed errors: 2
2025-04-13 10:41:40 - INFO - Result: False (introduced 2 new errors)
2025-04-13 10:41:40 - DEBUG - === New errors detail ===
2025-04-13 10:41:40 - DEBUG - New Error 1: line 15, type: unknown_identifier, message: unknown identifier 'justaplaceholder'
2025-04-13 10:41:40 - DEBUG - New Error 2: line 15, type: rewrite_failed, message: tactic 'rewrite' failed, equality or iff proof expected
  ?m.1530
f : ℝ → ℝ
h₀ : ∀ (x : ℝ), f x = 3 * √(2 * x - 7) - 8
step1 : 2 * 8 - 7 = 9
⊢ 3 * √(2 * 8 - 7) - 8 = 1
2025-04-13 10:41:40 - INFO - Testing fragment: simp
2025-04-13 10:41:40 - INFO - Original error line:   rw [step1]  -- Now the goal becomes: 3 * Real.sqrt 9 - 8 = 1
2025-04-13 10:41:42 - INFO - Testing fix: Original errors: 1, Fixed errors: 1
2025-04-13 10:41:42 - INFO - Result: False (introduced 1 new errors)
2025-04-13 10:41:42 - DEBUG - === New errors detail ===
2025-04-13 10:41:42 - DEBUG - New Error 1: line 15, type: simp_failed, message: simp made no progress
2025-04-13 10:41:42 - INFO - Testing fragment: field_simp
2025-04-13 10:41:42 - INFO - Original error line:   rw [step1]  -- Now the goal becomes: 3 * Real.sqrt 9 - 8 = 1
2025-04-13 10:41:44 - INFO - Testing fix: Original errors: 1, Fixed errors: 1
2025-04-13 10:41:44 - INFO - Result: False (introduced 1 new errors)
2025-04-13 10:41:44 - DEBUG - === New errors detail ===
2025-04-13 10:41:44 - DEBUG - New Error 1: line 15, type: simp_failed, message: simp made no progress
2025-04-13 10:41:44 - INFO - Testing fragment: norm_num
2025-04-13 10:41:44 - INFO - Original error line:   rw [step1]  -- Now the goal becomes: 3 * Real.sqrt 9 - 8 = 1
2025-04-13 10:41:46 - INFO - Testing fix: Original errors: 1, Fixed errors: 2
2025-04-13 10:41:46 - INFO - Result: False (introduced 2 new errors)
2025-04-13 10:41:46 - DEBUG - === New errors detail ===
2025-04-13 10:41:46 - DEBUG - New Error 1: line 19, type: unknown_constant, message: unknown constant 'Real.sqrt_eq_three'
2025-04-13 10:41:46 - DEBUG - New Error 2: line 29, type: rewrite_failed, message: tactic 'rewrite' failed, did not find instance of the pattern in the target expression
  3 * 3 - 8
f : ℝ → ℝ
h₀ : ∀ (x : ℝ), f x = 3 * √(2 * x - 7) - 8
step1 : 2 * 8 - 7 = 9
step2 : √9 = 3
step3 : 3 * 3 - 8 = 1
⊢ 3 * 3 - 8 = 1
2025-04-13 10:41:46 - INFO - Testing fragment: ring
2025-04-13 10:41:46 - INFO - Original error line:   rw [step1]  -- Now the goal becomes: 3 * Real.sqrt 9 - 8 = 1
2025-04-13 10:41:48 - INFO - Testing fix: Original errors: 1, Fixed errors: 3
2025-04-13 10:41:48 - INFO - Result: False (introduced 3 new errors)
2025-04-13 10:41:48 - DEBUG - === New errors detail ===
2025-04-13 10:41:48 - DEBUG - New Error 1: line 15, type: ring_failed, message: Try this: ring_nf
2025-04-13 10:41:48 - DEBUG - New Error 2: line 19, type: unknown_constant, message: unknown constant 'Real.sqrt_eq_three'
2025-04-13 10:41:48 - DEBUG - New Error 3: line 29, type: rewrite_failed, message: tactic 'rewrite' failed, did not find instance of the pattern in the target expression
  3 * 3 - 8
f : ℝ → ℝ
h₀ : ∀ (x : ℝ), f x = 3 * √(2 * x - 7) - 8
step1 : 2 * 8 - 7 = 9
step2 : √9 = 3
step3 : 3 * 3 - 8 = 1
⊢ -8 + 3 * 3 = 1
2025-04-13 10:41:48 - INFO - Testing fragment: ring_nf
2025-04-13 10:41:48 - INFO - Original error line:   rw [step1]  -- Now the goal becomes: 3 * Real.sqrt 9 - 8 = 1
2025-04-13 10:41:50 - INFO - Testing fix: Original errors: 1, Fixed errors: 2
2025-04-13 10:41:50 - INFO - Result: False (introduced 2 new errors)
2025-04-13 10:41:50 - DEBUG - === New errors detail ===
2025-04-13 10:41:50 - DEBUG - New Error 1: line 19, type: unknown_constant, message: unknown constant 'Real.sqrt_eq_three'
2025-04-13 10:41:50 - DEBUG - New Error 2: line 29, type: rewrite_failed, message: tactic 'rewrite' failed, did not find instance of the pattern in the target expression
  3 * 3 - 8
f : ℝ → ℝ
h₀ : ∀ (x : ℝ), f x = 3 * √(2 * x - 7) - 8
step1 : 2 * 8 - 7 = 9
step2 : √9 = 3
step3 : 3 * 3 - 8 = 1
⊢ -8 + 3 * 3 = 1
2025-04-13 10:41:50 - INFO - Testing fragment: omega
2025-04-13 10:41:50 - INFO - Original error line:   rw [step1]  -- Now the goal becomes: 3 * Real.sqrt 9 - 8 = 1
2025-04-13 10:41:52 - INFO - Testing fix: Original errors: 1, Fixed errors: 1
2025-04-13 10:41:52 - INFO - Result: False (introduced 1 new errors)
2025-04-13 10:41:52 - DEBUG - === New errors detail ===
2025-04-13 10:41:52 - DEBUG - New Error 1: line 15, type: other_error, message: omega could not prove the goal:
No usable constraints found. You may need to unfold definitions so `omega` can see linear arithmetic facts about `Nat` and `Int`, which may also involve multiplication, division, and modular remainder by constants.
2025-04-13 10:41:52 - INFO - Testing fragment: linarith
2025-04-13 10:41:52 - INFO - Original error line:   rw [step1]  -- Now the goal becomes: 3 * Real.sqrt 9 - 8 = 1
2025-04-13 10:41:54 - INFO - Testing fix: Original errors: 1, Fixed errors: 1
2025-04-13 10:41:54 - INFO - Result: False (introduced 1 new errors)
2025-04-13 10:41:54 - DEBUG - === New errors detail ===
2025-04-13 10:41:54 - DEBUG - New Error 1: line 15, type: linarith_failed, message: linarith failed to find a contradiction
case h1.h
f : ℝ → ℝ
h₀ : ∀ (x : ℝ), f x = 3 * √(2 * x - 7) - 8
step1 : 2 * 8 - 7 = 9
a✝ : 3 * √(2 * 8 - 7) - 8 < 1
⊢ False
failed
2025-04-13 10:41:54 - INFO - Testing fragment: nlinarith
2025-04-13 10:41:54 - INFO - Original error line:   rw [step1]  -- Now the goal becomes: 3 * Real.sqrt 9 - 8 = 1
2025-04-13 10:41:56 - INFO - Testing fix: Original errors: 1, Fixed errors: 1
2025-04-13 10:41:56 - INFO - Result: False (introduced 1 new errors)
2025-04-13 10:41:56 - DEBUG - === New errors detail ===
2025-04-13 10:41:56 - DEBUG - New Error 1: line 15, type: linarith_failed, message: linarith failed to find a contradiction
case h1.h
f : ℝ → ℝ
h₀ : ∀ (x : ℝ), f x = 3 * √(2 * x - 7) - 8
step1 : 2 * 8 - 7 = 9
a✝ : 3 * √(2 * 8 - 7) - 8 < 1
⊢ False
failed
2025-04-13 10:41:56 - INFO - Failed attempt time: 22.04 seconds
2025-04-13 10:41:56 - INFO - ❌ Could not generate fix for error at line 15
2025-04-13 10:41:57 - INFO - 
===== Fix attempt completed =====
2025-04-13 10:41:57 - INFO - Original errors: 1
2025-04-13 10:41:57 - INFO - Fixed errors: 0
2025-04-13 10:41:57 - INFO - Failed errors: 1
2025-04-13 10:41:57 - INFO - Remaining errors: 1
2025-04-13 10:41:57 - INFO - Total time: 24.04 seconds
2025-04-13 10:41:57 - INFO - 
Final fixed code:
2025-04-13 10:41:57 - INFO - ----------------------------------------
2025-04-13 10:41:57 - INFO - /-- 
Let $f(x) = 3\sqrt{2x - 7} - 8$. Find $f(8)$. Show that it is 1.
This theorem states that for a function f defined as above, evaluating f at 8 yields 1.
-/
theorem mathd_algebra_433 (f : ℝ → ℝ) (h₀ : ∀ x, f x = 3 * Real.sqrt (2 * x - 7) - 8) : f 8 = 1 := by
  -- First, we'll use the function definition provided in hypothesis h₀
  rw [h₀]  -- Rewrite the goal f 8 using the function definition
  -- Now the goal becomes: 3 * Real.sqrt (2 * 8 - 7) - 8 = 1
  
  -- Let's simplify the expression inside the square root
  have step1 : 2 * 8 - 7 = 9 := by  -- First compute 2*8-7
    norm_num  -- Normalize numerical expressions (computes 2*8=16, then 16-7=9)
  
  -- Rewrite the goal using this simplified form
  rw [step1]  -- Now the goal becomes: 3 * Real.sqrt 9 - 8 = 1
  
  -- We know that √9 = 3, so let's state this fact
  have step2 : Real.sqrt 9 = 3 := by
    exact Real.sqrt_eq_three  -- Uses the library lemma that √9 = 3
  
  -- Rewrite the goal using this fact
  rw [step2]  -- Now the goal becomes: 3 * 3 - 8 = 1
  
  -- Compute 3 * 3 - 8
  have step3 : 3 * 3 - 8 = 1 := by
    norm_num  -- Computes 3*3=9, then 9-8=1
  
  -- Finally, rewrite the goal using this computation
  rw [step3]  -- Goal is now 1 = 1
  
  -- The goal is now trivially true by reflexivity
  rfl  -- Closes the goal using reflexivity of equality
2025-04-13 10:41:57 - INFO - ----------------------------------------
2025-04-13 10:41:57 - INFO - 
Detailed error repair report:
2025-04-13 10:41:57 - INFO - Original code error count: 1
❌ Fixed error 1/1: Could not generate fix for error at line 15 «rewrite_failed» (after 22.04s)

=== Fix statistics ===
Original error count: 1
Fixed errors: 0 (Fix rate: 0.0000)
Failed errors: 1
Remaining errors: 1
Total time: 24.04 seconds

=== Failed fix details ===

Failed fix 1:
   Line: 15
   Error type: rewrite_failed
   Original error message: tactic 'rewrite' failed, did not find instance of the pattern in the target expression
  2 * 8 - 7
f...
   Failure reason: Could not generate fix
   Time: 22.04 seconds
2025-04-13 10:41:57 - INFO - 
Fixed code saved to: /data/coding/minif2f/lean_fixed/64_fixed.lean
2025-04-13 10:41:57 - INFO - JSON log saved to: /data/coding/minif2f/lean_fixed/64_fix_log.json
2025-04-13 10:41:57 - INFO - 
===== LOG FILE LOCATION =====
2025-04-13 10:41:57 - INFO - Detailed log file is available at: /data/coding/minif2f/lean_fixed/64.log
2025-04-13 10:41:57 - INFO - ===============================
