2025-04-13 10:41:29 - INFO - Log file initialized at 2025-04-13T10:41:29.736507
2025-04-13 10:41:29 - INFO - ===== LOG FILE LOCATION =====
2025-04-13 10:41:29 - INFO - Detailed log file created at: /data/coding/minif2f/lean_fixed/65.log
2025-04-13 10:41:29 - INFO - ===============================
2025-04-13 10:41:29 - INFO - Original code:
2025-04-13 10:41:29 - INFO - ----------------------------------------
2025-04-13 10:41:29 - INFO - import Mathlib
import Aesop

set_option maxHeartbeats 0

open BigOperators Real Nat Topology Rat

/-- 
The midpoint of the line segment between (x,y) and (-9,1) is (3,-5). 
Find (x,y). Show that it is (15,-11).
-/
theorem mathd_algebra_126 (x y : ℝ) (h₀ : 2 * 3 = x - 9) (h₁ : 2 * -5 = y + 1) : x = 15 ∧ y = -11 := by
  -- We need to prove both x = 15 and y = -11. We'll split this into two subgoals.
  constructor
  -- First goal: prove x = 15
  · -- From hypothesis h₀: 2 * 3 = x - 9
    -- Simplify the left side: 2 * 3 = 6
    rw [mul_comm] at h₀  -- Optional: rewrites 2 * 3 to 3 * 2 (not strictly necessary)
    simp at h₀           -- Simplifies 3 * 2 to 6
    -- Now h₀ is 6 = x - 9
    -- Add 9 to both sides to solve for x
    linarith            -- Linear arithmetic can solve this equation
  -- Second goal: prove y = -11
  · -- From hypothesis h₁: 2 * -5 = y + 1
    -- Simplify the left side: 2 * -5 = -10
    simp at h₁          -- Simplifies 2 * -5 to -10
    -- Now h₁ is -10 = y + 1
    -- Subtract 1 from both sides to solve for y
    linarith            -- Linear arithmetic can solve this equation
2025-04-13 10:41:29 - INFO - ----------------------------------------
2025-04-13 10:41:29 - INFO - 
Checking original code for all errors...
2025-04-13 10:41:34 - INFO - Original code contains 1 errors:
2025-04-13 10:41:34 - INFO - Error 1: line 12, type: simp_failed, message: simp made no progress...
2025-04-13 10:41:34 - INFO - 
Starting multi-error continuous repair process...
2025-04-13 10:41:34 - INFO - 
===== Starting to fix all errors =====
2025-04-13 10:41:35 - INFO - 
Found 1 original errors:
2025-04-13 10:41:35 - INFO - Error 1: line 12, type: simp_failed, message: simp made no progress...
2025-04-13 10:41:35 - INFO - 
Trying to fix error 1/1: line 12, type: simp_failed
2025-04-13 10:41:35 - INFO - Error message: simp made no progress...
2025-04-13 10:41:35 - INFO - Removed header content, remaining 22 lines of code
2025-04-13 10:41:35 - INFO - Using specified target error line: 12
2025-04-13 10:41:36 - INFO - Found error at specified line: simp made no progress
2025-04-13 10:41:36 - INFO - Error at line 12: simp made no progress
2025-04-13 10:41:36 - INFO - 
==================================================
2025-04-13 10:41:36 - INFO - Code prepared, starting synthesis
2025-04-13 10:41:36 - INFO - Before part: /-- 
The midpoint of the line segment between (x,y) and (-9,1) is (3,-5). 
Find (x,y). Show that it is (15,-11).
-/
theorem mathd_algebra_126 (x y : ℝ) (h₀ : 2 * 3 = x - 9) (h₁ : 2 * -5 = y + 1) : x = 15 ∧ y = -11 := by
  -- We need to prove both x = 15 and y = -11. We'll split this into two subgoals.
  constructor
  -- First goal: prove x = 15
  · -- From hypothesis h₀: 2 * 3 = x - 9
    -- Simplify the left side: 2 * 3 = 6
    rw [mul_comm] at h₀  -- Optional: rewrites 2 * 3 to 3 * 2 (not strictly necessary)
2025-04-13 10:41:36 - INFO - Error line:     simp at h₀           -- Simplifies 3 * 2 to 6
2025-04-13 10:41:36 - INFO - After part: -- Now h₀ is 6 = x - 9
    -- Add 9 to both sides to solve for x
    linarith            -- Linear arithmetic can solve this equation
  -- Second goal: prove y = -11
  · -- From hypothesis h₁: 2 * -5 = y + 1
    -- Simplify the left side: 2 * -5 = -10
    simp at h₁          -- Simplifies 2 * -5 to -10
    -- Now h₁ is -10 = y + 1
    -- Subtract 1 from both sides to solve for y
    linarith            -- Linear arithmetic can solve this equation
2025-04-13 10:41:36 - INFO - ==================================================

2025-04-13 10:41:37 - INFO - Testing fragment: rw [justaplaceholder]
2025-04-13 10:41:37 - INFO - Original error line:     simp at h₀           -- Simplifies 3 * 2 to 6
2025-04-13 10:41:39 - INFO - Testing fix: Original errors: 1, Fixed errors: 2
2025-04-13 10:41:39 - INFO - Result: False (introduced 2 new errors)
2025-04-13 10:41:39 - DEBUG - === New errors detail ===
2025-04-13 10:41:39 - DEBUG - New Error 1: line 12, type: unknown_identifier, message: unknown identifier 'justaplaceholder'
2025-04-13 10:41:39 - DEBUG - New Error 2: line 12, type: rewrite_failed, message: tactic 'rewrite' failed, equality or iff proof expected
  ?m.610
case left
x y : ℝ
h₀ : 3 * 2 = x - 9
h₁ : 2 * -5 = y + 1
⊢ x = 15
2025-04-13 10:41:39 - INFO - Testing fragment: rw [<- justaplaceholder]
2025-04-13 10:41:39 - INFO - Original error line:     simp at h₀           -- Simplifies 3 * 2 to 6
2025-04-13 10:41:41 - INFO - Testing fix: Original errors: 1, Fixed errors: 2
2025-04-13 10:41:41 - INFO - Result: False (introduced 2 new errors)
2025-04-13 10:41:41 - DEBUG - === New errors detail ===
2025-04-13 10:41:41 - DEBUG - New Error 1: line 12, type: unknown_identifier, message: unknown identifier 'justaplaceholder'
2025-04-13 10:41:41 - DEBUG - New Error 2: line 12, type: rewrite_failed, message: tactic 'rewrite' failed, equality or iff proof expected
  ?m.610
case left
x y : ℝ
h₀ : 3 * 2 = x - 9
h₁ : 2 * -5 = y + 1
⊢ x = 15
2025-04-13 10:41:41 - INFO - Testing fragment: simp
2025-04-13 10:41:41 - INFO - Original error line:     simp at h₀           -- Simplifies 3 * 2 to 6
2025-04-13 10:41:43 - INFO - Testing fix: Original errors: 1, Fixed errors: 1
2025-04-13 10:41:43 - INFO - Result: False (introduced 1 new errors)
2025-04-13 10:41:43 - DEBUG - === New errors detail ===
2025-04-13 10:41:43 - DEBUG - New Error 1: line 12, type: simp_failed, message: simp made no progress
2025-04-13 10:41:43 - INFO - Testing fragment: field_simp
2025-04-13 10:41:43 - INFO - Original error line:     simp at h₀           -- Simplifies 3 * 2 to 6
2025-04-13 10:41:45 - INFO - Testing fix: Original errors: 1, Fixed errors: 1
2025-04-13 10:41:45 - INFO - Target error not fixed: simp made no progress...
2025-04-13 10:41:45 - INFO - Result: False (target error not fixed)
2025-04-13 10:41:45 - INFO - Testing fragment: norm_num
2025-04-13 10:41:45 - INFO - Original error line:     simp at h₀           -- Simplifies 3 * 2 to 6
2025-04-13 10:41:47 - INFO - Testing fix: Original errors: 1, Fixed errors: 0
2025-04-13 10:41:47 - INFO - Result: True (no errors)
2025-04-13 10:41:47 - DEBUG - === Original errors detail ===
2025-04-13 10:41:47 - DEBUG - Error 1: line 12, type: simp_failed, message: simp made no progress
2025-04-13 10:41:47 - DEBUG - === Fixed code comparison ===
2025-04-13 10:41:47 - DEBUG - Line 12 changed:
2025-04-13 10:41:47 - DEBUG -   Original:     simp at h₀           -- Simplifies 3 * 2 to 6
2025-04-13 10:41:47 - DEBUG -   Fixed:        norm_num
2025-04-13 10:41:47 - INFO - Found effective solution: norm_num
2025-04-13 10:41:47 - INFO - 
==================================================
2025-04-13 10:41:47 - INFO - Fixed code:
2025-04-13 10:41:47 - INFO - /-- 
The midpoint of the line segment between (x,y) and (-9,1) is (3,-5). 
Find (x,y). Show that it is (15,-11).
-/
theorem mathd_algebra_126 (x y : ℝ) (h₀ : 2 * 3 = x - 9) (h₁ : 2 * -5 = y + 1) : x = 15 ∧ y = -11 := by
  -- We need to prove both x = 15 and y = -11. We'll split this into two subgoals.
  constructor
  -- First goal: prove x = 15
  · -- From hypothesis h₀: 2 * 3 = x - 9
    -- Simplify the left side: 2 * 3 = 6
    rw [mul_comm] at h₀  -- Optional: rewrites 2 * 3 to 3 * 2 (not strictly necessary)
    norm_num
    -- Now h₀ is 6 = x - 9
    -- Add 9 to both sides to solve for x
    linarith            -- Linear arithmetic can solve this equation
  -- Second goal: prove y = -11
  · -- From hypothesis h₁: 2 * -5 = y + 1
    -- Simplify the left side: 2 * -5 = -10
    simp at h₁          -- Simplifies 2 * -5 to -10
    -- Now h₁ is -10 = y + 1
    -- Subtract 1 from both sides to solve for y
    linarith            -- Linear arithmetic can solve this equation
2025-04-13 10:41:47 - INFO - ==================================================
2025-04-13 10:41:49 - INFO - Original code error count: 1
2025-04-13 10:41:49 - INFO - Fixed code error count: 0
2025-04-13 10:41:49 - DEBUG - === Original errors detail ===
2025-04-13 10:41:49 - DEBUG - Error 1: line 12, type: simp_failed, message: simp made no progress
2025-04-13 10:41:49 - DEBUG - === Fixed code comparison ===
2025-04-13 10:41:49 - DEBUG - Line 12 changed:
2025-04-13 10:41:49 - DEBUG -   Original:     simp at h₀           -- Simplifies 3 * 2 to 6
2025-04-13 10:41:49 - DEBUG -   Fixed:        norm_num
2025-04-13 10:41:49 - INFO - 
==================================================
2025-04-13 10:41:49 - INFO - Synthesis successful
2025-04-13 10:41:49 - INFO - ==================================================
2025-04-13 10:41:49 - INFO - Fix time: 14.03 seconds
2025-04-13 10:41:49 - INFO - ✅ Fixed error at line 12
2025-04-13 10:41:50 - INFO - 
===== Fix attempt completed =====
2025-04-13 10:41:50 - INFO - Original errors: 1
2025-04-13 10:41:50 - INFO - Fixed errors: 1
2025-04-13 10:41:50 - INFO - Failed errors: 0
2025-04-13 10:41:50 - INFO - Remaining errors: 0
2025-04-13 10:41:50 - INFO - Total time: 16.03 seconds
2025-04-13 10:41:50 - INFO - 
Final fixed code:
2025-04-13 10:41:50 - INFO - ----------------------------------------
2025-04-13 10:41:50 - INFO - /-- 
The midpoint of the line segment between (x,y) and (-9,1) is (3,-5). 
Find (x,y). Show that it is (15,-11).
-/
theorem mathd_algebra_126 (x y : ℝ) (h₀ : 2 * 3 = x - 9) (h₁ : 2 * -5 = y + 1) : x = 15 ∧ y = -11 := by
  -- We need to prove both x = 15 and y = -11. We'll split this into two subgoals.
  constructor
  -- First goal: prove x = 15
  · -- From hypothesis h₀: 2 * 3 = x - 9
    -- Simplify the left side: 2 * 3 = 6
    rw [mul_comm] at h₀  -- Optional: rewrites 2 * 3 to 3 * 2 (not strictly necessary)
    norm_num
    -- Now h₀ is 6 = x - 9
    -- Add 9 to both sides to solve for x
    linarith            -- Linear arithmetic can solve this equation
  -- Second goal: prove y = -11
  · -- From hypothesis h₁: 2 * -5 = y + 1
    -- Simplify the left side: 2 * -5 = -10
    simp at h₁          -- Simplifies 2 * -5 to -10
    -- Now h₁ is -10 = y + 1
    -- Subtract 1 from both sides to solve for y
    linarith            -- Linear arithmetic can solve this equation
2025-04-13 10:41:50 - INFO - ----------------------------------------
2025-04-13 10:41:50 - INFO - 
Detailed error repair report:
2025-04-13 10:41:50 - INFO - Original code error count: 1
✅ Fixed error 1/1: Successfully fixed error at line 12 «simp_failed» (in 14.03s)

=== Fix statistics ===
Original error count: 1
Fixed errors: 1 (Fix rate: 1.0000)
Failed errors: 0
Remaining errors: 0
Total time: 16.03 seconds

=== Successful fix details ===

Fix 1:
   Line: 12
   Error type: simp_failed
   Original error message: simp made no progress...
   Fix snippet: norm_num
   Fixed line:     norm_num
   Time: 14.03 seconds
2025-04-13 10:41:50 - INFO - 
Fixed code saved to: /data/coding/minif2f/lean_fixed/65_fixed.lean
2025-04-13 10:41:50 - INFO - JSON log saved to: /data/coding/minif2f/lean_fixed/65_fix_log.json
2025-04-13 10:41:50 - INFO - 
===== LOG FILE LOCATION =====
2025-04-13 10:41:50 - INFO - Detailed log file is available at: /data/coding/minif2f/lean_fixed/65.log
2025-04-13 10:41:50 - INFO - ===============================
