2025-04-13 11:04:27 - INFO - Log file initialized at 2025-04-13T11:04:27.546574
2025-04-13 11:04:27 - INFO - ===== LOG FILE LOCATION =====
2025-04-13 11:04:27 - INFO - Detailed log file created at: /data/coding/minif2f/lean_fixed/67.log
2025-04-13 11:04:27 - INFO - ===============================
2025-04-13 11:04:27 - INFO - Original code:
2025-04-13 11:04:27 - INFO - ----------------------------------------
2025-04-13 11:04:27 - INFO - import Mathlib
import Aesop

set_option maxHeartbeats 0

open BigOperators Real Nat Topology Rat

/-- What is the [[reciprocal]] of $\frac{1}{2}+\frac{2}{3}$?

$\mathrm{(A)}\ \frac{6}{7}\qquad\mathrm{(B)}\ \frac{7}{6}\qquad\mathrm{(C)}\ \frac{5}{3}\qquad\mathrm{(D)}\ 3\qquad\mathrm{(E)}\ \frac{7}{2}$ Show that it is \frac{6}{7}.-/
theorem amc12a_2008_p2 (x : ℝ) (h₀ : x * (1 / 2 + 2 / 3) = 1) : x = 6 / 7 := by
  -- Our goal is to solve for x in the equation x * (1/2 + 2/3) = 1
  -- First, we'll simplify the expression inside the parentheses
  
  -- Step 1: Compute the sum of fractions 1/2 + 2/3
  -- To add fractions, we need a common denominator, which is 6 in this case
  have h₁ : (1 / 2 : ℝ) + (2 / 3) = 7 / 6 := by
    -- Convert both fractions to have denominator 6
    -- 1/2 = 3/6 and 2/3 = 4/6
    rw [div_add_div]
    -- Simplify the numerators: 1*3 + 2*2 = 3 + 4 = 7
    simp only [one_mul, mul_one]
    -- The denominator becomes 2*3 = 6
    norm_num
    -- Now we have 7/6
  
  -- Step 2: Substitute the simplified sum back into the original equation
  rw [h₁] at h₀
  -- Now h₀ becomes: x * (7/6) = 1
  
  -- Step 3: Solve for x by multiplying both sides by the reciprocal of 7/6
  -- The reciprocal of 7/6 is 6/7
  -- Multiply both sides of the equation by 6/7:
  have h₂ : x = 1 * (6 / 7) := by
    -- We can use the property that a * b = 1 implies a = 1/b when b ≠ 0
    -- First, show that 7/6 ≠ 0 (which it clearly isn't)
    have h₃ : (7 / 6 : ℝ) ≠ 0 := by norm_num
    -- Now apply the property to solve for x
    exact (eq_mul_inv_iff_mul_eq₀ h₃).mp h₀
  
  -- Step 4: Simplify the right-hand side
  -- 1 * (6/7) simplifies to 6/7
  simp only [one_mul] at h₂
  
  -- Step 5: Our goal now exactly matches h₂
  exact h₂
2025-04-13 11:04:27 - INFO - ----------------------------------------
2025-04-13 11:04:27 - INFO - 
Checking original code for all errors...
2025-04-13 11:10:22 - INFO - Original code contains 2 errors:
2025-04-13 11:10:22 - INFO - Error 1: line 10, type: other_error, message: unsolved goals
case hb
x : ℝ
h₀ : x * (1 / 2 + 2 / 3) = 1
⊢ 2 ≠ 0

case hd
x : ℝ
h₀ : x * (1 / 2 + 2...
2025-04-13 11:10:22 - INFO - Error 2: line 32, type: type_mismatch, message: application type mismatch
  (eq_mul_inv_iff_mul_eq₀ h₃).mp h₀
argument
  h₀
has type
  x * (7 / 6) =...
2025-04-13 11:10:22 - INFO - 
Starting multi-error continuous repair process...
2025-04-13 11:10:22 - INFO - 
===== Starting to fix all errors =====
2025-04-13 11:10:23 - INFO - 
Found 2 original errors:
2025-04-13 11:10:23 - INFO - Error 1: line 10, type: other_error, message: unsolved goals
case hb
x : ℝ
h₀ : x * (1 / 2 + 2 / 3) = 1
⊢ 2 ≠ 0

case hd
x : ℝ
h₀ : x * (1 / 2 + 2...
2025-04-13 11:10:23 - INFO - Error 2: line 32, type: type_mismatch, message: application type mismatch
  (eq_mul_inv_iff_mul_eq₀ h₃).mp h₀
argument
  h₀
has type
  x * (7 / 6) =...
2025-04-13 11:10:23 - INFO - 
Trying to fix error 1/2: line 10, type: other_error
2025-04-13 11:10:23 - INFO - Error message: unsolved goals
case hb
x : ℝ
h₀ : x * (1 / 2 + 2 / 3) = 1
⊢ 2 ≠ 0

case hd
x : ℝ
h₀ : x * (1 / 2 + 2...
2025-04-13 11:10:23 - INFO - Removed header content, remaining 39 lines of code
2025-04-13 11:10:23 - INFO - Using specified target error line: 10
2025-04-13 11:10:24 - INFO - Found error at specified line: unsolved goals
case hb
x : ℝ
h₀ : x * (1 / 2 + 2 / 3) = 1
⊢ 2 ≠ 0

case hd
x : ℝ
h₀ : x * (1 / 2 + 2 / 3) = 1
⊢ 3 ≠ 0
2025-04-13 11:10:24 - INFO - Error at line 10: unsolved goals
case hb
x : ℝ
h₀ : x * (1 / 2 + 2 / 3) = 1
⊢ 2 ≠ 0

case hd
x : ℝ
h₀ : x * (1 / 2 + 2 / 3) = 1
⊢ 3 ≠ 0
2025-04-13 11:10:24 - INFO - 
==================================================
2025-04-13 11:10:24 - INFO - Code prepared, starting synthesis
2025-04-13 11:10:24 - INFO - Before part: /-- What is the [[reciprocal]] of $\frac{1}{2}+\frac{2}{3}$?

$\mathrm{(A)}\ \frac{6}{7}\qquad\mathrm{(B)}\ \frac{7}{6}\qquad\mathrm{(C)}\ \frac{5}{3}\qquad\mathrm{(D)}\ 3\qquad\mathrm{(E)}\ \frac{7}{2}$ Show that it is \frac{6}{7}.-/
theorem amc12a_2008_p2 (x : ℝ) (h₀ : x * (1 / 2 + 2 / 3) = 1) : x = 6 / 7 := by
  -- Our goal is to solve for x in the equation x * (1/2 + 2/3) = 1
  -- First, we'll simplify the expression inside the parentheses
  
  -- Step 1: Compute the sum of fractions 1/2 + 2/3
  -- To add fractions, we need a common denominator, which is 6 in this case
2025-04-13 11:10:24 - INFO - Error line:   have h₁ : (1 / 2 : ℝ) + (2 / 3) = 7 / 6 := by
2025-04-13 11:10:24 - INFO - After part: -- Convert both fractions to have denominator 6
    -- 1/2 = 3/6 and 2/3 = 4/6
    rw [div_add_div]
    -- Simplify the numerators: 1*3 + 2*2 = 3 + 4 = 7
    simp only [one_mul, mul_one]
    -- The denominator becomes 2*3 = 6
    norm_num
    -- Now we have 7/6
  
  -- Step 2: Substitute the simplified sum back into the original equation
  rw [h₁] at h₀
  -- Now h₀ becomes: x * (7/6) = 1
  
  -- Step 3: Solve for x by multiplying both sides by the reciprocal of 7/6
  -- The reciprocal of 7/6 is 6/7
  -- Multiply both sides of the equation by 6/7:
  have h₂ : x = 1 * (6 / 7) := by
    -- We can use the property that a * b = 1 implies a = 1/b when b ≠ 0
    -- First, show that 7/6 ≠ 0 (which it clearly isn't)
    have h₃ : (7 / 6 : ℝ) ≠ 0 := by norm_num
    -- Now apply the property to solve for x
    exact (eq_mul_inv_iff_mul_eq₀ h₃).mp h₀
  
  -- Step 4: Simplify the right-hand side
  -- 1 * (6/7) simplifies to 6/7
  simp only [one_mul] at h₂
  
  -- Step 5: Our goal now exactly matches h₂
  exact h₂
2025-04-13 11:10:24 - INFO - ==================================================

2025-04-13 11:10:25 - INFO - Testing fragment: rw [justaplaceholder]
2025-04-13 11:10:25 - INFO - Original error line:   have h₁ : (1 / 2 : ℝ) + (2 / 3) = 7 / 6 := by
2025-04-13 11:10:27 - INFO - Testing fix: Original errors: 2, Fixed errors: 3
2025-04-13 11:10:27 - INFO - Result: False (introduced 3 new errors)
2025-04-13 11:10:27 - DEBUG - === New errors detail ===
2025-04-13 11:10:27 - DEBUG - New Error 1: line 10, type: unknown_identifier, message: unknown identifier 'justaplaceholder'
2025-04-13 11:10:27 - DEBUG - New Error 2: line 10, type: rewrite_failed, message: tactic 'rewrite' failed, equality or iff proof expected
  ?m.511
x : ℝ
h₀ : x * (1 / 2 + 2 / 3) = 1
⊢ x = 6 / 7
2025-04-13 11:10:27 - DEBUG - New Error 3: line 13, type: other_error, message: unexpected identifier; expected command
2025-04-13 11:10:27 - INFO - Testing fragment: rw [<- justaplaceholder]
2025-04-13 11:10:27 - INFO - Original error line:   have h₁ : (1 / 2 : ℝ) + (2 / 3) = 7 / 6 := by
2025-04-13 11:10:29 - INFO - Testing fix: Original errors: 2, Fixed errors: 3
2025-04-13 11:10:29 - INFO - Result: False (introduced 3 new errors)
2025-04-13 11:10:29 - DEBUG - === New errors detail ===
2025-04-13 11:10:29 - DEBUG - New Error 1: line 10, type: unknown_identifier, message: unknown identifier 'justaplaceholder'
2025-04-13 11:10:29 - DEBUG - New Error 2: line 10, type: rewrite_failed, message: tactic 'rewrite' failed, equality or iff proof expected
  ?m.511
x : ℝ
h₀ : x * (1 / 2 + 2 / 3) = 1
⊢ x = 6 / 7
2025-04-13 11:10:29 - DEBUG - New Error 3: line 13, type: other_error, message: unexpected identifier; expected command
2025-04-13 11:10:29 - INFO - Testing fragment: simp
2025-04-13 11:10:29 - INFO - Original error line:   have h₁ : (1 / 2 : ℝ) + (2 / 3) = 7 / 6 := by
2025-04-13 11:10:31 - INFO - Testing fix: Original errors: 2, Fixed errors: 2
2025-04-13 11:10:31 - INFO - Result: False (introduced 2 new errors)
2025-04-13 11:10:31 - DEBUG - === New errors detail ===
2025-04-13 11:10:31 - DEBUG - New Error 1: line 10, type: simp_failed, message: simp made no progress
2025-04-13 11:10:31 - DEBUG - New Error 2: line 13, type: other_error, message: unexpected identifier; expected command
2025-04-13 11:10:31 - INFO - Testing fragment: field_simp
2025-04-13 11:10:31 - INFO - Original error line:   have h₁ : (1 / 2 : ℝ) + (2 / 3) = 7 / 6 := by
2025-04-13 11:10:33 - INFO - Testing fix: Original errors: 2, Fixed errors: 2
2025-04-13 11:10:33 - INFO - Result: False (introduced 2 new errors)
2025-04-13 11:10:33 - DEBUG - === New errors detail ===
2025-04-13 11:10:33 - DEBUG - New Error 1: line 4, type: other_error, message: unsolved goals
x : ℝ
h₀ : x * (1 / 2 + 2 / 3) = 1
⊢ x * 7 = 6
2025-04-13 11:10:33 - DEBUG - New Error 2: line 13, type: other_error, message: unexpected identifier; expected command
2025-04-13 11:10:33 - INFO - Testing fragment: norm_num
2025-04-13 11:10:33 - INFO - Original error line:   have h₁ : (1 / 2 : ℝ) + (2 / 3) = 7 / 6 := by
2025-04-13 11:10:35 - INFO - Testing fix: Original errors: 2, Fixed errors: 2
2025-04-13 11:10:35 - INFO - Result: False (introduced 2 new errors)
2025-04-13 11:10:35 - DEBUG - === New errors detail ===
2025-04-13 11:10:35 - DEBUG - New Error 1: line 4, type: other_error, message: unsolved goals
x : ℝ
h₀ : x * (1 / 2 + 2 / 3) = 1
⊢ x = 6 / 7
2025-04-13 11:10:35 - DEBUG - New Error 2: line 13, type: other_error, message: unexpected identifier; expected command
2025-04-13 11:10:35 - INFO - Testing fragment: ring
2025-04-13 11:10:35 - INFO - Original error line:   have h₁ : (1 / 2 : ℝ) + (2 / 3) = 7 / 6 := by
2025-04-13 11:10:37 - INFO - Testing fix: Original errors: 2, Fixed errors: 3
2025-04-13 11:10:37 - INFO - Result: False (introduced 3 new errors)
2025-04-13 11:10:37 - DEBUG - === New errors detail ===
2025-04-13 11:10:37 - DEBUG - New Error 1: line 10, type: ring_failed, message: Try this: ring_nf
2025-04-13 11:10:37 - DEBUG - New Error 2: line 4, type: other_error, message: unsolved goals
x : ℝ
h₀ : x * (1 / 2 + 2 / 3) = 1
⊢ x = 6 / 7
2025-04-13 11:10:37 - DEBUG - New Error 3: line 13, type: other_error, message: unexpected identifier; expected command
2025-04-13 11:10:37 - INFO - Testing fragment: ring_nf
2025-04-13 11:10:37 - INFO - Original error line:   have h₁ : (1 / 2 : ℝ) + (2 / 3) = 7 / 6 := by
2025-04-13 11:10:39 - INFO - Testing fix: Original errors: 2, Fixed errors: 2
2025-04-13 11:10:39 - INFO - Result: False (introduced 2 new errors)
2025-04-13 11:10:39 - DEBUG - === New errors detail ===
2025-04-13 11:10:39 - DEBUG - New Error 1: line 4, type: other_error, message: unsolved goals
x : ℝ
h₀ : x * (1 / 2 + 2 / 3) = 1
⊢ x = 6 / 7
2025-04-13 11:10:39 - DEBUG - New Error 2: line 13, type: other_error, message: unexpected identifier; expected command
2025-04-13 11:10:39 - INFO - Testing fragment: omega
2025-04-13 11:10:39 - INFO - Original error line:   have h₁ : (1 / 2 : ℝ) + (2 / 3) = 7 / 6 := by
2025-04-13 11:10:41 - INFO - Testing fix: Original errors: 2, Fixed errors: 2
2025-04-13 11:10:41 - INFO - Result: False (introduced 2 new errors)
2025-04-13 11:10:41 - DEBUG - === New errors detail ===
2025-04-13 11:10:41 - DEBUG - New Error 1: line 10, type: other_error, message: omega could not prove the goal:
No usable constraints found. You may need to unfold definitions so `omega` can see linear arithmetic facts about `Nat` and `Int`, which may also involve multiplication, division, and modular remainder by constants.
2025-04-13 11:10:41 - DEBUG - New Error 2: line 13, type: other_error, message: unexpected identifier; expected command
2025-04-13 11:10:41 - INFO - Testing fragment: linarith
2025-04-13 11:10:41 - INFO - Original error line:   have h₁ : (1 / 2 : ℝ) + (2 / 3) = 7 / 6 := by
2025-04-13 11:10:43 - INFO - Testing fix: Original errors: 2, Fixed errors: 1
2025-04-13 11:10:43 - INFO - Result: False (introduced 1 new errors)
2025-04-13 11:10:43 - DEBUG - === New errors detail ===
2025-04-13 11:10:43 - DEBUG - New Error 1: line 13, type: other_error, message: unexpected identifier; expected command
2025-04-13 11:10:43 - INFO - Testing fragment: nlinarith
2025-04-13 11:10:43 - INFO - Original error line:   have h₁ : (1 / 2 : ℝ) + (2 / 3) = 7 / 6 := by
2025-04-13 11:10:45 - INFO - Testing fix: Original errors: 2, Fixed errors: 1
2025-04-13 11:10:45 - INFO - Result: False (introduced 1 new errors)
2025-04-13 11:10:45 - DEBUG - === New errors detail ===
2025-04-13 11:10:45 - DEBUG - New Error 1: line 13, type: other_error, message: unexpected identifier; expected command
2025-04-13 11:10:45 - INFO - Failed attempt time: 22.05 seconds
2025-04-13 11:10:45 - INFO - ❌ Could not generate fix for error at line 10
2025-04-13 11:10:45 - INFO - 
Trying to fix error 2/2: line 32, type: type_mismatch
2025-04-13 11:10:45 - INFO - Error message: application type mismatch
  (eq_mul_inv_iff_mul_eq₀ h₃).mp h₀
argument
  h₀
has type
  x * (7 / 6) =...
2025-04-13 11:10:45 - INFO - Removed header content, remaining 39 lines of code
2025-04-13 11:10:45 - INFO - Using specified target error line: 32
2025-04-13 11:10:46 - INFO - Found error at specified line: application type mismatch
  (eq_mul_inv_iff_mul_eq₀ h₃).mp h₀
argument
  h₀
has type
  x * (7 / 6) = 1 : Prop
but is expected to have type
  x * (7 / 6) = ?m.1676 * (7 / 6)⁻¹ : Prop
2025-04-13 11:10:46 - INFO - Error at line 32: application type mismatch
  (eq_mul_inv_iff_mul_eq₀ h₃).mp h₀
argument
  h₀
has type
  x * (7 / 6) = 1 : Prop
but is expected to have type
  x * (7 / 6) = ?m.1676 * (7 / 6)⁻¹ : Prop
2025-04-13 11:10:46 - INFO - 
==================================================
2025-04-13 11:10:46 - INFO - Code prepared, starting synthesis
2025-04-13 11:10:46 - INFO - Before part: /-- What is the [[reciprocal]] of $\frac{1}{2}+\frac{2}{3}$?

$\mathrm{(A)}\ \frac{6}{7}\qquad\mathrm{(B)}\ \frac{7}{6}\qquad\mathrm{(C)}\ \frac{5}{3}\qquad\mathrm{(D)}\ 3\qquad\mathrm{(E)}\ \frac{7}{2}$ Show that it is \frac{6}{7}.-/
theorem amc12a_2008_p2 (x : ℝ) (h₀ : x * (1 / 2 + 2 / 3) = 1) : x = 6 / 7 := by
  -- Our goal is to solve for x in the equation x * (1/2 + 2/3) = 1
  -- First, we'll simplify the expression inside the parentheses
  
  -- Step 1: Compute the sum of fractions 1/2 + 2/3
  -- To add fractions, we need a common denominator, which is 6 in this case
  have h₁ : (1 / 2 : ℝ) + (2 / 3) = 7 / 6 := by
    -- Convert both fractions to have denominator 6
    -- 1/2 = 3/6 and 2/3 = 4/6
    rw [div_add_div]
    -- Simplify the numerators: 1*3 + 2*2 = 3 + 4 = 7
    simp only [one_mul, mul_one]
    -- The denominator becomes 2*3 = 6
    norm_num
    -- Now we have 7/6
  
  -- Step 2: Substitute the simplified sum back into the original equation
  rw [h₁] at h₀
  -- Now h₀ becomes: x * (7/6) = 1
  
  -- Step 3: Solve for x by multiplying both sides by the reciprocal of 7/6
  -- The reciprocal of 7/6 is 6/7
  -- Multiply both sides of the equation by 6/7:
  have h₂ : x = 1 * (6 / 7) := by
    -- We can use the property that a * b = 1 implies a = 1/b when b ≠ 0
    -- First, show that 7/6 ≠ 0 (which it clearly isn't)
    have h₃ : (7 / 6 : ℝ) ≠ 0 := by norm_num
    -- Now apply the property to solve for x
2025-04-13 11:10:46 - INFO - Error line:     exact (eq_mul_inv_iff_mul_eq₀ h₃).mp h₀
2025-04-13 11:10:46 - INFO - After part: -- Step 4: Simplify the right-hand side
  -- 1 * (6/7) simplifies to 6/7
  simp only [one_mul] at h₂
  
  -- Step 5: Our goal now exactly matches h₂
  exact h₂
2025-04-13 11:10:46 - INFO - ==================================================

2025-04-13 11:10:47 - INFO - Testing fragment: rw [justaplaceholder]
2025-04-13 11:10:47 - INFO - Original error line:     exact (eq_mul_inv_iff_mul_eq₀ h₃).mp h₀
2025-04-13 11:10:49 - INFO - Testing fix: Original errors: 2, Fixed errors: 3
2025-04-13 11:10:49 - INFO - Result: False (introduced 2 new errors)
2025-04-13 11:10:49 - DEBUG - === New errors detail ===
2025-04-13 11:10:49 - DEBUG - New Error 1: line 32, type: unknown_identifier, message: unknown identifier 'justaplaceholder'
2025-04-13 11:10:49 - DEBUG - New Error 2: line 32, type: rewrite_failed, message: tactic 'rewrite' failed, equality or iff proof expected
  ?m.1673
x : ℝ
h₀ : x * (7 / 6) = 1
h₁ : 1 / 2 + 2 / 3 = 7 / 6
h₃ : 7 / 6 ≠ 0
⊢ x = 1 * (6 / 7)
2025-04-13 11:10:49 - INFO - Testing fragment: rw [<- justaplaceholder]
2025-04-13 11:10:49 - INFO - Original error line:     exact (eq_mul_inv_iff_mul_eq₀ h₃).mp h₀
2025-04-13 11:10:51 - INFO - Testing fix: Original errors: 2, Fixed errors: 3
2025-04-13 11:10:51 - INFO - Result: False (introduced 2 new errors)
2025-04-13 11:10:51 - DEBUG - === New errors detail ===
2025-04-13 11:10:51 - DEBUG - New Error 1: line 32, type: unknown_identifier, message: unknown identifier 'justaplaceholder'
2025-04-13 11:10:51 - DEBUG - New Error 2: line 32, type: rewrite_failed, message: tactic 'rewrite' failed, equality or iff proof expected
  ?m.1673
x : ℝ
h₀ : x * (7 / 6) = 1
h₁ : 1 / 2 + 2 / 3 = 7 / 6
h₃ : 7 / 6 ≠ 0
⊢ x = 1 * (6 / 7)
2025-04-13 11:10:51 - INFO - Testing fragment: simp
2025-04-13 11:10:51 - INFO - Original error line:     exact (eq_mul_inv_iff_mul_eq₀ h₃).mp h₀
2025-04-13 11:10:53 - INFO - Testing fix: Original errors: 2, Fixed errors: 2
2025-04-13 11:10:53 - INFO - Result: False (introduced 1 new errors)
2025-04-13 11:10:53 - DEBUG - === New errors detail ===
2025-04-13 11:10:53 - DEBUG - New Error 1: line 27, type: other_error, message: unsolved goals
x : ℝ
h₀ : x * (7 / 6) = 1
h₁ : 1 / 2 + 2 / 3 = 7 / 6
h₃ : 7 / 6 ≠ 0
⊢ x = 6 / 7
2025-04-13 11:10:53 - INFO - Testing fragment: field_simp
2025-04-13 11:10:53 - INFO - Original error line:     exact (eq_mul_inv_iff_mul_eq₀ h₃).mp h₀
2025-04-13 11:10:55 - INFO - Testing fix: Original errors: 2, Fixed errors: 2
2025-04-13 11:10:55 - INFO - Result: False (introduced 1 new errors)
2025-04-13 11:10:55 - DEBUG - === New errors detail ===
2025-04-13 11:10:55 - DEBUG - New Error 1: line 27, type: other_error, message: unsolved goals
x : ℝ
h₀ : x * (7 / 6) = 1
h₁ : 1 / 2 + 2 / 3 = 7 / 6
h₃ : 7 / 6 ≠ 0
⊢ x * 7 = 6
2025-04-13 11:10:55 - INFO - Testing fragment: norm_num
2025-04-13 11:10:55 - INFO - Original error line:     exact (eq_mul_inv_iff_mul_eq₀ h₃).mp h₀
2025-04-13 11:10:57 - INFO - Testing fix: Original errors: 2, Fixed errors: 2
2025-04-13 11:10:57 - INFO - Result: False (introduced 1 new errors)
2025-04-13 11:10:57 - DEBUG - === New errors detail ===
2025-04-13 11:10:57 - DEBUG - New Error 1: line 27, type: other_error, message: unsolved goals
x : ℝ
h₀ : x * (7 / 6) = 1
h₁ : 1 / 2 + 2 / 3 = 7 / 6
h₃ : 7 / 6 ≠ 0
⊢ x = 6 / 7
2025-04-13 11:10:57 - INFO - Testing fragment: ring
2025-04-13 11:10:57 - INFO - Original error line:     exact (eq_mul_inv_iff_mul_eq₀ h₃).mp h₀
2025-04-13 11:10:59 - INFO - Testing fix: Original errors: 2, Fixed errors: 3
2025-04-13 11:10:59 - INFO - Result: False (introduced 2 new errors)
2025-04-13 11:10:59 - DEBUG - === New errors detail ===
2025-04-13 11:10:59 - DEBUG - New Error 1: line 32, type: ring_failed, message: Try this: ring_nf
2025-04-13 11:10:59 - DEBUG - New Error 2: line 27, type: other_error, message: unsolved goals
x : ℝ
h₀ : x * (7 / 6) = 1
h₁ : 1 / 2 + 2 / 3 = 7 / 6
h₃ : 7 / 6 ≠ 0
⊢ x = 6 / 7
2025-04-13 11:10:59 - INFO - Testing fragment: ring_nf
2025-04-13 11:10:59 - INFO - Original error line:     exact (eq_mul_inv_iff_mul_eq₀ h₃).mp h₀
2025-04-13 11:11:01 - INFO - Testing fix: Original errors: 2, Fixed errors: 2
2025-04-13 11:11:01 - INFO - Result: False (introduced 1 new errors)
2025-04-13 11:11:01 - DEBUG - === New errors detail ===
2025-04-13 11:11:01 - DEBUG - New Error 1: line 27, type: other_error, message: unsolved goals
x : ℝ
h₀ : x * (7 / 6) = 1
h₁ : 1 / 2 + 2 / 3 = 7 / 6
h₃ : 7 / 6 ≠ 0
⊢ x = 6 / 7
2025-04-13 11:11:01 - INFO - Testing fragment: omega
2025-04-13 11:11:01 - INFO - Original error line:     exact (eq_mul_inv_iff_mul_eq₀ h₃).mp h₀
2025-04-13 11:11:03 - INFO - Testing fix: Original errors: 2, Fixed errors: 2
2025-04-13 11:11:03 - INFO - Result: False (introduced 1 new errors)
2025-04-13 11:11:03 - DEBUG - === New errors detail ===
2025-04-13 11:11:03 - DEBUG - New Error 1: line 32, type: other_error, message: omega could not prove the goal:
No usable constraints found. You may need to unfold definitions so `omega` can see linear arithmetic facts about `Nat` and `Int`, which may also involve multiplication, division, and modular remainder by constants.
2025-04-13 11:11:03 - INFO - Testing fragment: linarith
2025-04-13 11:11:03 - INFO - Original error line:     exact (eq_mul_inv_iff_mul_eq₀ h₃).mp h₀
2025-04-13 11:11:05 - INFO - Testing fix: Original errors: 2, Fixed errors: 1
2025-04-13 11:11:05 - INFO - Result: True (target error fixed and no new errors introduced)
2025-04-13 11:11:05 - DEBUG - === Original errors detail ===
2025-04-13 11:11:05 - DEBUG - Error 1: line 10, type: other_error, message: unsolved goals
case hb
x : ℝ
h₀ : x * (1 / 2 + 2 / 3) = 1
⊢ 2 ≠ 0

case hd
x : ℝ
h₀ : x * (1 / 2 + 2 / 3) = 1
⊢ 3 ≠ 0
2025-04-13 11:11:05 - DEBUG - Error 2: line 32, type: type_mismatch, message: application type mismatch
  (eq_mul_inv_iff_mul_eq₀ h₃).mp h₀
argument
  h₀
has type
  x * (7 / 6) = 1 : Prop
but is expected to have type
  x * (7 / 6) = ?m.1676 * (7 / 6)⁻¹ : Prop
2025-04-13 11:11:05 - DEBUG - === Fixed code comparison ===
2025-04-13 11:11:05 - DEBUG - Line 32 changed:
2025-04-13 11:11:05 - DEBUG -   Original:     exact (eq_mul_inv_iff_mul_eq₀ h₃).mp h₀
2025-04-13 11:11:05 - DEBUG -   Fixed:        linarith
2025-04-13 11:11:05 - INFO - Found effective solution: linarith
2025-04-13 11:11:05 - INFO - 
==================================================
2025-04-13 11:11:05 - INFO - Fixed code:
2025-04-13 11:11:05 - INFO - /-- What is the [[reciprocal]] of $\frac{1}{2}+\frac{2}{3}$?

$\mathrm{(A)}\ \frac{6}{7}\qquad\mathrm{(B)}\ \frac{7}{6}\qquad\mathrm{(C)}\ \frac{5}{3}\qquad\mathrm{(D)}\ 3\qquad\mathrm{(E)}\ \frac{7}{2}$ Show that it is \frac{6}{7}.-/
theorem amc12a_2008_p2 (x : ℝ) (h₀ : x * (1 / 2 + 2 / 3) = 1) : x = 6 / 7 := by
  -- Our goal is to solve for x in the equation x * (1/2 + 2/3) = 1
  -- First, we'll simplify the expression inside the parentheses
  
  -- Step 1: Compute the sum of fractions 1/2 + 2/3
  -- To add fractions, we need a common denominator, which is 6 in this case
  have h₁ : (1 / 2 : ℝ) + (2 / 3) = 7 / 6 := by
    -- Convert both fractions to have denominator 6
    -- 1/2 = 3/6 and 2/3 = 4/6
    rw [div_add_div]
    -- Simplify the numerators: 1*3 + 2*2 = 3 + 4 = 7
    simp only [one_mul, mul_one]
    -- The denominator becomes 2*3 = 6
    norm_num
    -- Now we have 7/6
  
  -- Step 2: Substitute the simplified sum back into the original equation
  rw [h₁] at h₀
  -- Now h₀ becomes: x * (7/6) = 1
  
  -- Step 3: Solve for x by multiplying both sides by the reciprocal of 7/6
  -- The reciprocal of 7/6 is 6/7
  -- Multiply both sides of the equation by 6/7:
  have h₂ : x = 1 * (6 / 7) := by
    -- We can use the property that a * b = 1 implies a = 1/b when b ≠ 0
    -- First, show that 7/6 ≠ 0 (which it clearly isn't)
    have h₃ : (7 / 6 : ℝ) ≠ 0 := by norm_num
    -- Now apply the property to solve for x
    linarith
  
  -- Step 4: Simplify the right-hand side
  -- 1 * (6/7) simplifies to 6/7
  simp only [one_mul] at h₂
  
  -- Step 5: Our goal now exactly matches h₂
  exact h₂
2025-04-13 11:11:05 - INFO - ==================================================
2025-04-13 11:11:07 - INFO - Original code error count: 2
2025-04-13 11:11:07 - INFO - Fixed code error count: 1
2025-04-13 11:11:07 - INFO - Result: True (target error fixed and no new errors introduced)
2025-04-13 11:11:07 - DEBUG - === Original errors detail ===
2025-04-13 11:11:07 - DEBUG - Error 1: line 10, type: other_error, message: unsolved goals
case hb
x : ℝ
h₀ : x * (1 / 2 + 2 / 3) = 1
⊢ 2 ≠ 0

case hd
x : ℝ
h₀ : x * (1 / 2 + 2 / 3) = 1
⊢ 3 ≠ 0
2025-04-13 11:11:07 - DEBUG - Error 2: line 32, type: type_mismatch, message: application type mismatch
  (eq_mul_inv_iff_mul_eq₀ h₃).mp h₀
argument
  h₀
has type
  x * (7 / 6) = 1 : Prop
but is expected to have type
  x * (7 / 6) = ?m.1676 * (7 / 6)⁻¹ : Prop
2025-04-13 11:11:07 - DEBUG - === Fixed code comparison ===
2025-04-13 11:11:07 - DEBUG - Line 32 changed:
2025-04-13 11:11:07 - DEBUG -   Original:     exact (eq_mul_inv_iff_mul_eq₀ h₃).mp h₀
2025-04-13 11:11:07 - DEBUG -   Fixed:        linarith
2025-04-13 11:11:07 - INFO - 
==================================================
2025-04-13 11:11:07 - INFO - Synthesis successful
2025-04-13 11:11:07 - INFO - ==================================================
2025-04-13 11:11:07 - INFO - Fix time: 22.04 seconds
2025-04-13 11:11:07 - INFO - ✅ Fixed error at line 32
2025-04-13 11:11:08 - INFO - 
===== Fix attempt completed =====
2025-04-13 11:11:08 - INFO - Original errors: 2
2025-04-13 11:11:08 - INFO - Fixed errors: 1
2025-04-13 11:11:08 - INFO - Failed errors: 1
2025-04-13 11:11:08 - INFO - Remaining errors: 1
2025-04-13 11:11:08 - INFO - Total time: 46.09 seconds
2025-04-13 11:11:08 - INFO - 
Final fixed code:
2025-04-13 11:11:08 - INFO - ----------------------------------------
2025-04-13 11:11:08 - INFO - /-- What is the [[reciprocal]] of $\frac{1}{2}+\frac{2}{3}$?

$\mathrm{(A)}\ \frac{6}{7}\qquad\mathrm{(B)}\ \frac{7}{6}\qquad\mathrm{(C)}\ \frac{5}{3}\qquad\mathrm{(D)}\ 3\qquad\mathrm{(E)}\ \frac{7}{2}$ Show that it is \frac{6}{7}.-/
theorem amc12a_2008_p2 (x : ℝ) (h₀ : x * (1 / 2 + 2 / 3) = 1) : x = 6 / 7 := by
  -- Our goal is to solve for x in the equation x * (1/2 + 2/3) = 1
  -- First, we'll simplify the expression inside the parentheses
  
  -- Step 1: Compute the sum of fractions 1/2 + 2/3
  -- To add fractions, we need a common denominator, which is 6 in this case
  have h₁ : (1 / 2 : ℝ) + (2 / 3) = 7 / 6 := by
    -- Convert both fractions to have denominator 6
    -- 1/2 = 3/6 and 2/3 = 4/6
    rw [div_add_div]
    -- Simplify the numerators: 1*3 + 2*2 = 3 + 4 = 7
    simp only [one_mul, mul_one]
    -- The denominator becomes 2*3 = 6
    norm_num
    -- Now we have 7/6
  
  -- Step 2: Substitute the simplified sum back into the original equation
  rw [h₁] at h₀
  -- Now h₀ becomes: x * (7/6) = 1
  
  -- Step 3: Solve for x by multiplying both sides by the reciprocal of 7/6
  -- The reciprocal of 7/6 is 6/7
  -- Multiply both sides of the equation by 6/7:
  have h₂ : x = 1 * (6 / 7) := by
    -- We can use the property that a * b = 1 implies a = 1/b when b ≠ 0
    -- First, show that 7/6 ≠ 0 (which it clearly isn't)
    have h₃ : (7 / 6 : ℝ) ≠ 0 := by norm_num
    -- Now apply the property to solve for x
    linarith
  
  -- Step 4: Simplify the right-hand side
  -- 1 * (6/7) simplifies to 6/7
  simp only [one_mul] at h₂
  
  -- Step 5: Our goal now exactly matches h₂
  exact h₂
2025-04-13 11:11:08 - INFO - ----------------------------------------
2025-04-13 11:11:08 - INFO - 
Detailed error repair report:
2025-04-13 11:11:08 - INFO - Original code error count: 2
❌ Fixed error 1/2: Could not generate fix for error at line 10 «other_error» (after 22.05s)
✅ Fixed error 2/2: Successfully fixed error at line 32 «type_mismatch» (in 22.04s)

=== Fix statistics ===
Original error count: 2
Fixed errors: 1 (Fix rate: 0.5000)
Failed errors: 1
Remaining errors: 1
Total time: 46.09 seconds

=== Successful fix details ===

Fix 1:
   Line: 32
   Error type: type_mismatch
   Original error message: application type mismatch
  (eq_mul_inv_iff_mul_eq₀ h₃).mp h₀
argument
  h₀
has type
  x * (7 / 6) =...
   Fix snippet: linarith
   Fixed line:     linarith
   Time: 22.04 seconds

=== Failed fix details ===

Failed fix 1:
   Line: 10
   Error type: other_error
   Original error message: unsolved goals
case hb
x : ℝ
h₀ : x * (1 / 2 + 2 / 3) = 1
⊢ 2 ≠ 0

case hd
x : ℝ
h₀ : x * (1 / 2 + 2...
   Failure reason: Could not generate fix
   Time: 22.05 seconds
2025-04-13 11:11:08 - INFO - 
Fixed code saved to: /data/coding/minif2f/lean_fixed/67_fixed.lean
2025-04-13 11:11:08 - INFO - JSON log saved to: /data/coding/minif2f/lean_fixed/67_fix_log.json
2025-04-13 11:11:08 - INFO - 
===== LOG FILE LOCATION =====
2025-04-13 11:11:08 - INFO - Detailed log file is available at: /data/coding/minif2f/lean_fixed/67.log
2025-04-13 11:11:08 - INFO - ===============================
