2025-04-13 11:05:13 - INFO - Log file initialized at 2025-04-13T11:05:13.884699
2025-04-13 11:05:13 - INFO - ===== LOG FILE LOCATION =====
2025-04-13 11:05:13 - INFO - Detailed log file created at: ./minif2f/lean_fixed/69.log
2025-04-13 11:05:13 - INFO - ===============================
2025-04-13 11:05:13 - INFO - Original code:
2025-04-13 11:05:13 - INFO - ----------------------------------------
2025-04-13 11:05:13 - INFO - import Mathlib
import Aesop

set_option maxHeartbeats 0

open BigOperators Real Nat Topology Rat

/-- Let $x$ be a positive real number. Show that $2 - \sqrt{2} \geq 2 - x - \frac{1}{2x}$.-/
theorem algebra_amgm_faxinrrp2msqrt2geq2mxm1div2x :
    ∀ x > 0, 2 - Real.sqrt 2 ≥ 2 - x - 1 / (2 * x) := by
  -- Introduce the positive real number x
  intro x hx
  -- The inequality can be simplified by subtracting 2 from both sides
  -- Original: 2 - √2 ≥ 2 - x - 1/(2x)
  -- Simplified: -√2 ≥ -x - 1/(2x)
  -- Which is equivalent to: x + 1/(2x) ≥ √2
  -- So we'll prove this equivalent inequality instead
  suffices x + 1 / (2 * x) ≥ Real.sqrt 2 by linarith
  -- To prove x + 1/(2x) ≥ √2, we'll use the AM-GM inequality
  -- First, let's rewrite 1/(2x) as (1/2)*(1/x) for clarity
  have : 1 / (2 * x) = (1/2) * (1/x) := by field_simp; ring
  rw [this]
  -- Now consider the two terms: x and (1/2)*(1/x)
  -- Their arithmetic mean is (x + (1/2)*(1/x))/2
  -- Their geometric mean is √(x * (1/2)*(1/x)) = √(1/2) = 1/√2
  -- By AM-GM inequality: (x + (1/2)*(1/x))/2 ≥ √(x * (1/2)*(1/x))
  have amgm := Real.arith_mean_geom_mean (a := x) (b := (1/2)*(1/x)) (ha := hx) (hb := by positivity)
  -- Simplify the geometric mean side: √(x * (1/2)*(1/x)) = √(1/2) = 1/√2
  simp at amgm
  -- Now we have: (x + (1/2)*(1/x)) ≥ 2*(1/√2) = √2
  -- Because 2/√2 = (√2 * √2)/√2 = √2
  rw [← div_eq_mul_inv, div_sqrt] at amgm
  -- Now amgm exactly matches our goal
  exact amgm
2025-04-13 11:05:13 - INFO - ----------------------------------------
2025-04-13 11:05:13 - INFO - 
Checking original code for all errors...
2025-04-13 11:10:22 - INFO - Original code contains 3 errors:
2025-04-13 11:10:22 - INFO - Error 1: line 14, type: no_goals_to_solve, message: no goals to be solved...
2025-04-13 11:10:22 - INFO - Error 2: line 20, type: unknown_constant, message: unknown constant 'Real.arith_mean_geom_mean'...
2025-04-13 11:10:22 - INFO - Error 3: line 3, type: other_error, message: unsolved goals
x : ℝ
hx : x > 0
this : 1 / (2 * x) = 1 / 2 * (1 / x)
⊢ x + 1 / 2 * (1 / x) ≥ √2...
2025-04-13 11:10:22 - INFO - 
Starting multi-error continuous repair process...
2025-04-13 11:10:22 - INFO - 
===== Starting to fix all errors =====
2025-04-13 11:10:23 - INFO - 
Found 3 original errors:
2025-04-13 11:10:23 - INFO - Error 1: line 14, type: no_goals_to_solve, message: no goals to be solved...
2025-04-13 11:10:23 - INFO - Error 2: line 20, type: unknown_constant, message: unknown constant 'Real.arith_mean_geom_mean'...
2025-04-13 11:10:23 - INFO - Error 3: line 3, type: other_error, message: unsolved goals
x : ℝ
hx : x > 0
this : 1 / (2 * x) = 1 / 2 * (1 / x)
⊢ x + 1 / 2 * (1 / x) ≥ √2...
2025-04-13 11:10:23 - INFO - 
Trying to fix error 1/3: line 3, type: other_error
2025-04-13 11:10:23 - INFO - Error message: unsolved goals
x : ℝ
hx : x > 0
this : 1 / (2 * x) = 1 / 2 * (1 / x)
⊢ x + 1 / 2 * (1 / x) ≥ √2...
2025-04-13 11:10:23 - INFO - Removed header content, remaining 27 lines of code
2025-04-13 11:10:23 - INFO - Using specified target error line: 3
2025-04-13 11:10:24 - INFO - Found error at specified line: unsolved goals
x : ℝ
hx : x > 0
this : 1 / (2 * x) = 1 / 2 * (1 / x)
⊢ x + 1 / 2 * (1 / x) ≥ √2
2025-04-13 11:10:24 - INFO - Error at line 3: unsolved goals
x : ℝ
hx : x > 0
this : 1 / (2 * x) = 1 / 2 * (1 / x)
⊢ x + 1 / 2 * (1 / x) ≥ √2
2025-04-13 11:10:24 - INFO - 
==================================================
2025-04-13 11:10:24 - INFO - Code prepared, starting synthesis
2025-04-13 11:10:24 - INFO - Before part: /-- Let $x$ be a positive real number. Show that $2 - \sqrt{2} \geq 2 - x - \frac{1}{2x}$.-/
theorem algebra_amgm_faxinrrp2msqrt2geq2mxm1div2x :
2025-04-13 11:10:24 - INFO - Error line:     ∀ x > 0, 2 - Real.sqrt 2 ≥ 2 - x - 1 / (2 * x) := by
2025-04-13 11:10:24 - INFO - After part: -- Introduce the positive real number x
  intro x hx
  -- The inequality can be simplified by subtracting 2 from both sides
  -- Original: 2 - √2 ≥ 2 - x - 1/(2x)
  -- Simplified: -√2 ≥ -x - 1/(2x)
  -- Which is equivalent to: x + 1/(2x) ≥ √2
  -- So we'll prove this equivalent inequality instead
  suffices x + 1 / (2 * x) ≥ Real.sqrt 2 by linarith
  -- To prove x + 1/(2x) ≥ √2, we'll use the AM-GM inequality
  -- First, let's rewrite 1/(2x) as (1/2)*(1/x) for clarity
  have : 1 / (2 * x) = (1/2) * (1/x) := by field_simp; ring
  rw [this]
  -- Now consider the two terms: x and (1/2)*(1/x)
  -- Their arithmetic mean is (x + (1/2)*(1/x))/2
  -- Their geometric mean is √(x * (1/2)*(1/x)) = √(1/2) = 1/√2
  -- By AM-GM inequality: (x + (1/2)*(1/x))/2 ≥ √(x * (1/2)*(1/x))
  have amgm := Real.arith_mean_geom_mean (a := x) (b := (1/2)*(1/x)) (ha := hx) (hb := by positivity)
  -- Simplify the geometric mean side: √(x * (1/2)*(1/x)) = √(1/2) = 1/√2
  simp at amgm
  -- Now we have: (x + (1/2)*(1/x)) ≥ 2*(1/√2) = √2
  -- Because 2/√2 = (√2 * √2)/√2 = √2
  rw [← div_eq_mul_inv, div_sqrt] at amgm
  -- Now amgm exactly matches our goal
  exact amgm
2025-04-13 11:10:24 - INFO - ==================================================

2025-04-13 11:10:25 - INFO - Testing fragment: rw [justaplaceholder]
2025-04-13 11:10:25 - INFO - Original error line:     ∀ x > 0, 2 - Real.sqrt 2 ≥ 2 - x - 1 / (2 * x) := by
2025-04-13 11:10:27 - INFO - Testing fix: Original errors: 3, Fixed errors: 2
2025-04-13 11:10:27 - INFO - Result: False (introduced 2 new errors)
2025-04-13 11:10:27 - DEBUG - === New errors detail ===
2025-04-13 11:10:27 - DEBUG - New Error 1: line 5, type: syntax_error, message: unexpected token 'suffices'; expected ':=', 'where' or '|'
2025-04-13 11:10:27 - DEBUG - New Error 2: line 3, type: function_expected, message: function expected at
  rw
term has type
  ?m.3
2025-04-13 11:10:27 - INFO - Testing fragment: rw [<- justaplaceholder]
2025-04-13 11:10:27 - INFO - Original error line:     ∀ x > 0, 2 - Real.sqrt 2 ≥ 2 - x - 1 / (2 * x) := by
2025-04-13 11:10:29 - INFO - Testing fix: Original errors: 3, Fixed errors: 2
2025-04-13 11:10:29 - INFO - Result: False (introduced 2 new errors)
2025-04-13 11:10:29 - DEBUG - === New errors detail ===
2025-04-13 11:10:29 - DEBUG - New Error 1: line 5, type: syntax_error, message: unexpected token 'suffices'; expected ':=', 'where' or '|'
2025-04-13 11:10:29 - DEBUG - New Error 2: line 3, type: function_expected, message: function expected at
  rw
term has type
  ?m.3
2025-04-13 11:10:29 - INFO - Testing fragment: simp
2025-04-13 11:10:29 - INFO - Original error line:     ∀ x > 0, 2 - Real.sqrt 2 ≥ 2 - x - 1 / (2 * x) := by
2025-04-13 11:10:31 - INFO - Testing fix: Original errors: 3, Fixed errors: 2
2025-04-13 11:10:31 - INFO - Result: False (introduced 2 new errors)
2025-04-13 11:10:31 - DEBUG - === New errors detail ===
2025-04-13 11:10:31 - DEBUG - New Error 1: line 5, type: syntax_error, message: unexpected token 'suffices'; expected ':=', 'where' or '|'
2025-04-13 11:10:31 - DEBUG - New Error 2: line 3, type: function_expected, message: function expected at
  simp
term has type
  ?m.3
2025-04-13 11:10:31 - INFO - Testing fragment: field_simp
2025-04-13 11:10:31 - INFO - Original error line:     ∀ x > 0, 2 - Real.sqrt 2 ≥ 2 - x - 1 / (2 * x) := by
2025-04-13 11:10:33 - INFO - Testing fix: Original errors: 3, Fixed errors: 2
2025-04-13 11:10:33 - INFO - Result: False (introduced 2 new errors)
2025-04-13 11:10:33 - DEBUG - === New errors detail ===
2025-04-13 11:10:33 - DEBUG - New Error 1: line 5, type: syntax_error, message: unexpected token 'suffices'; expected ':=', 'where' or '|'
2025-04-13 11:10:33 - DEBUG - New Error 2: line 3, type: function_expected, message: function expected at
  field_simp
term has type
  ?m.3
2025-04-13 11:10:33 - INFO - Testing fragment: norm_num
2025-04-13 11:10:33 - INFO - Original error line:     ∀ x > 0, 2 - Real.sqrt 2 ≥ 2 - x - 1 / (2 * x) := by
2025-04-13 11:10:35 - INFO - Testing fix: Original errors: 3, Fixed errors: 2
2025-04-13 11:10:35 - INFO - Result: False (introduced 2 new errors)
2025-04-13 11:10:35 - DEBUG - === New errors detail ===
2025-04-13 11:10:35 - DEBUG - New Error 1: line 5, type: syntax_error, message: unexpected token 'suffices'; expected ':=', 'where' or '|'
2025-04-13 11:10:35 - DEBUG - New Error 2: line 3, type: function_expected, message: function expected at
  norm_num
term has type
  Lean.ParserDescr
2025-04-13 11:10:35 - INFO - Testing fragment: ring
2025-04-13 11:10:35 - INFO - Original error line:     ∀ x > 0, 2 - Real.sqrt 2 ≥ 2 - x - 1 / (2 * x) := by
2025-04-13 11:10:37 - INFO - Testing fix: Original errors: 3, Fixed errors: 2
2025-04-13 11:10:37 - INFO - Result: False (introduced 2 new errors)
2025-04-13 11:10:37 - DEBUG - === New errors detail ===
2025-04-13 11:10:37 - DEBUG - New Error 1: line 5, type: syntax_error, message: unexpected token 'suffices'; expected ':=', 'where' or '|'
2025-04-13 11:10:37 - DEBUG - New Error 2: line 3, type: function_expected, message: function expected at
  ring
term has type
  ?m.3
2025-04-13 11:10:37 - INFO - Testing fragment: ring_nf
2025-04-13 11:10:37 - INFO - Original error line:     ∀ x > 0, 2 - Real.sqrt 2 ≥ 2 - x - 1 / (2 * x) := by
2025-04-13 11:10:39 - INFO - Testing fix: Original errors: 3, Fixed errors: 2
2025-04-13 11:10:39 - INFO - Result: False (introduced 2 new errors)
2025-04-13 11:10:39 - DEBUG - === New errors detail ===
2025-04-13 11:10:39 - DEBUG - New Error 1: line 5, type: syntax_error, message: unexpected token 'suffices'; expected ':=', 'where' or '|'
2025-04-13 11:10:39 - DEBUG - New Error 2: line 3, type: function_expected, message: function expected at
  ring_nf
term has type
  ?m.3
2025-04-13 11:10:39 - INFO - Testing fragment: omega
2025-04-13 11:10:39 - INFO - Original error line:     ∀ x > 0, 2 - Real.sqrt 2 ≥ 2 - x - 1 / (2 * x) := by
2025-04-13 11:10:41 - INFO - Testing fix: Original errors: 3, Fixed errors: 2
2025-04-13 11:10:41 - INFO - Result: False (introduced 2 new errors)
2025-04-13 11:10:41 - DEBUG - === New errors detail ===
2025-04-13 11:10:41 - DEBUG - New Error 1: line 5, type: syntax_error, message: unexpected token 'suffices'; expected ':=', 'where' or '|'
2025-04-13 11:10:41 - DEBUG - New Error 2: line 3, type: function_expected, message: function expected at
  omega
term has type
  ?m.3
2025-04-13 11:10:41 - INFO - Testing fragment: linarith
2025-04-13 11:10:41 - INFO - Original error line:     ∀ x > 0, 2 - Real.sqrt 2 ≥ 2 - x - 1 / (2 * x) := by
2025-04-13 11:10:43 - INFO - Testing fix: Original errors: 3, Fixed errors: 2
2025-04-13 11:10:43 - INFO - Result: False (introduced 2 new errors)
2025-04-13 11:10:43 - DEBUG - === New errors detail ===
2025-04-13 11:10:43 - DEBUG - New Error 1: line 5, type: syntax_error, message: unexpected token 'suffices'; expected ':=', 'where' or '|'
2025-04-13 11:10:43 - DEBUG - New Error 2: line 3, type: function_expected, message: function expected at
  linarith
term has type
  Lean.ParserDescr
2025-04-13 11:10:43 - INFO - Testing fragment: nlinarith
2025-04-13 11:10:43 - INFO - Original error line:     ∀ x > 0, 2 - Real.sqrt 2 ≥ 2 - x - 1 / (2 * x) := by
2025-04-13 11:10:45 - INFO - Testing fix: Original errors: 3, Fixed errors: 2
2025-04-13 11:10:45 - INFO - Result: False (introduced 2 new errors)
2025-04-13 11:10:45 - DEBUG - === New errors detail ===
2025-04-13 11:10:45 - DEBUG - New Error 1: line 5, type: syntax_error, message: unexpected token 'suffices'; expected ':=', 'where' or '|'
2025-04-13 11:10:45 - DEBUG - New Error 2: line 3, type: function_expected, message: function expected at
  nlinarith
term has type
  Lean.ParserDescr
2025-04-13 11:10:45 - INFO - Failed attempt time: 22.04 seconds
2025-04-13 11:10:45 - INFO - ❌ Could not generate fix for error at line 3
2025-04-13 11:10:45 - INFO - 
Trying to fix error 2/3: line 14, type: no_goals_to_solve
2025-04-13 11:10:45 - INFO - Error message: no goals to be solved...
2025-04-13 11:10:45 - INFO - Removed header content, remaining 27 lines of code
2025-04-13 11:10:45 - INFO - Using specified target error line: 14
2025-04-13 11:10:46 - INFO - Found error at specified line: no goals to be solved
2025-04-13 11:10:46 - INFO - Error at line 14: no goals to be solved
2025-04-13 11:10:46 - INFO - 
==================================================
2025-04-13 11:10:46 - INFO - Code prepared, starting synthesis
2025-04-13 11:10:46 - INFO - Before part: /-- Let $x$ be a positive real number. Show that $2 - \sqrt{2} \geq 2 - x - \frac{1}{2x}$.-/
theorem algebra_amgm_faxinrrp2msqrt2geq2mxm1div2x :
    ∀ x > 0, 2 - Real.sqrt 2 ≥ 2 - x - 1 / (2 * x) := by
  -- Introduce the positive real number x
  intro x hx
  -- The inequality can be simplified by subtracting 2 from both sides
  -- Original: 2 - √2 ≥ 2 - x - 1/(2x)
  -- Simplified: -√2 ≥ -x - 1/(2x)
  -- Which is equivalent to: x + 1/(2x) ≥ √2
  -- So we'll prove this equivalent inequality instead
  suffices x + 1 / (2 * x) ≥ Real.sqrt 2 by linarith
  -- To prove x + 1/(2x) ≥ √2, we'll use the AM-GM inequality
  -- First, let's rewrite 1/(2x) as (1/2)*(1/x) for clarity
2025-04-13 11:10:46 - INFO - Error line:   have : 1 / (2 * x) = (1/2) * (1/x) := by field_simp; ring
2025-04-13 11:10:46 - INFO - After part: rw [this]
  -- Now consider the two terms: x and (1/2)*(1/x)
  -- Their arithmetic mean is (x + (1/2)*(1/x))/2
  -- Their geometric mean is √(x * (1/2)*(1/x)) = √(1/2) = 1/√2
  -- By AM-GM inequality: (x + (1/2)*(1/x))/2 ≥ √(x * (1/2)*(1/x))
  have amgm := Real.arith_mean_geom_mean (a := x) (b := (1/2)*(1/x)) (ha := hx) (hb := by positivity)
  -- Simplify the geometric mean side: √(x * (1/2)*(1/x)) = √(1/2) = 1/√2
  simp at amgm
  -- Now we have: (x + (1/2)*(1/x)) ≥ 2*(1/√2) = √2
  -- Because 2/√2 = (√2 * √2)/√2 = √2
  rw [← div_eq_mul_inv, div_sqrt] at amgm
  -- Now amgm exactly matches our goal
  exact amgm
2025-04-13 11:10:46 - INFO - ==================================================

2025-04-13 11:10:47 - INFO - Testing fragment: rw [justaplaceholder]
2025-04-13 11:10:47 - INFO - Original error line:   have : 1 / (2 * x) = (1/2) * (1/x) := by field_simp; ring
2025-04-13 11:10:49 - INFO - Testing fix: Original errors: 3, Fixed errors: 4
2025-04-13 11:10:49 - INFO - Result: False (introduced 2 new errors)
2025-04-13 11:10:49 - DEBUG - === New errors detail ===
2025-04-13 11:10:49 - DEBUG - New Error 1: line 14, type: unknown_identifier, message: unknown identifier 'justaplaceholder'
2025-04-13 11:10:49 - DEBUG - New Error 2: line 14, type: rewrite_failed, message: tactic 'rewrite' failed, equality or iff proof expected
  ?m.2418
x : ℝ
hx : x > 0
⊢ 1 / (2 * x) = 1 / 2 * (1 / x)
2025-04-13 11:10:49 - INFO - Testing fragment: rw [<- justaplaceholder]
2025-04-13 11:10:49 - INFO - Original error line:   have : 1 / (2 * x) = (1/2) * (1/x) := by field_simp; ring
2025-04-13 11:10:51 - INFO - Testing fix: Original errors: 3, Fixed errors: 4
2025-04-13 11:10:51 - INFO - Result: False (introduced 2 new errors)
2025-04-13 11:10:51 - DEBUG - === New errors detail ===
2025-04-13 11:10:51 - DEBUG - New Error 1: line 14, type: unknown_identifier, message: unknown identifier 'justaplaceholder'
2025-04-13 11:10:51 - DEBUG - New Error 2: line 14, type: rewrite_failed, message: tactic 'rewrite' failed, equality or iff proof expected
  ?m.2418
x : ℝ
hx : x > 0
⊢ 1 / (2 * x) = 1 / 2 * (1 / x)
2025-04-13 11:10:51 - INFO - Testing fragment: simp
2025-04-13 11:10:51 - INFO - Original error line:   have : 1 / (2 * x) = (1/2) * (1/x) := by field_simp; ring
2025-04-13 11:10:53 - INFO - Testing fix: Original errors: 3, Fixed errors: 3
2025-04-13 11:10:53 - INFO - Result: False (introduced 1 new errors)
2025-04-13 11:10:53 - DEBUG - === New errors detail ===
2025-04-13 11:10:53 - DEBUG - New Error 1: line 14, type: other_error, message: unsolved goals
x : ℝ
hx : x > 0
⊢ x⁻¹ * 2⁻¹ = 2⁻¹ * x⁻¹
2025-04-13 11:10:53 - INFO - Testing fragment: field_simp
2025-04-13 11:10:53 - INFO - Original error line:   have : 1 / (2 * x) = (1/2) * (1/x) := by field_simp; ring
2025-04-13 11:10:55 - INFO - Testing fix: Original errors: 3, Fixed errors: 2
2025-04-13 11:10:55 - INFO - Result: True (target error fixed and no new errors introduced)
2025-04-13 11:10:55 - DEBUG - === Original errors detail ===
2025-04-13 11:10:55 - DEBUG - Error 1: line 14, type: no_goals_to_solve, message: no goals to be solved
2025-04-13 11:10:55 - DEBUG - Error 2: line 20, type: unknown_constant, message: unknown constant 'Real.arith_mean_geom_mean'
2025-04-13 11:10:55 - DEBUG - Error 3: line 3, type: other_error, message: unsolved goals
x : ℝ
hx : x > 0
this : 1 / (2 * x) = 1 / 2 * (1 / x)
⊢ x + 1 / 2 * (1 / x) ≥ √2
2025-04-13 11:10:55 - DEBUG - === Fixed code comparison ===
2025-04-13 11:10:55 - DEBUG - Line 14 changed:
2025-04-13 11:10:55 - DEBUG -   Original:   have : 1 / (2 * x) = (1/2) * (1/x) := by field_simp; ring
2025-04-13 11:10:55 - DEBUG -   Fixed:      have : 1 / (2 * x) = (1/2) * (1/x) := by field_simp
2025-04-13 11:10:55 - INFO - Found effective solution: field_simp
2025-04-13 11:10:55 - INFO - 
==================================================
2025-04-13 11:10:55 - INFO - Fixed code:
2025-04-13 11:10:55 - INFO - /-- Let $x$ be a positive real number. Show that $2 - \sqrt{2} \geq 2 - x - \frac{1}{2x}$.-/
theorem algebra_amgm_faxinrrp2msqrt2geq2mxm1div2x :
    ∀ x > 0, 2 - Real.sqrt 2 ≥ 2 - x - 1 / (2 * x) := by
  -- Introduce the positive real number x
  intro x hx
  -- The inequality can be simplified by subtracting 2 from both sides
  -- Original: 2 - √2 ≥ 2 - x - 1/(2x)
  -- Simplified: -√2 ≥ -x - 1/(2x)
  -- Which is equivalent to: x + 1/(2x) ≥ √2
  -- So we'll prove this equivalent inequality instead
  suffices x + 1 / (2 * x) ≥ Real.sqrt 2 by linarith
  -- To prove x + 1/(2x) ≥ √2, we'll use the AM-GM inequality
  -- First, let's rewrite 1/(2x) as (1/2)*(1/x) for clarity
  field_simp
  rw [this]
  -- Now consider the two terms: x and (1/2)*(1/x)
  -- Their arithmetic mean is (x + (1/2)*(1/x))/2
  -- Their geometric mean is √(x * (1/2)*(1/x)) = √(1/2) = 1/√2
  -- By AM-GM inequality: (x + (1/2)*(1/x))/2 ≥ √(x * (1/2)*(1/x))
  have amgm := Real.arith_mean_geom_mean (a := x) (b := (1/2)*(1/x)) (ha := hx) (hb := by positivity)
  -- Simplify the geometric mean side: √(x * (1/2)*(1/x)) = √(1/2) = 1/√2
  simp at amgm
  -- Now we have: (x + (1/2)*(1/x)) ≥ 2*(1/√2) = √2
  -- Because 2/√2 = (√2 * √2)/√2 = √2
  rw [← div_eq_mul_inv, div_sqrt] at amgm
  -- Now amgm exactly matches our goal
  exact amgm
2025-04-13 11:10:55 - INFO - ==================================================
2025-04-13 11:10:57 - INFO - Original code error count: 3
2025-04-13 11:10:57 - INFO - Fixed code error count: 2
2025-04-13 11:10:57 - INFO - Result: False (introduced 2 new errors)
2025-04-13 11:10:57 - DEBUG - === New errors detail ===
2025-04-13 11:10:57 - DEBUG - New Error 1: line 15, type: unknown_identifier, message: unknown identifier 'this'
2025-04-13 11:10:57 - DEBUG - New Error 2: line 15, type: rewrite_failed, message: tactic 'rewrite' failed, equality or iff proof expected
  ?m.6168
x : ℝ
hx : x > 0
⊢ √2 ≤ (x * (2 * x) + 1) / (2 * x)
2025-04-13 11:10:57 - INFO - 
==================================================
2025-04-13 11:10:57 - INFO - Synthesis successful
2025-04-13 11:10:57 - INFO - ==================================================
2025-04-13 11:10:57 - INFO - Fix time: 12.02 seconds
2025-04-13 11:10:57 - INFO - ✅ Fixed error at line 14
2025-04-13 11:10:57 - INFO - 
Trying to fix error 3/3: line 20, type: unknown_constant
2025-04-13 11:10:57 - INFO - Error message: unknown constant 'Real.arith_mean_geom_mean'...
2025-04-13 11:10:57 - INFO - Removed header content, remaining 27 lines of code
2025-04-13 11:10:57 - INFO - Using specified target error line: 20
2025-04-13 11:10:58 - INFO - Warning: No errors found at specified line 20
2025-04-13 11:10:59 - INFO - Automatically located error at line: 15
2025-04-13 11:10:59 - INFO - Error at line 15: unknown identifier 'this'
2025-04-13 11:10:59 - INFO - 
==================================================
2025-04-13 11:10:59 - INFO - Code prepared, starting synthesis
2025-04-13 11:10:59 - INFO - Before part: /-- Let $x$ be a positive real number. Show that $2 - \sqrt{2} \geq 2 - x - \frac{1}{2x}$.-/
theorem algebra_amgm_faxinrrp2msqrt2geq2mxm1div2x :
    ∀ x > 0, 2 - Real.sqrt 2 ≥ 2 - x - 1 / (2 * x) := by
  -- Introduce the positive real number x
  intro x hx
  -- The inequality can be simplified by subtracting 2 from both sides
  -- Original: 2 - √2 ≥ 2 - x - 1/(2x)
  -- Simplified: -√2 ≥ -x - 1/(2x)
  -- Which is equivalent to: x + 1/(2x) ≥ √2
  -- So we'll prove this equivalent inequality instead
  suffices x + 1 / (2 * x) ≥ Real.sqrt 2 by linarith
  -- To prove x + 1/(2x) ≥ √2, we'll use the AM-GM inequality
  -- First, let's rewrite 1/(2x) as (1/2)*(1/x) for clarity
  field_simp
2025-04-13 11:10:59 - INFO - Error line:   rw [this]
2025-04-13 11:10:59 - INFO - After part: -- Now consider the two terms: x and (1/2)*(1/x)
  -- Their arithmetic mean is (x + (1/2)*(1/x))/2
  -- Their geometric mean is √(x * (1/2)*(1/x)) = √(1/2) = 1/√2
  -- By AM-GM inequality: (x + (1/2)*(1/x))/2 ≥ √(x * (1/2)*(1/x))
  have amgm := Real.arith_mean_geom_mean (a := x) (b := (1/2)*(1/x)) (ha := hx) (hb := by positivity)
  -- Simplify the geometric mean side: √(x * (1/2)*(1/x)) = √(1/2) = 1/√2
  simp at amgm
  -- Now we have: (x + (1/2)*(1/x)) ≥ 2*(1/√2) = √2
  -- Because 2/√2 = (√2 * √2)/√2 = √2
  rw [← div_eq_mul_inv, div_sqrt] at amgm
  -- Now amgm exactly matches our goal
  exact amgm
2025-04-13 11:10:59 - INFO - ==================================================

2025-04-13 11:11:00 - INFO - Testing fragment: rw [justaplaceholder]
2025-04-13 11:11:00 - INFO - Original error line:   rw [this]
2025-04-13 11:11:02 - INFO - Testing fix: Original errors: 2, Fixed errors: 2
2025-04-13 11:11:02 - INFO - Result: False (introduced 2 new errors)
2025-04-13 11:11:02 - DEBUG - === New errors detail ===
2025-04-13 11:11:02 - DEBUG - New Error 1: line 15, type: unknown_identifier, message: unknown identifier 'justaplaceholder'
2025-04-13 11:11:02 - DEBUG - New Error 2: line 15, type: rewrite_failed, message: tactic 'rewrite' failed, equality or iff proof expected
  ?m.6168
x : ℝ
hx : x > 0
⊢ √2 ≤ (x * (2 * x) + 1) / (2 * x)
2025-04-13 11:11:02 - INFO - Testing fragment: rw [<- justaplaceholder]
2025-04-13 11:11:02 - INFO - Original error line:   rw [this]
2025-04-13 11:11:04 - INFO - Testing fix: Original errors: 2, Fixed errors: 2
2025-04-13 11:11:04 - INFO - Result: False (introduced 2 new errors)
2025-04-13 11:11:04 - DEBUG - === New errors detail ===
2025-04-13 11:11:04 - DEBUG - New Error 1: line 15, type: unknown_identifier, message: unknown identifier 'justaplaceholder'
2025-04-13 11:11:04 - DEBUG - New Error 2: line 15, type: rewrite_failed, message: tactic 'rewrite' failed, equality or iff proof expected
  ?m.6168
x : ℝ
hx : x > 0
⊢ √2 ≤ (x * (2 * x) + 1) / (2 * x)
2025-04-13 11:11:04 - INFO - Testing fragment: simp
2025-04-13 11:11:04 - INFO - Original error line:   rw [this]
2025-04-13 11:11:06 - INFO - Testing fix: Original errors: 2, Fixed errors: 1
2025-04-13 11:11:06 - INFO - Result: False (introduced 1 new errors)
2025-04-13 11:11:06 - DEBUG - === New errors detail ===
2025-04-13 11:11:06 - DEBUG - New Error 1: line 15, type: simp_failed, message: simp made no progress
2025-04-13 11:11:06 - INFO - Testing fragment: field_simp
2025-04-13 11:11:06 - INFO - Original error line:   rw [this]
2025-04-13 11:11:08 - INFO - Testing fix: Original errors: 2, Fixed errors: 1
2025-04-13 11:11:08 - INFO - Result: False (introduced 1 new errors)
2025-04-13 11:11:08 - DEBUG - === New errors detail ===
2025-04-13 11:11:08 - DEBUG - New Error 1: line 15, type: simp_failed, message: simp made no progress
2025-04-13 11:11:08 - INFO - Testing fragment: norm_num
2025-04-13 11:11:08 - INFO - Original error line:   rw [this]
2025-04-13 11:11:10 - INFO - Testing fix: Original errors: 2, Fixed errors: 2
2025-04-13 11:11:10 - INFO - Result: False (introduced 2 new errors)
2025-04-13 11:11:10 - DEBUG - === New errors detail ===
2025-04-13 11:11:10 - DEBUG - New Error 1: line 20, type: unknown_constant, message: unknown constant 'Real.arith_mean_geom_mean'
2025-04-13 11:11:10 - DEBUG - New Error 2: line 3, type: other_error, message: unsolved goals
x : ℝ
hx : x > 0
⊢ √2 ≤ (x * (2 * x) + 1) / (2 * x)
2025-04-13 11:11:10 - INFO - Testing fragment: ring
2025-04-13 11:11:10 - INFO - Original error line:   rw [this]
2025-04-13 11:11:12 - INFO - Testing fix: Original errors: 2, Fixed errors: 3
2025-04-13 11:11:12 - INFO - Result: False (introduced 3 new errors)
2025-04-13 11:11:12 - DEBUG - === New errors detail ===
2025-04-13 11:11:12 - DEBUG - New Error 1: line 15, type: ring_failed, message: Try this: ring_nf
2025-04-13 11:11:12 - DEBUG - New Error 2: line 20, type: unknown_constant, message: unknown constant 'Real.arith_mean_geom_mean'
2025-04-13 11:11:12 - DEBUG - New Error 3: line 3, type: other_error, message: unsolved goals
x : ℝ
hx : x > 0
⊢ √2 ≤ x ^ 2 * x⁻¹ + x⁻¹ * (1 / 2)
2025-04-13 11:11:12 - INFO - Testing fragment: ring_nf
2025-04-13 11:11:12 - INFO - Original error line:   rw [this]
2025-04-13 11:11:14 - INFO - Testing fix: Original errors: 2, Fixed errors: 2
2025-04-13 11:11:14 - INFO - Result: False (introduced 2 new errors)
2025-04-13 11:11:14 - DEBUG - === New errors detail ===
2025-04-13 11:11:14 - DEBUG - New Error 1: line 20, type: unknown_constant, message: unknown constant 'Real.arith_mean_geom_mean'
2025-04-13 11:11:14 - DEBUG - New Error 2: line 3, type: other_error, message: unsolved goals
x : ℝ
hx : x > 0
⊢ √2 ≤ x ^ 2 * x⁻¹ + x⁻¹ * (1 / 2)
2025-04-13 11:11:14 - INFO - Testing fragment: omega
2025-04-13 11:11:14 - INFO - Original error line:   rw [this]
2025-04-13 11:11:16 - INFO - Testing fix: Original errors: 2, Fixed errors: 1
2025-04-13 11:11:16 - INFO - Result: False (introduced 1 new errors)
2025-04-13 11:11:16 - DEBUG - === New errors detail ===
2025-04-13 11:11:16 - DEBUG - New Error 1: line 15, type: other_error, message: omega could not prove the goal:
No usable constraints found. You may need to unfold definitions so `omega` can see linear arithmetic facts about `Nat` and `Int`, which may also involve multiplication, division, and modular remainder by constants.
2025-04-13 11:11:16 - INFO - Testing fragment: linarith
2025-04-13 11:11:16 - INFO - Original error line:   rw [this]
2025-04-13 11:11:18 - INFO - Testing fix: Original errors: 2, Fixed errors: 1
2025-04-13 11:11:18 - INFO - Result: False (introduced 1 new errors)
2025-04-13 11:11:18 - DEBUG - === New errors detail ===
2025-04-13 11:11:18 - DEBUG - New Error 1: line 15, type: linarith_failed, message: linarith failed to find a contradiction
case a
x : ℝ
hx : x > 0
a✝ : √2 > (x * (2 * x) + 1) / (2 * x)
⊢ False
failed
2025-04-13 11:11:18 - INFO - Testing fragment: nlinarith
2025-04-13 11:11:18 - INFO - Original error line:   rw [this]
2025-04-13 11:11:20 - INFO - Testing fix: Original errors: 2, Fixed errors: 1
2025-04-13 11:11:20 - INFO - Result: False (introduced 1 new errors)
2025-04-13 11:11:20 - DEBUG - === New errors detail ===
2025-04-13 11:11:20 - DEBUG - New Error 1: line 15, type: linarith_failed, message: linarith failed to find a contradiction
case a
x : ℝ
hx : x > 0
a✝ : √2 > (x * (2 * x) + 1) / (2 * x)
⊢ False
failed
2025-04-13 11:11:20 - INFO - Failed attempt time: 23.04 seconds
2025-04-13 11:11:20 - INFO - ❌ Could not generate fix for error at line 20
2025-04-13 11:11:21 - INFO - 
===== Fix attempt completed =====
2025-04-13 11:11:21 - INFO - Original errors: 3
2025-04-13 11:11:21 - INFO - Fixed errors: 1
2025-04-13 11:11:21 - INFO - Failed errors: 2
2025-04-13 11:11:21 - INFO - Remaining errors: 2
2025-04-13 11:11:21 - INFO - Total time: 59.11 seconds
2025-04-13 11:11:21 - INFO - 
Final fixed code:
2025-04-13 11:11:21 - INFO - ----------------------------------------
2025-04-13 11:11:21 - INFO - /-- Let $x$ be a positive real number. Show that $2 - \sqrt{2} \geq 2 - x - \frac{1}{2x}$.-/
theorem algebra_amgm_faxinrrp2msqrt2geq2mxm1div2x :
    ∀ x > 0, 2 - Real.sqrt 2 ≥ 2 - x - 1 / (2 * x) := by
  -- Introduce the positive real number x
  intro x hx
  -- The inequality can be simplified by subtracting 2 from both sides
  -- Original: 2 - √2 ≥ 2 - x - 1/(2x)
  -- Simplified: -√2 ≥ -x - 1/(2x)
  -- Which is equivalent to: x + 1/(2x) ≥ √2
  -- So we'll prove this equivalent inequality instead
  suffices x + 1 / (2 * x) ≥ Real.sqrt 2 by linarith
  -- To prove x + 1/(2x) ≥ √2, we'll use the AM-GM inequality
  -- First, let's rewrite 1/(2x) as (1/2)*(1/x) for clarity
  field_simp
  rw [this]
  -- Now consider the two terms: x and (1/2)*(1/x)
  -- Their arithmetic mean is (x + (1/2)*(1/x))/2
  -- Their geometric mean is √(x * (1/2)*(1/x)) = √(1/2) = 1/√2
  -- By AM-GM inequality: (x + (1/2)*(1/x))/2 ≥ √(x * (1/2)*(1/x))
  have amgm := Real.arith_mean_geom_mean (a := x) (b := (1/2)*(1/x)) (ha := hx) (hb := by positivity)
  -- Simplify the geometric mean side: √(x * (1/2)*(1/x)) = √(1/2) = 1/√2
  simp at amgm
  -- Now we have: (x + (1/2)*(1/x)) ≥ 2*(1/√2) = √2
  -- Because 2/√2 = (√2 * √2)/√2 = √2
  rw [← div_eq_mul_inv, div_sqrt] at amgm
  -- Now amgm exactly matches our goal
  exact amgm
2025-04-13 11:11:21 - INFO - ----------------------------------------
2025-04-13 11:11:21 - INFO - 
Detailed error repair report:
2025-04-13 11:11:21 - INFO - Original code error count: 3
❌ Fixed error 1/3: Could not generate fix for error at line 3 «other_error» (after 22.04s)
✅ Fixed error 2/3: Successfully fixed error at line 14 «no_goals_to_solve» (in 12.02s)
❌ Fixed error 3/3: Could not generate fix for error at line 20 «unknown_constant» (after 23.04s)

=== Fix statistics ===
Original error count: 3
Fixed errors: 1 (Fix rate: 0.3333)
Failed errors: 2
Remaining errors: 2
Total time: 59.11 seconds

=== Successful fix details ===

Fix 1:
   Line: 14
   Error type: no_goals_to_solve
   Original error message: no goals to be solved...
   Fix snippet: field_simp
   Fixed line:   field_simp
   Time: 12.02 seconds

=== Failed fix details ===

Failed fix 1:
   Line: 3
   Error type: other_error
   Original error message: unsolved goals
x : ℝ
hx : x > 0
this : 1 / (2 * x) = 1 / 2 * (1 / x)
⊢ x + 1 / 2 * (1 / x) ≥ √2...
   Failure reason: Could not generate fix
   Time: 22.04 seconds

Failed fix 2:
   Line: 20
   Error type: unknown_constant
   Original error message: unknown constant 'Real.arith_mean_geom_mean'...
   Failure reason: Could not generate fix
   Time: 23.04 seconds
2025-04-13 11:11:21 - INFO - 
Fixed code saved to: ./minif2f/lean_fixed/69_fixed.lean
2025-04-13 11:11:21 - INFO - JSON log saved to: ./minif2f/lean_fixed/69_fix_log.json
2025-04-13 11:11:21 - INFO - 
===== LOG FILE LOCATION =====
2025-04-13 11:11:21 - INFO - Detailed log file is available at: ./minif2f/lean_fixed/69.log
2025-04-13 11:11:21 - INFO - ===============================
