2025-04-13 11:08:29 - INFO - Log file initialized at 2025-04-13T11:08:29.600820
2025-04-13 11:08:29 - INFO - ===== LOG FILE LOCATION =====
2025-04-13 11:08:29 - INFO - Detailed log file created at: /data/coding/minif2f/lean_fixed/70.log
2025-04-13 11:08:29 - INFO - ===============================
2025-04-13 11:08:29 - INFO - Original code:
2025-04-13 11:08:29 - INFO - ----------------------------------------
2025-04-13 11:08:29 - INFO - import Mathlib
import Aesop

set_option maxHeartbeats 0

open BigOperators Real Nat Topology Rat

/-- When Rachel divides her favorite number by 7, she gets a remainder of 5. What will the remainder be if she multiplies her favorite number by 5 and then divides by 7? Show that it is 4.-/
theorem mathd_numbertheory_335 (n : ℕ) (h₀ : n % 7 = 5) : 5 * n % 7 = 4 := by
  -- We know n ≡ 5 mod 7 from the hypothesis h₀
  -- We want to compute (5 * n) mod 7
  
  -- First, rewrite n in terms of its remainder when divided by 7
  -- Since n % 7 = 5, we can write n as 7k + 5 for some integer k
  have h₁ : ∃ k, n = 7 * k + 5 := by
    exact mod_eq_iff.mp h₀
  
  -- Let's obtain such a k
  obtain ⟨k, hk⟩ := h₁
  
  -- Now substitute this expression for n into our goal
  rw [hk]
  
  -- Now compute (5 * (7k + 5)) % 7
  -- First distribute the multiplication:
  rw [mul_add, mul_comm 5 (7 * k), mul_assoc]
  
  -- Simplify 7 * k * 5 to 35 * k (though this step isn't strictly necessary)
  rw [← mul_assoc, mul_comm 7 k, mul_assoc]
  
  -- Now we have (35 * k + 25) % 7
  -- We can use the property that (a + b) % m = (a % m + b % m) % m
  rw [add_comm, Nat.add_mul_mod_self_left]
  
  -- Compute 35 % 7 = 0 since 35 is a multiple of 7
  rw [Nat.mul_mod_left 35 k, zero_mul, zero_add]
  
  -- Now we just need to compute 25 % 7
  -- 7 * 3 = 21 and 25 - 21 = 4, so 25 % 7 = 4
  rw [Nat.mod_eq_of_lt (by norm_num)]
  
  -- The proof is complete
2025-04-13 11:08:29 - INFO - ----------------------------------------
2025-04-13 11:08:29 - INFO - 
Checking original code for all errors...
2025-04-13 11:10:23 - INFO - Original code contains 2 errors:
2025-04-13 11:10:23 - INFO - Error 1: line 9, type: unknown_identifier, message: unknown identifier 'mod_eq_iff.mp'...
2025-04-13 11:10:23 - INFO - Error 2: line 26, type: rewrite_failed, message: tactic 'rewrite' failed, did not find instance of the pattern in the target expression
  (?x + ?y * ...
2025-04-13 11:10:23 - INFO - 
Starting multi-error continuous repair process...
2025-04-13 11:10:23 - INFO - 
===== Starting to fix all errors =====
2025-04-13 11:10:24 - INFO - 
Found 2 original errors:
2025-04-13 11:10:24 - INFO - Error 1: line 9, type: unknown_identifier, message: unknown identifier 'mod_eq_iff.mp'...
2025-04-13 11:10:24 - INFO - Error 2: line 26, type: rewrite_failed, message: tactic 'rewrite' failed, did not find instance of the pattern in the target expression
  (?x + ?y * ...
2025-04-13 11:10:24 - INFO - 
Trying to fix error 1/2: line 9, type: unknown_identifier
2025-04-13 11:10:24 - INFO - Error message: unknown identifier 'mod_eq_iff.mp'...
2025-04-13 11:10:24 - INFO - Removed header content, remaining 35 lines of code
2025-04-13 11:10:24 - INFO - Using specified target error line: 9
2025-04-13 11:10:25 - INFO - Found error at specified line: unknown identifier 'mod_eq_iff.mp'
2025-04-13 11:10:25 - INFO - Error at line 9: unknown identifier 'mod_eq_iff.mp'
2025-04-13 11:10:25 - INFO - 
==================================================
2025-04-13 11:10:25 - INFO - Code prepared, starting synthesis
2025-04-13 11:10:25 - INFO - Before part: /-- When Rachel divides her favorite number by 7, she gets a remainder of 5. What will the remainder be if she multiplies her favorite number by 5 and then divides by 7? Show that it is 4.-/
theorem mathd_numbertheory_335 (n : ℕ) (h₀ : n % 7 = 5) : 5 * n % 7 = 4 := by
  -- We know n ≡ 5 mod 7 from the hypothesis h₀
  -- We want to compute (5 * n) mod 7
  
  -- First, rewrite n in terms of its remainder when divided by 7
  -- Since n % 7 = 5, we can write n as 7k + 5 for some integer k
  have h₁ : ∃ k, n = 7 * k + 5 := by
2025-04-13 11:10:25 - INFO - Error line:     exact mod_eq_iff.mp h₀
2025-04-13 11:10:25 - INFO - After part: -- Let's obtain such a k
  obtain ⟨k, hk⟩ := h₁
  
  -- Now substitute this expression for n into our goal
  rw [hk]
  
  -- Now compute (5 * (7k + 5)) % 7
  -- First distribute the multiplication:
  rw [mul_add, mul_comm 5 (7 * k), mul_assoc]
  
  -- Simplify 7 * k * 5 to 35 * k (though this step isn't strictly necessary)
  rw [← mul_assoc, mul_comm 7 k, mul_assoc]
  
  -- Now we have (35 * k + 25) % 7
  -- We can use the property that (a + b) % m = (a % m + b % m) % m
  rw [add_comm, Nat.add_mul_mod_self_left]
  
  -- Compute 35 % 7 = 0 since 35 is a multiple of 7
  rw [Nat.mul_mod_left 35 k, zero_mul, zero_add]
  
  -- Now we just need to compute 25 % 7
  -- 7 * 3 = 21 and 25 - 21 = 4, so 25 % 7 = 4
  rw [Nat.mod_eq_of_lt (by norm_num)]
  
  -- The proof is complete
2025-04-13 11:10:25 - INFO - ==================================================

2025-04-13 11:10:26 - INFO - Testing fragment: rw [justaplaceholder]
2025-04-13 11:10:26 - INFO - Original error line:     exact mod_eq_iff.mp h₀
2025-04-13 11:10:28 - INFO - Testing fix: Original errors: 2, Fixed errors: 3
2025-04-13 11:10:28 - INFO - Result: False (introduced 2 new errors)
2025-04-13 11:10:28 - DEBUG - === New errors detail ===
2025-04-13 11:10:28 - DEBUG - New Error 1: line 9, type: unknown_identifier, message: unknown identifier 'justaplaceholder'
2025-04-13 11:10:28 - DEBUG - New Error 2: line 9, type: rewrite_failed, message: tactic 'rewrite' failed, equality or iff proof expected
  ?m.354
n : ℕ
h₀ : n % 7 = 5
⊢ ∃ k, n = 7 * k + 5
2025-04-13 11:10:28 - INFO - Testing fragment: rw [<- justaplaceholder]
2025-04-13 11:10:28 - INFO - Original error line:     exact mod_eq_iff.mp h₀
2025-04-13 11:10:30 - INFO - Testing fix: Original errors: 2, Fixed errors: 3
2025-04-13 11:10:30 - INFO - Result: False (introduced 2 new errors)
2025-04-13 11:10:30 - DEBUG - === New errors detail ===
2025-04-13 11:10:30 - DEBUG - New Error 1: line 9, type: unknown_identifier, message: unknown identifier 'justaplaceholder'
2025-04-13 11:10:30 - DEBUG - New Error 2: line 9, type: rewrite_failed, message: tactic 'rewrite' failed, equality or iff proof expected
  ?m.354
n : ℕ
h₀ : n % 7 = 5
⊢ ∃ k, n = 7 * k + 5
2025-04-13 11:10:30 - INFO - Testing fragment: simp
2025-04-13 11:10:30 - INFO - Original error line:     exact mod_eq_iff.mp h₀
2025-04-13 11:10:32 - INFO - Testing fix: Original errors: 2, Fixed errors: 2
2025-04-13 11:10:32 - INFO - Result: False (introduced 1 new errors)
2025-04-13 11:10:32 - DEBUG - === New errors detail ===
2025-04-13 11:10:32 - DEBUG - New Error 1: line 9, type: simp_failed, message: simp made no progress
2025-04-13 11:10:32 - INFO - Testing fragment: field_simp
2025-04-13 11:10:32 - INFO - Original error line:     exact mod_eq_iff.mp h₀
2025-04-13 11:10:34 - INFO - Testing fix: Original errors: 2, Fixed errors: 2
2025-04-13 11:10:34 - INFO - Result: False (introduced 1 new errors)
2025-04-13 11:10:34 - DEBUG - === New errors detail ===
2025-04-13 11:10:34 - DEBUG - New Error 1: line 9, type: simp_failed, message: simp made no progress
2025-04-13 11:10:34 - INFO - Testing fragment: norm_num
2025-04-13 11:10:34 - INFO - Original error line:     exact mod_eq_iff.mp h₀
2025-04-13 11:10:36 - INFO - Testing fix: Original errors: 2, Fixed errors: 2
2025-04-13 11:10:36 - INFO - Result: False (introduced 1 new errors)
2025-04-13 11:10:36 - DEBUG - === New errors detail ===
2025-04-13 11:10:36 - DEBUG - New Error 1: line 8, type: other_error, message: unsolved goals
n : ℕ
h₀ : n % 7 = 5
⊢ ∃ k, n = 7 * k + 5
2025-04-13 11:10:36 - INFO - Testing fragment: ring
2025-04-13 11:10:36 - INFO - Original error line:     exact mod_eq_iff.mp h₀
2025-04-13 11:10:38 - INFO - Testing fix: Original errors: 2, Fixed errors: 3
2025-04-13 11:10:38 - INFO - Result: False (introduced 2 new errors)
2025-04-13 11:10:38 - DEBUG - === New errors detail ===
2025-04-13 11:10:38 - DEBUG - New Error 1: line 9, type: ring_failed, message: Try this: ring_nf
2025-04-13 11:10:38 - DEBUG - New Error 2: line 8, type: other_error, message: unsolved goals
n : ℕ
h₀ : n % 7 = 5
⊢ ∃ k, n = 5 + k * 7
2025-04-13 11:10:38 - INFO - Testing fragment: ring_nf
2025-04-13 11:10:38 - INFO - Original error line:     exact mod_eq_iff.mp h₀
2025-04-13 11:10:40 - INFO - Testing fix: Original errors: 2, Fixed errors: 2
2025-04-13 11:10:40 - INFO - Result: False (introduced 1 new errors)
2025-04-13 11:10:40 - DEBUG - === New errors detail ===
2025-04-13 11:10:40 - DEBUG - New Error 1: line 8, type: other_error, message: unsolved goals
n : ℕ
h₀ : n % 7 = 5
⊢ ∃ k, n = 5 + k * 7
2025-04-13 11:10:40 - INFO - Testing fragment: omega
2025-04-13 11:10:40 - INFO - Original error line:     exact mod_eq_iff.mp h₀
2025-04-13 11:10:42 - INFO - Testing fix: Original errors: 2, Fixed errors: 2
2025-04-13 11:10:42 - INFO - Result: False (introduced 1 new errors)
2025-04-13 11:10:42 - DEBUG - === New errors detail ===
2025-04-13 11:10:42 - DEBUG - New Error 1: line 9, type: other_error, message: omega could not prove the goal:
a possible counterexample may satisfy the constraints
  a ≥ 0
where
 a := ↑n / 7
2025-04-13 11:10:42 - INFO - Testing fragment: linarith
2025-04-13 11:10:42 - INFO - Original error line:     exact mod_eq_iff.mp h₀
2025-04-13 11:10:44 - INFO - Testing fix: Original errors: 2, Fixed errors: 2
2025-04-13 11:10:44 - INFO - Result: False (introduced 1 new errors)
2025-04-13 11:10:44 - DEBUG - === New errors detail ===
2025-04-13 11:10:44 - DEBUG - New Error 1: line 9, type: linarith_failed, message: linarith failed to find a contradiction
n : ℕ
h₀ : n % 7 = 5
⊢ False
failed
2025-04-13 11:10:44 - INFO - Testing fragment: nlinarith
2025-04-13 11:10:44 - INFO - Original error line:     exact mod_eq_iff.mp h₀
2025-04-13 11:10:46 - INFO - Testing fix: Original errors: 2, Fixed errors: 2
2025-04-13 11:10:46 - INFO - Result: False (introduced 1 new errors)
2025-04-13 11:10:46 - DEBUG - === New errors detail ===
2025-04-13 11:10:46 - DEBUG - New Error 1: line 9, type: linarith_failed, message: linarith failed to find a contradiction
n : ℕ
h₀ : n % 7 = 5
⊢ False
failed
2025-04-13 11:10:46 - INFO - Failed attempt time: 22.04 seconds
2025-04-13 11:10:46 - INFO - ❌ Could not generate fix for error at line 9
2025-04-13 11:10:46 - INFO - 
Trying to fix error 2/2: line 26, type: rewrite_failed
2025-04-13 11:10:46 - INFO - Error message: tactic 'rewrite' failed, did not find instance of the pattern in the target expression
  (?x + ?y * ...
2025-04-13 11:10:46 - INFO - Removed header content, remaining 35 lines of code
2025-04-13 11:10:46 - INFO - Using specified target error line: 26
2025-04-13 11:10:47 - INFO - Found error at specified line: tactic 'rewrite' failed, did not find instance of the pattern in the target expression
  (?x + ?y * ?z) % ?y
case intro
n : ℕ
h₀ : n % 7 = 5
k : ℕ
hk : n = 7 * k + 5
⊢ (5 * 5 + k * (7 * 5)) % 7 = 4
2025-04-13 11:10:47 - INFO - Error at line 26: tactic 'rewrite' failed, did not find instance of the pattern in the target expression
  (?x + ?y * ?z) % ?y
case intro
n : ℕ
h₀ : n % 7 = 5
k : ℕ
hk : n = 7 * k + 5
⊢ (5 * 5 + k * (7 * 5)) % 7 = 4
2025-04-13 11:10:47 - INFO - 
==================================================
2025-04-13 11:10:47 - INFO - Code prepared, starting synthesis
2025-04-13 11:10:47 - INFO - Before part: /-- When Rachel divides her favorite number by 7, she gets a remainder of 5. What will the remainder be if she multiplies her favorite number by 5 and then divides by 7? Show that it is 4.-/
theorem mathd_numbertheory_335 (n : ℕ) (h₀ : n % 7 = 5) : 5 * n % 7 = 4 := by
  -- We know n ≡ 5 mod 7 from the hypothesis h₀
  -- We want to compute (5 * n) mod 7
  
  -- First, rewrite n in terms of its remainder when divided by 7
  -- Since n % 7 = 5, we can write n as 7k + 5 for some integer k
  have h₁ : ∃ k, n = 7 * k + 5 := by
    exact mod_eq_iff.mp h₀
  
  -- Let's obtain such a k
  obtain ⟨k, hk⟩ := h₁
  
  -- Now substitute this expression for n into our goal
  rw [hk]
  
  -- Now compute (5 * (7k + 5)) % 7
  -- First distribute the multiplication:
  rw [mul_add, mul_comm 5 (7 * k), mul_assoc]
  
  -- Simplify 7 * k * 5 to 35 * k (though this step isn't strictly necessary)
  rw [← mul_assoc, mul_comm 7 k, mul_assoc]
  
  -- Now we have (35 * k + 25) % 7
  -- We can use the property that (a + b) % m = (a % m + b % m) % m
2025-04-13 11:10:47 - INFO - Error line:   rw [add_comm, Nat.add_mul_mod_self_left]
2025-04-13 11:10:47 - INFO - After part: -- Compute 35 % 7 = 0 since 35 is a multiple of 7
  rw [Nat.mul_mod_left 35 k, zero_mul, zero_add]
  
  -- Now we just need to compute 25 % 7
  -- 7 * 3 = 21 and 25 - 21 = 4, so 25 % 7 = 4
  rw [Nat.mod_eq_of_lt (by norm_num)]
  
  -- The proof is complete
2025-04-13 11:10:47 - INFO - ==================================================

2025-04-13 11:10:48 - INFO - Testing fragment: rw [justaplaceholder]
2025-04-13 11:10:48 - INFO - Original error line:   rw [add_comm, Nat.add_mul_mod_self_left]
2025-04-13 11:10:50 - INFO - Testing fix: Original errors: 2, Fixed errors: 3
2025-04-13 11:10:50 - INFO - Result: False (introduced 2 new errors)
2025-04-13 11:10:50 - DEBUG - === New errors detail ===
2025-04-13 11:10:50 - DEBUG - New Error 1: line 26, type: unknown_identifier, message: unknown identifier 'justaplaceholder'
2025-04-13 11:10:50 - DEBUG - New Error 2: line 26, type: rewrite_failed, message: tactic 'rewrite' failed, equality or iff proof expected
  ?m.2031
case intro
n : ℕ
h₀ : n % 7 = 5
k : ℕ
hk : n = 7 * k + 5
⊢ (k * (7 * 5) + 5 * 5) % 7 = 4
2025-04-13 11:10:50 - INFO - Testing fragment: rw [<- justaplaceholder]
2025-04-13 11:10:50 - INFO - Original error line:   rw [add_comm, Nat.add_mul_mod_self_left]
2025-04-13 11:10:52 - INFO - Testing fix: Original errors: 2, Fixed errors: 3
2025-04-13 11:10:52 - INFO - Result: False (introduced 2 new errors)
2025-04-13 11:10:52 - DEBUG - === New errors detail ===
2025-04-13 11:10:52 - DEBUG - New Error 1: line 26, type: unknown_identifier, message: unknown identifier 'justaplaceholder'
2025-04-13 11:10:52 - DEBUG - New Error 2: line 26, type: rewrite_failed, message: tactic 'rewrite' failed, equality or iff proof expected
  ?m.2031
case intro
n : ℕ
h₀ : n % 7 = 5
k : ℕ
hk : n = 7 * k + 5
⊢ (k * (7 * 5) + 5 * 5) % 7 = 4
2025-04-13 11:10:52 - INFO - Testing fragment: simp
2025-04-13 11:10:52 - INFO - Original error line:   rw [add_comm, Nat.add_mul_mod_self_left]
2025-04-13 11:10:54 - INFO - Testing fix: Original errors: 2, Fixed errors: 2
2025-04-13 11:10:54 - INFO - Result: False (introduced 1 new errors)
2025-04-13 11:10:54 - DEBUG - === New errors detail ===
2025-04-13 11:10:54 - DEBUG - New Error 1: line 29, type: rewrite_failed, message: tactic 'rewrite' failed, did not find instance of the pattern in the target expression
  35 * k % k
case intro
n : ℕ
h₀ : n % 7 = 5
k : ℕ
hk : n = 7 * k + 5
⊢ (k * 35 + 25) % 7 = 4
2025-04-13 11:10:54 - INFO - Testing fragment: field_simp
2025-04-13 11:10:54 - INFO - Original error line:   rw [add_comm, Nat.add_mul_mod_self_left]
2025-04-13 11:10:56 - INFO - Testing fix: Original errors: 2, Fixed errors: 2
2025-04-13 11:10:56 - INFO - Result: False (introduced 1 new errors)
2025-04-13 11:10:56 - DEBUG - === New errors detail ===
2025-04-13 11:10:56 - DEBUG - New Error 1: line 26, type: simp_failed, message: simp made no progress
2025-04-13 11:10:56 - INFO - Testing fragment: norm_num
2025-04-13 11:10:56 - INFO - Original error line:   rw [add_comm, Nat.add_mul_mod_self_left]
2025-04-13 11:10:58 - INFO - Testing fix: Original errors: 2, Fixed errors: 2
2025-04-13 11:10:58 - INFO - Result: False (introduced 1 new errors)
2025-04-13 11:10:58 - DEBUG - === New errors detail ===
2025-04-13 11:10:58 - DEBUG - New Error 1: line 29, type: rewrite_failed, message: tactic 'rewrite' failed, did not find instance of the pattern in the target expression
  35 * k % k
case intro
n : ℕ
h₀ : n % 7 = 5
k : ℕ
hk : n = 7 * k + 5
⊢ (k * 35 + 25) % 7 = 4
2025-04-13 11:10:58 - INFO - Testing fragment: ring
2025-04-13 11:10:58 - INFO - Original error line:   rw [add_comm, Nat.add_mul_mod_self_left]
2025-04-13 11:11:00 - INFO - Testing fix: Original errors: 2, Fixed errors: 3
2025-04-13 11:11:00 - INFO - Result: False (introduced 2 new errors)
2025-04-13 11:11:00 - DEBUG - === New errors detail ===
2025-04-13 11:11:00 - DEBUG - New Error 1: line 26, type: ring_failed, message: Try this: ring_nf
2025-04-13 11:11:00 - DEBUG - New Error 2: line 29, type: rewrite_failed, message: tactic 'rewrite' failed, did not find instance of the pattern in the target expression
  35 * k % k
case intro
n : ℕ
h₀ : n % 7 = 5
k : ℕ
hk : n = 7 * k + 5
⊢ (25 + k * 35) % 7 = 4
2025-04-13 11:11:00 - INFO - Testing fragment: ring_nf
2025-04-13 11:11:00 - INFO - Original error line:   rw [add_comm, Nat.add_mul_mod_self_left]
2025-04-13 11:11:02 - INFO - Testing fix: Original errors: 2, Fixed errors: 2
2025-04-13 11:11:02 - INFO - Result: False (introduced 1 new errors)
2025-04-13 11:11:02 - DEBUG - === New errors detail ===
2025-04-13 11:11:02 - DEBUG - New Error 1: line 29, type: rewrite_failed, message: tactic 'rewrite' failed, did not find instance of the pattern in the target expression
  35 * k % k
case intro
n : ℕ
h₀ : n % 7 = 5
k : ℕ
hk : n = 7 * k + 5
⊢ (25 + k * 35) % 7 = 4
2025-04-13 11:11:02 - INFO - Testing fragment: omega
2025-04-13 11:11:02 - INFO - Original error line:   rw [add_comm, Nat.add_mul_mod_self_left]
2025-04-13 11:11:04 - INFO - Testing fix: Original errors: 2, Fixed errors: 2
2025-04-13 11:11:04 - INFO - Result: False (introduced 1 new errors)
2025-04-13 11:11:04 - DEBUG - === New errors detail ===
2025-04-13 11:11:04 - DEBUG - New Error 1: line 29, type: no_goals_to_solve, message: no goals to be solved
2025-04-13 11:11:04 - INFO - Testing fragment: linarith
2025-04-13 11:11:04 - INFO - Original error line:   rw [add_comm, Nat.add_mul_mod_self_left]
2025-04-13 11:11:06 - INFO - Testing fix: Original errors: 2, Fixed errors: 2
2025-04-13 11:11:06 - INFO - Result: False (introduced 1 new errors)
2025-04-13 11:11:06 - DEBUG - === New errors detail ===
2025-04-13 11:11:06 - DEBUG - New Error 1: line 26, type: linarith_failed, message: linarith failed to find a contradiction
case intro.h1.h
n : ℕ
h₀ : n % 7 = 5
k : ℕ
hk : n = 7 * k + 5
a✝ : (k * (7 * 5) + 5 * 5) % 7 < 4
⊢ False
failed
2025-04-13 11:11:06 - INFO - Testing fragment: nlinarith
2025-04-13 11:11:06 - INFO - Original error line:   rw [add_comm, Nat.add_mul_mod_self_left]
2025-04-13 11:11:08 - INFO - Testing fix: Original errors: 2, Fixed errors: 2
2025-04-13 11:11:08 - INFO - Result: False (introduced 1 new errors)
2025-04-13 11:11:08 - DEBUG - === New errors detail ===
2025-04-13 11:11:08 - DEBUG - New Error 1: line 26, type: linarith_failed, message: linarith failed to find a contradiction
case intro.h1.h
n : ℕ
h₀ : n % 7 = 5
k : ℕ
hk : n = 7 * k + 5
a✝ : (k * (7 * 5) + 5 * 5) % 7 < 4
⊢ False
failed
2025-04-13 11:11:08 - INFO - Failed attempt time: 22.04 seconds
2025-04-13 11:11:08 - INFO - ❌ Could not generate fix for error at line 26
2025-04-13 11:11:09 - INFO - 
===== Fix attempt completed =====
2025-04-13 11:11:09 - INFO - Original errors: 2
2025-04-13 11:11:09 - INFO - Fixed errors: 0
2025-04-13 11:11:09 - INFO - Failed errors: 2
2025-04-13 11:11:09 - INFO - Remaining errors: 2
2025-04-13 11:11:09 - INFO - Total time: 46.08 seconds
2025-04-13 11:11:09 - INFO - 
Final fixed code:
2025-04-13 11:11:09 - INFO - ----------------------------------------
2025-04-13 11:11:09 - INFO - /-- When Rachel divides her favorite number by 7, she gets a remainder of 5. What will the remainder be if she multiplies her favorite number by 5 and then divides by 7? Show that it is 4.-/
theorem mathd_numbertheory_335 (n : ℕ) (h₀ : n % 7 = 5) : 5 * n % 7 = 4 := by
  -- We know n ≡ 5 mod 7 from the hypothesis h₀
  -- We want to compute (5 * n) mod 7
  
  -- First, rewrite n in terms of its remainder when divided by 7
  -- Since n % 7 = 5, we can write n as 7k + 5 for some integer k
  have h₁ : ∃ k, n = 7 * k + 5 := by
    exact mod_eq_iff.mp h₀
  
  -- Let's obtain such a k
  obtain ⟨k, hk⟩ := h₁
  
  -- Now substitute this expression for n into our goal
  rw [hk]
  
  -- Now compute (5 * (7k + 5)) % 7
  -- First distribute the multiplication:
  rw [mul_add, mul_comm 5 (7 * k), mul_assoc]
  
  -- Simplify 7 * k * 5 to 35 * k (though this step isn't strictly necessary)
  rw [← mul_assoc, mul_comm 7 k, mul_assoc]
  
  -- Now we have (35 * k + 25) % 7
  -- We can use the property that (a + b) % m = (a % m + b % m) % m
  rw [add_comm, Nat.add_mul_mod_self_left]
  
  -- Compute 35 % 7 = 0 since 35 is a multiple of 7
  rw [Nat.mul_mod_left 35 k, zero_mul, zero_add]
  
  -- Now we just need to compute 25 % 7
  -- 7 * 3 = 21 and 25 - 21 = 4, so 25 % 7 = 4
  rw [Nat.mod_eq_of_lt (by norm_num)]
  
  -- The proof is complete
2025-04-13 11:11:09 - INFO - ----------------------------------------
2025-04-13 11:11:09 - INFO - 
Detailed error repair report:
2025-04-13 11:11:09 - INFO - Original code error count: 2
❌ Fixed error 1/2: Could not generate fix for error at line 9 «unknown_identifier» (after 22.04s)
❌ Fixed error 2/2: Could not generate fix for error at line 26 «rewrite_failed» (after 22.04s)

=== Fix statistics ===
Original error count: 2
Fixed errors: 0 (Fix rate: 0.0000)
Failed errors: 2
Remaining errors: 2
Total time: 46.08 seconds

=== Failed fix details ===

Failed fix 1:
   Line: 9
   Error type: unknown_identifier
   Original error message: unknown identifier 'mod_eq_iff.mp'...
   Failure reason: Could not generate fix
   Time: 22.04 seconds

Failed fix 2:
   Line: 26
   Error type: rewrite_failed
   Original error message: tactic 'rewrite' failed, did not find instance of the pattern in the target expression
  (?x + ?y * ...
   Failure reason: Could not generate fix
   Time: 22.04 seconds
2025-04-13 11:11:09 - INFO - 
Fixed code saved to: /data/coding/minif2f/lean_fixed/70_fixed.lean
2025-04-13 11:11:09 - INFO - JSON log saved to: /data/coding/minif2f/lean_fixed/70_fix_log.json
2025-04-13 11:11:09 - INFO - 
===== LOG FILE LOCATION =====
2025-04-13 11:11:09 - INFO - Detailed log file is available at: /data/coding/minif2f/lean_fixed/70.log
2025-04-13 11:11:09 - INFO - ===============================
