2025-04-13 11:08:39 - INFO - Log file initialized at 2025-04-13T11:08:39.401102
2025-04-13 11:08:39 - INFO - ===== LOG FILE LOCATION =====
2025-04-13 11:08:39 - INFO - Detailed log file created at: /data/coding/minif2f/lean_fixed/71.log
2025-04-13 11:08:39 - INFO - ===============================
2025-04-13 11:08:39 - INFO - Original code:
2025-04-13 11:08:39 - INFO - ----------------------------------------
2025-04-13 11:08:39 - INFO - import Mathlib
import Aesop

set_option maxHeartbeats 0

open BigOperators Real Nat Topology Rat

/-- What is the sum of the four positive factors of the positive integer value of $\sqrt{196}$? Show that it is 24.-/
theorem mathd_numbertheory_35 (S : Finset ℕ) (h₀ : ∀ n : ℕ, n ∈ S ↔ n ∣ Nat.sqrt 196) :
    (∑ k in S, k) = 24 := by
  -- First, compute the integer square root of 196
  have sqrt_196 : Nat.sqrt 196 = 14 := by
    -- The square root of 196 is exactly 14 since 14² = 196
    rw [Nat.sqrt_eq]
    exact ⟨by norm_num, by norm_num⟩

  -- Rewrite the hypothesis h₀ using the computed square root value
  rw [sqrt_196] at h₀

  -- The positive divisors of 14 are exactly 1, 2, 7, and 14
  -- We'll prove that S must be {1, 2, 7, 14}
  have S_eq : S = {1, 2, 7, 14} := by
    -- Use the extensionality of finsets
    apply Finset.ext
    intro n
    -- Rewrite using our hypothesis about membership in S
    rw [h₀]
    -- The divisors of 14 are exactly these four numbers
    rw [Nat.dvd_iff_exists_eq_mul_left]
    -- Prove equivalence by enumerating cases
    cases n with
    | zero => simp -- 0 is not a positive divisor
    | succ n =>
      match n with
      | 0 => simp [Nat.succ_eq_add_one] -- n = 1 case
      | 1 => simp [Nat.succ_eq_add_one] -- n = 2 case
      | 6 => simp [Nat.succ_eq_add_one] -- n = 7 case
      | 13 => simp [Nat.succ_eq_add_one] -- n = 14 case
      | _ =>
        -- For other numbers, show they're not divisors
        simp only [Nat.succ_eq_add_one, add_zero]
        intro k hk
        -- Numbers larger than 14 can't divide 14
        have : 14 < n.succ := by omega
        contradiction

  -- Now rewrite the goal using the equality we just proved
  rw [S_eq]

  -- Compute the sum of the elements {1, 2, 7, 14}
  -- This can be done by direct computation
  simp only [Finset.sum_insert, Finset.sum_singleton, Finset.mem_singleton, 
    Finset.mem_insert, not_or, not_false_eq_true]
  -- The sum is 1 + 2 + 7 + 14 = 24
  norm_num
2025-04-13 11:08:39 - INFO - ----------------------------------------
2025-04-13 11:08:39 - INFO - 
Checking original code for all errors...
2025-04-13 11:10:23 - INFO - Original code contains 4 errors:
2025-04-13 11:10:23 - INFO - Error 1: line 7, type: rewrite_failed, message: tactic 'rewrite' failed, did not find instance of the pattern in the target expression
  (?n * ?n).s...
2025-04-13 11:10:23 - INFO - Error 2: line 22, type: unknown_constant, message: unknown constant 'Nat.dvd_iff_exists_eq_mul_left'...
2025-04-13 11:10:23 - INFO - Error 3: line 22, type: rewrite_failed, message: tactic 'rewrite' failed, equality or iff proof expected
  ?m.627
case a
S : Finset ℕ
h₀ : ∀ (n : ℕ),...
2025-04-13 11:10:23 - INFO - Error 4: line 45, type: simp_failed, message: simp made no progress...
2025-04-13 11:10:23 - INFO - 
Starting multi-error continuous repair process...
2025-04-13 11:10:23 - INFO - 
===== Starting to fix all errors =====
2025-04-13 11:10:24 - INFO - 
Found 4 original errors:
2025-04-13 11:10:24 - INFO - Error 1: line 7, type: rewrite_failed, message: tactic 'rewrite' failed, did not find instance of the pattern in the target expression
  (?n * ?n).s...
2025-04-13 11:10:24 - INFO - Error 2: line 22, type: unknown_constant, message: unknown constant 'Nat.dvd_iff_exists_eq_mul_left'...
2025-04-13 11:10:24 - INFO - Error 3: line 22, type: rewrite_failed, message: tactic 'rewrite' failed, equality or iff proof expected
  ?m.627
case a
S : Finset ℕ
h₀ : ∀ (n : ℕ),...
2025-04-13 11:10:24 - INFO - Error 4: line 45, type: simp_failed, message: simp made no progress...
2025-04-13 11:10:24 - INFO - 
Trying to fix error 1/4: line 7, type: rewrite_failed
2025-04-13 11:10:24 - INFO - Error message: tactic 'rewrite' failed, did not find instance of the pattern in the target expression
  (?n * ?n).s...
2025-04-13 11:10:24 - INFO - Removed header content, remaining 48 lines of code
2025-04-13 11:10:24 - INFO - Using specified target error line: 7
2025-04-13 11:10:25 - INFO - Found error at specified line: tactic 'rewrite' failed, did not find instance of the pattern in the target expression
  (?n * ?n).sqrt
S : Finset ℕ
h₀ : ∀ (n : ℕ), n ∈ S ↔ n ∣ Nat.sqrt 196
⊢ Nat.sqrt 196 = 14
2025-04-13 11:10:25 - INFO - Error at line 7: tactic 'rewrite' failed, did not find instance of the pattern in the target expression
  (?n * ?n).sqrt
S : Finset ℕ
h₀ : ∀ (n : ℕ), n ∈ S ↔ n ∣ Nat.sqrt 196
⊢ Nat.sqrt 196 = 14
2025-04-13 11:10:25 - INFO - 
==================================================
2025-04-13 11:10:25 - INFO - Code prepared, starting synthesis
2025-04-13 11:10:25 - INFO - Before part: /-- What is the sum of the four positive factors of the positive integer value of $\sqrt{196}$? Show that it is 24.-/
theorem mathd_numbertheory_35 (S : Finset ℕ) (h₀ : ∀ n : ℕ, n ∈ S ↔ n ∣ Nat.sqrt 196) :
    (∑ k in S, k) = 24 := by
  -- First, compute the integer square root of 196
  have sqrt_196 : Nat.sqrt 196 = 14 := by
    -- The square root of 196 is exactly 14 since 14² = 196
2025-04-13 11:10:25 - INFO - Error line:     rw [Nat.sqrt_eq]
2025-04-13 11:10:25 - INFO - After part: exact ⟨by norm_num, by norm_num⟩

  -- Rewrite the hypothesis h₀ using the computed square root value
  rw [sqrt_196] at h₀

  -- The positive divisors of 14 are exactly 1, 2, 7, and 14
  -- We'll prove that S must be {1, 2, 7, 14}
  have S_eq : S = {1, 2, 7, 14} := by
    -- Use the extensionality of finsets
    apply Finset.ext
    intro n
    -- Rewrite using our hypothesis about membership in S
    rw [h₀]
    -- The divisors of 14 are exactly these four numbers
    rw [Nat.dvd_iff_exists_eq_mul_left]
    -- Prove equivalence by enumerating cases
    cases n with
    | zero => simp -- 0 is not a positive divisor
    | succ n =>
      match n with
      | 0 => simp [Nat.succ_eq_add_one] -- n = 1 case
      | 1 => simp [Nat.succ_eq_add_one] -- n = 2 case
      | 6 => simp [Nat.succ_eq_add_one] -- n = 7 case
      | 13 => simp [Nat.succ_eq_add_one] -- n = 14 case
      | _ =>
        -- For other numbers, show they're not divisors
        simp only [Nat.succ_eq_add_one, add_zero]
        intro k hk
        -- Numbers larger than 14 can't divide 14
        have : 14 < n.succ := by omega
        contradiction

  -- Now rewrite the goal using the equality we just proved
  rw [S_eq]

  -- Compute the sum of the elements {1, 2, 7, 14}
  -- This can be done by direct computation
  simp only [Finset.sum_insert, Finset.sum_singleton, Finset.mem_singleton, 
    Finset.mem_insert, not_or, not_false_eq_true]
  -- The sum is 1 + 2 + 7 + 14 = 24
  norm_num
2025-04-13 11:10:25 - INFO - ==================================================

2025-04-13 11:10:26 - INFO - Testing fragment: rw [justaplaceholder]
2025-04-13 11:10:26 - INFO - Original error line:     rw [Nat.sqrt_eq]
2025-04-13 11:10:28 - INFO - Testing fix: Original errors: 4, Fixed errors: 5
2025-04-13 11:10:28 - INFO - Result: False (introduced 2 new errors)
2025-04-13 11:10:28 - DEBUG - === New errors detail ===
2025-04-13 11:10:28 - DEBUG - New Error 1: line 7, type: unknown_identifier, message: unknown identifier 'justaplaceholder'
2025-04-13 11:10:28 - DEBUG - New Error 2: line 7, type: rewrite_failed, message: tactic 'rewrite' failed, equality or iff proof expected
  ?m.119
S : Finset ℕ
h₀ : ∀ (n : ℕ), n ∈ S ↔ n ∣ Nat.sqrt 196
⊢ Nat.sqrt 196 = 14
2025-04-13 11:10:28 - INFO - Testing fragment: rw [<- justaplaceholder]
2025-04-13 11:10:28 - INFO - Original error line:     rw [Nat.sqrt_eq]
2025-04-13 11:10:30 - INFO - Testing fix: Original errors: 4, Fixed errors: 5
2025-04-13 11:10:30 - INFO - Result: False (introduced 2 new errors)
2025-04-13 11:10:30 - DEBUG - === New errors detail ===
2025-04-13 11:10:30 - DEBUG - New Error 1: line 7, type: unknown_identifier, message: unknown identifier 'justaplaceholder'
2025-04-13 11:10:30 - DEBUG - New Error 2: line 7, type: rewrite_failed, message: tactic 'rewrite' failed, equality or iff proof expected
  ?m.119
S : Finset ℕ
h₀ : ∀ (n : ℕ), n ∈ S ↔ n ∣ Nat.sqrt 196
⊢ Nat.sqrt 196 = 14
2025-04-13 11:10:30 - INFO - Testing fragment: simp
2025-04-13 11:10:30 - INFO - Original error line:     rw [Nat.sqrt_eq]
2025-04-13 11:10:32 - INFO - Testing fix: Original errors: 4, Fixed errors: 4
2025-04-13 11:10:32 - INFO - Result: False (introduced 1 new errors)
2025-04-13 11:10:32 - DEBUG - === New errors detail ===
2025-04-13 11:10:32 - DEBUG - New Error 1: line 7, type: simp_failed, message: simp made no progress
2025-04-13 11:10:32 - INFO - Testing fragment: field_simp
2025-04-13 11:10:32 - INFO - Original error line:     rw [Nat.sqrt_eq]
2025-04-13 11:10:34 - INFO - Testing fix: Original errors: 4, Fixed errors: 4
2025-04-13 11:10:34 - INFO - Result: False (introduced 1 new errors)
2025-04-13 11:10:34 - DEBUG - === New errors detail ===
2025-04-13 11:10:34 - DEBUG - New Error 1: line 7, type: simp_failed, message: simp made no progress
2025-04-13 11:10:34 - INFO - Testing fragment: norm_num
2025-04-13 11:10:34 - INFO - Original error line:     rw [Nat.sqrt_eq]
2025-04-13 11:10:36 - INFO - Testing fix: Original errors: 4, Fixed errors: 4
2025-04-13 11:10:36 - INFO - Result: False (introduced 1 new errors)
2025-04-13 11:10:36 - DEBUG - === New errors detail ===
2025-04-13 11:10:36 - DEBUG - New Error 1: line 8, type: no_goals_to_solve, message: no goals to be solved
2025-04-13 11:10:36 - INFO - Testing fragment: ring
2025-04-13 11:10:36 - INFO - Original error line:     rw [Nat.sqrt_eq]
2025-04-13 11:10:38 - INFO - Testing fix: Original errors: 4, Fixed errors: 4
2025-04-13 11:10:38 - INFO - Result: False (introduced 1 new errors)
2025-04-13 11:10:38 - DEBUG - === New errors detail ===
2025-04-13 11:10:38 - DEBUG - New Error 1: line 8, type: no_goals_to_solve, message: no goals to be solved
2025-04-13 11:10:38 - INFO - Testing fragment: ring_nf
2025-04-13 11:10:38 - INFO - Original error line:     rw [Nat.sqrt_eq]
2025-04-13 11:10:40 - INFO - Testing fix: Original errors: 4, Fixed errors: 4
2025-04-13 11:10:40 - INFO - Result: False (introduced 1 new errors)
2025-04-13 11:10:40 - DEBUG - === New errors detail ===
2025-04-13 11:10:40 - DEBUG - New Error 1: line 8, type: no_goals_to_solve, message: no goals to be solved
2025-04-13 11:10:40 - INFO - Testing fragment: omega
2025-04-13 11:10:40 - INFO - Original error line:     rw [Nat.sqrt_eq]
2025-04-13 11:10:42 - INFO - Testing fix: Original errors: 4, Fixed errors: 4
2025-04-13 11:10:42 - INFO - Result: False (introduced 1 new errors)
2025-04-13 11:10:42 - DEBUG - === New errors detail ===
2025-04-13 11:10:42 - DEBUG - New Error 1: line 7, type: other_error, message: omega could not prove the goal:
a possible counterexample may satisfy the constraints
  0 ≤ a ≤ 13
where
 a := ↑(Nat.sqrt 196)
2025-04-13 11:10:42 - INFO - Testing fragment: linarith
2025-04-13 11:10:42 - INFO - Original error line:     rw [Nat.sqrt_eq]
2025-04-13 11:10:44 - INFO - Testing fix: Original errors: 4, Fixed errors: 4
2025-04-13 11:10:44 - INFO - Result: False (introduced 1 new errors)
2025-04-13 11:10:44 - DEBUG - === New errors detail ===
2025-04-13 11:10:44 - DEBUG - New Error 1: line 7, type: linarith_failed, message: linarith failed to find a contradiction
case h1.h
S : Finset ℕ
h₀ : ∀ (n : ℕ), n ∈ S ↔ n ∣ Nat.sqrt 196
a✝ : Nat.sqrt 196 < 14
⊢ False
failed
2025-04-13 11:10:44 - INFO - Testing fragment: nlinarith
2025-04-13 11:10:44 - INFO - Original error line:     rw [Nat.sqrt_eq]
2025-04-13 11:10:46 - INFO - Testing fix: Original errors: 4, Fixed errors: 4
2025-04-13 11:10:46 - INFO - Result: False (introduced 1 new errors)
2025-04-13 11:10:46 - DEBUG - === New errors detail ===
2025-04-13 11:10:46 - DEBUG - New Error 1: line 7, type: linarith_failed, message: linarith failed to find a contradiction
case h1.h
S : Finset ℕ
h₀ : ∀ (n : ℕ), n ∈ S ↔ n ∣ Nat.sqrt 196
a✝ : Nat.sqrt 196 < 14
⊢ False
failed
2025-04-13 11:10:46 - INFO - Failed attempt time: 22.04 seconds
2025-04-13 11:10:46 - INFO - ❌ Could not generate fix for error at line 7
2025-04-13 11:10:46 - INFO - 
Trying to fix error 2/4: line 22, type: unknown_constant
2025-04-13 11:10:46 - INFO - Error message: unknown constant 'Nat.dvd_iff_exists_eq_mul_left'...
2025-04-13 11:10:46 - INFO - Removed header content, remaining 48 lines of code
2025-04-13 11:10:46 - INFO - Using specified target error line: 22
2025-04-13 11:10:47 - INFO - Found error at specified line: unknown constant 'Nat.dvd_iff_exists_eq_mul_left'
2025-04-13 11:10:47 - INFO - Error at line 22: unknown constant 'Nat.dvd_iff_exists_eq_mul_left'
2025-04-13 11:10:47 - INFO - 
==================================================
2025-04-13 11:10:47 - INFO - Code prepared, starting synthesis
2025-04-13 11:10:47 - INFO - Before part: /-- What is the sum of the four positive factors of the positive integer value of $\sqrt{196}$? Show that it is 24.-/
theorem mathd_numbertheory_35 (S : Finset ℕ) (h₀ : ∀ n : ℕ, n ∈ S ↔ n ∣ Nat.sqrt 196) :
    (∑ k in S, k) = 24 := by
  -- First, compute the integer square root of 196
  have sqrt_196 : Nat.sqrt 196 = 14 := by
    -- The square root of 196 is exactly 14 since 14² = 196
    rw [Nat.sqrt_eq]
    exact ⟨by norm_num, by norm_num⟩

  -- Rewrite the hypothesis h₀ using the computed square root value
  rw [sqrt_196] at h₀

  -- The positive divisors of 14 are exactly 1, 2, 7, and 14
  -- We'll prove that S must be {1, 2, 7, 14}
  have S_eq : S = {1, 2, 7, 14} := by
    -- Use the extensionality of finsets
    apply Finset.ext
    intro n
    -- Rewrite using our hypothesis about membership in S
    rw [h₀]
    -- The divisors of 14 are exactly these four numbers
2025-04-13 11:10:47 - INFO - Error line:     rw [Nat.dvd_iff_exists_eq_mul_left]
2025-04-13 11:10:47 - INFO - After part: -- Prove equivalence by enumerating cases
    cases n with
    | zero => simp -- 0 is not a positive divisor
    | succ n =>
      match n with
      | 0 => simp [Nat.succ_eq_add_one] -- n = 1 case
      | 1 => simp [Nat.succ_eq_add_one] -- n = 2 case
      | 6 => simp [Nat.succ_eq_add_one] -- n = 7 case
      | 13 => simp [Nat.succ_eq_add_one] -- n = 14 case
      | _ =>
        -- For other numbers, show they're not divisors
        simp only [Nat.succ_eq_add_one, add_zero]
        intro k hk
        -- Numbers larger than 14 can't divide 14
        have : 14 < n.succ := by omega
        contradiction

  -- Now rewrite the goal using the equality we just proved
  rw [S_eq]

  -- Compute the sum of the elements {1, 2, 7, 14}
  -- This can be done by direct computation
  simp only [Finset.sum_insert, Finset.sum_singleton, Finset.mem_singleton, 
    Finset.mem_insert, not_or, not_false_eq_true]
  -- The sum is 1 + 2 + 7 + 14 = 24
  norm_num
2025-04-13 11:10:47 - INFO - ==================================================

2025-04-13 11:10:48 - INFO - Testing fragment: rw [justaplaceholder]
2025-04-13 11:10:48 - INFO - Original error line:     rw [Nat.dvd_iff_exists_eq_mul_left]
2025-04-13 11:10:50 - INFO - Testing fix: Original errors: 4, Fixed errors: 4
2025-04-13 11:10:50 - INFO - Result: False (introduced 2 new errors)
2025-04-13 11:10:50 - DEBUG - === New errors detail ===
2025-04-13 11:10:50 - DEBUG - New Error 1: line 22, type: unknown_identifier, message: unknown identifier 'justaplaceholder'
2025-04-13 11:10:50 - DEBUG - New Error 2: line 22, type: rewrite_failed, message: tactic 'rewrite' failed, equality or iff proof expected
  ?m.627
case a
S : Finset ℕ
h₀ : ∀ (n : ℕ), n ∈ S ↔ n ∣ 14
sqrt_196 : Nat.sqrt 196 = 14
n : ℕ
⊢ n ∣ 14 ↔ n ∈ {1, 2, 7, 14}
2025-04-13 11:10:50 - INFO - Testing fragment: rw [<- justaplaceholder]
2025-04-13 11:10:50 - INFO - Original error line:     rw [Nat.dvd_iff_exists_eq_mul_left]
2025-04-13 11:10:52 - INFO - Testing fix: Original errors: 4, Fixed errors: 4
2025-04-13 11:10:52 - INFO - Result: False (introduced 2 new errors)
2025-04-13 11:10:52 - DEBUG - === New errors detail ===
2025-04-13 11:10:52 - DEBUG - New Error 1: line 22, type: unknown_identifier, message: unknown identifier 'justaplaceholder'
2025-04-13 11:10:52 - DEBUG - New Error 2: line 22, type: rewrite_failed, message: tactic 'rewrite' failed, equality or iff proof expected
  ?m.627
case a
S : Finset ℕ
h₀ : ∀ (n : ℕ), n ∈ S ↔ n ∣ 14
sqrt_196 : Nat.sqrt 196 = 14
n : ℕ
⊢ n ∣ 14 ↔ n ∈ {1, 2, 7, 14}
2025-04-13 11:10:52 - INFO - Testing fragment: simp
2025-04-13 11:10:52 - INFO - Original error line:     rw [Nat.dvd_iff_exists_eq_mul_left]
2025-04-13 11:10:54 - INFO - Testing fix: Original errors: 4, Fixed errors: 5
2025-04-13 11:10:54 - INFO - Result: False (introduced 3 new errors)
2025-04-13 11:10:54 - DEBUG - === New errors detail ===
2025-04-13 11:10:54 - DEBUG - New Error 1: line 29, type: other_error, message: unsolved goals
S : Finset ℕ
h₀ : ∀ (n : ℕ), n ∈ S ↔ n ∣ 14
sqrt_196 : Nat.sqrt 196 = 14
n : ℕ
⊢ 2 ∣ 14
2025-04-13 11:10:54 - DEBUG - New Error 2: line 30, type: other_error, message: unsolved goals
S : Finset ℕ
h₀ : ∀ (n : ℕ), n ∈ S ↔ n ∣ 14
sqrt_196 : Nat.sqrt 196 = 14
n : ℕ
⊢ 7 ∣ 14
2025-04-13 11:10:54 - DEBUG - New Error 3: line 34, type: simp_failed, message: simp made no progress
2025-04-13 11:10:54 - INFO - Testing fragment: field_simp
2025-04-13 11:10:54 - INFO - Original error line:     rw [Nat.dvd_iff_exists_eq_mul_left]
2025-04-13 11:10:56 - INFO - Testing fix: Original errors: 4, Fixed errors: 5
2025-04-13 11:10:56 - INFO - Result: False (introduced 3 new errors)
2025-04-13 11:10:56 - DEBUG - === New errors detail ===
2025-04-13 11:10:56 - DEBUG - New Error 1: line 29, type: other_error, message: unsolved goals
S : Finset ℕ
h₀ : ∀ (n : ℕ), n ∈ S ↔ n ∣ 14
sqrt_196 : Nat.sqrt 196 = 14
n : ℕ
⊢ 2 ∣ 14
2025-04-13 11:10:56 - DEBUG - New Error 2: line 30, type: other_error, message: unsolved goals
S : Finset ℕ
h₀ : ∀ (n : ℕ), n ∈ S ↔ n ∣ 14
sqrt_196 : Nat.sqrt 196 = 14
n : ℕ
⊢ 7 ∣ 14
2025-04-13 11:10:56 - DEBUG - New Error 3: line 34, type: simp_failed, message: simp made no progress
2025-04-13 11:10:56 - INFO - Testing fragment: norm_num
2025-04-13 11:10:56 - INFO - Original error line:     rw [Nat.dvd_iff_exists_eq_mul_left]
2025-04-13 11:10:58 - INFO - Testing fix: Original errors: 4, Fixed errors: 5
2025-04-13 11:10:58 - INFO - Result: False (introduced 3 new errors)
2025-04-13 11:10:58 - DEBUG - === New errors detail ===
2025-04-13 11:10:58 - DEBUG - New Error 1: line 29, type: other_error, message: unsolved goals
S : Finset ℕ
h₀ : ∀ (n : ℕ), n ∈ S ↔ n ∣ 14
sqrt_196 : Nat.sqrt 196 = 14
n : ℕ
⊢ 2 ∣ 14
2025-04-13 11:10:58 - DEBUG - New Error 2: line 30, type: other_error, message: unsolved goals
S : Finset ℕ
h₀ : ∀ (n : ℕ), n ∈ S ↔ n ∣ 14
sqrt_196 : Nat.sqrt 196 = 14
n : ℕ
⊢ 7 ∣ 14
2025-04-13 11:10:58 - DEBUG - New Error 3: line 34, type: simp_failed, message: simp made no progress
2025-04-13 11:10:58 - INFO - Testing fragment: ring
2025-04-13 11:10:58 - INFO - Original error line:     rw [Nat.dvd_iff_exists_eq_mul_left]
2025-04-13 11:11:00 - INFO - Testing fix: Original errors: 4, Fixed errors: 6
2025-04-13 11:11:00 - INFO - Result: False (introduced 4 new errors)
2025-04-13 11:11:00 - DEBUG - === New errors detail ===
2025-04-13 11:11:00 - DEBUG - New Error 1: line 22, type: ring_failed, message: Try this: ring_nf
2025-04-13 11:11:00 - DEBUG - New Error 2: line 29, type: other_error, message: unsolved goals
S : Finset ℕ
h₀ : ∀ (n : ℕ), n ∈ S ↔ n ∣ 14
sqrt_196 : Nat.sqrt 196 = 14
n : ℕ
⊢ 2 ∣ 14
2025-04-13 11:11:00 - DEBUG - New Error 3: line 30, type: other_error, message: unsolved goals
S : Finset ℕ
h₀ : ∀ (n : ℕ), n ∈ S ↔ n ∣ 14
sqrt_196 : Nat.sqrt 196 = 14
n : ℕ
⊢ 7 ∣ 14
2025-04-13 11:11:00 - DEBUG - New Error 4: line 34, type: simp_failed, message: simp made no progress
2025-04-13 11:11:00 - INFO - Testing fragment: ring_nf
2025-04-13 11:11:00 - INFO - Original error line:     rw [Nat.dvd_iff_exists_eq_mul_left]
2025-04-13 11:11:02 - INFO - Testing fix: Original errors: 4, Fixed errors: 5
2025-04-13 11:11:02 - INFO - Result: False (introduced 3 new errors)
2025-04-13 11:11:02 - DEBUG - === New errors detail ===
2025-04-13 11:11:02 - DEBUG - New Error 1: line 29, type: other_error, message: unsolved goals
S : Finset ℕ
h₀ : ∀ (n : ℕ), n ∈ S ↔ n ∣ 14
sqrt_196 : Nat.sqrt 196 = 14
n : ℕ
⊢ 2 ∣ 14
2025-04-13 11:11:02 - DEBUG - New Error 2: line 30, type: other_error, message: unsolved goals
S : Finset ℕ
h₀ : ∀ (n : ℕ), n ∈ S ↔ n ∣ 14
sqrt_196 : Nat.sqrt 196 = 14
n : ℕ
⊢ 7 ∣ 14
2025-04-13 11:11:02 - DEBUG - New Error 3: line 34, type: simp_failed, message: simp made no progress
2025-04-13 11:11:02 - INFO - Testing fragment: omega
2025-04-13 11:11:02 - INFO - Original error line:     rw [Nat.dvd_iff_exists_eq_mul_left]
2025-04-13 11:11:04 - INFO - Testing fix: Original errors: 4, Fixed errors: 3
2025-04-13 11:11:04 - INFO - Result: False (introduced 1 new errors)
2025-04-13 11:11:04 - DEBUG - === New errors detail ===
2025-04-13 11:11:04 - DEBUG - New Error 1: line 22, type: other_error, message: omega could not prove the goal:
No usable constraints found. You may need to unfold definitions so `omega` can see linear arithmetic facts about `Nat` and `Int`, which may also involve multiplication, division, and modular remainder by constants.
2025-04-13 11:11:04 - INFO - Testing fragment: linarith
2025-04-13 11:11:04 - INFO - Original error line:     rw [Nat.dvd_iff_exists_eq_mul_left]
2025-04-13 11:11:06 - INFO - Testing fix: Original errors: 4, Fixed errors: 3
2025-04-13 11:11:06 - INFO - Result: False (introduced 1 new errors)
2025-04-13 11:11:06 - DEBUG - === New errors detail ===
2025-04-13 11:11:06 - DEBUG - New Error 1: line 22, type: linarith_failed, message: linarith failed to find a contradiction
case a
S : Finset ℕ
h₀ : ∀ (n : ℕ), n ∈ S ↔ n ∣ 14
sqrt_196 : Nat.sqrt 196 = 14
n : ℕ
⊢ False
failed
2025-04-13 11:11:06 - INFO - Testing fragment: nlinarith
2025-04-13 11:11:06 - INFO - Original error line:     rw [Nat.dvd_iff_exists_eq_mul_left]
2025-04-13 11:11:08 - INFO - Testing fix: Original errors: 4, Fixed errors: 3
2025-04-13 11:11:08 - INFO - Result: False (introduced 1 new errors)
2025-04-13 11:11:08 - DEBUG - === New errors detail ===
2025-04-13 11:11:08 - DEBUG - New Error 1: line 22, type: linarith_failed, message: linarith failed to find a contradiction
case a
S : Finset ℕ
h₀ : ∀ (n : ℕ), n ∈ S ↔ n ∣ 14
sqrt_196 : Nat.sqrt 196 = 14
n : ℕ
⊢ False
failed
2025-04-13 11:11:08 - INFO - Failed attempt time: 22.04 seconds
2025-04-13 11:11:08 - INFO - ❌ Could not generate fix for error at line 22
2025-04-13 11:11:08 - INFO - 
Trying to fix error 3/4: line 22, type: rewrite_failed
2025-04-13 11:11:08 - INFO - Error message: tactic 'rewrite' failed, equality or iff proof expected
  ?m.627
case a
S : Finset ℕ
h₀ : ∀ (n : ℕ),...
2025-04-13 11:11:08 - INFO - Removed header content, remaining 48 lines of code
2025-04-13 11:11:08 - INFO - Using specified target error line: 22
2025-04-13 11:11:09 - INFO - Found error at specified line: unknown constant 'Nat.dvd_iff_exists_eq_mul_left'
2025-04-13 11:11:09 - INFO - Error at line 22: unknown constant 'Nat.dvd_iff_exists_eq_mul_left'
2025-04-13 11:11:09 - INFO - 
==================================================
2025-04-13 11:11:09 - INFO - Code prepared, starting synthesis
2025-04-13 11:11:09 - INFO - Before part: /-- What is the sum of the four positive factors of the positive integer value of $\sqrt{196}$? Show that it is 24.-/
theorem mathd_numbertheory_35 (S : Finset ℕ) (h₀ : ∀ n : ℕ, n ∈ S ↔ n ∣ Nat.sqrt 196) :
    (∑ k in S, k) = 24 := by
  -- First, compute the integer square root of 196
  have sqrt_196 : Nat.sqrt 196 = 14 := by
    -- The square root of 196 is exactly 14 since 14² = 196
    rw [Nat.sqrt_eq]
    exact ⟨by norm_num, by norm_num⟩

  -- Rewrite the hypothesis h₀ using the computed square root value
  rw [sqrt_196] at h₀

  -- The positive divisors of 14 are exactly 1, 2, 7, and 14
  -- We'll prove that S must be {1, 2, 7, 14}
  have S_eq : S = {1, 2, 7, 14} := by
    -- Use the extensionality of finsets
    apply Finset.ext
    intro n
    -- Rewrite using our hypothesis about membership in S
    rw [h₀]
    -- The divisors of 14 are exactly these four numbers
2025-04-13 11:11:09 - INFO - Error line:     rw [Nat.dvd_iff_exists_eq_mul_left]
2025-04-13 11:11:09 - INFO - After part: -- Prove equivalence by enumerating cases
    cases n with
    | zero => simp -- 0 is not a positive divisor
    | succ n =>
      match n with
      | 0 => simp [Nat.succ_eq_add_one] -- n = 1 case
      | 1 => simp [Nat.succ_eq_add_one] -- n = 2 case
      | 6 => simp [Nat.succ_eq_add_one] -- n = 7 case
      | 13 => simp [Nat.succ_eq_add_one] -- n = 14 case
      | _ =>
        -- For other numbers, show they're not divisors
        simp only [Nat.succ_eq_add_one, add_zero]
        intro k hk
        -- Numbers larger than 14 can't divide 14
        have : 14 < n.succ := by omega
        contradiction

  -- Now rewrite the goal using the equality we just proved
  rw [S_eq]

  -- Compute the sum of the elements {1, 2, 7, 14}
  -- This can be done by direct computation
  simp only [Finset.sum_insert, Finset.sum_singleton, Finset.mem_singleton, 
    Finset.mem_insert, not_or, not_false_eq_true]
  -- The sum is 1 + 2 + 7 + 14 = 24
  norm_num
2025-04-13 11:11:09 - INFO - ==================================================

2025-04-13 11:11:10 - INFO - Testing fragment: rw [justaplaceholder]
2025-04-13 11:11:10 - INFO - Original error line:     rw [Nat.dvd_iff_exists_eq_mul_left]
2025-04-13 11:11:12 - INFO - Testing fix: Original errors: 4, Fixed errors: 4
2025-04-13 11:11:12 - INFO - Result: False (introduced 2 new errors)
2025-04-13 11:11:12 - DEBUG - === New errors detail ===
2025-04-13 11:11:12 - DEBUG - New Error 1: line 22, type: unknown_identifier, message: unknown identifier 'justaplaceholder'
2025-04-13 11:11:12 - DEBUG - New Error 2: line 22, type: rewrite_failed, message: tactic 'rewrite' failed, equality or iff proof expected
  ?m.627
case a
S : Finset ℕ
h₀ : ∀ (n : ℕ), n ∈ S ↔ n ∣ 14
sqrt_196 : Nat.sqrt 196 = 14
n : ℕ
⊢ n ∣ 14 ↔ n ∈ {1, 2, 7, 14}
2025-04-13 11:11:12 - INFO - Testing fragment: rw [<- justaplaceholder]
2025-04-13 11:11:12 - INFO - Original error line:     rw [Nat.dvd_iff_exists_eq_mul_left]
2025-04-13 11:11:14 - INFO - Testing fix: Original errors: 4, Fixed errors: 4
2025-04-13 11:11:14 - INFO - Result: False (introduced 2 new errors)
2025-04-13 11:11:14 - DEBUG - === New errors detail ===
2025-04-13 11:11:14 - DEBUG - New Error 1: line 22, type: unknown_identifier, message: unknown identifier 'justaplaceholder'
2025-04-13 11:11:14 - DEBUG - New Error 2: line 22, type: rewrite_failed, message: tactic 'rewrite' failed, equality or iff proof expected
  ?m.627
case a
S : Finset ℕ
h₀ : ∀ (n : ℕ), n ∈ S ↔ n ∣ 14
sqrt_196 : Nat.sqrt 196 = 14
n : ℕ
⊢ n ∣ 14 ↔ n ∈ {1, 2, 7, 14}
2025-04-13 11:11:14 - INFO - Testing fragment: simp
2025-04-13 11:11:14 - INFO - Original error line:     rw [Nat.dvd_iff_exists_eq_mul_left]
2025-04-13 11:11:16 - INFO - Testing fix: Original errors: 4, Fixed errors: 5
2025-04-13 11:11:16 - INFO - Result: False (introduced 3 new errors)
2025-04-13 11:11:16 - DEBUG - === New errors detail ===
2025-04-13 11:11:16 - DEBUG - New Error 1: line 29, type: other_error, message: unsolved goals
S : Finset ℕ
h₀ : ∀ (n : ℕ), n ∈ S ↔ n ∣ 14
sqrt_196 : Nat.sqrt 196 = 14
n : ℕ
⊢ 2 ∣ 14
2025-04-13 11:11:16 - DEBUG - New Error 2: line 30, type: other_error, message: unsolved goals
S : Finset ℕ
h₀ : ∀ (n : ℕ), n ∈ S ↔ n ∣ 14
sqrt_196 : Nat.sqrt 196 = 14
n : ℕ
⊢ 7 ∣ 14
2025-04-13 11:11:16 - DEBUG - New Error 3: line 34, type: simp_failed, message: simp made no progress
2025-04-13 11:11:16 - INFO - Testing fragment: field_simp
2025-04-13 11:11:16 - INFO - Original error line:     rw [Nat.dvd_iff_exists_eq_mul_left]
2025-04-13 11:11:18 - INFO - Testing fix: Original errors: 4, Fixed errors: 5
2025-04-13 11:11:18 - INFO - Result: False (introduced 3 new errors)
2025-04-13 11:11:18 - DEBUG - === New errors detail ===
2025-04-13 11:11:18 - DEBUG - New Error 1: line 29, type: other_error, message: unsolved goals
S : Finset ℕ
h₀ : ∀ (n : ℕ), n ∈ S ↔ n ∣ 14
sqrt_196 : Nat.sqrt 196 = 14
n : ℕ
⊢ 2 ∣ 14
2025-04-13 11:11:18 - DEBUG - New Error 2: line 30, type: other_error, message: unsolved goals
S : Finset ℕ
h₀ : ∀ (n : ℕ), n ∈ S ↔ n ∣ 14
sqrt_196 : Nat.sqrt 196 = 14
n : ℕ
⊢ 7 ∣ 14
2025-04-13 11:11:18 - DEBUG - New Error 3: line 34, type: simp_failed, message: simp made no progress
2025-04-13 11:11:18 - INFO - Testing fragment: norm_num
2025-04-13 11:11:18 - INFO - Original error line:     rw [Nat.dvd_iff_exists_eq_mul_left]
2025-04-13 11:11:20 - INFO - Testing fix: Original errors: 4, Fixed errors: 5
2025-04-13 11:11:20 - INFO - Result: False (introduced 3 new errors)
2025-04-13 11:11:20 - DEBUG - === New errors detail ===
2025-04-13 11:11:20 - DEBUG - New Error 1: line 29, type: other_error, message: unsolved goals
S : Finset ℕ
h₀ : ∀ (n : ℕ), n ∈ S ↔ n ∣ 14
sqrt_196 : Nat.sqrt 196 = 14
n : ℕ
⊢ 2 ∣ 14
2025-04-13 11:11:20 - DEBUG - New Error 2: line 30, type: other_error, message: unsolved goals
S : Finset ℕ
h₀ : ∀ (n : ℕ), n ∈ S ↔ n ∣ 14
sqrt_196 : Nat.sqrt 196 = 14
n : ℕ
⊢ 7 ∣ 14
2025-04-13 11:11:20 - DEBUG - New Error 3: line 34, type: simp_failed, message: simp made no progress
2025-04-13 11:11:20 - INFO - Testing fragment: ring
2025-04-13 11:11:20 - INFO - Original error line:     rw [Nat.dvd_iff_exists_eq_mul_left]
2025-04-13 11:11:22 - INFO - Testing fix: Original errors: 4, Fixed errors: 6
2025-04-13 11:11:22 - INFO - Result: False (introduced 4 new errors)
2025-04-13 11:11:22 - DEBUG - === New errors detail ===
2025-04-13 11:11:22 - DEBUG - New Error 1: line 22, type: ring_failed, message: Try this: ring_nf
2025-04-13 11:11:22 - DEBUG - New Error 2: line 29, type: other_error, message: unsolved goals
S : Finset ℕ
h₀ : ∀ (n : ℕ), n ∈ S ↔ n ∣ 14
sqrt_196 : Nat.sqrt 196 = 14
n : ℕ
⊢ 2 ∣ 14
2025-04-13 11:11:22 - DEBUG - New Error 3: line 30, type: other_error, message: unsolved goals
S : Finset ℕ
h₀ : ∀ (n : ℕ), n ∈ S ↔ n ∣ 14
sqrt_196 : Nat.sqrt 196 = 14
n : ℕ
⊢ 7 ∣ 14
2025-04-13 11:11:22 - DEBUG - New Error 4: line 34, type: simp_failed, message: simp made no progress
2025-04-13 11:11:22 - INFO - Testing fragment: ring_nf
2025-04-13 11:11:22 - INFO - Original error line:     rw [Nat.dvd_iff_exists_eq_mul_left]
2025-04-13 11:11:24 - INFO - Testing fix: Original errors: 4, Fixed errors: 5
2025-04-13 11:11:24 - INFO - Result: False (introduced 3 new errors)
2025-04-13 11:11:24 - DEBUG - === New errors detail ===
2025-04-13 11:11:24 - DEBUG - New Error 1: line 29, type: other_error, message: unsolved goals
S : Finset ℕ
h₀ : ∀ (n : ℕ), n ∈ S ↔ n ∣ 14
sqrt_196 : Nat.sqrt 196 = 14
n : ℕ
⊢ 2 ∣ 14
2025-04-13 11:11:24 - DEBUG - New Error 2: line 30, type: other_error, message: unsolved goals
S : Finset ℕ
h₀ : ∀ (n : ℕ), n ∈ S ↔ n ∣ 14
sqrt_196 : Nat.sqrt 196 = 14
n : ℕ
⊢ 7 ∣ 14
2025-04-13 11:11:24 - DEBUG - New Error 3: line 34, type: simp_failed, message: simp made no progress
2025-04-13 11:11:24 - INFO - Testing fragment: omega
2025-04-13 11:11:24 - INFO - Original error line:     rw [Nat.dvd_iff_exists_eq_mul_left]
2025-04-13 11:11:26 - INFO - Testing fix: Original errors: 4, Fixed errors: 3
2025-04-13 11:11:26 - INFO - Result: False (introduced 1 new errors)
2025-04-13 11:11:26 - DEBUG - === New errors detail ===
2025-04-13 11:11:26 - DEBUG - New Error 1: line 22, type: other_error, message: omega could not prove the goal:
No usable constraints found. You may need to unfold definitions so `omega` can see linear arithmetic facts about `Nat` and `Int`, which may also involve multiplication, division, and modular remainder by constants.
2025-04-13 11:11:26 - INFO - Testing fragment: linarith
2025-04-13 11:11:26 - INFO - Original error line:     rw [Nat.dvd_iff_exists_eq_mul_left]
2025-04-13 11:11:28 - INFO - Testing fix: Original errors: 4, Fixed errors: 3
2025-04-13 11:11:28 - INFO - Result: False (introduced 1 new errors)
2025-04-13 11:11:28 - DEBUG - === New errors detail ===
2025-04-13 11:11:28 - DEBUG - New Error 1: line 22, type: linarith_failed, message: linarith failed to find a contradiction
case a
S : Finset ℕ
h₀ : ∀ (n : ℕ), n ∈ S ↔ n ∣ 14
sqrt_196 : Nat.sqrt 196 = 14
n : ℕ
⊢ False
failed
2025-04-13 11:11:28 - INFO - Testing fragment: nlinarith
2025-04-13 11:11:28 - INFO - Original error line:     rw [Nat.dvd_iff_exists_eq_mul_left]
2025-04-13 11:11:30 - INFO - Testing fix: Original errors: 4, Fixed errors: 3
2025-04-13 11:11:30 - INFO - Result: False (introduced 1 new errors)
2025-04-13 11:11:30 - DEBUG - === New errors detail ===
2025-04-13 11:11:30 - DEBUG - New Error 1: line 22, type: linarith_failed, message: linarith failed to find a contradiction
case a
S : Finset ℕ
h₀ : ∀ (n : ℕ), n ∈ S ↔ n ∣ 14
sqrt_196 : Nat.sqrt 196 = 14
n : ℕ
⊢ False
failed
2025-04-13 11:11:30 - INFO - Failed attempt time: 22.04 seconds
2025-04-13 11:11:30 - INFO - ❌ Could not generate fix for error at line 22
2025-04-13 11:11:30 - INFO - 
Trying to fix error 4/4: line 45, type: simp_failed
2025-04-13 11:11:30 - INFO - Error message: simp made no progress...
2025-04-13 11:11:30 - INFO - Removed header content, remaining 48 lines of code
2025-04-13 11:11:30 - INFO - Using specified target error line: 45
2025-04-13 11:11:31 - INFO - Found error at specified line: simp made no progress
2025-04-13 11:11:31 - INFO - Error at line 45: simp made no progress
2025-04-13 11:11:31 - INFO - 
==================================================
2025-04-13 11:11:31 - INFO - Code prepared, starting synthesis
2025-04-13 11:11:31 - INFO - Before part: /-- What is the sum of the four positive factors of the positive integer value of $\sqrt{196}$? Show that it is 24.-/
theorem mathd_numbertheory_35 (S : Finset ℕ) (h₀ : ∀ n : ℕ, n ∈ S ↔ n ∣ Nat.sqrt 196) :
    (∑ k in S, k) = 24 := by
  -- First, compute the integer square root of 196
  have sqrt_196 : Nat.sqrt 196 = 14 := by
    -- The square root of 196 is exactly 14 since 14² = 196
    rw [Nat.sqrt_eq]
    exact ⟨by norm_num, by norm_num⟩

  -- Rewrite the hypothesis h₀ using the computed square root value
  rw [sqrt_196] at h₀

  -- The positive divisors of 14 are exactly 1, 2, 7, and 14
  -- We'll prove that S must be {1, 2, 7, 14}
  have S_eq : S = {1, 2, 7, 14} := by
    -- Use the extensionality of finsets
    apply Finset.ext
    intro n
    -- Rewrite using our hypothesis about membership in S
    rw [h₀]
    -- The divisors of 14 are exactly these four numbers
    rw [Nat.dvd_iff_exists_eq_mul_left]
    -- Prove equivalence by enumerating cases
    cases n with
    | zero => simp -- 0 is not a positive divisor
    | succ n =>
      match n with
      | 0 => simp [Nat.succ_eq_add_one] -- n = 1 case
      | 1 => simp [Nat.succ_eq_add_one] -- n = 2 case
      | 6 => simp [Nat.succ_eq_add_one] -- n = 7 case
      | 13 => simp [Nat.succ_eq_add_one] -- n = 14 case
      | _ =>
        -- For other numbers, show they're not divisors
        simp only [Nat.succ_eq_add_one, add_zero]
        intro k hk
        -- Numbers larger than 14 can't divide 14
        have : 14 < n.succ := by omega
        contradiction

  -- Now rewrite the goal using the equality we just proved
  rw [S_eq]

  -- Compute the sum of the elements {1, 2, 7, 14}
  -- This can be done by direct computation
2025-04-13 11:11:31 - INFO - Error line:   simp only [Finset.sum_insert, Finset.sum_singleton, Finset.mem_singleton,
2025-04-13 11:11:31 - INFO - After part: Finset.mem_insert, not_or, not_false_eq_true]
  -- The sum is 1 + 2 + 7 + 14 = 24
  norm_num
2025-04-13 11:11:31 - INFO - ==================================================

2025-04-13 11:11:32 - INFO - Testing fragment: rw [justaplaceholder]
2025-04-13 11:11:32 - INFO - Original error line:   simp only [Finset.sum_insert, Finset.sum_singleton, Finset.mem_singleton,
2025-04-13 11:11:34 - INFO - Testing fix: Original errors: 4, Fixed errors: 6
2025-04-13 11:11:34 - INFO - Result: False (introduced 3 new errors)
2025-04-13 11:11:34 - DEBUG - === New errors detail ===
2025-04-13 11:11:34 - DEBUG - New Error 1: line 45, type: unknown_identifier, message: unknown identifier 'justaplaceholder'
2025-04-13 11:11:34 - DEBUG - New Error 2: line 45, type: rewrite_failed, message: tactic 'rewrite' failed, equality or iff proof expected
  ?m.637
S : Finset ℕ
h₀ : ∀ (n : ℕ), n ∈ S ↔ n ∣ 14
sqrt_196 : Nat.sqrt 196 = 14
S_eq : S = {1, 2, 7, 14}
⊢ ∑ k ∈ {1, 2, 7, 14}, k = 24
2025-04-13 11:11:34 - DEBUG - New Error 3: line 46, type: other_error, message: unexpected identifier; expected command
2025-04-13 11:11:34 - INFO - Testing fragment: rw [<- justaplaceholder]
2025-04-13 11:11:34 - INFO - Original error line:   simp only [Finset.sum_insert, Finset.sum_singleton, Finset.mem_singleton,
2025-04-13 11:11:36 - INFO - Testing fix: Original errors: 4, Fixed errors: 6
2025-04-13 11:11:36 - INFO - Result: False (introduced 3 new errors)
2025-04-13 11:11:36 - DEBUG - === New errors detail ===
2025-04-13 11:11:36 - DEBUG - New Error 1: line 45, type: unknown_identifier, message: unknown identifier 'justaplaceholder'
2025-04-13 11:11:36 - DEBUG - New Error 2: line 45, type: rewrite_failed, message: tactic 'rewrite' failed, equality or iff proof expected
  ?m.637
S : Finset ℕ
h₀ : ∀ (n : ℕ), n ∈ S ↔ n ∣ 14
sqrt_196 : Nat.sqrt 196 = 14
S_eq : S = {1, 2, 7, 14}
⊢ ∑ k ∈ {1, 2, 7, 14}, k = 24
2025-04-13 11:11:36 - DEBUG - New Error 3: line 46, type: other_error, message: unexpected identifier; expected command
2025-04-13 11:11:36 - INFO - Testing fragment: simp
2025-04-13 11:11:36 - INFO - Original error line:   simp only [Finset.sum_insert, Finset.sum_singleton, Finset.mem_singleton,
2025-04-13 11:11:38 - INFO - Testing fix: Original errors: 4, Fixed errors: 4
2025-04-13 11:11:38 - INFO - Result: False (introduced 1 new errors)
2025-04-13 11:11:38 - DEBUG - === New errors detail ===
2025-04-13 11:11:38 - DEBUG - New Error 1: line 46, type: other_error, message: unexpected identifier; expected command
2025-04-13 11:11:38 - INFO - Testing fragment: field_simp
2025-04-13 11:11:38 - INFO - Original error line:   simp only [Finset.sum_insert, Finset.sum_singleton, Finset.mem_singleton,
2025-04-13 11:11:40 - INFO - Testing fix: Original errors: 4, Fixed errors: 5
2025-04-13 11:11:40 - INFO - Result: False (introduced 2 new errors)
2025-04-13 11:11:40 - DEBUG - === New errors detail ===
2025-04-13 11:11:40 - DEBUG - New Error 1: line 3, type: other_error, message: unsolved goals
S : Finset ℕ
h₀ : ∀ (n : ℕ), n ∈ S ↔ n ∣ 14
sqrt_196 : Nat.sqrt 196 = 14
S_eq : S = {1, 2, 7, 14}
⊢ 1 + (2 + (7 + 14)) = 24
2025-04-13 11:11:40 - DEBUG - New Error 2: line 46, type: other_error, message: unexpected identifier; expected command
2025-04-13 11:11:40 - INFO - Testing fragment: norm_num
2025-04-13 11:11:40 - INFO - Original error line:   simp only [Finset.sum_insert, Finset.sum_singleton, Finset.mem_singleton,
2025-04-13 11:11:42 - INFO - Testing fix: Original errors: 4, Fixed errors: 4
2025-04-13 11:11:42 - INFO - Result: False (introduced 1 new errors)
2025-04-13 11:11:42 - DEBUG - === New errors detail ===
2025-04-13 11:11:42 - DEBUG - New Error 1: line 46, type: other_error, message: unexpected identifier; expected command
2025-04-13 11:11:42 - INFO - Testing fragment: ring
2025-04-13 11:11:42 - INFO - Original error line:   simp only [Finset.sum_insert, Finset.sum_singleton, Finset.mem_singleton,
2025-04-13 11:11:44 - INFO - Testing fix: Original errors: 4, Fixed errors: 6
2025-04-13 11:11:44 - INFO - Result: False (introduced 3 new errors)
2025-04-13 11:11:44 - DEBUG - === New errors detail ===
2025-04-13 11:11:44 - DEBUG - New Error 1: line 45, type: ring_failed, message: Try this: ring_nf
2025-04-13 11:11:44 - DEBUG - New Error 2: line 3, type: other_error, message: unsolved goals
S : Finset ℕ
h₀ : ∀ (n : ℕ), n ∈ S ↔ n ∣ 14
sqrt_196 : Nat.sqrt 196 = 14
S_eq : S = {1, 2, 7, 14}
⊢ ∑ k ∈ {1, 2, 7, 14}, k = 24
2025-04-13 11:11:44 - DEBUG - New Error 3: line 46, type: other_error, message: unexpected identifier; expected command
2025-04-13 11:11:44 - INFO - Testing fragment: ring_nf
2025-04-13 11:11:44 - INFO - Original error line:   simp only [Finset.sum_insert, Finset.sum_singleton, Finset.mem_singleton,
2025-04-13 11:11:46 - INFO - Testing fix: Original errors: 4, Fixed errors: 5
2025-04-13 11:11:46 - INFO - Result: False (introduced 2 new errors)
2025-04-13 11:11:46 - DEBUG - === New errors detail ===
2025-04-13 11:11:46 - DEBUG - New Error 1: line 3, type: other_error, message: unsolved goals
S : Finset ℕ
h₀ : ∀ (n : ℕ), n ∈ S ↔ n ∣ 14
sqrt_196 : Nat.sqrt 196 = 14
S_eq : S = {1, 2, 7, 14}
⊢ ∑ k ∈ {1, 2, 7, 14}, k = 24
2025-04-13 11:11:46 - DEBUG - New Error 2: line 46, type: other_error, message: unexpected identifier; expected command
2025-04-13 11:11:46 - INFO - Testing fragment: omega
2025-04-13 11:11:46 - INFO - Original error line:   simp only [Finset.sum_insert, Finset.sum_singleton, Finset.mem_singleton,
2025-04-13 11:15:09 - INFO - Synthesis failed: ('Execution failed', 'Execution timed out after 200.0 seconds. Partial output:\n{"cmd": "/-- What is the sum of the four positive factors of the positive integer value of $\\\\sqrt{196}$? Show that it is 24.-/\\ntheorem mathd_numbertheory_35 (S : Finset ℕ) (h₀ : ∀ n : ℕ, n ∈ S ↔ n ∣ Nat.sqrt 196) :\\n    (∑ k in S, k) = 24 := by\\n  -- First, compute the integer square root of 196\\n  have sqrt_196 : Nat.sqrt 196 = 14 := by\\n    -- The square root of 196 is exactly 14 since 14² = 196\\n    rw [Nat.sqrt_eq]\\n    exact ⟨by norm_num, by norm_num⟩\\n\\n  -- Rewrite the hypothesis h₀ using the computed square root value\\n  rw [sqrt_196] at h₀\\n\\n  -- The positive divisors of 14 are exactly 1, 2, 7, and 14\\n  -- We\'ll prove that S must be {1, 2, 7, 14}\\n  have S_eq : S = {1, 2, 7, 14} := by\\n    -- Use the extensionality of finsets\\n    apply Finset.ext\\n    intro n\\n    -- Rewrite using our hypothesis about membership in S\\n    rw [h₀]\\n    -- The divisors of 14 are exactly these four numbers\\n    rw [Nat.dvd_iff_exists_eq_mul_left]\\n    -- Prove equivalence by enumerating cases\\n    cases n with\\n    | zero => simp -- 0 is not a positive divisor\\n    | succ n =>\\n      match n with\\n      | 0 => simp [Nat.succ_eq_add_one] -- n = 1 case\\n      | 1 => simp [Nat.succ_eq_add_one] -- n = 2 case\\n      | 6 => simp [Nat.succ_eq_add_one] -- n = 7 case\\n      | 13 => simp [Nat.succ_eq_add_one] -- n = 14 case\\n      | _ =>\\n        -- For other numbers, show they\'re not divisors\\n        simp only [Nat.succ_eq_add_one, add_zero]\\n        intro k hk\\n        -- Numbers larger than 14 can\'t divide 14\\n        have : 14 < n.succ := by omega\\n        contradiction\\n\\n  -- Now rewrite the goal using the equality we just proved\\n  rw [S_eq]\\n\\n  -- Compute the sum of the elements {1, 2, 7, 14}\\n  -- This can be done by direct computation\\n  omega\\n    Finset.mem_insert, not_or, not_false_eq_true]\\n  -- The sum is 1 + 2 + 7 + 14 = 24\\n  norm_num", "env": 0}\r\n\r\n')
2025-04-13 11:15:52 - INFO - Failed attempt time: 262.30 seconds
2025-04-13 11:15:52 - INFO - ❌ Could not generate fix for error at line 45
2025-04-13 11:16:18 - INFO - 
===== Fix attempt completed =====
2025-04-13 11:16:18 - INFO - Original errors: 4
2025-04-13 11:16:18 - INFO - Fixed errors: 0
2025-04-13 11:16:18 - INFO - Failed errors: 4
2025-04-13 11:16:18 - INFO - Remaining errors: 5
2025-04-13 11:16:18 - INFO - Total time: 355.45 seconds
2025-04-13 11:16:18 - INFO - 
Final fixed code:
2025-04-13 11:16:18 - INFO - ----------------------------------------
2025-04-13 11:16:18 - INFO - /-- What is the sum of the four positive factors of the positive integer value of $\sqrt{196}$? Show that it is 24.-/
theorem mathd_numbertheory_35 (S : Finset ℕ) (h₀ : ∀ n : ℕ, n ∈ S ↔ n ∣ Nat.sqrt 196) :
    (∑ k in S, k) = 24 := by
  -- First, compute the integer square root of 196
  have sqrt_196 : Nat.sqrt 196 = 14 := by
    -- The square root of 196 is exactly 14 since 14² = 196
    rw [Nat.sqrt_eq]
    exact ⟨by norm_num, by norm_num⟩

  -- Rewrite the hypothesis h₀ using the computed square root value
  rw [sqrt_196] at h₀

  -- The positive divisors of 14 are exactly 1, 2, 7, and 14
  -- We'll prove that S must be {1, 2, 7, 14}
  have S_eq : S = {1, 2, 7, 14} := by
    -- Use the extensionality of finsets
    apply Finset.ext
    intro n
    -- Rewrite using our hypothesis about membership in S
    rw [h₀]
    -- The divisors of 14 are exactly these four numbers
    rw [Nat.dvd_iff_exists_eq_mul_left]
    -- Prove equivalence by enumerating cases
    cases n with
    | zero => simp -- 0 is not a positive divisor
    | succ n =>
      match n with
      | 0 => simp [Nat.succ_eq_add_one] -- n = 1 case
      | 1 => simp [Nat.succ_eq_add_one] -- n = 2 case
      | 6 => simp [Nat.succ_eq_add_one] -- n = 7 case
      | 13 => simp [Nat.succ_eq_add_one] -- n = 14 case
      | _ =>
        -- For other numbers, show they're not divisors
        simp only [Nat.succ_eq_add_one, add_zero]
        intro k hk
        -- Numbers larger than 14 can't divide 14
        have : 14 < n.succ := by omega
        contradiction

  -- Now rewrite the goal using the equality we just proved
  rw [S_eq]

  -- Compute the sum of the elements {1, 2, 7, 14}
  -- This can be done by direct computation
  simp only [Finset.sum_insert, Finset.sum_singleton, Finset.mem_singleton, 
    Finset.mem_insert, not_or, not_false_eq_true]
  -- The sum is 1 + 2 + 7 + 14 = 24
  norm_num
2025-04-13 11:16:18 - INFO - ----------------------------------------
2025-04-13 11:16:18 - INFO - 
Detailed error repair report:
2025-04-13 11:16:18 - INFO - Original code error count: 4
❌ Fixed error 1/4: Could not generate fix for error at line 7 «rewrite_failed» (after 22.04s)
❌ Fixed error 2/4: Could not generate fix for error at line 22 «unknown_constant» (after 22.04s)
❌ Fixed error 3/4: Could not generate fix for error at line 22 «rewrite_failed» (after 22.04s)
❌ Fixed error 4/4: Could not generate fix for error at line 45 «simp_failed» (after 262.30s)

=== Fix statistics ===
Original error count: 4
Fixed errors: 0 (Fix rate: 0.0000)
Failed errors: 4
Remaining errors: 5
Total time: 355.45 seconds

=== Failed fix details ===

Failed fix 1:
   Line: 7
   Error type: rewrite_failed
   Original error message: tactic 'rewrite' failed, did not find instance of the pattern in the target expression
  (?n * ?n).s...
   Failure reason: Could not generate fix
   Time: 22.04 seconds

Failed fix 2:
   Line: 22
   Error type: unknown_constant
   Original error message: unknown constant 'Nat.dvd_iff_exists_eq_mul_left'...
   Failure reason: Could not generate fix
   Time: 22.04 seconds

Failed fix 3:
   Line: 22
   Error type: rewrite_failed
   Original error message: tactic 'rewrite' failed, equality or iff proof expected
  ?m.627
case a
S : Finset ℕ
h₀ : ∀ (n : ℕ),...
   Failure reason: Could not generate fix
   Time: 22.04 seconds

Failed fix 4:
   Line: 45
   Error type: simp_failed
   Original error message: simp made no progress...
   Failure reason: Could not generate fix
   Time: 262.30 seconds
2025-04-13 11:16:18 - INFO - 
Fixed code saved to: /data/coding/minif2f/lean_fixed/71_fixed.lean
2025-04-13 11:16:18 - INFO - JSON log saved to: /data/coding/minif2f/lean_fixed/71_fix_log.json
2025-04-13 11:16:18 - INFO - 
===== LOG FILE LOCATION =====
2025-04-13 11:16:18 - INFO - Detailed log file is available at: /data/coding/minif2f/lean_fixed/71.log
2025-04-13 11:16:18 - INFO - ===============================
