2025-04-13 11:24:21 - INFO - Log file initialized at 2025-04-13T11:24:21.861854
2025-04-13 11:24:21 - INFO - ===== LOG FILE LOCATION =====
2025-04-13 11:24:21 - INFO - Detailed log file created at: /data/coding/minif2f/lean_fixed/72.log
2025-04-13 11:24:21 - INFO - ===============================
2025-04-13 11:24:21 - INFO - Original code:
2025-04-13 11:24:21 - INFO - ----------------------------------------
2025-04-13 11:24:21 - INFO - import Mathlib
import Aesop

set_option maxHeartbeats 0

open BigOperators Real Nat Topology Rat

/-- What is the least possible value of $(xy-1)^2+(x+y)^2$ for real numbers $x$ and $y$?

$\textbf{(A)} ~0\qquad\textbf{(B)} ~\frac{1}{4}\qquad\textbf{(C)} ~\frac{1}{2} \qquad\textbf{(D)} ~1 \qquad\textbf{(E)} ~2$ -/
theorem amc12a_2021_p7 (x y : ℝ) : 1 ≤ (x * y - 1) ^ 2 + (x + y) ^ 2 := by
  -- Our strategy is to find the minimum value of the expression (xy-1)² + (x+y)²
  -- First, let's simplify the expression by expanding both terms
  
  -- Expand (xy - 1)² to x²y² - 2xy + 1
  -- Expand (x + y)² to x² + 2xy + y²
  -- So the expression becomes x²y² - 2xy + 1 + x² + 2xy + y²
  -- The -2xy and +2xy terms cancel out, leaving x²y² + x² + y² + 1
  
  -- Now we can rewrite the expression as:
  -- x²y² + x² + y² + 1 = x²y² + x² + y² + 1 = x²(y² + 1) + (y² + 1) = (x² + 1)(y² + 1)
  -- However, this doesn't directly help us find the minimum
  
  -- Alternative approach: Let's consider substitution
  -- Let s = x + y and p = xy (elementary symmetric polynomials)
  -- Then our expression becomes (p - 1)² + s²
  
  -- We know that for real x, y, s² ≥ 4p (from the inequality (x+y)² ≥ 4xy)
  -- So we can consider minimizing (p - 1)² + s² subject to s² ≥ 4p
  
  -- Let's find the minimum of f(p, s) = (p-1)² + s² under constraint s² ≥ 4p
  -- For fixed p, the minimal s² is max(0, 4p) since s² ≥ 4p and s² ≥ 0
  
  -- Case 1: When p ≤ 0, minimal s² = 0 (since 4p ≤ 0)
  -- Then f(p, s) = (p-1)² ≥ 1 (since (p-1)² is minimized when p=1, but p≤0)
  
  -- Case 2: When p > 0, minimal s² = 4p
  -- Then f(p, s) = (p-1)² + 4p = p² - 2p + 1 + 4p = p² + 2p + 1 = (p + 1)²
  -- The minimum occurs when p is minimized (p > 0), but as p → 0+, f(p, s) → 1
  
  -- The global minimum is therefore 1, achieved when p = 0 and s = 0 (x = y = 0)
  
  -- Now let's verify this in Lean:
  
  -- First approach: Direct computation when x = y = 0
  have zero_case : (0 * 0 - 1) ^ 2 + (0 + 0) ^ 2 = 1 := by norm_num
  
  -- To show this is indeed the minimum, we'll rewrite the expression
  let expr := (x * y - 1) ^ 2 + (x + y) ^ 2
  
  -- Expand the expression
  have expr_expanded : expr = x^2 * y^2 + x^2 + y^2 + 1 := by
    ring
  
  -- Rewrite in terms of (x² + 1)(y² + 1) - x² - y²
  have expr_factored : expr = (x^2 + 1) * (y^2 + 1) - x^2 - y^2 := by
    rw [expr_expanded]
    ring
  
  -- But a better approach is to complete the square for one variable
  -- Let's treat this as a quadratic in x:
  -- x²(y² + 1) + x(2y) + (y² - 2y + 1)
  
  -- The minimum of ax² + bx + c is c - b²/4a when a > 0
  -- Here a = y² + 1 > 0 for all real y
  -- So the minimum value would be (y² - 2y + 1) - (2y)²/(4(y²+1))
  
  -- However, this seems complicated. Instead, let's use calculus:
  
  -- The minimum occurs when partial derivatives are zero
  -- ∂/∂x = 2(xy-1)y + 2(x+y) = 0
  -- ∂/∂y = 2(xy-1)x + 2(x+y) = 0
  
  -- Let's solve the system:
  -- 2(xy-1)y + 2(x+y) = 0 → (xy-1)y + (x+y) = 0 → xy² - y + x + y = 0 → xy² + x = 0 → x(y² + 1) = 0
  -- Similarly, y(x² + 1) = 0
  
  -- The only real solution is x = y = 0
  
  -- At x = y = 0, the expression equals 1
  
  -- To confirm this is indeed a minimum, we can check the second derivatives
  -- or observe that the expression is always ≥ 1
  
  -- Final proof:
  -- The expression is minimized when x = y = 0, where it equals 1
  -- Therefore, for all real x, y, the expression is ≥ 1
  
  -- In Lean, we can prove this by considering the expression as a sum of squares:
  have key_inequality : 1 ≤ (x * y - 1)^2 + (x + y)^2 := by
    -- The minimum is achieved at x = y = 0
    -- We can show that the value at any point is ≥ 1
    -- Let's consider two cases:
    
    -- Case 1: x = 0
    have case_x_zero : x = 0 → 1 ≤ (0 * y - 1)^2 + (0 + y)^2 := by
      intro hx
      rw [hx]
      simp
      linarith [pow_two_nonneg y]
    
    -- Case 2: x ≠ 0
    have case_x_nonzero : x ≠ 0 → 1 ≤ (x * y - 1)^2 + (x + y)^2 := by
      intro hx
      -- Rewrite as quadratic in y
      let f := (x * y - 1)^2 + (x + y)^2
      have f_expr : f = (x^2 + 1) * y^2 + (2 * x - 2 * x) * y + (1 + x^2) := by ring
      simp at f_expr
      rw [f_expr]
      -- Now f = (x² + 1)y² + (1 + x²)
      -- Since x² + 1 ≥ 1 > 0, and y² ≥ 0, we have f ≥ 1 + x² ≥ 1
      have x_sq_nonneg : 0 ≤ x^2 := by apply pow_two_nonneg
      have x_sq_plus_one_ge_one : 1 ≤ x^2 + 1 := by linarith
      have term1_nonneg : 0 ≤ (x^2 + 1) * y^2 := by nlinarith
      linarith
    
    -- Combine both cases
    by_cases h : x = 0
    · apply case_x_zero h
    · apply case_x_nonzero h
  
  exact key_inequality
2025-04-13 11:24:21 - INFO - ----------------------------------------
2025-04-13 11:24:21 - INFO - 
Checking original code for all errors...
2025-04-13 11:24:31 - INFO - Original code contains 6 errors:
2025-04-13 11:24:31 - INFO - Error 1: line 46, type: other_error, message: unsolved goals
x y : ℝ
⊢ False...
2025-04-13 11:24:31 - INFO - Error 2: line 58, type: ring_failed, message: Try this: ring_nf...
2025-04-13 11:24:31 - INFO - Error 3: line 56, type: other_error, message: unsolved goals
x y : ℝ
zero_case : (0 * 0 - 1) ^ 2 + (0 + 0) ^ 2 = 1
expr : ℝ := (x * y - 1) ^ 2 + (...
2025-04-13 11:24:31 - INFO - Error 4: line 98, type: rewrite_failed, message: tactic 'rewrite' failed, did not find instance of the pattern in the target expression
  x
x y : ℝ
z...
2025-04-13 11:24:31 - INFO - Error 5: line 109, type: rewrite_failed, message: tactic 'rewrite' failed, did not find instance of the pattern in the target expression
  f
x y : ℝ
z...
2025-04-13 11:24:31 - INFO - Error 6: line 119, type: apply_failed, message: tactic 'apply' failed, failed to unify
  1 ≤ (0 * y - 1) ^ 2 + (0 + y) ^ 2
with
  1 ≤ (x * y - 1) ^ ...
2025-04-13 11:24:31 - INFO - 
Starting multi-error continuous repair process...
2025-04-13 11:24:31 - INFO - 
===== Starting to fix all errors =====
2025-04-13 11:24:32 - INFO - 
Found 5 original errors:
2025-04-13 11:24:32 - INFO - Error 1: line 39, type: other_error, message: unknown tactic...
2025-04-13 11:24:32 - INFO - Error 2: line 4, type: failed_to_synthesize, message: failed to synthesize
  HMul ℝ ℝ ?m.124
use `set_option diagnostics true` to get diagnostic informati...
2025-04-13 11:24:32 - INFO - Error 3: line 4, type: failed_to_synthesize, message: failed to synthesize
  OfNat ℝ 1
numerals are polymorphic in Lean, but the numeral `1` cannot be use...
2025-04-13 11:24:32 - INFO - Error 4: line 39, type: other_error, message: unsolved goals
ℝ : Type u_1
x y : ℝ
⊢ (0 * 0 - 1) ^ 2 + (0 + 0) ^ 2 = 1...
2025-04-13 11:24:32 - INFO - Error 5: line 4, type: other_error, message: unsolved goals
ℝ : Type u_1
x y : ℝ
zero_case : (0 * 0 - 1) ^ 2 + (0 + 0) ^ 2 = 1
⊢ sorryAx (Sort u_...
2025-04-13 11:24:32 - INFO - 
Trying to fix error 1/5: line 4, type: failed_to_synthesize
2025-04-13 11:24:32 - INFO - Error message: failed to synthesize
  HMul ℝ ℝ ?m.124
use `set_option diagnostics true` to get diagnostic informati...
2025-04-13 11:24:32 - INFO - Removed header content, remaining 115 lines of code
2025-04-13 11:24:32 - INFO - Using specified target error line: 4
2025-04-13 11:24:33 - INFO - Found error at specified line: failed to synthesize
  HMul ℝ ℝ ?m.124
use `set_option diagnostics true` to get diagnostic information
2025-04-13 11:24:33 - INFO - Error at line 4: failed to synthesize
  HMul ℝ ℝ ?m.124
use `set_option diagnostics true` to get diagnostic information
2025-04-13 11:24:33 - INFO - 
==================================================
2025-04-13 11:24:33 - INFO - Code prepared, starting synthesis
2025-04-13 11:24:33 - INFO - Before part: /-- What is the least possible value of $(xy-1)^2+(x+y)^2$ for real numbers $x$ and $y$?

$\textbf{(A)} ~0\qquad\textbf{(B)} ~\frac{1}{4}\qquad\textbf{(C)} ~\frac{1}{2} \qquad\textbf{(D)} ~1 \qquad\textbf{(E)} ~2$ -/
2025-04-13 11:24:33 - INFO - Error line: theorem amc12a_2021_p7 (x y : ℝ) : 1 ≤ (x * y - 1) ^ 2 + (x + y) ^ 2 := by
2025-04-13 11:24:33 - INFO - After part: -- Our strategy is to find the minimum value of the expression (xy-1)² + (x+y)²
  -- First, let's simplify the expression by expanding both terms
  
  -- Expand (xy - 1)² to x²y² - 2xy + 1
  -- Expand (x + y)² to x² + 2xy + y²
  -- So the expression becomes x²y² - 2xy + 1 + x² + 2xy + y²
  -- The -2xy and +2xy terms cancel out, leaving x²y² + x² + y² + 1
  
  -- Now we can rewrite the expression as:
  -- x²y² + x² + y² + 1 = x²y² + x² + y² + 1 = x²(y² + 1) + (y² + 1) = (x² + 1)(y² + 1)
  -- However, this doesn't directly help us find the minimum
  
  -- Alternative approach: Let's consider substitution
  -- Let s = x + y and p = xy (elementary symmetric polynomials)
  -- Then our expression becomes (p - 1)² + s²
  
  -- We know that for real x, y, s² ≥ 4p (from the inequality (x+y)² ≥ 4xy)
  -- So we can consider minimizing (p - 1)² + s² subject to s² ≥ 4p
  
  -- Let's find the minimum of f(p, s) = (p-1)² + s² under constraint s² ≥ 4p
  -- For fixed p, the minimal s² is max(0, 4p) since s² ≥ 4p and s² ≥ 0
  
  -- Case 1: When p ≤ 0, minimal s² = 0 (since 4p ≤ 0)
  -- Then f(p, s) = (p-1)² ≥ 1 (since (p-1)² is minimized when p=1, but p≤0)
  
  -- Case 2: When p > 0, minimal s² = 4p
  -- Then f(p, s) = (p-1)² + 4p = p² - 2p + 1 + 4p = p² + 2p + 1 = (p + 1)²
  -- The minimum occurs when p is minimized (p > 0), but as p → 0+, f(p, s) → 1
  
  -- The global minimum is therefore 1, achieved when p = 0 and s = 0 (x = y = 0)
  
  -- Now let's verify this in Lean:
  
  -- First approach: Direct computation when x = y = 0
  have zero_case : (0 * 0 - 1) ^ 2 + (0 + 0) ^ 2 = 1 := by norm_num
  
  -- To show this is indeed the minimum, we'll rewrite the expression
  let expr := (x * y - 1) ^ 2 + (x + y) ^ 2
  
  -- Expand the expression
  have expr_expanded : expr = x^2 * y^2 + x^2 + y^2 + 1 := by
    ring
  
  -- Rewrite in terms of (x² + 1)(y² + 1) - x² - y²
  have expr_factored : expr = (x^2 + 1) * (y^2 + 1) - x^2 - y^2 := by
    rw [expr_expanded]
    ring
  
  -- But a better approach is to complete the square for one variable
  -- Let's treat this as a quadratic in x:
  -- x²(y² + 1) + x(2y) + (y² - 2y + 1)
  
  -- The minimum of ax² + bx + c is c - b²/4a when a > 0
  -- Here a = y² + 1 > 0 for all real y
  -- So the minimum value would be (y² - 2y + 1) - (2y)²/(4(y²+1))
  
  -- However, this seems complicated. Instead, let's use calculus:
  
  -- The minimum occurs when partial derivatives are zero
  -- ∂/∂x = 2(xy-1)y + 2(x+y) = 0
  -- ∂/∂y = 2(xy-1)x + 2(x+y) = 0
  
  -- Let's solve the system:
  -- 2(xy-1)y + 2(x+y) = 0 → (xy-1)y + (x+y) = 0 → xy² - y + x + y = 0 → xy² + x = 0 → x(y² + 1) = 0
  -- Similarly, y(x² + 1) = 0
  
  -- The only real solution is x = y = 0
  
  -- At x = y = 0, the expression equals 1
  
  -- To confirm this is indeed a minimum, we can check the second derivatives
  -- or observe that the expression is always ≥ 1
  
  -- Final proof:
  -- The expression is minimized when x = y = 0, where it equals 1
  -- Therefore, for all real x, y, the expression is ≥ 1
  
  -- In Lean, we can prove this by considering the expression as a sum of squares:
  have key_inequality : 1 ≤ (x * y - 1)^2 + (x + y)^2 := by
    -- The minimum is achieved at x = y = 0
    -- We can show that the value at any point is ≥ 1
    -- Let's consider two cases:
    
    -- Case 1: x = 0
    have case_x_zero : x = 0 → 1 ≤ (0 * y - 1)^2 + (0 + y)^2 := by
      intro hx
      rw [hx]
      simp
      linarith [pow_two_nonneg y]
    
    -- Case 2: x ≠ 0
    have case_x_nonzero : x ≠ 0 → 1 ≤ (x * y - 1)^2 + (x + y)^2 := by
      intro hx
      -- Rewrite as quadratic in y
      let f := (x * y - 1)^2 + (x + y)^2
      have f_expr : f = (x^2 + 1) * y^2 + (2 * x - 2 * x) * y + (1 + x^2) := by ring
      simp at f_expr
      rw [f_expr]
      -- Now f = (x² + 1)y² + (1 + x²)
      -- Since x² + 1 ≥ 1 > 0, and y² ≥ 0, we have f ≥ 1 + x² ≥ 1
      have x_sq_nonneg : 0 ≤ x^2 := by apply pow_two_nonneg
      have x_sq_plus_one_ge_one : 1 ≤ x^2 + 1 := by linarith
      have term1_nonneg : 0 ≤ (x^2 + 1) * y^2 := by nlinarith
      linarith
    
    -- Combine both cases
    by_cases h : x = 0
    · apply case_x_zero h
    · apply case_x_nonzero h
  
  exact key_inequality
2025-04-13 11:24:33 - INFO - ==================================================

2025-04-13 11:24:34 - INFO - Testing fragment: rw [justaplaceholder]
2025-04-13 11:24:34 - INFO - Original error line: theorem amc12a_2021_p7 (x y : ℝ) : 1 ≤ (x * y - 1) ^ 2 + (x + y) ^ 2 := by
2025-04-13 11:24:36 - INFO - Testing fix: Original errors: 5, Fixed errors: 1
2025-04-13 11:24:36 - INFO - Result: False (introduced 1 new errors)
2025-04-13 11:24:36 - DEBUG - === New errors detail ===
2025-04-13 11:24:36 - DEBUG - New Error 1: line 3, type: other_error, message: unexpected identifier; expected '#guard_msgs', 'abbrev', 'add_decl_doc', 'axiom', 'binder_predicate', 'builtin_dsimproc', 'builtin_dsimproc_decl', 'builtin_initialize', 'builtin_simproc', 'builtin_simproc_decl', 'class', 'declare_simp_like_tactic', 'declare_syntax_cat', 'def', 'dsimproc', 'dsimproc_decl', 'elab', 'elab_rules', 'example', 'inductive', 'infix', 'infixl', 'infixr', 'initialize', 'instance', 'macro', 'macro_rules', 'notation', 'opaque', 'postfix', 'prefix', 'simproc', 'simproc_decl', 'structure', 'syntax', 'theorem' or 'unif_hint'
2025-04-13 11:24:36 - INFO - Testing fragment: rw [<- justaplaceholder]
2025-04-13 11:24:36 - INFO - Original error line: theorem amc12a_2021_p7 (x y : ℝ) : 1 ≤ (x * y - 1) ^ 2 + (x + y) ^ 2 := by
2025-04-13 11:24:38 - INFO - Testing fix: Original errors: 5, Fixed errors: 1
2025-04-13 11:24:38 - INFO - Result: False (introduced 1 new errors)
2025-04-13 11:24:38 - DEBUG - === New errors detail ===
2025-04-13 11:24:38 - DEBUG - New Error 1: line 3, type: other_error, message: unexpected identifier; expected '#guard_msgs', 'abbrev', 'add_decl_doc', 'axiom', 'binder_predicate', 'builtin_dsimproc', 'builtin_dsimproc_decl', 'builtin_initialize', 'builtin_simproc', 'builtin_simproc_decl', 'class', 'declare_simp_like_tactic', 'declare_syntax_cat', 'def', 'dsimproc', 'dsimproc_decl', 'elab', 'elab_rules', 'example', 'inductive', 'infix', 'infixl', 'infixr', 'initialize', 'instance', 'macro', 'macro_rules', 'notation', 'opaque', 'postfix', 'prefix', 'simproc', 'simproc_decl', 'structure', 'syntax', 'theorem' or 'unif_hint'
2025-04-13 11:24:38 - INFO - Testing fragment: simp
2025-04-13 11:24:38 - INFO - Original error line: theorem amc12a_2021_p7 (x y : ℝ) : 1 ≤ (x * y - 1) ^ 2 + (x + y) ^ 2 := by
2025-04-13 11:24:40 - INFO - Testing fix: Original errors: 5, Fixed errors: 1
2025-04-13 11:24:40 - INFO - Result: False (introduced 1 new errors)
2025-04-13 11:24:40 - DEBUG - === New errors detail ===
2025-04-13 11:24:40 - DEBUG - New Error 1: line 3, type: other_error, message: unexpected identifier; expected '#guard_msgs', 'abbrev', 'add_decl_doc', 'axiom', 'binder_predicate', 'builtin_dsimproc', 'builtin_dsimproc_decl', 'builtin_initialize', 'builtin_simproc', 'builtin_simproc_decl', 'class', 'declare_simp_like_tactic', 'declare_syntax_cat', 'def', 'dsimproc', 'dsimproc_decl', 'elab', 'elab_rules', 'example', 'inductive', 'infix', 'infixl', 'infixr', 'initialize', 'instance', 'macro', 'macro_rules', 'notation', 'opaque', 'postfix', 'prefix', 'simproc', 'simproc_decl', 'structure', 'syntax', 'theorem' or 'unif_hint'
2025-04-13 11:24:40 - INFO - Testing fragment: field_simp
2025-04-13 11:24:40 - INFO - Original error line: theorem amc12a_2021_p7 (x y : ℝ) : 1 ≤ (x * y - 1) ^ 2 + (x + y) ^ 2 := by
2025-04-13 11:24:42 - INFO - Testing fix: Original errors: 5, Fixed errors: 1
2025-04-13 11:24:42 - INFO - Result: False (introduced 1 new errors)
2025-04-13 11:24:42 - DEBUG - === New errors detail ===
2025-04-13 11:24:42 - DEBUG - New Error 1: line 3, type: other_error, message: unexpected identifier; expected '#guard_msgs', 'abbrev', 'add_decl_doc', 'axiom', 'binder_predicate', 'builtin_dsimproc', 'builtin_dsimproc_decl', 'builtin_initialize', 'builtin_simproc', 'builtin_simproc_decl', 'class', 'declare_simp_like_tactic', 'declare_syntax_cat', 'def', 'dsimproc', 'dsimproc_decl', 'elab', 'elab_rules', 'example', 'inductive', 'infix', 'infixl', 'infixr', 'initialize', 'instance', 'macro', 'macro_rules', 'notation', 'opaque', 'postfix', 'prefix', 'simproc', 'simproc_decl', 'structure', 'syntax', 'theorem' or 'unif_hint'
2025-04-13 11:24:42 - INFO - Testing fragment: norm_num
2025-04-13 11:24:42 - INFO - Original error line: theorem amc12a_2021_p7 (x y : ℝ) : 1 ≤ (x * y - 1) ^ 2 + (x + y) ^ 2 := by
2025-04-13 11:24:44 - INFO - Testing fix: Original errors: 5, Fixed errors: 1
2025-04-13 11:24:44 - INFO - Result: False (introduced 1 new errors)
2025-04-13 11:24:44 - DEBUG - === New errors detail ===
2025-04-13 11:24:44 - DEBUG - New Error 1: line 3, type: other_error, message: unexpected identifier; expected '#guard_msgs', 'abbrev', 'add_decl_doc', 'axiom', 'binder_predicate', 'builtin_dsimproc', 'builtin_dsimproc_decl', 'builtin_initialize', 'builtin_simproc', 'builtin_simproc_decl', 'class', 'declare_simp_like_tactic', 'declare_syntax_cat', 'def', 'dsimproc', 'dsimproc_decl', 'elab', 'elab_rules', 'example', 'inductive', 'infix', 'infixl', 'infixr', 'initialize', 'instance', 'macro', 'macro_rules', 'notation', 'opaque', 'postfix', 'prefix', 'simproc', 'simproc_decl', 'structure', 'syntax', 'theorem' or 'unif_hint'
2025-04-13 11:24:44 - INFO - Testing fragment: ring
2025-04-13 11:24:44 - INFO - Original error line: theorem amc12a_2021_p7 (x y : ℝ) : 1 ≤ (x * y - 1) ^ 2 + (x + y) ^ 2 := by
2025-04-13 11:24:46 - INFO - Testing fix: Original errors: 5, Fixed errors: 1
2025-04-13 11:24:46 - INFO - Result: False (introduced 1 new errors)
2025-04-13 11:24:46 - DEBUG - === New errors detail ===
2025-04-13 11:24:46 - DEBUG - New Error 1: line 3, type: other_error, message: unexpected identifier; expected '#guard_msgs', 'abbrev', 'add_decl_doc', 'axiom', 'binder_predicate', 'builtin_dsimproc', 'builtin_dsimproc_decl', 'builtin_initialize', 'builtin_simproc', 'builtin_simproc_decl', 'class', 'declare_simp_like_tactic', 'declare_syntax_cat', 'def', 'dsimproc', 'dsimproc_decl', 'elab', 'elab_rules', 'example', 'inductive', 'infix', 'infixl', 'infixr', 'initialize', 'instance', 'macro', 'macro_rules', 'notation', 'opaque', 'postfix', 'prefix', 'simproc', 'simproc_decl', 'structure', 'syntax', 'theorem' or 'unif_hint'
2025-04-13 11:24:46 - INFO - Testing fragment: ring_nf
2025-04-13 11:24:46 - INFO - Original error line: theorem amc12a_2021_p7 (x y : ℝ) : 1 ≤ (x * y - 1) ^ 2 + (x + y) ^ 2 := by
2025-04-13 11:24:48 - INFO - Testing fix: Original errors: 5, Fixed errors: 1
2025-04-13 11:24:48 - INFO - Result: False (introduced 1 new errors)
2025-04-13 11:24:48 - DEBUG - === New errors detail ===
2025-04-13 11:24:48 - DEBUG - New Error 1: line 3, type: other_error, message: unexpected identifier; expected '#guard_msgs', 'abbrev', 'add_decl_doc', 'axiom', 'binder_predicate', 'builtin_dsimproc', 'builtin_dsimproc_decl', 'builtin_initialize', 'builtin_simproc', 'builtin_simproc_decl', 'class', 'declare_simp_like_tactic', 'declare_syntax_cat', 'def', 'dsimproc', 'dsimproc_decl', 'elab', 'elab_rules', 'example', 'inductive', 'infix', 'infixl', 'infixr', 'initialize', 'instance', 'macro', 'macro_rules', 'notation', 'opaque', 'postfix', 'prefix', 'simproc', 'simproc_decl', 'structure', 'syntax', 'theorem' or 'unif_hint'
2025-04-13 11:24:48 - INFO - Testing fragment: omega
2025-04-13 11:24:48 - INFO - Original error line: theorem amc12a_2021_p7 (x y : ℝ) : 1 ≤ (x * y - 1) ^ 2 + (x + y) ^ 2 := by
2025-04-13 11:24:50 - INFO - Testing fix: Original errors: 5, Fixed errors: 1
2025-04-13 11:24:50 - INFO - Result: False (introduced 1 new errors)
2025-04-13 11:24:50 - DEBUG - === New errors detail ===
2025-04-13 11:24:50 - DEBUG - New Error 1: line 3, type: other_error, message: unexpected identifier; expected '#guard_msgs', 'abbrev', 'add_decl_doc', 'axiom', 'binder_predicate', 'builtin_dsimproc', 'builtin_dsimproc_decl', 'builtin_initialize', 'builtin_simproc', 'builtin_simproc_decl', 'class', 'declare_simp_like_tactic', 'declare_syntax_cat', 'def', 'dsimproc', 'dsimproc_decl', 'elab', 'elab_rules', 'example', 'inductive', 'infix', 'infixl', 'infixr', 'initialize', 'instance', 'macro', 'macro_rules', 'notation', 'opaque', 'postfix', 'prefix', 'simproc', 'simproc_decl', 'structure', 'syntax', 'theorem' or 'unif_hint'
2025-04-13 11:24:50 - INFO - Testing fragment: linarith
2025-04-13 11:24:50 - INFO - Original error line: theorem amc12a_2021_p7 (x y : ℝ) : 1 ≤ (x * y - 1) ^ 2 + (x + y) ^ 2 := by
2025-04-13 11:24:52 - INFO - Testing fix: Original errors: 5, Fixed errors: 1
2025-04-13 11:24:52 - INFO - Result: False (introduced 1 new errors)
2025-04-13 11:24:52 - DEBUG - === New errors detail ===
2025-04-13 11:24:52 - DEBUG - New Error 1: line 3, type: other_error, message: unexpected identifier; expected '#guard_msgs', 'abbrev', 'add_decl_doc', 'axiom', 'binder_predicate', 'builtin_dsimproc', 'builtin_dsimproc_decl', 'builtin_initialize', 'builtin_simproc', 'builtin_simproc_decl', 'class', 'declare_simp_like_tactic', 'declare_syntax_cat', 'def', 'dsimproc', 'dsimproc_decl', 'elab', 'elab_rules', 'example', 'inductive', 'infix', 'infixl', 'infixr', 'initialize', 'instance', 'macro', 'macro_rules', 'notation', 'opaque', 'postfix', 'prefix', 'simproc', 'simproc_decl', 'structure', 'syntax', 'theorem' or 'unif_hint'
2025-04-13 11:24:52 - INFO - Testing fragment: nlinarith
2025-04-13 11:24:52 - INFO - Original error line: theorem amc12a_2021_p7 (x y : ℝ) : 1 ≤ (x * y - 1) ^ 2 + (x + y) ^ 2 := by
2025-04-13 11:24:54 - INFO - Testing fix: Original errors: 5, Fixed errors: 1
2025-04-13 11:24:54 - INFO - Result: False (introduced 1 new errors)
2025-04-13 11:24:54 - DEBUG - === New errors detail ===
2025-04-13 11:24:54 - DEBUG - New Error 1: line 3, type: other_error, message: unexpected identifier; expected '#guard_msgs', 'abbrev', 'add_decl_doc', 'axiom', 'binder_predicate', 'builtin_dsimproc', 'builtin_dsimproc_decl', 'builtin_initialize', 'builtin_simproc', 'builtin_simproc_decl', 'class', 'declare_simp_like_tactic', 'declare_syntax_cat', 'def', 'dsimproc', 'dsimproc_decl', 'elab', 'elab_rules', 'example', 'inductive', 'infix', 'infixl', 'infixr', 'initialize', 'instance', 'macro', 'macro_rules', 'notation', 'opaque', 'postfix', 'prefix', 'simproc', 'simproc_decl', 'structure', 'syntax', 'theorem' or 'unif_hint'
2025-04-13 11:24:54 - INFO - Failed attempt time: 22.04 seconds
2025-04-13 11:24:54 - INFO - ❌ Could not generate fix for error at line 4
2025-04-13 11:24:54 - INFO - 
Trying to fix error 2/5: line 4, type: failed_to_synthesize
2025-04-13 11:24:54 - INFO - Error message: failed to synthesize
  OfNat ℝ 1
numerals are polymorphic in Lean, but the numeral `1` cannot be use...
2025-04-13 11:24:54 - INFO - Removed header content, remaining 115 lines of code
2025-04-13 11:24:54 - INFO - Using specified target error line: 4
2025-04-13 11:24:55 - INFO - Found error at specified line: failed to synthesize
  HMul ℝ ℝ ?m.124
use `set_option diagnostics true` to get diagnostic information
2025-04-13 11:24:55 - INFO - Error at line 4: failed to synthesize
  HMul ℝ ℝ ?m.124
use `set_option diagnostics true` to get diagnostic information
2025-04-13 11:24:55 - INFO - 
==================================================
2025-04-13 11:24:55 - INFO - Code prepared, starting synthesis
2025-04-13 11:24:55 - INFO - Before part: /-- What is the least possible value of $(xy-1)^2+(x+y)^2$ for real numbers $x$ and $y$?

$\textbf{(A)} ~0\qquad\textbf{(B)} ~\frac{1}{4}\qquad\textbf{(C)} ~\frac{1}{2} \qquad\textbf{(D)} ~1 \qquad\textbf{(E)} ~2$ -/
2025-04-13 11:24:55 - INFO - Error line: theorem amc12a_2021_p7 (x y : ℝ) : 1 ≤ (x * y - 1) ^ 2 + (x + y) ^ 2 := by
2025-04-13 11:24:55 - INFO - After part: -- Our strategy is to find the minimum value of the expression (xy-1)² + (x+y)²
  -- First, let's simplify the expression by expanding both terms
  
  -- Expand (xy - 1)² to x²y² - 2xy + 1
  -- Expand (x + y)² to x² + 2xy + y²
  -- So the expression becomes x²y² - 2xy + 1 + x² + 2xy + y²
  -- The -2xy and +2xy terms cancel out, leaving x²y² + x² + y² + 1
  
  -- Now we can rewrite the expression as:
  -- x²y² + x² + y² + 1 = x²y² + x² + y² + 1 = x²(y² + 1) + (y² + 1) = (x² + 1)(y² + 1)
  -- However, this doesn't directly help us find the minimum
  
  -- Alternative approach: Let's consider substitution
  -- Let s = x + y and p = xy (elementary symmetric polynomials)
  -- Then our expression becomes (p - 1)² + s²
  
  -- We know that for real x, y, s² ≥ 4p (from the inequality (x+y)² ≥ 4xy)
  -- So we can consider minimizing (p - 1)² + s² subject to s² ≥ 4p
  
  -- Let's find the minimum of f(p, s) = (p-1)² + s² under constraint s² ≥ 4p
  -- For fixed p, the minimal s² is max(0, 4p) since s² ≥ 4p and s² ≥ 0
  
  -- Case 1: When p ≤ 0, minimal s² = 0 (since 4p ≤ 0)
  -- Then f(p, s) = (p-1)² ≥ 1 (since (p-1)² is minimized when p=1, but p≤0)
  
  -- Case 2: When p > 0, minimal s² = 4p
  -- Then f(p, s) = (p-1)² + 4p = p² - 2p + 1 + 4p = p² + 2p + 1 = (p + 1)²
  -- The minimum occurs when p is minimized (p > 0), but as p → 0+, f(p, s) → 1
  
  -- The global minimum is therefore 1, achieved when p = 0 and s = 0 (x = y = 0)
  
  -- Now let's verify this in Lean:
  
  -- First approach: Direct computation when x = y = 0
  have zero_case : (0 * 0 - 1) ^ 2 + (0 + 0) ^ 2 = 1 := by norm_num
  
  -- To show this is indeed the minimum, we'll rewrite the expression
  let expr := (x * y - 1) ^ 2 + (x + y) ^ 2
  
  -- Expand the expression
  have expr_expanded : expr = x^2 * y^2 + x^2 + y^2 + 1 := by
    ring
  
  -- Rewrite in terms of (x² + 1)(y² + 1) - x² - y²
  have expr_factored : expr = (x^2 + 1) * (y^2 + 1) - x^2 - y^2 := by
    rw [expr_expanded]
    ring
  
  -- But a better approach is to complete the square for one variable
  -- Let's treat this as a quadratic in x:
  -- x²(y² + 1) + x(2y) + (y² - 2y + 1)
  
  -- The minimum of ax² + bx + c is c - b²/4a when a > 0
  -- Here a = y² + 1 > 0 for all real y
  -- So the minimum value would be (y² - 2y + 1) - (2y)²/(4(y²+1))
  
  -- However, this seems complicated. Instead, let's use calculus:
  
  -- The minimum occurs when partial derivatives are zero
  -- ∂/∂x = 2(xy-1)y + 2(x+y) = 0
  -- ∂/∂y = 2(xy-1)x + 2(x+y) = 0
  
  -- Let's solve the system:
  -- 2(xy-1)y + 2(x+y) = 0 → (xy-1)y + (x+y) = 0 → xy² - y + x + y = 0 → xy² + x = 0 → x(y² + 1) = 0
  -- Similarly, y(x² + 1) = 0
  
  -- The only real solution is x = y = 0
  
  -- At x = y = 0, the expression equals 1
  
  -- To confirm this is indeed a minimum, we can check the second derivatives
  -- or observe that the expression is always ≥ 1
  
  -- Final proof:
  -- The expression is minimized when x = y = 0, where it equals 1
  -- Therefore, for all real x, y, the expression is ≥ 1
  
  -- In Lean, we can prove this by considering the expression as a sum of squares:
  have key_inequality : 1 ≤ (x * y - 1)^2 + (x + y)^2 := by
    -- The minimum is achieved at x = y = 0
    -- We can show that the value at any point is ≥ 1
    -- Let's consider two cases:
    
    -- Case 1: x = 0
    have case_x_zero : x = 0 → 1 ≤ (0 * y - 1)^2 + (0 + y)^2 := by
      intro hx
      rw [hx]
      simp
      linarith [pow_two_nonneg y]
    
    -- Case 2: x ≠ 0
    have case_x_nonzero : x ≠ 0 → 1 ≤ (x * y - 1)^2 + (x + y)^2 := by
      intro hx
      -- Rewrite as quadratic in y
      let f := (x * y - 1)^2 + (x + y)^2
      have f_expr : f = (x^2 + 1) * y^2 + (2 * x - 2 * x) * y + (1 + x^2) := by ring
      simp at f_expr
      rw [f_expr]
      -- Now f = (x² + 1)y² + (1 + x²)
      -- Since x² + 1 ≥ 1 > 0, and y² ≥ 0, we have f ≥ 1 + x² ≥ 1
      have x_sq_nonneg : 0 ≤ x^2 := by apply pow_two_nonneg
      have x_sq_plus_one_ge_one : 1 ≤ x^2 + 1 := by linarith
      have term1_nonneg : 0 ≤ (x^2 + 1) * y^2 := by nlinarith
      linarith
    
    -- Combine both cases
    by_cases h : x = 0
    · apply case_x_zero h
    · apply case_x_nonzero h
  
  exact key_inequality
2025-04-13 11:24:55 - INFO - ==================================================

2025-04-13 11:24:56 - INFO - Testing fragment: rw [justaplaceholder]
2025-04-13 11:24:56 - INFO - Original error line: theorem amc12a_2021_p7 (x y : ℝ) : 1 ≤ (x * y - 1) ^ 2 + (x + y) ^ 2 := by
2025-04-13 11:24:58 - INFO - Testing fix: Original errors: 5, Fixed errors: 1
2025-04-13 11:24:58 - INFO - Result: False (introduced 1 new errors)
2025-04-13 11:24:58 - DEBUG - === New errors detail ===
2025-04-13 11:24:58 - DEBUG - New Error 1: line 3, type: other_error, message: unexpected identifier; expected '#guard_msgs', 'abbrev', 'add_decl_doc', 'axiom', 'binder_predicate', 'builtin_dsimproc', 'builtin_dsimproc_decl', 'builtin_initialize', 'builtin_simproc', 'builtin_simproc_decl', 'class', 'declare_simp_like_tactic', 'declare_syntax_cat', 'def', 'dsimproc', 'dsimproc_decl', 'elab', 'elab_rules', 'example', 'inductive', 'infix', 'infixl', 'infixr', 'initialize', 'instance', 'macro', 'macro_rules', 'notation', 'opaque', 'postfix', 'prefix', 'simproc', 'simproc_decl', 'structure', 'syntax', 'theorem' or 'unif_hint'
2025-04-13 11:24:58 - INFO - Testing fragment: rw [<- justaplaceholder]
2025-04-13 11:24:58 - INFO - Original error line: theorem amc12a_2021_p7 (x y : ℝ) : 1 ≤ (x * y - 1) ^ 2 + (x + y) ^ 2 := by
2025-04-13 11:25:00 - INFO - Testing fix: Original errors: 5, Fixed errors: 1
2025-04-13 11:25:00 - INFO - Result: False (introduced 1 new errors)
2025-04-13 11:25:00 - DEBUG - === New errors detail ===
2025-04-13 11:25:00 - DEBUG - New Error 1: line 3, type: other_error, message: unexpected identifier; expected '#guard_msgs', 'abbrev', 'add_decl_doc', 'axiom', 'binder_predicate', 'builtin_dsimproc', 'builtin_dsimproc_decl', 'builtin_initialize', 'builtin_simproc', 'builtin_simproc_decl', 'class', 'declare_simp_like_tactic', 'declare_syntax_cat', 'def', 'dsimproc', 'dsimproc_decl', 'elab', 'elab_rules', 'example', 'inductive', 'infix', 'infixl', 'infixr', 'initialize', 'instance', 'macro', 'macro_rules', 'notation', 'opaque', 'postfix', 'prefix', 'simproc', 'simproc_decl', 'structure', 'syntax', 'theorem' or 'unif_hint'
2025-04-13 11:25:00 - INFO - Testing fragment: simp
2025-04-13 11:25:00 - INFO - Original error line: theorem amc12a_2021_p7 (x y : ℝ) : 1 ≤ (x * y - 1) ^ 2 + (x + y) ^ 2 := by
2025-04-13 11:25:02 - INFO - Testing fix: Original errors: 5, Fixed errors: 1
2025-04-13 11:25:02 - INFO - Result: False (introduced 1 new errors)
2025-04-13 11:25:02 - DEBUG - === New errors detail ===
2025-04-13 11:25:02 - DEBUG - New Error 1: line 3, type: other_error, message: unexpected identifier; expected '#guard_msgs', 'abbrev', 'add_decl_doc', 'axiom', 'binder_predicate', 'builtin_dsimproc', 'builtin_dsimproc_decl', 'builtin_initialize', 'builtin_simproc', 'builtin_simproc_decl', 'class', 'declare_simp_like_tactic', 'declare_syntax_cat', 'def', 'dsimproc', 'dsimproc_decl', 'elab', 'elab_rules', 'example', 'inductive', 'infix', 'infixl', 'infixr', 'initialize', 'instance', 'macro', 'macro_rules', 'notation', 'opaque', 'postfix', 'prefix', 'simproc', 'simproc_decl', 'structure', 'syntax', 'theorem' or 'unif_hint'
2025-04-13 11:25:02 - INFO - Testing fragment: field_simp
2025-04-13 11:25:02 - INFO - Original error line: theorem amc12a_2021_p7 (x y : ℝ) : 1 ≤ (x * y - 1) ^ 2 + (x + y) ^ 2 := by
2025-04-13 11:25:04 - INFO - Testing fix: Original errors: 5, Fixed errors: 1
2025-04-13 11:25:04 - INFO - Result: False (introduced 1 new errors)
2025-04-13 11:25:04 - DEBUG - === New errors detail ===
2025-04-13 11:25:04 - DEBUG - New Error 1: line 3, type: other_error, message: unexpected identifier; expected '#guard_msgs', 'abbrev', 'add_decl_doc', 'axiom', 'binder_predicate', 'builtin_dsimproc', 'builtin_dsimproc_decl', 'builtin_initialize', 'builtin_simproc', 'builtin_simproc_decl', 'class', 'declare_simp_like_tactic', 'declare_syntax_cat', 'def', 'dsimproc', 'dsimproc_decl', 'elab', 'elab_rules', 'example', 'inductive', 'infix', 'infixl', 'infixr', 'initialize', 'instance', 'macro', 'macro_rules', 'notation', 'opaque', 'postfix', 'prefix', 'simproc', 'simproc_decl', 'structure', 'syntax', 'theorem' or 'unif_hint'
2025-04-13 11:25:04 - INFO - Testing fragment: norm_num
2025-04-13 11:25:04 - INFO - Original error line: theorem amc12a_2021_p7 (x y : ℝ) : 1 ≤ (x * y - 1) ^ 2 + (x + y) ^ 2 := by
2025-04-13 11:25:06 - INFO - Testing fix: Original errors: 5, Fixed errors: 1
2025-04-13 11:25:06 - INFO - Result: False (introduced 1 new errors)
2025-04-13 11:25:06 - DEBUG - === New errors detail ===
2025-04-13 11:25:06 - DEBUG - New Error 1: line 3, type: other_error, message: unexpected identifier; expected '#guard_msgs', 'abbrev', 'add_decl_doc', 'axiom', 'binder_predicate', 'builtin_dsimproc', 'builtin_dsimproc_decl', 'builtin_initialize', 'builtin_simproc', 'builtin_simproc_decl', 'class', 'declare_simp_like_tactic', 'declare_syntax_cat', 'def', 'dsimproc', 'dsimproc_decl', 'elab', 'elab_rules', 'example', 'inductive', 'infix', 'infixl', 'infixr', 'initialize', 'instance', 'macro', 'macro_rules', 'notation', 'opaque', 'postfix', 'prefix', 'simproc', 'simproc_decl', 'structure', 'syntax', 'theorem' or 'unif_hint'
2025-04-13 11:25:06 - INFO - Testing fragment: ring
2025-04-13 11:25:06 - INFO - Original error line: theorem amc12a_2021_p7 (x y : ℝ) : 1 ≤ (x * y - 1) ^ 2 + (x + y) ^ 2 := by
2025-04-13 11:25:08 - INFO - Testing fix: Original errors: 5, Fixed errors: 1
2025-04-13 11:25:08 - INFO - Result: False (introduced 1 new errors)
2025-04-13 11:25:08 - DEBUG - === New errors detail ===
2025-04-13 11:25:08 - DEBUG - New Error 1: line 3, type: other_error, message: unexpected identifier; expected '#guard_msgs', 'abbrev', 'add_decl_doc', 'axiom', 'binder_predicate', 'builtin_dsimproc', 'builtin_dsimproc_decl', 'builtin_initialize', 'builtin_simproc', 'builtin_simproc_decl', 'class', 'declare_simp_like_tactic', 'declare_syntax_cat', 'def', 'dsimproc', 'dsimproc_decl', 'elab', 'elab_rules', 'example', 'inductive', 'infix', 'infixl', 'infixr', 'initialize', 'instance', 'macro', 'macro_rules', 'notation', 'opaque', 'postfix', 'prefix', 'simproc', 'simproc_decl', 'structure', 'syntax', 'theorem' or 'unif_hint'
2025-04-13 11:25:08 - INFO - Testing fragment: ring_nf
2025-04-13 11:25:08 - INFO - Original error line: theorem amc12a_2021_p7 (x y : ℝ) : 1 ≤ (x * y - 1) ^ 2 + (x + y) ^ 2 := by
2025-04-13 11:25:10 - INFO - Testing fix: Original errors: 5, Fixed errors: 1
2025-04-13 11:25:10 - INFO - Result: False (introduced 1 new errors)
2025-04-13 11:25:10 - DEBUG - === New errors detail ===
2025-04-13 11:25:10 - DEBUG - New Error 1: line 3, type: other_error, message: unexpected identifier; expected '#guard_msgs', 'abbrev', 'add_decl_doc', 'axiom', 'binder_predicate', 'builtin_dsimproc', 'builtin_dsimproc_decl', 'builtin_initialize', 'builtin_simproc', 'builtin_simproc_decl', 'class', 'declare_simp_like_tactic', 'declare_syntax_cat', 'def', 'dsimproc', 'dsimproc_decl', 'elab', 'elab_rules', 'example', 'inductive', 'infix', 'infixl', 'infixr', 'initialize', 'instance', 'macro', 'macro_rules', 'notation', 'opaque', 'postfix', 'prefix', 'simproc', 'simproc_decl', 'structure', 'syntax', 'theorem' or 'unif_hint'
2025-04-13 11:25:10 - INFO - Testing fragment: omega
2025-04-13 11:25:10 - INFO - Original error line: theorem amc12a_2021_p7 (x y : ℝ) : 1 ≤ (x * y - 1) ^ 2 + (x + y) ^ 2 := by
2025-04-13 11:25:12 - INFO - Testing fix: Original errors: 5, Fixed errors: 1
2025-04-13 11:25:12 - INFO - Result: False (introduced 1 new errors)
2025-04-13 11:25:12 - DEBUG - === New errors detail ===
2025-04-13 11:25:12 - DEBUG - New Error 1: line 3, type: other_error, message: unexpected identifier; expected '#guard_msgs', 'abbrev', 'add_decl_doc', 'axiom', 'binder_predicate', 'builtin_dsimproc', 'builtin_dsimproc_decl', 'builtin_initialize', 'builtin_simproc', 'builtin_simproc_decl', 'class', 'declare_simp_like_tactic', 'declare_syntax_cat', 'def', 'dsimproc', 'dsimproc_decl', 'elab', 'elab_rules', 'example', 'inductive', 'infix', 'infixl', 'infixr', 'initialize', 'instance', 'macro', 'macro_rules', 'notation', 'opaque', 'postfix', 'prefix', 'simproc', 'simproc_decl', 'structure', 'syntax', 'theorem' or 'unif_hint'
2025-04-13 11:25:12 - INFO - Testing fragment: linarith
2025-04-13 11:25:12 - INFO - Original error line: theorem amc12a_2021_p7 (x y : ℝ) : 1 ≤ (x * y - 1) ^ 2 + (x + y) ^ 2 := by
2025-04-13 11:25:14 - INFO - Testing fix: Original errors: 5, Fixed errors: 1
2025-04-13 11:25:14 - INFO - Result: False (introduced 1 new errors)
2025-04-13 11:25:14 - DEBUG - === New errors detail ===
2025-04-13 11:25:14 - DEBUG - New Error 1: line 3, type: other_error, message: unexpected identifier; expected '#guard_msgs', 'abbrev', 'add_decl_doc', 'axiom', 'binder_predicate', 'builtin_dsimproc', 'builtin_dsimproc_decl', 'builtin_initialize', 'builtin_simproc', 'builtin_simproc_decl', 'class', 'declare_simp_like_tactic', 'declare_syntax_cat', 'def', 'dsimproc', 'dsimproc_decl', 'elab', 'elab_rules', 'example', 'inductive', 'infix', 'infixl', 'infixr', 'initialize', 'instance', 'macro', 'macro_rules', 'notation', 'opaque', 'postfix', 'prefix', 'simproc', 'simproc_decl', 'structure', 'syntax', 'theorem' or 'unif_hint'
2025-04-13 11:25:14 - INFO - Testing fragment: nlinarith
2025-04-13 11:25:14 - INFO - Original error line: theorem amc12a_2021_p7 (x y : ℝ) : 1 ≤ (x * y - 1) ^ 2 + (x + y) ^ 2 := by
2025-04-13 11:25:16 - INFO - Testing fix: Original errors: 5, Fixed errors: 1
2025-04-13 11:25:16 - INFO - Result: False (introduced 1 new errors)
2025-04-13 11:25:16 - DEBUG - === New errors detail ===
2025-04-13 11:25:16 - DEBUG - New Error 1: line 3, type: other_error, message: unexpected identifier; expected '#guard_msgs', 'abbrev', 'add_decl_doc', 'axiom', 'binder_predicate', 'builtin_dsimproc', 'builtin_dsimproc_decl', 'builtin_initialize', 'builtin_simproc', 'builtin_simproc_decl', 'class', 'declare_simp_like_tactic', 'declare_syntax_cat', 'def', 'dsimproc', 'dsimproc_decl', 'elab', 'elab_rules', 'example', 'inductive', 'infix', 'infixl', 'infixr', 'initialize', 'instance', 'macro', 'macro_rules', 'notation', 'opaque', 'postfix', 'prefix', 'simproc', 'simproc_decl', 'structure', 'syntax', 'theorem' or 'unif_hint'
2025-04-13 11:25:16 - INFO - Failed attempt time: 22.04 seconds
2025-04-13 11:25:16 - INFO - ❌ Could not generate fix for error at line 4
2025-04-13 11:25:16 - INFO - 
Trying to fix error 3/5: line 4, type: other_error
2025-04-13 11:25:16 - INFO - Error message: unsolved goals
ℝ : Type u_1
x y : ℝ
zero_case : (0 * 0 - 1) ^ 2 + (0 + 0) ^ 2 = 1
⊢ sorryAx (Sort u_...
2025-04-13 11:25:16 - INFO - Removed header content, remaining 115 lines of code
2025-04-13 11:25:16 - INFO - Using specified target error line: 4
2025-04-13 11:25:17 - INFO - Found error at specified line: failed to synthesize
  HMul ℝ ℝ ?m.124
use `set_option diagnostics true` to get diagnostic information
2025-04-13 11:25:17 - INFO - Error at line 4: failed to synthesize
  HMul ℝ ℝ ?m.124
use `set_option diagnostics true` to get diagnostic information
2025-04-13 11:25:17 - INFO - 
==================================================
2025-04-13 11:25:17 - INFO - Code prepared, starting synthesis
2025-04-13 11:25:17 - INFO - Before part: /-- What is the least possible value of $(xy-1)^2+(x+y)^2$ for real numbers $x$ and $y$?

$\textbf{(A)} ~0\qquad\textbf{(B)} ~\frac{1}{4}\qquad\textbf{(C)} ~\frac{1}{2} \qquad\textbf{(D)} ~1 \qquad\textbf{(E)} ~2$ -/
2025-04-13 11:25:17 - INFO - Error line: theorem amc12a_2021_p7 (x y : ℝ) : 1 ≤ (x * y - 1) ^ 2 + (x + y) ^ 2 := by
2025-04-13 11:25:17 - INFO - After part: -- Our strategy is to find the minimum value of the expression (xy-1)² + (x+y)²
  -- First, let's simplify the expression by expanding both terms
  
  -- Expand (xy - 1)² to x²y² - 2xy + 1
  -- Expand (x + y)² to x² + 2xy + y²
  -- So the expression becomes x²y² - 2xy + 1 + x² + 2xy + y²
  -- The -2xy and +2xy terms cancel out, leaving x²y² + x² + y² + 1
  
  -- Now we can rewrite the expression as:
  -- x²y² + x² + y² + 1 = x²y² + x² + y² + 1 = x²(y² + 1) + (y² + 1) = (x² + 1)(y² + 1)
  -- However, this doesn't directly help us find the minimum
  
  -- Alternative approach: Let's consider substitution
  -- Let s = x + y and p = xy (elementary symmetric polynomials)
  -- Then our expression becomes (p - 1)² + s²
  
  -- We know that for real x, y, s² ≥ 4p (from the inequality (x+y)² ≥ 4xy)
  -- So we can consider minimizing (p - 1)² + s² subject to s² ≥ 4p
  
  -- Let's find the minimum of f(p, s) = (p-1)² + s² under constraint s² ≥ 4p
  -- For fixed p, the minimal s² is max(0, 4p) since s² ≥ 4p and s² ≥ 0
  
  -- Case 1: When p ≤ 0, minimal s² = 0 (since 4p ≤ 0)
  -- Then f(p, s) = (p-1)² ≥ 1 (since (p-1)² is minimized when p=1, but p≤0)
  
  -- Case 2: When p > 0, minimal s² = 4p
  -- Then f(p, s) = (p-1)² + 4p = p² - 2p + 1 + 4p = p² + 2p + 1 = (p + 1)²
  -- The minimum occurs when p is minimized (p > 0), but as p → 0+, f(p, s) → 1
  
  -- The global minimum is therefore 1, achieved when p = 0 and s = 0 (x = y = 0)
  
  -- Now let's verify this in Lean:
  
  -- First approach: Direct computation when x = y = 0
  have zero_case : (0 * 0 - 1) ^ 2 + (0 + 0) ^ 2 = 1 := by norm_num
  
  -- To show this is indeed the minimum, we'll rewrite the expression
  let expr := (x * y - 1) ^ 2 + (x + y) ^ 2
  
  -- Expand the expression
  have expr_expanded : expr = x^2 * y^2 + x^2 + y^2 + 1 := by
    ring
  
  -- Rewrite in terms of (x² + 1)(y² + 1) - x² - y²
  have expr_factored : expr = (x^2 + 1) * (y^2 + 1) - x^2 - y^2 := by
    rw [expr_expanded]
    ring
  
  -- But a better approach is to complete the square for one variable
  -- Let's treat this as a quadratic in x:
  -- x²(y² + 1) + x(2y) + (y² - 2y + 1)
  
  -- The minimum of ax² + bx + c is c - b²/4a when a > 0
  -- Here a = y² + 1 > 0 for all real y
  -- So the minimum value would be (y² - 2y + 1) - (2y)²/(4(y²+1))
  
  -- However, this seems complicated. Instead, let's use calculus:
  
  -- The minimum occurs when partial derivatives are zero
  -- ∂/∂x = 2(xy-1)y + 2(x+y) = 0
  -- ∂/∂y = 2(xy-1)x + 2(x+y) = 0
  
  -- Let's solve the system:
  -- 2(xy-1)y + 2(x+y) = 0 → (xy-1)y + (x+y) = 0 → xy² - y + x + y = 0 → xy² + x = 0 → x(y² + 1) = 0
  -- Similarly, y(x² + 1) = 0
  
  -- The only real solution is x = y = 0
  
  -- At x = y = 0, the expression equals 1
  
  -- To confirm this is indeed a minimum, we can check the second derivatives
  -- or observe that the expression is always ≥ 1
  
  -- Final proof:
  -- The expression is minimized when x = y = 0, where it equals 1
  -- Therefore, for all real x, y, the expression is ≥ 1
  
  -- In Lean, we can prove this by considering the expression as a sum of squares:
  have key_inequality : 1 ≤ (x * y - 1)^2 + (x + y)^2 := by
    -- The minimum is achieved at x = y = 0
    -- We can show that the value at any point is ≥ 1
    -- Let's consider two cases:
    
    -- Case 1: x = 0
    have case_x_zero : x = 0 → 1 ≤ (0 * y - 1)^2 + (0 + y)^2 := by
      intro hx
      rw [hx]
      simp
      linarith [pow_two_nonneg y]
    
    -- Case 2: x ≠ 0
    have case_x_nonzero : x ≠ 0 → 1 ≤ (x * y - 1)^2 + (x + y)^2 := by
      intro hx
      -- Rewrite as quadratic in y
      let f := (x * y - 1)^2 + (x + y)^2
      have f_expr : f = (x^2 + 1) * y^2 + (2 * x - 2 * x) * y + (1 + x^2) := by ring
      simp at f_expr
      rw [f_expr]
      -- Now f = (x² + 1)y² + (1 + x²)
      -- Since x² + 1 ≥ 1 > 0, and y² ≥ 0, we have f ≥ 1 + x² ≥ 1
      have x_sq_nonneg : 0 ≤ x^2 := by apply pow_two_nonneg
      have x_sq_plus_one_ge_one : 1 ≤ x^2 + 1 := by linarith
      have term1_nonneg : 0 ≤ (x^2 + 1) * y^2 := by nlinarith
      linarith
    
    -- Combine both cases
    by_cases h : x = 0
    · apply case_x_zero h
    · apply case_x_nonzero h
  
  exact key_inequality
2025-04-13 11:25:17 - INFO - ==================================================

2025-04-13 11:25:18 - INFO - Testing fragment: rw [justaplaceholder]
2025-04-13 11:25:18 - INFO - Original error line: theorem amc12a_2021_p7 (x y : ℝ) : 1 ≤ (x * y - 1) ^ 2 + (x + y) ^ 2 := by
2025-04-13 11:25:20 - INFO - Testing fix: Original errors: 5, Fixed errors: 1
2025-04-13 11:25:20 - INFO - Result: False (introduced 1 new errors)
2025-04-13 11:25:20 - DEBUG - === New errors detail ===
2025-04-13 11:25:20 - DEBUG - New Error 1: line 3, type: other_error, message: unexpected identifier; expected '#guard_msgs', 'abbrev', 'add_decl_doc', 'axiom', 'binder_predicate', 'builtin_dsimproc', 'builtin_dsimproc_decl', 'builtin_initialize', 'builtin_simproc', 'builtin_simproc_decl', 'class', 'declare_simp_like_tactic', 'declare_syntax_cat', 'def', 'dsimproc', 'dsimproc_decl', 'elab', 'elab_rules', 'example', 'inductive', 'infix', 'infixl', 'infixr', 'initialize', 'instance', 'macro', 'macro_rules', 'notation', 'opaque', 'postfix', 'prefix', 'simproc', 'simproc_decl', 'structure', 'syntax', 'theorem' or 'unif_hint'
2025-04-13 11:25:20 - INFO - Testing fragment: rw [<- justaplaceholder]
2025-04-13 11:25:20 - INFO - Original error line: theorem amc12a_2021_p7 (x y : ℝ) : 1 ≤ (x * y - 1) ^ 2 + (x + y) ^ 2 := by
2025-04-13 11:25:22 - INFO - Testing fix: Original errors: 5, Fixed errors: 1
2025-04-13 11:25:22 - INFO - Result: False (introduced 1 new errors)
2025-04-13 11:25:22 - DEBUG - === New errors detail ===
2025-04-13 11:25:22 - DEBUG - New Error 1: line 3, type: other_error, message: unexpected identifier; expected '#guard_msgs', 'abbrev', 'add_decl_doc', 'axiom', 'binder_predicate', 'builtin_dsimproc', 'builtin_dsimproc_decl', 'builtin_initialize', 'builtin_simproc', 'builtin_simproc_decl', 'class', 'declare_simp_like_tactic', 'declare_syntax_cat', 'def', 'dsimproc', 'dsimproc_decl', 'elab', 'elab_rules', 'example', 'inductive', 'infix', 'infixl', 'infixr', 'initialize', 'instance', 'macro', 'macro_rules', 'notation', 'opaque', 'postfix', 'prefix', 'simproc', 'simproc_decl', 'structure', 'syntax', 'theorem' or 'unif_hint'
2025-04-13 11:25:22 - INFO - Testing fragment: simp
2025-04-13 11:25:22 - INFO - Original error line: theorem amc12a_2021_p7 (x y : ℝ) : 1 ≤ (x * y - 1) ^ 2 + (x + y) ^ 2 := by
2025-04-13 11:25:24 - INFO - Testing fix: Original errors: 5, Fixed errors: 1
2025-04-13 11:25:24 - INFO - Result: False (introduced 1 new errors)
2025-04-13 11:25:24 - DEBUG - === New errors detail ===
2025-04-13 11:25:24 - DEBUG - New Error 1: line 3, type: other_error, message: unexpected identifier; expected '#guard_msgs', 'abbrev', 'add_decl_doc', 'axiom', 'binder_predicate', 'builtin_dsimproc', 'builtin_dsimproc_decl', 'builtin_initialize', 'builtin_simproc', 'builtin_simproc_decl', 'class', 'declare_simp_like_tactic', 'declare_syntax_cat', 'def', 'dsimproc', 'dsimproc_decl', 'elab', 'elab_rules', 'example', 'inductive', 'infix', 'infixl', 'infixr', 'initialize', 'instance', 'macro', 'macro_rules', 'notation', 'opaque', 'postfix', 'prefix', 'simproc', 'simproc_decl', 'structure', 'syntax', 'theorem' or 'unif_hint'
2025-04-13 11:25:24 - INFO - Testing fragment: field_simp
2025-04-13 11:25:24 - INFO - Original error line: theorem amc12a_2021_p7 (x y : ℝ) : 1 ≤ (x * y - 1) ^ 2 + (x + y) ^ 2 := by
2025-04-13 11:25:26 - INFO - Testing fix: Original errors: 5, Fixed errors: 1
2025-04-13 11:25:26 - INFO - Result: False (introduced 1 new errors)
2025-04-13 11:25:26 - DEBUG - === New errors detail ===
2025-04-13 11:25:26 - DEBUG - New Error 1: line 3, type: other_error, message: unexpected identifier; expected '#guard_msgs', 'abbrev', 'add_decl_doc', 'axiom', 'binder_predicate', 'builtin_dsimproc', 'builtin_dsimproc_decl', 'builtin_initialize', 'builtin_simproc', 'builtin_simproc_decl', 'class', 'declare_simp_like_tactic', 'declare_syntax_cat', 'def', 'dsimproc', 'dsimproc_decl', 'elab', 'elab_rules', 'example', 'inductive', 'infix', 'infixl', 'infixr', 'initialize', 'instance', 'macro', 'macro_rules', 'notation', 'opaque', 'postfix', 'prefix', 'simproc', 'simproc_decl', 'structure', 'syntax', 'theorem' or 'unif_hint'
2025-04-13 11:25:26 - INFO - Testing fragment: norm_num
2025-04-13 11:25:26 - INFO - Original error line: theorem amc12a_2021_p7 (x y : ℝ) : 1 ≤ (x * y - 1) ^ 2 + (x + y) ^ 2 := by
2025-04-13 11:25:28 - INFO - Testing fix: Original errors: 5, Fixed errors: 1
2025-04-13 11:25:28 - INFO - Result: False (introduced 1 new errors)
2025-04-13 11:25:28 - DEBUG - === New errors detail ===
2025-04-13 11:25:28 - DEBUG - New Error 1: line 3, type: other_error, message: unexpected identifier; expected '#guard_msgs', 'abbrev', 'add_decl_doc', 'axiom', 'binder_predicate', 'builtin_dsimproc', 'builtin_dsimproc_decl', 'builtin_initialize', 'builtin_simproc', 'builtin_simproc_decl', 'class', 'declare_simp_like_tactic', 'declare_syntax_cat', 'def', 'dsimproc', 'dsimproc_decl', 'elab', 'elab_rules', 'example', 'inductive', 'infix', 'infixl', 'infixr', 'initialize', 'instance', 'macro', 'macro_rules', 'notation', 'opaque', 'postfix', 'prefix', 'simproc', 'simproc_decl', 'structure', 'syntax', 'theorem' or 'unif_hint'
2025-04-13 11:25:28 - INFO - Testing fragment: ring
2025-04-13 11:25:28 - INFO - Original error line: theorem amc12a_2021_p7 (x y : ℝ) : 1 ≤ (x * y - 1) ^ 2 + (x + y) ^ 2 := by
2025-04-13 11:25:30 - INFO - Testing fix: Original errors: 5, Fixed errors: 1
2025-04-13 11:25:30 - INFO - Result: False (introduced 1 new errors)
2025-04-13 11:25:30 - DEBUG - === New errors detail ===
2025-04-13 11:25:30 - DEBUG - New Error 1: line 3, type: other_error, message: unexpected identifier; expected '#guard_msgs', 'abbrev', 'add_decl_doc', 'axiom', 'binder_predicate', 'builtin_dsimproc', 'builtin_dsimproc_decl', 'builtin_initialize', 'builtin_simproc', 'builtin_simproc_decl', 'class', 'declare_simp_like_tactic', 'declare_syntax_cat', 'def', 'dsimproc', 'dsimproc_decl', 'elab', 'elab_rules', 'example', 'inductive', 'infix', 'infixl', 'infixr', 'initialize', 'instance', 'macro', 'macro_rules', 'notation', 'opaque', 'postfix', 'prefix', 'simproc', 'simproc_decl', 'structure', 'syntax', 'theorem' or 'unif_hint'
2025-04-13 11:25:30 - INFO - Testing fragment: ring_nf
2025-04-13 11:25:30 - INFO - Original error line: theorem amc12a_2021_p7 (x y : ℝ) : 1 ≤ (x * y - 1) ^ 2 + (x + y) ^ 2 := by
2025-04-13 11:25:32 - INFO - Testing fix: Original errors: 5, Fixed errors: 1
2025-04-13 11:25:32 - INFO - Result: False (introduced 1 new errors)
2025-04-13 11:25:32 - DEBUG - === New errors detail ===
2025-04-13 11:25:32 - DEBUG - New Error 1: line 3, type: other_error, message: unexpected identifier; expected '#guard_msgs', 'abbrev', 'add_decl_doc', 'axiom', 'binder_predicate', 'builtin_dsimproc', 'builtin_dsimproc_decl', 'builtin_initialize', 'builtin_simproc', 'builtin_simproc_decl', 'class', 'declare_simp_like_tactic', 'declare_syntax_cat', 'def', 'dsimproc', 'dsimproc_decl', 'elab', 'elab_rules', 'example', 'inductive', 'infix', 'infixl', 'infixr', 'initialize', 'instance', 'macro', 'macro_rules', 'notation', 'opaque', 'postfix', 'prefix', 'simproc', 'simproc_decl', 'structure', 'syntax', 'theorem' or 'unif_hint'
2025-04-13 11:25:32 - INFO - Testing fragment: omega
2025-04-13 11:25:32 - INFO - Original error line: theorem amc12a_2021_p7 (x y : ℝ) : 1 ≤ (x * y - 1) ^ 2 + (x + y) ^ 2 := by
2025-04-13 11:25:34 - INFO - Testing fix: Original errors: 5, Fixed errors: 1
2025-04-13 11:25:34 - INFO - Result: False (introduced 1 new errors)
2025-04-13 11:25:34 - DEBUG - === New errors detail ===
2025-04-13 11:25:34 - DEBUG - New Error 1: line 3, type: other_error, message: unexpected identifier; expected '#guard_msgs', 'abbrev', 'add_decl_doc', 'axiom', 'binder_predicate', 'builtin_dsimproc', 'builtin_dsimproc_decl', 'builtin_initialize', 'builtin_simproc', 'builtin_simproc_decl', 'class', 'declare_simp_like_tactic', 'declare_syntax_cat', 'def', 'dsimproc', 'dsimproc_decl', 'elab', 'elab_rules', 'example', 'inductive', 'infix', 'infixl', 'infixr', 'initialize', 'instance', 'macro', 'macro_rules', 'notation', 'opaque', 'postfix', 'prefix', 'simproc', 'simproc_decl', 'structure', 'syntax', 'theorem' or 'unif_hint'
2025-04-13 11:25:35 - INFO - Testing fragment: linarith
2025-04-13 11:25:35 - INFO - Original error line: theorem amc12a_2021_p7 (x y : ℝ) : 1 ≤ (x * y - 1) ^ 2 + (x + y) ^ 2 := by
2025-04-13 11:25:37 - INFO - Testing fix: Original errors: 5, Fixed errors: 1
2025-04-13 11:25:37 - INFO - Result: False (introduced 1 new errors)
2025-04-13 11:25:37 - DEBUG - === New errors detail ===
2025-04-13 11:25:37 - DEBUG - New Error 1: line 3, type: other_error, message: unexpected identifier; expected '#guard_msgs', 'abbrev', 'add_decl_doc', 'axiom', 'binder_predicate', 'builtin_dsimproc', 'builtin_dsimproc_decl', 'builtin_initialize', 'builtin_simproc', 'builtin_simproc_decl', 'class', 'declare_simp_like_tactic', 'declare_syntax_cat', 'def', 'dsimproc', 'dsimproc_decl', 'elab', 'elab_rules', 'example', 'inductive', 'infix', 'infixl', 'infixr', 'initialize', 'instance', 'macro', 'macro_rules', 'notation', 'opaque', 'postfix', 'prefix', 'simproc', 'simproc_decl', 'structure', 'syntax', 'theorem' or 'unif_hint'
2025-04-13 11:25:37 - INFO - Testing fragment: nlinarith
2025-04-13 11:25:37 - INFO - Original error line: theorem amc12a_2021_p7 (x y : ℝ) : 1 ≤ (x * y - 1) ^ 2 + (x + y) ^ 2 := by
2025-04-13 11:25:39 - INFO - Testing fix: Original errors: 5, Fixed errors: 1
2025-04-13 11:25:39 - INFO - Result: False (introduced 1 new errors)
2025-04-13 11:25:39 - DEBUG - === New errors detail ===
2025-04-13 11:25:39 - DEBUG - New Error 1: line 3, type: other_error, message: unexpected identifier; expected '#guard_msgs', 'abbrev', 'add_decl_doc', 'axiom', 'binder_predicate', 'builtin_dsimproc', 'builtin_dsimproc_decl', 'builtin_initialize', 'builtin_simproc', 'builtin_simproc_decl', 'class', 'declare_simp_like_tactic', 'declare_syntax_cat', 'def', 'dsimproc', 'dsimproc_decl', 'elab', 'elab_rules', 'example', 'inductive', 'infix', 'infixl', 'infixr', 'initialize', 'instance', 'macro', 'macro_rules', 'notation', 'opaque', 'postfix', 'prefix', 'simproc', 'simproc_decl', 'structure', 'syntax', 'theorem' or 'unif_hint'
2025-04-13 11:25:39 - INFO - Failed attempt time: 22.04 seconds
2025-04-13 11:25:39 - INFO - ❌ Could not generate fix for error at line 4
2025-04-13 11:25:39 - INFO - 
Trying to fix error 4/5: line 39, type: other_error
2025-04-13 11:25:39 - INFO - Error message: unknown tactic...
2025-04-13 11:25:39 - INFO - Removed header content, remaining 115 lines of code
2025-04-13 11:25:39 - INFO - Using specified target error line: 39
2025-04-13 11:25:40 - INFO - Found error at specified line: unknown tactic
2025-04-13 11:25:40 - INFO - Error at line 39: unknown tactic
2025-04-13 11:25:40 - INFO - 
==================================================
2025-04-13 11:25:40 - INFO - Code prepared, starting synthesis
2025-04-13 11:25:40 - INFO - Before part: /-- What is the least possible value of $(xy-1)^2+(x+y)^2$ for real numbers $x$ and $y$?

$\textbf{(A)} ~0\qquad\textbf{(B)} ~\frac{1}{4}\qquad\textbf{(C)} ~\frac{1}{2} \qquad\textbf{(D)} ~1 \qquad\textbf{(E)} ~2$ -/
theorem amc12a_2021_p7 (x y : ℝ) : 1 ≤ (x * y - 1) ^ 2 + (x + y) ^ 2 := by
  -- Our strategy is to find the minimum value of the expression (xy-1)² + (x+y)²
  -- First, let's simplify the expression by expanding both terms
  
  -- Expand (xy - 1)² to x²y² - 2xy + 1
  -- Expand (x + y)² to x² + 2xy + y²
  -- So the expression becomes x²y² - 2xy + 1 + x² + 2xy + y²
  -- The -2xy and +2xy terms cancel out, leaving x²y² + x² + y² + 1
  
  -- Now we can rewrite the expression as:
  -- x²y² + x² + y² + 1 = x²y² + x² + y² + 1 = x²(y² + 1) + (y² + 1) = (x² + 1)(y² + 1)
  -- However, this doesn't directly help us find the minimum
  
  -- Alternative approach: Let's consider substitution
  -- Let s = x + y and p = xy (elementary symmetric polynomials)
  -- Then our expression becomes (p - 1)² + s²
  
  -- We know that for real x, y, s² ≥ 4p (from the inequality (x+y)² ≥ 4xy)
  -- So we can consider minimizing (p - 1)² + s² subject to s² ≥ 4p
  
  -- Let's find the minimum of f(p, s) = (p-1)² + s² under constraint s² ≥ 4p
  -- For fixed p, the minimal s² is max(0, 4p) since s² ≥ 4p and s² ≥ 0
  
  -- Case 1: When p ≤ 0, minimal s² = 0 (since 4p ≤ 0)
  -- Then f(p, s) = (p-1)² ≥ 1 (since (p-1)² is minimized when p=1, but p≤0)
  
  -- Case 2: When p > 0, minimal s² = 4p
  -- Then f(p, s) = (p-1)² + 4p = p² - 2p + 1 + 4p = p² + 2p + 1 = (p + 1)²
  -- The minimum occurs when p is minimized (p > 0), but as p → 0+, f(p, s) → 1
  
  -- The global minimum is therefore 1, achieved when p = 0 and s = 0 (x = y = 0)
  
  -- Now let's verify this in Lean:
  
  -- First approach: Direct computation when x = y = 0
2025-04-13 11:25:40 - INFO - Error line:   have zero_case : (0 * 0 - 1) ^ 2 + (0 + 0) ^ 2 = 1 := by norm_num
2025-04-13 11:25:40 - INFO - After part: -- To show this is indeed the minimum, we'll rewrite the expression
  let expr := (x * y - 1) ^ 2 + (x + y) ^ 2
  
  -- Expand the expression
  have expr_expanded : expr = x^2 * y^2 + x^2 + y^2 + 1 := by
    ring
  
  -- Rewrite in terms of (x² + 1)(y² + 1) - x² - y²
  have expr_factored : expr = (x^2 + 1) * (y^2 + 1) - x^2 - y^2 := by
    rw [expr_expanded]
    ring
  
  -- But a better approach is to complete the square for one variable
  -- Let's treat this as a quadratic in x:
  -- x²(y² + 1) + x(2y) + (y² - 2y + 1)
  
  -- The minimum of ax² + bx + c is c - b²/4a when a > 0
  -- Here a = y² + 1 > 0 for all real y
  -- So the minimum value would be (y² - 2y + 1) - (2y)²/(4(y²+1))
  
  -- However, this seems complicated. Instead, let's use calculus:
  
  -- The minimum occurs when partial derivatives are zero
  -- ∂/∂x = 2(xy-1)y + 2(x+y) = 0
  -- ∂/∂y = 2(xy-1)x + 2(x+y) = 0
  
  -- Let's solve the system:
  -- 2(xy-1)y + 2(x+y) = 0 → (xy-1)y + (x+y) = 0 → xy² - y + x + y = 0 → xy² + x = 0 → x(y² + 1) = 0
  -- Similarly, y(x² + 1) = 0
  
  -- The only real solution is x = y = 0
  
  -- At x = y = 0, the expression equals 1
  
  -- To confirm this is indeed a minimum, we can check the second derivatives
  -- or observe that the expression is always ≥ 1
  
  -- Final proof:
  -- The expression is minimized when x = y = 0, where it equals 1
  -- Therefore, for all real x, y, the expression is ≥ 1
  
  -- In Lean, we can prove this by considering the expression as a sum of squares:
  have key_inequality : 1 ≤ (x * y - 1)^2 + (x + y)^2 := by
    -- The minimum is achieved at x = y = 0
    -- We can show that the value at any point is ≥ 1
    -- Let's consider two cases:
    
    -- Case 1: x = 0
    have case_x_zero : x = 0 → 1 ≤ (0 * y - 1)^2 + (0 + y)^2 := by
      intro hx
      rw [hx]
      simp
      linarith [pow_two_nonneg y]
    
    -- Case 2: x ≠ 0
    have case_x_nonzero : x ≠ 0 → 1 ≤ (x * y - 1)^2 + (x + y)^2 := by
      intro hx
      -- Rewrite as quadratic in y
      let f := (x * y - 1)^2 + (x + y)^2
      have f_expr : f = (x^2 + 1) * y^2 + (2 * x - 2 * x) * y + (1 + x^2) := by ring
      simp at f_expr
      rw [f_expr]
      -- Now f = (x² + 1)y² + (1 + x²)
      -- Since x² + 1 ≥ 1 > 0, and y² ≥ 0, we have f ≥ 1 + x² ≥ 1
      have x_sq_nonneg : 0 ≤ x^2 := by apply pow_two_nonneg
      have x_sq_plus_one_ge_one : 1 ≤ x^2 + 1 := by linarith
      have term1_nonneg : 0 ≤ (x^2 + 1) * y^2 := by nlinarith
      linarith
    
    -- Combine both cases
    by_cases h : x = 0
    · apply case_x_zero h
    · apply case_x_nonzero h
  
  exact key_inequality
2025-04-13 11:25:40 - INFO - ==================================================

2025-04-13 11:25:41 - INFO - Testing fragment: rw [justaplaceholder]
2025-04-13 11:25:41 - INFO - Original error line:   have zero_case : (0 * 0 - 1) ^ 2 + (0 + 0) ^ 2 = 1 := by norm_num
2025-04-13 11:25:43 - INFO - Testing fix: Original errors: 5, Fixed errors: 4
2025-04-13 11:25:43 - INFO - Result: False (introduced 2 new errors)
2025-04-13 11:25:43 - DEBUG - === New errors detail ===
2025-04-13 11:25:43 - DEBUG - New Error 1: line 46, type: other_error, message: unknown tactic
2025-04-13 11:25:43 - DEBUG - New Error 2: line 4, type: other_error, message: unsolved goals
ℝ : Type u_1
x y : ℝ
zero_case : (0 * 0 - 1) ^ 2 + (0 + 0) ^ 2 = 1
⊢ sorryAx (Sort u_2) true
2025-04-13 11:25:43 - INFO - Testing fragment: rw [<- justaplaceholder]
2025-04-13 11:25:43 - INFO - Original error line:   have zero_case : (0 * 0 - 1) ^ 2 + (0 + 0) ^ 2 = 1 := by norm_num
2025-04-13 11:25:45 - INFO - Testing fix: Original errors: 5, Fixed errors: 4
2025-04-13 11:25:45 - INFO - Result: False (introduced 2 new errors)
2025-04-13 11:25:45 - DEBUG - === New errors detail ===
2025-04-13 11:25:45 - DEBUG - New Error 1: line 46, type: other_error, message: unknown tactic
2025-04-13 11:25:45 - DEBUG - New Error 2: line 4, type: other_error, message: unsolved goals
ℝ : Type u_1
x y : ℝ
zero_case : (0 * 0 - 1) ^ 2 + (0 + 0) ^ 2 = 1
⊢ sorryAx (Sort u_2) true
2025-04-13 11:25:45 - INFO - Testing fragment: simp
2025-04-13 11:25:45 - INFO - Original error line:   have zero_case : (0 * 0 - 1) ^ 2 + (0 + 0) ^ 2 = 1 := by norm_num
2025-04-13 11:25:47 - INFO - Testing fix: Original errors: 5, Fixed errors: 5
2025-04-13 11:25:47 - INFO - Result: False (introduced 3 new errors)
2025-04-13 11:25:47 - DEBUG - === New errors detail ===
2025-04-13 11:25:47 - DEBUG - New Error 1: line 46, type: other_error, message: unknown tactic
2025-04-13 11:25:47 - DEBUG - New Error 2: line 39, type: other_error, message: unsolved goals
ℝ : Type u_1
x y : ℝ
⊢ False
2025-04-13 11:25:47 - DEBUG - New Error 3: line 4, type: other_error, message: unsolved goals
ℝ : Type u_1
x y : ℝ
zero_case : (0 * 0 - 1) ^ 2 + (0 + 0) ^ 2 = 1
⊢ sorryAx (Sort u_2) true
2025-04-13 11:25:47 - INFO - Testing fragment: field_simp
2025-04-13 11:25:47 - INFO - Original error line:   have zero_case : (0 * 0 - 1) ^ 2 + (0 + 0) ^ 2 = 1 := by norm_num
2025-04-13 11:25:49 - INFO - Testing fix: Original errors: 5, Fixed errors: 5
2025-04-13 11:25:49 - INFO - Target error not fixed: unknown tactic...
2025-04-13 11:25:49 - INFO - Result: False (target error not fixed)
2025-04-13 11:25:49 - INFO - Testing fragment: norm_num
2025-04-13 11:25:49 - INFO - Original error line:   have zero_case : (0 * 0 - 1) ^ 2 + (0 + 0) ^ 2 = 1 := by norm_num
2025-04-13 11:25:51 - INFO - Testing fix: Original errors: 5, Fixed errors: 5
2025-04-13 11:25:51 - INFO - Target error not fixed: unknown tactic...
2025-04-13 11:25:51 - INFO - Target error not fixed: unsolved goals
ℝ : Type u_1
x y : ℝ
⊢ (0 * 0 - 1) ^ 2 + (0 + 0) ^ 2 = 1...
2025-04-13 11:25:51 - INFO - Result: False (target error not fixed)
2025-04-13 11:25:51 - INFO - Testing fragment: ring
2025-04-13 11:25:51 - INFO - Original error line:   have zero_case : (0 * 0 - 1) ^ 2 + (0 + 0) ^ 2 = 1 := by norm_num
2025-04-13 11:25:53 - INFO - Testing fix: Original errors: 5, Fixed errors: 5
2025-04-13 11:25:53 - INFO - Target error not fixed: unknown tactic...
2025-04-13 11:25:53 - INFO - Result: False (target error not fixed)
2025-04-13 11:25:53 - INFO - Testing fragment: ring_nf
2025-04-13 11:25:53 - INFO - Original error line:   have zero_case : (0 * 0 - 1) ^ 2 + (0 + 0) ^ 2 = 1 := by norm_num
2025-04-13 11:25:55 - INFO - Testing fix: Original errors: 5, Fixed errors: 5
2025-04-13 11:25:55 - INFO - Target error not fixed: unknown tactic...
2025-04-13 11:25:55 - INFO - Result: False (target error not fixed)
2025-04-13 11:25:55 - INFO - Testing fragment: omega
2025-04-13 11:25:55 - INFO - Original error line:   have zero_case : (0 * 0 - 1) ^ 2 + (0 + 0) ^ 2 = 1 := by norm_num
2025-04-13 11:25:57 - INFO - Testing fix: Original errors: 5, Fixed errors: 4
2025-04-13 11:25:57 - INFO - Result: False (introduced 2 new errors)
2025-04-13 11:25:57 - DEBUG - === New errors detail ===
2025-04-13 11:25:57 - DEBUG - New Error 1: line 46, type: other_error, message: unknown tactic
2025-04-13 11:25:57 - DEBUG - New Error 2: line 4, type: other_error, message: unsolved goals
ℝ : Type u_1
x y : ℝ
zero_case : (0 * 0 - 1) ^ 2 + (0 + 0) ^ 2 = 1
⊢ sorryAx (Sort u_2) true
2025-04-13 11:25:57 - INFO - Testing fragment: linarith
2025-04-13 11:25:57 - INFO - Original error line:   have zero_case : (0 * 0 - 1) ^ 2 + (0 + 0) ^ 2 = 1 := by norm_num
2025-04-13 11:25:59 - INFO - Testing fix: Original errors: 5, Fixed errors: 5
2025-04-13 11:25:59 - INFO - Target error not fixed: unknown tactic...
2025-04-13 11:25:59 - INFO - Target error not fixed: unsolved goals
ℝ : Type u_1
x y : ℝ
⊢ (0 * 0 - 1) ^ 2 + (0 + 0) ^ 2 = 1...
2025-04-13 11:25:59 - INFO - Result: False (target error not fixed)
2025-04-13 11:25:59 - INFO - Testing fragment: nlinarith
2025-04-13 11:25:59 - INFO - Original error line:   have zero_case : (0 * 0 - 1) ^ 2 + (0 + 0) ^ 2 = 1 := by norm_num
2025-04-13 11:26:01 - INFO - Testing fix: Original errors: 5, Fixed errors: 5
2025-04-13 11:26:01 - INFO - Target error not fixed: unknown tactic...
2025-04-13 11:26:01 - INFO - Result: False (target error not fixed)
2025-04-13 11:26:01 - INFO - Failed attempt time: 22.04 seconds
2025-04-13 11:26:01 - INFO - ❌ Could not generate fix for error at line 39
2025-04-13 11:26:01 - INFO - 
Trying to fix error 5/5: line 39, type: other_error
2025-04-13 11:26:01 - INFO - Error message: unsolved goals
ℝ : Type u_1
x y : ℝ
⊢ (0 * 0 - 1) ^ 2 + (0 + 0) ^ 2 = 1...
2025-04-13 11:26:01 - INFO - Removed header content, remaining 115 lines of code
2025-04-13 11:26:01 - INFO - Using specified target error line: 39
2025-04-13 11:26:02 - INFO - Found error at specified line: unknown tactic
2025-04-13 11:26:02 - INFO - Error at line 39: unknown tactic
2025-04-13 11:26:02 - INFO - 
==================================================
2025-04-13 11:26:02 - INFO - Code prepared, starting synthesis
2025-04-13 11:26:02 - INFO - Before part: /-- What is the least possible value of $(xy-1)^2+(x+y)^2$ for real numbers $x$ and $y$?

$\textbf{(A)} ~0\qquad\textbf{(B)} ~\frac{1}{4}\qquad\textbf{(C)} ~\frac{1}{2} \qquad\textbf{(D)} ~1 \qquad\textbf{(E)} ~2$ -/
theorem amc12a_2021_p7 (x y : ℝ) : 1 ≤ (x * y - 1) ^ 2 + (x + y) ^ 2 := by
  -- Our strategy is to find the minimum value of the expression (xy-1)² + (x+y)²
  -- First, let's simplify the expression by expanding both terms
  
  -- Expand (xy - 1)² to x²y² - 2xy + 1
  -- Expand (x + y)² to x² + 2xy + y²
  -- So the expression becomes x²y² - 2xy + 1 + x² + 2xy + y²
  -- The -2xy and +2xy terms cancel out, leaving x²y² + x² + y² + 1
  
  -- Now we can rewrite the expression as:
  -- x²y² + x² + y² + 1 = x²y² + x² + y² + 1 = x²(y² + 1) + (y² + 1) = (x² + 1)(y² + 1)
  -- However, this doesn't directly help us find the minimum
  
  -- Alternative approach: Let's consider substitution
  -- Let s = x + y and p = xy (elementary symmetric polynomials)
  -- Then our expression becomes (p - 1)² + s²
  
  -- We know that for real x, y, s² ≥ 4p (from the inequality (x+y)² ≥ 4xy)
  -- So we can consider minimizing (p - 1)² + s² subject to s² ≥ 4p
  
  -- Let's find the minimum of f(p, s) = (p-1)² + s² under constraint s² ≥ 4p
  -- For fixed p, the minimal s² is max(0, 4p) since s² ≥ 4p and s² ≥ 0
  
  -- Case 1: When p ≤ 0, minimal s² = 0 (since 4p ≤ 0)
  -- Then f(p, s) = (p-1)² ≥ 1 (since (p-1)² is minimized when p=1, but p≤0)
  
  -- Case 2: When p > 0, minimal s² = 4p
  -- Then f(p, s) = (p-1)² + 4p = p² - 2p + 1 + 4p = p² + 2p + 1 = (p + 1)²
  -- The minimum occurs when p is minimized (p > 0), but as p → 0+, f(p, s) → 1
  
  -- The global minimum is therefore 1, achieved when p = 0 and s = 0 (x = y = 0)
  
  -- Now let's verify this in Lean:
  
  -- First approach: Direct computation when x = y = 0
2025-04-13 11:26:02 - INFO - Error line:   have zero_case : (0 * 0 - 1) ^ 2 + (0 + 0) ^ 2 = 1 := by norm_num
2025-04-13 11:26:02 - INFO - After part: -- To show this is indeed the minimum, we'll rewrite the expression
  let expr := (x * y - 1) ^ 2 + (x + y) ^ 2
  
  -- Expand the expression
  have expr_expanded : expr = x^2 * y^2 + x^2 + y^2 + 1 := by
    ring
  
  -- Rewrite in terms of (x² + 1)(y² + 1) - x² - y²
  have expr_factored : expr = (x^2 + 1) * (y^2 + 1) - x^2 - y^2 := by
    rw [expr_expanded]
    ring
  
  -- But a better approach is to complete the square for one variable
  -- Let's treat this as a quadratic in x:
  -- x²(y² + 1) + x(2y) + (y² - 2y + 1)
  
  -- The minimum of ax² + bx + c is c - b²/4a when a > 0
  -- Here a = y² + 1 > 0 for all real y
  -- So the minimum value would be (y² - 2y + 1) - (2y)²/(4(y²+1))
  
  -- However, this seems complicated. Instead, let's use calculus:
  
  -- The minimum occurs when partial derivatives are zero
  -- ∂/∂x = 2(xy-1)y + 2(x+y) = 0
  -- ∂/∂y = 2(xy-1)x + 2(x+y) = 0
  
  -- Let's solve the system:
  -- 2(xy-1)y + 2(x+y) = 0 → (xy-1)y + (x+y) = 0 → xy² - y + x + y = 0 → xy² + x = 0 → x(y² + 1) = 0
  -- Similarly, y(x² + 1) = 0
  
  -- The only real solution is x = y = 0
  
  -- At x = y = 0, the expression equals 1
  
  -- To confirm this is indeed a minimum, we can check the second derivatives
  -- or observe that the expression is always ≥ 1
  
  -- Final proof:
  -- The expression is minimized when x = y = 0, where it equals 1
  -- Therefore, for all real x, y, the expression is ≥ 1
  
  -- In Lean, we can prove this by considering the expression as a sum of squares:
  have key_inequality : 1 ≤ (x * y - 1)^2 + (x + y)^2 := by
    -- The minimum is achieved at x = y = 0
    -- We can show that the value at any point is ≥ 1
    -- Let's consider two cases:
    
    -- Case 1: x = 0
    have case_x_zero : x = 0 → 1 ≤ (0 * y - 1)^2 + (0 + y)^2 := by
      intro hx
      rw [hx]
      simp
      linarith [pow_two_nonneg y]
    
    -- Case 2: x ≠ 0
    have case_x_nonzero : x ≠ 0 → 1 ≤ (x * y - 1)^2 + (x + y)^2 := by
      intro hx
      -- Rewrite as quadratic in y
      let f := (x * y - 1)^2 + (x + y)^2
      have f_expr : f = (x^2 + 1) * y^2 + (2 * x - 2 * x) * y + (1 + x^2) := by ring
      simp at f_expr
      rw [f_expr]
      -- Now f = (x² + 1)y² + (1 + x²)
      -- Since x² + 1 ≥ 1 > 0, and y² ≥ 0, we have f ≥ 1 + x² ≥ 1
      have x_sq_nonneg : 0 ≤ x^2 := by apply pow_two_nonneg
      have x_sq_plus_one_ge_one : 1 ≤ x^2 + 1 := by linarith
      have term1_nonneg : 0 ≤ (x^2 + 1) * y^2 := by nlinarith
      linarith
    
    -- Combine both cases
    by_cases h : x = 0
    · apply case_x_zero h
    · apply case_x_nonzero h
  
  exact key_inequality
2025-04-13 11:26:02 - INFO - ==================================================

2025-04-13 11:26:03 - INFO - Testing fragment: rw [justaplaceholder]
2025-04-13 11:26:03 - INFO - Original error line:   have zero_case : (0 * 0 - 1) ^ 2 + (0 + 0) ^ 2 = 1 := by norm_num
2025-04-13 11:26:05 - INFO - Testing fix: Original errors: 5, Fixed errors: 4
2025-04-13 11:26:05 - INFO - Result: False (introduced 2 new errors)
2025-04-13 11:26:05 - DEBUG - === New errors detail ===
2025-04-13 11:26:05 - DEBUG - New Error 1: line 46, type: other_error, message: unknown tactic
2025-04-13 11:26:05 - DEBUG - New Error 2: line 4, type: other_error, message: unsolved goals
ℝ : Type u_1
x y : ℝ
zero_case : (0 * 0 - 1) ^ 2 + (0 + 0) ^ 2 = 1
⊢ sorryAx (Sort u_2) true
2025-04-13 11:26:05 - INFO - Testing fragment: rw [<- justaplaceholder]
2025-04-13 11:26:05 - INFO - Original error line:   have zero_case : (0 * 0 - 1) ^ 2 + (0 + 0) ^ 2 = 1 := by norm_num
2025-04-13 11:26:07 - INFO - Testing fix: Original errors: 5, Fixed errors: 4
2025-04-13 11:26:07 - INFO - Result: False (introduced 2 new errors)
2025-04-13 11:26:07 - DEBUG - === New errors detail ===
2025-04-13 11:26:07 - DEBUG - New Error 1: line 46, type: other_error, message: unknown tactic
2025-04-13 11:26:07 - DEBUG - New Error 2: line 4, type: other_error, message: unsolved goals
ℝ : Type u_1
x y : ℝ
zero_case : (0 * 0 - 1) ^ 2 + (0 + 0) ^ 2 = 1
⊢ sorryAx (Sort u_2) true
2025-04-13 11:26:07 - INFO - Testing fragment: simp
2025-04-13 11:26:07 - INFO - Original error line:   have zero_case : (0 * 0 - 1) ^ 2 + (0 + 0) ^ 2 = 1 := by norm_num
2025-04-13 11:26:09 - INFO - Testing fix: Original errors: 5, Fixed errors: 5
2025-04-13 11:26:09 - INFO - Result: False (introduced 3 new errors)
2025-04-13 11:26:09 - DEBUG - === New errors detail ===
2025-04-13 11:26:09 - DEBUG - New Error 1: line 46, type: other_error, message: unknown tactic
2025-04-13 11:26:09 - DEBUG - New Error 2: line 39, type: other_error, message: unsolved goals
ℝ : Type u_1
x y : ℝ
⊢ False
2025-04-13 11:26:09 - DEBUG - New Error 3: line 4, type: other_error, message: unsolved goals
ℝ : Type u_1
x y : ℝ
zero_case : (0 * 0 - 1) ^ 2 + (0 + 0) ^ 2 = 1
⊢ sorryAx (Sort u_2) true
2025-04-13 11:26:09 - INFO - Testing fragment: field_simp
2025-04-13 11:26:09 - INFO - Original error line:   have zero_case : (0 * 0 - 1) ^ 2 + (0 + 0) ^ 2 = 1 := by norm_num
2025-04-13 11:26:11 - INFO - Testing fix: Original errors: 5, Fixed errors: 5
2025-04-13 11:26:11 - INFO - Target error not fixed: unknown tactic...
2025-04-13 11:26:11 - INFO - Result: False (target error not fixed)
2025-04-13 11:26:11 - INFO - Testing fragment: norm_num
2025-04-13 11:26:11 - INFO - Original error line:   have zero_case : (0 * 0 - 1) ^ 2 + (0 + 0) ^ 2 = 1 := by norm_num
2025-04-13 11:26:13 - INFO - Testing fix: Original errors: 5, Fixed errors: 5
2025-04-13 11:26:13 - INFO - Target error not fixed: unknown tactic...
2025-04-13 11:26:13 - INFO - Target error not fixed: unsolved goals
ℝ : Type u_1
x y : ℝ
⊢ (0 * 0 - 1) ^ 2 + (0 + 0) ^ 2 = 1...
2025-04-13 11:26:13 - INFO - Result: False (target error not fixed)
2025-04-13 11:26:13 - INFO - Testing fragment: ring
2025-04-13 11:26:13 - INFO - Original error line:   have zero_case : (0 * 0 - 1) ^ 2 + (0 + 0) ^ 2 = 1 := by norm_num
2025-04-13 11:26:15 - INFO - Testing fix: Original errors: 5, Fixed errors: 5
2025-04-13 11:26:15 - INFO - Target error not fixed: unknown tactic...
2025-04-13 11:26:15 - INFO - Result: False (target error not fixed)
2025-04-13 11:26:15 - INFO - Testing fragment: ring_nf
2025-04-13 11:26:15 - INFO - Original error line:   have zero_case : (0 * 0 - 1) ^ 2 + (0 + 0) ^ 2 = 1 := by norm_num
2025-04-13 11:26:17 - INFO - Testing fix: Original errors: 5, Fixed errors: 5
2025-04-13 11:26:17 - INFO - Target error not fixed: unknown tactic...
2025-04-13 11:26:17 - INFO - Result: False (target error not fixed)
2025-04-13 11:26:17 - INFO - Testing fragment: omega
2025-04-13 11:26:17 - INFO - Original error line:   have zero_case : (0 * 0 - 1) ^ 2 + (0 + 0) ^ 2 = 1 := by norm_num
2025-04-13 11:26:19 - INFO - Testing fix: Original errors: 5, Fixed errors: 4
2025-04-13 11:26:19 - INFO - Result: False (introduced 2 new errors)
2025-04-13 11:26:19 - DEBUG - === New errors detail ===
2025-04-13 11:26:19 - DEBUG - New Error 1: line 46, type: other_error, message: unknown tactic
2025-04-13 11:26:19 - DEBUG - New Error 2: line 4, type: other_error, message: unsolved goals
ℝ : Type u_1
x y : ℝ
zero_case : (0 * 0 - 1) ^ 2 + (0 + 0) ^ 2 = 1
⊢ sorryAx (Sort u_2) true
2025-04-13 11:26:19 - INFO - Testing fragment: linarith
2025-04-13 11:26:19 - INFO - Original error line:   have zero_case : (0 * 0 - 1) ^ 2 + (0 + 0) ^ 2 = 1 := by norm_num
2025-04-13 11:26:21 - INFO - Testing fix: Original errors: 5, Fixed errors: 5
2025-04-13 11:26:21 - INFO - Target error not fixed: unknown tactic...
2025-04-13 11:26:21 - INFO - Target error not fixed: unsolved goals
ℝ : Type u_1
x y : ℝ
⊢ (0 * 0 - 1) ^ 2 + (0 + 0) ^ 2 = 1...
2025-04-13 11:26:21 - INFO - Result: False (target error not fixed)
2025-04-13 11:26:21 - INFO - Testing fragment: nlinarith
2025-04-13 11:26:21 - INFO - Original error line:   have zero_case : (0 * 0 - 1) ^ 2 + (0 + 0) ^ 2 = 1 := by norm_num
2025-04-13 11:26:23 - INFO - Testing fix: Original errors: 5, Fixed errors: 5
2025-04-13 11:26:23 - INFO - Target error not fixed: unknown tactic...
2025-04-13 11:26:23 - INFO - Result: False (target error not fixed)
2025-04-13 11:26:23 - INFO - Failed attempt time: 22.04 seconds
2025-04-13 11:26:23 - INFO - ❌ Could not generate fix for error at line 39
2025-04-13 11:26:24 - INFO - 
===== Fix attempt completed =====
2025-04-13 11:26:24 - INFO - Original errors: 5
2025-04-13 11:26:24 - INFO - Fixed errors: 0
2025-04-13 11:26:24 - INFO - Failed errors: 5
2025-04-13 11:26:24 - INFO - Remaining errors: 5
2025-04-13 11:26:24 - INFO - Total time: 112.22 seconds
2025-04-13 11:26:24 - INFO - 
Final fixed code:
2025-04-13 11:26:24 - INFO - ----------------------------------------
2025-04-13 11:26:24 - INFO - /-- What is the least possible value of $(xy-1)^2+(x+y)^2$ for real numbers $x$ and $y$?

$\textbf{(A)} ~0\qquad\textbf{(B)} ~\frac{1}{4}\qquad\textbf{(C)} ~\frac{1}{2} \qquad\textbf{(D)} ~1 \qquad\textbf{(E)} ~2$ -/
theorem amc12a_2021_p7 (x y : ℝ) : 1 ≤ (x * y - 1) ^ 2 + (x + y) ^ 2 := by
  -- Our strategy is to find the minimum value of the expression (xy-1)² + (x+y)²
  -- First, let's simplify the expression by expanding both terms
  
  -- Expand (xy - 1)² to x²y² - 2xy + 1
  -- Expand (x + y)² to x² + 2xy + y²
  -- So the expression becomes x²y² - 2xy + 1 + x² + 2xy + y²
  -- The -2xy and +2xy terms cancel out, leaving x²y² + x² + y² + 1
  
  -- Now we can rewrite the expression as:
  -- x²y² + x² + y² + 1 = x²y² + x² + y² + 1 = x²(y² + 1) + (y² + 1) = (x² + 1)(y² + 1)
  -- However, this doesn't directly help us find the minimum
  
  -- Alternative approach: Let's consider substitution
  -- Let s = x + y and p = xy (elementary symmetric polynomials)
  -- Then our expression becomes (p - 1)² + s²
  
  -- We know that for real x, y, s² ≥ 4p (from the inequality (x+y)² ≥ 4xy)
  -- So we can consider minimizing (p - 1)² + s² subject to s² ≥ 4p
  
  -- Let's find the minimum of f(p, s) = (p-1)² + s² under constraint s² ≥ 4p
  -- For fixed p, the minimal s² is max(0, 4p) since s² ≥ 4p and s² ≥ 0
  
  -- Case 1: When p ≤ 0, minimal s² = 0 (since 4p ≤ 0)
  -- Then f(p, s) = (p-1)² ≥ 1 (since (p-1)² is minimized when p=1, but p≤0)
  
  -- Case 2: When p > 0, minimal s² = 4p
  -- Then f(p, s) = (p-1)² + 4p = p² - 2p + 1 + 4p = p² + 2p + 1 = (p + 1)²
  -- The minimum occurs when p is minimized (p > 0), but as p → 0+, f(p, s) → 1
  
  -- The global minimum is therefore 1, achieved when p = 0 and s = 0 (x = y = 0)
  
  -- Now let's verify this in Lean:
  
  -- First approach: Direct computation when x = y = 0
  have zero_case : (0 * 0 - 1) ^ 2 + (0 + 0) ^ 2 = 1 := by norm_num
  
  -- To show this is indeed the minimum, we'll rewrite the expression
  let expr := (x * y - 1) ^ 2 + (x + y) ^ 2
  
  -- Expand the expression
  have expr_expanded : expr = x^2 * y^2 + x^2 + y^2 + 1 := by
    ring
  
  -- Rewrite in terms of (x² + 1)(y² + 1) - x² - y²
  have expr_factored : expr = (x^2 + 1) * (y^2 + 1) - x^2 - y^2 := by
    rw [expr_expanded]
    ring
  
  -- But a better approach is to complete the square for one variable
  -- Let's treat this as a quadratic in x:
  -- x²(y² + 1) + x(2y) + (y² - 2y + 1)
  
  -- The minimum of ax² + bx + c is c - b²/4a when a > 0
  -- Here a = y² + 1 > 0 for all real y
  -- So the minimum value would be (y² - 2y + 1) - (2y)²/(4(y²+1))
  
  -- However, this seems complicated. Instead, let's use calculus:
  
  -- The minimum occurs when partial derivatives are zero
  -- ∂/∂x = 2(xy-1)y + 2(x+y) = 0
  -- ∂/∂y = 2(xy-1)x + 2(x+y) = 0
  
  -- Let's solve the system:
  -- 2(xy-1)y + 2(x+y) = 0 → (xy-1)y + (x+y) = 0 → xy² - y + x + y = 0 → xy² + x = 0 → x(y² + 1) = 0
  -- Similarly, y(x² + 1) = 0
  
  -- The only real solution is x = y = 0
  
  -- At x = y = 0, the expression equals 1
  
  -- To confirm this is indeed a minimum, we can check the second derivatives
  -- or observe that the expression is always ≥ 1
  
  -- Final proof:
  -- The expression is minimized when x = y = 0, where it equals 1
  -- Therefore, for all real x, y, the expression is ≥ 1
  
  -- In Lean, we can prove this by considering the expression as a sum of squares:
  have key_inequality : 1 ≤ (x * y - 1)^2 + (x + y)^2 := by
    -- The minimum is achieved at x = y = 0
    -- We can show that the value at any point is ≥ 1
    -- Let's consider two cases:
    
    -- Case 1: x = 0
    have case_x_zero : x = 0 → 1 ≤ (0 * y - 1)^2 + (0 + y)^2 := by
      intro hx
      rw [hx]
      simp
      linarith [pow_two_nonneg y]
    
    -- Case 2: x ≠ 0
    have case_x_nonzero : x ≠ 0 → 1 ≤ (x * y - 1)^2 + (x + y)^2 := by
      intro hx
      -- Rewrite as quadratic in y
      let f := (x * y - 1)^2 + (x + y)^2
      have f_expr : f = (x^2 + 1) * y^2 + (2 * x - 2 * x) * y + (1 + x^2) := by ring
      simp at f_expr
      rw [f_expr]
      -- Now f = (x² + 1)y² + (1 + x²)
      -- Since x² + 1 ≥ 1 > 0, and y² ≥ 0, we have f ≥ 1 + x² ≥ 1
      have x_sq_nonneg : 0 ≤ x^2 := by apply pow_two_nonneg
      have x_sq_plus_one_ge_one : 1 ≤ x^2 + 1 := by linarith
      have term1_nonneg : 0 ≤ (x^2 + 1) * y^2 := by nlinarith
      linarith
    
    -- Combine both cases
    by_cases h : x = 0
    · apply case_x_zero h
    · apply case_x_nonzero h
  
  exact key_inequality
2025-04-13 11:26:24 - INFO - ----------------------------------------
2025-04-13 11:26:24 - INFO - 
Detailed error repair report:
2025-04-13 11:26:24 - INFO - Original code error count: 5
❌ Fixed error 1/5: Could not generate fix for error at line 4 «failed_to_synthesize» (after 22.04s)
❌ Fixed error 2/5: Could not generate fix for error at line 4 «failed_to_synthesize» (after 22.04s)
❌ Fixed error 3/5: Could not generate fix for error at line 4 «other_error» (after 22.04s)
❌ Fixed error 4/5: Could not generate fix for error at line 39 «other_error» (after 22.04s)
❌ Fixed error 5/5: Could not generate fix for error at line 39 «other_error» (after 22.04s)

=== Fix statistics ===
Original error count: 5
Fixed errors: 0 (Fix rate: 0.0000)
Failed errors: 5
Remaining errors: 5
Total time: 112.22 seconds

=== Failed fix details ===

Failed fix 1:
   Line: 4
   Error type: failed_to_synthesize
   Original error message: failed to synthesize
  HMul ℝ ℝ ?m.124
use `set_option diagnostics true` to get diagnostic informati...
   Failure reason: Could not generate fix
   Time: 22.04 seconds

Failed fix 2:
   Line: 4
   Error type: failed_to_synthesize
   Original error message: failed to synthesize
  OfNat ℝ 1
numerals are polymorphic in Lean, but the numeral `1` cannot be use...
   Failure reason: Could not generate fix
   Time: 22.04 seconds

Failed fix 3:
   Line: 4
   Error type: other_error
   Original error message: unsolved goals
ℝ : Type u_1
x y : ℝ
zero_case : (0 * 0 - 1) ^ 2 + (0 + 0) ^ 2 = 1
⊢ sorryAx (Sort u_...
   Failure reason: Could not generate fix
   Time: 22.04 seconds

Failed fix 4:
   Line: 39
   Error type: other_error
   Original error message: unknown tactic...
   Failure reason: Could not generate fix
   Time: 22.04 seconds

Failed fix 5:
   Line: 39
   Error type: other_error
   Original error message: unsolved goals
ℝ : Type u_1
x y : ℝ
⊢ (0 * 0 - 1) ^ 2 + (0 + 0) ^ 2 = 1...
   Failure reason: Could not generate fix
   Time: 22.04 seconds
2025-04-13 11:26:24 - INFO - 
Fixed code saved to: /data/coding/minif2f/lean_fixed/72_fixed.lean
2025-04-13 11:26:24 - INFO - JSON log saved to: /data/coding/minif2f/lean_fixed/72_fix_log.json
2025-04-13 11:26:24 - INFO - 
===== LOG FILE LOCATION =====
2025-04-13 11:26:24 - INFO - Detailed log file is available at: /data/coding/minif2f/lean_fixed/72.log
2025-04-13 11:26:24 - INFO - ===============================
