2025-04-13 10:42:46 - INFO - Log file initialized at 2025-04-13T10:42:46.951860
2025-04-13 10:42:46 - INFO - ===== LOG FILE LOCATION =====
2025-04-13 10:42:46 - INFO - Detailed log file created at: ./minif2f/lean_fixed/73.log
2025-04-13 10:42:46 - INFO - ===============================
2025-04-13 10:42:46 - INFO - Original code:
2025-04-13 10:42:46 - INFO - ----------------------------------------
2025-04-13 10:42:46 - INFO - import Mathlib
import Aesop

set_option maxHeartbeats 0

open BigOperators Real Nat Topology Rat

/-- Solve for $a$: $\frac15|9+2a|<1$.  Express your answer in interval notation. Show that it is (-7, -2).-/
theorem mathd_algebra_327 (a : ℝ) (h₀ : 1 / 5 * abs (9 + 2 * a) < 1) : -7 < a ∧ a < -2 := by
  -- First, we simplify the inequality (1/5)*|9 + 2a| < 1
  -- Multiply both sides by 5 to eliminate the denominator
  have h₁ : abs (9 + 2 * a) < 5 := by
    -- Original inequality is (1/5)*|9 + 2a| < 1
    -- Multiply both sides by 5 (positive, so inequality direction stays the same)
    rw [mul_lt_mul_left (show 0 < (1/5:ℝ)⁻¹ by norm_num)] at h₀
    -- Simplify (1/5)⁻¹ to 5 and 1 * 5 to 5
    simp only [inv_one_div, mul_one] at h₀
    exact h₀
  
  -- The absolute value inequality |9 + 2a| < 5 is equivalent to -5 < 9 + 2a < 5
  rw [abs_lt] at h₁
  -- Now we have h₁ : -5 < 9 + 2 * a ∧ 9 + 2 * a < 5
  
  -- We'll handle the two inequalities separately
  -- First inequality: -5 < 9 + 2a
  have left_ineq : -5 < 9 + 2 * a := h₁.left
  -- Subtract 9 from both sides: -14 < 2a
  have left_step : -14 < 2 * a := by linarith
  -- Divide both sides by 2: -7 < a
  have h_left : -7 < a := by linarith
  
  -- Second inequality: 9 + 2a < 5
  have right_ineq : 9 + 2 * a < 5 := h₁.right
  -- Subtract 9 from both sides: 2a < -4
  have right_step : 2 * a < -4 := by linarith
  -- Divide both sides by 2: a < -2
  have h_right : a < -2 := by linarith
  
  -- Combine both results
  exact ⟨h_left, h_right⟩
2025-04-13 10:42:46 - INFO - ----------------------------------------
2025-04-13 10:42:46 - INFO - 
Checking original code for all errors...
2025-04-13 10:42:55 - INFO - Original code contains 1 errors:
2025-04-13 10:42:55 - INFO - Error 1: line 8, type: rewrite_failed, message: tactic 'rewrite' failed, did not find instance of the pattern in the target expression
  (1 / 5)⁻¹ *...
2025-04-13 10:42:55 - INFO - 
Starting multi-error continuous repair process...
2025-04-13 10:42:55 - INFO - 
===== Starting to fix all errors =====
2025-04-13 10:42:56 - INFO - 
Found 1 original errors:
2025-04-13 10:42:56 - INFO - Error 1: line 8, type: rewrite_failed, message: tactic 'rewrite' failed, did not find instance of the pattern in the target expression
  (1 / 5)⁻¹ *...
2025-04-13 10:42:56 - INFO - 
Trying to fix error 1/1: line 8, type: rewrite_failed
2025-04-13 10:42:56 - INFO - Error message: tactic 'rewrite' failed, did not find instance of the pattern in the target expression
  (1 / 5)⁻¹ *...
2025-04-13 10:42:56 - INFO - Removed header content, remaining 33 lines of code
2025-04-13 10:42:56 - INFO - Using specified target error line: 8
2025-04-13 10:42:58 - INFO - Found error at specified line: tactic 'rewrite' failed, did not find instance of the pattern in the target expression
  (1 / 5)⁻¹ * ?m.630 < (1 / 5)⁻¹ * ?m.631
a : ℝ
h₀ : 1 / 5 * |9 + 2 * a| < 1
⊢ |9 + 2 * a| < 5
2025-04-13 10:42:58 - INFO - Error at line 8: tactic 'rewrite' failed, did not find instance of the pattern in the target expression
  (1 / 5)⁻¹ * ?m.630 < (1 / 5)⁻¹ * ?m.631
a : ℝ
h₀ : 1 / 5 * |9 + 2 * a| < 1
⊢ |9 + 2 * a| < 5
2025-04-13 10:42:58 - INFO - 
==================================================
2025-04-13 10:42:58 - INFO - Code prepared, starting synthesis
2025-04-13 10:42:58 - INFO - Before part: /-- Solve for $a$: $\frac15|9+2a|<1$.  Express your answer in interval notation. Show that it is (-7, -2).-/
theorem mathd_algebra_327 (a : ℝ) (h₀ : 1 / 5 * abs (9 + 2 * a) < 1) : -7 < a ∧ a < -2 := by
  -- First, we simplify the inequality (1/5)*|9 + 2a| < 1
  -- Multiply both sides by 5 to eliminate the denominator
  have h₁ : abs (9 + 2 * a) < 5 := by
    -- Original inequality is (1/5)*|9 + 2a| < 1
    -- Multiply both sides by 5 (positive, so inequality direction stays the same)
2025-04-13 10:42:58 - INFO - Error line:     rw [mul_lt_mul_left (show 0 < (1/5:ℝ)⁻¹ by norm_num)] at h₀
2025-04-13 10:42:58 - INFO - After part: -- Simplify (1/5)⁻¹ to 5 and 1 * 5 to 5
    simp only [inv_one_div, mul_one] at h₀
    exact h₀
  
  -- The absolute value inequality |9 + 2a| < 5 is equivalent to -5 < 9 + 2a < 5
  rw [abs_lt] at h₁
  -- Now we have h₁ : -5 < 9 + 2 * a ∧ 9 + 2 * a < 5
  
  -- We'll handle the two inequalities separately
  -- First inequality: -5 < 9 + 2a
  have left_ineq : -5 < 9 + 2 * a := h₁.left
  -- Subtract 9 from both sides: -14 < 2a
  have left_step : -14 < 2 * a := by linarith
  -- Divide both sides by 2: -7 < a
  have h_left : -7 < a := by linarith
  
  -- Second inequality: 9 + 2a < 5
  have right_ineq : 9 + 2 * a < 5 := h₁.right
  -- Subtract 9 from both sides: 2a < -4
  have right_step : 2 * a < -4 := by linarith
  -- Divide both sides by 2: a < -2
  have h_right : a < -2 := by linarith
  
  -- Combine both results
  exact ⟨h_left, h_right⟩
2025-04-13 10:42:58 - INFO - ==================================================

2025-04-13 10:42:59 - INFO - Testing fragment: rw [justaplaceholder]
2025-04-13 10:42:59 - INFO - Original error line:     rw [mul_lt_mul_left (show 0 < (1/5:ℝ)⁻¹ by norm_num)] at h₀
2025-04-13 10:43:01 - INFO - Testing fix: Original errors: 1, Fixed errors: 3
2025-04-13 10:43:01 - INFO - Result: False (introduced 3 new errors)
2025-04-13 10:43:01 - DEBUG - === New errors detail ===
2025-04-13 10:43:01 - DEBUG - New Error 1: line 8, type: rewrite_failed, message: tactic 'rewrite' failed, did not find instance of the pattern in the target expression
  (1 / 5)⁻¹ * ?m.630 < (1 / 5)⁻¹ * ?m.631
a : ℝ
h₀ : 1 / 5 * |9 + 2 * a| < 1
⊢ |9 + 2 * a| < 5
2025-04-13 10:43:01 - DEBUG - New Error 2: line 8, type: unknown_identifier, message: unknown identifier 'justaplaceholder'
2025-04-13 10:43:01 - DEBUG - New Error 3: line 8, type: rewrite_failed, message: tactic 'rewrite' failed, equality or iff proof expected
  ?m.2004
a : ℝ
h₀ : 1 / 5 * |9 + 2 * a| < 1
⊢ 0 < (1 / 5)⁻¹
2025-04-13 10:43:01 - INFO - Testing fragment: rw [<- justaplaceholder]
2025-04-13 10:43:01 - INFO - Original error line:     rw [mul_lt_mul_left (show 0 < (1/5:ℝ)⁻¹ by norm_num)] at h₀
2025-04-13 10:43:03 - INFO - Testing fix: Original errors: 1, Fixed errors: 3
2025-04-13 10:43:03 - INFO - Result: False (introduced 3 new errors)
2025-04-13 10:43:03 - DEBUG - === New errors detail ===
2025-04-13 10:43:03 - DEBUG - New Error 1: line 8, type: rewrite_failed, message: tactic 'rewrite' failed, did not find instance of the pattern in the target expression
  (1 / 5)⁻¹ * ?m.630 < (1 / 5)⁻¹ * ?m.631
a : ℝ
h₀ : 1 / 5 * |9 + 2 * a| < 1
⊢ |9 + 2 * a| < 5
2025-04-13 10:43:03 - DEBUG - New Error 2: line 8, type: unknown_identifier, message: unknown identifier 'justaplaceholder'
2025-04-13 10:43:03 - DEBUG - New Error 3: line 8, type: rewrite_failed, message: tactic 'rewrite' failed, equality or iff proof expected
  ?m.2004
a : ℝ
h₀ : 1 / 5 * |9 + 2 * a| < 1
⊢ 0 < (1 / 5)⁻¹
2025-04-13 10:43:03 - INFO - Testing fragment: simp
2025-04-13 10:43:03 - INFO - Original error line:     rw [mul_lt_mul_left (show 0 < (1/5:ℝ)⁻¹ by norm_num)] at h₀
2025-04-13 10:43:05 - INFO - Testing fix: Original errors: 1, Fixed errors: 1
2025-04-13 10:43:05 - INFO - Result: False (introduced 1 new errors)
2025-04-13 10:43:05 - DEBUG - === New errors detail ===
2025-04-13 10:43:05 - DEBUG - New Error 1: line 8, type: rewrite_failed, message: tactic 'rewrite' failed, did not find instance of the pattern in the target expression
  (1 / 5)⁻¹ * ?m.630 < (1 / 5)⁻¹ * ?m.631
a : ℝ
h₀ : 1 / 5 * |9 + 2 * a| < 1
⊢ |9 + 2 * a| < 5
2025-04-13 10:43:05 - INFO - Testing fragment: field_simp
2025-04-13 10:43:05 - INFO - Original error line:     rw [mul_lt_mul_left (show 0 < (1/5:ℝ)⁻¹ by norm_num)] at h₀
2025-04-13 10:43:07 - INFO - Testing fix: Original errors: 1, Fixed errors: 1
2025-04-13 10:43:07 - INFO - Result: False (introduced 1 new errors)
2025-04-13 10:43:07 - DEBUG - === New errors detail ===
2025-04-13 10:43:07 - DEBUG - New Error 1: line 8, type: rewrite_failed, message: tactic 'rewrite' failed, did not find instance of the pattern in the target expression
  (1 / 5)⁻¹ * ?m.630 < (1 / 5)⁻¹ * ?m.631
a : ℝ
h₀ : 1 / 5 * |9 + 2 * a| < 1
⊢ |9 + 2 * a| < 5
2025-04-13 10:43:07 - INFO - Testing fragment: norm_num
2025-04-13 10:43:07 - INFO - Original error line:     rw [mul_lt_mul_left (show 0 < (1/5:ℝ)⁻¹ by norm_num)] at h₀
2025-04-13 10:43:09 - INFO - Testing fix: Original errors: 1, Fixed errors: 1
2025-04-13 10:43:09 - INFO - Target error not fixed: tactic 'rewrite' failed, did not find instance of the pattern in the target expression
  (1 / 5)⁻¹ *...
2025-04-13 10:43:09 - INFO - Result: False (target error not fixed)
2025-04-13 10:43:09 - INFO - Testing fragment: ring
2025-04-13 10:43:09 - INFO - Original error line:     rw [mul_lt_mul_left (show 0 < (1/5:ℝ)⁻¹ by norm_num)] at h₀
2025-04-13 10:43:11 - INFO - Testing fix: Original errors: 1, Fixed errors: 3
2025-04-13 10:43:11 - INFO - Result: False (introduced 3 new errors)
2025-04-13 10:43:11 - DEBUG - === New errors detail ===
2025-04-13 10:43:11 - DEBUG - New Error 1: line 8, type: rewrite_failed, message: tactic 'rewrite' failed, did not find instance of the pattern in the target expression
  (1 / 5)⁻¹ * ?m.630 < (1 / 5)⁻¹ * ?m.631
a : ℝ
h₀ : 1 / 5 * |9 + 2 * a| < 1
⊢ |9 + 2 * a| < 5
2025-04-13 10:43:11 - DEBUG - New Error 2: line 8, type: ring_failed, message: Try this: ring_nf
2025-04-13 10:43:11 - DEBUG - New Error 3: line 8, type: other_error, message: unsolved goals
a : ℝ
h₀ : 1 / 5 * |9 + 2 * a| < 1
⊢ 0 < 5
2025-04-13 10:43:11 - INFO - Testing fragment: ring_nf
2025-04-13 10:43:11 - INFO - Original error line:     rw [mul_lt_mul_left (show 0 < (1/5:ℝ)⁻¹ by norm_num)] at h₀
2025-04-13 10:43:14 - INFO - Testing fix: Original errors: 1, Fixed errors: 2
2025-04-13 10:43:14 - INFO - Result: False (introduced 2 new errors)
2025-04-13 10:43:14 - DEBUG - === New errors detail ===
2025-04-13 10:43:14 - DEBUG - New Error 1: line 8, type: rewrite_failed, message: tactic 'rewrite' failed, did not find instance of the pattern in the target expression
  (1 / 5)⁻¹ * ?m.630 < (1 / 5)⁻¹ * ?m.631
a : ℝ
h₀ : 1 / 5 * |9 + 2 * a| < 1
⊢ |9 + 2 * a| < 5
2025-04-13 10:43:14 - DEBUG - New Error 2: line 8, type: other_error, message: unsolved goals
a : ℝ
h₀ : 1 / 5 * |9 + 2 * a| < 1
⊢ 0 < 5
2025-04-13 10:43:14 - INFO - Testing fragment: omega
2025-04-13 10:43:14 - INFO - Original error line:     rw [mul_lt_mul_left (show 0 < (1/5:ℝ)⁻¹ by norm_num)] at h₀
2025-04-13 10:43:16 - INFO - Testing fix: Original errors: 1, Fixed errors: 2
2025-04-13 10:43:16 - INFO - Result: False (introduced 2 new errors)
2025-04-13 10:43:16 - DEBUG - === New errors detail ===
2025-04-13 10:43:16 - DEBUG - New Error 1: line 8, type: rewrite_failed, message: tactic 'rewrite' failed, did not find instance of the pattern in the target expression
  (1 / 5)⁻¹ * ?m.630 < (1 / 5)⁻¹ * ?m.631
a : ℝ
h₀ : 1 / 5 * |9 + 2 * a| < 1
⊢ |9 + 2 * a| < 5
2025-04-13 10:43:16 - DEBUG - New Error 2: line 8, type: other_error, message: omega could not prove the goal:
No usable constraints found. You may need to unfold definitions so `omega` can see linear arithmetic facts about `Nat` and `Int`, which may also involve multiplication, division, and modular remainder by constants.
2025-04-13 10:43:16 - INFO - Testing fragment: linarith
2025-04-13 10:43:16 - INFO - Original error line:     rw [mul_lt_mul_left (show 0 < (1/5:ℝ)⁻¹ by norm_num)] at h₀
2025-04-13 10:43:18 - INFO - Testing fix: Original errors: 1, Fixed errors: 2
2025-04-13 10:43:18 - INFO - Target error not fixed: tactic 'rewrite' failed, did not find instance of the pattern in the target expression
  (1 / 5)⁻¹ *...
2025-04-13 10:43:18 - INFO - Result: False (target error not fixed)
2025-04-13 10:43:18 - INFO - Testing fragment: nlinarith
2025-04-13 10:43:18 - INFO - Original error line:     rw [mul_lt_mul_left (show 0 < (1/5:ℝ)⁻¹ by norm_num)] at h₀
2025-04-13 10:43:20 - INFO - Testing fix: Original errors: 1, Fixed errors: 2
2025-04-13 10:43:20 - INFO - Result: False (introduced 2 new errors)
2025-04-13 10:43:20 - DEBUG - === New errors detail ===
2025-04-13 10:43:20 - DEBUG - New Error 1: line 8, type: rewrite_failed, message: tactic 'rewrite' failed, did not find instance of the pattern in the target expression
  (1 / 5)⁻¹ * ?m.630 < (1 / 5)⁻¹ * ?m.631
a : ℝ
h₀ : 1 / 5 * |9 + 2 * a| < 1
⊢ |9 + 2 * a| < 5
2025-04-13 10:43:20 - DEBUG - New Error 2: line 8, type: linarith_failed, message: linarith failed to find a contradiction
case h
a : ℝ
h₀ : 1 / 5 * |9 + 2 * a| < 1
a✝ : 0 ≥ (1 / 5)⁻¹
⊢ False
failed
2025-04-13 10:43:20 - INFO - Failed attempt time: 23.05 seconds
2025-04-13 10:43:20 - INFO - ❌ Could not generate fix for error at line 8
2025-04-13 10:43:21 - INFO - 
===== Fix attempt completed =====
2025-04-13 10:43:21 - INFO - Original errors: 1
2025-04-13 10:43:21 - INFO - Fixed errors: 0
2025-04-13 10:43:21 - INFO - Failed errors: 1
2025-04-13 10:43:21 - INFO - Remaining errors: 1
2025-04-13 10:43:21 - INFO - Total time: 25.05 seconds
2025-04-13 10:43:21 - INFO - 
Final fixed code:
2025-04-13 10:43:21 - INFO - ----------------------------------------
2025-04-13 10:43:21 - INFO - /-- Solve for $a$: $\frac15|9+2a|<1$.  Express your answer in interval notation. Show that it is (-7, -2).-/
theorem mathd_algebra_327 (a : ℝ) (h₀ : 1 / 5 * abs (9 + 2 * a) < 1) : -7 < a ∧ a < -2 := by
  -- First, we simplify the inequality (1/5)*|9 + 2a| < 1
  -- Multiply both sides by 5 to eliminate the denominator
  have h₁ : abs (9 + 2 * a) < 5 := by
    -- Original inequality is (1/5)*|9 + 2a| < 1
    -- Multiply both sides by 5 (positive, so inequality direction stays the same)
    rw [mul_lt_mul_left (show 0 < (1/5:ℝ)⁻¹ by norm_num)] at h₀
    -- Simplify (1/5)⁻¹ to 5 and 1 * 5 to 5
    simp only [inv_one_div, mul_one] at h₀
    exact h₀
  
  -- The absolute value inequality |9 + 2a| < 5 is equivalent to -5 < 9 + 2a < 5
  rw [abs_lt] at h₁
  -- Now we have h₁ : -5 < 9 + 2 * a ∧ 9 + 2 * a < 5
  
  -- We'll handle the two inequalities separately
  -- First inequality: -5 < 9 + 2a
  have left_ineq : -5 < 9 + 2 * a := h₁.left
  -- Subtract 9 from both sides: -14 < 2a
  have left_step : -14 < 2 * a := by linarith
  -- Divide both sides by 2: -7 < a
  have h_left : -7 < a := by linarith
  
  -- Second inequality: 9 + 2a < 5
  have right_ineq : 9 + 2 * a < 5 := h₁.right
  -- Subtract 9 from both sides: 2a < -4
  have right_step : 2 * a < -4 := by linarith
  -- Divide both sides by 2: a < -2
  have h_right : a < -2 := by linarith
  
  -- Combine both results
  exact ⟨h_left, h_right⟩
2025-04-13 10:43:21 - INFO - ----------------------------------------
2025-04-13 10:43:21 - INFO - 
Detailed error repair report:
2025-04-13 10:43:21 - INFO - Original code error count: 1
❌ Fixed error 1/1: Could not generate fix for error at line 8 «rewrite_failed» (after 23.05s)

=== Fix statistics ===
Original error count: 1
Fixed errors: 0 (Fix rate: 0.0000)
Failed errors: 1
Remaining errors: 1
Total time: 25.05 seconds

=== Failed fix details ===

Failed fix 1:
   Line: 8
   Error type: rewrite_failed
   Original error message: tactic 'rewrite' failed, did not find instance of the pattern in the target expression
  (1 / 5)⁻¹ *...
   Failure reason: Could not generate fix
   Time: 23.05 seconds
2025-04-13 10:43:21 - INFO - 
Fixed code saved to: ./minif2f/lean_fixed/73_fixed.lean
2025-04-13 10:43:21 - INFO - JSON log saved to: ./minif2f/lean_fixed/73_fix_log.json
2025-04-13 10:43:21 - INFO - 
===== LOG FILE LOCATION =====
2025-04-13 10:43:21 - INFO - Detailed log file is available at: ./minif2f/lean_fixed/73.log
2025-04-13 10:43:21 - INFO - ===============================
