2025-04-13 11:08:53 - INFO - Log file initialized at 2025-04-13T11:08:53.415441
2025-04-13 11:08:53 - INFO - ===== LOG FILE LOCATION =====
2025-04-13 11:08:53 - INFO - Detailed log file created at: ./minif2f/lean_fixed/75.log
2025-04-13 11:08:53 - INFO - ===============================
2025-04-13 11:08:53 - INFO - Original code:
2025-04-13 11:08:53 - INFO - ----------------------------------------
2025-04-13 11:08:53 - INFO - import Mathlib
import Aesop

set_option maxHeartbeats 0

open BigOperators Real Nat Topology Rat

/-- Suppose that $x$ and $y$ are positive real numbers with $y\leq x$, and that $\sqrt{xy}(x-y)=(x+y)$.
Prove that $x+y\geq 4$.-/
theorem algebra_amgm_sqrtxymulxmyeqxpy_xpygeq4 (x y : ℝ) (h₀ : 0 < x ∧ 0 < y) (h₁ : y ≤ x)
  (h₂ : Real.sqrt (x * y) * (x - y) = x + y) : x + y ≥ 4 := by
  -- First, extract the positivity conditions from h₀
  have hx : 0 < x := h₀.left
  have hy : 0 < y := h₀.right
  
  -- Introduce the variable s = x + y and p = x * y
  let s := x + y
  let p := x * y
  
  -- Our goal is to show s ≥ 4. We'll proceed by contradiction, assuming s < 4
  by_contra h
  push_neg at h
  -- Now we have h : s < 4
  
  -- From the given equation h₂: √(xy)(x-y) = x+y
  -- We can rewrite this in terms of s and p:
  -- √p * (x - y) = s
  -- Square both sides to eliminate the square root
  have h₃ : p * (x - y)^2 = s^2 := by
    calc
      p * (x - y)^2 = (Real.sqrt p)^2 * (x - y)^2 := by rw [Real.sq_sqrt (mul_pos hx hy)]
      _ = (Real.sqrt p * (x - y))^2 := by ring
      _ = s^2 := by rw [h₂]
  
  -- Express (x - y)^2 in terms of s and p: (x - y)^2 = s^2 - 4p
  have h₄ : (x - y)^2 = s^2 - 4*p := by
    calc
      (x - y)^2 = x^2 - 2*x*y + y^2 := by ring
      _ = (x + y)^2 - 4*x*y := by ring
      _ = s^2 - 4*p := by rw [s, p]
  
  -- Substitute h₄ into h₃
  have h₅ : p * (s^2 - 4*p) = s^2 := by rw [h₄, h₃]
  
  -- Rearrange h₅ to form a quadratic equation in p:
  -- p*s² - 4p² = s² → 4p² - s²p + s² = 0
  have h₆ : 4*p^2 - s^2*p + s^2 = 0 := by
    linear_combination h₅
  
  -- Consider this as a quadratic in p: 4p² - s²p + s² = 0
  -- The discriminant is D = s⁴ - 16s²
  have h₇ : (s^2)^2 - 4*4*s^2 ≥ 0 := by
    -- For real roots to exist, discriminant must be non-negative
    rw [← h₆]
    exact discriminant_nonneg (a := 4) (b := -s^2) (c := s^2)
  
  -- Simplify the discriminant inequality: s⁴ - 16s² ≥ 0 → s²(s² - 16) ≥ 0
  -- Since s > 0 (as x, y > 0), we can divide by s²: s² - 16 ≥ 0 → s ≥ 4
  have h₈ : s^2 * (s^2 - 16) ≥ 0 := by
    calc
      s^2 * (s^2 - 16) = s^4 - 16*s^2 := by ring
      _ ≥ 0 := h₇
  
  -- Since s > 0 and s² > 0, we have s² - 16 ≥ 0
  have h₉ : s^2 - 16 ≥ 0 := by
    -- Because s > 0 (x, y > 0 ⇒ x + y > 0), s² > 0, so we can divide h₈ by s²
    have s_pos : s > 0 := add_pos hx hy
    have s_sq_pos : s^2 > 0 := pow_pos s_pos 2
    exact (le_of_mul_le_left h₈ s_sq_pos)
  
  -- From h₉ we get s² ≥ 16 → s ≥ 4 (since s > 0)
  have h₁₀ : s ≥ 4 := by
    have s_pos : s > 0 := add_pos hx hy
    rwa [← le_sqrt (le_refl 0) (le_of_lt s_pos), sqrt_sq (le_of_lt s_pos), sqrt_sixteen] at h₉
    norm_num
  
  -- This contradicts our assumption that s < 4
  exact lt_irrefl 4 (lt_of_lt_of_le h h₁₀)
2025-04-13 11:08:53 - INFO - ----------------------------------------
2025-04-13 11:08:53 - INFO - 
Checking original code for all errors...
2025-04-13 11:10:23 - INFO - Original code contains 9 errors:
2025-04-13 11:10:23 - INFO - Error 1: line 24, type: type_mismatch, message: application type mismatch
  sq_sqrt (mul_pos hx hy)
argument
  mul_pos hx hy
has type
  0 < x * y : ...
2025-04-13 11:10:23 - INFO - Error 2: line 33, type: rewrite_failed, message: tactic 'rewrite' failed, equality or iff proof expected
  ℝ
x y : ℝ
h₀ : 0 < x ∧ 0 < y
h₁ : y ≤ x
h₂...
2025-04-13 11:10:23 - INFO - Error 3: line 36, type: rewrite_failed, message: tactic 'rewrite' failed, did not find instance of the pattern in the target expression
  (x - y) ^ 2...
2025-04-13 11:10:23 - INFO - Error 4: line 41, type: ring_expr_not_equal, message: ring failed, ring expressions not equal
x y : ℝ
h₀ : 0 < x ∧ 0 < y
h₁ : y ≤ x
h₂ : √(x * y) * (x - y...
2025-04-13 11:10:23 - INFO - Error 5: line 48, type: unknown_identifier, message: unknown identifier 'discriminant_nonneg'...
2025-04-13 11:10:23 - INFO - Error 6: line 55, type: type_mismatch, message: type mismatch
  h₇
has type
  (s ^ 2) ^ 2 - 4 * 4 * s ^ 2 ≥ 0 : Prop
but is expected to have type
  ...
2025-04-13 11:10:23 - INFO - Error 7: line 62, type: type_mismatch, message: application type mismatch
  le_of_mul_le_left h₈
argument
  h₈
has type
  s ^ 2 * (s ^ 2 - 16) ≥ 0 :...
2025-04-13 11:10:23 - INFO - Error 8: line 67, type: rewrite_failed, message: tactic 'rewrite' failed, did not find instance of the pattern in the target expression
  0 ^ 2 ≤ s
x...
2025-04-13 11:10:23 - INFO - Error 9: line 71, type: type_mismatch, message: application type mismatch
  lt_of_lt_of_le h
argument
  h
has type
  x + y < 4 : Prop
but is expecte...
2025-04-13 11:10:23 - INFO - 
Starting multi-error continuous repair process...
2025-04-13 11:10:23 - INFO - 
===== Starting to fix all errors =====
2025-04-13 11:10:24 - INFO - 
Found 9 original errors:
2025-04-13 11:10:24 - INFO - Error 1: line 24, type: type_mismatch, message: application type mismatch
  sq_sqrt (mul_pos hx hy)
argument
  mul_pos hx hy
has type
  0 < x * y : ...
2025-04-13 11:10:24 - INFO - Error 2: line 33, type: rewrite_failed, message: tactic 'rewrite' failed, equality or iff proof expected
  ℝ
x y : ℝ
h₀ : 0 < x ∧ 0 < y
h₁ : y ≤ x
h₂...
2025-04-13 11:10:24 - INFO - Error 3: line 36, type: rewrite_failed, message: tactic 'rewrite' failed, did not find instance of the pattern in the target expression
  (x - y) ^ 2...
2025-04-13 11:10:24 - INFO - Error 4: line 41, type: ring_expr_not_equal, message: ring failed, ring expressions not equal
x y : ℝ
h₀ : 0 < x ∧ 0 < y
h₁ : y ≤ x
h₂ : √(x * y) * (x - y...
2025-04-13 11:10:24 - INFO - Error 5: line 48, type: unknown_identifier, message: unknown identifier 'discriminant_nonneg'...
2025-04-13 11:10:24 - INFO - Error 6: line 55, type: type_mismatch, message: type mismatch
  h₇
has type
  (s ^ 2) ^ 2 - 4 * 4 * s ^ 2 ≥ 0 : Prop
but is expected to have type
  ...
2025-04-13 11:10:24 - INFO - Error 7: line 62, type: type_mismatch, message: application type mismatch
  le_of_mul_le_left h₈
argument
  h₈
has type
  s ^ 2 * (s ^ 2 - 16) ≥ 0 :...
2025-04-13 11:10:24 - INFO - Error 8: line 67, type: rewrite_failed, message: tactic 'rewrite' failed, did not find instance of the pattern in the target expression
  0 ^ 2 ≤ s
x...
2025-04-13 11:10:24 - INFO - Error 9: line 71, type: type_mismatch, message: application type mismatch
  lt_of_lt_of_le h
argument
  h
has type
  x + y < 4 : Prop
but is expecte...
2025-04-13 11:10:24 - INFO - 
Trying to fix error 1/9: line 24, type: type_mismatch
2025-04-13 11:10:24 - INFO - Error message: application type mismatch
  sq_sqrt (mul_pos hx hy)
argument
  mul_pos hx hy
has type
  0 < x * y : ...
2025-04-13 11:10:24 - INFO - Removed header content, remaining 71 lines of code
2025-04-13 11:10:24 - INFO - Using specified target error line: 24
2025-04-13 11:10:25 - INFO - Found error at specified line: application type mismatch
  sq_sqrt (mul_pos hx hy)
argument
  mul_pos hx hy
has type
  0 < x * y : Prop
but is expected to have type
  0 ≤ ?m.2750 : Prop
2025-04-13 11:10:25 - INFO - Error at line 24: application type mismatch
  sq_sqrt (mul_pos hx hy)
argument
  mul_pos hx hy
has type
  0 < x * y : Prop
but is expected to have type
  0 ≤ ?m.2750 : Prop
2025-04-13 11:10:25 - INFO - 
==================================================
2025-04-13 11:10:25 - INFO - Code prepared, starting synthesis
2025-04-13 11:10:25 - INFO - Before part: /-- Suppose that $x$ and $y$ are positive real numbers with $y\leq x$, and that $\sqrt{xy}(x-y)=(x+y)$.
Prove that $x+y\geq 4$.-/
theorem algebra_amgm_sqrtxymulxmyeqxpy_xpygeq4 (x y : ℝ) (h₀ : 0 < x ∧ 0 < y) (h₁ : y ≤ x)
  (h₂ : Real.sqrt (x * y) * (x - y) = x + y) : x + y ≥ 4 := by
  -- First, extract the positivity conditions from h₀
  have hx : 0 < x := h₀.left
  have hy : 0 < y := h₀.right
  
  -- Introduce the variable s = x + y and p = x * y
  let s := x + y
  let p := x * y
  
  -- Our goal is to show s ≥ 4. We'll proceed by contradiction, assuming s < 4
  by_contra h
  push_neg at h
  -- Now we have h : s < 4
  
  -- From the given equation h₂: √(xy)(x-y) = x+y
  -- We can rewrite this in terms of s and p:
  -- √p * (x - y) = s
  -- Square both sides to eliminate the square root
  have h₃ : p * (x - y)^2 = s^2 := by
    calc
2025-04-13 11:10:25 - INFO - Error line:       p * (x - y)^2 = (Real.sqrt p)^2 * (x - y)^2 := by rw [Real.sq_sqrt (mul_pos hx hy)]
2025-04-13 11:10:25 - INFO - After part: _ = (Real.sqrt p * (x - y))^2 := by ring
      _ = s^2 := by rw [h₂]
  
  -- Express (x - y)^2 in terms of s and p: (x - y)^2 = s^2 - 4p
  have h₄ : (x - y)^2 = s^2 - 4*p := by
    calc
      (x - y)^2 = x^2 - 2*x*y + y^2 := by ring
      _ = (x + y)^2 - 4*x*y := by ring
      _ = s^2 - 4*p := by rw [s, p]
  
  -- Substitute h₄ into h₃
  have h₅ : p * (s^2 - 4*p) = s^2 := by rw [h₄, h₃]
  
  -- Rearrange h₅ to form a quadratic equation in p:
  -- p*s² - 4p² = s² → 4p² - s²p + s² = 0
  have h₆ : 4*p^2 - s^2*p + s^2 = 0 := by
    linear_combination h₅
  
  -- Consider this as a quadratic in p: 4p² - s²p + s² = 0
  -- The discriminant is D = s⁴ - 16s²
  have h₇ : (s^2)^2 - 4*4*s^2 ≥ 0 := by
    -- For real roots to exist, discriminant must be non-negative
    rw [← h₆]
    exact discriminant_nonneg (a := 4) (b := -s^2) (c := s^2)
  
  -- Simplify the discriminant inequality: s⁴ - 16s² ≥ 0 → s²(s² - 16) ≥ 0
  -- Since s > 0 (as x, y > 0), we can divide by s²: s² - 16 ≥ 0 → s ≥ 4
  have h₈ : s^2 * (s^2 - 16) ≥ 0 := by
    calc
      s^2 * (s^2 - 16) = s^4 - 16*s^2 := by ring
      _ ≥ 0 := h₇
  
  -- Since s > 0 and s² > 0, we have s² - 16 ≥ 0
  have h₉ : s^2 - 16 ≥ 0 := by
    -- Because s > 0 (x, y > 0 ⇒ x + y > 0), s² > 0, so we can divide h₈ by s²
    have s_pos : s > 0 := add_pos hx hy
    have s_sq_pos : s^2 > 0 := pow_pos s_pos 2
    exact (le_of_mul_le_left h₈ s_sq_pos)
  
  -- From h₉ we get s² ≥ 16 → s ≥ 4 (since s > 0)
  have h₁₀ : s ≥ 4 := by
    have s_pos : s > 0 := add_pos hx hy
    rwa [← le_sqrt (le_refl 0) (le_of_lt s_pos), sqrt_sq (le_of_lt s_pos), sqrt_sixteen] at h₉
    norm_num
  
  -- This contradicts our assumption that s < 4
  exact lt_irrefl 4 (lt_of_lt_of_le h h₁₀)
2025-04-13 11:10:25 - INFO - ==================================================

2025-04-13 11:10:26 - INFO - Testing fragment: rw [justaplaceholder]
2025-04-13 11:10:26 - INFO - Original error line:       p * (x - y)^2 = (Real.sqrt p)^2 * (x - y)^2 := by rw [Real.sq_sqrt (mul_pos hx hy)]
2025-04-13 11:10:28 - INFO - Testing fix: Original errors: 9, Fixed errors: 5
2025-04-13 11:10:28 - INFO - Result: False (introduced 5 new errors)
2025-04-13 11:10:28 - DEBUG - === New errors detail ===
2025-04-13 11:10:28 - DEBUG - New Error 1: line 23, type: failed_to_synthesize, message: invalid 'calc' step, failed to synthesize `Trans` instance
  Trans Eq Eq ?m.2395
use `set_option diagnostics true` to get diagnostic information
2025-04-13 11:10:28 - DEBUG - New Error 2: line 24, type: unknown_identifier, message: unknown identifier 'justaplaceholder'
2025-04-13 11:10:28 - DEBUG - New Error 3: line 24, type: rewrite_failed, message: tactic 'rewrite' failed, equality or iff proof expected
  ?m.2930
x y : ℝ
h₀ : 0 < x ∧ 0 < y
h₁ : y ≤ x
h₂ : √(x * y) * (x - y) = x + y
hx : 0 < x
hy : 0 < y
s : ℝ := x + y
p : ℝ := x * y
h : x + y < 4
⊢ p * (x - y) ^ 2 = √p ^ 2 * (x - y) ^ 2
2025-04-13 11:10:28 - DEBUG - New Error 4: line 4, type: other_error, message: unsolved goals
x y : ℝ
h₀ : 0 < x ∧ 0 < y
h₁ : y ≤ x
h₂ : √(x * y) * (x - y) = x + y
hx : 0 < x
hy : 0 < y
s : ℝ := x + y
p : ℝ := x * y
h : x + y < 4
h₃ : p * (x - y) ^ 2 = s ^ 2
⊢ False
2025-04-13 11:10:28 - DEBUG - New Error 5: line 24, type: syntax_error, message: unexpected token ')'; expected command
2025-04-13 11:10:28 - INFO - Testing fragment: rw [<- justaplaceholder]
2025-04-13 11:10:28 - INFO - Original error line:       p * (x - y)^2 = (Real.sqrt p)^2 * (x - y)^2 := by rw [Real.sq_sqrt (mul_pos hx hy)]
2025-04-13 11:10:30 - INFO - Testing fix: Original errors: 9, Fixed errors: 5
2025-04-13 11:10:30 - INFO - Result: False (introduced 5 new errors)
2025-04-13 11:10:30 - DEBUG - === New errors detail ===
2025-04-13 11:10:30 - DEBUG - New Error 1: line 23, type: failed_to_synthesize, message: invalid 'calc' step, failed to synthesize `Trans` instance
  Trans Eq Eq ?m.2395
use `set_option diagnostics true` to get diagnostic information
2025-04-13 11:10:30 - DEBUG - New Error 2: line 24, type: unknown_identifier, message: unknown identifier 'justaplaceholder'
2025-04-13 11:10:30 - DEBUG - New Error 3: line 24, type: rewrite_failed, message: tactic 'rewrite' failed, equality or iff proof expected
  ?m.2930
x y : ℝ
h₀ : 0 < x ∧ 0 < y
h₁ : y ≤ x
h₂ : √(x * y) * (x - y) = x + y
hx : 0 < x
hy : 0 < y
s : ℝ := x + y
p : ℝ := x * y
h : x + y < 4
⊢ p * (x - y) ^ 2 = √p ^ 2 * (x - y) ^ 2
2025-04-13 11:10:30 - DEBUG - New Error 4: line 4, type: other_error, message: unsolved goals
x y : ℝ
h₀ : 0 < x ∧ 0 < y
h₁ : y ≤ x
h₂ : √(x * y) * (x - y) = x + y
hx : 0 < x
hy : 0 < y
s : ℝ := x + y
p : ℝ := x * y
h : x + y < 4
h₃ : p * (x - y) ^ 2 = s ^ 2
⊢ False
2025-04-13 11:10:30 - DEBUG - New Error 5: line 24, type: syntax_error, message: unexpected token ')'; expected command
2025-04-13 11:10:30 - INFO - Testing fragment: simp
2025-04-13 11:10:30 - INFO - Original error line:       p * (x - y)^2 = (Real.sqrt p)^2 * (x - y)^2 := by rw [Real.sq_sqrt (mul_pos hx hy)]
2025-04-13 11:10:32 - INFO - Testing fix: Original errors: 9, Fixed errors: 4
2025-04-13 11:10:32 - INFO - Result: False (introduced 4 new errors)
2025-04-13 11:10:32 - DEBUG - === New errors detail ===
2025-04-13 11:10:32 - DEBUG - New Error 1: line 23, type: failed_to_synthesize, message: invalid 'calc' step, failed to synthesize `Trans` instance
  Trans Eq Eq ?m.2395
use `set_option diagnostics true` to get diagnostic information
2025-04-13 11:10:32 - DEBUG - New Error 2: line 24, type: other_error, message: unsolved goals
x y : ℝ
h₀ : 0 < x ∧ 0 < y
h₁ : y ≤ x
h₂ : √(x * y) * (x - y) = x + y
hx : 0 < x
hy : 0 < y
s : ℝ := x + y
p : ℝ := x * y
h : x + y < 4
⊢ p = √p ^ 2 ∨ x - y = 0
2025-04-13 11:10:32 - DEBUG - New Error 3: line 4, type: other_error, message: unsolved goals
x y : ℝ
h₀ : 0 < x ∧ 0 < y
h₁ : y ≤ x
h₂ : √(x * y) * (x - y) = x + y
hx : 0 < x
hy : 0 < y
s : ℝ := x + y
p : ℝ := x * y
h : x + y < 4
h₃ : p * (x - y) ^ 2 = s ^ 2
⊢ False
2025-04-13 11:10:32 - DEBUG - New Error 4: line 24, type: syntax_error, message: unexpected token ')'; expected command
2025-04-13 11:10:32 - INFO - Testing fragment: field_simp
2025-04-13 11:10:32 - INFO - Original error line:       p * (x - y)^2 = (Real.sqrt p)^2 * (x - y)^2 := by rw [Real.sq_sqrt (mul_pos hx hy)]
2025-04-13 11:10:34 - INFO - Testing fix: Original errors: 9, Fixed errors: 3
2025-04-13 11:10:34 - INFO - Result: False (introduced 3 new errors)
2025-04-13 11:10:34 - DEBUG - === New errors detail ===
2025-04-13 11:10:34 - DEBUG - New Error 1: line 23, type: failed_to_synthesize, message: invalid 'calc' step, failed to synthesize `Trans` instance
  Trans Eq Eq ?m.2395
use `set_option diagnostics true` to get diagnostic information
2025-04-13 11:10:34 - DEBUG - New Error 2: line 4, type: other_error, message: unsolved goals
x y : ℝ
h₀ : 0 < x ∧ 0 < y
h₁ : y ≤ x
h₂ : √(x * y) * (x - y) = x + y
hx : 0 < x
hy : 0 < y
s : ℝ := x + y
p : ℝ := x * y
h : x + y < 4
h₃ : p * (x - y) ^ 2 = s ^ 2
⊢ False
2025-04-13 11:10:34 - DEBUG - New Error 3: line 24, type: syntax_error, message: unexpected token ')'; expected command
2025-04-13 11:10:34 - INFO - Testing fragment: norm_num
2025-04-13 11:10:34 - INFO - Original error line:       p * (x - y)^2 = (Real.sqrt p)^2 * (x - y)^2 := by rw [Real.sq_sqrt (mul_pos hx hy)]
2025-04-13 11:10:36 - INFO - Testing fix: Original errors: 9, Fixed errors: 4
2025-04-13 11:10:36 - INFO - Result: False (introduced 4 new errors)
2025-04-13 11:10:36 - DEBUG - === New errors detail ===
2025-04-13 11:10:36 - DEBUG - New Error 1: line 23, type: failed_to_synthesize, message: invalid 'calc' step, failed to synthesize `Trans` instance
  Trans Eq Eq ?m.2395
use `set_option diagnostics true` to get diagnostic information
2025-04-13 11:10:36 - DEBUG - New Error 2: line 24, type: other_error, message: unsolved goals
x y : ℝ
h₀ : 0 < x ∧ 0 < y
h₁ : y ≤ x
h₂ : √(x * y) * (x - y) = x + y
hx : 0 < x
hy : 0 < y
s : ℝ := x + y
p : ℝ := x * y
h : x + y < 4
⊢ p = √p ^ 2 ∨ x - y = 0
2025-04-13 11:10:36 - DEBUG - New Error 3: line 4, type: other_error, message: unsolved goals
x y : ℝ
h₀ : 0 < x ∧ 0 < y
h₁ : y ≤ x
h₂ : √(x * y) * (x - y) = x + y
hx : 0 < x
hy : 0 < y
s : ℝ := x + y
p : ℝ := x * y
h : x + y < 4
h₃ : p * (x - y) ^ 2 = s ^ 2
⊢ False
2025-04-13 11:10:36 - DEBUG - New Error 4: line 24, type: syntax_error, message: unexpected token ')'; expected command
2025-04-13 11:10:36 - INFO - Testing fragment: ring
2025-04-13 11:10:36 - INFO - Original error line:       p * (x - y)^2 = (Real.sqrt p)^2 * (x - y)^2 := by rw [Real.sq_sqrt (mul_pos hx hy)]
2025-04-13 11:10:38 - INFO - Testing fix: Original errors: 9, Fixed errors: 5
2025-04-13 11:10:38 - INFO - Result: False (introduced 5 new errors)
2025-04-13 11:10:38 - DEBUG - === New errors detail ===
2025-04-13 11:10:38 - DEBUG - New Error 1: line 23, type: failed_to_synthesize, message: invalid 'calc' step, failed to synthesize `Trans` instance
  Trans Eq Eq ?m.2395
use `set_option diagnostics true` to get diagnostic information
2025-04-13 11:10:38 - DEBUG - New Error 2: line 24, type: ring_failed, message: Try this: ring_nf
2025-04-13 11:10:38 - DEBUG - New Error 3: line 24, type: other_error, message: unsolved goals
x y : ℝ
h₀ : 0 < x ∧ 0 < y
h₁ : y ≤ x
h₂ : √(x * y) * (x - y) = x + y
hx : 0 < x
hy : 0 < y
s : ℝ := x + y
p : ℝ := x * y
h : x + y < 4
⊢ x * y ^ 3 - x ^ 2 * y ^ 2 * 2 + x ^ 3 * y = -(x * y * √(x * y) ^ 2 * 2) + x ^ 2 * √(x * y) ^ 2 + y ^ 2 * √(x * y) ^ 2
2025-04-13 11:10:38 - DEBUG - New Error 4: line 4, type: other_error, message: unsolved goals
x y : ℝ
h₀ : 0 < x ∧ 0 < y
h₁ : y ≤ x
h₂ : √(x * y) * (x - y) = x + y
hx : 0 < x
hy : 0 < y
s : ℝ := x + y
p : ℝ := x * y
h : x + y < 4
h₃ : p * (x - y) ^ 2 = s ^ 2
⊢ False
2025-04-13 11:10:38 - DEBUG - New Error 5: line 24, type: syntax_error, message: unexpected token ')'; expected command
2025-04-13 11:10:38 - INFO - Testing fragment: ring_nf
2025-04-13 11:10:38 - INFO - Original error line:       p * (x - y)^2 = (Real.sqrt p)^2 * (x - y)^2 := by rw [Real.sq_sqrt (mul_pos hx hy)]
2025-04-13 11:10:40 - INFO - Testing fix: Original errors: 9, Fixed errors: 4
2025-04-13 11:10:40 - INFO - Result: False (introduced 4 new errors)
2025-04-13 11:10:40 - DEBUG - === New errors detail ===
2025-04-13 11:10:40 - DEBUG - New Error 1: line 23, type: failed_to_synthesize, message: invalid 'calc' step, failed to synthesize `Trans` instance
  Trans Eq Eq ?m.2395
use `set_option diagnostics true` to get diagnostic information
2025-04-13 11:10:40 - DEBUG - New Error 2: line 24, type: other_error, message: unsolved goals
x y : ℝ
h₀ : 0 < x ∧ 0 < y
h₁ : y ≤ x
h₂ : √(x * y) * (x - y) = x + y
hx : 0 < x
hy : 0 < y
s : ℝ := x + y
p : ℝ := x * y
h : x + y < 4
⊢ x * y ^ 3 - x ^ 2 * y ^ 2 * 2 + x ^ 3 * y = -(x * y * √(x * y) ^ 2 * 2) + x ^ 2 * √(x * y) ^ 2 + y ^ 2 * √(x * y) ^ 2
2025-04-13 11:10:40 - DEBUG - New Error 3: line 4, type: other_error, message: unsolved goals
x y : ℝ
h₀ : 0 < x ∧ 0 < y
h₁ : y ≤ x
h₂ : √(x * y) * (x - y) = x + y
hx : 0 < x
hy : 0 < y
s : ℝ := x + y
p : ℝ := x * y
h : x + y < 4
h₃ : p * (x - y) ^ 2 = s ^ 2
⊢ False
2025-04-13 11:10:40 - DEBUG - New Error 4: line 24, type: syntax_error, message: unexpected token ')'; expected command
2025-04-13 11:10:40 - INFO - Testing fragment: omega
2025-04-13 11:10:40 - INFO - Original error line:       p * (x - y)^2 = (Real.sqrt p)^2 * (x - y)^2 := by rw [Real.sq_sqrt (mul_pos hx hy)]
2025-04-13 11:10:42 - INFO - Testing fix: Original errors: 9, Fixed errors: 4
2025-04-13 11:10:42 - INFO - Result: False (introduced 4 new errors)
2025-04-13 11:10:42 - DEBUG - === New errors detail ===
2025-04-13 11:10:42 - DEBUG - New Error 1: line 23, type: failed_to_synthesize, message: invalid 'calc' step, failed to synthesize `Trans` instance
  Trans Eq Eq ?m.2395
use `set_option diagnostics true` to get diagnostic information
2025-04-13 11:10:42 - DEBUG - New Error 2: line 24, type: other_error, message: omega could not prove the goal:
No usable constraints found. You may need to unfold definitions so `omega` can see linear arithmetic facts about `Nat` and `Int`, which may also involve multiplication, division, and modular remainder by constants.
2025-04-13 11:10:42 - DEBUG - New Error 3: line 4, type: other_error, message: unsolved goals
x y : ℝ
h₀ : 0 < x ∧ 0 < y
h₁ : y ≤ x
h₂ : √(x * y) * (x - y) = x + y
hx : 0 < x
hy : 0 < y
s : ℝ := x + y
p : ℝ := x * y
h : x + y < 4
h₃ : p * (x - y) ^ 2 = s ^ 2
⊢ False
2025-04-13 11:10:42 - DEBUG - New Error 4: line 24, type: syntax_error, message: unexpected token ')'; expected command
2025-04-13 11:10:42 - INFO - Testing fragment: linarith
2025-04-13 11:10:42 - INFO - Original error line:       p * (x - y)^2 = (Real.sqrt p)^2 * (x - y)^2 := by rw [Real.sq_sqrt (mul_pos hx hy)]
2025-04-13 11:10:44 - INFO - Testing fix: Original errors: 9, Fixed errors: 4
2025-04-13 11:10:44 - INFO - Result: False (introduced 4 new errors)
2025-04-13 11:10:44 - DEBUG - === New errors detail ===
2025-04-13 11:10:44 - DEBUG - New Error 1: line 23, type: failed_to_synthesize, message: invalid 'calc' step, failed to synthesize `Trans` instance
  Trans Eq Eq ?m.2395
use `set_option diagnostics true` to get diagnostic information
2025-04-13 11:10:44 - DEBUG - New Error 2: line 24, type: linarith_failed, message: linarith failed to find a contradiction
case h1.h
x y : ℝ
h₀ : 0 < x ∧ 0 < y
h₁ : y ≤ x
h₂ : √(x * y) * (x - y) = x + y
hx : 0 < x
hy : 0 < y
s : ℝ := x + y
p : ℝ := x * y
h : x + y < 4
a✝ : p * (x - y) ^ 2 < √p ^ 2 * (x - y) ^ 2
⊢ False
failed
2025-04-13 11:10:44 - DEBUG - New Error 3: line 4, type: other_error, message: unsolved goals
x y : ℝ
h₀ : 0 < x ∧ 0 < y
h₁ : y ≤ x
h₂ : √(x * y) * (x - y) = x + y
hx : 0 < x
hy : 0 < y
s : ℝ := x + y
p : ℝ := x * y
h : x + y < 4
h₃ : p * (x - y) ^ 2 = s ^ 2
⊢ False
2025-04-13 11:10:44 - DEBUG - New Error 4: line 24, type: syntax_error, message: unexpected token ')'; expected command
2025-04-13 11:10:44 - INFO - Testing fragment: nlinarith
2025-04-13 11:10:44 - INFO - Original error line:       p * (x - y)^2 = (Real.sqrt p)^2 * (x - y)^2 := by rw [Real.sq_sqrt (mul_pos hx hy)]
2025-04-13 11:10:46 - INFO - Testing fix: Original errors: 9, Fixed errors: 4
2025-04-13 11:10:46 - INFO - Result: False (introduced 4 new errors)
2025-04-13 11:10:46 - DEBUG - === New errors detail ===
2025-04-13 11:10:46 - DEBUG - New Error 1: line 23, type: failed_to_synthesize, message: invalid 'calc' step, failed to synthesize `Trans` instance
  Trans Eq Eq ?m.2395
use `set_option diagnostics true` to get diagnostic information
2025-04-13 11:10:46 - DEBUG - New Error 2: line 24, type: linarith_failed, message: linarith failed to find a contradiction
case h1.h
x y : ℝ
h₀ : 0 < x ∧ 0 < y
h₁ : y ≤ x
h₂ : √(x * y) * (x - y) = x + y
hx : 0 < x
hy : 0 < y
s : ℝ := x + y
p : ℝ := x * y
h : x + y < 4
a✝ : p * (x - y) ^ 2 < √p ^ 2 * (x - y) ^ 2
⊢ False
failed
2025-04-13 11:10:46 - DEBUG - New Error 3: line 4, type: other_error, message: unsolved goals
x y : ℝ
h₀ : 0 < x ∧ 0 < y
h₁ : y ≤ x
h₂ : √(x * y) * (x - y) = x + y
hx : 0 < x
hy : 0 < y
s : ℝ := x + y
p : ℝ := x * y
h : x + y < 4
h₃ : p * (x - y) ^ 2 = s ^ 2
⊢ False
2025-04-13 11:10:46 - DEBUG - New Error 4: line 24, type: syntax_error, message: unexpected token ')'; expected command
2025-04-13 11:10:46 - INFO - Failed attempt time: 22.04 seconds
2025-04-13 11:10:46 - INFO - ❌ Could not generate fix for error at line 24
2025-04-13 11:10:46 - INFO - 
Trying to fix error 2/9: line 33, type: rewrite_failed
2025-04-13 11:10:46 - INFO - Error message: tactic 'rewrite' failed, equality or iff proof expected
  ℝ
x y : ℝ
h₀ : 0 < x ∧ 0 < y
h₁ : y ≤ x
h₂...
2025-04-13 11:10:46 - INFO - Removed header content, remaining 71 lines of code
2025-04-13 11:10:46 - INFO - Using specified target error line: 33
2025-04-13 11:10:47 - INFO - Found error at specified line: tactic 'rewrite' failed, equality or iff proof expected
  ℝ
x y : ℝ
h₀ : 0 < x ∧ 0 < y
h₁ : y ≤ x
h₂ : √(x * y) * (x - y) = x + y
hx : 0 < x
hy : 0 < y
s : ℝ := x + y
p : ℝ := x * y
h : x + y < 4
h₃ : p * (x - y) ^ 2 = s ^ 2
⊢ (x + y) ^ 2 - 4 * x * y = s ^ 2 - 4 * p
2025-04-13 11:10:47 - INFO - Error at line 33: tactic 'rewrite' failed, equality or iff proof expected
  ℝ
x y : ℝ
h₀ : 0 < x ∧ 0 < y
h₁ : y ≤ x
h₂ : √(x * y) * (x - y) = x + y
hx : 0 < x
hy : 0 < y
s : ℝ := x + y
p : ℝ := x * y
h : x + y < 4
h₃ : p * (x - y) ^ 2 = s ^ 2
⊢ (x + y) ^ 2 - 4 * x * y = s ^ 2 - 4 * p
2025-04-13 11:10:47 - INFO - 
==================================================
2025-04-13 11:10:47 - INFO - Code prepared, starting synthesis
2025-04-13 11:10:47 - INFO - Before part: /-- Suppose that $x$ and $y$ are positive real numbers with $y\leq x$, and that $\sqrt{xy}(x-y)=(x+y)$.
Prove that $x+y\geq 4$.-/
theorem algebra_amgm_sqrtxymulxmyeqxpy_xpygeq4 (x y : ℝ) (h₀ : 0 < x ∧ 0 < y) (h₁ : y ≤ x)
  (h₂ : Real.sqrt (x * y) * (x - y) = x + y) : x + y ≥ 4 := by
  -- First, extract the positivity conditions from h₀
  have hx : 0 < x := h₀.left
  have hy : 0 < y := h₀.right
  
  -- Introduce the variable s = x + y and p = x * y
  let s := x + y
  let p := x * y
  
  -- Our goal is to show s ≥ 4. We'll proceed by contradiction, assuming s < 4
  by_contra h
  push_neg at h
  -- Now we have h : s < 4
  
  -- From the given equation h₂: √(xy)(x-y) = x+y
  -- We can rewrite this in terms of s and p:
  -- √p * (x - y) = s
  -- Square both sides to eliminate the square root
  have h₃ : p * (x - y)^2 = s^2 := by
    calc
      p * (x - y)^2 = (Real.sqrt p)^2 * (x - y)^2 := by rw [Real.sq_sqrt (mul_pos hx hy)]
      _ = (Real.sqrt p * (x - y))^2 := by ring
      _ = s^2 := by rw [h₂]
  
  -- Express (x - y)^2 in terms of s and p: (x - y)^2 = s^2 - 4p
  have h₄ : (x - y)^2 = s^2 - 4*p := by
    calc
      (x - y)^2 = x^2 - 2*x*y + y^2 := by ring
      _ = (x + y)^2 - 4*x*y := by ring
2025-04-13 11:10:47 - INFO - Error line:       _ = s^2 - 4*p := by rw [s, p]
2025-04-13 11:10:47 - INFO - After part: -- Substitute h₄ into h₃
  have h₅ : p * (s^2 - 4*p) = s^2 := by rw [h₄, h₃]
  
  -- Rearrange h₅ to form a quadratic equation in p:
  -- p*s² - 4p² = s² → 4p² - s²p + s² = 0
  have h₆ : 4*p^2 - s^2*p + s^2 = 0 := by
    linear_combination h₅
  
  -- Consider this as a quadratic in p: 4p² - s²p + s² = 0
  -- The discriminant is D = s⁴ - 16s²
  have h₇ : (s^2)^2 - 4*4*s^2 ≥ 0 := by
    -- For real roots to exist, discriminant must be non-negative
    rw [← h₆]
    exact discriminant_nonneg (a := 4) (b := -s^2) (c := s^2)
  
  -- Simplify the discriminant inequality: s⁴ - 16s² ≥ 0 → s²(s² - 16) ≥ 0
  -- Since s > 0 (as x, y > 0), we can divide by s²: s² - 16 ≥ 0 → s ≥ 4
  have h₈ : s^2 * (s^2 - 16) ≥ 0 := by
    calc
      s^2 * (s^2 - 16) = s^4 - 16*s^2 := by ring
      _ ≥ 0 := h₇
  
  -- Since s > 0 and s² > 0, we have s² - 16 ≥ 0
  have h₉ : s^2 - 16 ≥ 0 := by
    -- Because s > 0 (x, y > 0 ⇒ x + y > 0), s² > 0, so we can divide h₈ by s²
    have s_pos : s > 0 := add_pos hx hy
    have s_sq_pos : s^2 > 0 := pow_pos s_pos 2
    exact (le_of_mul_le_left h₈ s_sq_pos)
  
  -- From h₉ we get s² ≥ 16 → s ≥ 4 (since s > 0)
  have h₁₀ : s ≥ 4 := by
    have s_pos : s > 0 := add_pos hx hy
    rwa [← le_sqrt (le_refl 0) (le_of_lt s_pos), sqrt_sq (le_of_lt s_pos), sqrt_sixteen] at h₉
    norm_num
  
  -- This contradicts our assumption that s < 4
  exact lt_irrefl 4 (lt_of_lt_of_le h h₁₀)
2025-04-13 11:10:47 - INFO - ==================================================

2025-04-13 11:10:48 - INFO - Testing fragment: rw [justaplaceholder]
2025-04-13 11:10:48 - INFO - Original error line:       _ = s^2 - 4*p := by rw [s, p]
2025-04-13 11:10:50 - INFO - Testing fix: Original errors: 9, Fixed errors: 10
2025-04-13 11:10:50 - INFO - Result: False (introduced 2 new errors)
2025-04-13 11:10:50 - DEBUG - === New errors detail ===
2025-04-13 11:10:50 - DEBUG - New Error 1: line 33, type: unknown_identifier, message: unknown identifier 'justaplaceholder'
2025-04-13 11:10:50 - DEBUG - New Error 2: line 33, type: rewrite_failed, message: tactic 'rewrite' failed, equality or iff proof expected
  ?m.6413
x y : ℝ
h₀ : 0 < x ∧ 0 < y
h₁ : y ≤ x
h₂ : √(x * y) * (x - y) = x + y
hx : 0 < x
hy : 0 < y
s : ℝ := x + y
p : ℝ := x * y
h : x + y < 4
h₃ : p * (x - y) ^ 2 = s ^ 2
⊢ (x + y) ^ 2 - 4 * x * y = s ^ 2 - 4 * p
2025-04-13 11:10:50 - INFO - Testing fragment: rw [<- justaplaceholder]
2025-04-13 11:10:50 - INFO - Original error line:       _ = s^2 - 4*p := by rw [s, p]
2025-04-13 11:10:52 - INFO - Testing fix: Original errors: 9, Fixed errors: 10
2025-04-13 11:10:52 - INFO - Result: False (introduced 2 new errors)
2025-04-13 11:10:52 - DEBUG - === New errors detail ===
2025-04-13 11:10:52 - DEBUG - New Error 1: line 33, type: unknown_identifier, message: unknown identifier 'justaplaceholder'
2025-04-13 11:10:52 - DEBUG - New Error 2: line 33, type: rewrite_failed, message: tactic 'rewrite' failed, equality or iff proof expected
  ?m.6413
x y : ℝ
h₀ : 0 < x ∧ 0 < y
h₁ : y ≤ x
h₂ : √(x * y) * (x - y) = x + y
hx : 0 < x
hy : 0 < y
s : ℝ := x + y
p : ℝ := x * y
h : x + y < 4
h₃ : p * (x - y) ^ 2 = s ^ 2
⊢ (x + y) ^ 2 - 4 * x * y = s ^ 2 - 4 * p
2025-04-13 11:10:52 - INFO - Testing fragment: simp
2025-04-13 11:10:52 - INFO - Original error line:       _ = s^2 - 4*p := by rw [s, p]
2025-04-13 11:10:54 - INFO - Testing fix: Original errors: 9, Fixed errors: 9
2025-04-13 11:10:54 - INFO - Result: False (introduced 1 new errors)
2025-04-13 11:10:54 - DEBUG - === New errors detail ===
2025-04-13 11:10:54 - DEBUG - New Error 1: line 33, type: other_error, message: unsolved goals
x y : ℝ
h₀ : 0 < x ∧ 0 < y
h₁ : y ≤ x
h₂ : √(x * y) * (x - y) = x + y
hx : 0 < x
hy : 0 < y
s : ℝ := x + y
p : ℝ := x * y
h : x + y < 4
h₃ : p * (x - y) ^ 2 = s ^ 2
⊢ 4 * x * y = 4 * p
2025-04-13 11:10:54 - INFO - Testing fragment: field_simp
2025-04-13 11:10:54 - INFO - Original error line:       _ = s^2 - 4*p := by rw [s, p]
2025-04-13 11:10:56 - INFO - Testing fix: Original errors: 9, Fixed errors: 9
2025-04-13 11:10:56 - INFO - Result: False (introduced 1 new errors)
2025-04-13 11:10:56 - DEBUG - === New errors detail ===
2025-04-13 11:10:56 - DEBUG - New Error 1: line 33, type: other_error, message: unsolved goals
x y : ℝ
h₀ : 0 < x ∧ 0 < y
h₁ : y ≤ x
h₂ : √(x * y) * (x - y) = x + y
hx : 0 < x
hy : 0 < y
s : ℝ := x + y
p : ℝ := x * y
h : x + y < 4
h₃ : p * (x - y) ^ 2 = s ^ 2
⊢ 4 * x * y = 4 * p
2025-04-13 11:10:56 - INFO - Testing fragment: norm_num
2025-04-13 11:10:56 - INFO - Original error line:       _ = s^2 - 4*p := by rw [s, p]
2025-04-13 11:10:58 - INFO - Testing fix: Original errors: 9, Fixed errors: 9
2025-04-13 11:10:58 - INFO - Result: False (introduced 1 new errors)
2025-04-13 11:10:58 - DEBUG - === New errors detail ===
2025-04-13 11:10:58 - DEBUG - New Error 1: line 33, type: other_error, message: unsolved goals
x y : ℝ
h₀ : 0 < x ∧ 0 < y
h₁ : y ≤ x
h₂ : √(x * y) * (x - y) = x + y
hx : 0 < x
hy : 0 < y
s : ℝ := x + y
p : ℝ := x * y
h : x + y < 4
h₃ : p * (x - y) ^ 2 = s ^ 2
⊢ 4 * x * y = 4 * p
2025-04-13 11:10:58 - INFO - Testing fragment: ring
2025-04-13 11:10:58 - INFO - Original error line:       _ = s^2 - 4*p := by rw [s, p]
2025-04-13 11:11:00 - INFO - Testing fix: Original errors: 9, Fixed errors: 8
2025-04-13 11:11:00 - INFO - Result: True (target error fixed and no new errors introduced)
2025-04-13 11:11:00 - DEBUG - === Original errors detail ===
2025-04-13 11:11:00 - DEBUG - Error 1: line 24, type: type_mismatch, message: application type mismatch
  sq_sqrt (mul_pos hx hy)
argument
  mul_pos hx hy
has type
  0 < x * y : Prop
but is expected to have type
  0 ≤ ?m.2750 : Prop
2025-04-13 11:11:00 - DEBUG - Error 2: line 33, type: rewrite_failed, message: tactic 'rewrite' failed, equality or iff proof expected
  ℝ
x y : ℝ
h₀ : 0 < x ∧ 0 < y
h₁ : y ≤ x
h₂ : √(x * y) * (x - y) = x + y
hx : 0 < x
hy : 0 < y
s : ℝ := x + y
p : ℝ := x * y
h : x + y < 4
h₃ : p * (x - y) ^ 2 = s ^ 2
⊢ (x + y) ^ 2 - 4 * x * y = s ^ 2 - 4 * p
2025-04-13 11:11:00 - DEBUG - Error 3: line 36, type: rewrite_failed, message: tactic 'rewrite' failed, did not find instance of the pattern in the target expression
  (x - y) ^ 2
x y : ℝ
h₀ : 0 < x ∧ 0 < y
h₁ : y ≤ x
h₂ : √(x * y) * (x - y) = x + y
hx : 0 < x
hy : 0 < y
s : ℝ := x + y
p : ℝ := x * y
h : x + y < 4
h₃ : p * (x - y) ^ 2 = s ^ 2
h₄ : (x - y) ^ 2 = s ^ 2 - 4 * p
⊢ p * (s ^ 2 - 4 * p) = s ^ 2
2025-04-13 11:11:00 - DEBUG - Error 4: line 41, type: ring_expr_not_equal, message: ring failed, ring expressions not equal
x y : ℝ
h₀ : 0 < x ∧ 0 < y
h₁ : y ≤ x
h₂ : √(x * y) * (x - y) = x + y
hx : 0 < x
hy : 0 < y
s : ℝ := x + y
p : ℝ := x * y
h : x + y < 4
h₃ : p * (x - y) ^ 2 = s ^ 2
h₄ : (x - y) ^ 2 = s ^ 2 - 4 * p
h₅ : p * (s ^ 2 - 4 * p) = s ^ 2
⊢ x * y * 4 - x * y ^ 3 * 2 + x ^ 2 * 2 + (x ^ 2 * y ^ 2 * 4 - x ^ 3 * y * 2) + y ^ 2 * 2 = 0
2025-04-13 11:11:00 - DEBUG - Error 5: line 48, type: unknown_identifier, message: unknown identifier 'discriminant_nonneg'
2025-04-13 11:11:00 - DEBUG - Error 6: line 55, type: type_mismatch, message: type mismatch
  h₇
has type
  (s ^ 2) ^ 2 - 4 * 4 * s ^ 2 ≥ 0 : Prop
but is expected to have type
  s ^ 4 - 16 * s ^ 2 ≥ 0 : Prop
2025-04-13 11:11:00 - DEBUG - Error 7: line 62, type: type_mismatch, message: application type mismatch
  le_of_mul_le_left h₈
argument
  h₈
has type
  s ^ 2 * (s ^ 2 - 16) ≥ 0 : Prop
but is expected to have type
  ?m.16830 * ?m.16831 ≤ ?m.16832 : Prop
2025-04-13 11:11:00 - DEBUG - Error 8: line 67, type: rewrite_failed, message: tactic 'rewrite' failed, did not find instance of the pattern in the target expression
  0 ^ 2 ≤ s
x y : ℝ
h₀ : 0 < x ∧ 0 < y
h₁ : y ≤ x
h₂ : √(x * y) * (x - y) = x + y
hx : 0 < x
hy : 0 < y
s : ℝ := x + y
p : ℝ := x * y
h : x + y < 4
h₃ : p * (x - y) ^ 2 = s ^ 2
h₄ : (x - y) ^ 2 = s ^ 2 - 4 * p
h₅ : p * (s ^ 2 - 4 * p) = s ^ 2
h₆ : 4 * p ^ 2 - s ^ 2 * p + s ^ 2 = 0
h₇ : (s ^ 2) ^ 2 - 4 * 4 * s ^ 2 ≥ 0
h₈ : s ^ 2 * (s ^ 2 - 16) ≥ 0
h₉ : s ^ 2 - 16 ≥ 0
s_pos : s > 0
⊢ s ≥ 4
2025-04-13 11:11:00 - DEBUG - Error 9: line 71, type: type_mismatch, message: application type mismatch
  lt_of_lt_of_le h
argument
  h
has type
  x + y < 4 : Prop
but is expected to have type
  4 < ?m.18133 : Prop
2025-04-13 11:11:00 - DEBUG - === Fixed code comparison ===
2025-04-13 11:11:00 - DEBUG - Line 33 changed:
2025-04-13 11:11:00 - DEBUG -   Original:       _ = s^2 - 4*p := by rw [s, p]
2025-04-13 11:11:00 - DEBUG -   Fixed:          _ = s^2 - 4*p := by ring
2025-04-13 11:11:00 - INFO - Found effective solution: ring
2025-04-13 11:11:00 - INFO - 
==================================================
2025-04-13 11:11:00 - INFO - Fixed code:
2025-04-13 11:11:00 - INFO - /-- Suppose that $x$ and $y$ are positive real numbers with $y\leq x$, and that $\sqrt{xy}(x-y)=(x+y)$.
Prove that $x+y\geq 4$.-/
theorem algebra_amgm_sqrtxymulxmyeqxpy_xpygeq4 (x y : ℝ) (h₀ : 0 < x ∧ 0 < y) (h₁ : y ≤ x)
  (h₂ : Real.sqrt (x * y) * (x - y) = x + y) : x + y ≥ 4 := by
  -- First, extract the positivity conditions from h₀
  have hx : 0 < x := h₀.left
  have hy : 0 < y := h₀.right
  
  -- Introduce the variable s = x + y and p = x * y
  let s := x + y
  let p := x * y
  
  -- Our goal is to show s ≥ 4. We'll proceed by contradiction, assuming s < 4
  by_contra h
  push_neg at h
  -- Now we have h : s < 4
  
  -- From the given equation h₂: √(xy)(x-y) = x+y
  -- We can rewrite this in terms of s and p:
  -- √p * (x - y) = s
  -- Square both sides to eliminate the square root
  have h₃ : p * (x - y)^2 = s^2 := by
    calc
      p * (x - y)^2 = (Real.sqrt p)^2 * (x - y)^2 := by rw [Real.sq_sqrt (mul_pos hx hy)]
      _ = (Real.sqrt p * (x - y))^2 := by ring
      _ = s^2 := by rw [h₂]
  
  -- Express (x - y)^2 in terms of s and p: (x - y)^2 = s^2 - 4p
  have h₄ : (x - y)^2 = s^2 - 4*p := by
    calc
      (x - y)^2 = x^2 - 2*x*y + y^2 := by ring
      _ = (x + y)^2 - 4*x*y := by ring
      ring
  
  -- Substitute h₄ into h₃
  have h₅ : p * (s^2 - 4*p) = s^2 := by rw [h₄, h₃]
  
  -- Rearrange h₅ to form a quadratic equation in p:
  -- p*s² - 4p² = s² → 4p² - s²p + s² = 0
  have h₆ : 4*p^2 - s^2*p + s^2 = 0 := by
    linear_combination h₅
  
  -- Consider this as a quadratic in p: 4p² - s²p + s² = 0
  -- The discriminant is D = s⁴ - 16s²
  have h₇ : (s^2)^2 - 4*4*s^2 ≥ 0 := by
    -- For real roots to exist, discriminant must be non-negative
    rw [← h₆]
    exact discriminant_nonneg (a := 4) (b := -s^2) (c := s^2)
  
  -- Simplify the discriminant inequality: s⁴ - 16s² ≥ 0 → s²(s² - 16) ≥ 0
  -- Since s > 0 (as x, y > 0), we can divide by s²: s² - 16 ≥ 0 → s ≥ 4
  have h₈ : s^2 * (s^2 - 16) ≥ 0 := by
    calc
      s^2 * (s^2 - 16) = s^4 - 16*s^2 := by ring
      _ ≥ 0 := h₇
  
  -- Since s > 0 and s² > 0, we have s² - 16 ≥ 0
  have h₉ : s^2 - 16 ≥ 0 := by
    -- Because s > 0 (x, y > 0 ⇒ x + y > 0), s² > 0, so we can divide h₈ by s²
    have s_pos : s > 0 := add_pos hx hy
    have s_sq_pos : s^2 > 0 := pow_pos s_pos 2
    exact (le_of_mul_le_left h₈ s_sq_pos)
  
  -- From h₉ we get s² ≥ 16 → s ≥ 4 (since s > 0)
  have h₁₀ : s ≥ 4 := by
    have s_pos : s > 0 := add_pos hx hy
    rwa [← le_sqrt (le_refl 0) (le_of_lt s_pos), sqrt_sq (le_of_lt s_pos), sqrt_sixteen] at h₉
    norm_num
  
  -- This contradicts our assumption that s < 4
  exact lt_irrefl 4 (lt_of_lt_of_le h h₁₀)
2025-04-13 11:11:00 - INFO - ==================================================
2025-04-13 11:11:02 - INFO - Original code error count: 9
2025-04-13 11:11:02 - INFO - Fixed code error count: 2
2025-04-13 11:11:02 - INFO - Result: False (introduced 2 new errors)
2025-04-13 11:11:02 - DEBUG - === New errors detail ===
2025-04-13 11:11:02 - DEBUG - New Error 1: line 33, type: syntax_error, message: unexpected token 'have'; expected ':='
2025-04-13 11:11:02 - DEBUG - New Error 2: line 4, type: other_error, message: unsolved goals
x y : ℝ
h₀ : 0 < x ∧ 0 < y
h₁ : y ≤ x
h₂ : √(x * y) * (x - y) = x + y
hx : 0 < x
hy : 0 < y
s : ℝ := x + y
p : ℝ := x * y
h : x + y < 4
h₃ : p * (x - y) ^ 2 = s ^ 2
h₄ : (x - y) ^ 2 = s ^ 2 - 4 * p
⊢ False
2025-04-13 11:11:02 - INFO - 
==================================================
2025-04-13 11:11:02 - INFO - Synthesis successful
2025-04-13 11:11:02 - INFO - ==================================================
2025-04-13 11:11:02 - INFO - Fix time: 16.03 seconds
2025-04-13 11:11:02 - INFO - ✅ Fixed error at line 33
2025-04-13 11:11:02 - INFO - 
Trying to fix error 3/9: line 36, type: rewrite_failed
2025-04-13 11:11:02 - INFO - Error message: tactic 'rewrite' failed, did not find instance of the pattern in the target expression
  (x - y) ^ 2...
2025-04-13 11:11:02 - INFO - Removed header content, remaining 71 lines of code
2025-04-13 11:11:02 - INFO - Using specified target error line: 36
2025-04-13 11:11:03 - INFO - Warning: No errors found at specified line 36
2025-04-13 11:11:04 - INFO - Could not locate any errors
2025-04-13 11:11:04 - INFO - Could not prepare code, skipping synthesis
2025-04-13 11:11:04 - INFO - ❌ Could not generate fix for error at line 36
2025-04-13 11:11:04 - INFO - 
Trying to fix error 4/9: line 41, type: ring_expr_not_equal
2025-04-13 11:11:04 - INFO - Error message: ring failed, ring expressions not equal
x y : ℝ
h₀ : 0 < x ∧ 0 < y
h₁ : y ≤ x
h₂ : √(x * y) * (x - y...
2025-04-13 11:11:04 - INFO - Removed header content, remaining 71 lines of code
2025-04-13 11:11:04 - INFO - Using specified target error line: 41
2025-04-13 11:11:05 - INFO - Warning: No errors found at specified line 41
2025-04-13 11:11:06 - INFO - Could not locate any errors
2025-04-13 11:11:06 - INFO - Could not prepare code, skipping synthesis
2025-04-13 11:11:06 - INFO - ❌ Could not generate fix for error at line 41
2025-04-13 11:11:06 - INFO - 
Trying to fix error 5/9: line 48, type: unknown_identifier
2025-04-13 11:11:06 - INFO - Error message: unknown identifier 'discriminant_nonneg'...
2025-04-13 11:11:06 - INFO - Removed header content, remaining 71 lines of code
2025-04-13 11:11:06 - INFO - Using specified target error line: 48
2025-04-13 11:11:07 - INFO - Warning: No errors found at specified line 48
2025-04-13 11:11:08 - INFO - Could not locate any errors
2025-04-13 11:11:08 - INFO - Could not prepare code, skipping synthesis
2025-04-13 11:11:08 - INFO - ❌ Could not generate fix for error at line 48
2025-04-13 11:11:08 - INFO - 
Trying to fix error 6/9: line 55, type: type_mismatch
2025-04-13 11:11:08 - INFO - Error message: type mismatch
  h₇
has type
  (s ^ 2) ^ 2 - 4 * 4 * s ^ 2 ≥ 0 : Prop
but is expected to have type
  ...
2025-04-13 11:11:08 - INFO - Removed header content, remaining 71 lines of code
2025-04-13 11:11:08 - INFO - Using specified target error line: 55
2025-04-13 11:11:09 - INFO - Warning: No errors found at specified line 55
2025-04-13 11:11:10 - INFO - Could not locate any errors
2025-04-13 11:11:10 - INFO - Could not prepare code, skipping synthesis
2025-04-13 11:11:10 - INFO - ❌ Could not generate fix for error at line 55
2025-04-13 11:11:10 - INFO - 
Trying to fix error 7/9: line 62, type: type_mismatch
2025-04-13 11:11:10 - INFO - Error message: application type mismatch
  le_of_mul_le_left h₈
argument
  h₈
has type
  s ^ 2 * (s ^ 2 - 16) ≥ 0 :...
2025-04-13 11:11:10 - INFO - Removed header content, remaining 71 lines of code
2025-04-13 11:11:10 - INFO - Using specified target error line: 62
2025-04-13 11:11:11 - INFO - Warning: No errors found at specified line 62
2025-04-13 11:11:12 - INFO - Could not locate any errors
2025-04-13 11:11:12 - INFO - Could not prepare code, skipping synthesis
2025-04-13 11:11:12 - INFO - ❌ Could not generate fix for error at line 62
2025-04-13 11:11:12 - INFO - 
Trying to fix error 8/9: line 67, type: rewrite_failed
2025-04-13 11:11:12 - INFO - Error message: tactic 'rewrite' failed, did not find instance of the pattern in the target expression
  0 ^ 2 ≤ s
x...
2025-04-13 11:11:12 - INFO - Removed header content, remaining 71 lines of code
2025-04-13 11:11:12 - INFO - Using specified target error line: 67
2025-04-13 11:11:13 - INFO - Warning: No errors found at specified line 67
2025-04-13 11:11:14 - INFO - Could not locate any errors
2025-04-13 11:11:14 - INFO - Could not prepare code, skipping synthesis
2025-04-13 11:11:14 - INFO - ❌ Could not generate fix for error at line 67
2025-04-13 11:11:14 - INFO - 
Trying to fix error 9/9: line 71, type: type_mismatch
2025-04-13 11:11:14 - INFO - Error message: application type mismatch
  lt_of_lt_of_le h
argument
  h
has type
  x + y < 4 : Prop
but is expecte...
2025-04-13 11:11:14 - INFO - Removed header content, remaining 71 lines of code
2025-04-13 11:11:14 - INFO - Using specified target error line: 71
2025-04-13 11:11:15 - INFO - Warning: No errors found at specified line 71
2025-04-13 11:11:16 - INFO - Could not locate any errors
2025-04-13 11:11:16 - INFO - Could not prepare code, skipping synthesis
2025-04-13 11:11:16 - INFO - ❌ Could not generate fix for error at line 71
2025-04-13 11:11:17 - INFO - 
===== Fix attempt completed =====
2025-04-13 11:11:17 - INFO - Original errors: 9
2025-04-13 11:11:17 - INFO - Fixed errors: 1
2025-04-13 11:11:17 - INFO - Failed errors: 8
2025-04-13 11:11:17 - INFO - Remaining errors: 2
2025-04-13 11:11:17 - INFO - Total time: 54.10 seconds
2025-04-13 11:11:17 - INFO - 
Final fixed code:
2025-04-13 11:11:17 - INFO - ----------------------------------------
2025-04-13 11:11:17 - INFO - /-- Suppose that $x$ and $y$ are positive real numbers with $y\leq x$, and that $\sqrt{xy}(x-y)=(x+y)$.
Prove that $x+y\geq 4$.-/
theorem algebra_amgm_sqrtxymulxmyeqxpy_xpygeq4 (x y : ℝ) (h₀ : 0 < x ∧ 0 < y) (h₁ : y ≤ x)
  (h₂ : Real.sqrt (x * y) * (x - y) = x + y) : x + y ≥ 4 := by
  -- First, extract the positivity conditions from h₀
  have hx : 0 < x := h₀.left
  have hy : 0 < y := h₀.right
  
  -- Introduce the variable s = x + y and p = x * y
  let s := x + y
  let p := x * y
  
  -- Our goal is to show s ≥ 4. We'll proceed by contradiction, assuming s < 4
  by_contra h
  push_neg at h
  -- Now we have h : s < 4
  
  -- From the given equation h₂: √(xy)(x-y) = x+y
  -- We can rewrite this in terms of s and p:
  -- √p * (x - y) = s
  -- Square both sides to eliminate the square root
  have h₃ : p * (x - y)^2 = s^2 := by
    calc
      p * (x - y)^2 = (Real.sqrt p)^2 * (x - y)^2 := by rw [Real.sq_sqrt (mul_pos hx hy)]
      _ = (Real.sqrt p * (x - y))^2 := by ring
      _ = s^2 := by rw [h₂]
  
  -- Express (x - y)^2 in terms of s and p: (x - y)^2 = s^2 - 4p
  have h₄ : (x - y)^2 = s^2 - 4*p := by
    calc
      (x - y)^2 = x^2 - 2*x*y + y^2 := by ring
      _ = (x + y)^2 - 4*x*y := by ring
      ring
  
  -- Substitute h₄ into h₃
  have h₅ : p * (s^2 - 4*p) = s^2 := by rw [h₄, h₃]
  
  -- Rearrange h₅ to form a quadratic equation in p:
  -- p*s² - 4p² = s² → 4p² - s²p + s² = 0
  have h₆ : 4*p^2 - s^2*p + s^2 = 0 := by
    linear_combination h₅
  
  -- Consider this as a quadratic in p: 4p² - s²p + s² = 0
  -- The discriminant is D = s⁴ - 16s²
  have h₇ : (s^2)^2 - 4*4*s^2 ≥ 0 := by
    -- For real roots to exist, discriminant must be non-negative
    rw [← h₆]
    exact discriminant_nonneg (a := 4) (b := -s^2) (c := s^2)
  
  -- Simplify the discriminant inequality: s⁴ - 16s² ≥ 0 → s²(s² - 16) ≥ 0
  -- Since s > 0 (as x, y > 0), we can divide by s²: s² - 16 ≥ 0 → s ≥ 4
  have h₈ : s^2 * (s^2 - 16) ≥ 0 := by
    calc
      s^2 * (s^2 - 16) = s^4 - 16*s^2 := by ring
      _ ≥ 0 := h₇
  
  -- Since s > 0 and s² > 0, we have s² - 16 ≥ 0
  have h₉ : s^2 - 16 ≥ 0 := by
    -- Because s > 0 (x, y > 0 ⇒ x + y > 0), s² > 0, so we can divide h₈ by s²
    have s_pos : s > 0 := add_pos hx hy
    have s_sq_pos : s^2 > 0 := pow_pos s_pos 2
    exact (le_of_mul_le_left h₈ s_sq_pos)
  
  -- From h₉ we get s² ≥ 16 → s ≥ 4 (since s > 0)
  have h₁₀ : s ≥ 4 := by
    have s_pos : s > 0 := add_pos hx hy
    rwa [← le_sqrt (le_refl 0) (le_of_lt s_pos), sqrt_sq (le_of_lt s_pos), sqrt_sixteen] at h₉
    norm_num
  
  -- This contradicts our assumption that s < 4
  exact lt_irrefl 4 (lt_of_lt_of_le h h₁₀)
2025-04-13 11:11:17 - INFO - ----------------------------------------
2025-04-13 11:11:17 - INFO - 
Detailed error repair report:
2025-04-13 11:11:17 - INFO - Original code error count: 9
❌ Fixed error 1/9: Could not generate fix for error at line 24 «type_mismatch» (after 22.04s)
✅ Fixed error 2/9: Successfully fixed error at line 33 «rewrite_failed» (in 16.03s)
❌ Fixed error 3/9: Could not generate fix for error at line 36 «rewrite_failed» (after 2.00s)
❌ Fixed error 4/9: Could not generate fix for error at line 41 «ring_expr_not_equal» (after 2.00s)
❌ Fixed error 5/9: Could not generate fix for error at line 48 «unknown_identifier» (after 2.00s)
❌ Fixed error 6/9: Could not generate fix for error at line 55 «type_mismatch» (after 2.00s)
❌ Fixed error 7/9: Could not generate fix for error at line 62 «type_mismatch» (after 2.00s)
❌ Fixed error 8/9: Could not generate fix for error at line 67 «rewrite_failed» (after 2.00s)
❌ Fixed error 9/9: Could not generate fix for error at line 71 «type_mismatch» (after 2.00s)

=== Fix statistics ===
Original error count: 9
Fixed errors: 1 (Fix rate: 0.1111)
Failed errors: 8
Remaining errors: 2
Total time: 54.10 seconds

=== Successful fix details ===

Fix 1:
   Line: 33
   Error type: rewrite_failed
   Original error message: tactic 'rewrite' failed, equality or iff proof expected
  ℝ
x y : ℝ
h₀ : 0 < x ∧ 0 < y
h₁ : y ≤ x
h₂...
   Fix snippet: ring
   Fixed line:       ring
   Time: 16.03 seconds

=== Failed fix details ===

Failed fix 1:
   Line: 24
   Error type: type_mismatch
   Original error message: application type mismatch
  sq_sqrt (mul_pos hx hy)
argument
  mul_pos hx hy
has type
  0 < x * y : ...
   Failure reason: Could not generate fix
   Time: 22.04 seconds

Failed fix 2:
   Line: 36
   Error type: rewrite_failed
   Original error message: tactic 'rewrite' failed, did not find instance of the pattern in the target expression
  (x - y) ^ 2...
   Failure reason: Could not generate fix
   Time: 2.00 seconds

Failed fix 3:
   Line: 41
   Error type: ring_expr_not_equal
   Original error message: ring failed, ring expressions not equal
x y : ℝ
h₀ : 0 < x ∧ 0 < y
h₁ : y ≤ x
h₂ : √(x * y) * (x - y...
   Failure reason: Could not generate fix
   Time: 2.00 seconds

Failed fix 4:
   Line: 48
   Error type: unknown_identifier
   Original error message: unknown identifier 'discriminant_nonneg'...
   Failure reason: Could not generate fix
   Time: 2.00 seconds

Failed fix 5:
   Line: 55
   Error type: type_mismatch
   Original error message: type mismatch
  h₇
has type
  (s ^ 2) ^ 2 - 4 * 4 * s ^ 2 ≥ 0 : Prop
but is expected to have type
  ...
   Failure reason: Could not generate fix
   Time: 2.00 seconds

Failed fix 6:
   Line: 62
   Error type: type_mismatch
   Original error message: application type mismatch
  le_of_mul_le_left h₈
argument
  h₈
has type
  s ^ 2 * (s ^ 2 - 16) ≥ 0 :...
   Failure reason: Could not generate fix
   Time: 2.00 seconds

Failed fix 7:
   Line: 67
   Error type: rewrite_failed
   Original error message: tactic 'rewrite' failed, did not find instance of the pattern in the target expression
  0 ^ 2 ≤ s
x...
   Failure reason: Could not generate fix
   Time: 2.00 seconds

Failed fix 8:
   Line: 71
   Error type: type_mismatch
   Original error message: application type mismatch
  lt_of_lt_of_le h
argument
  h
has type
  x + y < 4 : Prop
but is expecte...
   Failure reason: Could not generate fix
   Time: 2.00 seconds
2025-04-13 11:11:17 - INFO - 
Fixed code saved to: ./minif2f/lean_fixed/75_fixed.lean
2025-04-13 11:11:17 - INFO - JSON log saved to: ./minif2f/lean_fixed/75_fix_log.json
2025-04-13 11:11:17 - INFO - 
===== LOG FILE LOCATION =====
2025-04-13 11:11:17 - INFO - Detailed log file is available at: ./minif2f/lean_fixed/75.log
2025-04-13 11:11:17 - INFO - ===============================
