2025-04-13 11:09:33 - INFO - Log file initialized at 2025-04-13T11:09:33.541658
2025-04-13 11:09:33 - INFO - ===== LOG FILE LOCATION =====
2025-04-13 11:09:33 - INFO - Detailed log file created at: /data/coding/minif2f/lean_fixed/77.log
2025-04-13 11:09:33 - INFO - ===============================
2025-04-13 11:09:33 - INFO - Original code:
2025-04-13 11:09:33 - INFO - ----------------------------------------
2025-04-13 11:09:33 - INFO - import Mathlib
import Aesop

set_option maxHeartbeats 0

open BigOperators Real Nat Topology Rat

/-- If $Q = 11-5i$, $E = 11+5i$, and $D = 2i$, find $Q\cdot E \cdot D$. Show that it is 292i.-/
theorem mathd_algebra_192 (q e d : ℂ) (h₀ : q = 11 - 5 * Complex.I) (h₁ : e = 11 + 5 * Complex.I)
    (h₂ : d = 2 * Complex.I) : q * e * d = 292 * Complex.I := by
  -- First, substitute the given values of q, e, and d into the expression q * e * d
  rw [h₀, h₁, h₂]
  -- Now we need to compute (11 - 5i) * (11 + 5i) * (2i)
  
  -- Step 1: Multiply the first two complex numbers (11 - 5i) and (11 + 5i)
  -- This is a difference of squares: (a - b)(a + b) = a² - b²
  -- Here a = 11, b = 5i, so we get 11² - (5i)²
  have step1 : (11 - 5 * Complex.I) * (11 + 5 * Complex.I) = 11^2 - (5 * Complex.I)^2 := by
    exact mul_self_sub_mul_self (11) (5 * Complex.I)
  
  -- Simplify 11² - (5i)²
  -- 11² = 121, (5i)² = 25i² = 25*(-1) = -25 (since i² = -1)
  -- So 11² - (5i)² = 121 - (-25) = 146
  have step2 : 11^2 - (5 * Complex.I)^2 = 146 := by
    simp only [pow_two]
    rw [mul_mul_mul_comm, Complex.I_mul_I]
    simp
    norm_num
  
  -- Combine step1 and step2 to show the product of first two terms is 146
  have step3 : (11 - 5 * Complex.I) * (11 + 5 * Complex.I) = 146 := by
    rw [step1, step2]
  
  -- Now multiply this result by the third term 2i
  -- We have 146 * 2i = 292i
  have step4 : 146 * (2 * Complex.I) = 292 * Complex.I := by
    norm_num
    rw [mul_assoc]
  
  -- Combine all steps to complete the proof
  rw [step3]
  exact step4
2025-04-13 11:09:33 - INFO - ----------------------------------------
2025-04-13 11:09:33 - INFO - 
Checking original code for all errors...
2025-04-13 11:10:23 - INFO - Original code contains 2 errors:
2025-04-13 11:10:23 - INFO - Error 1: line 12, type: type_mismatch, message: type mismatch
  mul_self_sub_mul_self 11 (5 * Complex.I)
has type
  11 * 11 - 5 * Complex.I * (5 * C...
2025-04-13 11:10:23 - INFO - Error 2: line 31, type: rewrite_failed, message: tactic 'rewrite' failed, did not find instance of the pattern in the target expression
  ?a * ?b * ?...
2025-04-13 11:10:23 - INFO - 
Starting multi-error continuous repair process...
2025-04-13 11:10:23 - INFO - 
===== Starting to fix all errors =====
2025-04-13 11:10:24 - INFO - 
Found 2 original errors:
2025-04-13 11:10:24 - INFO - Error 1: line 12, type: type_mismatch, message: type mismatch
  mul_self_sub_mul_self 11 (5 * Complex.I)
has type
  11 * 11 - 5 * Complex.I * (5 * C...
2025-04-13 11:10:24 - INFO - Error 2: line 31, type: rewrite_failed, message: tactic 'rewrite' failed, did not find instance of the pattern in the target expression
  ?a * ?b * ?...
2025-04-13 11:10:24 - INFO - 
Trying to fix error 1/2: line 12, type: type_mismatch
2025-04-13 11:10:24 - INFO - Error message: type mismatch
  mul_self_sub_mul_self 11 (5 * Complex.I)
has type
  11 * 11 - 5 * Complex.I * (5 * C...
2025-04-13 11:10:24 - INFO - Removed header content, remaining 35 lines of code
2025-04-13 11:10:24 - INFO - Using specified target error line: 12
2025-04-13 11:10:25 - INFO - Found error at specified line: type mismatch
  mul_self_sub_mul_self 11 (5 * Complex.I)
has type
  11 * 11 - 5 * Complex.I * (5 * Complex.I) = (11 + 5 * Complex.I) * (11 - 5 * Complex.I) : Prop
but is expected to have type
  (11 - 5 * Complex.I) * (11 + 5 * Complex.I) = 11 ^ 2 - (5 * Complex.I) ^ 2 : Prop
2025-04-13 11:10:25 - INFO - Error at line 12: type mismatch
  mul_self_sub_mul_self 11 (5 * Complex.I)
has type
  11 * 11 - 5 * Complex.I * (5 * Complex.I) = (11 + 5 * Complex.I) * (11 - 5 * Complex.I) : Prop
but is expected to have type
  (11 - 5 * Complex.I) * (11 + 5 * Complex.I) = 11 ^ 2 - (5 * Complex.I) ^ 2 : Prop
2025-04-13 11:10:25 - INFO - 
==================================================
2025-04-13 11:10:25 - INFO - Code prepared, starting synthesis
2025-04-13 11:10:25 - INFO - Before part: /-- If $Q = 11-5i$, $E = 11+5i$, and $D = 2i$, find $Q\cdot E \cdot D$. Show that it is 292i.-/
theorem mathd_algebra_192 (q e d : ℂ) (h₀ : q = 11 - 5 * Complex.I) (h₁ : e = 11 + 5 * Complex.I)
    (h₂ : d = 2 * Complex.I) : q * e * d = 292 * Complex.I := by
  -- First, substitute the given values of q, e, and d into the expression q * e * d
  rw [h₀, h₁, h₂]
  -- Now we need to compute (11 - 5i) * (11 + 5i) * (2i)
  
  -- Step 1: Multiply the first two complex numbers (11 - 5i) and (11 + 5i)
  -- This is a difference of squares: (a - b)(a + b) = a² - b²
  -- Here a = 11, b = 5i, so we get 11² - (5i)²
  have step1 : (11 - 5 * Complex.I) * (11 + 5 * Complex.I) = 11^2 - (5 * Complex.I)^2 := by
2025-04-13 11:10:25 - INFO - Error line:     exact mul_self_sub_mul_self (11) (5 * Complex.I)
2025-04-13 11:10:25 - INFO - After part: -- Simplify 11² - (5i)²
  -- 11² = 121, (5i)² = 25i² = 25*(-1) = -25 (since i² = -1)
  -- So 11² - (5i)² = 121 - (-25) = 146
  have step2 : 11^2 - (5 * Complex.I)^2 = 146 := by
    simp only [pow_two]
    rw [mul_mul_mul_comm, Complex.I_mul_I]
    simp
    norm_num
  
  -- Combine step1 and step2 to show the product of first two terms is 146
  have step3 : (11 - 5 * Complex.I) * (11 + 5 * Complex.I) = 146 := by
    rw [step1, step2]
  
  -- Now multiply this result by the third term 2i
  -- We have 146 * 2i = 292i
  have step4 : 146 * (2 * Complex.I) = 292 * Complex.I := by
    norm_num
    rw [mul_assoc]
  
  -- Combine all steps to complete the proof
  rw [step3]
  exact step4
2025-04-13 11:10:25 - INFO - ==================================================

2025-04-13 11:10:26 - INFO - Testing fragment: rw [justaplaceholder]
2025-04-13 11:10:26 - INFO - Original error line:     exact mul_self_sub_mul_self (11) (5 * Complex.I)
2025-04-13 11:10:28 - INFO - Testing fix: Original errors: 2, Fixed errors: 3
2025-04-13 11:10:28 - INFO - Result: False (introduced 2 new errors)
2025-04-13 11:10:28 - DEBUG - === New errors detail ===
2025-04-13 11:10:28 - DEBUG - New Error 1: line 12, type: unknown_identifier, message: unknown identifier 'justaplaceholder'
2025-04-13 11:10:28 - DEBUG - New Error 2: line 12, type: rewrite_failed, message: tactic 'rewrite' failed, equality or iff proof expected
  ?m.1369
q e d : ℂ
h₀ : q = 11 - 5 * Complex.I
h₁ : e = 11 + 5 * Complex.I
h₂ : d = 2 * Complex.I
⊢ (11 - 5 * Complex.I) * (11 + 5 * Complex.I) = 11 ^ 2 - (5 * Complex.I) ^ 2
2025-04-13 11:10:28 - INFO - Testing fragment: rw [<- justaplaceholder]
2025-04-13 11:10:28 - INFO - Original error line:     exact mul_self_sub_mul_self (11) (5 * Complex.I)
2025-04-13 11:10:30 - INFO - Testing fix: Original errors: 2, Fixed errors: 3
2025-04-13 11:10:30 - INFO - Result: False (introduced 2 new errors)
2025-04-13 11:10:30 - DEBUG - === New errors detail ===
2025-04-13 11:10:30 - DEBUG - New Error 1: line 12, type: unknown_identifier, message: unknown identifier 'justaplaceholder'
2025-04-13 11:10:30 - DEBUG - New Error 2: line 12, type: rewrite_failed, message: tactic 'rewrite' failed, equality or iff proof expected
  ?m.1369
q e d : ℂ
h₀ : q = 11 - 5 * Complex.I
h₁ : e = 11 + 5 * Complex.I
h₂ : d = 2 * Complex.I
⊢ (11 - 5 * Complex.I) * (11 + 5 * Complex.I) = 11 ^ 2 - (5 * Complex.I) ^ 2
2025-04-13 11:10:30 - INFO - Testing fragment: simp
2025-04-13 11:10:30 - INFO - Original error line:     exact mul_self_sub_mul_self (11) (5 * Complex.I)
2025-04-13 11:10:32 - INFO - Testing fix: Original errors: 2, Fixed errors: 2
2025-04-13 11:10:32 - INFO - Result: False (introduced 1 new errors)
2025-04-13 11:10:32 - DEBUG - === New errors detail ===
2025-04-13 11:10:32 - DEBUG - New Error 1: line 12, type: simp_failed, message: simp made no progress
2025-04-13 11:10:32 - INFO - Testing fragment: field_simp
2025-04-13 11:10:32 - INFO - Original error line:     exact mul_self_sub_mul_self (11) (5 * Complex.I)
2025-04-13 11:10:34 - INFO - Testing fix: Original errors: 2, Fixed errors: 2
2025-04-13 11:10:34 - INFO - Result: False (introduced 1 new errors)
2025-04-13 11:10:34 - DEBUG - === New errors detail ===
2025-04-13 11:10:34 - DEBUG - New Error 1: line 12, type: simp_failed, message: simp made no progress
2025-04-13 11:10:34 - INFO - Testing fragment: norm_num
2025-04-13 11:10:34 - INFO - Original error line:     exact mul_self_sub_mul_self (11) (5 * Complex.I)
2025-04-13 11:10:36 - INFO - Testing fix: Original errors: 2, Fixed errors: 2
2025-04-13 11:10:36 - INFO - Result: False (introduced 1 new errors)
2025-04-13 11:10:36 - DEBUG - === New errors detail ===
2025-04-13 11:10:36 - DEBUG - New Error 1: line 11, type: other_error, message: unsolved goals
q e d : ℂ
h₀ : q = 11 - 5 * Complex.I
h₁ : e = 11 + 5 * Complex.I
h₂ : d = 2 * Complex.I
⊢ (11 - 5 * Complex.I) * (11 + 5 * Complex.I) = 121 - (5 * Complex.I) ^ 2
2025-04-13 11:10:36 - INFO - Testing fragment: ring
2025-04-13 11:10:36 - INFO - Original error line:     exact mul_self_sub_mul_self (11) (5 * Complex.I)
2025-04-13 11:10:38 - INFO - Testing fix: Original errors: 2, Fixed errors: 1
2025-04-13 11:10:38 - INFO - Result: True (target error fixed and no new errors introduced)
2025-04-13 11:10:38 - DEBUG - === Original errors detail ===
2025-04-13 11:10:38 - DEBUG - Error 1: line 12, type: type_mismatch, message: type mismatch
  mul_self_sub_mul_self 11 (5 * Complex.I)
has type
  11 * 11 - 5 * Complex.I * (5 * Complex.I) = (11 + 5 * Complex.I) * (11 - 5 * Complex.I) : Prop
but is expected to have type
  (11 - 5 * Complex.I) * (11 + 5 * Complex.I) = 11 ^ 2 - (5 * Complex.I) ^ 2 : Prop
2025-04-13 11:10:38 - DEBUG - Error 2: line 31, type: rewrite_failed, message: tactic 'rewrite' failed, did not find instance of the pattern in the target expression
  ?a * ?b * ?c
q e d : ℂ
h₀ : q = 11 - 5 * Complex.I
h₁ : e = 11 + 5 * Complex.I
h₂ : d = 2 * Complex.I
step1 : (11 - 5 * Complex.I) * (11 + 5 * Complex.I) = 11 ^ 2 - (5 * Complex.I) ^ 2
step2 : 11 ^ 2 - (5 * Complex.I) ^ 2 = 146
step3 : (11 - 5 * Complex.I) * (11 + 5 * Complex.I) = 146
⊢ 146 * (2 * Complex.I) = 292 * Complex.I
2025-04-13 11:10:38 - DEBUG - === Fixed code comparison ===
2025-04-13 11:10:38 - DEBUG - Line 12 changed:
2025-04-13 11:10:38 - DEBUG -   Original:     exact mul_self_sub_mul_self (11) (5 * Complex.I)
2025-04-13 11:10:38 - DEBUG -   Fixed:        ring
2025-04-13 11:10:38 - INFO - Found effective solution: ring
2025-04-13 11:10:38 - INFO - 
==================================================
2025-04-13 11:10:38 - INFO - Fixed code:
2025-04-13 11:10:38 - INFO - /-- If $Q = 11-5i$, $E = 11+5i$, and $D = 2i$, find $Q\cdot E \cdot D$. Show that it is 292i.-/
theorem mathd_algebra_192 (q e d : ℂ) (h₀ : q = 11 - 5 * Complex.I) (h₁ : e = 11 + 5 * Complex.I)
    (h₂ : d = 2 * Complex.I) : q * e * d = 292 * Complex.I := by
  -- First, substitute the given values of q, e, and d into the expression q * e * d
  rw [h₀, h₁, h₂]
  -- Now we need to compute (11 - 5i) * (11 + 5i) * (2i)
  
  -- Step 1: Multiply the first two complex numbers (11 - 5i) and (11 + 5i)
  -- This is a difference of squares: (a - b)(a + b) = a² - b²
  -- Here a = 11, b = 5i, so we get 11² - (5i)²
  have step1 : (11 - 5 * Complex.I) * (11 + 5 * Complex.I) = 11^2 - (5 * Complex.I)^2 := by
    ring
  
  -- Simplify 11² - (5i)²
  -- 11² = 121, (5i)² = 25i² = 25*(-1) = -25 (since i² = -1)
  -- So 11² - (5i)² = 121 - (-25) = 146
  have step2 : 11^2 - (5 * Complex.I)^2 = 146 := by
    simp only [pow_two]
    rw [mul_mul_mul_comm, Complex.I_mul_I]
    simp
    norm_num
  
  -- Combine step1 and step2 to show the product of first two terms is 146
  have step3 : (11 - 5 * Complex.I) * (11 + 5 * Complex.I) = 146 := by
    rw [step1, step2]
  
  -- Now multiply this result by the third term 2i
  -- We have 146 * 2i = 292i
  have step4 : 146 * (2 * Complex.I) = 292 * Complex.I := by
    norm_num
    rw [mul_assoc]
  
  -- Combine all steps to complete the proof
  rw [step3]
  exact step4
2025-04-13 11:10:38 - INFO - ==================================================
2025-04-13 11:10:40 - INFO - Original code error count: 2
2025-04-13 11:10:40 - INFO - Fixed code error count: 1
2025-04-13 11:10:40 - INFO - Result: True (target error fixed and no new errors introduced)
2025-04-13 11:10:40 - DEBUG - === Original errors detail ===
2025-04-13 11:10:40 - DEBUG - Error 1: line 12, type: type_mismatch, message: type mismatch
  mul_self_sub_mul_self 11 (5 * Complex.I)
has type
  11 * 11 - 5 * Complex.I * (5 * Complex.I) = (11 + 5 * Complex.I) * (11 - 5 * Complex.I) : Prop
but is expected to have type
  (11 - 5 * Complex.I) * (11 + 5 * Complex.I) = 11 ^ 2 - (5 * Complex.I) ^ 2 : Prop
2025-04-13 11:10:40 - DEBUG - Error 2: line 31, type: rewrite_failed, message: tactic 'rewrite' failed, did not find instance of the pattern in the target expression
  ?a * ?b * ?c
q e d : ℂ
h₀ : q = 11 - 5 * Complex.I
h₁ : e = 11 + 5 * Complex.I
h₂ : d = 2 * Complex.I
step1 : (11 - 5 * Complex.I) * (11 + 5 * Complex.I) = 11 ^ 2 - (5 * Complex.I) ^ 2
step2 : 11 ^ 2 - (5 * Complex.I) ^ 2 = 146
step3 : (11 - 5 * Complex.I) * (11 + 5 * Complex.I) = 146
⊢ 146 * (2 * Complex.I) = 292 * Complex.I
2025-04-13 11:10:40 - DEBUG - === Fixed code comparison ===
2025-04-13 11:10:40 - DEBUG - Line 12 changed:
2025-04-13 11:10:40 - DEBUG -   Original:     exact mul_self_sub_mul_self (11) (5 * Complex.I)
2025-04-13 11:10:40 - DEBUG -   Fixed:        ring
2025-04-13 11:10:40 - INFO - 
==================================================
2025-04-13 11:10:40 - INFO - Synthesis successful
2025-04-13 11:10:40 - INFO - ==================================================
2025-04-13 11:10:40 - INFO - Fix time: 16.03 seconds
2025-04-13 11:10:40 - INFO - ✅ Fixed error at line 12
2025-04-13 11:10:40 - INFO - 
Trying to fix error 2/2: line 31, type: rewrite_failed
2025-04-13 11:10:40 - INFO - Error message: tactic 'rewrite' failed, did not find instance of the pattern in the target expression
  ?a * ?b * ?...
2025-04-13 11:10:40 - INFO - Removed header content, remaining 35 lines of code
2025-04-13 11:10:40 - INFO - Using specified target error line: 31
2025-04-13 11:10:41 - INFO - Found error at specified line: tactic 'rewrite' failed, did not find instance of the pattern in the target expression
  ?a * ?b * ?c
q e d : ℂ
h₀ : q = 11 - 5 * Complex.I
h₁ : e = 11 + 5 * Complex.I
h₂ : d = 2 * Complex.I
step1 : (11 - 5 * Complex.I) * (11 + 5 * Complex.I) = 11 ^ 2 - (5 * Complex.I) ^ 2
step2 : 11 ^ 2 - (5 * Complex.I) ^ 2 = 146
step3 : (11 - 5 * Complex.I) * (11 + 5 * Complex.I) = 146
⊢ 146 * (2 * Complex.I) = 292 * Complex.I
2025-04-13 11:10:41 - INFO - Error at line 31: tactic 'rewrite' failed, did not find instance of the pattern in the target expression
  ?a * ?b * ?c
q e d : ℂ
h₀ : q = 11 - 5 * Complex.I
h₁ : e = 11 + 5 * Complex.I
h₂ : d = 2 * Complex.I
step1 : (11 - 5 * Complex.I) * (11 + 5 * Complex.I) = 11 ^ 2 - (5 * Complex.I) ^ 2
step2 : 11 ^ 2 - (5 * Complex.I) ^ 2 = 146
step3 : (11 - 5 * Complex.I) * (11 + 5 * Complex.I) = 146
⊢ 146 * (2 * Complex.I) = 292 * Complex.I
2025-04-13 11:10:41 - INFO - 
==================================================
2025-04-13 11:10:41 - INFO - Code prepared, starting synthesis
2025-04-13 11:10:41 - INFO - Before part: /-- If $Q = 11-5i$, $E = 11+5i$, and $D = 2i$, find $Q\cdot E \cdot D$. Show that it is 292i.-/
theorem mathd_algebra_192 (q e d : ℂ) (h₀ : q = 11 - 5 * Complex.I) (h₁ : e = 11 + 5 * Complex.I)
    (h₂ : d = 2 * Complex.I) : q * e * d = 292 * Complex.I := by
  -- First, substitute the given values of q, e, and d into the expression q * e * d
  rw [h₀, h₁, h₂]
  -- Now we need to compute (11 - 5i) * (11 + 5i) * (2i)
  
  -- Step 1: Multiply the first two complex numbers (11 - 5i) and (11 + 5i)
  -- This is a difference of squares: (a - b)(a + b) = a² - b²
  -- Here a = 11, b = 5i, so we get 11² - (5i)²
  have step1 : (11 - 5 * Complex.I) * (11 + 5 * Complex.I) = 11^2 - (5 * Complex.I)^2 := by
    ring
  
  -- Simplify 11² - (5i)²
  -- 11² = 121, (5i)² = 25i² = 25*(-1) = -25 (since i² = -1)
  -- So 11² - (5i)² = 121 - (-25) = 146
  have step2 : 11^2 - (5 * Complex.I)^2 = 146 := by
    simp only [pow_two]
    rw [mul_mul_mul_comm, Complex.I_mul_I]
    simp
    norm_num
  
  -- Combine step1 and step2 to show the product of first two terms is 146
  have step3 : (11 - 5 * Complex.I) * (11 + 5 * Complex.I) = 146 := by
    rw [step1, step2]
  
  -- Now multiply this result by the third term 2i
  -- We have 146 * 2i = 292i
  have step4 : 146 * (2 * Complex.I) = 292 * Complex.I := by
    norm_num
2025-04-13 11:10:41 - INFO - Error line:     rw [mul_assoc]
2025-04-13 11:10:41 - INFO - After part: -- Combine all steps to complete the proof
  rw [step3]
  exact step4
2025-04-13 11:10:41 - INFO - ==================================================

2025-04-13 11:10:42 - INFO - Testing fragment: rw [justaplaceholder]
2025-04-13 11:10:42 - INFO - Original error line:     rw [mul_assoc]
2025-04-13 11:10:44 - INFO - Testing fix: Original errors: 1, Fixed errors: 2
2025-04-13 11:10:44 - INFO - Result: False (introduced 2 new errors)
2025-04-13 11:10:44 - DEBUG - === New errors detail ===
2025-04-13 11:10:44 - DEBUG - New Error 1: line 31, type: unknown_identifier, message: unknown identifier 'justaplaceholder'
2025-04-13 11:10:44 - DEBUG - New Error 2: line 31, type: rewrite_failed, message: tactic 'rewrite' failed, equality or iff proof expected
  ?m.7969
q e d : ℂ
h₀ : q = 11 - 5 * Complex.I
h₁ : e = 11 + 5 * Complex.I
h₂ : d = 2 * Complex.I
step1 : (11 - 5 * Complex.I) * (11 + 5 * Complex.I) = 11 ^ 2 - (5 * Complex.I) ^ 2
step2 : 11 ^ 2 - (5 * Complex.I) ^ 2 = 146
step3 : (11 - 5 * Complex.I) * (11 + 5 * Complex.I) = 146
⊢ 146 * (2 * Complex.I) = 292 * Complex.I
2025-04-13 11:10:44 - INFO - Testing fragment: rw [<- justaplaceholder]
2025-04-13 11:10:44 - INFO - Original error line:     rw [mul_assoc]
2025-04-13 11:10:46 - INFO - Testing fix: Original errors: 1, Fixed errors: 2
2025-04-13 11:10:46 - INFO - Result: False (introduced 2 new errors)
2025-04-13 11:10:46 - DEBUG - === New errors detail ===
2025-04-13 11:10:46 - DEBUG - New Error 1: line 31, type: unknown_identifier, message: unknown identifier 'justaplaceholder'
2025-04-13 11:10:46 - DEBUG - New Error 2: line 31, type: rewrite_failed, message: tactic 'rewrite' failed, equality or iff proof expected
  ?m.7969
q e d : ℂ
h₀ : q = 11 - 5 * Complex.I
h₁ : e = 11 + 5 * Complex.I
h₂ : d = 2 * Complex.I
step1 : (11 - 5 * Complex.I) * (11 + 5 * Complex.I) = 11 ^ 2 - (5 * Complex.I) ^ 2
step2 : 11 ^ 2 - (5 * Complex.I) ^ 2 = 146
step3 : (11 - 5 * Complex.I) * (11 + 5 * Complex.I) = 146
⊢ 146 * (2 * Complex.I) = 292 * Complex.I
2025-04-13 11:10:46 - INFO - Testing fragment: simp
2025-04-13 11:10:46 - INFO - Original error line:     rw [mul_assoc]
2025-04-13 11:10:48 - INFO - Testing fix: Original errors: 1, Fixed errors: 1
2025-04-13 11:10:48 - INFO - Result: False (introduced 1 new errors)
2025-04-13 11:10:48 - DEBUG - === New errors detail ===
2025-04-13 11:10:48 - DEBUG - New Error 1: line 31, type: simp_failed, message: simp made no progress
2025-04-13 11:10:48 - INFO - Testing fragment: field_simp
2025-04-13 11:10:48 - INFO - Original error line:     rw [mul_assoc]
2025-04-13 11:10:50 - INFO - Testing fix: Original errors: 1, Fixed errors: 1
2025-04-13 11:10:50 - INFO - Result: False (introduced 1 new errors)
2025-04-13 11:10:50 - DEBUG - === New errors detail ===
2025-04-13 11:10:50 - DEBUG - New Error 1: line 31, type: simp_failed, message: simp made no progress
2025-04-13 11:10:50 - INFO - Testing fragment: norm_num
2025-04-13 11:10:50 - INFO - Original error line:     rw [mul_assoc]
2025-04-13 11:10:52 - INFO - Testing fix: Original errors: 1, Fixed errors: 1
2025-04-13 11:10:52 - INFO - Result: False (introduced 1 new errors)
2025-04-13 11:10:52 - DEBUG - === New errors detail ===
2025-04-13 11:10:52 - DEBUG - New Error 1: line 29, type: other_error, message: unsolved goals
q e d : ℂ
h₀ : q = 11 - 5 * Complex.I
h₁ : e = 11 + 5 * Complex.I
h₂ : d = 2 * Complex.I
step1 : (11 - 5 * Complex.I) * (11 + 5 * Complex.I) = 11 ^ 2 - (5 * Complex.I) ^ 2
step2 : 11 ^ 2 - (5 * Complex.I) ^ 2 = 146
step3 : (11 - 5 * Complex.I) * (11 + 5 * Complex.I) = 146
⊢ 146 * (2 * Complex.I) = 292 * Complex.I
2025-04-13 11:10:52 - INFO - Testing fragment: ring
2025-04-13 11:10:52 - INFO - Original error line:     rw [mul_assoc]
2025-04-13 11:10:54 - INFO - Testing fix: Original errors: 1, Fixed errors: 0
2025-04-13 11:10:54 - INFO - Result: True (no errors)
2025-04-13 11:10:54 - DEBUG - === Original errors detail ===
2025-04-13 11:10:54 - DEBUG - Error 1: line 31, type: rewrite_failed, message: tactic 'rewrite' failed, did not find instance of the pattern in the target expression
  ?a * ?b * ?c
q e d : ℂ
h₀ : q = 11 - 5 * Complex.I
h₁ : e = 11 + 5 * Complex.I
h₂ : d = 2 * Complex.I
step1 : (11 - 5 * Complex.I) * (11 + 5 * Complex.I) = 11 ^ 2 - (5 * Complex.I) ^ 2
step2 : 11 ^ 2 - (5 * Complex.I) ^ 2 = 146
step3 : (11 - 5 * Complex.I) * (11 + 5 * Complex.I) = 146
⊢ 146 * (2 * Complex.I) = 292 * Complex.I
2025-04-13 11:10:54 - DEBUG - === Fixed code comparison ===
2025-04-13 11:10:54 - DEBUG - Line 31 changed:
2025-04-13 11:10:54 - DEBUG -   Original:     rw [mul_assoc]
2025-04-13 11:10:54 - DEBUG -   Fixed:        ring
2025-04-13 11:10:54 - INFO - Found effective solution: ring
2025-04-13 11:10:54 - INFO - 
==================================================
2025-04-13 11:10:54 - INFO - Fixed code:
2025-04-13 11:10:54 - INFO - /-- If $Q = 11-5i$, $E = 11+5i$, and $D = 2i$, find $Q\cdot E \cdot D$. Show that it is 292i.-/
theorem mathd_algebra_192 (q e d : ℂ) (h₀ : q = 11 - 5 * Complex.I) (h₁ : e = 11 + 5 * Complex.I)
    (h₂ : d = 2 * Complex.I) : q * e * d = 292 * Complex.I := by
  -- First, substitute the given values of q, e, and d into the expression q * e * d
  rw [h₀, h₁, h₂]
  -- Now we need to compute (11 - 5i) * (11 + 5i) * (2i)
  
  -- Step 1: Multiply the first two complex numbers (11 - 5i) and (11 + 5i)
  -- This is a difference of squares: (a - b)(a + b) = a² - b²
  -- Here a = 11, b = 5i, so we get 11² - (5i)²
  have step1 : (11 - 5 * Complex.I) * (11 + 5 * Complex.I) = 11^2 - (5 * Complex.I)^2 := by
    ring
  
  -- Simplify 11² - (5i)²
  -- 11² = 121, (5i)² = 25i² = 25*(-1) = -25 (since i² = -1)
  -- So 11² - (5i)² = 121 - (-25) = 146
  have step2 : 11^2 - (5 * Complex.I)^2 = 146 := by
    simp only [pow_two]
    rw [mul_mul_mul_comm, Complex.I_mul_I]
    simp
    norm_num
  
  -- Combine step1 and step2 to show the product of first two terms is 146
  have step3 : (11 - 5 * Complex.I) * (11 + 5 * Complex.I) = 146 := by
    rw [step1, step2]
  
  -- Now multiply this result by the third term 2i
  -- We have 146 * 2i = 292i
  have step4 : 146 * (2 * Complex.I) = 292 * Complex.I := by
    norm_num
    ring
  
  -- Combine all steps to complete the proof
  rw [step3]
  exact step4
2025-04-13 11:10:54 - INFO - ==================================================
2025-04-13 11:10:56 - INFO - Original code error count: 1
2025-04-13 11:10:56 - INFO - Fixed code error count: 0
2025-04-13 11:10:56 - DEBUG - === Original errors detail ===
2025-04-13 11:10:56 - DEBUG - Error 1: line 31, type: rewrite_failed, message: tactic 'rewrite' failed, did not find instance of the pattern in the target expression
  ?a * ?b * ?c
q e d : ℂ
h₀ : q = 11 - 5 * Complex.I
h₁ : e = 11 + 5 * Complex.I
h₂ : d = 2 * Complex.I
step1 : (11 - 5 * Complex.I) * (11 + 5 * Complex.I) = 11 ^ 2 - (5 * Complex.I) ^ 2
step2 : 11 ^ 2 - (5 * Complex.I) ^ 2 = 146
step3 : (11 - 5 * Complex.I) * (11 + 5 * Complex.I) = 146
⊢ 146 * (2 * Complex.I) = 292 * Complex.I
2025-04-13 11:10:56 - DEBUG - === Fixed code comparison ===
2025-04-13 11:10:56 - DEBUG - Line 31 changed:
2025-04-13 11:10:56 - DEBUG -   Original:     rw [mul_assoc]
2025-04-13 11:10:56 - DEBUG -   Fixed:        ring
2025-04-13 11:10:56 - INFO - 
==================================================
2025-04-13 11:10:56 - INFO - Synthesis successful
2025-04-13 11:10:56 - INFO - ==================================================
2025-04-13 11:10:56 - INFO - Fix time: 16.03 seconds
2025-04-13 11:10:56 - INFO - ✅ Fixed error at line 31
2025-04-13 11:10:57 - INFO - 
===== Fix attempt completed =====
2025-04-13 11:10:57 - INFO - Original errors: 2
2025-04-13 11:10:57 - INFO - Fixed errors: 2
2025-04-13 11:10:57 - INFO - Failed errors: 0
2025-04-13 11:10:57 - INFO - Remaining errors: 0
2025-04-13 11:10:57 - INFO - Total time: 34.06 seconds
2025-04-13 11:10:57 - INFO - 
Final fixed code:
2025-04-13 11:10:57 - INFO - ----------------------------------------
2025-04-13 11:10:57 - INFO - /-- If $Q = 11-5i$, $E = 11+5i$, and $D = 2i$, find $Q\cdot E \cdot D$. Show that it is 292i.-/
theorem mathd_algebra_192 (q e d : ℂ) (h₀ : q = 11 - 5 * Complex.I) (h₁ : e = 11 + 5 * Complex.I)
    (h₂ : d = 2 * Complex.I) : q * e * d = 292 * Complex.I := by
  -- First, substitute the given values of q, e, and d into the expression q * e * d
  rw [h₀, h₁, h₂]
  -- Now we need to compute (11 - 5i) * (11 + 5i) * (2i)
  
  -- Step 1: Multiply the first two complex numbers (11 - 5i) and (11 + 5i)
  -- This is a difference of squares: (a - b)(a + b) = a² - b²
  -- Here a = 11, b = 5i, so we get 11² - (5i)²
  have step1 : (11 - 5 * Complex.I) * (11 + 5 * Complex.I) = 11^2 - (5 * Complex.I)^2 := by
    ring
  
  -- Simplify 11² - (5i)²
  -- 11² = 121, (5i)² = 25i² = 25*(-1) = -25 (since i² = -1)
  -- So 11² - (5i)² = 121 - (-25) = 146
  have step2 : 11^2 - (5 * Complex.I)^2 = 146 := by
    simp only [pow_two]
    rw [mul_mul_mul_comm, Complex.I_mul_I]
    simp
    norm_num
  
  -- Combine step1 and step2 to show the product of first two terms is 146
  have step3 : (11 - 5 * Complex.I) * (11 + 5 * Complex.I) = 146 := by
    rw [step1, step2]
  
  -- Now multiply this result by the third term 2i
  -- We have 146 * 2i = 292i
  have step4 : 146 * (2 * Complex.I) = 292 * Complex.I := by
    norm_num
    ring
  
  -- Combine all steps to complete the proof
  rw [step3]
  exact step4
2025-04-13 11:10:57 - INFO - ----------------------------------------
2025-04-13 11:10:57 - INFO - 
Detailed error repair report:
2025-04-13 11:10:57 - INFO - Original code error count: 2
✅ Fixed error 1/2: Successfully fixed error at line 12 «type_mismatch» (in 16.03s)
✅ Fixed error 2/2: Successfully fixed error at line 31 «rewrite_failed» (in 16.03s)

=== Fix statistics ===
Original error count: 2
Fixed errors: 2 (Fix rate: 1.0000)
Failed errors: 0
Remaining errors: 0
Total time: 34.06 seconds

=== Successful fix details ===

Fix 1:
   Line: 12
   Error type: type_mismatch
   Original error message: type mismatch
  mul_self_sub_mul_self 11 (5 * Complex.I)
has type
  11 * 11 - 5 * Complex.I * (5 * C...
   Fix snippet: ring
   Fixed line:     ring
   Time: 16.03 seconds

Fix 2:
   Line: 31
   Error type: rewrite_failed
   Original error message: tactic 'rewrite' failed, did not find instance of the pattern in the target expression
  ?a * ?b * ?...
   Fix snippet: ring
   Fixed line:     ring
   Time: 16.03 seconds
2025-04-13 11:10:57 - INFO - 
Fixed code saved to: /data/coding/minif2f/lean_fixed/77_fixed.lean
2025-04-13 11:10:57 - INFO - JSON log saved to: /data/coding/minif2f/lean_fixed/77_fix_log.json
2025-04-13 11:10:57 - INFO - 
===== LOG FILE LOCATION =====
2025-04-13 11:10:57 - INFO - Detailed log file is available at: /data/coding/minif2f/lean_fixed/77.log
2025-04-13 11:10:57 - INFO - ===============================
