2025-04-13 11:09:42 - INFO - Log file initialized at 2025-04-13T11:09:42.529161
2025-04-13 11:09:42 - INFO - ===== LOG FILE LOCATION =====
2025-04-13 11:09:42 - INFO - Detailed log file created at: /data/coding/minif2f/lean_fixed/78.log
2025-04-13 11:09:42 - INFO - ===============================
2025-04-13 11:09:42 - INFO - Original code:
2025-04-13 11:09:42 - INFO - ----------------------------------------
2025-04-13 11:09:42 - INFO - import Mathlib
import Aesop

set_option maxHeartbeats 0

open BigOperators Real Nat Topology Rat

/-- Suppose that $a$ and $b$ are nonzero real numbers, and that the [[equation]] $x^2 + ax + b = 0$ has solutions $a$ and $b$. Then the pair $(a,b)$ is

$\mathrm{(A)}\ (-2,1)
\qquad\mathrm{(B)}\ (-1,2)
\qquad\mathrm{(C)}\ (1,-2)
\qquad\mathrm{(D)}\ (2,-1)
\qquad\mathrm{(E)}\ (4,4)$ Show that it is \mathrm{(C)}\ (1,-2).-/
theorem amc12b_2002_p6 (a b : ℝ) (h₀ : a ≠ 0 ∧ b ≠ 0)
  (h₁ : ∀ x, x ^ 2 + a * x + b = (x - a) * (x - b)) : a = 1 ∧ b = -2 := by
  -- First, we expand the right-hand side of the equation to get a polynomial equality
  have expanded : ∀ x, x^2 + a*x + b = x^2 - (a + b)*x + a*b := by
    intro x
    -- Expand (x - a)(x - b) using the distributive property
    rw [h₁ x]
    ring
  
  -- Since two polynomials are equal for all x, their coefficients must be equal
  -- We extract the coefficients by subtracting one side from the other
  have coeff_eq : ∀ x, (x^2 + a*x + b) - (x^2 - (a + b)*x + a*b) = 0 := by
    intro x
    rw [expanded x]
    simp
  
  -- Simplify the coefficient equation to get a linear equation in x
  have linear_eq : ∀ x, (a + (a + b))*x + (b - a*b) = 0 := by
    intro x
    rw [← sub_eq_zero]
    convert coeff_eq x using 1
    ring
  
  -- For a linear equation to hold for all x, both the x coefficient and constant term must be zero
  have coeffs_zero : a + (a + b) = 0 ∧ (b - a*b) = 0 := by
    -- Apply the lemma that a linear polynomial is identically zero iff its coefficients are zero
    have h := funext linear_eq
    simp only [add_zero, zero_mul, add_left_inj] at h
    exact (Polynomial.funext_iff.mp h).1
    
  -- We now have two equations:
  -- 1. 2a + b = 0
  -- 2. b(1 - a) = 0
  cases coeffs_zero with
  | intro eq1 eq2 =>
    -- From the second equation b(1 - a) = 0, since b ≠ 0 (from h₀), we must have 1 - a = 0
    have a_eq_1 : a = 1 := by
      -- Since b ≠ 0, the other factor must be zero
      have : 1 - a = 0 := by
        rw [mul_eq_zero] at eq2
        cases eq2 with
        | inl h => exact (h₀.2 h).elim  -- contradicts b ≠ 0
        | inr h => exact h
      linarith
    
    -- Now substitute a = 1 into the first equation to find b
    have b_eq_neg2 : b = -2 := by
      rw [a_eq_1] at eq1
      linarith
    
    -- Combine the results to complete the proof
    exact ⟨a_eq_1, b_eq_neg2⟩
2025-04-13 11:09:42 - INFO - ----------------------------------------
2025-04-13 11:09:42 - INFO - 
Checking original code for all errors...
2025-04-13 11:10:23 - INFO - Original code contains 3 errors:
2025-04-13 11:10:23 - INFO - Error 1: line 36, type: function_expected, message: function expected at
  Function.funext_iff
term has type
  ?m.5844 = ?m.5845 ↔ ∀ (a : ?m.5842), ?m.5...
2025-04-13 11:10:23 - INFO - Error 2: line 47, type: other_error, message: ambiguous, possible interpretations 
  _root_.mul_eq_zero : ?m.6103 * ?m.6104 = 0 ↔ ?m.6103 = 0 ∨ ?m...
2025-04-13 11:10:23 - INFO - Error 3: line 47, type: rewrite_failed, message: tactic 'rewrite' failed, equality or iff proof expected
  ?m.6201
a b : ℝ
h₀ : a ≠ 0 ∧ b ≠ 0
h₁ : ∀ ...
2025-04-13 11:10:23 - INFO - 
Starting multi-error continuous repair process...
2025-04-13 11:10:23 - INFO - 
===== Starting to fix all errors =====
2025-04-13 11:10:24 - INFO - 
Found 3 original errors:
2025-04-13 11:10:24 - INFO - Error 1: line 36, type: function_expected, message: function expected at
  Function.funext_iff
term has type
  ?m.5844 = ?m.5845 ↔ ∀ (a : ?m.5842), ?m.5...
2025-04-13 11:10:24 - INFO - Error 2: line 47, type: other_error, message: ambiguous, possible interpretations 
  _root_.mul_eq_zero : ?m.6103 * ?m.6104 = 0 ↔ ?m.6103 = 0 ∨ ?m...
2025-04-13 11:10:24 - INFO - Error 3: line 47, type: rewrite_failed, message: tactic 'rewrite' failed, equality or iff proof expected
  ?m.6201
a b : ℝ
h₀ : a ≠ 0 ∧ b ≠ 0
h₁ : ∀ ...
2025-04-13 11:10:24 - INFO - 
Trying to fix error 1/3: line 36, type: function_expected
2025-04-13 11:10:24 - INFO - Error message: function expected at
  Function.funext_iff
term has type
  ?m.5844 = ?m.5845 ↔ ∀ (a : ?m.5842), ?m.5...
2025-04-13 11:10:24 - INFO - Removed header content, remaining 59 lines of code
2025-04-13 11:10:24 - INFO - Using specified target error line: 36
2025-04-13 11:10:25 - INFO - Found error at specified line: function expected at
  Function.funext_iff
term has type
  ?m.5844 = ?m.5845 ↔ ∀ (a : ?m.5842), ?m.5844 a = ?m.5845 a
2025-04-13 11:10:25 - INFO - Error at line 36: function expected at
  Function.funext_iff
term has type
  ?m.5844 = ?m.5845 ↔ ∀ (a : ?m.5842), ?m.5844 a = ?m.5845 a
2025-04-13 11:10:25 - INFO - 
==================================================
2025-04-13 11:10:25 - INFO - Code prepared, starting synthesis
2025-04-13 11:10:25 - INFO - Before part: /-- Suppose that $a$ and $b$ are nonzero real numbers, and that the [[equation]] $x^2 + ax + b = 0$ has solutions $a$ and $b$. Then the pair $(a,b)$ is

$\mathrm{(A)}\ (-2,1)
\qquad\mathrm{(B)}\ (-1,2)
\qquad\mathrm{(C)}\ (1,-2)
\qquad\mathrm{(D)}\ (2,-1)
\qquad\mathrm{(E)}\ (4,4)$ Show that it is \mathrm{(C)}\ (1,-2).-/
theorem amc12b_2002_p6 (a b : ℝ) (h₀ : a ≠ 0 ∧ b ≠ 0)
  (h₁ : ∀ x, x ^ 2 + a * x + b = (x - a) * (x - b)) : a = 1 ∧ b = -2 := by
  -- First, we expand the right-hand side of the equation to get a polynomial equality
  have expanded : ∀ x, x^2 + a*x + b = x^2 - (a + b)*x + a*b := by
    intro x
    -- Expand (x - a)(x - b) using the distributive property
    rw [h₁ x]
    ring
  
  -- Since two polynomials are equal for all x, their coefficients must be equal
  -- We extract the coefficients by subtracting one side from the other
  have coeff_eq : ∀ x, (x^2 + a*x + b) - (x^2 - (a + b)*x + a*b) = 0 := by
    intro x
    rw [expanded x]
    simp
  
  -- Simplify the coefficient equation to get a linear equation in x
  have linear_eq : ∀ x, (a + (a + b))*x + (b - a*b) = 0 := by
    intro x
    rw [← sub_eq_zero]
    convert coeff_eq x using 1
    ring
  
  -- For a linear equation to hold for all x, both the x coefficient and constant term must be zero
  have coeffs_zero : a + (a + b) = 0 ∧ (b - a*b) = 0 := by
    -- Apply the lemma that a linear polynomial is identically zero iff its coefficients are zero
    have h := funext linear_eq
    simp only [add_zero, zero_mul, add_left_inj] at h
2025-04-13 11:10:25 - INFO - Error line:     exact (Polynomial.funext_iff.mp h).1
2025-04-13 11:10:25 - INFO - After part: -- We now have two equations:
  -- 1. 2a + b = 0
  -- 2. b(1 - a) = 0
  cases coeffs_zero with
  | intro eq1 eq2 =>
    -- From the second equation b(1 - a) = 0, since b ≠ 0 (from h₀), we must have 1 - a = 0
    have a_eq_1 : a = 1 := by
      -- Since b ≠ 0, the other factor must be zero
      have : 1 - a = 0 := by
        rw [mul_eq_zero] at eq2
        cases eq2 with
        | inl h => exact (h₀.2 h).elim  -- contradicts b ≠ 0
        | inr h => exact h
      linarith
    
    -- Now substitute a = 1 into the first equation to find b
    have b_eq_neg2 : b = -2 := by
      rw [a_eq_1] at eq1
      linarith
    
    -- Combine the results to complete the proof
    exact ⟨a_eq_1, b_eq_neg2⟩
2025-04-13 11:10:25 - INFO - ==================================================

2025-04-13 11:10:26 - INFO - Testing fragment: rw [justaplaceholder]
2025-04-13 11:10:26 - INFO - Original error line:     exact (Polynomial.funext_iff.mp h).1
2025-04-13 11:10:28 - INFO - Testing fix: Original errors: 3, Fixed errors: 4
2025-04-13 11:10:28 - INFO - Result: False (introduced 2 new errors)
2025-04-13 11:10:28 - DEBUG - === New errors detail ===
2025-04-13 11:10:28 - DEBUG - New Error 1: line 36, type: unknown_identifier, message: unknown identifier 'justaplaceholder'
2025-04-13 11:10:28 - DEBUG - New Error 2: line 36, type: rewrite_failed, message: tactic 'rewrite' failed, equality or iff proof expected
  ?m.5673
a b : ℝ
h₀ : a ≠ 0 ∧ b ≠ 0
h₁ : ∀ (x : ℝ), x ^ 2 + a * x + b = (x - a) * (x - b)
expanded : ∀ (x : ℝ), x ^ 2 + a * x + b = x ^ 2 - (a + b) * x + a * b
coeff_eq : ∀ (x : ℝ), x ^ 2 + a * x + b - (x ^ 2 - (a + b) * x + a * b) = 0
linear_eq : ∀ (x : ℝ), (a + (a + b)) * x + (b - a * b) = 0
h : (fun x => (a + (a + b)) * x + (b - a * b)) = fun x => 0
⊢ a + (a + b) = 0 ∧ b - a * b = 0
2025-04-13 11:10:28 - INFO - Testing fragment: rw [<- justaplaceholder]
2025-04-13 11:10:28 - INFO - Original error line:     exact (Polynomial.funext_iff.mp h).1
2025-04-13 11:10:30 - INFO - Testing fix: Original errors: 3, Fixed errors: 4
2025-04-13 11:10:30 - INFO - Result: False (introduced 2 new errors)
2025-04-13 11:10:30 - DEBUG - === New errors detail ===
2025-04-13 11:10:30 - DEBUG - New Error 1: line 36, type: unknown_identifier, message: unknown identifier 'justaplaceholder'
2025-04-13 11:10:30 - DEBUG - New Error 2: line 36, type: rewrite_failed, message: tactic 'rewrite' failed, equality or iff proof expected
  ?m.5673
a b : ℝ
h₀ : a ≠ 0 ∧ b ≠ 0
h₁ : ∀ (x : ℝ), x ^ 2 + a * x + b = (x - a) * (x - b)
expanded : ∀ (x : ℝ), x ^ 2 + a * x + b = x ^ 2 - (a + b) * x + a * b
coeff_eq : ∀ (x : ℝ), x ^ 2 + a * x + b - (x ^ 2 - (a + b) * x + a * b) = 0
linear_eq : ∀ (x : ℝ), (a + (a + b)) * x + (b - a * b) = 0
h : (fun x => (a + (a + b)) * x + (b - a * b)) = fun x => 0
⊢ a + (a + b) = 0 ∧ b - a * b = 0
2025-04-13 11:10:30 - INFO - Testing fragment: simp
2025-04-13 11:10:30 - INFO - Original error line:     exact (Polynomial.funext_iff.mp h).1
2025-04-13 11:10:32 - INFO - Testing fix: Original errors: 3, Fixed errors: 3
2025-04-13 11:10:32 - INFO - Result: False (introduced 1 new errors)
2025-04-13 11:10:32 - DEBUG - === New errors detail ===
2025-04-13 11:10:32 - DEBUG - New Error 1: line 36, type: simp_failed, message: simp made no progress
2025-04-13 11:10:32 - INFO - Testing fragment: field_simp
2025-04-13 11:10:32 - INFO - Original error line:     exact (Polynomial.funext_iff.mp h).1
2025-04-13 11:10:34 - INFO - Testing fix: Original errors: 3, Fixed errors: 3
2025-04-13 11:10:34 - INFO - Result: False (introduced 1 new errors)
2025-04-13 11:10:34 - DEBUG - === New errors detail ===
2025-04-13 11:10:34 - DEBUG - New Error 1: line 36, type: simp_failed, message: simp made no progress
2025-04-13 11:10:34 - INFO - Testing fragment: norm_num
2025-04-13 11:10:34 - INFO - Original error line:     exact (Polynomial.funext_iff.mp h).1
2025-04-13 11:10:36 - INFO - Testing fix: Original errors: 3, Fixed errors: 3
2025-04-13 11:10:36 - INFO - Result: False (introduced 1 new errors)
2025-04-13 11:10:36 - DEBUG - === New errors detail ===
2025-04-13 11:10:36 - DEBUG - New Error 1: line 32, type: other_error, message: unsolved goals
a b : ℝ
h₀ : a ≠ 0 ∧ b ≠ 0
h₁ : ∀ (x : ℝ), x ^ 2 + a * x + b = (x - a) * (x - b)
expanded : ∀ (x : ℝ), x ^ 2 + a * x + b = x ^ 2 - (a + b) * x + a * b
coeff_eq : ∀ (x : ℝ), x ^ 2 + a * x + b - (x ^ 2 - (a + b) * x + a * b) = 0
linear_eq : ∀ (x : ℝ), (a + (a + b)) * x + (b - a * b) = 0
h : (fun x => (a + (a + b)) * x + (b - a * b)) = fun x => 0
⊢ a + (a + b) = 0 ∧ b - a * b = 0
2025-04-13 11:10:36 - INFO - Testing fragment: ring
2025-04-13 11:10:36 - INFO - Original error line:     exact (Polynomial.funext_iff.mp h).1
2025-04-13 11:10:38 - INFO - Testing fix: Original errors: 3, Fixed errors: 4
2025-04-13 11:10:38 - INFO - Result: False (introduced 2 new errors)
2025-04-13 11:10:38 - DEBUG - === New errors detail ===
2025-04-13 11:10:38 - DEBUG - New Error 1: line 36, type: ring_failed, message: Try this: ring_nf
2025-04-13 11:10:38 - DEBUG - New Error 2: line 32, type: other_error, message: unsolved goals
a b : ℝ
h₀ : a ≠ 0 ∧ b ≠ 0
h₁ : ∀ (x : ℝ), x ^ 2 + a * x + b = (x - a) * (x - b)
expanded : ∀ (x : ℝ), x ^ 2 + a * x + b = x ^ 2 - (a + b) * x + a * b
coeff_eq : ∀ (x : ℝ), x ^ 2 + a * x + b - (x ^ 2 - (a + b) * x + a * b) = 0
linear_eq : ∀ (x : ℝ), (a + (a + b)) * x + (b - a * b) = 0
h : (fun x => (a + (a + b)) * x + (b - a * b)) = fun x => 0
⊢ a * 2 + b = 0 ∧ -(a * b) + b = 0
2025-04-13 11:10:38 - INFO - Testing fragment: ring_nf
2025-04-13 11:10:38 - INFO - Original error line:     exact (Polynomial.funext_iff.mp h).1
2025-04-13 11:10:40 - INFO - Testing fix: Original errors: 3, Fixed errors: 3
2025-04-13 11:10:40 - INFO - Result: False (introduced 1 new errors)
2025-04-13 11:10:40 - DEBUG - === New errors detail ===
2025-04-13 11:10:40 - DEBUG - New Error 1: line 32, type: other_error, message: unsolved goals
a b : ℝ
h₀ : a ≠ 0 ∧ b ≠ 0
h₁ : ∀ (x : ℝ), x ^ 2 + a * x + b = (x - a) * (x - b)
expanded : ∀ (x : ℝ), x ^ 2 + a * x + b = x ^ 2 - (a + b) * x + a * b
coeff_eq : ∀ (x : ℝ), x ^ 2 + a * x + b - (x ^ 2 - (a + b) * x + a * b) = 0
linear_eq : ∀ (x : ℝ), (a + (a + b)) * x + (b - a * b) = 0
h : (fun x => (a + (a + b)) * x + (b - a * b)) = fun x => 0
⊢ a * 2 + b = 0 ∧ -(a * b) + b = 0
2025-04-13 11:10:40 - INFO - Testing fragment: omega
2025-04-13 11:10:40 - INFO - Original error line:     exact (Polynomial.funext_iff.mp h).1
2025-04-13 11:10:42 - INFO - Testing fix: Original errors: 3, Fixed errors: 3
2025-04-13 11:10:42 - INFO - Result: False (introduced 1 new errors)
2025-04-13 11:10:42 - DEBUG - === New errors detail ===
2025-04-13 11:10:42 - DEBUG - New Error 1: line 36, type: other_error, message: omega could not prove the goal:
No usable constraints found. You may need to unfold definitions so `omega` can see linear arithmetic facts about `Nat` and `Int`, which may also involve multiplication, division, and modular remainder by constants.
2025-04-13 11:10:42 - INFO - Testing fragment: linarith
2025-04-13 11:10:42 - INFO - Original error line:     exact (Polynomial.funext_iff.mp h).1
2025-04-13 11:10:44 - INFO - Testing fix: Original errors: 3, Fixed errors: 3
2025-04-13 11:10:44 - INFO - Result: False (introduced 1 new errors)
2025-04-13 11:10:44 - DEBUG - === New errors detail ===
2025-04-13 11:10:44 - DEBUG - New Error 1: line 36, type: linarith_failed, message: linarith failed to find a contradiction
a b : ℝ
h₀ : a ≠ 0 ∧ b ≠ 0
h₁ : ∀ (x : ℝ), x ^ 2 + a * x + b = (x - a) * (x - b)
expanded : ∀ (x : ℝ), x ^ 2 + a * x + b = x ^ 2 - (a + b) * x + a * b
coeff_eq : ∀ (x : ℝ), x ^ 2 + a * x + b - (x ^ 2 - (a + b) * x + a * b) = 0
linear_eq : ∀ (x : ℝ), (a + (a + b)) * x + (b - a * b) = 0
h : (fun x => (a + (a + b)) * x + (b - a * b)) = fun x => 0
⊢ False
failed
2025-04-13 11:10:44 - INFO - Testing fragment: nlinarith
2025-04-13 11:10:44 - INFO - Original error line:     exact (Polynomial.funext_iff.mp h).1
2025-04-13 11:10:46 - INFO - Testing fix: Original errors: 3, Fixed errors: 3
2025-04-13 11:10:46 - INFO - Result: False (introduced 1 new errors)
2025-04-13 11:10:46 - DEBUG - === New errors detail ===
2025-04-13 11:10:46 - DEBUG - New Error 1: line 36, type: linarith_failed, message: linarith failed to find a contradiction
a b : ℝ
h₀ : a ≠ 0 ∧ b ≠ 0
h₁ : ∀ (x : ℝ), x ^ 2 + a * x + b = (x - a) * (x - b)
expanded : ∀ (x : ℝ), x ^ 2 + a * x + b = x ^ 2 - (a + b) * x + a * b
coeff_eq : ∀ (x : ℝ), x ^ 2 + a * x + b - (x ^ 2 - (a + b) * x + a * b) = 0
linear_eq : ∀ (x : ℝ), (a + (a + b)) * x + (b - a * b) = 0
h : (fun x => (a + (a + b)) * x + (b - a * b)) = fun x => 0
⊢ False
failed
2025-04-13 11:10:46 - INFO - Failed attempt time: 22.04 seconds
2025-04-13 11:10:46 - INFO - ❌ Could not generate fix for error at line 36
2025-04-13 11:10:46 - INFO - 
Trying to fix error 2/3: line 47, type: other_error
2025-04-13 11:10:46 - INFO - Error message: ambiguous, possible interpretations 
  _root_.mul_eq_zero : ?m.6103 * ?m.6104 = 0 ↔ ?m.6103 = 0 ∨ ?m...
2025-04-13 11:10:46 - INFO - Removed header content, remaining 59 lines of code
2025-04-13 11:10:46 - INFO - Using specified target error line: 47
2025-04-13 11:10:47 - INFO - Found error at specified line: ambiguous, possible interpretations 
  _root_.mul_eq_zero : ?m.6103 * ?m.6104 = 0 ↔ ?m.6103 = 0 ∨ ?m.6104 = 0
  
  Nat.mul_eq_zero : ?m.6199 * ?m.6198 = 0 ↔ ?m.6199 = 0 ∨ ?m.6198 = 0
2025-04-13 11:10:47 - INFO - Error at line 47: ambiguous, possible interpretations 
  _root_.mul_eq_zero : ?m.6103 * ?m.6104 = 0 ↔ ?m.6103 = 0 ∨ ?m.6104 = 0
  
  Nat.mul_eq_zero : ?m.6199 * ?m.6198 = 0 ↔ ?m.6199 = 0 ∨ ?m.6198 = 0
2025-04-13 11:10:47 - INFO - 
==================================================
2025-04-13 11:10:47 - INFO - Code prepared, starting synthesis
2025-04-13 11:10:47 - INFO - Before part: /-- Suppose that $a$ and $b$ are nonzero real numbers, and that the [[equation]] $x^2 + ax + b = 0$ has solutions $a$ and $b$. Then the pair $(a,b)$ is

$\mathrm{(A)}\ (-2,1)
\qquad\mathrm{(B)}\ (-1,2)
\qquad\mathrm{(C)}\ (1,-2)
\qquad\mathrm{(D)}\ (2,-1)
\qquad\mathrm{(E)}\ (4,4)$ Show that it is \mathrm{(C)}\ (1,-2).-/
theorem amc12b_2002_p6 (a b : ℝ) (h₀ : a ≠ 0 ∧ b ≠ 0)
  (h₁ : ∀ x, x ^ 2 + a * x + b = (x - a) * (x - b)) : a = 1 ∧ b = -2 := by
  -- First, we expand the right-hand side of the equation to get a polynomial equality
  have expanded : ∀ x, x^2 + a*x + b = x^2 - (a + b)*x + a*b := by
    intro x
    -- Expand (x - a)(x - b) using the distributive property
    rw [h₁ x]
    ring
  
  -- Since two polynomials are equal for all x, their coefficients must be equal
  -- We extract the coefficients by subtracting one side from the other
  have coeff_eq : ∀ x, (x^2 + a*x + b) - (x^2 - (a + b)*x + a*b) = 0 := by
    intro x
    rw [expanded x]
    simp
  
  -- Simplify the coefficient equation to get a linear equation in x
  have linear_eq : ∀ x, (a + (a + b))*x + (b - a*b) = 0 := by
    intro x
    rw [← sub_eq_zero]
    convert coeff_eq x using 1
    ring
  
  -- For a linear equation to hold for all x, both the x coefficient and constant term must be zero
  have coeffs_zero : a + (a + b) = 0 ∧ (b - a*b) = 0 := by
    -- Apply the lemma that a linear polynomial is identically zero iff its coefficients are zero
    have h := funext linear_eq
    simp only [add_zero, zero_mul, add_left_inj] at h
    exact (Polynomial.funext_iff.mp h).1
    
  -- We now have two equations:
  -- 1. 2a + b = 0
  -- 2. b(1 - a) = 0
  cases coeffs_zero with
  | intro eq1 eq2 =>
    -- From the second equation b(1 - a) = 0, since b ≠ 0 (from h₀), we must have 1 - a = 0
    have a_eq_1 : a = 1 := by
      -- Since b ≠ 0, the other factor must be zero
      have : 1 - a = 0 := by
2025-04-13 11:10:47 - INFO - Error line:         rw [mul_eq_zero] at eq2
2025-04-13 11:10:47 - INFO - After part: cases eq2 with
        | inl h => exact (h₀.2 h).elim  -- contradicts b ≠ 0
        | inr h => exact h
      linarith
    
    -- Now substitute a = 1 into the first equation to find b
    have b_eq_neg2 : b = -2 := by
      rw [a_eq_1] at eq1
      linarith
    
    -- Combine the results to complete the proof
    exact ⟨a_eq_1, b_eq_neg2⟩
2025-04-13 11:10:47 - INFO - ==================================================

2025-04-13 11:10:48 - INFO - Testing fragment: rw [justaplaceholder]
2025-04-13 11:10:48 - INFO - Original error line:         rw [mul_eq_zero] at eq2
2025-04-13 11:10:50 - INFO - Testing fix: Original errors: 3, Fixed errors: 3
2025-04-13 11:10:50 - INFO - Result: False (introduced 2 new errors)
2025-04-13 11:10:50 - DEBUG - === New errors detail ===
2025-04-13 11:10:50 - DEBUG - New Error 1: line 47, type: unknown_identifier, message: unknown identifier 'justaplaceholder'
2025-04-13 11:10:50 - DEBUG - New Error 2: line 47, type: rewrite_failed, message: tactic 'rewrite' failed, equality or iff proof expected
  ?m.6099
a b : ℝ
h₀ : a ≠ 0 ∧ b ≠ 0
h₁ : ∀ (x : ℝ), x ^ 2 + a * x + b = (x - a) * (x - b)
expanded : ∀ (x : ℝ), x ^ 2 + a * x + b = x ^ 2 - (a + b) * x + a * b
coeff_eq : ∀ (x : ℝ), x ^ 2 + a * x + b - (x ^ 2 - (a + b) * x + a * b) = 0
linear_eq : ∀ (x : ℝ), (a + (a + b)) * x + (b - a * b) = 0
eq1 : a + (a + b) = 0
eq2 : b - a * b = 0
⊢ 1 - a = 0
2025-04-13 11:10:50 - INFO - Testing fragment: rw [<- justaplaceholder]
2025-04-13 11:10:50 - INFO - Original error line:         rw [mul_eq_zero] at eq2
2025-04-13 11:10:52 - INFO - Testing fix: Original errors: 3, Fixed errors: 3
2025-04-13 11:10:52 - INFO - Result: False (introduced 2 new errors)
2025-04-13 11:10:52 - DEBUG - === New errors detail ===
2025-04-13 11:10:52 - DEBUG - New Error 1: line 47, type: unknown_identifier, message: unknown identifier 'justaplaceholder'
2025-04-13 11:10:52 - DEBUG - New Error 2: line 47, type: rewrite_failed, message: tactic 'rewrite' failed, equality or iff proof expected
  ?m.6099
a b : ℝ
h₀ : a ≠ 0 ∧ b ≠ 0
h₁ : ∀ (x : ℝ), x ^ 2 + a * x + b = (x - a) * (x - b)
expanded : ∀ (x : ℝ), x ^ 2 + a * x + b = x ^ 2 - (a + b) * x + a * b
coeff_eq : ∀ (x : ℝ), x ^ 2 + a * x + b - (x ^ 2 - (a + b) * x + a * b) = 0
linear_eq : ∀ (x : ℝ), (a + (a + b)) * x + (b - a * b) = 0
eq1 : a + (a + b) = 0
eq2 : b - a * b = 0
⊢ 1 - a = 0
2025-04-13 11:10:52 - INFO - Testing fragment: simp
2025-04-13 11:10:52 - INFO - Original error line:         rw [mul_eq_zero] at eq2
2025-04-13 11:10:54 - INFO - Testing fix: Original errors: 3, Fixed errors: 2
2025-04-13 11:10:54 - INFO - Result: False (introduced 1 new errors)
2025-04-13 11:10:54 - DEBUG - === New errors detail ===
2025-04-13 11:10:54 - DEBUG - New Error 1: line 47, type: simp_failed, message: simp made no progress
2025-04-13 11:10:54 - INFO - Testing fragment: field_simp
2025-04-13 11:10:54 - INFO - Original error line:         rw [mul_eq_zero] at eq2
2025-04-13 11:10:56 - INFO - Testing fix: Original errors: 3, Fixed errors: 2
2025-04-13 11:10:56 - INFO - Result: False (introduced 1 new errors)
2025-04-13 11:10:56 - DEBUG - === New errors detail ===
2025-04-13 11:10:56 - DEBUG - New Error 1: line 47, type: simp_failed, message: simp made no progress
2025-04-13 11:10:56 - INFO - Testing fragment: norm_num
2025-04-13 11:10:56 - INFO - Original error line:         rw [mul_eq_zero] at eq2
2025-04-13 11:10:58 - INFO - Testing fix: Original errors: 3, Fixed errors: 2
2025-04-13 11:10:58 - INFO - Result: False (introduced 1 new errors)
2025-04-13 11:10:58 - DEBUG - === New errors detail ===
2025-04-13 11:10:58 - DEBUG - New Error 1: line 49, type: other_error, message: invalid alternative name 'inl'
2025-04-13 11:10:58 - INFO - Testing fragment: ring
2025-04-13 11:10:58 - INFO - Original error line:         rw [mul_eq_zero] at eq2
2025-04-13 11:11:00 - INFO - Testing fix: Original errors: 3, Fixed errors: 3
2025-04-13 11:11:00 - INFO - Result: False (introduced 2 new errors)
2025-04-13 11:11:00 - DEBUG - === New errors detail ===
2025-04-13 11:11:00 - DEBUG - New Error 1: line 47, type: ring_failed, message: Try this: ring_nf
2025-04-13 11:11:00 - DEBUG - New Error 2: line 49, type: other_error, message: invalid alternative name 'inl'
2025-04-13 11:11:00 - INFO - Testing fragment: ring_nf
2025-04-13 11:11:00 - INFO - Original error line:         rw [mul_eq_zero] at eq2
2025-04-13 11:11:02 - INFO - Testing fix: Original errors: 3, Fixed errors: 2
2025-04-13 11:11:02 - INFO - Result: False (introduced 1 new errors)
2025-04-13 11:11:02 - DEBUG - === New errors detail ===
2025-04-13 11:11:02 - DEBUG - New Error 1: line 49, type: other_error, message: invalid alternative name 'inl'
2025-04-13 11:11:02 - INFO - Testing fragment: omega
2025-04-13 11:11:02 - INFO - Original error line:         rw [mul_eq_zero] at eq2
2025-04-13 11:11:04 - INFO - Testing fix: Original errors: 3, Fixed errors: 2
2025-04-13 11:11:04 - INFO - Result: False (introduced 1 new errors)
2025-04-13 11:11:04 - DEBUG - === New errors detail ===
2025-04-13 11:11:04 - DEBUG - New Error 1: line 47, type: other_error, message: omega could not prove the goal:
No usable constraints found. You may need to unfold definitions so `omega` can see linear arithmetic facts about `Nat` and `Int`, which may also involve multiplication, division, and modular remainder by constants.
2025-04-13 11:11:04 - INFO - Testing fragment: linarith
2025-04-13 11:11:04 - INFO - Original error line:         rw [mul_eq_zero] at eq2
2025-04-13 11:11:06 - INFO - Testing fix: Original errors: 3, Fixed errors: 2
2025-04-13 11:11:06 - INFO - Result: False (introduced 1 new errors)
2025-04-13 11:11:06 - DEBUG - === New errors detail ===
2025-04-13 11:11:06 - DEBUG - New Error 1: line 47, type: linarith_failed, message: linarith failed to find a contradiction
case h1.h
a b : ℝ
h₀ : a ≠ 0 ∧ b ≠ 0
h₁ : ∀ (x : ℝ), x ^ 2 + a * x + b = (x - a) * (x - b)
expanded : ∀ (x : ℝ), x ^ 2 + a * x + b = x ^ 2 - (a + b) * x + a * b
coeff_eq : ∀ (x : ℝ), x ^ 2 + a * x + b - (x ^ 2 - (a + b) * x + a * b) = 0
linear_eq : ∀ (x : ℝ), (a + (a + b)) * x + (b - a * b) = 0
eq1 : a + (a + b) = 0
eq2 : b - a * b = 0
a✝ : 1 - a < 0
⊢ False
failed
2025-04-13 11:11:06 - INFO - Testing fragment: nlinarith
2025-04-13 11:11:06 - INFO - Original error line:         rw [mul_eq_zero] at eq2
2025-04-13 11:11:08 - INFO - Testing fix: Original errors: 3, Fixed errors: 2
2025-04-13 11:11:08 - INFO - Result: False (introduced 1 new errors)
2025-04-13 11:11:08 - DEBUG - === New errors detail ===
2025-04-13 11:11:08 - DEBUG - New Error 1: line 47, type: linarith_failed, message: linarith failed to find a contradiction
case h2.h
a b : ℝ
h₀ : a ≠ 0 ∧ b ≠ 0
h₁ : ∀ (x : ℝ), x ^ 2 + a * x + b = (x - a) * (x - b)
expanded : ∀ (x : ℝ), x ^ 2 + a * x + b = x ^ 2 - (a + b) * x + a * b
coeff_eq : ∀ (x : ℝ), x ^ 2 + a * x + b - (x ^ 2 - (a + b) * x + a * b) = 0
linear_eq : ∀ (x : ℝ), (a + (a + b)) * x + (b - a * b) = 0
eq1 : a + (a + b) = 0
eq2 : b - a * b = 0
a✝ : 0 < 1 - a
⊢ False
failed
2025-04-13 11:11:08 - INFO - Failed attempt time: 22.04 seconds
2025-04-13 11:11:08 - INFO - ❌ Could not generate fix for error at line 47
2025-04-13 11:11:08 - INFO - 
Trying to fix error 3/3: line 47, type: rewrite_failed
2025-04-13 11:11:08 - INFO - Error message: tactic 'rewrite' failed, equality or iff proof expected
  ?m.6201
a b : ℝ
h₀ : a ≠ 0 ∧ b ≠ 0
h₁ : ∀ ...
2025-04-13 11:11:08 - INFO - Removed header content, remaining 59 lines of code
2025-04-13 11:11:08 - INFO - Using specified target error line: 47
2025-04-13 11:11:09 - INFO - Found error at specified line: ambiguous, possible interpretations 
  _root_.mul_eq_zero : ?m.6103 * ?m.6104 = 0 ↔ ?m.6103 = 0 ∨ ?m.6104 = 0
  
  Nat.mul_eq_zero : ?m.6199 * ?m.6198 = 0 ↔ ?m.6199 = 0 ∨ ?m.6198 = 0
2025-04-13 11:11:09 - INFO - Error at line 47: ambiguous, possible interpretations 
  _root_.mul_eq_zero : ?m.6103 * ?m.6104 = 0 ↔ ?m.6103 = 0 ∨ ?m.6104 = 0
  
  Nat.mul_eq_zero : ?m.6199 * ?m.6198 = 0 ↔ ?m.6199 = 0 ∨ ?m.6198 = 0
2025-04-13 11:11:09 - INFO - 
==================================================
2025-04-13 11:11:09 - INFO - Code prepared, starting synthesis
2025-04-13 11:11:09 - INFO - Before part: /-- Suppose that $a$ and $b$ are nonzero real numbers, and that the [[equation]] $x^2 + ax + b = 0$ has solutions $a$ and $b$. Then the pair $(a,b)$ is

$\mathrm{(A)}\ (-2,1)
\qquad\mathrm{(B)}\ (-1,2)
\qquad\mathrm{(C)}\ (1,-2)
\qquad\mathrm{(D)}\ (2,-1)
\qquad\mathrm{(E)}\ (4,4)$ Show that it is \mathrm{(C)}\ (1,-2).-/
theorem amc12b_2002_p6 (a b : ℝ) (h₀ : a ≠ 0 ∧ b ≠ 0)
  (h₁ : ∀ x, x ^ 2 + a * x + b = (x - a) * (x - b)) : a = 1 ∧ b = -2 := by
  -- First, we expand the right-hand side of the equation to get a polynomial equality
  have expanded : ∀ x, x^2 + a*x + b = x^2 - (a + b)*x + a*b := by
    intro x
    -- Expand (x - a)(x - b) using the distributive property
    rw [h₁ x]
    ring
  
  -- Since two polynomials are equal for all x, their coefficients must be equal
  -- We extract the coefficients by subtracting one side from the other
  have coeff_eq : ∀ x, (x^2 + a*x + b) - (x^2 - (a + b)*x + a*b) = 0 := by
    intro x
    rw [expanded x]
    simp
  
  -- Simplify the coefficient equation to get a linear equation in x
  have linear_eq : ∀ x, (a + (a + b))*x + (b - a*b) = 0 := by
    intro x
    rw [← sub_eq_zero]
    convert coeff_eq x using 1
    ring
  
  -- For a linear equation to hold for all x, both the x coefficient and constant term must be zero
  have coeffs_zero : a + (a + b) = 0 ∧ (b - a*b) = 0 := by
    -- Apply the lemma that a linear polynomial is identically zero iff its coefficients are zero
    have h := funext linear_eq
    simp only [add_zero, zero_mul, add_left_inj] at h
    exact (Polynomial.funext_iff.mp h).1
    
  -- We now have two equations:
  -- 1. 2a + b = 0
  -- 2. b(1 - a) = 0
  cases coeffs_zero with
  | intro eq1 eq2 =>
    -- From the second equation b(1 - a) = 0, since b ≠ 0 (from h₀), we must have 1 - a = 0
    have a_eq_1 : a = 1 := by
      -- Since b ≠ 0, the other factor must be zero
      have : 1 - a = 0 := by
2025-04-13 11:11:09 - INFO - Error line:         rw [mul_eq_zero] at eq2
2025-04-13 11:11:09 - INFO - After part: cases eq2 with
        | inl h => exact (h₀.2 h).elim  -- contradicts b ≠ 0
        | inr h => exact h
      linarith
    
    -- Now substitute a = 1 into the first equation to find b
    have b_eq_neg2 : b = -2 := by
      rw [a_eq_1] at eq1
      linarith
    
    -- Combine the results to complete the proof
    exact ⟨a_eq_1, b_eq_neg2⟩
2025-04-13 11:11:09 - INFO - ==================================================

2025-04-13 11:11:10 - INFO - Testing fragment: rw [justaplaceholder]
2025-04-13 11:11:10 - INFO - Original error line:         rw [mul_eq_zero] at eq2
2025-04-13 11:11:12 - INFO - Testing fix: Original errors: 3, Fixed errors: 3
2025-04-13 11:11:12 - INFO - Result: False (introduced 2 new errors)
2025-04-13 11:11:12 - DEBUG - === New errors detail ===
2025-04-13 11:11:12 - DEBUG - New Error 1: line 47, type: unknown_identifier, message: unknown identifier 'justaplaceholder'
2025-04-13 11:11:12 - DEBUG - New Error 2: line 47, type: rewrite_failed, message: tactic 'rewrite' failed, equality or iff proof expected
  ?m.6099
a b : ℝ
h₀ : a ≠ 0 ∧ b ≠ 0
h₁ : ∀ (x : ℝ), x ^ 2 + a * x + b = (x - a) * (x - b)
expanded : ∀ (x : ℝ), x ^ 2 + a * x + b = x ^ 2 - (a + b) * x + a * b
coeff_eq : ∀ (x : ℝ), x ^ 2 + a * x + b - (x ^ 2 - (a + b) * x + a * b) = 0
linear_eq : ∀ (x : ℝ), (a + (a + b)) * x + (b - a * b) = 0
eq1 : a + (a + b) = 0
eq2 : b - a * b = 0
⊢ 1 - a = 0
2025-04-13 11:11:12 - INFO - Testing fragment: rw [<- justaplaceholder]
2025-04-13 11:11:12 - INFO - Original error line:         rw [mul_eq_zero] at eq2
2025-04-13 11:11:14 - INFO - Testing fix: Original errors: 3, Fixed errors: 3
2025-04-13 11:11:14 - INFO - Result: False (introduced 2 new errors)
2025-04-13 11:11:14 - DEBUG - === New errors detail ===
2025-04-13 11:11:14 - DEBUG - New Error 1: line 47, type: unknown_identifier, message: unknown identifier 'justaplaceholder'
2025-04-13 11:11:14 - DEBUG - New Error 2: line 47, type: rewrite_failed, message: tactic 'rewrite' failed, equality or iff proof expected
  ?m.6099
a b : ℝ
h₀ : a ≠ 0 ∧ b ≠ 0
h₁ : ∀ (x : ℝ), x ^ 2 + a * x + b = (x - a) * (x - b)
expanded : ∀ (x : ℝ), x ^ 2 + a * x + b = x ^ 2 - (a + b) * x + a * b
coeff_eq : ∀ (x : ℝ), x ^ 2 + a * x + b - (x ^ 2 - (a + b) * x + a * b) = 0
linear_eq : ∀ (x : ℝ), (a + (a + b)) * x + (b - a * b) = 0
eq1 : a + (a + b) = 0
eq2 : b - a * b = 0
⊢ 1 - a = 0
2025-04-13 11:11:14 - INFO - Testing fragment: simp
2025-04-13 11:11:14 - INFO - Original error line:         rw [mul_eq_zero] at eq2
2025-04-13 11:11:16 - INFO - Testing fix: Original errors: 3, Fixed errors: 2
2025-04-13 11:11:16 - INFO - Result: False (introduced 1 new errors)
2025-04-13 11:11:16 - DEBUG - === New errors detail ===
2025-04-13 11:11:16 - DEBUG - New Error 1: line 47, type: simp_failed, message: simp made no progress
2025-04-13 11:11:16 - INFO - Testing fragment: field_simp
2025-04-13 11:11:16 - INFO - Original error line:         rw [mul_eq_zero] at eq2
2025-04-13 11:11:18 - INFO - Testing fix: Original errors: 3, Fixed errors: 2
2025-04-13 11:11:18 - INFO - Result: False (introduced 1 new errors)
2025-04-13 11:11:18 - DEBUG - === New errors detail ===
2025-04-13 11:11:18 - DEBUG - New Error 1: line 47, type: simp_failed, message: simp made no progress
2025-04-13 11:11:18 - INFO - Testing fragment: norm_num
2025-04-13 11:11:18 - INFO - Original error line:         rw [mul_eq_zero] at eq2
2025-04-13 11:11:20 - INFO - Testing fix: Original errors: 3, Fixed errors: 2
2025-04-13 11:11:20 - INFO - Result: False (introduced 1 new errors)
2025-04-13 11:11:20 - DEBUG - === New errors detail ===
2025-04-13 11:11:20 - DEBUG - New Error 1: line 49, type: other_error, message: invalid alternative name 'inl'
2025-04-13 11:11:20 - INFO - Testing fragment: ring
2025-04-13 11:11:20 - INFO - Original error line:         rw [mul_eq_zero] at eq2
2025-04-13 11:11:22 - INFO - Testing fix: Original errors: 3, Fixed errors: 3
2025-04-13 11:11:22 - INFO - Result: False (introduced 2 new errors)
2025-04-13 11:11:22 - DEBUG - === New errors detail ===
2025-04-13 11:11:22 - DEBUG - New Error 1: line 47, type: ring_failed, message: Try this: ring_nf
2025-04-13 11:11:22 - DEBUG - New Error 2: line 49, type: other_error, message: invalid alternative name 'inl'
2025-04-13 11:11:22 - INFO - Testing fragment: ring_nf
2025-04-13 11:11:22 - INFO - Original error line:         rw [mul_eq_zero] at eq2
2025-04-13 11:11:24 - INFO - Testing fix: Original errors: 3, Fixed errors: 2
2025-04-13 11:11:24 - INFO - Result: False (introduced 1 new errors)
2025-04-13 11:11:24 - DEBUG - === New errors detail ===
2025-04-13 11:11:24 - DEBUG - New Error 1: line 49, type: other_error, message: invalid alternative name 'inl'
2025-04-13 11:11:24 - INFO - Testing fragment: omega
2025-04-13 11:11:24 - INFO - Original error line:         rw [mul_eq_zero] at eq2
2025-04-13 11:11:26 - INFO - Testing fix: Original errors: 3, Fixed errors: 2
2025-04-13 11:11:26 - INFO - Result: False (introduced 1 new errors)
2025-04-13 11:11:26 - DEBUG - === New errors detail ===
2025-04-13 11:11:26 - DEBUG - New Error 1: line 47, type: other_error, message: omega could not prove the goal:
No usable constraints found. You may need to unfold definitions so `omega` can see linear arithmetic facts about `Nat` and `Int`, which may also involve multiplication, division, and modular remainder by constants.
2025-04-13 11:11:26 - INFO - Testing fragment: linarith
2025-04-13 11:11:26 - INFO - Original error line:         rw [mul_eq_zero] at eq2
2025-04-13 11:11:28 - INFO - Testing fix: Original errors: 3, Fixed errors: 2
2025-04-13 11:11:28 - INFO - Result: False (introduced 1 new errors)
2025-04-13 11:11:28 - DEBUG - === New errors detail ===
2025-04-13 11:11:28 - DEBUG - New Error 1: line 47, type: linarith_failed, message: linarith failed to find a contradiction
case h1.h
a b : ℝ
h₀ : a ≠ 0 ∧ b ≠ 0
h₁ : ∀ (x : ℝ), x ^ 2 + a * x + b = (x - a) * (x - b)
expanded : ∀ (x : ℝ), x ^ 2 + a * x + b = x ^ 2 - (a + b) * x + a * b
coeff_eq : ∀ (x : ℝ), x ^ 2 + a * x + b - (x ^ 2 - (a + b) * x + a * b) = 0
linear_eq : ∀ (x : ℝ), (a + (a + b)) * x + (b - a * b) = 0
eq1 : a + (a + b) = 0
eq2 : b - a * b = 0
a✝ : 1 - a < 0
⊢ False
failed
2025-04-13 11:11:28 - INFO - Testing fragment: nlinarith
2025-04-13 11:11:28 - INFO - Original error line:         rw [mul_eq_zero] at eq2
2025-04-13 11:11:30 - INFO - Testing fix: Original errors: 3, Fixed errors: 2
2025-04-13 11:11:30 - INFO - Result: False (introduced 1 new errors)
2025-04-13 11:11:30 - DEBUG - === New errors detail ===
2025-04-13 11:11:30 - DEBUG - New Error 1: line 47, type: linarith_failed, message: linarith failed to find a contradiction
case h2.h
a b : ℝ
h₀ : a ≠ 0 ∧ b ≠ 0
h₁ : ∀ (x : ℝ), x ^ 2 + a * x + b = (x - a) * (x - b)
expanded : ∀ (x : ℝ), x ^ 2 + a * x + b = x ^ 2 - (a + b) * x + a * b
coeff_eq : ∀ (x : ℝ), x ^ 2 + a * x + b - (x ^ 2 - (a + b) * x + a * b) = 0
linear_eq : ∀ (x : ℝ), (a + (a + b)) * x + (b - a * b) = 0
eq1 : a + (a + b) = 0
eq2 : b - a * b = 0
a✝ : 0 < 1 - a
⊢ False
failed
2025-04-13 11:11:30 - INFO - Failed attempt time: 22.04 seconds
2025-04-13 11:11:30 - INFO - ❌ Could not generate fix for error at line 47
2025-04-13 11:11:31 - INFO - 
===== Fix attempt completed =====
2025-04-13 11:11:31 - INFO - Original errors: 3
2025-04-13 11:11:31 - INFO - Fixed errors: 0
2025-04-13 11:11:31 - INFO - Failed errors: 3
2025-04-13 11:11:31 - INFO - Remaining errors: 3
2025-04-13 11:11:31 - INFO - Total time: 68.13 seconds
2025-04-13 11:11:31 - INFO - 
Final fixed code:
2025-04-13 11:11:31 - INFO - ----------------------------------------
2025-04-13 11:11:31 - INFO - /-- Suppose that $a$ and $b$ are nonzero real numbers, and that the [[equation]] $x^2 + ax + b = 0$ has solutions $a$ and $b$. Then the pair $(a,b)$ is

$\mathrm{(A)}\ (-2,1)
\qquad\mathrm{(B)}\ (-1,2)
\qquad\mathrm{(C)}\ (1,-2)
\qquad\mathrm{(D)}\ (2,-1)
\qquad\mathrm{(E)}\ (4,4)$ Show that it is \mathrm{(C)}\ (1,-2).-/
theorem amc12b_2002_p6 (a b : ℝ) (h₀ : a ≠ 0 ∧ b ≠ 0)
  (h₁ : ∀ x, x ^ 2 + a * x + b = (x - a) * (x - b)) : a = 1 ∧ b = -2 := by
  -- First, we expand the right-hand side of the equation to get a polynomial equality
  have expanded : ∀ x, x^2 + a*x + b = x^2 - (a + b)*x + a*b := by
    intro x
    -- Expand (x - a)(x - b) using the distributive property
    rw [h₁ x]
    ring
  
  -- Since two polynomials are equal for all x, their coefficients must be equal
  -- We extract the coefficients by subtracting one side from the other
  have coeff_eq : ∀ x, (x^2 + a*x + b) - (x^2 - (a + b)*x + a*b) = 0 := by
    intro x
    rw [expanded x]
    simp
  
  -- Simplify the coefficient equation to get a linear equation in x
  have linear_eq : ∀ x, (a + (a + b))*x + (b - a*b) = 0 := by
    intro x
    rw [← sub_eq_zero]
    convert coeff_eq x using 1
    ring
  
  -- For a linear equation to hold for all x, both the x coefficient and constant term must be zero
  have coeffs_zero : a + (a + b) = 0 ∧ (b - a*b) = 0 := by
    -- Apply the lemma that a linear polynomial is identically zero iff its coefficients are zero
    have h := funext linear_eq
    simp only [add_zero, zero_mul, add_left_inj] at h
    exact (Polynomial.funext_iff.mp h).1
    
  -- We now have two equations:
  -- 1. 2a + b = 0
  -- 2. b(1 - a) = 0
  cases coeffs_zero with
  | intro eq1 eq2 =>
    -- From the second equation b(1 - a) = 0, since b ≠ 0 (from h₀), we must have 1 - a = 0
    have a_eq_1 : a = 1 := by
      -- Since b ≠ 0, the other factor must be zero
      have : 1 - a = 0 := by
        rw [mul_eq_zero] at eq2
        cases eq2 with
        | inl h => exact (h₀.2 h).elim  -- contradicts b ≠ 0
        | inr h => exact h
      linarith
    
    -- Now substitute a = 1 into the first equation to find b
    have b_eq_neg2 : b = -2 := by
      rw [a_eq_1] at eq1
      linarith
    
    -- Combine the results to complete the proof
    exact ⟨a_eq_1, b_eq_neg2⟩
2025-04-13 11:11:31 - INFO - ----------------------------------------
2025-04-13 11:11:31 - INFO - 
Detailed error repair report:
2025-04-13 11:11:31 - INFO - Original code error count: 3
❌ Fixed error 1/3: Could not generate fix for error at line 36 «function_expected» (after 22.04s)
❌ Fixed error 2/3: Could not generate fix for error at line 47 «other_error» (after 22.04s)
❌ Fixed error 3/3: Could not generate fix for error at line 47 «rewrite_failed» (after 22.04s)

=== Fix statistics ===
Original error count: 3
Fixed errors: 0 (Fix rate: 0.0000)
Failed errors: 3
Remaining errors: 3
Total time: 68.13 seconds

=== Failed fix details ===

Failed fix 1:
   Line: 36
   Error type: function_expected
   Original error message: function expected at
  Function.funext_iff
term has type
  ?m.5844 = ?m.5845 ↔ ∀ (a : ?m.5842), ?m.5...
   Failure reason: Could not generate fix
   Time: 22.04 seconds

Failed fix 2:
   Line: 47
   Error type: other_error
   Original error message: ambiguous, possible interpretations 
  _root_.mul_eq_zero : ?m.6103 * ?m.6104 = 0 ↔ ?m.6103 = 0 ∨ ?m...
   Failure reason: Could not generate fix
   Time: 22.04 seconds

Failed fix 3:
   Line: 47
   Error type: rewrite_failed
   Original error message: tactic 'rewrite' failed, equality or iff proof expected
  ?m.6201
a b : ℝ
h₀ : a ≠ 0 ∧ b ≠ 0
h₁ : ∀ ...
   Failure reason: Could not generate fix
   Time: 22.04 seconds
2025-04-13 11:11:31 - INFO - 
Fixed code saved to: /data/coding/minif2f/lean_fixed/78_fixed.lean
2025-04-13 11:11:31 - INFO - JSON log saved to: /data/coding/minif2f/lean_fixed/78_fix_log.json
2025-04-13 11:11:31 - INFO - 
===== LOG FILE LOCATION =====
2025-04-13 11:11:31 - INFO - Detailed log file is available at: /data/coding/minif2f/lean_fixed/78.log
2025-04-13 11:11:31 - INFO - ===============================
