2025-04-13 11:10:22 - INFO - Log file initialized at 2025-04-13T11:10:22.445305
2025-04-13 11:10:22 - INFO - ===== LOG FILE LOCATION =====
2025-04-13 11:10:22 - INFO - Detailed log file created at: ./minif2f/lean_fixed/79.log
2025-04-13 11:10:22 - INFO - ===============================
2025-04-13 11:10:22 - INFO - Original code:
2025-04-13 11:10:22 - INFO - ----------------------------------------
2025-04-13 11:10:22 - INFO - import Mathlib
import Aesop

set_option maxHeartbeats 0  -- Disable heartbeat limit to prevent timeout during computation

open BigOperators Real Nat Topology Rat

/-- 
Find the remainder of 2^8 when it is divided by 5. Show that it is 1.
This is a straightforward computation, but we'll prove it using modular arithmetic properties.
-/
theorem mathd_numbertheory_102 : 2 ^ 8 % 5 = 1 := by
  -- First approach: Direct computation
  -- We could simply compute 2^8 = 256 and then 256 % 5 = 1
  -- But let's prove it more formally using properties of exponents and moduli

  -- Step 1: Rewrite 2^8 as (2^4)^2 to simplify the computation
  have h1 : 2^8 = (2^4)^2 := by rw [← pow_mul, mul_comm, pow_mul]
  
  -- Step 2: Compute 2^4 = 16
  have h2 : 2^4 = 16 := by norm_num
  
  -- Step 3: Compute 16 mod 5 = 1 (since 16 = 3*5 + 1)
  have h3 : 16 % 5 = 1 := by norm_num
  
  -- Step 4: Substitute back to show (2^4)^2 mod 5 = 16^2 mod 5
  have h4 : (2^4)^2 % 5 = 16^2 % 5 := by rw [h2]
  
  -- Step 5: Use the property that (a mod m)^n mod m = a^n mod m
  -- So 16^2 mod 5 = (16 mod 5)^2 mod 5 = 1^2 mod 5 = 1 mod 5
  have h5 : 16^2 % 5 = (16 % 5)^2 % 5 := by rw [pow_mod]
  
  -- Step 6: Substitute h3 into h5
  have h6 : (16 % 5)^2 % 5 = 1^2 % 5 := by rw [h3]
  
  -- Step 7: Compute 1^2 % 5 = 1
  have h7 : 1^2 % 5 = 1 := by norm_num
  
  -- Step 8: Chain all the equalities together
  rw [h1, h4, h5, h6, h7]
  
  -- Alternative one-line proof using norm_num which can handle this computation directly
  -- by norm_num
2025-04-13 11:10:22 - INFO - ----------------------------------------
2025-04-13 11:10:22 - INFO - 
Checking original code for all errors...
2025-04-13 11:10:27 - INFO - Original code contains 1 errors:
2025-04-13 11:10:27 - INFO - Error 1: line 11, type: other_error, message: unsolved goals
⊢ 2 ^ 8 = (2 ^ 2) ^ 4...
2025-04-13 11:10:27 - INFO - 
Starting multi-error continuous repair process...
2025-04-13 11:10:27 - INFO - 
===== Starting to fix all errors =====
2025-04-13 11:10:28 - INFO - 
Found 1 original errors:
2025-04-13 11:10:28 - INFO - Error 1: line 11, type: other_error, message: unsolved goals
⊢ 2 ^ 8 = (2 ^ 2) ^ 4...
2025-04-13 11:10:28 - INFO - 
Trying to fix error 1/1: line 11, type: other_error
2025-04-13 11:10:28 - INFO - Error message: unsolved goals
⊢ 2 ^ 8 = (2 ^ 2) ^ 4...
2025-04-13 11:10:28 - INFO - Removed header content, remaining 36 lines of code
2025-04-13 11:10:28 - INFO - Using specified target error line: 11
2025-04-13 11:10:29 - INFO - Found error at specified line: unsolved goals
⊢ 2 ^ 8 = (2 ^ 2) ^ 4
2025-04-13 11:10:29 - INFO - Error at line 11: unsolved goals
⊢ 2 ^ 8 = (2 ^ 2) ^ 4
2025-04-13 11:10:29 - INFO - 
==================================================
2025-04-13 11:10:29 - INFO - Code prepared, starting synthesis
2025-04-13 11:10:29 - INFO - Before part: /-- 
Find the remainder of 2^8 when it is divided by 5. Show that it is 1.
This is a straightforward computation, but we'll prove it using modular arithmetic properties.
-/
theorem mathd_numbertheory_102 : 2 ^ 8 % 5 = 1 := by
  -- First approach: Direct computation
  -- We could simply compute 2^8 = 256 and then 256 % 5 = 1
  -- But let's prove it more formally using properties of exponents and moduli

  -- Step 1: Rewrite 2^8 as (2^4)^2 to simplify the computation
2025-04-13 11:10:29 - INFO - Error line:   have h1 : 2^8 = (2^4)^2 := by rw [← pow_mul, mul_comm, pow_mul]
2025-04-13 11:10:29 - INFO - After part: -- Step 2: Compute 2^4 = 16
  have h2 : 2^4 = 16 := by norm_num
  
  -- Step 3: Compute 16 mod 5 = 1 (since 16 = 3*5 + 1)
  have h3 : 16 % 5 = 1 := by norm_num
  
  -- Step 4: Substitute back to show (2^4)^2 mod 5 = 16^2 mod 5
  have h4 : (2^4)^2 % 5 = 16^2 % 5 := by rw [h2]
  
  -- Step 5: Use the property that (a mod m)^n mod m = a^n mod m
  -- So 16^2 mod 5 = (16 mod 5)^2 mod 5 = 1^2 mod 5 = 1 mod 5
  have h5 : 16^2 % 5 = (16 % 5)^2 % 5 := by rw [pow_mod]
  
  -- Step 6: Substitute h3 into h5
  have h6 : (16 % 5)^2 % 5 = 1^2 % 5 := by rw [h3]
  
  -- Step 7: Compute 1^2 % 5 = 1
  have h7 : 1^2 % 5 = 1 := by norm_num
  
  -- Step 8: Chain all the equalities together
  rw [h1, h4, h5, h6, h7]
  
  -- Alternative one-line proof using norm_num which can handle this computation directly
  -- by norm_num
2025-04-13 11:10:29 - INFO - ==================================================

2025-04-13 11:10:30 - INFO - Testing fragment: rw [justaplaceholder]
2025-04-13 11:10:30 - INFO - Original error line:   have h1 : 2^8 = (2^4)^2 := by rw [← pow_mul, mul_comm, pow_mul]
2025-04-13 11:10:32 - INFO - Testing fix: Original errors: 1, Fixed errors: 2
2025-04-13 11:10:32 - INFO - Result: False (introduced 2 new errors)
2025-04-13 11:10:32 - DEBUG - === New errors detail ===
2025-04-13 11:10:32 - DEBUG - New Error 1: line 11, type: unknown_identifier, message: unknown identifier 'justaplaceholder'
2025-04-13 11:10:32 - DEBUG - New Error 2: line 11, type: rewrite_failed, message: tactic 'rewrite' failed, equality or iff proof expected
  ?m.2360
⊢ 2 ^ 8 = (2 ^ 4) ^ 2
2025-04-13 11:10:32 - INFO - Testing fragment: rw [<- justaplaceholder]
2025-04-13 11:10:32 - INFO - Original error line:   have h1 : 2^8 = (2^4)^2 := by rw [← pow_mul, mul_comm, pow_mul]
2025-04-13 11:10:34 - INFO - Testing fix: Original errors: 1, Fixed errors: 2
2025-04-13 11:10:34 - INFO - Result: False (introduced 2 new errors)
2025-04-13 11:10:34 - DEBUG - === New errors detail ===
2025-04-13 11:10:34 - DEBUG - New Error 1: line 11, type: unknown_identifier, message: unknown identifier 'justaplaceholder'
2025-04-13 11:10:34 - DEBUG - New Error 2: line 11, type: rewrite_failed, message: tactic 'rewrite' failed, equality or iff proof expected
  ?m.2360
⊢ 2 ^ 8 = (2 ^ 4) ^ 2
2025-04-13 11:10:34 - INFO - Testing fragment: simp
2025-04-13 11:10:34 - INFO - Original error line:   have h1 : 2^8 = (2^4)^2 := by rw [← pow_mul, mul_comm, pow_mul]
2025-04-13 11:10:36 - INFO - Testing fix: Original errors: 1, Fixed errors: 0
2025-04-13 11:10:36 - INFO - Result: True (no errors)
2025-04-13 11:10:36 - DEBUG - === Original errors detail ===
2025-04-13 11:10:36 - DEBUG - Error 1: line 11, type: other_error, message: unsolved goals
⊢ 2 ^ 8 = (2 ^ 2) ^ 4
2025-04-13 11:10:36 - DEBUG - === Fixed code comparison ===
2025-04-13 11:10:36 - DEBUG - Line 11 changed:
2025-04-13 11:10:36 - DEBUG -   Original:   have h1 : 2^8 = (2^4)^2 := by rw [← pow_mul, mul_comm, pow_mul]
2025-04-13 11:10:36 - DEBUG -   Fixed:      have h1 : 2^8 = (2^4)^2 := by simp
2025-04-13 11:10:36 - INFO - Found effective solution: simp
2025-04-13 11:10:36 - INFO - 
==================================================
2025-04-13 11:10:36 - INFO - Fixed code:
2025-04-13 11:10:36 - INFO - /-- 
Find the remainder of 2^8 when it is divided by 5. Show that it is 1.
This is a straightforward computation, but we'll prove it using modular arithmetic properties.
-/
theorem mathd_numbertheory_102 : 2 ^ 8 % 5 = 1 := by
  -- First approach: Direct computation
  -- We could simply compute 2^8 = 256 and then 256 % 5 = 1
  -- But let's prove it more formally using properties of exponents and moduli

  -- Step 1: Rewrite 2^8 as (2^4)^2 to simplify the computation
  simp
  
  -- Step 2: Compute 2^4 = 16
  have h2 : 2^4 = 16 := by norm_num
  
  -- Step 3: Compute 16 mod 5 = 1 (since 16 = 3*5 + 1)
  have h3 : 16 % 5 = 1 := by norm_num
  
  -- Step 4: Substitute back to show (2^4)^2 mod 5 = 16^2 mod 5
  have h4 : (2^4)^2 % 5 = 16^2 % 5 := by rw [h2]
  
  -- Step 5: Use the property that (a mod m)^n mod m = a^n mod m
  -- So 16^2 mod 5 = (16 mod 5)^2 mod 5 = 1^2 mod 5 = 1 mod 5
  have h5 : 16^2 % 5 = (16 % 5)^2 % 5 := by rw [pow_mod]
  
  -- Step 6: Substitute h3 into h5
  have h6 : (16 % 5)^2 % 5 = 1^2 % 5 := by rw [h3]
  
  -- Step 7: Compute 1^2 % 5 = 1
  have h7 : 1^2 % 5 = 1 := by norm_num
  
  -- Step 8: Chain all the equalities together
  rw [h1, h4, h5, h6, h7]
  
  -- Alternative one-line proof using norm_num which can handle this computation directly
  -- by norm_num
2025-04-13 11:10:36 - INFO - ==================================================
2025-04-13 11:10:38 - INFO - Original code error count: 1
2025-04-13 11:10:38 - INFO - Fixed code error count: 1
2025-04-13 11:10:38 - INFO - Result: False (introduced 1 new errors)
2025-04-13 11:10:38 - DEBUG - === New errors detail ===
2025-04-13 11:10:38 - DEBUG - New Error 1: line 14, type: no_goals_to_solve, message: no goals to be solved
2025-04-13 11:10:38 - INFO - 
==================================================
2025-04-13 11:10:38 - INFO - Synthesis successful
2025-04-13 11:10:38 - INFO - ==================================================
2025-04-13 11:10:38 - INFO - Fix time: 10.02 seconds
2025-04-13 11:10:38 - INFO - ✅ Fixed error at line 11
2025-04-13 11:10:39 - INFO - 
===== Fix attempt completed =====
2025-04-13 11:10:39 - INFO - Original errors: 1
2025-04-13 11:10:39 - INFO - Fixed errors: 1
2025-04-13 11:10:39 - INFO - Failed errors: 0
2025-04-13 11:10:39 - INFO - Remaining errors: 1
2025-04-13 11:10:39 - INFO - Total time: 12.02 seconds
2025-04-13 11:10:39 - INFO - 
Final fixed code:
2025-04-13 11:10:39 - INFO - ----------------------------------------
2025-04-13 11:10:39 - INFO - /-- 
Find the remainder of 2^8 when it is divided by 5. Show that it is 1.
This is a straightforward computation, but we'll prove it using modular arithmetic properties.
-/
theorem mathd_numbertheory_102 : 2 ^ 8 % 5 = 1 := by
  -- First approach: Direct computation
  -- We could simply compute 2^8 = 256 and then 256 % 5 = 1
  -- But let's prove it more formally using properties of exponents and moduli

  -- Step 1: Rewrite 2^8 as (2^4)^2 to simplify the computation
  simp
  
  -- Step 2: Compute 2^4 = 16
  have h2 : 2^4 = 16 := by norm_num
  
  -- Step 3: Compute 16 mod 5 = 1 (since 16 = 3*5 + 1)
  have h3 : 16 % 5 = 1 := by norm_num
  
  -- Step 4: Substitute back to show (2^4)^2 mod 5 = 16^2 mod 5
  have h4 : (2^4)^2 % 5 = 16^2 % 5 := by rw [h2]
  
  -- Step 5: Use the property that (a mod m)^n mod m = a^n mod m
  -- So 16^2 mod 5 = (16 mod 5)^2 mod 5 = 1^2 mod 5 = 1 mod 5
  have h5 : 16^2 % 5 = (16 % 5)^2 % 5 := by rw [pow_mod]
  
  -- Step 6: Substitute h3 into h5
  have h6 : (16 % 5)^2 % 5 = 1^2 % 5 := by rw [h3]
  
  -- Step 7: Compute 1^2 % 5 = 1
  have h7 : 1^2 % 5 = 1 := by norm_num
  
  -- Step 8: Chain all the equalities together
  rw [h1, h4, h5, h6, h7]
  
  -- Alternative one-line proof using norm_num which can handle this computation directly
  -- by norm_num
2025-04-13 11:10:39 - INFO - ----------------------------------------
2025-04-13 11:10:39 - INFO - 
Detailed error repair report:
2025-04-13 11:10:39 - INFO - Original code error count: 1
✅ Fixed error 1/1: Successfully fixed error at line 11 «other_error» (in 10.02s)

=== Fix statistics ===
Original error count: 1
Fixed errors: 1 (Fix rate: 1.0000)
Failed errors: 0
Remaining errors: 1
Total time: 12.02 seconds

=== Successful fix details ===

Fix 1:
   Line: 11
   Error type: other_error
   Original error message: unsolved goals
⊢ 2 ^ 8 = (2 ^ 2) ^ 4...
   Fix snippet: simp
   Fixed line:   simp
   Time: 10.02 seconds
2025-04-13 11:10:39 - INFO - 
Fixed code saved to: ./minif2f/lean_fixed/79_fixed.lean
2025-04-13 11:10:39 - INFO - JSON log saved to: ./minif2f/lean_fixed/79_fix_log.json
2025-04-13 11:10:39 - INFO - 
===== LOG FILE LOCATION =====
2025-04-13 11:10:39 - INFO - Detailed log file is available at: ./minif2f/lean_fixed/79.log
2025-04-13 11:10:39 - INFO - ===============================
