2025-04-13 11:10:22 - INFO - Log file initialized at 2025-04-13T11:10:22.455350
2025-04-13 11:10:22 - INFO - ===== LOG FILE LOCATION =====
2025-04-13 11:10:22 - INFO - Detailed log file created at: ./minif2f/lean_fixed/8.log
2025-04-13 11:10:22 - INFO - ===============================
2025-04-13 11:10:22 - INFO - Original code:
2025-04-13 11:10:22 - INFO - ----------------------------------------
2025-04-13 11:10:22 - INFO - import Mathlib
import Aesop

set_option maxHeartbeats 0

open BigOperators Real Nat Topology Rat

/-- What is the average of the two smallest positive integer solutions to the congruence $$14u \equiv 46 \pmod{100}~?$$ Show that it is 64.-/
theorem mathd_numbertheory_13 (u v : ℕ) (S : Set ℕ)
  (h₀ : ∀ n : ℕ, n ∈ S ↔ 0 < n ∧ 14 * n % 100 = 46) (h₁ : IsLeast S u)
  (h₂ : IsLeast (S \ {u}) v) : (u + v : ℚ) / 2 = 64 := by
  -- First, we need to find all positive integer solutions to 14n ≡ 46 mod 100
  -- This congruence is equivalent to 14n - 100k = 46 for some integer k
  -- Or simplified to: 7n - 50k = 23 (dividing both sides by 2)

  -- The general solution to 7n ≡ 23 mod 50 can be found using the modular inverse
  -- We first find a particular solution to 7n ≡ 23 mod 50

  -- Compute the modular inverse of 7 modulo 50
  -- Since gcd(7, 50) = 1, the inverse exists
  have h_inv : 7 * 43 ≡ 1 [MOD 50] := by norm_num
  -- Therefore, n ≡ 23 * 43 mod 50 is a particular solution

  -- Compute 23 * 43 mod 50:
  have h_part : 23 * 43 ≡ 39 [MOD 50] := by norm_num
  -- So the general solution is n ≡ 39 mod 50

  -- Now we can express all positive solutions as n = 39 + 50t for t ∈ ℕ₀
  -- Let's find the smallest two positive solutions:

  -- First solution (t = 0): n = 39
  have u_eq : u = 39 := by
    -- Show 39 is in S
    have h39 : 39 ∈ S := by
      rw [h₀]
      refine ⟨by norm_num, ?_⟩
      -- Check 14 * 39 mod 100 = 46
      calc 14 * 39 % 100
        _ = 546 % 100 := by rw [mul_comm]
        _ = 46 := by norm_num
    -- Show it's the least element
    apply le_antisymm
    · apply h₁.1.2 h39
    · -- Any smaller positive natural would have to be <39
      -- Check that numbers 1..38 don't satisfy the condition
      suffices ∀ n < 39, 0 < n → 14 * n % 100 ≠ 46 by
        intro n hn
        rw [h₀] at hn
        exact not_lt.1 (mt (this n) (not_and.1 (not_iff_not.2 hn).1))
      intro n n_lt pos_n
      -- We could check all 38 cases, but here we'll just show the pattern fails
      -- The pattern repeats every 50 numbers, so we only need to check n < 50
      -- and we know the smallest solution is 39
      have : n ≤ 38 := by linarith
      -- For n < 39, 14n mod 100 cycles through values that never hit 46
      -- This is a bit tedious to prove, so we'll use a tactic to check all cases
      interval_cases n
      all_goals { simp [mul_comm, (show 14 * n = n * 14 by rw [mul_comm]) }
      all_goals { norm_num }

  -- Second smallest solution (t = 1): n = 39 + 50 = 89
  have v_eq : v = 89 := by
    -- Show 89 is in S \ {u}
    have h89 : 89 ∈ S \ {u} := by
      rw [mem_diff_singleton, h₀, u_eq]
      refine ⟨⟨by norm_num, ?_⟩, by simp⟩
      -- Check 14 * 89 mod 100 = 46
      calc 14 * 89 % 100
        _ = 1246 % 100 := by rw [mul_comm]
        _ = 46 := by norm_num
    -- Show it's the least element in S \ {39}
    apply le_antisymm
    · apply h₂.1.2 h89
    · -- Any other solution must be ≥89 since the next would be 39 + 100 = 139
      intro n hn
      rw [mem_diff_singleton, h₀, u_eq] at hn
      obtain ⟨⟨pos_n, hn_mod⟩, hn_ne⟩ := hn
      -- We know n ≡ 39 mod 50, so n = 39 + 50k for some k > 0
      -- Since n ≠ 39, k ≥ 1
      -- The next possible value is k=1 giving n=89
      have h_mod : n % 50 = 39 := by
        rw [Nat.mod_eq_of_lt]
        · have : 14 * n % 100 = 46 := hn_mod
          rw [← Nat.mod_eq_of_lt (n_lt := ?_)] at this
          · have : 7 * n % 50 = 23 := by
              rw [← Nat.ModEq] at this ⊢
              have : 100 = 2 * 50 := by norm_num
              rw [this] at this
              exact Nat.ModEq.of_mul_right 2 this
            rw [← Nat.modEq_iff_dvd' (by norm_num : 39 < 50)]
            apply Nat.ModEq.symm
            rw [Nat.modEq_iff_dvd']
            -- 7n ≡ 23 mod 50 → n ≡ 23 * 43 mod 50 ≡ 39 mod 50
            rw [← this]
            norm_num
          · linarith
        · have : n ≠ 39 := by simpa using hn_ne
          -- Since n is a solution >39, it must be ≥89
          -- because solutions come in the form 39 + 50k
          have : n ≥ 39 + 50 := by
            apply Int.le_of_add_le_add_right
            rw [← zero_add 39]
            apply Int.add_le_add
            · exact Int.ofNat_zero_le _
            · have : 50 ≤ 50 * (n / 50) := by
                apply Nat.mul_le_mul_left
                apply Nat.div_pos (by linarith) (by norm_num)
              rw [← Int.ofNat_le] at this
              exact this
          linarith

  -- Now compute the average of u and v
  rw [u_eq, v_eq]
  -- (39 + 89) / 2 = 128 / 2 = 64
  norm_num
2025-04-13 11:10:22 - INFO - ----------------------------------------
2025-04-13 11:10:22 - INFO - 
Checking original code for all errors...
2025-04-13 11:10:42 - INFO - Original code contains 5 errors:
2025-04-13 11:10:42 - INFO - Error 1: line 58, type: syntax_error, message: unexpected token '}'; expected ']'...
2025-04-13 11:10:42 - INFO - Error 2: line 21, type: other_error, message: unsolved goals
u v : ℕ
S : Set ℕ
h₀ : ∀ (n : ℕ), n ∈ S ↔ 0 < n ∧ 14 * n % 100 = 46
h₁ : IsLeast S u
...
2025-04-13 11:10:42 - INFO - Error 3: line 25, type: other_error, message: unsolved goals
u v : ℕ
S : Set ℕ
h₀ : ∀ (n : ℕ), n ∈ S ↔ 0 < n ∧ 14 * n % 100 = 46
h₁ : IsLeast S u
...
2025-04-13 11:10:42 - INFO - Error 4: line 39, type: other_error, message: unsolved goals
u v : ℕ
S : Set ℕ
h₀ : ∀ (n : ℕ), n ∈ S ↔ 0 < n ∧ 14 * n % 100 = 46
h₁ : IsLeast S u
...
2025-04-13 11:10:42 - INFO - Error 5: line 11, type: other_error, message: unsolved goals
u v : ℕ
S : Set ℕ
h₀ : ∀ (n : ℕ), n ∈ S ↔ 0 < n ∧ 14 * n % 100 = 46
h₁ : IsLeast S u
...
2025-04-13 11:10:42 - INFO - 
Starting multi-error continuous repair process...
2025-04-13 11:10:42 - INFO - 
===== Starting to fix all errors =====
2025-04-13 11:10:43 - INFO - 
Found 12 original errors:
2025-04-13 11:10:43 - INFO - Error 1: line 14, type: other_error, message: expected token...
2025-04-13 11:10:43 - INFO - Error 2: line 3, type: failed_to_synthesize, message: failed to synthesize
  LT ℕ
use `set_option diagnostics true` to get diagnostic information...
2025-04-13 11:10:43 - INFO - Error 3: line 3, type: failed_to_synthesize, message: failed to synthesize
  OfNat ℕ 46
numerals are polymorphic in Lean, but the numeral `46` cannot be u...
2025-04-13 11:10:43 - INFO - Error 4: line 4, type: failed_to_synthesize, message: failed to synthesize
  HAdd ℕ ℕ ?m.883
use `set_option diagnostics true` to get diagnostic informati...
2025-04-13 11:10:43 - INFO - Error 5: line 4, type: failed_to_synthesize, message: failed to synthesize
  OfNat ℚ 64
numerals are polymorphic in Lean, but the numeral `64` cannot be u...
2025-04-13 11:10:43 - INFO - Error 6: line 3, type: failed_to_synthesize, message: failed to synthesize
  OfNat ℕ 0
numerals are polymorphic in Lean, but the numeral `0` cannot be use...
2025-04-13 11:10:43 - INFO - Error 7: line 3, type: failed_to_synthesize, message: failed to synthesize
  HMul Nat ℕ (?m.611 n)
use `set_option diagnostics true` to get diagnostic inf...
2025-04-13 11:10:43 - INFO - Error 8: line 4, type: failed_to_synthesize, message: failed to synthesize
  HDiv ℚ Nat ℚ
use `set_option diagnostics true` to get diagnostic information...
2025-04-13 11:10:43 - INFO - Error 9: line 2, type: function_expected, message: function expected at
  Set
term has type
  ?m.11...
2025-04-13 11:10:43 - INFO - Error 10: line 3, type: function_expected, message: function expected at
  IsLeast
term has type
  ?m.211...
2025-04-13 11:10:43 - INFO - Error 11: line 4, type: function_expected, message: function expected at
  IsLeast
term has type
  ?m.211...
2025-04-13 11:10:43 - INFO - Error 12: line 4, type: other_error, message: unsolved goals
case refine_2
ℕ : Type u_1
x✝¹ : Sort u_2
Set : x✝¹
x✝ : Sort u_3
IsLeast : x✝
ℚ : Ty...
2025-04-13 11:10:43 - INFO - 
Trying to fix error 1/12: line 2, type: function_expected
2025-04-13 11:10:43 - INFO - Error message: function expected at
  Set
term has type
  ?m.11...
2025-04-13 11:10:43 - INFO - Removed header content, remaining 108 lines of code
2025-04-13 11:10:43 - INFO - Using specified target error line: 2
2025-04-13 11:10:44 - INFO - Found error at specified line: function expected at
  Set
term has type
  ?m.11
2025-04-13 11:10:44 - INFO - Error at line 2: function expected at
  Set
term has type
  ?m.11
2025-04-13 11:10:44 - INFO - 
==================================================
2025-04-13 11:10:44 - INFO - Code prepared, starting synthesis
2025-04-13 11:10:44 - INFO - Before part: /-- What is the average of the two smallest positive integer solutions to the congruence $$14u \equiv 46 \pmod{100}~?$$ Show that it is 64.-/
2025-04-13 11:10:44 - INFO - Error line: theorem mathd_numbertheory_13 (u v : ℕ) (S : Set ℕ)
2025-04-13 11:10:44 - INFO - After part: (h₀ : ∀ n : ℕ, n ∈ S ↔ 0 < n ∧ 14 * n % 100 = 46) (h₁ : IsLeast S u)
  (h₂ : IsLeast (S \ {u}) v) : (u + v : ℚ) / 2 = 64 := by
  -- First, we need to find all positive integer solutions to 14n ≡ 46 mod 100
  -- This congruence is equivalent to 14n - 100k = 46 for some integer k
  -- Or simplified to: 7n - 50k = 23 (dividing both sides by 2)

  -- The general solution to 7n ≡ 23 mod 50 can be found using the modular inverse
  -- We first find a particular solution to 7n ≡ 23 mod 50

  -- Compute the modular inverse of 7 modulo 50
  -- Since gcd(7, 50) = 1, the inverse exists
  have h_inv : 7 * 43 ≡ 1 [MOD 50] := by norm_num
  -- Therefore, n ≡ 23 * 43 mod 50 is a particular solution

  -- Compute 23 * 43 mod 50:
  have h_part : 23 * 43 ≡ 39 [MOD 50] := by norm_num
  -- So the general solution is n ≡ 39 mod 50

  -- Now we can express all positive solutions as n = 39 + 50t for t ∈ ℕ₀
  -- Let's find the smallest two positive solutions:

  -- First solution (t = 0): n = 39
  have u_eq : u = 39 := by
    -- Show 39 is in S
    have h39 : 39 ∈ S := by
      rw [h₀]
      refine ⟨by norm_num, ?_⟩
      -- Check 14 * 39 mod 100 = 46
      calc 14 * 39 % 100
        _ = 546 % 100 := by rw [mul_comm]
        _ = 46 := by norm_num
    -- Show it's the least element
    apply le_antisymm
    · apply h₁.1.2 h39
    · -- Any smaller positive natural would have to be <39
      -- Check that numbers 1..38 don't satisfy the condition
      suffices ∀ n < 39, 0 < n → 14 * n % 100 ≠ 46 by
        intro n hn
        rw [h₀] at hn
        exact not_lt.1 (mt (this n) (not_and.1 (not_iff_not.2 hn).1))
      intro n n_lt pos_n
      -- We could check all 38 cases, but here we'll just show the pattern fails
      -- The pattern repeats every 50 numbers, so we only need to check n < 50
      -- and we know the smallest solution is 39
      have : n ≤ 38 := by linarith
      -- For n < 39, 14n mod 100 cycles through values that never hit 46
      -- This is a bit tedious to prove, so we'll use a tactic to check all cases
      interval_cases n
      all_goals { simp [mul_comm, (show 14 * n = n * 14 by rw [mul_comm]) }
      all_goals { norm_num }

  -- Second smallest solution (t = 1): n = 39 + 50 = 89
  have v_eq : v = 89 := by
    -- Show 89 is in S \ {u}
    have h89 : 89 ∈ S \ {u} := by
      rw [mem_diff_singleton, h₀, u_eq]
      refine ⟨⟨by norm_num, ?_⟩, by simp⟩
      -- Check 14 * 89 mod 100 = 46
      calc 14 * 89 % 100
        _ = 1246 % 100 := by rw [mul_comm]
        _ = 46 := by norm_num
    -- Show it's the least element in S \ {39}
    apply le_antisymm
    · apply h₂.1.2 h89
    · -- Any other solution must be ≥89 since the next would be 39 + 100 = 139
      intro n hn
      rw [mem_diff_singleton, h₀, u_eq] at hn
      obtain ⟨⟨pos_n, hn_mod⟩, hn_ne⟩ := hn
      -- We know n ≡ 39 mod 50, so n = 39 + 50k for some k > 0
      -- Since n ≠ 39, k ≥ 1
      -- The next possible value is k=1 giving n=89
      have h_mod : n % 50 = 39 := by
        rw [Nat.mod_eq_of_lt]
        · have : 14 * n % 100 = 46 := hn_mod
          rw [← Nat.mod_eq_of_lt (n_lt := ?_)] at this
          · have : 7 * n % 50 = 23 := by
              rw [← Nat.ModEq] at this ⊢
              have : 100 = 2 * 50 := by norm_num
              rw [this] at this
              exact Nat.ModEq.of_mul_right 2 this
            rw [← Nat.modEq_iff_dvd' (by norm_num : 39 < 50)]
            apply Nat.ModEq.symm
            rw [Nat.modEq_iff_dvd']
            -- 7n ≡ 23 mod 50 → n ≡ 23 * 43 mod 50 ≡ 39 mod 50
            rw [← this]
            norm_num
          · linarith
        · have : n ≠ 39 := by simpa using hn_ne
          -- Since n is a solution >39, it must be ≥89
          -- because solutions come in the form 39 + 50k
          have : n ≥ 39 + 50 := by
            apply Int.le_of_add_le_add_right
            rw [← zero_add 39]
            apply Int.add_le_add
            · exact Int.ofNat_zero_le _
            · have : 50 ≤ 50 * (n / 50) := by
                apply Nat.mul_le_mul_left
                apply Nat.div_pos (by linarith) (by norm_num)
              rw [← Int.ofNat_le] at this
              exact this
          linarith

  -- Now compute the average of u and v
  rw [u_eq, v_eq]
  -- (39 + 89) / 2 = 128 / 2 = 64
  norm_num
2025-04-13 11:10:44 - INFO - ==================================================

2025-04-13 11:10:45 - INFO - Testing fragment: rw [justaplaceholder]
2025-04-13 11:10:45 - INFO - Original error line: theorem mathd_numbertheory_13 (u v : ℕ) (S : Set ℕ)
2025-04-13 11:10:47 - INFO - Testing fix: Original errors: 12, Fixed errors: 1
2025-04-13 11:10:47 - INFO - Result: False (introduced 1 new errors)
2025-04-13 11:10:47 - DEBUG - === New errors detail ===
2025-04-13 11:10:47 - DEBUG - New Error 1: line 1, type: other_error, message: unexpected identifier; expected '#guard_msgs', 'abbrev', 'add_decl_doc', 'axiom', 'binder_predicate', 'builtin_dsimproc', 'builtin_dsimproc_decl', 'builtin_initialize', 'builtin_simproc', 'builtin_simproc_decl', 'class', 'declare_simp_like_tactic', 'declare_syntax_cat', 'def', 'dsimproc', 'dsimproc_decl', 'elab', 'elab_rules', 'example', 'inductive', 'infix', 'infixl', 'infixr', 'initialize', 'instance', 'macro', 'macro_rules', 'notation', 'opaque', 'postfix', 'prefix', 'simproc', 'simproc_decl', 'structure', 'syntax', 'theorem' or 'unif_hint'
2025-04-13 11:10:47 - INFO - Testing fragment: rw [<- justaplaceholder]
2025-04-13 11:10:47 - INFO - Original error line: theorem mathd_numbertheory_13 (u v : ℕ) (S : Set ℕ)
2025-04-13 11:10:49 - INFO - Testing fix: Original errors: 12, Fixed errors: 1
2025-04-13 11:10:49 - INFO - Result: False (introduced 1 new errors)
2025-04-13 11:10:49 - DEBUG - === New errors detail ===
2025-04-13 11:10:49 - DEBUG - New Error 1: line 1, type: other_error, message: unexpected identifier; expected '#guard_msgs', 'abbrev', 'add_decl_doc', 'axiom', 'binder_predicate', 'builtin_dsimproc', 'builtin_dsimproc_decl', 'builtin_initialize', 'builtin_simproc', 'builtin_simproc_decl', 'class', 'declare_simp_like_tactic', 'declare_syntax_cat', 'def', 'dsimproc', 'dsimproc_decl', 'elab', 'elab_rules', 'example', 'inductive', 'infix', 'infixl', 'infixr', 'initialize', 'instance', 'macro', 'macro_rules', 'notation', 'opaque', 'postfix', 'prefix', 'simproc', 'simproc_decl', 'structure', 'syntax', 'theorem' or 'unif_hint'
2025-04-13 11:10:49 - INFO - Testing fragment: simp
2025-04-13 11:10:49 - INFO - Original error line: theorem mathd_numbertheory_13 (u v : ℕ) (S : Set ℕ)
2025-04-13 11:10:51 - INFO - Testing fix: Original errors: 12, Fixed errors: 1
2025-04-13 11:10:51 - INFO - Result: False (introduced 1 new errors)
2025-04-13 11:10:51 - DEBUG - === New errors detail ===
2025-04-13 11:10:51 - DEBUG - New Error 1: line 1, type: other_error, message: unexpected identifier; expected '#guard_msgs', 'abbrev', 'add_decl_doc', 'axiom', 'binder_predicate', 'builtin_dsimproc', 'builtin_dsimproc_decl', 'builtin_initialize', 'builtin_simproc', 'builtin_simproc_decl', 'class', 'declare_simp_like_tactic', 'declare_syntax_cat', 'def', 'dsimproc', 'dsimproc_decl', 'elab', 'elab_rules', 'example', 'inductive', 'infix', 'infixl', 'infixr', 'initialize', 'instance', 'macro', 'macro_rules', 'notation', 'opaque', 'postfix', 'prefix', 'simproc', 'simproc_decl', 'structure', 'syntax', 'theorem' or 'unif_hint'
2025-04-13 11:10:51 - INFO - Testing fragment: field_simp
2025-04-13 11:10:51 - INFO - Original error line: theorem mathd_numbertheory_13 (u v : ℕ) (S : Set ℕ)
2025-04-13 11:10:53 - INFO - Testing fix: Original errors: 12, Fixed errors: 1
2025-04-13 11:10:53 - INFO - Result: False (introduced 1 new errors)
2025-04-13 11:10:53 - DEBUG - === New errors detail ===
2025-04-13 11:10:53 - DEBUG - New Error 1: line 1, type: other_error, message: unexpected identifier; expected '#guard_msgs', 'abbrev', 'add_decl_doc', 'axiom', 'binder_predicate', 'builtin_dsimproc', 'builtin_dsimproc_decl', 'builtin_initialize', 'builtin_simproc', 'builtin_simproc_decl', 'class', 'declare_simp_like_tactic', 'declare_syntax_cat', 'def', 'dsimproc', 'dsimproc_decl', 'elab', 'elab_rules', 'example', 'inductive', 'infix', 'infixl', 'infixr', 'initialize', 'instance', 'macro', 'macro_rules', 'notation', 'opaque', 'postfix', 'prefix', 'simproc', 'simproc_decl', 'structure', 'syntax', 'theorem' or 'unif_hint'
2025-04-13 11:10:53 - INFO - Testing fragment: norm_num
2025-04-13 11:10:53 - INFO - Original error line: theorem mathd_numbertheory_13 (u v : ℕ) (S : Set ℕ)
2025-04-13 11:10:55 - INFO - Testing fix: Original errors: 12, Fixed errors: 1
2025-04-13 11:10:55 - INFO - Result: False (introduced 1 new errors)
2025-04-13 11:10:55 - DEBUG - === New errors detail ===
2025-04-13 11:10:55 - DEBUG - New Error 1: line 1, type: other_error, message: unexpected identifier; expected '#guard_msgs', 'abbrev', 'add_decl_doc', 'axiom', 'binder_predicate', 'builtin_dsimproc', 'builtin_dsimproc_decl', 'builtin_initialize', 'builtin_simproc', 'builtin_simproc_decl', 'class', 'declare_simp_like_tactic', 'declare_syntax_cat', 'def', 'dsimproc', 'dsimproc_decl', 'elab', 'elab_rules', 'example', 'inductive', 'infix', 'infixl', 'infixr', 'initialize', 'instance', 'macro', 'macro_rules', 'notation', 'opaque', 'postfix', 'prefix', 'simproc', 'simproc_decl', 'structure', 'syntax', 'theorem' or 'unif_hint'
2025-04-13 11:10:55 - INFO - Testing fragment: ring
2025-04-13 11:10:55 - INFO - Original error line: theorem mathd_numbertheory_13 (u v : ℕ) (S : Set ℕ)
2025-04-13 11:10:57 - INFO - Testing fix: Original errors: 12, Fixed errors: 1
2025-04-13 11:10:57 - INFO - Result: False (introduced 1 new errors)
2025-04-13 11:10:57 - DEBUG - === New errors detail ===
2025-04-13 11:10:57 - DEBUG - New Error 1: line 1, type: other_error, message: unexpected identifier; expected '#guard_msgs', 'abbrev', 'add_decl_doc', 'axiom', 'binder_predicate', 'builtin_dsimproc', 'builtin_dsimproc_decl', 'builtin_initialize', 'builtin_simproc', 'builtin_simproc_decl', 'class', 'declare_simp_like_tactic', 'declare_syntax_cat', 'def', 'dsimproc', 'dsimproc_decl', 'elab', 'elab_rules', 'example', 'inductive', 'infix', 'infixl', 'infixr', 'initialize', 'instance', 'macro', 'macro_rules', 'notation', 'opaque', 'postfix', 'prefix', 'simproc', 'simproc_decl', 'structure', 'syntax', 'theorem' or 'unif_hint'
2025-04-13 11:10:57 - INFO - Testing fragment: ring_nf
2025-04-13 11:10:57 - INFO - Original error line: theorem mathd_numbertheory_13 (u v : ℕ) (S : Set ℕ)
2025-04-13 11:10:59 - INFO - Testing fix: Original errors: 12, Fixed errors: 1
2025-04-13 11:10:59 - INFO - Result: False (introduced 1 new errors)
2025-04-13 11:10:59 - DEBUG - === New errors detail ===
2025-04-13 11:10:59 - DEBUG - New Error 1: line 1, type: other_error, message: unexpected identifier; expected '#guard_msgs', 'abbrev', 'add_decl_doc', 'axiom', 'binder_predicate', 'builtin_dsimproc', 'builtin_dsimproc_decl', 'builtin_initialize', 'builtin_simproc', 'builtin_simproc_decl', 'class', 'declare_simp_like_tactic', 'declare_syntax_cat', 'def', 'dsimproc', 'dsimproc_decl', 'elab', 'elab_rules', 'example', 'inductive', 'infix', 'infixl', 'infixr', 'initialize', 'instance', 'macro', 'macro_rules', 'notation', 'opaque', 'postfix', 'prefix', 'simproc', 'simproc_decl', 'structure', 'syntax', 'theorem' or 'unif_hint'
2025-04-13 11:10:59 - INFO - Testing fragment: omega
2025-04-13 11:10:59 - INFO - Original error line: theorem mathd_numbertheory_13 (u v : ℕ) (S : Set ℕ)
2025-04-13 11:11:01 - INFO - Testing fix: Original errors: 12, Fixed errors: 1
2025-04-13 11:11:01 - INFO - Result: False (introduced 1 new errors)
2025-04-13 11:11:01 - DEBUG - === New errors detail ===
2025-04-13 11:11:01 - DEBUG - New Error 1: line 1, type: other_error, message: unexpected identifier; expected '#guard_msgs', 'abbrev', 'add_decl_doc', 'axiom', 'binder_predicate', 'builtin_dsimproc', 'builtin_dsimproc_decl', 'builtin_initialize', 'builtin_simproc', 'builtin_simproc_decl', 'class', 'declare_simp_like_tactic', 'declare_syntax_cat', 'def', 'dsimproc', 'dsimproc_decl', 'elab', 'elab_rules', 'example', 'inductive', 'infix', 'infixl', 'infixr', 'initialize', 'instance', 'macro', 'macro_rules', 'notation', 'opaque', 'postfix', 'prefix', 'simproc', 'simproc_decl', 'structure', 'syntax', 'theorem' or 'unif_hint'
2025-04-13 11:11:01 - INFO - Testing fragment: linarith
2025-04-13 11:11:01 - INFO - Original error line: theorem mathd_numbertheory_13 (u v : ℕ) (S : Set ℕ)
2025-04-13 11:11:03 - INFO - Testing fix: Original errors: 12, Fixed errors: 1
2025-04-13 11:11:03 - INFO - Result: False (introduced 1 new errors)
2025-04-13 11:11:03 - DEBUG - === New errors detail ===
2025-04-13 11:11:03 - DEBUG - New Error 1: line 1, type: other_error, message: unexpected identifier; expected '#guard_msgs', 'abbrev', 'add_decl_doc', 'axiom', 'binder_predicate', 'builtin_dsimproc', 'builtin_dsimproc_decl', 'builtin_initialize', 'builtin_simproc', 'builtin_simproc_decl', 'class', 'declare_simp_like_tactic', 'declare_syntax_cat', 'def', 'dsimproc', 'dsimproc_decl', 'elab', 'elab_rules', 'example', 'inductive', 'infix', 'infixl', 'infixr', 'initialize', 'instance', 'macro', 'macro_rules', 'notation', 'opaque', 'postfix', 'prefix', 'simproc', 'simproc_decl', 'structure', 'syntax', 'theorem' or 'unif_hint'
2025-04-13 11:11:03 - INFO - Testing fragment: nlinarith
2025-04-13 11:11:03 - INFO - Original error line: theorem mathd_numbertheory_13 (u v : ℕ) (S : Set ℕ)
2025-04-13 11:11:05 - INFO - Testing fix: Original errors: 12, Fixed errors: 1
2025-04-13 11:11:05 - INFO - Result: False (introduced 1 new errors)
2025-04-13 11:11:05 - DEBUG - === New errors detail ===
2025-04-13 11:11:05 - DEBUG - New Error 1: line 1, type: other_error, message: unexpected identifier; expected '#guard_msgs', 'abbrev', 'add_decl_doc', 'axiom', 'binder_predicate', 'builtin_dsimproc', 'builtin_dsimproc_decl', 'builtin_initialize', 'builtin_simproc', 'builtin_simproc_decl', 'class', 'declare_simp_like_tactic', 'declare_syntax_cat', 'def', 'dsimproc', 'dsimproc_decl', 'elab', 'elab_rules', 'example', 'inductive', 'infix', 'infixl', 'infixr', 'initialize', 'instance', 'macro', 'macro_rules', 'notation', 'opaque', 'postfix', 'prefix', 'simproc', 'simproc_decl', 'structure', 'syntax', 'theorem' or 'unif_hint'
2025-04-13 11:11:05 - INFO - Failed attempt time: 22.05 seconds
2025-04-13 11:11:05 - INFO - ❌ Could not generate fix for error at line 2
2025-04-13 11:11:05 - INFO - 
Trying to fix error 2/12: line 3, type: failed_to_synthesize
2025-04-13 11:11:05 - INFO - Error message: failed to synthesize
  LT ℕ
use `set_option diagnostics true` to get diagnostic information...
2025-04-13 11:11:05 - INFO - Removed header content, remaining 108 lines of code
2025-04-13 11:11:05 - INFO - Using specified target error line: 3
2025-04-13 11:11:06 - INFO - Found error at specified line: failed to synthesize
  LT ℕ
use `set_option diagnostics true` to get diagnostic information
2025-04-13 11:11:06 - INFO - Error at line 3: failed to synthesize
  LT ℕ
use `set_option diagnostics true` to get diagnostic information
2025-04-13 11:11:06 - INFO - 
==================================================
2025-04-13 11:11:06 - INFO - Code prepared, starting synthesis
2025-04-13 11:11:06 - INFO - Before part: /-- What is the average of the two smallest positive integer solutions to the congruence $$14u \equiv 46 \pmod{100}~?$$ Show that it is 64.-/
theorem mathd_numbertheory_13 (u v : ℕ) (S : Set ℕ)
2025-04-13 11:11:06 - INFO - Error line:   (h₀ : ∀ n : ℕ, n ∈ S ↔ 0 < n ∧ 14 * n % 100 = 46) (h₁ : IsLeast S u)
2025-04-13 11:11:06 - INFO - After part: (h₂ : IsLeast (S \ {u}) v) : (u + v : ℚ) / 2 = 64 := by
  -- First, we need to find all positive integer solutions to 14n ≡ 46 mod 100
  -- This congruence is equivalent to 14n - 100k = 46 for some integer k
  -- Or simplified to: 7n - 50k = 23 (dividing both sides by 2)

  -- The general solution to 7n ≡ 23 mod 50 can be found using the modular inverse
  -- We first find a particular solution to 7n ≡ 23 mod 50

  -- Compute the modular inverse of 7 modulo 50
  -- Since gcd(7, 50) = 1, the inverse exists
  have h_inv : 7 * 43 ≡ 1 [MOD 50] := by norm_num
  -- Therefore, n ≡ 23 * 43 mod 50 is a particular solution

  -- Compute 23 * 43 mod 50:
  have h_part : 23 * 43 ≡ 39 [MOD 50] := by norm_num
  -- So the general solution is n ≡ 39 mod 50

  -- Now we can express all positive solutions as n = 39 + 50t for t ∈ ℕ₀
  -- Let's find the smallest two positive solutions:

  -- First solution (t = 0): n = 39
  have u_eq : u = 39 := by
    -- Show 39 is in S
    have h39 : 39 ∈ S := by
      rw [h₀]
      refine ⟨by norm_num, ?_⟩
      -- Check 14 * 39 mod 100 = 46
      calc 14 * 39 % 100
        _ = 546 % 100 := by rw [mul_comm]
        _ = 46 := by norm_num
    -- Show it's the least element
    apply le_antisymm
    · apply h₁.1.2 h39
    · -- Any smaller positive natural would have to be <39
      -- Check that numbers 1..38 don't satisfy the condition
      suffices ∀ n < 39, 0 < n → 14 * n % 100 ≠ 46 by
        intro n hn
        rw [h₀] at hn
        exact not_lt.1 (mt (this n) (not_and.1 (not_iff_not.2 hn).1))
      intro n n_lt pos_n
      -- We could check all 38 cases, but here we'll just show the pattern fails
      -- The pattern repeats every 50 numbers, so we only need to check n < 50
      -- and we know the smallest solution is 39
      have : n ≤ 38 := by linarith
      -- For n < 39, 14n mod 100 cycles through values that never hit 46
      -- This is a bit tedious to prove, so we'll use a tactic to check all cases
      interval_cases n
      all_goals { simp [mul_comm, (show 14 * n = n * 14 by rw [mul_comm]) }
      all_goals { norm_num }

  -- Second smallest solution (t = 1): n = 39 + 50 = 89
  have v_eq : v = 89 := by
    -- Show 89 is in S \ {u}
    have h89 : 89 ∈ S \ {u} := by
      rw [mem_diff_singleton, h₀, u_eq]
      refine ⟨⟨by norm_num, ?_⟩, by simp⟩
      -- Check 14 * 89 mod 100 = 46
      calc 14 * 89 % 100
        _ = 1246 % 100 := by rw [mul_comm]
        _ = 46 := by norm_num
    -- Show it's the least element in S \ {39}
    apply le_antisymm
    · apply h₂.1.2 h89
    · -- Any other solution must be ≥89 since the next would be 39 + 100 = 139
      intro n hn
      rw [mem_diff_singleton, h₀, u_eq] at hn
      obtain ⟨⟨pos_n, hn_mod⟩, hn_ne⟩ := hn
      -- We know n ≡ 39 mod 50, so n = 39 + 50k for some k > 0
      -- Since n ≠ 39, k ≥ 1
      -- The next possible value is k=1 giving n=89
      have h_mod : n % 50 = 39 := by
        rw [Nat.mod_eq_of_lt]
        · have : 14 * n % 100 = 46 := hn_mod
          rw [← Nat.mod_eq_of_lt (n_lt := ?_)] at this
          · have : 7 * n % 50 = 23 := by
              rw [← Nat.ModEq] at this ⊢
              have : 100 = 2 * 50 := by norm_num
              rw [this] at this
              exact Nat.ModEq.of_mul_right 2 this
            rw [← Nat.modEq_iff_dvd' (by norm_num : 39 < 50)]
            apply Nat.ModEq.symm
            rw [Nat.modEq_iff_dvd']
            -- 7n ≡ 23 mod 50 → n ≡ 23 * 43 mod 50 ≡ 39 mod 50
            rw [← this]
            norm_num
          · linarith
        · have : n ≠ 39 := by simpa using hn_ne
          -- Since n is a solution >39, it must be ≥89
          -- because solutions come in the form 39 + 50k
          have : n ≥ 39 + 50 := by
            apply Int.le_of_add_le_add_right
            rw [← zero_add 39]
            apply Int.add_le_add
            · exact Int.ofNat_zero_le _
            · have : 50 ≤ 50 * (n / 50) := by
                apply Nat.mul_le_mul_left
                apply Nat.div_pos (by linarith) (by norm_num)
              rw [← Int.ofNat_le] at this
              exact this
          linarith

  -- Now compute the average of u and v
  rw [u_eq, v_eq]
  -- (39 + 89) / 2 = 128 / 2 = 64
  norm_num
2025-04-13 11:11:06 - INFO - ==================================================

2025-04-13 11:11:07 - INFO - Testing fragment: rw [justaplaceholder]
2025-04-13 11:11:07 - INFO - Original error line:   (h₀ : ∀ n : ℕ, n ∈ S ↔ 0 < n ∧ 14 * n % 100 = 46) (h₁ : IsLeast S u)
2025-04-13 11:11:09 - INFO - Testing fix: Original errors: 12, Fixed errors: 1
2025-04-13 11:11:09 - INFO - Result: True (target error fixed and no new errors introduced)
2025-04-13 11:11:09 - DEBUG - === Original errors detail ===
2025-04-13 11:11:09 - DEBUG - Error 1: line 14, type: other_error, message: expected token
2025-04-13 11:11:09 - DEBUG - Error 2: line 3, type: failed_to_synthesize, message: failed to synthesize
  LT ℕ
use `set_option diagnostics true` to get diagnostic information
2025-04-13 11:11:09 - DEBUG - Error 3: line 3, type: failed_to_synthesize, message: failed to synthesize
  OfNat ℕ 46
numerals are polymorphic in Lean, but the numeral `46` cannot be used in a context where the expected type is
  ℕ
due to the absence of the instance above
use `set_option diagnostics true` to get diagnostic information
2025-04-13 11:11:09 - DEBUG - Error 4: line 4, type: failed_to_synthesize, message: failed to synthesize
  HAdd ℕ ℕ ?m.883
use `set_option diagnostics true` to get diagnostic information
2025-04-13 11:11:09 - DEBUG - Error 5: line 4, type: failed_to_synthesize, message: failed to synthesize
  OfNat ℚ 64
numerals are polymorphic in Lean, but the numeral `64` cannot be used in a context where the expected type is
  ℚ
due to the absence of the instance above
use `set_option diagnostics true` to get diagnostic information
2025-04-13 11:11:09 - DEBUG - Error 6: line 3, type: failed_to_synthesize, message: failed to synthesize
  OfNat ℕ 0
numerals are polymorphic in Lean, but the numeral `0` cannot be used in a context where the expected type is
  ℕ
due to the absence of the instance above
use `set_option diagnostics true` to get diagnostic information
2025-04-13 11:11:09 - DEBUG - Error 7: line 3, type: failed_to_synthesize, message: failed to synthesize
  HMul Nat ℕ (?m.611 n)
use `set_option diagnostics true` to get diagnostic information
2025-04-13 11:11:09 - DEBUG - Error 8: line 4, type: failed_to_synthesize, message: failed to synthesize
  HDiv ℚ Nat ℚ
use `set_option diagnostics true` to get diagnostic information
2025-04-13 11:11:09 - DEBUG - Error 9: line 2, type: function_expected, message: function expected at
  Set
term has type
  ?m.11
2025-04-13 11:11:09 - DEBUG - Error 10: line 3, type: function_expected, message: function expected at
  IsLeast
term has type
  ?m.211
2025-04-13 11:11:09 - DEBUG - Error 11: line 4, type: function_expected, message: function expected at
  IsLeast
term has type
  ?m.211
2025-04-13 11:11:09 - DEBUG - Error 12: line 4, type: other_error, message: unsolved goals
case refine_2
ℕ : Type u_1
x✝¹ : Sort u_2
Set : x✝¹
x✝ : Sort u_3
IsLeast : x✝
ℚ : Type u_4
u v : ℕ
S : sorryAx (Type u_5) true
h₀ : ∀ (n : ℕ), n ∈ S ↔ sorryAx Prop true ∧ 14 * n % 100 = 46
h₁ : sorryAx (Sort u_7) true
h₂ : sorryAx (Sort u_8) true
h_inv : 7 * 43
⊢ sorryAx ℚ true / 2 = 64

case refine_1
ℕ : Type u_1
x✝¹ : Sort u_2
Set : x✝¹
x✝ : Sort u_3
IsLeast : x✝
ℚ : Type u_4
u v : ℕ
S : sorryAx (Type u_5) true
h₀ : ∀ (n : ℕ), n ∈ S ↔ sorryAx Prop true ∧ 14 * n % 100 = 46
h₁ : sorryAx (Sort u_7) true
h₂ : sorryAx (Sort u_8) true
⊢ HMul Nat Nat (Sort ?u.1402)
2025-04-13 11:11:09 - DEBUG - === Fixed code comparison ===
2025-04-13 11:11:09 - DEBUG - Line 3 changed:
2025-04-13 11:11:09 - DEBUG -   Original:   (h₀ : ∀ n : ℕ, n ∈ S ↔ 0 < n ∧ 14 * n % 100 = 46) (h₁ : IsLeast S u)
2025-04-13 11:11:09 - DEBUG -   Fixed:      rw [justaplaceholder]
2025-04-13 11:11:09 - INFO - Found effective solution: rw [justaplaceholder]
2025-04-13 11:11:09 - INFO - 
==================================================
2025-04-13 11:11:09 - INFO - Fixed code:
2025-04-13 11:11:09 - INFO - /-- What is the average of the two smallest positive integer solutions to the congruence $$14u \equiv 46 \pmod{100}~?$$ Show that it is 64.-/
theorem mathd_numbertheory_13 (u v : ℕ) (S : Set ℕ)
  rw [justaplaceholder]
  (h₂ : IsLeast (S \ {u}) v) : (u + v : ℚ) / 2 = 64 := by
  -- First, we need to find all positive integer solutions to 14n ≡ 46 mod 100
  -- This congruence is equivalent to 14n - 100k = 46 for some integer k
  -- Or simplified to: 7n - 50k = 23 (dividing both sides by 2)

  -- The general solution to 7n ≡ 23 mod 50 can be found using the modular inverse
  -- We first find a particular solution to 7n ≡ 23 mod 50

  -- Compute the modular inverse of 7 modulo 50
  -- Since gcd(7, 50) = 1, the inverse exists
  have h_inv : 7 * 43 ≡ 1 [MOD 50] := by norm_num
  -- Therefore, n ≡ 23 * 43 mod 50 is a particular solution

  -- Compute 23 * 43 mod 50:
  have h_part : 23 * 43 ≡ 39 [MOD 50] := by norm_num
  -- So the general solution is n ≡ 39 mod 50

  -- Now we can express all positive solutions as n = 39 + 50t for t ∈ ℕ₀
  -- Let's find the smallest two positive solutions:

  -- First solution (t = 0): n = 39
  have u_eq : u = 39 := by
    -- Show 39 is in S
    have h39 : 39 ∈ S := by
      rw [h₀]
      refine ⟨by norm_num, ?_⟩
      -- Check 14 * 39 mod 100 = 46
      calc 14 * 39 % 100
        _ = 546 % 100 := by rw [mul_comm]
        _ = 46 := by norm_num
    -- Show it's the least element
    apply le_antisymm
    · apply h₁.1.2 h39
    · -- Any smaller positive natural would have to be <39
      -- Check that numbers 1..38 don't satisfy the condition
      suffices ∀ n < 39, 0 < n → 14 * n % 100 ≠ 46 by
        intro n hn
        rw [h₀] at hn
        exact not_lt.1 (mt (this n) (not_and.1 (not_iff_not.2 hn).1))
      intro n n_lt pos_n
      -- We could check all 38 cases, but here we'll just show the pattern fails
      -- The pattern repeats every 50 numbers, so we only need to check n < 50
      -- and we know the smallest solution is 39
      have : n ≤ 38 := by linarith
      -- For n < 39, 14n mod 100 cycles through values that never hit 46
      -- This is a bit tedious to prove, so we'll use a tactic to check all cases
      interval_cases n
      all_goals { simp [mul_comm, (show 14 * n = n * 14 by rw [mul_comm]) }
      all_goals { norm_num }

  -- Second smallest solution (t = 1): n = 39 + 50 = 89
  have v_eq : v = 89 := by
    -- Show 89 is in S \ {u}
    have h89 : 89 ∈ S \ {u} := by
      rw [mem_diff_singleton, h₀, u_eq]
      refine ⟨⟨by norm_num, ?_⟩, by simp⟩
      -- Check 14 * 89 mod 100 = 46
      calc 14 * 89 % 100
        _ = 1246 % 100 := by rw [mul_comm]
        _ = 46 := by norm_num
    -- Show it's the least element in S \ {39}
    apply le_antisymm
    · apply h₂.1.2 h89
    · -- Any other solution must be ≥89 since the next would be 39 + 100 = 139
      intro n hn
      rw [mem_diff_singleton, h₀, u_eq] at hn
      obtain ⟨⟨pos_n, hn_mod⟩, hn_ne⟩ := hn
      -- We know n ≡ 39 mod 50, so n = 39 + 50k for some k > 0
      -- Since n ≠ 39, k ≥ 1
      -- The next possible value is k=1 giving n=89
      have h_mod : n % 50 = 39 := by
        rw [Nat.mod_eq_of_lt]
        · have : 14 * n % 100 = 46 := hn_mod
          rw [← Nat.mod_eq_of_lt (n_lt := ?_)] at this
          · have : 7 * n % 50 = 23 := by
              rw [← Nat.ModEq] at this ⊢
              have : 100 = 2 * 50 := by norm_num
              rw [this] at this
              exact Nat.ModEq.of_mul_right 2 this
            rw [← Nat.modEq_iff_dvd' (by norm_num : 39 < 50)]
            apply Nat.ModEq.symm
            rw [Nat.modEq_iff_dvd']
            -- 7n ≡ 23 mod 50 → n ≡ 23 * 43 mod 50 ≡ 39 mod 50
            rw [← this]
            norm_num
          · linarith
        · have : n ≠ 39 := by simpa using hn_ne
          -- Since n is a solution >39, it must be ≥89
          -- because solutions come in the form 39 + 50k
          have : n ≥ 39 + 50 := by
            apply Int.le_of_add_le_add_right
            rw [← zero_add 39]
            apply Int.add_le_add
            · exact Int.ofNat_zero_le _
            · have : 50 ≤ 50 * (n / 50) := by
                apply Nat.mul_le_mul_left
                apply Nat.div_pos (by linarith) (by norm_num)
              rw [← Int.ofNat_le] at this
              exact this
          linarith

  -- Now compute the average of u and v
  rw [u_eq, v_eq]
  -- (39 + 89) / 2 = 128 / 2 = 64
  norm_num
2025-04-13 11:11:09 - INFO - ==================================================
2025-04-13 11:11:11 - INFO - Original code error count: 12
2025-04-13 11:11:11 - INFO - Fixed code error count: 1
2025-04-13 11:11:11 - INFO - Result: True (target error fixed and no new errors introduced)
2025-04-13 11:11:11 - DEBUG - === Original errors detail ===
2025-04-13 11:11:11 - DEBUG - Error 1: line 14, type: other_error, message: expected token
2025-04-13 11:11:11 - DEBUG - Error 2: line 3, type: failed_to_synthesize, message: failed to synthesize
  LT ℕ
use `set_option diagnostics true` to get diagnostic information
2025-04-13 11:11:11 - DEBUG - Error 3: line 3, type: failed_to_synthesize, message: failed to synthesize
  OfNat ℕ 46
numerals are polymorphic in Lean, but the numeral `46` cannot be used in a context where the expected type is
  ℕ
due to the absence of the instance above
use `set_option diagnostics true` to get diagnostic information
2025-04-13 11:11:11 - DEBUG - Error 4: line 4, type: failed_to_synthesize, message: failed to synthesize
  HAdd ℕ ℕ ?m.883
use `set_option diagnostics true` to get diagnostic information
2025-04-13 11:11:11 - DEBUG - Error 5: line 4, type: failed_to_synthesize, message: failed to synthesize
  OfNat ℚ 64
numerals are polymorphic in Lean, but the numeral `64` cannot be used in a context where the expected type is
  ℚ
due to the absence of the instance above
use `set_option diagnostics true` to get diagnostic information
2025-04-13 11:11:11 - DEBUG - Error 6: line 3, type: failed_to_synthesize, message: failed to synthesize
  OfNat ℕ 0
numerals are polymorphic in Lean, but the numeral `0` cannot be used in a context where the expected type is
  ℕ
due to the absence of the instance above
use `set_option diagnostics true` to get diagnostic information
2025-04-13 11:11:11 - DEBUG - Error 7: line 3, type: failed_to_synthesize, message: failed to synthesize
  HMul Nat ℕ (?m.611 n)
use `set_option diagnostics true` to get diagnostic information
2025-04-13 11:11:11 - DEBUG - Error 8: line 4, type: failed_to_synthesize, message: failed to synthesize
  HDiv ℚ Nat ℚ
use `set_option diagnostics true` to get diagnostic information
2025-04-13 11:11:11 - DEBUG - Error 9: line 2, type: function_expected, message: function expected at
  Set
term has type
  ?m.11
2025-04-13 11:11:11 - DEBUG - Error 10: line 3, type: function_expected, message: function expected at
  IsLeast
term has type
  ?m.211
2025-04-13 11:11:11 - DEBUG - Error 11: line 4, type: function_expected, message: function expected at
  IsLeast
term has type
  ?m.211
2025-04-13 11:11:11 - DEBUG - Error 12: line 4, type: other_error, message: unsolved goals
case refine_2
ℕ : Type u_1
x✝¹ : Sort u_2
Set : x✝¹
x✝ : Sort u_3
IsLeast : x✝
ℚ : Type u_4
u v : ℕ
S : sorryAx (Type u_5) true
h₀ : ∀ (n : ℕ), n ∈ S ↔ sorryAx Prop true ∧ 14 * n % 100 = 46
h₁ : sorryAx (Sort u_7) true
h₂ : sorryAx (Sort u_8) true
h_inv : 7 * 43
⊢ sorryAx ℚ true / 2 = 64

case refine_1
ℕ : Type u_1
x✝¹ : Sort u_2
Set : x✝¹
x✝ : Sort u_3
IsLeast : x✝
ℚ : Type u_4
u v : ℕ
S : sorryAx (Type u_5) true
h₀ : ∀ (n : ℕ), n ∈ S ↔ sorryAx Prop true ∧ 14 * n % 100 = 46
h₁ : sorryAx (Sort u_7) true
h₂ : sorryAx (Sort u_8) true
⊢ HMul Nat Nat (Sort ?u.1402)
2025-04-13 11:11:11 - DEBUG - === Fixed code comparison ===
2025-04-13 11:11:11 - DEBUG - Line 3 changed:
2025-04-13 11:11:11 - DEBUG -   Original:   (h₀ : ∀ n : ℕ, n ∈ S ↔ 0 < n ∧ 14 * n % 100 = 46) (h₁ : IsLeast S u)
2025-04-13 11:11:11 - DEBUG -   Fixed:      rw [justaplaceholder]
2025-04-13 11:11:11 - INFO - 
==================================================
2025-04-13 11:11:11 - INFO - Synthesis successful
2025-04-13 11:11:11 - INFO - ==================================================
2025-04-13 11:11:11 - INFO - Fix time: 6.02 seconds
2025-04-13 11:11:11 - INFO - ✅ Fixed error at line 3
2025-04-13 11:11:11 - INFO - 
Trying to fix error 3/12: line 3, type: failed_to_synthesize
2025-04-13 11:11:11 - INFO - Error message: failed to synthesize
  OfNat ℕ 46
numerals are polymorphic in Lean, but the numeral `46` cannot be u...
2025-04-13 11:11:11 - INFO - Removed header content, remaining 108 lines of code
2025-04-13 11:11:11 - INFO - Using specified target error line: 3
2025-04-13 11:11:12 - INFO - Warning: No errors found at specified line 3
2025-04-13 11:11:13 - INFO - Could not locate any errors
2025-04-13 11:11:13 - INFO - Could not prepare code, skipping synthesis
2025-04-13 11:11:13 - INFO - ❌ Could not generate fix for error at line 3
2025-04-13 11:11:13 - INFO - 
Trying to fix error 4/12: line 3, type: failed_to_synthesize
2025-04-13 11:11:13 - INFO - Error message: failed to synthesize
  OfNat ℕ 0
numerals are polymorphic in Lean, but the numeral `0` cannot be use...
2025-04-13 11:11:13 - INFO - Removed header content, remaining 108 lines of code
2025-04-13 11:11:13 - INFO - Using specified target error line: 3
2025-04-13 11:11:14 - INFO - Warning: No errors found at specified line 3
2025-04-13 11:11:15 - INFO - Could not locate any errors
2025-04-13 11:11:15 - INFO - Could not prepare code, skipping synthesis
2025-04-13 11:11:15 - INFO - ❌ Could not generate fix for error at line 3
2025-04-13 11:11:15 - INFO - 
Trying to fix error 5/12: line 3, type: failed_to_synthesize
2025-04-13 11:11:15 - INFO - Error message: failed to synthesize
  HMul Nat ℕ (?m.611 n)
use `set_option diagnostics true` to get diagnostic inf...
2025-04-13 11:11:15 - INFO - Removed header content, remaining 108 lines of code
2025-04-13 11:11:15 - INFO - Using specified target error line: 3
2025-04-13 11:11:16 - INFO - Warning: No errors found at specified line 3
2025-04-13 11:11:17 - INFO - Could not locate any errors
2025-04-13 11:11:17 - INFO - Could not prepare code, skipping synthesis
2025-04-13 11:11:17 - INFO - ❌ Could not generate fix for error at line 3
2025-04-13 11:11:17 - INFO - 
Trying to fix error 6/12: line 3, type: function_expected
2025-04-13 11:11:17 - INFO - Error message: function expected at
  IsLeast
term has type
  ?m.211...
2025-04-13 11:11:17 - INFO - Removed header content, remaining 108 lines of code
2025-04-13 11:11:17 - INFO - Using specified target error line: 3
2025-04-13 11:11:18 - INFO - Warning: No errors found at specified line 3
2025-04-13 11:11:19 - INFO - Could not locate any errors
2025-04-13 11:11:19 - INFO - Could not prepare code, skipping synthesis
2025-04-13 11:11:19 - INFO - ❌ Could not generate fix for error at line 3
2025-04-13 11:11:19 - INFO - 
Trying to fix error 7/12: line 4, type: failed_to_synthesize
2025-04-13 11:11:19 - INFO - Error message: failed to synthesize
  HAdd ℕ ℕ ?m.883
use `set_option diagnostics true` to get diagnostic informati...
2025-04-13 11:11:19 - INFO - Removed header content, remaining 108 lines of code
2025-04-13 11:11:19 - INFO - Using specified target error line: 4
2025-04-13 11:11:20 - INFO - Warning: No errors found at specified line 4
2025-04-13 11:11:21 - INFO - Could not locate any errors
2025-04-13 11:11:21 - INFO - Could not prepare code, skipping synthesis
2025-04-13 11:11:21 - INFO - ❌ Could not generate fix for error at line 4
2025-04-13 11:11:21 - INFO - 
Trying to fix error 8/12: line 4, type: failed_to_synthesize
2025-04-13 11:11:21 - INFO - Error message: failed to synthesize
  OfNat ℚ 64
numerals are polymorphic in Lean, but the numeral `64` cannot be u...
2025-04-13 11:11:21 - INFO - Removed header content, remaining 108 lines of code
2025-04-13 11:11:21 - INFO - Using specified target error line: 4
2025-04-13 11:11:22 - INFO - Warning: No errors found at specified line 4
2025-04-13 11:11:23 - INFO - Could not locate any errors
2025-04-13 11:11:23 - INFO - Could not prepare code, skipping synthesis
2025-04-13 11:11:23 - INFO - ❌ Could not generate fix for error at line 4
2025-04-13 11:11:23 - INFO - 
Trying to fix error 9/12: line 4, type: failed_to_synthesize
2025-04-13 11:11:23 - INFO - Error message: failed to synthesize
  HDiv ℚ Nat ℚ
use `set_option diagnostics true` to get diagnostic information...
2025-04-13 11:11:23 - INFO - Removed header content, remaining 108 lines of code
2025-04-13 11:11:23 - INFO - Using specified target error line: 4
2025-04-13 11:11:24 - INFO - Warning: No errors found at specified line 4
2025-04-13 11:11:25 - INFO - Could not locate any errors
2025-04-13 11:11:25 - INFO - Could not prepare code, skipping synthesis
2025-04-13 11:11:25 - INFO - ❌ Could not generate fix for error at line 4
2025-04-13 11:11:25 - INFO - 
Trying to fix error 10/12: line 4, type: function_expected
2025-04-13 11:11:25 - INFO - Error message: function expected at
  IsLeast
term has type
  ?m.211...
2025-04-13 11:11:25 - INFO - Removed header content, remaining 108 lines of code
2025-04-13 11:11:25 - INFO - Using specified target error line: 4
2025-04-13 11:11:26 - INFO - Warning: No errors found at specified line 4
2025-04-13 11:11:27 - INFO - Could not locate any errors
2025-04-13 11:11:27 - INFO - Could not prepare code, skipping synthesis
2025-04-13 11:11:27 - INFO - ❌ Could not generate fix for error at line 4
2025-04-13 11:11:27 - INFO - 
Trying to fix error 11/12: line 4, type: other_error
2025-04-13 11:11:27 - INFO - Error message: unsolved goals
case refine_2
ℕ : Type u_1
x✝¹ : Sort u_2
Set : x✝¹
x✝ : Sort u_3
IsLeast : x✝
ℚ : Ty...
2025-04-13 11:11:27 - INFO - Removed header content, remaining 108 lines of code
2025-04-13 11:11:27 - INFO - Using specified target error line: 4
2025-04-13 11:11:28 - INFO - Warning: No errors found at specified line 4
2025-04-13 11:11:29 - INFO - Could not locate any errors
2025-04-13 11:11:29 - INFO - Could not prepare code, skipping synthesis
2025-04-13 11:11:29 - INFO - ❌ Could not generate fix for error at line 4
2025-04-13 11:11:29 - INFO - 
Trying to fix error 12/12: line 14, type: other_error
2025-04-13 11:11:29 - INFO - Error message: expected token...
2025-04-13 11:11:29 - INFO - Removed header content, remaining 108 lines of code
2025-04-13 11:11:29 - INFO - Using specified target error line: 14
2025-04-13 11:11:30 - INFO - Found error at specified line: expected token
2025-04-13 11:11:30 - INFO - Error at line 14: expected token
2025-04-13 11:11:30 - INFO - 
==================================================
2025-04-13 11:11:30 - INFO - Code prepared, starting synthesis
2025-04-13 11:11:30 - INFO - Before part: /-- What is the average of the two smallest positive integer solutions to the congruence $$14u \equiv 46 \pmod{100}~?$$ Show that it is 64.-/
theorem mathd_numbertheory_13 (u v : ℕ) (S : Set ℕ)
  rw [justaplaceholder]
  (h₂ : IsLeast (S \ {u}) v) : (u + v : ℚ) / 2 = 64 := by
  -- First, we need to find all positive integer solutions to 14n ≡ 46 mod 100
  -- This congruence is equivalent to 14n - 100k = 46 for some integer k
  -- Or simplified to: 7n - 50k = 23 (dividing both sides by 2)

  -- The general solution to 7n ≡ 23 mod 50 can be found using the modular inverse
  -- We first find a particular solution to 7n ≡ 23 mod 50

  -- Compute the modular inverse of 7 modulo 50
  -- Since gcd(7, 50) = 1, the inverse exists
2025-04-13 11:11:30 - INFO - Error line:   have h_inv : 7 * 43 ≡ 1 [MOD 50] := by norm_num
2025-04-13 11:11:30 - INFO - After part: -- Therefore, n ≡ 23 * 43 mod 50 is a particular solution

  -- Compute 23 * 43 mod 50:
  have h_part : 23 * 43 ≡ 39 [MOD 50] := by norm_num
  -- So the general solution is n ≡ 39 mod 50

  -- Now we can express all positive solutions as n = 39 + 50t for t ∈ ℕ₀
  -- Let's find the smallest two positive solutions:

  -- First solution (t = 0): n = 39
  have u_eq : u = 39 := by
    -- Show 39 is in S
    have h39 : 39 ∈ S := by
      rw [h₀]
      refine ⟨by norm_num, ?_⟩
      -- Check 14 * 39 mod 100 = 46
      calc 14 * 39 % 100
        _ = 546 % 100 := by rw [mul_comm]
        _ = 46 := by norm_num
    -- Show it's the least element
    apply le_antisymm
    · apply h₁.1.2 h39
    · -- Any smaller positive natural would have to be <39
      -- Check that numbers 1..38 don't satisfy the condition
      suffices ∀ n < 39, 0 < n → 14 * n % 100 ≠ 46 by
        intro n hn
        rw [h₀] at hn
        exact not_lt.1 (mt (this n) (not_and.1 (not_iff_not.2 hn).1))
      intro n n_lt pos_n
      -- We could check all 38 cases, but here we'll just show the pattern fails
      -- The pattern repeats every 50 numbers, so we only need to check n < 50
      -- and we know the smallest solution is 39
      have : n ≤ 38 := by linarith
      -- For n < 39, 14n mod 100 cycles through values that never hit 46
      -- This is a bit tedious to prove, so we'll use a tactic to check all cases
      interval_cases n
      all_goals { simp [mul_comm, (show 14 * n = n * 14 by rw [mul_comm]) }
      all_goals { norm_num }

  -- Second smallest solution (t = 1): n = 39 + 50 = 89
  have v_eq : v = 89 := by
    -- Show 89 is in S \ {u}
    have h89 : 89 ∈ S \ {u} := by
      rw [mem_diff_singleton, h₀, u_eq]
      refine ⟨⟨by norm_num, ?_⟩, by simp⟩
      -- Check 14 * 89 mod 100 = 46
      calc 14 * 89 % 100
        _ = 1246 % 100 := by rw [mul_comm]
        _ = 46 := by norm_num
    -- Show it's the least element in S \ {39}
    apply le_antisymm
    · apply h₂.1.2 h89
    · -- Any other solution must be ≥89 since the next would be 39 + 100 = 139
      intro n hn
      rw [mem_diff_singleton, h₀, u_eq] at hn
      obtain ⟨⟨pos_n, hn_mod⟩, hn_ne⟩ := hn
      -- We know n ≡ 39 mod 50, so n = 39 + 50k for some k > 0
      -- Since n ≠ 39, k ≥ 1
      -- The next possible value is k=1 giving n=89
      have h_mod : n % 50 = 39 := by
        rw [Nat.mod_eq_of_lt]
        · have : 14 * n % 100 = 46 := hn_mod
          rw [← Nat.mod_eq_of_lt (n_lt := ?_)] at this
          · have : 7 * n % 50 = 23 := by
              rw [← Nat.ModEq] at this ⊢
              have : 100 = 2 * 50 := by norm_num
              rw [this] at this
              exact Nat.ModEq.of_mul_right 2 this
            rw [← Nat.modEq_iff_dvd' (by norm_num : 39 < 50)]
            apply Nat.ModEq.symm
            rw [Nat.modEq_iff_dvd']
            -- 7n ≡ 23 mod 50 → n ≡ 23 * 43 mod 50 ≡ 39 mod 50
            rw [← this]
            norm_num
          · linarith
        · have : n ≠ 39 := by simpa using hn_ne
          -- Since n is a solution >39, it must be ≥89
          -- because solutions come in the form 39 + 50k
          have : n ≥ 39 + 50 := by
            apply Int.le_of_add_le_add_right
            rw [← zero_add 39]
            apply Int.add_le_add
            · exact Int.ofNat_zero_le _
            · have : 50 ≤ 50 * (n / 50) := by
                apply Nat.mul_le_mul_left
                apply Nat.div_pos (by linarith) (by norm_num)
              rw [← Int.ofNat_le] at this
              exact this
          linarith

  -- Now compute the average of u and v
  rw [u_eq, v_eq]
  -- (39 + 89) / 2 = 128 / 2 = 64
  norm_num
2025-04-13 11:11:30 - INFO - ==================================================

2025-04-13 11:11:31 - INFO - Testing fragment: rw [justaplaceholder]
2025-04-13 11:11:31 - INFO - Original error line:   have h_inv : 7 * 43 ≡ 1 [MOD 50] := by norm_num
2025-04-13 11:11:33 - INFO - Testing fix: Original errors: 1, Fixed errors: 1
2025-04-13 11:11:33 - INFO - Target error not fixed: expected token...
2025-04-13 11:11:33 - INFO - Result: False (target error not fixed)
2025-04-13 11:11:33 - INFO - Testing fragment: rw [<- justaplaceholder]
2025-04-13 11:11:33 - INFO - Original error line:   have h_inv : 7 * 43 ≡ 1 [MOD 50] := by norm_num
2025-04-13 11:11:35 - INFO - Testing fix: Original errors: 1, Fixed errors: 1
2025-04-13 11:11:35 - INFO - Target error not fixed: expected token...
2025-04-13 11:11:35 - INFO - Result: False (target error not fixed)
2025-04-13 11:11:35 - INFO - Testing fragment: simp
2025-04-13 11:11:35 - INFO - Original error line:   have h_inv : 7 * 43 ≡ 1 [MOD 50] := by norm_num
2025-04-13 11:11:37 - INFO - Testing fix: Original errors: 1, Fixed errors: 1
2025-04-13 11:11:37 - INFO - Target error not fixed: expected token...
2025-04-13 11:11:37 - INFO - Result: False (target error not fixed)
2025-04-13 11:11:37 - INFO - Testing fragment: field_simp
2025-04-13 11:11:37 - INFO - Original error line:   have h_inv : 7 * 43 ≡ 1 [MOD 50] := by norm_num
2025-04-13 11:11:39 - INFO - Testing fix: Original errors: 1, Fixed errors: 1
2025-04-13 11:11:39 - INFO - Target error not fixed: expected token...
2025-04-13 11:11:39 - INFO - Result: False (target error not fixed)
2025-04-13 11:11:39 - INFO - Testing fragment: norm_num
2025-04-13 11:11:39 - INFO - Original error line:   have h_inv : 7 * 43 ≡ 1 [MOD 50] := by norm_num
2025-04-13 11:11:41 - INFO - Testing fix: Original errors: 1, Fixed errors: 1
2025-04-13 11:11:41 - INFO - Target error not fixed: expected token...
2025-04-13 11:11:41 - INFO - Result: False (target error not fixed)
2025-04-13 11:11:41 - INFO - Testing fragment: ring
2025-04-13 11:11:41 - INFO - Original error line:   have h_inv : 7 * 43 ≡ 1 [MOD 50] := by norm_num
2025-04-13 11:11:43 - INFO - Testing fix: Original errors: 1, Fixed errors: 1
2025-04-13 11:11:43 - INFO - Target error not fixed: expected token...
2025-04-13 11:11:43 - INFO - Result: False (target error not fixed)
2025-04-13 11:11:43 - INFO - Testing fragment: ring_nf
2025-04-13 11:11:43 - INFO - Original error line:   have h_inv : 7 * 43 ≡ 1 [MOD 50] := by norm_num
2025-04-13 11:11:45 - INFO - Testing fix: Original errors: 1, Fixed errors: 1
2025-04-13 11:11:45 - INFO - Target error not fixed: expected token...
2025-04-13 11:11:45 - INFO - Result: False (target error not fixed)
2025-04-13 11:11:45 - INFO - Testing fragment: omega
2025-04-13 11:11:45 - INFO - Original error line:   have h_inv : 7 * 43 ≡ 1 [MOD 50] := by norm_num
2025-04-13 11:15:10 - INFO - Synthesis failed: ('Execution failed', 'Execution timed out after 200.0 seconds. Partial output:\n{"path": "/tmp/tmpvodulxf2.lean"}\r\n\r\n')
2025-04-13 11:15:31 - INFO - Failed attempt time: 237.19 seconds
2025-04-13 11:15:52 - INFO - ❌ Could not generate fix for error at line 14
2025-04-13 11:16:18 - INFO - 
===== Fix attempt completed =====
2025-04-13 11:16:18 - INFO - Original errors: 12
2025-04-13 11:16:18 - INFO - Fixed errors: 1
2025-04-13 11:16:18 - INFO - Failed errors: 11
2025-04-13 11:16:18 - INFO - Remaining errors: 1
2025-04-13 11:16:18 - INFO - Total time: 336.48 seconds
2025-04-13 11:16:18 - INFO - 
Final fixed code:
2025-04-13 11:16:18 - INFO - ----------------------------------------
2025-04-13 11:16:18 - INFO - /-- What is the average of the two smallest positive integer solutions to the congruence $$14u \equiv 46 \pmod{100}~?$$ Show that it is 64.-/
theorem mathd_numbertheory_13 (u v : ℕ) (S : Set ℕ)
  rw [justaplaceholder]
  (h₂ : IsLeast (S \ {u}) v) : (u + v : ℚ) / 2 = 64 := by
  -- First, we need to find all positive integer solutions to 14n ≡ 46 mod 100
  -- This congruence is equivalent to 14n - 100k = 46 for some integer k
  -- Or simplified to: 7n - 50k = 23 (dividing both sides by 2)

  -- The general solution to 7n ≡ 23 mod 50 can be found using the modular inverse
  -- We first find a particular solution to 7n ≡ 23 mod 50

  -- Compute the modular inverse of 7 modulo 50
  -- Since gcd(7, 50) = 1, the inverse exists
  have h_inv : 7 * 43 ≡ 1 [MOD 50] := by norm_num
  -- Therefore, n ≡ 23 * 43 mod 50 is a particular solution

  -- Compute 23 * 43 mod 50:
  have h_part : 23 * 43 ≡ 39 [MOD 50] := by norm_num
  -- So the general solution is n ≡ 39 mod 50

  -- Now we can express all positive solutions as n = 39 + 50t for t ∈ ℕ₀
  -- Let's find the smallest two positive solutions:

  -- First solution (t = 0): n = 39
  have u_eq : u = 39 := by
    -- Show 39 is in S
    have h39 : 39 ∈ S := by
      rw [h₀]
      refine ⟨by norm_num, ?_⟩
      -- Check 14 * 39 mod 100 = 46
      calc 14 * 39 % 100
        _ = 546 % 100 := by rw [mul_comm]
        _ = 46 := by norm_num
    -- Show it's the least element
    apply le_antisymm
    · apply h₁.1.2 h39
    · -- Any smaller positive natural would have to be <39
      -- Check that numbers 1..38 don't satisfy the condition
      suffices ∀ n < 39, 0 < n → 14 * n % 100 ≠ 46 by
        intro n hn
        rw [h₀] at hn
        exact not_lt.1 (mt (this n) (not_and.1 (not_iff_not.2 hn).1))
      intro n n_lt pos_n
      -- We could check all 38 cases, but here we'll just show the pattern fails
      -- The pattern repeats every 50 numbers, so we only need to check n < 50
      -- and we know the smallest solution is 39
      have : n ≤ 38 := by linarith
      -- For n < 39, 14n mod 100 cycles through values that never hit 46
      -- This is a bit tedious to prove, so we'll use a tactic to check all cases
      interval_cases n
      all_goals { simp [mul_comm, (show 14 * n = n * 14 by rw [mul_comm]) }
      all_goals { norm_num }

  -- Second smallest solution (t = 1): n = 39 + 50 = 89
  have v_eq : v = 89 := by
    -- Show 89 is in S \ {u}
    have h89 : 89 ∈ S \ {u} := by
      rw [mem_diff_singleton, h₀, u_eq]
      refine ⟨⟨by norm_num, ?_⟩, by simp⟩
      -- Check 14 * 89 mod 100 = 46
      calc 14 * 89 % 100
        _ = 1246 % 100 := by rw [mul_comm]
        _ = 46 := by norm_num
    -- Show it's the least element in S \ {39}
    apply le_antisymm
    · apply h₂.1.2 h89
    · -- Any other solution must be ≥89 since the next would be 39 + 100 = 139
      intro n hn
      rw [mem_diff_singleton, h₀, u_eq] at hn
      obtain ⟨⟨pos_n, hn_mod⟩, hn_ne⟩ := hn
      -- We know n ≡ 39 mod 50, so n = 39 + 50k for some k > 0
      -- Since n ≠ 39, k ≥ 1
      -- The next possible value is k=1 giving n=89
      have h_mod : n % 50 = 39 := by
        rw [Nat.mod_eq_of_lt]
        · have : 14 * n % 100 = 46 := hn_mod
          rw [← Nat.mod_eq_of_lt (n_lt := ?_)] at this
          · have : 7 * n % 50 = 23 := by
              rw [← Nat.ModEq] at this ⊢
              have : 100 = 2 * 50 := by norm_num
              rw [this] at this
              exact Nat.ModEq.of_mul_right 2 this
            rw [← Nat.modEq_iff_dvd' (by norm_num : 39 < 50)]
            apply Nat.ModEq.symm
            rw [Nat.modEq_iff_dvd']
            -- 7n ≡ 23 mod 50 → n ≡ 23 * 43 mod 50 ≡ 39 mod 50
            rw [← this]
            norm_num
          · linarith
        · have : n ≠ 39 := by simpa using hn_ne
          -- Since n is a solution >39, it must be ≥89
          -- because solutions come in the form 39 + 50k
          have : n ≥ 39 + 50 := by
            apply Int.le_of_add_le_add_right
            rw [← zero_add 39]
            apply Int.add_le_add
            · exact Int.ofNat_zero_le _
            · have : 50 ≤ 50 * (n / 50) := by
                apply Nat.mul_le_mul_left
                apply Nat.div_pos (by linarith) (by norm_num)
              rw [← Int.ofNat_le] at this
              exact this
          linarith

  -- Now compute the average of u and v
  rw [u_eq, v_eq]
  -- (39 + 89) / 2 = 128 / 2 = 64
  norm_num
2025-04-13 11:16:18 - INFO - ----------------------------------------
2025-04-13 11:16:18 - INFO - 
Detailed error repair report:
2025-04-13 11:16:18 - INFO - Original code error count: 12
❌ Fixed error 1/12: Could not generate fix for error at line 2 «function_expected» (after 22.05s)
✅ Fixed error 2/12: Successfully fixed error at line 3 «failed_to_synthesize» (in 6.02s)
❌ Fixed error 3/12: Could not generate fix for error at line 3 «failed_to_synthesize» (after 2.00s)
❌ Fixed error 4/12: Could not generate fix for error at line 3 «failed_to_synthesize» (after 2.00s)
❌ Fixed error 5/12: Could not generate fix for error at line 3 «failed_to_synthesize» (after 2.00s)
❌ Fixed error 6/12: Could not generate fix for error at line 3 «function_expected» (after 2.00s)
❌ Fixed error 7/12: Could not generate fix for error at line 4 «failed_to_synthesize» (after 2.00s)
❌ Fixed error 8/12: Could not generate fix for error at line 4 «failed_to_synthesize» (after 2.00s)
❌ Fixed error 9/12: Could not generate fix for error at line 4 «failed_to_synthesize» (after 2.00s)
❌ Fixed error 10/12: Could not generate fix for error at line 4 «function_expected» (after 2.00s)
❌ Fixed error 11/12: Could not generate fix for error at line 4 «other_error» (after 2.00s)
❌ Fixed error 12/12: Could not generate fix for error at line 14 «other_error» (after 237.19s)

=== Fix statistics ===
Original error count: 12
Fixed errors: 1 (Fix rate: 0.0833)
Failed errors: 11
Remaining errors: 1
Total time: 336.48 seconds

=== Successful fix details ===

Fix 1:
   Line: 3
   Error type: failed_to_synthesize
   Original error message: failed to synthesize
  LT ℕ
use `set_option diagnostics true` to get diagnostic information...
   Fix snippet: rw [justaplaceholder]
   Fixed line:   rw [justaplaceholder]
   Time: 6.02 seconds

=== Failed fix details ===

Failed fix 1:
   Line: 2
   Error type: function_expected
   Original error message: function expected at
  Set
term has type
  ?m.11...
   Failure reason: Could not generate fix
   Time: 22.05 seconds

Failed fix 2:
   Line: 3
   Error type: failed_to_synthesize
   Original error message: failed to synthesize
  OfNat ℕ 46
numerals are polymorphic in Lean, but the numeral `46` cannot be u...
   Failure reason: Could not generate fix
   Time: 2.00 seconds

Failed fix 3:
   Line: 3
   Error type: failed_to_synthesize
   Original error message: failed to synthesize
  OfNat ℕ 0
numerals are polymorphic in Lean, but the numeral `0` cannot be use...
   Failure reason: Could not generate fix
   Time: 2.00 seconds

Failed fix 4:
   Line: 3
   Error type: failed_to_synthesize
   Original error message: failed to synthesize
  HMul Nat ℕ (?m.611 n)
use `set_option diagnostics true` to get diagnostic inf...
   Failure reason: Could not generate fix
   Time: 2.00 seconds

Failed fix 5:
   Line: 3
   Error type: function_expected
   Original error message: function expected at
  IsLeast
term has type
  ?m.211...
   Failure reason: Could not generate fix
   Time: 2.00 seconds

Failed fix 6:
   Line: 4
   Error type: failed_to_synthesize
   Original error message: failed to synthesize
  HAdd ℕ ℕ ?m.883
use `set_option diagnostics true` to get diagnostic informati...
   Failure reason: Could not generate fix
   Time: 2.00 seconds

Failed fix 7:
   Line: 4
   Error type: failed_to_synthesize
   Original error message: failed to synthesize
  OfNat ℚ 64
numerals are polymorphic in Lean, but the numeral `64` cannot be u...
   Failure reason: Could not generate fix
   Time: 2.00 seconds

Failed fix 8:
   Line: 4
   Error type: failed_to_synthesize
   Original error message: failed to synthesize
  HDiv ℚ Nat ℚ
use `set_option diagnostics true` to get diagnostic information...
   Failure reason: Could not generate fix
   Time: 2.00 seconds

Failed fix 9:
   Line: 4
   Error type: function_expected
   Original error message: function expected at
  IsLeast
term has type
  ?m.211...
   Failure reason: Could not generate fix
   Time: 2.00 seconds

Failed fix 10:
   Line: 4
   Error type: other_error
   Original error message: unsolved goals
case refine_2
ℕ : Type u_1
x✝¹ : Sort u_2
Set : x✝¹
x✝ : Sort u_3
IsLeast : x✝
ℚ : Ty...
   Failure reason: Could not generate fix
   Time: 2.00 seconds

Failed fix 11:
   Line: 14
   Error type: other_error
   Original error message: expected token...
   Failure reason: Could not generate fix
   Time: 237.19 seconds
2025-04-13 11:16:18 - INFO - 
Fixed code saved to: ./minif2f/lean_fixed/8_fixed.lean
2025-04-13 11:16:18 - INFO - JSON log saved to: ./minif2f/lean_fixed/8_fix_log.json
2025-04-13 11:16:18 - INFO - 
===== LOG FILE LOCATION =====
2025-04-13 11:16:18 - INFO - Detailed log file is available at: ./minif2f/lean_fixed/8.log
2025-04-13 11:16:18 - INFO - ===============================
