2025-04-13 11:10:22 - INFO - Log file initialized at 2025-04-13T11:10:22.463533
2025-04-13 11:10:22 - INFO - ===== LOG FILE LOCATION =====
2025-04-13 11:10:22 - INFO - Detailed log file created at: /data/coding/minif2f/lean_fixed/80.log
2025-04-13 11:10:22 - INFO - ===============================
2025-04-13 11:10:22 - INFO - Original code:
2025-04-13 11:10:22 - INFO - ----------------------------------------
2025-04-13 11:10:22 - INFO - import Mathlib
import Aesop

set_option maxHeartbeats 0

open BigOperators Real Nat Topology Rat

/-- What is the minimum value of $f(x)=\left|x-1\right| + \left|2x-1\right| + \left|3x-1\right| + \cdots + \left|119x - 1 \right|$?

$\textbf{(A)}\ 49 \qquad \textbf{(B)}\ 50 \qquad \textbf{(C)}\ 51 \qquad \textbf{(D)}\ 52 \qquad \textbf{(E)}\ 53$ Show that it is 49\ \textbf{(A)}.-/
theorem amc12a_2010_p22 (x : ℝ) : 49 ≤ ∑ k:ℤ in Finset.Icc 1 119, abs (↑k * x - 1) := by
  -- The problem asks for the minimum value of a sum of absolute value functions.
  -- We approach this by finding the optimal x that minimizes the sum.

  -- First, let's rewrite the sum to use ℕ instead of ℤ for the index since k ranges from 1 to 119
  let n : ℕ := 119
  have hsum : ∑ k:ℤ in Finset.Icc 1 n, abs (↑k * x - 1) = ∑ k in Finset.range n, abs ((k + 1) * x - 1) := by
    simp [Finset.sum_Icc_eq_sum_range, add_comm]

  -- The key observation is that the minimum occurs when x is chosen such that the middle term (for k=60) equals zero.
  -- This is because the sum of absolute values is minimized when x is the weighted median of the reciprocals.
  let optimal_x := 1 / 60
  have h_optimal : (60:ℝ) * optimal_x - 1 = 0 := by simp [optimal_x, mul_div_cancel']

  -- We'll show that the sum evaluated at x = 1/60 gives exactly 49
  have h_min_val : ∑ k in Finset.range n, abs ((k + 1) * optimal_x - 1) = 49 := by
    -- Split the sum into two parts: k < 59 and k ≥ 59
    -- For k < 59 (i.e., k+1 ≤ 59), (k+1)/60 - 1 < 0
    -- For k ≥ 59 (i.e., k+1 ≥ 60), (k+1)/60 - 1 ≥ 0
    have h_split : Finset.range n = Finset.Iio 59 ∪ Finset.Ici 59 := by
      rw [Finset.range_eq_Ico, Finset.Ico_union_Ici_eq_Iio]
      simp

    rw [h_split, Finset.sum_union (Finset.Iio_disjoint_Ici le_rfl)]
    -- Compute the sum for k < 59
    have h_sum_lt : ∑ k in Finset.Iio 59, abs ((k + 1) * optimal_x - 1) = 
        ∑ k in Finset.Iio 59, (1 - (k + 1) * optimal_x) := by
      refine Finset.sum_congr rfl fun k hk => ?_
      rw [abs_of_neg]
      · ring
      · rw [Finset.mem_Iio] at hk
        have : (k:ℝ) + 1 < 60 := by linarith
        rw [optimal_x, div_lt_iff (by norm_num), mul_comm]
        linarith

    -- Compute the sum for k ≥ 59
    have h_sum_ge : ∑ k in Finset.Ici 59, abs ((k + 1) * optimal_x - 1) = 
        ∑ k in Finset.Ici 59, ((k + 1) * optimal_x - 1) := by
      refine Finset.sum_congr rfl fun k hk => ?_
      rw [abs_of_nonneg]
      · ring
      · rw [Finset.mem_Ici] at hk
        have : (k:ℝ) + 1 ≥ 60 := by linarith
        rw [optimal_x, le_div_iff (by norm_num), mul_comm]
        linarith

    rw [h_sum_lt, h_sum_ge]
    -- Now compute both sums explicitly
    -- The first sum has 59 terms (k=0 to 58)
    have h_card_lt : (Finset.Iio 59).card = 59 := by simp
    -- The second sum has 119 - 59 = 60 terms (k=59 to 118)
    have h_card_ge : (Finset.Ici 59).card = 60 := by
      rw [Finset.card_Ici, Nat.sub_add_cancel (by linarith)]

    -- Compute the first sum (k < 59)
    have h_sum1 : ∑ k in Finset.Iio 59, (1 - (k + 1) * optimal_x) = 
        59 - optimal_x * ∑ k in Finset.Iio 59, (k + 1) := by
      rw [Finset.sum_sub_distrib, Finset.sum_const, h_card_lt, nsmul_eq_mul, mul_one,
          Finset.mul_sum]

    -- Compute the sum of (k+1) for k < 59
    have h_sum_k_lt : ∑ k in Finset.Iio 59, (k + 1) = ∑ k in Finset.range 59, (k + 1) := by
      simp [Finset.range_eq_Ico]
    have : ∑ k in Finset.range 59, (k + 1) = 59 * 60 / 2 := by
      rw [Finset.sum_range_id, Nat.triangle_succ]
      norm_num
    rw [h_sum_k_lt, this] at h_sum1
    norm_num at h_sum1
    rw [optimal_x] at h_sum1
    field_simp at h_sum1
    norm_num at h_sum1

    -- Compute the second sum (k ≥ 59)
    have h_sum2 : ∑ k in Finset.Ici 59, ((k + 1) * optimal_x - 1) = 
        optimal_x * ∑ k in Finset.Ici 59, (k + 1) - 60 := by
      rw [Finset.sum_sub_distrib, Finset.sum_const, h_card_ge, nsmul_eq_mul, mul_one,
          Finset.mul_sum]

    -- Compute the sum of (k+1) for k ≥ 59
    have h_sum_k_ge : ∑ k in Finset.Ici 59, (k + 1) = ∑ k in Finset.range 60, (k + 60) := by
      rw [Finset.sum_Ici_eq_sum_range]
      intro k
      rw [add_comm]
    have : ∑ k in Finset.range 60, (k + 60) = 60 * 60 + 60 * 59 / 2 := by
      rw [Finset.sum_add_distrib, Finset.sum_range_id, Nat.triangle_succ]
      norm_num
    rw [h_sum_k_ge, this] at h_sum2
    norm_num at h_sum2
    rw [optimal_x] at h_sum2
    field_simp at h_sum2
    norm_num at h_sum2

    -- Combine both sums
    linarith

  -- Now we know that the minimal value is 49, achieved at x = 1/60
  -- Therefore, for any real x, the sum is at least 49
  rw [hsum]
  have : ∑ k in Finset.range n, abs ((k + 1) * x - 1) ≥ 
      ∑ k in Finset.range n, abs ((k + 1) * optimal_x - 1) := by
    -- This follows from the fact that x = 1/60 is the minimizer
    -- We can use convexity of the absolute value function
    sorry  -- This part would require more advanced convexity arguments
  linarith [h_min_val]
2025-04-13 11:10:22 - INFO - ----------------------------------------
2025-04-13 11:10:22 - INFO - 
Checking original code for all errors...
2025-04-13 11:10:42 - INFO - Original code contains 11 errors:
2025-04-13 11:10:42 - INFO - Error 1: line 18, type: unknown_constant, message: unknown constant 'Finset.sum_Icc_eq_sum_range'...
2025-04-13 11:10:42 - INFO - Error 2: line 17, type: other_error, message: unsolved goals
x : ℝ
n : ℕ := 119
⊢ ∑ k ∈ Finset.Icc 1 119, |↑k * x - 1| = ∑ k ∈ Finset.range n, |(↑...
2025-04-13 11:10:42 - INFO - Error 3: line 23, type: other_error, message: `mul_div_cancel'` has been deprecated, use `mul_div_cancel₀` instead...
2025-04-13 11:10:42 - INFO - Error 4: line 23, type: other_error, message: unsolved goals
x : ℝ
n : ℕ := 119
hsum : ∑ k ∈ Finset.Icc 1 ↑n, |↑k * x - 1| = ∑ k ∈ Finset.range n,...
2025-04-13 11:10:42 - INFO - Error 5: line 26, type: failed_to_synthesize, message: failed to synthesize
  AddGroup ℕ
use `set_option diagnostics true` to get diagnostic information...
2025-04-13 11:10:42 - INFO - Error 6: line 30, type: failed_to_synthesize, message: failed to synthesize
  LocallyFiniteOrderTop ℕ
use `set_option diagnostics true` to get diagnostic i...
2025-04-13 11:10:42 - INFO - Error 7: line 31, type: unknown_constant, message: unknown constant 'Finset.Ico_union_Ici_eq_Iio'...
2025-04-13 11:10:42 - INFO - Error 8: line 31, type: rewrite_failed, message: tactic 'rewrite' failed, equality or iff proof expected
  ?m.15760
x : ℝ
n : ℕ := 119
hsum : ∑ k ∈ F...
2025-04-13 11:10:42 - INFO - Error 9: line 34, type: unknown_identifier, message: unknown identifier 'h_split'...
2025-04-13 11:10:42 - INFO - Error 10: line 34, type: rewrite_failed, message: tactic 'rewrite' failed, equality or iff proof expected
  ?m.15762
case refine_1
x : ℝ
n : ℕ := 119
...
2025-04-13 11:10:42 - INFO - Error 11: line 108, type: rewrite_failed, message: tactic 'rewrite' failed, did not find instance of the pattern in the target expression
  ∑ k ∈ Finse...
2025-04-13 11:10:42 - INFO - 
Starting multi-error continuous repair process...
2025-04-13 11:10:42 - INFO - 
===== Starting to fix all errors =====
2025-04-13 11:10:43 - INFO - 
Found 1 original errors:
2025-04-13 11:10:43 - INFO - Error 1: line 4, type: other_error, message: expected token...
2025-04-13 11:10:43 - INFO - 
Trying to fix error 1/1: line 4, type: other_error
2025-04-13 11:10:43 - INFO - Error message: expected token...
2025-04-13 11:10:43 - INFO - Removed header content, remaining 107 lines of code
2025-04-13 11:10:43 - INFO - Using specified target error line: 4
2025-04-13 11:10:44 - INFO - Found error at specified line: expected token
2025-04-13 11:10:44 - INFO - Error at line 4: expected token
2025-04-13 11:10:44 - INFO - 
==================================================
2025-04-13 11:10:44 - INFO - Code prepared, starting synthesis
2025-04-13 11:10:44 - INFO - Before part: /-- What is the minimum value of $f(x)=\left|x-1\right| + \left|2x-1\right| + \left|3x-1\right| + \cdots + \left|119x - 1 \right|$?

$\textbf{(A)}\ 49 \qquad \textbf{(B)}\ 50 \qquad \textbf{(C)}\ 51 \qquad \textbf{(D)}\ 52 \qquad \textbf{(E)}\ 53$ Show that it is 49\ \textbf{(A)}.-/
2025-04-13 11:10:44 - INFO - Error line: theorem amc12a_2010_p22 (x : ℝ) : 49 ≤ ∑ k:ℤ in Finset.Icc 1 119, abs (↑k * x - 1) := by
2025-04-13 11:10:44 - INFO - After part: -- The problem asks for the minimum value of a sum of absolute value functions.
  -- We approach this by finding the optimal x that minimizes the sum.

  -- First, let's rewrite the sum to use ℕ instead of ℤ for the index since k ranges from 1 to 119
  let n : ℕ := 119
  have hsum : ∑ k:ℤ in Finset.Icc 1 n, abs (↑k * x - 1) = ∑ k in Finset.range n, abs ((k + 1) * x - 1) := by
    simp [Finset.sum_Icc_eq_sum_range, add_comm]

  -- The key observation is that the minimum occurs when x is chosen such that the middle term (for k=60) equals zero.
  -- This is because the sum of absolute values is minimized when x is the weighted median of the reciprocals.
  let optimal_x := 1 / 60
  have h_optimal : (60:ℝ) * optimal_x - 1 = 0 := by simp [optimal_x, mul_div_cancel']

  -- We'll show that the sum evaluated at x = 1/60 gives exactly 49
  have h_min_val : ∑ k in Finset.range n, abs ((k + 1) * optimal_x - 1) = 49 := by
    -- Split the sum into two parts: k < 59 and k ≥ 59
    -- For k < 59 (i.e., k+1 ≤ 59), (k+1)/60 - 1 < 0
    -- For k ≥ 59 (i.e., k+1 ≥ 60), (k+1)/60 - 1 ≥ 0
    have h_split : Finset.range n = Finset.Iio 59 ∪ Finset.Ici 59 := by
      rw [Finset.range_eq_Ico, Finset.Ico_union_Ici_eq_Iio]
      simp

    rw [h_split, Finset.sum_union (Finset.Iio_disjoint_Ici le_rfl)]
    -- Compute the sum for k < 59
    have h_sum_lt : ∑ k in Finset.Iio 59, abs ((k + 1) * optimal_x - 1) = 
        ∑ k in Finset.Iio 59, (1 - (k + 1) * optimal_x) := by
      refine Finset.sum_congr rfl fun k hk => ?_
      rw [abs_of_neg]
      · ring
      · rw [Finset.mem_Iio] at hk
        have : (k:ℝ) + 1 < 60 := by linarith
        rw [optimal_x, div_lt_iff (by norm_num), mul_comm]
        linarith

    -- Compute the sum for k ≥ 59
    have h_sum_ge : ∑ k in Finset.Ici 59, abs ((k + 1) * optimal_x - 1) = 
        ∑ k in Finset.Ici 59, ((k + 1) * optimal_x - 1) := by
      refine Finset.sum_congr rfl fun k hk => ?_
      rw [abs_of_nonneg]
      · ring
      · rw [Finset.mem_Ici] at hk
        have : (k:ℝ) + 1 ≥ 60 := by linarith
        rw [optimal_x, le_div_iff (by norm_num), mul_comm]
        linarith

    rw [h_sum_lt, h_sum_ge]
    -- Now compute both sums explicitly
    -- The first sum has 59 terms (k=0 to 58)
    have h_card_lt : (Finset.Iio 59).card = 59 := by simp
    -- The second sum has 119 - 59 = 60 terms (k=59 to 118)
    have h_card_ge : (Finset.Ici 59).card = 60 := by
      rw [Finset.card_Ici, Nat.sub_add_cancel (by linarith)]

    -- Compute the first sum (k < 59)
    have h_sum1 : ∑ k in Finset.Iio 59, (1 - (k + 1) * optimal_x) = 
        59 - optimal_x * ∑ k in Finset.Iio 59, (k + 1) := by
      rw [Finset.sum_sub_distrib, Finset.sum_const, h_card_lt, nsmul_eq_mul, mul_one,
          Finset.mul_sum]

    -- Compute the sum of (k+1) for k < 59
    have h_sum_k_lt : ∑ k in Finset.Iio 59, (k + 1) = ∑ k in Finset.range 59, (k + 1) := by
      simp [Finset.range_eq_Ico]
    have : ∑ k in Finset.range 59, (k + 1) = 59 * 60 / 2 := by
      rw [Finset.sum_range_id, Nat.triangle_succ]
      norm_num
    rw [h_sum_k_lt, this] at h_sum1
    norm_num at h_sum1
    rw [optimal_x] at h_sum1
    field_simp at h_sum1
    norm_num at h_sum1

    -- Compute the second sum (k ≥ 59)
    have h_sum2 : ∑ k in Finset.Ici 59, ((k + 1) * optimal_x - 1) = 
        optimal_x * ∑ k in Finset.Ici 59, (k + 1) - 60 := by
      rw [Finset.sum_sub_distrib, Finset.sum_const, h_card_ge, nsmul_eq_mul, mul_one,
          Finset.mul_sum]

    -- Compute the sum of (k+1) for k ≥ 59
    have h_sum_k_ge : ∑ k in Finset.Ici 59, (k + 1) = ∑ k in Finset.range 60, (k + 60) := by
      rw [Finset.sum_Ici_eq_sum_range]
      intro k
      rw [add_comm]
    have : ∑ k in Finset.range 60, (k + 60) = 60 * 60 + 60 * 59 / 2 := by
      rw [Finset.sum_add_distrib, Finset.sum_range_id, Nat.triangle_succ]
      norm_num
    rw [h_sum_k_ge, this] at h_sum2
    norm_num at h_sum2
    rw [optimal_x] at h_sum2
    field_simp at h_sum2
    norm_num at h_sum2

    -- Combine both sums
    linarith

  -- Now we know that the minimal value is 49, achieved at x = 1/60
  -- Therefore, for any real x, the sum is at least 49
  rw [hsum]
  have : ∑ k in Finset.range n, abs ((k + 1) * x - 1) ≥ 
      ∑ k in Finset.range n, abs ((k + 1) * optimal_x - 1) := by
    -- This follows from the fact that x = 1/60 is the minimizer
    -- We can use convexity of the absolute value function
    sorry  -- This part would require more advanced convexity arguments
  linarith [h_min_val]
2025-04-13 11:10:44 - INFO - ==================================================

2025-04-13 11:10:45 - INFO - Testing fragment: rw [justaplaceholder]
2025-04-13 11:10:45 - INFO - Original error line: theorem amc12a_2010_p22 (x : ℝ) : 49 ≤ ∑ k:ℤ in Finset.Icc 1 119, abs (↑k * x - 1) := by
2025-04-13 11:10:47 - INFO - Testing fix: Original errors: 1, Fixed errors: 1
2025-04-13 11:10:47 - INFO - Result: False (introduced 1 new errors)
2025-04-13 11:10:47 - DEBUG - === New errors detail ===
2025-04-13 11:10:47 - DEBUG - New Error 1: line 3, type: other_error, message: unexpected identifier; expected '#guard_msgs', 'abbrev', 'add_decl_doc', 'axiom', 'binder_predicate', 'builtin_dsimproc', 'builtin_dsimproc_decl', 'builtin_initialize', 'builtin_simproc', 'builtin_simproc_decl', 'class', 'declare_simp_like_tactic', 'declare_syntax_cat', 'def', 'dsimproc', 'dsimproc_decl', 'elab', 'elab_rules', 'example', 'inductive', 'infix', 'infixl', 'infixr', 'initialize', 'instance', 'macro', 'macro_rules', 'notation', 'opaque', 'postfix', 'prefix', 'simproc', 'simproc_decl', 'structure', 'syntax', 'theorem' or 'unif_hint'
2025-04-13 11:10:47 - INFO - Testing fragment: rw [<- justaplaceholder]
2025-04-13 11:10:47 - INFO - Original error line: theorem amc12a_2010_p22 (x : ℝ) : 49 ≤ ∑ k:ℤ in Finset.Icc 1 119, abs (↑k * x - 1) := by
2025-04-13 11:10:49 - INFO - Testing fix: Original errors: 1, Fixed errors: 1
2025-04-13 11:10:49 - INFO - Result: False (introduced 1 new errors)
2025-04-13 11:10:49 - DEBUG - === New errors detail ===
2025-04-13 11:10:49 - DEBUG - New Error 1: line 3, type: other_error, message: unexpected identifier; expected '#guard_msgs', 'abbrev', 'add_decl_doc', 'axiom', 'binder_predicate', 'builtin_dsimproc', 'builtin_dsimproc_decl', 'builtin_initialize', 'builtin_simproc', 'builtin_simproc_decl', 'class', 'declare_simp_like_tactic', 'declare_syntax_cat', 'def', 'dsimproc', 'dsimproc_decl', 'elab', 'elab_rules', 'example', 'inductive', 'infix', 'infixl', 'infixr', 'initialize', 'instance', 'macro', 'macro_rules', 'notation', 'opaque', 'postfix', 'prefix', 'simproc', 'simproc_decl', 'structure', 'syntax', 'theorem' or 'unif_hint'
2025-04-13 11:10:49 - INFO - Testing fragment: simp
2025-04-13 11:10:49 - INFO - Original error line: theorem amc12a_2010_p22 (x : ℝ) : 49 ≤ ∑ k:ℤ in Finset.Icc 1 119, abs (↑k * x - 1) := by
2025-04-13 11:10:51 - INFO - Testing fix: Original errors: 1, Fixed errors: 1
2025-04-13 11:10:51 - INFO - Result: False (introduced 1 new errors)
2025-04-13 11:10:51 - DEBUG - === New errors detail ===
2025-04-13 11:10:51 - DEBUG - New Error 1: line 3, type: other_error, message: unexpected identifier; expected '#guard_msgs', 'abbrev', 'add_decl_doc', 'axiom', 'binder_predicate', 'builtin_dsimproc', 'builtin_dsimproc_decl', 'builtin_initialize', 'builtin_simproc', 'builtin_simproc_decl', 'class', 'declare_simp_like_tactic', 'declare_syntax_cat', 'def', 'dsimproc', 'dsimproc_decl', 'elab', 'elab_rules', 'example', 'inductive', 'infix', 'infixl', 'infixr', 'initialize', 'instance', 'macro', 'macro_rules', 'notation', 'opaque', 'postfix', 'prefix', 'simproc', 'simproc_decl', 'structure', 'syntax', 'theorem' or 'unif_hint'
2025-04-13 11:10:51 - INFO - Testing fragment: field_simp
2025-04-13 11:10:51 - INFO - Original error line: theorem amc12a_2010_p22 (x : ℝ) : 49 ≤ ∑ k:ℤ in Finset.Icc 1 119, abs (↑k * x - 1) := by
2025-04-13 11:10:53 - INFO - Testing fix: Original errors: 1, Fixed errors: 1
2025-04-13 11:10:53 - INFO - Result: False (introduced 1 new errors)
2025-04-13 11:10:53 - DEBUG - === New errors detail ===
2025-04-13 11:10:53 - DEBUG - New Error 1: line 3, type: other_error, message: unexpected identifier; expected '#guard_msgs', 'abbrev', 'add_decl_doc', 'axiom', 'binder_predicate', 'builtin_dsimproc', 'builtin_dsimproc_decl', 'builtin_initialize', 'builtin_simproc', 'builtin_simproc_decl', 'class', 'declare_simp_like_tactic', 'declare_syntax_cat', 'def', 'dsimproc', 'dsimproc_decl', 'elab', 'elab_rules', 'example', 'inductive', 'infix', 'infixl', 'infixr', 'initialize', 'instance', 'macro', 'macro_rules', 'notation', 'opaque', 'postfix', 'prefix', 'simproc', 'simproc_decl', 'structure', 'syntax', 'theorem' or 'unif_hint'
2025-04-13 11:10:53 - INFO - Testing fragment: norm_num
2025-04-13 11:10:53 - INFO - Original error line: theorem amc12a_2010_p22 (x : ℝ) : 49 ≤ ∑ k:ℤ in Finset.Icc 1 119, abs (↑k * x - 1) := by
2025-04-13 11:10:55 - INFO - Testing fix: Original errors: 1, Fixed errors: 1
2025-04-13 11:10:55 - INFO - Result: False (introduced 1 new errors)
2025-04-13 11:10:55 - DEBUG - === New errors detail ===
2025-04-13 11:10:55 - DEBUG - New Error 1: line 3, type: other_error, message: unexpected identifier; expected '#guard_msgs', 'abbrev', 'add_decl_doc', 'axiom', 'binder_predicate', 'builtin_dsimproc', 'builtin_dsimproc_decl', 'builtin_initialize', 'builtin_simproc', 'builtin_simproc_decl', 'class', 'declare_simp_like_tactic', 'declare_syntax_cat', 'def', 'dsimproc', 'dsimproc_decl', 'elab', 'elab_rules', 'example', 'inductive', 'infix', 'infixl', 'infixr', 'initialize', 'instance', 'macro', 'macro_rules', 'notation', 'opaque', 'postfix', 'prefix', 'simproc', 'simproc_decl', 'structure', 'syntax', 'theorem' or 'unif_hint'
2025-04-13 11:10:55 - INFO - Testing fragment: ring
2025-04-13 11:10:55 - INFO - Original error line: theorem amc12a_2010_p22 (x : ℝ) : 49 ≤ ∑ k:ℤ in Finset.Icc 1 119, abs (↑k * x - 1) := by
2025-04-13 11:10:57 - INFO - Testing fix: Original errors: 1, Fixed errors: 1
2025-04-13 11:10:57 - INFO - Result: False (introduced 1 new errors)
2025-04-13 11:10:57 - DEBUG - === New errors detail ===
2025-04-13 11:10:57 - DEBUG - New Error 1: line 3, type: other_error, message: unexpected identifier; expected '#guard_msgs', 'abbrev', 'add_decl_doc', 'axiom', 'binder_predicate', 'builtin_dsimproc', 'builtin_dsimproc_decl', 'builtin_initialize', 'builtin_simproc', 'builtin_simproc_decl', 'class', 'declare_simp_like_tactic', 'declare_syntax_cat', 'def', 'dsimproc', 'dsimproc_decl', 'elab', 'elab_rules', 'example', 'inductive', 'infix', 'infixl', 'infixr', 'initialize', 'instance', 'macro', 'macro_rules', 'notation', 'opaque', 'postfix', 'prefix', 'simproc', 'simproc_decl', 'structure', 'syntax', 'theorem' or 'unif_hint'
2025-04-13 11:10:57 - INFO - Testing fragment: ring_nf
2025-04-13 11:10:57 - INFO - Original error line: theorem amc12a_2010_p22 (x : ℝ) : 49 ≤ ∑ k:ℤ in Finset.Icc 1 119, abs (↑k * x - 1) := by
2025-04-13 11:10:59 - INFO - Testing fix: Original errors: 1, Fixed errors: 1
2025-04-13 11:10:59 - INFO - Result: False (introduced 1 new errors)
2025-04-13 11:10:59 - DEBUG - === New errors detail ===
2025-04-13 11:10:59 - DEBUG - New Error 1: line 3, type: other_error, message: unexpected identifier; expected '#guard_msgs', 'abbrev', 'add_decl_doc', 'axiom', 'binder_predicate', 'builtin_dsimproc', 'builtin_dsimproc_decl', 'builtin_initialize', 'builtin_simproc', 'builtin_simproc_decl', 'class', 'declare_simp_like_tactic', 'declare_syntax_cat', 'def', 'dsimproc', 'dsimproc_decl', 'elab', 'elab_rules', 'example', 'inductive', 'infix', 'infixl', 'infixr', 'initialize', 'instance', 'macro', 'macro_rules', 'notation', 'opaque', 'postfix', 'prefix', 'simproc', 'simproc_decl', 'structure', 'syntax', 'theorem' or 'unif_hint'
2025-04-13 11:10:59 - INFO - Testing fragment: omega
2025-04-13 11:10:59 - INFO - Original error line: theorem amc12a_2010_p22 (x : ℝ) : 49 ≤ ∑ k:ℤ in Finset.Icc 1 119, abs (↑k * x - 1) := by
2025-04-13 11:11:01 - INFO - Testing fix: Original errors: 1, Fixed errors: 1
2025-04-13 11:11:01 - INFO - Result: False (introduced 1 new errors)
2025-04-13 11:11:01 - DEBUG - === New errors detail ===
2025-04-13 11:11:01 - DEBUG - New Error 1: line 3, type: other_error, message: unexpected identifier; expected '#guard_msgs', 'abbrev', 'add_decl_doc', 'axiom', 'binder_predicate', 'builtin_dsimproc', 'builtin_dsimproc_decl', 'builtin_initialize', 'builtin_simproc', 'builtin_simproc_decl', 'class', 'declare_simp_like_tactic', 'declare_syntax_cat', 'def', 'dsimproc', 'dsimproc_decl', 'elab', 'elab_rules', 'example', 'inductive', 'infix', 'infixl', 'infixr', 'initialize', 'instance', 'macro', 'macro_rules', 'notation', 'opaque', 'postfix', 'prefix', 'simproc', 'simproc_decl', 'structure', 'syntax', 'theorem' or 'unif_hint'
2025-04-13 11:11:01 - INFO - Testing fragment: linarith
2025-04-13 11:11:01 - INFO - Original error line: theorem amc12a_2010_p22 (x : ℝ) : 49 ≤ ∑ k:ℤ in Finset.Icc 1 119, abs (↑k * x - 1) := by
2025-04-13 11:11:03 - INFO - Testing fix: Original errors: 1, Fixed errors: 1
2025-04-13 11:11:03 - INFO - Result: False (introduced 1 new errors)
2025-04-13 11:11:03 - DEBUG - === New errors detail ===
2025-04-13 11:11:03 - DEBUG - New Error 1: line 3, type: other_error, message: unexpected identifier; expected '#guard_msgs', 'abbrev', 'add_decl_doc', 'axiom', 'binder_predicate', 'builtin_dsimproc', 'builtin_dsimproc_decl', 'builtin_initialize', 'builtin_simproc', 'builtin_simproc_decl', 'class', 'declare_simp_like_tactic', 'declare_syntax_cat', 'def', 'dsimproc', 'dsimproc_decl', 'elab', 'elab_rules', 'example', 'inductive', 'infix', 'infixl', 'infixr', 'initialize', 'instance', 'macro', 'macro_rules', 'notation', 'opaque', 'postfix', 'prefix', 'simproc', 'simproc_decl', 'structure', 'syntax', 'theorem' or 'unif_hint'
2025-04-13 11:11:03 - INFO - Testing fragment: nlinarith
2025-04-13 11:11:03 - INFO - Original error line: theorem amc12a_2010_p22 (x : ℝ) : 49 ≤ ∑ k:ℤ in Finset.Icc 1 119, abs (↑k * x - 1) := by
2025-04-13 11:11:05 - INFO - Testing fix: Original errors: 1, Fixed errors: 1
2025-04-13 11:11:05 - INFO - Result: False (introduced 1 new errors)
2025-04-13 11:11:05 - DEBUG - === New errors detail ===
2025-04-13 11:11:05 - DEBUG - New Error 1: line 3, type: other_error, message: unexpected identifier; expected '#guard_msgs', 'abbrev', 'add_decl_doc', 'axiom', 'binder_predicate', 'builtin_dsimproc', 'builtin_dsimproc_decl', 'builtin_initialize', 'builtin_simproc', 'builtin_simproc_decl', 'class', 'declare_simp_like_tactic', 'declare_syntax_cat', 'def', 'dsimproc', 'dsimproc_decl', 'elab', 'elab_rules', 'example', 'inductive', 'infix', 'infixl', 'infixr', 'initialize', 'instance', 'macro', 'macro_rules', 'notation', 'opaque', 'postfix', 'prefix', 'simproc', 'simproc_decl', 'structure', 'syntax', 'theorem' or 'unif_hint'
2025-04-13 11:11:05 - INFO - Failed attempt time: 22.05 seconds
2025-04-13 11:11:05 - INFO - ❌ Could not generate fix for error at line 4
2025-04-13 11:11:06 - INFO - 
===== Fix attempt completed =====
2025-04-13 11:11:06 - INFO - Original errors: 1
2025-04-13 11:11:06 - INFO - Fixed errors: 0
2025-04-13 11:11:06 - INFO - Failed errors: 1
2025-04-13 11:11:06 - INFO - Remaining errors: 1
2025-04-13 11:11:06 - INFO - Total time: 24.06 seconds
2025-04-13 11:11:06 - INFO - 
Final fixed code:
2025-04-13 11:11:06 - INFO - ----------------------------------------
2025-04-13 11:11:06 - INFO - /-- What is the minimum value of $f(x)=\left|x-1\right| + \left|2x-1\right| + \left|3x-1\right| + \cdots + \left|119x - 1 \right|$?

$\textbf{(A)}\ 49 \qquad \textbf{(B)}\ 50 \qquad \textbf{(C)}\ 51 \qquad \textbf{(D)}\ 52 \qquad \textbf{(E)}\ 53$ Show that it is 49\ \textbf{(A)}.-/
theorem amc12a_2010_p22 (x : ℝ) : 49 ≤ ∑ k:ℤ in Finset.Icc 1 119, abs (↑k * x - 1) := by
  -- The problem asks for the minimum value of a sum of absolute value functions.
  -- We approach this by finding the optimal x that minimizes the sum.

  -- First, let's rewrite the sum to use ℕ instead of ℤ for the index since k ranges from 1 to 119
  let n : ℕ := 119
  have hsum : ∑ k:ℤ in Finset.Icc 1 n, abs (↑k * x - 1) = ∑ k in Finset.range n, abs ((k + 1) * x - 1) := by
    simp [Finset.sum_Icc_eq_sum_range, add_comm]

  -- The key observation is that the minimum occurs when x is chosen such that the middle term (for k=60) equals zero.
  -- This is because the sum of absolute values is minimized when x is the weighted median of the reciprocals.
  let optimal_x := 1 / 60
  have h_optimal : (60:ℝ) * optimal_x - 1 = 0 := by simp [optimal_x, mul_div_cancel']

  -- We'll show that the sum evaluated at x = 1/60 gives exactly 49
  have h_min_val : ∑ k in Finset.range n, abs ((k + 1) * optimal_x - 1) = 49 := by
    -- Split the sum into two parts: k < 59 and k ≥ 59
    -- For k < 59 (i.e., k+1 ≤ 59), (k+1)/60 - 1 < 0
    -- For k ≥ 59 (i.e., k+1 ≥ 60), (k+1)/60 - 1 ≥ 0
    have h_split : Finset.range n = Finset.Iio 59 ∪ Finset.Ici 59 := by
      rw [Finset.range_eq_Ico, Finset.Ico_union_Ici_eq_Iio]
      simp

    rw [h_split, Finset.sum_union (Finset.Iio_disjoint_Ici le_rfl)]
    -- Compute the sum for k < 59
    have h_sum_lt : ∑ k in Finset.Iio 59, abs ((k + 1) * optimal_x - 1) = 
        ∑ k in Finset.Iio 59, (1 - (k + 1) * optimal_x) := by
      refine Finset.sum_congr rfl fun k hk => ?_
      rw [abs_of_neg]
      · ring
      · rw [Finset.mem_Iio] at hk
        have : (k:ℝ) + 1 < 60 := by linarith
        rw [optimal_x, div_lt_iff (by norm_num), mul_comm]
        linarith

    -- Compute the sum for k ≥ 59
    have h_sum_ge : ∑ k in Finset.Ici 59, abs ((k + 1) * optimal_x - 1) = 
        ∑ k in Finset.Ici 59, ((k + 1) * optimal_x - 1) := by
      refine Finset.sum_congr rfl fun k hk => ?_
      rw [abs_of_nonneg]
      · ring
      · rw [Finset.mem_Ici] at hk
        have : (k:ℝ) + 1 ≥ 60 := by linarith
        rw [optimal_x, le_div_iff (by norm_num), mul_comm]
        linarith

    rw [h_sum_lt, h_sum_ge]
    -- Now compute both sums explicitly
    -- The first sum has 59 terms (k=0 to 58)
    have h_card_lt : (Finset.Iio 59).card = 59 := by simp
    -- The second sum has 119 - 59 = 60 terms (k=59 to 118)
    have h_card_ge : (Finset.Ici 59).card = 60 := by
      rw [Finset.card_Ici, Nat.sub_add_cancel (by linarith)]

    -- Compute the first sum (k < 59)
    have h_sum1 : ∑ k in Finset.Iio 59, (1 - (k + 1) * optimal_x) = 
        59 - optimal_x * ∑ k in Finset.Iio 59, (k + 1) := by
      rw [Finset.sum_sub_distrib, Finset.sum_const, h_card_lt, nsmul_eq_mul, mul_one,
          Finset.mul_sum]

    -- Compute the sum of (k+1) for k < 59
    have h_sum_k_lt : ∑ k in Finset.Iio 59, (k + 1) = ∑ k in Finset.range 59, (k + 1) := by
      simp [Finset.range_eq_Ico]
    have : ∑ k in Finset.range 59, (k + 1) = 59 * 60 / 2 := by
      rw [Finset.sum_range_id, Nat.triangle_succ]
      norm_num
    rw [h_sum_k_lt, this] at h_sum1
    norm_num at h_sum1
    rw [optimal_x] at h_sum1
    field_simp at h_sum1
    norm_num at h_sum1

    -- Compute the second sum (k ≥ 59)
    have h_sum2 : ∑ k in Finset.Ici 59, ((k + 1) * optimal_x - 1) = 
        optimal_x * ∑ k in Finset.Ici 59, (k + 1) - 60 := by
      rw [Finset.sum_sub_distrib, Finset.sum_const, h_card_ge, nsmul_eq_mul, mul_one,
          Finset.mul_sum]

    -- Compute the sum of (k+1) for k ≥ 59
    have h_sum_k_ge : ∑ k in Finset.Ici 59, (k + 1) = ∑ k in Finset.range 60, (k + 60) := by
      rw [Finset.sum_Ici_eq_sum_range]
      intro k
      rw [add_comm]
    have : ∑ k in Finset.range 60, (k + 60) = 60 * 60 + 60 * 59 / 2 := by
      rw [Finset.sum_add_distrib, Finset.sum_range_id, Nat.triangle_succ]
      norm_num
    rw [h_sum_k_ge, this] at h_sum2
    norm_num at h_sum2
    rw [optimal_x] at h_sum2
    field_simp at h_sum2
    norm_num at h_sum2

    -- Combine both sums
    linarith

  -- Now we know that the minimal value is 49, achieved at x = 1/60
  -- Therefore, for any real x, the sum is at least 49
  rw [hsum]
  have : ∑ k in Finset.range n, abs ((k + 1) * x - 1) ≥ 
      ∑ k in Finset.range n, abs ((k + 1) * optimal_x - 1) := by
    -- This follows from the fact that x = 1/60 is the minimizer
    -- We can use convexity of the absolute value function
    sorry  -- This part would require more advanced convexity arguments
  linarith [h_min_val]
2025-04-13 11:11:06 - INFO - ----------------------------------------
2025-04-13 11:11:06 - INFO - 
Detailed error repair report:
2025-04-13 11:11:06 - INFO - Original code error count: 1
❌ Fixed error 1/1: Could not generate fix for error at line 4 «other_error» (after 22.05s)

=== Fix statistics ===
Original error count: 1
Fixed errors: 0 (Fix rate: 0.0000)
Failed errors: 1
Remaining errors: 1
Total time: 24.06 seconds

=== Failed fix details ===

Failed fix 1:
   Line: 4
   Error type: other_error
   Original error message: expected token...
   Failure reason: Could not generate fix
   Time: 22.05 seconds
2025-04-13 11:11:06 - INFO - 
Fixed code saved to: /data/coding/minif2f/lean_fixed/80_fixed.lean
2025-04-13 11:11:06 - INFO - JSON log saved to: /data/coding/minif2f/lean_fixed/80_fix_log.json
2025-04-13 11:11:06 - INFO - 
===== LOG FILE LOCATION =====
2025-04-13 11:11:06 - INFO - Detailed log file is available at: /data/coding/minif2f/lean_fixed/80.log
2025-04-13 11:11:06 - INFO - ===============================
