2025-04-13 11:10:57 - INFO - Log file initialized at 2025-04-13T11:10:57.783656
2025-04-13 11:10:57 - INFO - ===== LOG FILE LOCATION =====
2025-04-13 11:10:57 - INFO - Detailed log file created at: ./minif2f/lean_fixed/84.log
2025-04-13 11:10:57 - INFO - ===============================
2025-04-13 11:10:57 - INFO - Original code:
2025-04-13 11:10:57 - INFO - ----------------------------------------
2025-04-13 11:10:57 - INFO - import Mathlib
import Aesop

set_option maxHeartbeats 0

open BigOperators Real Nat Topology Rat

/-- Define a function on the positive integers recursively by $f(1) = 2$, $f(n) = f(n-1) + 1$ if $n$ is even, 
and $f(n) = f(n-2) + 2$ if $n$ is odd and greater than $1$. What is $f(2017)$?

$ \textbf{(A)}\ 2017 \qquad\textbf{(B)}\ 2018 \qquad\textbf{(C)}\ 4034 \qquad\textbf{(D)}\ 4035 \qquad\textbf{(E)}\ 4036 $ 
Show that it is \textbf{(B)}.-/
theorem amc12a_2017_p7 (f : ℕ → ℝ) (h₀ : f 1 = 2) (h₁ : ∀ n, 1 < n ∧ Even n → f n = f (n - 1) + 1)
  (h₂ : ∀ n, 1 < n ∧ Odd n → f n = f (n - 2) + 2) : f 2017 = 2018 := by
  -- First, we'll prove a general lemma that gives a closed form for f(n)
  have lemma : ∀ n : ℕ, f n = n + 1 := by
    -- We'll prove this by strong induction
    apply Nat.strong_induction_on
    intro n hn
    -- Base case when n = 1
    cases' n with n
    · simp [h₀]  -- f(1) = 2 = 1 + 1
    cases' n with n
    · simp [h₀]  -- f(1) = 2 = 1 + 1
    -- Now consider two cases based on parity of (n+1)
    cases' Nat.even_or_odd (n + 1) with even_n odd_n
    -- Case 1: n+1 is even
    · have n_gt_1 : 1 < n + 1 := by linarith
      specialize h₁ (n + 1) ⟨n_gt_1, even_n⟩
      -- Use recursive definition for even case
      rw [h₁]
      -- Apply induction hypothesis to (n+1-1) = n
      have IH := hn n (by linarith)
      rw [IH]
      -- Simplify: (n + 1) + 1 = (n + 1 + 1)
      ring
    -- Case 2: n+1 is odd
    · have n_gt_1 : 1 < n + 1 := by linarith
      specialize h₂ (n + 1) ⟨n_gt_1, odd_n⟩
      -- Use recursive definition for odd case
      rw [h₂]
      -- Apply induction hypothesis to (n+1-2) = n-1
      have IH := hn (n - 1) (by linarith)
      rw [IH]
      -- Simplify: (n - 1 + 1) + 2 = n + 2 = (n + 1) + 1
      ring
  -- Now apply the lemma to n = 2017
  specialize lemma 2017
  -- Simplify: 2017 + 1 = 2018
  rw [lemma]
  norm_cast
2025-04-13 11:10:57 - INFO - ----------------------------------------
2025-04-13 11:10:57 - INFO - 
Checking original code for all errors...
2025-04-13 11:11:02 - INFO - Original code contains 4 errors:
2025-04-13 11:11:02 - INFO - Error 1: line 7, type: other_error, message: unsolved goals
case this
f : ℕ → ℝ
h₀ : f 1 = 2
h₁ : ∀ (n : ℕ), 1 < n ∧ Even n → f n = f (n - 1) + 1...
2025-04-13 11:11:02 - INFO - Error 2: line 9, type: syntax_error, message: unexpected token ':'; expected identifier...
2025-04-13 11:11:02 - INFO - Error 3: line 41, type: syntax_error, message: unexpected token; expected identifier...
2025-04-13 11:11:02 - INFO - Error 4: line 43, type: syntax_error, message: unexpected token ']'; expected identifier...
2025-04-13 11:11:02 - INFO - 
Starting multi-error continuous repair process...
2025-04-13 11:11:02 - INFO - 
===== Starting to fix all errors =====
2025-04-13 11:11:03 - INFO - 
Found 4 original errors:
2025-04-13 11:11:03 - INFO - Error 1: line 7, type: other_error, message: unsolved goals
case this
f : ℕ → ℝ
h₀ : f 1 = 2
h₁ : ∀ (n : ℕ), 1 < n ∧ Even n → f n = f (n - 1) + 1...
2025-04-13 11:11:03 - INFO - Error 2: line 9, type: syntax_error, message: unexpected token ':'; expected identifier...
2025-04-13 11:11:03 - INFO - Error 3: line 41, type: syntax_error, message: unexpected token; expected identifier...
2025-04-13 11:11:03 - INFO - Error 4: line 43, type: syntax_error, message: unexpected token ']'; expected identifier...
2025-04-13 11:11:03 - INFO - 
Trying to fix error 1/4: line 7, type: other_error
2025-04-13 11:11:03 - INFO - Error message: unsolved goals
case this
f : ℕ → ℝ
h₀ : f 1 = 2
h₁ : ∀ (n : ℕ), 1 < n ∧ Even n → f n = f (n - 1) + 1...
2025-04-13 11:11:03 - INFO - Removed header content, remaining 44 lines of code
2025-04-13 11:11:03 - INFO - Using specified target error line: 7
2025-04-13 11:11:04 - INFO - Found error at specified line: unsolved goals
case this
f : ℕ → ℝ
h₀ : f 1 = 2
h₁ : ∀ (n : ℕ), 1 < n ∧ Even n → f n = f (n - 1) + 1
h₂ : ∀ (n : ℕ), 1 < n ∧ Odd n → f n = f (n - 2) + 2
⊢ ?m.1476

f : ℕ → ℝ
h₀ : f 1 = 2
h₁ : ∀ (n : ℕ), 1 < n ∧ Even n → f n = f (n - 1) + 1
h₂ : ∀ (n : ℕ), 1 < n ∧ Odd n → f n = f (n - 2) + 2
this : ?m.1476
⊢ f 2017 = 2018
2025-04-13 11:11:04 - INFO - Error at line 7: unsolved goals
case this
f : ℕ → ℝ
h₀ : f 1 = 2
h₁ : ∀ (n : ℕ), 1 < n ∧ Even n → f n = f (n - 1) + 1
h₂ : ∀ (n : ℕ), 1 < n ∧ Odd n → f n = f (n - 2) + 2
⊢ ?m.1476

f : ℕ → ℝ
h₀ : f 1 = 2
h₁ : ∀ (n : ℕ), 1 < n ∧ Even n → f n = f (n - 1) + 1
h₂ : ∀ (n : ℕ), 1 < n ∧ Odd n → f n = f (n - 2) + 2
this : ?m.1476
⊢ f 2017 = 2018
2025-04-13 11:11:04 - INFO - 
==================================================
2025-04-13 11:11:04 - INFO - Code prepared, starting synthesis
2025-04-13 11:11:04 - INFO - Before part: /-- Define a function on the positive integers recursively by $f(1) = 2$, $f(n) = f(n-1) + 1$ if $n$ is even, 
and $f(n) = f(n-2) + 2$ if $n$ is odd and greater than $1$. What is $f(2017)$?

$ \textbf{(A)}\ 2017 \qquad\textbf{(B)}\ 2018 \qquad\textbf{(C)}\ 4034 \qquad\textbf{(D)}\ 4035 \qquad\textbf{(E)}\ 4036 $ 
Show that it is \textbf{(B)}.-/
theorem amc12a_2017_p7 (f : ℕ → ℝ) (h₀ : f 1 = 2) (h₁ : ∀ n, 1 < n ∧ Even n → f n = f (n - 1) + 1)
2025-04-13 11:11:04 - INFO - Error line:   (h₂ : ∀ n, 1 < n ∧ Odd n → f n = f (n - 2) + 2) : f 2017 = 2018 := by
2025-04-13 11:11:04 - INFO - After part: -- First, we'll prove a general lemma that gives a closed form for f(n)
  have lemma : ∀ n : ℕ, f n = n + 1 := by
    -- We'll prove this by strong induction
    apply Nat.strong_induction_on
    intro n hn
    -- Base case when n = 1
    cases' n with n
    · simp [h₀]  -- f(1) = 2 = 1 + 1
    cases' n with n
    · simp [h₀]  -- f(1) = 2 = 1 + 1
    -- Now consider two cases based on parity of (n+1)
    cases' Nat.even_or_odd (n + 1) with even_n odd_n
    -- Case 1: n+1 is even
    · have n_gt_1 : 1 < n + 1 := by linarith
      specialize h₁ (n + 1) ⟨n_gt_1, even_n⟩
      -- Use recursive definition for even case
      rw [h₁]
      -- Apply induction hypothesis to (n+1-1) = n
      have IH := hn n (by linarith)
      rw [IH]
      -- Simplify: (n + 1) + 1 = (n + 1 + 1)
      ring
    -- Case 2: n+1 is odd
    · have n_gt_1 : 1 < n + 1 := by linarith
      specialize h₂ (n + 1) ⟨n_gt_1, odd_n⟩
      -- Use recursive definition for odd case
      rw [h₂]
      -- Apply induction hypothesis to (n+1-2) = n-1
      have IH := hn (n - 1) (by linarith)
      rw [IH]
      -- Simplify: (n - 1 + 1) + 2 = n + 2 = (n + 1) + 1
      ring
  -- Now apply the lemma to n = 2017
  specialize lemma 2017
  -- Simplify: 2017 + 1 = 2018
  rw [lemma]
  norm_cast
2025-04-13 11:11:04 - INFO - ==================================================

2025-04-13 11:11:05 - INFO - Testing fragment: rw [justaplaceholder]
2025-04-13 11:11:05 - INFO - Original error line:   (h₂ : ∀ n, 1 < n ∧ Odd n → f n = f (n - 2) + 2) : f 2017 = 2018 := by
2025-04-13 11:11:07 - INFO - Testing fix: Original errors: 4, Fixed errors: 4
2025-04-13 11:11:07 - INFO - Result: False (introduced 1 new errors)
2025-04-13 11:11:07 - DEBUG - === New errors detail ===
2025-04-13 11:11:07 - DEBUG - New Error 1: line 7, type: syntax_error, message: unexpected token 'have'; expected ':'
2025-04-13 11:11:07 - INFO - Testing fragment: rw [<- justaplaceholder]
2025-04-13 11:11:07 - INFO - Original error line:   (h₂ : ∀ n, 1 < n ∧ Odd n → f n = f (n - 2) + 2) : f 2017 = 2018 := by
2025-04-13 11:11:09 - INFO - Testing fix: Original errors: 4, Fixed errors: 4
2025-04-13 11:11:09 - INFO - Result: False (introduced 1 new errors)
2025-04-13 11:11:09 - DEBUG - === New errors detail ===
2025-04-13 11:11:09 - DEBUG - New Error 1: line 7, type: syntax_error, message: unexpected token 'have'; expected ':'
2025-04-13 11:11:09 - INFO - Testing fragment: simp
2025-04-13 11:11:09 - INFO - Original error line:   (h₂ : ∀ n, 1 < n ∧ Odd n → f n = f (n - 2) + 2) : f 2017 = 2018 := by
2025-04-13 11:11:11 - INFO - Testing fix: Original errors: 4, Fixed errors: 4
2025-04-13 11:11:11 - INFO - Result: False (introduced 1 new errors)
2025-04-13 11:11:11 - DEBUG - === New errors detail ===
2025-04-13 11:11:11 - DEBUG - New Error 1: line 7, type: syntax_error, message: unexpected token 'have'; expected ':'
2025-04-13 11:11:11 - INFO - Testing fragment: field_simp
2025-04-13 11:11:11 - INFO - Original error line:   (h₂ : ∀ n, 1 < n ∧ Odd n → f n = f (n - 2) + 2) : f 2017 = 2018 := by
2025-04-13 11:11:13 - INFO - Testing fix: Original errors: 4, Fixed errors: 4
2025-04-13 11:11:13 - INFO - Result: False (introduced 1 new errors)
2025-04-13 11:11:13 - DEBUG - === New errors detail ===
2025-04-13 11:11:13 - DEBUG - New Error 1: line 7, type: syntax_error, message: unexpected token 'have'; expected ':'
2025-04-13 11:11:13 - INFO - Testing fragment: norm_num
2025-04-13 11:11:13 - INFO - Original error line:   (h₂ : ∀ n, 1 < n ∧ Odd n → f n = f (n - 2) + 2) : f 2017 = 2018 := by
2025-04-13 11:11:15 - INFO - Testing fix: Original errors: 4, Fixed errors: 4
2025-04-13 11:11:15 - INFO - Result: False (introduced 1 new errors)
2025-04-13 11:11:15 - DEBUG - === New errors detail ===
2025-04-13 11:11:15 - DEBUG - New Error 1: line 7, type: syntax_error, message: unexpected token 'have'; expected ':'
2025-04-13 11:11:15 - INFO - Testing fragment: ring
2025-04-13 11:11:15 - INFO - Original error line:   (h₂ : ∀ n, 1 < n ∧ Odd n → f n = f (n - 2) + 2) : f 2017 = 2018 := by
2025-04-13 11:11:17 - INFO - Testing fix: Original errors: 4, Fixed errors: 4
2025-04-13 11:11:17 - INFO - Result: False (introduced 1 new errors)
2025-04-13 11:11:17 - DEBUG - === New errors detail ===
2025-04-13 11:11:17 - DEBUG - New Error 1: line 7, type: syntax_error, message: unexpected token 'have'; expected ':'
2025-04-13 11:11:17 - INFO - Testing fragment: ring_nf
2025-04-13 11:11:17 - INFO - Original error line:   (h₂ : ∀ n, 1 < n ∧ Odd n → f n = f (n - 2) + 2) : f 2017 = 2018 := by
2025-04-13 11:11:19 - INFO - Testing fix: Original errors: 4, Fixed errors: 4
2025-04-13 11:11:19 - INFO - Result: False (introduced 1 new errors)
2025-04-13 11:11:19 - DEBUG - === New errors detail ===
2025-04-13 11:11:19 - DEBUG - New Error 1: line 7, type: syntax_error, message: unexpected token 'have'; expected ':'
2025-04-13 11:11:19 - INFO - Testing fragment: omega
2025-04-13 11:11:19 - INFO - Original error line:   (h₂ : ∀ n, 1 < n ∧ Odd n → f n = f (n - 2) + 2) : f 2017 = 2018 := by
2025-04-13 11:11:21 - INFO - Testing fix: Original errors: 4, Fixed errors: 4
2025-04-13 11:11:21 - INFO - Result: False (introduced 1 new errors)
2025-04-13 11:11:21 - DEBUG - === New errors detail ===
2025-04-13 11:11:21 - DEBUG - New Error 1: line 7, type: syntax_error, message: unexpected token 'have'; expected ':'
2025-04-13 11:11:21 - INFO - Testing fragment: linarith
2025-04-13 11:11:21 - INFO - Original error line:   (h₂ : ∀ n, 1 < n ∧ Odd n → f n = f (n - 2) + 2) : f 2017 = 2018 := by
2025-04-13 11:11:23 - INFO - Testing fix: Original errors: 4, Fixed errors: 4
2025-04-13 11:11:23 - INFO - Result: False (introduced 1 new errors)
2025-04-13 11:11:23 - DEBUG - === New errors detail ===
2025-04-13 11:11:23 - DEBUG - New Error 1: line 7, type: syntax_error, message: unexpected token 'have'; expected ':'
2025-04-13 11:11:23 - INFO - Testing fragment: nlinarith
2025-04-13 11:11:23 - INFO - Original error line:   (h₂ : ∀ n, 1 < n ∧ Odd n → f n = f (n - 2) + 2) : f 2017 = 2018 := by
2025-04-13 11:11:25 - INFO - Testing fix: Original errors: 4, Fixed errors: 4
2025-04-13 11:11:25 - INFO - Result: False (introduced 1 new errors)
2025-04-13 11:11:25 - DEBUG - === New errors detail ===
2025-04-13 11:11:25 - DEBUG - New Error 1: line 7, type: syntax_error, message: unexpected token 'have'; expected ':'
2025-04-13 11:11:25 - INFO - Failed attempt time: 22.04 seconds
2025-04-13 11:11:25 - INFO - ❌ Could not generate fix for error at line 7
2025-04-13 11:11:25 - INFO - 
Trying to fix error 2/4: line 9, type: syntax_error
2025-04-13 11:11:25 - INFO - Error message: unexpected token ':'; expected identifier...
2025-04-13 11:11:25 - INFO - Removed header content, remaining 44 lines of code
2025-04-13 11:11:25 - INFO - Using specified target error line: 9
2025-04-13 11:11:26 - INFO - Found error at specified line: unexpected token ':'; expected identifier
2025-04-13 11:11:26 - INFO - Error at line 9: unexpected token ':'; expected identifier
2025-04-13 11:11:26 - INFO - 
==================================================
2025-04-13 11:11:26 - INFO - Code prepared, starting synthesis
2025-04-13 11:11:26 - INFO - Before part: /-- Define a function on the positive integers recursively by $f(1) = 2$, $f(n) = f(n-1) + 1$ if $n$ is even, 
and $f(n) = f(n-2) + 2$ if $n$ is odd and greater than $1$. What is $f(2017)$?

$ \textbf{(A)}\ 2017 \qquad\textbf{(B)}\ 2018 \qquad\textbf{(C)}\ 4034 \qquad\textbf{(D)}\ 4035 \qquad\textbf{(E)}\ 4036 $ 
Show that it is \textbf{(B)}.-/
theorem amc12a_2017_p7 (f : ℕ → ℝ) (h₀ : f 1 = 2) (h₁ : ∀ n, 1 < n ∧ Even n → f n = f (n - 1) + 1)
  (h₂ : ∀ n, 1 < n ∧ Odd n → f n = f (n - 2) + 2) : f 2017 = 2018 := by
  -- First, we'll prove a general lemma that gives a closed form for f(n)
2025-04-13 11:11:26 - INFO - Error line:   have lemma : ∀ n : ℕ, f n = n + 1 := by
2025-04-13 11:11:26 - INFO - After part: -- We'll prove this by strong induction
    apply Nat.strong_induction_on
    intro n hn
    -- Base case when n = 1
    cases' n with n
    · simp [h₀]  -- f(1) = 2 = 1 + 1
    cases' n with n
    · simp [h₀]  -- f(1) = 2 = 1 + 1
    -- Now consider two cases based on parity of (n+1)
    cases' Nat.even_or_odd (n + 1) with even_n odd_n
    -- Case 1: n+1 is even
    · have n_gt_1 : 1 < n + 1 := by linarith
      specialize h₁ (n + 1) ⟨n_gt_1, even_n⟩
      -- Use recursive definition for even case
      rw [h₁]
      -- Apply induction hypothesis to (n+1-1) = n
      have IH := hn n (by linarith)
      rw [IH]
      -- Simplify: (n + 1) + 1 = (n + 1 + 1)
      ring
    -- Case 2: n+1 is odd
    · have n_gt_1 : 1 < n + 1 := by linarith
      specialize h₂ (n + 1) ⟨n_gt_1, odd_n⟩
      -- Use recursive definition for odd case
      rw [h₂]
      -- Apply induction hypothesis to (n+1-2) = n-1
      have IH := hn (n - 1) (by linarith)
      rw [IH]
      -- Simplify: (n - 1 + 1) + 2 = n + 2 = (n + 1) + 1
      ring
  -- Now apply the lemma to n = 2017
  specialize lemma 2017
  -- Simplify: 2017 + 1 = 2018
  rw [lemma]
  norm_cast
2025-04-13 11:11:26 - INFO - ==================================================

2025-04-13 11:11:27 - INFO - Testing fragment: rw [justaplaceholder]
2025-04-13 11:11:27 - INFO - Original error line:   have lemma : ∀ n : ℕ, f n = n + 1 := by
2025-04-13 11:11:29 - INFO - Testing fix: Original errors: 4, Fixed errors: 5
2025-04-13 11:11:29 - INFO - Result: False (introduced 3 new errors)
2025-04-13 11:11:29 - DEBUG - === New errors detail ===
2025-04-13 11:11:29 - DEBUG - New Error 1: line 9, type: unknown_identifier, message: unknown identifier 'justaplaceholder'
2025-04-13 11:11:29 - DEBUG - New Error 2: line 9, type: rewrite_failed, message: tactic 'rewrite' failed, equality or iff proof expected
  ?m.1476
f : ℕ → ℝ
h₀ : f 1 = 2
h₁ : ∀ (n : ℕ), 1 < n ∧ Even n → f n = f (n - 1) + 1
h₂ : ∀ (n : ℕ), 1 < n ∧ Odd n → f n = f (n - 2) + 2
⊢ f 2017 = 2018
2025-04-13 11:11:29 - DEBUG - New Error 3: line 11, type: other_error, message: unexpected identifier; expected command
2025-04-13 11:11:29 - INFO - Testing fragment: rw [<- justaplaceholder]
2025-04-13 11:11:29 - INFO - Original error line:   have lemma : ∀ n : ℕ, f n = n + 1 := by
2025-04-13 11:11:31 - INFO - Testing fix: Original errors: 4, Fixed errors: 5
2025-04-13 11:11:31 - INFO - Result: False (introduced 3 new errors)
2025-04-13 11:11:31 - DEBUG - === New errors detail ===
2025-04-13 11:11:31 - DEBUG - New Error 1: line 9, type: unknown_identifier, message: unknown identifier 'justaplaceholder'
2025-04-13 11:11:31 - DEBUG - New Error 2: line 9, type: rewrite_failed, message: tactic 'rewrite' failed, equality or iff proof expected
  ?m.1476
f : ℕ → ℝ
h₀ : f 1 = 2
h₁ : ∀ (n : ℕ), 1 < n ∧ Even n → f n = f (n - 1) + 1
h₂ : ∀ (n : ℕ), 1 < n ∧ Odd n → f n = f (n - 2) + 2
⊢ f 2017 = 2018
2025-04-13 11:11:31 - DEBUG - New Error 3: line 11, type: other_error, message: unexpected identifier; expected command
2025-04-13 11:11:31 - INFO - Testing fragment: simp
2025-04-13 11:11:31 - INFO - Original error line:   have lemma : ∀ n : ℕ, f n = n + 1 := by
2025-04-13 11:11:33 - INFO - Testing fix: Original errors: 4, Fixed errors: 4
2025-04-13 11:11:33 - INFO - Result: False (introduced 2 new errors)
2025-04-13 11:11:33 - DEBUG - === New errors detail ===
2025-04-13 11:11:33 - DEBUG - New Error 1: line 9, type: simp_failed, message: simp made no progress
2025-04-13 11:11:33 - DEBUG - New Error 2: line 11, type: other_error, message: unexpected identifier; expected command
2025-04-13 11:11:33 - INFO - Testing fragment: field_simp
2025-04-13 11:11:33 - INFO - Original error line:   have lemma : ∀ n : ℕ, f n = n + 1 := by
2025-04-13 11:11:35 - INFO - Testing fix: Original errors: 4, Fixed errors: 4
2025-04-13 11:11:35 - INFO - Result: False (introduced 2 new errors)
2025-04-13 11:11:35 - DEBUG - === New errors detail ===
2025-04-13 11:11:35 - DEBUG - New Error 1: line 9, type: simp_failed, message: simp made no progress
2025-04-13 11:11:35 - DEBUG - New Error 2: line 11, type: other_error, message: unexpected identifier; expected command
2025-04-13 11:11:35 - INFO - Testing fragment: norm_num
2025-04-13 11:11:35 - INFO - Original error line:   have lemma : ∀ n : ℕ, f n = n + 1 := by
2025-04-13 11:11:37 - INFO - Testing fix: Original errors: 4, Fixed errors: 4
2025-04-13 11:11:37 - INFO - Result: False (introduced 2 new errors)
2025-04-13 11:11:37 - DEBUG - === New errors detail ===
2025-04-13 11:11:37 - DEBUG - New Error 1: line 7, type: other_error, message: unsolved goals
f : ℕ → ℝ
h₀ : f 1 = 2
h₁ : ∀ (n : ℕ), 1 < n ∧ Even n → f n = f (n - 1) + 1
h₂ : ∀ (n : ℕ), 1 < n ∧ Odd n → f n = f (n - 2) + 2
⊢ f 2017 = 2018
2025-04-13 11:11:37 - DEBUG - New Error 2: line 11, type: other_error, message: unexpected identifier; expected command
2025-04-13 11:11:37 - INFO - Testing fragment: ring
2025-04-13 11:11:37 - INFO - Original error line:   have lemma : ∀ n : ℕ, f n = n + 1 := by
2025-04-13 11:11:39 - INFO - Testing fix: Original errors: 4, Fixed errors: 5
2025-04-13 11:11:39 - INFO - Result: False (introduced 2 new errors)
2025-04-13 11:11:39 - DEBUG - === New errors detail ===
2025-04-13 11:11:39 - DEBUG - New Error 1: line 9, type: ring_failed, message: Try this: ring_nf
2025-04-13 11:11:39 - DEBUG - New Error 2: line 11, type: other_error, message: unexpected identifier; expected command
2025-04-13 11:11:39 - INFO - Testing fragment: ring_nf
2025-04-13 11:11:39 - INFO - Original error line:   have lemma : ∀ n : ℕ, f n = n + 1 := by
2025-04-13 11:11:41 - INFO - Testing fix: Original errors: 4, Fixed errors: 4
2025-04-13 11:11:41 - INFO - Result: False (introduced 2 new errors)
2025-04-13 11:11:41 - DEBUG - === New errors detail ===
2025-04-13 11:11:41 - DEBUG - New Error 1: line 7, type: other_error, message: unsolved goals
f : ℕ → ℝ
h₀ : f 1 = 2
h₁ : ∀ (n : ℕ), 1 < n ∧ Even n → f n = f (n - 1) + 1
h₂ : ∀ (n : ℕ), 1 < n ∧ Odd n → f n = f (n - 2) + 2
⊢ f 2017 = 2018
2025-04-13 11:11:41 - DEBUG - New Error 2: line 11, type: other_error, message: unexpected identifier; expected command
2025-04-13 11:11:41 - INFO - Testing fragment: omega
2025-04-13 11:11:41 - INFO - Original error line:   have lemma : ∀ n : ℕ, f n = n + 1 := by
2025-04-13 11:11:43 - INFO - Testing fix: Original errors: 4, Fixed errors: 4
2025-04-13 11:11:43 - INFO - Result: False (introduced 2 new errors)
2025-04-13 11:11:43 - DEBUG - === New errors detail ===
2025-04-13 11:11:43 - DEBUG - New Error 1: line 9, type: other_error, message: omega could not prove the goal:
No usable constraints found. You may need to unfold definitions so `omega` can see linear arithmetic facts about `Nat` and `Int`, which may also involve multiplication, division, and modular remainder by constants.
2025-04-13 11:11:43 - DEBUG - New Error 2: line 11, type: other_error, message: unexpected identifier; expected command
2025-04-13 11:11:43 - INFO - Testing fragment: linarith
2025-04-13 11:11:43 - INFO - Original error line:   have lemma : ∀ n : ℕ, f n = n + 1 := by
2025-04-13 11:11:45 - INFO - Testing fix: Original errors: 4, Fixed errors: 4
2025-04-13 11:11:45 - INFO - Result: False (introduced 2 new errors)
2025-04-13 11:11:45 - DEBUG - === New errors detail ===
2025-04-13 11:11:45 - DEBUG - New Error 1: line 9, type: linarith_failed, message: linarith failed to find a contradiction
case h1.h
f : ℕ → ℝ
h₀ : f 1 = 2
h₁ : ∀ (n : ℕ), 1 < n ∧ Even n → f n = f (n - 1) + 1
h₂ : ∀ (n : ℕ), 1 < n ∧ Odd n → f n = f (n - 2) + 2
a✝ : f 2017 < 2018
⊢ False
failed
2025-04-13 11:11:45 - DEBUG - New Error 2: line 11, type: other_error, message: unexpected identifier; expected command
2025-04-13 11:11:45 - INFO - Testing fragment: nlinarith
2025-04-13 11:11:45 - INFO - Original error line:   have lemma : ∀ n : ℕ, f n = n + 1 := by
2025-04-13 11:15:07 - INFO - Synthesis failed: ('Execution failed', 'Execution timed out after 200.0 seconds. Partial output:\n{"cmd": "/-- Define a function on the positive integers recursively by $f(1) = 2$, $f(n) = f(n-1) + 1$ if $n$ is even, \\nand $f(n) = f(n-2) + 2$ if $n$ is odd and greater than $1$. What is $f(2017)$?\\n\\n$ \\\\textbf{(A)}\\\\ 2017 \\\\qquad\\\\textbf{(B)}\\\\ 2018 \\\\qquad\\\\textbf{(C)}\\\\ 4034 \\\\qquad\\\\textbf{(D)}\\\\ 4035 \\\\qquad\\\\textbf{(E)}\\\\ 4036 $ \\nShow that it is \\\\textbf{(B)}.-/\\ntheorem amc12a_2017_p7 (f : ℕ → ℝ) (h₀ : f 1 = 2) (h₁ : ∀ n, 1 < n ∧ Even n → f n = f (n - 1) + 1)\\n  (h₂ : ∀ n, 1 < n ∧ Odd n → f n = f (n - 2) + 2) : f 2017 = 2018 := by\\n  -- First, we\'ll prove a general lemma that gives a closed form for f(n)\\n  nlinarith\\n    -- We\'ll prove this by strong induction\\n    apply Nat.strong_induction_on\\n    intro n hn\\n    -- Base case when n = 1\\n    cases\' n with n\\n    · simp [h₀]  -- f(1) = 2 = 1 + 1\\n    cases\' n with n\\n    · simp [h₀]  -- f(1) = 2 = 1 + 1\\n    -- Now consider two cases based on parity of (n+1)\\n    cases\' Nat.even_or_odd (n + 1) with even_n odd_n\\n    -- Case 1: n+1 is even\\n    · have n_gt_1 : 1 < n + 1 := by linarith\\n      specialize h₁ (n + 1) ⟨n_gt_1, even_n⟩\\n      -- Use recursive definition for even case\\n      rw [h₁]\\n      -- Apply induction hypothesis to (n+1-1) = n\\n      have IH := hn n (by linarith)\\n      rw [IH]\\n      -- Simplify: (n + 1) + 1 = (n + 1 + 1)\\n      ring\\n    -- Case 2: n+1 is odd\\n    · have n_gt_1 : 1 < n + 1 := by linarith\\n      specialize h₂ (n + 1) ⟨n_gt_1, odd_n⟩\\n      -- Use recursive definition for odd case\\n      rw [h₂]\\n      -- Apply induction hypothesis to (n+1-2) = n-1\\n      have IH := hn (n - 1) (by linarith)\\n      rw [IH]\\n      -- Simplify: (n - 1 + 1) + 2 = n + 2 = (n + 1) + 1\\n      ring\\n  -- Now apply the lemma to n = 2017\\n  specialize lemma 2017\\n  -- Simplify: 2017 + 1 = 2018\\n  rw [lemma]\\n  norm_cast", "env": 0}\r\n\r\n')
2025-04-13 11:15:09 - INFO - Failed attempt time: 223.76 seconds
2025-04-13 11:15:19 - INFO - ❌ Could not generate fix for error at line 9
2025-04-13 11:15:34 - INFO - 
Trying to fix error 3/4: line 41, type: syntax_error
2025-04-13 11:15:52 - INFO - Error message: unexpected token; expected identifier...
2025-04-13 11:15:52 - INFO - Removed header content, remaining 44 lines of code
2025-04-13 11:15:52 - INFO - Using specified target error line: 41
2025-04-13 11:16:18 - INFO - Found error at specified line: unexpected token; expected identifier
2025-04-13 11:16:18 - INFO - Error at line 41: unexpected token; expected identifier
2025-04-13 11:16:18 - INFO - 
==================================================
2025-04-13 11:16:18 - INFO - Code prepared, starting synthesis
2025-04-13 11:16:18 - INFO - Before part: /-- Define a function on the positive integers recursively by $f(1) = 2$, $f(n) = f(n-1) + 1$ if $n$ is even, 
and $f(n) = f(n-2) + 2$ if $n$ is odd and greater than $1$. What is $f(2017)$?

$ \textbf{(A)}\ 2017 \qquad\textbf{(B)}\ 2018 \qquad\textbf{(C)}\ 4034 \qquad\textbf{(D)}\ 4035 \qquad\textbf{(E)}\ 4036 $ 
Show that it is \textbf{(B)}.-/
theorem amc12a_2017_p7 (f : ℕ → ℝ) (h₀ : f 1 = 2) (h₁ : ∀ n, 1 < n ∧ Even n → f n = f (n - 1) + 1)
  (h₂ : ∀ n, 1 < n ∧ Odd n → f n = f (n - 2) + 2) : f 2017 = 2018 := by
  -- First, we'll prove a general lemma that gives a closed form for f(n)
  have lemma : ∀ n : ℕ, f n = n + 1 := by
    -- We'll prove this by strong induction
    apply Nat.strong_induction_on
    intro n hn
    -- Base case when n = 1
    cases' n with n
    · simp [h₀]  -- f(1) = 2 = 1 + 1
    cases' n with n
    · simp [h₀]  -- f(1) = 2 = 1 + 1
    -- Now consider two cases based on parity of (n+1)
    cases' Nat.even_or_odd (n + 1) with even_n odd_n
    -- Case 1: n+1 is even
    · have n_gt_1 : 1 < n + 1 := by linarith
      specialize h₁ (n + 1) ⟨n_gt_1, even_n⟩
      -- Use recursive definition for even case
      rw [h₁]
      -- Apply induction hypothesis to (n+1-1) = n
      have IH := hn n (by linarith)
      rw [IH]
      -- Simplify: (n + 1) + 1 = (n + 1 + 1)
      ring
    -- Case 2: n+1 is odd
    · have n_gt_1 : 1 < n + 1 := by linarith
      specialize h₂ (n + 1) ⟨n_gt_1, odd_n⟩
      -- Use recursive definition for odd case
      rw [h₂]
      -- Apply induction hypothesis to (n+1-2) = n-1
      have IH := hn (n - 1) (by linarith)
      rw [IH]
      -- Simplify: (n - 1 + 1) + 2 = n + 2 = (n + 1) + 1
      ring
  -- Now apply the lemma to n = 2017
2025-04-13 11:16:18 - INFO - Error line:   specialize lemma 2017
2025-04-13 11:16:18 - INFO - After part: -- Simplify: 2017 + 1 = 2018
  rw [lemma]
  norm_cast
2025-04-13 11:16:18 - INFO - ==================================================

2025-04-13 11:16:19 - INFO - Testing fragment: rw [justaplaceholder]
2025-04-13 11:16:19 - INFO - Original error line:   specialize lemma 2017
2025-04-13 11:16:21 - INFO - Testing fix: Original errors: 4, Fixed errors: 3
2025-04-13 11:16:21 - INFO - Result: True (target error fixed and no new errors introduced)
2025-04-13 11:16:21 - DEBUG - === Original errors detail ===
2025-04-13 11:16:21 - DEBUG - Error 1: line 7, type: other_error, message: unsolved goals
case this
f : ℕ → ℝ
h₀ : f 1 = 2
h₁ : ∀ (n : ℕ), 1 < n ∧ Even n → f n = f (n - 1) + 1
h₂ : ∀ (n : ℕ), 1 < n ∧ Odd n → f n = f (n - 2) + 2
⊢ ?m.1476

f : ℕ → ℝ
h₀ : f 1 = 2
h₁ : ∀ (n : ℕ), 1 < n ∧ Even n → f n = f (n - 1) + 1
h₂ : ∀ (n : ℕ), 1 < n ∧ Odd n → f n = f (n - 2) + 2
this : ?m.1476
⊢ f 2017 = 2018
2025-04-13 11:16:21 - DEBUG - Error 2: line 9, type: syntax_error, message: unexpected token ':'; expected identifier
2025-04-13 11:16:21 - DEBUG - Error 3: line 41, type: syntax_error, message: unexpected token; expected identifier
2025-04-13 11:16:21 - DEBUG - Error 4: line 43, type: syntax_error, message: unexpected token ']'; expected identifier
2025-04-13 11:16:21 - DEBUG - === Fixed code comparison ===
2025-04-13 11:16:21 - DEBUG - Line 41 changed:
2025-04-13 11:16:21 - DEBUG -   Original:   specialize lemma 2017
2025-04-13 11:16:21 - DEBUG -   Fixed:      rw [justaplaceholder]
2025-04-13 11:16:21 - INFO - Found effective solution: rw [justaplaceholder]
2025-04-13 11:16:21 - INFO - 
==================================================
2025-04-13 11:16:21 - INFO - Fixed code:
2025-04-13 11:16:21 - INFO - /-- Define a function on the positive integers recursively by $f(1) = 2$, $f(n) = f(n-1) + 1$ if $n$ is even, 
and $f(n) = f(n-2) + 2$ if $n$ is odd and greater than $1$. What is $f(2017)$?

$ \textbf{(A)}\ 2017 \qquad\textbf{(B)}\ 2018 \qquad\textbf{(C)}\ 4034 \qquad\textbf{(D)}\ 4035 \qquad\textbf{(E)}\ 4036 $ 
Show that it is \textbf{(B)}.-/
theorem amc12a_2017_p7 (f : ℕ → ℝ) (h₀ : f 1 = 2) (h₁ : ∀ n, 1 < n ∧ Even n → f n = f (n - 1) + 1)
  (h₂ : ∀ n, 1 < n ∧ Odd n → f n = f (n - 2) + 2) : f 2017 = 2018 := by
  -- First, we'll prove a general lemma that gives a closed form for f(n)
  have lemma : ∀ n : ℕ, f n = n + 1 := by
    -- We'll prove this by strong induction
    apply Nat.strong_induction_on
    intro n hn
    -- Base case when n = 1
    cases' n with n
    · simp [h₀]  -- f(1) = 2 = 1 + 1
    cases' n with n
    · simp [h₀]  -- f(1) = 2 = 1 + 1
    -- Now consider two cases based on parity of (n+1)
    cases' Nat.even_or_odd (n + 1) with even_n odd_n
    -- Case 1: n+1 is even
    · have n_gt_1 : 1 < n + 1 := by linarith
      specialize h₁ (n + 1) ⟨n_gt_1, even_n⟩
      -- Use recursive definition for even case
      rw [h₁]
      -- Apply induction hypothesis to (n+1-1) = n
      have IH := hn n (by linarith)
      rw [IH]
      -- Simplify: (n + 1) + 1 = (n + 1 + 1)
      ring
    -- Case 2: n+1 is odd
    · have n_gt_1 : 1 < n + 1 := by linarith
      specialize h₂ (n + 1) ⟨n_gt_1, odd_n⟩
      -- Use recursive definition for odd case
      rw [h₂]
      -- Apply induction hypothesis to (n+1-2) = n-1
      have IH := hn (n - 1) (by linarith)
      rw [IH]
      -- Simplify: (n - 1 + 1) + 2 = n + 2 = (n + 1) + 1
      ring
  -- Now apply the lemma to n = 2017
  rw [justaplaceholder]
  -- Simplify: 2017 + 1 = 2018
  rw [lemma]
  norm_cast
2025-04-13 11:16:21 - INFO - ==================================================
2025-04-13 11:16:23 - INFO - Original code error count: 4
2025-04-13 11:16:23 - INFO - Fixed code error count: 3
2025-04-13 11:16:23 - INFO - Result: True (target error fixed and no new errors introduced)
2025-04-13 11:16:23 - DEBUG - === Original errors detail ===
2025-04-13 11:16:23 - DEBUG - Error 1: line 7, type: other_error, message: unsolved goals
case this
f : ℕ → ℝ
h₀ : f 1 = 2
h₁ : ∀ (n : ℕ), 1 < n ∧ Even n → f n = f (n - 1) + 1
h₂ : ∀ (n : ℕ), 1 < n ∧ Odd n → f n = f (n - 2) + 2
⊢ ?m.1476

f : ℕ → ℝ
h₀ : f 1 = 2
h₁ : ∀ (n : ℕ), 1 < n ∧ Even n → f n = f (n - 1) + 1
h₂ : ∀ (n : ℕ), 1 < n ∧ Odd n → f n = f (n - 2) + 2
this : ?m.1476
⊢ f 2017 = 2018
2025-04-13 11:16:23 - DEBUG - Error 2: line 9, type: syntax_error, message: unexpected token ':'; expected identifier
2025-04-13 11:16:23 - DEBUG - Error 3: line 41, type: syntax_error, message: unexpected token; expected identifier
2025-04-13 11:16:23 - DEBUG - Error 4: line 43, type: syntax_error, message: unexpected token ']'; expected identifier
2025-04-13 11:16:23 - DEBUG - === Fixed code comparison ===
2025-04-13 11:16:23 - DEBUG - Line 41 changed:
2025-04-13 11:16:23 - DEBUG -   Original:   specialize lemma 2017
2025-04-13 11:16:23 - DEBUG -   Fixed:      rw [justaplaceholder]
2025-04-13 11:16:23 - INFO - 
==================================================
2025-04-13 11:16:23 - INFO - Synthesis successful
2025-04-13 11:16:23 - INFO - ==================================================
2025-04-13 11:16:23 - INFO - Fix time: 31.04 seconds
2025-04-13 11:16:23 - INFO - ✅ Fixed error at line 41
2025-04-13 11:16:23 - INFO - 
Trying to fix error 4/4: line 43, type: syntax_error
2025-04-13 11:16:23 - INFO - Error message: unexpected token ']'; expected identifier...
2025-04-13 11:16:23 - INFO - Removed header content, remaining 44 lines of code
2025-04-13 11:16:23 - INFO - Using specified target error line: 43
2025-04-13 11:16:24 - INFO - Found error at specified line: unexpected token ']'; expected identifier
2025-04-13 11:16:24 - INFO - Error at line 43: unexpected token ']'; expected identifier
2025-04-13 11:16:24 - INFO - 
==================================================
2025-04-13 11:16:24 - INFO - Code prepared, starting synthesis
2025-04-13 11:16:24 - INFO - Before part: /-- Define a function on the positive integers recursively by $f(1) = 2$, $f(n) = f(n-1) + 1$ if $n$ is even, 
and $f(n) = f(n-2) + 2$ if $n$ is odd and greater than $1$. What is $f(2017)$?

$ \textbf{(A)}\ 2017 \qquad\textbf{(B)}\ 2018 \qquad\textbf{(C)}\ 4034 \qquad\textbf{(D)}\ 4035 \qquad\textbf{(E)}\ 4036 $ 
Show that it is \textbf{(B)}.-/
theorem amc12a_2017_p7 (f : ℕ → ℝ) (h₀ : f 1 = 2) (h₁ : ∀ n, 1 < n ∧ Even n → f n = f (n - 1) + 1)
  (h₂ : ∀ n, 1 < n ∧ Odd n → f n = f (n - 2) + 2) : f 2017 = 2018 := by
  -- First, we'll prove a general lemma that gives a closed form for f(n)
  have lemma : ∀ n : ℕ, f n = n + 1 := by
    -- We'll prove this by strong induction
    apply Nat.strong_induction_on
    intro n hn
    -- Base case when n = 1
    cases' n with n
    · simp [h₀]  -- f(1) = 2 = 1 + 1
    cases' n with n
    · simp [h₀]  -- f(1) = 2 = 1 + 1
    -- Now consider two cases based on parity of (n+1)
    cases' Nat.even_or_odd (n + 1) with even_n odd_n
    -- Case 1: n+1 is even
    · have n_gt_1 : 1 < n + 1 := by linarith
      specialize h₁ (n + 1) ⟨n_gt_1, even_n⟩
      -- Use recursive definition for even case
      rw [h₁]
      -- Apply induction hypothesis to (n+1-1) = n
      have IH := hn n (by linarith)
      rw [IH]
      -- Simplify: (n + 1) + 1 = (n + 1 + 1)
      ring
    -- Case 2: n+1 is odd
    · have n_gt_1 : 1 < n + 1 := by linarith
      specialize h₂ (n + 1) ⟨n_gt_1, odd_n⟩
      -- Use recursive definition for odd case
      rw [h₂]
      -- Apply induction hypothesis to (n+1-2) = n-1
      have IH := hn (n - 1) (by linarith)
      rw [IH]
      -- Simplify: (n - 1 + 1) + 2 = n + 2 = (n + 1) + 1
      ring
  -- Now apply the lemma to n = 2017
  rw [justaplaceholder]
  -- Simplify: 2017 + 1 = 2018
2025-04-13 11:16:24 - INFO - Error line:   rw [lemma]
2025-04-13 11:16:24 - INFO - After part: norm_cast
2025-04-13 11:16:24 - INFO - ==================================================

2025-04-13 11:16:25 - INFO - Testing fragment: rw [justaplaceholder]
2025-04-13 11:16:25 - INFO - Original error line:   rw [lemma]
2025-04-13 11:16:27 - INFO - Testing fix: Original errors: 3, Fixed errors: 2
2025-04-13 11:16:27 - INFO - Result: True (target error fixed and no new errors introduced)
2025-04-13 11:16:27 - DEBUG - === Original errors detail ===
2025-04-13 11:16:27 - DEBUG - Error 1: line 7, type: other_error, message: unsolved goals
case this
f : ℕ → ℝ
h₀ : f 1 = 2
h₁ : ∀ (n : ℕ), 1 < n ∧ Even n → f n = f (n - 1) + 1
h₂ : ∀ (n : ℕ), 1 < n ∧ Odd n → f n = f (n - 2) + 2
⊢ ?m.1476

f : ℕ → ℝ
h₀ : f 1 = 2
h₁ : ∀ (n : ℕ), 1 < n ∧ Even n → f n = f (n - 1) + 1
h₂ : ∀ (n : ℕ), 1 < n ∧ Odd n → f n = f (n - 2) + 2
this : ?m.1476
⊢ f 2017 = 2018
2025-04-13 11:16:27 - DEBUG - Error 2: line 9, type: syntax_error, message: unexpected token ':'; expected identifier
2025-04-13 11:16:27 - DEBUG - Error 3: line 43, type: syntax_error, message: unexpected token ']'; expected identifier
2025-04-13 11:16:27 - DEBUG - === Fixed code comparison ===
2025-04-13 11:16:27 - DEBUG - Line 43 changed:
2025-04-13 11:16:27 - DEBUG -   Original:   rw [lemma]
2025-04-13 11:16:27 - DEBUG -   Fixed:      rw [justaplaceholder]
2025-04-13 11:16:27 - INFO - Found effective solution: rw [justaplaceholder]
2025-04-13 11:16:27 - INFO - 
==================================================
2025-04-13 11:16:27 - INFO - Fixed code:
2025-04-13 11:16:27 - INFO - /-- Define a function on the positive integers recursively by $f(1) = 2$, $f(n) = f(n-1) + 1$ if $n$ is even, 
and $f(n) = f(n-2) + 2$ if $n$ is odd and greater than $1$. What is $f(2017)$?

$ \textbf{(A)}\ 2017 \qquad\textbf{(B)}\ 2018 \qquad\textbf{(C)}\ 4034 \qquad\textbf{(D)}\ 4035 \qquad\textbf{(E)}\ 4036 $ 
Show that it is \textbf{(B)}.-/
theorem amc12a_2017_p7 (f : ℕ → ℝ) (h₀ : f 1 = 2) (h₁ : ∀ n, 1 < n ∧ Even n → f n = f (n - 1) + 1)
  (h₂ : ∀ n, 1 < n ∧ Odd n → f n = f (n - 2) + 2) : f 2017 = 2018 := by
  -- First, we'll prove a general lemma that gives a closed form for f(n)
  have lemma : ∀ n : ℕ, f n = n + 1 := by
    -- We'll prove this by strong induction
    apply Nat.strong_induction_on
    intro n hn
    -- Base case when n = 1
    cases' n with n
    · simp [h₀]  -- f(1) = 2 = 1 + 1
    cases' n with n
    · simp [h₀]  -- f(1) = 2 = 1 + 1
    -- Now consider two cases based on parity of (n+1)
    cases' Nat.even_or_odd (n + 1) with even_n odd_n
    -- Case 1: n+1 is even
    · have n_gt_1 : 1 < n + 1 := by linarith
      specialize h₁ (n + 1) ⟨n_gt_1, even_n⟩
      -- Use recursive definition for even case
      rw [h₁]
      -- Apply induction hypothesis to (n+1-1) = n
      have IH := hn n (by linarith)
      rw [IH]
      -- Simplify: (n + 1) + 1 = (n + 1 + 1)
      ring
    -- Case 2: n+1 is odd
    · have n_gt_1 : 1 < n + 1 := by linarith
      specialize h₂ (n + 1) ⟨n_gt_1, odd_n⟩
      -- Use recursive definition for odd case
      rw [h₂]
      -- Apply induction hypothesis to (n+1-2) = n-1
      have IH := hn (n - 1) (by linarith)
      rw [IH]
      -- Simplify: (n - 1 + 1) + 2 = n + 2 = (n + 1) + 1
      ring
  -- Now apply the lemma to n = 2017
  rw [justaplaceholder]
  -- Simplify: 2017 + 1 = 2018
  rw [justaplaceholder]
  norm_cast
2025-04-13 11:16:27 - INFO - ==================================================
2025-04-13 11:16:29 - INFO - Original code error count: 3
2025-04-13 11:16:29 - INFO - Fixed code error count: 2
2025-04-13 11:16:29 - INFO - Result: True (target error fixed and no new errors introduced)
2025-04-13 11:16:29 - DEBUG - === Original errors detail ===
2025-04-13 11:16:29 - DEBUG - Error 1: line 7, type: other_error, message: unsolved goals
case this
f : ℕ → ℝ
h₀ : f 1 = 2
h₁ : ∀ (n : ℕ), 1 < n ∧ Even n → f n = f (n - 1) + 1
h₂ : ∀ (n : ℕ), 1 < n ∧ Odd n → f n = f (n - 2) + 2
⊢ ?m.1476

f : ℕ → ℝ
h₀ : f 1 = 2
h₁ : ∀ (n : ℕ), 1 < n ∧ Even n → f n = f (n - 1) + 1
h₂ : ∀ (n : ℕ), 1 < n ∧ Odd n → f n = f (n - 2) + 2
this : ?m.1476
⊢ f 2017 = 2018
2025-04-13 11:16:29 - DEBUG - Error 2: line 9, type: syntax_error, message: unexpected token ':'; expected identifier
2025-04-13 11:16:29 - DEBUG - Error 3: line 43, type: syntax_error, message: unexpected token ']'; expected identifier
2025-04-13 11:16:29 - DEBUG - === Fixed code comparison ===
2025-04-13 11:16:29 - DEBUG - Line 43 changed:
2025-04-13 11:16:29 - DEBUG -   Original:   rw [lemma]
2025-04-13 11:16:29 - DEBUG -   Fixed:      rw [justaplaceholder]
2025-04-13 11:16:29 - INFO - 
==================================================
2025-04-13 11:16:29 - INFO - Synthesis successful
2025-04-13 11:16:29 - INFO - ==================================================
2025-04-13 11:16:29 - INFO - Fix time: 6.01 seconds
2025-04-13 11:16:29 - INFO - ✅ Fixed error at line 43
2025-04-13 11:16:30 - INFO - 
===== Fix attempt completed =====
2025-04-13 11:16:30 - INFO - Original errors: 4
2025-04-13 11:16:30 - INFO - Fixed errors: 2
2025-04-13 11:16:30 - INFO - Failed errors: 2
2025-04-13 11:16:30 - INFO - Remaining errors: 2
2025-04-13 11:16:30 - INFO - Total time: 328.20 seconds
2025-04-13 11:16:30 - INFO - 
Final fixed code:
2025-04-13 11:16:30 - INFO - ----------------------------------------
2025-04-13 11:16:30 - INFO - /-- Define a function on the positive integers recursively by $f(1) = 2$, $f(n) = f(n-1) + 1$ if $n$ is even, 
and $f(n) = f(n-2) + 2$ if $n$ is odd and greater than $1$. What is $f(2017)$?

$ \textbf{(A)}\ 2017 \qquad\textbf{(B)}\ 2018 \qquad\textbf{(C)}\ 4034 \qquad\textbf{(D)}\ 4035 \qquad\textbf{(E)}\ 4036 $ 
Show that it is \textbf{(B)}.-/
theorem amc12a_2017_p7 (f : ℕ → ℝ) (h₀ : f 1 = 2) (h₁ : ∀ n, 1 < n ∧ Even n → f n = f (n - 1) + 1)
  (h₂ : ∀ n, 1 < n ∧ Odd n → f n = f (n - 2) + 2) : f 2017 = 2018 := by
  -- First, we'll prove a general lemma that gives a closed form for f(n)
  have lemma : ∀ n : ℕ, f n = n + 1 := by
    -- We'll prove this by strong induction
    apply Nat.strong_induction_on
    intro n hn
    -- Base case when n = 1
    cases' n with n
    · simp [h₀]  -- f(1) = 2 = 1 + 1
    cases' n with n
    · simp [h₀]  -- f(1) = 2 = 1 + 1
    -- Now consider two cases based on parity of (n+1)
    cases' Nat.even_or_odd (n + 1) with even_n odd_n
    -- Case 1: n+1 is even
    · have n_gt_1 : 1 < n + 1 := by linarith
      specialize h₁ (n + 1) ⟨n_gt_1, even_n⟩
      -- Use recursive definition for even case
      rw [h₁]
      -- Apply induction hypothesis to (n+1-1) = n
      have IH := hn n (by linarith)
      rw [IH]
      -- Simplify: (n + 1) + 1 = (n + 1 + 1)
      ring
    -- Case 2: n+1 is odd
    · have n_gt_1 : 1 < n + 1 := by linarith
      specialize h₂ (n + 1) ⟨n_gt_1, odd_n⟩
      -- Use recursive definition for odd case
      rw [h₂]
      -- Apply induction hypothesis to (n+1-2) = n-1
      have IH := hn (n - 1) (by linarith)
      rw [IH]
      -- Simplify: (n - 1 + 1) + 2 = n + 2 = (n + 1) + 1
      ring
  -- Now apply the lemma to n = 2017
  rw [justaplaceholder]
  -- Simplify: 2017 + 1 = 2018
  rw [justaplaceholder]
  norm_cast
2025-04-13 11:16:30 - INFO - ----------------------------------------
2025-04-13 11:16:30 - INFO - 
Detailed error repair report:
2025-04-13 11:16:30 - INFO - Original code error count: 4
❌ Fixed error 1/4: Could not generate fix for error at line 7 «other_error» (after 22.04s)
❌ Fixed error 2/4: Could not generate fix for error at line 9 «syntax_error» (after 223.76s)
✅ Fixed error 3/4: Successfully fixed error at line 41 «syntax_error» (in 31.04s)
✅ Fixed error 4/4: Successfully fixed error at line 43 «syntax_error» (in 6.01s)

=== Fix statistics ===
Original error count: 4
Fixed errors: 2 (Fix rate: 0.5000)
Failed errors: 2
Remaining errors: 2
Total time: 328.20 seconds

=== Successful fix details ===

Fix 1:
   Line: 41
   Error type: syntax_error
   Original error message: unexpected token; expected identifier...
   Fix snippet: rw [justaplaceholder]
   Fixed line:   rw [justaplaceholder]
   Time: 31.04 seconds

Fix 2:
   Line: 43
   Error type: syntax_error
   Original error message: unexpected token ']'; expected identifier...
   Fix snippet: rw [justaplaceholder]
   Fixed line:   rw [justaplaceholder]
   Time: 6.01 seconds

=== Failed fix details ===

Failed fix 1:
   Line: 7
   Error type: other_error
   Original error message: unsolved goals
case this
f : ℕ → ℝ
h₀ : f 1 = 2
h₁ : ∀ (n : ℕ), 1 < n ∧ Even n → f n = f (n - 1) + 1...
   Failure reason: Could not generate fix
   Time: 22.04 seconds

Failed fix 2:
   Line: 9
   Error type: syntax_error
   Original error message: unexpected token ':'; expected identifier...
   Failure reason: Could not generate fix
   Time: 223.76 seconds
2025-04-13 11:16:30 - INFO - 
Fixed code saved to: ./minif2f/lean_fixed/84_fixed.lean
2025-04-13 11:16:30 - INFO - JSON log saved to: ./minif2f/lean_fixed/84_fix_log.json
2025-04-13 11:16:30 - INFO - 
===== LOG FILE LOCATION =====
2025-04-13 11:16:30 - INFO - Detailed log file is available at: ./minif2f/lean_fixed/84.log
2025-04-13 11:16:30 - INFO - ===============================
