2025-04-13 11:24:21 - INFO - Log file initialized at 2025-04-13T11:24:21.869593
2025-04-13 11:24:21 - INFO - ===== LOG FILE LOCATION =====
2025-04-13 11:24:21 - INFO - Detailed log file created at: /data/coding/minif2f/lean_fixed/86.log
2025-04-13 11:24:21 - INFO - ===============================
2025-04-13 11:24:21 - INFO - Original code:
2025-04-13 11:24:21 - INFO - ----------------------------------------
2025-04-13 11:24:21 - INFO - import Mathlib
import Aesop

set_option maxHeartbeats 0  -- Disable heartbeat limit to prevent timeout during proof checking

open BigOperators Real Nat Topology Rat  -- Open relevant namespaces

/-- 
Simplify (2-2i)(5+5i), where i² = -1. Show that it is 20.
We'll prove this by:
1. Expanding the product using the distributive property
2. Simplifying terms involving i using i² = -1
3. Combining like terms to reach the final result of 20
-/
theorem mathd_algebra_110 (q e : ℂ) (h₀ : q = 2 - 2 * Complex.I) (h₁ : e = 5 + 5 * Complex.I) :
    q * e = 20 := by
  -- First, substitute the given definitions of q and e into the goal
  rw [h₀, h₁]
  
  -- Now we need to expand (2 - 2*I)*(5 + 5*I)
  -- We'll use the distributive property (FOIL method) to expand this product
  -- (a + b)*(c + d) = a*c + a*d + b*c + b*d
  ring_nf  -- 'ring_nf' is a tactic that normalizes expressions in commutative rings
  
  -- After expansion, we have terms with I² which we know equals -1
  -- The current expression is: 10 + 10*I - 10*I - 10*I²
  -- The 10*I and -10*I terms cancel out, leaving 10 - 10*I²
  -- Since I² = -1, this becomes 10 - 10*(-1) = 10 + 10 = 20
  
  -- The 'ring' tactic can handle all these simplifications automatically
  -- It knows that I² = -1 and can perform arithmetic simplification
  ring
2025-04-13 11:24:21 - INFO - ----------------------------------------
2025-04-13 11:24:21 - INFO - 
Checking original code for all errors...
2025-04-13 11:24:26 - INFO - Original code contains 2 errors:
2025-04-13 11:24:26 - INFO - Error 1: line 25, type: ring_failed, message: Try this: ring_nf...
2025-04-13 11:24:26 - INFO - Error 2: line 9, type: other_error, message: unsolved goals
q e : ℂ
h₀ : q = 2 - 2 * Complex.I
h₁ : e = 5 + 5 * Complex.I
⊢ 10 - Complex.I ^ 2 * ...
2025-04-13 11:24:26 - INFO - 
Starting multi-error continuous repair process...
2025-04-13 11:24:26 - INFO - 
===== Starting to fix all errors =====
2025-04-13 11:24:27 - INFO - 
Found 2 original errors:
2025-04-13 11:24:27 - INFO - Error 1: line 25, type: ring_failed, message: Try this: ring_nf...
2025-04-13 11:24:27 - INFO - Error 2: line 9, type: other_error, message: unsolved goals
q e : ℂ
h₀ : q = 2 - 2 * Complex.I
h₁ : e = 5 + 5 * Complex.I
⊢ 10 - Complex.I ^ 2 * ...
2025-04-13 11:24:27 - INFO - 
Trying to fix error 1/2: line 9, type: other_error
2025-04-13 11:24:27 - INFO - Error message: unsolved goals
q e : ℂ
h₀ : q = 2 - 2 * Complex.I
h₁ : e = 5 + 5 * Complex.I
⊢ 10 - Complex.I ^ 2 * ...
2025-04-13 11:24:27 - INFO - Removed header content, remaining 25 lines of code
2025-04-13 11:24:27 - INFO - Using specified target error line: 9
2025-04-13 11:24:28 - INFO - Found error at specified line: unsolved goals
q e : ℂ
h₀ : q = 2 - 2 * Complex.I
h₁ : e = 5 + 5 * Complex.I
⊢ 10 - Complex.I ^ 2 * 10 = 20
2025-04-13 11:24:28 - INFO - Error at line 9: unsolved goals
q e : ℂ
h₀ : q = 2 - 2 * Complex.I
h₁ : e = 5 + 5 * Complex.I
⊢ 10 - Complex.I ^ 2 * 10 = 20
2025-04-13 11:24:28 - INFO - 
==================================================
2025-04-13 11:24:28 - INFO - Code prepared, starting synthesis
2025-04-13 11:24:28 - INFO - Before part: /-- 
Simplify (2-2i)(5+5i), where i² = -1. Show that it is 20.
We'll prove this by:
1. Expanding the product using the distributive property
2. Simplifying terms involving i using i² = -1
3. Combining like terms to reach the final result of 20
-/
theorem mathd_algebra_110 (q e : ℂ) (h₀ : q = 2 - 2 * Complex.I) (h₁ : e = 5 + 5 * Complex.I) :
2025-04-13 11:24:28 - INFO - Error line:     q * e = 20 := by
2025-04-13 11:24:28 - INFO - After part: -- First, substitute the given definitions of q and e into the goal
  rw [h₀, h₁]
  
  -- Now we need to expand (2 - 2*I)*(5 + 5*I)
  -- We'll use the distributive property (FOIL method) to expand this product
  -- (a + b)*(c + d) = a*c + a*d + b*c + b*d
  ring_nf  -- 'ring_nf' is a tactic that normalizes expressions in commutative rings
  
  -- After expansion, we have terms with I² which we know equals -1
  -- The current expression is: 10 + 10*I - 10*I - 10*I²
  -- The 10*I and -10*I terms cancel out, leaving 10 - 10*I²
  -- Since I² = -1, this becomes 10 - 10*(-1) = 10 + 10 = 20
  
  -- The 'ring' tactic can handle all these simplifications automatically
  -- It knows that I² = -1 and can perform arithmetic simplification
  ring
2025-04-13 11:24:28 - INFO - ==================================================

2025-04-13 11:24:29 - INFO - Testing fragment: rw [justaplaceholder]
2025-04-13 11:24:29 - INFO - Original error line:     q * e = 20 := by
2025-04-13 11:24:31 - INFO - Testing fix: Original errors: 2, Fixed errors: 2
2025-04-13 11:24:31 - INFO - Result: False (introduced 2 new errors)
2025-04-13 11:24:31 - DEBUG - === New errors detail ===
2025-04-13 11:24:31 - DEBUG - New Error 1: line 25, type: other_error, message: unexpected end of input; expected ':=', 'where' or '|'
2025-04-13 11:24:31 - DEBUG - New Error 2: line 9, type: function_expected, message: function expected at
  rw
term has type
  ?m.333
2025-04-13 11:24:31 - INFO - Testing fragment: rw [<- justaplaceholder]
2025-04-13 11:24:31 - INFO - Original error line:     q * e = 20 := by
2025-04-13 11:24:33 - INFO - Testing fix: Original errors: 2, Fixed errors: 2
2025-04-13 11:24:33 - INFO - Result: False (introduced 2 new errors)
2025-04-13 11:24:33 - DEBUG - === New errors detail ===
2025-04-13 11:24:33 - DEBUG - New Error 1: line 25, type: other_error, message: unexpected end of input; expected ':=', 'where' or '|'
2025-04-13 11:24:33 - DEBUG - New Error 2: line 9, type: function_expected, message: function expected at
  rw
term has type
  ?m.333
2025-04-13 11:24:33 - INFO - Testing fragment: simp
2025-04-13 11:24:33 - INFO - Original error line:     q * e = 20 := by
2025-04-13 11:24:35 - INFO - Testing fix: Original errors: 2, Fixed errors: 2
2025-04-13 11:24:35 - INFO - Result: False (introduced 2 new errors)
2025-04-13 11:24:35 - DEBUG - === New errors detail ===
2025-04-13 11:24:35 - DEBUG - New Error 1: line 25, type: other_error, message: unexpected end of input; expected ':=', 'where' or '|'
2025-04-13 11:24:35 - DEBUG - New Error 2: line 9, type: function_expected, message: function expected at
  simp
term has type
  ?m.333
2025-04-13 11:24:35 - INFO - Testing fragment: field_simp
2025-04-13 11:24:35 - INFO - Original error line:     q * e = 20 := by
2025-04-13 11:24:37 - INFO - Testing fix: Original errors: 2, Fixed errors: 2
2025-04-13 11:24:37 - INFO - Result: False (introduced 2 new errors)
2025-04-13 11:24:37 - DEBUG - === New errors detail ===
2025-04-13 11:24:37 - DEBUG - New Error 1: line 25, type: other_error, message: unexpected end of input; expected ':=', 'where' or '|'
2025-04-13 11:24:37 - DEBUG - New Error 2: line 9, type: function_expected, message: function expected at
  field_simp
term has type
  ?m.333
2025-04-13 11:24:37 - INFO - Testing fragment: norm_num
2025-04-13 11:24:37 - INFO - Original error line:     q * e = 20 := by
2025-04-13 11:24:39 - INFO - Testing fix: Original errors: 2, Fixed errors: 2
2025-04-13 11:24:39 - INFO - Result: False (introduced 2 new errors)
2025-04-13 11:24:39 - DEBUG - === New errors detail ===
2025-04-13 11:24:39 - DEBUG - New Error 1: line 25, type: other_error, message: unexpected end of input; expected ':=', 'where' or '|'
2025-04-13 11:24:39 - DEBUG - New Error 2: line 9, type: function_expected, message: function expected at
  norm_num
term has type
  Lean.ParserDescr
2025-04-13 11:24:39 - INFO - Testing fragment: ring
2025-04-13 11:24:39 - INFO - Original error line:     q * e = 20 := by
2025-04-13 11:24:41 - INFO - Testing fix: Original errors: 2, Fixed errors: 2
2025-04-13 11:24:41 - INFO - Result: False (introduced 2 new errors)
2025-04-13 11:24:41 - DEBUG - === New errors detail ===
2025-04-13 11:24:41 - DEBUG - New Error 1: line 25, type: other_error, message: unexpected end of input; expected ':=', 'where' or '|'
2025-04-13 11:24:41 - DEBUG - New Error 2: line 9, type: function_expected, message: function expected at
  ring
term has type
  ?m.333
2025-04-13 11:24:41 - INFO - Testing fragment: ring_nf
2025-04-13 11:24:41 - INFO - Original error line:     q * e = 20 := by
2025-04-13 11:24:43 - INFO - Testing fix: Original errors: 2, Fixed errors: 2
2025-04-13 11:24:43 - INFO - Result: False (introduced 2 new errors)
2025-04-13 11:24:43 - DEBUG - === New errors detail ===
2025-04-13 11:24:43 - DEBUG - New Error 1: line 25, type: other_error, message: unexpected end of input; expected ':=', 'where' or '|'
2025-04-13 11:24:43 - DEBUG - New Error 2: line 9, type: function_expected, message: function expected at
  ring_nf
term has type
  ?m.333
2025-04-13 11:24:43 - INFO - Testing fragment: omega
2025-04-13 11:24:43 - INFO - Original error line:     q * e = 20 := by
2025-04-13 11:24:45 - INFO - Testing fix: Original errors: 2, Fixed errors: 2
2025-04-13 11:24:45 - INFO - Result: False (introduced 2 new errors)
2025-04-13 11:24:45 - DEBUG - === New errors detail ===
2025-04-13 11:24:45 - DEBUG - New Error 1: line 25, type: other_error, message: unexpected end of input; expected ':=', 'where' or '|'
2025-04-13 11:24:45 - DEBUG - New Error 2: line 9, type: function_expected, message: function expected at
  omega
term has type
  ?m.333
2025-04-13 11:24:45 - INFO - Testing fragment: linarith
2025-04-13 11:24:45 - INFO - Original error line:     q * e = 20 := by
2025-04-13 11:24:47 - INFO - Testing fix: Original errors: 2, Fixed errors: 2
2025-04-13 11:24:47 - INFO - Result: False (introduced 2 new errors)
2025-04-13 11:24:47 - DEBUG - === New errors detail ===
2025-04-13 11:24:47 - DEBUG - New Error 1: line 25, type: other_error, message: unexpected end of input; expected ':=', 'where' or '|'
2025-04-13 11:24:47 - DEBUG - New Error 2: line 9, type: function_expected, message: function expected at
  linarith
term has type
  Lean.ParserDescr
2025-04-13 11:24:47 - INFO - Testing fragment: nlinarith
2025-04-13 11:24:47 - INFO - Original error line:     q * e = 20 := by
2025-04-13 11:24:49 - INFO - Testing fix: Original errors: 2, Fixed errors: 2
2025-04-13 11:24:49 - INFO - Result: False (introduced 2 new errors)
2025-04-13 11:24:49 - DEBUG - === New errors detail ===
2025-04-13 11:24:49 - DEBUG - New Error 1: line 25, type: other_error, message: unexpected end of input; expected ':=', 'where' or '|'
2025-04-13 11:24:49 - DEBUG - New Error 2: line 9, type: function_expected, message: function expected at
  nlinarith
term has type
  Lean.ParserDescr
2025-04-13 11:24:49 - INFO - Failed attempt time: 22.04 seconds
2025-04-13 11:24:49 - INFO - ❌ Could not generate fix for error at line 9
2025-04-13 11:24:49 - INFO - 
Trying to fix error 2/2: line 25, type: ring_failed
2025-04-13 11:24:49 - INFO - Error message: Try this: ring_nf...
2025-04-13 11:24:49 - INFO - Removed header content, remaining 25 lines of code
2025-04-13 11:24:49 - INFO - Using specified target error line: 25
2025-04-13 11:24:50 - INFO - Found error at specified line: Try this: ring_nf
2025-04-13 11:24:50 - INFO - Error at line 25: Try this: ring_nf
2025-04-13 11:24:50 - INFO - 
==================================================
2025-04-13 11:24:50 - INFO - Code prepared, starting synthesis
2025-04-13 11:24:50 - INFO - Before part: /-- 
Simplify (2-2i)(5+5i), where i² = -1. Show that it is 20.
We'll prove this by:
1. Expanding the product using the distributive property
2. Simplifying terms involving i using i² = -1
3. Combining like terms to reach the final result of 20
-/
theorem mathd_algebra_110 (q e : ℂ) (h₀ : q = 2 - 2 * Complex.I) (h₁ : e = 5 + 5 * Complex.I) :
    q * e = 20 := by
  -- First, substitute the given definitions of q and e into the goal
  rw [h₀, h₁]
  
  -- Now we need to expand (2 - 2*I)*(5 + 5*I)
  -- We'll use the distributive property (FOIL method) to expand this product
  -- (a + b)*(c + d) = a*c + a*d + b*c + b*d
  ring_nf  -- 'ring_nf' is a tactic that normalizes expressions in commutative rings
  
  -- After expansion, we have terms with I² which we know equals -1
  -- The current expression is: 10 + 10*I - 10*I - 10*I²
  -- The 10*I and -10*I terms cancel out, leaving 10 - 10*I²
  -- Since I² = -1, this becomes 10 - 10*(-1) = 10 + 10 = 20
  
  -- The 'ring' tactic can handle all these simplifications automatically
  -- It knows that I² = -1 and can perform arithmetic simplification
2025-04-13 11:24:50 - INFO - Error line:   ring
2025-04-13 11:24:50 - INFO - After part: 
2025-04-13 11:24:50 - INFO - ==================================================

2025-04-13 11:24:51 - INFO - Testing fragment: rw [justaplaceholder]
2025-04-13 11:24:51 - INFO - Original error line:   ring
2025-04-13 11:24:53 - INFO - Testing fix: Original errors: 2, Fixed errors: 2
2025-04-13 11:24:53 - INFO - Result: False (introduced 2 new errors)
2025-04-13 11:24:53 - DEBUG - === New errors detail ===
2025-04-13 11:24:53 - DEBUG - New Error 1: line 25, type: unknown_identifier, message: unknown identifier 'justaplaceholder'
2025-04-13 11:24:53 - DEBUG - New Error 2: line 25, type: rewrite_failed, message: tactic 'rewrite' failed, equality or iff proof expected
  ?m.1606
q e : ℂ
h₀ : q = 2 - 2 * Complex.I
h₁ : e = 5 + 5 * Complex.I
⊢ 10 - Complex.I ^ 2 * 10 = 20
2025-04-13 11:24:53 - INFO - Testing fragment: rw [<- justaplaceholder]
2025-04-13 11:24:53 - INFO - Original error line:   ring
2025-04-13 11:24:55 - INFO - Testing fix: Original errors: 2, Fixed errors: 2
2025-04-13 11:24:55 - INFO - Result: False (introduced 2 new errors)
2025-04-13 11:24:55 - DEBUG - === New errors detail ===
2025-04-13 11:24:55 - DEBUG - New Error 1: line 25, type: unknown_identifier, message: unknown identifier 'justaplaceholder'
2025-04-13 11:24:55 - DEBUG - New Error 2: line 25, type: rewrite_failed, message: tactic 'rewrite' failed, equality or iff proof expected
  ?m.1606
q e : ℂ
h₀ : q = 2 - 2 * Complex.I
h₁ : e = 5 + 5 * Complex.I
⊢ 10 - Complex.I ^ 2 * 10 = 20
2025-04-13 11:24:55 - INFO - Testing fragment: simp
2025-04-13 11:24:55 - INFO - Original error line:   ring
2025-04-13 11:24:57 - INFO - Testing fix: Original errors: 2, Fixed errors: 1
2025-04-13 11:24:57 - INFO - Result: True (target error fixed and no new errors introduced)
2025-04-13 11:24:57 - DEBUG - === Original errors detail ===
2025-04-13 11:24:57 - DEBUG - Error 1: line 25, type: ring_failed, message: Try this: ring_nf
2025-04-13 11:24:57 - DEBUG - Error 2: line 9, type: other_error, message: unsolved goals
q e : ℂ
h₀ : q = 2 - 2 * Complex.I
h₁ : e = 5 + 5 * Complex.I
⊢ 10 - Complex.I ^ 2 * 10 = 20
2025-04-13 11:24:57 - DEBUG - === Fixed code comparison ===
2025-04-13 11:24:57 - DEBUG - Line 25 changed:
2025-04-13 11:24:57 - DEBUG -   Original:   ring
2025-04-13 11:24:57 - DEBUG -   Fixed:      simp
2025-04-13 11:24:57 - INFO - Found effective solution: simp
2025-04-13 11:24:57 - INFO - 
==================================================
2025-04-13 11:24:57 - INFO - Fixed code:
2025-04-13 11:24:57 - INFO - /-- 
Simplify (2-2i)(5+5i), where i² = -1. Show that it is 20.
We'll prove this by:
1. Expanding the product using the distributive property
2. Simplifying terms involving i using i² = -1
3. Combining like terms to reach the final result of 20
-/
theorem mathd_algebra_110 (q e : ℂ) (h₀ : q = 2 - 2 * Complex.I) (h₁ : e = 5 + 5 * Complex.I) :
    q * e = 20 := by
  -- First, substitute the given definitions of q and e into the goal
  rw [h₀, h₁]
  
  -- Now we need to expand (2 - 2*I)*(5 + 5*I)
  -- We'll use the distributive property (FOIL method) to expand this product
  -- (a + b)*(c + d) = a*c + a*d + b*c + b*d
  ring_nf  -- 'ring_nf' is a tactic that normalizes expressions in commutative rings
  
  -- After expansion, we have terms with I² which we know equals -1
  -- The current expression is: 10 + 10*I - 10*I - 10*I²
  -- The 10*I and -10*I terms cancel out, leaving 10 - 10*I²
  -- Since I² = -1, this becomes 10 - 10*(-1) = 10 + 10 = 20
  
  -- The 'ring' tactic can handle all these simplifications automatically
  -- It knows that I² = -1 and can perform arithmetic simplification
  simp
2025-04-13 11:24:57 - INFO - ==================================================
2025-04-13 11:24:59 - INFO - Original code error count: 2
2025-04-13 11:24:59 - INFO - Fixed code error count: 1
2025-04-13 11:24:59 - INFO - Result: True (target error fixed and no new errors introduced)
2025-04-13 11:24:59 - DEBUG - === Original errors detail ===
2025-04-13 11:24:59 - DEBUG - Error 1: line 25, type: ring_failed, message: Try this: ring_nf
2025-04-13 11:24:59 - DEBUG - Error 2: line 9, type: other_error, message: unsolved goals
q e : ℂ
h₀ : q = 2 - 2 * Complex.I
h₁ : e = 5 + 5 * Complex.I
⊢ 10 - Complex.I ^ 2 * 10 = 20
2025-04-13 11:24:59 - DEBUG - === Fixed code comparison ===
2025-04-13 11:24:59 - DEBUG - Line 25 changed:
2025-04-13 11:24:59 - DEBUG -   Original:   ring
2025-04-13 11:24:59 - DEBUG -   Fixed:      simp
2025-04-13 11:24:59 - INFO - 
==================================================
2025-04-13 11:24:59 - INFO - Synthesis successful
2025-04-13 11:24:59 - INFO - ==================================================
2025-04-13 11:24:59 - INFO - Fix time: 10.02 seconds
2025-04-13 11:24:59 - INFO - ✅ Fixed error at line 25
2025-04-13 11:25:00 - INFO - 
===== Fix attempt completed =====
2025-04-13 11:25:00 - INFO - Original errors: 2
2025-04-13 11:25:00 - INFO - Fixed errors: 1
2025-04-13 11:25:00 - INFO - Failed errors: 1
2025-04-13 11:25:00 - INFO - Remaining errors: 1
2025-04-13 11:25:00 - INFO - Total time: 34.06 seconds
2025-04-13 11:25:00 - INFO - 
Final fixed code:
2025-04-13 11:25:00 - INFO - ----------------------------------------
2025-04-13 11:25:00 - INFO - /-- 
Simplify (2-2i)(5+5i), where i² = -1. Show that it is 20.
We'll prove this by:
1. Expanding the product using the distributive property
2. Simplifying terms involving i using i² = -1
3. Combining like terms to reach the final result of 20
-/
theorem mathd_algebra_110 (q e : ℂ) (h₀ : q = 2 - 2 * Complex.I) (h₁ : e = 5 + 5 * Complex.I) :
    q * e = 20 := by
  -- First, substitute the given definitions of q and e into the goal
  rw [h₀, h₁]
  
  -- Now we need to expand (2 - 2*I)*(5 + 5*I)
  -- We'll use the distributive property (FOIL method) to expand this product
  -- (a + b)*(c + d) = a*c + a*d + b*c + b*d
  ring_nf  -- 'ring_nf' is a tactic that normalizes expressions in commutative rings
  
  -- After expansion, we have terms with I² which we know equals -1
  -- The current expression is: 10 + 10*I - 10*I - 10*I²
  -- The 10*I and -10*I terms cancel out, leaving 10 - 10*I²
  -- Since I² = -1, this becomes 10 - 10*(-1) = 10 + 10 = 20
  
  -- The 'ring' tactic can handle all these simplifications automatically
  -- It knows that I² = -1 and can perform arithmetic simplification
  simp
2025-04-13 11:25:00 - INFO - ----------------------------------------
2025-04-13 11:25:00 - INFO - 
Detailed error repair report:
2025-04-13 11:25:00 - INFO - Original code error count: 2
❌ Fixed error 1/2: Could not generate fix for error at line 9 «other_error» (after 22.04s)
✅ Fixed error 2/2: Successfully fixed error at line 25 «ring_failed» (in 10.02s)

=== Fix statistics ===
Original error count: 2
Fixed errors: 1 (Fix rate: 0.5000)
Failed errors: 1
Remaining errors: 1
Total time: 34.06 seconds

=== Successful fix details ===

Fix 1:
   Line: 25
   Error type: ring_failed
   Original error message: Try this: ring_nf...
   Fix snippet: simp
   Fixed line:   simp
   Time: 10.02 seconds

=== Failed fix details ===

Failed fix 1:
   Line: 9
   Error type: other_error
   Original error message: unsolved goals
q e : ℂ
h₀ : q = 2 - 2 * Complex.I
h₁ : e = 5 + 5 * Complex.I
⊢ 10 - Complex.I ^ 2 * ...
   Failure reason: Could not generate fix
   Time: 22.04 seconds
2025-04-13 11:25:00 - INFO - 
Fixed code saved to: /data/coding/minif2f/lean_fixed/86_fixed.lean
2025-04-13 11:25:00 - INFO - JSON log saved to: /data/coding/minif2f/lean_fixed/86_fix_log.json
2025-04-13 11:25:00 - INFO - 
===== LOG FILE LOCATION =====
2025-04-13 11:25:00 - INFO - Detailed log file is available at: /data/coding/minif2f/lean_fixed/86.log
2025-04-13 11:25:00 - INFO - ===============================
