2025-04-13 11:24:21 - INFO - Log file initialized at 2025-04-13T11:24:21.866203
2025-04-13 11:24:21 - INFO - ===== LOG FILE LOCATION =====
2025-04-13 11:24:21 - INFO - Detailed log file created at: ./minif2f/lean_fixed/89.log
2025-04-13 11:24:21 - INFO - ===============================
2025-04-13 11:24:21 - INFO - Original code:
2025-04-13 11:24:21 - INFO - ----------------------------------------
2025-04-13 11:24:21 - INFO - import Mathlib
import Aesop

set_option maxHeartbeats 0

open BigOperators Real Nat Topology Rat

/-- Show that for positive integers $n$ and $k$, if $k \leq n$, then $\sum_{k=1}^n (k*C_n^k) = n * 2^{n-1}$.-/
theorem numbertheory_sumkmulnckeqnmul2pownm1 (n : ℕ) (h₀ : 0 < n) :
    (∑ k in Finset.Icc 1 n, k * Nat.choose n k) = n * 2 ^ (n - 1) := by
  -- We'll prove this using induction on n. The base case is n = 1.
  induction' n using Nat.strong_induction_on with n ih
  -- Handle the base case where n = 1
  cases' n with n
  · -- This case is n = 0, which contradicts our hypothesis 0 < n
    contradiction
  · -- Now we have n = Nat.succ n (n+1 in usual notation)
    cases' n with n
    · -- Base case: n = 1
      -- The sum is just k=1 term: 1 * C(1,1) = 1
      simp only [Finset.Icc_1_1, Finset.sum_singleton, Nat.choose_self, mul_one]
      -- Right side is 1 * 2^(0) = 1
      rw [Nat.sub_self, pow_zero, mul_one]
    · -- Inductive step: assume true for all m < n+2, prove for n+2
      -- The sum we want to compute is from k=1 to n+2 of k*C(n+2,k)
      -- We'll use the binomial coefficient identity: C(n+2,k) = C(n+1,k) + C(n+1,k-1)
      have sum_split : (∑ k in Finset.Icc 1 (n + 2), k * Nat.choose (n + 2) k) =
          (∑ k in Finset.Icc 1 (n + 2), k * Nat.choose (n + 1) k) +
          (∑ k in Finset.Icc 1 (n + 2), k * Nat.choose (n + 1) (k - 1)) := by
        -- Apply the binomial coefficient identity to each term
        simp_rw [Nat.choose_succ_succ, add_mul]
        -- Split the sum into two sums
        rw [Finset.sum_add_distrib]
      
      -- The first sum can be written as the sum from 1 to n+1 (since C(n+1,n+2)=0)
      have sum1_eq : (∑ k in Finset.Icc 1 (n + 2), k * Nat.choose (n + 1) k) =
          (∑ k in Finset.Icc 1 (n + 1), k * Nat.choose (n + 1) k) := by
        -- The extra term at n+2 is zero because C(n+1,n+2)=0
        rw [Finset.Icc_1_eq_Ioc, Finset.sum_Ioc_eq_sum_Icc]
        apply Finset.sum_congr
        · rw [Finset.Icc_eq_Ioc, Nat.lt_succ_iff, Nat.succ_le_iff]
          exact Nat.zero_lt_succ _
        · intro k hk
          rfl
        · simp only [Nat.choose_eq_zero_of_lt]
          simp only [Finset.mem_Icc] at hk
          rw [Nat.lt_succ_iff] at hk
          exact hk.2

      -- The second sum can be reindexed by setting j = k-1
      have sum2_eq : (∑ k in Finset.Icc 1 (n + 2), k * Nat.choose (n + 1) (k - 1)) =
          (∑ j in Finset.Icc 0 (n + 1), (j + 1) * Nat.choose (n + 1) j) := by
        -- Reindex the sum using k = j + 1
        rw [Finset.sum_Icc_Ico_Ioc_Ioo]
        apply Finset.sum_bij (fun k _ => k - 1)
        · intro k hk
          simp at hk
          simp [hk.1, Nat.sub_le]
        · intro k hk
          simp at hk
          rw [Nat.sub_add_cancel hk.1]
        · intro k₁ k₂ hk₁ hk₂ h
          exact Nat.sub_right_inj h
        · intro j hj
          simp at hj
          use j + 1
          simp [hj.1, Nat.succ_le_succ hj.2, Nat.add_sub_cancel]
      
      -- Now we can apply the induction hypothesis to the first sum
      have ih1 := ih (n + 1) (Nat.lt_succ_self _)
      -- The first sum becomes (n+1)*2^n
      rw [sum1_eq] at sum_split
      rw [ih1] at sum_split
      
      -- For the second sum, we split it into two parts
      have sum2_split : (∑ j in Finset.Icc 0 (n + 1), (j + 1) * Nat.choose (n + 1) j) =
          (∑ j in Finset.Icc 0 (n + 1), j * Nat.choose (n + 1) j) +
          (∑ j in Finset.Icc 0 (n + 1), Nat.choose (n + 1) j) := by
        -- Split (j+1)*C(n+1,j) into j*C(n+1,j) + C(n+1,j)
        simp_rw [add_mul, one_mul]
        rw [Finset.sum_add_distrib]
      
      -- The first part of the split sum2 is almost the same as sum1
      have sum2_part1 : (∑ j in Finset.Icc 0 (n + 1), j * Nat.choose (n + 1) j) =
          (∑ j in Finset.Icc 1 (n + 1), j * Nat.choose (n + 1) j) := by
        -- The j=0 term is zero, so we can start from j=1
        rw [← Finset.sum_Ico_Ioc_Icc, Finset.Ico_eq_empty, Finset.sum_empty, zero_add]
        simp [Nat.succ_pos]
      
      -- The second part is just the sum of binomial coefficients 2^(n+1)
      have sum2_part2 : (∑ j in Finset.Icc 0 (n + 1), Nat.choose (n + 1) j) = 2 ^ (n + 1) := by
        -- This is the well-known sum of binomial coefficients
        rw [Finset.sum_Icc_eq_sum_range]
        simp [Nat.choose_symm, Nat.sum_choose]
      
      -- Now apply the induction hypothesis to sum2_part1
      rw [sum2_part1] at sum2_split
      rw [ih1] at sum2_split
      rw [sum2_part2] at sum2_split
      
      -- Now combine all the results
      rw [sum2_eq, sum2_split] at sum_split
      -- Simplify the expression
      rw [sum_split]
      -- We now have: (n+1)*2^n + (n+1)*2^n + 2^(n+1) = (n+2)*2^(n+1)
      -- Let's simplify this
      ring_nf
      -- (n+1)*2^n + (n+1)*2^n = 2*(n+1)*2^n = (n+1)*2^(n+1)
      rw [← mul_add, ← pow_succ]
      -- Now we have (n+1)*2^(n+1) + 2^(n+1) = (n+2)*2^(n+1)
      rw [← add_mul, add_comm _ 1]
      -- Which simplifies to (n+2)*2^(n+1) as required
      simp only [Nat.add_succ_sub_one, add_zero]
2025-04-13 11:24:21 - INFO - ----------------------------------------
2025-04-13 11:24:21 - INFO - 
Checking original code for all errors...
2025-04-13 11:24:31 - INFO - Original code contains 12 errors:
2025-04-13 11:24:31 - INFO - Error 1: line 21, type: unknown_constant, message: unknown constant 'Finset.Icc_1_1'...
2025-04-13 11:24:31 - INFO - Error 2: line 21, type: simp_failed, message: simp made no progress...
2025-04-13 11:24:31 - INFO - Error 3: line 31, type: simp_failed, message: simp made no progress...
2025-04-13 11:24:31 - INFO - Error 4: line 39, type: unknown_constant, message: unknown constant 'Finset.Icc_1_eq_Ioc'...
2025-04-13 11:24:31 - INFO - Error 5: line 39, type: rewrite_failed, message: tactic 'rewrite' failed, equality or iff proof expected
  ?m.3680
n : ℕ
ih : ∀ m < n + 1 + 1, 0 < m ...
2025-04-13 11:24:31 - INFO - Error 6: line 54, type: unknown_constant, message: unknown constant 'Finset.sum_Icc_Ico_Ioc_Ioo'...
2025-04-13 11:24:31 - INFO - Error 7: line 54, type: rewrite_failed, message: tactic 'rewrite' failed, equality or iff proof expected
  ?m.4342
n : ℕ
ih : ∀ m < n + 1 + 1, 0 < m ...
2025-04-13 11:24:31 - INFO - Error 8: line 87, type: unknown_constant, message: unknown constant 'Finset.sum_Ico_Ioc_Icc'...
2025-04-13 11:24:31 - INFO - Error 9: line 87, type: rewrite_failed, message: tactic 'rewrite' failed, equality or iff proof expected
  ?m.7084
n : ℕ
ih : ∀ m < n + 1 + 1, 0 < m ...
2025-04-13 11:24:31 - INFO - Error 10: line 93, type: unknown_constant, message: unknown constant 'Finset.sum_Icc_eq_sum_range'...
2025-04-13 11:24:31 - INFO - Error 11: line 93, type: rewrite_failed, message: tactic 'rewrite' failed, equality or iff proof expected
  ?m.7440
n : ℕ
ih : ∀ m < n + 1 + 1, 0 < m ...
2025-04-13 11:24:31 - INFO - Error 12: line 109, type: rewrite_failed, message: tactic 'rewrite' failed, did not find instance of the pattern in the target expression
  ?a * ?b + ?...
2025-04-13 11:24:31 - INFO - 
Starting multi-error continuous repair process...
2025-04-13 11:24:31 - INFO - 
===== Starting to fix all errors =====
2025-04-13 11:24:32 - INFO - 
Found 1 original errors:
2025-04-13 11:24:32 - INFO - Error 1: line 3, type: other_error, message: expected token...
2025-04-13 11:24:32 - INFO - 
Trying to fix error 1/1: line 3, type: other_error
2025-04-13 11:24:32 - INFO - Error message: expected token...
2025-04-13 11:24:32 - INFO - Removed header content, remaining 106 lines of code
2025-04-13 11:24:32 - INFO - Using specified target error line: 3
2025-04-13 11:24:33 - INFO - Found error at specified line: expected token
2025-04-13 11:24:33 - INFO - Error at line 3: expected token
2025-04-13 11:24:33 - INFO - 
==================================================
2025-04-13 11:24:33 - INFO - Code prepared, starting synthesis
2025-04-13 11:24:33 - INFO - Before part: /-- Show that for positive integers $n$ and $k$, if $k \leq n$, then $\sum_{k=1}^n (k*C_n^k) = n * 2^{n-1}$.-/
theorem numbertheory_sumkmulnckeqnmul2pownm1 (n : ℕ) (h₀ : 0 < n) :
2025-04-13 11:24:33 - INFO - Error line:     (∑ k in Finset.Icc 1 n, k * Nat.choose n k) = n * 2 ^ (n - 1) := by
2025-04-13 11:24:33 - INFO - After part: -- We'll prove this using induction on n. The base case is n = 1.
  induction' n using Nat.strong_induction_on with n ih
  -- Handle the base case where n = 1
  cases' n with n
  · -- This case is n = 0, which contradicts our hypothesis 0 < n
    contradiction
  · -- Now we have n = Nat.succ n (n+1 in usual notation)
    cases' n with n
    · -- Base case: n = 1
      -- The sum is just k=1 term: 1 * C(1,1) = 1
      simp only [Finset.Icc_1_1, Finset.sum_singleton, Nat.choose_self, mul_one]
      -- Right side is 1 * 2^(0) = 1
      rw [Nat.sub_self, pow_zero, mul_one]
    · -- Inductive step: assume true for all m < n+2, prove for n+2
      -- The sum we want to compute is from k=1 to n+2 of k*C(n+2,k)
      -- We'll use the binomial coefficient identity: C(n+2,k) = C(n+1,k) + C(n+1,k-1)
      have sum_split : (∑ k in Finset.Icc 1 (n + 2), k * Nat.choose (n + 2) k) =
          (∑ k in Finset.Icc 1 (n + 2), k * Nat.choose (n + 1) k) +
          (∑ k in Finset.Icc 1 (n + 2), k * Nat.choose (n + 1) (k - 1)) := by
        -- Apply the binomial coefficient identity to each term
        simp_rw [Nat.choose_succ_succ, add_mul]
        -- Split the sum into two sums
        rw [Finset.sum_add_distrib]
      
      -- The first sum can be written as the sum from 1 to n+1 (since C(n+1,n+2)=0)
      have sum1_eq : (∑ k in Finset.Icc 1 (n + 2), k * Nat.choose (n + 1) k) =
          (∑ k in Finset.Icc 1 (n + 1), k * Nat.choose (n + 1) k) := by
        -- The extra term at n+2 is zero because C(n+1,n+2)=0
        rw [Finset.Icc_1_eq_Ioc, Finset.sum_Ioc_eq_sum_Icc]
        apply Finset.sum_congr
        · rw [Finset.Icc_eq_Ioc, Nat.lt_succ_iff, Nat.succ_le_iff]
          exact Nat.zero_lt_succ _
        · intro k hk
          rfl
        · simp only [Nat.choose_eq_zero_of_lt]
          simp only [Finset.mem_Icc] at hk
          rw [Nat.lt_succ_iff] at hk
          exact hk.2

      -- The second sum can be reindexed by setting j = k-1
      have sum2_eq : (∑ k in Finset.Icc 1 (n + 2), k * Nat.choose (n + 1) (k - 1)) =
          (∑ j in Finset.Icc 0 (n + 1), (j + 1) * Nat.choose (n + 1) j) := by
        -- Reindex the sum using k = j + 1
        rw [Finset.sum_Icc_Ico_Ioc_Ioo]
        apply Finset.sum_bij (fun k _ => k - 1)
        · intro k hk
          simp at hk
          simp [hk.1, Nat.sub_le]
        · intro k hk
          simp at hk
          rw [Nat.sub_add_cancel hk.1]
        · intro k₁ k₂ hk₁ hk₂ h
          exact Nat.sub_right_inj h
        · intro j hj
          simp at hj
          use j + 1
          simp [hj.1, Nat.succ_le_succ hj.2, Nat.add_sub_cancel]
      
      -- Now we can apply the induction hypothesis to the first sum
      have ih1 := ih (n + 1) (Nat.lt_succ_self _)
      -- The first sum becomes (n+1)*2^n
      rw [sum1_eq] at sum_split
      rw [ih1] at sum_split
      
      -- For the second sum, we split it into two parts
      have sum2_split : (∑ j in Finset.Icc 0 (n + 1), (j + 1) * Nat.choose (n + 1) j) =
          (∑ j in Finset.Icc 0 (n + 1), j * Nat.choose (n + 1) j) +
          (∑ j in Finset.Icc 0 (n + 1), Nat.choose (n + 1) j) := by
        -- Split (j+1)*C(n+1,j) into j*C(n+1,j) + C(n+1,j)
        simp_rw [add_mul, one_mul]
        rw [Finset.sum_add_distrib]
      
      -- The first part of the split sum2 is almost the same as sum1
      have sum2_part1 : (∑ j in Finset.Icc 0 (n + 1), j * Nat.choose (n + 1) j) =
          (∑ j in Finset.Icc 1 (n + 1), j * Nat.choose (n + 1) j) := by
        -- The j=0 term is zero, so we can start from j=1
        rw [← Finset.sum_Ico_Ioc_Icc, Finset.Ico_eq_empty, Finset.sum_empty, zero_add]
        simp [Nat.succ_pos]
      
      -- The second part is just the sum of binomial coefficients 2^(n+1)
      have sum2_part2 : (∑ j in Finset.Icc 0 (n + 1), Nat.choose (n + 1) j) = 2 ^ (n + 1) := by
        -- This is the well-known sum of binomial coefficients
        rw [Finset.sum_Icc_eq_sum_range]
        simp [Nat.choose_symm, Nat.sum_choose]
      
      -- Now apply the induction hypothesis to sum2_part1
      rw [sum2_part1] at sum2_split
      rw [ih1] at sum2_split
      rw [sum2_part2] at sum2_split
      
      -- Now combine all the results
      rw [sum2_eq, sum2_split] at sum_split
      -- Simplify the expression
      rw [sum_split]
      -- We now have: (n+1)*2^n + (n+1)*2^n + 2^(n+1) = (n+2)*2^(n+1)
      -- Let's simplify this
      ring_nf
      -- (n+1)*2^n + (n+1)*2^n = 2*(n+1)*2^n = (n+1)*2^(n+1)
      rw [← mul_add, ← pow_succ]
      -- Now we have (n+1)*2^(n+1) + 2^(n+1) = (n+2)*2^(n+1)
      rw [← add_mul, add_comm _ 1]
      -- Which simplifies to (n+2)*2^(n+1) as required
      simp only [Nat.add_succ_sub_one, add_zero]
2025-04-13 11:24:33 - INFO - ==================================================

2025-04-13 11:24:34 - INFO - Testing fragment: rw [justaplaceholder]
2025-04-13 11:24:34 - INFO - Original error line:     (∑ k in Finset.Icc 1 n, k * Nat.choose n k) = n * 2 ^ (n - 1) := by
2025-04-13 11:24:36 - INFO - Testing fix: Original errors: 1, Fixed errors: 4
2025-04-13 11:24:36 - INFO - Result: False (introduced 4 new errors)
2025-04-13 11:24:36 - DEBUG - === New errors detail ===
2025-04-13 11:24:36 - DEBUG - New Error 1: line 5, type: syntax_error, message: unexpected token 'using'; expected ':=', 'where' or '|'
2025-04-13 11:24:36 - DEBUG - New Error 2: line 2, type: failed_to_synthesize, message: failed to synthesize
  LT ℕ
use `set_option diagnostics true` to get diagnostic information
2025-04-13 11:24:36 - DEBUG - New Error 3: line 2, type: failed_to_synthesize, message: failed to synthesize
  OfNat ℕ 0
numerals are polymorphic in Lean, but the numeral `0` cannot be used in a context where the expected type is
  ℕ
due to the absence of the instance above
use `set_option diagnostics true` to get diagnostic information
2025-04-13 11:24:36 - DEBUG - New Error 4: line 3, type: function_expected, message: function expected at
  rw
term has type
  ?m.30
2025-04-13 11:24:36 - INFO - Testing fragment: rw [<- justaplaceholder]
2025-04-13 11:24:36 - INFO - Original error line:     (∑ k in Finset.Icc 1 n, k * Nat.choose n k) = n * 2 ^ (n - 1) := by
2025-04-13 11:24:38 - INFO - Testing fix: Original errors: 1, Fixed errors: 4
2025-04-13 11:24:38 - INFO - Result: False (introduced 4 new errors)
2025-04-13 11:24:38 - DEBUG - === New errors detail ===
2025-04-13 11:24:38 - DEBUG - New Error 1: line 5, type: syntax_error, message: unexpected token 'using'; expected ':=', 'where' or '|'
2025-04-13 11:24:38 - DEBUG - New Error 2: line 2, type: failed_to_synthesize, message: failed to synthesize
  LT ℕ
use `set_option diagnostics true` to get diagnostic information
2025-04-13 11:24:38 - DEBUG - New Error 3: line 2, type: failed_to_synthesize, message: failed to synthesize
  OfNat ℕ 0
numerals are polymorphic in Lean, but the numeral `0` cannot be used in a context where the expected type is
  ℕ
due to the absence of the instance above
use `set_option diagnostics true` to get diagnostic information
2025-04-13 11:24:38 - DEBUG - New Error 4: line 3, type: function_expected, message: function expected at
  rw
term has type
  ?m.30
2025-04-13 11:24:38 - INFO - Testing fragment: simp
2025-04-13 11:24:38 - INFO - Original error line:     (∑ k in Finset.Icc 1 n, k * Nat.choose n k) = n * 2 ^ (n - 1) := by
2025-04-13 11:24:40 - INFO - Testing fix: Original errors: 1, Fixed errors: 4
2025-04-13 11:24:40 - INFO - Result: False (introduced 4 new errors)
2025-04-13 11:24:40 - DEBUG - === New errors detail ===
2025-04-13 11:24:40 - DEBUG - New Error 1: line 5, type: syntax_error, message: unexpected token 'using'; expected ':=', 'where' or '|'
2025-04-13 11:24:40 - DEBUG - New Error 2: line 2, type: failed_to_synthesize, message: failed to synthesize
  LT ℕ
use `set_option diagnostics true` to get diagnostic information
2025-04-13 11:24:40 - DEBUG - New Error 3: line 2, type: failed_to_synthesize, message: failed to synthesize
  OfNat ℕ 0
numerals are polymorphic in Lean, but the numeral `0` cannot be used in a context where the expected type is
  ℕ
due to the absence of the instance above
use `set_option diagnostics true` to get diagnostic information
2025-04-13 11:24:40 - DEBUG - New Error 4: line 3, type: function_expected, message: function expected at
  simp
term has type
  ?m.30
2025-04-13 11:24:40 - INFO - Testing fragment: field_simp
2025-04-13 11:24:40 - INFO - Original error line:     (∑ k in Finset.Icc 1 n, k * Nat.choose n k) = n * 2 ^ (n - 1) := by
2025-04-13 11:24:42 - INFO - Testing fix: Original errors: 1, Fixed errors: 4
2025-04-13 11:24:42 - INFO - Result: False (introduced 4 new errors)
2025-04-13 11:24:42 - DEBUG - === New errors detail ===
2025-04-13 11:24:42 - DEBUG - New Error 1: line 5, type: syntax_error, message: unexpected token 'using'; expected ':=', 'where' or '|'
2025-04-13 11:24:42 - DEBUG - New Error 2: line 2, type: failed_to_synthesize, message: failed to synthesize
  LT ℕ
use `set_option diagnostics true` to get diagnostic information
2025-04-13 11:24:42 - DEBUG - New Error 3: line 2, type: failed_to_synthesize, message: failed to synthesize
  OfNat ℕ 0
numerals are polymorphic in Lean, but the numeral `0` cannot be used in a context where the expected type is
  ℕ
due to the absence of the instance above
use `set_option diagnostics true` to get diagnostic information
2025-04-13 11:24:42 - DEBUG - New Error 4: line 3, type: function_expected, message: function expected at
  field_simp
term has type
  ?m.30
2025-04-13 11:24:42 - INFO - Testing fragment: norm_num
2025-04-13 11:24:42 - INFO - Original error line:     (∑ k in Finset.Icc 1 n, k * Nat.choose n k) = n * 2 ^ (n - 1) := by
2025-04-13 11:24:44 - INFO - Testing fix: Original errors: 1, Fixed errors: 4
2025-04-13 11:24:44 - INFO - Result: False (introduced 4 new errors)
2025-04-13 11:24:44 - DEBUG - === New errors detail ===
2025-04-13 11:24:44 - DEBUG - New Error 1: line 5, type: syntax_error, message: unexpected token 'using'; expected ':=', 'where' or '|'
2025-04-13 11:24:44 - DEBUG - New Error 2: line 2, type: failed_to_synthesize, message: failed to synthesize
  LT ℕ
use `set_option diagnostics true` to get diagnostic information
2025-04-13 11:24:44 - DEBUG - New Error 3: line 2, type: failed_to_synthesize, message: failed to synthesize
  OfNat ℕ 0
numerals are polymorphic in Lean, but the numeral `0` cannot be used in a context where the expected type is
  ℕ
due to the absence of the instance above
use `set_option diagnostics true` to get diagnostic information
2025-04-13 11:24:44 - DEBUG - New Error 4: line 3, type: function_expected, message: function expected at
  norm_num
term has type
  ?m.30
2025-04-13 11:24:44 - INFO - Testing fragment: ring
2025-04-13 11:24:44 - INFO - Original error line:     (∑ k in Finset.Icc 1 n, k * Nat.choose n k) = n * 2 ^ (n - 1) := by
2025-04-13 11:24:46 - INFO - Testing fix: Original errors: 1, Fixed errors: 4
2025-04-13 11:24:46 - INFO - Result: False (introduced 4 new errors)
2025-04-13 11:24:46 - DEBUG - === New errors detail ===
2025-04-13 11:24:46 - DEBUG - New Error 1: line 5, type: syntax_error, message: unexpected token 'using'; expected ':=', 'where' or '|'
2025-04-13 11:24:46 - DEBUG - New Error 2: line 2, type: failed_to_synthesize, message: failed to synthesize
  LT ℕ
use `set_option diagnostics true` to get diagnostic information
2025-04-13 11:24:46 - DEBUG - New Error 3: line 2, type: failed_to_synthesize, message: failed to synthesize
  OfNat ℕ 0
numerals are polymorphic in Lean, but the numeral `0` cannot be used in a context where the expected type is
  ℕ
due to the absence of the instance above
use `set_option diagnostics true` to get diagnostic information
2025-04-13 11:24:46 - DEBUG - New Error 4: line 3, type: function_expected, message: function expected at
  ring
term has type
  ?m.30
2025-04-13 11:24:46 - INFO - Testing fragment: ring_nf
2025-04-13 11:24:46 - INFO - Original error line:     (∑ k in Finset.Icc 1 n, k * Nat.choose n k) = n * 2 ^ (n - 1) := by
2025-04-13 11:24:48 - INFO - Testing fix: Original errors: 1, Fixed errors: 4
2025-04-13 11:24:48 - INFO - Result: False (introduced 4 new errors)
2025-04-13 11:24:48 - DEBUG - === New errors detail ===
2025-04-13 11:24:48 - DEBUG - New Error 1: line 5, type: syntax_error, message: unexpected token 'using'; expected ':=', 'where' or '|'
2025-04-13 11:24:48 - DEBUG - New Error 2: line 2, type: failed_to_synthesize, message: failed to synthesize
  LT ℕ
use `set_option diagnostics true` to get diagnostic information
2025-04-13 11:24:48 - DEBUG - New Error 3: line 2, type: failed_to_synthesize, message: failed to synthesize
  OfNat ℕ 0
numerals are polymorphic in Lean, but the numeral `0` cannot be used in a context where the expected type is
  ℕ
due to the absence of the instance above
use `set_option diagnostics true` to get diagnostic information
2025-04-13 11:24:48 - DEBUG - New Error 4: line 3, type: function_expected, message: function expected at
  ring_nf
term has type
  ?m.30
2025-04-13 11:24:48 - INFO - Testing fragment: omega
2025-04-13 11:24:48 - INFO - Original error line:     (∑ k in Finset.Icc 1 n, k * Nat.choose n k) = n * 2 ^ (n - 1) := by
2025-04-13 11:24:50 - INFO - Testing fix: Original errors: 1, Fixed errors: 4
2025-04-13 11:24:50 - INFO - Result: False (introduced 4 new errors)
2025-04-13 11:24:50 - DEBUG - === New errors detail ===
2025-04-13 11:24:50 - DEBUG - New Error 1: line 5, type: syntax_error, message: unexpected token 'using'; expected ':=', 'where' or '|'
2025-04-13 11:24:50 - DEBUG - New Error 2: line 2, type: failed_to_synthesize, message: failed to synthesize
  LT ℕ
use `set_option diagnostics true` to get diagnostic information
2025-04-13 11:24:50 - DEBUG - New Error 3: line 2, type: failed_to_synthesize, message: failed to synthesize
  OfNat ℕ 0
numerals are polymorphic in Lean, but the numeral `0` cannot be used in a context where the expected type is
  ℕ
due to the absence of the instance above
use `set_option diagnostics true` to get diagnostic information
2025-04-13 11:24:50 - DEBUG - New Error 4: line 3, type: function_expected, message: function expected at
  omega
term has type
  ?m.30
2025-04-13 11:24:50 - INFO - Testing fragment: linarith
2025-04-13 11:24:50 - INFO - Original error line:     (∑ k in Finset.Icc 1 n, k * Nat.choose n k) = n * 2 ^ (n - 1) := by
2025-04-13 11:24:52 - INFO - Testing fix: Original errors: 1, Fixed errors: 4
2025-04-13 11:24:52 - INFO - Result: False (introduced 4 new errors)
2025-04-13 11:24:52 - DEBUG - === New errors detail ===
2025-04-13 11:24:52 - DEBUG - New Error 1: line 5, type: syntax_error, message: unexpected token 'using'; expected ':=', 'where' or '|'
2025-04-13 11:24:52 - DEBUG - New Error 2: line 2, type: failed_to_synthesize, message: failed to synthesize
  LT ℕ
use `set_option diagnostics true` to get diagnostic information
2025-04-13 11:24:52 - DEBUG - New Error 3: line 2, type: failed_to_synthesize, message: failed to synthesize
  OfNat ℕ 0
numerals are polymorphic in Lean, but the numeral `0` cannot be used in a context where the expected type is
  ℕ
due to the absence of the instance above
use `set_option diagnostics true` to get diagnostic information
2025-04-13 11:24:52 - DEBUG - New Error 4: line 3, type: function_expected, message: function expected at
  linarith
term has type
  ?m.30
2025-04-13 11:24:52 - INFO - Testing fragment: nlinarith
2025-04-13 11:24:52 - INFO - Original error line:     (∑ k in Finset.Icc 1 n, k * Nat.choose n k) = n * 2 ^ (n - 1) := by
2025-04-13 11:24:54 - INFO - Testing fix: Original errors: 1, Fixed errors: 4
2025-04-13 11:24:54 - INFO - Result: False (introduced 4 new errors)
2025-04-13 11:24:54 - DEBUG - === New errors detail ===
2025-04-13 11:24:54 - DEBUG - New Error 1: line 5, type: syntax_error, message: unexpected token 'using'; expected ':=', 'where' or '|'
2025-04-13 11:24:54 - DEBUG - New Error 2: line 2, type: failed_to_synthesize, message: failed to synthesize
  LT ℕ
use `set_option diagnostics true` to get diagnostic information
2025-04-13 11:24:54 - DEBUG - New Error 3: line 2, type: failed_to_synthesize, message: failed to synthesize
  OfNat ℕ 0
numerals are polymorphic in Lean, but the numeral `0` cannot be used in a context where the expected type is
  ℕ
due to the absence of the instance above
use `set_option diagnostics true` to get diagnostic information
2025-04-13 11:24:54 - DEBUG - New Error 4: line 3, type: function_expected, message: function expected at
  nlinarith
term has type
  ?m.30
2025-04-13 11:24:54 - INFO - Failed attempt time: 22.05 seconds
2025-04-13 11:24:54 - INFO - ❌ Could not generate fix for error at line 3
2025-04-13 11:24:55 - INFO - 
===== Fix attempt completed =====
2025-04-13 11:24:55 - INFO - Original errors: 1
2025-04-13 11:24:55 - INFO - Fixed errors: 0
2025-04-13 11:24:55 - INFO - Failed errors: 1
2025-04-13 11:24:55 - INFO - Remaining errors: 1
2025-04-13 11:24:55 - INFO - Total time: 24.05 seconds
2025-04-13 11:24:55 - INFO - 
Final fixed code:
2025-04-13 11:24:55 - INFO - ----------------------------------------
2025-04-13 11:24:55 - INFO - /-- Show that for positive integers $n$ and $k$, if $k \leq n$, then $\sum_{k=1}^n (k*C_n^k) = n * 2^{n-1}$.-/
theorem numbertheory_sumkmulnckeqnmul2pownm1 (n : ℕ) (h₀ : 0 < n) :
    (∑ k in Finset.Icc 1 n, k * Nat.choose n k) = n * 2 ^ (n - 1) := by
  -- We'll prove this using induction on n. The base case is n = 1.
  induction' n using Nat.strong_induction_on with n ih
  -- Handle the base case where n = 1
  cases' n with n
  · -- This case is n = 0, which contradicts our hypothesis 0 < n
    contradiction
  · -- Now we have n = Nat.succ n (n+1 in usual notation)
    cases' n with n
    · -- Base case: n = 1
      -- The sum is just k=1 term: 1 * C(1,1) = 1
      simp only [Finset.Icc_1_1, Finset.sum_singleton, Nat.choose_self, mul_one]
      -- Right side is 1 * 2^(0) = 1
      rw [Nat.sub_self, pow_zero, mul_one]
    · -- Inductive step: assume true for all m < n+2, prove for n+2
      -- The sum we want to compute is from k=1 to n+2 of k*C(n+2,k)
      -- We'll use the binomial coefficient identity: C(n+2,k) = C(n+1,k) + C(n+1,k-1)
      have sum_split : (∑ k in Finset.Icc 1 (n + 2), k * Nat.choose (n + 2) k) =
          (∑ k in Finset.Icc 1 (n + 2), k * Nat.choose (n + 1) k) +
          (∑ k in Finset.Icc 1 (n + 2), k * Nat.choose (n + 1) (k - 1)) := by
        -- Apply the binomial coefficient identity to each term
        simp_rw [Nat.choose_succ_succ, add_mul]
        -- Split the sum into two sums
        rw [Finset.sum_add_distrib]
      
      -- The first sum can be written as the sum from 1 to n+1 (since C(n+1,n+2)=0)
      have sum1_eq : (∑ k in Finset.Icc 1 (n + 2), k * Nat.choose (n + 1) k) =
          (∑ k in Finset.Icc 1 (n + 1), k * Nat.choose (n + 1) k) := by
        -- The extra term at n+2 is zero because C(n+1,n+2)=0
        rw [Finset.Icc_1_eq_Ioc, Finset.sum_Ioc_eq_sum_Icc]
        apply Finset.sum_congr
        · rw [Finset.Icc_eq_Ioc, Nat.lt_succ_iff, Nat.succ_le_iff]
          exact Nat.zero_lt_succ _
        · intro k hk
          rfl
        · simp only [Nat.choose_eq_zero_of_lt]
          simp only [Finset.mem_Icc] at hk
          rw [Nat.lt_succ_iff] at hk
          exact hk.2

      -- The second sum can be reindexed by setting j = k-1
      have sum2_eq : (∑ k in Finset.Icc 1 (n + 2), k * Nat.choose (n + 1) (k - 1)) =
          (∑ j in Finset.Icc 0 (n + 1), (j + 1) * Nat.choose (n + 1) j) := by
        -- Reindex the sum using k = j + 1
        rw [Finset.sum_Icc_Ico_Ioc_Ioo]
        apply Finset.sum_bij (fun k _ => k - 1)
        · intro k hk
          simp at hk
          simp [hk.1, Nat.sub_le]
        · intro k hk
          simp at hk
          rw [Nat.sub_add_cancel hk.1]
        · intro k₁ k₂ hk₁ hk₂ h
          exact Nat.sub_right_inj h
        · intro j hj
          simp at hj
          use j + 1
          simp [hj.1, Nat.succ_le_succ hj.2, Nat.add_sub_cancel]
      
      -- Now we can apply the induction hypothesis to the first sum
      have ih1 := ih (n + 1) (Nat.lt_succ_self _)
      -- The first sum becomes (n+1)*2^n
      rw [sum1_eq] at sum_split
      rw [ih1] at sum_split
      
      -- For the second sum, we split it into two parts
      have sum2_split : (∑ j in Finset.Icc 0 (n + 1), (j + 1) * Nat.choose (n + 1) j) =
          (∑ j in Finset.Icc 0 (n + 1), j * Nat.choose (n + 1) j) +
          (∑ j in Finset.Icc 0 (n + 1), Nat.choose (n + 1) j) := by
        -- Split (j+1)*C(n+1,j) into j*C(n+1,j) + C(n+1,j)
        simp_rw [add_mul, one_mul]
        rw [Finset.sum_add_distrib]
      
      -- The first part of the split sum2 is almost the same as sum1
      have sum2_part1 : (∑ j in Finset.Icc 0 (n + 1), j * Nat.choose (n + 1) j) =
          (∑ j in Finset.Icc 1 (n + 1), j * Nat.choose (n + 1) j) := by
        -- The j=0 term is zero, so we can start from j=1
        rw [← Finset.sum_Ico_Ioc_Icc, Finset.Ico_eq_empty, Finset.sum_empty, zero_add]
        simp [Nat.succ_pos]
      
      -- The second part is just the sum of binomial coefficients 2^(n+1)
      have sum2_part2 : (∑ j in Finset.Icc 0 (n + 1), Nat.choose (n + 1) j) = 2 ^ (n + 1) := by
        -- This is the well-known sum of binomial coefficients
        rw [Finset.sum_Icc_eq_sum_range]
        simp [Nat.choose_symm, Nat.sum_choose]
      
      -- Now apply the induction hypothesis to sum2_part1
      rw [sum2_part1] at sum2_split
      rw [ih1] at sum2_split
      rw [sum2_part2] at sum2_split
      
      -- Now combine all the results
      rw [sum2_eq, sum2_split] at sum_split
      -- Simplify the expression
      rw [sum_split]
      -- We now have: (n+1)*2^n + (n+1)*2^n + 2^(n+1) = (n+2)*2^(n+1)
      -- Let's simplify this
      ring_nf
      -- (n+1)*2^n + (n+1)*2^n = 2*(n+1)*2^n = (n+1)*2^(n+1)
      rw [← mul_add, ← pow_succ]
      -- Now we have (n+1)*2^(n+1) + 2^(n+1) = (n+2)*2^(n+1)
      rw [← add_mul, add_comm _ 1]
      -- Which simplifies to (n+2)*2^(n+1) as required
      simp only [Nat.add_succ_sub_one, add_zero]
2025-04-13 11:24:55 - INFO - ----------------------------------------
2025-04-13 11:24:55 - INFO - 
Detailed error repair report:
2025-04-13 11:24:55 - INFO - Original code error count: 1
❌ Fixed error 1/1: Could not generate fix for error at line 3 «other_error» (after 22.05s)

=== Fix statistics ===
Original error count: 1
Fixed errors: 0 (Fix rate: 0.0000)
Failed errors: 1
Remaining errors: 1
Total time: 24.05 seconds

=== Failed fix details ===

Failed fix 1:
   Line: 3
   Error type: other_error
   Original error message: expected token...
   Failure reason: Could not generate fix
   Time: 22.05 seconds
2025-04-13 11:24:55 - INFO - 
Fixed code saved to: ./minif2f/lean_fixed/89_fixed.lean
2025-04-13 11:24:55 - INFO - JSON log saved to: ./minif2f/lean_fixed/89_fix_log.json
2025-04-13 11:24:55 - INFO - 
===== LOG FILE LOCATION =====
2025-04-13 11:24:55 - INFO - Detailed log file is available at: ./minif2f/lean_fixed/89.log
2025-04-13 11:24:55 - INFO - ===============================
