2025-04-13 11:24:21 - INFO - Log file initialized at 2025-04-13T11:24:21.868886
2025-04-13 11:24:21 - INFO - ===== LOG FILE LOCATION =====
2025-04-13 11:24:21 - INFO - Detailed log file created at: /data/coding/minif2f/lean_fixed/9.log
2025-04-13 11:24:21 - INFO - ===============================
2025-04-13 11:24:21 - INFO - Original code:
2025-04-13 11:24:21 - INFO - ----------------------------------------
2025-04-13 11:24:21 - INFO - import Mathlib
import Aesop

set_option maxHeartbeats 0

open BigOperators Real Nat Topology Rat

/-- What is the greatest common factor of $20 !$ and $200,\!000$?  (Reminder: If $n$ is a positive integer, then $n!$ stands for the product $1\cdot 2\cdot 3\cdot \cdots \cdot (n-1)\cdot n$.) Show that it is 40,\!000.-/
theorem mathd_numbertheory_169 : Nat.gcd 20! 200000 = 40000 := by
  -- Compute the prime factorizations of 200000 and 20!
  have h200000 : 200000 = 2^6 * 5^5 := by norm_num
  -- The exponent of 2 in 20! is ∑_{k=1}^∞ floor(20 / 2^k) = 10 + 5 + 2 + 1 = 18
  have h2_fact : Nat.factorization (20 !) 2 = 18 := by
    rw [Nat.prime_factorial_iff two_prime]
    simp only [Nat.prime_two, Nat.cast_ofNat, Nat.factorial_eq_prod, Nat.prod_factorization_eq_prod_pow]
    norm_num
  -- The exponent of 5 in 20! is ∑_{k=1}^∞ floor(20 / 5^k) = 4 + 0 = 4
  have h5_fact : Nat.factorization (20 !) 5 = 4 := by
    rw [Nat.prime_factorial_iff (by exact Nat.prime_five)]
    simp only [Nat.prime_five, Nat.cast_ofNat, Nat.factorial_eq_prod, Nat.prod_factorization_eq_prod_pow]
    norm_num
  -- The gcd is the product of the minimum exponents for each prime
  -- For 2: min(18, 6) = 6
  -- For 5: min(4, 5) = 4
  -- Other primes have exponent 0 in 200000, so they don't contribute to the gcd
  rw [Nat.gcd_eq_of_factorization_le (a := 20!) (b := 200000)]
  -- Simplify the factorization expression
  simp only [h200000, Nat.factorization_pow, Nat.factorization_mul, Nat.factorization_of_prime Nat.prime_two,
    Nat.factorization_of_prime (by exact Nat.prime_five), h2_fact, h5_fact]
  -- The gcd's factorization is 2^6 * 5^4
  have hgcd : 40000 = 2^6 * 5^4 := by norm_num
  -- Apply the factorization to the gcd
  rw [hgcd, Nat.factorization_mul, Nat.factorization_pow, Nat.factorization_pow,
    Nat.factorization_of_prime Nat.prime_two, Nat.factorization_of_prime (by exact Nat.prime_five)]
  -- Simplify the exponents
  simp only [Nat.prime_two, Nat.prime_five, Nat.cast_ofNat, ite_true, Finsupp.coe_add, Pi.add_apply,
    Finsupp.coe_smul, Finsupp.coe_zero, Pi.zero_apply, Pi.smul_apply, smul_eq_mul, mul_one]
  -- The exponents for 2 and 5 match
  congr
  -- No other primes contribute to the gcd
  ext p
  simp only [Finsupp.coe_zero, Pi.zero_apply]
  -- Show that for primes other than 2 and 5, the exponent is 0
  by_cases hp : p = 2 ∨ p = 5
  · cases hp with
    | inl h => simp [h]
    | inr h => simp [h]
  · simp [hp]
2025-04-13 11:24:21 - INFO - ----------------------------------------
2025-04-13 11:24:21 - INFO - 
Checking original code for all errors...
2025-04-13 11:24:27 - INFO - Original code contains 6 errors:
2025-04-13 11:24:27 - INFO - Error 1: line 7, type: unknown_constant, message: unknown constant 'Nat.prime_factorial_iff'...
2025-04-13 11:24:27 - INFO - Error 2: line 7, type: rewrite_failed, message: tactic 'rewrite' failed, equality or iff proof expected
  ?m.2227
h200000 : 200000 = 2 ^ 6 * 5 ^ 5
⊢...
2025-04-13 11:24:27 - INFO - Error 3: line 12, type: unknown_constant, message: unknown constant 'Nat.prime_factorial_iff'...
2025-04-13 11:24:27 - INFO - Error 4: line 12, type: rewrite_failed, message: tactic 'rewrite' failed, equality or iff proof expected
  ?m.2284
h200000 : 200000 = 2 ^ 6 * 5 ^ 5
h...
2025-04-13 11:24:27 - INFO - Error 5: line 19, type: unknown_constant, message: unknown constant 'Nat.gcd_eq_of_factorization_le'...
2025-04-13 11:24:27 - INFO - Error 6: line 19, type: rewrite_failed, message: tactic 'rewrite' failed, equality or iff proof expected
  ?m.2286
h200000 : 200000 = 2 ^ 6 * 5 ^ 5
h...
2025-04-13 11:24:27 - INFO - 
Starting multi-error continuous repair process...
2025-04-13 11:24:27 - INFO - 
===== Starting to fix all errors =====
2025-04-13 11:24:28 - INFO - 
Found 6 original errors:
2025-04-13 11:24:28 - INFO - Error 1: line 7, type: unknown_constant, message: unknown constant 'Nat.prime_factorial_iff'...
2025-04-13 11:24:28 - INFO - Error 2: line 7, type: rewrite_failed, message: tactic 'rewrite' failed, equality or iff proof expected
  ?m.2227
h200000 : 200000 = 2 ^ 6 * 5 ^ 5
⊢...
2025-04-13 11:24:28 - INFO - Error 3: line 12, type: unknown_constant, message: unknown constant 'Nat.prime_factorial_iff'...
2025-04-13 11:24:28 - INFO - Error 4: line 12, type: rewrite_failed, message: tactic 'rewrite' failed, equality or iff proof expected
  ?m.2284
h200000 : 200000 = 2 ^ 6 * 5 ^ 5
h...
2025-04-13 11:24:28 - INFO - Error 5: line 19, type: unknown_constant, message: unknown constant 'Nat.gcd_eq_of_factorization_le'...
2025-04-13 11:24:28 - INFO - Error 6: line 19, type: rewrite_failed, message: tactic 'rewrite' failed, equality or iff proof expected
  ?m.2286
h200000 : 200000 = 2 ^ 6 * 5 ^ 5
h...
2025-04-13 11:24:28 - INFO - 
Trying to fix error 1/6: line 7, type: unknown_constant
2025-04-13 11:24:28 - INFO - Error message: unknown constant 'Nat.prime_factorial_iff'...
2025-04-13 11:24:28 - INFO - Removed header content, remaining 41 lines of code
2025-04-13 11:24:28 - INFO - Using specified target error line: 7
2025-04-13 11:24:29 - INFO - Found error at specified line: unknown constant 'Nat.prime_factorial_iff'
2025-04-13 11:24:29 - INFO - Error at line 7: unknown constant 'Nat.prime_factorial_iff'
2025-04-13 11:24:29 - INFO - 
==================================================
2025-04-13 11:24:29 - INFO - Code prepared, starting synthesis
2025-04-13 11:24:29 - INFO - Before part: /-- What is the greatest common factor of $20 !$ and $200,\!000$?  (Reminder: If $n$ is a positive integer, then $n!$ stands for the product $1\cdot 2\cdot 3\cdot \cdots \cdot (n-1)\cdot n$.) Show that it is 40,\!000.-/
theorem mathd_numbertheory_169 : Nat.gcd 20! 200000 = 40000 := by
  -- Compute the prime factorizations of 200000 and 20!
  have h200000 : 200000 = 2^6 * 5^5 := by norm_num
  -- The exponent of 2 in 20! is ∑_{k=1}^∞ floor(20 / 2^k) = 10 + 5 + 2 + 1 = 18
  have h2_fact : Nat.factorization (20 !) 2 = 18 := by
2025-04-13 11:24:29 - INFO - Error line:     rw [Nat.prime_factorial_iff two_prime]
2025-04-13 11:24:29 - INFO - After part: simp only [Nat.prime_two, Nat.cast_ofNat, Nat.factorial_eq_prod, Nat.prod_factorization_eq_prod_pow]
    norm_num
  -- The exponent of 5 in 20! is ∑_{k=1}^∞ floor(20 / 5^k) = 4 + 0 = 4
  have h5_fact : Nat.factorization (20 !) 5 = 4 := by
    rw [Nat.prime_factorial_iff (by exact Nat.prime_five)]
    simp only [Nat.prime_five, Nat.cast_ofNat, Nat.factorial_eq_prod, Nat.prod_factorization_eq_prod_pow]
    norm_num
  -- The gcd is the product of the minimum exponents for each prime
  -- For 2: min(18, 6) = 6
  -- For 5: min(4, 5) = 4
  -- Other primes have exponent 0 in 200000, so they don't contribute to the gcd
  rw [Nat.gcd_eq_of_factorization_le (a := 20!) (b := 200000)]
  -- Simplify the factorization expression
  simp only [h200000, Nat.factorization_pow, Nat.factorization_mul, Nat.factorization_of_prime Nat.prime_two,
    Nat.factorization_of_prime (by exact Nat.prime_five), h2_fact, h5_fact]
  -- The gcd's factorization is 2^6 * 5^4
  have hgcd : 40000 = 2^6 * 5^4 := by norm_num
  -- Apply the factorization to the gcd
  rw [hgcd, Nat.factorization_mul, Nat.factorization_pow, Nat.factorization_pow,
    Nat.factorization_of_prime Nat.prime_two, Nat.factorization_of_prime (by exact Nat.prime_five)]
  -- Simplify the exponents
  simp only [Nat.prime_two, Nat.prime_five, Nat.cast_ofNat, ite_true, Finsupp.coe_add, Pi.add_apply,
    Finsupp.coe_smul, Finsupp.coe_zero, Pi.zero_apply, Pi.smul_apply, smul_eq_mul, mul_one]
  -- The exponents for 2 and 5 match
  congr
  -- No other primes contribute to the gcd
  ext p
  simp only [Finsupp.coe_zero, Pi.zero_apply]
  -- Show that for primes other than 2 and 5, the exponent is 0
  by_cases hp : p = 2 ∨ p = 5
  · cases hp with
    | inl h => simp [h]
    | inr h => simp [h]
  · simp [hp]
2025-04-13 11:24:29 - INFO - ==================================================

2025-04-13 11:24:30 - INFO - Testing fragment: rw [justaplaceholder]
2025-04-13 11:24:30 - INFO - Original error line:     rw [Nat.prime_factorial_iff two_prime]
2025-04-13 11:24:32 - INFO - Testing fix: Original errors: 6, Fixed errors: 6
2025-04-13 11:24:32 - INFO - Result: False (introduced 2 new errors)
2025-04-13 11:24:32 - DEBUG - === New errors detail ===
2025-04-13 11:24:32 - DEBUG - New Error 1: line 7, type: unknown_identifier, message: unknown identifier 'justaplaceholder'
2025-04-13 11:24:32 - DEBUG - New Error 2: line 7, type: rewrite_failed, message: tactic 'rewrite' failed, equality or iff proof expected
  ?m.2227
h200000 : 200000 = 2 ^ 6 * 5 ^ 5
⊢ 20!.factorization 2 = 18
2025-04-13 11:24:32 - INFO - Testing fragment: rw [<- justaplaceholder]
2025-04-13 11:24:32 - INFO - Original error line:     rw [Nat.prime_factorial_iff two_prime]
2025-04-13 11:24:34 - INFO - Testing fix: Original errors: 6, Fixed errors: 6
2025-04-13 11:24:34 - INFO - Result: False (introduced 2 new errors)
2025-04-13 11:24:34 - DEBUG - === New errors detail ===
2025-04-13 11:24:34 - DEBUG - New Error 1: line 7, type: unknown_identifier, message: unknown identifier 'justaplaceholder'
2025-04-13 11:24:34 - DEBUG - New Error 2: line 7, type: rewrite_failed, message: tactic 'rewrite' failed, equality or iff proof expected
  ?m.2227
h200000 : 200000 = 2 ^ 6 * 5 ^ 5
⊢ 20!.factorization 2 = 18
2025-04-13 11:24:34 - INFO - Testing fragment: simp
2025-04-13 11:24:34 - INFO - Original error line:     rw [Nat.prime_factorial_iff two_prime]
2025-04-13 11:24:36 - INFO - Testing fix: Original errors: 6, Fixed errors: 5
2025-04-13 11:24:36 - INFO - Result: False (introduced 1 new errors)
2025-04-13 11:24:36 - DEBUG - === New errors detail ===
2025-04-13 11:24:36 - DEBUG - New Error 1: line 7, type: simp_failed, message: simp made no progress
2025-04-13 11:24:36 - INFO - Testing fragment: field_simp
2025-04-13 11:24:36 - INFO - Original error line:     rw [Nat.prime_factorial_iff two_prime]
2025-04-13 11:24:38 - INFO - Testing fix: Original errors: 6, Fixed errors: 5
2025-04-13 11:24:38 - INFO - Result: False (introduced 1 new errors)
2025-04-13 11:24:38 - DEBUG - === New errors detail ===
2025-04-13 11:24:38 - DEBUG - New Error 1: line 7, type: simp_failed, message: simp made no progress
2025-04-13 11:24:38 - INFO - Testing fragment: norm_num
2025-04-13 11:24:38 - INFO - Original error line:     rw [Nat.prime_factorial_iff two_prime]
2025-04-13 11:24:40 - INFO - Testing fix: Original errors: 6, Fixed errors: 7
2025-04-13 11:24:40 - INFO - Result: False (introduced 3 new errors)
2025-04-13 11:24:40 - DEBUG - === New errors detail ===
2025-04-13 11:24:40 - DEBUG - New Error 1: line 8, type: unknown_constant, message: unknown constant 'Nat.factorial_eq_prod'
2025-04-13 11:24:40 - DEBUG - New Error 2: line 8, type: unknown_constant, message: unknown constant 'Nat.prod_factorization_eq_prod_pow'
2025-04-13 11:24:40 - DEBUG - New Error 3: line 8, type: simp_failed, message: simp made no progress
2025-04-13 11:24:40 - INFO - Testing fragment: ring
2025-04-13 11:24:40 - INFO - Original error line:     rw [Nat.prime_factorial_iff two_prime]
2025-04-13 11:24:42 - INFO - Testing fix: Original errors: 6, Fixed errors: 8
2025-04-13 11:24:42 - INFO - Result: False (introduced 4 new errors)
2025-04-13 11:24:42 - DEBUG - === New errors detail ===
2025-04-13 11:24:42 - DEBUG - New Error 1: line 7, type: ring_failed, message: Try this: ring_nf
2025-04-13 11:24:42 - DEBUG - New Error 2: line 8, type: unknown_constant, message: unknown constant 'Nat.factorial_eq_prod'
2025-04-13 11:24:42 - DEBUG - New Error 3: line 8, type: unknown_constant, message: unknown constant 'Nat.prod_factorization_eq_prod_pow'
2025-04-13 11:24:42 - DEBUG - New Error 4: line 8, type: simp_failed, message: simp made no progress
2025-04-13 11:24:42 - INFO - Testing fragment: ring_nf
2025-04-13 11:24:42 - INFO - Original error line:     rw [Nat.prime_factorial_iff two_prime]
2025-04-13 11:24:44 - INFO - Testing fix: Original errors: 6, Fixed errors: 7
2025-04-13 11:24:44 - INFO - Result: False (introduced 3 new errors)
2025-04-13 11:24:44 - DEBUG - === New errors detail ===
2025-04-13 11:24:44 - DEBUG - New Error 1: line 8, type: unknown_constant, message: unknown constant 'Nat.factorial_eq_prod'
2025-04-13 11:24:44 - DEBUG - New Error 2: line 8, type: unknown_constant, message: unknown constant 'Nat.prod_factorization_eq_prod_pow'
2025-04-13 11:24:44 - DEBUG - New Error 3: line 8, type: simp_failed, message: simp made no progress
2025-04-13 11:24:44 - INFO - Testing fragment: omega
2025-04-13 11:24:44 - INFO - Original error line:     rw [Nat.prime_factorial_iff two_prime]
2025-04-13 11:24:46 - INFO - Testing fix: Original errors: 6, Fixed errors: 5
2025-04-13 11:24:46 - INFO - Result: False (introduced 1 new errors)
2025-04-13 11:24:46 - DEBUG - === New errors detail ===
2025-04-13 11:24:46 - DEBUG - New Error 1: line 7, type: other_error, message: omega could not prove the goal:
a possible counterexample may satisfy the constraints
  0 ≤ a ≤ 17
where
 a := ↑(20!.factorization 2)
2025-04-13 11:24:46 - INFO - Testing fragment: linarith
2025-04-13 11:24:46 - INFO - Original error line:     rw [Nat.prime_factorial_iff two_prime]
2025-04-13 11:24:48 - INFO - Testing fix: Original errors: 6, Fixed errors: 5
2025-04-13 11:24:48 - INFO - Result: False (introduced 1 new errors)
2025-04-13 11:24:48 - DEBUG - === New errors detail ===
2025-04-13 11:24:48 - DEBUG - New Error 1: line 7, type: linarith_failed, message: linarith failed to find a contradiction
case h1.h
h200000 : 200000 = 2 ^ 6 * 5 ^ 5
a✝ : 20!.factorization 2 < 18
⊢ False
failed
2025-04-13 11:24:48 - INFO - Testing fragment: nlinarith
2025-04-13 11:24:48 - INFO - Original error line:     rw [Nat.prime_factorial_iff two_prime]
2025-04-13 11:24:50 - INFO - Testing fix: Original errors: 6, Fixed errors: 5
2025-04-13 11:24:50 - INFO - Result: False (introduced 1 new errors)
2025-04-13 11:24:50 - DEBUG - === New errors detail ===
2025-04-13 11:24:50 - DEBUG - New Error 1: line 7, type: linarith_failed, message: linarith failed to find a contradiction
case h1.h
h200000 : 200000 = 2 ^ 6 * 5 ^ 5
a✝ : 20!.factorization 2 < 18
⊢ False
failed
2025-04-13 11:24:50 - INFO - Failed attempt time: 22.04 seconds
2025-04-13 11:24:50 - INFO - ❌ Could not generate fix for error at line 7
2025-04-13 11:24:50 - INFO - 
Trying to fix error 2/6: line 7, type: rewrite_failed
2025-04-13 11:24:50 - INFO - Error message: tactic 'rewrite' failed, equality or iff proof expected
  ?m.2227
h200000 : 200000 = 2 ^ 6 * 5 ^ 5
⊢...
2025-04-13 11:24:50 - INFO - Removed header content, remaining 41 lines of code
2025-04-13 11:24:50 - INFO - Using specified target error line: 7
2025-04-13 11:24:51 - INFO - Found error at specified line: unknown constant 'Nat.prime_factorial_iff'
2025-04-13 11:24:51 - INFO - Error at line 7: unknown constant 'Nat.prime_factorial_iff'
2025-04-13 11:24:51 - INFO - 
==================================================
2025-04-13 11:24:51 - INFO - Code prepared, starting synthesis
2025-04-13 11:24:51 - INFO - Before part: /-- What is the greatest common factor of $20 !$ and $200,\!000$?  (Reminder: If $n$ is a positive integer, then $n!$ stands for the product $1\cdot 2\cdot 3\cdot \cdots \cdot (n-1)\cdot n$.) Show that it is 40,\!000.-/
theorem mathd_numbertheory_169 : Nat.gcd 20! 200000 = 40000 := by
  -- Compute the prime factorizations of 200000 and 20!
  have h200000 : 200000 = 2^6 * 5^5 := by norm_num
  -- The exponent of 2 in 20! is ∑_{k=1}^∞ floor(20 / 2^k) = 10 + 5 + 2 + 1 = 18
  have h2_fact : Nat.factorization (20 !) 2 = 18 := by
2025-04-13 11:24:51 - INFO - Error line:     rw [Nat.prime_factorial_iff two_prime]
2025-04-13 11:24:51 - INFO - After part: simp only [Nat.prime_two, Nat.cast_ofNat, Nat.factorial_eq_prod, Nat.prod_factorization_eq_prod_pow]
    norm_num
  -- The exponent of 5 in 20! is ∑_{k=1}^∞ floor(20 / 5^k) = 4 + 0 = 4
  have h5_fact : Nat.factorization (20 !) 5 = 4 := by
    rw [Nat.prime_factorial_iff (by exact Nat.prime_five)]
    simp only [Nat.prime_five, Nat.cast_ofNat, Nat.factorial_eq_prod, Nat.prod_factorization_eq_prod_pow]
    norm_num
  -- The gcd is the product of the minimum exponents for each prime
  -- For 2: min(18, 6) = 6
  -- For 5: min(4, 5) = 4
  -- Other primes have exponent 0 in 200000, so they don't contribute to the gcd
  rw [Nat.gcd_eq_of_factorization_le (a := 20!) (b := 200000)]
  -- Simplify the factorization expression
  simp only [h200000, Nat.factorization_pow, Nat.factorization_mul, Nat.factorization_of_prime Nat.prime_two,
    Nat.factorization_of_prime (by exact Nat.prime_five), h2_fact, h5_fact]
  -- The gcd's factorization is 2^6 * 5^4
  have hgcd : 40000 = 2^6 * 5^4 := by norm_num
  -- Apply the factorization to the gcd
  rw [hgcd, Nat.factorization_mul, Nat.factorization_pow, Nat.factorization_pow,
    Nat.factorization_of_prime Nat.prime_two, Nat.factorization_of_prime (by exact Nat.prime_five)]
  -- Simplify the exponents
  simp only [Nat.prime_two, Nat.prime_five, Nat.cast_ofNat, ite_true, Finsupp.coe_add, Pi.add_apply,
    Finsupp.coe_smul, Finsupp.coe_zero, Pi.zero_apply, Pi.smul_apply, smul_eq_mul, mul_one]
  -- The exponents for 2 and 5 match
  congr
  -- No other primes contribute to the gcd
  ext p
  simp only [Finsupp.coe_zero, Pi.zero_apply]
  -- Show that for primes other than 2 and 5, the exponent is 0
  by_cases hp : p = 2 ∨ p = 5
  · cases hp with
    | inl h => simp [h]
    | inr h => simp [h]
  · simp [hp]
2025-04-13 11:24:51 - INFO - ==================================================

2025-04-13 11:24:52 - INFO - Testing fragment: rw [justaplaceholder]
2025-04-13 11:24:52 - INFO - Original error line:     rw [Nat.prime_factorial_iff two_prime]
2025-04-13 11:24:54 - INFO - Testing fix: Original errors: 6, Fixed errors: 6
2025-04-13 11:24:54 - INFO - Result: False (introduced 2 new errors)
2025-04-13 11:24:54 - DEBUG - === New errors detail ===
2025-04-13 11:24:54 - DEBUG - New Error 1: line 7, type: unknown_identifier, message: unknown identifier 'justaplaceholder'
2025-04-13 11:24:54 - DEBUG - New Error 2: line 7, type: rewrite_failed, message: tactic 'rewrite' failed, equality or iff proof expected
  ?m.2227
h200000 : 200000 = 2 ^ 6 * 5 ^ 5
⊢ 20!.factorization 2 = 18
2025-04-13 11:24:54 - INFO - Testing fragment: rw [<- justaplaceholder]
2025-04-13 11:24:54 - INFO - Original error line:     rw [Nat.prime_factorial_iff two_prime]
2025-04-13 11:24:56 - INFO - Testing fix: Original errors: 6, Fixed errors: 6
2025-04-13 11:24:56 - INFO - Result: False (introduced 2 new errors)
2025-04-13 11:24:56 - DEBUG - === New errors detail ===
2025-04-13 11:24:56 - DEBUG - New Error 1: line 7, type: unknown_identifier, message: unknown identifier 'justaplaceholder'
2025-04-13 11:24:56 - DEBUG - New Error 2: line 7, type: rewrite_failed, message: tactic 'rewrite' failed, equality or iff proof expected
  ?m.2227
h200000 : 200000 = 2 ^ 6 * 5 ^ 5
⊢ 20!.factorization 2 = 18
2025-04-13 11:24:56 - INFO - Testing fragment: simp
2025-04-13 11:24:56 - INFO - Original error line:     rw [Nat.prime_factorial_iff two_prime]
2025-04-13 11:24:58 - INFO - Testing fix: Original errors: 6, Fixed errors: 5
2025-04-13 11:24:58 - INFO - Result: False (introduced 1 new errors)
2025-04-13 11:24:58 - DEBUG - === New errors detail ===
2025-04-13 11:24:58 - DEBUG - New Error 1: line 7, type: simp_failed, message: simp made no progress
2025-04-13 11:24:58 - INFO - Testing fragment: field_simp
2025-04-13 11:24:58 - INFO - Original error line:     rw [Nat.prime_factorial_iff two_prime]
2025-04-13 11:25:00 - INFO - Testing fix: Original errors: 6, Fixed errors: 5
2025-04-13 11:25:00 - INFO - Result: False (introduced 1 new errors)
2025-04-13 11:25:00 - DEBUG - === New errors detail ===
2025-04-13 11:25:00 - DEBUG - New Error 1: line 7, type: simp_failed, message: simp made no progress
2025-04-13 11:25:00 - INFO - Testing fragment: norm_num
2025-04-13 11:25:00 - INFO - Original error line:     rw [Nat.prime_factorial_iff two_prime]
2025-04-13 11:25:02 - INFO - Testing fix: Original errors: 6, Fixed errors: 7
2025-04-13 11:25:02 - INFO - Result: False (introduced 3 new errors)
2025-04-13 11:25:02 - DEBUG - === New errors detail ===
2025-04-13 11:25:02 - DEBUG - New Error 1: line 8, type: unknown_constant, message: unknown constant 'Nat.factorial_eq_prod'
2025-04-13 11:25:02 - DEBUG - New Error 2: line 8, type: unknown_constant, message: unknown constant 'Nat.prod_factorization_eq_prod_pow'
2025-04-13 11:25:02 - DEBUG - New Error 3: line 8, type: simp_failed, message: simp made no progress
2025-04-13 11:25:02 - INFO - Testing fragment: ring
2025-04-13 11:25:02 - INFO - Original error line:     rw [Nat.prime_factorial_iff two_prime]
2025-04-13 11:25:04 - INFO - Testing fix: Original errors: 6, Fixed errors: 8
2025-04-13 11:25:04 - INFO - Result: False (introduced 4 new errors)
2025-04-13 11:25:04 - DEBUG - === New errors detail ===
2025-04-13 11:25:04 - DEBUG - New Error 1: line 7, type: ring_failed, message: Try this: ring_nf
2025-04-13 11:25:04 - DEBUG - New Error 2: line 8, type: unknown_constant, message: unknown constant 'Nat.factorial_eq_prod'
2025-04-13 11:25:04 - DEBUG - New Error 3: line 8, type: unknown_constant, message: unknown constant 'Nat.prod_factorization_eq_prod_pow'
2025-04-13 11:25:04 - DEBUG - New Error 4: line 8, type: simp_failed, message: simp made no progress
2025-04-13 11:25:04 - INFO - Testing fragment: ring_nf
2025-04-13 11:25:04 - INFO - Original error line:     rw [Nat.prime_factorial_iff two_prime]
2025-04-13 11:25:06 - INFO - Testing fix: Original errors: 6, Fixed errors: 7
2025-04-13 11:25:06 - INFO - Result: False (introduced 3 new errors)
2025-04-13 11:25:06 - DEBUG - === New errors detail ===
2025-04-13 11:25:06 - DEBUG - New Error 1: line 8, type: unknown_constant, message: unknown constant 'Nat.factorial_eq_prod'
2025-04-13 11:25:06 - DEBUG - New Error 2: line 8, type: unknown_constant, message: unknown constant 'Nat.prod_factorization_eq_prod_pow'
2025-04-13 11:25:06 - DEBUG - New Error 3: line 8, type: simp_failed, message: simp made no progress
2025-04-13 11:25:06 - INFO - Testing fragment: omega
2025-04-13 11:25:06 - INFO - Original error line:     rw [Nat.prime_factorial_iff two_prime]
2025-04-13 11:25:08 - INFO - Testing fix: Original errors: 6, Fixed errors: 5
2025-04-13 11:25:08 - INFO - Result: False (introduced 1 new errors)
2025-04-13 11:25:08 - DEBUG - === New errors detail ===
2025-04-13 11:25:08 - DEBUG - New Error 1: line 7, type: other_error, message: omega could not prove the goal:
a possible counterexample may satisfy the constraints
  0 ≤ a ≤ 17
where
 a := ↑(20!.factorization 2)
2025-04-13 11:25:08 - INFO - Testing fragment: linarith
2025-04-13 11:25:08 - INFO - Original error line:     rw [Nat.prime_factorial_iff two_prime]
2025-04-13 11:25:10 - INFO - Testing fix: Original errors: 6, Fixed errors: 5
2025-04-13 11:25:10 - INFO - Result: False (introduced 1 new errors)
2025-04-13 11:25:10 - DEBUG - === New errors detail ===
2025-04-13 11:25:10 - DEBUG - New Error 1: line 7, type: linarith_failed, message: linarith failed to find a contradiction
case h1.h
h200000 : 200000 = 2 ^ 6 * 5 ^ 5
a✝ : 20!.factorization 2 < 18
⊢ False
failed
2025-04-13 11:25:10 - INFO - Testing fragment: nlinarith
2025-04-13 11:25:10 - INFO - Original error line:     rw [Nat.prime_factorial_iff two_prime]
2025-04-13 11:25:12 - INFO - Testing fix: Original errors: 6, Fixed errors: 5
2025-04-13 11:25:12 - INFO - Result: False (introduced 1 new errors)
2025-04-13 11:25:12 - DEBUG - === New errors detail ===
2025-04-13 11:25:12 - DEBUG - New Error 1: line 7, type: linarith_failed, message: linarith failed to find a contradiction
case h1.h
h200000 : 200000 = 2 ^ 6 * 5 ^ 5
a✝ : 20!.factorization 2 < 18
⊢ False
failed
2025-04-13 11:25:12 - INFO - Failed attempt time: 22.04 seconds
2025-04-13 11:25:12 - INFO - ❌ Could not generate fix for error at line 7
2025-04-13 11:25:12 - INFO - 
Trying to fix error 3/6: line 12, type: unknown_constant
2025-04-13 11:25:12 - INFO - Error message: unknown constant 'Nat.prime_factorial_iff'...
2025-04-13 11:25:12 - INFO - Removed header content, remaining 41 lines of code
2025-04-13 11:25:12 - INFO - Using specified target error line: 12
2025-04-13 11:25:13 - INFO - Found error at specified line: unknown constant 'Nat.prime_factorial_iff'
2025-04-13 11:25:13 - INFO - Error at line 12: unknown constant 'Nat.prime_factorial_iff'
2025-04-13 11:25:13 - INFO - 
==================================================
2025-04-13 11:25:13 - INFO - Code prepared, starting synthesis
2025-04-13 11:25:13 - INFO - Before part: /-- What is the greatest common factor of $20 !$ and $200,\!000$?  (Reminder: If $n$ is a positive integer, then $n!$ stands for the product $1\cdot 2\cdot 3\cdot \cdots \cdot (n-1)\cdot n$.) Show that it is 40,\!000.-/
theorem mathd_numbertheory_169 : Nat.gcd 20! 200000 = 40000 := by
  -- Compute the prime factorizations of 200000 and 20!
  have h200000 : 200000 = 2^6 * 5^5 := by norm_num
  -- The exponent of 2 in 20! is ∑_{k=1}^∞ floor(20 / 2^k) = 10 + 5 + 2 + 1 = 18
  have h2_fact : Nat.factorization (20 !) 2 = 18 := by
    rw [Nat.prime_factorial_iff two_prime]
    simp only [Nat.prime_two, Nat.cast_ofNat, Nat.factorial_eq_prod, Nat.prod_factorization_eq_prod_pow]
    norm_num
  -- The exponent of 5 in 20! is ∑_{k=1}^∞ floor(20 / 5^k) = 4 + 0 = 4
  have h5_fact : Nat.factorization (20 !) 5 = 4 := by
2025-04-13 11:25:13 - INFO - Error line:     rw [Nat.prime_factorial_iff (by exact Nat.prime_five)]
2025-04-13 11:25:13 - INFO - After part: simp only [Nat.prime_five, Nat.cast_ofNat, Nat.factorial_eq_prod, Nat.prod_factorization_eq_prod_pow]
    norm_num
  -- The gcd is the product of the minimum exponents for each prime
  -- For 2: min(18, 6) = 6
  -- For 5: min(4, 5) = 4
  -- Other primes have exponent 0 in 200000, so they don't contribute to the gcd
  rw [Nat.gcd_eq_of_factorization_le (a := 20!) (b := 200000)]
  -- Simplify the factorization expression
  simp only [h200000, Nat.factorization_pow, Nat.factorization_mul, Nat.factorization_of_prime Nat.prime_two,
    Nat.factorization_of_prime (by exact Nat.prime_five), h2_fact, h5_fact]
  -- The gcd's factorization is 2^6 * 5^4
  have hgcd : 40000 = 2^6 * 5^4 := by norm_num
  -- Apply the factorization to the gcd
  rw [hgcd, Nat.factorization_mul, Nat.factorization_pow, Nat.factorization_pow,
    Nat.factorization_of_prime Nat.prime_two, Nat.factorization_of_prime (by exact Nat.prime_five)]
  -- Simplify the exponents
  simp only [Nat.prime_two, Nat.prime_five, Nat.cast_ofNat, ite_true, Finsupp.coe_add, Pi.add_apply,
    Finsupp.coe_smul, Finsupp.coe_zero, Pi.zero_apply, Pi.smul_apply, smul_eq_mul, mul_one]
  -- The exponents for 2 and 5 match
  congr
  -- No other primes contribute to the gcd
  ext p
  simp only [Finsupp.coe_zero, Pi.zero_apply]
  -- Show that for primes other than 2 and 5, the exponent is 0
  by_cases hp : p = 2 ∨ p = 5
  · cases hp with
    | inl h => simp [h]
    | inr h => simp [h]
  · simp [hp]
2025-04-13 11:25:13 - INFO - ==================================================

2025-04-13 11:25:14 - INFO - Testing fragment: rw [justaplaceholder]
2025-04-13 11:25:14 - INFO - Original error line:     rw [Nat.prime_factorial_iff (by exact Nat.prime_five)]
2025-04-13 11:25:16 - INFO - Testing fix: Original errors: 6, Fixed errors: 6
2025-04-13 11:25:16 - INFO - Result: False (introduced 2 new errors)
2025-04-13 11:25:16 - DEBUG - === New errors detail ===
2025-04-13 11:25:16 - DEBUG - New Error 1: line 12, type: unknown_constant, message: unknown constant 'Nat.prime_factorial_iff'
2025-04-13 11:25:16 - DEBUG - New Error 2: line 12, type: rewrite_failed, message: tactic 'rewrite' failed, equality or iff proof expected
  ?m.2284
h200000 : 200000 = 2 ^ 6 * 5 ^ 5
h2_fact : 20!.factorization 2 = 18
⊢ 20!.factorization 5 = 4
2025-04-13 11:25:16 - INFO - Testing fragment: rw [<- justaplaceholder]
2025-04-13 11:25:16 - INFO - Original error line:     rw [Nat.prime_factorial_iff (by exact Nat.prime_five)]
2025-04-13 11:25:18 - INFO - Testing fix: Original errors: 6, Fixed errors: 6
2025-04-13 11:25:18 - INFO - Result: False (introduced 2 new errors)
2025-04-13 11:25:18 - DEBUG - === New errors detail ===
2025-04-13 11:25:18 - DEBUG - New Error 1: line 12, type: unknown_constant, message: unknown constant 'Nat.prime_factorial_iff'
2025-04-13 11:25:18 - DEBUG - New Error 2: line 12, type: rewrite_failed, message: tactic 'rewrite' failed, equality or iff proof expected
  ?m.2284
h200000 : 200000 = 2 ^ 6 * 5 ^ 5
h2_fact : 20!.factorization 2 = 18
⊢ 20!.factorization 5 = 4
2025-04-13 11:25:18 - INFO - Testing fragment: simp
2025-04-13 11:25:18 - INFO - Original error line:     rw [Nat.prime_factorial_iff (by exact Nat.prime_five)]
2025-04-13 11:25:20 - INFO - Testing fix: Original errors: 6, Fixed errors: 6
2025-04-13 11:25:20 - INFO - Result: False (introduced 2 new errors)
2025-04-13 11:25:20 - DEBUG - === New errors detail ===
2025-04-13 11:25:20 - DEBUG - New Error 1: line 12, type: unknown_constant, message: unknown constant 'Nat.prime_factorial_iff'
2025-04-13 11:25:20 - DEBUG - New Error 2: line 12, type: rewrite_failed, message: tactic 'rewrite' failed, equality or iff proof expected
  ?m.2284
h200000 : 200000 = 2 ^ 6 * 5 ^ 5
h2_fact : 20!.factorization 2 = 18
⊢ 20!.factorization 5 = 4
2025-04-13 11:25:20 - INFO - Testing fragment: field_simp
2025-04-13 11:25:20 - INFO - Original error line:     rw [Nat.prime_factorial_iff (by exact Nat.prime_five)]
2025-04-13 11:25:22 - INFO - Testing fix: Original errors: 6, Fixed errors: 6
2025-04-13 11:25:22 - INFO - Result: False (introduced 2 new errors)
2025-04-13 11:25:22 - DEBUG - === New errors detail ===
2025-04-13 11:25:22 - DEBUG - New Error 1: line 12, type: unknown_constant, message: unknown constant 'Nat.prime_factorial_iff'
2025-04-13 11:25:22 - DEBUG - New Error 2: line 12, type: rewrite_failed, message: tactic 'rewrite' failed, equality or iff proof expected
  ?m.2284
h200000 : 200000 = 2 ^ 6 * 5 ^ 5
h2_fact : 20!.factorization 2 = 18
⊢ 20!.factorization 5 = 4
2025-04-13 11:25:22 - INFO - Testing fragment: norm_num
2025-04-13 11:25:22 - INFO - Original error line:     rw [Nat.prime_factorial_iff (by exact Nat.prime_five)]
2025-04-13 11:25:24 - INFO - Testing fix: Original errors: 6, Fixed errors: 6
2025-04-13 11:25:24 - INFO - Result: False (introduced 2 new errors)
2025-04-13 11:25:24 - DEBUG - === New errors detail ===
2025-04-13 11:25:24 - DEBUG - New Error 1: line 12, type: unknown_constant, message: unknown constant 'Nat.prime_factorial_iff'
2025-04-13 11:25:24 - DEBUG - New Error 2: line 12, type: rewrite_failed, message: tactic 'rewrite' failed, equality or iff proof expected
  ?m.2284
h200000 : 200000 = 2 ^ 6 * 5 ^ 5
h2_fact : 20!.factorization 2 = 18
⊢ 20!.factorization 5 = 4
2025-04-13 11:25:24 - INFO - Testing fragment: ring
2025-04-13 11:25:24 - INFO - Original error line:     rw [Nat.prime_factorial_iff (by exact Nat.prime_five)]
2025-04-13 11:25:26 - INFO - Testing fix: Original errors: 6, Fixed errors: 6
2025-04-13 11:25:26 - INFO - Result: False (introduced 2 new errors)
2025-04-13 11:25:26 - DEBUG - === New errors detail ===
2025-04-13 11:25:26 - DEBUG - New Error 1: line 12, type: unknown_constant, message: unknown constant 'Nat.prime_factorial_iff'
2025-04-13 11:25:26 - DEBUG - New Error 2: line 12, type: rewrite_failed, message: tactic 'rewrite' failed, equality or iff proof expected
  ?m.2284
h200000 : 200000 = 2 ^ 6 * 5 ^ 5
h2_fact : 20!.factorization 2 = 18
⊢ 20!.factorization 5 = 4
2025-04-13 11:25:26 - INFO - Testing fragment: ring_nf
2025-04-13 11:25:26 - INFO - Original error line:     rw [Nat.prime_factorial_iff (by exact Nat.prime_five)]
2025-04-13 11:25:28 - INFO - Testing fix: Original errors: 6, Fixed errors: 6
2025-04-13 11:25:28 - INFO - Result: False (introduced 2 new errors)
2025-04-13 11:25:28 - DEBUG - === New errors detail ===
2025-04-13 11:25:28 - DEBUG - New Error 1: line 12, type: unknown_constant, message: unknown constant 'Nat.prime_factorial_iff'
2025-04-13 11:25:28 - DEBUG - New Error 2: line 12, type: rewrite_failed, message: tactic 'rewrite' failed, equality or iff proof expected
  ?m.2284
h200000 : 200000 = 2 ^ 6 * 5 ^ 5
h2_fact : 20!.factorization 2 = 18
⊢ 20!.factorization 5 = 4
2025-04-13 11:25:28 - INFO - Testing fragment: omega
2025-04-13 11:25:28 - INFO - Original error line:     rw [Nat.prime_factorial_iff (by exact Nat.prime_five)]
2025-04-13 11:25:30 - INFO - Testing fix: Original errors: 6, Fixed errors: 6
2025-04-13 11:25:30 - INFO - Result: False (introduced 2 new errors)
2025-04-13 11:25:30 - DEBUG - === New errors detail ===
2025-04-13 11:25:30 - DEBUG - New Error 1: line 12, type: unknown_constant, message: unknown constant 'Nat.prime_factorial_iff'
2025-04-13 11:25:30 - DEBUG - New Error 2: line 12, type: rewrite_failed, message: tactic 'rewrite' failed, equality or iff proof expected
  ?m.2284
h200000 : 200000 = 2 ^ 6 * 5 ^ 5
h2_fact : 20!.factorization 2 = 18
⊢ 20!.factorization 5 = 4
2025-04-13 11:25:30 - INFO - Testing fragment: linarith
2025-04-13 11:25:30 - INFO - Original error line:     rw [Nat.prime_factorial_iff (by exact Nat.prime_five)]
2025-04-13 11:25:32 - INFO - Testing fix: Original errors: 6, Fixed errors: 6
2025-04-13 11:25:32 - INFO - Result: False (introduced 2 new errors)
2025-04-13 11:25:32 - DEBUG - === New errors detail ===
2025-04-13 11:25:32 - DEBUG - New Error 1: line 12, type: unknown_constant, message: unknown constant 'Nat.prime_factorial_iff'
2025-04-13 11:25:32 - DEBUG - New Error 2: line 12, type: rewrite_failed, message: tactic 'rewrite' failed, equality or iff proof expected
  ?m.2284
h200000 : 200000 = 2 ^ 6 * 5 ^ 5
h2_fact : 20!.factorization 2 = 18
⊢ 20!.factorization 5 = 4
2025-04-13 11:25:32 - INFO - Testing fragment: nlinarith
2025-04-13 11:25:32 - INFO - Original error line:     rw [Nat.prime_factorial_iff (by exact Nat.prime_five)]
2025-04-13 11:25:34 - INFO - Testing fix: Original errors: 6, Fixed errors: 6
2025-04-13 11:25:34 - INFO - Result: False (introduced 2 new errors)
2025-04-13 11:25:34 - DEBUG - === New errors detail ===
2025-04-13 11:25:34 - DEBUG - New Error 1: line 12, type: unknown_constant, message: unknown constant 'Nat.prime_factorial_iff'
2025-04-13 11:25:34 - DEBUG - New Error 2: line 12, type: rewrite_failed, message: tactic 'rewrite' failed, equality or iff proof expected
  ?m.2284
h200000 : 200000 = 2 ^ 6 * 5 ^ 5
h2_fact : 20!.factorization 2 = 18
⊢ 20!.factorization 5 = 4
2025-04-13 11:25:34 - INFO - Failed attempt time: 22.04 seconds
2025-04-13 11:25:34 - INFO - ❌ Could not generate fix for error at line 12
2025-04-13 11:25:34 - INFO - 
Trying to fix error 4/6: line 12, type: rewrite_failed
2025-04-13 11:25:34 - INFO - Error message: tactic 'rewrite' failed, equality or iff proof expected
  ?m.2284
h200000 : 200000 = 2 ^ 6 * 5 ^ 5
h...
2025-04-13 11:25:34 - INFO - Removed header content, remaining 41 lines of code
2025-04-13 11:25:34 - INFO - Using specified target error line: 12
2025-04-13 11:25:35 - INFO - Found error at specified line: unknown constant 'Nat.prime_factorial_iff'
2025-04-13 11:25:36 - INFO - Error at line 12: unknown constant 'Nat.prime_factorial_iff'
2025-04-13 11:25:36 - INFO - 
==================================================
2025-04-13 11:25:36 - INFO - Code prepared, starting synthesis
2025-04-13 11:25:36 - INFO - Before part: /-- What is the greatest common factor of $20 !$ and $200,\!000$?  (Reminder: If $n$ is a positive integer, then $n!$ stands for the product $1\cdot 2\cdot 3\cdot \cdots \cdot (n-1)\cdot n$.) Show that it is 40,\!000.-/
theorem mathd_numbertheory_169 : Nat.gcd 20! 200000 = 40000 := by
  -- Compute the prime factorizations of 200000 and 20!
  have h200000 : 200000 = 2^6 * 5^5 := by norm_num
  -- The exponent of 2 in 20! is ∑_{k=1}^∞ floor(20 / 2^k) = 10 + 5 + 2 + 1 = 18
  have h2_fact : Nat.factorization (20 !) 2 = 18 := by
    rw [Nat.prime_factorial_iff two_prime]
    simp only [Nat.prime_two, Nat.cast_ofNat, Nat.factorial_eq_prod, Nat.prod_factorization_eq_prod_pow]
    norm_num
  -- The exponent of 5 in 20! is ∑_{k=1}^∞ floor(20 / 5^k) = 4 + 0 = 4
  have h5_fact : Nat.factorization (20 !) 5 = 4 := by
2025-04-13 11:25:36 - INFO - Error line:     rw [Nat.prime_factorial_iff (by exact Nat.prime_five)]
2025-04-13 11:25:36 - INFO - After part: simp only [Nat.prime_five, Nat.cast_ofNat, Nat.factorial_eq_prod, Nat.prod_factorization_eq_prod_pow]
    norm_num
  -- The gcd is the product of the minimum exponents for each prime
  -- For 2: min(18, 6) = 6
  -- For 5: min(4, 5) = 4
  -- Other primes have exponent 0 in 200000, so they don't contribute to the gcd
  rw [Nat.gcd_eq_of_factorization_le (a := 20!) (b := 200000)]
  -- Simplify the factorization expression
  simp only [h200000, Nat.factorization_pow, Nat.factorization_mul, Nat.factorization_of_prime Nat.prime_two,
    Nat.factorization_of_prime (by exact Nat.prime_five), h2_fact, h5_fact]
  -- The gcd's factorization is 2^6 * 5^4
  have hgcd : 40000 = 2^6 * 5^4 := by norm_num
  -- Apply the factorization to the gcd
  rw [hgcd, Nat.factorization_mul, Nat.factorization_pow, Nat.factorization_pow,
    Nat.factorization_of_prime Nat.prime_two, Nat.factorization_of_prime (by exact Nat.prime_five)]
  -- Simplify the exponents
  simp only [Nat.prime_two, Nat.prime_five, Nat.cast_ofNat, ite_true, Finsupp.coe_add, Pi.add_apply,
    Finsupp.coe_smul, Finsupp.coe_zero, Pi.zero_apply, Pi.smul_apply, smul_eq_mul, mul_one]
  -- The exponents for 2 and 5 match
  congr
  -- No other primes contribute to the gcd
  ext p
  simp only [Finsupp.coe_zero, Pi.zero_apply]
  -- Show that for primes other than 2 and 5, the exponent is 0
  by_cases hp : p = 2 ∨ p = 5
  · cases hp with
    | inl h => simp [h]
    | inr h => simp [h]
  · simp [hp]
2025-04-13 11:25:36 - INFO - ==================================================

2025-04-13 11:25:37 - INFO - Testing fragment: rw [justaplaceholder]
2025-04-13 11:25:37 - INFO - Original error line:     rw [Nat.prime_factorial_iff (by exact Nat.prime_five)]
2025-04-13 11:25:39 - INFO - Testing fix: Original errors: 6, Fixed errors: 6
2025-04-13 11:25:39 - INFO - Result: False (introduced 2 new errors)
2025-04-13 11:25:39 - DEBUG - === New errors detail ===
2025-04-13 11:25:39 - DEBUG - New Error 1: line 12, type: unknown_constant, message: unknown constant 'Nat.prime_factorial_iff'
2025-04-13 11:25:39 - DEBUG - New Error 2: line 12, type: rewrite_failed, message: tactic 'rewrite' failed, equality or iff proof expected
  ?m.2284
h200000 : 200000 = 2 ^ 6 * 5 ^ 5
h2_fact : 20!.factorization 2 = 18
⊢ 20!.factorization 5 = 4
2025-04-13 11:25:39 - INFO - Testing fragment: rw [<- justaplaceholder]
2025-04-13 11:25:39 - INFO - Original error line:     rw [Nat.prime_factorial_iff (by exact Nat.prime_five)]
2025-04-13 11:25:41 - INFO - Testing fix: Original errors: 6, Fixed errors: 6
2025-04-13 11:25:41 - INFO - Result: False (introduced 2 new errors)
2025-04-13 11:25:41 - DEBUG - === New errors detail ===
2025-04-13 11:25:41 - DEBUG - New Error 1: line 12, type: unknown_constant, message: unknown constant 'Nat.prime_factorial_iff'
2025-04-13 11:25:41 - DEBUG - New Error 2: line 12, type: rewrite_failed, message: tactic 'rewrite' failed, equality or iff proof expected
  ?m.2284
h200000 : 200000 = 2 ^ 6 * 5 ^ 5
h2_fact : 20!.factorization 2 = 18
⊢ 20!.factorization 5 = 4
2025-04-13 11:25:41 - INFO - Testing fragment: simp
2025-04-13 11:25:41 - INFO - Original error line:     rw [Nat.prime_factorial_iff (by exact Nat.prime_five)]
2025-04-13 11:25:43 - INFO - Testing fix: Original errors: 6, Fixed errors: 6
2025-04-13 11:25:43 - INFO - Result: False (introduced 2 new errors)
2025-04-13 11:25:43 - DEBUG - === New errors detail ===
2025-04-13 11:25:43 - DEBUG - New Error 1: line 12, type: unknown_constant, message: unknown constant 'Nat.prime_factorial_iff'
2025-04-13 11:25:43 - DEBUG - New Error 2: line 12, type: rewrite_failed, message: tactic 'rewrite' failed, equality or iff proof expected
  ?m.2284
h200000 : 200000 = 2 ^ 6 * 5 ^ 5
h2_fact : 20!.factorization 2 = 18
⊢ 20!.factorization 5 = 4
2025-04-13 11:25:43 - INFO - Testing fragment: field_simp
2025-04-13 11:25:43 - INFO - Original error line:     rw [Nat.prime_factorial_iff (by exact Nat.prime_five)]
2025-04-13 11:25:45 - INFO - Testing fix: Original errors: 6, Fixed errors: 6
2025-04-13 11:25:45 - INFO - Result: False (introduced 2 new errors)
2025-04-13 11:25:45 - DEBUG - === New errors detail ===
2025-04-13 11:25:45 - DEBUG - New Error 1: line 12, type: unknown_constant, message: unknown constant 'Nat.prime_factorial_iff'
2025-04-13 11:25:45 - DEBUG - New Error 2: line 12, type: rewrite_failed, message: tactic 'rewrite' failed, equality or iff proof expected
  ?m.2284
h200000 : 200000 = 2 ^ 6 * 5 ^ 5
h2_fact : 20!.factorization 2 = 18
⊢ 20!.factorization 5 = 4
2025-04-13 11:25:45 - INFO - Testing fragment: norm_num
2025-04-13 11:25:45 - INFO - Original error line:     rw [Nat.prime_factorial_iff (by exact Nat.prime_five)]
2025-04-13 11:25:47 - INFO - Testing fix: Original errors: 6, Fixed errors: 6
2025-04-13 11:25:47 - INFO - Result: False (introduced 2 new errors)
2025-04-13 11:25:47 - DEBUG - === New errors detail ===
2025-04-13 11:25:47 - DEBUG - New Error 1: line 12, type: unknown_constant, message: unknown constant 'Nat.prime_factorial_iff'
2025-04-13 11:25:47 - DEBUG - New Error 2: line 12, type: rewrite_failed, message: tactic 'rewrite' failed, equality or iff proof expected
  ?m.2284
h200000 : 200000 = 2 ^ 6 * 5 ^ 5
h2_fact : 20!.factorization 2 = 18
⊢ 20!.factorization 5 = 4
2025-04-13 11:25:47 - INFO - Testing fragment: ring
2025-04-13 11:25:47 - INFO - Original error line:     rw [Nat.prime_factorial_iff (by exact Nat.prime_five)]
2025-04-13 11:25:49 - INFO - Testing fix: Original errors: 6, Fixed errors: 6
2025-04-13 11:25:49 - INFO - Result: False (introduced 2 new errors)
2025-04-13 11:25:49 - DEBUG - === New errors detail ===
2025-04-13 11:25:49 - DEBUG - New Error 1: line 12, type: unknown_constant, message: unknown constant 'Nat.prime_factorial_iff'
2025-04-13 11:25:49 - DEBUG - New Error 2: line 12, type: rewrite_failed, message: tactic 'rewrite' failed, equality or iff proof expected
  ?m.2284
h200000 : 200000 = 2 ^ 6 * 5 ^ 5
h2_fact : 20!.factorization 2 = 18
⊢ 20!.factorization 5 = 4
2025-04-13 11:25:49 - INFO - Testing fragment: ring_nf
2025-04-13 11:25:49 - INFO - Original error line:     rw [Nat.prime_factorial_iff (by exact Nat.prime_five)]
2025-04-13 11:25:51 - INFO - Testing fix: Original errors: 6, Fixed errors: 6
2025-04-13 11:25:51 - INFO - Result: False (introduced 2 new errors)
2025-04-13 11:25:51 - DEBUG - === New errors detail ===
2025-04-13 11:25:51 - DEBUG - New Error 1: line 12, type: unknown_constant, message: unknown constant 'Nat.prime_factorial_iff'
2025-04-13 11:25:51 - DEBUG - New Error 2: line 12, type: rewrite_failed, message: tactic 'rewrite' failed, equality or iff proof expected
  ?m.2284
h200000 : 200000 = 2 ^ 6 * 5 ^ 5
h2_fact : 20!.factorization 2 = 18
⊢ 20!.factorization 5 = 4
2025-04-13 11:25:51 - INFO - Testing fragment: omega
2025-04-13 11:25:51 - INFO - Original error line:     rw [Nat.prime_factorial_iff (by exact Nat.prime_five)]
2025-04-13 11:25:53 - INFO - Testing fix: Original errors: 6, Fixed errors: 6
2025-04-13 11:25:53 - INFO - Result: False (introduced 2 new errors)
2025-04-13 11:25:53 - DEBUG - === New errors detail ===
2025-04-13 11:25:53 - DEBUG - New Error 1: line 12, type: unknown_constant, message: unknown constant 'Nat.prime_factorial_iff'
2025-04-13 11:25:53 - DEBUG - New Error 2: line 12, type: rewrite_failed, message: tactic 'rewrite' failed, equality or iff proof expected
  ?m.2284
h200000 : 200000 = 2 ^ 6 * 5 ^ 5
h2_fact : 20!.factorization 2 = 18
⊢ 20!.factorization 5 = 4
2025-04-13 11:25:53 - INFO - Testing fragment: linarith
2025-04-13 11:25:53 - INFO - Original error line:     rw [Nat.prime_factorial_iff (by exact Nat.prime_five)]
2025-04-13 11:25:55 - INFO - Testing fix: Original errors: 6, Fixed errors: 6
2025-04-13 11:25:55 - INFO - Result: False (introduced 2 new errors)
2025-04-13 11:25:55 - DEBUG - === New errors detail ===
2025-04-13 11:25:55 - DEBUG - New Error 1: line 12, type: unknown_constant, message: unknown constant 'Nat.prime_factorial_iff'
2025-04-13 11:25:55 - DEBUG - New Error 2: line 12, type: rewrite_failed, message: tactic 'rewrite' failed, equality or iff proof expected
  ?m.2284
h200000 : 200000 = 2 ^ 6 * 5 ^ 5
h2_fact : 20!.factorization 2 = 18
⊢ 20!.factorization 5 = 4
2025-04-13 11:25:55 - INFO - Testing fragment: nlinarith
2025-04-13 11:25:55 - INFO - Original error line:     rw [Nat.prime_factorial_iff (by exact Nat.prime_five)]
2025-04-13 11:25:57 - INFO - Testing fix: Original errors: 6, Fixed errors: 6
2025-04-13 11:25:57 - INFO - Result: False (introduced 2 new errors)
2025-04-13 11:25:57 - DEBUG - === New errors detail ===
2025-04-13 11:25:57 - DEBUG - New Error 1: line 12, type: unknown_constant, message: unknown constant 'Nat.prime_factorial_iff'
2025-04-13 11:25:57 - DEBUG - New Error 2: line 12, type: rewrite_failed, message: tactic 'rewrite' failed, equality or iff proof expected
  ?m.2284
h200000 : 200000 = 2 ^ 6 * 5 ^ 5
h2_fact : 20!.factorization 2 = 18
⊢ 20!.factorization 5 = 4
2025-04-13 11:25:57 - INFO - Failed attempt time: 22.04 seconds
2025-04-13 11:25:57 - INFO - ❌ Could not generate fix for error at line 12
2025-04-13 11:25:57 - INFO - 
Trying to fix error 5/6: line 19, type: unknown_constant
2025-04-13 11:25:57 - INFO - Error message: unknown constant 'Nat.gcd_eq_of_factorization_le'...
2025-04-13 11:25:57 - INFO - Removed header content, remaining 41 lines of code
2025-04-13 11:25:57 - INFO - Using specified target error line: 19
2025-04-13 11:25:58 - INFO - Found error at specified line: unknown constant 'Nat.gcd_eq_of_factorization_le'
2025-04-13 11:25:58 - INFO - Error at line 19: unknown constant 'Nat.gcd_eq_of_factorization_le'
2025-04-13 11:25:58 - INFO - 
==================================================
2025-04-13 11:25:58 - INFO - Code prepared, starting synthesis
2025-04-13 11:25:58 - INFO - Before part: /-- What is the greatest common factor of $20 !$ and $200,\!000$?  (Reminder: If $n$ is a positive integer, then $n!$ stands for the product $1\cdot 2\cdot 3\cdot \cdots \cdot (n-1)\cdot n$.) Show that it is 40,\!000.-/
theorem mathd_numbertheory_169 : Nat.gcd 20! 200000 = 40000 := by
  -- Compute the prime factorizations of 200000 and 20!
  have h200000 : 200000 = 2^6 * 5^5 := by norm_num
  -- The exponent of 2 in 20! is ∑_{k=1}^∞ floor(20 / 2^k) = 10 + 5 + 2 + 1 = 18
  have h2_fact : Nat.factorization (20 !) 2 = 18 := by
    rw [Nat.prime_factorial_iff two_prime]
    simp only [Nat.prime_two, Nat.cast_ofNat, Nat.factorial_eq_prod, Nat.prod_factorization_eq_prod_pow]
    norm_num
  -- The exponent of 5 in 20! is ∑_{k=1}^∞ floor(20 / 5^k) = 4 + 0 = 4
  have h5_fact : Nat.factorization (20 !) 5 = 4 := by
    rw [Nat.prime_factorial_iff (by exact Nat.prime_five)]
    simp only [Nat.prime_five, Nat.cast_ofNat, Nat.factorial_eq_prod, Nat.prod_factorization_eq_prod_pow]
    norm_num
  -- The gcd is the product of the minimum exponents for each prime
  -- For 2: min(18, 6) = 6
  -- For 5: min(4, 5) = 4
  -- Other primes have exponent 0 in 200000, so they don't contribute to the gcd
2025-04-13 11:25:58 - INFO - Error line:   rw [Nat.gcd_eq_of_factorization_le (a := 20!) (b := 200000)]
2025-04-13 11:25:58 - INFO - After part: -- Simplify the factorization expression
  simp only [h200000, Nat.factorization_pow, Nat.factorization_mul, Nat.factorization_of_prime Nat.prime_two,
    Nat.factorization_of_prime (by exact Nat.prime_five), h2_fact, h5_fact]
  -- The gcd's factorization is 2^6 * 5^4
  have hgcd : 40000 = 2^6 * 5^4 := by norm_num
  -- Apply the factorization to the gcd
  rw [hgcd, Nat.factorization_mul, Nat.factorization_pow, Nat.factorization_pow,
    Nat.factorization_of_prime Nat.prime_two, Nat.factorization_of_prime (by exact Nat.prime_five)]
  -- Simplify the exponents
  simp only [Nat.prime_two, Nat.prime_five, Nat.cast_ofNat, ite_true, Finsupp.coe_add, Pi.add_apply,
    Finsupp.coe_smul, Finsupp.coe_zero, Pi.zero_apply, Pi.smul_apply, smul_eq_mul, mul_one]
  -- The exponents for 2 and 5 match
  congr
  -- No other primes contribute to the gcd
  ext p
  simp only [Finsupp.coe_zero, Pi.zero_apply]
  -- Show that for primes other than 2 and 5, the exponent is 0
  by_cases hp : p = 2 ∨ p = 5
  · cases hp with
    | inl h => simp [h]
    | inr h => simp [h]
  · simp [hp]
2025-04-13 11:25:58 - INFO - ==================================================

2025-04-13 11:25:59 - INFO - Testing fragment: rw [justaplaceholder]
2025-04-13 11:25:59 - INFO - Original error line:   rw [Nat.gcd_eq_of_factorization_le (a := 20!) (b := 200000)]
2025-04-13 11:26:01 - INFO - Testing fix: Original errors: 6, Fixed errors: 6
2025-04-13 11:26:01 - INFO - Result: False (introduced 2 new errors)
2025-04-13 11:26:01 - DEBUG - === New errors detail ===
2025-04-13 11:26:01 - DEBUG - New Error 1: line 19, type: unknown_identifier, message: unknown identifier 'justaplaceholder'
2025-04-13 11:26:01 - DEBUG - New Error 2: line 19, type: rewrite_failed, message: tactic 'rewrite' failed, equality or iff proof expected
  ?m.2286
h200000 : 200000 = 2 ^ 6 * 5 ^ 5
h2_fact : 20!.factorization 2 = 18
h5_fact : 20!.factorization 5 = 4
⊢ 20!.gcd 200000 = 40000
2025-04-13 11:26:01 - INFO - Testing fragment: rw [<- justaplaceholder]
2025-04-13 11:26:01 - INFO - Original error line:   rw [Nat.gcd_eq_of_factorization_le (a := 20!) (b := 200000)]
2025-04-13 11:26:03 - INFO - Testing fix: Original errors: 6, Fixed errors: 6
2025-04-13 11:26:03 - INFO - Result: False (introduced 2 new errors)
2025-04-13 11:26:03 - DEBUG - === New errors detail ===
2025-04-13 11:26:03 - DEBUG - New Error 1: line 19, type: unknown_identifier, message: unknown identifier 'justaplaceholder'
2025-04-13 11:26:03 - DEBUG - New Error 2: line 19, type: rewrite_failed, message: tactic 'rewrite' failed, equality or iff proof expected
  ?m.2286
h200000 : 200000 = 2 ^ 6 * 5 ^ 5
h2_fact : 20!.factorization 2 = 18
h5_fact : 20!.factorization 5 = 4
⊢ 20!.gcd 200000 = 40000
2025-04-13 11:26:03 - INFO - Testing fragment: simp
2025-04-13 11:26:03 - INFO - Original error line:   rw [Nat.gcd_eq_of_factorization_le (a := 20!) (b := 200000)]
2025-04-13 11:26:05 - INFO - Testing fix: Original errors: 6, Fixed errors: 5
2025-04-13 11:26:05 - INFO - Result: False (introduced 1 new errors)
2025-04-13 11:26:05 - DEBUG - === New errors detail ===
2025-04-13 11:26:05 - DEBUG - New Error 1: line 19, type: simp_failed, message: simp made no progress
2025-04-13 11:26:05 - INFO - Testing fragment: field_simp
2025-04-13 11:26:05 - INFO - Original error line:   rw [Nat.gcd_eq_of_factorization_le (a := 20!) (b := 200000)]
2025-04-13 11:26:07 - INFO - Testing fix: Original errors: 6, Fixed errors: 5
2025-04-13 11:26:07 - INFO - Result: False (introduced 1 new errors)
2025-04-13 11:26:07 - DEBUG - === New errors detail ===
2025-04-13 11:26:07 - DEBUG - New Error 1: line 19, type: simp_failed, message: simp made no progress
2025-04-13 11:26:07 - INFO - Testing fragment: norm_num
2025-04-13 11:26:07 - INFO - Original error line:   rw [Nat.gcd_eq_of_factorization_le (a := 20!) (b := 200000)]
2025-04-13 11:26:09 - INFO - Testing fix: Original errors: 6, Fixed errors: 7
2025-04-13 11:26:09 - INFO - Result: False (introduced 3 new errors)
2025-04-13 11:26:09 - DEBUG - === New errors detail ===
2025-04-13 11:26:09 - DEBUG - New Error 1: line 21, type: unknown_constant, message: unknown constant 'Nat.factorization_of_prime'
2025-04-13 11:26:09 - DEBUG - New Error 2: line 22, type: unknown_constant, message: unknown constant 'Nat.factorization_of_prime'
2025-04-13 11:26:09 - DEBUG - New Error 3: line 26, type: rewrite_failed, message: tactic 'rewrite' failed, did not find instance of the pattern in the target expression
  (?m.4450 * ?m.4451).factorization
h200000 : 200000 = 2 ^ 6 * 5 ^ 5
h2_fact : 20!.factorization 2 = 18
h5_fact : 20!.factorization 5 = 4
hgcd : 40000 = 2 ^ 6 * 5 ^ 4
⊢ 20!.gcd (2 ^ 6 * 5 ^ 5) = 2 ^ 6 * 5 ^ 4
2025-04-13 11:26:09 - INFO - Testing fragment: ring
2025-04-13 11:26:09 - INFO - Original error line:   rw [Nat.gcd_eq_of_factorization_le (a := 20!) (b := 200000)]
2025-04-13 11:26:11 - INFO - Testing fix: Original errors: 6, Fixed errors: 8
2025-04-13 11:26:11 - INFO - Result: False (introduced 4 new errors)
2025-04-13 11:26:11 - DEBUG - === New errors detail ===
2025-04-13 11:26:11 - DEBUG - New Error 1: line 19, type: ring_failed, message: Try this: ring_nf
2025-04-13 11:26:11 - DEBUG - New Error 2: line 21, type: unknown_constant, message: unknown constant 'Nat.factorization_of_prime'
2025-04-13 11:26:11 - DEBUG - New Error 3: line 22, type: unknown_constant, message: unknown constant 'Nat.factorization_of_prime'
2025-04-13 11:26:11 - DEBUG - New Error 4: line 26, type: rewrite_failed, message: tactic 'rewrite' failed, did not find instance of the pattern in the target expression
  (?m.5752 * ?m.5753).factorization
h200000 : 200000 = 2 ^ 6 * 5 ^ 5
h2_fact : 20!.factorization 2 = 18
h5_fact : 20!.factorization 5 = 4
hgcd : 40000 = 2 ^ 6 * 5 ^ 4
⊢ 20!.gcd (2 ^ 6 * 5 ^ 5) = 2 ^ 6 * 5 ^ 4
2025-04-13 11:26:11 - INFO - Testing fragment: ring_nf
2025-04-13 11:26:11 - INFO - Original error line:   rw [Nat.gcd_eq_of_factorization_le (a := 20!) (b := 200000)]
2025-04-13 11:26:13 - INFO - Testing fix: Original errors: 6, Fixed errors: 7
2025-04-13 11:26:13 - INFO - Result: False (introduced 3 new errors)
2025-04-13 11:26:13 - DEBUG - === New errors detail ===
2025-04-13 11:26:13 - DEBUG - New Error 1: line 21, type: unknown_constant, message: unknown constant 'Nat.factorization_of_prime'
2025-04-13 11:26:13 - DEBUG - New Error 2: line 22, type: unknown_constant, message: unknown constant 'Nat.factorization_of_prime'
2025-04-13 11:26:13 - DEBUG - New Error 3: line 26, type: rewrite_failed, message: tactic 'rewrite' failed, did not find instance of the pattern in the target expression
  (?m.5485 * ?m.5486).factorization
h200000 : 200000 = 2 ^ 6 * 5 ^ 5
h2_fact : 20!.factorization 2 = 18
h5_fact : 20!.factorization 5 = 4
hgcd : 40000 = 2 ^ 6 * 5 ^ 4
⊢ 20!.gcd (2 ^ 6 * 5 ^ 5) = 2 ^ 6 * 5 ^ 4
2025-04-13 11:26:13 - INFO - Testing fragment: omega
2025-04-13 11:26:13 - INFO - Original error line:   rw [Nat.gcd_eq_of_factorization_le (a := 20!) (b := 200000)]
2025-04-13 11:26:15 - INFO - Testing fix: Original errors: 6, Fixed errors: 5
2025-04-13 11:26:15 - INFO - Result: False (introduced 1 new errors)
2025-04-13 11:26:15 - DEBUG - === New errors detail ===
2025-04-13 11:26:15 - DEBUG - New Error 1: line 19, type: other_error, message: omega could not prove the goal:
a possible counterexample may satisfy the constraints
  0 ≤ a ≤ 39999
where
 a := ↑(20!.gcd 200000)
2025-04-13 11:26:15 - INFO - Testing fragment: linarith
2025-04-13 11:26:15 - INFO - Original error line:   rw [Nat.gcd_eq_of_factorization_le (a := 20!) (b := 200000)]
2025-04-13 11:26:17 - INFO - Testing fix: Original errors: 6, Fixed errors: 5
2025-04-13 11:26:17 - INFO - Result: False (introduced 1 new errors)
2025-04-13 11:26:17 - DEBUG - === New errors detail ===
2025-04-13 11:26:17 - DEBUG - New Error 1: line 19, type: linarith_failed, message: linarith failed to find a contradiction
case h1.h
h200000 : 200000 = 2 ^ 6 * 5 ^ 5
h2_fact : 20!.factorization 2 = 18
h5_fact : 20!.factorization 5 = 4
a✝ : 20!.gcd 200000 < 40000
⊢ False
failed
2025-04-13 11:26:17 - INFO - Testing fragment: nlinarith
2025-04-13 11:26:17 - INFO - Original error line:   rw [Nat.gcd_eq_of_factorization_le (a := 20!) (b := 200000)]
2025-04-13 11:26:19 - INFO - Testing fix: Original errors: 6, Fixed errors: 5
2025-04-13 11:26:19 - INFO - Result: False (introduced 1 new errors)
2025-04-13 11:26:19 - DEBUG - === New errors detail ===
2025-04-13 11:26:19 - DEBUG - New Error 1: line 19, type: linarith_failed, message: linarith failed to find a contradiction
case h1.h
h200000 : 200000 = 2 ^ 6 * 5 ^ 5
h2_fact : 20!.factorization 2 = 18
h5_fact : 20!.factorization 5 = 4
a✝ : 20!.gcd 200000 < 40000
⊢ False
failed
2025-04-13 11:26:19 - INFO - Failed attempt time: 22.03 seconds
2025-04-13 11:26:19 - INFO - ❌ Could not generate fix for error at line 19
2025-04-13 11:26:19 - INFO - 
Trying to fix error 6/6: line 19, type: rewrite_failed
2025-04-13 11:26:19 - INFO - Error message: tactic 'rewrite' failed, equality or iff proof expected
  ?m.2286
h200000 : 200000 = 2 ^ 6 * 5 ^ 5
h...
2025-04-13 11:26:19 - INFO - Removed header content, remaining 41 lines of code
2025-04-13 11:26:19 - INFO - Using specified target error line: 19
2025-04-13 11:26:20 - INFO - Found error at specified line: unknown constant 'Nat.gcd_eq_of_factorization_le'
2025-04-13 11:26:20 - INFO - Error at line 19: unknown constant 'Nat.gcd_eq_of_factorization_le'
2025-04-13 11:26:20 - INFO - 
==================================================
2025-04-13 11:26:20 - INFO - Code prepared, starting synthesis
2025-04-13 11:26:20 - INFO - Before part: /-- What is the greatest common factor of $20 !$ and $200,\!000$?  (Reminder: If $n$ is a positive integer, then $n!$ stands for the product $1\cdot 2\cdot 3\cdot \cdots \cdot (n-1)\cdot n$.) Show that it is 40,\!000.-/
theorem mathd_numbertheory_169 : Nat.gcd 20! 200000 = 40000 := by
  -- Compute the prime factorizations of 200000 and 20!
  have h200000 : 200000 = 2^6 * 5^5 := by norm_num
  -- The exponent of 2 in 20! is ∑_{k=1}^∞ floor(20 / 2^k) = 10 + 5 + 2 + 1 = 18
  have h2_fact : Nat.factorization (20 !) 2 = 18 := by
    rw [Nat.prime_factorial_iff two_prime]
    simp only [Nat.prime_two, Nat.cast_ofNat, Nat.factorial_eq_prod, Nat.prod_factorization_eq_prod_pow]
    norm_num
  -- The exponent of 5 in 20! is ∑_{k=1}^∞ floor(20 / 5^k) = 4 + 0 = 4
  have h5_fact : Nat.factorization (20 !) 5 = 4 := by
    rw [Nat.prime_factorial_iff (by exact Nat.prime_five)]
    simp only [Nat.prime_five, Nat.cast_ofNat, Nat.factorial_eq_prod, Nat.prod_factorization_eq_prod_pow]
    norm_num
  -- The gcd is the product of the minimum exponents for each prime
  -- For 2: min(18, 6) = 6
  -- For 5: min(4, 5) = 4
  -- Other primes have exponent 0 in 200000, so they don't contribute to the gcd
2025-04-13 11:26:20 - INFO - Error line:   rw [Nat.gcd_eq_of_factorization_le (a := 20!) (b := 200000)]
2025-04-13 11:26:20 - INFO - After part: -- Simplify the factorization expression
  simp only [h200000, Nat.factorization_pow, Nat.factorization_mul, Nat.factorization_of_prime Nat.prime_two,
    Nat.factorization_of_prime (by exact Nat.prime_five), h2_fact, h5_fact]
  -- The gcd's factorization is 2^6 * 5^4
  have hgcd : 40000 = 2^6 * 5^4 := by norm_num
  -- Apply the factorization to the gcd
  rw [hgcd, Nat.factorization_mul, Nat.factorization_pow, Nat.factorization_pow,
    Nat.factorization_of_prime Nat.prime_two, Nat.factorization_of_prime (by exact Nat.prime_five)]
  -- Simplify the exponents
  simp only [Nat.prime_two, Nat.prime_five, Nat.cast_ofNat, ite_true, Finsupp.coe_add, Pi.add_apply,
    Finsupp.coe_smul, Finsupp.coe_zero, Pi.zero_apply, Pi.smul_apply, smul_eq_mul, mul_one]
  -- The exponents for 2 and 5 match
  congr
  -- No other primes contribute to the gcd
  ext p
  simp only [Finsupp.coe_zero, Pi.zero_apply]
  -- Show that for primes other than 2 and 5, the exponent is 0
  by_cases hp : p = 2 ∨ p = 5
  · cases hp with
    | inl h => simp [h]
    | inr h => simp [h]
  · simp [hp]
2025-04-13 11:26:20 - INFO - ==================================================

2025-04-13 11:26:21 - INFO - Testing fragment: rw [justaplaceholder]
2025-04-13 11:26:21 - INFO - Original error line:   rw [Nat.gcd_eq_of_factorization_le (a := 20!) (b := 200000)]
2025-04-13 11:26:23 - INFO - Testing fix: Original errors: 6, Fixed errors: 6
2025-04-13 11:26:23 - INFO - Result: False (introduced 2 new errors)
2025-04-13 11:26:23 - DEBUG - === New errors detail ===
2025-04-13 11:26:23 - DEBUG - New Error 1: line 19, type: unknown_identifier, message: unknown identifier 'justaplaceholder'
2025-04-13 11:26:23 - DEBUG - New Error 2: line 19, type: rewrite_failed, message: tactic 'rewrite' failed, equality or iff proof expected
  ?m.2286
h200000 : 200000 = 2 ^ 6 * 5 ^ 5
h2_fact : 20!.factorization 2 = 18
h5_fact : 20!.factorization 5 = 4
⊢ 20!.gcd 200000 = 40000
2025-04-13 11:26:23 - INFO - Testing fragment: rw [<- justaplaceholder]
2025-04-13 11:26:23 - INFO - Original error line:   rw [Nat.gcd_eq_of_factorization_le (a := 20!) (b := 200000)]
2025-04-13 11:26:25 - INFO - Testing fix: Original errors: 6, Fixed errors: 6
2025-04-13 11:26:25 - INFO - Result: False (introduced 2 new errors)
2025-04-13 11:26:25 - DEBUG - === New errors detail ===
2025-04-13 11:26:25 - DEBUG - New Error 1: line 19, type: unknown_identifier, message: unknown identifier 'justaplaceholder'
2025-04-13 11:26:25 - DEBUG - New Error 2: line 19, type: rewrite_failed, message: tactic 'rewrite' failed, equality or iff proof expected
  ?m.2286
h200000 : 200000 = 2 ^ 6 * 5 ^ 5
h2_fact : 20!.factorization 2 = 18
h5_fact : 20!.factorization 5 = 4
⊢ 20!.gcd 200000 = 40000
2025-04-13 11:26:25 - INFO - Testing fragment: simp
2025-04-13 11:26:25 - INFO - Original error line:   rw [Nat.gcd_eq_of_factorization_le (a := 20!) (b := 200000)]
2025-04-13 11:26:27 - INFO - Testing fix: Original errors: 6, Fixed errors: 5
2025-04-13 11:26:27 - INFO - Result: False (introduced 1 new errors)
2025-04-13 11:26:27 - DEBUG - === New errors detail ===
2025-04-13 11:26:27 - DEBUG - New Error 1: line 19, type: simp_failed, message: simp made no progress
2025-04-13 11:26:27 - INFO - Testing fragment: field_simp
2025-04-13 11:26:27 - INFO - Original error line:   rw [Nat.gcd_eq_of_factorization_le (a := 20!) (b := 200000)]
2025-04-13 11:26:29 - INFO - Testing fix: Original errors: 6, Fixed errors: 5
2025-04-13 11:26:29 - INFO - Result: False (introduced 1 new errors)
2025-04-13 11:26:29 - DEBUG - === New errors detail ===
2025-04-13 11:26:29 - DEBUG - New Error 1: line 19, type: simp_failed, message: simp made no progress
2025-04-13 11:26:29 - INFO - Testing fragment: norm_num
2025-04-13 11:26:29 - INFO - Original error line:   rw [Nat.gcd_eq_of_factorization_le (a := 20!) (b := 200000)]
2025-04-13 11:26:31 - INFO - Testing fix: Original errors: 6, Fixed errors: 7
2025-04-13 11:26:31 - INFO - Result: False (introduced 3 new errors)
2025-04-13 11:26:31 - DEBUG - === New errors detail ===
2025-04-13 11:26:31 - DEBUG - New Error 1: line 21, type: unknown_constant, message: unknown constant 'Nat.factorization_of_prime'
2025-04-13 11:26:31 - DEBUG - New Error 2: line 22, type: unknown_constant, message: unknown constant 'Nat.factorization_of_prime'
2025-04-13 11:26:31 - DEBUG - New Error 3: line 26, type: rewrite_failed, message: tactic 'rewrite' failed, did not find instance of the pattern in the target expression
  (?m.4450 * ?m.4451).factorization
h200000 : 200000 = 2 ^ 6 * 5 ^ 5
h2_fact : 20!.factorization 2 = 18
h5_fact : 20!.factorization 5 = 4
hgcd : 40000 = 2 ^ 6 * 5 ^ 4
⊢ 20!.gcd (2 ^ 6 * 5 ^ 5) = 2 ^ 6 * 5 ^ 4
2025-04-13 11:26:31 - INFO - Testing fragment: ring
2025-04-13 11:26:31 - INFO - Original error line:   rw [Nat.gcd_eq_of_factorization_le (a := 20!) (b := 200000)]
2025-04-13 11:26:33 - INFO - Testing fix: Original errors: 6, Fixed errors: 8
2025-04-13 11:26:33 - INFO - Result: False (introduced 4 new errors)
2025-04-13 11:26:33 - DEBUG - === New errors detail ===
2025-04-13 11:26:33 - DEBUG - New Error 1: line 19, type: ring_failed, message: Try this: ring_nf
2025-04-13 11:26:33 - DEBUG - New Error 2: line 21, type: unknown_constant, message: unknown constant 'Nat.factorization_of_prime'
2025-04-13 11:26:33 - DEBUG - New Error 3: line 22, type: unknown_constant, message: unknown constant 'Nat.factorization_of_prime'
2025-04-13 11:26:33 - DEBUG - New Error 4: line 26, type: rewrite_failed, message: tactic 'rewrite' failed, did not find instance of the pattern in the target expression
  (?m.5752 * ?m.5753).factorization
h200000 : 200000 = 2 ^ 6 * 5 ^ 5
h2_fact : 20!.factorization 2 = 18
h5_fact : 20!.factorization 5 = 4
hgcd : 40000 = 2 ^ 6 * 5 ^ 4
⊢ 20!.gcd (2 ^ 6 * 5 ^ 5) = 2 ^ 6 * 5 ^ 4
2025-04-13 11:26:33 - INFO - Testing fragment: ring_nf
2025-04-13 11:26:33 - INFO - Original error line:   rw [Nat.gcd_eq_of_factorization_le (a := 20!) (b := 200000)]
2025-04-13 11:26:35 - INFO - Testing fix: Original errors: 6, Fixed errors: 7
2025-04-13 11:26:35 - INFO - Result: False (introduced 3 new errors)
2025-04-13 11:26:35 - DEBUG - === New errors detail ===
2025-04-13 11:26:35 - DEBUG - New Error 1: line 21, type: unknown_constant, message: unknown constant 'Nat.factorization_of_prime'
2025-04-13 11:26:35 - DEBUG - New Error 2: line 22, type: unknown_constant, message: unknown constant 'Nat.factorization_of_prime'
2025-04-13 11:26:35 - DEBUG - New Error 3: line 26, type: rewrite_failed, message: tactic 'rewrite' failed, did not find instance of the pattern in the target expression
  (?m.5485 * ?m.5486).factorization
h200000 : 200000 = 2 ^ 6 * 5 ^ 5
h2_fact : 20!.factorization 2 = 18
h5_fact : 20!.factorization 5 = 4
hgcd : 40000 = 2 ^ 6 * 5 ^ 4
⊢ 20!.gcd (2 ^ 6 * 5 ^ 5) = 2 ^ 6 * 5 ^ 4
2025-04-13 11:26:35 - INFO - Testing fragment: omega
2025-04-13 11:26:35 - INFO - Original error line:   rw [Nat.gcd_eq_of_factorization_le (a := 20!) (b := 200000)]
2025-04-13 11:26:37 - INFO - Testing fix: Original errors: 6, Fixed errors: 5
2025-04-13 11:26:37 - INFO - Result: False (introduced 1 new errors)
2025-04-13 11:26:37 - DEBUG - === New errors detail ===
2025-04-13 11:26:37 - DEBUG - New Error 1: line 19, type: other_error, message: omega could not prove the goal:
a possible counterexample may satisfy the constraints
  0 ≤ a ≤ 39999
where
 a := ↑(20!.gcd 200000)
2025-04-13 11:26:37 - INFO - Testing fragment: linarith
2025-04-13 11:26:37 - INFO - Original error line:   rw [Nat.gcd_eq_of_factorization_le (a := 20!) (b := 200000)]
2025-04-13 11:26:39 - INFO - Testing fix: Original errors: 6, Fixed errors: 5
2025-04-13 11:26:39 - INFO - Result: False (introduced 1 new errors)
2025-04-13 11:26:39 - DEBUG - === New errors detail ===
2025-04-13 11:26:39 - DEBUG - New Error 1: line 19, type: linarith_failed, message: linarith failed to find a contradiction
case h1.h
h200000 : 200000 = 2 ^ 6 * 5 ^ 5
h2_fact : 20!.factorization 2 = 18
h5_fact : 20!.factorization 5 = 4
a✝ : 20!.gcd 200000 < 40000
⊢ False
failed
2025-04-13 11:26:39 - INFO - Testing fragment: nlinarith
2025-04-13 11:26:39 - INFO - Original error line:   rw [Nat.gcd_eq_of_factorization_le (a := 20!) (b := 200000)]
2025-04-13 11:26:41 - INFO - Testing fix: Original errors: 6, Fixed errors: 5
2025-04-13 11:26:41 - INFO - Result: False (introduced 1 new errors)
2025-04-13 11:26:41 - DEBUG - === New errors detail ===
2025-04-13 11:26:41 - DEBUG - New Error 1: line 19, type: linarith_failed, message: linarith failed to find a contradiction
case h1.h
h200000 : 200000 = 2 ^ 6 * 5 ^ 5
h2_fact : 20!.factorization 2 = 18
h5_fact : 20!.factorization 5 = 4
a✝ : 20!.gcd 200000 < 40000
⊢ False
failed
2025-04-13 11:26:41 - INFO - Failed attempt time: 22.04 seconds
2025-04-13 11:26:41 - INFO - ❌ Could not generate fix for error at line 19
2025-04-13 11:26:42 - INFO - 
===== Fix attempt completed =====
2025-04-13 11:26:42 - INFO - Original errors: 6
2025-04-13 11:26:42 - INFO - Fixed errors: 0
2025-04-13 11:26:42 - INFO - Failed errors: 6
2025-04-13 11:26:42 - INFO - Remaining errors: 6
2025-04-13 11:26:42 - INFO - Total time: 134.23 seconds
2025-04-13 11:26:42 - INFO - 
Final fixed code:
2025-04-13 11:26:42 - INFO - ----------------------------------------
2025-04-13 11:26:42 - INFO - /-- What is the greatest common factor of $20 !$ and $200,\!000$?  (Reminder: If $n$ is a positive integer, then $n!$ stands for the product $1\cdot 2\cdot 3\cdot \cdots \cdot (n-1)\cdot n$.) Show that it is 40,\!000.-/
theorem mathd_numbertheory_169 : Nat.gcd 20! 200000 = 40000 := by
  -- Compute the prime factorizations of 200000 and 20!
  have h200000 : 200000 = 2^6 * 5^5 := by norm_num
  -- The exponent of 2 in 20! is ∑_{k=1}^∞ floor(20 / 2^k) = 10 + 5 + 2 + 1 = 18
  have h2_fact : Nat.factorization (20 !) 2 = 18 := by
    rw [Nat.prime_factorial_iff two_prime]
    simp only [Nat.prime_two, Nat.cast_ofNat, Nat.factorial_eq_prod, Nat.prod_factorization_eq_prod_pow]
    norm_num
  -- The exponent of 5 in 20! is ∑_{k=1}^∞ floor(20 / 5^k) = 4 + 0 = 4
  have h5_fact : Nat.factorization (20 !) 5 = 4 := by
    rw [Nat.prime_factorial_iff (by exact Nat.prime_five)]
    simp only [Nat.prime_five, Nat.cast_ofNat, Nat.factorial_eq_prod, Nat.prod_factorization_eq_prod_pow]
    norm_num
  -- The gcd is the product of the minimum exponents for each prime
  -- For 2: min(18, 6) = 6
  -- For 5: min(4, 5) = 4
  -- Other primes have exponent 0 in 200000, so they don't contribute to the gcd
  rw [Nat.gcd_eq_of_factorization_le (a := 20!) (b := 200000)]
  -- Simplify the factorization expression
  simp only [h200000, Nat.factorization_pow, Nat.factorization_mul, Nat.factorization_of_prime Nat.prime_two,
    Nat.factorization_of_prime (by exact Nat.prime_five), h2_fact, h5_fact]
  -- The gcd's factorization is 2^6 * 5^4
  have hgcd : 40000 = 2^6 * 5^4 := by norm_num
  -- Apply the factorization to the gcd
  rw [hgcd, Nat.factorization_mul, Nat.factorization_pow, Nat.factorization_pow,
    Nat.factorization_of_prime Nat.prime_two, Nat.factorization_of_prime (by exact Nat.prime_five)]
  -- Simplify the exponents
  simp only [Nat.prime_two, Nat.prime_five, Nat.cast_ofNat, ite_true, Finsupp.coe_add, Pi.add_apply,
    Finsupp.coe_smul, Finsupp.coe_zero, Pi.zero_apply, Pi.smul_apply, smul_eq_mul, mul_one]
  -- The exponents for 2 and 5 match
  congr
  -- No other primes contribute to the gcd
  ext p
  simp only [Finsupp.coe_zero, Pi.zero_apply]
  -- Show that for primes other than 2 and 5, the exponent is 0
  by_cases hp : p = 2 ∨ p = 5
  · cases hp with
    | inl h => simp [h]
    | inr h => simp [h]
  · simp [hp]
2025-04-13 11:26:42 - INFO - ----------------------------------------
2025-04-13 11:26:42 - INFO - 
Detailed error repair report:
2025-04-13 11:26:42 - INFO - Original code error count: 6
❌ Fixed error 1/6: Could not generate fix for error at line 7 «unknown_constant» (after 22.04s)
❌ Fixed error 2/6: Could not generate fix for error at line 7 «rewrite_failed» (after 22.04s)
❌ Fixed error 3/6: Could not generate fix for error at line 12 «unknown_constant» (after 22.04s)
❌ Fixed error 4/6: Could not generate fix for error at line 12 «rewrite_failed» (after 22.04s)
❌ Fixed error 5/6: Could not generate fix for error at line 19 «unknown_constant» (after 22.03s)
❌ Fixed error 6/6: Could not generate fix for error at line 19 «rewrite_failed» (after 22.04s)

=== Fix statistics ===
Original error count: 6
Fixed errors: 0 (Fix rate: 0.0000)
Failed errors: 6
Remaining errors: 6
Total time: 134.23 seconds

=== Failed fix details ===

Failed fix 1:
   Line: 7
   Error type: unknown_constant
   Original error message: unknown constant 'Nat.prime_factorial_iff'...
   Failure reason: Could not generate fix
   Time: 22.04 seconds

Failed fix 2:
   Line: 7
   Error type: rewrite_failed
   Original error message: tactic 'rewrite' failed, equality or iff proof expected
  ?m.2227
h200000 : 200000 = 2 ^ 6 * 5 ^ 5
⊢...
   Failure reason: Could not generate fix
   Time: 22.04 seconds

Failed fix 3:
   Line: 12
   Error type: unknown_constant
   Original error message: unknown constant 'Nat.prime_factorial_iff'...
   Failure reason: Could not generate fix
   Time: 22.04 seconds

Failed fix 4:
   Line: 12
   Error type: rewrite_failed
   Original error message: tactic 'rewrite' failed, equality or iff proof expected
  ?m.2284
h200000 : 200000 = 2 ^ 6 * 5 ^ 5
h...
   Failure reason: Could not generate fix
   Time: 22.04 seconds

Failed fix 5:
   Line: 19
   Error type: unknown_constant
   Original error message: unknown constant 'Nat.gcd_eq_of_factorization_le'...
   Failure reason: Could not generate fix
   Time: 22.03 seconds

Failed fix 6:
   Line: 19
   Error type: rewrite_failed
   Original error message: tactic 'rewrite' failed, equality or iff proof expected
  ?m.2286
h200000 : 200000 = 2 ^ 6 * 5 ^ 5
h...
   Failure reason: Could not generate fix
   Time: 22.04 seconds
2025-04-13 11:26:42 - INFO - 
Fixed code saved to: /data/coding/minif2f/lean_fixed/9_fixed.lean
2025-04-13 11:26:42 - INFO - JSON log saved to: /data/coding/minif2f/lean_fixed/9_fix_log.json
2025-04-13 11:26:42 - INFO - 
===== LOG FILE LOCATION =====
2025-04-13 11:26:42 - INFO - Detailed log file is available at: /data/coding/minif2f/lean_fixed/9.log
2025-04-13 11:26:42 - INFO - ===============================
