2025-04-13 11:11:30 - INFO - Log file initialized at 2025-04-13T11:11:30.591459
2025-04-13 11:11:30 - INFO - ===== LOG FILE LOCATION =====
2025-04-13 11:11:30 - INFO - Detailed log file created at: ./minif2f/lean_fixed/91.log
2025-04-13 11:11:30 - INFO - ===============================
2025-04-13 11:11:30 - INFO - Original code:
2025-04-13 11:11:30 - INFO - ----------------------------------------
2025-04-13 11:11:30 - INFO - import Mathlib
import Aesop

set_option maxHeartbeats 0

open BigOperators Real Nat Topology Rat

/-- If $x$ and $y$ are positive integers for which $2^x3^y=1296$, what is the value of $x+y$?

$(\mathrm {A})\ 8 \qquad (\mathrm {B})\ 9 \qquad (\mathrm {C})\ 10 \qquad (\mathrm {D})\ 11 \qquad (\mathrm {E})\ 12$ Show that it is 8.-/
theorem amc12b_2004_p3 (x y : ℕ) (h₀ : 2 ^ x * 3 ^ y = 1296) : x + y = 8 := by
  -- First, we factorize 1296 to understand its prime components
  have h1296 : 1296 = 6^4 := by norm_num
  -- Expand 6^4 to (2*3)^4 to make the prime factors visible
  have h_expand : 6^4 = (2*3)^4 := by rfl
  -- Use the property of exponents to distribute the exponent over multiplication
  have h_distrib : (2*3)^4 = 2^4 * 3^4 := by exact mul_pow 2 3 4
  -- Now we can rewrite the original equation using these facts
  rw [h₀, h1296, h_expand, h_distrib] at h₀
  -- After substitution, we have: 2^x * 3^y = 2^4 * 3^4
  -- Since prime factorizations are unique, we can equate exponents
  have h2 : x = 4 := by
    -- The exponent of 2 on both sides must be equal
    -- We can use the injectivity of the exponential function (base 2)
    apply pow_injective (by norm_num) (by norm_num)
    -- Cancel out the 3^y and 3^4 terms by dividing both sides by 3^4
    have h_aux := congr_arg (fun n => n / (3^4)) h₀
    simp [mul_div_assoc, div_self (pow_ne_zero 4 (by norm_num))] at h_aux
    exact h_aux
  have h3 : y = 4 := by
    -- Similarly, the exponent of 3 on both sides must be equal
    apply pow_injective (by norm_num) (by norm_num)
    -- Cancel out the 2^x and 2^4 terms by dividing both sides by 2^4
    have h_aux := congr_arg (fun n => n / (2^4)) h₀
    simp [mul_div_right_comm, div_self (pow_ne_zero 4 (by norm_num))] at h_aux
    exact h_aux
  -- Now that we have x = 4 and y = 4, we can compute x + y
  rw [h2, h3]
  -- 4 + 4 = 8, which is option A
  norm_num
2025-04-13 11:11:30 - INFO - ----------------------------------------
2025-04-13 11:11:30 - INFO - 
Checking original code for all errors...
2025-04-13 11:11:36 - INFO - Original code contains 3 errors:
2025-04-13 11:11:36 - INFO - Error 1: line 18, type: unknown_identifier, message: unknown identifier 'pow_injective'...
2025-04-13 11:11:36 - INFO - Error 2: line 25, type: unknown_identifier, message: unknown identifier 'pow_injective'...
2025-04-13 11:11:36 - INFO - Error 3: line 33, type: no_goals_to_solve, message: no goals to be solved...
2025-04-13 11:11:36 - INFO - 
Starting multi-error continuous repair process...
2025-04-13 11:11:36 - INFO - 
===== Starting to fix all errors =====
2025-04-13 11:11:37 - INFO - 
Found 3 original errors:
2025-04-13 11:11:37 - INFO - Error 1: line 18, type: unknown_identifier, message: unknown identifier 'pow_injective'...
2025-04-13 11:11:37 - INFO - Error 2: line 25, type: unknown_identifier, message: unknown identifier 'pow_injective'...
2025-04-13 11:11:37 - INFO - Error 3: line 33, type: no_goals_to_solve, message: no goals to be solved...
2025-04-13 11:11:37 - INFO - 
Trying to fix error 1/3: line 18, type: unknown_identifier
2025-04-13 11:11:37 - INFO - Error message: unknown identifier 'pow_injective'...
2025-04-13 11:11:37 - INFO - Removed header content, remaining 33 lines of code
2025-04-13 11:11:37 - INFO - Using specified target error line: 18
2025-04-13 11:11:38 - INFO - Found error at specified line: unknown identifier 'pow_injective'
2025-04-13 11:11:38 - INFO - Error at line 18: unknown identifier 'pow_injective'
2025-04-13 11:11:38 - INFO - 
==================================================
2025-04-13 11:11:38 - INFO - Code prepared, starting synthesis
2025-04-13 11:11:38 - INFO - Before part: /-- If $x$ and $y$ are positive integers for which $2^x3^y=1296$, what is the value of $x+y$?

$(\mathrm {A})\ 8 \qquad (\mathrm {B})\ 9 \qquad (\mathrm {C})\ 10 \qquad (\mathrm {D})\ 11 \qquad (\mathrm {E})\ 12$ Show that it is 8.-/
theorem amc12b_2004_p3 (x y : ℕ) (h₀ : 2 ^ x * 3 ^ y = 1296) : x + y = 8 := by
  -- First, we factorize 1296 to understand its prime components
  have h1296 : 1296 = 6^4 := by norm_num
  -- Expand 6^4 to (2*3)^4 to make the prime factors visible
  have h_expand : 6^4 = (2*3)^4 := by rfl
  -- Use the property of exponents to distribute the exponent over multiplication
  have h_distrib : (2*3)^4 = 2^4 * 3^4 := by exact mul_pow 2 3 4
  -- Now we can rewrite the original equation using these facts
  rw [h₀, h1296, h_expand, h_distrib] at h₀
  -- After substitution, we have: 2^x * 3^y = 2^4 * 3^4
  -- Since prime factorizations are unique, we can equate exponents
  have h2 : x = 4 := by
    -- The exponent of 2 on both sides must be equal
    -- We can use the injectivity of the exponential function (base 2)
2025-04-13 11:11:38 - INFO - Error line:     apply pow_injective (by norm_num) (by norm_num)
2025-04-13 11:11:38 - INFO - After part: -- Cancel out the 3^y and 3^4 terms by dividing both sides by 3^4
    have h_aux := congr_arg (fun n => n / (3^4)) h₀
    simp [mul_div_assoc, div_self (pow_ne_zero 4 (by norm_num))] at h_aux
    exact h_aux
  have h3 : y = 4 := by
    -- Similarly, the exponent of 3 on both sides must be equal
    apply pow_injective (by norm_num) (by norm_num)
    -- Cancel out the 2^x and 2^4 terms by dividing both sides by 2^4
    have h_aux := congr_arg (fun n => n / (2^4)) h₀
    simp [mul_div_right_comm, div_self (pow_ne_zero 4 (by norm_num))] at h_aux
    exact h_aux
  -- Now that we have x = 4 and y = 4, we can compute x + y
  rw [h2, h3]
  -- 4 + 4 = 8, which is option A
  norm_num
2025-04-13 11:11:38 - INFO - ==================================================

2025-04-13 11:11:39 - INFO - Testing fragment: rw [justaplaceholder]
2025-04-13 11:11:39 - INFO - Original error line:     apply pow_injective (by norm_num) (by norm_num)
2025-04-13 11:11:41 - INFO - Testing fix: Original errors: 3, Fixed errors: 3
2025-04-13 11:11:41 - INFO - Target error not fixed: unknown identifier 'pow_injective'...
2025-04-13 11:11:41 - INFO - Result: False (target error not fixed)
2025-04-13 11:11:41 - INFO - Testing fragment: rw [<- justaplaceholder]
2025-04-13 11:11:41 - INFO - Original error line:     apply pow_injective (by norm_num) (by norm_num)
2025-04-13 11:11:43 - INFO - Testing fix: Original errors: 3, Fixed errors: 3
2025-04-13 11:11:43 - INFO - Target error not fixed: unknown identifier 'pow_injective'...
2025-04-13 11:11:43 - INFO - Result: False (target error not fixed)
2025-04-13 11:11:43 - INFO - Testing fragment: simp
2025-04-13 11:11:43 - INFO - Original error line:     apply pow_injective (by norm_num) (by norm_num)
2025-04-13 11:11:45 - INFO - Testing fix: Original errors: 3, Fixed errors: 3
2025-04-13 11:11:45 - INFO - Target error not fixed: unknown identifier 'pow_injective'...
2025-04-13 11:11:45 - INFO - Result: False (target error not fixed)
2025-04-13 11:11:45 - INFO - Testing fragment: field_simp
2025-04-13 11:11:45 - INFO - Original error line:     apply pow_injective (by norm_num) (by norm_num)
2025-04-13 11:11:47 - INFO - Testing fix: Original errors: 3, Fixed errors: 3
2025-04-13 11:11:47 - INFO - Target error not fixed: unknown identifier 'pow_injective'...
2025-04-13 11:11:47 - INFO - Result: False (target error not fixed)
2025-04-13 11:11:47 - INFO - Testing fragment: norm_num
2025-04-13 11:11:47 - INFO - Original error line:     apply pow_injective (by norm_num) (by norm_num)
2025-04-13 11:15:09 - INFO - Synthesis failed: ('Execution failed', 'Execution timed out after 200.0 seconds. Partial output:\n{"cmd": "/-- If $x$ and $y$ are positive integers for which $2^x3^y=1296$, what is the value of $x+y$?\\n\\n$(\\\\mathrm {A})\\\\ 8 \\\\qquad (\\\\mathrm {B})\\\\ 9 \\\\qquad (\\\\mathrm {C})\\\\ 10 \\\\qquad (\\\\mathrm {D})\\\\ 11 \\\\qquad (\\\\mathrm {E})\\\\ 12$ Show that it is 8.-/\\ntheorem amc12b_2004_p3 (x y : ℕ) (h₀ : 2 ^ x * 3 ^ y = 1296) : x + y = 8 := by\\n  -- First, we factorize 1296 to understand its prime components\\n  have h1296 : 1296 = 6^4 := by norm_num\\n  -- Expand 6^4 to (2*3)^4 to make the prime factors visible\\n  have h_expand : 6^4 = (2*3)^4 := by rfl\\n  -- Use the property of exponents to distribute the exponent over multiplication\\n  have h_distrib : (2*3)^4 = 2^4 * 3^4 := by exact mul_pow 2 3 4\\n  -- Now we can rewrite the original equation using these facts\\n  rw [h₀, h1296, h_expand, h_distrib] at h₀\\n  -- After substitution, we have: 2^x * 3^y = 2^4 * 3^4\\n  -- Since prime factorizations are unique, we can equate exponents\\n  have h2 : x = 4 := by\\n    -- The exponent of 2 on both sides must be equal\\n    -- We can use the injectivity of the exponential function (base 2)\\n    apply pow_injective (by norm_num) (by norm_num)\\n    -- Cancel out the 3^y and 3^4 terms by dividing both sides by 3^4\\n    have h_aux := congr_arg (fun n => n / (3^4)) h₀\\n    simp [mul_div_assoc, div_self (pow_ne_zero 4 (by norm_num))] at h_aux\\n    exact h_aux\\n  have h3 : y = 4 := by\\n    -- Similarly, the exponent of 3 on both sides must be equal\\n    apply pow_injective (by norm_num) (by norm_num)\\n    -- Cancel out the 2^x and 2^4 terms by dividing both sides by 2^4\\n    have h_aux := congr_arg (fun n => n / (2^4)) h₀\\n    simp [mul_div_right_comm, div_self (pow_ne_zero 4 (by norm_num))] at h_aux\\n    exact h_aux\\n  -- Now that we have x = 4 and y = 4, we can compute x + y\\n  rw [h2, h3]\\n  -- 4 + 4 = 8, which is option A\\n  norm_num", "env": 0}\r\n\r\n')
2025-04-13 11:15:43 - INFO - Failed attempt time: 242.05 seconds
2025-04-13 11:15:52 - INFO - ❌ Could not generate fix for error at line 18
2025-04-13 11:15:52 - INFO - 
Trying to fix error 2/3: line 25, type: unknown_identifier
2025-04-13 11:15:52 - INFO - Error message: unknown identifier 'pow_injective'...
2025-04-13 11:15:52 - INFO - Removed header content, remaining 33 lines of code
2025-04-13 11:15:52 - INFO - Using specified target error line: 25
2025-04-13 11:16:18 - INFO - Found error at specified line: unknown identifier 'pow_injective'
2025-04-13 11:16:18 - INFO - Error at line 25: unknown identifier 'pow_injective'
2025-04-13 11:16:18 - INFO - 
==================================================
2025-04-13 11:16:18 - INFO - Code prepared, starting synthesis
2025-04-13 11:16:18 - INFO - Before part: /-- If $x$ and $y$ are positive integers for which $2^x3^y=1296$, what is the value of $x+y$?

$(\mathrm {A})\ 8 \qquad (\mathrm {B})\ 9 \qquad (\mathrm {C})\ 10 \qquad (\mathrm {D})\ 11 \qquad (\mathrm {E})\ 12$ Show that it is 8.-/
theorem amc12b_2004_p3 (x y : ℕ) (h₀ : 2 ^ x * 3 ^ y = 1296) : x + y = 8 := by
  -- First, we factorize 1296 to understand its prime components
  have h1296 : 1296 = 6^4 := by norm_num
  -- Expand 6^4 to (2*3)^4 to make the prime factors visible
  have h_expand : 6^4 = (2*3)^4 := by rfl
  -- Use the property of exponents to distribute the exponent over multiplication
  have h_distrib : (2*3)^4 = 2^4 * 3^4 := by exact mul_pow 2 3 4
  -- Now we can rewrite the original equation using these facts
  rw [h₀, h1296, h_expand, h_distrib] at h₀
  -- After substitution, we have: 2^x * 3^y = 2^4 * 3^4
  -- Since prime factorizations are unique, we can equate exponents
  have h2 : x = 4 := by
    -- The exponent of 2 on both sides must be equal
    -- We can use the injectivity of the exponential function (base 2)
    apply pow_injective (by norm_num) (by norm_num)
    -- Cancel out the 3^y and 3^4 terms by dividing both sides by 3^4
    have h_aux := congr_arg (fun n => n / (3^4)) h₀
    simp [mul_div_assoc, div_self (pow_ne_zero 4 (by norm_num))] at h_aux
    exact h_aux
  have h3 : y = 4 := by
    -- Similarly, the exponent of 3 on both sides must be equal
2025-04-13 11:16:18 - INFO - Error line:     apply pow_injective (by norm_num) (by norm_num)
2025-04-13 11:16:18 - INFO - After part: -- Cancel out the 2^x and 2^4 terms by dividing both sides by 2^4
    have h_aux := congr_arg (fun n => n / (2^4)) h₀
    simp [mul_div_right_comm, div_self (pow_ne_zero 4 (by norm_num))] at h_aux
    exact h_aux
  -- Now that we have x = 4 and y = 4, we can compute x + y
  rw [h2, h3]
  -- 4 + 4 = 8, which is option A
  norm_num
2025-04-13 11:16:18 - INFO - ==================================================

2025-04-13 11:16:19 - INFO - Testing fragment: rw [justaplaceholder]
2025-04-13 11:16:19 - INFO - Original error line:     apply pow_injective (by norm_num) (by norm_num)
2025-04-13 11:16:21 - INFO - Testing fix: Original errors: 3, Fixed errors: 3
2025-04-13 11:16:21 - INFO - Target error not fixed: unknown identifier 'pow_injective'...
2025-04-13 11:16:21 - INFO - Result: False (target error not fixed)
2025-04-13 11:16:21 - INFO - Testing fragment: rw [<- justaplaceholder]
2025-04-13 11:16:21 - INFO - Original error line:     apply pow_injective (by norm_num) (by norm_num)
2025-04-13 11:16:23 - INFO - Testing fix: Original errors: 3, Fixed errors: 3
2025-04-13 11:16:23 - INFO - Target error not fixed: unknown identifier 'pow_injective'...
2025-04-13 11:16:23 - INFO - Result: False (target error not fixed)
2025-04-13 11:16:23 - INFO - Testing fragment: simp
2025-04-13 11:16:23 - INFO - Original error line:     apply pow_injective (by norm_num) (by norm_num)
2025-04-13 11:16:25 - INFO - Testing fix: Original errors: 3, Fixed errors: 3
2025-04-13 11:16:25 - INFO - Target error not fixed: unknown identifier 'pow_injective'...
2025-04-13 11:16:25 - INFO - Result: False (target error not fixed)
2025-04-13 11:16:25 - INFO - Testing fragment: field_simp
2025-04-13 11:16:25 - INFO - Original error line:     apply pow_injective (by norm_num) (by norm_num)
2025-04-13 11:16:27 - INFO - Testing fix: Original errors: 3, Fixed errors: 3
2025-04-13 11:16:27 - INFO - Target error not fixed: unknown identifier 'pow_injective'...
2025-04-13 11:16:27 - INFO - Result: False (target error not fixed)
2025-04-13 11:16:27 - INFO - Testing fragment: norm_num
2025-04-13 11:16:27 - INFO - Original error line:     apply pow_injective (by norm_num) (by norm_num)
2025-04-13 11:16:29 - INFO - Testing fix: Original errors: 3, Fixed errors: 3
2025-04-13 11:16:29 - INFO - Target error not fixed: unknown identifier 'pow_injective'...
2025-04-13 11:16:29 - INFO - Result: False (target error not fixed)
2025-04-13 11:16:29 - INFO - Testing fragment: ring
2025-04-13 11:16:29 - INFO - Original error line:     apply pow_injective (by norm_num) (by norm_num)
2025-04-13 11:16:31 - INFO - Testing fix: Original errors: 3, Fixed errors: 3
2025-04-13 11:16:31 - INFO - Target error not fixed: unknown identifier 'pow_injective'...
2025-04-13 11:16:31 - INFO - Result: False (target error not fixed)
2025-04-13 11:16:31 - INFO - Testing fragment: ring_nf
2025-04-13 11:16:31 - INFO - Original error line:     apply pow_injective (by norm_num) (by norm_num)
2025-04-13 11:16:33 - INFO - Testing fix: Original errors: 3, Fixed errors: 3
2025-04-13 11:16:33 - INFO - Target error not fixed: unknown identifier 'pow_injective'...
2025-04-13 11:16:33 - INFO - Result: False (target error not fixed)
2025-04-13 11:16:33 - INFO - Testing fragment: omega
2025-04-13 11:16:33 - INFO - Original error line:     apply pow_injective (by norm_num) (by norm_num)
2025-04-13 11:16:35 - INFO - Testing fix: Original errors: 3, Fixed errors: 3
2025-04-13 11:16:35 - INFO - Target error not fixed: unknown identifier 'pow_injective'...
2025-04-13 11:16:35 - INFO - Result: False (target error not fixed)
2025-04-13 11:16:35 - INFO - Testing fragment: linarith
2025-04-13 11:16:35 - INFO - Original error line:     apply pow_injective (by norm_num) (by norm_num)
2025-04-13 11:16:37 - INFO - Testing fix: Original errors: 3, Fixed errors: 3
2025-04-13 11:16:37 - INFO - Target error not fixed: unknown identifier 'pow_injective'...
2025-04-13 11:16:37 - INFO - Result: False (target error not fixed)
2025-04-13 11:16:37 - INFO - Testing fragment: nlinarith
2025-04-13 11:16:37 - INFO - Original error line:     apply pow_injective (by norm_num) (by norm_num)
2025-04-13 11:16:39 - INFO - Testing fix: Original errors: 3, Fixed errors: 3
2025-04-13 11:16:39 - INFO - Target error not fixed: unknown identifier 'pow_injective'...
2025-04-13 11:16:39 - INFO - Result: False (target error not fixed)
2025-04-13 11:16:39 - INFO - Failed attempt time: 47.07 seconds
2025-04-13 11:16:39 - INFO - ❌ Could not generate fix for error at line 25
2025-04-13 11:16:39 - INFO - 
Trying to fix error 3/3: line 33, type: no_goals_to_solve
2025-04-13 11:16:39 - INFO - Error message: no goals to be solved...
2025-04-13 11:16:39 - INFO - Removed header content, remaining 33 lines of code
2025-04-13 11:16:39 - INFO - Using specified target error line: 33
2025-04-13 11:16:40 - INFO - Found error at specified line: no goals to be solved
2025-04-13 11:16:40 - INFO - Error at line 33: no goals to be solved
2025-04-13 11:16:40 - INFO - 
==================================================
2025-04-13 11:16:40 - INFO - Code prepared, starting synthesis
2025-04-13 11:16:40 - INFO - Before part: /-- If $x$ and $y$ are positive integers for which $2^x3^y=1296$, what is the value of $x+y$?

$(\mathrm {A})\ 8 \qquad (\mathrm {B})\ 9 \qquad (\mathrm {C})\ 10 \qquad (\mathrm {D})\ 11 \qquad (\mathrm {E})\ 12$ Show that it is 8.-/
theorem amc12b_2004_p3 (x y : ℕ) (h₀ : 2 ^ x * 3 ^ y = 1296) : x + y = 8 := by
  -- First, we factorize 1296 to understand its prime components
  have h1296 : 1296 = 6^4 := by norm_num
  -- Expand 6^4 to (2*3)^4 to make the prime factors visible
  have h_expand : 6^4 = (2*3)^4 := by rfl
  -- Use the property of exponents to distribute the exponent over multiplication
  have h_distrib : (2*3)^4 = 2^4 * 3^4 := by exact mul_pow 2 3 4
  -- Now we can rewrite the original equation using these facts
  rw [h₀, h1296, h_expand, h_distrib] at h₀
  -- After substitution, we have: 2^x * 3^y = 2^4 * 3^4
  -- Since prime factorizations are unique, we can equate exponents
  have h2 : x = 4 := by
    -- The exponent of 2 on both sides must be equal
    -- We can use the injectivity of the exponential function (base 2)
    apply pow_injective (by norm_num) (by norm_num)
    -- Cancel out the 3^y and 3^4 terms by dividing both sides by 3^4
    have h_aux := congr_arg (fun n => n / (3^4)) h₀
    simp [mul_div_assoc, div_self (pow_ne_zero 4 (by norm_num))] at h_aux
    exact h_aux
  have h3 : y = 4 := by
    -- Similarly, the exponent of 3 on both sides must be equal
    apply pow_injective (by norm_num) (by norm_num)
    -- Cancel out the 2^x and 2^4 terms by dividing both sides by 2^4
    have h_aux := congr_arg (fun n => n / (2^4)) h₀
    simp [mul_div_right_comm, div_self (pow_ne_zero 4 (by norm_num))] at h_aux
    exact h_aux
  -- Now that we have x = 4 and y = 4, we can compute x + y
  rw [h2, h3]
  -- 4 + 4 = 8, which is option A
2025-04-13 11:16:40 - INFO - Error line:   norm_num
2025-04-13 11:16:40 - INFO - After part: 
2025-04-13 11:16:40 - INFO - ==================================================

2025-04-13 11:16:42 - INFO - Testing fragment: rw [justaplaceholder]
2025-04-13 11:16:42 - INFO - Original error line:   norm_num
2025-04-13 11:16:44 - INFO - Testing fix: Original errors: 3, Fixed errors: 3
2025-04-13 11:16:44 - INFO - Result: False (introduced 1 new errors)
2025-04-13 11:16:44 - DEBUG - === New errors detail ===
2025-04-13 11:16:44 - DEBUG - New Error 1: line 33, type: no_goals_to_solve, message: no goals to be solved
2025-04-13 11:16:44 - INFO - Testing fragment: rw [<- justaplaceholder]
2025-04-13 11:16:44 - INFO - Original error line:   norm_num
2025-04-13 11:16:46 - INFO - Testing fix: Original errors: 3, Fixed errors: 3
2025-04-13 11:16:46 - INFO - Result: False (introduced 1 new errors)
2025-04-13 11:16:46 - DEBUG - === New errors detail ===
2025-04-13 11:16:46 - DEBUG - New Error 1: line 33, type: no_goals_to_solve, message: no goals to be solved
2025-04-13 11:16:46 - INFO - Testing fragment: simp
2025-04-13 11:16:46 - INFO - Original error line:   norm_num
2025-04-13 11:16:48 - INFO - Testing fix: Original errors: 3, Fixed errors: 3
2025-04-13 11:16:48 - INFO - Result: False (introduced 1 new errors)
2025-04-13 11:16:48 - DEBUG - === New errors detail ===
2025-04-13 11:16:48 - DEBUG - New Error 1: line 33, type: no_goals_to_solve, message: no goals to be solved
2025-04-13 11:16:48 - INFO - Testing fragment: field_simp
2025-04-13 11:16:48 - INFO - Original error line:   norm_num
2025-04-13 11:16:50 - INFO - Testing fix: Original errors: 3, Fixed errors: 3
2025-04-13 11:16:50 - INFO - Result: False (introduced 1 new errors)
2025-04-13 11:16:50 - DEBUG - === New errors detail ===
2025-04-13 11:16:50 - DEBUG - New Error 1: line 33, type: no_goals_to_solve, message: no goals to be solved
2025-04-13 11:16:50 - INFO - Testing fragment: norm_num
2025-04-13 11:16:50 - INFO - Original error line:   norm_num
2025-04-13 11:16:52 - INFO - Testing fix: Original errors: 3, Fixed errors: 3
2025-04-13 11:16:52 - INFO - Target error not fixed: no goals to be solved...
2025-04-13 11:16:52 - INFO - Result: False (target error not fixed)
2025-04-13 11:16:52 - INFO - Testing fragment: ring
2025-04-13 11:16:52 - INFO - Original error line:   norm_num
2025-04-13 11:16:54 - INFO - Testing fix: Original errors: 3, Fixed errors: 3
2025-04-13 11:16:54 - INFO - Result: False (introduced 1 new errors)
2025-04-13 11:16:54 - DEBUG - === New errors detail ===
2025-04-13 11:16:54 - DEBUG - New Error 1: line 33, type: no_goals_to_solve, message: no goals to be solved
2025-04-13 11:16:54 - INFO - Testing fragment: ring_nf
2025-04-13 11:16:54 - INFO - Original error line:   norm_num
2025-04-13 11:16:56 - INFO - Testing fix: Original errors: 3, Fixed errors: 3
2025-04-13 11:16:56 - INFO - Result: False (introduced 1 new errors)
2025-04-13 11:16:56 - DEBUG - === New errors detail ===
2025-04-13 11:16:56 - DEBUG - New Error 1: line 33, type: no_goals_to_solve, message: no goals to be solved
2025-04-13 11:16:56 - INFO - Testing fragment: omega
2025-04-13 11:16:56 - INFO - Original error line:   norm_num
2025-04-13 11:16:58 - INFO - Testing fix: Original errors: 3, Fixed errors: 3
2025-04-13 11:16:58 - INFO - Result: False (introduced 1 new errors)
2025-04-13 11:16:58 - DEBUG - === New errors detail ===
2025-04-13 11:16:58 - DEBUG - New Error 1: line 33, type: no_goals_to_solve, message: no goals to be solved
2025-04-13 11:16:58 - INFO - Testing fragment: linarith
2025-04-13 11:16:58 - INFO - Original error line:   norm_num
2025-04-13 11:17:00 - INFO - Testing fix: Original errors: 3, Fixed errors: 3
2025-04-13 11:17:00 - INFO - Target error not fixed: no goals to be solved...
2025-04-13 11:17:00 - INFO - Result: False (target error not fixed)
2025-04-13 11:17:00 - INFO - Testing fragment: nlinarith
2025-04-13 11:17:00 - INFO - Original error line:   norm_num
2025-04-13 11:17:02 - INFO - Testing fix: Original errors: 3, Fixed errors: 3
2025-04-13 11:17:02 - INFO - Result: False (introduced 1 new errors)
2025-04-13 11:17:02 - DEBUG - === New errors detail ===
2025-04-13 11:17:02 - DEBUG - New Error 1: line 33, type: no_goals_to_solve, message: no goals to be solved
2025-04-13 11:17:02 - INFO - Failed attempt time: 22.04 seconds
2025-04-13 11:17:02 - INFO - ❌ Could not generate fix for error at line 33
2025-04-13 11:17:03 - INFO - 
===== Fix attempt completed =====
2025-04-13 11:17:03 - INFO - Original errors: 3
2025-04-13 11:17:03 - INFO - Fixed errors: 0
2025-04-13 11:17:03 - INFO - Failed errors: 3
2025-04-13 11:17:03 - INFO - Remaining errors: 3
2025-04-13 11:17:03 - INFO - Total time: 326.43 seconds
2025-04-13 11:17:03 - INFO - 
Final fixed code:
2025-04-13 11:17:03 - INFO - ----------------------------------------
2025-04-13 11:17:03 - INFO - /-- If $x$ and $y$ are positive integers for which $2^x3^y=1296$, what is the value of $x+y$?

$(\mathrm {A})\ 8 \qquad (\mathrm {B})\ 9 \qquad (\mathrm {C})\ 10 \qquad (\mathrm {D})\ 11 \qquad (\mathrm {E})\ 12$ Show that it is 8.-/
theorem amc12b_2004_p3 (x y : ℕ) (h₀ : 2 ^ x * 3 ^ y = 1296) : x + y = 8 := by
  -- First, we factorize 1296 to understand its prime components
  have h1296 : 1296 = 6^4 := by norm_num
  -- Expand 6^4 to (2*3)^4 to make the prime factors visible
  have h_expand : 6^4 = (2*3)^4 := by rfl
  -- Use the property of exponents to distribute the exponent over multiplication
  have h_distrib : (2*3)^4 = 2^4 * 3^4 := by exact mul_pow 2 3 4
  -- Now we can rewrite the original equation using these facts
  rw [h₀, h1296, h_expand, h_distrib] at h₀
  -- After substitution, we have: 2^x * 3^y = 2^4 * 3^4
  -- Since prime factorizations are unique, we can equate exponents
  have h2 : x = 4 := by
    -- The exponent of 2 on both sides must be equal
    -- We can use the injectivity of the exponential function (base 2)
    apply pow_injective (by norm_num) (by norm_num)
    -- Cancel out the 3^y and 3^4 terms by dividing both sides by 3^4
    have h_aux := congr_arg (fun n => n / (3^4)) h₀
    simp [mul_div_assoc, div_self (pow_ne_zero 4 (by norm_num))] at h_aux
    exact h_aux
  have h3 : y = 4 := by
    -- Similarly, the exponent of 3 on both sides must be equal
    apply pow_injective (by norm_num) (by norm_num)
    -- Cancel out the 2^x and 2^4 terms by dividing both sides by 2^4
    have h_aux := congr_arg (fun n => n / (2^4)) h₀
    simp [mul_div_right_comm, div_self (pow_ne_zero 4 (by norm_num))] at h_aux
    exact h_aux
  -- Now that we have x = 4 and y = 4, we can compute x + y
  rw [h2, h3]
  -- 4 + 4 = 8, which is option A
  norm_num
2025-04-13 11:17:03 - INFO - ----------------------------------------
2025-04-13 11:17:03 - INFO - 
Detailed error repair report:
2025-04-13 11:17:03 - INFO - Original code error count: 3
❌ Fixed error 1/3: Could not generate fix for error at line 18 «unknown_identifier» (after 242.05s)
❌ Fixed error 2/3: Could not generate fix for error at line 25 «unknown_identifier» (after 47.07s)
❌ Fixed error 3/3: Could not generate fix for error at line 33 «no_goals_to_solve» (after 22.04s)

=== Fix statistics ===
Original error count: 3
Fixed errors: 0 (Fix rate: 0.0000)
Failed errors: 3
Remaining errors: 3
Total time: 326.43 seconds

=== Failed fix details ===

Failed fix 1:
   Line: 18
   Error type: unknown_identifier
   Original error message: unknown identifier 'pow_injective'...
   Failure reason: Could not generate fix
   Time: 242.05 seconds

Failed fix 2:
   Line: 25
   Error type: unknown_identifier
   Original error message: unknown identifier 'pow_injective'...
   Failure reason: Could not generate fix
   Time: 47.07 seconds

Failed fix 3:
   Line: 33
   Error type: no_goals_to_solve
   Original error message: no goals to be solved...
   Failure reason: Could not generate fix
   Time: 22.04 seconds
2025-04-13 11:17:03 - INFO - 
Fixed code saved to: ./minif2f/lean_fixed/91_fixed.lean
2025-04-13 11:17:03 - INFO - JSON log saved to: ./minif2f/lean_fixed/91_fix_log.json
2025-04-13 11:17:03 - INFO - 
===== LOG FILE LOCATION =====
2025-04-13 11:17:03 - INFO - Detailed log file is available at: ./minif2f/lean_fixed/91.log
2025-04-13 11:17:03 - INFO - ===============================
