2025-04-13 11:24:21 - INFO - Log file initialized at 2025-04-13T11:24:21.870072
2025-04-13 11:24:21 - INFO - ===== LOG FILE LOCATION =====
2025-04-13 11:24:21 - INFO - Detailed log file created at: /data/coding/minif2f/lean_fixed/92.log
2025-04-13 11:24:21 - INFO - ===============================
2025-04-13 11:24:21 - INFO - Original code:
2025-04-13 11:24:21 - INFO - ----------------------------------------
2025-04-13 11:24:21 - INFO - import Mathlib
import Aesop

set_option maxHeartbeats 0

open BigOperators Real Nat Topology Rat

/-- If $n>1$ is an integer, the notation $a\equiv b\pmod{n}$ means that $(a-b)$ is a multiple of $n$. 
Find the sum of all possible values of $n$ such that both of the following are true: 
$171\equiv80\pmod{n}$ and $468\equiv13\pmod{n}$. Show that it is 111.-/
theorem mathd_numbertheory_303 (S : Finset ℕ)
  (h₀ : ∀ n : ℕ, n ∈ S ↔ 2 ≤ n ∧ 171 ≡ 80 [MOD n] ∧ 468 ≡ 13 [MOD n]) : (∑ k in S, k) = 111 := by
  -- First, we'll find all natural numbers n > 1 that satisfy both congruences
  -- From 171 ≡ 80 [MOD n], we get n divides (171 - 80) = 91
  have h₁ : ∀ n, 171 ≡ 80 [MOD n] ↔ n ∣ (171 - 80) := by exact fun n => Int.modEq_iff_dvd
  -- Similarly, from 468 ≡ 13 [MOD n], we get n divides (468 - 13) = 455
  have h₂ : ∀ n, 468 ≡ 13 [MOD n] ↔ n ∣ (468 - 13) := by exact fun n => Int.modEq_iff_dvd
  
  -- Compute the differences
  have h₃ : 171 - 80 = 91 := by norm_num
  have h₄ : 468 - 13 = 455 := by norm_num
  
  -- So n must be a common divisor of both 91 and 455
  -- First, find all divisors of 91
  have h₅ : Nat.divisors 91 = {1, 7, 13, 91} := by decide
  -- Then find all divisors of 455
  have h₆ : Nat.divisors 455 = {1, 5, 7, 13, 35, 65, 91, 455} := by decide
  
  -- The common divisors are the intersection of these two sets
  have h₇ : {1, 7, 13, 91} ∩ {1, 5, 7, 13, 35, 65, 91, 455} = {1, 7, 13, 91} := by decide
  
  -- Since we need n > 1, we consider {7, 13, 91}
  -- Now we need to verify that S is exactly {7, 13, 91}
  -- First prove that S contains these elements
  have h₈ : 7 ∈ S := by
    rw [h₀]
    refine ⟨by norm_num, ?_, ?_⟩
    · rw [h₁, h₃]
      exact dvd_of_div_eq_one (by norm_num)
    · rw [h₂, h₄]
      exact dvd_of_div_eq_one (by norm_num)
  
  have h₉ : 13 ∈ S := by
    rw [h₀]
    refine ⟨by norm_num, ?_, ?_⟩
    · rw [h₁, h₃]
      exact dvd_of_div_eq_one (by norm_num)
    · rw [h₂, h₄]
      exact dvd_of_div_eq_one (by norm_num)
  
  have h₁₀ : 91 ∈ S := by
    rw [h₀]
    refine ⟨by norm_num, ?_, ?_⟩
    · rw [h₁, h₃]
      exact dvd_of_div_eq_one (by norm_num)
    · rw [h₂, h₄]
      exact dvd_of_div_eq_one (by norm_num)
  
  -- Now prove that S doesn't contain any other elements
  have h₁₁ : ∀ n ∈ S, n ∈ {7, 13, 91} := by
    intro n hn
    rw [h₀] at hn
    rcases hn with ⟨hle, hn₁, hn₂⟩
    rw [h₁, h₃] at hn₁
    rw [h₂, h₄] at hn₂
    have hn_common : n ∈ Nat.divisors 91 ∧ n ∈ Nat.divisors 455 := ⟨hn₁, hn₂⟩
    rw [h₅, h₆] at hn_common
    simp at hn_common
    have hn_gt_1 : 1 < n := hle
    rcases hn_common with ⟨h, _⟩
    simp [Finset.mem_insert, Finset.mem_singleton] at h
    rcases h with (rfl | rfl | rfl | rfl)
    · contradiction  -- excludes n = 1
    · exact Or.inl rfl
    · exact Or.inr (Or.inl rfl)
    · exact Or.inr (Or.inr rfl)
  
  -- Now we can characterize S exactly
  have h₁₂ : S = {7, 13, 91} := by
    apply Finset.ext
    intro n
    constructor
    · intro hn
      exact h₁₁ n hn
    · intro hn
      simp at hn
      rcases hn with (rfl | rfl | rfl)
      · exact h₈
      · exact h₉
      · exact h₁₀
  
  -- Finally, compute the sum
  rw [h₁₂]
  -- Calculate 7 + 13 + 91 = 111
  norm_num
2025-04-13 11:24:21 - INFO - ----------------------------------------
2025-04-13 11:24:21 - INFO - 
Checking original code for all errors...
2025-04-13 11:24:26 - INFO - Original code contains 3 errors:
2025-04-13 11:24:26 - INFO - Error 1: line 8, type: type_mismatch, message: type mismatch
  Int.modEq_iff_dvd
has type
  ?m.237 ≡ ?m.238 [ZMOD ?m.236] ↔ ?m.236 ∣ ?m.238 - ?m.23...
2025-04-13 11:24:26 - INFO - Error 2: line 10, type: type_mismatch, message: type mismatch
  Int.modEq_iff_dvd
has type
  ?m.993 ≡ ?m.994 [ZMOD ?m.992] ↔ ?m.992 ∣ ?m.994 - ?m.99...
2025-04-13 11:24:26 - INFO - Error 3: line 5, type: other_error, message: unsolved goals
S : Finset ℕ
h₀ : ∀ (n : ℕ), n ∈ S ↔ 2 ≤ n ∧ 171 ≡ 80 [MOD n] ∧ 468 ≡ 13 [MOD n]
h₁ :...
2025-04-13 11:24:26 - INFO - 
Starting multi-error continuous repair process...
2025-04-13 11:24:26 - INFO - 
===== Starting to fix all errors =====
2025-04-13 11:24:27 - INFO - 
Found 3 original errors:
2025-04-13 11:24:27 - INFO - Error 1: line 8, type: type_mismatch, message: type mismatch
  Int.modEq_iff_dvd
has type
  ?m.237 ≡ ?m.238 [ZMOD ?m.236] ↔ ?m.236 ∣ ?m.238 - ?m.23...
2025-04-13 11:24:27 - INFO - Error 2: line 10, type: type_mismatch, message: type mismatch
  Int.modEq_iff_dvd
has type
  ?m.993 ≡ ?m.994 [ZMOD ?m.992] ↔ ?m.992 ∣ ?m.994 - ?m.99...
2025-04-13 11:24:27 - INFO - Error 3: line 5, type: other_error, message: unsolved goals
S : Finset ℕ
h₀ : ∀ (n : ℕ), n ∈ S ↔ 2 ≤ n ∧ 171 ≡ 80 [MOD n] ∧ 468 ≡ 13 [MOD n]
h₁ :...
2025-04-13 11:24:27 - INFO - 
Trying to fix error 1/3: line 5, type: other_error
2025-04-13 11:24:27 - INFO - Error message: unsolved goals
S : Finset ℕ
h₀ : ∀ (n : ℕ), n ∈ S ↔ 2 ≤ n ∧ 171 ≡ 80 [MOD n] ∧ 468 ≡ 13 [MOD n]
h₁ :...
2025-04-13 11:24:27 - INFO - Removed header content, remaining 88 lines of code
2025-04-13 11:24:27 - INFO - Using specified target error line: 5
2025-04-13 11:24:28 - INFO - Found error at specified line: unsolved goals
S : Finset ℕ
h₀ : ∀ (n : ℕ), n ∈ S ↔ 2 ≤ n ∧ 171 ≡ 80 [MOD n] ∧ 468 ≡ 13 [MOD n]
h₁ : ∀ (n : ℕ), 171 ≡ 80 [MOD n] ↔ n ∣ 171 - 80
h₂ : ∀ (n : ℕ), 468 ≡ 13 [MOD n] ↔ n ∣ 468 - 13
h₃ : 171 - 80 = 91
h₄ : 468 - 13 = 455
h₅ : divisors 91 = {1, 7, 13, 91}
h₆ : divisors 455 = {1, 5, 7, 13, 35, 65, 91, 455}
⊢ ∑ k ∈ S, k = 111
2025-04-13 11:24:28 - INFO - Error at line 5: unsolved goals
S : Finset ℕ
h₀ : ∀ (n : ℕ), n ∈ S ↔ 2 ≤ n ∧ 171 ≡ 80 [MOD n] ∧ 468 ≡ 13 [MOD n]
h₁ : ∀ (n : ℕ), 171 ≡ 80 [MOD n] ↔ n ∣ 171 - 80
h₂ : ∀ (n : ℕ), 468 ≡ 13 [MOD n] ↔ n ∣ 468 - 13
h₃ : 171 - 80 = 91
h₄ : 468 - 13 = 455
h₅ : divisors 91 = {1, 7, 13, 91}
h₆ : divisors 455 = {1, 5, 7, 13, 35, 65, 91, 455}
⊢ ∑ k ∈ S, k = 111
2025-04-13 11:24:28 - INFO - 
==================================================
2025-04-13 11:24:28 - INFO - Code prepared, starting synthesis
2025-04-13 11:24:28 - INFO - Before part: /-- If $n>1$ is an integer, the notation $a\equiv b\pmod{n}$ means that $(a-b)$ is a multiple of $n$. 
Find the sum of all possible values of $n$ such that both of the following are true: 
$171\equiv80\pmod{n}$ and $468\equiv13\pmod{n}$. Show that it is 111.-/
theorem mathd_numbertheory_303 (S : Finset ℕ)
2025-04-13 11:24:28 - INFO - Error line:   (h₀ : ∀ n : ℕ, n ∈ S ↔ 2 ≤ n ∧ 171 ≡ 80 [MOD n] ∧ 468 ≡ 13 [MOD n]) : (∑ k in S, k) = 111 := by
2025-04-13 11:24:28 - INFO - After part: -- First, we'll find all natural numbers n > 1 that satisfy both congruences
  -- From 171 ≡ 80 [MOD n], we get n divides (171 - 80) = 91
  have h₁ : ∀ n, 171 ≡ 80 [MOD n] ↔ n ∣ (171 - 80) := by exact fun n => Int.modEq_iff_dvd
  -- Similarly, from 468 ≡ 13 [MOD n], we get n divides (468 - 13) = 455
  have h₂ : ∀ n, 468 ≡ 13 [MOD n] ↔ n ∣ (468 - 13) := by exact fun n => Int.modEq_iff_dvd
  
  -- Compute the differences
  have h₃ : 171 - 80 = 91 := by norm_num
  have h₄ : 468 - 13 = 455 := by norm_num
  
  -- So n must be a common divisor of both 91 and 455
  -- First, find all divisors of 91
  have h₅ : Nat.divisors 91 = {1, 7, 13, 91} := by decide
  -- Then find all divisors of 455
  have h₆ : Nat.divisors 455 = {1, 5, 7, 13, 35, 65, 91, 455} := by decide
  
  -- The common divisors are the intersection of these two sets
  have h₇ : {1, 7, 13, 91} ∩ {1, 5, 7, 13, 35, 65, 91, 455} = {1, 7, 13, 91} := by decide
  
  -- Since we need n > 1, we consider {7, 13, 91}
  -- Now we need to verify that S is exactly {7, 13, 91}
  -- First prove that S contains these elements
  have h₈ : 7 ∈ S := by
    rw [h₀]
    refine ⟨by norm_num, ?_, ?_⟩
    · rw [h₁, h₃]
      exact dvd_of_div_eq_one (by norm_num)
    · rw [h₂, h₄]
      exact dvd_of_div_eq_one (by norm_num)
  
  have h₉ : 13 ∈ S := by
    rw [h₀]
    refine ⟨by norm_num, ?_, ?_⟩
    · rw [h₁, h₃]
      exact dvd_of_div_eq_one (by norm_num)
    · rw [h₂, h₄]
      exact dvd_of_div_eq_one (by norm_num)
  
  have h₁₀ : 91 ∈ S := by
    rw [h₀]
    refine ⟨by norm_num, ?_, ?_⟩
    · rw [h₁, h₃]
      exact dvd_of_div_eq_one (by norm_num)
    · rw [h₂, h₄]
      exact dvd_of_div_eq_one (by norm_num)
  
  -- Now prove that S doesn't contain any other elements
  have h₁₁ : ∀ n ∈ S, n ∈ {7, 13, 91} := by
    intro n hn
    rw [h₀] at hn
    rcases hn with ⟨hle, hn₁, hn₂⟩
    rw [h₁, h₃] at hn₁
    rw [h₂, h₄] at hn₂
    have hn_common : n ∈ Nat.divisors 91 ∧ n ∈ Nat.divisors 455 := ⟨hn₁, hn₂⟩
    rw [h₅, h₆] at hn_common
    simp at hn_common
    have hn_gt_1 : 1 < n := hle
    rcases hn_common with ⟨h, _⟩
    simp [Finset.mem_insert, Finset.mem_singleton] at h
    rcases h with (rfl | rfl | rfl | rfl)
    · contradiction  -- excludes n = 1
    · exact Or.inl rfl
    · exact Or.inr (Or.inl rfl)
    · exact Or.inr (Or.inr rfl)
  
  -- Now we can characterize S exactly
  have h₁₂ : S = {7, 13, 91} := by
    apply Finset.ext
    intro n
    constructor
    · intro hn
      exact h₁₁ n hn
    · intro hn
      simp at hn
      rcases hn with (rfl | rfl | rfl)
      · exact h₈
      · exact h₉
      · exact h₁₀
  
  -- Finally, compute the sum
  rw [h₁₂]
  -- Calculate 7 + 13 + 91 = 111
  norm_num
2025-04-13 11:24:28 - INFO - ==================================================

2025-04-13 11:24:29 - INFO - Testing fragment: rw [justaplaceholder]
2025-04-13 11:24:29 - INFO - Original error line:   (h₀ : ∀ n : ℕ, n ∈ S ↔ 2 ≤ n ∧ 171 ≡ 80 [MOD n] ∧ 468 ≡ 13 [MOD n]) : (∑ k in S, k) = 111 := by
2025-04-13 11:24:31 - INFO - Testing fix: Original errors: 3, Fixed errors: 1
2025-04-13 11:24:31 - INFO - Result: False (introduced 1 new errors)
2025-04-13 11:24:31 - DEBUG - === New errors detail ===
2025-04-13 11:24:31 - DEBUG - New Error 1: line 5, type: syntax_error, message: unexpected token 'have'; expected ':'
2025-04-13 11:24:31 - INFO - Testing fragment: rw [<- justaplaceholder]
2025-04-13 11:24:31 - INFO - Original error line:   (h₀ : ∀ n : ℕ, n ∈ S ↔ 2 ≤ n ∧ 171 ≡ 80 [MOD n] ∧ 468 ≡ 13 [MOD n]) : (∑ k in S, k) = 111 := by
2025-04-13 11:24:33 - INFO - Testing fix: Original errors: 3, Fixed errors: 1
2025-04-13 11:24:33 - INFO - Result: False (introduced 1 new errors)
2025-04-13 11:24:33 - DEBUG - === New errors detail ===
2025-04-13 11:24:33 - DEBUG - New Error 1: line 5, type: syntax_error, message: unexpected token 'have'; expected ':'
2025-04-13 11:24:33 - INFO - Testing fragment: simp
2025-04-13 11:24:33 - INFO - Original error line:   (h₀ : ∀ n : ℕ, n ∈ S ↔ 2 ≤ n ∧ 171 ≡ 80 [MOD n] ∧ 468 ≡ 13 [MOD n]) : (∑ k in S, k) = 111 := by
2025-04-13 11:24:35 - INFO - Testing fix: Original errors: 3, Fixed errors: 1
2025-04-13 11:24:35 - INFO - Result: False (introduced 1 new errors)
2025-04-13 11:24:35 - DEBUG - === New errors detail ===
2025-04-13 11:24:35 - DEBUG - New Error 1: line 5, type: syntax_error, message: unexpected token 'have'; expected ':'
2025-04-13 11:24:35 - INFO - Testing fragment: field_simp
2025-04-13 11:24:35 - INFO - Original error line:   (h₀ : ∀ n : ℕ, n ∈ S ↔ 2 ≤ n ∧ 171 ≡ 80 [MOD n] ∧ 468 ≡ 13 [MOD n]) : (∑ k in S, k) = 111 := by
2025-04-13 11:24:37 - INFO - Testing fix: Original errors: 3, Fixed errors: 1
2025-04-13 11:24:37 - INFO - Result: False (introduced 1 new errors)
2025-04-13 11:24:37 - DEBUG - === New errors detail ===
2025-04-13 11:24:37 - DEBUG - New Error 1: line 5, type: syntax_error, message: unexpected token 'have'; expected ':'
2025-04-13 11:24:37 - INFO - Testing fragment: norm_num
2025-04-13 11:24:37 - INFO - Original error line:   (h₀ : ∀ n : ℕ, n ∈ S ↔ 2 ≤ n ∧ 171 ≡ 80 [MOD n] ∧ 468 ≡ 13 [MOD n]) : (∑ k in S, k) = 111 := by
2025-04-13 11:24:39 - INFO - Testing fix: Original errors: 3, Fixed errors: 1
2025-04-13 11:24:39 - INFO - Result: False (introduced 1 new errors)
2025-04-13 11:24:39 - DEBUG - === New errors detail ===
2025-04-13 11:24:39 - DEBUG - New Error 1: line 5, type: syntax_error, message: unexpected token 'have'; expected ':'
2025-04-13 11:24:39 - INFO - Testing fragment: ring
2025-04-13 11:24:39 - INFO - Original error line:   (h₀ : ∀ n : ℕ, n ∈ S ↔ 2 ≤ n ∧ 171 ≡ 80 [MOD n] ∧ 468 ≡ 13 [MOD n]) : (∑ k in S, k) = 111 := by
2025-04-13 11:24:41 - INFO - Testing fix: Original errors: 3, Fixed errors: 1
2025-04-13 11:24:41 - INFO - Result: False (introduced 1 new errors)
2025-04-13 11:24:41 - DEBUG - === New errors detail ===
2025-04-13 11:24:41 - DEBUG - New Error 1: line 5, type: syntax_error, message: unexpected token 'have'; expected ':'
2025-04-13 11:24:41 - INFO - Testing fragment: ring_nf
2025-04-13 11:24:41 - INFO - Original error line:   (h₀ : ∀ n : ℕ, n ∈ S ↔ 2 ≤ n ∧ 171 ≡ 80 [MOD n] ∧ 468 ≡ 13 [MOD n]) : (∑ k in S, k) = 111 := by
2025-04-13 11:24:43 - INFO - Testing fix: Original errors: 3, Fixed errors: 1
2025-04-13 11:24:43 - INFO - Result: False (introduced 1 new errors)
2025-04-13 11:24:43 - DEBUG - === New errors detail ===
2025-04-13 11:24:43 - DEBUG - New Error 1: line 5, type: syntax_error, message: unexpected token 'have'; expected ':'
2025-04-13 11:24:43 - INFO - Testing fragment: omega
2025-04-13 11:24:43 - INFO - Original error line:   (h₀ : ∀ n : ℕ, n ∈ S ↔ 2 ≤ n ∧ 171 ≡ 80 [MOD n] ∧ 468 ≡ 13 [MOD n]) : (∑ k in S, k) = 111 := by
2025-04-13 11:24:45 - INFO - Testing fix: Original errors: 3, Fixed errors: 1
2025-04-13 11:24:45 - INFO - Result: False (introduced 1 new errors)
2025-04-13 11:24:45 - DEBUG - === New errors detail ===
2025-04-13 11:24:45 - DEBUG - New Error 1: line 5, type: syntax_error, message: unexpected token 'have'; expected ':'
2025-04-13 11:24:45 - INFO - Testing fragment: linarith
2025-04-13 11:24:45 - INFO - Original error line:   (h₀ : ∀ n : ℕ, n ∈ S ↔ 2 ≤ n ∧ 171 ≡ 80 [MOD n] ∧ 468 ≡ 13 [MOD n]) : (∑ k in S, k) = 111 := by
2025-04-13 11:24:47 - INFO - Testing fix: Original errors: 3, Fixed errors: 1
2025-04-13 11:24:47 - INFO - Result: False (introduced 1 new errors)
2025-04-13 11:24:47 - DEBUG - === New errors detail ===
2025-04-13 11:24:47 - DEBUG - New Error 1: line 5, type: syntax_error, message: unexpected token 'have'; expected ':'
2025-04-13 11:24:47 - INFO - Testing fragment: nlinarith
2025-04-13 11:24:47 - INFO - Original error line:   (h₀ : ∀ n : ℕ, n ∈ S ↔ 2 ≤ n ∧ 171 ≡ 80 [MOD n] ∧ 468 ≡ 13 [MOD n]) : (∑ k in S, k) = 111 := by
2025-04-13 11:24:49 - INFO - Testing fix: Original errors: 3, Fixed errors: 1
2025-04-13 11:24:49 - INFO - Result: False (introduced 1 new errors)
2025-04-13 11:24:49 - DEBUG - === New errors detail ===
2025-04-13 11:24:49 - DEBUG - New Error 1: line 5, type: syntax_error, message: unexpected token 'have'; expected ':'
2025-04-13 11:24:49 - INFO - Failed attempt time: 22.04 seconds
2025-04-13 11:24:49 - INFO - ❌ Could not generate fix for error at line 5
2025-04-13 11:24:49 - INFO - 
Trying to fix error 2/3: line 8, type: type_mismatch
2025-04-13 11:24:49 - INFO - Error message: type mismatch
  Int.modEq_iff_dvd
has type
  ?m.237 ≡ ?m.238 [ZMOD ?m.236] ↔ ?m.236 ∣ ?m.238 - ?m.23...
2025-04-13 11:24:49 - INFO - Removed header content, remaining 88 lines of code
2025-04-13 11:24:49 - INFO - Using specified target error line: 8
2025-04-13 11:24:50 - INFO - Found error at specified line: type mismatch
  Int.modEq_iff_dvd
has type
  ?m.237 ≡ ?m.238 [ZMOD ?m.236] ↔ ?m.236 ∣ ?m.238 - ?m.237 : Prop
but is expected to have type
  171 ≡ 80 [MOD n] ↔ n ∣ 171 - 80 : Prop
2025-04-13 11:24:50 - INFO - Error at line 8: type mismatch
  Int.modEq_iff_dvd
has type
  ?m.237 ≡ ?m.238 [ZMOD ?m.236] ↔ ?m.236 ∣ ?m.238 - ?m.237 : Prop
but is expected to have type
  171 ≡ 80 [MOD n] ↔ n ∣ 171 - 80 : Prop
2025-04-13 11:24:50 - INFO - 
==================================================
2025-04-13 11:24:50 - INFO - Code prepared, starting synthesis
2025-04-13 11:24:50 - INFO - Before part: /-- If $n>1$ is an integer, the notation $a\equiv b\pmod{n}$ means that $(a-b)$ is a multiple of $n$. 
Find the sum of all possible values of $n$ such that both of the following are true: 
$171\equiv80\pmod{n}$ and $468\equiv13\pmod{n}$. Show that it is 111.-/
theorem mathd_numbertheory_303 (S : Finset ℕ)
  (h₀ : ∀ n : ℕ, n ∈ S ↔ 2 ≤ n ∧ 171 ≡ 80 [MOD n] ∧ 468 ≡ 13 [MOD n]) : (∑ k in S, k) = 111 := by
  -- First, we'll find all natural numbers n > 1 that satisfy both congruences
  -- From 171 ≡ 80 [MOD n], we get n divides (171 - 80) = 91
2025-04-13 11:24:50 - INFO - Error line:   have h₁ : ∀ n, 171 ≡ 80 [MOD n] ↔ n ∣ (171 - 80) := by exact fun n => Int.modEq_iff_dvd
2025-04-13 11:24:50 - INFO - After part: -- Similarly, from 468 ≡ 13 [MOD n], we get n divides (468 - 13) = 455
  have h₂ : ∀ n, 468 ≡ 13 [MOD n] ↔ n ∣ (468 - 13) := by exact fun n => Int.modEq_iff_dvd
  
  -- Compute the differences
  have h₃ : 171 - 80 = 91 := by norm_num
  have h₄ : 468 - 13 = 455 := by norm_num
  
  -- So n must be a common divisor of both 91 and 455
  -- First, find all divisors of 91
  have h₅ : Nat.divisors 91 = {1, 7, 13, 91} := by decide
  -- Then find all divisors of 455
  have h₆ : Nat.divisors 455 = {1, 5, 7, 13, 35, 65, 91, 455} := by decide
  
  -- The common divisors are the intersection of these two sets
  have h₇ : {1, 7, 13, 91} ∩ {1, 5, 7, 13, 35, 65, 91, 455} = {1, 7, 13, 91} := by decide
  
  -- Since we need n > 1, we consider {7, 13, 91}
  -- Now we need to verify that S is exactly {7, 13, 91}
  -- First prove that S contains these elements
  have h₈ : 7 ∈ S := by
    rw [h₀]
    refine ⟨by norm_num, ?_, ?_⟩
    · rw [h₁, h₃]
      exact dvd_of_div_eq_one (by norm_num)
    · rw [h₂, h₄]
      exact dvd_of_div_eq_one (by norm_num)
  
  have h₉ : 13 ∈ S := by
    rw [h₀]
    refine ⟨by norm_num, ?_, ?_⟩
    · rw [h₁, h₃]
      exact dvd_of_div_eq_one (by norm_num)
    · rw [h₂, h₄]
      exact dvd_of_div_eq_one (by norm_num)
  
  have h₁₀ : 91 ∈ S := by
    rw [h₀]
    refine ⟨by norm_num, ?_, ?_⟩
    · rw [h₁, h₃]
      exact dvd_of_div_eq_one (by norm_num)
    · rw [h₂, h₄]
      exact dvd_of_div_eq_one (by norm_num)
  
  -- Now prove that S doesn't contain any other elements
  have h₁₁ : ∀ n ∈ S, n ∈ {7, 13, 91} := by
    intro n hn
    rw [h₀] at hn
    rcases hn with ⟨hle, hn₁, hn₂⟩
    rw [h₁, h₃] at hn₁
    rw [h₂, h₄] at hn₂
    have hn_common : n ∈ Nat.divisors 91 ∧ n ∈ Nat.divisors 455 := ⟨hn₁, hn₂⟩
    rw [h₅, h₆] at hn_common
    simp at hn_common
    have hn_gt_1 : 1 < n := hle
    rcases hn_common with ⟨h, _⟩
    simp [Finset.mem_insert, Finset.mem_singleton] at h
    rcases h with (rfl | rfl | rfl | rfl)
    · contradiction  -- excludes n = 1
    · exact Or.inl rfl
    · exact Or.inr (Or.inl rfl)
    · exact Or.inr (Or.inr rfl)
  
  -- Now we can characterize S exactly
  have h₁₂ : S = {7, 13, 91} := by
    apply Finset.ext
    intro n
    constructor
    · intro hn
      exact h₁₁ n hn
    · intro hn
      simp at hn
      rcases hn with (rfl | rfl | rfl)
      · exact h₈
      · exact h₉
      · exact h₁₀
  
  -- Finally, compute the sum
  rw [h₁₂]
  -- Calculate 7 + 13 + 91 = 111
  norm_num
2025-04-13 11:24:50 - INFO - ==================================================

2025-04-13 11:24:51 - INFO - Testing fragment: rw [justaplaceholder]
2025-04-13 11:24:51 - INFO - Original error line:   have h₁ : ∀ n, 171 ≡ 80 [MOD n] ↔ n ∣ (171 - 80) := by exact fun n => Int.modEq_iff_dvd
2025-04-13 11:24:53 - INFO - Testing fix: Original errors: 3, Fixed errors: 4
2025-04-13 11:24:53 - INFO - Result: False (introduced 2 new errors)
2025-04-13 11:24:53 - DEBUG - === New errors detail ===
2025-04-13 11:24:53 - DEBUG - New Error 1: line 8, type: unknown_identifier, message: unknown identifier 'justaplaceholder'
2025-04-13 11:24:53 - DEBUG - New Error 2: line 8, type: rewrite_failed, message: tactic 'rewrite' failed, equality or iff proof expected
  ?m.234
S : Finset ℕ
h₀ : ∀ (n : ℕ), n ∈ S ↔ 2 ≤ n ∧ 171 ≡ 80 [MOD n] ∧ 468 ≡ 13 [MOD n]
⊢ ∀ (n : ℕ), 171 ≡ 80 [MOD n] ↔ n ∣ 171 - 80
2025-04-13 11:24:53 - INFO - Testing fragment: rw [<- justaplaceholder]
2025-04-13 11:24:53 - INFO - Original error line:   have h₁ : ∀ n, 171 ≡ 80 [MOD n] ↔ n ∣ (171 - 80) := by exact fun n => Int.modEq_iff_dvd
2025-04-13 11:24:55 - INFO - Testing fix: Original errors: 3, Fixed errors: 4
2025-04-13 11:24:55 - INFO - Result: False (introduced 2 new errors)
2025-04-13 11:24:55 - DEBUG - === New errors detail ===
2025-04-13 11:24:55 - DEBUG - New Error 1: line 8, type: unknown_identifier, message: unknown identifier 'justaplaceholder'
2025-04-13 11:24:55 - DEBUG - New Error 2: line 8, type: rewrite_failed, message: tactic 'rewrite' failed, equality or iff proof expected
  ?m.234
S : Finset ℕ
h₀ : ∀ (n : ℕ), n ∈ S ↔ 2 ≤ n ∧ 171 ≡ 80 [MOD n] ∧ 468 ≡ 13 [MOD n]
⊢ ∀ (n : ℕ), 171 ≡ 80 [MOD n] ↔ n ∣ 171 - 80
2025-04-13 11:24:55 - INFO - Testing fragment: simp
2025-04-13 11:24:55 - INFO - Original error line:   have h₁ : ∀ n, 171 ≡ 80 [MOD n] ↔ n ∣ (171 - 80) := by exact fun n => Int.modEq_iff_dvd
2025-04-13 11:24:57 - INFO - Testing fix: Original errors: 3, Fixed errors: 3
2025-04-13 11:24:57 - INFO - Result: False (introduced 1 new errors)
2025-04-13 11:24:57 - DEBUG - === New errors detail ===
2025-04-13 11:24:57 - DEBUG - New Error 1: line 8, type: other_error, message: unsolved goals
S : Finset ℕ
h₀ : ∀ (n : ℕ), n ∈ S ↔ 2 ≤ n ∧ 171 ≡ 80 [MOD n] ∧ 468 ≡ 13 [MOD n]
⊢ ∀ (n : ℕ), 171 ≡ 80 [MOD n] ↔ n ∣ 91
2025-04-13 11:24:57 - INFO - Testing fragment: field_simp
2025-04-13 11:24:57 - INFO - Original error line:   have h₁ : ∀ n, 171 ≡ 80 [MOD n] ↔ n ∣ (171 - 80) := by exact fun n => Int.modEq_iff_dvd
2025-04-13 11:24:59 - INFO - Testing fix: Original errors: 3, Fixed errors: 3
2025-04-13 11:24:59 - INFO - Result: False (introduced 1 new errors)
2025-04-13 11:24:59 - DEBUG - === New errors detail ===
2025-04-13 11:24:59 - DEBUG - New Error 1: line 8, type: simp_failed, message: simp made no progress
2025-04-13 11:24:59 - INFO - Testing fragment: norm_num
2025-04-13 11:24:59 - INFO - Original error line:   have h₁ : ∀ n, 171 ≡ 80 [MOD n] ↔ n ∣ (171 - 80) := by exact fun n => Int.modEq_iff_dvd
2025-04-13 11:25:01 - INFO - Testing fix: Original errors: 3, Fixed errors: 3
2025-04-13 11:25:01 - INFO - Result: False (introduced 1 new errors)
2025-04-13 11:25:01 - DEBUG - === New errors detail ===
2025-04-13 11:25:01 - DEBUG - New Error 1: line 8, type: other_error, message: unsolved goals
S : Finset ℕ
h₀ : ∀ (n : ℕ), n ∈ S ↔ 2 ≤ n ∧ 171 ≡ 80 [MOD n] ∧ 468 ≡ 13 [MOD n]
⊢ ∀ (n : ℕ), 171 ≡ 80 [MOD n] ↔ n ∣ 91
2025-04-13 11:25:01 - INFO - Testing fragment: ring
2025-04-13 11:25:01 - INFO - Original error line:   have h₁ : ∀ n, 171 ≡ 80 [MOD n] ↔ n ∣ (171 - 80) := by exact fun n => Int.modEq_iff_dvd
2025-04-13 11:25:03 - INFO - Testing fix: Original errors: 3, Fixed errors: 4
2025-04-13 11:25:03 - INFO - Result: False (introduced 2 new errors)
2025-04-13 11:25:03 - DEBUG - === New errors detail ===
2025-04-13 11:25:03 - DEBUG - New Error 1: line 8, type: ring_failed, message: Try this: ring_nf
2025-04-13 11:25:03 - DEBUG - New Error 2: line 8, type: other_error, message: unsolved goals
S : Finset ℕ
h₀ : ∀ (n : ℕ), n ∈ S ↔ 2 ≤ n ∧ 171 ≡ 80 [MOD n] ∧ 468 ≡ 13 [MOD n]
⊢ ∀ (n : ℕ), 171 ≡ 80 [MOD n] ↔ n ∣ 91
2025-04-13 11:25:03 - INFO - Testing fragment: ring_nf
2025-04-13 11:25:03 - INFO - Original error line:   have h₁ : ∀ n, 171 ≡ 80 [MOD n] ↔ n ∣ (171 - 80) := by exact fun n => Int.modEq_iff_dvd
2025-04-13 11:25:05 - INFO - Testing fix: Original errors: 3, Fixed errors: 3
2025-04-13 11:25:05 - INFO - Result: False (introduced 1 new errors)
2025-04-13 11:25:05 - DEBUG - === New errors detail ===
2025-04-13 11:25:05 - DEBUG - New Error 1: line 8, type: other_error, message: unsolved goals
S : Finset ℕ
h₀ : ∀ (n : ℕ), n ∈ S ↔ 2 ≤ n ∧ 171 ≡ 80 [MOD n] ∧ 468 ≡ 13 [MOD n]
⊢ ∀ (n : ℕ), 171 ≡ 80 [MOD n] ↔ n ∣ 91
2025-04-13 11:25:05 - INFO - Testing fragment: omega
2025-04-13 11:25:05 - INFO - Original error line:   have h₁ : ∀ n, 171 ≡ 80 [MOD n] ↔ n ∣ (171 - 80) := by exact fun n => Int.modEq_iff_dvd
2025-04-13 11:25:07 - INFO - Testing fix: Original errors: 3, Fixed errors: 3
2025-04-13 11:25:07 - INFO - Result: False (introduced 1 new errors)
2025-04-13 11:25:07 - DEBUG - === New errors detail ===
2025-04-13 11:25:07 - DEBUG - New Error 1: line 8, type: other_error, message: omega could not prove the goal:
a possible counterexample may satisfy the constraints
  a ≥ 1
where
 a := ↑(171 - 80) % ↑n
2025-04-13 11:25:07 - INFO - Testing fragment: linarith
2025-04-13 11:25:07 - INFO - Original error line:   have h₁ : ∀ n, 171 ≡ 80 [MOD n] ↔ n ∣ (171 - 80) := by exact fun n => Int.modEq_iff_dvd
2025-04-13 11:25:09 - INFO - Testing fix: Original errors: 3, Fixed errors: 3
2025-04-13 11:25:09 - INFO - Result: False (introduced 1 new errors)
2025-04-13 11:25:09 - DEBUG - === New errors detail ===
2025-04-13 11:25:09 - DEBUG - New Error 1: line 8, type: linarith_failed, message: linarith failed to find a contradiction
S : Finset ℕ
h₀ : ∀ (n : ℕ), n ∈ S ↔ 2 ≤ n ∧ 171 ≡ 80 [MOD n] ∧ 468 ≡ 13 [MOD n]
⊢ False
failed
2025-04-13 11:25:09 - INFO - Testing fragment: nlinarith
2025-04-13 11:25:09 - INFO - Original error line:   have h₁ : ∀ n, 171 ≡ 80 [MOD n] ↔ n ∣ (171 - 80) := by exact fun n => Int.modEq_iff_dvd
2025-04-13 11:25:11 - INFO - Testing fix: Original errors: 3, Fixed errors: 3
2025-04-13 11:25:11 - INFO - Result: False (introduced 1 new errors)
2025-04-13 11:25:11 - DEBUG - === New errors detail ===
2025-04-13 11:25:11 - DEBUG - New Error 1: line 8, type: linarith_failed, message: linarith failed to find a contradiction
S : Finset ℕ
h₀ : ∀ (n : ℕ), n ∈ S ↔ 2 ≤ n ∧ 171 ≡ 80 [MOD n] ∧ 468 ≡ 13 [MOD n]
⊢ False
failed
2025-04-13 11:25:11 - INFO - Failed attempt time: 22.04 seconds
2025-04-13 11:25:11 - INFO - ❌ Could not generate fix for error at line 8
2025-04-13 11:25:11 - INFO - 
Trying to fix error 3/3: line 10, type: type_mismatch
2025-04-13 11:25:11 - INFO - Error message: type mismatch
  Int.modEq_iff_dvd
has type
  ?m.993 ≡ ?m.994 [ZMOD ?m.992] ↔ ?m.992 ∣ ?m.994 - ?m.99...
2025-04-13 11:25:11 - INFO - Removed header content, remaining 88 lines of code
2025-04-13 11:25:11 - INFO - Using specified target error line: 10
2025-04-13 11:25:12 - INFO - Found error at specified line: type mismatch
  Int.modEq_iff_dvd
has type
  ?m.993 ≡ ?m.994 [ZMOD ?m.992] ↔ ?m.992 ∣ ?m.994 - ?m.993 : Prop
but is expected to have type
  468 ≡ 13 [MOD n] ↔ n ∣ 468 - 13 : Prop
2025-04-13 11:25:12 - INFO - Error at line 10: type mismatch
  Int.modEq_iff_dvd
has type
  ?m.993 ≡ ?m.994 [ZMOD ?m.992] ↔ ?m.992 ∣ ?m.994 - ?m.993 : Prop
but is expected to have type
  468 ≡ 13 [MOD n] ↔ n ∣ 468 - 13 : Prop
2025-04-13 11:25:12 - INFO - 
==================================================
2025-04-13 11:25:12 - INFO - Code prepared, starting synthesis
2025-04-13 11:25:12 - INFO - Before part: /-- If $n>1$ is an integer, the notation $a\equiv b\pmod{n}$ means that $(a-b)$ is a multiple of $n$. 
Find the sum of all possible values of $n$ such that both of the following are true: 
$171\equiv80\pmod{n}$ and $468\equiv13\pmod{n}$. Show that it is 111.-/
theorem mathd_numbertheory_303 (S : Finset ℕ)
  (h₀ : ∀ n : ℕ, n ∈ S ↔ 2 ≤ n ∧ 171 ≡ 80 [MOD n] ∧ 468 ≡ 13 [MOD n]) : (∑ k in S, k) = 111 := by
  -- First, we'll find all natural numbers n > 1 that satisfy both congruences
  -- From 171 ≡ 80 [MOD n], we get n divides (171 - 80) = 91
  have h₁ : ∀ n, 171 ≡ 80 [MOD n] ↔ n ∣ (171 - 80) := by exact fun n => Int.modEq_iff_dvd
  -- Similarly, from 468 ≡ 13 [MOD n], we get n divides (468 - 13) = 455
2025-04-13 11:25:12 - INFO - Error line:   have h₂ : ∀ n, 468 ≡ 13 [MOD n] ↔ n ∣ (468 - 13) := by exact fun n => Int.modEq_iff_dvd
2025-04-13 11:25:12 - INFO - After part: -- Compute the differences
  have h₃ : 171 - 80 = 91 := by norm_num
  have h₄ : 468 - 13 = 455 := by norm_num
  
  -- So n must be a common divisor of both 91 and 455
  -- First, find all divisors of 91
  have h₅ : Nat.divisors 91 = {1, 7, 13, 91} := by decide
  -- Then find all divisors of 455
  have h₆ : Nat.divisors 455 = {1, 5, 7, 13, 35, 65, 91, 455} := by decide
  
  -- The common divisors are the intersection of these two sets
  have h₇ : {1, 7, 13, 91} ∩ {1, 5, 7, 13, 35, 65, 91, 455} = {1, 7, 13, 91} := by decide
  
  -- Since we need n > 1, we consider {7, 13, 91}
  -- Now we need to verify that S is exactly {7, 13, 91}
  -- First prove that S contains these elements
  have h₈ : 7 ∈ S := by
    rw [h₀]
    refine ⟨by norm_num, ?_, ?_⟩
    · rw [h₁, h₃]
      exact dvd_of_div_eq_one (by norm_num)
    · rw [h₂, h₄]
      exact dvd_of_div_eq_one (by norm_num)
  
  have h₉ : 13 ∈ S := by
    rw [h₀]
    refine ⟨by norm_num, ?_, ?_⟩
    · rw [h₁, h₃]
      exact dvd_of_div_eq_one (by norm_num)
    · rw [h₂, h₄]
      exact dvd_of_div_eq_one (by norm_num)
  
  have h₁₀ : 91 ∈ S := by
    rw [h₀]
    refine ⟨by norm_num, ?_, ?_⟩
    · rw [h₁, h₃]
      exact dvd_of_div_eq_one (by norm_num)
    · rw [h₂, h₄]
      exact dvd_of_div_eq_one (by norm_num)
  
  -- Now prove that S doesn't contain any other elements
  have h₁₁ : ∀ n ∈ S, n ∈ {7, 13, 91} := by
    intro n hn
    rw [h₀] at hn
    rcases hn with ⟨hle, hn₁, hn₂⟩
    rw [h₁, h₃] at hn₁
    rw [h₂, h₄] at hn₂
    have hn_common : n ∈ Nat.divisors 91 ∧ n ∈ Nat.divisors 455 := ⟨hn₁, hn₂⟩
    rw [h₅, h₆] at hn_common
    simp at hn_common
    have hn_gt_1 : 1 < n := hle
    rcases hn_common with ⟨h, _⟩
    simp [Finset.mem_insert, Finset.mem_singleton] at h
    rcases h with (rfl | rfl | rfl | rfl)
    · contradiction  -- excludes n = 1
    · exact Or.inl rfl
    · exact Or.inr (Or.inl rfl)
    · exact Or.inr (Or.inr rfl)
  
  -- Now we can characterize S exactly
  have h₁₂ : S = {7, 13, 91} := by
    apply Finset.ext
    intro n
    constructor
    · intro hn
      exact h₁₁ n hn
    · intro hn
      simp at hn
      rcases hn with (rfl | rfl | rfl)
      · exact h₈
      · exact h₉
      · exact h₁₀
  
  -- Finally, compute the sum
  rw [h₁₂]
  -- Calculate 7 + 13 + 91 = 111
  norm_num
2025-04-13 11:25:12 - INFO - ==================================================

2025-04-13 11:25:13 - INFO - Testing fragment: rw [justaplaceholder]
2025-04-13 11:25:13 - INFO - Original error line:   have h₂ : ∀ n, 468 ≡ 13 [MOD n] ↔ n ∣ (468 - 13) := by exact fun n => Int.modEq_iff_dvd
2025-04-13 11:25:15 - INFO - Testing fix: Original errors: 3, Fixed errors: 4
2025-04-13 11:25:15 - INFO - Result: False (introduced 2 new errors)
2025-04-13 11:25:15 - DEBUG - === New errors detail ===
2025-04-13 11:25:15 - DEBUG - New Error 1: line 10, type: unknown_identifier, message: unknown identifier 'justaplaceholder'
2025-04-13 11:25:15 - DEBUG - New Error 2: line 10, type: rewrite_failed, message: tactic 'rewrite' failed, equality or iff proof expected
  ?m.990
S : Finset ℕ
h₀ : ∀ (n : ℕ), n ∈ S ↔ 2 ≤ n ∧ 171 ≡ 80 [MOD n] ∧ 468 ≡ 13 [MOD n]
h₁ : ∀ (n : ℕ), 171 ≡ 80 [MOD n] ↔ n ∣ 171 - 80
⊢ ∀ (n : ℕ), 468 ≡ 13 [MOD n] ↔ n ∣ 468 - 13
2025-04-13 11:25:15 - INFO - Testing fragment: rw [<- justaplaceholder]
2025-04-13 11:25:15 - INFO - Original error line:   have h₂ : ∀ n, 468 ≡ 13 [MOD n] ↔ n ∣ (468 - 13) := by exact fun n => Int.modEq_iff_dvd
2025-04-13 11:25:17 - INFO - Testing fix: Original errors: 3, Fixed errors: 4
2025-04-13 11:25:17 - INFO - Result: False (introduced 2 new errors)
2025-04-13 11:25:17 - DEBUG - === New errors detail ===
2025-04-13 11:25:17 - DEBUG - New Error 1: line 10, type: unknown_identifier, message: unknown identifier 'justaplaceholder'
2025-04-13 11:25:17 - DEBUG - New Error 2: line 10, type: rewrite_failed, message: tactic 'rewrite' failed, equality or iff proof expected
  ?m.990
S : Finset ℕ
h₀ : ∀ (n : ℕ), n ∈ S ↔ 2 ≤ n ∧ 171 ≡ 80 [MOD n] ∧ 468 ≡ 13 [MOD n]
h₁ : ∀ (n : ℕ), 171 ≡ 80 [MOD n] ↔ n ∣ 171 - 80
⊢ ∀ (n : ℕ), 468 ≡ 13 [MOD n] ↔ n ∣ 468 - 13
2025-04-13 11:25:17 - INFO - Testing fragment: simp
2025-04-13 11:25:17 - INFO - Original error line:   have h₂ : ∀ n, 468 ≡ 13 [MOD n] ↔ n ∣ (468 - 13) := by exact fun n => Int.modEq_iff_dvd
2025-04-13 11:25:19 - INFO - Testing fix: Original errors: 3, Fixed errors: 3
2025-04-13 11:25:19 - INFO - Result: False (introduced 1 new errors)
2025-04-13 11:25:19 - DEBUG - === New errors detail ===
2025-04-13 11:25:19 - DEBUG - New Error 1: line 10, type: other_error, message: unsolved goals
S : Finset ℕ
h₀ : ∀ (n : ℕ), n ∈ S ↔ 2 ≤ n ∧ 171 ≡ 80 [MOD n] ∧ 468 ≡ 13 [MOD n]
h₁ : ∀ (n : ℕ), 171 ≡ 80 [MOD n] ↔ n ∣ 171 - 80
⊢ ∀ (n : ℕ), 468 ≡ 13 [MOD n] ↔ n ∣ 455
2025-04-13 11:25:19 - INFO - Testing fragment: field_simp
2025-04-13 11:25:19 - INFO - Original error line:   have h₂ : ∀ n, 468 ≡ 13 [MOD n] ↔ n ∣ (468 - 13) := by exact fun n => Int.modEq_iff_dvd
2025-04-13 11:25:21 - INFO - Testing fix: Original errors: 3, Fixed errors: 3
2025-04-13 11:25:21 - INFO - Result: False (introduced 1 new errors)
2025-04-13 11:25:21 - DEBUG - === New errors detail ===
2025-04-13 11:25:21 - DEBUG - New Error 1: line 10, type: simp_failed, message: simp made no progress
2025-04-13 11:25:21 - INFO - Testing fragment: norm_num
2025-04-13 11:25:21 - INFO - Original error line:   have h₂ : ∀ n, 468 ≡ 13 [MOD n] ↔ n ∣ (468 - 13) := by exact fun n => Int.modEq_iff_dvd
2025-04-13 11:25:23 - INFO - Testing fix: Original errors: 3, Fixed errors: 3
2025-04-13 11:25:23 - INFO - Result: False (introduced 1 new errors)
2025-04-13 11:25:23 - DEBUG - === New errors detail ===
2025-04-13 11:25:23 - DEBUG - New Error 1: line 10, type: other_error, message: unsolved goals
S : Finset ℕ
h₀ : ∀ (n : ℕ), n ∈ S ↔ 2 ≤ n ∧ 171 ≡ 80 [MOD n] ∧ 468 ≡ 13 [MOD n]
h₁ : ∀ (n : ℕ), 171 ≡ 80 [MOD n] ↔ n ∣ 171 - 80
⊢ ∀ (n : ℕ), 468 ≡ 13 [MOD n] ↔ n ∣ 455
2025-04-13 11:25:23 - INFO - Testing fragment: ring
2025-04-13 11:25:23 - INFO - Original error line:   have h₂ : ∀ n, 468 ≡ 13 [MOD n] ↔ n ∣ (468 - 13) := by exact fun n => Int.modEq_iff_dvd
2025-04-13 11:25:25 - INFO - Testing fix: Original errors: 3, Fixed errors: 4
2025-04-13 11:25:25 - INFO - Result: False (introduced 2 new errors)
2025-04-13 11:25:25 - DEBUG - === New errors detail ===
2025-04-13 11:25:25 - DEBUG - New Error 1: line 10, type: ring_failed, message: Try this: ring_nf
2025-04-13 11:25:25 - DEBUG - New Error 2: line 10, type: other_error, message: unsolved goals
S : Finset ℕ
h₀ : ∀ (n : ℕ), n ∈ S ↔ 2 ≤ n ∧ 171 ≡ 80 [MOD n] ∧ 468 ≡ 13 [MOD n]
h₁ : ∀ (n : ℕ), 171 ≡ 80 [MOD n] ↔ n ∣ 171 - 80
⊢ ∀ (n : ℕ), 468 ≡ 13 [MOD n] ↔ n ∣ 455
2025-04-13 11:25:25 - INFO - Testing fragment: ring_nf
2025-04-13 11:25:25 - INFO - Original error line:   have h₂ : ∀ n, 468 ≡ 13 [MOD n] ↔ n ∣ (468 - 13) := by exact fun n => Int.modEq_iff_dvd
2025-04-13 11:25:27 - INFO - Testing fix: Original errors: 3, Fixed errors: 3
2025-04-13 11:25:27 - INFO - Result: False (introduced 1 new errors)
2025-04-13 11:25:27 - DEBUG - === New errors detail ===
2025-04-13 11:25:27 - DEBUG - New Error 1: line 10, type: other_error, message: unsolved goals
S : Finset ℕ
h₀ : ∀ (n : ℕ), n ∈ S ↔ 2 ≤ n ∧ 171 ≡ 80 [MOD n] ∧ 468 ≡ 13 [MOD n]
h₁ : ∀ (n : ℕ), 171 ≡ 80 [MOD n] ↔ n ∣ 171 - 80
⊢ ∀ (n : ℕ), 468 ≡ 13 [MOD n] ↔ n ∣ 455
2025-04-13 11:25:27 - INFO - Testing fragment: omega
2025-04-13 11:25:27 - INFO - Original error line:   have h₂ : ∀ n, 468 ≡ 13 [MOD n] ↔ n ∣ (468 - 13) := by exact fun n => Int.modEq_iff_dvd
2025-04-13 11:25:29 - INFO - Testing fix: Original errors: 3, Fixed errors: 3
2025-04-13 11:25:29 - INFO - Result: False (introduced 1 new errors)
2025-04-13 11:25:29 - DEBUG - === New errors detail ===
2025-04-13 11:25:29 - DEBUG - New Error 1: line 10, type: other_error, message: omega could not prove the goal:
a possible counterexample may satisfy the constraints
  a ≥ 1
where
 a := ↑(468 - 13) % ↑n
2025-04-13 11:25:29 - INFO - Testing fragment: linarith
2025-04-13 11:25:29 - INFO - Original error line:   have h₂ : ∀ n, 468 ≡ 13 [MOD n] ↔ n ∣ (468 - 13) := by exact fun n => Int.modEq_iff_dvd
2025-04-13 11:25:31 - INFO - Testing fix: Original errors: 3, Fixed errors: 3
2025-04-13 11:25:31 - INFO - Result: False (introduced 1 new errors)
2025-04-13 11:25:31 - DEBUG - === New errors detail ===
2025-04-13 11:25:31 - DEBUG - New Error 1: line 10, type: linarith_failed, message: linarith failed to find a contradiction
S : Finset ℕ
h₀ : ∀ (n : ℕ), n ∈ S ↔ 2 ≤ n ∧ 171 ≡ 80 [MOD n] ∧ 468 ≡ 13 [MOD n]
h₁ : ∀ (n : ℕ), 171 ≡ 80 [MOD n] ↔ n ∣ 171 - 80
⊢ False
failed
2025-04-13 11:25:31 - INFO - Testing fragment: nlinarith
2025-04-13 11:25:31 - INFO - Original error line:   have h₂ : ∀ n, 468 ≡ 13 [MOD n] ↔ n ∣ (468 - 13) := by exact fun n => Int.modEq_iff_dvd
2025-04-13 11:25:33 - INFO - Testing fix: Original errors: 3, Fixed errors: 3
2025-04-13 11:25:33 - INFO - Result: False (introduced 1 new errors)
2025-04-13 11:25:33 - DEBUG - === New errors detail ===
2025-04-13 11:25:33 - DEBUG - New Error 1: line 10, type: linarith_failed, message: linarith failed to find a contradiction
S : Finset ℕ
h₀ : ∀ (n : ℕ), n ∈ S ↔ 2 ≤ n ∧ 171 ≡ 80 [MOD n] ∧ 468 ≡ 13 [MOD n]
h₁ : ∀ (n : ℕ), 171 ≡ 80 [MOD n] ↔ n ∣ 171 - 80
⊢ False
failed
2025-04-13 11:25:33 - INFO - Failed attempt time: 22.04 seconds
2025-04-13 11:25:33 - INFO - ❌ Could not generate fix for error at line 10
2025-04-13 11:25:34 - INFO - 
===== Fix attempt completed =====
2025-04-13 11:25:34 - INFO - Original errors: 3
2025-04-13 11:25:34 - INFO - Fixed errors: 0
2025-04-13 11:25:34 - INFO - Failed errors: 3
2025-04-13 11:25:34 - INFO - Remaining errors: 3
2025-04-13 11:25:34 - INFO - Total time: 68.12 seconds
2025-04-13 11:25:34 - INFO - 
Final fixed code:
2025-04-13 11:25:34 - INFO - ----------------------------------------
2025-04-13 11:25:34 - INFO - /-- If $n>1$ is an integer, the notation $a\equiv b\pmod{n}$ means that $(a-b)$ is a multiple of $n$. 
Find the sum of all possible values of $n$ such that both of the following are true: 
$171\equiv80\pmod{n}$ and $468\equiv13\pmod{n}$. Show that it is 111.-/
theorem mathd_numbertheory_303 (S : Finset ℕ)
  (h₀ : ∀ n : ℕ, n ∈ S ↔ 2 ≤ n ∧ 171 ≡ 80 [MOD n] ∧ 468 ≡ 13 [MOD n]) : (∑ k in S, k) = 111 := by
  -- First, we'll find all natural numbers n > 1 that satisfy both congruences
  -- From 171 ≡ 80 [MOD n], we get n divides (171 - 80) = 91
  have h₁ : ∀ n, 171 ≡ 80 [MOD n] ↔ n ∣ (171 - 80) := by exact fun n => Int.modEq_iff_dvd
  -- Similarly, from 468 ≡ 13 [MOD n], we get n divides (468 - 13) = 455
  have h₂ : ∀ n, 468 ≡ 13 [MOD n] ↔ n ∣ (468 - 13) := by exact fun n => Int.modEq_iff_dvd
  
  -- Compute the differences
  have h₃ : 171 - 80 = 91 := by norm_num
  have h₄ : 468 - 13 = 455 := by norm_num
  
  -- So n must be a common divisor of both 91 and 455
  -- First, find all divisors of 91
  have h₅ : Nat.divisors 91 = {1, 7, 13, 91} := by decide
  -- Then find all divisors of 455
  have h₆ : Nat.divisors 455 = {1, 5, 7, 13, 35, 65, 91, 455} := by decide
  
  -- The common divisors are the intersection of these two sets
  have h₇ : {1, 7, 13, 91} ∩ {1, 5, 7, 13, 35, 65, 91, 455} = {1, 7, 13, 91} := by decide
  
  -- Since we need n > 1, we consider {7, 13, 91}
  -- Now we need to verify that S is exactly {7, 13, 91}
  -- First prove that S contains these elements
  have h₈ : 7 ∈ S := by
    rw [h₀]
    refine ⟨by norm_num, ?_, ?_⟩
    · rw [h₁, h₃]
      exact dvd_of_div_eq_one (by norm_num)
    · rw [h₂, h₄]
      exact dvd_of_div_eq_one (by norm_num)
  
  have h₉ : 13 ∈ S := by
    rw [h₀]
    refine ⟨by norm_num, ?_, ?_⟩
    · rw [h₁, h₃]
      exact dvd_of_div_eq_one (by norm_num)
    · rw [h₂, h₄]
      exact dvd_of_div_eq_one (by norm_num)
  
  have h₁₀ : 91 ∈ S := by
    rw [h₀]
    refine ⟨by norm_num, ?_, ?_⟩
    · rw [h₁, h₃]
      exact dvd_of_div_eq_one (by norm_num)
    · rw [h₂, h₄]
      exact dvd_of_div_eq_one (by norm_num)
  
  -- Now prove that S doesn't contain any other elements
  have h₁₁ : ∀ n ∈ S, n ∈ {7, 13, 91} := by
    intro n hn
    rw [h₀] at hn
    rcases hn with ⟨hle, hn₁, hn₂⟩
    rw [h₁, h₃] at hn₁
    rw [h₂, h₄] at hn₂
    have hn_common : n ∈ Nat.divisors 91 ∧ n ∈ Nat.divisors 455 := ⟨hn₁, hn₂⟩
    rw [h₅, h₆] at hn_common
    simp at hn_common
    have hn_gt_1 : 1 < n := hle
    rcases hn_common with ⟨h, _⟩
    simp [Finset.mem_insert, Finset.mem_singleton] at h
    rcases h with (rfl | rfl | rfl | rfl)
    · contradiction  -- excludes n = 1
    · exact Or.inl rfl
    · exact Or.inr (Or.inl rfl)
    · exact Or.inr (Or.inr rfl)
  
  -- Now we can characterize S exactly
  have h₁₂ : S = {7, 13, 91} := by
    apply Finset.ext
    intro n
    constructor
    · intro hn
      exact h₁₁ n hn
    · intro hn
      simp at hn
      rcases hn with (rfl | rfl | rfl)
      · exact h₈
      · exact h₉
      · exact h₁₀
  
  -- Finally, compute the sum
  rw [h₁₂]
  -- Calculate 7 + 13 + 91 = 111
  norm_num
2025-04-13 11:25:34 - INFO - ----------------------------------------
2025-04-13 11:25:34 - INFO - 
Detailed error repair report:
2025-04-13 11:25:34 - INFO - Original code error count: 3
❌ Fixed error 1/3: Could not generate fix for error at line 5 «other_error» (after 22.04s)
❌ Fixed error 2/3: Could not generate fix for error at line 8 «type_mismatch» (after 22.04s)
❌ Fixed error 3/3: Could not generate fix for error at line 10 «type_mismatch» (after 22.04s)

=== Fix statistics ===
Original error count: 3
Fixed errors: 0 (Fix rate: 0.0000)
Failed errors: 3
Remaining errors: 3
Total time: 68.12 seconds

=== Failed fix details ===

Failed fix 1:
   Line: 5
   Error type: other_error
   Original error message: unsolved goals
S : Finset ℕ
h₀ : ∀ (n : ℕ), n ∈ S ↔ 2 ≤ n ∧ 171 ≡ 80 [MOD n] ∧ 468 ≡ 13 [MOD n]
h₁ :...
   Failure reason: Could not generate fix
   Time: 22.04 seconds

Failed fix 2:
   Line: 8
   Error type: type_mismatch
   Original error message: type mismatch
  Int.modEq_iff_dvd
has type
  ?m.237 ≡ ?m.238 [ZMOD ?m.236] ↔ ?m.236 ∣ ?m.238 - ?m.23...
   Failure reason: Could not generate fix
   Time: 22.04 seconds

Failed fix 3:
   Line: 10
   Error type: type_mismatch
   Original error message: type mismatch
  Int.modEq_iff_dvd
has type
  ?m.993 ≡ ?m.994 [ZMOD ?m.992] ↔ ?m.992 ∣ ?m.994 - ?m.99...
   Failure reason: Could not generate fix
   Time: 22.04 seconds
2025-04-13 11:25:34 - INFO - 
Fixed code saved to: /data/coding/minif2f/lean_fixed/92_fixed.lean
2025-04-13 11:25:34 - INFO - JSON log saved to: /data/coding/minif2f/lean_fixed/92_fix_log.json
2025-04-13 11:25:34 - INFO - 
===== LOG FILE LOCATION =====
2025-04-13 11:25:34 - INFO - Detailed log file is available at: /data/coding/minif2f/lean_fixed/92.log
2025-04-13 11:25:34 - INFO - ===============================
