2025-04-13 11:15:53 - INFO - Log file initialized at 2025-04-13T11:15:53.233280
2025-04-13 11:15:53 - INFO - ===== LOG FILE LOCATION =====
2025-04-13 11:15:53 - INFO - Detailed log file created at: /data/coding/minif2f/lean_fixed/95.log
2025-04-13 11:15:53 - INFO - ===============================
2025-04-13 11:15:53 - INFO - Original code:
2025-04-13 11:15:53 - INFO - ----------------------------------------
2025-04-13 11:15:53 - INFO - import Mathlib
import Aesop

set_option maxHeartbeats 0

open BigOperators Real Nat Topology Rat

/-- If $a * b = a^b + b^a$, for all positive integer values of $a$ and $b$, then what is the value of $2 * 6$? Show that it is 100.-/
theorem mathd_algebra_15 (s : ℕ → ℕ → ℕ)
    (h₀ : ∀ a b, 0 < a ∧ 0 < b → s a b = a ^ (b : ℕ) + b ^ (a : ℕ)) : s 2 6 = 100 := by
  -- First, we need to compute s 2 6 using the given definition
  -- The hypothesis h₀ tells us how s is defined for positive a and b
  -- We'll apply this hypothesis with a = 2 and b = 6
  
  -- Step 1: Prove that 2 and 6 are positive
  have h_pos : 0 < 2 ∧ 0 < 6 := by
    -- Both 0 < 2 and 0 < 6 are true by definition
    -- We can prove this using the `simp` tactic which simplifies basic arithmetic
    simp only [zero_lt_two, zero_lt_succ]
  
  -- Step 2: Apply the hypothesis h₀ with a = 2 and b = 6
  -- This will give us the equation for s 2 6
  have h_eq := h₀ 2 6 h_pos
  -- Now h_eq states: s 2 6 = 2^6 + 6^2
  
  -- Step 3: Compute 2^6 and 6^2
  -- First, let's compute 2^6
  have h_two_pow_six : (2:ℕ)^6 = 64 := by
    -- We can compute this step by step:
    -- 2^6 = 2^(5+1) = 2^5 * 2
    -- Continuing this way until we reach base case
    -- But in Lean, we can just use norm_num which can compute concrete numbers
    norm_num
  
  -- Now compute 6^2
  have h_six_pow_two : (6:ℕ)^2 = 36 := by
    -- Similarly, 6^2 = 6 * 6 = 36
    norm_num
  
  -- Step 4: Combine the results
  -- From h_eq, we know s 2 6 = 2^6 + 6^2
  -- We've computed both terms, so let's substitute them
  rw [h_eq, h_two_pow_six, h_six_pow_two]
  -- Now the goal is 64 + 36 = 100
  
  -- Step 5: Compute the final sum
  -- We can use norm_num again to verify the addition
  norm_num
2025-04-13 11:15:53 - INFO - ----------------------------------------
2025-04-13 11:15:53 - INFO - 
Checking original code for all errors...
2025-04-13 11:18:55 - INFO - Original code contains 2 errors:
2025-04-13 11:18:55 - INFO - Error 1: line 9, type: other_error, message: unsolved goals
s : ℕ → ℕ → ℕ
h₀ : ∀ (a b : ℕ), 0 < a ∧ 0 < b → s a b = a ^ b + b ^ a
⊢ True ∧ True...
2025-04-13 11:18:55 - INFO - Error 2: line 41, type: no_goals_to_solve, message: no goals to be solved...
2025-04-13 11:18:55 - INFO - 
Starting multi-error continuous repair process...
2025-04-13 11:18:55 - INFO - 
===== Starting to fix all errors =====
2025-04-13 11:18:56 - INFO - 
Found 2 original errors:
2025-04-13 11:18:56 - INFO - Error 1: line 9, type: other_error, message: unsolved goals
s : ℕ → ℕ → ℕ
h₀ : ∀ (a b : ℕ), 0 < a ∧ 0 < b → s a b = a ^ b + b ^ a
⊢ True ∧ True...
2025-04-13 11:18:56 - INFO - Error 2: line 41, type: no_goals_to_solve, message: no goals to be solved...
2025-04-13 11:18:56 - INFO - 
Trying to fix error 1/2: line 9, type: other_error
2025-04-13 11:18:56 - INFO - Error message: unsolved goals
s : ℕ → ℕ → ℕ
h₀ : ∀ (a b : ℕ), 0 < a ∧ 0 < b → s a b = a ^ b + b ^ a
⊢ True ∧ True...
2025-04-13 11:18:56 - INFO - Removed header content, remaining 41 lines of code
2025-04-13 11:18:56 - INFO - Using specified target error line: 9
2025-04-13 11:18:57 - INFO - Found error at specified line: unsolved goals
s : ℕ → ℕ → ℕ
h₀ : ∀ (a b : ℕ), 0 < a ∧ 0 < b → s a b = a ^ b + b ^ a
⊢ True ∧ True
2025-04-13 11:18:57 - INFO - Error at line 9: unsolved goals
s : ℕ → ℕ → ℕ
h₀ : ∀ (a b : ℕ), 0 < a ∧ 0 < b → s a b = a ^ b + b ^ a
⊢ True ∧ True
2025-04-13 11:18:57 - INFO - 
==================================================
2025-04-13 11:18:57 - INFO - Code prepared, starting synthesis
2025-04-13 11:18:57 - INFO - Before part: /-- If $a * b = a^b + b^a$, for all positive integer values of $a$ and $b$, then what is the value of $2 * 6$? Show that it is 100.-/
theorem mathd_algebra_15 (s : ℕ → ℕ → ℕ)
    (h₀ : ∀ a b, 0 < a ∧ 0 < b → s a b = a ^ (b : ℕ) + b ^ (a : ℕ)) : s 2 6 = 100 := by
  -- First, we need to compute s 2 6 using the given definition
  -- The hypothesis h₀ tells us how s is defined for positive a and b
  -- We'll apply this hypothesis with a = 2 and b = 6
  
  -- Step 1: Prove that 2 and 6 are positive
2025-04-13 11:18:57 - INFO - Error line:   have h_pos : 0 < 2 ∧ 0 < 6 := by
2025-04-13 11:18:57 - INFO - After part: -- Both 0 < 2 and 0 < 6 are true by definition
    -- We can prove this using the `simp` tactic which simplifies basic arithmetic
    simp only [zero_lt_two, zero_lt_succ]
  
  -- Step 2: Apply the hypothesis h₀ with a = 2 and b = 6
  -- This will give us the equation for s 2 6
  have h_eq := h₀ 2 6 h_pos
  -- Now h_eq states: s 2 6 = 2^6 + 6^2
  
  -- Step 3: Compute 2^6 and 6^2
  -- First, let's compute 2^6
  have h_two_pow_six : (2:ℕ)^6 = 64 := by
    -- We can compute this step by step:
    -- 2^6 = 2^(5+1) = 2^5 * 2
    -- Continuing this way until we reach base case
    -- But in Lean, we can just use norm_num which can compute concrete numbers
    norm_num
  
  -- Now compute 6^2
  have h_six_pow_two : (6:ℕ)^2 = 36 := by
    -- Similarly, 6^2 = 6 * 6 = 36
    norm_num
  
  -- Step 4: Combine the results
  -- From h_eq, we know s 2 6 = 2^6 + 6^2
  -- We've computed both terms, so let's substitute them
  rw [h_eq, h_two_pow_six, h_six_pow_two]
  -- Now the goal is 64 + 36 = 100
  
  -- Step 5: Compute the final sum
  -- We can use norm_num again to verify the addition
  norm_num
2025-04-13 11:18:57 - INFO - ==================================================

2025-04-13 11:18:58 - INFO - Testing fragment: rw [justaplaceholder]
2025-04-13 11:18:58 - INFO - Original error line:   have h_pos : 0 < 2 ∧ 0 < 6 := by
2025-04-13 11:19:00 - INFO - Testing fix: Original errors: 2, Fixed errors: 3
2025-04-13 11:19:00 - INFO - Result: False (introduced 3 new errors)
2025-04-13 11:19:00 - DEBUG - === New errors detail ===
2025-04-13 11:19:00 - DEBUG - New Error 1: line 9, type: unknown_identifier, message: unknown identifier 'justaplaceholder'
2025-04-13 11:19:00 - DEBUG - New Error 2: line 9, type: rewrite_failed, message: tactic 'rewrite' failed, equality or iff proof expected
  ?m.501
s : ℕ → ℕ → ℕ
h₀ : ∀ (a b : ℕ), 0 < a ∧ 0 < b → s a b = a ^ b + b ^ a
⊢ s 2 6 = 100
2025-04-13 11:19:00 - DEBUG - New Error 3: line 12, type: other_error, message: unexpected identifier; expected command
2025-04-13 11:19:00 - INFO - Testing fragment: rw [<- justaplaceholder]
2025-04-13 11:19:00 - INFO - Original error line:   have h_pos : 0 < 2 ∧ 0 < 6 := by
2025-04-13 11:19:02 - INFO - Testing fix: Original errors: 2, Fixed errors: 3
2025-04-13 11:19:02 - INFO - Result: False (introduced 3 new errors)
2025-04-13 11:19:02 - DEBUG - === New errors detail ===
2025-04-13 11:19:02 - DEBUG - New Error 1: line 9, type: unknown_identifier, message: unknown identifier 'justaplaceholder'
2025-04-13 11:19:02 - DEBUG - New Error 2: line 9, type: rewrite_failed, message: tactic 'rewrite' failed, equality or iff proof expected
  ?m.501
s : ℕ → ℕ → ℕ
h₀ : ∀ (a b : ℕ), 0 < a ∧ 0 < b → s a b = a ^ b + b ^ a
⊢ s 2 6 = 100
2025-04-13 11:19:02 - DEBUG - New Error 3: line 12, type: other_error, message: unexpected identifier; expected command
2025-04-13 11:19:02 - INFO - Testing fragment: simp
2025-04-13 11:19:02 - INFO - Original error line:   have h_pos : 0 < 2 ∧ 0 < 6 := by
2025-04-13 11:19:04 - INFO - Testing fix: Original errors: 2, Fixed errors: 2
2025-04-13 11:19:04 - INFO - Result: False (introduced 2 new errors)
2025-04-13 11:19:04 - DEBUG - === New errors detail ===
2025-04-13 11:19:04 - DEBUG - New Error 1: line 9, type: simp_failed, message: simp made no progress
2025-04-13 11:19:04 - DEBUG - New Error 2: line 12, type: other_error, message: unexpected identifier; expected command
2025-04-13 11:19:04 - INFO - Testing fragment: field_simp
2025-04-13 11:19:04 - INFO - Original error line:   have h_pos : 0 < 2 ∧ 0 < 6 := by
2025-04-13 11:19:06 - INFO - Testing fix: Original errors: 2, Fixed errors: 2
2025-04-13 11:19:06 - INFO - Result: False (introduced 2 new errors)
2025-04-13 11:19:06 - DEBUG - === New errors detail ===
2025-04-13 11:19:06 - DEBUG - New Error 1: line 9, type: simp_failed, message: simp made no progress
2025-04-13 11:19:06 - DEBUG - New Error 2: line 12, type: other_error, message: unexpected identifier; expected command
2025-04-13 11:19:06 - INFO - Testing fragment: norm_num
2025-04-13 11:19:06 - INFO - Original error line:   have h_pos : 0 < 2 ∧ 0 < 6 := by
2025-04-13 11:19:08 - INFO - Testing fix: Original errors: 2, Fixed errors: 2
2025-04-13 11:19:08 - INFO - Result: False (introduced 2 new errors)
2025-04-13 11:19:08 - DEBUG - === New errors detail ===
2025-04-13 11:19:08 - DEBUG - New Error 1: line 3, type: other_error, message: unsolved goals
s : ℕ → ℕ → ℕ
h₀ : ∀ (a b : ℕ), 0 < a ∧ 0 < b → s a b = a ^ b + b ^ a
⊢ s 2 6 = 100
2025-04-13 11:19:08 - DEBUG - New Error 2: line 12, type: other_error, message: unexpected identifier; expected command
2025-04-13 11:19:08 - INFO - Testing fragment: ring
2025-04-13 11:19:08 - INFO - Original error line:   have h_pos : 0 < 2 ∧ 0 < 6 := by
2025-04-13 11:19:10 - INFO - Testing fix: Original errors: 2, Fixed errors: 3
2025-04-13 11:19:10 - INFO - Result: False (introduced 3 new errors)
2025-04-13 11:19:10 - DEBUG - === New errors detail ===
2025-04-13 11:19:10 - DEBUG - New Error 1: line 9, type: ring_failed, message: Try this: ring_nf
2025-04-13 11:19:10 - DEBUG - New Error 2: line 3, type: other_error, message: unsolved goals
s : ℕ → ℕ → ℕ
h₀ : ∀ (a b : ℕ), 0 < a ∧ 0 < b → s a b = a ^ b + b ^ a
⊢ s 2 6 = 100
2025-04-13 11:19:10 - DEBUG - New Error 3: line 12, type: other_error, message: unexpected identifier; expected command
2025-04-13 11:19:10 - INFO - Testing fragment: ring_nf
2025-04-13 11:19:10 - INFO - Original error line:   have h_pos : 0 < 2 ∧ 0 < 6 := by
2025-04-13 11:19:12 - INFO - Testing fix: Original errors: 2, Fixed errors: 2
2025-04-13 11:19:12 - INFO - Result: False (introduced 2 new errors)
2025-04-13 11:19:12 - DEBUG - === New errors detail ===
2025-04-13 11:19:12 - DEBUG - New Error 1: line 3, type: other_error, message: unsolved goals
s : ℕ → ℕ → ℕ
h₀ : ∀ (a b : ℕ), 0 < a ∧ 0 < b → s a b = a ^ b + b ^ a
⊢ s 2 6 = 100
2025-04-13 11:19:12 - DEBUG - New Error 2: line 12, type: other_error, message: unexpected identifier; expected command
2025-04-13 11:19:12 - INFO - Testing fragment: omega
2025-04-13 11:19:12 - INFO - Original error line:   have h_pos : 0 < 2 ∧ 0 < 6 := by
2025-04-13 11:19:14 - INFO - Testing fix: Original errors: 2, Fixed errors: 2
2025-04-13 11:19:14 - INFO - Result: False (introduced 2 new errors)
2025-04-13 11:19:14 - DEBUG - === New errors detail ===
2025-04-13 11:19:14 - DEBUG - New Error 1: line 9, type: other_error, message: omega could not prove the goal:
a possible counterexample may satisfy the constraints
  0 ≤ a ≤ 99
where
 a := ↑(s 2 6)
2025-04-13 11:19:14 - DEBUG - New Error 2: line 12, type: other_error, message: unexpected identifier; expected command
2025-04-13 11:19:14 - INFO - Testing fragment: linarith
2025-04-13 11:19:14 - INFO - Original error line:   have h_pos : 0 < 2 ∧ 0 < 6 := by
2025-04-13 11:19:16 - INFO - Testing fix: Original errors: 2, Fixed errors: 2
2025-04-13 11:19:16 - INFO - Result: False (introduced 2 new errors)
2025-04-13 11:19:16 - DEBUG - === New errors detail ===
2025-04-13 11:19:16 - DEBUG - New Error 1: line 9, type: linarith_failed, message: linarith failed to find a contradiction
case h1.h
s : ℕ → ℕ → ℕ
h₀ : ∀ (a b : ℕ), 0 < a ∧ 0 < b → s a b = a ^ b + b ^ a
a✝ : s 2 6 < 100
⊢ False
failed
2025-04-13 11:19:16 - DEBUG - New Error 2: line 12, type: other_error, message: unexpected identifier; expected command
2025-04-13 11:19:16 - INFO - Testing fragment: nlinarith
2025-04-13 11:19:16 - INFO - Original error line:   have h_pos : 0 < 2 ∧ 0 < 6 := by
2025-04-13 11:19:18 - INFO - Testing fix: Original errors: 2, Fixed errors: 2
2025-04-13 11:19:18 - INFO - Result: False (introduced 2 new errors)
2025-04-13 11:19:18 - DEBUG - === New errors detail ===
2025-04-13 11:19:18 - DEBUG - New Error 1: line 9, type: linarith_failed, message: linarith failed to find a contradiction
case h1.h
s : ℕ → ℕ → ℕ
h₀ : ∀ (a b : ℕ), 0 < a ∧ 0 < b → s a b = a ^ b + b ^ a
a✝ : s 2 6 < 100
⊢ False
failed
2025-04-13 11:19:18 - DEBUG - New Error 2: line 12, type: other_error, message: unexpected identifier; expected command
2025-04-13 11:19:18 - INFO - Failed attempt time: 22.03 seconds
2025-04-13 11:19:18 - INFO - ❌ Could not generate fix for error at line 9
2025-04-13 11:19:18 - INFO - 
Trying to fix error 2/2: line 41, type: no_goals_to_solve
2025-04-13 11:19:18 - INFO - Error message: no goals to be solved...
2025-04-13 11:19:18 - INFO - Removed header content, remaining 41 lines of code
2025-04-13 11:19:18 - INFO - Using specified target error line: 41
2025-04-13 11:19:19 - INFO - Found error at specified line: no goals to be solved
2025-04-13 11:19:19 - INFO - Error at line 41: no goals to be solved
2025-04-13 11:19:19 - INFO - 
==================================================
2025-04-13 11:19:19 - INFO - Code prepared, starting synthesis
2025-04-13 11:19:19 - INFO - Before part: /-- If $a * b = a^b + b^a$, for all positive integer values of $a$ and $b$, then what is the value of $2 * 6$? Show that it is 100.-/
theorem mathd_algebra_15 (s : ℕ → ℕ → ℕ)
    (h₀ : ∀ a b, 0 < a ∧ 0 < b → s a b = a ^ (b : ℕ) + b ^ (a : ℕ)) : s 2 6 = 100 := by
  -- First, we need to compute s 2 6 using the given definition
  -- The hypothesis h₀ tells us how s is defined for positive a and b
  -- We'll apply this hypothesis with a = 2 and b = 6
  
  -- Step 1: Prove that 2 and 6 are positive
  have h_pos : 0 < 2 ∧ 0 < 6 := by
    -- Both 0 < 2 and 0 < 6 are true by definition
    -- We can prove this using the `simp` tactic which simplifies basic arithmetic
    simp only [zero_lt_two, zero_lt_succ]
  
  -- Step 2: Apply the hypothesis h₀ with a = 2 and b = 6
  -- This will give us the equation for s 2 6
  have h_eq := h₀ 2 6 h_pos
  -- Now h_eq states: s 2 6 = 2^6 + 6^2
  
  -- Step 3: Compute 2^6 and 6^2
  -- First, let's compute 2^6
  have h_two_pow_six : (2:ℕ)^6 = 64 := by
    -- We can compute this step by step:
    -- 2^6 = 2^(5+1) = 2^5 * 2
    -- Continuing this way until we reach base case
    -- But in Lean, we can just use norm_num which can compute concrete numbers
    norm_num
  
  -- Now compute 6^2
  have h_six_pow_two : (6:ℕ)^2 = 36 := by
    -- Similarly, 6^2 = 6 * 6 = 36
    norm_num
  
  -- Step 4: Combine the results
  -- From h_eq, we know s 2 6 = 2^6 + 6^2
  -- We've computed both terms, so let's substitute them
  rw [h_eq, h_two_pow_six, h_six_pow_two]
  -- Now the goal is 64 + 36 = 100
  
  -- Step 5: Compute the final sum
  -- We can use norm_num again to verify the addition
2025-04-13 11:19:19 - INFO - Error line:   norm_num
2025-04-13 11:19:19 - INFO - After part: 
2025-04-13 11:19:19 - INFO - ==================================================

2025-04-13 11:19:20 - INFO - Testing fragment: rw [justaplaceholder]
2025-04-13 11:19:20 - INFO - Original error line:   norm_num
2025-04-13 11:19:22 - INFO - Testing fix: Original errors: 2, Fixed errors: 2
2025-04-13 11:19:22 - INFO - Result: False (introduced 1 new errors)
2025-04-13 11:19:22 - DEBUG - === New errors detail ===
2025-04-13 11:19:22 - DEBUG - New Error 1: line 41, type: no_goals_to_solve, message: no goals to be solved
2025-04-13 11:19:22 - INFO - Testing fragment: rw [<- justaplaceholder]
2025-04-13 11:19:22 - INFO - Original error line:   norm_num
2025-04-13 11:19:24 - INFO - Testing fix: Original errors: 2, Fixed errors: 2
2025-04-13 11:19:24 - INFO - Result: False (introduced 1 new errors)
2025-04-13 11:19:24 - DEBUG - === New errors detail ===
2025-04-13 11:19:24 - DEBUG - New Error 1: line 41, type: no_goals_to_solve, message: no goals to be solved
2025-04-13 11:19:24 - INFO - Testing fragment: simp
2025-04-13 11:19:24 - INFO - Original error line:   norm_num
2025-04-13 11:19:26 - INFO - Testing fix: Original errors: 2, Fixed errors: 2
2025-04-13 11:19:26 - INFO - Result: False (introduced 1 new errors)
2025-04-13 11:19:26 - DEBUG - === New errors detail ===
2025-04-13 11:19:26 - DEBUG - New Error 1: line 41, type: no_goals_to_solve, message: no goals to be solved
2025-04-13 11:19:26 - INFO - Testing fragment: field_simp
2025-04-13 11:19:26 - INFO - Original error line:   norm_num
2025-04-13 11:19:28 - INFO - Testing fix: Original errors: 2, Fixed errors: 2
2025-04-13 11:19:28 - INFO - Result: False (introduced 1 new errors)
2025-04-13 11:19:28 - DEBUG - === New errors detail ===
2025-04-13 11:19:28 - DEBUG - New Error 1: line 41, type: no_goals_to_solve, message: no goals to be solved
2025-04-13 11:19:28 - INFO - Testing fragment: norm_num
2025-04-13 11:19:28 - INFO - Original error line:   norm_num
2025-04-13 11:19:30 - INFO - Testing fix: Original errors: 2, Fixed errors: 2
2025-04-13 11:19:30 - INFO - Target error not fixed: no goals to be solved...
2025-04-13 11:19:30 - INFO - Result: False (target error not fixed)
2025-04-13 11:19:30 - INFO - Testing fragment: ring
2025-04-13 11:19:30 - INFO - Original error line:   norm_num
2025-04-13 11:19:32 - INFO - Testing fix: Original errors: 2, Fixed errors: 2
2025-04-13 11:19:32 - INFO - Result: False (introduced 1 new errors)
2025-04-13 11:19:32 - DEBUG - === New errors detail ===
2025-04-13 11:19:32 - DEBUG - New Error 1: line 41, type: no_goals_to_solve, message: no goals to be solved
2025-04-13 11:19:32 - INFO - Testing fragment: ring_nf
2025-04-13 11:19:32 - INFO - Original error line:   norm_num
2025-04-13 11:19:34 - INFO - Testing fix: Original errors: 2, Fixed errors: 2
2025-04-13 11:19:34 - INFO - Result: False (introduced 1 new errors)
2025-04-13 11:19:34 - DEBUG - === New errors detail ===
2025-04-13 11:19:34 - DEBUG - New Error 1: line 41, type: no_goals_to_solve, message: no goals to be solved
2025-04-13 11:19:34 - INFO - Testing fragment: omega
2025-04-13 11:19:34 - INFO - Original error line:   norm_num
2025-04-13 11:19:36 - INFO - Testing fix: Original errors: 2, Fixed errors: 2
2025-04-13 11:19:36 - INFO - Result: False (introduced 1 new errors)
2025-04-13 11:19:36 - DEBUG - === New errors detail ===
2025-04-13 11:19:36 - DEBUG - New Error 1: line 41, type: no_goals_to_solve, message: no goals to be solved
2025-04-13 11:19:36 - INFO - Testing fragment: linarith
2025-04-13 11:19:36 - INFO - Original error line:   norm_num
2025-04-13 11:19:38 - INFO - Testing fix: Original errors: 2, Fixed errors: 2
2025-04-13 11:19:38 - INFO - Target error not fixed: no goals to be solved...
2025-04-13 11:19:38 - INFO - Result: False (target error not fixed)
2025-04-13 11:19:38 - INFO - Testing fragment: nlinarith
2025-04-13 11:19:38 - INFO - Original error line:   norm_num
2025-04-13 11:19:40 - INFO - Testing fix: Original errors: 2, Fixed errors: 2
2025-04-13 11:19:40 - INFO - Result: False (introduced 1 new errors)
2025-04-13 11:19:40 - DEBUG - === New errors detail ===
2025-04-13 11:19:40 - DEBUG - New Error 1: line 41, type: no_goals_to_solve, message: no goals to be solved
2025-04-13 11:19:40 - INFO - Failed attempt time: 22.03 seconds
2025-04-13 11:19:40 - INFO - ❌ Could not generate fix for error at line 41
2025-04-13 11:19:41 - INFO - 
===== Fix attempt completed =====
2025-04-13 11:19:41 - INFO - Original errors: 2
2025-04-13 11:19:41 - INFO - Fixed errors: 0
2025-04-13 11:19:41 - INFO - Failed errors: 2
2025-04-13 11:19:41 - INFO - Remaining errors: 2
2025-04-13 11:19:41 - INFO - Total time: 46.07 seconds
2025-04-13 11:19:41 - INFO - 
Final fixed code:
2025-04-13 11:19:41 - INFO - ----------------------------------------
2025-04-13 11:19:41 - INFO - /-- If $a * b = a^b + b^a$, for all positive integer values of $a$ and $b$, then what is the value of $2 * 6$? Show that it is 100.-/
theorem mathd_algebra_15 (s : ℕ → ℕ → ℕ)
    (h₀ : ∀ a b, 0 < a ∧ 0 < b → s a b = a ^ (b : ℕ) + b ^ (a : ℕ)) : s 2 6 = 100 := by
  -- First, we need to compute s 2 6 using the given definition
  -- The hypothesis h₀ tells us how s is defined for positive a and b
  -- We'll apply this hypothesis with a = 2 and b = 6
  
  -- Step 1: Prove that 2 and 6 are positive
  have h_pos : 0 < 2 ∧ 0 < 6 := by
    -- Both 0 < 2 and 0 < 6 are true by definition
    -- We can prove this using the `simp` tactic which simplifies basic arithmetic
    simp only [zero_lt_two, zero_lt_succ]
  
  -- Step 2: Apply the hypothesis h₀ with a = 2 and b = 6
  -- This will give us the equation for s 2 6
  have h_eq := h₀ 2 6 h_pos
  -- Now h_eq states: s 2 6 = 2^6 + 6^2
  
  -- Step 3: Compute 2^6 and 6^2
  -- First, let's compute 2^6
  have h_two_pow_six : (2:ℕ)^6 = 64 := by
    -- We can compute this step by step:
    -- 2^6 = 2^(5+1) = 2^5 * 2
    -- Continuing this way until we reach base case
    -- But in Lean, we can just use norm_num which can compute concrete numbers
    norm_num
  
  -- Now compute 6^2
  have h_six_pow_two : (6:ℕ)^2 = 36 := by
    -- Similarly, 6^2 = 6 * 6 = 36
    norm_num
  
  -- Step 4: Combine the results
  -- From h_eq, we know s 2 6 = 2^6 + 6^2
  -- We've computed both terms, so let's substitute them
  rw [h_eq, h_two_pow_six, h_six_pow_two]
  -- Now the goal is 64 + 36 = 100
  
  -- Step 5: Compute the final sum
  -- We can use norm_num again to verify the addition
  norm_num
2025-04-13 11:19:41 - INFO - ----------------------------------------
2025-04-13 11:19:41 - INFO - 
Detailed error repair report:
2025-04-13 11:19:41 - INFO - Original code error count: 2
❌ Fixed error 1/2: Could not generate fix for error at line 9 «other_error» (after 22.03s)
❌ Fixed error 2/2: Could not generate fix for error at line 41 «no_goals_to_solve» (after 22.03s)

=== Fix statistics ===
Original error count: 2
Fixed errors: 0 (Fix rate: 0.0000)
Failed errors: 2
Remaining errors: 2
Total time: 46.07 seconds

=== Failed fix details ===

Failed fix 1:
   Line: 9
   Error type: other_error
   Original error message: unsolved goals
s : ℕ → ℕ → ℕ
h₀ : ∀ (a b : ℕ), 0 < a ∧ 0 < b → s a b = a ^ b + b ^ a
⊢ True ∧ True...
   Failure reason: Could not generate fix
   Time: 22.03 seconds

Failed fix 2:
   Line: 41
   Error type: no_goals_to_solve
   Original error message: no goals to be solved...
   Failure reason: Could not generate fix
   Time: 22.03 seconds
2025-04-13 11:19:41 - INFO - 
Fixed code saved to: /data/coding/minif2f/lean_fixed/95_fixed.lean
2025-04-13 11:19:41 - INFO - JSON log saved to: /data/coding/minif2f/lean_fixed/95_fix_log.json
2025-04-13 11:19:41 - INFO - 
===== LOG FILE LOCATION =====
2025-04-13 11:19:41 - INFO - Detailed log file is available at: /data/coding/minif2f/lean_fixed/95.log
2025-04-13 11:19:41 - INFO - ===============================
