2025-04-13 11:15:53 - INFO - Log file initialized at 2025-04-13T11:15:53.233345
2025-04-13 11:15:53 - INFO - ===== LOG FILE LOCATION =====
2025-04-13 11:15:53 - INFO - Detailed log file created at: /data/coding/minif2f/lean_fixed/96.log
2025-04-13 11:15:53 - INFO - ===============================
2025-04-13 11:15:53 - INFO - Original code:
2025-04-13 11:15:53 - INFO - ----------------------------------------
2025-04-13 11:15:53 - INFO - import Mathlib
import Aesop

set_option maxHeartbeats 0

open BigOperators Real Nat Topology Rat

/-- How many integers $n$ satisfy $0<n<60$ and $4n\equiv 2\pmod 6?$ Show that it is 20.-/
theorem mathd_numbertheory_211 :
  Finset.card (Finset.filter (fun n => 6 ∣ 4 * ↑n - (2 : ℤ)) (Finset.range 60)) = 20 := by
  -- First, we'll simplify the congruence condition 4n ≡ 2 mod 6
  -- The condition 6 ∣ (4n - 2) is equivalent to 4n ≡ 2 mod 6
  -- We can simplify this congruence by dividing both sides by gcd(4,6)=2
  -- This gives us 2n ≡ 1 mod 3
  -- Now we need to solve for n in this simpler congruence

  -- Let's define the predicate we're filtering for
  let pred : ℕ → Prop := fun n => 6 ∣ (4 * n - 2)
  
  -- The simplified predicate after the above reasoning
  let simplified_pred : ℕ → Prop := fun n => n % 3 == 2
  
  -- We'll prove that our original predicate is equivalent to the simplified one
  have equiv_pred : ∀ n, pred n ↔ simplified_pred n := by
    intro n
    -- Original condition: 6 divides (4n - 2)
    -- Which means 4n ≡ 2 mod 6
    -- Dividing by gcd(4,6)=2 gives 2n ≡ 1 mod 3
    -- Multiply both sides by 2 (inverse of 2 mod 3) to get n ≡ 2 mod 3
    constructor
    · intro h
      -- Forward direction: original implies simplified
      have h_mod : (4 * n - 2) % 6 = 0 := Int.mod_eq_zero_of_dvd h
      -- Convert to Nat since we're dealing with positive numbers
      have h_nat : (4 * n - 2) % 6 = 0 := by exact_mod_cast h_mod
      -- Simplify the modulus
      rw [← Nat.modEq_iff_dvd' (by norm_num : 0 ≤ 4 * n - 2), Nat.ModEq] at h_nat
      have : 4 * n ≡ 2 [MOD 6] := h_nat
      -- Divide the congruence by 2 (gcd(4,6)=2 divides 2)
      have : 2 * n ≡ 1 [MOD 3] := by
        apply Nat.ModEq.of_mul_left 2
        apply Nat.modEq_of_modEq_mul 6 2
        exact this
      -- Multiply by the modular inverse of 2 mod 3 (which is 2)
      have : n ≡ 2 * 1 [MOD 3] := Nat.ModEq.mul_right' 2 this
      simp [simplified_pred, Nat.ModEq] at this ⊢
      rw [← this]
      norm_num
    · intro h
      -- Reverse direction: simplified implies original
      simp [simplified_pred] at h
      have : n % 3 = 2 := h
      -- Show that n ≡ 2 mod 3
      have : n ≡ 2 [MOD 3] := by rw [Nat.ModEq, this]
      -- Multiply by 2 to get 2n ≡ 4 ≡ 1 mod 3
      have : 2 * n ≡ 1 [MOD 3] := Nat.ModEq.mul_right 2 this
      -- Multiply by 2 to get 4n ≡ 2 mod 6 (since 6 = 2*3)
      have : 4 * n ≡ 2 [MOD 6] := by
        apply Nat.modEq_mul_of_modEq_of_modEq 2 3
        · show 4 * n % 2 = 2 % 2
          simp [Nat.mod_eq_of_lt (by norm_num)]
        · exact this
      rw [Nat.ModEq] at this
      simp [pred, Nat.dvd_iff_mod_eq_zero, this]
  
  -- Now we can rewrite our goal using the equivalent simplified predicate
  rw [Finset.card_eq_card_iff_eq_filter]
  -- The simplified filter counts numbers ≡ 2 mod 3 in (0,60)
  have : Finset.filter pred (Finset.range 60) = Finset.filter simplified_pred (Finset.range 60) := by
    apply Finset.filter_congr
    simp [equiv_pred]
  rw [this]
  
  -- Now we need to count how many numbers n in 1..59 satisfy n ≡ 2 mod 3
  -- The numbers are 2, 5, 8, ..., 59
  -- This is an arithmetic sequence with:
  -- First term a₁ = 2
  -- Last term aₙ = 59
  -- Common difference d = 3
  
  -- Calculate how many such numbers exist
  have : Finset.card (Finset.filter simplified_pred (Finset.range 60)) = 20 := by
    -- The range 0..59 is all numbers <60
    -- We want numbers where n ≡ 2 mod 3 and 0 < n < 60
    -- So we're counting n ∈ [1, 59] ≡ 2 mod 3
    
    -- The smallest number is 2 (1 ≡ 1 mod 3, 2 ≡ 2 mod 3)
    -- The largest number is 59 (since 59 ≡ 2 mod 3)
    
    -- The count is floor((59 - 2)/3) + 1 = floor(57/3) + 1 = 19 + 1 = 20
    -- Let's compute this formally
    
    -- First, create the set of numbers we're counting
    let s := Finset.Ico 1 60
    -- Filter for n ≡ 2 mod 3
    let s' := Finset.filter (fun n => n % 3 = 2) s
    
    -- The count should be the same as the size of s'
    have : Finset.card s' = Finset.card (Finset.filter simplified_pred (Finset.range 60)) := by
      rw [Finset.range_eq_Ico, Finset.Ico_filter_lt]
      simp [simplified_pred]
      congr
      ext n
      simp
    
    -- Now compute the cardinality of s'
    rw [← this]
    
    -- The numbers we want are exactly the numbers of form 3k + 2 in [1,59]
    -- The sequence is 2, 5, 8, ..., 59
    -- Number of terms is ((59 - 2)/3) + 1 = (57/3) + 1 = 19 + 1 = 20
    
    -- To compute this formally, we can use the fact that the count is
    -- floor((last - first)/step) + 1
    have : Finset.card s' = ((59 - 2) / 3) + 1 := by
      -- The count of numbers ≡ 2 mod 3 in [1,59] is the same as
      -- the count of numbers ≡ 0 mod 3 in [-1,57] (after subtracting 2)
      -- which is floor(57/3) - floor((-1)/3) = 19 - (-1) = 20
      -- But let's compute it directly
      
      -- The general formula for number of terms in arithmetic sequence:
      -- ((last - first) / step) + 1
      -- For our sequence: first = 2, last = 59, step = 3
      have : ((59 - 2) / 3) + 1 = 20 := by norm_num
      rw [this]
      
      -- To connect this to our filtered set, we can use that the filtered set
      -- is exactly the arithmetic progression
      have : s' = Finset.Ico 2 60 ∩ {n | n % 3 = 2} := by
        simp [s', s, Finset.Ico, Finset.filter]
        ext n
        simp
        constructor
        · intro ⟨h1, h2⟩
          exact ⟨h1.2, h2⟩
        · intro ⟨h1, h2⟩
          exact ⟨⟨by linarith, h1⟩, h2⟩
      
      -- The count of such numbers is indeed 20
      -- We can compute this by observing the sequence properties
      rw [this]
      simp [Finset.card_Ico_filter_mod_eq]
      norm_num
    
    -- Finish the computation
    rw [this]
    norm_num
  
  -- Apply our computation to complete the proof
  exact this
2025-04-13 11:15:53 - INFO - ----------------------------------------
2025-04-13 11:15:53 - INFO - 
Checking original code for all errors...
2025-04-13 11:21:02 - INFO - Original code contains 7 errors:
2025-04-13 11:21:02 - INFO - Error 1: line 33, type: type_mismatch, message: type mismatch
  Int.mod_eq_zero_of_dvd ?m.948
has type
  ?m.812.mod ?m.811 = 0 : Prop
but is expecte...
2025-04-13 11:21:02 - INFO - Error 2: line 33, type: type_mismatch, message: application type mismatch
  Int.mod_eq_zero_of_dvd h
argument
  h
has type
  pred n : Prop
but is ex...
2025-04-13 11:21:02 - INFO - Error 3: line 56, type: type_mismatch, message: type mismatch
  ModEq.mul_right 2 this
has type
  n * 2 ≡ 2 * 2 [MOD 3] : Prop
but is expected to ha...
2025-04-13 11:21:02 - INFO - Error 4: line 59, type: unknown_constant, message: unknown constant 'Nat.modEq_mul_of_modEq_of_modEq'...
2025-04-13 11:21:02 - INFO - Error 5: line 49, type: other_error, message: unsolved goals
case mpr
pred : ℕ → Prop := fun n => 6 ∣ 4 * n - 2
simplified_pred : ℕ → Prop := fun ...
2025-04-13 11:21:02 - INFO - Error 6: line 67, type: unknown_constant, message: unknown constant 'Finset.card_eq_card_iff_eq_filter'...
2025-04-13 11:21:02 - INFO - Error 7: line 67, type: rewrite_failed, message: tactic 'rewrite' failed, equality or iff proof expected
  ?m.25577
pred : ℕ → Prop := fun n => 6 ∣ 4...
2025-04-13 11:21:02 - INFO - 
Starting multi-error continuous repair process...
2025-04-13 11:21:02 - INFO - 
===== Starting to fix all errors =====
2025-04-13 11:21:03 - INFO - 
Found 4 original errors:
2025-04-13 11:21:03 - INFO - Error 1: line 30, type: other_error, message: unknown tactic...
2025-04-13 11:21:03 - INFO - Error 2: line 3, type: unknown_identifier, message: unknown identifier 'Finset.card'...
2025-04-13 11:21:03 - INFO - Error 3: line 17, type: other_error, message: unsolved goals
case mpr
pred : sorryAx Type true → Prop := fun n => 6 ∣ 4 * n - 2
simplified_pred : ...
2025-04-13 11:21:03 - INFO - Error 4: line 3, type: other_error, message: unsolved goals
case refine_2
pred : sorryAx Type true → Prop := fun n => 6 ∣ 4 * n - 2
simplified_pr...
2025-04-13 11:21:03 - INFO - 
Trying to fix error 1/4: line 3, type: unknown_identifier
2025-04-13 11:21:03 - INFO - Error message: unknown identifier 'Finset.card'...
2025-04-13 11:21:03 - INFO - Removed header content, remaining 143 lines of code
2025-04-13 11:21:03 - INFO - Using specified target error line: 3
2025-04-13 11:21:04 - INFO - Found error at specified line: unknown identifier 'Finset.card'
2025-04-13 11:21:04 - INFO - Error at line 3: unknown identifier 'Finset.card'
2025-04-13 11:21:04 - INFO - 
==================================================
2025-04-13 11:21:04 - INFO - Code prepared, starting synthesis
2025-04-13 11:21:04 - INFO - Before part: /-- How many integers $n$ satisfy $0<n<60$ and $4n\equiv 2\pmod 6?$ Show that it is 20.-/
theorem mathd_numbertheory_211 :
2025-04-13 11:21:04 - INFO - Error line:   Finset.card (Finset.filter (fun n => 6 ∣ 4 * ↑n - (2 : ℤ)) (Finset.range 60)) = 20 := by
2025-04-13 11:21:04 - INFO - After part: -- First, we'll simplify the congruence condition 4n ≡ 2 mod 6
  -- The condition 6 ∣ (4n - 2) is equivalent to 4n ≡ 2 mod 6
  -- We can simplify this congruence by dividing both sides by gcd(4,6)=2
  -- This gives us 2n ≡ 1 mod 3
  -- Now we need to solve for n in this simpler congruence

  -- Let's define the predicate we're filtering for
  let pred : ℕ → Prop := fun n => 6 ∣ (4 * n - 2)
  
  -- The simplified predicate after the above reasoning
  let simplified_pred : ℕ → Prop := fun n => n % 3 == 2
  
  -- We'll prove that our original predicate is equivalent to the simplified one
  have equiv_pred : ∀ n, pred n ↔ simplified_pred n := by
    intro n
    -- Original condition: 6 divides (4n - 2)
    -- Which means 4n ≡ 2 mod 6
    -- Dividing by gcd(4,6)=2 gives 2n ≡ 1 mod 3
    -- Multiply both sides by 2 (inverse of 2 mod 3) to get n ≡ 2 mod 3
    constructor
    · intro h
      -- Forward direction: original implies simplified
      have h_mod : (4 * n - 2) % 6 = 0 := Int.mod_eq_zero_of_dvd h
      -- Convert to Nat since we're dealing with positive numbers
      have h_nat : (4 * n - 2) % 6 = 0 := by exact_mod_cast h_mod
      -- Simplify the modulus
      rw [← Nat.modEq_iff_dvd' (by norm_num : 0 ≤ 4 * n - 2), Nat.ModEq] at h_nat
      have : 4 * n ≡ 2 [MOD 6] := h_nat
      -- Divide the congruence by 2 (gcd(4,6)=2 divides 2)
      have : 2 * n ≡ 1 [MOD 3] := by
        apply Nat.ModEq.of_mul_left 2
        apply Nat.modEq_of_modEq_mul 6 2
        exact this
      -- Multiply by the modular inverse of 2 mod 3 (which is 2)
      have : n ≡ 2 * 1 [MOD 3] := Nat.ModEq.mul_right' 2 this
      simp [simplified_pred, Nat.ModEq] at this ⊢
      rw [← this]
      norm_num
    · intro h
      -- Reverse direction: simplified implies original
      simp [simplified_pred] at h
      have : n % 3 = 2 := h
      -- Show that n ≡ 2 mod 3
      have : n ≡ 2 [MOD 3] := by rw [Nat.ModEq, this]
      -- Multiply by 2 to get 2n ≡ 4 ≡ 1 mod 3
      have : 2 * n ≡ 1 [MOD 3] := Nat.ModEq.mul_right 2 this
      -- Multiply by 2 to get 4n ≡ 2 mod 6 (since 6 = 2*3)
      have : 4 * n ≡ 2 [MOD 6] := by
        apply Nat.modEq_mul_of_modEq_of_modEq 2 3
        · show 4 * n % 2 = 2 % 2
          simp [Nat.mod_eq_of_lt (by norm_num)]
        · exact this
      rw [Nat.ModEq] at this
      simp [pred, Nat.dvd_iff_mod_eq_zero, this]
  
  -- Now we can rewrite our goal using the equivalent simplified predicate
  rw [Finset.card_eq_card_iff_eq_filter]
  -- The simplified filter counts numbers ≡ 2 mod 3 in (0,60)
  have : Finset.filter pred (Finset.range 60) = Finset.filter simplified_pred (Finset.range 60) := by
    apply Finset.filter_congr
    simp [equiv_pred]
  rw [this]
  
  -- Now we need to count how many numbers n in 1..59 satisfy n ≡ 2 mod 3
  -- The numbers are 2, 5, 8, ..., 59
  -- This is an arithmetic sequence with:
  -- First term a₁ = 2
  -- Last term aₙ = 59
  -- Common difference d = 3
  
  -- Calculate how many such numbers exist
  have : Finset.card (Finset.filter simplified_pred (Finset.range 60)) = 20 := by
    -- The range 0..59 is all numbers <60
    -- We want numbers where n ≡ 2 mod 3 and 0 < n < 60
    -- So we're counting n ∈ [1, 59] ≡ 2 mod 3
    
    -- The smallest number is 2 (1 ≡ 1 mod 3, 2 ≡ 2 mod 3)
    -- The largest number is 59 (since 59 ≡ 2 mod 3)
    
    -- The count is floor((59 - 2)/3) + 1 = floor(57/3) + 1 = 19 + 1 = 20
    -- Let's compute this formally
    
    -- First, create the set of numbers we're counting
    let s := Finset.Ico 1 60
    -- Filter for n ≡ 2 mod 3
    let s' := Finset.filter (fun n => n % 3 = 2) s
    
    -- The count should be the same as the size of s'
    have : Finset.card s' = Finset.card (Finset.filter simplified_pred (Finset.range 60)) := by
      rw [Finset.range_eq_Ico, Finset.Ico_filter_lt]
      simp [simplified_pred]
      congr
      ext n
      simp
    
    -- Now compute the cardinality of s'
    rw [← this]
    
    -- The numbers we want are exactly the numbers of form 3k + 2 in [1,59]
    -- The sequence is 2, 5, 8, ..., 59
    -- Number of terms is ((59 - 2)/3) + 1 = (57/3) + 1 = 19 + 1 = 20
    
    -- To compute this formally, we can use the fact that the count is
    -- floor((last - first)/step) + 1
    have : Finset.card s' = ((59 - 2) / 3) + 1 := by
      -- The count of numbers ≡ 2 mod 3 in [1,59] is the same as
      -- the count of numbers ≡ 0 mod 3 in [-1,57] (after subtracting 2)
      -- which is floor(57/3) - floor((-1)/3) = 19 - (-1) = 20
      -- But let's compute it directly
      
      -- The general formula for number of terms in arithmetic sequence:
      -- ((last - first) / step) + 1
      -- For our sequence: first = 2, last = 59, step = 3
      have : ((59 - 2) / 3) + 1 = 20 := by norm_num
      rw [this]
      
      -- To connect this to our filtered set, we can use that the filtered set
      -- is exactly the arithmetic progression
      have : s' = Finset.Ico 2 60 ∩ {n | n % 3 = 2} := by
        simp [s', s, Finset.Ico, Finset.filter]
        ext n
        simp
        constructor
        · intro ⟨h1, h2⟩
          exact ⟨h1.2, h2⟩
        · intro ⟨h1, h2⟩
          exact ⟨⟨by linarith, h1⟩, h2⟩
      
      -- The count of such numbers is indeed 20
      -- We can compute this by observing the sequence properties
      rw [this]
      simp [Finset.card_Ico_filter_mod_eq]
      norm_num
    
    -- Finish the computation
    rw [this]
    norm_num
  
  -- Apply our computation to complete the proof
  exact this
2025-04-13 11:21:04 - INFO - ==================================================

2025-04-13 11:21:05 - INFO - Testing fragment: rw [justaplaceholder]
2025-04-13 11:21:05 - INFO - Original error line:   Finset.card (Finset.filter (fun n => 6 ∣ 4 * ↑n - (2 : ℤ)) (Finset.range 60)) = 20 := by
2025-04-13 11:21:07 - INFO - Testing fix: Original errors: 4, Fixed errors: 2
2025-04-13 11:21:07 - INFO - Result: False (introduced 2 new errors)
2025-04-13 11:21:07 - DEBUG - === New errors detail ===
2025-04-13 11:21:07 - DEBUG - New Error 1: line 3, type: syntax_error, message: unexpected token 'let'; expected ':=', 'where' or '|'
2025-04-13 11:21:07 - DEBUG - New Error 2: line 3, type: function_expected, message: function expected at
  rw
term has type
  ?m.3
2025-04-13 11:21:07 - INFO - Testing fragment: rw [<- justaplaceholder]
2025-04-13 11:21:07 - INFO - Original error line:   Finset.card (Finset.filter (fun n => 6 ∣ 4 * ↑n - (2 : ℤ)) (Finset.range 60)) = 20 := by
2025-04-13 11:21:09 - INFO - Testing fix: Original errors: 4, Fixed errors: 2
2025-04-13 11:21:09 - INFO - Result: False (introduced 2 new errors)
2025-04-13 11:21:09 - DEBUG - === New errors detail ===
2025-04-13 11:21:09 - DEBUG - New Error 1: line 3, type: syntax_error, message: unexpected token 'let'; expected ':=', 'where' or '|'
2025-04-13 11:21:09 - DEBUG - New Error 2: line 3, type: function_expected, message: function expected at
  rw
term has type
  ?m.3
2025-04-13 11:21:09 - INFO - Testing fragment: simp
2025-04-13 11:21:09 - INFO - Original error line:   Finset.card (Finset.filter (fun n => 6 ∣ 4 * ↑n - (2 : ℤ)) (Finset.range 60)) = 20 := by
2025-04-13 11:21:11 - INFO - Testing fix: Original errors: 4, Fixed errors: 1
2025-04-13 11:21:11 - INFO - Result: False (introduced 1 new errors)
2025-04-13 11:21:11 - DEBUG - === New errors detail ===
2025-04-13 11:21:11 - DEBUG - New Error 1: line 3, type: syntax_error, message: unexpected token 'let'; expected ':=', 'where' or '|'
2025-04-13 11:21:11 - INFO - Testing fragment: field_simp
2025-04-13 11:21:11 - INFO - Original error line:   Finset.card (Finset.filter (fun n => 6 ∣ 4 * ↑n - (2 : ℤ)) (Finset.range 60)) = 20 := by
2025-04-13 11:21:13 - INFO - Testing fix: Original errors: 4, Fixed errors: 1
2025-04-13 11:21:13 - INFO - Result: False (introduced 1 new errors)
2025-04-13 11:21:13 - DEBUG - === New errors detail ===
2025-04-13 11:21:13 - DEBUG - New Error 1: line 3, type: syntax_error, message: unexpected token 'let'; expected ':=', 'where' or '|'
2025-04-13 11:21:13 - INFO - Testing fragment: norm_num
2025-04-13 11:21:13 - INFO - Original error line:   Finset.card (Finset.filter (fun n => 6 ∣ 4 * ↑n - (2 : ℤ)) (Finset.range 60)) = 20 := by
2025-04-13 11:21:15 - INFO - Testing fix: Original errors: 4, Fixed errors: 1
2025-04-13 11:21:15 - INFO - Result: False (introduced 1 new errors)
2025-04-13 11:21:15 - DEBUG - === New errors detail ===
2025-04-13 11:21:15 - DEBUG - New Error 1: line 3, type: syntax_error, message: unexpected token 'let'; expected ':=', 'where' or '|'
2025-04-13 11:21:15 - INFO - Testing fragment: ring
2025-04-13 11:21:15 - INFO - Original error line:   Finset.card (Finset.filter (fun n => 6 ∣ 4 * ↑n - (2 : ℤ)) (Finset.range 60)) = 20 := by
2025-04-13 11:21:17 - INFO - Testing fix: Original errors: 4, Fixed errors: 1
2025-04-13 11:21:17 - INFO - Result: False (introduced 1 new errors)
2025-04-13 11:21:17 - DEBUG - === New errors detail ===
2025-04-13 11:21:17 - DEBUG - New Error 1: line 3, type: syntax_error, message: unexpected token 'let'; expected ':=', 'where' or '|'
2025-04-13 11:21:17 - INFO - Testing fragment: ring_nf
2025-04-13 11:21:17 - INFO - Original error line:   Finset.card (Finset.filter (fun n => 6 ∣ 4 * ↑n - (2 : ℤ)) (Finset.range 60)) = 20 := by
2025-04-13 11:21:19 - INFO - Testing fix: Original errors: 4, Fixed errors: 1
2025-04-13 11:21:19 - INFO - Result: False (introduced 1 new errors)
2025-04-13 11:21:19 - DEBUG - === New errors detail ===
2025-04-13 11:21:19 - DEBUG - New Error 1: line 3, type: syntax_error, message: unexpected token 'let'; expected ':=', 'where' or '|'
2025-04-13 11:21:19 - INFO - Testing fragment: omega
2025-04-13 11:21:19 - INFO - Original error line:   Finset.card (Finset.filter (fun n => 6 ∣ 4 * ↑n - (2 : ℤ)) (Finset.range 60)) = 20 := by
2025-04-13 11:21:21 - INFO - Testing fix: Original errors: 4, Fixed errors: 1
2025-04-13 11:21:21 - INFO - Result: False (introduced 1 new errors)
2025-04-13 11:21:21 - DEBUG - === New errors detail ===
2025-04-13 11:21:21 - DEBUG - New Error 1: line 3, type: syntax_error, message: unexpected token 'let'; expected ':=', 'where' or '|'
2025-04-13 11:21:21 - INFO - Testing fragment: linarith
2025-04-13 11:21:21 - INFO - Original error line:   Finset.card (Finset.filter (fun n => 6 ∣ 4 * ↑n - (2 : ℤ)) (Finset.range 60)) = 20 := by
2025-04-13 11:21:23 - INFO - Testing fix: Original errors: 4, Fixed errors: 1
2025-04-13 11:21:23 - INFO - Result: False (introduced 1 new errors)
2025-04-13 11:21:23 - DEBUG - === New errors detail ===
2025-04-13 11:21:23 - DEBUG - New Error 1: line 3, type: syntax_error, message: unexpected token 'let'; expected ':=', 'where' or '|'
2025-04-13 11:21:23 - INFO - Testing fragment: nlinarith
2025-04-13 11:21:23 - INFO - Original error line:   Finset.card (Finset.filter (fun n => 6 ∣ 4 * ↑n - (2 : ℤ)) (Finset.range 60)) = 20 := by
2025-04-13 11:21:25 - INFO - Testing fix: Original errors: 4, Fixed errors: 1
2025-04-13 11:21:25 - INFO - Result: False (introduced 1 new errors)
2025-04-13 11:21:25 - DEBUG - === New errors detail ===
2025-04-13 11:21:25 - DEBUG - New Error 1: line 3, type: syntax_error, message: unexpected token 'let'; expected ':=', 'where' or '|'
2025-04-13 11:21:25 - INFO - Failed attempt time: 22.05 seconds
2025-04-13 11:21:25 - INFO - ❌ Could not generate fix for error at line 3
2025-04-13 11:21:25 - INFO - 
Trying to fix error 2/4: line 3, type: other_error
2025-04-13 11:21:25 - INFO - Error message: unsolved goals
case refine_2
pred : sorryAx Type true → Prop := fun n => 6 ∣ 4 * n - 2
simplified_pr...
2025-04-13 11:21:25 - INFO - Removed header content, remaining 143 lines of code
2025-04-13 11:21:25 - INFO - Using specified target error line: 3
2025-04-13 11:21:26 - INFO - Found error at specified line: unknown identifier 'Finset.card'
2025-04-13 11:21:26 - INFO - Error at line 3: unknown identifier 'Finset.card'
2025-04-13 11:21:26 - INFO - 
==================================================
2025-04-13 11:21:26 - INFO - Code prepared, starting synthesis
2025-04-13 11:21:26 - INFO - Before part: /-- How many integers $n$ satisfy $0<n<60$ and $4n\equiv 2\pmod 6?$ Show that it is 20.-/
theorem mathd_numbertheory_211 :
2025-04-13 11:21:26 - INFO - Error line:   Finset.card (Finset.filter (fun n => 6 ∣ 4 * ↑n - (2 : ℤ)) (Finset.range 60)) = 20 := by
2025-04-13 11:21:26 - INFO - After part: -- First, we'll simplify the congruence condition 4n ≡ 2 mod 6
  -- The condition 6 ∣ (4n - 2) is equivalent to 4n ≡ 2 mod 6
  -- We can simplify this congruence by dividing both sides by gcd(4,6)=2
  -- This gives us 2n ≡ 1 mod 3
  -- Now we need to solve for n in this simpler congruence

  -- Let's define the predicate we're filtering for
  let pred : ℕ → Prop := fun n => 6 ∣ (4 * n - 2)
  
  -- The simplified predicate after the above reasoning
  let simplified_pred : ℕ → Prop := fun n => n % 3 == 2
  
  -- We'll prove that our original predicate is equivalent to the simplified one
  have equiv_pred : ∀ n, pred n ↔ simplified_pred n := by
    intro n
    -- Original condition: 6 divides (4n - 2)
    -- Which means 4n ≡ 2 mod 6
    -- Dividing by gcd(4,6)=2 gives 2n ≡ 1 mod 3
    -- Multiply both sides by 2 (inverse of 2 mod 3) to get n ≡ 2 mod 3
    constructor
    · intro h
      -- Forward direction: original implies simplified
      have h_mod : (4 * n - 2) % 6 = 0 := Int.mod_eq_zero_of_dvd h
      -- Convert to Nat since we're dealing with positive numbers
      have h_nat : (4 * n - 2) % 6 = 0 := by exact_mod_cast h_mod
      -- Simplify the modulus
      rw [← Nat.modEq_iff_dvd' (by norm_num : 0 ≤ 4 * n - 2), Nat.ModEq] at h_nat
      have : 4 * n ≡ 2 [MOD 6] := h_nat
      -- Divide the congruence by 2 (gcd(4,6)=2 divides 2)
      have : 2 * n ≡ 1 [MOD 3] := by
        apply Nat.ModEq.of_mul_left 2
        apply Nat.modEq_of_modEq_mul 6 2
        exact this
      -- Multiply by the modular inverse of 2 mod 3 (which is 2)
      have : n ≡ 2 * 1 [MOD 3] := Nat.ModEq.mul_right' 2 this
      simp [simplified_pred, Nat.ModEq] at this ⊢
      rw [← this]
      norm_num
    · intro h
      -- Reverse direction: simplified implies original
      simp [simplified_pred] at h
      have : n % 3 = 2 := h
      -- Show that n ≡ 2 mod 3
      have : n ≡ 2 [MOD 3] := by rw [Nat.ModEq, this]
      -- Multiply by 2 to get 2n ≡ 4 ≡ 1 mod 3
      have : 2 * n ≡ 1 [MOD 3] := Nat.ModEq.mul_right 2 this
      -- Multiply by 2 to get 4n ≡ 2 mod 6 (since 6 = 2*3)
      have : 4 * n ≡ 2 [MOD 6] := by
        apply Nat.modEq_mul_of_modEq_of_modEq 2 3
        · show 4 * n % 2 = 2 % 2
          simp [Nat.mod_eq_of_lt (by norm_num)]
        · exact this
      rw [Nat.ModEq] at this
      simp [pred, Nat.dvd_iff_mod_eq_zero, this]
  
  -- Now we can rewrite our goal using the equivalent simplified predicate
  rw [Finset.card_eq_card_iff_eq_filter]
  -- The simplified filter counts numbers ≡ 2 mod 3 in (0,60)
  have : Finset.filter pred (Finset.range 60) = Finset.filter simplified_pred (Finset.range 60) := by
    apply Finset.filter_congr
    simp [equiv_pred]
  rw [this]
  
  -- Now we need to count how many numbers n in 1..59 satisfy n ≡ 2 mod 3
  -- The numbers are 2, 5, 8, ..., 59
  -- This is an arithmetic sequence with:
  -- First term a₁ = 2
  -- Last term aₙ = 59
  -- Common difference d = 3
  
  -- Calculate how many such numbers exist
  have : Finset.card (Finset.filter simplified_pred (Finset.range 60)) = 20 := by
    -- The range 0..59 is all numbers <60
    -- We want numbers where n ≡ 2 mod 3 and 0 < n < 60
    -- So we're counting n ∈ [1, 59] ≡ 2 mod 3
    
    -- The smallest number is 2 (1 ≡ 1 mod 3, 2 ≡ 2 mod 3)
    -- The largest number is 59 (since 59 ≡ 2 mod 3)
    
    -- The count is floor((59 - 2)/3) + 1 = floor(57/3) + 1 = 19 + 1 = 20
    -- Let's compute this formally
    
    -- First, create the set of numbers we're counting
    let s := Finset.Ico 1 60
    -- Filter for n ≡ 2 mod 3
    let s' := Finset.filter (fun n => n % 3 = 2) s
    
    -- The count should be the same as the size of s'
    have : Finset.card s' = Finset.card (Finset.filter simplified_pred (Finset.range 60)) := by
      rw [Finset.range_eq_Ico, Finset.Ico_filter_lt]
      simp [simplified_pred]
      congr
      ext n
      simp
    
    -- Now compute the cardinality of s'
    rw [← this]
    
    -- The numbers we want are exactly the numbers of form 3k + 2 in [1,59]
    -- The sequence is 2, 5, 8, ..., 59
    -- Number of terms is ((59 - 2)/3) + 1 = (57/3) + 1 = 19 + 1 = 20
    
    -- To compute this formally, we can use the fact that the count is
    -- floor((last - first)/step) + 1
    have : Finset.card s' = ((59 - 2) / 3) + 1 := by
      -- The count of numbers ≡ 2 mod 3 in [1,59] is the same as
      -- the count of numbers ≡ 0 mod 3 in [-1,57] (after subtracting 2)
      -- which is floor(57/3) - floor((-1)/3) = 19 - (-1) = 20
      -- But let's compute it directly
      
      -- The general formula for number of terms in arithmetic sequence:
      -- ((last - first) / step) + 1
      -- For our sequence: first = 2, last = 59, step = 3
      have : ((59 - 2) / 3) + 1 = 20 := by norm_num
      rw [this]
      
      -- To connect this to our filtered set, we can use that the filtered set
      -- is exactly the arithmetic progression
      have : s' = Finset.Ico 2 60 ∩ {n | n % 3 = 2} := by
        simp [s', s, Finset.Ico, Finset.filter]
        ext n
        simp
        constructor
        · intro ⟨h1, h2⟩
          exact ⟨h1.2, h2⟩
        · intro ⟨h1, h2⟩
          exact ⟨⟨by linarith, h1⟩, h2⟩
      
      -- The count of such numbers is indeed 20
      -- We can compute this by observing the sequence properties
      rw [this]
      simp [Finset.card_Ico_filter_mod_eq]
      norm_num
    
    -- Finish the computation
    rw [this]
    norm_num
  
  -- Apply our computation to complete the proof
  exact this
2025-04-13 11:21:26 - INFO - ==================================================

2025-04-13 11:21:27 - INFO - Testing fragment: rw [justaplaceholder]
2025-04-13 11:21:27 - INFO - Original error line:   Finset.card (Finset.filter (fun n => 6 ∣ 4 * ↑n - (2 : ℤ)) (Finset.range 60)) = 20 := by
2025-04-13 11:21:29 - INFO - Testing fix: Original errors: 4, Fixed errors: 2
2025-04-13 11:21:29 - INFO - Result: False (introduced 2 new errors)
2025-04-13 11:21:29 - DEBUG - === New errors detail ===
2025-04-13 11:21:29 - DEBUG - New Error 1: line 3, type: syntax_error, message: unexpected token 'let'; expected ':=', 'where' or '|'
2025-04-13 11:21:29 - DEBUG - New Error 2: line 3, type: function_expected, message: function expected at
  rw
term has type
  ?m.3
2025-04-13 11:21:29 - INFO - Testing fragment: rw [<- justaplaceholder]
2025-04-13 11:21:29 - INFO - Original error line:   Finset.card (Finset.filter (fun n => 6 ∣ 4 * ↑n - (2 : ℤ)) (Finset.range 60)) = 20 := by
2025-04-13 11:21:31 - INFO - Testing fix: Original errors: 4, Fixed errors: 2
2025-04-13 11:21:31 - INFO - Result: False (introduced 2 new errors)
2025-04-13 11:21:31 - DEBUG - === New errors detail ===
2025-04-13 11:21:31 - DEBUG - New Error 1: line 3, type: syntax_error, message: unexpected token 'let'; expected ':=', 'where' or '|'
2025-04-13 11:21:31 - DEBUG - New Error 2: line 3, type: function_expected, message: function expected at
  rw
term has type
  ?m.3
2025-04-13 11:21:31 - INFO - Testing fragment: simp
2025-04-13 11:21:31 - INFO - Original error line:   Finset.card (Finset.filter (fun n => 6 ∣ 4 * ↑n - (2 : ℤ)) (Finset.range 60)) = 20 := by
2025-04-13 11:21:33 - INFO - Testing fix: Original errors: 4, Fixed errors: 1
2025-04-13 11:21:33 - INFO - Result: False (introduced 1 new errors)
2025-04-13 11:21:33 - DEBUG - === New errors detail ===
2025-04-13 11:21:33 - DEBUG - New Error 1: line 3, type: syntax_error, message: unexpected token 'let'; expected ':=', 'where' or '|'
2025-04-13 11:21:33 - INFO - Testing fragment: field_simp
2025-04-13 11:21:33 - INFO - Original error line:   Finset.card (Finset.filter (fun n => 6 ∣ 4 * ↑n - (2 : ℤ)) (Finset.range 60)) = 20 := by
2025-04-13 11:21:35 - INFO - Testing fix: Original errors: 4, Fixed errors: 1
2025-04-13 11:21:35 - INFO - Result: False (introduced 1 new errors)
2025-04-13 11:21:35 - DEBUG - === New errors detail ===
2025-04-13 11:21:35 - DEBUG - New Error 1: line 3, type: syntax_error, message: unexpected token 'let'; expected ':=', 'where' or '|'
2025-04-13 11:21:35 - INFO - Testing fragment: norm_num
2025-04-13 11:21:35 - INFO - Original error line:   Finset.card (Finset.filter (fun n => 6 ∣ 4 * ↑n - (2 : ℤ)) (Finset.range 60)) = 20 := by
2025-04-13 11:21:37 - INFO - Testing fix: Original errors: 4, Fixed errors: 1
2025-04-13 11:21:37 - INFO - Result: False (introduced 1 new errors)
2025-04-13 11:21:37 - DEBUG - === New errors detail ===
2025-04-13 11:21:37 - DEBUG - New Error 1: line 3, type: syntax_error, message: unexpected token 'let'; expected ':=', 'where' or '|'
2025-04-13 11:21:37 - INFO - Testing fragment: ring
2025-04-13 11:21:37 - INFO - Original error line:   Finset.card (Finset.filter (fun n => 6 ∣ 4 * ↑n - (2 : ℤ)) (Finset.range 60)) = 20 := by
2025-04-13 11:21:39 - INFO - Testing fix: Original errors: 4, Fixed errors: 1
2025-04-13 11:21:39 - INFO - Result: False (introduced 1 new errors)
2025-04-13 11:21:39 - DEBUG - === New errors detail ===
2025-04-13 11:21:39 - DEBUG - New Error 1: line 3, type: syntax_error, message: unexpected token 'let'; expected ':=', 'where' or '|'
2025-04-13 11:21:39 - INFO - Testing fragment: ring_nf
2025-04-13 11:21:39 - INFO - Original error line:   Finset.card (Finset.filter (fun n => 6 ∣ 4 * ↑n - (2 : ℤ)) (Finset.range 60)) = 20 := by
2025-04-13 11:21:41 - INFO - Testing fix: Original errors: 4, Fixed errors: 1
2025-04-13 11:21:41 - INFO - Result: False (introduced 1 new errors)
2025-04-13 11:21:41 - DEBUG - === New errors detail ===
2025-04-13 11:21:41 - DEBUG - New Error 1: line 3, type: syntax_error, message: unexpected token 'let'; expected ':=', 'where' or '|'
2025-04-13 11:21:41 - INFO - Testing fragment: omega
2025-04-13 11:21:41 - INFO - Original error line:   Finset.card (Finset.filter (fun n => 6 ∣ 4 * ↑n - (2 : ℤ)) (Finset.range 60)) = 20 := by
2025-04-13 11:21:43 - INFO - Testing fix: Original errors: 4, Fixed errors: 1
2025-04-13 11:21:43 - INFO - Result: False (introduced 1 new errors)
2025-04-13 11:21:43 - DEBUG - === New errors detail ===
2025-04-13 11:21:43 - DEBUG - New Error 1: line 3, type: syntax_error, message: unexpected token 'let'; expected ':=', 'where' or '|'
2025-04-13 11:21:43 - INFO - Testing fragment: linarith
2025-04-13 11:21:43 - INFO - Original error line:   Finset.card (Finset.filter (fun n => 6 ∣ 4 * ↑n - (2 : ℤ)) (Finset.range 60)) = 20 := by
2025-04-13 11:21:45 - INFO - Testing fix: Original errors: 4, Fixed errors: 1
2025-04-13 11:21:45 - INFO - Result: False (introduced 1 new errors)
2025-04-13 11:21:45 - DEBUG - === New errors detail ===
2025-04-13 11:21:45 - DEBUG - New Error 1: line 3, type: syntax_error, message: unexpected token 'let'; expected ':=', 'where' or '|'
2025-04-13 11:21:45 - INFO - Testing fragment: nlinarith
2025-04-13 11:21:45 - INFO - Original error line:   Finset.card (Finset.filter (fun n => 6 ∣ 4 * ↑n - (2 : ℤ)) (Finset.range 60)) = 20 := by
2025-04-13 11:21:47 - INFO - Testing fix: Original errors: 4, Fixed errors: 1
2025-04-13 11:21:47 - INFO - Result: False (introduced 1 new errors)
2025-04-13 11:21:47 - DEBUG - === New errors detail ===
2025-04-13 11:21:47 - DEBUG - New Error 1: line 3, type: syntax_error, message: unexpected token 'let'; expected ':=', 'where' or '|'
2025-04-13 11:21:47 - INFO - Failed attempt time: 22.04 seconds
2025-04-13 11:21:47 - INFO - ❌ Could not generate fix for error at line 3
2025-04-13 11:21:47 - INFO - 
Trying to fix error 3/4: line 17, type: other_error
2025-04-13 11:21:47 - INFO - Error message: unsolved goals
case mpr
pred : sorryAx Type true → Prop := fun n => 6 ∣ 4 * n - 2
simplified_pred : ...
2025-04-13 11:21:47 - INFO - Removed header content, remaining 143 lines of code
2025-04-13 11:21:47 - INFO - Using specified target error line: 17
2025-04-13 11:21:48 - INFO - Found error at specified line: unsolved goals
case mpr
pred : sorryAx Type true → Prop := fun n => 6 ∣ 4 * n - 2
simplified_pred : sorryAx Type true → Prop := fun n => sorryAx Prop true
n : sorryAx Type true
⊢ simplified_pred n → pred n
2025-04-13 11:21:48 - INFO - Error at line 17: unsolved goals
case mpr
pred : sorryAx Type true → Prop := fun n => 6 ∣ 4 * n - 2
simplified_pred : sorryAx Type true → Prop := fun n => sorryAx Prop true
n : sorryAx Type true
⊢ simplified_pred n → pred n
2025-04-13 11:21:48 - INFO - 
==================================================
2025-04-13 11:21:48 - INFO - Code prepared, starting synthesis
2025-04-13 11:21:48 - INFO - Before part: /-- How many integers $n$ satisfy $0<n<60$ and $4n\equiv 2\pmod 6?$ Show that it is 20.-/
theorem mathd_numbertheory_211 :
  Finset.card (Finset.filter (fun n => 6 ∣ 4 * ↑n - (2 : ℤ)) (Finset.range 60)) = 20 := by
  -- First, we'll simplify the congruence condition 4n ≡ 2 mod 6
  -- The condition 6 ∣ (4n - 2) is equivalent to 4n ≡ 2 mod 6
  -- We can simplify this congruence by dividing both sides by gcd(4,6)=2
  -- This gives us 2n ≡ 1 mod 3
  -- Now we need to solve for n in this simpler congruence

  -- Let's define the predicate we're filtering for
  let pred : ℕ → Prop := fun n => 6 ∣ (4 * n - 2)
  
  -- The simplified predicate after the above reasoning
  let simplified_pred : ℕ → Prop := fun n => n % 3 == 2
  
  -- We'll prove that our original predicate is equivalent to the simplified one
2025-04-13 11:21:48 - INFO - Error line:   have equiv_pred : ∀ n, pred n ↔ simplified_pred n := by
2025-04-13 11:21:48 - INFO - After part: intro n
    -- Original condition: 6 divides (4n - 2)
    -- Which means 4n ≡ 2 mod 6
    -- Dividing by gcd(4,6)=2 gives 2n ≡ 1 mod 3
    -- Multiply both sides by 2 (inverse of 2 mod 3) to get n ≡ 2 mod 3
    constructor
    · intro h
      -- Forward direction: original implies simplified
      have h_mod : (4 * n - 2) % 6 = 0 := Int.mod_eq_zero_of_dvd h
      -- Convert to Nat since we're dealing with positive numbers
      have h_nat : (4 * n - 2) % 6 = 0 := by exact_mod_cast h_mod
      -- Simplify the modulus
      rw [← Nat.modEq_iff_dvd' (by norm_num : 0 ≤ 4 * n - 2), Nat.ModEq] at h_nat
      have : 4 * n ≡ 2 [MOD 6] := h_nat
      -- Divide the congruence by 2 (gcd(4,6)=2 divides 2)
      have : 2 * n ≡ 1 [MOD 3] := by
        apply Nat.ModEq.of_mul_left 2
        apply Nat.modEq_of_modEq_mul 6 2
        exact this
      -- Multiply by the modular inverse of 2 mod 3 (which is 2)
      have : n ≡ 2 * 1 [MOD 3] := Nat.ModEq.mul_right' 2 this
      simp [simplified_pred, Nat.ModEq] at this ⊢
      rw [← this]
      norm_num
    · intro h
      -- Reverse direction: simplified implies original
      simp [simplified_pred] at h
      have : n % 3 = 2 := h
      -- Show that n ≡ 2 mod 3
      have : n ≡ 2 [MOD 3] := by rw [Nat.ModEq, this]
      -- Multiply by 2 to get 2n ≡ 4 ≡ 1 mod 3
      have : 2 * n ≡ 1 [MOD 3] := Nat.ModEq.mul_right 2 this
      -- Multiply by 2 to get 4n ≡ 2 mod 6 (since 6 = 2*3)
      have : 4 * n ≡ 2 [MOD 6] := by
        apply Nat.modEq_mul_of_modEq_of_modEq 2 3
        · show 4 * n % 2 = 2 % 2
          simp [Nat.mod_eq_of_lt (by norm_num)]
        · exact this
      rw [Nat.ModEq] at this
      simp [pred, Nat.dvd_iff_mod_eq_zero, this]
  
  -- Now we can rewrite our goal using the equivalent simplified predicate
  rw [Finset.card_eq_card_iff_eq_filter]
  -- The simplified filter counts numbers ≡ 2 mod 3 in (0,60)
  have : Finset.filter pred (Finset.range 60) = Finset.filter simplified_pred (Finset.range 60) := by
    apply Finset.filter_congr
    simp [equiv_pred]
  rw [this]
  
  -- Now we need to count how many numbers n in 1..59 satisfy n ≡ 2 mod 3
  -- The numbers are 2, 5, 8, ..., 59
  -- This is an arithmetic sequence with:
  -- First term a₁ = 2
  -- Last term aₙ = 59
  -- Common difference d = 3
  
  -- Calculate how many such numbers exist
  have : Finset.card (Finset.filter simplified_pred (Finset.range 60)) = 20 := by
    -- The range 0..59 is all numbers <60
    -- We want numbers where n ≡ 2 mod 3 and 0 < n < 60
    -- So we're counting n ∈ [1, 59] ≡ 2 mod 3
    
    -- The smallest number is 2 (1 ≡ 1 mod 3, 2 ≡ 2 mod 3)
    -- The largest number is 59 (since 59 ≡ 2 mod 3)
    
    -- The count is floor((59 - 2)/3) + 1 = floor(57/3) + 1 = 19 + 1 = 20
    -- Let's compute this formally
    
    -- First, create the set of numbers we're counting
    let s := Finset.Ico 1 60
    -- Filter for n ≡ 2 mod 3
    let s' := Finset.filter (fun n => n % 3 = 2) s
    
    -- The count should be the same as the size of s'
    have : Finset.card s' = Finset.card (Finset.filter simplified_pred (Finset.range 60)) := by
      rw [Finset.range_eq_Ico, Finset.Ico_filter_lt]
      simp [simplified_pred]
      congr
      ext n
      simp
    
    -- Now compute the cardinality of s'
    rw [← this]
    
    -- The numbers we want are exactly the numbers of form 3k + 2 in [1,59]
    -- The sequence is 2, 5, 8, ..., 59
    -- Number of terms is ((59 - 2)/3) + 1 = (57/3) + 1 = 19 + 1 = 20
    
    -- To compute this formally, we can use the fact that the count is
    -- floor((last - first)/step) + 1
    have : Finset.card s' = ((59 - 2) / 3) + 1 := by
      -- The count of numbers ≡ 2 mod 3 in [1,59] is the same as
      -- the count of numbers ≡ 0 mod 3 in [-1,57] (after subtracting 2)
      -- which is floor(57/3) - floor((-1)/3) = 19 - (-1) = 20
      -- But let's compute it directly
      
      -- The general formula for number of terms in arithmetic sequence:
      -- ((last - first) / step) + 1
      -- For our sequence: first = 2, last = 59, step = 3
      have : ((59 - 2) / 3) + 1 = 20 := by norm_num
      rw [this]
      
      -- To connect this to our filtered set, we can use that the filtered set
      -- is exactly the arithmetic progression
      have : s' = Finset.Ico 2 60 ∩ {n | n % 3 = 2} := by
        simp [s', s, Finset.Ico, Finset.filter]
        ext n
        simp
        constructor
        · intro ⟨h1, h2⟩
          exact ⟨h1.2, h2⟩
        · intro ⟨h1, h2⟩
          exact ⟨⟨by linarith, h1⟩, h2⟩
      
      -- The count of such numbers is indeed 20
      -- We can compute this by observing the sequence properties
      rw [this]
      simp [Finset.card_Ico_filter_mod_eq]
      norm_num
    
    -- Finish the computation
    rw [this]
    norm_num
  
  -- Apply our computation to complete the proof
  exact this
2025-04-13 11:21:48 - INFO - ==================================================

2025-04-13 11:21:49 - INFO - Testing fragment: rw [justaplaceholder]
2025-04-13 11:21:49 - INFO - Original error line:   have equiv_pred : ∀ n, pred n ↔ simplified_pred n := by
2025-04-13 11:21:51 - INFO - Testing fix: Original errors: 4, Fixed errors: 6
2025-04-13 11:21:51 - INFO - Result: False (introduced 5 new errors)
2025-04-13 11:21:51 - DEBUG - === New errors detail ===
2025-04-13 11:21:51 - DEBUG - New Error 1: line 11, type: unknown_identifier, message: unknown identifier 'ℕ'
2025-04-13 11:21:51 - DEBUG - New Error 2: line 14, type: unknown_identifier, message: unknown identifier 'ℕ'
2025-04-13 11:21:51 - DEBUG - New Error 3: line 17, type: unknown_identifier, message: unknown identifier 'justaplaceholder'
2025-04-13 11:21:51 - DEBUG - New Error 4: line 17, type: rewrite_failed, message: tactic 'rewrite' failed, equality or iff proof expected
  ?m.487
case refine_2
pred : sorryAx (Type ?u.53) true → Prop := fun n => 6 ∣ 4 * n - 2
simplified_pred : sorryAx (Type ?u.381) true → Prop := fun n => sorryAx Prop true
⊢ sorryAx Nat true = 20
2025-04-13 11:21:51 - DEBUG - New Error 5: line 18, type: other_error, message: unexpected identifier; expected command
2025-04-13 11:21:51 - INFO - Testing fragment: rw [<- justaplaceholder]
2025-04-13 11:21:51 - INFO - Original error line:   have equiv_pred : ∀ n, pred n ↔ simplified_pred n := by
2025-04-13 11:21:53 - INFO - Testing fix: Original errors: 4, Fixed errors: 6
2025-04-13 11:21:53 - INFO - Result: False (introduced 5 new errors)
2025-04-13 11:21:53 - DEBUG - === New errors detail ===
2025-04-13 11:21:53 - DEBUG - New Error 1: line 11, type: unknown_identifier, message: unknown identifier 'ℕ'
2025-04-13 11:21:53 - DEBUG - New Error 2: line 14, type: unknown_identifier, message: unknown identifier 'ℕ'
2025-04-13 11:21:53 - DEBUG - New Error 3: line 17, type: unknown_identifier, message: unknown identifier 'justaplaceholder'
2025-04-13 11:21:53 - DEBUG - New Error 4: line 17, type: rewrite_failed, message: tactic 'rewrite' failed, equality or iff proof expected
  ?m.487
case refine_2
pred : sorryAx (Type ?u.53) true → Prop := fun n => 6 ∣ 4 * n - 2
simplified_pred : sorryAx (Type ?u.381) true → Prop := fun n => sorryAx Prop true
⊢ sorryAx Nat true = 20
2025-04-13 11:21:53 - DEBUG - New Error 5: line 18, type: other_error, message: unexpected identifier; expected command
2025-04-13 11:21:53 - INFO - Testing fragment: simp
2025-04-13 11:21:53 - INFO - Original error line:   have equiv_pred : ∀ n, pred n ↔ simplified_pred n := by
2025-04-13 11:21:55 - INFO - Testing fix: Original errors: 4, Fixed errors: 5
2025-04-13 11:21:55 - INFO - Result: False (introduced 4 new errors)
2025-04-13 11:21:55 - DEBUG - === New errors detail ===
2025-04-13 11:21:55 - DEBUG - New Error 1: line 11, type: unknown_identifier, message: unknown identifier 'ℕ'
2025-04-13 11:21:55 - DEBUG - New Error 2: line 14, type: unknown_identifier, message: unknown identifier 'ℕ'
2025-04-13 11:21:55 - DEBUG - New Error 3: line 17, type: simp_failed, message: simp made no progress
2025-04-13 11:21:55 - DEBUG - New Error 4: line 18, type: other_error, message: unexpected identifier; expected command
2025-04-13 11:21:55 - INFO - Testing fragment: field_simp
2025-04-13 11:21:55 - INFO - Original error line:   have equiv_pred : ∀ n, pred n ↔ simplified_pred n := by
2025-04-13 11:21:57 - INFO - Testing fix: Original errors: 4, Fixed errors: 3
2025-04-13 11:21:57 - INFO - Result: False (introduced 2 new errors)
2025-04-13 11:21:57 - DEBUG - === New errors detail ===
2025-04-13 11:21:57 - DEBUG - New Error 1: line 17, type: other_error, message: unknown tactic
2025-04-13 11:21:57 - DEBUG - New Error 2: line 3, type: other_error, message: unsolved goals
case refine_2
pred : sorryAx (Type ?u.53) true → Prop := fun n => 6 ∣ 4 * n - 2
simplified_pred : sorryAx (Type ?u.381) true → Prop := fun n => sorryAx Prop true
⊢ sorryAx Nat true = 20

case refine_1
⊢ sorryAx (Type ?u.53) true → HMul Nat (sorryAx (Type ?u.53) true) Nat
2025-04-13 11:21:57 - INFO - Testing fragment: norm_num
2025-04-13 11:21:57 - INFO - Original error line:   have equiv_pred : ∀ n, pred n ↔ simplified_pred n := by
2025-04-13 11:21:59 - INFO - Testing fix: Original errors: 4, Fixed errors: 3
2025-04-13 11:21:59 - INFO - Result: False (introduced 2 new errors)
2025-04-13 11:21:59 - DEBUG - === New errors detail ===
2025-04-13 11:21:59 - DEBUG - New Error 1: line 17, type: other_error, message: unknown tactic
2025-04-13 11:21:59 - DEBUG - New Error 2: line 3, type: other_error, message: unsolved goals
case refine_2
pred : sorryAx (Type ?u.53) true → Prop := fun n => 6 ∣ 4 * n - 2
simplified_pred : sorryAx (Type ?u.381) true → Prop := fun n => sorryAx Prop true
⊢ sorryAx Nat true = 20

case refine_1
⊢ sorryAx (Type ?u.53) true → HMul Nat (sorryAx (Type ?u.53) true) Nat
2025-04-13 11:21:59 - INFO - Testing fragment: ring
2025-04-13 11:21:59 - INFO - Original error line:   have equiv_pred : ∀ n, pred n ↔ simplified_pred n := by
2025-04-13 11:22:01 - INFO - Testing fix: Original errors: 4, Fixed errors: 3
2025-04-13 11:22:01 - INFO - Result: False (introduced 2 new errors)
2025-04-13 11:22:01 - DEBUG - === New errors detail ===
2025-04-13 11:22:01 - DEBUG - New Error 1: line 17, type: other_error, message: unknown tactic
2025-04-13 11:22:01 - DEBUG - New Error 2: line 3, type: other_error, message: unsolved goals
case refine_2
pred : sorryAx (Type ?u.53) true → Prop := fun n => 6 ∣ 4 * n - 2
simplified_pred : sorryAx (Type ?u.381) true → Prop := fun n => sorryAx Prop true
⊢ sorryAx Nat true = 20

case refine_1
⊢ sorryAx (Type ?u.53) true → HMul Nat (sorryAx (Type ?u.53) true) Nat
2025-04-13 11:22:01 - INFO - Testing fragment: ring_nf
2025-04-13 11:22:01 - INFO - Original error line:   have equiv_pred : ∀ n, pred n ↔ simplified_pred n := by
2025-04-13 11:22:03 - INFO - Testing fix: Original errors: 4, Fixed errors: 3
2025-04-13 11:22:03 - INFO - Result: False (introduced 2 new errors)
2025-04-13 11:22:03 - DEBUG - === New errors detail ===
2025-04-13 11:22:03 - DEBUG - New Error 1: line 17, type: other_error, message: unknown tactic
2025-04-13 11:22:03 - DEBUG - New Error 2: line 3, type: other_error, message: unsolved goals
case refine_2
pred : sorryAx (Type ?u.53) true → Prop := fun n => 6 ∣ 4 * n - 2
simplified_pred : sorryAx (Type ?u.381) true → Prop := fun n => sorryAx Prop true
⊢ sorryAx Nat true = 20

case refine_1
⊢ sorryAx (Type ?u.53) true → HMul Nat (sorryAx (Type ?u.53) true) Nat
2025-04-13 11:22:03 - INFO - Testing fragment: omega
2025-04-13 11:22:03 - INFO - Original error line:   have equiv_pred : ∀ n, pred n ↔ simplified_pred n := by
2025-04-13 11:22:05 - INFO - Testing fix: Original errors: 4, Fixed errors: 4
2025-04-13 11:22:05 - INFO - Result: False (introduced 3 new errors)
2025-04-13 11:22:05 - DEBUG - === New errors detail ===
2025-04-13 11:22:05 - DEBUG - New Error 1: line 11, type: unknown_identifier, message: unknown identifier 'ℕ'
2025-04-13 11:22:05 - DEBUG - New Error 2: line 14, type: unknown_identifier, message: unknown identifier 'ℕ'
2025-04-13 11:22:05 - DEBUG - New Error 3: line 18, type: other_error, message: unexpected identifier; expected command
2025-04-13 11:22:05 - INFO - Testing fragment: linarith
2025-04-13 11:22:05 - INFO - Original error line:   have equiv_pred : ∀ n, pred n ↔ simplified_pred n := by
2025-04-13 11:22:07 - INFO - Testing fix: Original errors: 4, Fixed errors: 3
2025-04-13 11:22:07 - INFO - Result: False (introduced 2 new errors)
2025-04-13 11:22:07 - DEBUG - === New errors detail ===
2025-04-13 11:22:07 - DEBUG - New Error 1: line 17, type: other_error, message: unknown tactic
2025-04-13 11:22:07 - DEBUG - New Error 2: line 3, type: other_error, message: unsolved goals
case refine_2
pred : sorryAx (Type ?u.53) true → Prop := fun n => 6 ∣ 4 * n - 2
simplified_pred : sorryAx (Type ?u.381) true → Prop := fun n => sorryAx Prop true
⊢ sorryAx Nat true = 20

case refine_1
⊢ sorryAx (Type ?u.53) true → HMul Nat (sorryAx (Type ?u.53) true) Nat
2025-04-13 11:22:07 - INFO - Testing fragment: nlinarith
2025-04-13 11:22:07 - INFO - Original error line:   have equiv_pred : ∀ n, pred n ↔ simplified_pred n := by
2025-04-13 11:22:09 - INFO - Testing fix: Original errors: 4, Fixed errors: 3
2025-04-13 11:22:09 - INFO - Result: False (introduced 2 new errors)
2025-04-13 11:22:09 - DEBUG - === New errors detail ===
2025-04-13 11:22:09 - DEBUG - New Error 1: line 17, type: other_error, message: unknown tactic
2025-04-13 11:22:09 - DEBUG - New Error 2: line 3, type: other_error, message: unsolved goals
case refine_2
pred : sorryAx (Type ?u.53) true → Prop := fun n => 6 ∣ 4 * n - 2
simplified_pred : sorryAx (Type ?u.381) true → Prop := fun n => sorryAx Prop true
⊢ sorryAx Nat true = 20

case refine_1
⊢ sorryAx (Type ?u.53) true → HMul Nat (sorryAx (Type ?u.53) true) Nat
2025-04-13 11:22:09 - INFO - Failed attempt time: 22.04 seconds
2025-04-13 11:22:09 - INFO - ❌ Could not generate fix for error at line 17
2025-04-13 11:22:09 - INFO - 
Trying to fix error 4/4: line 30, type: other_error
2025-04-13 11:22:09 - INFO - Error message: unknown tactic...
2025-04-13 11:22:09 - INFO - Removed header content, remaining 143 lines of code
2025-04-13 11:22:09 - INFO - Using specified target error line: 30
2025-04-13 11:22:10 - INFO - Found error at specified line: unknown tactic
2025-04-13 11:22:10 - INFO - Error at line 30: unknown tactic
2025-04-13 11:22:10 - INFO - 
==================================================
2025-04-13 11:22:10 - INFO - Code prepared, starting synthesis
2025-04-13 11:22:10 - INFO - Before part: /-- How many integers $n$ satisfy $0<n<60$ and $4n\equiv 2\pmod 6?$ Show that it is 20.-/
theorem mathd_numbertheory_211 :
  Finset.card (Finset.filter (fun n => 6 ∣ 4 * ↑n - (2 : ℤ)) (Finset.range 60)) = 20 := by
  -- First, we'll simplify the congruence condition 4n ≡ 2 mod 6
  -- The condition 6 ∣ (4n - 2) is equivalent to 4n ≡ 2 mod 6
  -- We can simplify this congruence by dividing both sides by gcd(4,6)=2
  -- This gives us 2n ≡ 1 mod 3
  -- Now we need to solve for n in this simpler congruence

  -- Let's define the predicate we're filtering for
  let pred : ℕ → Prop := fun n => 6 ∣ (4 * n - 2)
  
  -- The simplified predicate after the above reasoning
  let simplified_pred : ℕ → Prop := fun n => n % 3 == 2
  
  -- We'll prove that our original predicate is equivalent to the simplified one
  have equiv_pred : ∀ n, pred n ↔ simplified_pred n := by
    intro n
    -- Original condition: 6 divides (4n - 2)
    -- Which means 4n ≡ 2 mod 6
    -- Dividing by gcd(4,6)=2 gives 2n ≡ 1 mod 3
    -- Multiply both sides by 2 (inverse of 2 mod 3) to get n ≡ 2 mod 3
    constructor
    · intro h
      -- Forward direction: original implies simplified
      have h_mod : (4 * n - 2) % 6 = 0 := Int.mod_eq_zero_of_dvd h
      -- Convert to Nat since we're dealing with positive numbers
      have h_nat : (4 * n - 2) % 6 = 0 := by exact_mod_cast h_mod
      -- Simplify the modulus
2025-04-13 11:22:10 - INFO - Error line:       rw [← Nat.modEq_iff_dvd' (by norm_num : 0 ≤ 4 * n - 2), Nat.ModEq] at h_nat
2025-04-13 11:22:10 - INFO - After part: have : 4 * n ≡ 2 [MOD 6] := h_nat
      -- Divide the congruence by 2 (gcd(4,6)=2 divides 2)
      have : 2 * n ≡ 1 [MOD 3] := by
        apply Nat.ModEq.of_mul_left 2
        apply Nat.modEq_of_modEq_mul 6 2
        exact this
      -- Multiply by the modular inverse of 2 mod 3 (which is 2)
      have : n ≡ 2 * 1 [MOD 3] := Nat.ModEq.mul_right' 2 this
      simp [simplified_pred, Nat.ModEq] at this ⊢
      rw [← this]
      norm_num
    · intro h
      -- Reverse direction: simplified implies original
      simp [simplified_pred] at h
      have : n % 3 = 2 := h
      -- Show that n ≡ 2 mod 3
      have : n ≡ 2 [MOD 3] := by rw [Nat.ModEq, this]
      -- Multiply by 2 to get 2n ≡ 4 ≡ 1 mod 3
      have : 2 * n ≡ 1 [MOD 3] := Nat.ModEq.mul_right 2 this
      -- Multiply by 2 to get 4n ≡ 2 mod 6 (since 6 = 2*3)
      have : 4 * n ≡ 2 [MOD 6] := by
        apply Nat.modEq_mul_of_modEq_of_modEq 2 3
        · show 4 * n % 2 = 2 % 2
          simp [Nat.mod_eq_of_lt (by norm_num)]
        · exact this
      rw [Nat.ModEq] at this
      simp [pred, Nat.dvd_iff_mod_eq_zero, this]
  
  -- Now we can rewrite our goal using the equivalent simplified predicate
  rw [Finset.card_eq_card_iff_eq_filter]
  -- The simplified filter counts numbers ≡ 2 mod 3 in (0,60)
  have : Finset.filter pred (Finset.range 60) = Finset.filter simplified_pred (Finset.range 60) := by
    apply Finset.filter_congr
    simp [equiv_pred]
  rw [this]
  
  -- Now we need to count how many numbers n in 1..59 satisfy n ≡ 2 mod 3
  -- The numbers are 2, 5, 8, ..., 59
  -- This is an arithmetic sequence with:
  -- First term a₁ = 2
  -- Last term aₙ = 59
  -- Common difference d = 3
  
  -- Calculate how many such numbers exist
  have : Finset.card (Finset.filter simplified_pred (Finset.range 60)) = 20 := by
    -- The range 0..59 is all numbers <60
    -- We want numbers where n ≡ 2 mod 3 and 0 < n < 60
    -- So we're counting n ∈ [1, 59] ≡ 2 mod 3
    
    -- The smallest number is 2 (1 ≡ 1 mod 3, 2 ≡ 2 mod 3)
    -- The largest number is 59 (since 59 ≡ 2 mod 3)
    
    -- The count is floor((59 - 2)/3) + 1 = floor(57/3) + 1 = 19 + 1 = 20
    -- Let's compute this formally
    
    -- First, create the set of numbers we're counting
    let s := Finset.Ico 1 60
    -- Filter for n ≡ 2 mod 3
    let s' := Finset.filter (fun n => n % 3 = 2) s
    
    -- The count should be the same as the size of s'
    have : Finset.card s' = Finset.card (Finset.filter simplified_pred (Finset.range 60)) := by
      rw [Finset.range_eq_Ico, Finset.Ico_filter_lt]
      simp [simplified_pred]
      congr
      ext n
      simp
    
    -- Now compute the cardinality of s'
    rw [← this]
    
    -- The numbers we want are exactly the numbers of form 3k + 2 in [1,59]
    -- The sequence is 2, 5, 8, ..., 59
    -- Number of terms is ((59 - 2)/3) + 1 = (57/3) + 1 = 19 + 1 = 20
    
    -- To compute this formally, we can use the fact that the count is
    -- floor((last - first)/step) + 1
    have : Finset.card s' = ((59 - 2) / 3) + 1 := by
      -- The count of numbers ≡ 2 mod 3 in [1,59] is the same as
      -- the count of numbers ≡ 0 mod 3 in [-1,57] (after subtracting 2)
      -- which is floor(57/3) - floor((-1)/3) = 19 - (-1) = 20
      -- But let's compute it directly
      
      -- The general formula for number of terms in arithmetic sequence:
      -- ((last - first) / step) + 1
      -- For our sequence: first = 2, last = 59, step = 3
      have : ((59 - 2) / 3) + 1 = 20 := by norm_num
      rw [this]
      
      -- To connect this to our filtered set, we can use that the filtered set
      -- is exactly the arithmetic progression
      have : s' = Finset.Ico 2 60 ∩ {n | n % 3 = 2} := by
        simp [s', s, Finset.Ico, Finset.filter]
        ext n
        simp
        constructor
        · intro ⟨h1, h2⟩
          exact ⟨h1.2, h2⟩
        · intro ⟨h1, h2⟩
          exact ⟨⟨by linarith, h1⟩, h2⟩
      
      -- The count of such numbers is indeed 20
      -- We can compute this by observing the sequence properties
      rw [this]
      simp [Finset.card_Ico_filter_mod_eq]
      norm_num
    
    -- Finish the computation
    rw [this]
    norm_num
  
  -- Apply our computation to complete the proof
  exact this
2025-04-13 11:22:10 - INFO - ==================================================

2025-04-13 11:22:11 - INFO - Testing fragment: rw [justaplaceholder]
2025-04-13 11:22:11 - INFO - Original error line:       rw [← Nat.modEq_iff_dvd' (by norm_num : 0 ≤ 4 * n - 2), Nat.ModEq] at h_nat
2025-04-13 11:22:13 - INFO - Testing fix: Original errors: 4, Fixed errors: 4
2025-04-13 11:22:13 - INFO - Result: False (introduced 3 new errors)
2025-04-13 11:22:13 - DEBUG - === New errors detail ===
2025-04-13 11:22:13 - DEBUG - New Error 1: line 31, type: other_error, message: expected token
2025-04-13 11:22:13 - DEBUG - New Error 2: line 17, type: other_error, message: unsolved goals
case mpr
pred : sorryAx Type true → Prop := fun n => 6 ∣ 4 * n - 2
simplified_pred : sorryAx Type true → Prop := fun n => sorryAx Prop true
n : sorryAx Type true
⊢ simplified_pred n → pred n
2025-04-13 11:22:13 - DEBUG - New Error 3: line 3, type: other_error, message: unsolved goals
case refine_2
pred : sorryAx Type true → Prop := fun n => 6 ∣ 4 * n - 2
simplified_pred : sorryAx Type true → Prop := fun n => sorryAx Prop true
equiv_pred : ∀ (n : sorryAx Type true), pred n ↔ simplified_pred n
⊢ sorryAx Nat true = 20

case refine_1
⊢ sorryAx Type true → HMul Nat (sorryAx Type true) Nat
2025-04-13 11:22:13 - INFO - Testing fragment: rw [<- justaplaceholder]
2025-04-13 11:22:13 - INFO - Original error line:       rw [← Nat.modEq_iff_dvd' (by norm_num : 0 ≤ 4 * n - 2), Nat.ModEq] at h_nat
2025-04-13 11:22:15 - INFO - Testing fix: Original errors: 4, Fixed errors: 4
2025-04-13 11:22:15 - INFO - Result: False (introduced 3 new errors)
2025-04-13 11:22:15 - DEBUG - === New errors detail ===
2025-04-13 11:22:15 - DEBUG - New Error 1: line 31, type: other_error, message: expected token
2025-04-13 11:22:15 - DEBUG - New Error 2: line 17, type: other_error, message: unsolved goals
case mpr
pred : sorryAx Type true → Prop := fun n => 6 ∣ 4 * n - 2
simplified_pred : sorryAx Type true → Prop := fun n => sorryAx Prop true
n : sorryAx Type true
⊢ simplified_pred n → pred n
2025-04-13 11:22:15 - DEBUG - New Error 3: line 3, type: other_error, message: unsolved goals
case refine_2
pred : sorryAx Type true → Prop := fun n => 6 ∣ 4 * n - 2
simplified_pred : sorryAx Type true → Prop := fun n => sorryAx Prop true
equiv_pred : ∀ (n : sorryAx Type true), pred n ↔ simplified_pred n
⊢ sorryAx Nat true = 20

case refine_1
⊢ sorryAx Type true → HMul Nat (sorryAx Type true) Nat
2025-04-13 11:22:15 - INFO - Testing fragment: simp
2025-04-13 11:22:15 - INFO - Original error line:       rw [← Nat.modEq_iff_dvd' (by norm_num : 0 ≤ 4 * n - 2), Nat.ModEq] at h_nat
2025-04-13 11:22:17 - INFO - Testing fix: Original errors: 4, Fixed errors: 4
2025-04-13 11:22:17 - INFO - Result: False (introduced 3 new errors)
2025-04-13 11:22:17 - DEBUG - === New errors detail ===
2025-04-13 11:22:17 - DEBUG - New Error 1: line 31, type: other_error, message: expected token
2025-04-13 11:22:17 - DEBUG - New Error 2: line 17, type: other_error, message: unsolved goals
case mpr
pred : sorryAx Type true → Prop := fun n => 6 ∣ 4 * n - 2
simplified_pred : sorryAx Type true → Prop := fun n => sorryAx Prop true
n : sorryAx Type true
⊢ simplified_pred n → pred n
2025-04-13 11:22:17 - DEBUG - New Error 3: line 3, type: other_error, message: unsolved goals
case refine_2
pred : sorryAx Type true → Prop := fun n => 6 ∣ 4 * n - 2
simplified_pred : sorryAx Type true → Prop := fun n => sorryAx Prop true
equiv_pred : ∀ (n : sorryAx Type true), pred n ↔ simplified_pred n
⊢ sorryAx Nat true = 20

case refine_1
⊢ sorryAx Type true → HMul Nat (sorryAx Type true) Nat
2025-04-13 11:22:17 - INFO - Testing fragment: field_simp
2025-04-13 11:22:17 - INFO - Original error line:       rw [← Nat.modEq_iff_dvd' (by norm_num : 0 ≤ 4 * n - 2), Nat.ModEq] at h_nat
2025-04-13 11:22:19 - INFO - Testing fix: Original errors: 4, Fixed errors: 4
2025-04-13 11:22:19 - INFO - Target error not fixed: unknown tactic...
2025-04-13 11:22:19 - INFO - Result: False (target error not fixed)
2025-04-13 11:22:19 - INFO - Testing fragment: norm_num
2025-04-13 11:22:19 - INFO - Original error line:       rw [← Nat.modEq_iff_dvd' (by norm_num : 0 ≤ 4 * n - 2), Nat.ModEq] at h_nat
2025-04-13 11:22:21 - INFO - Testing fix: Original errors: 4, Fixed errors: 4
2025-04-13 11:22:21 - INFO - Target error not fixed: unknown tactic...
2025-04-13 11:22:21 - INFO - Result: False (target error not fixed)
2025-04-13 11:22:21 - INFO - Testing fragment: ring
2025-04-13 11:22:21 - INFO - Original error line:       rw [← Nat.modEq_iff_dvd' (by norm_num : 0 ≤ 4 * n - 2), Nat.ModEq] at h_nat
2025-04-13 11:22:23 - INFO - Testing fix: Original errors: 4, Fixed errors: 4
2025-04-13 11:22:23 - INFO - Target error not fixed: unknown tactic...
2025-04-13 11:22:23 - INFO - Result: False (target error not fixed)
2025-04-13 11:22:23 - INFO - Testing fragment: ring_nf
2025-04-13 11:22:23 - INFO - Original error line:       rw [← Nat.modEq_iff_dvd' (by norm_num : 0 ≤ 4 * n - 2), Nat.ModEq] at h_nat
2025-04-13 11:22:25 - INFO - Testing fix: Original errors: 4, Fixed errors: 4
2025-04-13 11:22:25 - INFO - Target error not fixed: unknown tactic...
2025-04-13 11:22:25 - INFO - Result: False (target error not fixed)
2025-04-13 11:22:25 - INFO - Testing fragment: omega
2025-04-13 11:22:25 - INFO - Original error line:       rw [← Nat.modEq_iff_dvd' (by norm_num : 0 ≤ 4 * n - 2), Nat.ModEq] at h_nat
2025-04-13 11:22:27 - INFO - Testing fix: Original errors: 4, Fixed errors: 4
2025-04-13 11:22:27 - INFO - Result: False (introduced 3 new errors)
2025-04-13 11:22:27 - DEBUG - === New errors detail ===
2025-04-13 11:22:27 - DEBUG - New Error 1: line 31, type: other_error, message: expected token
2025-04-13 11:22:27 - DEBUG - New Error 2: line 17, type: other_error, message: unsolved goals
case mpr
pred : sorryAx Type true → Prop := fun n => 6 ∣ 4 * n - 2
simplified_pred : sorryAx Type true → Prop := fun n => sorryAx Prop true
n : sorryAx Type true
⊢ simplified_pred n → pred n
2025-04-13 11:22:27 - DEBUG - New Error 3: line 3, type: other_error, message: unsolved goals
case refine_2
pred : sorryAx Type true → Prop := fun n => 6 ∣ 4 * n - 2
simplified_pred : sorryAx Type true → Prop := fun n => sorryAx Prop true
equiv_pred : ∀ (n : sorryAx Type true), pred n ↔ simplified_pred n
⊢ sorryAx Nat true = 20

case refine_1
⊢ sorryAx Type true → HMul Nat (sorryAx Type true) Nat
2025-04-13 11:22:27 - INFO - Testing fragment: linarith
2025-04-13 11:22:27 - INFO - Original error line:       rw [← Nat.modEq_iff_dvd' (by norm_num : 0 ≤ 4 * n - 2), Nat.ModEq] at h_nat
2025-04-13 11:22:29 - INFO - Testing fix: Original errors: 4, Fixed errors: 4
2025-04-13 11:22:29 - INFO - Target error not fixed: unknown tactic...
2025-04-13 11:22:29 - INFO - Result: False (target error not fixed)
2025-04-13 11:22:29 - INFO - Testing fragment: nlinarith
2025-04-13 11:22:29 - INFO - Original error line:       rw [← Nat.modEq_iff_dvd' (by norm_num : 0 ≤ 4 * n - 2), Nat.ModEq] at h_nat
2025-04-13 11:22:31 - INFO - Testing fix: Original errors: 4, Fixed errors: 4
2025-04-13 11:22:31 - INFO - Target error not fixed: unknown tactic...
2025-04-13 11:22:31 - INFO - Result: False (target error not fixed)
2025-04-13 11:22:31 - INFO - Failed attempt time: 22.05 seconds
2025-04-13 11:22:31 - INFO - ❌ Could not generate fix for error at line 30
2025-04-13 11:22:32 - INFO - 
===== Fix attempt completed =====
2025-04-13 11:22:32 - INFO - Original errors: 4
2025-04-13 11:22:32 - INFO - Fixed errors: 0
2025-04-13 11:22:32 - INFO - Failed errors: 4
2025-04-13 11:22:32 - INFO - Remaining errors: 4
2025-04-13 11:22:32 - INFO - Total time: 90.19 seconds
2025-04-13 11:22:32 - INFO - 
Final fixed code:
2025-04-13 11:22:32 - INFO - ----------------------------------------
2025-04-13 11:22:32 - INFO - /-- How many integers $n$ satisfy $0<n<60$ and $4n\equiv 2\pmod 6?$ Show that it is 20.-/
theorem mathd_numbertheory_211 :
  Finset.card (Finset.filter (fun n => 6 ∣ 4 * ↑n - (2 : ℤ)) (Finset.range 60)) = 20 := by
  -- First, we'll simplify the congruence condition 4n ≡ 2 mod 6
  -- The condition 6 ∣ (4n - 2) is equivalent to 4n ≡ 2 mod 6
  -- We can simplify this congruence by dividing both sides by gcd(4,6)=2
  -- This gives us 2n ≡ 1 mod 3
  -- Now we need to solve for n in this simpler congruence

  -- Let's define the predicate we're filtering for
  let pred : ℕ → Prop := fun n => 6 ∣ (4 * n - 2)
  
  -- The simplified predicate after the above reasoning
  let simplified_pred : ℕ → Prop := fun n => n % 3 == 2
  
  -- We'll prove that our original predicate is equivalent to the simplified one
  have equiv_pred : ∀ n, pred n ↔ simplified_pred n := by
    intro n
    -- Original condition: 6 divides (4n - 2)
    -- Which means 4n ≡ 2 mod 6
    -- Dividing by gcd(4,6)=2 gives 2n ≡ 1 mod 3
    -- Multiply both sides by 2 (inverse of 2 mod 3) to get n ≡ 2 mod 3
    constructor
    · intro h
      -- Forward direction: original implies simplified
      have h_mod : (4 * n - 2) % 6 = 0 := Int.mod_eq_zero_of_dvd h
      -- Convert to Nat since we're dealing with positive numbers
      have h_nat : (4 * n - 2) % 6 = 0 := by exact_mod_cast h_mod
      -- Simplify the modulus
      rw [← Nat.modEq_iff_dvd' (by norm_num : 0 ≤ 4 * n - 2), Nat.ModEq] at h_nat
      have : 4 * n ≡ 2 [MOD 6] := h_nat
      -- Divide the congruence by 2 (gcd(4,6)=2 divides 2)
      have : 2 * n ≡ 1 [MOD 3] := by
        apply Nat.ModEq.of_mul_left 2
        apply Nat.modEq_of_modEq_mul 6 2
        exact this
      -- Multiply by the modular inverse of 2 mod 3 (which is 2)
      have : n ≡ 2 * 1 [MOD 3] := Nat.ModEq.mul_right' 2 this
      simp [simplified_pred, Nat.ModEq] at this ⊢
      rw [← this]
      norm_num
    · intro h
      -- Reverse direction: simplified implies original
      simp [simplified_pred] at h
      have : n % 3 = 2 := h
      -- Show that n ≡ 2 mod 3
      have : n ≡ 2 [MOD 3] := by rw [Nat.ModEq, this]
      -- Multiply by 2 to get 2n ≡ 4 ≡ 1 mod 3
      have : 2 * n ≡ 1 [MOD 3] := Nat.ModEq.mul_right 2 this
      -- Multiply by 2 to get 4n ≡ 2 mod 6 (since 6 = 2*3)
      have : 4 * n ≡ 2 [MOD 6] := by
        apply Nat.modEq_mul_of_modEq_of_modEq 2 3
        · show 4 * n % 2 = 2 % 2
          simp [Nat.mod_eq_of_lt (by norm_num)]
        · exact this
      rw [Nat.ModEq] at this
      simp [pred, Nat.dvd_iff_mod_eq_zero, this]
  
  -- Now we can rewrite our goal using the equivalent simplified predicate
  rw [Finset.card_eq_card_iff_eq_filter]
  -- The simplified filter counts numbers ≡ 2 mod 3 in (0,60)
  have : Finset.filter pred (Finset.range 60) = Finset.filter simplified_pred (Finset.range 60) := by
    apply Finset.filter_congr
    simp [equiv_pred]
  rw [this]
  
  -- Now we need to count how many numbers n in 1..59 satisfy n ≡ 2 mod 3
  -- The numbers are 2, 5, 8, ..., 59
  -- This is an arithmetic sequence with:
  -- First term a₁ = 2
  -- Last term aₙ = 59
  -- Common difference d = 3
  
  -- Calculate how many such numbers exist
  have : Finset.card (Finset.filter simplified_pred (Finset.range 60)) = 20 := by
    -- The range 0..59 is all numbers <60
    -- We want numbers where n ≡ 2 mod 3 and 0 < n < 60
    -- So we're counting n ∈ [1, 59] ≡ 2 mod 3
    
    -- The smallest number is 2 (1 ≡ 1 mod 3, 2 ≡ 2 mod 3)
    -- The largest number is 59 (since 59 ≡ 2 mod 3)
    
    -- The count is floor((59 - 2)/3) + 1 = floor(57/3) + 1 = 19 + 1 = 20
    -- Let's compute this formally
    
    -- First, create the set of numbers we're counting
    let s := Finset.Ico 1 60
    -- Filter for n ≡ 2 mod 3
    let s' := Finset.filter (fun n => n % 3 = 2) s
    
    -- The count should be the same as the size of s'
    have : Finset.card s' = Finset.card (Finset.filter simplified_pred (Finset.range 60)) := by
      rw [Finset.range_eq_Ico, Finset.Ico_filter_lt]
      simp [simplified_pred]
      congr
      ext n
      simp
    
    -- Now compute the cardinality of s'
    rw [← this]
    
    -- The numbers we want are exactly the numbers of form 3k + 2 in [1,59]
    -- The sequence is 2, 5, 8, ..., 59
    -- Number of terms is ((59 - 2)/3) + 1 = (57/3) + 1 = 19 + 1 = 20
    
    -- To compute this formally, we can use the fact that the count is
    -- floor((last - first)/step) + 1
    have : Finset.card s' = ((59 - 2) / 3) + 1 := by
      -- The count of numbers ≡ 2 mod 3 in [1,59] is the same as
      -- the count of numbers ≡ 0 mod 3 in [-1,57] (after subtracting 2)
      -- which is floor(57/3) - floor((-1)/3) = 19 - (-1) = 20
      -- But let's compute it directly
      
      -- The general formula for number of terms in arithmetic sequence:
      -- ((last - first) / step) + 1
      -- For our sequence: first = 2, last = 59, step = 3
      have : ((59 - 2) / 3) + 1 = 20 := by norm_num
      rw [this]
      
      -- To connect this to our filtered set, we can use that the filtered set
      -- is exactly the arithmetic progression
      have : s' = Finset.Ico 2 60 ∩ {n | n % 3 = 2} := by
        simp [s', s, Finset.Ico, Finset.filter]
        ext n
        simp
        constructor
        · intro ⟨h1, h2⟩
          exact ⟨h1.2, h2⟩
        · intro ⟨h1, h2⟩
          exact ⟨⟨by linarith, h1⟩, h2⟩
      
      -- The count of such numbers is indeed 20
      -- We can compute this by observing the sequence properties
      rw [this]
      simp [Finset.card_Ico_filter_mod_eq]
      norm_num
    
    -- Finish the computation
    rw [this]
    norm_num
  
  -- Apply our computation to complete the proof
  exact this
2025-04-13 11:22:32 - INFO - ----------------------------------------
2025-04-13 11:22:32 - INFO - 
Detailed error repair report:
2025-04-13 11:22:32 - INFO - Original code error count: 4
❌ Fixed error 1/4: Could not generate fix for error at line 3 «unknown_identifier» (after 22.05s)
❌ Fixed error 2/4: Could not generate fix for error at line 3 «other_error» (after 22.04s)
❌ Fixed error 3/4: Could not generate fix for error at line 17 «other_error» (after 22.04s)
❌ Fixed error 4/4: Could not generate fix for error at line 30 «other_error» (after 22.05s)

=== Fix statistics ===
Original error count: 4
Fixed errors: 0 (Fix rate: 0.0000)
Failed errors: 4
Remaining errors: 4
Total time: 90.19 seconds

=== Failed fix details ===

Failed fix 1:
   Line: 3
   Error type: unknown_identifier
   Original error message: unknown identifier 'Finset.card'...
   Failure reason: Could not generate fix
   Time: 22.05 seconds

Failed fix 2:
   Line: 3
   Error type: other_error
   Original error message: unsolved goals
case refine_2
pred : sorryAx Type true → Prop := fun n => 6 ∣ 4 * n - 2
simplified_pr...
   Failure reason: Could not generate fix
   Time: 22.04 seconds

Failed fix 3:
   Line: 17
   Error type: other_error
   Original error message: unsolved goals
case mpr
pred : sorryAx Type true → Prop := fun n => 6 ∣ 4 * n - 2
simplified_pred : ...
   Failure reason: Could not generate fix
   Time: 22.04 seconds

Failed fix 4:
   Line: 30
   Error type: other_error
   Original error message: unknown tactic...
   Failure reason: Could not generate fix
   Time: 22.05 seconds
2025-04-13 11:22:32 - INFO - 
Fixed code saved to: /data/coding/minif2f/lean_fixed/96_fixed.lean
2025-04-13 11:22:32 - INFO - JSON log saved to: /data/coding/minif2f/lean_fixed/96_fix_log.json
2025-04-13 11:22:32 - INFO - 
===== LOG FILE LOCATION =====
2025-04-13 11:22:32 - INFO - Detailed log file is available at: /data/coding/minif2f/lean_fixed/96.log
2025-04-13 11:22:32 - INFO - ===============================
