2025-04-13 11:16:19 - INFO - Log file initialized at 2025-04-13T11:16:19.103444
2025-04-13 11:16:19 - INFO - ===== LOG FILE LOCATION =====
2025-04-13 11:16:19 - INFO - Detailed log file created at: ./minif2f/lean_fixed/97.log
2025-04-13 11:16:19 - INFO - ===============================
2025-04-13 11:16:19 - INFO - Original code:
2025-04-13 11:16:19 - INFO - ----------------------------------------
2025-04-13 11:16:19 - INFO - import Mathlib
import Aesop

set_option maxHeartbeats 0

open BigOperators Real Nat Topology Rat

/-- Find the remainder when $91145 + 91146 + 91147 + 91148$ is divided by 4. Show that it is 2.-/
theorem mathd_numbertheory_640 : (91145 + 91146 + 91147 + 91148) % 4 = 2 := by
  -- The strategy is to compute each term modulo 4 separately, then sum them modulo 4

  -- First, let's compute 91145 mod 4
  -- We can find this by looking at the last two digits (since 100 is divisible by 4)
  -- 91145 = 91100 + 45
  -- 91100 mod 4 = 0 (since 100 is divisible by 4)
  -- 45 mod 4 = 1 (since 4×11 = 44 and 45-44=1)
  -- So 91145 mod 4 = 1
  have h1 : 91145 % 4 = 1 := by rfl

  -- Next, compute 91146 mod 4
  -- Similarly, 91146 = 91100 + 46
  -- 46 mod 4 = 2 (since 4×11 = 44 and 46-44=2)
  -- So 91146 mod 4 = 2
  have h2 : 91146 % 4 = 2 := by rfl

  -- Next, compute 91147 mod 4
  -- 91147 = 91100 + 47
  -- 47 mod 4 = 3 (since 4×11 = 44 and 47-44=3)
  -- So 91147 mod 4 = 3
  have h3 : 91147 % 4 = 3 := by rfl

  -- Finally, compute 91148 mod 4
  -- 91148 = 91100 + 48
  -- 48 mod 4 = 0 (since 4×12 = 48)
  -- So 91148 mod 4 = 0
  have h4 : 91148 % 4 = 0 := by rfl

  -- Now we can rewrite the original expression using these modulo results
  -- (91145 + 91146 + 91147 + 91148) mod 4 
  -- = (91145 mod 4 + 91146 mod 4 + 91147 mod 4 + 91148 mod 4) mod 4
  -- = (1 + 2 + 3 + 0) mod 4
  -- = 6 mod 4
  -- = 2
  rw [add_mod, add_mod, add_mod]  -- Break down the additions modulo 4
  rw [h1, h2, h3, h4]            -- Substitute our computed values
  norm_num                        -- Compute the final result: 6 mod 4 = 2
2025-04-13 11:16:19 - INFO - ----------------------------------------
2025-04-13 11:16:19 - INFO - 
Checking original code for all errors...
2025-04-13 11:18:55 - INFO - Original code contains 1 errors:
2025-04-13 11:18:55 - INFO - Error 1: line 38, type: no_goals_to_solve, message: no goals to be solved...
2025-04-13 11:18:55 - INFO - 
Starting multi-error continuous repair process...
2025-04-13 11:18:55 - INFO - 
===== Starting to fix all errors =====
2025-04-13 11:18:56 - INFO - 
Found 1 original errors:
2025-04-13 11:18:56 - INFO - Error 1: line 38, type: no_goals_to_solve, message: no goals to be solved...
2025-04-13 11:18:56 - INFO - 
Trying to fix error 1/1: line 38, type: no_goals_to_solve
2025-04-13 11:18:56 - INFO - Error message: no goals to be solved...
2025-04-13 11:18:56 - INFO - Removed header content, remaining 39 lines of code
2025-04-13 11:18:56 - INFO - Using specified target error line: 38
2025-04-13 11:18:57 - INFO - Found error at specified line: no goals to be solved
2025-04-13 11:18:57 - INFO - Error at line 38: no goals to be solved
2025-04-13 11:18:57 - INFO - 
==================================================
2025-04-13 11:18:57 - INFO - Code prepared, starting synthesis
2025-04-13 11:18:57 - INFO - Before part: /-- Find the remainder when $91145 + 91146 + 91147 + 91148$ is divided by 4. Show that it is 2.-/
theorem mathd_numbertheory_640 : (91145 + 91146 + 91147 + 91148) % 4 = 2 := by
  -- The strategy is to compute each term modulo 4 separately, then sum them modulo 4

  -- First, let's compute 91145 mod 4
  -- We can find this by looking at the last two digits (since 100 is divisible by 4)
  -- 91145 = 91100 + 45
  -- 91100 mod 4 = 0 (since 100 is divisible by 4)
  -- 45 mod 4 = 1 (since 4×11 = 44 and 45-44=1)
  -- So 91145 mod 4 = 1
  have h1 : 91145 % 4 = 1 := by rfl

  -- Next, compute 91146 mod 4
  -- Similarly, 91146 = 91100 + 46
  -- 46 mod 4 = 2 (since 4×11 = 44 and 46-44=2)
  -- So 91146 mod 4 = 2
  have h2 : 91146 % 4 = 2 := by rfl

  -- Next, compute 91147 mod 4
  -- 91147 = 91100 + 47
  -- 47 mod 4 = 3 (since 4×11 = 44 and 47-44=3)
  -- So 91147 mod 4 = 3
  have h3 : 91147 % 4 = 3 := by rfl

  -- Finally, compute 91148 mod 4
  -- 91148 = 91100 + 48
  -- 48 mod 4 = 0 (since 4×12 = 48)
  -- So 91148 mod 4 = 0
  have h4 : 91148 % 4 = 0 := by rfl

  -- Now we can rewrite the original expression using these modulo results
  -- (91145 + 91146 + 91147 + 91148) mod 4 
  -- = (91145 mod 4 + 91146 mod 4 + 91147 mod 4 + 91148 mod 4) mod 4
  -- = (1 + 2 + 3 + 0) mod 4
  -- = 6 mod 4
  -- = 2
  rw [add_mod, add_mod, add_mod]  -- Break down the additions modulo 4
2025-04-13 11:18:57 - INFO - Error line:   rw [h1, h2, h3, h4]            -- Substitute our computed values
2025-04-13 11:18:57 - INFO - After part: norm_num                        -- Compute the final result: 6 mod 4 = 2
2025-04-13 11:18:57 - INFO - ==================================================

2025-04-13 11:18:58 - INFO - Testing fragment: rw [justaplaceholder]
2025-04-13 11:18:58 - INFO - Original error line:   rw [h1, h2, h3, h4]            -- Substitute our computed values
2025-04-13 11:19:00 - INFO - Testing fix: Original errors: 1, Fixed errors: 1
2025-04-13 11:19:00 - INFO - Result: False (introduced 1 new errors)
2025-04-13 11:19:00 - DEBUG - === New errors detail ===
2025-04-13 11:19:00 - DEBUG - New Error 1: line 38, type: no_goals_to_solve, message: no goals to be solved
2025-04-13 11:19:00 - INFO - Testing fragment: rw [<- justaplaceholder]
2025-04-13 11:19:00 - INFO - Original error line:   rw [h1, h2, h3, h4]            -- Substitute our computed values
2025-04-13 11:19:02 - INFO - Testing fix: Original errors: 1, Fixed errors: 1
2025-04-13 11:19:02 - INFO - Result: False (introduced 1 new errors)
2025-04-13 11:19:02 - DEBUG - === New errors detail ===
2025-04-13 11:19:02 - DEBUG - New Error 1: line 38, type: no_goals_to_solve, message: no goals to be solved
2025-04-13 11:19:02 - INFO - Testing fragment: simp
2025-04-13 11:19:02 - INFO - Original error line:   rw [h1, h2, h3, h4]            -- Substitute our computed values
2025-04-13 11:19:04 - INFO - Testing fix: Original errors: 1, Fixed errors: 1
2025-04-13 11:19:04 - INFO - Result: False (introduced 1 new errors)
2025-04-13 11:19:04 - DEBUG - === New errors detail ===
2025-04-13 11:19:04 - DEBUG - New Error 1: line 38, type: no_goals_to_solve, message: no goals to be solved
2025-04-13 11:19:04 - INFO - Testing fragment: field_simp
2025-04-13 11:19:04 - INFO - Original error line:   rw [h1, h2, h3, h4]            -- Substitute our computed values
2025-04-13 11:19:06 - INFO - Testing fix: Original errors: 1, Fixed errors: 1
2025-04-13 11:19:06 - INFO - Result: False (introduced 1 new errors)
2025-04-13 11:19:06 - DEBUG - === New errors detail ===
2025-04-13 11:19:06 - DEBUG - New Error 1: line 38, type: no_goals_to_solve, message: no goals to be solved
2025-04-13 11:19:06 - INFO - Testing fragment: norm_num
2025-04-13 11:19:06 - INFO - Original error line:   rw [h1, h2, h3, h4]            -- Substitute our computed values
2025-04-13 11:19:08 - INFO - Testing fix: Original errors: 1, Fixed errors: 1
2025-04-13 11:19:08 - INFO - Result: False (introduced 1 new errors)
2025-04-13 11:19:08 - DEBUG - === New errors detail ===
2025-04-13 11:19:08 - DEBUG - New Error 1: line 38, type: no_goals_to_solve, message: no goals to be solved
2025-04-13 11:19:08 - INFO - Testing fragment: ring
2025-04-13 11:19:08 - INFO - Original error line:   rw [h1, h2, h3, h4]            -- Substitute our computed values
2025-04-13 11:19:10 - INFO - Testing fix: Original errors: 1, Fixed errors: 1
2025-04-13 11:19:10 - INFO - Result: False (introduced 1 new errors)
2025-04-13 11:19:10 - DEBUG - === New errors detail ===
2025-04-13 11:19:10 - DEBUG - New Error 1: line 38, type: no_goals_to_solve, message: no goals to be solved
2025-04-13 11:19:10 - INFO - Testing fragment: ring_nf
2025-04-13 11:19:10 - INFO - Original error line:   rw [h1, h2, h3, h4]            -- Substitute our computed values
2025-04-13 11:19:12 - INFO - Testing fix: Original errors: 1, Fixed errors: 1
2025-04-13 11:19:12 - INFO - Result: False (introduced 1 new errors)
2025-04-13 11:19:12 - DEBUG - === New errors detail ===
2025-04-13 11:19:12 - DEBUG - New Error 1: line 38, type: no_goals_to_solve, message: no goals to be solved
2025-04-13 11:19:12 - INFO - Testing fragment: omega
2025-04-13 11:19:12 - INFO - Original error line:   rw [h1, h2, h3, h4]            -- Substitute our computed values
2025-04-13 11:19:14 - INFO - Testing fix: Original errors: 1, Fixed errors: 1
2025-04-13 11:19:14 - INFO - Result: False (introduced 1 new errors)
2025-04-13 11:19:14 - DEBUG - === New errors detail ===
2025-04-13 11:19:14 - DEBUG - New Error 1: line 38, type: no_goals_to_solve, message: no goals to be solved
2025-04-13 11:19:14 - INFO - Testing fragment: linarith
2025-04-13 11:19:14 - INFO - Original error line:   rw [h1, h2, h3, h4]            -- Substitute our computed values
2025-04-13 11:19:16 - INFO - Testing fix: Original errors: 1, Fixed errors: 1
2025-04-13 11:19:16 - INFO - Result: False (introduced 1 new errors)
2025-04-13 11:19:16 - DEBUG - === New errors detail ===
2025-04-13 11:19:16 - DEBUG - New Error 1: line 38, type: no_goals_to_solve, message: no goals to be solved
2025-04-13 11:19:16 - INFO - Testing fragment: nlinarith
2025-04-13 11:19:16 - INFO - Original error line:   rw [h1, h2, h3, h4]            -- Substitute our computed values
2025-04-13 11:19:18 - INFO - Testing fix: Original errors: 1, Fixed errors: 1
2025-04-13 11:19:18 - INFO - Result: False (introduced 1 new errors)
2025-04-13 11:19:18 - DEBUG - === New errors detail ===
2025-04-13 11:19:18 - DEBUG - New Error 1: line 38, type: no_goals_to_solve, message: no goals to be solved
2025-04-13 11:19:18 - INFO - Failed attempt time: 22.03 seconds
2025-04-13 11:19:18 - INFO - ❌ Could not generate fix for error at line 38
2025-04-13 11:19:19 - INFO - 
===== Fix attempt completed =====
2025-04-13 11:19:19 - INFO - Original errors: 1
2025-04-13 11:19:19 - INFO - Fixed errors: 0
2025-04-13 11:19:19 - INFO - Failed errors: 1
2025-04-13 11:19:19 - INFO - Remaining errors: 1
2025-04-13 11:19:19 - INFO - Total time: 24.04 seconds
2025-04-13 11:19:19 - INFO - 
Final fixed code:
2025-04-13 11:19:19 - INFO - ----------------------------------------
2025-04-13 11:19:19 - INFO - /-- Find the remainder when $91145 + 91146 + 91147 + 91148$ is divided by 4. Show that it is 2.-/
theorem mathd_numbertheory_640 : (91145 + 91146 + 91147 + 91148) % 4 = 2 := by
  -- The strategy is to compute each term modulo 4 separately, then sum them modulo 4

  -- First, let's compute 91145 mod 4
  -- We can find this by looking at the last two digits (since 100 is divisible by 4)
  -- 91145 = 91100 + 45
  -- 91100 mod 4 = 0 (since 100 is divisible by 4)
  -- 45 mod 4 = 1 (since 4×11 = 44 and 45-44=1)
  -- So 91145 mod 4 = 1
  have h1 : 91145 % 4 = 1 := by rfl

  -- Next, compute 91146 mod 4
  -- Similarly, 91146 = 91100 + 46
  -- 46 mod 4 = 2 (since 4×11 = 44 and 46-44=2)
  -- So 91146 mod 4 = 2
  have h2 : 91146 % 4 = 2 := by rfl

  -- Next, compute 91147 mod 4
  -- 91147 = 91100 + 47
  -- 47 mod 4 = 3 (since 4×11 = 44 and 47-44=3)
  -- So 91147 mod 4 = 3
  have h3 : 91147 % 4 = 3 := by rfl

  -- Finally, compute 91148 mod 4
  -- 91148 = 91100 + 48
  -- 48 mod 4 = 0 (since 4×12 = 48)
  -- So 91148 mod 4 = 0
  have h4 : 91148 % 4 = 0 := by rfl

  -- Now we can rewrite the original expression using these modulo results
  -- (91145 + 91146 + 91147 + 91148) mod 4 
  -- = (91145 mod 4 + 91146 mod 4 + 91147 mod 4 + 91148 mod 4) mod 4
  -- = (1 + 2 + 3 + 0) mod 4
  -- = 6 mod 4
  -- = 2
  rw [add_mod, add_mod, add_mod]  -- Break down the additions modulo 4
  rw [h1, h2, h3, h4]            -- Substitute our computed values
  norm_num                        -- Compute the final result: 6 mod 4 = 2
2025-04-13 11:19:19 - INFO - ----------------------------------------
2025-04-13 11:19:19 - INFO - 
Detailed error repair report:
2025-04-13 11:19:19 - INFO - Original code error count: 1
❌ Fixed error 1/1: Could not generate fix for error at line 38 «no_goals_to_solve» (after 22.03s)

=== Fix statistics ===
Original error count: 1
Fixed errors: 0 (Fix rate: 0.0000)
Failed errors: 1
Remaining errors: 1
Total time: 24.04 seconds

=== Failed fix details ===

Failed fix 1:
   Line: 38
   Error type: no_goals_to_solve
   Original error message: no goals to be solved...
   Failure reason: Could not generate fix
   Time: 22.03 seconds
2025-04-13 11:19:19 - INFO - 
Fixed code saved to: ./minif2f/lean_fixed/97_fixed.lean
2025-04-13 11:19:19 - INFO - JSON log saved to: ./minif2f/lean_fixed/97_fix_log.json
2025-04-13 11:19:19 - INFO - 
===== LOG FILE LOCATION =====
2025-04-13 11:19:19 - INFO - Detailed log file is available at: ./minif2f/lean_fixed/97.log
2025-04-13 11:19:19 - INFO - ===============================
