2025-04-13 11:16:19 - INFO - Log file initialized at 2025-04-13T11:16:19.100929
2025-04-13 11:16:19 - INFO - ===== LOG FILE LOCATION =====
2025-04-13 11:16:19 - INFO - Detailed log file created at: /data/coding/minif2f/lean_fixed/98.log
2025-04-13 11:16:19 - INFO - ===============================
2025-04-13 11:16:19 - INFO - Original code:
2025-04-13 11:16:19 - INFO - ----------------------------------------
2025-04-13 11:16:19 - INFO - import Mathlib
import Aesop

set_option maxHeartbeats 0

open BigOperators Real Nat Topology Rat

/-- The second and fourth terms of a geometric sequence are $2$ and $6$. Which of the following is a possible first term?

$\textbf{(A) } -\sqrt{3}  \qquad\textbf{(B) } -\frac{2\sqrt{3}}{3} \qquad\textbf{(C) } -\frac{\sqrt{3}}{3} \qquad\textbf{(D) } \sqrt{3} \qquad\textbf{(E) } 3$ Show that it is \textbf{(B)}\ -\frac{2\sqrt{3}}{3}.-/
theorem amc12b_2003_p6 (a r : ℝ) (u : ℕ → ℝ) (h₀ : ∀ k, u k = a * r ^ k) (h₁ : u 1 = 2)
  (h₂ : u 3 = 6) : u 0 = 2 / Real.sqrt 3 ∨ u 0 = -(2 / Real.sqrt 3) := by
  -- First, we express the given terms using the geometric sequence formula
  -- From h₀, we know u₁ = a * r¹ = a * r
  have hu1 : u 1 = a * r := by rw [h₀, pow_one]
  -- From h₀, we know u₃ = a * r³
  have hu3 : u 3 = a * r^3 := by rw [h₀, pow_three]
  
  -- Now we substitute the given values from h₁ and h₂
  have eq1 : a * r = 2 := by rw [← h₁, hu1]
  have eq2 : a * r^3 = 6 := by rw [← h₂, hu3]
  
  -- We can solve for r² by dividing eq2 by eq1
  have r_sq_eq : r^2 = 3 := by
    rw [← mul_right_inj' (by linarith [eq1] : a * r ≠ 0)]
    -- Multiply both sides of eq2 by r to match denominator
    have : (a * r^3) * r = 6 * r := by rw [eq2]
    -- Simplify left side to a * r^4
    rw [← mul_assoc, ← pow_succ'] at this
    -- Now divide by eq1 squared (a² * r² = 4)
    have : (a * r)^2 = 4 := by rw [eq1, pow_two]
    -- Divide the modified eq2 by this equation
    field_simp
    linear_combination (this, r^2 / 4) (eq2, 1 / (a * r))
  
  -- Now we have two possibilities for r: √3 or -√3
  have r_cases : r = Real.sqrt 3 ∨ r = -Real.sqrt 3 := by
    rw [← pow_two, r_sq_eq]
    exact eq_or_eq_neg_of_sq_eq_sq r (Real.sqrt 3) (by rw [r_sq_eq, sq])
  
  -- Now we can find a in terms of r using eq1: a = 2/r
  have a_expr : a = 2 / r := by
    rw [eq_comm, ← mul_right_inj' (by linarith [eq1] : r ≠ 0)]
    rw [eq1, div_mul_cancel _ (by linarith [eq1] : r ≠ 0)]
  
  -- The first term u₀ is a * r⁰ = a
  have u0_eq : u 0 = a := by rw [h₀, pow_zero, mul_one]
  
  -- Now consider both cases for r
  rcases r_cases with (r_pos | r_neg)
  · -- Case 1: r = √3
    rw [r_pos, a_expr] at u0_eq
    -- Compute u₀ = 2/√3
    rw [u0_eq]
    -- Simplify the expression to match option B form
    have : 2 / Real.sqrt 3 = (2 * Real.sqrt 3) / 3 := by
      rw [div_eq_mul_inv, ← mul_div_assoc]
      norm_num
      rw [inv_div, mul_comm, div_eq_mul_inv]
    rw [this]
    -- This corresponds to the positive case in the conclusion
    exact Or.inl rfl
  · -- Case 2: r = -√3
    rw [r_neg, a_expr] at u0_eq
    -- Compute u₀ = 2/(-√3) = -2/√3
    rw [u0_eq, neg_div, div_neg]
    -- Simplify the expression to match option B form
    have : 2 / Real.sqrt 3 = (2 * Real.sqrt 3) / 3 := by
      rw [div_eq_mul_inv, ← mul_div_assoc]
      norm_num
      rw [inv_div, mul_comm, div_eq_mul_inv]
    rw [this, neg_div]
    -- This corresponds to the negative case in the conclusion
    exact Or.inr rfl
2025-04-13 11:16:19 - INFO - ----------------------------------------
2025-04-13 11:16:19 - INFO - 
Checking original code for all errors...
2025-04-13 11:18:55 - INFO - Original code contains 6 errors:
2025-04-13 11:18:55 - INFO - Error 1: line 22, type: rewrite_failed, message: tactic 'rewrite' failed, did not find instance of the pattern in the target expression
  ?a * (?b * ...
2025-04-13 11:18:55 - INFO - Error 2: line 31, type: rewrite_failed, message: tactic 'rewrite' failed, did not find instance of the pattern in the target expression
  ?a * ?a
a r...
2025-04-13 11:18:55 - INFO - Error 3: line 36, type: linarith_failed, message: linarith failed to find a contradiction
case h
a r : ℝ
u : ℕ → ℝ
h₀ : ∀ (k : ℕ), u k = a * r ^ k
h₁ ...
2025-04-13 11:18:55 - INFO - Error 4: line 37, type: rewrite_failed, message: tactic 'rewrite' failed, did not find instance of the pattern in the target expression
  a * r
a r :...
2025-04-13 11:18:55 - INFO - Error 5: line 45, type: rewrite_failed, message: tactic 'rewrite' failed, did not find instance of the pattern in the target expression
  r
case inl
...
2025-04-13 11:18:55 - INFO - Error 6: line 57, type: rewrite_failed, message: tactic 'rewrite' failed, did not find instance of the pattern in the target expression
  r
case inr
...
2025-04-13 11:18:55 - INFO - 
Starting multi-error continuous repair process...
2025-04-13 11:18:55 - INFO - 
===== Starting to fix all errors =====
2025-04-13 11:18:56 - INFO - 
Found 6 original errors:
2025-04-13 11:18:56 - INFO - Error 1: line 22, type: rewrite_failed, message: tactic 'rewrite' failed, did not find instance of the pattern in the target expression
  ?a * (?b * ...
2025-04-13 11:18:56 - INFO - Error 2: line 31, type: rewrite_failed, message: tactic 'rewrite' failed, did not find instance of the pattern in the target expression
  ?a * ?a
a r...
2025-04-13 11:18:56 - INFO - Error 3: line 36, type: linarith_failed, message: linarith failed to find a contradiction
case h
a r : ℝ
u : ℕ → ℝ
h₀ : ∀ (k : ℕ), u k = a * r ^ k
h₁ ...
2025-04-13 11:18:56 - INFO - Error 4: line 37, type: rewrite_failed, message: tactic 'rewrite' failed, did not find instance of the pattern in the target expression
  a * r
a r :...
2025-04-13 11:18:56 - INFO - Error 5: line 45, type: rewrite_failed, message: tactic 'rewrite' failed, did not find instance of the pattern in the target expression
  r
case inl
...
2025-04-13 11:18:56 - INFO - Error 6: line 57, type: rewrite_failed, message: tactic 'rewrite' failed, did not find instance of the pattern in the target expression
  r
case inr
...
2025-04-13 11:18:56 - INFO - 
Trying to fix error 1/6: line 22, type: rewrite_failed
2025-04-13 11:18:56 - INFO - Error message: tactic 'rewrite' failed, did not find instance of the pattern in the target expression
  ?a * (?b * ...
2025-04-13 11:18:56 - INFO - Removed header content, remaining 67 lines of code
2025-04-13 11:18:56 - INFO - Using specified target error line: 22
2025-04-13 11:18:57 - INFO - Found error at specified line: tactic 'rewrite' failed, did not find instance of the pattern in the target expression
  ?a * (?b * ?c)
a r : ℝ
u : ℕ → ℝ
h₀ : ∀ (k : ℕ), u k = a * r ^ k
h₁ : u 1 = 2
h₂ : u 3 = 6
hu1 : u 1 = a * r
hu3 : u 3 = a * r ^ 3
eq1 : a * r = 2
eq2 : a * r ^ 3 = 6
this : a * r ^ 3 * r = 6 * r
⊢ a * r * r ^ 2 = a * r * 3
2025-04-13 11:18:57 - INFO - Error at line 22: tactic 'rewrite' failed, did not find instance of the pattern in the target expression
  ?a * (?b * ?c)
a r : ℝ
u : ℕ → ℝ
h₀ : ∀ (k : ℕ), u k = a * r ^ k
h₁ : u 1 = 2
h₂ : u 3 = 6
hu1 : u 1 = a * r
hu3 : u 3 = a * r ^ 3
eq1 : a * r = 2
eq2 : a * r ^ 3 = 6
this : a * r ^ 3 * r = 6 * r
⊢ a * r * r ^ 2 = a * r * 3
2025-04-13 11:18:57 - INFO - 
==================================================
2025-04-13 11:18:57 - INFO - Code prepared, starting synthesis
2025-04-13 11:18:57 - INFO - Before part: /-- The second and fourth terms of a geometric sequence are $2$ and $6$. Which of the following is a possible first term?

$\textbf{(A) } -\sqrt{3}  \qquad\textbf{(B) } -\frac{2\sqrt{3}}{3} \qquad\textbf{(C) } -\frac{\sqrt{3}}{3} \qquad\textbf{(D) } \sqrt{3} \qquad\textbf{(E) } 3$ Show that it is \textbf{(B)}\ -\frac{2\sqrt{3}}{3}.-/
theorem amc12b_2003_p6 (a r : ℝ) (u : ℕ → ℝ) (h₀ : ∀ k, u k = a * r ^ k) (h₁ : u 1 = 2)
  (h₂ : u 3 = 6) : u 0 = 2 / Real.sqrt 3 ∨ u 0 = -(2 / Real.sqrt 3) := by
  -- First, we express the given terms using the geometric sequence formula
  -- From h₀, we know u₁ = a * r¹ = a * r
  have hu1 : u 1 = a * r := by rw [h₀, pow_one]
  -- From h₀, we know u₃ = a * r³
  have hu3 : u 3 = a * r^3 := by rw [h₀, pow_three]
  
  -- Now we substitute the given values from h₁ and h₂
  have eq1 : a * r = 2 := by rw [← h₁, hu1]
  have eq2 : a * r^3 = 6 := by rw [← h₂, hu3]
  
  -- We can solve for r² by dividing eq2 by eq1
  have r_sq_eq : r^2 = 3 := by
    rw [← mul_right_inj' (by linarith [eq1] : a * r ≠ 0)]
    -- Multiply both sides of eq2 by r to match denominator
    have : (a * r^3) * r = 6 * r := by rw [eq2]
    -- Simplify left side to a * r^4
2025-04-13 11:18:57 - INFO - Error line:     rw [← mul_assoc, ← pow_succ'] at this
2025-04-13 11:18:57 - INFO - After part: -- Now divide by eq1 squared (a² * r² = 4)
    have : (a * r)^2 = 4 := by rw [eq1, pow_two]
    -- Divide the modified eq2 by this equation
    field_simp
    linear_combination (this, r^2 / 4) (eq2, 1 / (a * r))
  
  -- Now we have two possibilities for r: √3 or -√3
  have r_cases : r = Real.sqrt 3 ∨ r = -Real.sqrt 3 := by
    rw [← pow_two, r_sq_eq]
    exact eq_or_eq_neg_of_sq_eq_sq r (Real.sqrt 3) (by rw [r_sq_eq, sq])
  
  -- Now we can find a in terms of r using eq1: a = 2/r
  have a_expr : a = 2 / r := by
    rw [eq_comm, ← mul_right_inj' (by linarith [eq1] : r ≠ 0)]
    rw [eq1, div_mul_cancel _ (by linarith [eq1] : r ≠ 0)]
  
  -- The first term u₀ is a * r⁰ = a
  have u0_eq : u 0 = a := by rw [h₀, pow_zero, mul_one]
  
  -- Now consider both cases for r
  rcases r_cases with (r_pos | r_neg)
  · -- Case 1: r = √3
    rw [r_pos, a_expr] at u0_eq
    -- Compute u₀ = 2/√3
    rw [u0_eq]
    -- Simplify the expression to match option B form
    have : 2 / Real.sqrt 3 = (2 * Real.sqrt 3) / 3 := by
      rw [div_eq_mul_inv, ← mul_div_assoc]
      norm_num
      rw [inv_div, mul_comm, div_eq_mul_inv]
    rw [this]
    -- This corresponds to the positive case in the conclusion
    exact Or.inl rfl
  · -- Case 2: r = -√3
    rw [r_neg, a_expr] at u0_eq
    -- Compute u₀ = 2/(-√3) = -2/√3
    rw [u0_eq, neg_div, div_neg]
    -- Simplify the expression to match option B form
    have : 2 / Real.sqrt 3 = (2 * Real.sqrt 3) / 3 := by
      rw [div_eq_mul_inv, ← mul_div_assoc]
      norm_num
      rw [inv_div, mul_comm, div_eq_mul_inv]
    rw [this, neg_div]
    -- This corresponds to the negative case in the conclusion
    exact Or.inr rfl
2025-04-13 11:18:57 - INFO - ==================================================

2025-04-13 11:18:58 - INFO - Testing fragment: rw [justaplaceholder]
2025-04-13 11:18:58 - INFO - Original error line:     rw [← mul_assoc, ← pow_succ'] at this
2025-04-13 11:19:00 - INFO - Testing fix: Original errors: 6, Fixed errors: 7
2025-04-13 11:19:00 - INFO - Result: False (introduced 2 new errors)
2025-04-13 11:19:00 - DEBUG - === New errors detail ===
2025-04-13 11:19:00 - DEBUG - New Error 1: line 22, type: unknown_identifier, message: unknown identifier 'justaplaceholder'
2025-04-13 11:19:00 - DEBUG - New Error 2: line 22, type: rewrite_failed, message: tactic 'rewrite' failed, equality or iff proof expected
  ?m.3015
a r : ℝ
u : ℕ → ℝ
h₀ : ∀ (k : ℕ), u k = a * r ^ k
h₁ : u 1 = 2
h₂ : u 3 = 6
hu1 : u 1 = a * r
hu3 : u 3 = a * r ^ 3
eq1 : a * r = 2
eq2 : a * r ^ 3 = 6
this : a * r ^ 3 * r = 6 * r
⊢ a * r * r ^ 2 = a * r * 3
2025-04-13 11:19:00 - INFO - Testing fragment: rw [<- justaplaceholder]
2025-04-13 11:19:00 - INFO - Original error line:     rw [← mul_assoc, ← pow_succ'] at this
2025-04-13 11:19:02 - INFO - Testing fix: Original errors: 6, Fixed errors: 7
2025-04-13 11:19:02 - INFO - Result: False (introduced 2 new errors)
2025-04-13 11:19:02 - DEBUG - === New errors detail ===
2025-04-13 11:19:02 - DEBUG - New Error 1: line 22, type: unknown_identifier, message: unknown identifier 'justaplaceholder'
2025-04-13 11:19:02 - DEBUG - New Error 2: line 22, type: rewrite_failed, message: tactic 'rewrite' failed, equality or iff proof expected
  ?m.3015
a r : ℝ
u : ℕ → ℝ
h₀ : ∀ (k : ℕ), u k = a * r ^ k
h₁ : u 1 = 2
h₂ : u 3 = 6
hu1 : u 1 = a * r
hu3 : u 3 = a * r ^ 3
eq1 : a * r = 2
eq2 : a * r ^ 3 = 6
this : a * r ^ 3 * r = 6 * r
⊢ a * r * r ^ 2 = a * r * 3
2025-04-13 11:19:02 - INFO - Testing fragment: simp
2025-04-13 11:19:02 - INFO - Original error line:     rw [← mul_assoc, ← pow_succ'] at this
2025-04-13 11:19:04 - INFO - Testing fix: Original errors: 6, Fixed errors: 7
2025-04-13 11:19:04 - INFO - Result: False (introduced 2 new errors)
2025-04-13 11:19:04 - DEBUG - === New errors detail ===
2025-04-13 11:19:04 - DEBUG - New Error 1: line 24, type: other_error, message: unsolved goals
a r : ℝ
u : ℕ → ℝ
h₀ : ∀ (k : ℕ), u k = a * r ^ k
h₁ : u 1 = 2
h₂ : u 3 = 6
hu1 : u 1 = a * r
hu3 : u 3 = a * r ^ 3
eq1 : a * r = 2
eq2 : a * r ^ 3 = 6
this : a * r ^ 3 * r = 6 * r
⊢ 2 * 2 = 4
2025-04-13 11:19:04 - DEBUG - New Error 2: line 26, type: simp_failed, message: simp made no progress
2025-04-13 11:19:04 - INFO - Testing fragment: field_simp
2025-04-13 11:19:04 - INFO - Original error line:     rw [← mul_assoc, ← pow_succ'] at this
2025-04-13 11:19:06 - INFO - Testing fix: Original errors: 6, Fixed errors: 7
2025-04-13 11:19:06 - INFO - Result: False (introduced 2 new errors)
2025-04-13 11:19:06 - DEBUG - === New errors detail ===
2025-04-13 11:19:06 - DEBUG - New Error 1: line 24, type: other_error, message: unsolved goals
a r : ℝ
u : ℕ → ℝ
h₀ : ∀ (k : ℕ), u k = a * r ^ k
h₁ : u 1 = 2
h₂ : u 3 = 6
hu1 : u 1 = a * r
hu3 : u 3 = a * r ^ 3
eq1 : a * r = 2
eq2 : a * r ^ 3 = 6
this : a * r ^ 3 * r = 6 * r
⊢ 2 * 2 = 4
2025-04-13 11:19:06 - DEBUG - New Error 2: line 26, type: simp_failed, message: simp made no progress
2025-04-13 11:19:06 - INFO - Testing fragment: norm_num
2025-04-13 11:19:06 - INFO - Original error line:     rw [← mul_assoc, ← pow_succ'] at this
2025-04-13 11:19:08 - INFO - Testing fix: Original errors: 6, Fixed errors: 7
2025-04-13 11:19:08 - INFO - Result: False (introduced 2 new errors)
2025-04-13 11:19:08 - DEBUG - === New errors detail ===
2025-04-13 11:19:08 - DEBUG - New Error 1: line 24, type: other_error, message: unsolved goals
a r : ℝ
u : ℕ → ℝ
h₀ : ∀ (k : ℕ), u k = a * r ^ k
h₁ : u 1 = 2
h₂ : u 3 = 6
hu1 : u 1 = a * r
hu3 : u 3 = a * r ^ 3
eq1 : a * r = 2
eq2 : a * r ^ 3 = 6
this : a * r ^ 3 * r = 6 * r
⊢ 2 * 2 = 4
2025-04-13 11:19:08 - DEBUG - New Error 2: line 26, type: simp_failed, message: simp made no progress
2025-04-13 11:19:08 - INFO - Testing fragment: ring
2025-04-13 11:19:08 - INFO - Original error line:     rw [← mul_assoc, ← pow_succ'] at this
2025-04-13 11:19:10 - INFO - Testing fix: Original errors: 6, Fixed errors: 8
2025-04-13 11:19:10 - INFO - Result: False (introduced 3 new errors)
2025-04-13 11:19:10 - DEBUG - === New errors detail ===
2025-04-13 11:19:10 - DEBUG - New Error 1: line 22, type: ring_failed, message: Try this: ring_nf
2025-04-13 11:19:10 - DEBUG - New Error 2: line 24, type: other_error, message: unsolved goals
a r : ℝ
u : ℕ → ℝ
h₀ : ∀ (k : ℕ), u k = a * r ^ k
h₁ : u 1 = 2
h₂ : u 3 = 6
hu1 : u 1 = a * r
hu3 : u 3 = a * r ^ 3
eq1 : a * r = 2
eq2 : a * r ^ 3 = 6
this : a * r ^ 3 * r = 6 * r
⊢ 2 * 2 = 4
2025-04-13 11:19:10 - DEBUG - New Error 3: line 26, type: simp_failed, message: simp made no progress
2025-04-13 11:19:10 - INFO - Testing fragment: ring_nf
2025-04-13 11:19:10 - INFO - Original error line:     rw [← mul_assoc, ← pow_succ'] at this
2025-04-13 11:19:12 - INFO - Testing fix: Original errors: 6, Fixed errors: 7
2025-04-13 11:19:12 - INFO - Result: False (introduced 2 new errors)
2025-04-13 11:19:12 - DEBUG - === New errors detail ===
2025-04-13 11:19:12 - DEBUG - New Error 1: line 24, type: other_error, message: unsolved goals
a r : ℝ
u : ℕ → ℝ
h₀ : ∀ (k : ℕ), u k = a * r ^ k
h₁ : u 1 = 2
h₂ : u 3 = 6
hu1 : u 1 = a * r
hu3 : u 3 = a * r ^ 3
eq1 : a * r = 2
eq2 : a * r ^ 3 = 6
this : a * r ^ 3 * r = 6 * r
⊢ 2 * 2 = 4
2025-04-13 11:19:12 - DEBUG - New Error 2: line 26, type: simp_failed, message: simp made no progress
2025-04-13 11:19:12 - INFO - Testing fragment: omega
2025-04-13 11:19:12 - INFO - Original error line:     rw [← mul_assoc, ← pow_succ'] at this
2025-04-13 11:19:14 - INFO - Testing fix: Original errors: 6, Fixed errors: 6
2025-04-13 11:19:14 - INFO - Result: False (introduced 1 new errors)
2025-04-13 11:19:14 - DEBUG - === New errors detail ===
2025-04-13 11:19:14 - DEBUG - New Error 1: line 22, type: other_error, message: omega could not prove the goal:
No usable constraints found. You may need to unfold definitions so `omega` can see linear arithmetic facts about `Nat` and `Int`, which may also involve multiplication, division, and modular remainder by constants.
2025-04-13 11:19:14 - INFO - Testing fragment: linarith
2025-04-13 11:19:14 - INFO - Original error line:     rw [← mul_assoc, ← pow_succ'] at this
2025-04-13 11:19:16 - INFO - Testing fix: Original errors: 6, Fixed errors: 6
2025-04-13 11:19:16 - INFO - Result: False (introduced 1 new errors)
2025-04-13 11:19:16 - DEBUG - === New errors detail ===
2025-04-13 11:19:16 - DEBUG - New Error 1: line 24, type: no_goals_to_solve, message: no goals to be solved
2025-04-13 11:19:16 - INFO - Testing fragment: nlinarith
2025-04-13 11:19:16 - INFO - Original error line:     rw [← mul_assoc, ← pow_succ'] at this
2025-04-13 11:19:18 - INFO - Testing fix: Original errors: 6, Fixed errors: 6
2025-04-13 11:19:18 - INFO - Result: False (introduced 1 new errors)
2025-04-13 11:19:18 - DEBUG - === New errors detail ===
2025-04-13 11:19:18 - DEBUG - New Error 1: line 24, type: no_goals_to_solve, message: no goals to be solved
2025-04-13 11:19:18 - INFO - Failed attempt time: 22.04 seconds
2025-04-13 11:19:18 - INFO - ❌ Could not generate fix for error at line 22
2025-04-13 11:19:18 - INFO - 
Trying to fix error 2/6: line 31, type: rewrite_failed
2025-04-13 11:19:18 - INFO - Error message: tactic 'rewrite' failed, did not find instance of the pattern in the target expression
  ?a * ?a
a r...
2025-04-13 11:19:18 - INFO - Removed header content, remaining 67 lines of code
2025-04-13 11:19:18 - INFO - Using specified target error line: 31
2025-04-13 11:19:19 - INFO - Found error at specified line: tactic 'rewrite' failed, did not find instance of the pattern in the target expression
  ?a * ?a
a r : ℝ
u : ℕ → ℝ
h₀ : ∀ (k : ℕ), u k = a * r ^ k
h₁ : u 1 = 2
h₂ : u 3 = 6
hu1 : u 1 = a * r
hu3 : u 3 = a * r ^ 3
eq1 : a * r = 2
eq2 : a * r ^ 3 = 6
r_sq_eq : r ^ 2 = 3
⊢ r = √3 ∨ r = -√3
2025-04-13 11:19:19 - INFO - Error at line 31: tactic 'rewrite' failed, did not find instance of the pattern in the target expression
  ?a * ?a
a r : ℝ
u : ℕ → ℝ
h₀ : ∀ (k : ℕ), u k = a * r ^ k
h₁ : u 1 = 2
h₂ : u 3 = 6
hu1 : u 1 = a * r
hu3 : u 3 = a * r ^ 3
eq1 : a * r = 2
eq2 : a * r ^ 3 = 6
r_sq_eq : r ^ 2 = 3
⊢ r = √3 ∨ r = -√3
2025-04-13 11:19:19 - INFO - 
==================================================
2025-04-13 11:19:19 - INFO - Code prepared, starting synthesis
2025-04-13 11:19:19 - INFO - Before part: /-- The second and fourth terms of a geometric sequence are $2$ and $6$. Which of the following is a possible first term?

$\textbf{(A) } -\sqrt{3}  \qquad\textbf{(B) } -\frac{2\sqrt{3}}{3} \qquad\textbf{(C) } -\frac{\sqrt{3}}{3} \qquad\textbf{(D) } \sqrt{3} \qquad\textbf{(E) } 3$ Show that it is \textbf{(B)}\ -\frac{2\sqrt{3}}{3}.-/
theorem amc12b_2003_p6 (a r : ℝ) (u : ℕ → ℝ) (h₀ : ∀ k, u k = a * r ^ k) (h₁ : u 1 = 2)
  (h₂ : u 3 = 6) : u 0 = 2 / Real.sqrt 3 ∨ u 0 = -(2 / Real.sqrt 3) := by
  -- First, we express the given terms using the geometric sequence formula
  -- From h₀, we know u₁ = a * r¹ = a * r
  have hu1 : u 1 = a * r := by rw [h₀, pow_one]
  -- From h₀, we know u₃ = a * r³
  have hu3 : u 3 = a * r^3 := by rw [h₀, pow_three]
  
  -- Now we substitute the given values from h₁ and h₂
  have eq1 : a * r = 2 := by rw [← h₁, hu1]
  have eq2 : a * r^3 = 6 := by rw [← h₂, hu3]
  
  -- We can solve for r² by dividing eq2 by eq1
  have r_sq_eq : r^2 = 3 := by
    rw [← mul_right_inj' (by linarith [eq1] : a * r ≠ 0)]
    -- Multiply both sides of eq2 by r to match denominator
    have : (a * r^3) * r = 6 * r := by rw [eq2]
    -- Simplify left side to a * r^4
    rw [← mul_assoc, ← pow_succ'] at this
    -- Now divide by eq1 squared (a² * r² = 4)
    have : (a * r)^2 = 4 := by rw [eq1, pow_two]
    -- Divide the modified eq2 by this equation
    field_simp
    linear_combination (this, r^2 / 4) (eq2, 1 / (a * r))
  
  -- Now we have two possibilities for r: √3 or -√3
  have r_cases : r = Real.sqrt 3 ∨ r = -Real.sqrt 3 := by
2025-04-13 11:19:19 - INFO - Error line:     rw [← pow_two, r_sq_eq]
2025-04-13 11:19:19 - INFO - After part: exact eq_or_eq_neg_of_sq_eq_sq r (Real.sqrt 3) (by rw [r_sq_eq, sq])
  
  -- Now we can find a in terms of r using eq1: a = 2/r
  have a_expr : a = 2 / r := by
    rw [eq_comm, ← mul_right_inj' (by linarith [eq1] : r ≠ 0)]
    rw [eq1, div_mul_cancel _ (by linarith [eq1] : r ≠ 0)]
  
  -- The first term u₀ is a * r⁰ = a
  have u0_eq : u 0 = a := by rw [h₀, pow_zero, mul_one]
  
  -- Now consider both cases for r
  rcases r_cases with (r_pos | r_neg)
  · -- Case 1: r = √3
    rw [r_pos, a_expr] at u0_eq
    -- Compute u₀ = 2/√3
    rw [u0_eq]
    -- Simplify the expression to match option B form
    have : 2 / Real.sqrt 3 = (2 * Real.sqrt 3) / 3 := by
      rw [div_eq_mul_inv, ← mul_div_assoc]
      norm_num
      rw [inv_div, mul_comm, div_eq_mul_inv]
    rw [this]
    -- This corresponds to the positive case in the conclusion
    exact Or.inl rfl
  · -- Case 2: r = -√3
    rw [r_neg, a_expr] at u0_eq
    -- Compute u₀ = 2/(-√3) = -2/√3
    rw [u0_eq, neg_div, div_neg]
    -- Simplify the expression to match option B form
    have : 2 / Real.sqrt 3 = (2 * Real.sqrt 3) / 3 := by
      rw [div_eq_mul_inv, ← mul_div_assoc]
      norm_num
      rw [inv_div, mul_comm, div_eq_mul_inv]
    rw [this, neg_div]
    -- This corresponds to the negative case in the conclusion
    exact Or.inr rfl
2025-04-13 11:19:19 - INFO - ==================================================

2025-04-13 11:19:20 - INFO - Testing fragment: rw [justaplaceholder]
2025-04-13 11:19:20 - INFO - Original error line:     rw [← pow_two, r_sq_eq]
2025-04-13 11:19:22 - INFO - Testing fix: Original errors: 6, Fixed errors: 7
2025-04-13 11:19:22 - INFO - Result: False (introduced 2 new errors)
2025-04-13 11:19:22 - DEBUG - === New errors detail ===
2025-04-13 11:19:22 - DEBUG - New Error 1: line 31, type: unknown_identifier, message: unknown identifier 'justaplaceholder'
2025-04-13 11:19:22 - DEBUG - New Error 2: line 31, type: rewrite_failed, message: tactic 'rewrite' failed, equality or iff proof expected
  ?m.3368
a r : ℝ
u : ℕ → ℝ
h₀ : ∀ (k : ℕ), u k = a * r ^ k
h₁ : u 1 = 2
h₂ : u 3 = 6
hu1 : u 1 = a * r
hu3 : u 3 = a * r ^ 3
eq1 : a * r = 2
eq2 : a * r ^ 3 = 6
r_sq_eq : r ^ 2 = 3
⊢ r = √3 ∨ r = -√3
2025-04-13 11:19:22 - INFO - Testing fragment: rw [<- justaplaceholder]
2025-04-13 11:19:22 - INFO - Original error line:     rw [← pow_two, r_sq_eq]
2025-04-13 11:19:24 - INFO - Testing fix: Original errors: 6, Fixed errors: 7
2025-04-13 11:19:24 - INFO - Result: False (introduced 2 new errors)
2025-04-13 11:19:24 - DEBUG - === New errors detail ===
2025-04-13 11:19:24 - DEBUG - New Error 1: line 31, type: unknown_identifier, message: unknown identifier 'justaplaceholder'
2025-04-13 11:19:24 - DEBUG - New Error 2: line 31, type: rewrite_failed, message: tactic 'rewrite' failed, equality or iff proof expected
  ?m.3368
a r : ℝ
u : ℕ → ℝ
h₀ : ∀ (k : ℕ), u k = a * r ^ k
h₁ : u 1 = 2
h₂ : u 3 = 6
hu1 : u 1 = a * r
hu3 : u 3 = a * r ^ 3
eq1 : a * r = 2
eq2 : a * r ^ 3 = 6
r_sq_eq : r ^ 2 = 3
⊢ r = √3 ∨ r = -√3
2025-04-13 11:19:24 - INFO - Testing fragment: simp
2025-04-13 11:19:24 - INFO - Original error line:     rw [← pow_two, r_sq_eq]
2025-04-13 11:19:26 - INFO - Testing fix: Original errors: 6, Fixed errors: 6
2025-04-13 11:19:26 - INFO - Result: False (introduced 1 new errors)
2025-04-13 11:19:26 - DEBUG - === New errors detail ===
2025-04-13 11:19:26 - DEBUG - New Error 1: line 31, type: simp_failed, message: simp made no progress
2025-04-13 11:19:26 - INFO - Testing fragment: field_simp
2025-04-13 11:19:26 - INFO - Original error line:     rw [← pow_two, r_sq_eq]
2025-04-13 11:19:28 - INFO - Testing fix: Original errors: 6, Fixed errors: 6
2025-04-13 11:19:28 - INFO - Result: False (introduced 1 new errors)
2025-04-13 11:19:28 - DEBUG - === New errors detail ===
2025-04-13 11:19:28 - DEBUG - New Error 1: line 31, type: simp_failed, message: simp made no progress
2025-04-13 11:19:28 - INFO - Testing fragment: norm_num
2025-04-13 11:19:28 - INFO - Original error line:     rw [← pow_two, r_sq_eq]
2025-04-13 11:19:30 - INFO - Testing fix: Original errors: 6, Fixed errors: 6
2025-04-13 11:19:30 - INFO - Result: False (introduced 1 new errors)
2025-04-13 11:19:30 - DEBUG - === New errors detail ===
2025-04-13 11:19:30 - DEBUG - New Error 1: line 32, type: other_error, message: unsolved goals
a r : ℝ
u : ℕ → ℝ
h₀ : ∀ (k : ℕ), u k = a * r ^ k
h₁ : u 1 = 2
h₂ : u 3 = 6
hu1 : u 1 = a * r
hu3 : u 3 = a * r ^ 3
eq1 : a * r = 2
eq2 : a * r ^ 3 = 6
r_sq_eq : r ^ 2 = 3
⊢ 3 = √3 * √3
2025-04-13 11:19:30 - INFO - Testing fragment: ring
2025-04-13 11:19:30 - INFO - Original error line:     rw [← pow_two, r_sq_eq]
2025-04-13 11:19:32 - INFO - Testing fix: Original errors: 6, Fixed errors: 7
2025-04-13 11:19:32 - INFO - Result: False (introduced 2 new errors)
2025-04-13 11:19:32 - DEBUG - === New errors detail ===
2025-04-13 11:19:32 - DEBUG - New Error 1: line 31, type: ring_failed, message: Try this: ring_nf
2025-04-13 11:19:32 - DEBUG - New Error 2: line 32, type: other_error, message: unsolved goals
a r : ℝ
u : ℕ → ℝ
h₀ : ∀ (k : ℕ), u k = a * r ^ k
h₁ : u 1 = 2
h₂ : u 3 = 6
hu1 : u 1 = a * r
hu3 : u 3 = a * r ^ 3
eq1 : a * r = 2
eq2 : a * r ^ 3 = 6
r_sq_eq : r ^ 2 = 3
⊢ 3 = √3 * √3
2025-04-13 11:19:32 - INFO - Testing fragment: ring_nf
2025-04-13 11:19:32 - INFO - Original error line:     rw [← pow_two, r_sq_eq]
2025-04-13 11:19:34 - INFO - Testing fix: Original errors: 6, Fixed errors: 6
2025-04-13 11:19:34 - INFO - Result: False (introduced 1 new errors)
2025-04-13 11:19:34 - DEBUG - === New errors detail ===
2025-04-13 11:19:34 - DEBUG - New Error 1: line 32, type: other_error, message: unsolved goals
a r : ℝ
u : ℕ → ℝ
h₀ : ∀ (k : ℕ), u k = a * r ^ k
h₁ : u 1 = 2
h₂ : u 3 = 6
hu1 : u 1 = a * r
hu3 : u 3 = a * r ^ 3
eq1 : a * r = 2
eq2 : a * r ^ 3 = 6
r_sq_eq : r ^ 2 = 3
⊢ 3 = √3 * √3
2025-04-13 11:19:34 - INFO - Testing fragment: omega
2025-04-13 11:19:34 - INFO - Original error line:     rw [← pow_two, r_sq_eq]
2025-04-13 11:19:36 - INFO - Testing fix: Original errors: 6, Fixed errors: 6
2025-04-13 11:19:36 - INFO - Result: False (introduced 1 new errors)
2025-04-13 11:19:36 - DEBUG - === New errors detail ===
2025-04-13 11:19:36 - DEBUG - New Error 1: line 31, type: other_error, message: omega could not prove the goal:
No usable constraints found. You may need to unfold definitions so `omega` can see linear arithmetic facts about `Nat` and `Int`, which may also involve multiplication, division, and modular remainder by constants.
2025-04-13 11:19:36 - INFO - Testing fragment: linarith
2025-04-13 11:19:36 - INFO - Original error line:     rw [← pow_two, r_sq_eq]
2025-04-13 11:19:38 - INFO - Testing fix: Original errors: 6, Fixed errors: 6
2025-04-13 11:19:38 - INFO - Result: False (introduced 1 new errors)
2025-04-13 11:19:38 - DEBUG - === New errors detail ===
2025-04-13 11:19:38 - DEBUG - New Error 1: line 31, type: linarith_failed, message: linarith failed to find a contradiction
a r : ℝ
u : ℕ → ℝ
h₀ : ∀ (k : ℕ), u k = a * r ^ k
h₁ : u 1 = 2
h₂ : u 3 = 6
hu1 : u 1 = a * r
hu3 : u 3 = a * r ^ 3
eq1 : a * r = 2
eq2 : a * r ^ 3 = 6
r_sq_eq : r ^ 2 = 3
⊢ False
failed
2025-04-13 11:19:38 - INFO - Testing fragment: nlinarith
2025-04-13 11:19:38 - INFO - Original error line:     rw [← pow_two, r_sq_eq]
2025-04-13 11:19:40 - INFO - Testing fix: Original errors: 6, Fixed errors: 6
2025-04-13 11:19:40 - INFO - Result: False (introduced 1 new errors)
2025-04-13 11:19:40 - DEBUG - === New errors detail ===
2025-04-13 11:19:40 - DEBUG - New Error 1: line 31, type: linarith_failed, message: linarith failed to find a contradiction
a r : ℝ
u : ℕ → ℝ
h₀ : ∀ (k : ℕ), u k = a * r ^ k
h₁ : u 1 = 2
h₂ : u 3 = 6
hu1 : u 1 = a * r
hu3 : u 3 = a * r ^ 3
eq1 : a * r = 2
eq2 : a * r ^ 3 = 6
r_sq_eq : r ^ 2 = 3
⊢ False
failed
2025-04-13 11:19:40 - INFO - Failed attempt time: 22.04 seconds
2025-04-13 11:19:40 - INFO - ❌ Could not generate fix for error at line 31
2025-04-13 11:19:40 - INFO - 
Trying to fix error 3/6: line 36, type: linarith_failed
2025-04-13 11:19:40 - INFO - Error message: linarith failed to find a contradiction
case h
a r : ℝ
u : ℕ → ℝ
h₀ : ∀ (k : ℕ), u k = a * r ^ k
h₁ ...
2025-04-13 11:19:40 - INFO - Removed header content, remaining 67 lines of code
2025-04-13 11:19:40 - INFO - Using specified target error line: 36
2025-04-13 11:19:41 - INFO - Found error at specified line: linarith failed to find a contradiction
case h
a r : ℝ
u : ℕ → ℝ
h₀ : ∀ (k : ℕ), u k = a * r ^ k
h₁ : u 1 = 2
h₂ : u 3 = 6
hu1 : u 1 = a * r
hu3 : u 3 = a * r ^ 3
eq1 : a * r = 2
eq2 : a * r ^ 3 = 6
r_sq_eq : r ^ 2 = 3
r_cases : r = √3 ∨ r = -√3
a✝ : r = 0
⊢ False
failed
2025-04-13 11:19:41 - INFO - Error at line 36: linarith failed to find a contradiction
case h
a r : ℝ
u : ℕ → ℝ
h₀ : ∀ (k : ℕ), u k = a * r ^ k
h₁ : u 1 = 2
h₂ : u 3 = 6
hu1 : u 1 = a * r
hu3 : u 3 = a * r ^ 3
eq1 : a * r = 2
eq2 : a * r ^ 3 = 6
r_sq_eq : r ^ 2 = 3
r_cases : r = √3 ∨ r = -√3
a✝ : r = 0
⊢ False
failed
2025-04-13 11:19:41 - INFO - 
==================================================
2025-04-13 11:19:41 - INFO - Code prepared, starting synthesis
2025-04-13 11:19:41 - INFO - Before part: /-- The second and fourth terms of a geometric sequence are $2$ and $6$. Which of the following is a possible first term?

$\textbf{(A) } -\sqrt{3}  \qquad\textbf{(B) } -\frac{2\sqrt{3}}{3} \qquad\textbf{(C) } -\frac{\sqrt{3}}{3} \qquad\textbf{(D) } \sqrt{3} \qquad\textbf{(E) } 3$ Show that it is \textbf{(B)}\ -\frac{2\sqrt{3}}{3}.-/
theorem amc12b_2003_p6 (a r : ℝ) (u : ℕ → ℝ) (h₀ : ∀ k, u k = a * r ^ k) (h₁ : u 1 = 2)
  (h₂ : u 3 = 6) : u 0 = 2 / Real.sqrt 3 ∨ u 0 = -(2 / Real.sqrt 3) := by
  -- First, we express the given terms using the geometric sequence formula
  -- From h₀, we know u₁ = a * r¹ = a * r
  have hu1 : u 1 = a * r := by rw [h₀, pow_one]
  -- From h₀, we know u₃ = a * r³
  have hu3 : u 3 = a * r^3 := by rw [h₀, pow_three]
  
  -- Now we substitute the given values from h₁ and h₂
  have eq1 : a * r = 2 := by rw [← h₁, hu1]
  have eq2 : a * r^3 = 6 := by rw [← h₂, hu3]
  
  -- We can solve for r² by dividing eq2 by eq1
  have r_sq_eq : r^2 = 3 := by
    rw [← mul_right_inj' (by linarith [eq1] : a * r ≠ 0)]
    -- Multiply both sides of eq2 by r to match denominator
    have : (a * r^3) * r = 6 * r := by rw [eq2]
    -- Simplify left side to a * r^4
    rw [← mul_assoc, ← pow_succ'] at this
    -- Now divide by eq1 squared (a² * r² = 4)
    have : (a * r)^2 = 4 := by rw [eq1, pow_two]
    -- Divide the modified eq2 by this equation
    field_simp
    linear_combination (this, r^2 / 4) (eq2, 1 / (a * r))
  
  -- Now we have two possibilities for r: √3 or -√3
  have r_cases : r = Real.sqrt 3 ∨ r = -Real.sqrt 3 := by
    rw [← pow_two, r_sq_eq]
    exact eq_or_eq_neg_of_sq_eq_sq r (Real.sqrt 3) (by rw [r_sq_eq, sq])
  
  -- Now we can find a in terms of r using eq1: a = 2/r
  have a_expr : a = 2 / r := by
2025-04-13 11:19:41 - INFO - Error line:     rw [eq_comm, ← mul_right_inj' (by linarith [eq1] : r ≠ 0)]
2025-04-13 11:19:41 - INFO - After part: rw [eq1, div_mul_cancel _ (by linarith [eq1] : r ≠ 0)]
  
  -- The first term u₀ is a * r⁰ = a
  have u0_eq : u 0 = a := by rw [h₀, pow_zero, mul_one]
  
  -- Now consider both cases for r
  rcases r_cases with (r_pos | r_neg)
  · -- Case 1: r = √3
    rw [r_pos, a_expr] at u0_eq
    -- Compute u₀ = 2/√3
    rw [u0_eq]
    -- Simplify the expression to match option B form
    have : 2 / Real.sqrt 3 = (2 * Real.sqrt 3) / 3 := by
      rw [div_eq_mul_inv, ← mul_div_assoc]
      norm_num
      rw [inv_div, mul_comm, div_eq_mul_inv]
    rw [this]
    -- This corresponds to the positive case in the conclusion
    exact Or.inl rfl
  · -- Case 2: r = -√3
    rw [r_neg, a_expr] at u0_eq
    -- Compute u₀ = 2/(-√3) = -2/√3
    rw [u0_eq, neg_div, div_neg]
    -- Simplify the expression to match option B form
    have : 2 / Real.sqrt 3 = (2 * Real.sqrt 3) / 3 := by
      rw [div_eq_mul_inv, ← mul_div_assoc]
      norm_num
      rw [inv_div, mul_comm, div_eq_mul_inv]
    rw [this, neg_div]
    -- This corresponds to the negative case in the conclusion
    exact Or.inr rfl
2025-04-13 11:19:41 - INFO - ==================================================

2025-04-13 11:19:42 - INFO - Testing fragment: rw [justaplaceholder]
2025-04-13 11:19:42 - INFO - Original error line:     rw [eq_comm, ← mul_right_inj' (by linarith [eq1] : r ≠ 0)]
2025-04-13 11:19:44 - INFO - Testing fix: Original errors: 6, Fixed errors: 7
2025-04-13 11:19:44 - INFO - Result: False (introduced 2 new errors)
2025-04-13 11:19:44 - DEBUG - === New errors detail ===
2025-04-13 11:19:44 - DEBUG - New Error 1: line 36, type: unknown_identifier, message: unknown identifier 'justaplaceholder'
2025-04-13 11:19:44 - DEBUG - New Error 2: line 36, type: rewrite_failed, message: tactic 'rewrite' failed, equality or iff proof expected
  ?m.4260
a r : ℝ
u : ℕ → ℝ
h₀ : ∀ (k : ℕ), u k = a * r ^ k
h₁ : u 1 = 2
h₂ : u 3 = 6
hu1 : u 1 = a * r
hu3 : u 3 = a * r ^ 3
eq1 : a * r = 2
eq2 : a * r ^ 3 = 6
r_sq_eq : r ^ 2 = 3
r_cases : r = √3 ∨ r = -√3
⊢ ?m.4232 ≠ 0
2025-04-13 11:19:44 - INFO - Testing fragment: rw [<- justaplaceholder]
2025-04-13 11:19:44 - INFO - Original error line:     rw [eq_comm, ← mul_right_inj' (by linarith [eq1] : r ≠ 0)]
2025-04-13 11:19:46 - INFO - Testing fix: Original errors: 6, Fixed errors: 7
2025-04-13 11:19:46 - INFO - Result: False (introduced 2 new errors)
2025-04-13 11:19:46 - DEBUG - === New errors detail ===
2025-04-13 11:19:46 - DEBUG - New Error 1: line 36, type: unknown_identifier, message: unknown identifier 'justaplaceholder'
2025-04-13 11:19:46 - DEBUG - New Error 2: line 36, type: rewrite_failed, message: tactic 'rewrite' failed, equality or iff proof expected
  ?m.4260
a r : ℝ
u : ℕ → ℝ
h₀ : ∀ (k : ℕ), u k = a * r ^ k
h₁ : u 1 = 2
h₂ : u 3 = 6
hu1 : u 1 = a * r
hu3 : u 3 = a * r ^ 3
eq1 : a * r = 2
eq2 : a * r ^ 3 = 6
r_sq_eq : r ^ 2 = 3
r_cases : r = √3 ∨ r = -√3
⊢ ?m.4232 ≠ 0
2025-04-13 11:19:46 - INFO - Testing fragment: simp
2025-04-13 11:19:46 - INFO - Original error line:     rw [eq_comm, ← mul_right_inj' (by linarith [eq1] : r ≠ 0)]
2025-04-13 11:19:48 - INFO - Testing fix: Original errors: 6, Fixed errors: 6
2025-04-13 11:19:48 - INFO - Result: False (introduced 1 new errors)
2025-04-13 11:19:48 - DEBUG - === New errors detail ===
2025-04-13 11:19:48 - DEBUG - New Error 1: line 36, type: other_error, message: unsolved goals
a r : ℝ
u : ℕ → ℝ
h₀ : ∀ (k : ℕ), u k = a * r ^ k
h₁ : u 1 = 2
h₂ : u 3 = 6
hu1 : u 1 = a * r
hu3 : u 3 = a * r ^ 3
eq1 : a * r = 2
eq2 : a * r ^ 3 = 6
r_sq_eq : r ^ 2 = 3
r_cases : r = √3 ∨ r = -√3
⊢ ¬?m.4232 = 0
2025-04-13 11:19:48 - INFO - Testing fragment: field_simp
2025-04-13 11:19:48 - INFO - Original error line:     rw [eq_comm, ← mul_right_inj' (by linarith [eq1] : r ≠ 0)]
2025-04-13 11:19:50 - INFO - Testing fix: Original errors: 6, Fixed errors: 6
2025-04-13 11:19:50 - INFO - Result: False (introduced 1 new errors)
2025-04-13 11:19:50 - DEBUG - === New errors detail ===
2025-04-13 11:19:50 - DEBUG - New Error 1: line 36, type: other_error, message: unsolved goals
a r : ℝ
u : ℕ → ℝ
h₀ : ∀ (k : ℕ), u k = a * r ^ k
h₁ : u 1 = 2
h₂ : u 3 = 6
hu1 : u 1 = a * r
hu3 : u 3 = a * r ^ 3
eq1 : a * r = 2
eq2 : a * r ^ 3 = 6
r_sq_eq : r ^ 2 = 3
r_cases : r = √3 ∨ r = -√3
⊢ ¬?m.4232 = 0
2025-04-13 11:19:50 - INFO - Testing fragment: norm_num
2025-04-13 11:19:50 - INFO - Original error line:     rw [eq_comm, ← mul_right_inj' (by linarith [eq1] : r ≠ 0)]
2025-04-13 11:19:52 - INFO - Testing fix: Original errors: 6, Fixed errors: 6
2025-04-13 11:19:52 - INFO - Result: False (introduced 1 new errors)
2025-04-13 11:19:52 - DEBUG - === New errors detail ===
2025-04-13 11:19:52 - DEBUG - New Error 1: line 36, type: other_error, message: unsolved goals
a r : ℝ
u : ℕ → ℝ
h₀ : ∀ (k : ℕ), u k = a * r ^ k
h₁ : u 1 = 2
h₂ : u 3 = 6
hu1 : u 1 = a * r
hu3 : u 3 = a * r ^ 3
eq1 : a * r = 2
eq2 : a * r ^ 3 = 6
r_sq_eq : r ^ 2 = 3
r_cases : r = √3 ∨ r = -√3
⊢ ¬?m.4232 = 0
2025-04-13 11:19:52 - INFO - Testing fragment: ring
2025-04-13 11:19:52 - INFO - Original error line:     rw [eq_comm, ← mul_right_inj' (by linarith [eq1] : r ≠ 0)]
2025-04-13 11:19:54 - INFO - Testing fix: Original errors: 6, Fixed errors: 7
2025-04-13 11:19:54 - INFO - Result: False (introduced 2 new errors)
2025-04-13 11:19:54 - DEBUG - === New errors detail ===
2025-04-13 11:19:54 - DEBUG - New Error 1: line 36, type: ring_failed, message: Try this: ring_nf
2025-04-13 11:19:54 - DEBUG - New Error 2: line 36, type: other_error, message: unsolved goals
a r : ℝ
u : ℕ → ℝ
h₀ : ∀ (k : ℕ), u k = a * r ^ k
h₁ : u 1 = 2
h₂ : u 3 = 6
hu1 : u 1 = a * r
hu3 : u 3 = a * r ^ 3
eq1 : a * r = 2
eq2 : a * r ^ 3 = 6
r_sq_eq : r ^ 2 = 3
r_cases : r = √3 ∨ r = -√3
⊢ ?m.4232 ≠ 0
2025-04-13 11:19:54 - INFO - Testing fragment: ring_nf
2025-04-13 11:19:54 - INFO - Original error line:     rw [eq_comm, ← mul_right_inj' (by linarith [eq1] : r ≠ 0)]
2025-04-13 11:19:56 - INFO - Testing fix: Original errors: 6, Fixed errors: 6
2025-04-13 11:19:56 - INFO - Result: False (introduced 1 new errors)
2025-04-13 11:19:56 - DEBUG - === New errors detail ===
2025-04-13 11:19:56 - DEBUG - New Error 1: line 36, type: other_error, message: unsolved goals
a r : ℝ
u : ℕ → ℝ
h₀ : ∀ (k : ℕ), u k = a * r ^ k
h₁ : u 1 = 2
h₂ : u 3 = 6
hu1 : u 1 = a * r
hu3 : u 3 = a * r ^ 3
eq1 : a * r = 2
eq2 : a * r ^ 3 = 6
r_sq_eq : r ^ 2 = 3
r_cases : r = √3 ∨ r = -√3
⊢ ?m.4232 ≠ 0
2025-04-13 11:19:56 - INFO - Testing fragment: omega
2025-04-13 11:19:56 - INFO - Original error line:     rw [eq_comm, ← mul_right_inj' (by linarith [eq1] : r ≠ 0)]
2025-04-13 11:19:58 - INFO - Testing fix: Original errors: 6, Fixed errors: 6
2025-04-13 11:19:58 - INFO - Result: False (introduced 1 new errors)
2025-04-13 11:19:58 - DEBUG - === New errors detail ===
2025-04-13 11:19:58 - DEBUG - New Error 1: line 36, type: other_error, message: omega could not prove the goal:
No usable constraints found. You may need to unfold definitions so `omega` can see linear arithmetic facts about `Nat` and `Int`, which may also involve multiplication, division, and modular remainder by constants.
2025-04-13 11:19:58 - INFO - Testing fragment: linarith
2025-04-13 11:19:58 - INFO - Original error line:     rw [eq_comm, ← mul_right_inj' (by linarith [eq1] : r ≠ 0)]
2025-04-13 11:20:00 - INFO - Testing fix: Original errors: 6, Fixed errors: 6
2025-04-13 11:20:00 - INFO - Result: False (introduced 1 new errors)
2025-04-13 11:20:00 - DEBUG - === New errors detail ===
2025-04-13 11:20:00 - DEBUG - New Error 1: line 36, type: linarith_failed, message: linarith failed to find a contradiction
case h
a r : ℝ
u : ℕ → ℝ
h₀ : ∀ (k : ℕ), u k = a * r ^ k
h₁ : u 1 = 2
h₂ : u 3 = 6
hu1 : u 1 = a * r
hu3 : u 3 = a * r ^ 3
eq1 : a * r = 2
eq2 : a * r ^ 3 = 6
r_sq_eq : r ^ 2 = 3
r_cases : r = √3 ∨ r = -√3
a✝ : ?m.4232 = 0
⊢ False
failed
2025-04-13 11:20:00 - INFO - Testing fragment: nlinarith
2025-04-13 11:20:00 - INFO - Original error line:     rw [eq_comm, ← mul_right_inj' (by linarith [eq1] : r ≠ 0)]
2025-04-13 11:20:02 - INFO - Testing fix: Original errors: 6, Fixed errors: 6
2025-04-13 11:20:02 - INFO - Result: False (introduced 1 new errors)
2025-04-13 11:20:02 - DEBUG - === New errors detail ===
2025-04-13 11:20:02 - DEBUG - New Error 1: line 36, type: linarith_failed, message: linarith failed to find a contradiction
case h
a r : ℝ
u : ℕ → ℝ
h₀ : ∀ (k : ℕ), u k = a * r ^ k
h₁ : u 1 = 2
h₂ : u 3 = 6
hu1 : u 1 = a * r
hu3 : u 3 = a * r ^ 3
eq1 : a * r = 2
eq2 : a * r ^ 3 = 6
r_sq_eq : r ^ 2 = 3
r_cases : r = √3 ∨ r = -√3
a✝ : ?m.4232 = 0
⊢ False
failed
2025-04-13 11:20:02 - INFO - Failed attempt time: 22.05 seconds
2025-04-13 11:20:02 - INFO - ❌ Could not generate fix for error at line 36
2025-04-13 11:20:02 - INFO - 
Trying to fix error 4/6: line 37, type: rewrite_failed
2025-04-13 11:20:02 - INFO - Error message: tactic 'rewrite' failed, did not find instance of the pattern in the target expression
  a * r
a r :...
2025-04-13 11:20:02 - INFO - Removed header content, remaining 67 lines of code
2025-04-13 11:20:02 - INFO - Using specified target error line: 37
2025-04-13 11:20:03 - INFO - Found error at specified line: tactic 'rewrite' failed, did not find instance of the pattern in the target expression
  a * r
a r : ℝ
u : ℕ → ℝ
h₀ : ∀ (k : ℕ), u k = a * r ^ k
h₁ : u 1 = 2
h₂ : u 3 = 6
hu1 : u 1 = a * r
hu3 : u 3 = a * r ^ 3
eq1 : a * r = 2
eq2 : a * r ^ 3 = 6
r_sq_eq : r ^ 2 = 3
r_cases : r = √3 ∨ r = -√3
⊢ r * (2 / r) = r * a
2025-04-13 11:20:03 - INFO - Error at line 37: tactic 'rewrite' failed, did not find instance of the pattern in the target expression
  a * r
a r : ℝ
u : ℕ → ℝ
h₀ : ∀ (k : ℕ), u k = a * r ^ k
h₁ : u 1 = 2
h₂ : u 3 = 6
hu1 : u 1 = a * r
hu3 : u 3 = a * r ^ 3
eq1 : a * r = 2
eq2 : a * r ^ 3 = 6
r_sq_eq : r ^ 2 = 3
r_cases : r = √3 ∨ r = -√3
⊢ r * (2 / r) = r * a
2025-04-13 11:20:03 - INFO - 
==================================================
2025-04-13 11:20:03 - INFO - Code prepared, starting synthesis
2025-04-13 11:20:03 - INFO - Before part: /-- The second and fourth terms of a geometric sequence are $2$ and $6$. Which of the following is a possible first term?

$\textbf{(A) } -\sqrt{3}  \qquad\textbf{(B) } -\frac{2\sqrt{3}}{3} \qquad\textbf{(C) } -\frac{\sqrt{3}}{3} \qquad\textbf{(D) } \sqrt{3} \qquad\textbf{(E) } 3$ Show that it is \textbf{(B)}\ -\frac{2\sqrt{3}}{3}.-/
theorem amc12b_2003_p6 (a r : ℝ) (u : ℕ → ℝ) (h₀ : ∀ k, u k = a * r ^ k) (h₁ : u 1 = 2)
  (h₂ : u 3 = 6) : u 0 = 2 / Real.sqrt 3 ∨ u 0 = -(2 / Real.sqrt 3) := by
  -- First, we express the given terms using the geometric sequence formula
  -- From h₀, we know u₁ = a * r¹ = a * r
  have hu1 : u 1 = a * r := by rw [h₀, pow_one]
  -- From h₀, we know u₃ = a * r³
  have hu3 : u 3 = a * r^3 := by rw [h₀, pow_three]
  
  -- Now we substitute the given values from h₁ and h₂
  have eq1 : a * r = 2 := by rw [← h₁, hu1]
  have eq2 : a * r^3 = 6 := by rw [← h₂, hu3]
  
  -- We can solve for r² by dividing eq2 by eq1
  have r_sq_eq : r^2 = 3 := by
    rw [← mul_right_inj' (by linarith [eq1] : a * r ≠ 0)]
    -- Multiply both sides of eq2 by r to match denominator
    have : (a * r^3) * r = 6 * r := by rw [eq2]
    -- Simplify left side to a * r^4
    rw [← mul_assoc, ← pow_succ'] at this
    -- Now divide by eq1 squared (a² * r² = 4)
    have : (a * r)^2 = 4 := by rw [eq1, pow_two]
    -- Divide the modified eq2 by this equation
    field_simp
    linear_combination (this, r^2 / 4) (eq2, 1 / (a * r))
  
  -- Now we have two possibilities for r: √3 or -√3
  have r_cases : r = Real.sqrt 3 ∨ r = -Real.sqrt 3 := by
    rw [← pow_two, r_sq_eq]
    exact eq_or_eq_neg_of_sq_eq_sq r (Real.sqrt 3) (by rw [r_sq_eq, sq])
  
  -- Now we can find a in terms of r using eq1: a = 2/r
  have a_expr : a = 2 / r := by
    rw [eq_comm, ← mul_right_inj' (by linarith [eq1] : r ≠ 0)]
2025-04-13 11:20:03 - INFO - Error line:     rw [eq1, div_mul_cancel _ (by linarith [eq1] : r ≠ 0)]
2025-04-13 11:20:03 - INFO - After part: -- The first term u₀ is a * r⁰ = a
  have u0_eq : u 0 = a := by rw [h₀, pow_zero, mul_one]
  
  -- Now consider both cases for r
  rcases r_cases with (r_pos | r_neg)
  · -- Case 1: r = √3
    rw [r_pos, a_expr] at u0_eq
    -- Compute u₀ = 2/√3
    rw [u0_eq]
    -- Simplify the expression to match option B form
    have : 2 / Real.sqrt 3 = (2 * Real.sqrt 3) / 3 := by
      rw [div_eq_mul_inv, ← mul_div_assoc]
      norm_num
      rw [inv_div, mul_comm, div_eq_mul_inv]
    rw [this]
    -- This corresponds to the positive case in the conclusion
    exact Or.inl rfl
  · -- Case 2: r = -√3
    rw [r_neg, a_expr] at u0_eq
    -- Compute u₀ = 2/(-√3) = -2/√3
    rw [u0_eq, neg_div, div_neg]
    -- Simplify the expression to match option B form
    have : 2 / Real.sqrt 3 = (2 * Real.sqrt 3) / 3 := by
      rw [div_eq_mul_inv, ← mul_div_assoc]
      norm_num
      rw [inv_div, mul_comm, div_eq_mul_inv]
    rw [this, neg_div]
    -- This corresponds to the negative case in the conclusion
    exact Or.inr rfl
2025-04-13 11:20:03 - INFO - ==================================================

2025-04-13 11:20:04 - INFO - Testing fragment: rw [justaplaceholder]
2025-04-13 11:20:04 - INFO - Original error line:     rw [eq1, div_mul_cancel _ (by linarith [eq1] : r ≠ 0)]
2025-04-13 11:20:06 - INFO - Testing fix: Original errors: 6, Fixed errors: 6
2025-04-13 11:20:06 - INFO - Target error not fixed: tactic 'rewrite' failed, did not find instance of the pattern in the target expression
  a * r
a r :...
2025-04-13 11:20:06 - INFO - Result: False (target error not fixed)
2025-04-13 11:20:06 - INFO - Testing fragment: rw [<- justaplaceholder]
2025-04-13 11:20:06 - INFO - Original error line:     rw [eq1, div_mul_cancel _ (by linarith [eq1] : r ≠ 0)]
2025-04-13 11:20:08 - INFO - Testing fix: Original errors: 6, Fixed errors: 6
2025-04-13 11:20:08 - INFO - Target error not fixed: tactic 'rewrite' failed, did not find instance of the pattern in the target expression
  a * r
a r :...
2025-04-13 11:20:08 - INFO - Result: False (target error not fixed)
2025-04-13 11:20:08 - INFO - Testing fragment: simp
2025-04-13 11:20:08 - INFO - Original error line:     rw [eq1, div_mul_cancel _ (by linarith [eq1] : r ≠ 0)]
2025-04-13 11:20:10 - INFO - Testing fix: Original errors: 6, Fixed errors: 6
2025-04-13 11:20:10 - INFO - Target error not fixed: tactic 'rewrite' failed, did not find instance of the pattern in the target expression
  a * r
a r :...
2025-04-13 11:20:10 - INFO - Result: False (target error not fixed)
2025-04-13 11:20:10 - INFO - Testing fragment: field_simp
2025-04-13 11:20:10 - INFO - Original error line:     rw [eq1, div_mul_cancel _ (by linarith [eq1] : r ≠ 0)]
2025-04-13 11:20:12 - INFO - Testing fix: Original errors: 6, Fixed errors: 6
2025-04-13 11:20:12 - INFO - Target error not fixed: tactic 'rewrite' failed, did not find instance of the pattern in the target expression
  a * r
a r :...
2025-04-13 11:20:12 - INFO - Result: False (target error not fixed)
2025-04-13 11:20:12 - INFO - Testing fragment: norm_num
2025-04-13 11:20:12 - INFO - Original error line:     rw [eq1, div_mul_cancel _ (by linarith [eq1] : r ≠ 0)]
2025-04-13 11:20:14 - INFO - Testing fix: Original errors: 6, Fixed errors: 6
2025-04-13 11:20:14 - INFO - Target error not fixed: tactic 'rewrite' failed, did not find instance of the pattern in the target expression
  a * r
a r :...
2025-04-13 11:20:14 - INFO - Result: False (target error not fixed)
2025-04-13 11:20:14 - INFO - Testing fragment: ring
2025-04-13 11:20:14 - INFO - Original error line:     rw [eq1, div_mul_cancel _ (by linarith [eq1] : r ≠ 0)]
2025-04-13 11:20:16 - INFO - Testing fix: Original errors: 6, Fixed errors: 6
2025-04-13 11:20:16 - INFO - Target error not fixed: tactic 'rewrite' failed, did not find instance of the pattern in the target expression
  a * r
a r :...
2025-04-13 11:20:16 - INFO - Result: False (target error not fixed)
2025-04-13 11:20:16 - INFO - Testing fragment: ring_nf
2025-04-13 11:20:16 - INFO - Original error line:     rw [eq1, div_mul_cancel _ (by linarith [eq1] : r ≠ 0)]
2025-04-13 11:20:18 - INFO - Testing fix: Original errors: 6, Fixed errors: 6
2025-04-13 11:20:18 - INFO - Target error not fixed: tactic 'rewrite' failed, did not find instance of the pattern in the target expression
  a * r
a r :...
2025-04-13 11:20:18 - INFO - Result: False (target error not fixed)
2025-04-13 11:20:18 - INFO - Testing fragment: omega
2025-04-13 11:20:18 - INFO - Original error line:     rw [eq1, div_mul_cancel _ (by linarith [eq1] : r ≠ 0)]
2025-04-13 11:20:20 - INFO - Testing fix: Original errors: 6, Fixed errors: 6
2025-04-13 11:20:20 - INFO - Target error not fixed: tactic 'rewrite' failed, did not find instance of the pattern in the target expression
  a * r
a r :...
2025-04-13 11:20:20 - INFO - Result: False (target error not fixed)
2025-04-13 11:20:20 - INFO - Testing fragment: linarith
2025-04-13 11:20:20 - INFO - Original error line:     rw [eq1, div_mul_cancel _ (by linarith [eq1] : r ≠ 0)]
2025-04-13 11:20:22 - INFO - Testing fix: Original errors: 6, Fixed errors: 6
2025-04-13 11:20:22 - INFO - Target error not fixed: tactic 'rewrite' failed, did not find instance of the pattern in the target expression
  a * r
a r :...
2025-04-13 11:20:22 - INFO - Result: False (target error not fixed)
2025-04-13 11:20:22 - INFO - Testing fragment: nlinarith
2025-04-13 11:20:22 - INFO - Original error line:     rw [eq1, div_mul_cancel _ (by linarith [eq1] : r ≠ 0)]
2025-04-13 11:20:24 - INFO - Testing fix: Original errors: 6, Fixed errors: 6
2025-04-13 11:20:24 - INFO - Target error not fixed: tactic 'rewrite' failed, did not find instance of the pattern in the target expression
  a * r
a r :...
2025-04-13 11:20:24 - INFO - Result: False (target error not fixed)
2025-04-13 11:20:24 - INFO - Failed attempt time: 22.04 seconds
2025-04-13 11:20:24 - INFO - ❌ Could not generate fix for error at line 37
2025-04-13 11:20:24 - INFO - 
Trying to fix error 5/6: line 45, type: rewrite_failed
2025-04-13 11:20:24 - INFO - Error message: tactic 'rewrite' failed, did not find instance of the pattern in the target expression
  r
case inl
...
2025-04-13 11:20:24 - INFO - Removed header content, remaining 67 lines of code
2025-04-13 11:20:24 - INFO - Using specified target error line: 45
2025-04-13 11:20:25 - INFO - Found error at specified line: tactic 'rewrite' failed, did not find instance of the pattern in the target expression
  r
case inl
a r : ℝ
u : ℕ → ℝ
h₀ : ∀ (k : ℕ), u k = a * r ^ k
h₁ : u 1 = 2
h₂ : u 3 = 6
hu1 : u 1 = a * r
hu3 : u 3 = a * r ^ 3
eq1 : a * r = 2
eq2 : a * r ^ 3 = 6
r_sq_eq : r ^ 2 = 3
a_expr : a = 2 / r
u0_eq : u 0 = a
r_pos : r = √3
⊢ u 0 = 2 / √3 ∨ u 0 = -(2 / √3)
2025-04-13 11:20:25 - INFO - Error at line 45: tactic 'rewrite' failed, did not find instance of the pattern in the target expression
  r
case inl
a r : ℝ
u : ℕ → ℝ
h₀ : ∀ (k : ℕ), u k = a * r ^ k
h₁ : u 1 = 2
h₂ : u 3 = 6
hu1 : u 1 = a * r
hu3 : u 3 = a * r ^ 3
eq1 : a * r = 2
eq2 : a * r ^ 3 = 6
r_sq_eq : r ^ 2 = 3
a_expr : a = 2 / r
u0_eq : u 0 = a
r_pos : r = √3
⊢ u 0 = 2 / √3 ∨ u 0 = -(2 / √3)
2025-04-13 11:20:25 - INFO - 
==================================================
2025-04-13 11:20:25 - INFO - Code prepared, starting synthesis
2025-04-13 11:20:25 - INFO - Before part: /-- The second and fourth terms of a geometric sequence are $2$ and $6$. Which of the following is a possible first term?

$\textbf{(A) } -\sqrt{3}  \qquad\textbf{(B) } -\frac{2\sqrt{3}}{3} \qquad\textbf{(C) } -\frac{\sqrt{3}}{3} \qquad\textbf{(D) } \sqrt{3} \qquad\textbf{(E) } 3$ Show that it is \textbf{(B)}\ -\frac{2\sqrt{3}}{3}.-/
theorem amc12b_2003_p6 (a r : ℝ) (u : ℕ → ℝ) (h₀ : ∀ k, u k = a * r ^ k) (h₁ : u 1 = 2)
  (h₂ : u 3 = 6) : u 0 = 2 / Real.sqrt 3 ∨ u 0 = -(2 / Real.sqrt 3) := by
  -- First, we express the given terms using the geometric sequence formula
  -- From h₀, we know u₁ = a * r¹ = a * r
  have hu1 : u 1 = a * r := by rw [h₀, pow_one]
  -- From h₀, we know u₃ = a * r³
  have hu3 : u 3 = a * r^3 := by rw [h₀, pow_three]
  
  -- Now we substitute the given values from h₁ and h₂
  have eq1 : a * r = 2 := by rw [← h₁, hu1]
  have eq2 : a * r^3 = 6 := by rw [← h₂, hu3]
  
  -- We can solve for r² by dividing eq2 by eq1
  have r_sq_eq : r^2 = 3 := by
    rw [← mul_right_inj' (by linarith [eq1] : a * r ≠ 0)]
    -- Multiply both sides of eq2 by r to match denominator
    have : (a * r^3) * r = 6 * r := by rw [eq2]
    -- Simplify left side to a * r^4
    rw [← mul_assoc, ← pow_succ'] at this
    -- Now divide by eq1 squared (a² * r² = 4)
    have : (a * r)^2 = 4 := by rw [eq1, pow_two]
    -- Divide the modified eq2 by this equation
    field_simp
    linear_combination (this, r^2 / 4) (eq2, 1 / (a * r))
  
  -- Now we have two possibilities for r: √3 or -√3
  have r_cases : r = Real.sqrt 3 ∨ r = -Real.sqrt 3 := by
    rw [← pow_two, r_sq_eq]
    exact eq_or_eq_neg_of_sq_eq_sq r (Real.sqrt 3) (by rw [r_sq_eq, sq])
  
  -- Now we can find a in terms of r using eq1: a = 2/r
  have a_expr : a = 2 / r := by
    rw [eq_comm, ← mul_right_inj' (by linarith [eq1] : r ≠ 0)]
    rw [eq1, div_mul_cancel _ (by linarith [eq1] : r ≠ 0)]
  
  -- The first term u₀ is a * r⁰ = a
  have u0_eq : u 0 = a := by rw [h₀, pow_zero, mul_one]
  
  -- Now consider both cases for r
  rcases r_cases with (r_pos | r_neg)
  · -- Case 1: r = √3
2025-04-13 11:20:25 - INFO - Error line:     rw [r_pos, a_expr] at u0_eq
2025-04-13 11:20:25 - INFO - After part: -- Compute u₀ = 2/√3
    rw [u0_eq]
    -- Simplify the expression to match option B form
    have : 2 / Real.sqrt 3 = (2 * Real.sqrt 3) / 3 := by
      rw [div_eq_mul_inv, ← mul_div_assoc]
      norm_num
      rw [inv_div, mul_comm, div_eq_mul_inv]
    rw [this]
    -- This corresponds to the positive case in the conclusion
    exact Or.inl rfl
  · -- Case 2: r = -√3
    rw [r_neg, a_expr] at u0_eq
    -- Compute u₀ = 2/(-√3) = -2/√3
    rw [u0_eq, neg_div, div_neg]
    -- Simplify the expression to match option B form
    have : 2 / Real.sqrt 3 = (2 * Real.sqrt 3) / 3 := by
      rw [div_eq_mul_inv, ← mul_div_assoc]
      norm_num
      rw [inv_div, mul_comm, div_eq_mul_inv]
    rw [this, neg_div]
    -- This corresponds to the negative case in the conclusion
    exact Or.inr rfl
2025-04-13 11:20:25 - INFO - ==================================================

2025-04-13 11:20:26 - INFO - Testing fragment: rw [justaplaceholder]
2025-04-13 11:20:26 - INFO - Original error line:     rw [r_pos, a_expr] at u0_eq
2025-04-13 11:20:28 - INFO - Testing fix: Original errors: 6, Fixed errors: 7
2025-04-13 11:20:28 - INFO - Result: False (introduced 2 new errors)
2025-04-13 11:20:28 - DEBUG - === New errors detail ===
2025-04-13 11:20:28 - DEBUG - New Error 1: line 45, type: unknown_identifier, message: unknown identifier 'justaplaceholder'
2025-04-13 11:20:28 - DEBUG - New Error 2: line 45, type: rewrite_failed, message: tactic 'rewrite' failed, equality or iff proof expected
  ?m.4906
case inl
a r : ℝ
u : ℕ → ℝ
h₀ : ∀ (k : ℕ), u k = a * r ^ k
h₁ : u 1 = 2
h₂ : u 3 = 6
hu1 : u 1 = a * r
hu3 : u 3 = a * r ^ 3
eq1 : a * r = 2
eq2 : a * r ^ 3 = 6
r_sq_eq : r ^ 2 = 3
a_expr : a = 2 / r
u0_eq : u 0 = a
r_pos : r = √3
⊢ u 0 = 2 / √3 ∨ u 0 = -(2 / √3)
2025-04-13 11:20:28 - INFO - Testing fragment: rw [<- justaplaceholder]
2025-04-13 11:20:28 - INFO - Original error line:     rw [r_pos, a_expr] at u0_eq
2025-04-13 11:20:30 - INFO - Testing fix: Original errors: 6, Fixed errors: 7
2025-04-13 11:20:30 - INFO - Result: False (introduced 2 new errors)
2025-04-13 11:20:30 - DEBUG - === New errors detail ===
2025-04-13 11:20:30 - DEBUG - New Error 1: line 45, type: unknown_identifier, message: unknown identifier 'justaplaceholder'
2025-04-13 11:20:30 - DEBUG - New Error 2: line 45, type: rewrite_failed, message: tactic 'rewrite' failed, equality or iff proof expected
  ?m.4906
case inl
a r : ℝ
u : ℕ → ℝ
h₀ : ∀ (k : ℕ), u k = a * r ^ k
h₁ : u 1 = 2
h₂ : u 3 = 6
hu1 : u 1 = a * r
hu3 : u 3 = a * r ^ 3
eq1 : a * r = 2
eq2 : a * r ^ 3 = 6
r_sq_eq : r ^ 2 = 3
a_expr : a = 2 / r
u0_eq : u 0 = a
r_pos : r = √3
⊢ u 0 = 2 / √3 ∨ u 0 = -(2 / √3)
2025-04-13 11:20:30 - INFO - Testing fragment: simp
2025-04-13 11:20:30 - INFO - Original error line:     rw [r_pos, a_expr] at u0_eq
2025-04-13 11:20:32 - INFO - Testing fix: Original errors: 6, Fixed errors: 6
2025-04-13 11:20:32 - INFO - Result: False (introduced 1 new errors)
2025-04-13 11:20:32 - DEBUG - === New errors detail ===
2025-04-13 11:20:32 - DEBUG - New Error 1: line 45, type: simp_failed, message: simp made no progress
2025-04-13 11:20:32 - INFO - Testing fragment: field_simp
2025-04-13 11:20:32 - INFO - Original error line:     rw [r_pos, a_expr] at u0_eq
2025-04-13 11:20:34 - INFO - Testing fix: Original errors: 6, Fixed errors: 7
2025-04-13 11:20:34 - INFO - Result: False (introduced 2 new errors)
2025-04-13 11:20:34 - DEBUG - === New errors detail ===
2025-04-13 11:20:34 - DEBUG - New Error 1: line 50, type: rewrite_failed, message: tactic 'rewrite' failed, did not find instance of the pattern in the target expression
  ?a * (?b / ?c)
a r : ℝ
u : ℕ → ℝ
h₀ : ∀ (k : ℕ), u k = a * r ^ k
h₁ : u 1 = 2
h₂ : u 3 = 6
hu1 : u 1 = a * r
hu3 : u 3 = a * r ^ 3
eq1 : a * r = 2
eq2 : a * r ^ 3 = 6
r_sq_eq : r ^ 2 = 3
a_expr : a = 2 / r
u0_eq : u 0 = a
r_pos : r = √3
⊢ 2 * (√3)⁻¹ = 2 * √3 / 3
2025-04-13 11:20:34 - DEBUG - New Error 2: line 53, type: rewrite_failed, message: tactic 'rewrite' failed, did not find instance of the pattern in the target expression
  2 / √3
case inl
a r : ℝ
u : ℕ → ℝ
h₀ : ∀ (k : ℕ), u k = a * r ^ k
h₁ : u 1 = 2
h₂ : u 3 = 6
hu1 : u 1 = a * r
hu3 : u 3 = a * r ^ 3
eq1 : a * r = 2
eq2 : a * r ^ 3 = 6
r_sq_eq : r ^ 2 = 3
a_expr : a = 2 / r
u0_eq : u 0 = a
r_pos : r = √3
this : 2 / √3 = 2 * √3 / 3
⊢ a * √3 = 2 ∨ a * √3 = -2
2025-04-13 11:20:34 - INFO - Testing fragment: norm_num
2025-04-13 11:20:34 - INFO - Original error line:     rw [r_pos, a_expr] at u0_eq
2025-04-13 11:20:36 - INFO - Testing fix: Original errors: 6, Fixed errors: 7
2025-04-13 11:20:36 - INFO - Result: False (introduced 2 new errors)
2025-04-13 11:20:36 - DEBUG - === New errors detail ===
2025-04-13 11:20:36 - DEBUG - New Error 1: line 50, type: rewrite_failed, message: tactic 'rewrite' failed, did not find instance of the pattern in the target expression
  ?a * (?b / ?c)
a r : ℝ
u : ℕ → ℝ
h₀ : ∀ (k : ℕ), u k = a * r ^ k
h₁ : u 1 = 2
h₂ : u 3 = 6
hu1 : u 1 = a * r
hu3 : u 3 = a * r ^ 3
eq1 : a * r = 2
eq2 : a * r ^ 3 = 6
r_sq_eq : r ^ 2 = 3
a_expr : a = 2 / r
u0_eq : u 0 = a
r_pos : r = √3
⊢ 2 * (√3)⁻¹ = 2 * √3 / 3
2025-04-13 11:20:36 - DEBUG - New Error 2: line 55, type: type_mismatch, message: application type mismatch
  Or.inl rfl
argument
  rfl
has type
  a = a : Prop
but is expected to have type
  a = 2 * √3 / 3 : Prop
2025-04-13 11:20:36 - INFO - Testing fragment: ring
2025-04-13 11:20:36 - INFO - Original error line:     rw [r_pos, a_expr] at u0_eq
2025-04-13 11:20:38 - INFO - Testing fix: Original errors: 6, Fixed errors: 8
2025-04-13 11:20:38 - INFO - Result: False (introduced 3 new errors)
2025-04-13 11:20:38 - DEBUG - === New errors detail ===
2025-04-13 11:20:38 - DEBUG - New Error 1: line 45, type: ring_failed, message: Try this: ring_nf
2025-04-13 11:20:38 - DEBUG - New Error 2: line 50, type: rewrite_failed, message: tactic 'rewrite' failed, did not find instance of the pattern in the target expression
  ?a * (?b / ?c)
a r : ℝ
u : ℕ → ℝ
h₀ : ∀ (k : ℕ), u k = a * r ^ k
h₁ : u 1 = 2
h₂ : u 3 = 6
hu1 : u 1 = a * r
hu3 : u 3 = a * r ^ 3
eq1 : a * r = 2
eq2 : a * r ^ 3 = 6
r_sq_eq : r ^ 2 = 3
a_expr : a = 2 / r
u0_eq : u 0 = a
r_pos : r = √3
⊢ 2 * (√3)⁻¹ = 2 * √3 / 3
2025-04-13 11:20:38 - DEBUG - New Error 3: line 53, type: rewrite_failed, message: tactic 'rewrite' failed, did not find instance of the pattern in the target expression
  2 / √3
case inl
a r : ℝ
u : ℕ → ℝ
h₀ : ∀ (k : ℕ), u k = a * r ^ k
h₁ : u 1 = 2
h₂ : u 3 = 6
hu1 : u 1 = a * r
hu3 : u 3 = a * r ^ 3
eq1 : a * r = 2
eq2 : a * r ^ 3 = 6
r_sq_eq : r ^ 2 = 3
a_expr : a = 2 / r
u0_eq : u 0 = a
r_pos : r = √3
this : 2 / √3 = 2 * √3 / 3
⊢ a = (√3)⁻¹ * 2 ∨ a = -((√3)⁻¹ * 2)
2025-04-13 11:20:38 - INFO - Testing fragment: ring_nf
2025-04-13 11:20:38 - INFO - Original error line:     rw [r_pos, a_expr] at u0_eq
2025-04-13 11:20:40 - INFO - Testing fix: Original errors: 6, Fixed errors: 7
2025-04-13 11:20:40 - INFO - Result: False (introduced 2 new errors)
2025-04-13 11:20:40 - DEBUG - === New errors detail ===
2025-04-13 11:20:40 - DEBUG - New Error 1: line 50, type: rewrite_failed, message: tactic 'rewrite' failed, did not find instance of the pattern in the target expression
  ?a * (?b / ?c)
a r : ℝ
u : ℕ → ℝ
h₀ : ∀ (k : ℕ), u k = a * r ^ k
h₁ : u 1 = 2
h₂ : u 3 = 6
hu1 : u 1 = a * r
hu3 : u 3 = a * r ^ 3
eq1 : a * r = 2
eq2 : a * r ^ 3 = 6
r_sq_eq : r ^ 2 = 3
a_expr : a = 2 / r
u0_eq : u 0 = a
r_pos : r = √3
⊢ 2 * (√3)⁻¹ = 2 * √3 / 3
2025-04-13 11:20:40 - DEBUG - New Error 2: line 53, type: rewrite_failed, message: tactic 'rewrite' failed, did not find instance of the pattern in the target expression
  2 / √3
case inl
a r : ℝ
u : ℕ → ℝ
h₀ : ∀ (k : ℕ), u k = a * r ^ k
h₁ : u 1 = 2
h₂ : u 3 = 6
hu1 : u 1 = a * r
hu3 : u 3 = a * r ^ 3
eq1 : a * r = 2
eq2 : a * r ^ 3 = 6
r_sq_eq : r ^ 2 = 3
a_expr : a = 2 / r
u0_eq : u 0 = a
r_pos : r = √3
this : 2 / √3 = 2 * √3 / 3
⊢ a = (√3)⁻¹ * 2 ∨ a = -((√3)⁻¹ * 2)
2025-04-13 11:20:40 - INFO - Testing fragment: omega
2025-04-13 11:20:40 - INFO - Original error line:     rw [r_pos, a_expr] at u0_eq
2025-04-13 11:20:42 - INFO - Testing fix: Original errors: 6, Fixed errors: 6
2025-04-13 11:20:42 - INFO - Result: False (introduced 1 new errors)
2025-04-13 11:20:42 - DEBUG - === New errors detail ===
2025-04-13 11:20:42 - DEBUG - New Error 1: line 45, type: other_error, message: omega could not prove the goal:
No usable constraints found. You may need to unfold definitions so `omega` can see linear arithmetic facts about `Nat` and `Int`, which may also involve multiplication, division, and modular remainder by constants.
2025-04-13 11:20:42 - INFO - Testing fragment: linarith
2025-04-13 11:20:42 - INFO - Original error line:     rw [r_pos, a_expr] at u0_eq
2025-04-13 11:20:44 - INFO - Testing fix: Original errors: 6, Fixed errors: 6
2025-04-13 11:20:44 - INFO - Result: False (introduced 1 new errors)
2025-04-13 11:20:44 - DEBUG - === New errors detail ===
2025-04-13 11:20:44 - DEBUG - New Error 1: line 45, type: linarith_failed, message: linarith failed to find a contradiction
case inl
a r : ℝ
u : ℕ → ℝ
h₀ : ∀ (k : ℕ), u k = a * r ^ k
h₁ : u 1 = 2
h₂ : u 3 = 6
hu1 : u 1 = a * r
hu3 : u 3 = a * r ^ 3
eq1 : a * r = 2
eq2 : a * r ^ 3 = 6
r_sq_eq : r ^ 2 = 3
a_expr : a = 2 / r
u0_eq : u 0 = a
r_pos : r = √3
⊢ False
failed
2025-04-13 11:20:44 - INFO - Testing fragment: nlinarith
2025-04-13 11:20:44 - INFO - Original error line:     rw [r_pos, a_expr] at u0_eq
2025-04-13 11:20:46 - INFO - Testing fix: Original errors: 6, Fixed errors: 6
2025-04-13 11:20:46 - INFO - Result: False (introduced 1 new errors)
2025-04-13 11:20:46 - DEBUG - === New errors detail ===
2025-04-13 11:20:46 - DEBUG - New Error 1: line 45, type: linarith_failed, message: linarith failed to find a contradiction
case inl
a r : ℝ
u : ℕ → ℝ
h₀ : ∀ (k : ℕ), u k = a * r ^ k
h₁ : u 1 = 2
h₂ : u 3 = 6
hu1 : u 1 = a * r
hu3 : u 3 = a * r ^ 3
eq1 : a * r = 2
eq2 : a * r ^ 3 = 6
r_sq_eq : r ^ 2 = 3
a_expr : a = 2 / r
u0_eq : u 0 = a
r_pos : r = √3
⊢ False
failed
2025-04-13 11:20:46 - INFO - Failed attempt time: 22.04 seconds
2025-04-13 11:20:46 - INFO - ❌ Could not generate fix for error at line 45
2025-04-13 11:20:46 - INFO - 
Trying to fix error 6/6: line 57, type: rewrite_failed
2025-04-13 11:20:46 - INFO - Error message: tactic 'rewrite' failed, did not find instance of the pattern in the target expression
  r
case inr
...
2025-04-13 11:20:46 - INFO - Removed header content, remaining 67 lines of code
2025-04-13 11:20:46 - INFO - Using specified target error line: 57
2025-04-13 11:20:47 - INFO - Found error at specified line: tactic 'rewrite' failed, did not find instance of the pattern in the target expression
  r
case inr
a r : ℝ
u : ℕ → ℝ
h₀ : ∀ (k : ℕ), u k = a * r ^ k
h₁ : u 1 = 2
h₂ : u 3 = 6
hu1 : u 1 = a * r
hu3 : u 3 = a * r ^ 3
eq1 : a * r = 2
eq2 : a * r ^ 3 = 6
r_sq_eq : r ^ 2 = 3
a_expr : a = 2 / r
u0_eq : u 0 = a
r_neg : r = -√3
⊢ u 0 = 2 / √3 ∨ u 0 = -(2 / √3)
2025-04-13 11:20:47 - INFO - Error at line 57: tactic 'rewrite' failed, did not find instance of the pattern in the target expression
  r
case inr
a r : ℝ
u : ℕ → ℝ
h₀ : ∀ (k : ℕ), u k = a * r ^ k
h₁ : u 1 = 2
h₂ : u 3 = 6
hu1 : u 1 = a * r
hu3 : u 3 = a * r ^ 3
eq1 : a * r = 2
eq2 : a * r ^ 3 = 6
r_sq_eq : r ^ 2 = 3
a_expr : a = 2 / r
u0_eq : u 0 = a
r_neg : r = -√3
⊢ u 0 = 2 / √3 ∨ u 0 = -(2 / √3)
2025-04-13 11:20:47 - INFO - 
==================================================
2025-04-13 11:20:47 - INFO - Code prepared, starting synthesis
2025-04-13 11:20:47 - INFO - Before part: /-- The second and fourth terms of a geometric sequence are $2$ and $6$. Which of the following is a possible first term?

$\textbf{(A) } -\sqrt{3}  \qquad\textbf{(B) } -\frac{2\sqrt{3}}{3} \qquad\textbf{(C) } -\frac{\sqrt{3}}{3} \qquad\textbf{(D) } \sqrt{3} \qquad\textbf{(E) } 3$ Show that it is \textbf{(B)}\ -\frac{2\sqrt{3}}{3}.-/
theorem amc12b_2003_p6 (a r : ℝ) (u : ℕ → ℝ) (h₀ : ∀ k, u k = a * r ^ k) (h₁ : u 1 = 2)
  (h₂ : u 3 = 6) : u 0 = 2 / Real.sqrt 3 ∨ u 0 = -(2 / Real.sqrt 3) := by
  -- First, we express the given terms using the geometric sequence formula
  -- From h₀, we know u₁ = a * r¹ = a * r
  have hu1 : u 1 = a * r := by rw [h₀, pow_one]
  -- From h₀, we know u₃ = a * r³
  have hu3 : u 3 = a * r^3 := by rw [h₀, pow_three]
  
  -- Now we substitute the given values from h₁ and h₂
  have eq1 : a * r = 2 := by rw [← h₁, hu1]
  have eq2 : a * r^3 = 6 := by rw [← h₂, hu3]
  
  -- We can solve for r² by dividing eq2 by eq1
  have r_sq_eq : r^2 = 3 := by
    rw [← mul_right_inj' (by linarith [eq1] : a * r ≠ 0)]
    -- Multiply both sides of eq2 by r to match denominator
    have : (a * r^3) * r = 6 * r := by rw [eq2]
    -- Simplify left side to a * r^4
    rw [← mul_assoc, ← pow_succ'] at this
    -- Now divide by eq1 squared (a² * r² = 4)
    have : (a * r)^2 = 4 := by rw [eq1, pow_two]
    -- Divide the modified eq2 by this equation
    field_simp
    linear_combination (this, r^2 / 4) (eq2, 1 / (a * r))
  
  -- Now we have two possibilities for r: √3 or -√3
  have r_cases : r = Real.sqrt 3 ∨ r = -Real.sqrt 3 := by
    rw [← pow_two, r_sq_eq]
    exact eq_or_eq_neg_of_sq_eq_sq r (Real.sqrt 3) (by rw [r_sq_eq, sq])
  
  -- Now we can find a in terms of r using eq1: a = 2/r
  have a_expr : a = 2 / r := by
    rw [eq_comm, ← mul_right_inj' (by linarith [eq1] : r ≠ 0)]
    rw [eq1, div_mul_cancel _ (by linarith [eq1] : r ≠ 0)]
  
  -- The first term u₀ is a * r⁰ = a
  have u0_eq : u 0 = a := by rw [h₀, pow_zero, mul_one]
  
  -- Now consider both cases for r
  rcases r_cases with (r_pos | r_neg)
  · -- Case 1: r = √3
    rw [r_pos, a_expr] at u0_eq
    -- Compute u₀ = 2/√3
    rw [u0_eq]
    -- Simplify the expression to match option B form
    have : 2 / Real.sqrt 3 = (2 * Real.sqrt 3) / 3 := by
      rw [div_eq_mul_inv, ← mul_div_assoc]
      norm_num
      rw [inv_div, mul_comm, div_eq_mul_inv]
    rw [this]
    -- This corresponds to the positive case in the conclusion
    exact Or.inl rfl
  · -- Case 2: r = -√3
2025-04-13 11:20:47 - INFO - Error line:     rw [r_neg, a_expr] at u0_eq
2025-04-13 11:20:47 - INFO - After part: -- Compute u₀ = 2/(-√3) = -2/√3
    rw [u0_eq, neg_div, div_neg]
    -- Simplify the expression to match option B form
    have : 2 / Real.sqrt 3 = (2 * Real.sqrt 3) / 3 := by
      rw [div_eq_mul_inv, ← mul_div_assoc]
      norm_num
      rw [inv_div, mul_comm, div_eq_mul_inv]
    rw [this, neg_div]
    -- This corresponds to the negative case in the conclusion
    exact Or.inr rfl
2025-04-13 11:20:47 - INFO - ==================================================

2025-04-13 11:20:48 - INFO - Testing fragment: rw [justaplaceholder]
2025-04-13 11:20:48 - INFO - Original error line:     rw [r_neg, a_expr] at u0_eq
2025-04-13 11:20:50 - INFO - Testing fix: Original errors: 6, Fixed errors: 7
2025-04-13 11:20:50 - INFO - Result: False (introduced 2 new errors)
2025-04-13 11:20:50 - DEBUG - === New errors detail ===
2025-04-13 11:20:50 - DEBUG - New Error 1: line 57, type: unknown_identifier, message: unknown identifier 'justaplaceholder'
2025-04-13 11:20:50 - DEBUG - New Error 2: line 57, type: rewrite_failed, message: tactic 'rewrite' failed, equality or iff proof expected
  ?m.4906
case inr
a r : ℝ
u : ℕ → ℝ
h₀ : ∀ (k : ℕ), u k = a * r ^ k
h₁ : u 1 = 2
h₂ : u 3 = 6
hu1 : u 1 = a * r
hu3 : u 3 = a * r ^ 3
eq1 : a * r = 2
eq2 : a * r ^ 3 = 6
r_sq_eq : r ^ 2 = 3
a_expr : a = 2 / r
u0_eq : u 0 = a
r_neg : r = -√3
⊢ u 0 = 2 / √3 ∨ u 0 = -(2 / √3)
2025-04-13 11:20:50 - INFO - Testing fragment: rw [<- justaplaceholder]
2025-04-13 11:20:50 - INFO - Original error line:     rw [r_neg, a_expr] at u0_eq
2025-04-13 11:20:52 - INFO - Testing fix: Original errors: 6, Fixed errors: 7
2025-04-13 11:20:52 - INFO - Result: False (introduced 2 new errors)
2025-04-13 11:20:52 - DEBUG - === New errors detail ===
2025-04-13 11:20:52 - DEBUG - New Error 1: line 57, type: unknown_identifier, message: unknown identifier 'justaplaceholder'
2025-04-13 11:20:52 - DEBUG - New Error 2: line 57, type: rewrite_failed, message: tactic 'rewrite' failed, equality or iff proof expected
  ?m.4906
case inr
a r : ℝ
u : ℕ → ℝ
h₀ : ∀ (k : ℕ), u k = a * r ^ k
h₁ : u 1 = 2
h₂ : u 3 = 6
hu1 : u 1 = a * r
hu3 : u 3 = a * r ^ 3
eq1 : a * r = 2
eq2 : a * r ^ 3 = 6
r_sq_eq : r ^ 2 = 3
a_expr : a = 2 / r
u0_eq : u 0 = a
r_neg : r = -√3
⊢ u 0 = 2 / √3 ∨ u 0 = -(2 / √3)
2025-04-13 11:20:52 - INFO - Testing fragment: simp
2025-04-13 11:20:52 - INFO - Original error line:     rw [r_neg, a_expr] at u0_eq
2025-04-13 11:20:54 - INFO - Testing fix: Original errors: 6, Fixed errors: 6
2025-04-13 11:20:54 - INFO - Result: False (introduced 1 new errors)
2025-04-13 11:20:54 - DEBUG - === New errors detail ===
2025-04-13 11:20:54 - DEBUG - New Error 1: line 57, type: simp_failed, message: simp made no progress
2025-04-13 11:20:54 - INFO - Testing fragment: field_simp
2025-04-13 11:20:54 - INFO - Original error line:     rw [r_neg, a_expr] at u0_eq
2025-04-13 11:20:56 - INFO - Testing fix: Original errors: 6, Fixed errors: 6
2025-04-13 11:20:56 - INFO - Result: False (introduced 1 new errors)
2025-04-13 11:20:56 - DEBUG - === New errors detail ===
2025-04-13 11:20:56 - DEBUG - New Error 1: line 59, type: rewrite_failed, message: tactic 'rewrite' failed, did not find instance of the pattern in the target expression
  -?b / ?a
case inr
a r : ℝ
u : ℕ → ℝ
h₀ : ∀ (k : ℕ), u k = a * r ^ k
h₁ : u 1 = 2
h₂ : u 3 = 6
hu1 : u 1 = a * r
hu3 : u 3 = a * r ^ 3
eq1 : a * r = 2
eq2 : a * r ^ 3 = 6
r_sq_eq : r ^ 2 = 3
a_expr : a = 2 / r
u0_eq : u 0 = a
r_neg : r = -√3
⊢ a * √3 = 2 ∨ a * √3 = -2
2025-04-13 11:20:56 - INFO - Testing fragment: norm_num
2025-04-13 11:20:56 - INFO - Original error line:     rw [r_neg, a_expr] at u0_eq
2025-04-13 11:20:58 - INFO - Testing fix: Original errors: 6, Fixed errors: 6
2025-04-13 11:20:58 - INFO - Result: False (introduced 1 new errors)
2025-04-13 11:20:58 - DEBUG - === New errors detail ===
2025-04-13 11:20:58 - DEBUG - New Error 1: line 59, type: rewrite_failed, message: tactic 'rewrite' failed, did not find instance of the pattern in the target expression
  -?b / ?a
case inr
a r : ℝ
u : ℕ → ℝ
h₀ : ∀ (k : ℕ), u k = a * r ^ k
h₁ : u 1 = 2
h₂ : u 3 = 6
hu1 : u 1 = a * r
hu3 : u 3 = a * r ^ 3
eq1 : a * r = 2
eq2 : a * r ^ 3 = 6
r_sq_eq : r ^ 2 = 3
a_expr : a = 2 / r
u0_eq : u 0 = a
r_neg : r = -√3
⊢ a = 2 / √3 ∨ a = -(2 / √3)
2025-04-13 11:20:58 - INFO - Testing fragment: ring
2025-04-13 11:20:58 - INFO - Original error line:     rw [r_neg, a_expr] at u0_eq
2025-04-13 11:21:00 - INFO - Testing fix: Original errors: 6, Fixed errors: 7
2025-04-13 11:21:00 - INFO - Result: False (introduced 2 new errors)
2025-04-13 11:21:00 - DEBUG - === New errors detail ===
2025-04-13 11:21:00 - DEBUG - New Error 1: line 57, type: ring_failed, message: Try this: ring_nf
2025-04-13 11:21:00 - DEBUG - New Error 2: line 59, type: rewrite_failed, message: tactic 'rewrite' failed, did not find instance of the pattern in the target expression
  -?b / ?a
case inr
a r : ℝ
u : ℕ → ℝ
h₀ : ∀ (k : ℕ), u k = a * r ^ k
h₁ : u 1 = 2
h₂ : u 3 = 6
hu1 : u 1 = a * r
hu3 : u 3 = a * r ^ 3
eq1 : a * r = 2
eq2 : a * r ^ 3 = 6
r_sq_eq : r ^ 2 = 3
a_expr : a = 2 / r
u0_eq : u 0 = a
r_neg : r = -√3
⊢ a = (√3)⁻¹ * 2 ∨ a = -((√3)⁻¹ * 2)
2025-04-13 11:21:00 - INFO - Testing fragment: ring_nf
2025-04-13 11:21:00 - INFO - Original error line:     rw [r_neg, a_expr] at u0_eq
2025-04-13 11:21:02 - INFO - Testing fix: Original errors: 6, Fixed errors: 6
2025-04-13 11:21:02 - INFO - Result: False (introduced 1 new errors)
2025-04-13 11:21:02 - DEBUG - === New errors detail ===
2025-04-13 11:21:02 - DEBUG - New Error 1: line 59, type: rewrite_failed, message: tactic 'rewrite' failed, did not find instance of the pattern in the target expression
  -?b / ?a
case inr
a r : ℝ
u : ℕ → ℝ
h₀ : ∀ (k : ℕ), u k = a * r ^ k
h₁ : u 1 = 2
h₂ : u 3 = 6
hu1 : u 1 = a * r
hu3 : u 3 = a * r ^ 3
eq1 : a * r = 2
eq2 : a * r ^ 3 = 6
r_sq_eq : r ^ 2 = 3
a_expr : a = 2 / r
u0_eq : u 0 = a
r_neg : r = -√3
⊢ a = (√3)⁻¹ * 2 ∨ a = -((√3)⁻¹ * 2)
2025-04-13 11:21:02 - INFO - Testing fragment: omega
2025-04-13 11:21:02 - INFO - Original error line:     rw [r_neg, a_expr] at u0_eq
2025-04-13 11:21:04 - INFO - Testing fix: Original errors: 6, Fixed errors: 6
2025-04-13 11:21:04 - INFO - Result: False (introduced 1 new errors)
2025-04-13 11:21:04 - DEBUG - === New errors detail ===
2025-04-13 11:21:04 - DEBUG - New Error 1: line 57, type: other_error, message: omega could not prove the goal:
No usable constraints found. You may need to unfold definitions so `omega` can see linear arithmetic facts about `Nat` and `Int`, which may also involve multiplication, division, and modular remainder by constants.
2025-04-13 11:21:04 - INFO - Testing fragment: linarith
2025-04-13 11:21:04 - INFO - Original error line:     rw [r_neg, a_expr] at u0_eq
2025-04-13 11:21:06 - INFO - Testing fix: Original errors: 6, Fixed errors: 6
2025-04-13 11:21:06 - INFO - Result: False (introduced 1 new errors)
2025-04-13 11:21:06 - DEBUG - === New errors detail ===
2025-04-13 11:21:06 - DEBUG - New Error 1: line 57, type: linarith_failed, message: linarith failed to find a contradiction
case inr
a r : ℝ
u : ℕ → ℝ
h₀ : ∀ (k : ℕ), u k = a * r ^ k
h₁ : u 1 = 2
h₂ : u 3 = 6
hu1 : u 1 = a * r
hu3 : u 3 = a * r ^ 3
eq1 : a * r = 2
eq2 : a * r ^ 3 = 6
r_sq_eq : r ^ 2 = 3
a_expr : a = 2 / r
u0_eq : u 0 = a
r_neg : r = -√3
⊢ False
failed
2025-04-13 11:21:06 - INFO - Testing fragment: nlinarith
2025-04-13 11:21:06 - INFO - Original error line:     rw [r_neg, a_expr] at u0_eq
2025-04-13 11:21:08 - INFO - Testing fix: Original errors: 6, Fixed errors: 6
2025-04-13 11:21:08 - INFO - Result: False (introduced 1 new errors)
2025-04-13 11:21:08 - DEBUG - === New errors detail ===
2025-04-13 11:21:08 - DEBUG - New Error 1: line 57, type: linarith_failed, message: linarith failed to find a contradiction
case inr
a r : ℝ
u : ℕ → ℝ
h₀ : ∀ (k : ℕ), u k = a * r ^ k
h₁ : u 1 = 2
h₂ : u 3 = 6
hu1 : u 1 = a * r
hu3 : u 3 = a * r ^ 3
eq1 : a * r = 2
eq2 : a * r ^ 3 = 6
r_sq_eq : r ^ 2 = 3
a_expr : a = 2 / r
u0_eq : u 0 = a
r_neg : r = -√3
⊢ False
failed
2025-04-13 11:21:08 - INFO - Failed attempt time: 22.04 seconds
2025-04-13 11:21:08 - INFO - ❌ Could not generate fix for error at line 57
2025-04-13 11:21:09 - INFO - 
===== Fix attempt completed =====
2025-04-13 11:21:09 - INFO - Original errors: 6
2025-04-13 11:21:09 - INFO - Fixed errors: 0
2025-04-13 11:21:09 - INFO - Failed errors: 6
2025-04-13 11:21:09 - INFO - Remaining errors: 6
2025-04-13 11:21:09 - INFO - Total time: 134.26 seconds
2025-04-13 11:21:09 - INFO - 
Final fixed code:
2025-04-13 11:21:09 - INFO - ----------------------------------------
2025-04-13 11:21:09 - INFO - /-- The second and fourth terms of a geometric sequence are $2$ and $6$. Which of the following is a possible first term?

$\textbf{(A) } -\sqrt{3}  \qquad\textbf{(B) } -\frac{2\sqrt{3}}{3} \qquad\textbf{(C) } -\frac{\sqrt{3}}{3} \qquad\textbf{(D) } \sqrt{3} \qquad\textbf{(E) } 3$ Show that it is \textbf{(B)}\ -\frac{2\sqrt{3}}{3}.-/
theorem amc12b_2003_p6 (a r : ℝ) (u : ℕ → ℝ) (h₀ : ∀ k, u k = a * r ^ k) (h₁ : u 1 = 2)
  (h₂ : u 3 = 6) : u 0 = 2 / Real.sqrt 3 ∨ u 0 = -(2 / Real.sqrt 3) := by
  -- First, we express the given terms using the geometric sequence formula
  -- From h₀, we know u₁ = a * r¹ = a * r
  have hu1 : u 1 = a * r := by rw [h₀, pow_one]
  -- From h₀, we know u₃ = a * r³
  have hu3 : u 3 = a * r^3 := by rw [h₀, pow_three]
  
  -- Now we substitute the given values from h₁ and h₂
  have eq1 : a * r = 2 := by rw [← h₁, hu1]
  have eq2 : a * r^3 = 6 := by rw [← h₂, hu3]
  
  -- We can solve for r² by dividing eq2 by eq1
  have r_sq_eq : r^2 = 3 := by
    rw [← mul_right_inj' (by linarith [eq1] : a * r ≠ 0)]
    -- Multiply both sides of eq2 by r to match denominator
    have : (a * r^3) * r = 6 * r := by rw [eq2]
    -- Simplify left side to a * r^4
    rw [← mul_assoc, ← pow_succ'] at this
    -- Now divide by eq1 squared (a² * r² = 4)
    have : (a * r)^2 = 4 := by rw [eq1, pow_two]
    -- Divide the modified eq2 by this equation
    field_simp
    linear_combination (this, r^2 / 4) (eq2, 1 / (a * r))
  
  -- Now we have two possibilities for r: √3 or -√3
  have r_cases : r = Real.sqrt 3 ∨ r = -Real.sqrt 3 := by
    rw [← pow_two, r_sq_eq]
    exact eq_or_eq_neg_of_sq_eq_sq r (Real.sqrt 3) (by rw [r_sq_eq, sq])
  
  -- Now we can find a in terms of r using eq1: a = 2/r
  have a_expr : a = 2 / r := by
    rw [eq_comm, ← mul_right_inj' (by linarith [eq1] : r ≠ 0)]
    rw [eq1, div_mul_cancel _ (by linarith [eq1] : r ≠ 0)]
  
  -- The first term u₀ is a * r⁰ = a
  have u0_eq : u 0 = a := by rw [h₀, pow_zero, mul_one]
  
  -- Now consider both cases for r
  rcases r_cases with (r_pos | r_neg)
  · -- Case 1: r = √3
    rw [r_pos, a_expr] at u0_eq
    -- Compute u₀ = 2/√3
    rw [u0_eq]
    -- Simplify the expression to match option B form
    have : 2 / Real.sqrt 3 = (2 * Real.sqrt 3) / 3 := by
      rw [div_eq_mul_inv, ← mul_div_assoc]
      norm_num
      rw [inv_div, mul_comm, div_eq_mul_inv]
    rw [this]
    -- This corresponds to the positive case in the conclusion
    exact Or.inl rfl
  · -- Case 2: r = -√3
    rw [r_neg, a_expr] at u0_eq
    -- Compute u₀ = 2/(-√3) = -2/√3
    rw [u0_eq, neg_div, div_neg]
    -- Simplify the expression to match option B form
    have : 2 / Real.sqrt 3 = (2 * Real.sqrt 3) / 3 := by
      rw [div_eq_mul_inv, ← mul_div_assoc]
      norm_num
      rw [inv_div, mul_comm, div_eq_mul_inv]
    rw [this, neg_div]
    -- This corresponds to the negative case in the conclusion
    exact Or.inr rfl
2025-04-13 11:21:09 - INFO - ----------------------------------------
2025-04-13 11:21:09 - INFO - 
Detailed error repair report:
2025-04-13 11:21:09 - INFO - Original code error count: 6
❌ Fixed error 1/6: Could not generate fix for error at line 22 «rewrite_failed» (after 22.04s)
❌ Fixed error 2/6: Could not generate fix for error at line 31 «rewrite_failed» (after 22.04s)
❌ Fixed error 3/6: Could not generate fix for error at line 36 «linarith_failed» (after 22.05s)
❌ Fixed error 4/6: Could not generate fix for error at line 37 «rewrite_failed» (after 22.04s)
❌ Fixed error 5/6: Could not generate fix for error at line 45 «rewrite_failed» (after 22.04s)
❌ Fixed error 6/6: Could not generate fix for error at line 57 «rewrite_failed» (after 22.04s)

=== Fix statistics ===
Original error count: 6
Fixed errors: 0 (Fix rate: 0.0000)
Failed errors: 6
Remaining errors: 6
Total time: 134.26 seconds

=== Failed fix details ===

Failed fix 1:
   Line: 22
   Error type: rewrite_failed
   Original error message: tactic 'rewrite' failed, did not find instance of the pattern in the target expression
  ?a * (?b * ...
   Failure reason: Could not generate fix
   Time: 22.04 seconds

Failed fix 2:
   Line: 31
   Error type: rewrite_failed
   Original error message: tactic 'rewrite' failed, did not find instance of the pattern in the target expression
  ?a * ?a
a r...
   Failure reason: Could not generate fix
   Time: 22.04 seconds

Failed fix 3:
   Line: 36
   Error type: linarith_failed
   Original error message: linarith failed to find a contradiction
case h
a r : ℝ
u : ℕ → ℝ
h₀ : ∀ (k : ℕ), u k = a * r ^ k
h₁ ...
   Failure reason: Could not generate fix
   Time: 22.05 seconds

Failed fix 4:
   Line: 37
   Error type: rewrite_failed
   Original error message: tactic 'rewrite' failed, did not find instance of the pattern in the target expression
  a * r
a r :...
   Failure reason: Could not generate fix
   Time: 22.04 seconds

Failed fix 5:
   Line: 45
   Error type: rewrite_failed
   Original error message: tactic 'rewrite' failed, did not find instance of the pattern in the target expression
  r
case inl
...
   Failure reason: Could not generate fix
   Time: 22.04 seconds

Failed fix 6:
   Line: 57
   Error type: rewrite_failed
   Original error message: tactic 'rewrite' failed, did not find instance of the pattern in the target expression
  r
case inr
...
   Failure reason: Could not generate fix
   Time: 22.04 seconds
2025-04-13 11:21:09 - INFO - 
Fixed code saved to: /data/coding/minif2f/lean_fixed/98_fixed.lean
2025-04-13 11:21:09 - INFO - JSON log saved to: /data/coding/minif2f/lean_fixed/98_fix_log.json
2025-04-13 11:21:09 - INFO - 
===== LOG FILE LOCATION =====
2025-04-13 11:21:09 - INFO - Detailed log file is available at: /data/coding/minif2f/lean_fixed/98.log
2025-04-13 11:21:09 - INFO - ===============================
