2025-04-13 11:16:19 - INFO - Log file initialized at 2025-04-13T11:16:19.239922
2025-04-13 11:16:19 - INFO - ===== LOG FILE LOCATION =====
2025-04-13 11:16:19 - INFO - Detailed log file created at: ./minif2f/lean_fixed/99.log
2025-04-13 11:16:19 - INFO - ===============================
2025-04-13 11:16:19 - INFO - Original code:
2025-04-13 11:16:19 - INFO - ----------------------------------------
2025-04-13 11:16:19 - INFO - import Mathlib
import Aesop

set_option maxHeartbeats 0  -- Disables the heartbeat limit to prevent timeout during proof checking

open BigOperators Real Nat Topology Rat  -- Opens relevant namespaces for mathematical operations

/-- 
Show that for any complex number a, (a-10)(a+11) = a² + a - 110.
This theorem demonstrates polynomial expansion in the complex numbers.
-/
theorem algebra_2rootsintpoly_am10tap11eqasqpam110 (a : ℂ) :
    (a - 10) * (a + 11) = a ^ 2 + a - 110 := by
  -- We'll prove this equality by expanding the left side and simplifying
  -- Start by expanding (a - 10)(a + 11) using the distributive property (FOIL method)
  rw [mul_sub]  -- Applies the distributive property: (a - 10)(a + 11) = a*(a + 11) - 10*(a + 11)
  rw [add_mul]  -- Distributes multiplication over addition for both terms: a*a + a*11 - (10*a + 10*11)
  rw [mul_add]  -- Alternative distribution for the second term (equivalent result)
  -- Now simplify all the multiplications:
  rw [mul_one]  -- Simplifies coefficients (though not strictly needed here, it's good practice)
  -- Simplify all the products of constants:
  rw [← sub_add]  -- Rearranges terms to group like terms together
  -- Now we'll simplify the numerical operations:
  rw [pow_two]  -- Rewrites a^2 as a*a (though they're definitionally equal in Lean)
  -- Combine constant terms:
  norm_num  -- Normalizes numerical expressions, computing 10*11 = 110
  -- The proof is now complete as both sides match definitionally
  -- No more goals left to prove
  done  -- Explicitly marks the end of the proof (optional in Lean 4)
2025-04-13 11:16:19 - INFO - ----------------------------------------
2025-04-13 11:16:19 - INFO - 
Checking original code for all errors...
2025-04-13 11:18:55 - INFO - Original code contains 1 errors:
2025-04-13 11:18:55 - INFO - Error 1: line 9, type: rewrite_failed, message: tactic 'rewrite' failed, did not find instance of the pattern in the target expression
  ?a * (?b - ...
2025-04-13 11:18:55 - INFO - 
Starting multi-error continuous repair process...
2025-04-13 11:18:55 - INFO - 
===== Starting to fix all errors =====
2025-04-13 11:18:56 - INFO - 
Found 1 original errors:
2025-04-13 11:18:56 - INFO - Error 1: line 9, type: rewrite_failed, message: tactic 'rewrite' failed, did not find instance of the pattern in the target expression
  ?a * (?b - ...
2025-04-13 11:18:56 - INFO - 
Trying to fix error 1/1: line 9, type: rewrite_failed
2025-04-13 11:18:56 - INFO - Error message: tactic 'rewrite' failed, did not find instance of the pattern in the target expression
  ?a * (?b - ...
2025-04-13 11:18:56 - INFO - Removed header content, remaining 22 lines of code
2025-04-13 11:18:56 - INFO - Using specified target error line: 9
2025-04-13 11:18:57 - INFO - Found error at specified line: tactic 'rewrite' failed, did not find instance of the pattern in the target expression
  ?a * (?b - ?c)
a : ℂ
⊢ (a - 10) * (a + 11) = a ^ 2 + a - 110
2025-04-13 11:18:57 - INFO - Error at line 9: tactic 'rewrite' failed, did not find instance of the pattern in the target expression
  ?a * (?b - ?c)
a : ℂ
⊢ (a - 10) * (a + 11) = a ^ 2 + a - 110
2025-04-13 11:18:57 - INFO - 
==================================================
2025-04-13 11:18:57 - INFO - Code prepared, starting synthesis
2025-04-13 11:18:57 - INFO - Before part: /-- 
Show that for any complex number a, (a-10)(a+11) = a² + a - 110.
This theorem demonstrates polynomial expansion in the complex numbers.
-/
theorem algebra_2rootsintpoly_am10tap11eqasqpam110 (a : ℂ) :
    (a - 10) * (a + 11) = a ^ 2 + a - 110 := by
  -- We'll prove this equality by expanding the left side and simplifying
  -- Start by expanding (a - 10)(a + 11) using the distributive property (FOIL method)
2025-04-13 11:18:57 - INFO - Error line:   rw [mul_sub]  -- Applies the distributive property: (a - 10)(a + 11) = a*(a + 11) - 10*(a + 11)
2025-04-13 11:18:57 - INFO - After part: rw [add_mul]  -- Distributes multiplication over addition for both terms: a*a + a*11 - (10*a + 10*11)
  rw [mul_add]  -- Alternative distribution for the second term (equivalent result)
  -- Now simplify all the multiplications:
  rw [mul_one]  -- Simplifies coefficients (though not strictly needed here, it's good practice)
  -- Simplify all the products of constants:
  rw [← sub_add]  -- Rearranges terms to group like terms together
  -- Now we'll simplify the numerical operations:
  rw [pow_two]  -- Rewrites a^2 as a*a (though they're definitionally equal in Lean)
  -- Combine constant terms:
  norm_num  -- Normalizes numerical expressions, computing 10*11 = 110
  -- The proof is now complete as both sides match definitionally
  -- No more goals left to prove
  done  -- Explicitly marks the end of the proof (optional in Lean 4)
2025-04-13 11:18:57 - INFO - ==================================================

2025-04-13 11:18:58 - INFO - Testing fragment: rw [justaplaceholder]
2025-04-13 11:18:58 - INFO - Original error line:   rw [mul_sub]  -- Applies the distributive property: (a - 10)(a + 11) = a*(a + 11) - 10*(a + 11)
2025-04-13 11:19:00 - INFO - Testing fix: Original errors: 1, Fixed errors: 2
2025-04-13 11:19:00 - INFO - Result: False (introduced 2 new errors)
2025-04-13 11:19:00 - DEBUG - === New errors detail ===
2025-04-13 11:19:00 - DEBUG - New Error 1: line 9, type: unknown_identifier, message: unknown identifier 'justaplaceholder'
2025-04-13 11:19:00 - DEBUG - New Error 2: line 9, type: rewrite_failed, message: tactic 'rewrite' failed, equality or iff proof expected
  ?m.621
a : ℂ
⊢ (a - 10) * (a + 11) = a ^ 2 + a - 110
2025-04-13 11:19:00 - INFO - Testing fragment: rw [<- justaplaceholder]
2025-04-13 11:19:00 - INFO - Original error line:   rw [mul_sub]  -- Applies the distributive property: (a - 10)(a + 11) = a*(a + 11) - 10*(a + 11)
2025-04-13 11:19:02 - INFO - Testing fix: Original errors: 1, Fixed errors: 2
2025-04-13 11:19:02 - INFO - Result: False (introduced 2 new errors)
2025-04-13 11:19:02 - DEBUG - === New errors detail ===
2025-04-13 11:19:02 - DEBUG - New Error 1: line 9, type: unknown_identifier, message: unknown identifier 'justaplaceholder'
2025-04-13 11:19:02 - DEBUG - New Error 2: line 9, type: rewrite_failed, message: tactic 'rewrite' failed, equality or iff proof expected
  ?m.621
a : ℂ
⊢ (a - 10) * (a + 11) = a ^ 2 + a - 110
2025-04-13 11:19:02 - INFO - Testing fragment: simp
2025-04-13 11:19:02 - INFO - Original error line:   rw [mul_sub]  -- Applies the distributive property: (a - 10)(a + 11) = a*(a + 11) - 10*(a + 11)
2025-04-13 11:19:04 - INFO - Testing fix: Original errors: 1, Fixed errors: 1
2025-04-13 11:19:04 - INFO - Result: False (introduced 1 new errors)
2025-04-13 11:19:04 - DEBUG - === New errors detail ===
2025-04-13 11:19:04 - DEBUG - New Error 1: line 9, type: simp_failed, message: simp made no progress
2025-04-13 11:19:04 - INFO - Testing fragment: field_simp
2025-04-13 11:19:04 - INFO - Original error line:   rw [mul_sub]  -- Applies the distributive property: (a - 10)(a + 11) = a*(a + 11) - 10*(a + 11)
2025-04-13 11:19:06 - INFO - Testing fix: Original errors: 1, Fixed errors: 1
2025-04-13 11:19:06 - INFO - Result: False (introduced 1 new errors)
2025-04-13 11:19:06 - DEBUG - === New errors detail ===
2025-04-13 11:19:06 - DEBUG - New Error 1: line 9, type: simp_failed, message: simp made no progress
2025-04-13 11:19:06 - INFO - Testing fragment: norm_num
2025-04-13 11:19:06 - INFO - Original error line:   rw [mul_sub]  -- Applies the distributive property: (a - 10)(a + 11) = a*(a + 11) - 10*(a + 11)
2025-04-13 11:19:08 - INFO - Testing fix: Original errors: 1, Fixed errors: 1
2025-04-13 11:19:08 - INFO - Result: False (introduced 1 new errors)
2025-04-13 11:19:08 - DEBUG - === New errors detail ===
2025-04-13 11:19:08 - DEBUG - New Error 1: line 10, type: rewrite_failed, message: tactic 'rewrite' failed, did not find instance of the pattern in the target expression
  (?a + ?b) * ?c
a : ℂ
⊢ (a - 10) * (a + 11) = a ^ 2 + a - 110
2025-04-13 11:19:08 - INFO - Testing fragment: ring
2025-04-13 11:19:08 - INFO - Original error line:   rw [mul_sub]  -- Applies the distributive property: (a - 10)(a + 11) = a*(a + 11) - 10*(a + 11)
2025-04-13 11:19:10 - INFO - Testing fix: Original errors: 1, Fixed errors: 1
2025-04-13 11:19:10 - INFO - Result: False (introduced 1 new errors)
2025-04-13 11:19:10 - DEBUG - === New errors detail ===
2025-04-13 11:19:10 - DEBUG - New Error 1: line 10, type: no_goals_to_solve, message: no goals to be solved
2025-04-13 11:19:10 - INFO - Testing fragment: ring_nf
2025-04-13 11:19:10 - INFO - Original error line:   rw [mul_sub]  -- Applies the distributive property: (a - 10)(a + 11) = a*(a + 11) - 10*(a + 11)
2025-04-13 11:19:12 - INFO - Testing fix: Original errors: 1, Fixed errors: 1
2025-04-13 11:19:12 - INFO - Result: False (introduced 1 new errors)
2025-04-13 11:19:12 - DEBUG - === New errors detail ===
2025-04-13 11:19:12 - DEBUG - New Error 1: line 10, type: no_goals_to_solve, message: no goals to be solved
2025-04-13 11:19:12 - INFO - Testing fragment: omega
2025-04-13 11:19:12 - INFO - Original error line:   rw [mul_sub]  -- Applies the distributive property: (a - 10)(a + 11) = a*(a + 11) - 10*(a + 11)
2025-04-13 11:19:14 - INFO - Testing fix: Original errors: 1, Fixed errors: 1
2025-04-13 11:19:14 - INFO - Result: False (introduced 1 new errors)
2025-04-13 11:19:14 - DEBUG - === New errors detail ===
2025-04-13 11:19:14 - DEBUG - New Error 1: line 9, type: other_error, message: omega could not prove the goal:
No usable constraints found. You may need to unfold definitions so `omega` can see linear arithmetic facts about `Nat` and `Int`, which may also involve multiplication, division, and modular remainder by constants.
2025-04-13 11:19:14 - INFO - Testing fragment: linarith
2025-04-13 11:19:14 - INFO - Original error line:   rw [mul_sub]  -- Applies the distributive property: (a - 10)(a + 11) = a*(a + 11) - 10*(a + 11)
2025-04-13 11:19:16 - INFO - Testing fix: Original errors: 1, Fixed errors: 1
2025-04-13 11:19:16 - INFO - Result: False (introduced 1 new errors)
2025-04-13 11:19:16 - DEBUG - === New errors detail ===
2025-04-13 11:19:16 - DEBUG - New Error 1: line 9, type: failed_to_synthesize, message: failed to synthesize
  LinearOrder ℂ
use `set_option diagnostics true` to get diagnostic information
2025-04-13 11:19:16 - INFO - Testing fragment: nlinarith
2025-04-13 11:19:16 - INFO - Original error line:   rw [mul_sub]  -- Applies the distributive property: (a - 10)(a + 11) = a*(a + 11) - 10*(a + 11)
2025-04-13 11:19:18 - INFO - Testing fix: Original errors: 1, Fixed errors: 1
2025-04-13 11:19:18 - INFO - Result: False (introduced 1 new errors)
2025-04-13 11:19:18 - DEBUG - === New errors detail ===
2025-04-13 11:19:18 - DEBUG - New Error 1: line 9, type: failed_to_synthesize, message: failed to synthesize
  LinearOrder ℂ
use `set_option diagnostics true` to get diagnostic information
2025-04-13 11:19:18 - INFO - Failed attempt time: 22.04 seconds
2025-04-13 11:19:18 - INFO - ❌ Could not generate fix for error at line 9
2025-04-13 11:19:19 - INFO - 
===== Fix attempt completed =====
2025-04-13 11:19:19 - INFO - Original errors: 1
2025-04-13 11:19:19 - INFO - Fixed errors: 0
2025-04-13 11:19:19 - INFO - Failed errors: 1
2025-04-13 11:19:19 - INFO - Remaining errors: 1
2025-04-13 11:19:19 - INFO - Total time: 24.04 seconds
2025-04-13 11:19:19 - INFO - 
Final fixed code:
2025-04-13 11:19:19 - INFO - ----------------------------------------
2025-04-13 11:19:19 - INFO - /-- 
Show that for any complex number a, (a-10)(a+11) = a² + a - 110.
This theorem demonstrates polynomial expansion in the complex numbers.
-/
theorem algebra_2rootsintpoly_am10tap11eqasqpam110 (a : ℂ) :
    (a - 10) * (a + 11) = a ^ 2 + a - 110 := by
  -- We'll prove this equality by expanding the left side and simplifying
  -- Start by expanding (a - 10)(a + 11) using the distributive property (FOIL method)
  rw [mul_sub]  -- Applies the distributive property: (a - 10)(a + 11) = a*(a + 11) - 10*(a + 11)
  rw [add_mul]  -- Distributes multiplication over addition for both terms: a*a + a*11 - (10*a + 10*11)
  rw [mul_add]  -- Alternative distribution for the second term (equivalent result)
  -- Now simplify all the multiplications:
  rw [mul_one]  -- Simplifies coefficients (though not strictly needed here, it's good practice)
  -- Simplify all the products of constants:
  rw [← sub_add]  -- Rearranges terms to group like terms together
  -- Now we'll simplify the numerical operations:
  rw [pow_two]  -- Rewrites a^2 as a*a (though they're definitionally equal in Lean)
  -- Combine constant terms:
  norm_num  -- Normalizes numerical expressions, computing 10*11 = 110
  -- The proof is now complete as both sides match definitionally
  -- No more goals left to prove
  done  -- Explicitly marks the end of the proof (optional in Lean 4)
2025-04-13 11:19:19 - INFO - ----------------------------------------
2025-04-13 11:19:19 - INFO - 
Detailed error repair report:
2025-04-13 11:19:19 - INFO - Original code error count: 1
❌ Fixed error 1/1: Could not generate fix for error at line 9 «rewrite_failed» (after 22.04s)

=== Fix statistics ===
Original error count: 1
Fixed errors: 0 (Fix rate: 0.0000)
Failed errors: 1
Remaining errors: 1
Total time: 24.04 seconds

=== Failed fix details ===

Failed fix 1:
   Line: 9
   Error type: rewrite_failed
   Original error message: tactic 'rewrite' failed, did not find instance of the pattern in the target expression
  ?a * (?b - ...
   Failure reason: Could not generate fix
   Time: 22.04 seconds
2025-04-13 11:19:19 - INFO - 
Fixed code saved to: ./minif2f/lean_fixed/99_fixed.lean
2025-04-13 11:19:19 - INFO - JSON log saved to: ./minif2f/lean_fixed/99_fix_log.json
2025-04-13 11:19:19 - INFO - 
===== LOG FILE LOCATION =====
2025-04-13 11:19:19 - INFO - Detailed log file is available at: ./minif2f/lean_fixed/99.log
2025-04-13 11:19:19 - INFO - ===============================
