2025-04-13 11:59:28 - INFO - Log file initialized at 2025-04-13T11:59:28.866421
2025-04-13 11:59:28 - INFO - ===== LOG FILE LOCATION =====
2025-04-13 11:59:28 - INFO - Detailed log file created at: ./minif2f/lean_fixed/101.log
2025-04-13 11:59:28 - INFO - ===============================
2025-04-13 11:59:28 - INFO - Original code:
2025-04-13 11:59:28 - INFO - ----------------------------------------
2025-04-13 11:59:28 - INFO - import Mathlib
import Aesop

set_option maxHeartbeats 0

open BigOperators Real Nat Topology Rat

/-- What is the $x$-coordinate for the $x$-intercept of the line containing the points $(7,4)$ and $(6,3)$? Show that it is 3.-/
theorem mathd_algebra_43 (a b : ℝ) (f : ℝ → ℝ) (h₀ : ∀ x, f x = a * x + b) (h₁ : f 7 = 4)
  (h₂ : f 6 = 3) : f 3 = 0 := by
  -- First, we'll find the slope (a) of the line using the two given points
  -- From h₀, we know f is a linear function of form f(x) = a*x + b
  -- We have two equations from the given points:
  -- 1) f(7) = a*7 + b = 4 (from h₁)
  -- 2) f(6) = a*6 + b = 3 (from h₂)
  
  -- Subtract equation 2 from equation 1 to eliminate b and find a:
  -- (a*7 + b) - (a*6 + b) = 4 - 3 → a = 1
  have h₃ : a = 1 := by
    -- Apply the function definition to both points
    rw [h₀] at h₁ h₂
    -- Now h₁: a*7 + b = 4, h₂: a*6 + b = 3
    -- Subtract h₂ from h₁ to eliminate b
    linear_combination h₁ - h₂
  
  -- Now that we know a = 1, we can find b using one of the equations
  -- Using h₂: 1*6 + b = 3 → b = -3
  have h₄ : b = -3 := by
    -- Substitute a = 1 into h₂
    rw [h₃, h₀] at h₂
    -- Now h₂: 1*6 + b = 3 → 6 + b = 3
    linarith
  
  -- Now we have the complete function: f(x) = 1*x - 3
  -- To find the x-intercept, we solve f(x) = 0
  -- 1*x - 3 = 0 → x = 3
  -- Therefore, f(3) should be 0
  -- Let's verify this:
  rw [h₀, h₃, h₄]  -- Substitute a = 1 and b = -3 into the function definition
  -- Now the goal is 1*3 - 3 = 0
  norm_num  -- Simplifies the arithmetic to 0 = 0
2025-04-13 11:59:28 - INFO - ----------------------------------------
2025-04-13 11:59:28 - INFO - 
Checking original code for all errors...
2025-04-13 11:59:36 - INFO - Original code contains 1 errors:
2025-04-13 11:59:36 - INFO - Error 1: line 23, type: rewrite_failed, message: tactic 'rewrite' failed, did not find instance of the pattern in the target expression
  a
a b : ℝ
f...
2025-04-13 11:59:36 - INFO - 
Starting multi-error continuous repair process...
2025-04-13 11:59:36 - INFO - 
===== Starting to fix all errors =====
2025-04-13 11:59:37 - INFO - 
Found 1 original errors:
2025-04-13 11:59:37 - INFO - Error 1: line 23, type: rewrite_failed, message: tactic 'rewrite' failed, did not find instance of the pattern in the target expression
  a
a b : ℝ
f...
2025-04-13 11:59:37 - INFO - 
Trying to fix error 1/1: line 23, type: rewrite_failed
2025-04-13 11:59:37 - INFO - Error message: tactic 'rewrite' failed, did not find instance of the pattern in the target expression
  a
a b : ℝ
f...
2025-04-13 11:59:37 - INFO - Removed header content, remaining 34 lines of code
2025-04-13 11:59:37 - INFO - Using specified target error line: 23
2025-04-13 11:59:38 - INFO - Found error at specified line: tactic 'rewrite' failed, did not find instance of the pattern in the target expression
  a
a b : ℝ
f : ℝ → ℝ
h₀ : ∀ (x : ℝ), f x = a * x + b
h₁ : f 7 = 4
h₂ : f 6 = 3
h₃ : a = 1
⊢ b = -3
2025-04-13 11:59:38 - INFO - Error at line 23: tactic 'rewrite' failed, did not find instance of the pattern in the target expression
  a
a b : ℝ
f : ℝ → ℝ
h₀ : ∀ (x : ℝ), f x = a * x + b
h₁ : f 7 = 4
h₂ : f 6 = 3
h₃ : a = 1
⊢ b = -3
2025-04-13 11:59:38 - INFO - 
==================================================
2025-04-13 11:59:38 - INFO - Code prepared, starting synthesis
2025-04-13 11:59:38 - INFO - Before part: /-- What is the $x$-coordinate for the $x$-intercept of the line containing the points $(7,4)$ and $(6,3)$? Show that it is 3.-/
theorem mathd_algebra_43 (a b : ℝ) (f : ℝ → ℝ) (h₀ : ∀ x, f x = a * x + b) (h₁ : f 7 = 4)
  (h₂ : f 6 = 3) : f 3 = 0 := by
  -- First, we'll find the slope (a) of the line using the two given points
  -- From h₀, we know f is a linear function of form f(x) = a*x + b
  -- We have two equations from the given points:
  -- 1) f(7) = a*7 + b = 4 (from h₁)
  -- 2) f(6) = a*6 + b = 3 (from h₂)
  
  -- Subtract equation 2 from equation 1 to eliminate b and find a:
  -- (a*7 + b) - (a*6 + b) = 4 - 3 → a = 1
  have h₃ : a = 1 := by
    -- Apply the function definition to both points
    rw [h₀] at h₁ h₂
    -- Now h₁: a*7 + b = 4, h₂: a*6 + b = 3
    -- Subtract h₂ from h₁ to eliminate b
    linear_combination h₁ - h₂
  
  -- Now that we know a = 1, we can find b using one of the equations
  -- Using h₂: 1*6 + b = 3 → b = -3
  have h₄ : b = -3 := by
    -- Substitute a = 1 into h₂
2025-04-13 11:59:38 - INFO - Error line:     rw [h₃, h₀] at h₂
2025-04-13 11:59:38 - INFO - After part: -- Now h₂: 1*6 + b = 3 → 6 + b = 3
    linarith
  
  -- Now we have the complete function: f(x) = 1*x - 3
  -- To find the x-intercept, we solve f(x) = 0
  -- 1*x - 3 = 0 → x = 3
  -- Therefore, f(3) should be 0
  -- Let's verify this:
  rw [h₀, h₃, h₄]  -- Substitute a = 1 and b = -3 into the function definition
  -- Now the goal is 1*3 - 3 = 0
  norm_num  -- Simplifies the arithmetic to 0 = 0
2025-04-13 11:59:38 - INFO - ==================================================

2025-04-13 11:59:39 - INFO - Testing fragment: rw [left_distrib]
2025-04-13 11:59:39 - INFO - Original error line:     rw [h₃, h₀] at h₂
2025-04-13 11:59:41 - INFO - Testing fix: Original errors: 1, Fixed errors: 1
2025-04-13 11:59:41 - INFO - Result: False (introduced 1 new errors)
2025-04-13 11:59:41 - DEBUG - === New errors detail ===
2025-04-13 11:59:41 - DEBUG - New Error 1: line 23, type: rewrite_failed, message: tactic 'rewrite' failed, did not find instance of the pattern in the target expression
  ?a * (?b + ?c)
a b : ℝ
f : ℝ → ℝ
h₀ : ∀ (x : ℝ), f x = a * x + b
h₁ : f 7 = 4
h₂ : f 6 = 3
h₃ : a = 1
⊢ b = -3
2025-04-13 11:59:41 - INFO - Testing fragment: rw [right_distrib]
2025-04-13 11:59:41 - INFO - Original error line:     rw [h₃, h₀] at h₂
2025-04-13 11:59:43 - INFO - Testing fix: Original errors: 1, Fixed errors: 1
2025-04-13 11:59:43 - INFO - Result: False (introduced 1 new errors)
2025-04-13 11:59:43 - DEBUG - === New errors detail ===
2025-04-13 11:59:43 - DEBUG - New Error 1: line 23, type: rewrite_failed, message: tactic 'rewrite' failed, did not find instance of the pattern in the target expression
  (?a + ?b) * ?c
a b : ℝ
f : ℝ → ℝ
h₀ : ∀ (x : ℝ), f x = a * x + b
h₁ : f 7 = 4
h₂ : f 6 = 3
h₃ : a = 1
⊢ b = -3
2025-04-13 11:59:43 - INFO - Testing fragment: rw [distrib_three_right]
2025-04-13 11:59:43 - INFO - Original error line:     rw [h₃, h₀] at h₂
2025-04-13 11:59:45 - INFO - Testing fix: Original errors: 1, Fixed errors: 1
2025-04-13 11:59:45 - INFO - Result: False (introduced 1 new errors)
2025-04-13 11:59:45 - DEBUG - === New errors detail ===
2025-04-13 11:59:45 - DEBUG - New Error 1: line 23, type: rewrite_failed, message: tactic 'rewrite' failed, did not find instance of the pattern in the target expression
  (?a + ?b + ?c) * ?d
a b : ℝ
f : ℝ → ℝ
h₀ : ∀ (x : ℝ), f x = a * x + b
h₁ : f 7 = 4
h₂ : f 6 = 3
h₃ : a = 1
⊢ b = -3
2025-04-13 11:59:45 - INFO - Testing fragment: rw [add_one_mul]
2025-04-13 11:59:45 - INFO - Original error line:     rw [h₃, h₀] at h₂
2025-04-13 11:59:47 - INFO - Testing fix: Original errors: 1, Fixed errors: 1
2025-04-13 11:59:47 - INFO - Result: False (introduced 1 new errors)
2025-04-13 11:59:47 - DEBUG - === New errors detail ===
2025-04-13 11:59:47 - DEBUG - New Error 1: line 23, type: rewrite_failed, message: tactic 'rewrite' failed, did not find instance of the pattern in the target expression
  (?a + 1) * ?b
a b : ℝ
f : ℝ → ℝ
h₀ : ∀ (x : ℝ), f x = a * x + b
h₁ : f 7 = 4
h₂ : f 6 = 3
h₃ : a = 1
⊢ b = -3
2025-04-13 11:59:47 - INFO - Testing fragment: rw [mul_add_one]
2025-04-13 11:59:47 - INFO - Original error line:     rw [h₃, h₀] at h₂
2025-04-13 11:59:49 - INFO - Testing fix: Original errors: 1, Fixed errors: 1
2025-04-13 11:59:49 - INFO - Result: False (introduced 1 new errors)
2025-04-13 11:59:49 - DEBUG - === New errors detail ===
2025-04-13 11:59:49 - DEBUG - New Error 1: line 23, type: rewrite_failed, message: tactic 'rewrite' failed, did not find instance of the pattern in the target expression
  ?a * (?b + 1)
a b : ℝ
f : ℝ → ℝ
h₀ : ∀ (x : ℝ), f x = a * x + b
h₁ : f 7 = 4
h₂ : f 6 = 3
h₃ : a = 1
⊢ b = -3
2025-04-13 11:59:49 - INFO - Testing fragment: rw [one_add_mul]
2025-04-13 11:59:49 - INFO - Original error line:     rw [h₃, h₀] at h₂
2025-04-13 11:59:51 - INFO - Testing fix: Original errors: 1, Fixed errors: 1
2025-04-13 11:59:51 - INFO - Result: False (introduced 1 new errors)
2025-04-13 11:59:51 - DEBUG - === New errors detail ===
2025-04-13 11:59:51 - DEBUG - New Error 1: line 23, type: rewrite_failed, message: tactic 'rewrite' failed, did not find instance of the pattern in the target expression
  (1 + ?a) * ?b
a b : ℝ
f : ℝ → ℝ
h₀ : ∀ (x : ℝ), f x = a * x + b
h₁ : f 7 = 4
h₂ : f 6 = 3
h₃ : a = 1
⊢ b = -3
2025-04-13 11:59:51 - INFO - Testing fragment: rw [mul_one_add]
2025-04-13 11:59:51 - INFO - Original error line:     rw [h₃, h₀] at h₂
2025-04-13 11:59:53 - INFO - Testing fix: Original errors: 1, Fixed errors: 1
2025-04-13 11:59:53 - INFO - Result: False (introduced 1 new errors)
2025-04-13 11:59:53 - DEBUG - === New errors detail ===
2025-04-13 11:59:53 - DEBUG - New Error 1: line 23, type: rewrite_failed, message: tactic 'rewrite' failed, did not find instance of the pattern in the target expression
  ?a * (1 + ?b)
a b : ℝ
f : ℝ → ℝ
h₀ : ∀ (x : ℝ), f x = a * x + b
h₁ : f 7 = 4
h₂ : f 6 = 3
h₃ : a = 1
⊢ b = -3
2025-04-13 11:59:53 - INFO - Testing fragment: rw [two_mul]
2025-04-13 11:59:53 - INFO - Original error line:     rw [h₃, h₀] at h₂
2025-04-13 11:59:55 - INFO - Testing fix: Original errors: 1, Fixed errors: 1
2025-04-13 11:59:55 - INFO - Result: False (introduced 1 new errors)
2025-04-13 11:59:55 - DEBUG - === New errors detail ===
2025-04-13 11:59:55 - DEBUG - New Error 1: line 23, type: rewrite_failed, message: tactic 'rewrite' failed, did not find instance of the pattern in the target expression
  2 * ?n
a b : ℝ
f : ℝ → ℝ
h₀ : ∀ (x : ℝ), f x = a * x + b
h₁ : f 7 = 4
h₂ : f 6 = 3
h₃ : a = 1
⊢ b = -3
2025-04-13 11:59:55 - INFO - Testing fragment: rw [mul_two]
2025-04-13 11:59:55 - INFO - Original error line:     rw [h₃, h₀] at h₂
2025-04-13 11:59:57 - INFO - Testing fix: Original errors: 1, Fixed errors: 1
2025-04-13 11:59:57 - INFO - Result: False (introduced 1 new errors)
2025-04-13 11:59:57 - DEBUG - === New errors detail ===
2025-04-13 11:59:57 - DEBUG - New Error 1: line 23, type: rewrite_failed, message: tactic 'rewrite' failed, did not find instance of the pattern in the target expression
  ?n * 2
a b : ℝ
f : ℝ → ℝ
h₀ : ∀ (x : ℝ), f x = a * x + b
h₁ : f 7 = 4
h₂ : f 6 = 3
h₃ : a = 1
⊢ b = -3
2025-04-13 11:59:57 - INFO - Testing fragment: rw [mul_boole]
2025-04-13 11:59:57 - INFO - Original error line:     rw [h₃, h₀] at h₂
2025-04-13 11:59:59 - INFO - Testing fix: Original errors: 1, Fixed errors: 1
2025-04-13 11:59:59 - INFO - Result: False (introduced 1 new errors)
2025-04-13 11:59:59 - DEBUG - === New errors detail ===
2025-04-13 11:59:59 - DEBUG - New Error 1: line 23, type: rewrite_failed, message: tactic 'rewrite' failed, did not find instance of the pattern in the target expression
  ?a * if ?P then 1 else 0
a b : ℝ
f : ℝ → ℝ
h₀ : ∀ (x : ℝ), f x = a * x + b
h₁ : f 7 = 4
h₂ : f 6 = 3
h₃ : a = 1
⊢ b = -3
2025-04-13 11:59:59 - INFO - Testing fragment: rw [boole_mul]
2025-04-13 11:59:59 - INFO - Original error line:     rw [h₃, h₀] at h₂
2025-04-13 12:00:01 - INFO - Testing fix: Original errors: 1, Fixed errors: 1
2025-04-13 12:00:01 - INFO - Result: False (introduced 1 new errors)
2025-04-13 12:00:01 - DEBUG - === New errors detail ===
2025-04-13 12:00:01 - DEBUG - New Error 1: line 23, type: rewrite_failed, message: tactic 'rewrite' failed, did not find instance of the pattern in the target expression
  (if ?P then 1 else 0) * ?a
a b : ℝ
f : ℝ → ℝ
h₀ : ∀ (x : ℝ), f x = a * x + b
h₁ : f 7 = 4
h₂ : f 6 = 3
h₃ : a = 1
⊢ b = -3
2025-04-13 12:00:01 - INFO - Testing fragment: rw [add_mul_self_eq]
2025-04-13 12:00:01 - INFO - Original error line:     rw [h₃, h₀] at h₂
2025-04-13 12:00:03 - INFO - Testing fix: Original errors: 1, Fixed errors: 1
2025-04-13 12:00:03 - INFO - Result: False (introduced 1 new errors)
2025-04-13 12:00:03 - DEBUG - === New errors detail ===
2025-04-13 12:00:03 - DEBUG - New Error 1: line 23, type: rewrite_failed, message: tactic 'rewrite' failed, did not find instance of the pattern in the target expression
  (?a + ?b) * (?a + ?b)
a b : ℝ
f : ℝ → ℝ
h₀ : ∀ (x : ℝ), f x = a * x + b
h₁ : f 7 = 4
h₂ : f 6 = 3
h₃ : a = 1
⊢ b = -3
2025-04-13 12:00:03 - INFO - Testing fragment: rw [neg_mul]
2025-04-13 12:00:03 - INFO - Original error line:     rw [h₃, h₀] at h₂
2025-04-13 12:00:05 - INFO - Testing fix: Original errors: 1, Fixed errors: 1
2025-04-13 12:00:05 - INFO - Result: False (introduced 1 new errors)
2025-04-13 12:00:05 - DEBUG - === New errors detail ===
2025-04-13 12:00:05 - DEBUG - New Error 1: line 23, type: rewrite_failed, message: tactic 'rewrite' failed, did not find instance of the pattern in the target expression
  -?a * ?b
a b : ℝ
f : ℝ → ℝ
h₀ : ∀ (x : ℝ), f x = a * x + b
h₁ : f 7 = 4
h₂ : f 6 = 3
h₃ : a = 1
⊢ b = -3
2025-04-13 12:00:05 - INFO - Testing fragment: rw [mul_neg]
2025-04-13 12:00:05 - INFO - Original error line:     rw [h₃, h₀] at h₂
2025-04-13 12:00:07 - INFO - Testing fix: Original errors: 1, Fixed errors: 1
2025-04-13 12:00:07 - INFO - Result: False (introduced 1 new errors)
2025-04-13 12:00:07 - DEBUG - === New errors detail ===
2025-04-13 12:00:07 - DEBUG - New Error 1: line 23, type: rewrite_failed, message: tactic 'rewrite' failed, did not find instance of the pattern in the target expression
  ?a * -?b
a b : ℝ
f : ℝ → ℝ
h₀ : ∀ (x : ℝ), f x = a * x + b
h₁ : f 7 = 4
h₂ : f 6 = 3
h₃ : a = 1
⊢ b = -3
2025-04-13 12:00:07 - INFO - Testing fragment: rw [neg_mul_neg]
2025-04-13 12:00:07 - INFO - Original error line:     rw [h₃, h₀] at h₂
2025-04-13 12:00:09 - INFO - Testing fix: Original errors: 1, Fixed errors: 1
2025-04-13 12:00:09 - INFO - Result: False (introduced 1 new errors)
2025-04-13 12:00:09 - DEBUG - === New errors detail ===
2025-04-13 12:00:09 - DEBUG - New Error 1: line 23, type: rewrite_failed, message: tactic 'rewrite' failed, did not find instance of the pattern in the target expression
  -?a * -?b
a b : ℝ
f : ℝ → ℝ
h₀ : ∀ (x : ℝ), f x = a * x + b
h₁ : f 7 = 4
h₂ : f 6 = 3
h₃ : a = 1
⊢ b = -3
2025-04-13 12:00:09 - INFO - Testing fragment: rw [neg_mul_eq_neg_mul]
2025-04-13 12:00:09 - INFO - Original error line:     rw [h₃, h₀] at h₂
2025-04-13 12:00:11 - INFO - Testing fix: Original errors: 1, Fixed errors: 1
2025-04-13 12:00:11 - INFO - Result: False (introduced 1 new errors)
2025-04-13 12:00:11 - DEBUG - === New errors detail ===
2025-04-13 12:00:11 - DEBUG - New Error 1: line 23, type: rewrite_failed, message: tactic 'rewrite' failed, did not find instance of the pattern in the target expression
  -(?a * ?b)
a b : ℝ
f : ℝ → ℝ
h₀ : ∀ (x : ℝ), f x = a * x + b
h₁ : f 7 = 4
h₂ : f 6 = 3
h₃ : a = 1
⊢ b = -3
2025-04-13 12:00:11 - INFO - Testing fragment: rw [neg_mul_eq_mul_neg]
2025-04-13 12:00:11 - INFO - Original error line:     rw [h₃, h₀] at h₂
2025-04-13 12:00:13 - INFO - Testing fix: Original errors: 1, Fixed errors: 1
2025-04-13 12:00:13 - INFO - Result: False (introduced 1 new errors)
2025-04-13 12:00:13 - DEBUG - === New errors detail ===
2025-04-13 12:00:13 - DEBUG - New Error 1: line 23, type: rewrite_failed, message: tactic 'rewrite' failed, did not find instance of the pattern in the target expression
  -(?a * ?b)
a b : ℝ
f : ℝ → ℝ
h₀ : ∀ (x : ℝ), f x = a * x + b
h₁ : f 7 = 4
h₂ : f 6 = 3
h₃ : a = 1
⊢ b = -3
2025-04-13 12:00:13 - INFO - Testing fragment: rw [neg_mul_comm]
2025-04-13 12:00:13 - INFO - Original error line:     rw [h₃, h₀] at h₂
2025-04-13 12:00:15 - INFO - Testing fix: Original errors: 1, Fixed errors: 1
2025-04-13 12:00:15 - INFO - Result: False (introduced 1 new errors)
2025-04-13 12:00:15 - DEBUG - === New errors detail ===
2025-04-13 12:00:15 - DEBUG - New Error 1: line 23, type: rewrite_failed, message: tactic 'rewrite' failed, did not find instance of the pattern in the target expression
  -?a * ?b
a b : ℝ
f : ℝ → ℝ
h₀ : ∀ (x : ℝ), f x = a * x + b
h₁ : f 7 = 4
h₂ : f 6 = 3
h₃ : a = 1
⊢ b = -3
2025-04-13 12:00:15 - INFO - Testing fragment: rw [neg_eq_neg_one_mul]
2025-04-13 12:00:15 - INFO - Original error line:     rw [h₃, h₀] at h₂
2025-04-13 12:00:17 - INFO - Testing fix: Original errors: 1, Fixed errors: 1
2025-04-13 12:00:17 - INFO - Result: False (introduced 1 new errors)
2025-04-13 12:00:17 - DEBUG - === New errors detail ===
2025-04-13 12:00:17 - DEBUG - New Error 1: line 25, type: linarith_failed, message: linarith failed to find a contradiction
case h1.h
a b : ℝ
f : ℝ → ℝ
h₀ : ∀ (x : ℝ), f x = a * x + b
h₁ : f 7 = 4
h₂ : f 6 = 3
h₃ : a = 1
a✝ : b < -1 * 3
⊢ False
failed
2025-04-13 12:00:17 - INFO - Testing fragment: rw [mul_neg_one]
2025-04-13 12:00:17 - INFO - Original error line:     rw [h₃, h₀] at h₂
2025-04-13 12:00:19 - INFO - Testing fix: Original errors: 1, Fixed errors: 1
2025-04-13 12:00:19 - INFO - Result: False (introduced 1 new errors)
2025-04-13 12:00:19 - DEBUG - === New errors detail ===
2025-04-13 12:00:19 - DEBUG - New Error 1: line 23, type: rewrite_failed, message: tactic 'rewrite' failed, did not find instance of the pattern in the target expression
  ?a * -1
a b : ℝ
f : ℝ → ℝ
h₀ : ∀ (x : ℝ), f x = a * x + b
h₁ : f 7 = 4
h₂ : f 6 = 3
h₃ : a = 1
⊢ b = -3
2025-04-13 12:00:19 - INFO - Testing fragment: rw [neg_one_mul]
2025-04-13 12:00:19 - INFO - Original error line:     rw [h₃, h₀] at h₂
2025-04-13 12:00:21 - INFO - Testing fix: Original errors: 1, Fixed errors: 1
2025-04-13 12:00:21 - INFO - Result: False (introduced 1 new errors)
2025-04-13 12:00:21 - DEBUG - === New errors detail ===
2025-04-13 12:00:21 - DEBUG - New Error 1: line 23, type: rewrite_failed, message: tactic 'rewrite' failed, did not find instance of the pattern in the target expression
  -1 * ?a
a b : ℝ
f : ℝ → ℝ
h₀ : ∀ (x : ℝ), f x = a * x + b
h₁ : f 7 = 4
h₂ : f 6 = 3
h₃ : a = 1
⊢ b = -3
2025-04-13 12:00:21 - INFO - Testing fragment: rw [mul_sub_left_distrib]
2025-04-13 12:00:21 - INFO - Original error line:     rw [h₃, h₀] at h₂
2025-04-13 12:00:23 - INFO - Testing fix: Original errors: 1, Fixed errors: 1
2025-04-13 12:00:23 - INFO - Result: False (introduced 1 new errors)
2025-04-13 12:00:23 - DEBUG - === New errors detail ===
2025-04-13 12:00:23 - DEBUG - New Error 1: line 23, type: rewrite_failed, message: tactic 'rewrite' failed, did not find instance of the pattern in the target expression
  ?a * (?b - ?c)
a b : ℝ
f : ℝ → ℝ
h₀ : ∀ (x : ℝ), f x = a * x + b
h₁ : f 7 = 4
h₂ : f 6 = 3
h₃ : a = 1
⊢ b = -3
2025-04-13 12:00:23 - INFO - Testing fragment: rw [mul_sub_right_distrib]
2025-04-13 12:00:23 - INFO - Original error line:     rw [h₃, h₀] at h₂
2025-04-13 12:00:25 - INFO - Testing fix: Original errors: 1, Fixed errors: 1
2025-04-13 12:00:25 - INFO - Result: False (introduced 1 new errors)
2025-04-13 12:00:25 - DEBUG - === New errors detail ===
2025-04-13 12:00:25 - DEBUG - New Error 1: line 23, type: rewrite_failed, message: tactic 'rewrite' failed, did not find instance of the pattern in the target expression
  (?a - ?b) * ?c
a b : ℝ
f : ℝ → ℝ
h₀ : ∀ (x : ℝ), f x = a * x + b
h₁ : f 7 = 4
h₂ : f 6 = 3
h₃ : a = 1
⊢ b = -3
2025-04-13 12:00:25 - INFO - Testing fragment: rw [sub_one_mul]
2025-04-13 12:00:25 - INFO - Original error line:     rw [h₃, h₀] at h₂
2025-04-13 12:00:27 - INFO - Testing fix: Original errors: 1, Fixed errors: 1
2025-04-13 12:00:27 - INFO - Result: False (introduced 1 new errors)
2025-04-13 12:00:27 - DEBUG - === New errors detail ===
2025-04-13 12:00:27 - DEBUG - New Error 1: line 23, type: rewrite_failed, message: tactic 'rewrite' failed, did not find instance of the pattern in the target expression
  (?a - 1) * ?b
a b : ℝ
f : ℝ → ℝ
h₀ : ∀ (x : ℝ), f x = a * x + b
h₁ : f 7 = 4
h₂ : f 6 = 3
h₃ : a = 1
⊢ b = -3
2025-04-13 12:00:27 - INFO - Testing fragment: rw [mul_sub_one]
2025-04-13 12:00:27 - INFO - Original error line:     rw [h₃, h₀] at h₂
2025-04-13 12:00:29 - INFO - Testing fix: Original errors: 1, Fixed errors: 1
2025-04-13 12:00:29 - INFO - Result: False (introduced 1 new errors)
2025-04-13 12:00:29 - DEBUG - === New errors detail ===
2025-04-13 12:00:29 - DEBUG - New Error 1: line 23, type: rewrite_failed, message: tactic 'rewrite' failed, did not find instance of the pattern in the target expression
  ?a * (?b - 1)
a b : ℝ
f : ℝ → ℝ
h₀ : ∀ (x : ℝ), f x = a * x + b
h₁ : f 7 = 4
h₂ : f 6 = 3
h₃ : a = 1
⊢ b = -3
2025-04-13 12:00:29 - INFO - Testing fragment: rw [one_sub_mul]
2025-04-13 12:00:29 - INFO - Original error line:     rw [h₃, h₀] at h₂
2025-04-13 12:00:31 - INFO - Testing fix: Original errors: 1, Fixed errors: 1
2025-04-13 12:00:31 - INFO - Result: False (introduced 1 new errors)
2025-04-13 12:00:31 - DEBUG - === New errors detail ===
2025-04-13 12:00:31 - DEBUG - New Error 1: line 23, type: rewrite_failed, message: tactic 'rewrite' failed, did not find instance of the pattern in the target expression
  (1 - ?a) * ?b
a b : ℝ
f : ℝ → ℝ
h₀ : ∀ (x : ℝ), f x = a * x + b
h₁ : f 7 = 4
h₂ : f 6 = 3
h₃ : a = 1
⊢ b = -3
2025-04-13 12:00:31 - INFO - Testing fragment: rw [mul_one_sub]
2025-04-13 12:00:31 - INFO - Original error line:     rw [h₃, h₀] at h₂
2025-04-13 12:00:33 - INFO - Testing fix: Original errors: 1, Fixed errors: 1
2025-04-13 12:00:33 - INFO - Result: False (introduced 1 new errors)
2025-04-13 12:00:33 - DEBUG - === New errors detail ===
2025-04-13 12:00:33 - DEBUG - New Error 1: line 23, type: rewrite_failed, message: tactic 'rewrite' failed, did not find instance of the pattern in the target expression
  ?a * (1 - ?b)
a b : ℝ
f : ℝ → ℝ
h₀ : ∀ (x : ℝ), f x = a * x + b
h₁ : f 7 = 4
h₂ : f 6 = 3
h₃ : a = 1
⊢ b = -3
2025-04-13 12:00:33 - INFO - Testing fragment: rw [mul_left_cancel]
2025-04-13 12:00:33 - INFO - Original error line:     rw [h₃, h₀] at h₂
2025-04-13 12:00:35 - INFO - Testing fix: Original errors: 1, Fixed errors: 1
2025-04-13 12:00:35 - INFO - Result: False (introduced 1 new errors)
2025-04-13 12:00:35 - DEBUG - === New errors detail ===
2025-04-13 12:00:35 - DEBUG - New Error 1: line 23, type: rewrite_failed, message: tactic 'rewrite' failed, pattern is a metavariable
  ?m.883
from equation
  ?m.883 = ?m.884
a b : ℝ
f : ℝ → ℝ
h₀ : ∀ (x : ℝ), f x = a * x + b
h₁ : f 7 = 4
h₂ : f 6 = 3
h₃ : a = 1
⊢ b = -3
2025-04-13 12:00:35 - INFO - Testing fragment: rw [mul_left_cancel_iff]
2025-04-13 12:00:35 - INFO - Original error line:     rw [h₃, h₀] at h₂
2025-04-13 12:00:37 - INFO - Testing fix: Original errors: 1, Fixed errors: 1
2025-04-13 12:00:37 - INFO - Result: False (introduced 1 new errors)
2025-04-13 12:00:37 - DEBUG - === New errors detail ===
2025-04-13 12:00:37 - DEBUG - New Error 1: line 23, type: rewrite_failed, message: tactic 'rewrite' failed, did not find instance of the pattern in the target expression
  ?m.882 * ?m.883 = ?m.882 * ?m.884
a b : ℝ
f : ℝ → ℝ
h₀ : ∀ (x : ℝ), f x = a * x + b
h₁ : f 7 = 4
h₂ : f 6 = 3
h₃ : a = 1
⊢ b = -3
2025-04-13 12:00:37 - INFO - Testing fragment: rw [mul_right_injective]
2025-04-13 12:00:37 - INFO - Original error line:     rw [h₃, h₀] at h₂
2025-04-13 12:00:39 - INFO - Testing fix: Original errors: 1, Fixed errors: 1
2025-04-13 12:00:39 - INFO - Result: False (introduced 1 new errors)
2025-04-13 12:00:39 - DEBUG - === New errors detail ===
2025-04-13 12:00:40 - DEBUG - New Error 1: line 23, type: rewrite_failed, message: tactic 'rewrite' failed, pattern is a metavariable
  ?a₁
from equation
  ?a₁ = ?a₂
a b : ℝ
f : ℝ → ℝ
h₀ : ∀ (x : ℝ), f x = a * x + b
h₁ : f 7 = 4
h₂ : f 6 = 3
h₃ : a = 1
⊢ b = -3
2025-04-13 12:00:40 - INFO - Testing fragment: rw [mul_right_inj]
2025-04-13 12:00:40 - INFO - Original error line:     rw [h₃, h₀] at h₂
2025-04-13 12:08:35 - INFO - Synthesis failed: ('Execution failed', 'Execution timed out after 200.0 seconds. Partial output:\n{"cmd": "/-- What is the $x$-coordinate for the $x$-intercept of the line containing the points $(7,4)$ and $(6,3)$? Show that it is 3.-/\\ntheorem mathd_algebra_43 (a b : ℝ) (f : ℝ → ℝ) (h₀ : ∀ x, f x = a * x + b) (h₁ : f 7 = 4)\\n  (h₂ : f 6 = 3) : f 3 = 0 := by\\n  -- First, we\'ll find the slope (a) of the line using the two given points\\n  -- From h₀, we know f is a linear function of form f(x) = a*x + b\\n  -- We have two equations from the given points:\\n  -- 1) f(7) = a*7 + b = 4 (from h₁)\\n  -- 2) f(6) = a*6 + b = 3 (from h₂)\\n  \\n  -- Subtract equation 2 from equation 1 to eliminate b and find a:\\n  -- (a*7 + b) - (a*6 + b) = 4 - 3 → a = 1\\n  have h₃ : a = 1 := by\\n    -- Apply the function definition to both points\\n    rw [h₀] at h₁ h₂\\n    -- Now h₁: a*7 + b = 4, h₂: a*6 + b = 3\\n    -- Subtract h₂ from h₁ to eliminate b\\n    linear_combination h₁ - h₂\\n  \\n  -- Now that we know a = 1, we can find b using one of the equations\\n  -- Using h₂: 1*6 + b = 3 → b = -3\\n  have h₄ : b = -3 := by\\n    -- Substitute a = 1 into h₂\\n    rw [mul_right_inj]\\n    -- Now h₂: 1*6 + b = 3 → 6 + b = 3\\n    linarith\\n  \\n  -- Now we have the complete function: f(x) = 1*x - 3\\n  -- To find the x-intercept, we solve f(x) = 0\\n  -- 1*x - 3 = 0 → x = 3\\n  -- Therefore, f(3) should be 0\\n  -- Let\'s verify this:\\n  rw [h₀, h₃, h₄]  -- Substitute a = 1 and b = -3 into the function definition\\n  -- Now the goal is 1*3 - 3 = 0\\n  norm_num  -- Simplifies the arithmetic to 0 = 0", "env": 0}\r\n\r\n')
2025-04-13 12:19:24 - INFO - Failed attempt time: 1186.32 seconds
2025-04-13 12:19:24 - INFO - ❌ Could not generate fix for error at line 23
2025-04-13 12:19:51 - INFO - 
===== Fix attempt completed =====
2025-04-13 12:19:51 - INFO - Original errors: 1
2025-04-13 12:19:51 - INFO - Fixed errors: 0
2025-04-13 12:19:51 - INFO - Failed errors: 1
2025-04-13 12:19:51 - INFO - Remaining errors: 1
2025-04-13 12:19:51 - INFO - Total time: 1214.36 seconds
2025-04-13 12:19:51 - INFO - 
Final fixed code:
2025-04-13 12:19:51 - INFO - ----------------------------------------
2025-04-13 12:19:51 - INFO - /-- What is the $x$-coordinate for the $x$-intercept of the line containing the points $(7,4)$ and $(6,3)$? Show that it is 3.-/
theorem mathd_algebra_43 (a b : ℝ) (f : ℝ → ℝ) (h₀ : ∀ x, f x = a * x + b) (h₁ : f 7 = 4)
  (h₂ : f 6 = 3) : f 3 = 0 := by
  -- First, we'll find the slope (a) of the line using the two given points
  -- From h₀, we know f is a linear function of form f(x) = a*x + b
  -- We have two equations from the given points:
  -- 1) f(7) = a*7 + b = 4 (from h₁)
  -- 2) f(6) = a*6 + b = 3 (from h₂)
  
  -- Subtract equation 2 from equation 1 to eliminate b and find a:
  -- (a*7 + b) - (a*6 + b) = 4 - 3 → a = 1
  have h₃ : a = 1 := by
    -- Apply the function definition to both points
    rw [h₀] at h₁ h₂
    -- Now h₁: a*7 + b = 4, h₂: a*6 + b = 3
    -- Subtract h₂ from h₁ to eliminate b
    linear_combination h₁ - h₂
  
  -- Now that we know a = 1, we can find b using one of the equations
  -- Using h₂: 1*6 + b = 3 → b = -3
  have h₄ : b = -3 := by
    -- Substitute a = 1 into h₂
    rw [h₃, h₀] at h₂
    -- Now h₂: 1*6 + b = 3 → 6 + b = 3
    linarith
  
  -- Now we have the complete function: f(x) = 1*x - 3
  -- To find the x-intercept, we solve f(x) = 0
  -- 1*x - 3 = 0 → x = 3
  -- Therefore, f(3) should be 0
  -- Let's verify this:
  rw [h₀, h₃, h₄]  -- Substitute a = 1 and b = -3 into the function definition
  -- Now the goal is 1*3 - 3 = 0
  norm_num  -- Simplifies the arithmetic to 0 = 0
2025-04-13 12:19:51 - INFO - ----------------------------------------
2025-04-13 12:19:51 - INFO - 
Detailed error repair report:
2025-04-13 12:19:51 - INFO - Original code error count: 1
❌ Fixed error 1/1: Could not generate fix for error at line 23 «rewrite_failed» (after 1186.32s)

=== Fix statistics ===
Original error count: 1
Fixed errors: 0 (Fix rate: 0.0000)
Failed errors: 1
Remaining errors: 1
Total time: 1214.36 seconds

=== Failed fix details ===

Failed fix 1:
   Line: 23
   Error type: rewrite_failed
   Original error message: tactic 'rewrite' failed, did not find instance of the pattern in the target expression
  a
a b : ℝ
f...
   Failure reason: Could not generate fix
   Time: 1186.32 seconds
2025-04-13 12:19:51 - INFO - 
Fixed code saved to: ./minif2f/lean_fixed/101_fixed.lean
2025-04-13 12:19:51 - INFO - JSON log saved to: ./minif2f/lean_fixed/101_fix_log.json
2025-04-13 12:19:51 - INFO - 
===== LOG FILE LOCATION =====
2025-04-13 12:19:51 - INFO - Detailed log file is available at: ./minif2f/lean_fixed/101.log
2025-04-13 12:19:51 - INFO - ===============================
