2025-04-13 11:59:28 - INFO - Log file initialized at 2025-04-13T11:59:28.876764
2025-04-13 11:59:28 - INFO - ===== LOG FILE LOCATION =====
2025-04-13 11:59:28 - INFO - Detailed log file created at: ./minif2f/lean_fixed/109.log
2025-04-13 11:59:28 - INFO - ===============================
2025-04-13 11:59:28 - INFO - Original code:
2025-04-13 11:59:28 - INFO - ----------------------------------------
2025-04-13 11:59:28 - INFO - import Mathlib
import Aesop

set_option maxHeartbeats 0

open BigOperators Real Nat Topology Rat

/-- Let $P(n)$ and $S(n)$ denote the product and the sum, respectively, of the digits
of the integer $n$. For example, $P(23) = 6$ and $S(23) = 5$. Suppose $N$ is a
two-digit number such that $N = P(N)+S(N)$. What is the units digit of $N$?

$\text{(A)}\ 2\qquad \text{(B)}\ 3\qquad \text{(C)}\ 6\qquad \text{(D)}\ 8\qquad \text{(E)}\ 9$ Show that it is (\text{E})9.-/
theorem amc12_2001_p2 (a b n : ℕ) (h₀ : 1 ≤ a ∧ a ≤ 9) (h₁ : 0 ≤ b ∧ b ≤ 9) (h₂ : n = 10 * a + b)
  (h₃ : n = a * b + a + b) : b = 9 := by
  -- First, substitute the expression for n from h₂ into the equation h₃
  rw [h₂] at h₃
  -- Now we have: 10 * a + b = a * b + a + b
  -- Simplify the equation by subtracting b from both sides
  simp at h₃
  -- Equation becomes: 10 * a = a * b + a
  -- Factor out a on the right side: 10 * a = a * (b + 1)
  rw [mul_add] at h₃
  simp at h₃
  -- Since a is between 1 and 9 (from h₀), we can divide both sides by a
  have h₄ : a ≠ 0 := by linarith [h₀.1]
  -- Division gives us: 10 = b + 1
  rw [← mul_right_inj' h₄] at h₃
  simp at h₃
  -- Now we have b + 1 = 10
  -- Subtract 1 from both sides to solve for b
  rw [add_left_inj] at h₃
  -- Final equation: b = 9
  exact h₃
2025-04-13 11:59:28 - INFO - ----------------------------------------
2025-04-13 11:59:28 - INFO - 
Checking original code for all errors...
2025-04-13 11:59:36 - INFO - Original code contains 1 errors:
2025-04-13 11:59:36 - INFO - Error 1: line 15, type: rewrite_failed, message: tactic 'rewrite' failed, did not find instance of the pattern in the target expression
  ?a * (?b + ...
2025-04-13 11:59:36 - INFO - 
Starting multi-error continuous repair process...
2025-04-13 11:59:36 - INFO - 
===== Starting to fix all errors =====
2025-04-13 11:59:37 - INFO - 
Found 1 original errors:
2025-04-13 11:59:37 - INFO - Error 1: line 15, type: rewrite_failed, message: tactic 'rewrite' failed, did not find instance of the pattern in the target expression
  ?a * (?b + ...
2025-04-13 11:59:37 - INFO - 
Trying to fix error 1/1: line 15, type: rewrite_failed
2025-04-13 11:59:37 - INFO - Error message: tactic 'rewrite' failed, did not find instance of the pattern in the target expression
  ?a * (?b + ...
2025-04-13 11:59:37 - INFO - Removed header content, remaining 26 lines of code
2025-04-13 11:59:37 - INFO - Using specified target error line: 15
2025-04-13 11:59:38 - INFO - Found error at specified line: tactic 'rewrite' failed, did not find instance of the pattern in the target expression
  ?a * (?b + ?c)
a b n : ℕ
h₀ : 1 ≤ a ∧ a ≤ 9
h₁ : 0 ≤ b ∧ b ≤ 9
h₂ : n = 10 * a + b
h₃ : 10 * a = a * b + a
⊢ b = 9
2025-04-13 11:59:38 - INFO - Error at line 15: tactic 'rewrite' failed, did not find instance of the pattern in the target expression
  ?a * (?b + ?c)
a b n : ℕ
h₀ : 1 ≤ a ∧ a ≤ 9
h₁ : 0 ≤ b ∧ b ≤ 9
h₂ : n = 10 * a + b
h₃ : 10 * a = a * b + a
⊢ b = 9
2025-04-13 11:59:38 - INFO - 
==================================================
2025-04-13 11:59:38 - INFO - Code prepared, starting synthesis
2025-04-13 11:59:38 - INFO - Before part: /-- Let $P(n)$ and $S(n)$ denote the product and the sum, respectively, of the digits
of the integer $n$. For example, $P(23) = 6$ and $S(23) = 5$. Suppose $N$ is a
two-digit number such that $N = P(N)+S(N)$. What is the units digit of $N$?

$\text{(A)}\ 2\qquad \text{(B)}\ 3\qquad \text{(C)}\ 6\qquad \text{(D)}\ 8\qquad \text{(E)}\ 9$ Show that it is (\text{E})9.-/
theorem amc12_2001_p2 (a b n : ℕ) (h₀ : 1 ≤ a ∧ a ≤ 9) (h₁ : 0 ≤ b ∧ b ≤ 9) (h₂ : n = 10 * a + b)
  (h₃ : n = a * b + a + b) : b = 9 := by
  -- First, substitute the expression for n from h₂ into the equation h₃
  rw [h₂] at h₃
  -- Now we have: 10 * a + b = a * b + a + b
  -- Simplify the equation by subtracting b from both sides
  simp at h₃
  -- Equation becomes: 10 * a = a * b + a
  -- Factor out a on the right side: 10 * a = a * (b + 1)
2025-04-13 11:59:38 - INFO - Error line:   rw [mul_add] at h₃
2025-04-13 11:59:38 - INFO - After part: simp at h₃
  -- Since a is between 1 and 9 (from h₀), we can divide both sides by a
  have h₄ : a ≠ 0 := by linarith [h₀.1]
  -- Division gives us: 10 = b + 1
  rw [← mul_right_inj' h₄] at h₃
  simp at h₃
  -- Now we have b + 1 = 10
  -- Subtract 1 from both sides to solve for b
  rw [add_left_inj] at h₃
  -- Final equation: b = 9
  exact h₃
2025-04-13 11:59:38 - INFO - ==================================================

2025-04-13 11:59:39 - INFO - Testing fragment: rw [left_distrib]
2025-04-13 11:59:39 - INFO - Original error line:   rw [mul_add] at h₃
2025-04-13 11:59:41 - INFO - Testing fix: Original errors: 1, Fixed errors: 1
2025-04-13 11:59:41 - INFO - Result: False (introduced 1 new errors)
2025-04-13 11:59:41 - DEBUG - === New errors detail ===
2025-04-13 11:59:41 - DEBUG - New Error 1: line 15, type: rewrite_failed, message: tactic 'rewrite' failed, did not find instance of the pattern in the target expression
  ?a * (?b + ?c)
a b n : ℕ
h₀ : 1 ≤ a ∧ a ≤ 9
h₁ : 0 ≤ b ∧ b ≤ 9
h₂ : n = 10 * a + b
h₃ : 10 * a = a * b + a
⊢ b = 9
2025-04-13 11:59:41 - INFO - Testing fragment: rw [right_distrib]
2025-04-13 11:59:41 - INFO - Original error line:   rw [mul_add] at h₃
2025-04-13 11:59:43 - INFO - Testing fix: Original errors: 1, Fixed errors: 1
2025-04-13 11:59:43 - INFO - Result: False (introduced 1 new errors)
2025-04-13 11:59:43 - DEBUG - === New errors detail ===
2025-04-13 11:59:43 - DEBUG - New Error 1: line 15, type: rewrite_failed, message: tactic 'rewrite' failed, did not find instance of the pattern in the target expression
  (?a + ?b) * ?c
a b n : ℕ
h₀ : 1 ≤ a ∧ a ≤ 9
h₁ : 0 ≤ b ∧ b ≤ 9
h₂ : n = 10 * a + b
h₃ : 10 * a = a * b + a
⊢ b = 9
2025-04-13 11:59:43 - INFO - Testing fragment: rw [distrib_three_right]
2025-04-13 11:59:43 - INFO - Original error line:   rw [mul_add] at h₃
2025-04-13 11:59:45 - INFO - Testing fix: Original errors: 1, Fixed errors: 1
2025-04-13 11:59:45 - INFO - Result: False (introduced 1 new errors)
2025-04-13 11:59:45 - DEBUG - === New errors detail ===
2025-04-13 11:59:45 - DEBUG - New Error 1: line 15, type: rewrite_failed, message: tactic 'rewrite' failed, did not find instance of the pattern in the target expression
  (?a + ?b + ?c) * ?d
a b n : ℕ
h₀ : 1 ≤ a ∧ a ≤ 9
h₁ : 0 ≤ b ∧ b ≤ 9
h₂ : n = 10 * a + b
h₃ : 10 * a = a * b + a
⊢ b = 9
2025-04-13 11:59:45 - INFO - Testing fragment: rw [add_one_mul]
2025-04-13 11:59:45 - INFO - Original error line:   rw [mul_add] at h₃
2025-04-13 11:59:47 - INFO - Testing fix: Original errors: 1, Fixed errors: 1
2025-04-13 11:59:47 - INFO - Result: False (introduced 1 new errors)
2025-04-13 11:59:47 - DEBUG - === New errors detail ===
2025-04-13 11:59:47 - DEBUG - New Error 1: line 15, type: rewrite_failed, message: tactic 'rewrite' failed, did not find instance of the pattern in the target expression
  (?a + 1) * ?b
a b n : ℕ
h₀ : 1 ≤ a ∧ a ≤ 9
h₁ : 0 ≤ b ∧ b ≤ 9
h₂ : n = 10 * a + b
h₃ : 10 * a = a * b + a
⊢ b = 9
2025-04-13 11:59:47 - INFO - Testing fragment: rw [mul_add_one]
2025-04-13 11:59:47 - INFO - Original error line:   rw [mul_add] at h₃
2025-04-13 11:59:49 - INFO - Testing fix: Original errors: 1, Fixed errors: 1
2025-04-13 11:59:49 - INFO - Result: False (introduced 1 new errors)
2025-04-13 11:59:49 - DEBUG - === New errors detail ===
2025-04-13 11:59:49 - DEBUG - New Error 1: line 15, type: rewrite_failed, message: tactic 'rewrite' failed, did not find instance of the pattern in the target expression
  ?a * (?b + 1)
a b n : ℕ
h₀ : 1 ≤ a ∧ a ≤ 9
h₁ : 0 ≤ b ∧ b ≤ 9
h₂ : n = 10 * a + b
h₃ : 10 * a = a * b + a
⊢ b = 9
2025-04-13 11:59:49 - INFO - Testing fragment: rw [one_add_mul]
2025-04-13 11:59:49 - INFO - Original error line:   rw [mul_add] at h₃
2025-04-13 11:59:51 - INFO - Testing fix: Original errors: 1, Fixed errors: 1
2025-04-13 11:59:51 - INFO - Result: False (introduced 1 new errors)
2025-04-13 11:59:51 - DEBUG - === New errors detail ===
2025-04-13 11:59:51 - DEBUG - New Error 1: line 15, type: rewrite_failed, message: tactic 'rewrite' failed, did not find instance of the pattern in the target expression
  (1 + ?a) * ?b
a b n : ℕ
h₀ : 1 ≤ a ∧ a ≤ 9
h₁ : 0 ≤ b ∧ b ≤ 9
h₂ : n = 10 * a + b
h₃ : 10 * a = a * b + a
⊢ b = 9
2025-04-13 11:59:51 - INFO - Testing fragment: rw [mul_one_add]
2025-04-13 11:59:51 - INFO - Original error line:   rw [mul_add] at h₃
2025-04-13 11:59:53 - INFO - Testing fix: Original errors: 1, Fixed errors: 1
2025-04-13 11:59:53 - INFO - Result: False (introduced 1 new errors)
2025-04-13 11:59:53 - DEBUG - === New errors detail ===
2025-04-13 11:59:53 - DEBUG - New Error 1: line 15, type: rewrite_failed, message: tactic 'rewrite' failed, did not find instance of the pattern in the target expression
  ?a * (1 + ?b)
a b n : ℕ
h₀ : 1 ≤ a ∧ a ≤ 9
h₁ : 0 ≤ b ∧ b ≤ 9
h₂ : n = 10 * a + b
h₃ : 10 * a = a * b + a
⊢ b = 9
2025-04-13 11:59:53 - INFO - Testing fragment: rw [two_mul]
2025-04-13 11:59:53 - INFO - Original error line:   rw [mul_add] at h₃
2025-04-13 11:59:55 - INFO - Testing fix: Original errors: 1, Fixed errors: 1
2025-04-13 11:59:55 - INFO - Target error not fixed: tactic 'rewrite' failed, did not find instance of the pattern in the target expression
  2 * ?n
a b ...
2025-04-13 11:59:55 - INFO - Result: False (target error not fixed)
2025-04-13 11:59:55 - INFO - Testing fragment: rw [mul_two]
2025-04-13 11:59:55 - INFO - Original error line:   rw [mul_add] at h₃
2025-04-13 11:59:57 - INFO - Testing fix: Original errors: 1, Fixed errors: 1
2025-04-13 11:59:57 - INFO - Target error not fixed: tactic 'rewrite' failed, did not find instance of the pattern in the target expression
  ?n * 2
a b ...
2025-04-13 11:59:57 - INFO - Result: False (target error not fixed)
2025-04-13 11:59:57 - INFO - Testing fragment: rw [mul_boole]
2025-04-13 11:59:57 - INFO - Original error line:   rw [mul_add] at h₃
2025-04-13 11:59:59 - INFO - Testing fix: Original errors: 1, Fixed errors: 1
2025-04-13 11:59:59 - INFO - Result: False (introduced 1 new errors)
2025-04-13 11:59:59 - DEBUG - === New errors detail ===
2025-04-13 11:59:59 - DEBUG - New Error 1: line 15, type: rewrite_failed, message: tactic 'rewrite' failed, did not find instance of the pattern in the target expression
  ?a * if ?P then 1 else 0
a b n : ℕ
h₀ : 1 ≤ a ∧ a ≤ 9
h₁ : 0 ≤ b ∧ b ≤ 9
h₂ : n = 10 * a + b
h₃ : 10 * a = a * b + a
⊢ b = 9
2025-04-13 11:59:59 - INFO - Testing fragment: rw [boole_mul]
2025-04-13 11:59:59 - INFO - Original error line:   rw [mul_add] at h₃
2025-04-13 12:00:01 - INFO - Testing fix: Original errors: 1, Fixed errors: 1
2025-04-13 12:00:01 - INFO - Result: False (introduced 1 new errors)
2025-04-13 12:00:01 - DEBUG - === New errors detail ===
2025-04-13 12:00:01 - DEBUG - New Error 1: line 15, type: rewrite_failed, message: tactic 'rewrite' failed, did not find instance of the pattern in the target expression
  (if ?P then 1 else 0) * ?a
a b n : ℕ
h₀ : 1 ≤ a ∧ a ≤ 9
h₁ : 0 ≤ b ∧ b ≤ 9
h₂ : n = 10 * a + b
h₃ : 10 * a = a * b + a
⊢ b = 9
2025-04-13 12:00:01 - INFO - Testing fragment: rw [add_mul_self_eq]
2025-04-13 12:00:01 - INFO - Original error line:   rw [mul_add] at h₃
2025-04-13 12:00:03 - INFO - Testing fix: Original errors: 1, Fixed errors: 1
2025-04-13 12:00:03 - INFO - Result: False (introduced 1 new errors)
2025-04-13 12:00:03 - DEBUG - === New errors detail ===
2025-04-13 12:00:03 - DEBUG - New Error 1: line 15, type: rewrite_failed, message: tactic 'rewrite' failed, did not find instance of the pattern in the target expression
  (?a + ?b) * (?a + ?b)
a b n : ℕ
h₀ : 1 ≤ a ∧ a ≤ 9
h₁ : 0 ≤ b ∧ b ≤ 9
h₂ : n = 10 * a + b
h₃ : 10 * a = a * b + a
⊢ b = 9
2025-04-13 12:00:03 - INFO - Testing fragment: rw [neg_mul]
2025-04-13 12:00:03 - INFO - Original error line:   rw [mul_add] at h₃
2025-04-13 12:00:05 - INFO - Testing fix: Original errors: 1, Fixed errors: 1
2025-04-13 12:00:05 - INFO - Target error not fixed: tactic 'rewrite' failed, did not find instance of the pattern in the target expression
  -?a * ?b
a ...
2025-04-13 12:00:05 - INFO - Result: False (target error not fixed)
2025-04-13 12:00:05 - INFO - Testing fragment: rw [mul_neg]
2025-04-13 12:00:05 - INFO - Original error line:   rw [mul_add] at h₃
2025-04-13 12:00:07 - INFO - Testing fix: Original errors: 1, Fixed errors: 1
2025-04-13 12:00:07 - INFO - Target error not fixed: tactic 'rewrite' failed, did not find instance of the pattern in the target expression
  ?a * -?b
a ...
2025-04-13 12:00:07 - INFO - Result: False (target error not fixed)
2025-04-13 12:00:07 - INFO - Testing fragment: rw [neg_mul_neg]
2025-04-13 12:00:07 - INFO - Original error line:   rw [mul_add] at h₃
2025-04-13 12:00:09 - INFO - Testing fix: Original errors: 1, Fixed errors: 1
2025-04-13 12:00:09 - INFO - Result: False (introduced 1 new errors)
2025-04-13 12:00:09 - DEBUG - === New errors detail ===
2025-04-13 12:00:09 - DEBUG - New Error 1: line 15, type: rewrite_failed, message: tactic 'rewrite' failed, did not find instance of the pattern in the target expression
  -?a * -?b
a b n : ℕ
h₀ : 1 ≤ a ∧ a ≤ 9
h₁ : 0 ≤ b ∧ b ≤ 9
h₂ : n = 10 * a + b
h₃ : 10 * a = a * b + a
⊢ b = 9
2025-04-13 12:00:09 - INFO - Testing fragment: rw [neg_mul_eq_neg_mul]
2025-04-13 12:00:09 - INFO - Original error line:   rw [mul_add] at h₃
2025-04-13 12:00:11 - INFO - Testing fix: Original errors: 1, Fixed errors: 1
2025-04-13 12:00:11 - INFO - Result: False (introduced 1 new errors)
2025-04-13 12:00:11 - DEBUG - === New errors detail ===
2025-04-13 12:00:11 - DEBUG - New Error 1: line 15, type: rewrite_failed, message: tactic 'rewrite' failed, did not find instance of the pattern in the target expression
  -(?a * ?b)
a b n : ℕ
h₀ : 1 ≤ a ∧ a ≤ 9
h₁ : 0 ≤ b ∧ b ≤ 9
h₂ : n = 10 * a + b
h₃ : 10 * a = a * b + a
⊢ b = 9
2025-04-13 12:00:11 - INFO - Testing fragment: rw [neg_mul_eq_mul_neg]
2025-04-13 12:00:11 - INFO - Original error line:   rw [mul_add] at h₃
2025-04-13 12:00:13 - INFO - Testing fix: Original errors: 1, Fixed errors: 1
2025-04-13 12:00:13 - INFO - Result: False (introduced 1 new errors)
2025-04-13 12:00:13 - DEBUG - === New errors detail ===
2025-04-13 12:00:13 - DEBUG - New Error 1: line 15, type: rewrite_failed, message: tactic 'rewrite' failed, did not find instance of the pattern in the target expression
  -(?a * ?b)
a b n : ℕ
h₀ : 1 ≤ a ∧ a ≤ 9
h₁ : 0 ≤ b ∧ b ≤ 9
h₂ : n = 10 * a + b
h₃ : 10 * a = a * b + a
⊢ b = 9
2025-04-13 12:00:13 - INFO - Testing fragment: rw [neg_mul_comm]
2025-04-13 12:00:13 - INFO - Original error line:   rw [mul_add] at h₃
2025-04-13 12:00:15 - INFO - Testing fix: Original errors: 1, Fixed errors: 1
2025-04-13 12:00:15 - INFO - Result: False (introduced 1 new errors)
2025-04-13 12:00:15 - DEBUG - === New errors detail ===
2025-04-13 12:00:15 - DEBUG - New Error 1: line 15, type: rewrite_failed, message: tactic 'rewrite' failed, did not find instance of the pattern in the target expression
  -?a * ?b
a b n : ℕ
h₀ : 1 ≤ a ∧ a ≤ 9
h₁ : 0 ≤ b ∧ b ≤ 9
h₂ : n = 10 * a + b
h₃ : 10 * a = a * b + a
⊢ b = 9
2025-04-13 12:00:15 - INFO - Testing fragment: rw [neg_eq_neg_one_mul]
2025-04-13 12:00:15 - INFO - Original error line:   rw [mul_add] at h₃
2025-04-13 12:00:17 - INFO - Testing fix: Original errors: 1, Fixed errors: 1
2025-04-13 12:00:17 - INFO - Result: False (introduced 1 new errors)
2025-04-13 12:00:17 - DEBUG - === New errors detail ===
2025-04-13 12:00:17 - DEBUG - New Error 1: line 15, type: rewrite_failed, message: tactic 'rewrite' failed, did not find instance of the pattern in the target expression
  -?a
a b n : ℕ
h₀ : 1 ≤ a ∧ a ≤ 9
h₁ : 0 ≤ b ∧ b ≤ 9
h₂ : n = 10 * a + b
h₃ : 10 * a = a * b + a
⊢ b = 9
2025-04-13 12:00:17 - INFO - Testing fragment: rw [mul_neg_one]
2025-04-13 12:00:17 - INFO - Original error line:   rw [mul_add] at h₃
2025-04-13 12:00:19 - INFO - Testing fix: Original errors: 1, Fixed errors: 1
2025-04-13 12:00:19 - INFO - Result: False (introduced 1 new errors)
2025-04-13 12:00:19 - DEBUG - === New errors detail ===
2025-04-13 12:00:19 - DEBUG - New Error 1: line 15, type: rewrite_failed, message: tactic 'rewrite' failed, did not find instance of the pattern in the target expression
  ?a * -1
a b n : ℕ
h₀ : 1 ≤ a ∧ a ≤ 9
h₁ : 0 ≤ b ∧ b ≤ 9
h₂ : n = 10 * a + b
h₃ : 10 * a = a * b + a
⊢ b = 9
2025-04-13 12:00:19 - INFO - Testing fragment: rw [neg_one_mul]
2025-04-13 12:00:19 - INFO - Original error line:   rw [mul_add] at h₃
2025-04-13 12:00:22 - INFO - Testing fix: Original errors: 1, Fixed errors: 1
2025-04-13 12:00:22 - INFO - Result: False (introduced 1 new errors)
2025-04-13 12:00:22 - DEBUG - === New errors detail ===
2025-04-13 12:00:22 - DEBUG - New Error 1: line 15, type: rewrite_failed, message: tactic 'rewrite' failed, did not find instance of the pattern in the target expression
  -1 * ?a
a b n : ℕ
h₀ : 1 ≤ a ∧ a ≤ 9
h₁ : 0 ≤ b ∧ b ≤ 9
h₂ : n = 10 * a + b
h₃ : 10 * a = a * b + a
⊢ b = 9
2025-04-13 12:00:22 - INFO - Testing fragment: rw [mul_sub_left_distrib]
2025-04-13 12:00:22 - INFO - Original error line:   rw [mul_add] at h₃
2025-04-13 12:00:24 - INFO - Testing fix: Original errors: 1, Fixed errors: 1
2025-04-13 12:00:24 - INFO - Result: False (introduced 1 new errors)
2025-04-13 12:00:24 - DEBUG - === New errors detail ===
2025-04-13 12:00:24 - DEBUG - New Error 1: line 15, type: rewrite_failed, message: tactic 'rewrite' failed, did not find instance of the pattern in the target expression
  ?a * (?b - ?c)
a b n : ℕ
h₀ : 1 ≤ a ∧ a ≤ 9
h₁ : 0 ≤ b ∧ b ≤ 9
h₂ : n = 10 * a + b
h₃ : 10 * a = a * b + a
⊢ b = 9
2025-04-13 12:00:24 - INFO - Testing fragment: rw [mul_sub_right_distrib]
2025-04-13 12:00:24 - INFO - Original error line:   rw [mul_add] at h₃
2025-04-13 12:00:26 - INFO - Testing fix: Original errors: 1, Fixed errors: 1
2025-04-13 12:00:26 - INFO - Result: False (introduced 1 new errors)
2025-04-13 12:00:26 - DEBUG - === New errors detail ===
2025-04-13 12:00:26 - DEBUG - New Error 1: line 15, type: rewrite_failed, message: tactic 'rewrite' failed, did not find instance of the pattern in the target expression
  (?a - ?b) * ?c
a b n : ℕ
h₀ : 1 ≤ a ∧ a ≤ 9
h₁ : 0 ≤ b ∧ b ≤ 9
h₂ : n = 10 * a + b
h₃ : 10 * a = a * b + a
⊢ b = 9
2025-04-13 12:00:26 - INFO - Testing fragment: rw [sub_one_mul]
2025-04-13 12:00:26 - INFO - Original error line:   rw [mul_add] at h₃
2025-04-13 12:00:28 - INFO - Testing fix: Original errors: 1, Fixed errors: 1
2025-04-13 12:00:28 - INFO - Result: False (introduced 1 new errors)
2025-04-13 12:00:28 - DEBUG - === New errors detail ===
2025-04-13 12:00:28 - DEBUG - New Error 1: line 15, type: rewrite_failed, message: tactic 'rewrite' failed, did not find instance of the pattern in the target expression
  (?a - 1) * ?b
a b n : ℕ
h₀ : 1 ≤ a ∧ a ≤ 9
h₁ : 0 ≤ b ∧ b ≤ 9
h₂ : n = 10 * a + b
h₃ : 10 * a = a * b + a
⊢ b = 9
2025-04-13 12:00:28 - INFO - Testing fragment: rw [mul_sub_one]
2025-04-13 12:00:28 - INFO - Original error line:   rw [mul_add] at h₃
2025-04-13 12:00:30 - INFO - Testing fix: Original errors: 1, Fixed errors: 1
2025-04-13 12:00:30 - INFO - Result: False (introduced 1 new errors)
2025-04-13 12:00:30 - DEBUG - === New errors detail ===
2025-04-13 12:00:30 - DEBUG - New Error 1: line 15, type: rewrite_failed, message: tactic 'rewrite' failed, did not find instance of the pattern in the target expression
  ?a * (?b - 1)
a b n : ℕ
h₀ : 1 ≤ a ∧ a ≤ 9
h₁ : 0 ≤ b ∧ b ≤ 9
h₂ : n = 10 * a + b
h₃ : 10 * a = a * b + a
⊢ b = 9
2025-04-13 12:00:30 - INFO - Testing fragment: rw [one_sub_mul]
2025-04-13 12:00:30 - INFO - Original error line:   rw [mul_add] at h₃
2025-04-13 12:00:32 - INFO - Testing fix: Original errors: 1, Fixed errors: 1
2025-04-13 12:00:32 - INFO - Result: False (introduced 1 new errors)
2025-04-13 12:00:32 - DEBUG - === New errors detail ===
2025-04-13 12:00:32 - DEBUG - New Error 1: line 15, type: rewrite_failed, message: tactic 'rewrite' failed, did not find instance of the pattern in the target expression
  (1 - ?a) * ?b
a b n : ℕ
h₀ : 1 ≤ a ∧ a ≤ 9
h₁ : 0 ≤ b ∧ b ≤ 9
h₂ : n = 10 * a + b
h₃ : 10 * a = a * b + a
⊢ b = 9
2025-04-13 12:00:32 - INFO - Testing fragment: rw [mul_one_sub]
2025-04-13 12:00:32 - INFO - Original error line:   rw [mul_add] at h₃
2025-04-13 12:00:34 - INFO - Testing fix: Original errors: 1, Fixed errors: 1
2025-04-13 12:00:34 - INFO - Result: False (introduced 1 new errors)
2025-04-13 12:00:34 - DEBUG - === New errors detail ===
2025-04-13 12:00:34 - DEBUG - New Error 1: line 15, type: rewrite_failed, message: tactic 'rewrite' failed, did not find instance of the pattern in the target expression
  ?a * (1 - ?b)
a b n : ℕ
h₀ : 1 ≤ a ∧ a ≤ 9
h₁ : 0 ≤ b ∧ b ≤ 9
h₂ : n = 10 * a + b
h₃ : 10 * a = a * b + a
⊢ b = 9
2025-04-13 12:00:34 - INFO - Testing fragment: rw [mul_left_cancel]
2025-04-13 12:00:34 - INFO - Original error line:   rw [mul_add] at h₃
2025-04-13 12:00:36 - INFO - Testing fix: Original errors: 1, Fixed errors: 1
2025-04-13 12:00:36 - INFO - Result: False (introduced 1 new errors)
2025-04-13 12:00:36 - DEBUG - === New errors detail ===
2025-04-13 12:00:36 - DEBUG - New Error 1: line 15, type: rewrite_failed, message: tactic 'rewrite' failed, pattern is a metavariable
  ?m.2378
from equation
  ?m.2378 = ?m.2379
a b n : ℕ
h₀ : 1 ≤ a ∧ a ≤ 9
h₁ : 0 ≤ b ∧ b ≤ 9
h₂ : n = 10 * a + b
h₃ : 10 * a = a * b + a
⊢ b = 9
2025-04-13 12:00:36 - INFO - Testing fragment: rw [mul_left_cancel_iff]
2025-04-13 12:00:36 - INFO - Original error line:   rw [mul_add] at h₃
2025-04-13 12:00:38 - INFO - Testing fix: Original errors: 1, Fixed errors: 1
2025-04-13 12:00:38 - INFO - Result: False (introduced 1 new errors)
2025-04-13 12:00:38 - DEBUG - === New errors detail ===
2025-04-13 12:00:38 - DEBUG - New Error 1: line 15, type: rewrite_failed, message: tactic 'rewrite' failed, did not find instance of the pattern in the target expression
  ?m.2377 * ?m.2378 = ?m.2377 * ?m.2379
a b n : ℕ
h₀ : 1 ≤ a ∧ a ≤ 9
h₁ : 0 ≤ b ∧ b ≤ 9
h₂ : n = 10 * a + b
h₃ : 10 * a = a * b + a
⊢ b = 9
2025-04-13 12:00:38 - INFO - Testing fragment: rw [mul_right_injective]
2025-04-13 12:00:38 - INFO - Original error line:   rw [mul_add] at h₃
2025-04-13 12:00:40 - INFO - Testing fix: Original errors: 1, Fixed errors: 1
2025-04-13 12:00:40 - INFO - Result: False (introduced 1 new errors)
2025-04-13 12:00:40 - DEBUG - === New errors detail ===
2025-04-13 12:00:40 - DEBUG - New Error 1: line 15, type: rewrite_failed, message: tactic 'rewrite' failed, pattern is a metavariable
  ?a₁
from equation
  ?a₁ = ?a₂
a b n : ℕ
h₀ : 1 ≤ a ∧ a ≤ 9
h₁ : 0 ≤ b ∧ b ≤ 9
h₂ : n = 10 * a + b
h₃ : 10 * a = a * b + a
⊢ b = 9
2025-04-13 12:00:40 - INFO - Testing fragment: rw [mul_right_inj]
2025-04-13 12:00:40 - INFO - Original error line:   rw [mul_add] at h₃
2025-04-13 12:07:28 - INFO - Synthesis failed: ('Execution failed', 'Execution timed out after 200.0 seconds. Partial output:\n{"cmd": "/-- Let $P(n)$ and $S(n)$ denote the product and the sum, respectively, of the digits\\nof the integer $n$. For example, $P(23) = 6$ and $S(23) = 5$. Suppose $N$ is a\\ntwo-digit number such that $N = P(N)+S(N)$. What is the units digit of $N$?\\n\\n$\\\\text{(A)}\\\\ 2\\\\qquad \\\\text{(B)}\\\\ 3\\\\qquad \\\\text{(C)}\\\\ 6\\\\qquad \\\\text{(D)}\\\\ 8\\\\qquad \\\\text{(E)}\\\\ 9$ Show that it is (\\\\text{E})9.-/\\ntheorem amc12_2001_p2 (a b n : ℕ) (h₀ : 1 ≤ a ∧ a ≤ 9) (h₁ : 0 ≤ b ∧ b ≤ 9) (h₂ : n = 10 * a + b)\\n  (h₃ : n = a * b + a + b) : b = 9 := by\\n  -- First, substitute the expression for n from h₂ into the equation h₃\\n  rw [h₂] at h₃\\n  -- Now we have: 10 * a + b = a * b + a + b\\n  -- Simplify the equation by subtracting b from both sides\\n  simp at h₃\\n  -- Equation becomes: 10 * a = a * b + a\\n  -- Factor out a on the right side: 10 * a = a * (b + 1)\\n  rw [mul_right_inj]\\n  simp at h₃\\n  -- Since a is between 1 and 9 (from h₀), we can divide both sides by a\\n  have h₄ : a ≠ 0 := by linarith [h₀.1]\\n  -- Division gives us: 10 = b + 1\\n  rw [← mul_right_inj\' h₄] at h₃\\n  simp at h₃\\n  -- Now we have b + 1 = 10\\n  -- Subtract 1 from both sides to solve for b\\n  rw [add_left_inj] at h₃\\n  -- Final equation: b = 9\\n  exact h₃", "env": 0}\r\n\r\n')
2025-04-13 12:19:24 - INFO - Failed attempt time: 1186.31 seconds
2025-04-13 12:19:24 - INFO - ❌ Could not generate fix for error at line 15
2025-04-13 12:19:51 - INFO - 
===== Fix attempt completed =====
2025-04-13 12:19:51 - INFO - Original errors: 1
2025-04-13 12:19:51 - INFO - Fixed errors: 0
2025-04-13 12:19:51 - INFO - Failed errors: 1
2025-04-13 12:19:51 - INFO - Remaining errors: 1
2025-04-13 12:19:51 - INFO - Total time: 1214.35 seconds
2025-04-13 12:19:51 - INFO - 
Final fixed code:
2025-04-13 12:19:51 - INFO - ----------------------------------------
2025-04-13 12:19:51 - INFO - /-- Let $P(n)$ and $S(n)$ denote the product and the sum, respectively, of the digits
of the integer $n$. For example, $P(23) = 6$ and $S(23) = 5$. Suppose $N$ is a
two-digit number such that $N = P(N)+S(N)$. What is the units digit of $N$?

$\text{(A)}\ 2\qquad \text{(B)}\ 3\qquad \text{(C)}\ 6\qquad \text{(D)}\ 8\qquad \text{(E)}\ 9$ Show that it is (\text{E})9.-/
theorem amc12_2001_p2 (a b n : ℕ) (h₀ : 1 ≤ a ∧ a ≤ 9) (h₁ : 0 ≤ b ∧ b ≤ 9) (h₂ : n = 10 * a + b)
  (h₃ : n = a * b + a + b) : b = 9 := by
  -- First, substitute the expression for n from h₂ into the equation h₃
  rw [h₂] at h₃
  -- Now we have: 10 * a + b = a * b + a + b
  -- Simplify the equation by subtracting b from both sides
  simp at h₃
  -- Equation becomes: 10 * a = a * b + a
  -- Factor out a on the right side: 10 * a = a * (b + 1)
  rw [mul_add] at h₃
  simp at h₃
  -- Since a is between 1 and 9 (from h₀), we can divide both sides by a
  have h₄ : a ≠ 0 := by linarith [h₀.1]
  -- Division gives us: 10 = b + 1
  rw [← mul_right_inj' h₄] at h₃
  simp at h₃
  -- Now we have b + 1 = 10
  -- Subtract 1 from both sides to solve for b
  rw [add_left_inj] at h₃
  -- Final equation: b = 9
  exact h₃
2025-04-13 12:19:51 - INFO - ----------------------------------------
2025-04-13 12:19:51 - INFO - 
Detailed error repair report:
2025-04-13 12:19:51 - INFO - Original code error count: 1
❌ Fixed error 1/1: Could not generate fix for error at line 15 «rewrite_failed» (after 1186.31s)

=== Fix statistics ===
Original error count: 1
Fixed errors: 0 (Fix rate: 0.0000)
Failed errors: 1
Remaining errors: 1
Total time: 1214.35 seconds

=== Failed fix details ===

Failed fix 1:
   Line: 15
   Error type: rewrite_failed
   Original error message: tactic 'rewrite' failed, did not find instance of the pattern in the target expression
  ?a * (?b + ...
   Failure reason: Could not generate fix
   Time: 1186.31 seconds
2025-04-13 12:19:51 - INFO - 
Fixed code saved to: ./minif2f/lean_fixed/109_fixed.lean
2025-04-13 12:19:51 - INFO - JSON log saved to: ./minif2f/lean_fixed/109_fix_log.json
2025-04-13 12:19:51 - INFO - 
===== LOG FILE LOCATION =====
2025-04-13 12:19:51 - INFO - Detailed log file is available at: ./minif2f/lean_fixed/109.log
2025-04-13 12:19:51 - INFO - ===============================
