2025-04-14 01:19:13 - INFO - Log file initialized at 2025-04-14T01:19:13.829131
2025-04-14 01:19:13 - INFO - ===== LOG FILE LOCATION =====
2025-04-14 01:19:13 - INFO - Detailed log file created at: ./minif2f/lean_fixed/11.log
2025-04-14 01:19:13 - INFO - ===============================
2025-04-14 01:19:13 - INFO - Original code:
2025-04-14 01:19:13 - INFO - ----------------------------------------
2025-04-14 01:19:13 - INFO - import Mathlib
import Aesop

set_option maxHeartbeats 0

open BigOperators Real Nat Topology Rat

/-- A sequence of numbers is defined recursively by $a_1 = 1$, $a_2 = \frac{3}{7}$, and
$a_n=\frac{a_{n-2} \cdot a_{n-1}}{2a_{n-2} - a_{n-1}}$for all $n \geq 3$ Then $a_{2019}$ can be written as $\frac{p}{q}$, where $p$ and $q$ are relatively prime positive integers. What is $p+q ?$

$\textbf{(A) } 2020 \qquad\textbf{(B) } 4039 \qquad\textbf{(C) } 6057 \qquad\textbf{(D) } 6061 \qquad\textbf{(E) } 8078$ Show that it is \textbf{(E) }8078.-/
theorem amc12a_2019_p9 (a : ℕ → ℚ) (h₀ : a 1 = 1) (h₁ : a 2 = 3 / 7)
  (h₂ : ∀ n, a (n + 2) = a n * a (n + 1) / (2 * a n - a (n + 1))) :
  ↑(a 2019).den + (a 2019).num = 8078 := by
  -- Define the reciprocal sequence b_n = 1 / a_n
  let b : ℕ → ℚ := fun n => 1 / a n
  -- Show that b satisfies the recurrence b_{n+2} = 2b_{n+1} - b_n
  have hb : ∀ n, b (n + 2) = 2 * b (n + 1) - b n := by
    intro n
    -- Compute b (n + 2) = 1 / a (n + 2) using the recurrence for a
    rw [h₂ n]
    -- Simplify the expression using the definition of b
    field_simp [b]
    -- The recurrence for b follows from algebraic manipulation
    ring
  -- Initial conditions for b: b 1 = 1 and b 2 = 7/3
  have hb0 : b 1 = 1 := by rw [b, h₀, one_div_one]
  have hb1 : b 2 = 7 / 3 := by rw [b, h₁, one_div, inv_div]
  -- The recurrence for b is linear with constant coefficients
  -- The general solution is b n = A + B * (n - 1)
  -- We solve for A and B using the initial conditions
  have hb_general : ∀ n, b n = 1 + (4 / 3) * (n - 1) := by
    -- Prove by induction
    intro n
    induction n using Nat.recAux with
    | zero => simp
    | succ n ih =>
      cases n with
      | zero => exact hb0
      | succ n =>
        cases n with
        | zero => exact hb1
        | succ n =>
          -- Use the recurrence relation and induction hypothesis
          rw [hb n, ih n, ih (n + 1)]
          -- Simplify to show the general form holds
          ring
  -- Now, derive the closed form for a_n = 1 / b_n = 3 / (4n - 1)
  have ha_general : ∀ n, a n = 3 / (4 * n - 1) := by
    intro n
    rw [← one_div, b, hb_general n]
    -- Simplify the expression
    field_simp
    ring
  -- Compute a 2019 using the closed form
  have ha2019 : a 2019 = 3 / (4 * 2019 - 1) := ha_general 2019
  -- Simplify the denominator
  have denom : 4 * 2019 - 1 = 8075 := by norm_num
  rw [ha2019, denom]
  -- Show that 3 / 8075 is in reduced form (gcd(3, 8075) = 1)
  have gcd_eq : Nat.gcd 3 8075 = 1 := by
    -- Compute the prime factorization of 8075 = 5^2 * 17 * 19
    -- 3 does not divide 8075
    rw [Nat.gcd_eq_left (Nat.dvd_gcd_iff.mpr ⟨by decide, by decide⟩)]
  -- The numerator and denominator are coprime
  have reduced : (3 / 8075).num = 3 ∧ (3 / 8075).den = 8075 := by
    apply Rat.num_den_mk
    · exact Nat.Prime.ne_one (by decide) (Nat.gcd_eq_one_iff_coprime.mp gcd_eq)
    · exact gcd_eq
  -- Extract numerator and denominator
  rcases reduced with ⟨hnum, hden⟩
  rw [hnum, hden]
  -- Compute p + q = 3 + 8075 = 8078
  norm_num
2025-04-14 01:19:13 - INFO - ----------------------------------------
2025-04-14 01:19:13 - INFO - 
Checking original code for all errors...
2025-04-14 01:23:43 - INFO - Original code contains 9 errors:
2025-04-14 01:23:43 - INFO - Error 1: line 14, type: rewrite_failed, message: tactic 'rewrite' failed, did not find instance of the pattern in the target expression
  a (n + 2)
a...
2025-04-14 01:23:43 - INFO - Error 2: line 20, type: rewrite_failed, message: tactic 'rewrite' failed, equality or iff proof expected
  ℚ
a : ℕ → ℚ
h₀ : a 1 = 1
h₁ : a 2 = 3 / 7
...
2025-04-14 01:23:43 - INFO - Error 3: line 21, type: rewrite_failed, message: tactic 'rewrite' failed, equality or iff proof expected
  ℚ
a : ℕ → ℚ
h₀ : a 1 = 1
h₁ : a 2 = 3 / 7
...
2025-04-14 01:23:43 - INFO - Error 4: line 29, type: other_error, message: unsolved goals
case zero
a : ℕ → ℚ
h₀ : a 1 = 1
h₁ : a 2 = 3 / 7
h₂ : ∀ (n : ℕ), a (n + 2) = a n * a...
2025-04-14 01:23:43 - INFO - Error 5: line 32, type: type_mismatch, message: type mismatch
  hb0
has type
  b 1 = 1 : Prop
but is expected to have type
  b (0 + 1) = 1 + 4 / 3 *...
2025-04-14 01:23:43 - INFO - Error 6: line 35, type: type_mismatch, message: type mismatch
  hb1
has type
  b 2 = 7 / 3 : Prop
but is expected to have type
  b (0 + 1 + 1) = 1 +...
2025-04-14 01:23:43 - INFO - Error 7: line 38, type: rewrite_failed, message: tactic 'rewrite' failed, did not find instance of the pattern in the target expression
  b (n + 2)
c...
2025-04-14 01:23:43 - INFO - Error 8: line 44, type: rewrite_failed, message: tactic 'rewrite' failed, did not find instance of the pattern in the target expression
  ?a⁻¹
a : ℕ ...
2025-04-14 01:23:43 - INFO - Error 9: line 52, type: rewrite_failed, message: tactic 'rewrite' failed, did not find instance of the pattern in the target expression
  4 * 2019 - ...
2025-04-14 01:23:43 - INFO - 
Starting multi-error continuous repair process...
2025-04-14 01:23:43 - INFO - 
===== Starting to fix all errors =====
2025-04-14 01:23:44 - INFO - 
Found 9 original errors:
2025-04-14 01:23:44 - INFO - Error 1: line 14, type: rewrite_failed, message: tactic 'rewrite' failed, did not find instance of the pattern in the target expression
  a (n + 2)
a...
2025-04-14 01:23:44 - INFO - Error 2: line 20, type: rewrite_failed, message: tactic 'rewrite' failed, equality or iff proof expected
  ℚ
a : ℕ → ℚ
h₀ : a 1 = 1
h₁ : a 2 = 3 / 7
...
2025-04-14 01:23:44 - INFO - Error 3: line 21, type: rewrite_failed, message: tactic 'rewrite' failed, equality or iff proof expected
  ℚ
a : ℕ → ℚ
h₀ : a 1 = 1
h₁ : a 2 = 3 / 7
...
2025-04-14 01:23:44 - INFO - Error 4: line 29, type: other_error, message: unsolved goals
case zero
a : ℕ → ℚ
h₀ : a 1 = 1
h₁ : a 2 = 3 / 7
h₂ : ∀ (n : ℕ), a (n + 2) = a n * a...
2025-04-14 01:23:44 - INFO - Error 5: line 32, type: type_mismatch, message: type mismatch
  hb0
has type
  b 1 = 1 : Prop
but is expected to have type
  b (0 + 1) = 1 + 4 / 3 *...
2025-04-14 01:23:44 - INFO - Error 6: line 35, type: type_mismatch, message: type mismatch
  hb1
has type
  b 2 = 7 / 3 : Prop
but is expected to have type
  b (0 + 1 + 1) = 1 +...
2025-04-14 01:23:44 - INFO - Error 7: line 38, type: rewrite_failed, message: tactic 'rewrite' failed, did not find instance of the pattern in the target expression
  b (n + 2)
c...
2025-04-14 01:23:44 - INFO - Error 8: line 44, type: rewrite_failed, message: tactic 'rewrite' failed, did not find instance of the pattern in the target expression
  ?a⁻¹
a : ℕ ...
2025-04-14 01:23:44 - INFO - Error 9: line 52, type: rewrite_failed, message: tactic 'rewrite' failed, did not find instance of the pattern in the target expression
  4 * 2019 - ...
2025-04-14 01:23:44 - INFO - 
Trying to fix error 1/9: line 14, type: rewrite_failed
2025-04-14 01:23:44 - INFO - Error message: tactic 'rewrite' failed, did not find instance of the pattern in the target expression
  a (n + 2)
a...
2025-04-14 01:23:44 - INFO - Removed header content, remaining 67 lines of code
2025-04-14 01:23:44 - INFO - Using specified target error line: 14
2025-04-14 01:23:45 - INFO - Found error at specified line: tactic 'rewrite' failed, did not find instance of the pattern in the target expression
  a (n + 2)
a : ℕ → ℚ
h₀ : a 1 = 1
h₁ : a 2 = 3 / 7
h₂ : ∀ (n : ℕ), a (n + 2) = a n * a (n + 1) / (2 * a n - a (n + 1))
b : ℕ → ℚ := fun n => 1 / a n
n : ℕ
⊢ b (n + 2) = 2 * b (n + 1) - b n
2025-04-14 01:23:45 - INFO - Error at line 14: tactic 'rewrite' failed, did not find instance of the pattern in the target expression
  a (n + 2)
a : ℕ → ℚ
h₀ : a 1 = 1
h₁ : a 2 = 3 / 7
h₂ : ∀ (n : ℕ), a (n + 2) = a n * a (n + 1) / (2 * a n - a (n + 1))
b : ℕ → ℚ := fun n => 1 / a n
n : ℕ
⊢ b (n + 2) = 2 * b (n + 1) - b n
2025-04-14 01:23:45 - INFO - 
==================================================
2025-04-14 01:23:45 - INFO - Code prepared, starting synthesis
2025-04-14 01:23:45 - INFO - Before part: /-- A sequence of numbers is defined recursively by $a_1 = 1$, $a_2 = \frac{3}{7}$, and
$a_n=\frac{a_{n-2} \cdot a_{n-1}}{2a_{n-2} - a_{n-1}}$for all $n \geq 3$ Then $a_{2019}$ can be written as $\frac{p}{q}$, where $p$ and $q$ are relatively prime positive integers. What is $p+q ?$

$\textbf{(A) } 2020 \qquad\textbf{(B) } 4039 \qquad\textbf{(C) } 6057 \qquad\textbf{(D) } 6061 \qquad\textbf{(E) } 8078$ Show that it is \textbf{(E) }8078.-/
theorem amc12a_2019_p9 (a : ℕ → ℚ) (h₀ : a 1 = 1) (h₁ : a 2 = 3 / 7)
  (h₂ : ∀ n, a (n + 2) = a n * a (n + 1) / (2 * a n - a (n + 1))) :
  ↑(a 2019).den + (a 2019).num = 8078 := by
  -- Define the reciprocal sequence b_n = 1 / a_n
  let b : ℕ → ℚ := fun n => 1 / a n
  -- Show that b satisfies the recurrence b_{n+2} = 2b_{n+1} - b_n
  have hb : ∀ n, b (n + 2) = 2 * b (n + 1) - b n := by
    intro n
    -- Compute b (n + 2) = 1 / a (n + 2) using the recurrence for a
2025-04-14 01:23:45 - INFO - Error line:     rw [h₂ n]
2025-04-14 01:23:45 - INFO - After part: -- Simplify the expression using the definition of b
    field_simp [b]
    -- The recurrence for b follows from algebraic manipulation
    ring
  -- Initial conditions for b: b 1 = 1 and b 2 = 7/3
  have hb0 : b 1 = 1 := by rw [b, h₀, one_div_one]
  have hb1 : b 2 = 7 / 3 := by rw [b, h₁, one_div, inv_div]
  -- The recurrence for b is linear with constant coefficients
  -- The general solution is b n = A + B * (n - 1)
  -- We solve for A and B using the initial conditions
  have hb_general : ∀ n, b n = 1 + (4 / 3) * (n - 1) := by
    -- Prove by induction
    intro n
    induction n using Nat.recAux with
    | zero => simp
    | succ n ih =>
      cases n with
      | zero => exact hb0
      | succ n =>
        cases n with
        | zero => exact hb1
        | succ n =>
          -- Use the recurrence relation and induction hypothesis
          rw [hb n, ih n, ih (n + 1)]
          -- Simplify to show the general form holds
          ring
  -- Now, derive the closed form for a_n = 1 / b_n = 3 / (4n - 1)
  have ha_general : ∀ n, a n = 3 / (4 * n - 1) := by
    intro n
    rw [← one_div, b, hb_general n]
    -- Simplify the expression
    field_simp
    ring
  -- Compute a 2019 using the closed form
  have ha2019 : a 2019 = 3 / (4 * 2019 - 1) := ha_general 2019
  -- Simplify the denominator
  have denom : 4 * 2019 - 1 = 8075 := by norm_num
  rw [ha2019, denom]
  -- Show that 3 / 8075 is in reduced form (gcd(3, 8075) = 1)
  have gcd_eq : Nat.gcd 3 8075 = 1 := by
    -- Compute the prime factorization of 8075 = 5^2 * 17 * 19
    -- 3 does not divide 8075
    rw [Nat.gcd_eq_left (Nat.dvd_gcd_iff.mpr ⟨by decide, by decide⟩)]
  -- The numerator and denominator are coprime
  have reduced : (3 / 8075).num = 3 ∧ (3 / 8075).den = 8075 := by
    apply Rat.num_den_mk
    · exact Nat.Prime.ne_one (by decide) (Nat.gcd_eq_one_iff_coprime.mp gcd_eq)
    · exact gcd_eq
  -- Extract numerator and denominator
  rcases reduced with ⟨hnum, hden⟩
  rw [hnum, hden]
  -- Compute p + q = 3 + 8075 = 8078
  norm_num
2025-04-14 01:23:45 - INFO - ==================================================

2025-04-14 01:23:46 - INFO - Testing fragment: rw [left_distrib]
2025-04-14 01:23:46 - INFO - Original error line:     rw [h₂ n]
2025-04-14 01:23:48 - INFO - Testing fix: Original errors: 9, Fixed errors: 9
2025-04-14 01:23:48 - INFO - Result: False (introduced 1 new errors)
2025-04-14 01:23:48 - DEBUG - === New errors detail ===
2025-04-14 01:23:48 - DEBUG - New Error 1: line 14, type: rewrite_failed, message: tactic 'rewrite' failed, did not find instance of the pattern in the target expression
  ?a * (?b + ?c)
a : ℕ → ℚ
h₀ : a 1 = 1
h₁ : a 2 = 3 / 7
h₂ : ∀ (n : ℕ), a (n + 2) = a n * a (n + 1) / (2 * a n - a (n + 1))
b : ℕ → ℚ := fun n => 1 / a n
n : ℕ
⊢ b (n + 2) = 2 * b (n + 1) - b n
2025-04-14 01:23:48 - INFO - Testing fragment: rw [right_distrib]
2025-04-14 01:23:48 - INFO - Original error line:     rw [h₂ n]
2025-04-14 01:23:50 - INFO - Testing fix: Original errors: 9, Fixed errors: 9
2025-04-14 01:23:50 - INFO - Result: False (introduced 1 new errors)
2025-04-14 01:23:50 - DEBUG - === New errors detail ===
2025-04-14 01:23:50 - DEBUG - New Error 1: line 14, type: rewrite_failed, message: tactic 'rewrite' failed, did not find instance of the pattern in the target expression
  (?a + ?b) * ?c
a : ℕ → ℚ
h₀ : a 1 = 1
h₁ : a 2 = 3 / 7
h₂ : ∀ (n : ℕ), a (n + 2) = a n * a (n + 1) / (2 * a n - a (n + 1))
b : ℕ → ℚ := fun n => 1 / a n
n : ℕ
⊢ b (n + 2) = 2 * b (n + 1) - b n
2025-04-14 01:23:50 - INFO - Testing fragment: rw [distrib_three_right]
2025-04-14 01:23:50 - INFO - Original error line:     rw [h₂ n]
2025-04-14 01:23:52 - INFO - Testing fix: Original errors: 9, Fixed errors: 9
2025-04-14 01:23:52 - INFO - Result: False (introduced 1 new errors)
2025-04-14 01:23:52 - DEBUG - === New errors detail ===
2025-04-14 01:23:52 - DEBUG - New Error 1: line 14, type: rewrite_failed, message: tactic 'rewrite' failed, did not find instance of the pattern in the target expression
  (?a + ?b + ?c) * ?d
a : ℕ → ℚ
h₀ : a 1 = 1
h₁ : a 2 = 3 / 7
h₂ : ∀ (n : ℕ), a (n + 2) = a n * a (n + 1) / (2 * a n - a (n + 1))
b : ℕ → ℚ := fun n => 1 / a n
n : ℕ
⊢ b (n + 2) = 2 * b (n + 1) - b n
2025-04-14 01:23:52 - INFO - Testing fragment: rw [add_one_mul]
2025-04-14 01:23:52 - INFO - Original error line:     rw [h₂ n]
2025-04-14 01:23:54 - INFO - Testing fix: Original errors: 9, Fixed errors: 9
2025-04-14 01:23:54 - INFO - Result: False (introduced 1 new errors)
2025-04-14 01:23:54 - DEBUG - === New errors detail ===
2025-04-14 01:23:54 - DEBUG - New Error 1: line 14, type: rewrite_failed, message: tactic 'rewrite' failed, did not find instance of the pattern in the target expression
  (?a + 1) * ?b
a : ℕ → ℚ
h₀ : a 1 = 1
h₁ : a 2 = 3 / 7
h₂ : ∀ (n : ℕ), a (n + 2) = a n * a (n + 1) / (2 * a n - a (n + 1))
b : ℕ → ℚ := fun n => 1 / a n
n : ℕ
⊢ b (n + 2) = 2 * b (n + 1) - b n
2025-04-14 01:23:54 - INFO - Testing fragment: rw [mul_add_one]
2025-04-14 01:23:54 - INFO - Original error line:     rw [h₂ n]
2025-04-14 01:23:56 - INFO - Testing fix: Original errors: 9, Fixed errors: 9
2025-04-14 01:23:56 - INFO - Result: False (introduced 1 new errors)
2025-04-14 01:23:56 - DEBUG - === New errors detail ===
2025-04-14 01:23:56 - DEBUG - New Error 1: line 14, type: rewrite_failed, message: tactic 'rewrite' failed, did not find instance of the pattern in the target expression
  ?a * (?b + 1)
a : ℕ → ℚ
h₀ : a 1 = 1
h₁ : a 2 = 3 / 7
h₂ : ∀ (n : ℕ), a (n + 2) = a n * a (n + 1) / (2 * a n - a (n + 1))
b : ℕ → ℚ := fun n => 1 / a n
n : ℕ
⊢ b (n + 2) = 2 * b (n + 1) - b n
2025-04-14 01:23:56 - INFO - Testing fragment: rw [one_add_mul]
2025-04-14 01:23:56 - INFO - Original error line:     rw [h₂ n]
2025-04-14 01:23:58 - INFO - Testing fix: Original errors: 9, Fixed errors: 9
2025-04-14 01:23:58 - INFO - Result: False (introduced 1 new errors)
2025-04-14 01:23:58 - DEBUG - === New errors detail ===
2025-04-14 01:23:58 - DEBUG - New Error 1: line 14, type: rewrite_failed, message: tactic 'rewrite' failed, did not find instance of the pattern in the target expression
  (1 + ?a) * ?b
a : ℕ → ℚ
h₀ : a 1 = 1
h₁ : a 2 = 3 / 7
h₂ : ∀ (n : ℕ), a (n + 2) = a n * a (n + 1) / (2 * a n - a (n + 1))
b : ℕ → ℚ := fun n => 1 / a n
n : ℕ
⊢ b (n + 2) = 2 * b (n + 1) - b n
2025-04-14 01:23:58 - INFO - Testing fragment: rw [mul_one_add]
2025-04-14 01:23:58 - INFO - Original error line:     rw [h₂ n]
2025-04-14 01:24:00 - INFO - Testing fix: Original errors: 9, Fixed errors: 9
2025-04-14 01:24:00 - INFO - Result: False (introduced 1 new errors)
2025-04-14 01:24:00 - DEBUG - === New errors detail ===
2025-04-14 01:24:00 - DEBUG - New Error 1: line 14, type: rewrite_failed, message: tactic 'rewrite' failed, did not find instance of the pattern in the target expression
  ?a * (1 + ?b)
a : ℕ → ℚ
h₀ : a 1 = 1
h₁ : a 2 = 3 / 7
h₂ : ∀ (n : ℕ), a (n + 2) = a n * a (n + 1) / (2 * a n - a (n + 1))
b : ℕ → ℚ := fun n => 1 / a n
n : ℕ
⊢ b (n + 2) = 2 * b (n + 1) - b n
2025-04-14 01:24:00 - INFO - Testing fragment: rw [two_mul]
2025-04-14 01:24:00 - INFO - Original error line:     rw [h₂ n]
2025-04-14 01:24:02 - INFO - Testing fix: Original errors: 9, Fixed errors: 10
2025-04-14 01:24:02 - INFO - Result: False (introduced 2 new errors)
2025-04-14 01:24:02 - DEBUG - === New errors detail ===
2025-04-14 01:24:02 - DEBUG - New Error 1: line 18, type: ring_failed, message: Try this: ring_nf
2025-04-14 01:24:02 - DEBUG - New Error 2: line 11, type: other_error, message: unsolved goals
a : ℕ → ℚ
h₀ : a 1 = 1
h₁ : a 2 = 3 / 7
h₂ : ∀ (n : ℕ), a (n + 2) = a n * a (n + 1) / (2 * a n - a (n + 1))
b : ℕ → ℚ := fun n => 1 / a n
n : ℕ
⊢ (a (2 + n))⁻¹ = (a (1 + n))⁻¹ * 2 - (a n)⁻¹
2025-04-14 01:24:02 - INFO - Testing fragment: rw [mul_two]
2025-04-14 01:24:02 - INFO - Original error line:     rw [h₂ n]
2025-04-14 01:24:04 - INFO - Testing fix: Original errors: 9, Fixed errors: 9
2025-04-14 01:24:04 - INFO - Result: False (introduced 1 new errors)
2025-04-14 01:24:04 - DEBUG - === New errors detail ===
2025-04-14 01:24:04 - DEBUG - New Error 1: line 14, type: rewrite_failed, message: tactic 'rewrite' failed, did not find instance of the pattern in the target expression
  ?n * 2
a : ℕ → ℚ
h₀ : a 1 = 1
h₁ : a 2 = 3 / 7
h₂ : ∀ (n : ℕ), a (n + 2) = a n * a (n + 1) / (2 * a n - a (n + 1))
b : ℕ → ℚ := fun n => 1 / a n
n : ℕ
⊢ b (n + 2) = 2 * b (n + 1) - b n
2025-04-14 01:24:04 - INFO - Testing fragment: rw [mul_boole]
2025-04-14 01:24:04 - INFO - Original error line:     rw [h₂ n]
2025-04-14 01:24:06 - INFO - Testing fix: Original errors: 9, Fixed errors: 9
2025-04-14 01:24:06 - INFO - Result: False (introduced 1 new errors)
2025-04-14 01:24:06 - DEBUG - === New errors detail ===
2025-04-14 01:24:06 - DEBUG - New Error 1: line 14, type: rewrite_failed, message: tactic 'rewrite' failed, did not find instance of the pattern in the target expression
  ?a * if ?P then 1 else 0
a : ℕ → ℚ
h₀ : a 1 = 1
h₁ : a 2 = 3 / 7
h₂ : ∀ (n : ℕ), a (n + 2) = a n * a (n + 1) / (2 * a n - a (n + 1))
b : ℕ → ℚ := fun n => 1 / a n
n : ℕ
⊢ b (n + 2) = 2 * b (n + 1) - b n
2025-04-14 01:24:06 - INFO - Testing fragment: rw [boole_mul]
2025-04-14 01:24:06 - INFO - Original error line:     rw [h₂ n]
2025-04-14 01:24:08 - INFO - Testing fix: Original errors: 9, Fixed errors: 9
2025-04-14 01:24:08 - INFO - Result: False (introduced 1 new errors)
2025-04-14 01:24:08 - DEBUG - === New errors detail ===
2025-04-14 01:24:08 - DEBUG - New Error 1: line 14, type: rewrite_failed, message: tactic 'rewrite' failed, did not find instance of the pattern in the target expression
  (if ?P then 1 else 0) * ?a
a : ℕ → ℚ
h₀ : a 1 = 1
h₁ : a 2 = 3 / 7
h₂ : ∀ (n : ℕ), a (n + 2) = a n * a (n + 1) / (2 * a n - a (n + 1))
b : ℕ → ℚ := fun n => 1 / a n
n : ℕ
⊢ b (n + 2) = 2 * b (n + 1) - b n
2025-04-14 01:24:08 - INFO - Testing fragment: rw [add_mul_self_eq]
2025-04-14 01:24:08 - INFO - Original error line:     rw [h₂ n]
2025-04-14 01:24:10 - INFO - Testing fix: Original errors: 9, Fixed errors: 9
2025-04-14 01:24:10 - INFO - Result: False (introduced 1 new errors)
2025-04-14 01:24:10 - DEBUG - === New errors detail ===
2025-04-14 01:24:10 - DEBUG - New Error 1: line 14, type: rewrite_failed, message: tactic 'rewrite' failed, did not find instance of the pattern in the target expression
  (?a + ?b) * (?a + ?b)
a : ℕ → ℚ
h₀ : a 1 = 1
h₁ : a 2 = 3 / 7
h₂ : ∀ (n : ℕ), a (n + 2) = a n * a (n + 1) / (2 * a n - a (n + 1))
b : ℕ → ℚ := fun n => 1 / a n
n : ℕ
⊢ b (n + 2) = 2 * b (n + 1) - b n
2025-04-14 01:24:10 - INFO - Testing fragment: rw [neg_mul]
2025-04-14 01:24:10 - INFO - Original error line:     rw [h₂ n]
2025-04-14 01:24:12 - INFO - Testing fix: Original errors: 9, Fixed errors: 9
2025-04-14 01:24:12 - INFO - Result: False (introduced 1 new errors)
2025-04-14 01:24:12 - DEBUG - === New errors detail ===
2025-04-14 01:24:12 - DEBUG - New Error 1: line 14, type: rewrite_failed, message: tactic 'rewrite' failed, did not find instance of the pattern in the target expression
  -?a * ?b
a : ℕ → ℚ
h₀ : a 1 = 1
h₁ : a 2 = 3 / 7
h₂ : ∀ (n : ℕ), a (n + 2) = a n * a (n + 1) / (2 * a n - a (n + 1))
b : ℕ → ℚ := fun n => 1 / a n
n : ℕ
⊢ b (n + 2) = 2 * b (n + 1) - b n
2025-04-14 01:24:12 - INFO - Testing fragment: rw [mul_neg]
2025-04-14 01:24:12 - INFO - Original error line:     rw [h₂ n]
2025-04-14 01:24:14 - INFO - Testing fix: Original errors: 9, Fixed errors: 9
2025-04-14 01:24:14 - INFO - Result: False (introduced 1 new errors)
2025-04-14 01:24:14 - DEBUG - === New errors detail ===
2025-04-14 01:24:14 - DEBUG - New Error 1: line 14, type: rewrite_failed, message: tactic 'rewrite' failed, did not find instance of the pattern in the target expression
  ?a * -?b
a : ℕ → ℚ
h₀ : a 1 = 1
h₁ : a 2 = 3 / 7
h₂ : ∀ (n : ℕ), a (n + 2) = a n * a (n + 1) / (2 * a n - a (n + 1))
b : ℕ → ℚ := fun n => 1 / a n
n : ℕ
⊢ b (n + 2) = 2 * b (n + 1) - b n
2025-04-14 01:24:14 - INFO - Testing fragment: rw [neg_mul_neg]
2025-04-14 01:24:14 - INFO - Original error line:     rw [h₂ n]
2025-04-14 01:24:16 - INFO - Testing fix: Original errors: 9, Fixed errors: 9
2025-04-14 01:24:16 - INFO - Result: False (introduced 1 new errors)
2025-04-14 01:24:16 - DEBUG - === New errors detail ===
2025-04-14 01:24:16 - DEBUG - New Error 1: line 14, type: rewrite_failed, message: tactic 'rewrite' failed, did not find instance of the pattern in the target expression
  -?a * -?b
a : ℕ → ℚ
h₀ : a 1 = 1
h₁ : a 2 = 3 / 7
h₂ : ∀ (n : ℕ), a (n + 2) = a n * a (n + 1) / (2 * a n - a (n + 1))
b : ℕ → ℚ := fun n => 1 / a n
n : ℕ
⊢ b (n + 2) = 2 * b (n + 1) - b n
2025-04-14 01:24:16 - INFO - Testing fragment: rw [neg_mul_eq_neg_mul]
2025-04-14 01:24:16 - INFO - Original error line:     rw [h₂ n]
2025-04-14 01:24:18 - INFO - Testing fix: Original errors: 9, Fixed errors: 9
2025-04-14 01:24:18 - INFO - Result: False (introduced 1 new errors)
2025-04-14 01:24:18 - DEBUG - === New errors detail ===
2025-04-14 01:24:18 - DEBUG - New Error 1: line 14, type: rewrite_failed, message: tactic 'rewrite' failed, did not find instance of the pattern in the target expression
  -(?a * ?b)
a : ℕ → ℚ
h₀ : a 1 = 1
h₁ : a 2 = 3 / 7
h₂ : ∀ (n : ℕ), a (n + 2) = a n * a (n + 1) / (2 * a n - a (n + 1))
b : ℕ → ℚ := fun n => 1 / a n
n : ℕ
⊢ b (n + 2) = 2 * b (n + 1) - b n
2025-04-14 01:24:18 - INFO - Testing fragment: rw [neg_mul_eq_mul_neg]
2025-04-14 01:24:18 - INFO - Original error line:     rw [h₂ n]
2025-04-14 01:24:20 - INFO - Testing fix: Original errors: 9, Fixed errors: 9
2025-04-14 01:24:20 - INFO - Result: False (introduced 1 new errors)
2025-04-14 01:24:20 - DEBUG - === New errors detail ===
2025-04-14 01:24:20 - DEBUG - New Error 1: line 14, type: rewrite_failed, message: tactic 'rewrite' failed, did not find instance of the pattern in the target expression
  -(?a * ?b)
a : ℕ → ℚ
h₀ : a 1 = 1
h₁ : a 2 = 3 / 7
h₂ : ∀ (n : ℕ), a (n + 2) = a n * a (n + 1) / (2 * a n - a (n + 1))
b : ℕ → ℚ := fun n => 1 / a n
n : ℕ
⊢ b (n + 2) = 2 * b (n + 1) - b n
2025-04-14 01:24:20 - INFO - Testing fragment: rw [neg_mul_comm]
2025-04-14 01:24:20 - INFO - Original error line:     rw [h₂ n]
2025-04-14 01:24:22 - INFO - Testing fix: Original errors: 9, Fixed errors: 9
2025-04-14 01:24:22 - INFO - Result: False (introduced 1 new errors)
2025-04-14 01:24:22 - DEBUG - === New errors detail ===
2025-04-14 01:24:22 - DEBUG - New Error 1: line 14, type: rewrite_failed, message: tactic 'rewrite' failed, did not find instance of the pattern in the target expression
  -?a * ?b
a : ℕ → ℚ
h₀ : a 1 = 1
h₁ : a 2 = 3 / 7
h₂ : ∀ (n : ℕ), a (n + 2) = a n * a (n + 1) / (2 * a n - a (n + 1))
b : ℕ → ℚ := fun n => 1 / a n
n : ℕ
⊢ b (n + 2) = 2 * b (n + 1) - b n
2025-04-14 01:24:22 - INFO - Testing fragment: rw [neg_eq_neg_one_mul]
2025-04-14 01:24:22 - INFO - Original error line:     rw [h₂ n]
2025-04-14 01:24:24 - INFO - Testing fix: Original errors: 9, Fixed errors: 9
2025-04-14 01:24:24 - INFO - Result: False (introduced 1 new errors)
2025-04-14 01:24:24 - DEBUG - === New errors detail ===
2025-04-14 01:24:24 - DEBUG - New Error 1: line 14, type: rewrite_failed, message: tactic 'rewrite' failed, did not find instance of the pattern in the target expression
  -?a
a : ℕ → ℚ
h₀ : a 1 = 1
h₁ : a 2 = 3 / 7
h₂ : ∀ (n : ℕ), a (n + 2) = a n * a (n + 1) / (2 * a n - a (n + 1))
b : ℕ → ℚ := fun n => 1 / a n
n : ℕ
⊢ b (n + 2) = 2 * b (n + 1) - b n
2025-04-14 01:24:24 - INFO - Testing fragment: rw [mul_neg_one]
2025-04-14 01:24:24 - INFO - Original error line:     rw [h₂ n]
2025-04-14 01:24:26 - INFO - Testing fix: Original errors: 9, Fixed errors: 9
2025-04-14 01:24:26 - INFO - Result: False (introduced 1 new errors)
2025-04-14 01:24:26 - DEBUG - === New errors detail ===
2025-04-14 01:24:26 - DEBUG - New Error 1: line 14, type: rewrite_failed, message: tactic 'rewrite' failed, did not find instance of the pattern in the target expression
  ?a * -1
a : ℕ → ℚ
h₀ : a 1 = 1
h₁ : a 2 = 3 / 7
h₂ : ∀ (n : ℕ), a (n + 2) = a n * a (n + 1) / (2 * a n - a (n + 1))
b : ℕ → ℚ := fun n => 1 / a n
n : ℕ
⊢ b (n + 2) = 2 * b (n + 1) - b n
2025-04-14 01:24:26 - INFO - Testing fragment: rw [neg_one_mul]
2025-04-14 01:24:26 - INFO - Original error line:     rw [h₂ n]
2025-04-14 01:24:28 - INFO - Testing fix: Original errors: 9, Fixed errors: 9
2025-04-14 01:24:28 - INFO - Result: False (introduced 1 new errors)
2025-04-14 01:24:28 - DEBUG - === New errors detail ===
2025-04-14 01:24:28 - DEBUG - New Error 1: line 14, type: rewrite_failed, message: tactic 'rewrite' failed, did not find instance of the pattern in the target expression
  -1 * ?a
a : ℕ → ℚ
h₀ : a 1 = 1
h₁ : a 2 = 3 / 7
h₂ : ∀ (n : ℕ), a (n + 2) = a n * a (n + 1) / (2 * a n - a (n + 1))
b : ℕ → ℚ := fun n => 1 / a n
n : ℕ
⊢ b (n + 2) = 2 * b (n + 1) - b n
2025-04-14 01:24:28 - INFO - Testing fragment: rw [mul_sub_left_distrib]
2025-04-14 01:24:28 - INFO - Original error line:     rw [h₂ n]
2025-04-14 01:24:30 - INFO - Testing fix: Original errors: 9, Fixed errors: 9
2025-04-14 01:24:30 - INFO - Result: False (introduced 1 new errors)
2025-04-14 01:24:30 - DEBUG - === New errors detail ===
2025-04-14 01:24:30 - DEBUG - New Error 1: line 14, type: rewrite_failed, message: tactic 'rewrite' failed, did not find instance of the pattern in the target expression
  ?a * (?b - ?c)
a : ℕ → ℚ
h₀ : a 1 = 1
h₁ : a 2 = 3 / 7
h₂ : ∀ (n : ℕ), a (n + 2) = a n * a (n + 1) / (2 * a n - a (n + 1))
b : ℕ → ℚ := fun n => 1 / a n
n : ℕ
⊢ b (n + 2) = 2 * b (n + 1) - b n
2025-04-14 01:24:30 - INFO - Testing fragment: rw [mul_sub_right_distrib]
2025-04-14 01:24:30 - INFO - Original error line:     rw [h₂ n]
2025-04-14 01:24:32 - INFO - Testing fix: Original errors: 9, Fixed errors: 9
2025-04-14 01:24:32 - INFO - Result: False (introduced 1 new errors)
2025-04-14 01:24:32 - DEBUG - === New errors detail ===
2025-04-14 01:24:32 - DEBUG - New Error 1: line 14, type: rewrite_failed, message: tactic 'rewrite' failed, did not find instance of the pattern in the target expression
  (?a - ?b) * ?c
a : ℕ → ℚ
h₀ : a 1 = 1
h₁ : a 2 = 3 / 7
h₂ : ∀ (n : ℕ), a (n + 2) = a n * a (n + 1) / (2 * a n - a (n + 1))
b : ℕ → ℚ := fun n => 1 / a n
n : ℕ
⊢ b (n + 2) = 2 * b (n + 1) - b n
2025-04-14 01:24:32 - INFO - Testing fragment: rw [sub_one_mul]
2025-04-14 01:24:32 - INFO - Original error line:     rw [h₂ n]
2025-04-14 01:24:34 - INFO - Testing fix: Original errors: 9, Fixed errors: 9
2025-04-14 01:24:34 - INFO - Result: False (introduced 1 new errors)
2025-04-14 01:24:34 - DEBUG - === New errors detail ===
2025-04-14 01:24:34 - DEBUG - New Error 1: line 14, type: rewrite_failed, message: tactic 'rewrite' failed, did not find instance of the pattern in the target expression
  (?a - 1) * ?b
a : ℕ → ℚ
h₀ : a 1 = 1
h₁ : a 2 = 3 / 7
h₂ : ∀ (n : ℕ), a (n + 2) = a n * a (n + 1) / (2 * a n - a (n + 1))
b : ℕ → ℚ := fun n => 1 / a n
n : ℕ
⊢ b (n + 2) = 2 * b (n + 1) - b n
2025-04-14 01:24:34 - INFO - Testing fragment: rw [mul_sub_one]
2025-04-14 01:24:34 - INFO - Original error line:     rw [h₂ n]
2025-04-14 01:24:36 - INFO - Testing fix: Original errors: 9, Fixed errors: 9
2025-04-14 01:24:36 - INFO - Result: False (introduced 1 new errors)
2025-04-14 01:24:36 - DEBUG - === New errors detail ===
2025-04-14 01:24:36 - DEBUG - New Error 1: line 14, type: rewrite_failed, message: tactic 'rewrite' failed, did not find instance of the pattern in the target expression
  ?a * (?b - 1)
a : ℕ → ℚ
h₀ : a 1 = 1
h₁ : a 2 = 3 / 7
h₂ : ∀ (n : ℕ), a (n + 2) = a n * a (n + 1) / (2 * a n - a (n + 1))
b : ℕ → ℚ := fun n => 1 / a n
n : ℕ
⊢ b (n + 2) = 2 * b (n + 1) - b n
2025-04-14 01:24:36 - INFO - Testing fragment: rw [one_sub_mul]
2025-04-14 01:24:36 - INFO - Original error line:     rw [h₂ n]
2025-04-14 01:24:38 - INFO - Testing fix: Original errors: 9, Fixed errors: 9
2025-04-14 01:24:38 - INFO - Result: False (introduced 1 new errors)
2025-04-14 01:24:38 - DEBUG - === New errors detail ===
2025-04-14 01:24:38 - DEBUG - New Error 1: line 14, type: rewrite_failed, message: tactic 'rewrite' failed, did not find instance of the pattern in the target expression
  (1 - ?a) * ?b
a : ℕ → ℚ
h₀ : a 1 = 1
h₁ : a 2 = 3 / 7
h₂ : ∀ (n : ℕ), a (n + 2) = a n * a (n + 1) / (2 * a n - a (n + 1))
b : ℕ → ℚ := fun n => 1 / a n
n : ℕ
⊢ b (n + 2) = 2 * b (n + 1) - b n
2025-04-14 01:24:38 - INFO - Testing fragment: rw [mul_one_sub]
2025-04-14 01:24:38 - INFO - Original error line:     rw [h₂ n]
2025-04-14 01:24:40 - INFO - Testing fix: Original errors: 9, Fixed errors: 9
2025-04-14 01:24:40 - INFO - Result: False (introduced 1 new errors)
2025-04-14 01:24:40 - DEBUG - === New errors detail ===
2025-04-14 01:24:40 - DEBUG - New Error 1: line 14, type: rewrite_failed, message: tactic 'rewrite' failed, did not find instance of the pattern in the target expression
  ?a * (1 - ?b)
a : ℕ → ℚ
h₀ : a 1 = 1
h₁ : a 2 = 3 / 7
h₂ : ∀ (n : ℕ), a (n + 2) = a n * a (n + 1) / (2 * a n - a (n + 1))
b : ℕ → ℚ := fun n => 1 / a n
n : ℕ
⊢ b (n + 2) = 2 * b (n + 1) - b n
2025-04-14 01:24:40 - INFO - Testing fragment: rw [mul_left_cancel]
2025-04-14 01:24:40 - INFO - Original error line:     rw [h₂ n]
2025-04-14 01:24:42 - INFO - Testing fix: Original errors: 9, Fixed errors: 9
2025-04-14 01:24:42 - INFO - Result: False (introduced 1 new errors)
2025-04-14 01:24:42 - DEBUG - === New errors detail ===
2025-04-14 01:24:42 - DEBUG - New Error 1: line 14, type: rewrite_failed, message: tactic 'rewrite' failed, pattern is a metavariable
  ?m.868
from equation
  ?m.868 = ?m.869
a : ℕ → ℚ
h₀ : a 1 = 1
h₁ : a 2 = 3 / 7
h₂ : ∀ (n : ℕ), a (n + 2) = a n * a (n + 1) / (2 * a n - a (n + 1))
b : ℕ → ℚ := fun n => 1 / a n
n : ℕ
⊢ b (n + 2) = 2 * b (n + 1) - b n
2025-04-14 01:24:42 - INFO - Testing fragment: rw [mul_left_cancel_iff]
2025-04-14 01:24:42 - INFO - Original error line:     rw [h₂ n]
2025-04-14 01:24:44 - INFO - Testing fix: Original errors: 9, Fixed errors: 9
2025-04-14 01:24:44 - INFO - Result: False (introduced 1 new errors)
2025-04-14 01:24:44 - DEBUG - === New errors detail ===
2025-04-14 01:24:44 - DEBUG - New Error 1: line 14, type: rewrite_failed, message: tactic 'rewrite' failed, did not find instance of the pattern in the target expression
  ?m.867 * ?m.868 = ?m.867 * ?m.869
a : ℕ → ℚ
h₀ : a 1 = 1
h₁ : a 2 = 3 / 7
h₂ : ∀ (n : ℕ), a (n + 2) = a n * a (n + 1) / (2 * a n - a (n + 1))
b : ℕ → ℚ := fun n => 1 / a n
n : ℕ
⊢ b (n + 2) = 2 * b (n + 1) - b n
2025-04-14 01:24:44 - INFO - Testing fragment: rw [mul_right_injective]
2025-04-14 01:24:44 - INFO - Original error line:     rw [h₂ n]
2025-04-14 01:24:46 - INFO - Testing fix: Original errors: 9, Fixed errors: 9
2025-04-14 01:24:46 - INFO - Result: False (introduced 1 new errors)
2025-04-14 01:24:46 - DEBUG - === New errors detail ===
2025-04-14 01:24:46 - DEBUG - New Error 1: line 14, type: rewrite_failed, message: tactic 'rewrite' failed, pattern is a metavariable
  ?a₁
from equation
  ?a₁ = ?a₂
a : ℕ → ℚ
h₀ : a 1 = 1
h₁ : a 2 = 3 / 7
h₂ : ∀ (n : ℕ), a (n + 2) = a n * a (n + 1) / (2 * a n - a (n + 1))
b : ℕ → ℚ := fun n => 1 / a n
n : ℕ
⊢ b (n + 2) = 2 * b (n + 1) - b n
2025-04-14 01:24:46 - INFO - Testing fragment: rw [mul_right_inj]
2025-04-14 01:24:46 - INFO - Original error line:     rw [h₂ n]
2025-04-14 01:24:48 - INFO - Testing fix: Original errors: 9, Fixed errors: 9
2025-04-14 01:24:48 - INFO - Result: False (introduced 1 new errors)
2025-04-14 01:24:48 - DEBUG - === New errors detail ===
2025-04-14 01:24:48 - DEBUG - New Error 1: line 14, type: rewrite_failed, message: tactic 'rewrite' failed, did not find instance of the pattern in the target expression
  ?a * ?b = ?a * ?c
a : ℕ → ℚ
h₀ : a 1 = 1
h₁ : a 2 = 3 / 7
h₂ : ∀ (n : ℕ), a (n + 2) = a n * a (n + 1) / (2 * a n - a (n + 1))
b : ℕ → ℚ := fun n => 1 / a n
n : ℕ
⊢ b (n + 2) = 2 * b (n + 1) - b n
2025-04-14 01:24:48 - INFO - Testing fragment: rw [mul_ne_mul_right]
2025-04-14 01:24:48 - INFO - Original error line:     rw [h₂ n]
2025-04-14 01:24:50 - INFO - Testing fix: Original errors: 9, Fixed errors: 9
2025-04-14 01:24:50 - INFO - Result: False (introduced 1 new errors)
2025-04-14 01:24:50 - DEBUG - === New errors detail ===
2025-04-14 01:24:50 - DEBUG - New Error 1: line 14, type: rewrite_failed, message: tactic 'rewrite' failed, did not find instance of the pattern in the target expression
  ?a * ?b ≠ ?a * ?c
a : ℕ → ℚ
h₀ : a 1 = 1
h₁ : a 2 = 3 / 7
h₂ : ∀ (n : ℕ), a (n + 2) = a n * a (n + 1) / (2 * a n - a (n + 1))
b : ℕ → ℚ := fun n => 1 / a n
n : ℕ
⊢ b (n + 2) = 2 * b (n + 1) - b n
2025-04-14 01:24:50 - INFO - Testing fragment: rw [mul_right_cancel]
2025-04-14 01:24:50 - INFO - Original error line:     rw [h₂ n]
2025-04-14 01:24:52 - INFO - Testing fix: Original errors: 9, Fixed errors: 9
2025-04-14 01:24:52 - INFO - Result: False (introduced 1 new errors)
2025-04-14 01:24:52 - DEBUG - === New errors detail ===
2025-04-14 01:24:52 - DEBUG - New Error 1: line 14, type: rewrite_failed, message: tactic 'rewrite' failed, pattern is a metavariable
  ?m.867
from equation
  ?m.867 = ?m.869
a : ℕ → ℚ
h₀ : a 1 = 1
h₁ : a 2 = 3 / 7
h₂ : ∀ (n : ℕ), a (n + 2) = a n * a (n + 1) / (2 * a n - a (n + 1))
b : ℕ → ℚ := fun n => 1 / a n
n : ℕ
⊢ b (n + 2) = 2 * b (n + 1) - b n
2025-04-14 01:24:52 - INFO - Testing fragment: rw [mul_right_cancel_iff]
2025-04-14 01:24:52 - INFO - Original error line:     rw [h₂ n]
2025-04-14 01:24:54 - INFO - Testing fix: Original errors: 9, Fixed errors: 9
2025-04-14 01:24:54 - INFO - Result: False (introduced 1 new errors)
2025-04-14 01:24:54 - DEBUG - === New errors detail ===
2025-04-14 01:24:54 - DEBUG - New Error 1: line 14, type: rewrite_failed, message: tactic 'rewrite' failed, did not find instance of the pattern in the target expression
  ?m.868 * ?m.867 = ?m.869 * ?m.867
a : ℕ → ℚ
h₀ : a 1 = 1
h₁ : a 2 = 3 / 7
h₂ : ∀ (n : ℕ), a (n + 2) = a n * a (n + 1) / (2 * a n - a (n + 1))
b : ℕ → ℚ := fun n => 1 / a n
n : ℕ
⊢ b (n + 2) = 2 * b (n + 1) - b n
2025-04-14 01:24:54 - INFO - Testing fragment: rw [mul_left_injective]
2025-04-14 01:24:54 - INFO - Original error line:     rw [h₂ n]
2025-04-14 01:24:56 - INFO - Testing fix: Original errors: 9, Fixed errors: 9
2025-04-14 01:24:56 - INFO - Result: False (introduced 1 new errors)
2025-04-14 01:24:56 - DEBUG - === New errors detail ===
2025-04-14 01:24:56 - DEBUG - New Error 1: line 14, type: rewrite_failed, message: tactic 'rewrite' failed, pattern is a metavariable
  ?a₁
from equation
  ?a₁ = ?a₂
a : ℕ → ℚ
h₀ : a 1 = 1
h₁ : a 2 = 3 / 7
h₂ : ∀ (n : ℕ), a (n + 2) = a n * a (n + 1) / (2 * a n - a (n + 1))
b : ℕ → ℚ := fun n => 1 / a n
n : ℕ
⊢ b (n + 2) = 2 * b (n + 1) - b n
2025-04-14 01:24:56 - INFO - Testing fragment: rw [mul_left_inj]
2025-04-14 01:24:56 - INFO - Original error line:     rw [h₂ n]
2025-04-14 01:24:58 - INFO - Testing fix: Original errors: 9, Fixed errors: 9
2025-04-14 01:24:58 - INFO - Result: False (introduced 1 new errors)
2025-04-14 01:24:58 - DEBUG - === New errors detail ===
2025-04-14 01:24:58 - DEBUG - New Error 1: line 14, type: rewrite_failed, message: tactic 'rewrite' failed, did not find instance of the pattern in the target expression
  ?b * ?a = ?c * ?a
a : ℕ → ℚ
h₀ : a 1 = 1
h₁ : a 2 = 3 / 7
h₂ : ∀ (n : ℕ), a (n + 2) = a n * a (n + 1) / (2 * a n - a (n + 1))
b : ℕ → ℚ := fun n => 1 / a n
n : ℕ
⊢ b (n + 2) = 2 * b (n + 1) - b n
2025-04-14 01:24:58 - INFO - Testing fragment: rw [mul_ne_mul_left]
2025-04-14 01:24:58 - INFO - Original error line:     rw [h₂ n]
2025-04-14 01:25:00 - INFO - Testing fix: Original errors: 9, Fixed errors: 9
2025-04-14 01:25:00 - INFO - Result: False (introduced 1 new errors)
2025-04-14 01:25:00 - DEBUG - === New errors detail ===
2025-04-14 01:25:00 - DEBUG - New Error 1: line 14, type: rewrite_failed, message: tactic 'rewrite' failed, did not find instance of the pattern in the target expression
  ?b * ?a ≠ ?c * ?a
a : ℕ → ℚ
h₀ : a 1 = 1
h₁ : a 2 = 3 / 7
h₂ : ∀ (n : ℕ), a (n + 2) = a n * a (n + 1) / (2 * a n - a (n + 1))
b : ℕ → ℚ := fun n => 1 / a n
n : ℕ
⊢ b (n + 2) = 2 * b (n + 1) - b n
2025-04-14 01:25:00 - INFO - Testing fragment: rw [mul_assoc]
2025-04-14 01:25:00 - INFO - Original error line:     rw [h₂ n]
2025-04-14 01:25:02 - INFO - Testing fix: Original errors: 9, Fixed errors: 9
2025-04-14 01:25:02 - INFO - Result: False (introduced 1 new errors)
2025-04-14 01:25:02 - DEBUG - === New errors detail ===
2025-04-14 01:25:02 - DEBUG - New Error 1: line 14, type: rewrite_failed, message: tactic 'rewrite' failed, did not find instance of the pattern in the target expression
  ?a * ?b * ?c
a : ℕ → ℚ
h₀ : a 1 = 1
h₁ : a 2 = 3 / 7
h₂ : ∀ (n : ℕ), a (n + 2) = a n * a (n + 1) / (2 * a n - a (n + 1))
b : ℕ → ℚ := fun n => 1 / a n
n : ℕ
⊢ b (n + 2) = 2 * b (n + 1) - b n
2025-04-14 01:25:02 - INFO - Testing fragment: rw [mul_comm]
2025-04-14 01:25:02 - INFO - Original error line:     rw [h₂ n]
2025-04-14 01:25:04 - INFO - Testing fix: Original errors: 9, Fixed errors: 10
2025-04-14 01:25:04 - INFO - Result: False (introduced 2 new errors)
2025-04-14 01:25:04 - DEBUG - === New errors detail ===
2025-04-14 01:25:04 - DEBUG - New Error 1: line 18, type: ring_failed, message: Try this: ring_nf
2025-04-14 01:25:04 - DEBUG - New Error 2: line 11, type: other_error, message: unsolved goals
a : ℕ → ℚ
h₀ : a 1 = 1
h₁ : a 2 = 3 / 7
h₂ : ∀ (n : ℕ), a (n + 2) = a n * a (n + 1) / (2 * a n - a (n + 1))
b : ℕ → ℚ := fun n => 1 / a n
n : ℕ
⊢ (a (2 + n))⁻¹ = (a (1 + n))⁻¹ * 2 - (a n)⁻¹
2025-04-14 01:25:04 - INFO - Testing fragment: rw [MulOneClass]
2025-04-14 01:25:04 - INFO - Original error line:     rw [h₂ n]
2025-04-14 01:25:06 - INFO - Testing fix: Original errors: 9, Fixed errors: 9
2025-04-14 01:25:06 - INFO - Result: False (introduced 1 new errors)
2025-04-14 01:25:06 - DEBUG - === New errors detail ===
2025-04-14 01:25:06 - DEBUG - New Error 1: line 14, type: rewrite_failed, message: tactic 'rewrite' failed, equality or iff proof expected
  Type ?u.863
a : ℕ → ℚ
h₀ : a 1 = 1
h₁ : a 2 = 3 / 7
h₂ : ∀ (n : ℕ), a (n + 2) = a n * a (n + 1) / (2 * a n - a (n + 1))
b : ℕ → ℚ := fun n => 1 / a n
n : ℕ
⊢ b (n + 2) = 2 * b (n + 1) - b n
2025-04-14 01:25:06 - INFO - Testing fragment: rw [one_mul]
2025-04-14 01:25:06 - INFO - Original error line:     rw [h₂ n]
2025-04-14 01:25:08 - INFO - Testing fix: Original errors: 9, Fixed errors: 9
2025-04-14 01:25:08 - INFO - Result: False (introduced 1 new errors)
2025-04-14 01:25:08 - DEBUG - === New errors detail ===
2025-04-14 01:25:08 - DEBUG - New Error 1: line 14, type: rewrite_failed, message: tactic 'rewrite' failed, did not find instance of the pattern in the target expression
  1 * ?a
a : ℕ → ℚ
h₀ : a 1 = 1
h₁ : a 2 = 3 / 7
h₂ : ∀ (n : ℕ), a (n + 2) = a n * a (n + 1) / (2 * a n - a (n + 1))
b : ℕ → ℚ := fun n => 1 / a n
n : ℕ
⊢ b (n + 2) = 2 * b (n + 1) - b n
2025-04-14 01:25:08 - INFO - Testing fragment: rw [mul_one]
2025-04-14 01:25:08 - INFO - Original error line:     rw [h₂ n]
2025-04-14 01:25:10 - INFO - Testing fix: Original errors: 9, Fixed errors: 9
2025-04-14 01:25:10 - INFO - Result: False (introduced 1 new errors)
2025-04-14 01:25:10 - DEBUG - === New errors detail ===
2025-04-14 01:25:10 - DEBUG - New Error 1: line 14, type: rewrite_failed, message: tactic 'rewrite' failed, did not find instance of the pattern in the target expression
  ?a * 1
a : ℕ → ℚ
h₀ : a 1 = 1
h₁ : a 2 = 3 / 7
h₂ : ∀ (n : ℕ), a (n + 2) = a n * a (n + 1) / (2 * a n - a (n + 1))
b : ℕ → ℚ := fun n => 1 / a n
n : ℕ
⊢ b (n + 2) = 2 * b (n + 1) - b n
2025-04-14 01:25:10 - INFO - Testing fragment: rw [npowRec_add]
2025-04-14 01:25:10 - INFO - Original error line:     rw [h₂ n]
2025-04-14 01:25:12 - INFO - Testing fix: Original errors: 9, Fixed errors: 10
2025-04-14 01:25:12 - INFO - Result: False (introduced 2 new errors)
2025-04-14 01:25:12 - DEBUG - === New errors detail ===
2025-04-14 01:25:12 - DEBUG - New Error 1: line 14, type: unknown_identifier, message: unknown identifier 'npowRec_add'
2025-04-14 01:25:12 - DEBUG - New Error 2: line 14, type: rewrite_failed, message: tactic 'rewrite' failed, equality or iff proof expected
  ?m.863
a : ℕ → ℚ
h₀ : a 1 = 1
h₁ : a 2 = 3 / 7
h₂ : ∀ (n : ℕ), a (n + 2) = a n * a (n + 1) / (2 * a n - a (n + 1))
b : ℕ → ℚ := fun n => 1 / a n
n : ℕ
⊢ b (n + 2) = 2 * b (n + 1) - b n
2025-04-14 01:25:12 - INFO - Testing fragment: rw [npowRec_succ]
2025-04-14 01:25:12 - INFO - Original error line:     rw [h₂ n]
2025-04-14 01:25:14 - INFO - Testing fix: Original errors: 9, Fixed errors: 10
2025-04-14 01:25:14 - INFO - Result: False (introduced 2 new errors)
2025-04-14 01:25:14 - DEBUG - === New errors detail ===
2025-04-14 01:25:14 - DEBUG - New Error 1: line 14, type: unknown_identifier, message: unknown identifier 'npowRec_succ'
2025-04-14 01:25:14 - DEBUG - New Error 2: line 14, type: rewrite_failed, message: tactic 'rewrite' failed, equality or iff proof expected
  ?m.863
a : ℕ → ℚ
h₀ : a 1 = 1
h₁ : a 2 = 3 / 7
h₂ : ∀ (n : ℕ), a (n + 2) = a n * a (n + 1) / (2 * a n - a (n + 1))
b : ℕ → ℚ := fun n => 1 / a n
n : ℕ
⊢ b (n + 2) = 2 * b (n + 1) - b n
2025-04-14 01:25:14 - INFO - Testing fragment: rw [npowRec'_succ]
2025-04-14 01:25:14 - INFO - Original error line:     rw [h₂ n]
2025-04-14 01:25:16 - INFO - Testing fix: Original errors: 9, Fixed errors: 10
2025-04-14 01:25:16 - INFO - Result: False (introduced 2 new errors)
2025-04-14 01:25:16 - DEBUG - === New errors detail ===
2025-04-14 01:25:16 - DEBUG - New Error 1: line 14, type: unknown_identifier, message: unknown identifier 'npowRec'_succ'
2025-04-14 01:25:16 - DEBUG - New Error 2: line 14, type: rewrite_failed, message: tactic 'rewrite' failed, equality or iff proof expected
  ?m.863
a : ℕ → ℚ
h₀ : a 1 = 1
h₁ : a 2 = 3 / 7
h₂ : ∀ (n : ℕ), a (n + 2) = a n * a (n + 1) / (2 * a n - a (n + 1))
b : ℕ → ℚ := fun n => 1 / a n
n : ℕ
⊢ b (n + 2) = 2 * b (n + 1) - b n
2025-04-14 01:25:16 - INFO - Testing fragment: rw [npowRec'_two_mul]
2025-04-14 01:25:16 - INFO - Original error line:     rw [h₂ n]
2025-04-14 01:25:18 - INFO - Testing fix: Original errors: 9, Fixed errors: 10
2025-04-14 01:25:18 - INFO - Result: False (introduced 2 new errors)
2025-04-14 01:25:18 - DEBUG - === New errors detail ===
2025-04-14 01:25:18 - DEBUG - New Error 1: line 14, type: unknown_identifier, message: unknown identifier 'npowRec'_two_mul'
2025-04-14 01:25:18 - DEBUG - New Error 2: line 14, type: rewrite_failed, message: tactic 'rewrite' failed, equality or iff proof expected
  ?m.863
a : ℕ → ℚ
h₀ : a 1 = 1
h₁ : a 2 = 3 / 7
h₂ : ∀ (n : ℕ), a (n + 2) = a n * a (n + 1) / (2 * a n - a (n + 1))
b : ℕ → ℚ := fun n => 1 / a n
n : ℕ
⊢ b (n + 2) = 2 * b (n + 1) - b n
2025-04-14 01:25:18 - INFO - Testing fragment: rw [npowRec'_mul_comm]
2025-04-14 01:25:18 - INFO - Original error line:     rw [h₂ n]
2025-04-14 01:25:20 - INFO - Testing fix: Original errors: 9, Fixed errors: 10
2025-04-14 01:25:20 - INFO - Result: False (introduced 2 new errors)
2025-04-14 01:25:20 - DEBUG - === New errors detail ===
2025-04-14 01:25:20 - DEBUG - New Error 1: line 14, type: unknown_identifier, message: unknown identifier 'npowRec'_mul_comm'
2025-04-14 01:25:20 - DEBUG - New Error 2: line 14, type: rewrite_failed, message: tactic 'rewrite' failed, equality or iff proof expected
  ?m.863
a : ℕ → ℚ
h₀ : a 1 = 1
h₁ : a 2 = 3 / 7
h₂ : ∀ (n : ℕ), a (n + 2) = a n * a (n + 1) / (2 * a n - a (n + 1))
b : ℕ → ℚ := fun n => 1 / a n
n : ℕ
⊢ b (n + 2) = 2 * b (n + 1) - b n
2025-04-14 01:25:20 - INFO - Testing fragment: rw [npowRec_eq]
2025-04-14 01:25:20 - INFO - Original error line:     rw [h₂ n]
2025-04-14 01:25:22 - INFO - Testing fix: Original errors: 9, Fixed errors: 10
2025-04-14 01:25:22 - INFO - Result: False (introduced 2 new errors)
2025-04-14 01:25:22 - DEBUG - === New errors detail ===
2025-04-14 01:25:22 - DEBUG - New Error 1: line 14, type: unknown_identifier, message: unknown identifier 'npowRec_eq'
2025-04-14 01:25:22 - DEBUG - New Error 2: line 14, type: rewrite_failed, message: tactic 'rewrite' failed, equality or iff proof expected
  ?m.863
a : ℕ → ℚ
h₀ : a 1 = 1
h₁ : a 2 = 3 / 7
h₂ : ∀ (n : ℕ), a (n + 2) = a n * a (n + 1) / (2 * a n - a (n + 1))
b : ℕ → ℚ := fun n => 1 / a n
n : ℕ
⊢ b (n + 2) = 2 * b (n + 1) - b n
2025-04-14 01:25:22 - INFO - Testing fragment: rw [npowBinRec]
2025-04-14 01:25:22 - INFO - Original error line:     rw [h₂ n]
2025-04-14 01:25:24 - INFO - Testing fix: Original errors: 9, Fixed errors: 10
2025-04-14 01:25:24 - INFO - Result: False (introduced 2 new errors)
2025-04-14 01:25:24 - DEBUG - === New errors detail ===
2025-04-14 01:25:24 - DEBUG - New Error 1: line 14, type: unknown_identifier, message: unknown identifier 'npowBinRec'
2025-04-14 01:25:24 - DEBUG - New Error 2: line 14, type: rewrite_failed, message: tactic 'rewrite' failed, equality or iff proof expected
  ?m.863
a : ℕ → ℚ
h₀ : a 1 = 1
h₁ : a 2 = 3 / 7
h₂ : ∀ (n : ℕ), a (n + 2) = a n * a (n + 1) / (2 * a n - a (n + 1))
b : ℕ → ℚ := fun n => 1 / a n
n : ℕ
⊢ b (n + 2) = 2 * b (n + 1) - b n
2025-04-14 01:25:24 - INFO - Testing fragment: rw [npowRec_eq_npowBinRec]
2025-04-14 01:25:24 - INFO - Original error line:     rw [h₂ n]
2025-04-14 01:25:26 - INFO - Testing fix: Original errors: 9, Fixed errors: 10
2025-04-14 01:25:26 - INFO - Result: False (introduced 2 new errors)
2025-04-14 01:25:26 - DEBUG - === New errors detail ===
2025-04-14 01:25:26 - DEBUG - New Error 1: line 14, type: unknown_identifier, message: unknown identifier 'npowRec_eq_npowBinRec'
2025-04-14 01:25:26 - DEBUG - New Error 2: line 14, type: rewrite_failed, message: tactic 'rewrite' failed, equality or iff proof expected
  ?m.863
a : ℕ → ℚ
h₀ : a 1 = 1
h₁ : a 2 = 3 / 7
h₂ : ∀ (n : ℕ), a (n + 2) = a n * a (n + 1) / (2 * a n - a (n + 1))
b : ℕ → ℚ := fun n => 1 / a n
n : ℕ
⊢ b (n + 2) = 2 * b (n + 1) - b n
2025-04-14 01:25:26 - INFO - Testing fragment: rw [npow_eq_pow]
2025-04-14 01:25:26 - INFO - Original error line:     rw [h₂ n]
2025-04-14 01:25:28 - INFO - Testing fix: Original errors: 9, Fixed errors: 9
2025-04-14 01:25:28 - INFO - Result: False (introduced 1 new errors)
2025-04-14 01:25:28 - DEBUG - === New errors detail ===
2025-04-14 01:25:28 - DEBUG - New Error 1: line 14, type: rewrite_failed, message: tactic 'rewrite' failed, did not find instance of the pattern in the target expression
  Monoid.npow ?n ?x
a : ℕ → ℚ
h₀ : a 1 = 1
h₁ : a 2 = 3 / 7
h₂ : ∀ (n : ℕ), a (n + 2) = a n * a (n + 1) / (2 * a n - a (n + 1))
b : ℕ → ℚ := fun n => 1 / a n
n : ℕ
⊢ b (n + 2) = 2 * b (n + 1) - b n
2025-04-14 01:25:28 - INFO - Testing fragment: rw [pow_zero]
2025-04-14 01:25:28 - INFO - Original error line:     rw [h₂ n]
2025-04-14 01:25:30 - INFO - Testing fix: Original errors: 9, Fixed errors: 9
2025-04-14 01:25:30 - INFO - Result: False (introduced 1 new errors)
2025-04-14 01:25:30 - DEBUG - === New errors detail ===
2025-04-14 01:25:30 - DEBUG - New Error 1: line 14, type: rewrite_failed, message: tactic 'rewrite' failed, did not find instance of the pattern in the target expression
  ?a ^ 0
a : ℕ → ℚ
h₀ : a 1 = 1
h₁ : a 2 = 3 / 7
h₂ : ∀ (n : ℕ), a (n + 2) = a n * a (n + 1) / (2 * a n - a (n + 1))
b : ℕ → ℚ := fun n => 1 / a n
n : ℕ
⊢ b (n + 2) = 2 * b (n + 1) - b n
2025-04-14 01:25:30 - INFO - Testing fragment: rw [pow_succ]
2025-04-14 01:25:30 - INFO - Original error line:     rw [h₂ n]
2025-04-14 01:25:32 - INFO - Testing fix: Original errors: 9, Fixed errors: 9
2025-04-14 01:25:32 - INFO - Result: False (introduced 1 new errors)
2025-04-14 01:25:32 - DEBUG - === New errors detail ===
2025-04-14 01:25:32 - DEBUG - New Error 1: line 14, type: rewrite_failed, message: tactic 'rewrite' failed, did not find instance of the pattern in the target expression
  ?a ^ (?n + 1)
a : ℕ → ℚ
h₀ : a 1 = 1
h₁ : a 2 = 3 / 7
h₂ : ∀ (n : ℕ), a (n + 2) = a n * a (n + 1) / (2 * a n - a (n + 1))
b : ℕ → ℚ := fun n => 1 / a n
n : ℕ
⊢ b (n + 2) = 2 * b (n + 1) - b n
2025-04-14 01:25:32 - INFO - Testing fragment: rw [inv_inv]
2025-04-14 01:25:32 - INFO - Original error line:     rw [h₂ n]
2025-04-14 01:25:34 - INFO - Testing fix: Original errors: 9, Fixed errors: 9
2025-04-14 01:25:34 - INFO - Result: False (introduced 1 new errors)
2025-04-14 01:25:34 - DEBUG - === New errors detail ===
2025-04-14 01:25:34 - DEBUG - New Error 1: line 14, type: rewrite_failed, message: tactic 'rewrite' failed, did not find instance of the pattern in the target expression
  ?a⁻¹⁻¹
a : ℕ → ℚ
h₀ : a 1 = 1
h₁ : a 2 = 3 / 7
h₂ : ∀ (n : ℕ), a (n + 2) = a n * a (n + 1) / (2 * a n - a (n + 1))
b : ℕ → ℚ := fun n => 1 / a n
n : ℕ
⊢ b (n + 2) = 2 * b (n + 1) - b n
2025-04-14 01:25:34 - INFO - Testing fragment: rw [exists_zpow_surjective]
2025-04-14 01:25:34 - INFO - Original error line:     rw [h₂ n]
2025-04-14 01:25:36 - INFO - Testing fix: Original errors: 9, Fixed errors: 10
2025-04-14 01:25:36 - INFO - Result: False (introduced 2 new errors)
2025-04-14 01:25:36 - DEBUG - === New errors detail ===
2025-04-14 01:25:36 - DEBUG - New Error 1: line 14, type: unknown_identifier, message: unknown identifier 'exists_zpow_surjective'
2025-04-14 01:25:36 - DEBUG - New Error 2: line 14, type: rewrite_failed, message: tactic 'rewrite' failed, equality or iff proof expected
  ?m.863
a : ℕ → ℚ
h₀ : a 1 = 1
h₁ : a 2 = 3 / 7
h₂ : ∀ (n : ℕ), a (n + 2) = a n * a (n + 1) / (2 * a n - a (n + 1))
b : ℕ → ℚ := fun n => 1 / a n
n : ℕ
⊢ b (n + 2) = 2 * b (n + 1) - b n
2025-04-14 01:25:36 - INFO - Testing fragment: rw [zpow_eq_pow]
2025-04-14 01:25:36 - INFO - Original error line:     rw [h₂ n]
2025-04-14 01:25:38 - INFO - Testing fix: Original errors: 9, Fixed errors: 9
2025-04-14 01:25:38 - INFO - Result: False (introduced 1 new errors)
2025-04-14 01:25:38 - DEBUG - === New errors detail ===
2025-04-14 01:25:38 - DEBUG - New Error 1: line 14, type: rewrite_failed, message: tactic 'rewrite' failed, did not find instance of the pattern in the target expression
  DivInvMonoid.zpow ?n ?x
a : ℕ → ℚ
h₀ : a 1 = 1
h₁ : a 2 = 3 / 7
h₂ : ∀ (n : ℕ), a (n + 2) = a n * a (n + 1) / (2 * a n - a (n + 1))
b : ℕ → ℚ := fun n => 1 / a n
n : ℕ
⊢ b (n + 2) = 2 * b (n + 1) - b n
2025-04-14 01:25:38 - INFO - Testing fragment: rw [zpow_zero]
2025-04-14 01:25:38 - INFO - Original error line:     rw [h₂ n]
2025-04-14 01:25:40 - INFO - Testing fix: Original errors: 9, Fixed errors: 9
2025-04-14 01:25:40 - INFO - Result: False (introduced 1 new errors)
2025-04-14 01:25:40 - DEBUG - === New errors detail ===
2025-04-14 01:25:40 - DEBUG - New Error 1: line 14, type: rewrite_failed, message: tactic 'rewrite' failed, did not find instance of the pattern in the target expression
  ?a ^ 0
a : ℕ → ℚ
h₀ : a 1 = 1
h₁ : a 2 = 3 / 7
h₂ : ∀ (n : ℕ), a (n + 2) = a n * a (n + 1) / (2 * a n - a (n + 1))
b : ℕ → ℚ := fun n => 1 / a n
n : ℕ
⊢ b (n + 2) = 2 * b (n + 1) - b n
2025-04-14 01:25:40 - INFO - Testing fragment: rw [zpow_natCast]
2025-04-14 01:25:40 - INFO - Original error line:     rw [h₂ n]
2025-04-14 01:25:42 - INFO - Testing fix: Original errors: 9, Fixed errors: 9
2025-04-14 01:25:42 - INFO - Result: False (introduced 1 new errors)
2025-04-14 01:25:42 - DEBUG - === New errors detail ===
2025-04-14 01:25:42 - DEBUG - New Error 1: line 14, type: rewrite_failed, message: tactic 'rewrite' failed, did not find instance of the pattern in the target expression
  ?a ^ ↑?n
a : ℕ → ℚ
h₀ : a 1 = 1
h₁ : a 2 = 3 / 7
h₂ : ∀ (n : ℕ), a (n + 2) = a n * a (n + 1) / (2 * a n - a (n + 1))
b : ℕ → ℚ := fun n => 1 / a n
n : ℕ
⊢ b (n + 2) = 2 * b (n + 1) - b n
2025-04-14 01:25:42 - INFO - Testing fragment: rw [zpow_negSucc]
2025-04-14 01:25:42 - INFO - Original error line:     rw [h₂ n]
2025-04-14 01:25:44 - INFO - Testing fix: Original errors: 9, Fixed errors: 9
2025-04-14 01:25:44 - INFO - Result: False (introduced 1 new errors)
2025-04-14 01:25:44 - DEBUG - === New errors detail ===
2025-04-14 01:25:44 - DEBUG - New Error 1: line 14, type: rewrite_failed, message: tactic 'rewrite' failed, did not find instance of the pattern in the target expression
  ?a ^ Int.negSucc ?n
a : ℕ → ℚ
h₀ : a 1 = 1
h₁ : a 2 = 3 / 7
h₂ : ∀ (n : ℕ), a (n + 2) = a n * a (n + 1) / (2 * a n - a (n + 1))
b : ℕ → ℚ := fun n => 1 / a n
n : ℕ
⊢ b (n + 2) = 2 * b (n + 1) - b n
2025-04-14 01:25:44 - INFO - Testing fragment: rw [negSucc_zsmul]
2025-04-14 01:25:44 - INFO - Original error line:     rw [h₂ n]
2025-04-14 01:25:46 - INFO - Testing fix: Original errors: 9, Fixed errors: 9
2025-04-14 01:25:46 - INFO - Result: False (introduced 1 new errors)
2025-04-14 01:25:46 - DEBUG - === New errors detail ===
2025-04-14 01:25:46 - DEBUG - New Error 1: line 14, type: rewrite_failed, message: tactic 'rewrite' failed, did not find instance of the pattern in the target expression
  Int.negSucc ?n • ?a
a : ℕ → ℚ
h₀ : a 1 = 1
h₁ : a 2 = 3 / 7
h₂ : ∀ (n : ℕ), a (n + 2) = a n * a (n + 1) / (2 * a n - a (n + 1))
b : ℕ → ℚ := fun n => 1 / a n
n : ℕ
⊢ b (n + 2) = 2 * b (n + 1) - b n
2025-04-14 01:25:46 - INFO - Testing fragment: rw [div_eq_mul_inv]
2025-04-14 01:25:46 - INFO - Original error line:     rw [h₂ n]
2025-04-14 01:25:48 - INFO - Testing fix: Original errors: 9, Fixed errors: 9
2025-04-14 01:25:48 - INFO - Result: False (introduced 1 new errors)
2025-04-14 01:25:48 - DEBUG - === New errors detail ===
2025-04-14 01:25:48 - DEBUG - New Error 1: line 14, type: rewrite_failed, message: tactic 'rewrite' failed, did not find instance of the pattern in the target expression
  ?a / ?b
a : ℕ → ℚ
h₀ : a 1 = 1
h₁ : a 2 = 3 / 7
h₂ : ∀ (n : ℕ), a (n + 2) = a n * a (n + 1) / (2 * a n - a (n + 1))
b : ℕ → ℚ := fun n => 1 / a n
n : ℕ
⊢ b (n + 2) = 2 * b (n + 1) - b n
2025-04-14 01:25:48 - INFO - Testing fragment: rw [inv_eq_one_div]
2025-04-14 01:25:48 - INFO - Original error line:     rw [h₂ n]
2025-04-14 01:25:50 - INFO - Testing fix: Original errors: 9, Fixed errors: 9
2025-04-14 01:25:50 - INFO - Result: False (introduced 1 new errors)
2025-04-14 01:25:50 - DEBUG - === New errors detail ===
2025-04-14 01:25:50 - DEBUG - New Error 1: line 14, type: rewrite_failed, message: tactic 'rewrite' failed, did not find instance of the pattern in the target expression
  ?x⁻¹
a : ℕ → ℚ
h₀ : a 1 = 1
h₁ : a 2 = 3 / 7
h₂ : ∀ (n : ℕ), a (n + 2) = a n * a (n + 1) / (2 * a n - a (n + 1))
b : ℕ → ℚ := fun n => 1 / a n
n : ℕ
⊢ b (n + 2) = 2 * b (n + 1) - b n
2025-04-14 01:25:50 - INFO - Testing fragment: rw [mul_div_assoc]
2025-04-14 01:25:50 - INFO - Original error line:     rw [h₂ n]
2025-04-14 01:25:52 - INFO - Testing fix: Original errors: 9, Fixed errors: 9
2025-04-14 01:25:52 - INFO - Result: False (introduced 1 new errors)
2025-04-14 01:25:52 - DEBUG - === New errors detail ===
2025-04-14 01:25:52 - DEBUG - New Error 1: line 14, type: rewrite_failed, message: tactic 'rewrite' failed, did not find instance of the pattern in the target expression
  ?a * ?b / ?c
a : ℕ → ℚ
h₀ : a 1 = 1
h₁ : a 2 = 3 / 7
h₂ : ∀ (n : ℕ), a (n + 2) = a n * a (n + 1) / (2 * a n - a (n + 1))
b : ℕ → ℚ := fun n => 1 / a n
n : ℕ
⊢ b (n + 2) = 2 * b (n + 1) - b n
2025-04-14 01:25:52 - INFO - Testing fragment: rw [one_div]
2025-04-14 01:25:52 - INFO - Original error line:     rw [h₂ n]
2025-04-14 01:25:54 - INFO - Testing fix: Original errors: 9, Fixed errors: 9
2025-04-14 01:25:54 - INFO - Result: False (introduced 1 new errors)
2025-04-14 01:25:54 - DEBUG - === New errors detail ===
2025-04-14 01:25:54 - DEBUG - New Error 1: line 14, type: rewrite_failed, message: tactic 'rewrite' failed, did not find instance of the pattern in the target expression
  1 / ?a
a : ℕ → ℚ
h₀ : a 1 = 1
h₁ : a 2 = 3 / 7
h₂ : ∀ (n : ℕ), a (n + 2) = a n * a (n + 1) / (2 * a n - a (n + 1))
b : ℕ → ℚ := fun n => 1 / a n
n : ℕ
⊢ b (n + 2) = 2 * b (n + 1) - b n
2025-04-14 01:25:54 - INFO - Testing fragment: rw [inv_one]
2025-04-14 01:25:54 - INFO - Original error line:     rw [h₂ n]
2025-04-14 01:25:56 - INFO - Testing fix: Original errors: 9, Fixed errors: 9
2025-04-14 01:25:56 - INFO - Result: False (introduced 1 new errors)
2025-04-14 01:25:56 - DEBUG - === New errors detail ===
2025-04-14 01:25:56 - DEBUG - New Error 1: line 14, type: rewrite_failed, message: tactic 'rewrite' failed, did not find instance of the pattern in the target expression
  1⁻¹
a : ℕ → ℚ
h₀ : a 1 = 1
h₁ : a 2 = 3 / 7
h₂ : ∀ (n : ℕ), a (n + 2) = a n * a (n + 1) / (2 * a n - a (n + 1))
b : ℕ → ℚ := fun n => 1 / a n
n : ℕ
⊢ b (n + 2) = 2 * b (n + 1) - b n
2025-04-14 01:25:56 - INFO - Testing fragment: rw [mul_inv_rev]
2025-04-14 01:25:56 - INFO - Original error line:     rw [h₂ n]
2025-04-14 01:25:58 - INFO - Testing fix: Original errors: 9, Fixed errors: 9
2025-04-14 01:25:58 - INFO - Result: False (introduced 1 new errors)
2025-04-14 01:25:58 - DEBUG - === New errors detail ===
2025-04-14 01:25:58 - DEBUG - New Error 1: line 14, type: rewrite_failed, message: tactic 'rewrite' failed, did not find instance of the pattern in the target expression
  (?a * ?b)⁻¹
a : ℕ → ℚ
h₀ : a 1 = 1
h₁ : a 2 = 3 / 7
h₂ : ∀ (n : ℕ), a (n + 2) = a n * a (n + 1) / (2 * a n - a (n + 1))
b : ℕ → ℚ := fun n => 1 / a n
n : ℕ
⊢ b (n + 2) = 2 * b (n + 1) - b n
2025-04-14 01:25:58 - INFO - Testing fragment: rw [inv_eq_of_mul_eq_one_right]
2025-04-14 01:25:58 - INFO - Original error line:     rw [h₂ n]
2025-04-14 01:26:00 - INFO - Testing fix: Original errors: 9, Fixed errors: 9
2025-04-14 01:26:00 - INFO - Result: False (introduced 1 new errors)
2025-04-14 01:26:00 - DEBUG - === New errors detail ===
2025-04-14 01:26:00 - DEBUG - New Error 1: line 14, type: rewrite_failed, message: tactic 'rewrite' failed, did not find instance of the pattern in the target expression
  ?m.866⁻¹
a : ℕ → ℚ
h₀ : a 1 = 1
h₁ : a 2 = 3 / 7
h₂ : ∀ (n : ℕ), a (n + 2) = a n * a (n + 1) / (2 * a n - a (n + 1))
b : ℕ → ℚ := fun n => 1 / a n
n : ℕ
⊢ b (n + 2) = 2 * b (n + 1) - b n
2025-04-14 01:26:00 - INFO - Testing fragment: rw [inv_eq_of_mul_eq_one_left]
2025-04-14 01:26:00 - INFO - Original error line:     rw [h₂ n]
2025-04-14 01:26:02 - INFO - Testing fix: Original errors: 9, Fixed errors: 9
2025-04-14 01:26:02 - INFO - Result: False (introduced 1 new errors)
2025-04-14 01:26:02 - DEBUG - === New errors detail ===
2025-04-14 01:26:02 - DEBUG - New Error 1: line 14, type: rewrite_failed, message: tactic 'rewrite' failed, did not find instance of the pattern in the target expression
  ?m.867⁻¹
a : ℕ → ℚ
h₀ : a 1 = 1
h₁ : a 2 = 3 / 7
h₂ : ∀ (n : ℕ), a (n + 2) = a n * a (n + 1) / (2 * a n - a (n + 1))
b : ℕ → ℚ := fun n => 1 / a n
n : ℕ
⊢ b (n + 2) = 2 * b (n + 1) - b n
2025-04-14 01:26:02 - INFO - Testing fragment: rw [eq_inv_of_mul_eq_one_left]
2025-04-14 01:26:02 - INFO - Original error line:     rw [h₂ n]
2025-04-14 01:26:04 - INFO - Testing fix: Original errors: 9, Fixed errors: 9
2025-04-14 01:26:04 - INFO - Result: False (introduced 1 new errors)
2025-04-14 01:26:04 - DEBUG - === New errors detail ===
2025-04-14 01:26:04 - DEBUG - New Error 1: line 14, type: rewrite_failed, message: tactic 'rewrite' failed, pattern is a metavariable
  ?m.866
from equation
  ?m.866 = ?m.867⁻¹
a : ℕ → ℚ
h₀ : a 1 = 1
h₁ : a 2 = 3 / 7
h₂ : ∀ (n : ℕ), a (n + 2) = a n * a (n + 1) / (2 * a n - a (n + 1))
b : ℕ → ℚ := fun n => 1 / a n
n : ℕ
⊢ b (n + 2) = 2 * b (n + 1) - b n
2025-04-14 01:26:04 - INFO - Testing fragment: rw [inv_mul_cancel]
2025-04-14 01:26:04 - INFO - Original error line:     rw [h₂ n]
2025-04-14 01:26:06 - INFO - Testing fix: Original errors: 9, Fixed errors: 9
2025-04-14 01:26:06 - INFO - Result: False (introduced 1 new errors)
2025-04-14 01:26:06 - DEBUG - === New errors detail ===
2025-04-14 01:26:06 - DEBUG - New Error 1: line 14, type: rewrite_failed, message: tactic 'rewrite' failed, did not find instance of the pattern in the target expression
  ?m.866⁻¹ * ?m.866
a : ℕ → ℚ
h₀ : a 1 = 1
h₁ : a 2 = 3 / 7
h₂ : ∀ (n : ℕ), a (n + 2) = a n * a (n + 1) / (2 * a n - a (n + 1))
b : ℕ → ℚ := fun n => 1 / a n
n : ℕ
⊢ b (n + 2) = 2 * b (n + 1) - b n
2025-04-14 01:26:06 - INFO - Testing fragment: rw [inv_eq_of_mul]
2025-04-14 01:26:06 - INFO - Original error line:     rw [h₂ n]
2025-04-14 01:26:08 - INFO - Testing fix: Original errors: 9, Fixed errors: 10
2025-04-14 01:26:08 - INFO - Result: False (introduced 2 new errors)
2025-04-14 01:26:08 - DEBUG - === New errors detail ===
2025-04-14 01:26:08 - DEBUG - New Error 1: line 14, type: unknown_identifier, message: unknown identifier 'inv_eq_of_mul'
2025-04-14 01:26:08 - DEBUG - New Error 2: line 14, type: rewrite_failed, message: tactic 'rewrite' failed, equality or iff proof expected
  ?m.863
a : ℕ → ℚ
h₀ : a 1 = 1
h₁ : a 2 = 3 / 7
h₂ : ∀ (n : ℕ), a (n + 2) = a n * a (n + 1) / (2 * a n - a (n + 1))
b : ℕ → ℚ := fun n => 1 / a n
n : ℕ
⊢ b (n + 2) = 2 * b (n + 1) - b n
2025-04-14 01:26:08 - INFO - Testing fragment: rw [mul_inv_cancel]
2025-04-14 01:26:08 - INFO - Original error line:     rw [h₂ n]
2025-04-14 01:26:10 - INFO - Testing fix: Original errors: 9, Fixed errors: 9
2025-04-14 01:26:10 - INFO - Result: False (introduced 1 new errors)
2025-04-14 01:26:10 - DEBUG - === New errors detail ===
2025-04-14 01:26:10 - DEBUG - New Error 1: line 14, type: rewrite_failed, message: tactic 'rewrite' failed, did not find instance of the pattern in the target expression
  ?m.866 * ?m.866⁻¹
a : ℕ → ℚ
h₀ : a 1 = 1
h₁ : a 2 = 3 / 7
h₂ : ∀ (n : ℕ), a (n + 2) = a n * a (n + 1) / (2 * a n - a (n + 1))
b : ℕ → ℚ := fun n => 1 / a n
n : ℕ
⊢ b (n + 2) = 2 * b (n + 1) - b n
2025-04-14 01:26:10 - INFO - Testing fragment: rw [div_self']
2025-04-14 01:26:10 - INFO - Original error line:     rw [h₂ n]
2025-04-14 01:26:12 - INFO - Testing fix: Original errors: 9, Fixed errors: 9
2025-04-14 01:26:12 - INFO - Result: False (introduced 1 new errors)
2025-04-14 01:26:12 - DEBUG - === New errors detail ===
2025-04-14 01:26:12 - DEBUG - New Error 1: line 14, type: rewrite_failed, message: tactic 'rewrite' failed, did not find instance of the pattern in the target expression
  ?a / ?a
a : ℕ → ℚ
h₀ : a 1 = 1
h₁ : a 2 = 3 / 7
h₂ : ∀ (n : ℕ), a (n + 2) = a n * a (n + 1) / (2 * a n - a (n + 1))
b : ℕ → ℚ := fun n => 1 / a n
n : ℕ
⊢ b (n + 2) = 2 * b (n + 1) - b n
2025-04-14 01:26:12 - INFO - Testing fragment: rw [inv_mul_cancel_left]
2025-04-14 01:26:12 - INFO - Original error line:     rw [h₂ n]
2025-04-14 01:26:14 - INFO - Testing fix: Original errors: 9, Fixed errors: 9
2025-04-14 01:26:14 - INFO - Result: False (introduced 1 new errors)
2025-04-14 01:26:14 - DEBUG - === New errors detail ===
2025-04-14 01:26:14 - DEBUG - New Error 1: line 14, type: rewrite_failed, message: tactic 'rewrite' failed, did not find instance of the pattern in the target expression
  ?a⁻¹ * (?a * ?b)
a : ℕ → ℚ
h₀ : a 1 = 1
h₁ : a 2 = 3 / 7
h₂ : ∀ (n : ℕ), a (n + 2) = a n * a (n + 1) / (2 * a n - a (n + 1))
b : ℕ → ℚ := fun n => 1 / a n
n : ℕ
⊢ b (n + 2) = 2 * b (n + 1) - b n
2025-04-14 01:26:14 - INFO - Testing fragment: rw [mul_inv_cancel_left]
2025-04-14 01:26:14 - INFO - Original error line:     rw [h₂ n]
2025-04-14 01:26:16 - INFO - Testing fix: Original errors: 9, Fixed errors: 9
2025-04-14 01:26:16 - INFO - Result: False (introduced 1 new errors)
2025-04-14 01:26:16 - DEBUG - === New errors detail ===
2025-04-14 01:26:16 - DEBUG - New Error 1: line 14, type: rewrite_failed, message: tactic 'rewrite' failed, did not find instance of the pattern in the target expression
  ?a * (?a⁻¹ * ?b)
a : ℕ → ℚ
h₀ : a 1 = 1
h₁ : a 2 = 3 / 7
h₂ : ∀ (n : ℕ), a (n + 2) = a n * a (n + 1) / (2 * a n - a (n + 1))
b : ℕ → ℚ := fun n => 1 / a n
n : ℕ
⊢ b (n + 2) = 2 * b (n + 1) - b n
2025-04-14 01:26:16 - INFO - Testing fragment: rw [mul_inv_cancel_right]
2025-04-14 01:26:16 - INFO - Original error line:     rw [h₂ n]
2025-04-14 01:26:18 - INFO - Testing fix: Original errors: 9, Fixed errors: 9
2025-04-14 01:26:18 - INFO - Result: False (introduced 1 new errors)
2025-04-14 01:26:18 - DEBUG - === New errors detail ===
2025-04-14 01:26:18 - DEBUG - New Error 1: line 14, type: rewrite_failed, message: tactic 'rewrite' failed, did not find instance of the pattern in the target expression
  ?a * ?b * ?b⁻¹
a : ℕ → ℚ
h₀ : a 1 = 1
h₁ : a 2 = 3 / 7
h₂ : ∀ (n : ℕ), a (n + 2) = a n * a (n + 1) / (2 * a n - a (n + 1))
b : ℕ → ℚ := fun n => 1 / a n
n : ℕ
⊢ b (n + 2) = 2 * b (n + 1) - b n
2025-04-14 01:26:18 - INFO - Testing fragment: rw [mul_div_cancel_right]
2025-04-14 01:26:18 - INFO - Original error line:     rw [h₂ n]
2025-04-14 01:26:20 - INFO - Testing fix: Original errors: 9, Fixed errors: 9
2025-04-14 01:26:20 - INFO - Result: False (introduced 1 new errors)
2025-04-14 01:26:20 - DEBUG - === New errors detail ===
2025-04-14 01:26:20 - DEBUG - New Error 1: line 14, type: rewrite_failed, message: tactic 'rewrite' failed, did not find instance of the pattern in the target expression
  ?a * ?b / ?b
a : ℕ → ℚ
h₀ : a 1 = 1
h₁ : a 2 = 3 / 7
h₂ : ∀ (n : ℕ), a (n + 2) = a n * a (n + 1) / (2 * a n - a (n + 1))
b : ℕ → ℚ := fun n => 1 / a n
n : ℕ
⊢ b (n + 2) = 2 * b (n + 1) - b n
2025-04-14 01:26:20 - INFO - Testing fragment: rw [inv_mul_cancel_right]
2025-04-14 01:26:20 - INFO - Original error line:     rw [h₂ n]
2025-04-14 01:26:22 - INFO - Testing fix: Original errors: 9, Fixed errors: 9
2025-04-14 01:26:22 - INFO - Result: False (introduced 1 new errors)
2025-04-14 01:26:22 - DEBUG - === New errors detail ===
2025-04-14 01:26:22 - DEBUG - New Error 1: line 14, type: rewrite_failed, message: tactic 'rewrite' failed, did not find instance of the pattern in the target expression
  ?a * ?b⁻¹ * ?b
a : ℕ → ℚ
h₀ : a 1 = 1
h₁ : a 2 = 3 / 7
h₂ : ∀ (n : ℕ), a (n + 2) = a n * a (n + 1) / (2 * a n - a (n + 1))
b : ℕ → ℚ := fun n => 1 / a n
n : ℕ
⊢ b (n + 2) = 2 * b (n + 1) - b n
2025-04-14 01:26:22 - INFO - Testing fragment: rw [div_mul_cancel]
2025-04-14 01:26:22 - INFO - Original error line:     rw [h₂ n]
2025-04-14 01:26:24 - INFO - Testing fix: Original errors: 9, Fixed errors: 9
2025-04-14 01:26:24 - INFO - Result: False (introduced 1 new errors)
2025-04-14 01:26:24 - DEBUG - === New errors detail ===
2025-04-14 01:26:24 - DEBUG - New Error 1: line 14, type: rewrite_failed, message: tactic 'rewrite' failed, did not find instance of the pattern in the target expression
  ?a / ?b * ?b
a : ℕ → ℚ
h₀ : a 1 = 1
h₁ : a 2 = 3 / 7
h₂ : ∀ (n : ℕ), a (n + 2) = a n * a (n + 1) / (2 * a n - a (n + 1))
b : ℕ → ℚ := fun n => 1 / a n
n : ℕ
⊢ b (n + 2) = 2 * b (n + 1) - b n
2025-04-14 01:26:24 - INFO - Testing fragment: rw [<- left_distrib]
2025-04-14 01:26:24 - INFO - Original error line:     rw [h₂ n]
2025-04-14 01:26:26 - INFO - Testing fix: Original errors: 9, Fixed errors: 9
2025-04-14 01:26:26 - INFO - Result: False (introduced 1 new errors)
2025-04-14 01:26:26 - DEBUG - === New errors detail ===
2025-04-14 01:26:26 - DEBUG - New Error 1: line 14, type: rewrite_failed, message: tactic 'rewrite' failed, did not find instance of the pattern in the target expression
  ?a * ?b + ?a * ?c
a : ℕ → ℚ
h₀ : a 1 = 1
h₁ : a 2 = 3 / 7
h₂ : ∀ (n : ℕ), a (n + 2) = a n * a (n + 1) / (2 * a n - a (n + 1))
b : ℕ → ℚ := fun n => 1 / a n
n : ℕ
⊢ b (n + 2) = 2 * b (n + 1) - b n
2025-04-14 01:26:26 - INFO - Testing fragment: rw [<- right_distrib]
2025-04-14 01:26:26 - INFO - Original error line:     rw [h₂ n]
2025-04-14 01:26:28 - INFO - Testing fix: Original errors: 9, Fixed errors: 9
2025-04-14 01:26:28 - INFO - Result: False (introduced 1 new errors)
2025-04-14 01:26:28 - DEBUG - === New errors detail ===
2025-04-14 01:26:28 - DEBUG - New Error 1: line 14, type: rewrite_failed, message: tactic 'rewrite' failed, did not find instance of the pattern in the target expression
  ?a * ?c + ?b * ?c
a : ℕ → ℚ
h₀ : a 1 = 1
h₁ : a 2 = 3 / 7
h₂ : ∀ (n : ℕ), a (n + 2) = a n * a (n + 1) / (2 * a n - a (n + 1))
b : ℕ → ℚ := fun n => 1 / a n
n : ℕ
⊢ b (n + 2) = 2 * b (n + 1) - b n
2025-04-14 01:26:28 - INFO - Testing fragment: rw [<- distrib_three_right]
2025-04-14 01:26:28 - INFO - Original error line:     rw [h₂ n]
2025-04-14 01:26:30 - INFO - Testing fix: Original errors: 9, Fixed errors: 9
2025-04-14 01:26:30 - INFO - Result: False (introduced 1 new errors)
2025-04-14 01:26:30 - DEBUG - === New errors detail ===
2025-04-14 01:26:30 - DEBUG - New Error 1: line 14, type: rewrite_failed, message: tactic 'rewrite' failed, did not find instance of the pattern in the target expression
  ?a * ?d + ?b * ?d + ?c * ?d
a : ℕ → ℚ
h₀ : a 1 = 1
h₁ : a 2 = 3 / 7
h₂ : ∀ (n : ℕ), a (n + 2) = a n * a (n + 1) / (2 * a n - a (n + 1))
b : ℕ → ℚ := fun n => 1 / a n
n : ℕ
⊢ b (n + 2) = 2 * b (n + 1) - b n
2025-04-14 01:26:30 - INFO - Testing fragment: rw [<- add_one_mul]
2025-04-14 01:26:30 - INFO - Original error line:     rw [h₂ n]
2025-04-14 01:26:32 - INFO - Testing fix: Original errors: 9, Fixed errors: 9
2025-04-14 01:26:32 - INFO - Result: False (introduced 1 new errors)
2025-04-14 01:26:32 - DEBUG - === New errors detail ===
2025-04-14 01:26:32 - DEBUG - New Error 1: line 14, type: rewrite_failed, message: tactic 'rewrite' failed, did not find instance of the pattern in the target expression
  ?a * ?b + ?b
a : ℕ → ℚ
h₀ : a 1 = 1
h₁ : a 2 = 3 / 7
h₂ : ∀ (n : ℕ), a (n + 2) = a n * a (n + 1) / (2 * a n - a (n + 1))
b : ℕ → ℚ := fun n => 1 / a n
n : ℕ
⊢ b (n + 2) = 2 * b (n + 1) - b n
2025-04-14 01:26:32 - INFO - Testing fragment: rw [<- mul_add_one]
2025-04-14 01:26:32 - INFO - Original error line:     rw [h₂ n]
2025-04-14 01:26:34 - INFO - Testing fix: Original errors: 9, Fixed errors: 9
2025-04-14 01:26:34 - INFO - Result: False (introduced 1 new errors)
2025-04-14 01:26:34 - DEBUG - === New errors detail ===
2025-04-14 01:26:34 - DEBUG - New Error 1: line 14, type: rewrite_failed, message: tactic 'rewrite' failed, did not find instance of the pattern in the target expression
  ?a * ?b + ?a
a : ℕ → ℚ
h₀ : a 1 = 1
h₁ : a 2 = 3 / 7
h₂ : ∀ (n : ℕ), a (n + 2) = a n * a (n + 1) / (2 * a n - a (n + 1))
b : ℕ → ℚ := fun n => 1 / a n
n : ℕ
⊢ b (n + 2) = 2 * b (n + 1) - b n
2025-04-14 01:26:34 - INFO - Testing fragment: rw [<- one_add_mul]
2025-04-14 01:26:34 - INFO - Original error line:     rw [h₂ n]
2025-04-14 01:26:36 - INFO - Testing fix: Original errors: 9, Fixed errors: 9
2025-04-14 01:26:36 - INFO - Result: False (introduced 1 new errors)
2025-04-14 01:26:36 - DEBUG - === New errors detail ===
2025-04-14 01:26:36 - DEBUG - New Error 1: line 14, type: rewrite_failed, message: tactic 'rewrite' failed, did not find instance of the pattern in the target expression
  ?b + ?a * ?b
a : ℕ → ℚ
h₀ : a 1 = 1
h₁ : a 2 = 3 / 7
h₂ : ∀ (n : ℕ), a (n + 2) = a n * a (n + 1) / (2 * a n - a (n + 1))
b : ℕ → ℚ := fun n => 1 / a n
n : ℕ
⊢ b (n + 2) = 2 * b (n + 1) - b n
2025-04-14 01:26:36 - INFO - Testing fragment: rw [<- mul_one_add]
2025-04-14 01:26:36 - INFO - Original error line:     rw [h₂ n]
2025-04-14 01:26:38 - INFO - Testing fix: Original errors: 9, Fixed errors: 9
2025-04-14 01:26:38 - INFO - Result: False (introduced 1 new errors)
2025-04-14 01:26:38 - DEBUG - === New errors detail ===
2025-04-14 01:26:38 - DEBUG - New Error 1: line 14, type: rewrite_failed, message: tactic 'rewrite' failed, did not find instance of the pattern in the target expression
  ?a + ?a * ?b
a : ℕ → ℚ
h₀ : a 1 = 1
h₁ : a 2 = 3 / 7
h₂ : ∀ (n : ℕ), a (n + 2) = a n * a (n + 1) / (2 * a n - a (n + 1))
b : ℕ → ℚ := fun n => 1 / a n
n : ℕ
⊢ b (n + 2) = 2 * b (n + 1) - b n
2025-04-14 01:26:38 - INFO - Testing fragment: rw [<- two_mul]
2025-04-14 01:26:38 - INFO - Original error line:     rw [h₂ n]
2025-04-14 01:26:40 - INFO - Testing fix: Original errors: 9, Fixed errors: 9
2025-04-14 01:26:40 - INFO - Result: False (introduced 1 new errors)
2025-04-14 01:26:40 - DEBUG - === New errors detail ===
2025-04-14 01:26:40 - DEBUG - New Error 1: line 14, type: rewrite_failed, message: tactic 'rewrite' failed, did not find instance of the pattern in the target expression
  ?n + ?n
a : ℕ → ℚ
h₀ : a 1 = 1
h₁ : a 2 = 3 / 7
h₂ : ∀ (n : ℕ), a (n + 2) = a n * a (n + 1) / (2 * a n - a (n + 1))
b : ℕ → ℚ := fun n => 1 / a n
n : ℕ
⊢ b (n + 2) = 2 * b (n + 1) - b n
2025-04-14 01:26:40 - INFO - Testing fragment: rw [<- mul_two]
2025-04-14 01:26:40 - INFO - Original error line:     rw [h₂ n]
2025-04-14 01:26:42 - INFO - Testing fix: Original errors: 9, Fixed errors: 9
2025-04-14 01:26:42 - INFO - Result: False (introduced 1 new errors)
2025-04-14 01:26:42 - DEBUG - === New errors detail ===
2025-04-14 01:26:42 - DEBUG - New Error 1: line 14, type: rewrite_failed, message: tactic 'rewrite' failed, did not find instance of the pattern in the target expression
  ?n + ?n
a : ℕ → ℚ
h₀ : a 1 = 1
h₁ : a 2 = 3 / 7
h₂ : ∀ (n : ℕ), a (n + 2) = a n * a (n + 1) / (2 * a n - a (n + 1))
b : ℕ → ℚ := fun n => 1 / a n
n : ℕ
⊢ b (n + 2) = 2 * b (n + 1) - b n
2025-04-14 01:26:42 - INFO - Testing fragment: rw [<- mul_boole]
2025-04-14 01:26:42 - INFO - Original error line:     rw [h₂ n]
2025-04-14 01:26:44 - INFO - Testing fix: Original errors: 9, Fixed errors: 9
2025-04-14 01:26:44 - INFO - Result: False (introduced 1 new errors)
2025-04-14 01:26:44 - DEBUG - === New errors detail ===
2025-04-14 01:26:44 - DEBUG - New Error 1: line 14, type: rewrite_failed, message: tactic 'rewrite' failed, did not find instance of the pattern in the target expression
  if ?P then ?a else 0
a : ℕ → ℚ
h₀ : a 1 = 1
h₁ : a 2 = 3 / 7
h₂ : ∀ (n : ℕ), a (n + 2) = a n * a (n + 1) / (2 * a n - a (n + 1))
b : ℕ → ℚ := fun n => 1 / a n
n : ℕ
⊢ b (n + 2) = 2 * b (n + 1) - b n
2025-04-14 01:26:44 - INFO - Testing fragment: rw [<- boole_mul]
2025-04-14 01:26:44 - INFO - Original error line:     rw [h₂ n]
2025-04-14 01:29:56 - INFO - Testing fix: Original errors: 9, Fixed errors: 9
2025-04-14 01:29:56 - INFO - Result: False (introduced 1 new errors)
2025-04-14 01:29:56 - DEBUG - === New errors detail ===
2025-04-14 01:29:56 - DEBUG - New Error 1: line 14, type: rewrite_failed, message: tactic 'rewrite' failed, did not find instance of the pattern in the target expression
  if ?P then ?a else 0
a : ℕ → ℚ
h₀ : a 1 = 1
h₁ : a 2 = 3 / 7
h₂ : ∀ (n : ℕ), a (n + 2) = a n * a (n + 1) / (2 * a n - a (n + 1))
b : ℕ → ℚ := fun n => 1 / a n
n : ℕ
⊢ b (n + 2) = 2 * b (n + 1) - b n
2025-04-14 01:29:56 - INFO - Testing fragment: rw [<- add_mul_self_eq]
2025-04-14 01:29:56 - INFO - Original error line:     rw [h₂ n]
2025-04-14 01:29:58 - INFO - Testing fix: Original errors: 9, Fixed errors: 9
2025-04-14 01:29:58 - INFO - Result: False (introduced 1 new errors)
2025-04-14 01:29:58 - DEBUG - === New errors detail ===
2025-04-14 01:29:58 - DEBUG - New Error 1: line 14, type: rewrite_failed, message: tactic 'rewrite' failed, did not find instance of the pattern in the target expression
  ?a * ?a + 2 * ?a * ?b + ?b * ?b
a : ℕ → ℚ
h₀ : a 1 = 1
h₁ : a 2 = 3 / 7
h₂ : ∀ (n : ℕ), a (n + 2) = a n * a (n + 1) / (2 * a n - a (n + 1))
b : ℕ → ℚ := fun n => 1 / a n
n : ℕ
⊢ b (n + 2) = 2 * b (n + 1) - b n
2025-04-14 01:29:58 - INFO - Testing fragment: rw [<- neg_mul]
2025-04-14 01:29:58 - INFO - Original error line:     rw [h₂ n]
2025-04-14 01:30:00 - INFO - Testing fix: Original errors: 9, Fixed errors: 9
2025-04-14 01:30:00 - INFO - Result: False (introduced 1 new errors)
2025-04-14 01:30:00 - DEBUG - === New errors detail ===
2025-04-14 01:30:00 - DEBUG - New Error 1: line 14, type: rewrite_failed, message: tactic 'rewrite' failed, did not find instance of the pattern in the target expression
  -(?a * ?b)
a : ℕ → ℚ
h₀ : a 1 = 1
h₁ : a 2 = 3 / 7
h₂ : ∀ (n : ℕ), a (n + 2) = a n * a (n + 1) / (2 * a n - a (n + 1))
b : ℕ → ℚ := fun n => 1 / a n
n : ℕ
⊢ b (n + 2) = 2 * b (n + 1) - b n
2025-04-14 01:30:00 - INFO - Testing fragment: rw [<- mul_neg]
2025-04-14 01:30:00 - INFO - Original error line:     rw [h₂ n]
2025-04-14 01:30:02 - INFO - Testing fix: Original errors: 9, Fixed errors: 9
2025-04-14 01:30:02 - INFO - Result: False (introduced 1 new errors)
2025-04-14 01:30:02 - DEBUG - === New errors detail ===
2025-04-14 01:30:02 - DEBUG - New Error 1: line 14, type: rewrite_failed, message: tactic 'rewrite' failed, did not find instance of the pattern in the target expression
  -(?a * ?b)
a : ℕ → ℚ
h₀ : a 1 = 1
h₁ : a 2 = 3 / 7
h₂ : ∀ (n : ℕ), a (n + 2) = a n * a (n + 1) / (2 * a n - a (n + 1))
b : ℕ → ℚ := fun n => 1 / a n
n : ℕ
⊢ b (n + 2) = 2 * b (n + 1) - b n
2025-04-14 01:30:02 - INFO - Testing fragment: rw [<- neg_mul_neg]
2025-04-14 01:30:02 - INFO - Original error line:     rw [h₂ n]
2025-04-14 01:30:04 - INFO - Testing fix: Original errors: 9, Fixed errors: 10
2025-04-14 01:30:04 - INFO - Result: False (introduced 2 new errors)
2025-04-14 01:30:04 - DEBUG - === New errors detail ===
2025-04-14 01:30:04 - DEBUG - New Error 1: line 18, type: ring_failed, message: Try this: ring_nf
2025-04-14 01:30:04 - DEBUG - New Error 2: line 11, type: other_error, message: unsolved goals
a : ℕ → ℚ
h₀ : a 1 = 1
h₁ : a 2 = 3 / 7
h₂ : ∀ (n : ℕ), a (n + 2) = a n * a (n + 1) / (2 * a n - a (n + 1))
b : ℕ → ℚ := fun n => 1 / a n
n : ℕ
⊢ (a (2 + n))⁻¹ = (a (1 + n))⁻¹ * 2 - (a n)⁻¹
2025-04-14 01:30:04 - INFO - Testing fragment: rw [<- neg_mul_eq_neg_mul]
2025-04-14 01:30:04 - INFO - Original error line:     rw [h₂ n]
2025-04-14 01:30:06 - INFO - Testing fix: Original errors: 9, Fixed errors: 9
2025-04-14 01:30:06 - INFO - Result: False (introduced 1 new errors)
2025-04-14 01:30:06 - DEBUG - === New errors detail ===
2025-04-14 01:30:06 - DEBUG - New Error 1: line 14, type: rewrite_failed, message: tactic 'rewrite' failed, did not find instance of the pattern in the target expression
  -?a * ?b
a : ℕ → ℚ
h₀ : a 1 = 1
h₁ : a 2 = 3 / 7
h₂ : ∀ (n : ℕ), a (n + 2) = a n * a (n + 1) / (2 * a n - a (n + 1))
b : ℕ → ℚ := fun n => 1 / a n
n : ℕ
⊢ b (n + 2) = 2 * b (n + 1) - b n
2025-04-14 01:30:06 - INFO - Testing fragment: rw [<- neg_mul_eq_mul_neg]
2025-04-14 01:30:06 - INFO - Original error line:     rw [h₂ n]
2025-04-14 01:30:08 - INFO - Testing fix: Original errors: 9, Fixed errors: 9
2025-04-14 01:30:08 - INFO - Result: False (introduced 1 new errors)
2025-04-14 01:30:08 - DEBUG - === New errors detail ===
2025-04-14 01:30:08 - DEBUG - New Error 1: line 14, type: rewrite_failed, message: tactic 'rewrite' failed, did not find instance of the pattern in the target expression
  ?a * -?b
a : ℕ → ℚ
h₀ : a 1 = 1
h₁ : a 2 = 3 / 7
h₂ : ∀ (n : ℕ), a (n + 2) = a n * a (n + 1) / (2 * a n - a (n + 1))
b : ℕ → ℚ := fun n => 1 / a n
n : ℕ
⊢ b (n + 2) = 2 * b (n + 1) - b n
2025-04-14 01:30:08 - INFO - Testing fragment: rw [<- neg_mul_comm]
2025-04-14 01:30:08 - INFO - Original error line:     rw [h₂ n]
2025-04-14 01:30:10 - INFO - Testing fix: Original errors: 9, Fixed errors: 9
2025-04-14 01:30:10 - INFO - Result: False (introduced 1 new errors)
2025-04-14 01:30:10 - DEBUG - === New errors detail ===
2025-04-14 01:30:10 - DEBUG - New Error 1: line 14, type: rewrite_failed, message: tactic 'rewrite' failed, did not find instance of the pattern in the target expression
  ?a * -?b
a : ℕ → ℚ
h₀ : a 1 = 1
h₁ : a 2 = 3 / 7
h₂ : ∀ (n : ℕ), a (n + 2) = a n * a (n + 1) / (2 * a n - a (n + 1))
b : ℕ → ℚ := fun n => 1 / a n
n : ℕ
⊢ b (n + 2) = 2 * b (n + 1) - b n
2025-04-14 01:30:10 - INFO - Testing fragment: rw [<- neg_eq_neg_one_mul]
2025-04-14 01:30:10 - INFO - Original error line:     rw [h₂ n]
2025-04-14 01:30:12 - INFO - Testing fix: Original errors: 9, Fixed errors: 9
2025-04-14 01:30:12 - INFO - Result: False (introduced 1 new errors)
2025-04-14 01:30:12 - DEBUG - === New errors detail ===
2025-04-14 01:30:12 - DEBUG - New Error 1: line 14, type: rewrite_failed, message: tactic 'rewrite' failed, did not find instance of the pattern in the target expression
  -1 * ?a
a : ℕ → ℚ
h₀ : a 1 = 1
h₁ : a 2 = 3 / 7
h₂ : ∀ (n : ℕ), a (n + 2) = a n * a (n + 1) / (2 * a n - a (n + 1))
b : ℕ → ℚ := fun n => 1 / a n
n : ℕ
⊢ b (n + 2) = 2 * b (n + 1) - b n
2025-04-14 01:30:12 - INFO - Testing fragment: rw [<- mul_neg_one]
2025-04-14 01:30:12 - INFO - Original error line:     rw [h₂ n]
2025-04-14 01:30:14 - INFO - Testing fix: Original errors: 9, Fixed errors: 9
2025-04-14 01:30:14 - INFO - Result: False (introduced 1 new errors)
2025-04-14 01:30:14 - DEBUG - === New errors detail ===
2025-04-14 01:30:14 - DEBUG - New Error 1: line 14, type: rewrite_failed, message: tactic 'rewrite' failed, did not find instance of the pattern in the target expression
  -?a
a : ℕ → ℚ
h₀ : a 1 = 1
h₁ : a 2 = 3 / 7
h₂ : ∀ (n : ℕ), a (n + 2) = a n * a (n + 1) / (2 * a n - a (n + 1))
b : ℕ → ℚ := fun n => 1 / a n
n : ℕ
⊢ b (n + 2) = 2 * b (n + 1) - b n
2025-04-14 01:30:14 - INFO - Testing fragment: rw [<- neg_one_mul]
2025-04-14 01:30:14 - INFO - Original error line:     rw [h₂ n]
2025-04-14 01:30:16 - INFO - Testing fix: Original errors: 9, Fixed errors: 9
2025-04-14 01:30:16 - INFO - Result: False (introduced 1 new errors)
2025-04-14 01:30:16 - DEBUG - === New errors detail ===
2025-04-14 01:30:16 - DEBUG - New Error 1: line 14, type: rewrite_failed, message: tactic 'rewrite' failed, did not find instance of the pattern in the target expression
  -?a
a : ℕ → ℚ
h₀ : a 1 = 1
h₁ : a 2 = 3 / 7
h₂ : ∀ (n : ℕ), a (n + 2) = a n * a (n + 1) / (2 * a n - a (n + 1))
b : ℕ → ℚ := fun n => 1 / a n
n : ℕ
⊢ b (n + 2) = 2 * b (n + 1) - b n
2025-04-14 01:30:16 - INFO - Testing fragment: rw [<- mul_sub_left_distrib]
2025-04-14 01:30:16 - INFO - Original error line:     rw [h₂ n]
2025-04-14 01:30:18 - INFO - Testing fix: Original errors: 9, Fixed errors: 9
2025-04-14 01:30:18 - INFO - Result: False (introduced 1 new errors)
2025-04-14 01:30:18 - DEBUG - === New errors detail ===
2025-04-14 01:30:18 - DEBUG - New Error 1: line 14, type: rewrite_failed, message: tactic 'rewrite' failed, did not find instance of the pattern in the target expression
  ?a * ?b - ?a * ?c
a : ℕ → ℚ
h₀ : a 1 = 1
h₁ : a 2 = 3 / 7
h₂ : ∀ (n : ℕ), a (n + 2) = a n * a (n + 1) / (2 * a n - a (n + 1))
b : ℕ → ℚ := fun n => 1 / a n
n : ℕ
⊢ b (n + 2) = 2 * b (n + 1) - b n
2025-04-14 01:30:18 - INFO - Testing fragment: rw [<- mul_sub_right_distrib]
2025-04-14 01:30:18 - INFO - Original error line:     rw [h₂ n]
2025-04-14 01:30:20 - INFO - Testing fix: Original errors: 9, Fixed errors: 9
2025-04-14 01:30:21 - INFO - Result: False (introduced 1 new errors)
2025-04-14 01:30:21 - DEBUG - === New errors detail ===
2025-04-14 01:30:21 - DEBUG - New Error 1: line 14, type: rewrite_failed, message: tactic 'rewrite' failed, did not find instance of the pattern in the target expression
  ?a * ?c - ?b * ?c
a : ℕ → ℚ
h₀ : a 1 = 1
h₁ : a 2 = 3 / 7
h₂ : ∀ (n : ℕ), a (n + 2) = a n * a (n + 1) / (2 * a n - a (n + 1))
b : ℕ → ℚ := fun n => 1 / a n
n : ℕ
⊢ b (n + 2) = 2 * b (n + 1) - b n
2025-04-14 01:30:21 - INFO - Testing fragment: rw [<- sub_one_mul]
2025-04-14 01:30:21 - INFO - Original error line:     rw [h₂ n]
2025-04-14 01:30:23 - INFO - Testing fix: Original errors: 9, Fixed errors: 9
2025-04-14 01:30:23 - INFO - Result: False (introduced 1 new errors)
2025-04-14 01:30:23 - DEBUG - === New errors detail ===
2025-04-14 01:30:23 - DEBUG - New Error 1: line 14, type: rewrite_failed, message: tactic 'rewrite' failed, did not find instance of the pattern in the target expression
  ?a * ?b - ?b
a : ℕ → ℚ
h₀ : a 1 = 1
h₁ : a 2 = 3 / 7
h₂ : ∀ (n : ℕ), a (n + 2) = a n * a (n + 1) / (2 * a n - a (n + 1))
b : ℕ → ℚ := fun n => 1 / a n
n : ℕ
⊢ b (n + 2) = 2 * b (n + 1) - b n
2025-04-14 01:30:23 - INFO - Testing fragment: rw [<- mul_sub_one]
2025-04-14 01:30:23 - INFO - Original error line:     rw [h₂ n]
2025-04-14 01:30:25 - INFO - Testing fix: Original errors: 9, Fixed errors: 9
2025-04-14 01:30:25 - INFO - Result: False (introduced 1 new errors)
2025-04-14 01:30:25 - DEBUG - === New errors detail ===
2025-04-14 01:30:25 - DEBUG - New Error 1: line 14, type: rewrite_failed, message: tactic 'rewrite' failed, did not find instance of the pattern in the target expression
  ?a * ?b - ?a
a : ℕ → ℚ
h₀ : a 1 = 1
h₁ : a 2 = 3 / 7
h₂ : ∀ (n : ℕ), a (n + 2) = a n * a (n + 1) / (2 * a n - a (n + 1))
b : ℕ → ℚ := fun n => 1 / a n
n : ℕ
⊢ b (n + 2) = 2 * b (n + 1) - b n
2025-04-14 01:30:25 - INFO - Testing fragment: rw [<- one_sub_mul]
2025-04-14 01:30:25 - INFO - Original error line:     rw [h₂ n]
2025-04-14 01:30:27 - INFO - Testing fix: Original errors: 9, Fixed errors: 9
2025-04-14 01:30:27 - INFO - Result: False (introduced 1 new errors)
2025-04-14 01:30:27 - DEBUG - === New errors detail ===
2025-04-14 01:30:27 - DEBUG - New Error 1: line 14, type: rewrite_failed, message: tactic 'rewrite' failed, did not find instance of the pattern in the target expression
  ?b - ?a * ?b
a : ℕ → ℚ
h₀ : a 1 = 1
h₁ : a 2 = 3 / 7
h₂ : ∀ (n : ℕ), a (n + 2) = a n * a (n + 1) / (2 * a n - a (n + 1))
b : ℕ → ℚ := fun n => 1 / a n
n : ℕ
⊢ b (n + 2) = 2 * b (n + 1) - b n
2025-04-14 01:30:27 - INFO - Testing fragment: rw [<- mul_one_sub]
2025-04-14 01:30:27 - INFO - Original error line:     rw [h₂ n]
2025-04-14 01:30:29 - INFO - Testing fix: Original errors: 9, Fixed errors: 9
2025-04-14 01:30:29 - INFO - Result: False (introduced 1 new errors)
2025-04-14 01:30:29 - DEBUG - === New errors detail ===
2025-04-14 01:30:29 - DEBUG - New Error 1: line 14, type: rewrite_failed, message: tactic 'rewrite' failed, did not find instance of the pattern in the target expression
  ?a - ?a * ?b
a : ℕ → ℚ
h₀ : a 1 = 1
h₁ : a 2 = 3 / 7
h₂ : ∀ (n : ℕ), a (n + 2) = a n * a (n + 1) / (2 * a n - a (n + 1))
b : ℕ → ℚ := fun n => 1 / a n
n : ℕ
⊢ b (n + 2) = 2 * b (n + 1) - b n
2025-04-14 01:30:29 - INFO - Testing fragment: rw [<- mul_left_cancel]
2025-04-14 01:30:29 - INFO - Original error line:     rw [h₂ n]
2025-04-14 01:30:31 - INFO - Testing fix: Original errors: 9, Fixed errors: 9
2025-04-14 01:30:31 - INFO - Result: False (introduced 1 new errors)
2025-04-14 01:30:31 - DEBUG - === New errors detail ===
2025-04-14 01:30:31 - DEBUG - New Error 1: line 14, type: rewrite_failed, message: tactic 'rewrite' failed, pattern is a metavariable
  ?m.869
from equation
  ?m.869 = ?m.868
a : ℕ → ℚ
h₀ : a 1 = 1
h₁ : a 2 = 3 / 7
h₂ : ∀ (n : ℕ), a (n + 2) = a n * a (n + 1) / (2 * a n - a (n + 1))
b : ℕ → ℚ := fun n => 1 / a n
n : ℕ
⊢ b (n + 2) = 2 * b (n + 1) - b n
2025-04-14 01:30:31 - INFO - Testing fragment: rw [<- mul_left_cancel_iff]
2025-04-14 01:30:31 - INFO - Original error line:     rw [h₂ n]
2025-04-14 01:32:59 - INFO - Testing fix: Original errors: 9, Fixed errors: 11
2025-04-14 01:32:59 - INFO - Result: False (introduced 3 new errors)
2025-04-14 01:32:59 - DEBUG - === New errors detail ===
2025-04-14 01:32:59 - DEBUG - New Error 1: line 14, type: failed_to_synthesize, message: failed to synthesize
  IsLeftCancelMul ℚ
use `set_option diagnostics true` to get diagnostic information
2025-04-14 01:32:59 - DEBUG - New Error 2: line 18, type: ring_failed, message: Try this: ring_nf
2025-04-14 01:32:59 - DEBUG - New Error 3: line 11, type: other_error, message: unsolved goals
a : ℕ → ℚ
h₀ : a 1 = 1
h₁ : a 2 = 3 / 7
h₂ : ∀ (n : ℕ), a (n + 2) = a n * a (n + 1) / (2 * a n - a (n + 1))
b : ℕ → ℚ := fun n => 1 / a n
n : ℕ
⊢ a (2 + n) * (a (2 + n))⁻¹ = a (2 + n) * (a (1 + n))⁻¹ * 2 - a (2 + n) * (a n)⁻¹

a : ℕ → ℚ
h₀ : a 1 = 1
h₁ : a 2 = 3 / 7
h₂ : ∀ (n : ℕ), a (n + 2) = a n * a (n + 1) / (2 * a n - a (n + 1))
b : ℕ → ℚ := fun n => 1 / a n
n : ℕ
⊢ IsLeftCancelMul ℚ
2025-04-14 01:32:59 - INFO - Testing fragment: rw [<- mul_right_injective]
2025-04-14 01:32:59 - INFO - Original error line:     rw [h₂ n]
2025-04-14 01:33:01 - INFO - Testing fix: Original errors: 9, Fixed errors: 9
2025-04-14 01:33:01 - INFO - Result: False (introduced 1 new errors)
2025-04-14 01:33:01 - DEBUG - === New errors detail ===
2025-04-14 01:33:01 - DEBUG - New Error 1: line 14, type: rewrite_failed, message: tactic 'rewrite' failed, pattern is a metavariable
  ?a₂
from equation
  ?a₂ = ?a₁
a : ℕ → ℚ
h₀ : a 1 = 1
h₁ : a 2 = 3 / 7
h₂ : ∀ (n : ℕ), a (n + 2) = a n * a (n + 1) / (2 * a n - a (n + 1))
b : ℕ → ℚ := fun n => 1 / a n
n : ℕ
⊢ b (n + 2) = 2 * b (n + 1) - b n
2025-04-14 01:33:01 - INFO - Testing fragment: rw [<- mul_right_inj]
2025-04-14 01:33:01 - INFO - Original error line:     rw [h₂ n]
2025-04-14 01:33:03 - INFO - Testing fix: Original errors: 9, Fixed errors: 11
2025-04-14 01:33:03 - INFO - Result: False (introduced 3 new errors)
2025-04-14 01:33:03 - DEBUG - === New errors detail ===
2025-04-14 01:33:03 - DEBUG - New Error 1: line 14, type: failed_to_synthesize, message: failed to synthesize
  IsLeftCancelMul ℚ
use `set_option diagnostics true` to get diagnostic information
2025-04-14 01:33:03 - DEBUG - New Error 2: line 18, type: ring_failed, message: Try this: ring_nf
2025-04-14 01:33:03 - DEBUG - New Error 3: line 11, type: other_error, message: unsolved goals
a : ℕ → ℚ
h₀ : a 1 = 1
h₁ : a 2 = 3 / 7
h₂ : ∀ (n : ℕ), a (n + 2) = a n * a (n + 1) / (2 * a n - a (n + 1))
b : ℕ → ℚ := fun n => 1 / a n
n : ℕ
⊢ a (2 + n) * (a (2 + n))⁻¹ = a (2 + n) * (a (1 + n))⁻¹ * 2 - a (2 + n) * (a n)⁻¹

a : ℕ → ℚ
h₀ : a 1 = 1
h₁ : a 2 = 3 / 7
h₂ : ∀ (n : ℕ), a (n + 2) = a n * a (n + 1) / (2 * a n - a (n + 1))
b : ℕ → ℚ := fun n => 1 / a n
n : ℕ
⊢ IsLeftCancelMul ℚ
2025-04-14 01:33:03 - INFO - Testing fragment: rw [<- mul_ne_mul_right]
2025-04-14 01:33:03 - INFO - Original error line:     rw [h₂ n]
2025-04-14 01:33:05 - INFO - Testing fix: Original errors: 9, Fixed errors: 9
2025-04-14 01:33:05 - INFO - Result: False (introduced 1 new errors)
2025-04-14 01:33:05 - DEBUG - === New errors detail ===
2025-04-14 01:33:05 - DEBUG - New Error 1: line 14, type: rewrite_failed, message: tactic 'rewrite' failed, did not find instance of the pattern in the target expression
  ?b ≠ ?c
a : ℕ → ℚ
h₀ : a 1 = 1
h₁ : a 2 = 3 / 7
h₂ : ∀ (n : ℕ), a (n + 2) = a n * a (n + 1) / (2 * a n - a (n + 1))
b : ℕ → ℚ := fun n => 1 / a n
n : ℕ
⊢ b (n + 2) = 2 * b (n + 1) - b n
2025-04-14 01:33:05 - INFO - Testing fragment: rw [<- mul_right_cancel]
2025-04-14 01:33:05 - INFO - Original error line:     rw [h₂ n]
2025-04-14 01:33:07 - INFO - Testing fix: Original errors: 9, Fixed errors: 9
2025-04-14 01:33:07 - INFO - Result: False (introduced 1 new errors)
2025-04-14 01:33:07 - DEBUG - === New errors detail ===
2025-04-14 01:33:07 - DEBUG - New Error 1: line 14, type: rewrite_failed, message: tactic 'rewrite' failed, pattern is a metavariable
  ?m.869
from equation
  ?m.869 = ?m.867
a : ℕ → ℚ
h₀ : a 1 = 1
h₁ : a 2 = 3 / 7
h₂ : ∀ (n : ℕ), a (n + 2) = a n * a (n + 1) / (2 * a n - a (n + 1))
b : ℕ → ℚ := fun n => 1 / a n
n : ℕ
⊢ b (n + 2) = 2 * b (n + 1) - b n
2025-04-14 01:33:07 - INFO - Testing fragment: rw [<- mul_right_cancel_iff]
2025-04-14 01:33:07 - INFO - Original error line:     rw [h₂ n]
