2025-04-14 01:19:13 - INFO - Log file initialized at 2025-04-14T01:19:13.828819
2025-04-14 01:19:13 - INFO - ===== LOG FILE LOCATION =====
2025-04-14 01:19:13 - INFO - Detailed log file created at: ./minif2f/lean_fixed/18.log
2025-04-14 01:19:13 - INFO - ===============================
2025-04-14 01:19:13 - INFO - Original code:
2025-04-14 01:19:13 - INFO - ----------------------------------------
2025-04-14 01:19:13 - INFO - import Mathlib
import Aesop

set_option maxHeartbeats 0

open BigOperators Real Nat Topology Rat

/-- Evaluate: $\left( \frac{1}{2} + \frac{1}{3} \right) \left( \frac{1}{2} - \frac{1}{3} \right)$ Show that it is \frac{5}{36}.-/
theorem mathd_algebra_462 : ((1 : ℚ) / 2 + 1 / 3) * (1 / 2 - 1 / 3) = 5 / 36 := by
  -- First, let's simplify the expression by recognizing it as a difference of squares pattern: (a + b)(a - b) = a² - b²
  -- Here, a = 1/2 and b = 1/3
  -- So we can rewrite the original expression as (1/2)² - (1/3)²
  
  -- Step 1: Apply the difference of squares identity
  have h1 : ((1 : ℚ)/2 + 1/3) * (1/2 - 1/3) = (1/2)^2 - (1/3)^2 := by
    -- This follows from the algebraic identity (a + b)(a - b) = a² - b²
    exact sub_eq_add_neg (1/2)^2 (1/3)^2 ▸ (mul_add (1/2) (1/3) (1/2 - 1/3)).symm

  -- Step 2: Compute (1/2)²
  have h2 : (1/2 : ℚ)^2 = 1/4 := by
    -- Squaring a fraction means squaring both numerator and denominator
    -- (1/2)² = (1²)/(2²) = 1/4
    rw [pow_two, mul_rat, one_mul]
    norm_num

  -- Step 3: Compute (1/3)²
  have h3 : (1/3 : ℚ)^2 = 1/9 := by
    -- Similarly, (1/3)² = (1²)/(3²) = 1/9
    rw [pow_two, mul_rat, one_mul]
    norm_num

  -- Step 4: Substitute the squared terms back into the expression
  have h4 : (1/2 : ℚ)^2 - (1/3)^2 = 1/4 - 1/9 := by
    -- Replace (1/2)² with 1/4 and (1/3)² with 1/9
    rw [h2, h3]

  -- Step 5: Find a common denominator (36) for the subtraction
  have h5 : (1/4 : ℚ) - 1/9 = (9 - 4)/36 := by
    -- Convert both fractions to have denominator 36:
    -- 1/4 = 9/36 and 1/9 = 4/36
    -- So 1/4 - 1/9 = 9/36 - 4/36 = (9-4)/36 = 5/36
    rw [sub_eq_add_neg, add_rat, neg_rat]
    -- Find common denominator
    rw [← Rat.div_num_den (1/4), ← Rat.div_num_den (-(1/9))]
    simp only [Rat.num_neg, Rat.den_neg]
    rw [Rat.add_def'' (num := 1) (den := 4) (num := -1) (den := 9)]
    -- Simplify the resulting fraction
    norm_num

  -- Step 6: Simplify the numerator (9 - 4 = 5)
  have h6 : (9 - 4)/36 = 5/36 := by
    -- Direct computation of the numerator
    norm_num

  -- Step 7: Chain all the equalities together to complete the proof
  rw [h1, h4, h5, h6]
2025-04-14 01:19:13 - INFO - ----------------------------------------
2025-04-14 01:19:13 - INFO - 
Checking original code for all errors...
2025-04-14 01:23:43 - INFO - Original code contains 10 errors:
2025-04-14 01:23:43 - INFO - Error 1: line 10, type: failed_to_synthesize, message: failed to synthesize
  SubNegMonoid ℕ
use `set_option diagnostics true` to get diagnostic informatio...
2025-04-14 01:23:43 - INFO - Error 2: line 10, type: function_expected, message: function expected at
  2
term has type
  ?m.5424...
2025-04-14 01:23:43 - INFO - Error 3: line 10, type: type_mismatch, message: application type mismatch
  HPow.hPow ⋯
argument
  sub_eq_add_neg (1 / 2)
has type
  ∀ (b : ℕ), 1 / ...
2025-04-14 01:23:43 - INFO - Error 4: line 16, type: unknown_identifier, message: unknown identifier 'mul_rat'...
2025-04-14 01:23:43 - INFO - Error 5: line 16, type: rewrite_failed, message: tactic 'rewrite' failed, equality or iff proof expected
  ?m.7467
h1 : (1 / 2 + 1 / 3) * (1 / 2 - 1 ...
2025-04-14 01:23:43 - INFO - Error 6: line 22, type: unknown_identifier, message: unknown identifier 'mul_rat'...
2025-04-14 01:23:43 - INFO - Error 7: line 22, type: rewrite_failed, message: tactic 'rewrite' failed, equality or iff proof expected
  ?m.8052
h1 : (1 / 2 + 1 / 3) * (1 / 2 - 1 ...
2025-04-14 01:23:43 - INFO - Error 8: line 35, type: unknown_identifier, message: unknown identifier 'add_rat'...
2025-04-14 01:23:43 - INFO - Error 9: line 35, type: rewrite_failed, message: tactic 'rewrite' failed, equality or iff proof expected
  ?m.9242
h1 : (1 / 2 + 1 / 3) * (1 / 2 - 1 ...
2025-04-14 01:23:43 - INFO - Error 10: line 49, type: rewrite_failed, message: tactic 'rewrite' failed, did not find instance of the pattern in the target expression
  (9 - 4) / 3...
2025-04-14 01:23:43 - INFO - 
Starting multi-error continuous repair process...
2025-04-14 01:23:43 - INFO - 
===== Starting to fix all errors =====
2025-04-14 01:23:44 - INFO - 
Found 10 original errors:
2025-04-14 01:23:44 - INFO - Error 1: line 10, type: failed_to_synthesize, message: failed to synthesize
  SubNegMonoid ℕ
use `set_option diagnostics true` to get diagnostic informatio...
2025-04-14 01:23:44 - INFO - Error 2: line 10, type: function_expected, message: function expected at
  2
term has type
  ?m.5424...
2025-04-14 01:23:44 - INFO - Error 3: line 10, type: type_mismatch, message: application type mismatch
  HPow.hPow ⋯
argument
  sub_eq_add_neg (1 / 2)
has type
  ∀ (b : ℕ), 1 / ...
2025-04-14 01:23:44 - INFO - Error 4: line 16, type: unknown_identifier, message: unknown identifier 'mul_rat'...
2025-04-14 01:23:44 - INFO - Error 5: line 16, type: rewrite_failed, message: tactic 'rewrite' failed, equality or iff proof expected
  ?m.7467
h1 : (1 / 2 + 1 / 3) * (1 / 2 - 1 ...
2025-04-14 01:23:44 - INFO - Error 6: line 22, type: unknown_identifier, message: unknown identifier 'mul_rat'...
2025-04-14 01:23:44 - INFO - Error 7: line 22, type: rewrite_failed, message: tactic 'rewrite' failed, equality or iff proof expected
  ?m.8052
h1 : (1 / 2 + 1 / 3) * (1 / 2 - 1 ...
2025-04-14 01:23:44 - INFO - Error 8: line 35, type: unknown_identifier, message: unknown identifier 'add_rat'...
2025-04-14 01:23:44 - INFO - Error 9: line 35, type: rewrite_failed, message: tactic 'rewrite' failed, equality or iff proof expected
  ?m.9242
h1 : (1 / 2 + 1 / 3) * (1 / 2 - 1 ...
2025-04-14 01:23:44 - INFO - Error 10: line 49, type: rewrite_failed, message: tactic 'rewrite' failed, did not find instance of the pattern in the target expression
  (9 - 4) / 3...
2025-04-14 01:23:44 - INFO - 
Trying to fix error 1/10: line 10, type: failed_to_synthesize
2025-04-14 01:23:44 - INFO - Error message: failed to synthesize
  SubNegMonoid ℕ
use `set_option diagnostics true` to get diagnostic informatio...
2025-04-14 01:23:44 - INFO - Removed header content, remaining 49 lines of code
2025-04-14 01:23:44 - INFO - Using specified target error line: 10
2025-04-14 01:23:45 - INFO - Found error at specified line: failed to synthesize
  SubNegMonoid ℕ
use `set_option diagnostics true` to get diagnostic information
2025-04-14 01:23:45 - INFO - Error at line 10: failed to synthesize
  SubNegMonoid ℕ
use `set_option diagnostics true` to get diagnostic information
2025-04-14 01:23:45 - INFO - 
==================================================
2025-04-14 01:23:45 - INFO - Code prepared, starting synthesis
2025-04-14 01:23:45 - INFO - Before part: /-- Evaluate: $\left( \frac{1}{2} + \frac{1}{3} \right) \left( \frac{1}{2} - \frac{1}{3} \right)$ Show that it is \frac{5}{36}.-/
theorem mathd_algebra_462 : ((1 : ℚ) / 2 + 1 / 3) * (1 / 2 - 1 / 3) = 5 / 36 := by
  -- First, let's simplify the expression by recognizing it as a difference of squares pattern: (a + b)(a - b) = a² - b²
  -- Here, a = 1/2 and b = 1/3
  -- So we can rewrite the original expression as (1/2)² - (1/3)²
  
  -- Step 1: Apply the difference of squares identity
  have h1 : ((1 : ℚ)/2 + 1/3) * (1/2 - 1/3) = (1/2)^2 - (1/3)^2 := by
    -- This follows from the algebraic identity (a + b)(a - b) = a² - b²
2025-04-14 01:23:45 - INFO - Error line:     exact sub_eq_add_neg (1/2)^2 (1/3)^2 ▸ (mul_add (1/2) (1/3) (1/2 - 1/3)).symm
2025-04-14 01:23:45 - INFO - After part: -- Step 2: Compute (1/2)²
  have h2 : (1/2 : ℚ)^2 = 1/4 := by
    -- Squaring a fraction means squaring both numerator and denominator
    -- (1/2)² = (1²)/(2²) = 1/4
    rw [pow_two, mul_rat, one_mul]
    norm_num

  -- Step 3: Compute (1/3)²
  have h3 : (1/3 : ℚ)^2 = 1/9 := by
    -- Similarly, (1/3)² = (1²)/(3²) = 1/9
    rw [pow_two, mul_rat, one_mul]
    norm_num

  -- Step 4: Substitute the squared terms back into the expression
  have h4 : (1/2 : ℚ)^2 - (1/3)^2 = 1/4 - 1/9 := by
    -- Replace (1/2)² with 1/4 and (1/3)² with 1/9
    rw [h2, h3]

  -- Step 5: Find a common denominator (36) for the subtraction
  have h5 : (1/4 : ℚ) - 1/9 = (9 - 4)/36 := by
    -- Convert both fractions to have denominator 36:
    -- 1/4 = 9/36 and 1/9 = 4/36
    -- So 1/4 - 1/9 = 9/36 - 4/36 = (9-4)/36 = 5/36
    rw [sub_eq_add_neg, add_rat, neg_rat]
    -- Find common denominator
    rw [← Rat.div_num_den (1/4), ← Rat.div_num_den (-(1/9))]
    simp only [Rat.num_neg, Rat.den_neg]
    rw [Rat.add_def'' (num := 1) (den := 4) (num := -1) (den := 9)]
    -- Simplify the resulting fraction
    norm_num

  -- Step 6: Simplify the numerator (9 - 4 = 5)
  have h6 : (9 - 4)/36 = 5/36 := by
    -- Direct computation of the numerator
    norm_num

  -- Step 7: Chain all the equalities together to complete the proof
  rw [h1, h4, h5, h6]
2025-04-14 01:23:45 - INFO - ==================================================

2025-04-14 01:23:46 - INFO - Testing fragment: rw [left_distrib]
2025-04-14 01:23:46 - INFO - Original error line:     exact sub_eq_add_neg (1/2)^2 (1/3)^2 ▸ (mul_add (1/2) (1/3) (1/2 - 1/3)).symm
2025-04-14 01:23:48 - INFO - Testing fix: Original errors: 10, Fixed errors: 8
2025-04-14 01:23:48 - INFO - Result: False (introduced 1 new errors)
2025-04-14 01:23:48 - DEBUG - === New errors detail ===
2025-04-14 01:23:48 - DEBUG - New Error 1: line 10, type: rewrite_failed, message: tactic 'rewrite' failed, did not find instance of the pattern in the target expression
  ?a * (?b + ?c)
⊢ (1 / 2 + 1 / 3) * (1 / 2 - 1 / 3) = (1 / 2) ^ 2 - (1 / 3) ^ 2
2025-04-14 01:23:48 - INFO - Testing fragment: rw [right_distrib]
2025-04-14 01:23:48 - INFO - Original error line:     exact sub_eq_add_neg (1/2)^2 (1/3)^2 ▸ (mul_add (1/2) (1/3) (1/2 - 1/3)).symm
2025-04-14 01:23:50 - INFO - Testing fix: Original errors: 10, Fixed errors: 8
2025-04-14 01:23:50 - INFO - Result: False (introduced 1 new errors)
2025-04-14 01:23:50 - DEBUG - === New errors detail ===
2025-04-14 01:23:50 - DEBUG - New Error 1: line 8, type: other_error, message: unsolved goals
⊢ 1 / 2 * (1 / 2 - 1 / 3) + 1 / 3 * (1 / 2 - 1 / 3) = (1 / 2) ^ 2 - (1 / 3) ^ 2
2025-04-14 01:23:50 - INFO - Testing fragment: rw [distrib_three_right]
2025-04-14 01:23:50 - INFO - Original error line:     exact sub_eq_add_neg (1/2)^2 (1/3)^2 ▸ (mul_add (1/2) (1/3) (1/2 - 1/3)).symm
2025-04-14 01:23:52 - INFO - Testing fix: Original errors: 10, Fixed errors: 8
2025-04-14 01:23:52 - INFO - Result: False (introduced 1 new errors)
2025-04-14 01:23:52 - DEBUG - === New errors detail ===
2025-04-14 01:23:52 - DEBUG - New Error 1: line 10, type: rewrite_failed, message: tactic 'rewrite' failed, did not find instance of the pattern in the target expression
  (?a + ?b + ?c) * ?d
⊢ (1 / 2 + 1 / 3) * (1 / 2 - 1 / 3) = (1 / 2) ^ 2 - (1 / 3) ^ 2
2025-04-14 01:23:52 - INFO - Testing fragment: rw [add_one_mul]
2025-04-14 01:23:52 - INFO - Original error line:     exact sub_eq_add_neg (1/2)^2 (1/3)^2 ▸ (mul_add (1/2) (1/3) (1/2 - 1/3)).symm
2025-04-14 01:23:54 - INFO - Testing fix: Original errors: 10, Fixed errors: 8
2025-04-14 01:23:54 - INFO - Result: False (introduced 1 new errors)
2025-04-14 01:23:54 - DEBUG - === New errors detail ===
2025-04-14 01:23:54 - DEBUG - New Error 1: line 10, type: rewrite_failed, message: tactic 'rewrite' failed, did not find instance of the pattern in the target expression
  (?a + 1) * ?b
⊢ (1 / 2 + 1 / 3) * (1 / 2 - 1 / 3) = (1 / 2) ^ 2 - (1 / 3) ^ 2
2025-04-14 01:23:54 - INFO - Testing fragment: rw [mul_add_one]
2025-04-14 01:23:54 - INFO - Original error line:     exact sub_eq_add_neg (1/2)^2 (1/3)^2 ▸ (mul_add (1/2) (1/3) (1/2 - 1/3)).symm
2025-04-14 01:23:56 - INFO - Testing fix: Original errors: 10, Fixed errors: 8
2025-04-14 01:23:56 - INFO - Result: False (introduced 1 new errors)
2025-04-14 01:23:56 - DEBUG - === New errors detail ===
2025-04-14 01:23:56 - DEBUG - New Error 1: line 10, type: rewrite_failed, message: tactic 'rewrite' failed, did not find instance of the pattern in the target expression
  ?a * (?b + 1)
⊢ (1 / 2 + 1 / 3) * (1 / 2 - 1 / 3) = (1 / 2) ^ 2 - (1 / 3) ^ 2
2025-04-14 01:23:56 - INFO - Testing fragment: rw [one_add_mul]
2025-04-14 01:23:56 - INFO - Original error line:     exact sub_eq_add_neg (1/2)^2 (1/3)^2 ▸ (mul_add (1/2) (1/3) (1/2 - 1/3)).symm
2025-04-14 01:23:58 - INFO - Testing fix: Original errors: 10, Fixed errors: 8
2025-04-14 01:23:58 - INFO - Result: False (introduced 1 new errors)
2025-04-14 01:23:58 - DEBUG - === New errors detail ===
2025-04-14 01:23:58 - DEBUG - New Error 1: line 10, type: rewrite_failed, message: tactic 'rewrite' failed, did not find instance of the pattern in the target expression
  (1 + ?a) * ?b
⊢ (1 / 2 + 1 / 3) * (1 / 2 - 1 / 3) = (1 / 2) ^ 2 - (1 / 3) ^ 2
2025-04-14 01:23:58 - INFO - Testing fragment: rw [mul_one_add]
2025-04-14 01:23:58 - INFO - Original error line:     exact sub_eq_add_neg (1/2)^2 (1/3)^2 ▸ (mul_add (1/2) (1/3) (1/2 - 1/3)).symm
2025-04-14 01:24:00 - INFO - Testing fix: Original errors: 10, Fixed errors: 8
2025-04-14 01:24:00 - INFO - Result: False (introduced 1 new errors)
2025-04-14 01:24:00 - DEBUG - === New errors detail ===
2025-04-14 01:24:00 - DEBUG - New Error 1: line 10, type: rewrite_failed, message: tactic 'rewrite' failed, did not find instance of the pattern in the target expression
  ?a * (1 + ?b)
⊢ (1 / 2 + 1 / 3) * (1 / 2 - 1 / 3) = (1 / 2) ^ 2 - (1 / 3) ^ 2
2025-04-14 01:24:00 - INFO - Testing fragment: rw [two_mul]
2025-04-14 01:24:00 - INFO - Original error line:     exact sub_eq_add_neg (1/2)^2 (1/3)^2 ▸ (mul_add (1/2) (1/3) (1/2 - 1/3)).symm
2025-04-14 01:24:02 - INFO - Testing fix: Original errors: 10, Fixed errors: 8
2025-04-14 01:24:02 - INFO - Result: False (introduced 1 new errors)
2025-04-14 01:24:02 - DEBUG - === New errors detail ===
2025-04-14 01:24:02 - DEBUG - New Error 1: line 10, type: rewrite_failed, message: tactic 'rewrite' failed, did not find instance of the pattern in the target expression
  2 * ?n
⊢ (1 / 2 + 1 / 3) * (1 / 2 - 1 / 3) = (1 / 2) ^ 2 - (1 / 3) ^ 2
2025-04-14 01:24:02 - INFO - Testing fragment: rw [mul_two]
2025-04-14 01:24:02 - INFO - Original error line:     exact sub_eq_add_neg (1/2)^2 (1/3)^2 ▸ (mul_add (1/2) (1/3) (1/2 - 1/3)).symm
2025-04-14 01:24:04 - INFO - Testing fix: Original errors: 10, Fixed errors: 8
2025-04-14 01:24:04 - INFO - Result: False (introduced 1 new errors)
2025-04-14 01:24:04 - DEBUG - === New errors detail ===
2025-04-14 01:24:04 - DEBUG - New Error 1: line 10, type: rewrite_failed, message: tactic 'rewrite' failed, did not find instance of the pattern in the target expression
  ?n * 2
⊢ (1 / 2 + 1 / 3) * (1 / 2 - 1 / 3) = (1 / 2) ^ 2 - (1 / 3) ^ 2
2025-04-14 01:24:04 - INFO - Testing fragment: rw [mul_boole]
2025-04-14 01:24:04 - INFO - Original error line:     exact sub_eq_add_neg (1/2)^2 (1/3)^2 ▸ (mul_add (1/2) (1/3) (1/2 - 1/3)).symm
2025-04-14 01:24:06 - INFO - Testing fix: Original errors: 10, Fixed errors: 8
2025-04-14 01:24:06 - INFO - Result: False (introduced 1 new errors)
2025-04-14 01:24:06 - DEBUG - === New errors detail ===
2025-04-14 01:24:06 - DEBUG - New Error 1: line 10, type: rewrite_failed, message: tactic 'rewrite' failed, did not find instance of the pattern in the target expression
  ?a * if ?P then 1 else 0
⊢ (1 / 2 + 1 / 3) * (1 / 2 - 1 / 3) = (1 / 2) ^ 2 - (1 / 3) ^ 2
2025-04-14 01:24:06 - INFO - Testing fragment: rw [boole_mul]
2025-04-14 01:24:06 - INFO - Original error line:     exact sub_eq_add_neg (1/2)^2 (1/3)^2 ▸ (mul_add (1/2) (1/3) (1/2 - 1/3)).symm
2025-04-14 01:24:08 - INFO - Testing fix: Original errors: 10, Fixed errors: 8
2025-04-14 01:24:08 - INFO - Result: False (introduced 1 new errors)
2025-04-14 01:24:08 - DEBUG - === New errors detail ===
2025-04-14 01:24:08 - DEBUG - New Error 1: line 10, type: rewrite_failed, message: tactic 'rewrite' failed, did not find instance of the pattern in the target expression
  (if ?P then 1 else 0) * ?a
⊢ (1 / 2 + 1 / 3) * (1 / 2 - 1 / 3) = (1 / 2) ^ 2 - (1 / 3) ^ 2
2025-04-14 01:24:08 - INFO - Testing fragment: rw [add_mul_self_eq]
2025-04-14 01:24:08 - INFO - Original error line:     exact sub_eq_add_neg (1/2)^2 (1/3)^2 ▸ (mul_add (1/2) (1/3) (1/2 - 1/3)).symm
2025-04-14 01:24:10 - INFO - Testing fix: Original errors: 10, Fixed errors: 8
2025-04-14 01:24:10 - INFO - Result: False (introduced 1 new errors)
2025-04-14 01:24:10 - DEBUG - === New errors detail ===
2025-04-14 01:24:10 - DEBUG - New Error 1: line 10, type: rewrite_failed, message: tactic 'rewrite' failed, did not find instance of the pattern in the target expression
  (?a + ?b) * (?a + ?b)
⊢ (1 / 2 + 1 / 3) * (1 / 2 - 1 / 3) = (1 / 2) ^ 2 - (1 / 3) ^ 2
2025-04-14 01:24:10 - INFO - Testing fragment: rw [neg_mul]
2025-04-14 01:24:10 - INFO - Original error line:     exact sub_eq_add_neg (1/2)^2 (1/3)^2 ▸ (mul_add (1/2) (1/3) (1/2 - 1/3)).symm
2025-04-14 01:24:12 - INFO - Testing fix: Original errors: 10, Fixed errors: 8
2025-04-14 01:24:12 - INFO - Result: False (introduced 1 new errors)
2025-04-14 01:24:12 - DEBUG - === New errors detail ===
2025-04-14 01:24:12 - DEBUG - New Error 1: line 10, type: rewrite_failed, message: tactic 'rewrite' failed, did not find instance of the pattern in the target expression
  -?a * ?b
⊢ (1 / 2 + 1 / 3) * (1 / 2 - 1 / 3) = (1 / 2) ^ 2 - (1 / 3) ^ 2
2025-04-14 01:24:12 - INFO - Testing fragment: rw [mul_neg]
2025-04-14 01:24:12 - INFO - Original error line:     exact sub_eq_add_neg (1/2)^2 (1/3)^2 ▸ (mul_add (1/2) (1/3) (1/2 - 1/3)).symm
2025-04-14 01:24:14 - INFO - Testing fix: Original errors: 10, Fixed errors: 8
2025-04-14 01:24:14 - INFO - Result: False (introduced 1 new errors)
2025-04-14 01:24:14 - DEBUG - === New errors detail ===
2025-04-14 01:24:14 - DEBUG - New Error 1: line 10, type: rewrite_failed, message: tactic 'rewrite' failed, did not find instance of the pattern in the target expression
  ?a * -?b
⊢ (1 / 2 + 1 / 3) * (1 / 2 - 1 / 3) = (1 / 2) ^ 2 - (1 / 3) ^ 2
2025-04-14 01:24:14 - INFO - Testing fragment: rw [neg_mul_neg]
2025-04-14 01:24:14 - INFO - Original error line:     exact sub_eq_add_neg (1/2)^2 (1/3)^2 ▸ (mul_add (1/2) (1/3) (1/2 - 1/3)).symm
2025-04-14 01:24:16 - INFO - Testing fix: Original errors: 10, Fixed errors: 8
2025-04-14 01:24:16 - INFO - Result: False (introduced 1 new errors)
2025-04-14 01:24:16 - DEBUG - === New errors detail ===
2025-04-14 01:24:16 - DEBUG - New Error 1: line 10, type: rewrite_failed, message: tactic 'rewrite' failed, did not find instance of the pattern in the target expression
  -?a * -?b
⊢ (1 / 2 + 1 / 3) * (1 / 2 - 1 / 3) = (1 / 2) ^ 2 - (1 / 3) ^ 2
2025-04-14 01:24:16 - INFO - Testing fragment: rw [neg_mul_eq_neg_mul]
2025-04-14 01:24:16 - INFO - Original error line:     exact sub_eq_add_neg (1/2)^2 (1/3)^2 ▸ (mul_add (1/2) (1/3) (1/2 - 1/3)).symm
2025-04-14 01:24:18 - INFO - Testing fix: Original errors: 10, Fixed errors: 8
2025-04-14 01:24:18 - INFO - Result: False (introduced 1 new errors)
2025-04-14 01:24:18 - DEBUG - === New errors detail ===
2025-04-14 01:24:18 - DEBUG - New Error 1: line 10, type: rewrite_failed, message: tactic 'rewrite' failed, did not find instance of the pattern in the target expression
  -(?a * ?b)
⊢ (1 / 2 + 1 / 3) * (1 / 2 - 1 / 3) = (1 / 2) ^ 2 - (1 / 3) ^ 2
2025-04-14 01:24:18 - INFO - Testing fragment: rw [neg_mul_eq_mul_neg]
2025-04-14 01:24:18 - INFO - Original error line:     exact sub_eq_add_neg (1/2)^2 (1/3)^2 ▸ (mul_add (1/2) (1/3) (1/2 - 1/3)).symm
2025-04-14 01:24:20 - INFO - Testing fix: Original errors: 10, Fixed errors: 8
2025-04-14 01:24:20 - INFO - Result: False (introduced 1 new errors)
2025-04-14 01:24:20 - DEBUG - === New errors detail ===
2025-04-14 01:24:20 - DEBUG - New Error 1: line 10, type: rewrite_failed, message: tactic 'rewrite' failed, did not find instance of the pattern in the target expression
  -(?a * ?b)
⊢ (1 / 2 + 1 / 3) * (1 / 2 - 1 / 3) = (1 / 2) ^ 2 - (1 / 3) ^ 2
2025-04-14 01:24:20 - INFO - Testing fragment: rw [neg_mul_comm]
2025-04-14 01:24:20 - INFO - Original error line:     exact sub_eq_add_neg (1/2)^2 (1/3)^2 ▸ (mul_add (1/2) (1/3) (1/2 - 1/3)).symm
2025-04-14 01:24:22 - INFO - Testing fix: Original errors: 10, Fixed errors: 8
2025-04-14 01:24:22 - INFO - Result: False (introduced 1 new errors)
2025-04-14 01:24:22 - DEBUG - === New errors detail ===
2025-04-14 01:24:22 - DEBUG - New Error 1: line 10, type: rewrite_failed, message: tactic 'rewrite' failed, did not find instance of the pattern in the target expression
  -?a * ?b
⊢ (1 / 2 + 1 / 3) * (1 / 2 - 1 / 3) = (1 / 2) ^ 2 - (1 / 3) ^ 2
2025-04-14 01:24:22 - INFO - Testing fragment: rw [neg_eq_neg_one_mul]
2025-04-14 01:24:22 - INFO - Original error line:     exact sub_eq_add_neg (1/2)^2 (1/3)^2 ▸ (mul_add (1/2) (1/3) (1/2 - 1/3)).symm
2025-04-14 01:24:24 - INFO - Testing fix: Original errors: 10, Fixed errors: 8
2025-04-14 01:24:24 - INFO - Result: False (introduced 1 new errors)
2025-04-14 01:24:24 - DEBUG - === New errors detail ===
2025-04-14 01:24:24 - DEBUG - New Error 1: line 10, type: rewrite_failed, message: tactic 'rewrite' failed, did not find instance of the pattern in the target expression
  -?a
⊢ (1 / 2 + 1 / 3) * (1 / 2 - 1 / 3) = (1 / 2) ^ 2 - (1 / 3) ^ 2
2025-04-14 01:24:24 - INFO - Testing fragment: rw [mul_neg_one]
2025-04-14 01:24:24 - INFO - Original error line:     exact sub_eq_add_neg (1/2)^2 (1/3)^2 ▸ (mul_add (1/2) (1/3) (1/2 - 1/3)).symm
2025-04-14 01:24:26 - INFO - Testing fix: Original errors: 10, Fixed errors: 8
2025-04-14 01:24:26 - INFO - Result: False (introduced 1 new errors)
2025-04-14 01:24:26 - DEBUG - === New errors detail ===
2025-04-14 01:24:26 - DEBUG - New Error 1: line 10, type: rewrite_failed, message: tactic 'rewrite' failed, did not find instance of the pattern in the target expression
  ?a * -1
⊢ (1 / 2 + 1 / 3) * (1 / 2 - 1 / 3) = (1 / 2) ^ 2 - (1 / 3) ^ 2
2025-04-14 01:24:26 - INFO - Testing fragment: rw [neg_one_mul]
2025-04-14 01:24:26 - INFO - Original error line:     exact sub_eq_add_neg (1/2)^2 (1/3)^2 ▸ (mul_add (1/2) (1/3) (1/2 - 1/3)).symm
2025-04-14 01:24:28 - INFO - Testing fix: Original errors: 10, Fixed errors: 8
2025-04-14 01:24:28 - INFO - Result: False (introduced 1 new errors)
2025-04-14 01:24:28 - DEBUG - === New errors detail ===
2025-04-14 01:24:28 - DEBUG - New Error 1: line 10, type: rewrite_failed, message: tactic 'rewrite' failed, did not find instance of the pattern in the target expression
  -1 * ?a
⊢ (1 / 2 + 1 / 3) * (1 / 2 - 1 / 3) = (1 / 2) ^ 2 - (1 / 3) ^ 2
2025-04-14 01:24:28 - INFO - Testing fragment: rw [mul_sub_left_distrib]
2025-04-14 01:24:28 - INFO - Original error line:     exact sub_eq_add_neg (1/2)^2 (1/3)^2 ▸ (mul_add (1/2) (1/3) (1/2 - 1/3)).symm
2025-04-14 01:24:30 - INFO - Testing fix: Original errors: 10, Fixed errors: 8
2025-04-14 01:24:30 - INFO - Result: False (introduced 1 new errors)
2025-04-14 01:24:30 - DEBUG - === New errors detail ===
2025-04-14 01:24:30 - DEBUG - New Error 1: line 8, type: other_error, message: unsolved goals
⊢ (1 / 2 + 1 / 3) * (1 / 2) - (1 / 2 + 1 / 3) * (1 / 3) = (1 / 2) ^ 2 - (1 / 3) ^ 2
2025-04-14 01:24:30 - INFO - Testing fragment: rw [mul_sub_right_distrib]
2025-04-14 01:24:30 - INFO - Original error line:     exact sub_eq_add_neg (1/2)^2 (1/3)^2 ▸ (mul_add (1/2) (1/3) (1/2 - 1/3)).symm
2025-04-14 01:24:32 - INFO - Testing fix: Original errors: 10, Fixed errors: 8
2025-04-14 01:24:32 - INFO - Result: False (introduced 1 new errors)
2025-04-14 01:24:32 - DEBUG - === New errors detail ===
2025-04-14 01:24:32 - DEBUG - New Error 1: line 10, type: rewrite_failed, message: tactic 'rewrite' failed, did not find instance of the pattern in the target expression
  (?a - ?b) * ?c
⊢ (1 / 2 + 1 / 3) * (1 / 2 - 1 / 3) = (1 / 2) ^ 2 - (1 / 3) ^ 2
2025-04-14 01:24:32 - INFO - Testing fragment: rw [sub_one_mul]
2025-04-14 01:24:32 - INFO - Original error line:     exact sub_eq_add_neg (1/2)^2 (1/3)^2 ▸ (mul_add (1/2) (1/3) (1/2 - 1/3)).symm
2025-04-14 01:24:34 - INFO - Testing fix: Original errors: 10, Fixed errors: 8
2025-04-14 01:24:34 - INFO - Result: False (introduced 1 new errors)
2025-04-14 01:24:34 - DEBUG - === New errors detail ===
2025-04-14 01:24:34 - DEBUG - New Error 1: line 10, type: rewrite_failed, message: tactic 'rewrite' failed, did not find instance of the pattern in the target expression
  (?a - 1) * ?b
⊢ (1 / 2 + 1 / 3) * (1 / 2 - 1 / 3) = (1 / 2) ^ 2 - (1 / 3) ^ 2
2025-04-14 01:24:34 - INFO - Testing fragment: rw [mul_sub_one]
2025-04-14 01:24:34 - INFO - Original error line:     exact sub_eq_add_neg (1/2)^2 (1/3)^2 ▸ (mul_add (1/2) (1/3) (1/2 - 1/3)).symm
2025-04-14 01:24:36 - INFO - Testing fix: Original errors: 10, Fixed errors: 8
2025-04-14 01:24:36 - INFO - Result: False (introduced 1 new errors)
2025-04-14 01:24:36 - DEBUG - === New errors detail ===
2025-04-14 01:24:36 - DEBUG - New Error 1: line 10, type: rewrite_failed, message: tactic 'rewrite' failed, did not find instance of the pattern in the target expression
  ?a * (?b - 1)
⊢ (1 / 2 + 1 / 3) * (1 / 2 - 1 / 3) = (1 / 2) ^ 2 - (1 / 3) ^ 2
2025-04-14 01:24:36 - INFO - Testing fragment: rw [one_sub_mul]
2025-04-14 01:24:36 - INFO - Original error line:     exact sub_eq_add_neg (1/2)^2 (1/3)^2 ▸ (mul_add (1/2) (1/3) (1/2 - 1/3)).symm
2025-04-14 01:24:38 - INFO - Testing fix: Original errors: 10, Fixed errors: 8
2025-04-14 01:24:38 - INFO - Result: False (introduced 1 new errors)
2025-04-14 01:24:38 - DEBUG - === New errors detail ===
2025-04-14 01:24:38 - DEBUG - New Error 1: line 10, type: rewrite_failed, message: tactic 'rewrite' failed, did not find instance of the pattern in the target expression
  (1 - ?a) * ?b
⊢ (1 / 2 + 1 / 3) * (1 / 2 - 1 / 3) = (1 / 2) ^ 2 - (1 / 3) ^ 2
2025-04-14 01:24:38 - INFO - Testing fragment: rw [mul_one_sub]
2025-04-14 01:24:38 - INFO - Original error line:     exact sub_eq_add_neg (1/2)^2 (1/3)^2 ▸ (mul_add (1/2) (1/3) (1/2 - 1/3)).symm
2025-04-14 01:24:40 - INFO - Testing fix: Original errors: 10, Fixed errors: 8
2025-04-14 01:24:40 - INFO - Result: False (introduced 1 new errors)
2025-04-14 01:24:40 - DEBUG - === New errors detail ===
2025-04-14 01:24:40 - DEBUG - New Error 1: line 10, type: rewrite_failed, message: tactic 'rewrite' failed, did not find instance of the pattern in the target expression
  ?a * (1 - ?b)
⊢ (1 / 2 + 1 / 3) * (1 / 2 - 1 / 3) = (1 / 2) ^ 2 - (1 / 3) ^ 2
2025-04-14 01:24:40 - INFO - Testing fragment: rw [mul_left_cancel]
2025-04-14 01:24:40 - INFO - Original error line:     exact sub_eq_add_neg (1/2)^2 (1/3)^2 ▸ (mul_add (1/2) (1/3) (1/2 - 1/3)).symm
2025-04-14 01:24:42 - INFO - Testing fix: Original errors: 10, Fixed errors: 8
2025-04-14 01:24:42 - INFO - Result: False (introduced 1 new errors)
2025-04-14 01:24:42 - DEBUG - === New errors detail ===
2025-04-14 01:24:42 - DEBUG - New Error 1: line 10, type: rewrite_failed, message: tactic 'rewrite' failed, pattern is a metavariable
  ?m.1512
from equation
  ?m.1512 = ?m.1513
⊢ (1 / 2 + 1 / 3) * (1 / 2 - 1 / 3) = (1 / 2) ^ 2 - (1 / 3) ^ 2
2025-04-14 01:24:42 - INFO - Testing fragment: rw [mul_left_cancel_iff]
2025-04-14 01:24:42 - INFO - Original error line:     exact sub_eq_add_neg (1/2)^2 (1/3)^2 ▸ (mul_add (1/2) (1/3) (1/2 - 1/3)).symm
2025-04-14 01:24:44 - INFO - Testing fix: Original errors: 10, Fixed errors: 8
2025-04-14 01:24:44 - INFO - Result: False (introduced 1 new errors)
2025-04-14 01:24:44 - DEBUG - === New errors detail ===
2025-04-14 01:24:44 - DEBUG - New Error 1: line 10, type: rewrite_failed, message: tactic 'rewrite' failed, did not find instance of the pattern in the target expression
  ?m.1511 * ?m.1512 = ?m.1511 * ?m.1513
⊢ (1 / 2 + 1 / 3) * (1 / 2 - 1 / 3) = (1 / 2) ^ 2 - (1 / 3) ^ 2
2025-04-14 01:24:44 - INFO - Testing fragment: rw [mul_right_injective]
2025-04-14 01:24:44 - INFO - Original error line:     exact sub_eq_add_neg (1/2)^2 (1/3)^2 ▸ (mul_add (1/2) (1/3) (1/2 - 1/3)).symm
2025-04-14 01:24:46 - INFO - Testing fix: Original errors: 10, Fixed errors: 8
2025-04-14 01:24:46 - INFO - Result: False (introduced 1 new errors)
2025-04-14 01:24:46 - DEBUG - === New errors detail ===
2025-04-14 01:24:46 - DEBUG - New Error 1: line 10, type: rewrite_failed, message: tactic 'rewrite' failed, pattern is a metavariable
  ?a₁
from equation
  ?a₁ = ?a₂
⊢ (1 / 2 + 1 / 3) * (1 / 2 - 1 / 3) = (1 / 2) ^ 2 - (1 / 3) ^ 2
2025-04-14 01:24:46 - INFO - Testing fragment: rw [mul_right_inj]
2025-04-14 01:24:46 - INFO - Original error line:     exact sub_eq_add_neg (1/2)^2 (1/3)^2 ▸ (mul_add (1/2) (1/3) (1/2 - 1/3)).symm
2025-04-14 01:24:48 - INFO - Testing fix: Original errors: 10, Fixed errors: 8
2025-04-14 01:24:48 - INFO - Result: False (introduced 1 new errors)
2025-04-14 01:24:48 - DEBUG - === New errors detail ===
2025-04-14 01:24:48 - DEBUG - New Error 1: line 10, type: rewrite_failed, message: tactic 'rewrite' failed, did not find instance of the pattern in the target expression
  ?a * ?b = ?a * ?c
⊢ (1 / 2 + 1 / 3) * (1 / 2 - 1 / 3) = (1 / 2) ^ 2 - (1 / 3) ^ 2
2025-04-14 01:24:48 - INFO - Testing fragment: rw [mul_ne_mul_right]
2025-04-14 01:24:48 - INFO - Original error line:     exact sub_eq_add_neg (1/2)^2 (1/3)^2 ▸ (mul_add (1/2) (1/3) (1/2 - 1/3)).symm
2025-04-14 01:24:50 - INFO - Testing fix: Original errors: 10, Fixed errors: 8
2025-04-14 01:24:50 - INFO - Result: False (introduced 1 new errors)
2025-04-14 01:24:50 - DEBUG - === New errors detail ===
2025-04-14 01:24:50 - DEBUG - New Error 1: line 10, type: rewrite_failed, message: tactic 'rewrite' failed, did not find instance of the pattern in the target expression
  ?a * ?b ≠ ?a * ?c
⊢ (1 / 2 + 1 / 3) * (1 / 2 - 1 / 3) = (1 / 2) ^ 2 - (1 / 3) ^ 2
2025-04-14 01:24:50 - INFO - Testing fragment: rw [mul_right_cancel]
2025-04-14 01:24:50 - INFO - Original error line:     exact sub_eq_add_neg (1/2)^2 (1/3)^2 ▸ (mul_add (1/2) (1/3) (1/2 - 1/3)).symm
2025-04-14 01:24:52 - INFO - Testing fix: Original errors: 10, Fixed errors: 8
2025-04-14 01:24:52 - INFO - Result: False (introduced 1 new errors)
2025-04-14 01:24:52 - DEBUG - === New errors detail ===
2025-04-14 01:24:52 - DEBUG - New Error 1: line 10, type: rewrite_failed, message: tactic 'rewrite' failed, pattern is a metavariable
  ?m.1511
from equation
  ?m.1511 = ?m.1513
⊢ (1 / 2 + 1 / 3) * (1 / 2 - 1 / 3) = (1 / 2) ^ 2 - (1 / 3) ^ 2
2025-04-14 01:24:52 - INFO - Testing fragment: rw [mul_right_cancel_iff]
2025-04-14 01:24:52 - INFO - Original error line:     exact sub_eq_add_neg (1/2)^2 (1/3)^2 ▸ (mul_add (1/2) (1/3) (1/2 - 1/3)).symm
2025-04-14 01:24:54 - INFO - Testing fix: Original errors: 10, Fixed errors: 8
2025-04-14 01:24:54 - INFO - Result: False (introduced 1 new errors)
2025-04-14 01:24:54 - DEBUG - === New errors detail ===
2025-04-14 01:24:54 - DEBUG - New Error 1: line 10, type: rewrite_failed, message: tactic 'rewrite' failed, did not find instance of the pattern in the target expression
  ?m.1512 * ?m.1511 = ?m.1513 * ?m.1511
⊢ (1 / 2 + 1 / 3) * (1 / 2 - 1 / 3) = (1 / 2) ^ 2 - (1 / 3) ^ 2
2025-04-14 01:24:54 - INFO - Testing fragment: rw [mul_left_injective]
2025-04-14 01:24:54 - INFO - Original error line:     exact sub_eq_add_neg (1/2)^2 (1/3)^2 ▸ (mul_add (1/2) (1/3) (1/2 - 1/3)).symm
2025-04-14 01:24:56 - INFO - Testing fix: Original errors: 10, Fixed errors: 8
2025-04-14 01:24:56 - INFO - Result: False (introduced 1 new errors)
2025-04-14 01:24:56 - DEBUG - === New errors detail ===
2025-04-14 01:24:56 - DEBUG - New Error 1: line 10, type: rewrite_failed, message: tactic 'rewrite' failed, pattern is a metavariable
  ?a₁
from equation
  ?a₁ = ?a₂
⊢ (1 / 2 + 1 / 3) * (1 / 2 - 1 / 3) = (1 / 2) ^ 2 - (1 / 3) ^ 2
2025-04-14 01:24:56 - INFO - Testing fragment: rw [mul_left_inj]
2025-04-14 01:24:56 - INFO - Original error line:     exact sub_eq_add_neg (1/2)^2 (1/3)^2 ▸ (mul_add (1/2) (1/3) (1/2 - 1/3)).symm
2025-04-14 01:24:58 - INFO - Testing fix: Original errors: 10, Fixed errors: 8
2025-04-14 01:24:58 - INFO - Result: False (introduced 1 new errors)
2025-04-14 01:24:58 - DEBUG - === New errors detail ===
2025-04-14 01:24:58 - DEBUG - New Error 1: line 10, type: rewrite_failed, message: tactic 'rewrite' failed, did not find instance of the pattern in the target expression
  ?b * ?a = ?c * ?a
⊢ (1 / 2 + 1 / 3) * (1 / 2 - 1 / 3) = (1 / 2) ^ 2 - (1 / 3) ^ 2
2025-04-14 01:24:58 - INFO - Testing fragment: rw [mul_ne_mul_left]
2025-04-14 01:24:58 - INFO - Original error line:     exact sub_eq_add_neg (1/2)^2 (1/3)^2 ▸ (mul_add (1/2) (1/3) (1/2 - 1/3)).symm
2025-04-14 01:25:00 - INFO - Testing fix: Original errors: 10, Fixed errors: 8
2025-04-14 01:25:00 - INFO - Result: False (introduced 1 new errors)
2025-04-14 01:25:00 - DEBUG - === New errors detail ===
2025-04-14 01:25:00 - DEBUG - New Error 1: line 10, type: rewrite_failed, message: tactic 'rewrite' failed, did not find instance of the pattern in the target expression
  ?b * ?a ≠ ?c * ?a
⊢ (1 / 2 + 1 / 3) * (1 / 2 - 1 / 3) = (1 / 2) ^ 2 - (1 / 3) ^ 2
2025-04-14 01:25:00 - INFO - Testing fragment: rw [mul_assoc]
2025-04-14 01:25:00 - INFO - Original error line:     exact sub_eq_add_neg (1/2)^2 (1/3)^2 ▸ (mul_add (1/2) (1/3) (1/2 - 1/3)).symm
2025-04-14 01:25:02 - INFO - Testing fix: Original errors: 10, Fixed errors: 8
2025-04-14 01:25:02 - INFO - Result: False (introduced 1 new errors)
2025-04-14 01:25:02 - DEBUG - === New errors detail ===
2025-04-14 01:25:02 - DEBUG - New Error 1: line 10, type: rewrite_failed, message: tactic 'rewrite' failed, did not find instance of the pattern in the target expression
  ?a * ?b * ?c
⊢ (1 / 2 + 1 / 3) * (1 / 2 - 1 / 3) = (1 / 2) ^ 2 - (1 / 3) ^ 2
2025-04-14 01:25:02 - INFO - Testing fragment: rw [mul_comm]
2025-04-14 01:25:02 - INFO - Original error line:     exact sub_eq_add_neg (1/2)^2 (1/3)^2 ▸ (mul_add (1/2) (1/3) (1/2 - 1/3)).symm
2025-04-14 01:25:04 - INFO - Testing fix: Original errors: 10, Fixed errors: 8
2025-04-14 01:25:04 - INFO - Result: False (introduced 1 new errors)
2025-04-14 01:25:04 - DEBUG - === New errors detail ===
2025-04-14 01:25:04 - DEBUG - New Error 1: line 8, type: other_error, message: unsolved goals
⊢ (1 / 2 - 1 / 3) * (1 / 2 + 1 / 3) = (1 / 2) ^ 2 - (1 / 3) ^ 2
2025-04-14 01:25:04 - INFO - Testing fragment: rw [MulOneClass]
2025-04-14 01:25:04 - INFO - Original error line:     exact sub_eq_add_neg (1/2)^2 (1/3)^2 ▸ (mul_add (1/2) (1/3) (1/2 - 1/3)).symm
2025-04-14 01:25:06 - INFO - Testing fix: Original errors: 10, Fixed errors: 8
2025-04-14 01:25:06 - INFO - Result: False (introduced 1 new errors)
2025-04-14 01:25:06 - DEBUG - === New errors detail ===
2025-04-14 01:25:06 - DEBUG - New Error 1: line 10, type: rewrite_failed, message: tactic 'rewrite' failed, equality or iff proof expected
  Type ?u.1507
⊢ (1 / 2 + 1 / 3) * (1 / 2 - 1 / 3) = (1 / 2) ^ 2 - (1 / 3) ^ 2
2025-04-14 01:25:06 - INFO - Testing fragment: rw [one_mul]
2025-04-14 01:25:06 - INFO - Original error line:     exact sub_eq_add_neg (1/2)^2 (1/3)^2 ▸ (mul_add (1/2) (1/3) (1/2 - 1/3)).symm
2025-04-14 01:25:08 - INFO - Testing fix: Original errors: 10, Fixed errors: 8
2025-04-14 01:25:08 - INFO - Result: False (introduced 1 new errors)
2025-04-14 01:25:08 - DEBUG - === New errors detail ===
2025-04-14 01:25:08 - DEBUG - New Error 1: line 10, type: rewrite_failed, message: tactic 'rewrite' failed, did not find instance of the pattern in the target expression
  1 * ?a
⊢ (1 / 2 + 1 / 3) * (1 / 2 - 1 / 3) = (1 / 2) ^ 2 - (1 / 3) ^ 2
2025-04-14 01:25:08 - INFO - Testing fragment: rw [mul_one]
2025-04-14 01:25:08 - INFO - Original error line:     exact sub_eq_add_neg (1/2)^2 (1/3)^2 ▸ (mul_add (1/2) (1/3) (1/2 - 1/3)).symm
2025-04-14 01:25:10 - INFO - Testing fix: Original errors: 10, Fixed errors: 8
2025-04-14 01:25:10 - INFO - Result: False (introduced 1 new errors)
2025-04-14 01:25:10 - DEBUG - === New errors detail ===
2025-04-14 01:25:10 - DEBUG - New Error 1: line 10, type: rewrite_failed, message: tactic 'rewrite' failed, did not find instance of the pattern in the target expression
  ?a * 1
⊢ (1 / 2 + 1 / 3) * (1 / 2 - 1 / 3) = (1 / 2) ^ 2 - (1 / 3) ^ 2
2025-04-14 01:25:10 - INFO - Testing fragment: rw [npowRec_add]
2025-04-14 01:25:10 - INFO - Original error line:     exact sub_eq_add_neg (1/2)^2 (1/3)^2 ▸ (mul_add (1/2) (1/3) (1/2 - 1/3)).symm
2025-04-14 01:25:12 - INFO - Testing fix: Original errors: 10, Fixed errors: 9
2025-04-14 01:25:12 - INFO - Result: False (introduced 2 new errors)
2025-04-14 01:25:12 - DEBUG - === New errors detail ===
2025-04-14 01:25:12 - DEBUG - New Error 1: line 10, type: unknown_identifier, message: unknown identifier 'npowRec_add'
2025-04-14 01:25:12 - DEBUG - New Error 2: line 10, type: rewrite_failed, message: tactic 'rewrite' failed, equality or iff proof expected
  ?m.1507
⊢ (1 / 2 + 1 / 3) * (1 / 2 - 1 / 3) = (1 / 2) ^ 2 - (1 / 3) ^ 2
2025-04-14 01:25:12 - INFO - Testing fragment: rw [npowRec_succ]
2025-04-14 01:25:12 - INFO - Original error line:     exact sub_eq_add_neg (1/2)^2 (1/3)^2 ▸ (mul_add (1/2) (1/3) (1/2 - 1/3)).symm
2025-04-14 01:25:14 - INFO - Testing fix: Original errors: 10, Fixed errors: 9
2025-04-14 01:25:14 - INFO - Result: False (introduced 2 new errors)
2025-04-14 01:25:14 - DEBUG - === New errors detail ===
2025-04-14 01:25:14 - DEBUG - New Error 1: line 10, type: unknown_identifier, message: unknown identifier 'npowRec_succ'
2025-04-14 01:25:14 - DEBUG - New Error 2: line 10, type: rewrite_failed, message: tactic 'rewrite' failed, equality or iff proof expected
  ?m.1507
⊢ (1 / 2 + 1 / 3) * (1 / 2 - 1 / 3) = (1 / 2) ^ 2 - (1 / 3) ^ 2
2025-04-14 01:25:14 - INFO - Testing fragment: rw [npowRec'_succ]
2025-04-14 01:25:14 - INFO - Original error line:     exact sub_eq_add_neg (1/2)^2 (1/3)^2 ▸ (mul_add (1/2) (1/3) (1/2 - 1/3)).symm
2025-04-14 01:25:16 - INFO - Testing fix: Original errors: 10, Fixed errors: 9
2025-04-14 01:25:16 - INFO - Result: False (introduced 2 new errors)
2025-04-14 01:25:16 - DEBUG - === New errors detail ===
2025-04-14 01:25:16 - DEBUG - New Error 1: line 10, type: unknown_identifier, message: unknown identifier 'npowRec'_succ'
2025-04-14 01:25:16 - DEBUG - New Error 2: line 10, type: rewrite_failed, message: tactic 'rewrite' failed, equality or iff proof expected
  ?m.1507
⊢ (1 / 2 + 1 / 3) * (1 / 2 - 1 / 3) = (1 / 2) ^ 2 - (1 / 3) ^ 2
2025-04-14 01:25:16 - INFO - Testing fragment: rw [npowRec'_two_mul]
2025-04-14 01:25:16 - INFO - Original error line:     exact sub_eq_add_neg (1/2)^2 (1/3)^2 ▸ (mul_add (1/2) (1/3) (1/2 - 1/3)).symm
2025-04-14 01:25:18 - INFO - Testing fix: Original errors: 10, Fixed errors: 9
2025-04-14 01:25:18 - INFO - Result: False (introduced 2 new errors)
2025-04-14 01:25:18 - DEBUG - === New errors detail ===
2025-04-14 01:25:18 - DEBUG - New Error 1: line 10, type: unknown_identifier, message: unknown identifier 'npowRec'_two_mul'
2025-04-14 01:25:18 - DEBUG - New Error 2: line 10, type: rewrite_failed, message: tactic 'rewrite' failed, equality or iff proof expected
  ?m.1507
⊢ (1 / 2 + 1 / 3) * (1 / 2 - 1 / 3) = (1 / 2) ^ 2 - (1 / 3) ^ 2
2025-04-14 01:25:18 - INFO - Testing fragment: rw [npowRec'_mul_comm]
2025-04-14 01:25:18 - INFO - Original error line:     exact sub_eq_add_neg (1/2)^2 (1/3)^2 ▸ (mul_add (1/2) (1/3) (1/2 - 1/3)).symm
2025-04-14 01:25:20 - INFO - Testing fix: Original errors: 10, Fixed errors: 9
2025-04-14 01:25:20 - INFO - Result: False (introduced 2 new errors)
2025-04-14 01:25:20 - DEBUG - === New errors detail ===
2025-04-14 01:25:20 - DEBUG - New Error 1: line 10, type: unknown_identifier, message: unknown identifier 'npowRec'_mul_comm'
2025-04-14 01:25:20 - DEBUG - New Error 2: line 10, type: rewrite_failed, message: tactic 'rewrite' failed, equality or iff proof expected
  ?m.1507
⊢ (1 / 2 + 1 / 3) * (1 / 2 - 1 / 3) = (1 / 2) ^ 2 - (1 / 3) ^ 2
2025-04-14 01:25:20 - INFO - Testing fragment: rw [npowRec_eq]
2025-04-14 01:25:20 - INFO - Original error line:     exact sub_eq_add_neg (1/2)^2 (1/3)^2 ▸ (mul_add (1/2) (1/3) (1/2 - 1/3)).symm
2025-04-14 01:25:22 - INFO - Testing fix: Original errors: 10, Fixed errors: 9
2025-04-14 01:25:22 - INFO - Result: False (introduced 2 new errors)
2025-04-14 01:25:22 - DEBUG - === New errors detail ===
2025-04-14 01:25:22 - DEBUG - New Error 1: line 10, type: unknown_identifier, message: unknown identifier 'npowRec_eq'
2025-04-14 01:25:22 - DEBUG - New Error 2: line 10, type: rewrite_failed, message: tactic 'rewrite' failed, equality or iff proof expected
  ?m.1507
⊢ (1 / 2 + 1 / 3) * (1 / 2 - 1 / 3) = (1 / 2) ^ 2 - (1 / 3) ^ 2
2025-04-14 01:25:22 - INFO - Testing fragment: rw [npowBinRec]
2025-04-14 01:25:22 - INFO - Original error line:     exact sub_eq_add_neg (1/2)^2 (1/3)^2 ▸ (mul_add (1/2) (1/3) (1/2 - 1/3)).symm
2025-04-14 01:25:24 - INFO - Testing fix: Original errors: 10, Fixed errors: 9
2025-04-14 01:25:24 - INFO - Result: False (introduced 2 new errors)
2025-04-14 01:25:24 - DEBUG - === New errors detail ===
2025-04-14 01:25:24 - DEBUG - New Error 1: line 10, type: unknown_identifier, message: unknown identifier 'npowBinRec'
2025-04-14 01:25:24 - DEBUG - New Error 2: line 10, type: rewrite_failed, message: tactic 'rewrite' failed, equality or iff proof expected
  ?m.1507
⊢ (1 / 2 + 1 / 3) * (1 / 2 - 1 / 3) = (1 / 2) ^ 2 - (1 / 3) ^ 2
2025-04-14 01:25:24 - INFO - Testing fragment: rw [npowRec_eq_npowBinRec]
2025-04-14 01:25:24 - INFO - Original error line:     exact sub_eq_add_neg (1/2)^2 (1/3)^2 ▸ (mul_add (1/2) (1/3) (1/2 - 1/3)).symm
2025-04-14 01:25:26 - INFO - Testing fix: Original errors: 10, Fixed errors: 9
2025-04-14 01:25:26 - INFO - Result: False (introduced 2 new errors)
2025-04-14 01:25:26 - DEBUG - === New errors detail ===
2025-04-14 01:25:26 - DEBUG - New Error 1: line 10, type: unknown_identifier, message: unknown identifier 'npowRec_eq_npowBinRec'
2025-04-14 01:25:26 - DEBUG - New Error 2: line 10, type: rewrite_failed, message: tactic 'rewrite' failed, equality or iff proof expected
  ?m.1507
⊢ (1 / 2 + 1 / 3) * (1 / 2 - 1 / 3) = (1 / 2) ^ 2 - (1 / 3) ^ 2
2025-04-14 01:25:26 - INFO - Testing fragment: rw [npow_eq_pow]
2025-04-14 01:25:26 - INFO - Original error line:     exact sub_eq_add_neg (1/2)^2 (1/3)^2 ▸ (mul_add (1/2) (1/3) (1/2 - 1/3)).symm
2025-04-14 01:25:28 - INFO - Testing fix: Original errors: 10, Fixed errors: 8
2025-04-14 01:25:28 - INFO - Result: False (introduced 1 new errors)
2025-04-14 01:25:28 - DEBUG - === New errors detail ===
2025-04-14 01:25:28 - DEBUG - New Error 1: line 10, type: rewrite_failed, message: tactic 'rewrite' failed, did not find instance of the pattern in the target expression
  Monoid.npow ?n ?x
⊢ (1 / 2 + 1 / 3) * (1 / 2 - 1 / 3) = (1 / 2) ^ 2 - (1 / 3) ^ 2
2025-04-14 01:25:28 - INFO - Testing fragment: rw [pow_zero]
2025-04-14 01:25:28 - INFO - Original error line:     exact sub_eq_add_neg (1/2)^2 (1/3)^2 ▸ (mul_add (1/2) (1/3) (1/2 - 1/3)).symm
2025-04-14 01:25:30 - INFO - Testing fix: Original errors: 10, Fixed errors: 8
2025-04-14 01:25:30 - INFO - Result: False (introduced 1 new errors)
2025-04-14 01:25:30 - DEBUG - === New errors detail ===
2025-04-14 01:25:30 - DEBUG - New Error 1: line 10, type: rewrite_failed, message: tactic 'rewrite' failed, did not find instance of the pattern in the target expression
  ?a ^ 0
⊢ (1 / 2 + 1 / 3) * (1 / 2 - 1 / 3) = (1 / 2) ^ 2 - (1 / 3) ^ 2
2025-04-14 01:25:30 - INFO - Testing fragment: rw [pow_succ]
2025-04-14 01:25:30 - INFO - Original error line:     exact sub_eq_add_neg (1/2)^2 (1/3)^2 ▸ (mul_add (1/2) (1/3) (1/2 - 1/3)).symm
2025-04-14 01:25:32 - INFO - Testing fix: Original errors: 10, Fixed errors: 8
2025-04-14 01:25:32 - INFO - Result: False (introduced 1 new errors)
2025-04-14 01:25:32 - DEBUG - === New errors detail ===
2025-04-14 01:25:32 - DEBUG - New Error 1: line 8, type: other_error, message: unsolved goals
⊢ (1 / 2 + 1 / 3) * (1 / 2 - 1 / 3) = (1 / 2) ^ 1 * (1 / 2) - (1 / 3) ^ 2
2025-04-14 01:25:32 - INFO - Testing fragment: rw [inv_inv]
2025-04-14 01:25:32 - INFO - Original error line:     exact sub_eq_add_neg (1/2)^2 (1/3)^2 ▸ (mul_add (1/2) (1/3) (1/2 - 1/3)).symm
2025-04-14 01:25:34 - INFO - Testing fix: Original errors: 10, Fixed errors: 8
2025-04-14 01:25:34 - INFO - Result: False (introduced 1 new errors)
2025-04-14 01:25:34 - DEBUG - === New errors detail ===
2025-04-14 01:25:34 - DEBUG - New Error 1: line 10, type: rewrite_failed, message: tactic 'rewrite' failed, did not find instance of the pattern in the target expression
  ?a⁻¹⁻¹
⊢ (1 / 2 + 1 / 3) * (1 / 2 - 1 / 3) = (1 / 2) ^ 2 - (1 / 3) ^ 2
2025-04-14 01:25:34 - INFO - Testing fragment: rw [exists_zpow_surjective]
2025-04-14 01:25:34 - INFO - Original error line:     exact sub_eq_add_neg (1/2)^2 (1/3)^2 ▸ (mul_add (1/2) (1/3) (1/2 - 1/3)).symm
2025-04-14 01:25:36 - INFO - Testing fix: Original errors: 10, Fixed errors: 9
2025-04-14 01:25:36 - INFO - Result: False (introduced 2 new errors)
2025-04-14 01:25:36 - DEBUG - === New errors detail ===
2025-04-14 01:25:36 - DEBUG - New Error 1: line 10, type: unknown_identifier, message: unknown identifier 'exists_zpow_surjective'
2025-04-14 01:25:36 - DEBUG - New Error 2: line 10, type: rewrite_failed, message: tactic 'rewrite' failed, equality or iff proof expected
  ?m.1507
⊢ (1 / 2 + 1 / 3) * (1 / 2 - 1 / 3) = (1 / 2) ^ 2 - (1 / 3) ^ 2
2025-04-14 01:25:36 - INFO - Testing fragment: rw [zpow_eq_pow]
2025-04-14 01:25:36 - INFO - Original error line:     exact sub_eq_add_neg (1/2)^2 (1/3)^2 ▸ (mul_add (1/2) (1/3) (1/2 - 1/3)).symm
2025-04-14 01:25:38 - INFO - Testing fix: Original errors: 10, Fixed errors: 8
2025-04-14 01:25:38 - INFO - Result: False (introduced 1 new errors)
2025-04-14 01:25:38 - DEBUG - === New errors detail ===
2025-04-14 01:25:38 - DEBUG - New Error 1: line 10, type: rewrite_failed, message: tactic 'rewrite' failed, did not find instance of the pattern in the target expression
  DivInvMonoid.zpow ?n ?x
⊢ (1 / 2 + 1 / 3) * (1 / 2 - 1 / 3) = (1 / 2) ^ 2 - (1 / 3) ^ 2
2025-04-14 01:25:38 - INFO - Testing fragment: rw [zpow_zero]
2025-04-14 01:25:38 - INFO - Original error line:     exact sub_eq_add_neg (1/2)^2 (1/3)^2 ▸ (mul_add (1/2) (1/3) (1/2 - 1/3)).symm
2025-04-14 01:25:40 - INFO - Testing fix: Original errors: 10, Fixed errors: 8
2025-04-14 01:25:40 - INFO - Result: False (introduced 1 new errors)
2025-04-14 01:25:40 - DEBUG - === New errors detail ===
2025-04-14 01:25:40 - DEBUG - New Error 1: line 10, type: rewrite_failed, message: tactic 'rewrite' failed, did not find instance of the pattern in the target expression
  ?a ^ 0
⊢ (1 / 2 + 1 / 3) * (1 / 2 - 1 / 3) = (1 / 2) ^ 2 - (1 / 3) ^ 2
2025-04-14 01:25:40 - INFO - Testing fragment: rw [zpow_natCast]
2025-04-14 01:25:40 - INFO - Original error line:     exact sub_eq_add_neg (1/2)^2 (1/3)^2 ▸ (mul_add (1/2) (1/3) (1/2 - 1/3)).symm
2025-04-14 01:25:42 - INFO - Testing fix: Original errors: 10, Fixed errors: 8
2025-04-14 01:25:42 - INFO - Result: False (introduced 1 new errors)
2025-04-14 01:25:42 - DEBUG - === New errors detail ===
2025-04-14 01:25:42 - DEBUG - New Error 1: line 10, type: rewrite_failed, message: tactic 'rewrite' failed, did not find instance of the pattern in the target expression
  ?a ^ ↑?n
⊢ (1 / 2 + 1 / 3) * (1 / 2 - 1 / 3) = (1 / 2) ^ 2 - (1 / 3) ^ 2
2025-04-14 01:25:42 - INFO - Testing fragment: rw [zpow_negSucc]
2025-04-14 01:25:42 - INFO - Original error line:     exact sub_eq_add_neg (1/2)^2 (1/3)^2 ▸ (mul_add (1/2) (1/3) (1/2 - 1/3)).symm
2025-04-14 01:25:44 - INFO - Testing fix: Original errors: 10, Fixed errors: 8
2025-04-14 01:25:44 - INFO - Result: False (introduced 1 new errors)
2025-04-14 01:25:44 - DEBUG - === New errors detail ===
2025-04-14 01:25:44 - DEBUG - New Error 1: line 10, type: rewrite_failed, message: tactic 'rewrite' failed, did not find instance of the pattern in the target expression
  ?a ^ Int.negSucc ?n
⊢ (1 / 2 + 1 / 3) * (1 / 2 - 1 / 3) = (1 / 2) ^ 2 - (1 / 3) ^ 2
2025-04-14 01:25:44 - INFO - Testing fragment: rw [negSucc_zsmul]
2025-04-14 01:25:44 - INFO - Original error line:     exact sub_eq_add_neg (1/2)^2 (1/3)^2 ▸ (mul_add (1/2) (1/3) (1/2 - 1/3)).symm
2025-04-14 01:25:46 - INFO - Testing fix: Original errors: 10, Fixed errors: 8
2025-04-14 01:25:46 - INFO - Result: False (introduced 1 new errors)
2025-04-14 01:25:46 - DEBUG - === New errors detail ===
2025-04-14 01:25:46 - DEBUG - New Error 1: line 10, type: rewrite_failed, message: tactic 'rewrite' failed, did not find instance of the pattern in the target expression
  Int.negSucc ?n • ?a
⊢ (1 / 2 + 1 / 3) * (1 / 2 - 1 / 3) = (1 / 2) ^ 2 - (1 / 3) ^ 2
2025-04-14 01:25:46 - INFO - Testing fragment: rw [div_eq_mul_inv]
2025-04-14 01:25:46 - INFO - Original error line:     exact sub_eq_add_neg (1/2)^2 (1/3)^2 ▸ (mul_add (1/2) (1/3) (1/2 - 1/3)).symm
2025-04-14 01:25:48 - INFO - Testing fix: Original errors: 10, Fixed errors: 8
2025-04-14 01:25:48 - INFO - Result: False (introduced 1 new errors)
2025-04-14 01:25:48 - DEBUG - === New errors detail ===
2025-04-14 01:25:48 - DEBUG - New Error 1: line 8, type: other_error, message: unsolved goals
⊢ (1 * 2⁻¹ + 1 / 3) * (1 * 2⁻¹ - 1 / 3) = (1 * 2⁻¹) ^ 2 - (1 / 3) ^ 2
2025-04-14 01:25:48 - INFO - Testing fragment: rw [inv_eq_one_div]
2025-04-14 01:25:48 - INFO - Original error line:     exact sub_eq_add_neg (1/2)^2 (1/3)^2 ▸ (mul_add (1/2) (1/3) (1/2 - 1/3)).symm
2025-04-14 01:25:50 - INFO - Testing fix: Original errors: 10, Fixed errors: 8
2025-04-14 01:25:50 - INFO - Result: False (introduced 1 new errors)
2025-04-14 01:25:50 - DEBUG - === New errors detail ===
2025-04-14 01:25:50 - DEBUG - New Error 1: line 10, type: rewrite_failed, message: tactic 'rewrite' failed, did not find instance of the pattern in the target expression
  ?x⁻¹
⊢ (1 / 2 + 1 / 3) * (1 / 2 - 1 / 3) = (1 / 2) ^ 2 - (1 / 3) ^ 2
2025-04-14 01:25:50 - INFO - Testing fragment: rw [mul_div_assoc]
2025-04-14 01:25:50 - INFO - Original error line:     exact sub_eq_add_neg (1/2)^2 (1/3)^2 ▸ (mul_add (1/2) (1/3) (1/2 - 1/3)).symm
2025-04-14 01:25:52 - INFO - Testing fix: Original errors: 10, Fixed errors: 8
2025-04-14 01:25:52 - INFO - Result: False (introduced 1 new errors)
2025-04-14 01:25:52 - DEBUG - === New errors detail ===
2025-04-14 01:25:52 - DEBUG - New Error 1: line 10, type: rewrite_failed, message: tactic 'rewrite' failed, did not find instance of the pattern in the target expression
  ?a * ?b / ?c
⊢ (1 / 2 + 1 / 3) * (1 / 2 - 1 / 3) = (1 / 2) ^ 2 - (1 / 3) ^ 2
2025-04-14 01:25:52 - INFO - Testing fragment: rw [one_div]
2025-04-14 01:25:52 - INFO - Original error line:     exact sub_eq_add_neg (1/2)^2 (1/3)^2 ▸ (mul_add (1/2) (1/3) (1/2 - 1/3)).symm
2025-04-14 01:25:54 - INFO - Testing fix: Original errors: 10, Fixed errors: 8
2025-04-14 01:25:54 - INFO - Result: False (introduced 1 new errors)
2025-04-14 01:25:54 - DEBUG - === New errors detail ===
2025-04-14 01:25:54 - DEBUG - New Error 1: line 8, type: other_error, message: unsolved goals
⊢ (2⁻¹ + 1 / 3) * (2⁻¹ - 1 / 3) = 2⁻¹ ^ 2 - (1 / 3) ^ 2
2025-04-14 01:25:54 - INFO - Testing fragment: rw [inv_one]
2025-04-14 01:25:54 - INFO - Original error line:     exact sub_eq_add_neg (1/2)^2 (1/3)^2 ▸ (mul_add (1/2) (1/3) (1/2 - 1/3)).symm
2025-04-14 01:25:56 - INFO - Testing fix: Original errors: 10, Fixed errors: 8
2025-04-14 01:25:56 - INFO - Result: False (introduced 1 new errors)
2025-04-14 01:25:56 - DEBUG - === New errors detail ===
2025-04-14 01:25:56 - DEBUG - New Error 1: line 10, type: rewrite_failed, message: tactic 'rewrite' failed, did not find instance of the pattern in the target expression
  1⁻¹
⊢ (1 / 2 + 1 / 3) * (1 / 2 - 1 / 3) = (1 / 2) ^ 2 - (1 / 3) ^ 2
2025-04-14 01:25:56 - INFO - Testing fragment: rw [mul_inv_rev]
2025-04-14 01:25:56 - INFO - Original error line:     exact sub_eq_add_neg (1/2)^2 (1/3)^2 ▸ (mul_add (1/2) (1/3) (1/2 - 1/3)).symm
2025-04-14 01:25:58 - INFO - Testing fix: Original errors: 10, Fixed errors: 8
2025-04-14 01:25:58 - INFO - Result: False (introduced 1 new errors)
2025-04-14 01:25:58 - DEBUG - === New errors detail ===
2025-04-14 01:25:58 - DEBUG - New Error 1: line 10, type: rewrite_failed, message: tactic 'rewrite' failed, did not find instance of the pattern in the target expression
  (?a * ?b)⁻¹
⊢ (1 / 2 + 1 / 3) * (1 / 2 - 1 / 3) = (1 / 2) ^ 2 - (1 / 3) ^ 2
2025-04-14 01:25:58 - INFO - Testing fragment: rw [inv_eq_of_mul_eq_one_right]
2025-04-14 01:25:58 - INFO - Original error line:     exact sub_eq_add_neg (1/2)^2 (1/3)^2 ▸ (mul_add (1/2) (1/3) (1/2 - 1/3)).symm
2025-04-14 01:26:00 - INFO - Testing fix: Original errors: 10, Fixed errors: 8
2025-04-14 01:26:00 - INFO - Result: False (introduced 1 new errors)
2025-04-14 01:26:00 - DEBUG - === New errors detail ===
2025-04-14 01:26:00 - DEBUG - New Error 1: line 10, type: rewrite_failed, message: tactic 'rewrite' failed, did not find instance of the pattern in the target expression
  ?m.1510⁻¹
⊢ (1 / 2 + 1 / 3) * (1 / 2 - 1 / 3) = (1 / 2) ^ 2 - (1 / 3) ^ 2
2025-04-14 01:26:00 - INFO - Testing fragment: rw [inv_eq_of_mul_eq_one_left]
2025-04-14 01:26:00 - INFO - Original error line:     exact sub_eq_add_neg (1/2)^2 (1/3)^2 ▸ (mul_add (1/2) (1/3) (1/2 - 1/3)).symm
2025-04-14 01:26:02 - INFO - Testing fix: Original errors: 10, Fixed errors: 8
2025-04-14 01:26:02 - INFO - Result: False (introduced 1 new errors)
2025-04-14 01:26:02 - DEBUG - === New errors detail ===
2025-04-14 01:26:02 - DEBUG - New Error 1: line 10, type: rewrite_failed, message: tactic 'rewrite' failed, did not find instance of the pattern in the target expression
  ?m.1511⁻¹
⊢ (1 / 2 + 1 / 3) * (1 / 2 - 1 / 3) = (1 / 2) ^ 2 - (1 / 3) ^ 2
2025-04-14 01:26:02 - INFO - Testing fragment: rw [eq_inv_of_mul_eq_one_left]
2025-04-14 01:26:02 - INFO - Original error line:     exact sub_eq_add_neg (1/2)^2 (1/3)^2 ▸ (mul_add (1/2) (1/3) (1/2 - 1/3)).symm
2025-04-14 01:26:04 - INFO - Testing fix: Original errors: 10, Fixed errors: 8
2025-04-14 01:26:04 - INFO - Result: False (introduced 1 new errors)
2025-04-14 01:26:04 - DEBUG - === New errors detail ===
2025-04-14 01:26:04 - DEBUG - New Error 1: line 10, type: rewrite_failed, message: tactic 'rewrite' failed, pattern is a metavariable
  ?m.1510
from equation
  ?m.1510 = ?m.1511⁻¹
⊢ (1 / 2 + 1 / 3) * (1 / 2 - 1 / 3) = (1 / 2) ^ 2 - (1 / 3) ^ 2
2025-04-14 01:26:04 - INFO - Testing fragment: rw [inv_mul_cancel]
2025-04-14 01:26:04 - INFO - Original error line:     exact sub_eq_add_neg (1/2)^2 (1/3)^2 ▸ (mul_add (1/2) (1/3) (1/2 - 1/3)).symm
2025-04-14 01:26:06 - INFO - Testing fix: Original errors: 10, Fixed errors: 8
2025-04-14 01:26:06 - INFO - Result: False (introduced 1 new errors)
2025-04-14 01:26:06 - DEBUG - === New errors detail ===
2025-04-14 01:26:06 - DEBUG - New Error 1: line 10, type: rewrite_failed, message: tactic 'rewrite' failed, did not find instance of the pattern in the target expression
  ?m.1510⁻¹ * ?m.1510
⊢ (1 / 2 + 1 / 3) * (1 / 2 - 1 / 3) = (1 / 2) ^ 2 - (1 / 3) ^ 2
2025-04-14 01:26:06 - INFO - Testing fragment: rw [inv_eq_of_mul]
2025-04-14 01:26:06 - INFO - Original error line:     exact sub_eq_add_neg (1/2)^2 (1/3)^2 ▸ (mul_add (1/2) (1/3) (1/2 - 1/3)).symm
2025-04-14 01:26:08 - INFO - Testing fix: Original errors: 10, Fixed errors: 9
2025-04-14 01:26:08 - INFO - Result: False (introduced 2 new errors)
2025-04-14 01:26:08 - DEBUG - === New errors detail ===
2025-04-14 01:26:08 - DEBUG - New Error 1: line 10, type: unknown_identifier, message: unknown identifier 'inv_eq_of_mul'
2025-04-14 01:26:08 - DEBUG - New Error 2: line 10, type: rewrite_failed, message: tactic 'rewrite' failed, equality or iff proof expected
  ?m.1507
⊢ (1 / 2 + 1 / 3) * (1 / 2 - 1 / 3) = (1 / 2) ^ 2 - (1 / 3) ^ 2
2025-04-14 01:26:08 - INFO - Testing fragment: rw [mul_inv_cancel]
2025-04-14 01:26:08 - INFO - Original error line:     exact sub_eq_add_neg (1/2)^2 (1/3)^2 ▸ (mul_add (1/2) (1/3) (1/2 - 1/3)).symm
2025-04-14 01:26:10 - INFO - Testing fix: Original errors: 10, Fixed errors: 8
2025-04-14 01:26:10 - INFO - Result: False (introduced 1 new errors)
2025-04-14 01:26:10 - DEBUG - === New errors detail ===
2025-04-14 01:26:10 - DEBUG - New Error 1: line 10, type: rewrite_failed, message: tactic 'rewrite' failed, did not find instance of the pattern in the target expression
  ?m.1510 * ?m.1510⁻¹
⊢ (1 / 2 + 1 / 3) * (1 / 2 - 1 / 3) = (1 / 2) ^ 2 - (1 / 3) ^ 2
2025-04-14 01:26:10 - INFO - Testing fragment: rw [div_self']
2025-04-14 01:26:10 - INFO - Original error line:     exact sub_eq_add_neg (1/2)^2 (1/3)^2 ▸ (mul_add (1/2) (1/3) (1/2 - 1/3)).symm
2025-04-14 01:26:12 - INFO - Testing fix: Original errors: 10, Fixed errors: 8
2025-04-14 01:26:12 - INFO - Result: False (introduced 1 new errors)
2025-04-14 01:26:12 - DEBUG - === New errors detail ===
2025-04-14 01:26:12 - DEBUG - New Error 1: line 10, type: rewrite_failed, message: tactic 'rewrite' failed, did not find instance of the pattern in the target expression
  ?a / ?a
⊢ (1 / 2 + 1 / 3) * (1 / 2 - 1 / 3) = (1 / 2) ^ 2 - (1 / 3) ^ 2
2025-04-14 01:26:12 - INFO - Testing fragment: rw [inv_mul_cancel_left]
2025-04-14 01:26:12 - INFO - Original error line:     exact sub_eq_add_neg (1/2)^2 (1/3)^2 ▸ (mul_add (1/2) (1/3) (1/2 - 1/3)).symm
2025-04-14 01:26:14 - INFO - Testing fix: Original errors: 10, Fixed errors: 8
2025-04-14 01:26:14 - INFO - Result: False (introduced 1 new errors)
2025-04-14 01:26:14 - DEBUG - === New errors detail ===
2025-04-14 01:26:14 - DEBUG - New Error 1: line 10, type: rewrite_failed, message: tactic 'rewrite' failed, did not find instance of the pattern in the target expression
  ?a⁻¹ * (?a * ?b)
⊢ (1 / 2 + 1 / 3) * (1 / 2 - 1 / 3) = (1 / 2) ^ 2 - (1 / 3) ^ 2
2025-04-14 01:26:14 - INFO - Testing fragment: rw [mul_inv_cancel_left]
2025-04-14 01:26:14 - INFO - Original error line:     exact sub_eq_add_neg (1/2)^2 (1/3)^2 ▸ (mul_add (1/2) (1/3) (1/2 - 1/3)).symm
2025-04-14 01:26:16 - INFO - Testing fix: Original errors: 10, Fixed errors: 8
2025-04-14 01:26:16 - INFO - Result: False (introduced 1 new errors)
2025-04-14 01:26:16 - DEBUG - === New errors detail ===
2025-04-14 01:26:16 - DEBUG - New Error 1: line 10, type: rewrite_failed, message: tactic 'rewrite' failed, did not find instance of the pattern in the target expression
  ?a * (?a⁻¹ * ?b)
⊢ (1 / 2 + 1 / 3) * (1 / 2 - 1 / 3) = (1 / 2) ^ 2 - (1 / 3) ^ 2
2025-04-14 01:26:16 - INFO - Testing fragment: rw [mul_inv_cancel_right]
2025-04-14 01:26:16 - INFO - Original error line:     exact sub_eq_add_neg (1/2)^2 (1/3)^2 ▸ (mul_add (1/2) (1/3) (1/2 - 1/3)).symm
2025-04-14 01:26:18 - INFO - Testing fix: Original errors: 10, Fixed errors: 8
2025-04-14 01:26:18 - INFO - Result: False (introduced 1 new errors)
2025-04-14 01:26:18 - DEBUG - === New errors detail ===
2025-04-14 01:26:18 - DEBUG - New Error 1: line 10, type: rewrite_failed, message: tactic 'rewrite' failed, did not find instance of the pattern in the target expression
  ?a * ?b * ?b⁻¹
⊢ (1 / 2 + 1 / 3) * (1 / 2 - 1 / 3) = (1 / 2) ^ 2 - (1 / 3) ^ 2
2025-04-14 01:26:18 - INFO - Testing fragment: rw [mul_div_cancel_right]
2025-04-14 01:26:18 - INFO - Original error line:     exact sub_eq_add_neg (1/2)^2 (1/3)^2 ▸ (mul_add (1/2) (1/3) (1/2 - 1/3)).symm
2025-04-14 01:26:20 - INFO - Testing fix: Original errors: 10, Fixed errors: 8
2025-04-14 01:26:20 - INFO - Result: False (introduced 1 new errors)
2025-04-14 01:26:20 - DEBUG - === New errors detail ===
2025-04-14 01:26:20 - DEBUG - New Error 1: line 10, type: rewrite_failed, message: tactic 'rewrite' failed, did not find instance of the pattern in the target expression
  ?a * ?b / ?b
⊢ (1 / 2 + 1 / 3) * (1 / 2 - 1 / 3) = (1 / 2) ^ 2 - (1 / 3) ^ 2
2025-04-14 01:26:20 - INFO - Testing fragment: rw [inv_mul_cancel_right]
2025-04-14 01:26:20 - INFO - Original error line:     exact sub_eq_add_neg (1/2)^2 (1/3)^2 ▸ (mul_add (1/2) (1/3) (1/2 - 1/3)).symm
2025-04-14 01:26:22 - INFO - Testing fix: Original errors: 10, Fixed errors: 8
2025-04-14 01:26:22 - INFO - Result: False (introduced 1 new errors)
2025-04-14 01:26:22 - DEBUG - === New errors detail ===
2025-04-14 01:26:22 - DEBUG - New Error 1: line 10, type: rewrite_failed, message: tactic 'rewrite' failed, did not find instance of the pattern in the target expression
  ?a * ?b⁻¹ * ?b
⊢ (1 / 2 + 1 / 3) * (1 / 2 - 1 / 3) = (1 / 2) ^ 2 - (1 / 3) ^ 2
2025-04-14 01:26:22 - INFO - Testing fragment: rw [div_mul_cancel]
2025-04-14 01:26:22 - INFO - Original error line:     exact sub_eq_add_neg (1/2)^2 (1/3)^2 ▸ (mul_add (1/2) (1/3) (1/2 - 1/3)).symm
2025-04-14 01:26:24 - INFO - Testing fix: Original errors: 10, Fixed errors: 8
2025-04-14 01:26:24 - INFO - Result: False (introduced 1 new errors)
2025-04-14 01:26:24 - DEBUG - === New errors detail ===
2025-04-14 01:26:24 - DEBUG - New Error 1: line 10, type: rewrite_failed, message: tactic 'rewrite' failed, did not find instance of the pattern in the target expression
  ?a / ?b * ?b
⊢ (1 / 2 + 1 / 3) * (1 / 2 - 1 / 3) = (1 / 2) ^ 2 - (1 / 3) ^ 2
2025-04-14 01:26:24 - INFO - Testing fragment: rw [<- left_distrib]
2025-04-14 01:26:24 - INFO - Original error line:     exact sub_eq_add_neg (1/2)^2 (1/3)^2 ▸ (mul_add (1/2) (1/3) (1/2 - 1/3)).symm
2025-04-14 01:26:26 - INFO - Testing fix: Original errors: 10, Fixed errors: 8
2025-04-14 01:26:26 - INFO - Result: False (introduced 1 new errors)
2025-04-14 01:26:26 - DEBUG - === New errors detail ===
2025-04-14 01:26:26 - DEBUG - New Error 1: line 10, type: rewrite_failed, message: tactic 'rewrite' failed, did not find instance of the pattern in the target expression
  ?a * ?b + ?a * ?c
⊢ (1 / 2 + 1 / 3) * (1 / 2 - 1 / 3) = (1 / 2) ^ 2 - (1 / 3) ^ 2
2025-04-14 01:26:26 - INFO - Testing fragment: rw [<- right_distrib]
2025-04-14 01:26:26 - INFO - Original error line:     exact sub_eq_add_neg (1/2)^2 (1/3)^2 ▸ (mul_add (1/2) (1/3) (1/2 - 1/3)).symm
2025-04-14 01:26:28 - INFO - Testing fix: Original errors: 10, Fixed errors: 8
2025-04-14 01:26:28 - INFO - Result: False (introduced 1 new errors)
2025-04-14 01:26:28 - DEBUG - === New errors detail ===
2025-04-14 01:26:28 - DEBUG - New Error 1: line 10, type: rewrite_failed, message: tactic 'rewrite' failed, did not find instance of the pattern in the target expression
  ?a * ?c + ?b * ?c
⊢ (1 / 2 + 1 / 3) * (1 / 2 - 1 / 3) = (1 / 2) ^ 2 - (1 / 3) ^ 2
2025-04-14 01:26:28 - INFO - Testing fragment: rw [<- distrib_three_right]
2025-04-14 01:26:28 - INFO - Original error line:     exact sub_eq_add_neg (1/2)^2 (1/3)^2 ▸ (mul_add (1/2) (1/3) (1/2 - 1/3)).symm
2025-04-14 01:26:30 - INFO - Testing fix: Original errors: 10, Fixed errors: 8
2025-04-14 01:26:30 - INFO - Result: False (introduced 1 new errors)
2025-04-14 01:26:30 - DEBUG - === New errors detail ===
2025-04-14 01:26:30 - DEBUG - New Error 1: line 10, type: rewrite_failed, message: tactic 'rewrite' failed, did not find instance of the pattern in the target expression
  ?a * ?d + ?b * ?d + ?c * ?d
⊢ (1 / 2 + 1 / 3) * (1 / 2 - 1 / 3) = (1 / 2) ^ 2 - (1 / 3) ^ 2
2025-04-14 01:26:30 - INFO - Testing fragment: rw [<- add_one_mul]
2025-04-14 01:26:30 - INFO - Original error line:     exact sub_eq_add_neg (1/2)^2 (1/3)^2 ▸ (mul_add (1/2) (1/3) (1/2 - 1/3)).symm
2025-04-14 01:26:32 - INFO - Testing fix: Original errors: 10, Fixed errors: 8
2025-04-14 01:26:32 - INFO - Result: False (introduced 1 new errors)
2025-04-14 01:26:32 - DEBUG - === New errors detail ===
2025-04-14 01:26:32 - DEBUG - New Error 1: line 10, type: rewrite_failed, message: tactic 'rewrite' failed, did not find instance of the pattern in the target expression
  ?a * ?b + ?b
⊢ (1 / 2 + 1 / 3) * (1 / 2 - 1 / 3) = (1 / 2) ^ 2 - (1 / 3) ^ 2
2025-04-14 01:26:32 - INFO - Testing fragment: rw [<- mul_add_one]
2025-04-14 01:26:32 - INFO - Original error line:     exact sub_eq_add_neg (1/2)^2 (1/3)^2 ▸ (mul_add (1/2) (1/3) (1/2 - 1/3)).symm
2025-04-14 01:26:34 - INFO - Testing fix: Original errors: 10, Fixed errors: 8
2025-04-14 01:26:34 - INFO - Result: False (introduced 1 new errors)
2025-04-14 01:26:34 - DEBUG - === New errors detail ===
2025-04-14 01:26:34 - DEBUG - New Error 1: line 10, type: rewrite_failed, message: tactic 'rewrite' failed, did not find instance of the pattern in the target expression
  ?a * ?b + ?a
⊢ (1 / 2 + 1 / 3) * (1 / 2 - 1 / 3) = (1 / 2) ^ 2 - (1 / 3) ^ 2
2025-04-14 01:26:34 - INFO - Testing fragment: rw [<- one_add_mul]
2025-04-14 01:26:34 - INFO - Original error line:     exact sub_eq_add_neg (1/2)^2 (1/3)^2 ▸ (mul_add (1/2) (1/3) (1/2 - 1/3)).symm
2025-04-14 01:26:36 - INFO - Testing fix: Original errors: 10, Fixed errors: 8
2025-04-14 01:26:36 - INFO - Result: False (introduced 1 new errors)
2025-04-14 01:26:36 - DEBUG - === New errors detail ===
2025-04-14 01:26:36 - DEBUG - New Error 1: line 10, type: rewrite_failed, message: tactic 'rewrite' failed, did not find instance of the pattern in the target expression
  ?b + ?a * ?b
⊢ (1 / 2 + 1 / 3) * (1 / 2 - 1 / 3) = (1 / 2) ^ 2 - (1 / 3) ^ 2
2025-04-14 01:26:36 - INFO - Testing fragment: rw [<- mul_one_add]
2025-04-14 01:26:36 - INFO - Original error line:     exact sub_eq_add_neg (1/2)^2 (1/3)^2 ▸ (mul_add (1/2) (1/3) (1/2 - 1/3)).symm
2025-04-14 01:26:38 - INFO - Testing fix: Original errors: 10, Fixed errors: 8
2025-04-14 01:26:38 - INFO - Result: False (introduced 1 new errors)
2025-04-14 01:26:38 - DEBUG - === New errors detail ===
2025-04-14 01:26:38 - DEBUG - New Error 1: line 10, type: rewrite_failed, message: tactic 'rewrite' failed, did not find instance of the pattern in the target expression
  ?a + ?a * ?b
⊢ (1 / 2 + 1 / 3) * (1 / 2 - 1 / 3) = (1 / 2) ^ 2 - (1 / 3) ^ 2
2025-04-14 01:26:38 - INFO - Testing fragment: rw [<- two_mul]
2025-04-14 01:26:38 - INFO - Original error line:     exact sub_eq_add_neg (1/2)^2 (1/3)^2 ▸ (mul_add (1/2) (1/3) (1/2 - 1/3)).symm
2025-04-14 01:26:40 - INFO - Testing fix: Original errors: 10, Fixed errors: 8
2025-04-14 01:26:40 - INFO - Result: False (introduced 1 new errors)
2025-04-14 01:26:40 - DEBUG - === New errors detail ===
2025-04-14 01:26:40 - DEBUG - New Error 1: line 10, type: rewrite_failed, message: tactic 'rewrite' failed, did not find instance of the pattern in the target expression
  ?n + ?n
⊢ (1 / 2 + 1 / 3) * (1 / 2 - 1 / 3) = (1 / 2) ^ 2 - (1 / 3) ^ 2
2025-04-14 01:26:40 - INFO - Testing fragment: rw [<- mul_two]
2025-04-14 01:26:40 - INFO - Original error line:     exact sub_eq_add_neg (1/2)^2 (1/3)^2 ▸ (mul_add (1/2) (1/3) (1/2 - 1/3)).symm
2025-04-14 01:26:42 - INFO - Testing fix: Original errors: 10, Fixed errors: 8
2025-04-14 01:26:42 - INFO - Result: False (introduced 1 new errors)
2025-04-14 01:26:42 - DEBUG - === New errors detail ===
2025-04-14 01:26:42 - DEBUG - New Error 1: line 10, type: rewrite_failed, message: tactic 'rewrite' failed, did not find instance of the pattern in the target expression
  ?n + ?n
⊢ (1 / 2 + 1 / 3) * (1 / 2 - 1 / 3) = (1 / 2) ^ 2 - (1 / 3) ^ 2
2025-04-14 01:26:42 - INFO - Testing fragment: rw [<- mul_boole]
2025-04-14 01:26:42 - INFO - Original error line:     exact sub_eq_add_neg (1/2)^2 (1/3)^2 ▸ (mul_add (1/2) (1/3) (1/2 - 1/3)).symm
2025-04-14 01:26:44 - INFO - Testing fix: Original errors: 10, Fixed errors: 8
2025-04-14 01:26:44 - INFO - Result: False (introduced 1 new errors)
2025-04-14 01:26:44 - DEBUG - === New errors detail ===
2025-04-14 01:26:44 - DEBUG - New Error 1: line 10, type: rewrite_failed, message: tactic 'rewrite' failed, did not find instance of the pattern in the target expression
  if ?P then ?a else 0
⊢ (1 / 2 + 1 / 3) * (1 / 2 - 1 / 3) = (1 / 2) ^ 2 - (1 / 3) ^ 2
2025-04-14 01:26:44 - INFO - Testing fragment: rw [<- boole_mul]
2025-04-14 01:26:44 - INFO - Original error line:     exact sub_eq_add_neg (1/2)^2 (1/3)^2 ▸ (mul_add (1/2) (1/3) (1/2 - 1/3)).symm
2025-04-14 01:29:56 - INFO - Testing fix: Original errors: 10, Fixed errors: 8
2025-04-14 01:29:56 - INFO - Result: False (introduced 1 new errors)
2025-04-14 01:29:56 - DEBUG - === New errors detail ===
2025-04-14 01:29:56 - DEBUG - New Error 1: line 10, type: rewrite_failed, message: tactic 'rewrite' failed, did not find instance of the pattern in the target expression
  if ?P then ?a else 0
⊢ (1 / 2 + 1 / 3) * (1 / 2 - 1 / 3) = (1 / 2) ^ 2 - (1 / 3) ^ 2
2025-04-14 01:29:56 - INFO - Testing fragment: rw [<- add_mul_self_eq]
2025-04-14 01:29:56 - INFO - Original error line:     exact sub_eq_add_neg (1/2)^2 (1/3)^2 ▸ (mul_add (1/2) (1/3) (1/2 - 1/3)).symm
2025-04-14 01:30:28 - INFO - Testing fix: Original errors: 10, Fixed errors: 8
2025-04-14 01:30:28 - INFO - Result: False (introduced 1 new errors)
2025-04-14 01:30:28 - DEBUG - === New errors detail ===
2025-04-14 01:30:28 - DEBUG - New Error 1: line 10, type: rewrite_failed, message: tactic 'rewrite' failed, did not find instance of the pattern in the target expression
  ?a * ?a + 2 * ?a * ?b + ?b * ?b
⊢ (1 / 2 + 1 / 3) * (1 / 2 - 1 / 3) = (1 / 2) ^ 2 - (1 / 3) ^ 2
2025-04-14 01:30:28 - INFO - Testing fragment: rw [<- neg_mul]
2025-04-14 01:30:28 - INFO - Original error line:     exact sub_eq_add_neg (1/2)^2 (1/3)^2 ▸ (mul_add (1/2) (1/3) (1/2 - 1/3)).symm
2025-04-14 01:30:30 - INFO - Testing fix: Original errors: 10, Fixed errors: 8
2025-04-14 01:30:30 - INFO - Result: False (introduced 1 new errors)
2025-04-14 01:30:30 - DEBUG - === New errors detail ===
2025-04-14 01:30:30 - DEBUG - New Error 1: line 10, type: rewrite_failed, message: tactic 'rewrite' failed, did not find instance of the pattern in the target expression
  -(?a * ?b)
⊢ (1 / 2 + 1 / 3) * (1 / 2 - 1 / 3) = (1 / 2) ^ 2 - (1 / 3) ^ 2
2025-04-14 01:30:30 - INFO - Testing fragment: rw [<- mul_neg]
2025-04-14 01:30:30 - INFO - Original error line:     exact sub_eq_add_neg (1/2)^2 (1/3)^2 ▸ (mul_add (1/2) (1/3) (1/2 - 1/3)).symm
2025-04-14 01:30:32 - INFO - Testing fix: Original errors: 10, Fixed errors: 8
2025-04-14 01:30:32 - INFO - Result: False (introduced 1 new errors)
2025-04-14 01:30:32 - DEBUG - === New errors detail ===
2025-04-14 01:30:32 - DEBUG - New Error 1: line 10, type: rewrite_failed, message: tactic 'rewrite' failed, did not find instance of the pattern in the target expression
  -(?a * ?b)
⊢ (1 / 2 + 1 / 3) * (1 / 2 - 1 / 3) = (1 / 2) ^ 2 - (1 / 3) ^ 2
2025-04-14 01:30:32 - INFO - Testing fragment: rw [<- neg_mul_neg]
2025-04-14 01:30:32 - INFO - Original error line:     exact sub_eq_add_neg (1/2)^2 (1/3)^2 ▸ (mul_add (1/2) (1/3) (1/2 - 1/3)).symm
2025-04-14 01:32:00 - INFO - Testing fix: Original errors: 10, Fixed errors: 8
2025-04-14 01:32:00 - INFO - Result: False (introduced 1 new errors)
2025-04-14 01:32:00 - DEBUG - === New errors detail ===
2025-04-14 01:32:00 - DEBUG - New Error 1: line 8, type: other_error, message: unsolved goals
⊢ -(1 / 2 + 1 / 3) * -(1 / 2 - 1 / 3) = (1 / 2) ^ 2 - (1 / 3) ^ 2
2025-04-14 01:32:00 - INFO - Testing fragment: rw [<- neg_mul_eq_neg_mul]
2025-04-14 01:32:00 - INFO - Original error line:     exact sub_eq_add_neg (1/2)^2 (1/3)^2 ▸ (mul_add (1/2) (1/3) (1/2 - 1/3)).symm
2025-04-14 01:32:02 - INFO - Testing fix: Original errors: 10, Fixed errors: 8
2025-04-14 01:32:02 - INFO - Result: False (introduced 1 new errors)
2025-04-14 01:32:02 - DEBUG - === New errors detail ===
2025-04-14 01:32:02 - DEBUG - New Error 1: line 10, type: rewrite_failed, message: tactic 'rewrite' failed, did not find instance of the pattern in the target expression
  -?a * ?b
⊢ (1 / 2 + 1 / 3) * (1 / 2 - 1 / 3) = (1 / 2) ^ 2 - (1 / 3) ^ 2
2025-04-14 01:32:02 - INFO - Testing fragment: rw [<- neg_mul_eq_mul_neg]
2025-04-14 01:32:02 - INFO - Original error line:     exact sub_eq_add_neg (1/2)^2 (1/3)^2 ▸ (mul_add (1/2) (1/3) (1/2 - 1/3)).symm
2025-04-14 01:32:04 - INFO - Testing fix: Original errors: 10, Fixed errors: 8
2025-04-14 01:32:04 - INFO - Result: False (introduced 1 new errors)
2025-04-14 01:32:04 - DEBUG - === New errors detail ===
2025-04-14 01:32:04 - DEBUG - New Error 1: line 10, type: rewrite_failed, message: tactic 'rewrite' failed, did not find instance of the pattern in the target expression
  ?a * -?b
⊢ (1 / 2 + 1 / 3) * (1 / 2 - 1 / 3) = (1 / 2) ^ 2 - (1 / 3) ^ 2
2025-04-14 01:32:04 - INFO - Testing fragment: rw [<- neg_mul_comm]
2025-04-14 01:32:04 - INFO - Original error line:     exact sub_eq_add_neg (1/2)^2 (1/3)^2 ▸ (mul_add (1/2) (1/3) (1/2 - 1/3)).symm
2025-04-14 01:32:06 - INFO - Testing fix: Original errors: 10, Fixed errors: 8
2025-04-14 01:32:06 - INFO - Result: False (introduced 1 new errors)
2025-04-14 01:32:06 - DEBUG - === New errors detail ===
2025-04-14 01:32:06 - DEBUG - New Error 1: line 10, type: rewrite_failed, message: tactic 'rewrite' failed, did not find instance of the pattern in the target expression
  ?a * -?b
⊢ (1 / 2 + 1 / 3) * (1 / 2 - 1 / 3) = (1 / 2) ^ 2 - (1 / 3) ^ 2
2025-04-14 01:32:06 - INFO - Testing fragment: rw [<- neg_eq_neg_one_mul]
2025-04-14 01:32:06 - INFO - Original error line:     exact sub_eq_add_neg (1/2)^2 (1/3)^2 ▸ (mul_add (1/2) (1/3) (1/2 - 1/3)).symm
2025-04-14 01:32:08 - INFO - Testing fix: Original errors: 10, Fixed errors: 8
2025-04-14 01:32:08 - INFO - Result: False (introduced 1 new errors)
2025-04-14 01:32:08 - DEBUG - === New errors detail ===
2025-04-14 01:32:08 - DEBUG - New Error 1: line 10, type: rewrite_failed, message: tactic 'rewrite' failed, did not find instance of the pattern in the target expression
  -1 * ?a
⊢ (1 / 2 + 1 / 3) * (1 / 2 - 1 / 3) = (1 / 2) ^ 2 - (1 / 3) ^ 2
2025-04-14 01:32:08 - INFO - Testing fragment: rw [<- mul_neg_one]
2025-04-14 01:32:08 - INFO - Original error line:     exact sub_eq_add_neg (1/2)^2 (1/3)^2 ▸ (mul_add (1/2) (1/3) (1/2 - 1/3)).symm
2025-04-14 01:32:10 - INFO - Testing fix: Original errors: 10, Fixed errors: 8
2025-04-14 01:32:10 - INFO - Result: False (introduced 1 new errors)
2025-04-14 01:32:10 - DEBUG - === New errors detail ===
2025-04-14 01:32:10 - DEBUG - New Error 1: line 10, type: rewrite_failed, message: tactic 'rewrite' failed, did not find instance of the pattern in the target expression
  -?a
⊢ (1 / 2 + 1 / 3) * (1 / 2 - 1 / 3) = (1 / 2) ^ 2 - (1 / 3) ^ 2
2025-04-14 01:32:10 - INFO - Testing fragment: rw [<- neg_one_mul]
2025-04-14 01:32:10 - INFO - Original error line:     exact sub_eq_add_neg (1/2)^2 (1/3)^2 ▸ (mul_add (1/2) (1/3) (1/2 - 1/3)).symm
2025-04-14 01:32:12 - INFO - Testing fix: Original errors: 10, Fixed errors: 8
2025-04-14 01:32:12 - INFO - Result: False (introduced 1 new errors)
2025-04-14 01:32:12 - DEBUG - === New errors detail ===
2025-04-14 01:32:12 - DEBUG - New Error 1: line 10, type: rewrite_failed, message: tactic 'rewrite' failed, did not find instance of the pattern in the target expression
  -?a
⊢ (1 / 2 + 1 / 3) * (1 / 2 - 1 / 3) = (1 / 2) ^ 2 - (1 / 3) ^ 2
2025-04-14 01:32:12 - INFO - Testing fragment: rw [<- mul_sub_left_distrib]
2025-04-14 01:32:12 - INFO - Original error line:     exact sub_eq_add_neg (1/2)^2 (1/3)^2 ▸ (mul_add (1/2) (1/3) (1/2 - 1/3)).symm
2025-04-14 01:32:14 - INFO - Testing fix: Original errors: 10, Fixed errors: 8
2025-04-14 01:32:14 - INFO - Result: False (introduced 1 new errors)
2025-04-14 01:32:14 - DEBUG - === New errors detail ===
2025-04-14 01:32:14 - DEBUG - New Error 1: line 10, type: rewrite_failed, message: tactic 'rewrite' failed, did not find instance of the pattern in the target expression
  ?a * ?b - ?a * ?c
⊢ (1 / 2 + 1 / 3) * (1 / 2 - 1 / 3) = (1 / 2) ^ 2 - (1 / 3) ^ 2
2025-04-14 01:32:14 - INFO - Testing fragment: rw [<- mul_sub_right_distrib]
2025-04-14 01:32:14 - INFO - Original error line:     exact sub_eq_add_neg (1/2)^2 (1/3)^2 ▸ (mul_add (1/2) (1/3) (1/2 - 1/3)).symm
2025-04-14 01:32:16 - INFO - Testing fix: Original errors: 10, Fixed errors: 8
2025-04-14 01:32:16 - INFO - Result: False (introduced 1 new errors)
2025-04-14 01:32:16 - DEBUG - === New errors detail ===
2025-04-14 01:32:16 - DEBUG - New Error 1: line 10, type: rewrite_failed, message: tactic 'rewrite' failed, did not find instance of the pattern in the target expression
  ?a * ?c - ?b * ?c
⊢ (1 / 2 + 1 / 3) * (1 / 2 - 1 / 3) = (1 / 2) ^ 2 - (1 / 3) ^ 2
2025-04-14 01:32:16 - INFO - Testing fragment: rw [<- sub_one_mul]
2025-04-14 01:32:16 - INFO - Original error line:     exact sub_eq_add_neg (1/2)^2 (1/3)^2 ▸ (mul_add (1/2) (1/3) (1/2 - 1/3)).symm
2025-04-14 01:32:18 - INFO - Testing fix: Original errors: 10, Fixed errors: 8
2025-04-14 01:32:18 - INFO - Result: False (introduced 1 new errors)
2025-04-14 01:32:18 - DEBUG - === New errors detail ===
2025-04-14 01:32:18 - DEBUG - New Error 1: line 10, type: rewrite_failed, message: tactic 'rewrite' failed, did not find instance of the pattern in the target expression
  ?a * ?b - ?b
⊢ (1 / 2 + 1 / 3) * (1 / 2 - 1 / 3) = (1 / 2) ^ 2 - (1 / 3) ^ 2
2025-04-14 01:32:18 - INFO - Testing fragment: rw [<- mul_sub_one]
2025-04-14 01:32:18 - INFO - Original error line:     exact sub_eq_add_neg (1/2)^2 (1/3)^2 ▸ (mul_add (1/2) (1/3) (1/2 - 1/3)).symm
2025-04-14 01:32:20 - INFO - Testing fix: Original errors: 10, Fixed errors: 8
2025-04-14 01:32:20 - INFO - Result: False (introduced 1 new errors)
2025-04-14 01:32:20 - DEBUG - === New errors detail ===
2025-04-14 01:32:20 - DEBUG - New Error 1: line 10, type: rewrite_failed, message: tactic 'rewrite' failed, did not find instance of the pattern in the target expression
  ?a * ?b - ?a
⊢ (1 / 2 + 1 / 3) * (1 / 2 - 1 / 3) = (1 / 2) ^ 2 - (1 / 3) ^ 2
2025-04-14 01:32:20 - INFO - Testing fragment: rw [<- one_sub_mul]
2025-04-14 01:32:20 - INFO - Original error line:     exact sub_eq_add_neg (1/2)^2 (1/3)^2 ▸ (mul_add (1/2) (1/3) (1/2 - 1/3)).symm
2025-04-14 01:32:22 - INFO - Testing fix: Original errors: 10, Fixed errors: 8
2025-04-14 01:32:22 - INFO - Result: False (introduced 1 new errors)
2025-04-14 01:32:22 - DEBUG - === New errors detail ===
2025-04-14 01:32:22 - DEBUG - New Error 1: line 10, type: rewrite_failed, message: tactic 'rewrite' failed, did not find instance of the pattern in the target expression
  ?b - ?a * ?b
⊢ (1 / 2 + 1 / 3) * (1 / 2 - 1 / 3) = (1 / 2) ^ 2 - (1 / 3) ^ 2
2025-04-14 01:32:22 - INFO - Testing fragment: rw [<- mul_one_sub]
2025-04-14 01:32:22 - INFO - Original error line:     exact sub_eq_add_neg (1/2)^2 (1/3)^2 ▸ (mul_add (1/2) (1/3) (1/2 - 1/3)).symm
2025-04-14 01:32:24 - INFO - Testing fix: Original errors: 10, Fixed errors: 8
2025-04-14 01:32:24 - INFO - Result: False (introduced 1 new errors)
2025-04-14 01:32:24 - DEBUG - === New errors detail ===
2025-04-14 01:32:24 - DEBUG - New Error 1: line 10, type: rewrite_failed, message: tactic 'rewrite' failed, did not find instance of the pattern in the target expression
  ?a - ?a * ?b
⊢ (1 / 2 + 1 / 3) * (1 / 2 - 1 / 3) = (1 / 2) ^ 2 - (1 / 3) ^ 2
2025-04-14 01:32:24 - INFO - Testing fragment: rw [<- mul_left_cancel]
2025-04-14 01:32:24 - INFO - Original error line:     exact sub_eq_add_neg (1/2)^2 (1/3)^2 ▸ (mul_add (1/2) (1/3) (1/2 - 1/3)).symm
2025-04-14 01:32:26 - INFO - Testing fix: Original errors: 10, Fixed errors: 8
2025-04-14 01:32:26 - INFO - Result: False (introduced 1 new errors)
2025-04-14 01:32:26 - DEBUG - === New errors detail ===
2025-04-14 01:32:26 - DEBUG - New Error 1: line 10, type: rewrite_failed, message: tactic 'rewrite' failed, pattern is a metavariable
  ?m.1513
from equation
  ?m.1513 = ?m.1512
⊢ (1 / 2 + 1 / 3) * (1 / 2 - 1 / 3) = (1 / 2) ^ 2 - (1 / 3) ^ 2
2025-04-14 01:32:26 - INFO - Testing fragment: rw [<- mul_left_cancel_iff]
2025-04-14 01:32:26 - INFO - Original error line:     exact sub_eq_add_neg (1/2)^2 (1/3)^2 ▸ (mul_add (1/2) (1/3) (1/2 - 1/3)).symm
2025-04-14 01:32:28 - INFO - Testing fix: Original errors: 10, Fixed errors: 9
2025-04-14 01:32:28 - INFO - Result: False (introduced 2 new errors)
2025-04-14 01:32:28 - DEBUG - === New errors detail ===
2025-04-14 01:32:28 - DEBUG - New Error 1: line 10, type: failed_to_synthesize, message: failed to synthesize
  IsLeftCancelMul ℚ
use `set_option diagnostics true` to get diagnostic information
2025-04-14 01:32:28 - DEBUG - New Error 2: line 8, type: other_error, message: unsolved goals
⊢ ?m.1511 * ((1 / 2 + 1 / 3) * (1 / 2 - 1 / 3)) = ?m.1511 * ((1 / 2) ^ 2 - (1 / 3) ^ 2)

⊢ ℚ

⊢ IsLeftCancelMul ℚ
2025-04-14 01:32:28 - INFO - Testing fragment: rw [<- mul_right_injective]
2025-04-14 01:32:28 - INFO - Original error line:     exact sub_eq_add_neg (1/2)^2 (1/3)^2 ▸ (mul_add (1/2) (1/3) (1/2 - 1/3)).symm
2025-04-14 01:32:30 - INFO - Testing fix: Original errors: 10, Fixed errors: 8
2025-04-14 01:32:30 - INFO - Result: False (introduced 1 new errors)
2025-04-14 01:32:30 - DEBUG - === New errors detail ===
2025-04-14 01:32:30 - DEBUG - New Error 1: line 10, type: rewrite_failed, message: tactic 'rewrite' failed, pattern is a metavariable
  ?a₂
from equation
  ?a₂ = ?a₁
⊢ (1 / 2 + 1 / 3) * (1 / 2 - 1 / 3) = (1 / 2) ^ 2 - (1 / 3) ^ 2
2025-04-14 01:32:30 - INFO - Testing fragment: rw [<- mul_right_inj]
2025-04-14 01:32:30 - INFO - Original error line:     exact sub_eq_add_neg (1/2)^2 (1/3)^2 ▸ (mul_add (1/2) (1/3) (1/2 - 1/3)).symm
2025-04-14 01:32:32 - INFO - Testing fix: Original errors: 10, Fixed errors: 9
2025-04-14 01:32:32 - INFO - Result: False (introduced 2 new errors)
2025-04-14 01:32:32 - DEBUG - === New errors detail ===
2025-04-14 01:32:32 - DEBUG - New Error 1: line 10, type: failed_to_synthesize, message: failed to synthesize
  IsLeftCancelMul ℚ
use `set_option diagnostics true` to get diagnostic information
2025-04-14 01:32:32 - DEBUG - New Error 2: line 8, type: other_error, message: unsolved goals
⊢ ?a * ((1 / 2 + 1 / 3) * (1 / 2 - 1 / 3)) = ?a * ((1 / 2) ^ 2 - (1 / 3) ^ 2)

case a
⊢ ℚ

⊢ IsLeftCancelMul ℚ
2025-04-14 01:32:32 - INFO - Testing fragment: rw [<- mul_ne_mul_right]
2025-04-14 01:32:32 - INFO - Original error line:     exact sub_eq_add_neg (1/2)^2 (1/3)^2 ▸ (mul_add (1/2) (1/3) (1/2 - 1/3)).symm
2025-04-14 01:32:34 - INFO - Testing fix: Original errors: 10, Fixed errors: 8
2025-04-14 01:32:34 - INFO - Result: False (introduced 1 new errors)
2025-04-14 01:32:34 - DEBUG - === New errors detail ===
2025-04-14 01:32:34 - DEBUG - New Error 1: line 10, type: rewrite_failed, message: tactic 'rewrite' failed, did not find instance of the pattern in the target expression
  ?b ≠ ?c
⊢ (1 / 2 + 1 / 3) * (1 / 2 - 1 / 3) = (1 / 2) ^ 2 - (1 / 3) ^ 2
2025-04-14 01:32:34 - INFO - Testing fragment: rw [<- mul_right_cancel]
2025-04-14 01:32:34 - INFO - Original error line:     exact sub_eq_add_neg (1/2)^2 (1/3)^2 ▸ (mul_add (1/2) (1/3) (1/2 - 1/3)).symm
2025-04-14 01:32:36 - INFO - Testing fix: Original errors: 10, Fixed errors: 8
2025-04-14 01:32:36 - INFO - Result: False (introduced 1 new errors)
2025-04-14 01:32:36 - DEBUG - === New errors detail ===
2025-04-14 01:32:36 - DEBUG - New Error 1: line 10, type: rewrite_failed, message: tactic 'rewrite' failed, pattern is a metavariable
  ?m.1513
from equation
  ?m.1513 = ?m.1511
⊢ (1 / 2 + 1 / 3) * (1 / 2 - 1 / 3) = (1 / 2) ^ 2 - (1 / 3) ^ 2
2025-04-14 01:32:36 - INFO - Testing fragment: rw [<- mul_right_cancel_iff]
2025-04-14 01:32:36 - INFO - Original error line:     exact sub_eq_add_neg (1/2)^2 (1/3)^2 ▸ (mul_add (1/2) (1/3) (1/2 - 1/3)).symm
2025-04-14 01:32:38 - INFO - Testing fix: Original errors: 10, Fixed errors: 9
2025-04-14 01:32:38 - INFO - Result: False (introduced 2 new errors)
2025-04-14 01:32:38 - DEBUG - === New errors detail ===
2025-04-14 01:32:38 - DEBUG - New Error 1: line 10, type: failed_to_synthesize, message: failed to synthesize
  IsRightCancelMul ℚ
use `set_option diagnostics true` to get diagnostic information
2025-04-14 01:32:38 - DEBUG - New Error 2: line 8, type: other_error, message: unsolved goals
⊢ (1 / 2 + 1 / 3) * (1 / 2 - 1 / 3) * ?m.1511 = ((1 / 2) ^ 2 - (1 / 3) ^ 2) * ?m.1511

⊢ ℚ

⊢ IsRightCancelMul ℚ
2025-04-14 01:32:38 - INFO - Testing fragment: rw [<- mul_left_injective]
2025-04-14 01:32:38 - INFO - Original error line:     exact sub_eq_add_neg (1/2)^2 (1/3)^2 ▸ (mul_add (1/2) (1/3) (1/2 - 1/3)).symm
2025-04-14 01:32:40 - INFO - Testing fix: Original errors: 10, Fixed errors: 8
2025-04-14 01:32:40 - INFO - Result: False (introduced 1 new errors)
2025-04-14 01:32:40 - DEBUG - === New errors detail ===
2025-04-14 01:32:40 - DEBUG - New Error 1: line 10, type: rewrite_failed, message: tactic 'rewrite' failed, pattern is a metavariable
  ?a₂
from equation
  ?a₂ = ?a₁
⊢ (1 / 2 + 1 / 3) * (1 / 2 - 1 / 3) = (1 / 2) ^ 2 - (1 / 3) ^ 2
2025-04-14 01:32:40 - INFO - Testing fragment: rw [<- mul_left_inj]
2025-04-14 01:32:40 - INFO - Original error line:     exact sub_eq_add_neg (1/2)^2 (1/3)^2 ▸ (mul_add (1/2) (1/3) (1/2 - 1/3)).symm
2025-04-14 01:32:42 - INFO - Testing fix: Original errors: 10, Fixed errors: 9
2025-04-14 01:32:42 - INFO - Result: False (introduced 2 new errors)
2025-04-14 01:32:42 - DEBUG - === New errors detail ===
2025-04-14 01:32:42 - DEBUG - New Error 1: line 10, type: failed_to_synthesize, message: failed to synthesize
  IsRightCancelMul ℚ
use `set_option diagnostics true` to get diagnostic information
2025-04-14 01:32:42 - DEBUG - New Error 2: line 8, type: other_error, message: unsolved goals
⊢ (1 / 2 + 1 / 3) * (1 / 2 - 1 / 3) * ?a = ((1 / 2) ^ 2 - (1 / 3) ^ 2) * ?a

case a
⊢ ℚ

⊢ IsRightCancelMul ℚ
2025-04-14 01:32:42 - INFO - Testing fragment: rw [<- mul_ne_mul_left]
2025-04-14 01:32:42 - INFO - Original error line:     exact sub_eq_add_neg (1/2)^2 (1/3)^2 ▸ (mul_add (1/2) (1/3) (1/2 - 1/3)).symm
2025-04-14 01:32:44 - INFO - Testing fix: Original errors: 10, Fixed errors: 8
2025-04-14 01:32:44 - INFO - Result: False (introduced 1 new errors)
2025-04-14 01:32:44 - DEBUG - === New errors detail ===
2025-04-14 01:32:44 - DEBUG - New Error 1: line 10, type: rewrite_failed, message: tactic 'rewrite' failed, did not find instance of the pattern in the target expression
  ?b ≠ ?c
⊢ (1 / 2 + 1 / 3) * (1 / 2 - 1 / 3) = (1 / 2) ^ 2 - (1 / 3) ^ 2
2025-04-14 01:32:44 - INFO - Testing fragment: rw [<- mul_assoc]
2025-04-14 01:32:44 - INFO - Original error line:     exact sub_eq_add_neg (1/2)^2 (1/3)^2 ▸ (mul_add (1/2) (1/3) (1/2 - 1/3)).symm
2025-04-14 01:32:46 - INFO - Testing fix: Original errors: 10, Fixed errors: 8
2025-04-14 01:32:46 - INFO - Result: False (introduced 1 new errors)
2025-04-14 01:32:46 - DEBUG - === New errors detail ===
2025-04-14 01:32:46 - DEBUG - New Error 1: line 10, type: rewrite_failed, message: tactic 'rewrite' failed, did not find instance of the pattern in the target expression
  ?a * (?b * ?c)
⊢ (1 / 2 + 1 / 3) * (1 / 2 - 1 / 3) = (1 / 2) ^ 2 - (1 / 3) ^ 2
2025-04-14 01:32:46 - INFO - Testing fragment: rw [<- mul_comm]
2025-04-14 01:32:46 - INFO - Original error line:     exact sub_eq_add_neg (1/2)^2 (1/3)^2 ▸ (mul_add (1/2) (1/3) (1/2 - 1/3)).symm
2025-04-14 01:32:48 - INFO - Testing fix: Original errors: 10, Fixed errors: 8
2025-04-14 01:32:48 - INFO - Result: False (introduced 1 new errors)
2025-04-14 01:32:48 - DEBUG - === New errors detail ===
2025-04-14 01:32:48 - DEBUG - New Error 1: line 8, type: other_error, message: unsolved goals
⊢ (1 / 2 - 1 / 3) * (1 / 2 + 1 / 3) = (1 / 2) ^ 2 - (1 / 3) ^ 2
2025-04-14 01:32:48 - INFO - Testing fragment: rw [<- MulOneClass]
2025-04-14 01:32:48 - INFO - Original error line:     exact sub_eq_add_neg (1/2)^2 (1/3)^2 ▸ (mul_add (1/2) (1/3) (1/2 - 1/3)).symm
2025-04-14 01:32:50 - INFO - Testing fix: Original errors: 10, Fixed errors: 8
2025-04-14 01:32:50 - INFO - Result: False (introduced 1 new errors)
2025-04-14 01:32:50 - DEBUG - === New errors detail ===
2025-04-14 01:32:50 - DEBUG - New Error 1: line 10, type: rewrite_failed, message: tactic 'rewrite' failed, equality or iff proof expected
  Type ?u.1507
⊢ (1 / 2 + 1 / 3) * (1 / 2 - 1 / 3) = (1 / 2) ^ 2 - (1 / 3) ^ 2
2025-04-14 01:32:50 - INFO - Testing fragment: rw [<- one_mul]
2025-04-14 01:32:50 - INFO - Original error line:     exact sub_eq_add_neg (1/2)^2 (1/3)^2 ▸ (mul_add (1/2) (1/3) (1/2 - 1/3)).symm
2025-04-14 01:32:52 - INFO - Testing fix: Original errors: 10, Fixed errors: 8
2025-04-14 01:32:52 - INFO - Result: False (introduced 1 new errors)
2025-04-14 01:32:52 - DEBUG - === New errors detail ===
2025-04-14 01:32:52 - DEBUG - New Error 1: line 10, type: rewrite_failed, message: tactic 'rewrite' failed, pattern is a metavariable
  ?a
from equation
  ?a = 1 * ?a
⊢ (1 / 2 + 1 / 3) * (1 / 2 - 1 / 3) = (1 / 2) ^ 2 - (1 / 3) ^ 2
2025-04-14 01:32:52 - INFO - Testing fragment: rw [<- mul_one]
2025-04-14 01:32:52 - INFO - Original error line:     exact sub_eq_add_neg (1/2)^2 (1/3)^2 ▸ (mul_add (1/2) (1/3) (1/2 - 1/3)).symm
2025-04-14 01:32:54 - INFO - Testing fix: Original errors: 10, Fixed errors: 8
2025-04-14 01:32:54 - INFO - Result: False (introduced 1 new errors)
2025-04-14 01:32:54 - DEBUG - === New errors detail ===
2025-04-14 01:32:54 - DEBUG - New Error 1: line 10, type: rewrite_failed, message: tactic 'rewrite' failed, pattern is a metavariable
  ?a
from equation
  ?a = ?a * 1
⊢ (1 / 2 + 1 / 3) * (1 / 2 - 1 / 3) = (1 / 2) ^ 2 - (1 / 3) ^ 2
2025-04-14 01:32:54 - INFO - Testing fragment: rw [<- npowRec_add]
2025-04-14 01:32:54 - INFO - Original error line:     exact sub_eq_add_neg (1/2)^2 (1/3)^2 ▸ (mul_add (1/2) (1/3) (1/2 - 1/3)).symm
