2025-04-13 13:46:47 - INFO - Log file initialized at 2025-04-13T13:46:47.055251
2025-04-13 13:46:47 - INFO - ===== LOG FILE LOCATION =====
2025-04-13 13:46:47 - INFO - Detailed log file created at: ./minif2f/lean_fixed/28.log
2025-04-13 13:46:47 - INFO - ===============================
2025-04-13 13:46:47 - INFO - Original code:
2025-04-13 13:46:47 - INFO - ----------------------------------------
2025-04-13 13:46:47 - INFO - import Mathlib
import Aesop

set_option maxHeartbeats 0

open BigOperators Real Nat Topology Rat

/-- What is the remainder when $1 + 2 + 3 + 4 + \dots + 9 + 10$ is divided by 9? Show that it is 1.-/
theorem mathd_numbertheory_466 : (∑ k in Finset.range 11, k) % 9 = 1 := by
  -- First, let's compute the sum of numbers from 0 to 10 (Finset.range 11 includes numbers from 0 to 10)
  -- The sum can be computed using the formula for the sum of the first n natural numbers: n(n+1)/2
  -- Here n = 10, so the sum should be 10*11/2 = 55

  -- We'll start by rewriting the sum using the known formula
  rw [Finset.sum_range_id]  -- This converts ∑ k in Finset.range 11, k to 10 * (10 + 1) / 2

  -- Now we need to compute 10 * 11 / 2
  -- First compute numerator: 10 * 11 = 110
  -- Then divide by 2: 110 / 2 = 55
  -- So we have the sum equals 55

  -- Now we need to compute 55 % 9
  -- Let's compute how many full 9's are in 55: 9 * 6 = 54
  -- The remainder is 55 - 54 = 1
  -- Therefore 55 % 9 = 1

  -- In Lean, we can use norm_num to compute this numerically
  norm_num  -- This simplifies 10 * (10 + 1) / 2 % 9 to 1

  -- The proof is now complete, showing the remainder is indeed 1
2025-04-13 13:46:47 - INFO - ----------------------------------------
2025-04-13 13:46:47 - INFO - 
Checking original code for all errors...
2025-04-13 13:49:08 - INFO - Original code contains 1 errors:
2025-04-13 13:49:08 - INFO - Error 1: line 21, type: no_goals_to_solve, message: no goals to be solved...
2025-04-13 13:49:08 - INFO - 
Starting multi-error continuous repair process...
2025-04-13 13:49:08 - INFO - 
===== Starting to fix all errors =====
2025-04-13 13:49:09 - INFO - 
Found 1 original errors:
2025-04-13 13:49:09 - INFO - Error 1: line 21, type: no_goals_to_solve, message: no goals to be solved...
2025-04-13 13:49:09 - INFO - 
Trying to fix error 1/1: line 21, type: no_goals_to_solve
2025-04-13 13:49:09 - INFO - Error message: no goals to be solved...
2025-04-13 13:49:09 - INFO - Removed header content, remaining 23 lines of code
2025-04-13 13:49:09 - INFO - Using specified target error line: 21
2025-04-13 13:49:10 - INFO - Found error at specified line: no goals to be solved
2025-04-13 13:49:10 - INFO - Error at line 21: no goals to be solved
2025-04-13 13:49:10 - INFO - 
==================================================
2025-04-13 13:49:10 - INFO - Code prepared, starting synthesis
2025-04-13 13:49:10 - INFO - Before part: /-- What is the remainder when $1 + 2 + 3 + 4 + \dots + 9 + 10$ is divided by 9? Show that it is 1.-/
theorem mathd_numbertheory_466 : (∑ k in Finset.range 11, k) % 9 = 1 := by
  -- First, let's compute the sum of numbers from 0 to 10 (Finset.range 11 includes numbers from 0 to 10)
  -- The sum can be computed using the formula for the sum of the first n natural numbers: n(n+1)/2
  -- Here n = 10, so the sum should be 10*11/2 = 55

  -- We'll start by rewriting the sum using the known formula
  rw [Finset.sum_range_id]  -- This converts ∑ k in Finset.range 11, k to 10 * (10 + 1) / 2

  -- Now we need to compute 10 * 11 / 2
  -- First compute numerator: 10 * 11 = 110
  -- Then divide by 2: 110 / 2 = 55
  -- So we have the sum equals 55

  -- Now we need to compute 55 % 9
  -- Let's compute how many full 9's are in 55: 9 * 6 = 54
  -- The remainder is 55 - 54 = 1
  -- Therefore 55 % 9 = 1

  -- In Lean, we can use norm_num to compute this numerically
2025-04-13 13:49:10 - INFO - Error line:   norm_num  -- This simplifies 10 * (10 + 1) / 2 % 9 to 1
2025-04-13 13:49:10 - INFO - After part: -- The proof is now complete, showing the remainder is indeed 1
2025-04-13 13:49:10 - INFO - ==================================================

2025-04-13 13:49:11 - INFO - Testing fragment: rw [left_distrib]
2025-04-13 13:49:11 - INFO - Original error line:   norm_num  -- This simplifies 10 * (10 + 1) / 2 % 9 to 1
2025-04-13 13:49:13 - INFO - Testing fix: Original errors: 1, Fixed errors: 1
2025-04-13 13:49:13 - INFO - Result: False (introduced 1 new errors)
2025-04-13 13:49:13 - DEBUG - === New errors detail ===
2025-04-13 13:49:13 - DEBUG - New Error 1: line 21, type: no_goals_to_solve, message: no goals to be solved
2025-04-13 13:49:13 - INFO - Testing fragment: rw [right_distrib]
2025-04-13 13:49:13 - INFO - Original error line:   norm_num  -- This simplifies 10 * (10 + 1) / 2 % 9 to 1
2025-04-13 13:49:15 - INFO - Testing fix: Original errors: 1, Fixed errors: 1
2025-04-13 13:49:15 - INFO - Result: False (introduced 1 new errors)
2025-04-13 13:49:15 - DEBUG - === New errors detail ===
2025-04-13 13:49:15 - DEBUG - New Error 1: line 21, type: no_goals_to_solve, message: no goals to be solved
2025-04-13 13:49:15 - INFO - Testing fragment: rw [distrib_three_right]
2025-04-13 13:49:15 - INFO - Original error line:   norm_num  -- This simplifies 10 * (10 + 1) / 2 % 9 to 1
2025-04-13 13:49:17 - INFO - Testing fix: Original errors: 1, Fixed errors: 1
2025-04-13 13:49:17 - INFO - Result: False (introduced 1 new errors)
2025-04-13 13:49:17 - DEBUG - === New errors detail ===
2025-04-13 13:49:17 - DEBUG - New Error 1: line 21, type: no_goals_to_solve, message: no goals to be solved
2025-04-13 13:49:17 - INFO - Testing fragment: rw [add_one_mul]
2025-04-13 13:49:17 - INFO - Original error line:   norm_num  -- This simplifies 10 * (10 + 1) / 2 % 9 to 1
2025-04-13 13:49:19 - INFO - Testing fix: Original errors: 1, Fixed errors: 1
2025-04-13 13:49:19 - INFO - Result: False (introduced 1 new errors)
2025-04-13 13:49:19 - DEBUG - === New errors detail ===
2025-04-13 13:49:19 - DEBUG - New Error 1: line 21, type: no_goals_to_solve, message: no goals to be solved
2025-04-13 13:49:19 - INFO - Testing fragment: rw [mul_add_one]
2025-04-13 13:49:19 - INFO - Original error line:   norm_num  -- This simplifies 10 * (10 + 1) / 2 % 9 to 1
2025-04-13 13:49:21 - INFO - Testing fix: Original errors: 1, Fixed errors: 1
2025-04-13 13:49:21 - INFO - Result: False (introduced 1 new errors)
2025-04-13 13:49:21 - DEBUG - === New errors detail ===
2025-04-13 13:49:21 - DEBUG - New Error 1: line 21, type: no_goals_to_solve, message: no goals to be solved
2025-04-13 13:49:21 - INFO - Testing fragment: rw [one_add_mul]
2025-04-13 13:49:21 - INFO - Original error line:   norm_num  -- This simplifies 10 * (10 + 1) / 2 % 9 to 1
2025-04-13 13:49:23 - INFO - Testing fix: Original errors: 1, Fixed errors: 1
2025-04-13 13:49:23 - INFO - Result: False (introduced 1 new errors)
2025-04-13 13:49:23 - DEBUG - === New errors detail ===
2025-04-13 13:49:23 - DEBUG - New Error 1: line 21, type: no_goals_to_solve, message: no goals to be solved
2025-04-13 13:49:23 - INFO - Testing fragment: rw [mul_one_add]
2025-04-13 13:49:23 - INFO - Original error line:   norm_num  -- This simplifies 10 * (10 + 1) / 2 % 9 to 1
2025-04-13 13:49:25 - INFO - Testing fix: Original errors: 1, Fixed errors: 1
2025-04-13 13:49:25 - INFO - Result: False (introduced 1 new errors)
2025-04-13 13:49:25 - DEBUG - === New errors detail ===
2025-04-13 13:49:25 - DEBUG - New Error 1: line 21, type: no_goals_to_solve, message: no goals to be solved
2025-04-13 13:49:25 - INFO - Testing fragment: rw [two_mul]
2025-04-13 13:49:25 - INFO - Original error line:   norm_num  -- This simplifies 10 * (10 + 1) / 2 % 9 to 1
2025-04-13 13:49:27 - INFO - Testing fix: Original errors: 1, Fixed errors: 1
2025-04-13 13:49:27 - INFO - Result: False (introduced 1 new errors)
2025-04-13 13:49:27 - DEBUG - === New errors detail ===
2025-04-13 13:49:27 - DEBUG - New Error 1: line 21, type: no_goals_to_solve, message: no goals to be solved
2025-04-13 13:49:27 - INFO - Testing fragment: rw [mul_two]
2025-04-13 13:49:27 - INFO - Original error line:   norm_num  -- This simplifies 10 * (10 + 1) / 2 % 9 to 1
2025-04-13 13:49:29 - INFO - Testing fix: Original errors: 1, Fixed errors: 1
2025-04-13 13:49:29 - INFO - Result: False (introduced 1 new errors)
2025-04-13 13:49:29 - DEBUG - === New errors detail ===
2025-04-13 13:49:29 - DEBUG - New Error 1: line 21, type: no_goals_to_solve, message: no goals to be solved
2025-04-13 13:49:29 - INFO - Testing fragment: rw [mul_boole]
2025-04-13 13:49:29 - INFO - Original error line:   norm_num  -- This simplifies 10 * (10 + 1) / 2 % 9 to 1
2025-04-13 13:49:31 - INFO - Testing fix: Original errors: 1, Fixed errors: 1
2025-04-13 13:49:31 - INFO - Result: False (introduced 1 new errors)
2025-04-13 13:49:31 - DEBUG - === New errors detail ===
2025-04-13 13:49:31 - DEBUG - New Error 1: line 21, type: no_goals_to_solve, message: no goals to be solved
2025-04-13 13:49:31 - INFO - Testing fragment: rw [boole_mul]
2025-04-13 13:49:31 - INFO - Original error line:   norm_num  -- This simplifies 10 * (10 + 1) / 2 % 9 to 1
2025-04-13 13:49:33 - INFO - Testing fix: Original errors: 1, Fixed errors: 1
2025-04-13 13:49:33 - INFO - Result: False (introduced 1 new errors)
2025-04-13 13:49:33 - DEBUG - === New errors detail ===
2025-04-13 13:49:33 - DEBUG - New Error 1: line 21, type: no_goals_to_solve, message: no goals to be solved
2025-04-13 13:49:33 - INFO - Testing fragment: rw [add_mul_self_eq]
2025-04-13 13:49:33 - INFO - Original error line:   norm_num  -- This simplifies 10 * (10 + 1) / 2 % 9 to 1
2025-04-13 13:49:35 - INFO - Testing fix: Original errors: 1, Fixed errors: 1
2025-04-13 13:49:35 - INFO - Result: False (introduced 1 new errors)
2025-04-13 13:49:35 - DEBUG - === New errors detail ===
2025-04-13 13:49:35 - DEBUG - New Error 1: line 21, type: no_goals_to_solve, message: no goals to be solved
2025-04-13 13:49:35 - INFO - Testing fragment: rw [neg_mul]
2025-04-13 13:49:35 - INFO - Original error line:   norm_num  -- This simplifies 10 * (10 + 1) / 2 % 9 to 1
2025-04-13 13:49:37 - INFO - Testing fix: Original errors: 1, Fixed errors: 1
2025-04-13 13:49:37 - INFO - Result: False (introduced 1 new errors)
2025-04-13 13:49:37 - DEBUG - === New errors detail ===
2025-04-13 13:49:37 - DEBUG - New Error 1: line 21, type: no_goals_to_solve, message: no goals to be solved
2025-04-13 13:49:37 - INFO - Testing fragment: rw [mul_neg]
2025-04-13 13:49:37 - INFO - Original error line:   norm_num  -- This simplifies 10 * (10 + 1) / 2 % 9 to 1
2025-04-13 13:49:39 - INFO - Testing fix: Original errors: 1, Fixed errors: 1
2025-04-13 13:49:39 - INFO - Result: False (introduced 1 new errors)
2025-04-13 13:49:39 - DEBUG - === New errors detail ===
2025-04-13 13:49:39 - DEBUG - New Error 1: line 21, type: no_goals_to_solve, message: no goals to be solved
2025-04-13 13:49:39 - INFO - Testing fragment: rw [neg_mul_neg]
2025-04-13 13:49:39 - INFO - Original error line:   norm_num  -- This simplifies 10 * (10 + 1) / 2 % 9 to 1
2025-04-13 13:49:41 - INFO - Testing fix: Original errors: 1, Fixed errors: 1
2025-04-13 13:49:41 - INFO - Result: False (introduced 1 new errors)
2025-04-13 13:49:41 - DEBUG - === New errors detail ===
2025-04-13 13:49:41 - DEBUG - New Error 1: line 21, type: no_goals_to_solve, message: no goals to be solved
2025-04-13 13:49:41 - INFO - Testing fragment: rw [neg_mul_eq_neg_mul]
2025-04-13 13:49:41 - INFO - Original error line:   norm_num  -- This simplifies 10 * (10 + 1) / 2 % 9 to 1
2025-04-13 13:49:43 - INFO - Testing fix: Original errors: 1, Fixed errors: 1
2025-04-13 13:49:43 - INFO - Result: False (introduced 1 new errors)
2025-04-13 13:49:43 - DEBUG - === New errors detail ===
2025-04-13 13:49:43 - DEBUG - New Error 1: line 21, type: no_goals_to_solve, message: no goals to be solved
2025-04-13 13:49:43 - INFO - Testing fragment: rw [neg_mul_eq_mul_neg]
2025-04-13 13:49:43 - INFO - Original error line:   norm_num  -- This simplifies 10 * (10 + 1) / 2 % 9 to 1
2025-04-13 13:49:45 - INFO - Testing fix: Original errors: 1, Fixed errors: 1
2025-04-13 13:49:45 - INFO - Result: False (introduced 1 new errors)
2025-04-13 13:49:45 - DEBUG - === New errors detail ===
2025-04-13 13:49:45 - DEBUG - New Error 1: line 21, type: no_goals_to_solve, message: no goals to be solved
2025-04-13 13:49:45 - INFO - Testing fragment: rw [neg_mul_comm]
2025-04-13 13:49:45 - INFO - Original error line:   norm_num  -- This simplifies 10 * (10 + 1) / 2 % 9 to 1
2025-04-13 13:49:47 - INFO - Testing fix: Original errors: 1, Fixed errors: 1
2025-04-13 13:49:47 - INFO - Result: False (introduced 1 new errors)
2025-04-13 13:49:47 - DEBUG - === New errors detail ===
2025-04-13 13:49:47 - DEBUG - New Error 1: line 21, type: no_goals_to_solve, message: no goals to be solved
2025-04-13 13:49:47 - INFO - Testing fragment: rw [neg_eq_neg_one_mul]
2025-04-13 13:49:47 - INFO - Original error line:   norm_num  -- This simplifies 10 * (10 + 1) / 2 % 9 to 1
2025-04-13 13:49:49 - INFO - Testing fix: Original errors: 1, Fixed errors: 1
2025-04-13 13:49:49 - INFO - Result: False (introduced 1 new errors)
2025-04-13 13:49:49 - DEBUG - === New errors detail ===
2025-04-13 13:49:49 - DEBUG - New Error 1: line 21, type: no_goals_to_solve, message: no goals to be solved
2025-04-13 13:49:49 - INFO - Testing fragment: rw [mul_neg_one]
2025-04-13 13:49:49 - INFO - Original error line:   norm_num  -- This simplifies 10 * (10 + 1) / 2 % 9 to 1
2025-04-13 13:49:51 - INFO - Testing fix: Original errors: 1, Fixed errors: 1
2025-04-13 13:49:51 - INFO - Result: False (introduced 1 new errors)
2025-04-13 13:49:51 - DEBUG - === New errors detail ===
2025-04-13 13:49:51 - DEBUG - New Error 1: line 21, type: no_goals_to_solve, message: no goals to be solved
2025-04-13 13:49:51 - INFO - Testing fragment: rw [neg_one_mul]
2025-04-13 13:49:51 - INFO - Original error line:   norm_num  -- This simplifies 10 * (10 + 1) / 2 % 9 to 1
2025-04-13 13:49:53 - INFO - Testing fix: Original errors: 1, Fixed errors: 1
2025-04-13 13:49:53 - INFO - Result: False (introduced 1 new errors)
2025-04-13 13:49:53 - DEBUG - === New errors detail ===
2025-04-13 13:49:53 - DEBUG - New Error 1: line 21, type: no_goals_to_solve, message: no goals to be solved
2025-04-13 13:49:53 - INFO - Testing fragment: rw [mul_sub_left_distrib]
2025-04-13 13:49:53 - INFO - Original error line:   norm_num  -- This simplifies 10 * (10 + 1) / 2 % 9 to 1
2025-04-13 13:49:55 - INFO - Testing fix: Original errors: 1, Fixed errors: 1
2025-04-13 13:49:55 - INFO - Result: False (introduced 1 new errors)
2025-04-13 13:49:55 - DEBUG - === New errors detail ===
2025-04-13 13:49:55 - DEBUG - New Error 1: line 21, type: no_goals_to_solve, message: no goals to be solved
2025-04-13 13:49:55 - INFO - Testing fragment: rw [mul_sub_right_distrib]
2025-04-13 13:49:55 - INFO - Original error line:   norm_num  -- This simplifies 10 * (10 + 1) / 2 % 9 to 1
2025-04-13 13:49:57 - INFO - Testing fix: Original errors: 1, Fixed errors: 1
2025-04-13 13:49:57 - INFO - Result: False (introduced 1 new errors)
2025-04-13 13:49:57 - DEBUG - === New errors detail ===
2025-04-13 13:49:57 - DEBUG - New Error 1: line 21, type: no_goals_to_solve, message: no goals to be solved
2025-04-13 13:49:57 - INFO - Testing fragment: rw [sub_one_mul]
2025-04-13 13:49:57 - INFO - Original error line:   norm_num  -- This simplifies 10 * (10 + 1) / 2 % 9 to 1
2025-04-13 13:49:59 - INFO - Testing fix: Original errors: 1, Fixed errors: 1
2025-04-13 13:49:59 - INFO - Result: False (introduced 1 new errors)
2025-04-13 13:49:59 - DEBUG - === New errors detail ===
2025-04-13 13:49:59 - DEBUG - New Error 1: line 21, type: no_goals_to_solve, message: no goals to be solved
2025-04-13 13:49:59 - INFO - Testing fragment: rw [mul_sub_one]
2025-04-13 13:49:59 - INFO - Original error line:   norm_num  -- This simplifies 10 * (10 + 1) / 2 % 9 to 1
2025-04-13 13:50:01 - INFO - Testing fix: Original errors: 1, Fixed errors: 1
2025-04-13 13:50:01 - INFO - Result: False (introduced 1 new errors)
2025-04-13 13:50:01 - DEBUG - === New errors detail ===
2025-04-13 13:50:01 - DEBUG - New Error 1: line 21, type: no_goals_to_solve, message: no goals to be solved
2025-04-13 13:50:01 - INFO - Testing fragment: rw [one_sub_mul]
2025-04-13 13:50:01 - INFO - Original error line:   norm_num  -- This simplifies 10 * (10 + 1) / 2 % 9 to 1
2025-04-13 13:50:03 - INFO - Testing fix: Original errors: 1, Fixed errors: 1
2025-04-13 13:50:03 - INFO - Result: False (introduced 1 new errors)
2025-04-13 13:50:03 - DEBUG - === New errors detail ===
2025-04-13 13:50:03 - DEBUG - New Error 1: line 21, type: no_goals_to_solve, message: no goals to be solved
2025-04-13 13:50:03 - INFO - Testing fragment: rw [mul_one_sub]
2025-04-13 13:50:03 - INFO - Original error line:   norm_num  -- This simplifies 10 * (10 + 1) / 2 % 9 to 1
2025-04-13 13:50:05 - INFO - Testing fix: Original errors: 1, Fixed errors: 1
2025-04-13 13:50:05 - INFO - Result: False (introduced 1 new errors)
2025-04-13 13:50:05 - DEBUG - === New errors detail ===
2025-04-13 13:50:05 - DEBUG - New Error 1: line 21, type: no_goals_to_solve, message: no goals to be solved
2025-04-13 13:50:05 - INFO - Testing fragment: rw [mul_left_cancel]
2025-04-13 13:50:05 - INFO - Original error line:   norm_num  -- This simplifies 10 * (10 + 1) / 2 % 9 to 1
2025-04-13 13:50:07 - INFO - Testing fix: Original errors: 1, Fixed errors: 1
2025-04-13 13:50:07 - INFO - Result: False (introduced 1 new errors)
2025-04-13 13:50:07 - DEBUG - === New errors detail ===
2025-04-13 13:50:07 - DEBUG - New Error 1: line 21, type: no_goals_to_solve, message: no goals to be solved
2025-04-13 13:50:07 - INFO - Testing fragment: rw [mul_left_cancel_iff]
2025-04-13 13:50:07 - INFO - Original error line:   norm_num  -- This simplifies 10 * (10 + 1) / 2 % 9 to 1
2025-04-13 13:50:09 - INFO - Testing fix: Original errors: 1, Fixed errors: 1
2025-04-13 13:50:09 - INFO - Result: False (introduced 1 new errors)
2025-04-13 13:50:09 - DEBUG - === New errors detail ===
2025-04-13 13:50:09 - DEBUG - New Error 1: line 21, type: no_goals_to_solve, message: no goals to be solved
2025-04-13 13:50:09 - INFO - Testing fragment: rw [mul_right_injective]
2025-04-13 13:50:09 - INFO - Original error line:   norm_num  -- This simplifies 10 * (10 + 1) / 2 % 9 to 1
2025-04-13 13:50:11 - INFO - Testing fix: Original errors: 1, Fixed errors: 1
2025-04-13 13:50:11 - INFO - Result: False (introduced 1 new errors)
2025-04-13 13:50:11 - DEBUG - === New errors detail ===
2025-04-13 13:50:11 - DEBUG - New Error 1: line 21, type: no_goals_to_solve, message: no goals to be solved
2025-04-13 13:50:11 - INFO - Testing fragment: rw [mul_right_inj]
2025-04-13 13:50:11 - INFO - Original error line:   norm_num  -- This simplifies 10 * (10 + 1) / 2 % 9 to 1
2025-04-13 13:50:13 - INFO - Testing fix: Original errors: 1, Fixed errors: 1
2025-04-13 13:50:13 - INFO - Result: False (introduced 1 new errors)
2025-04-13 13:50:13 - DEBUG - === New errors detail ===
2025-04-13 13:50:13 - DEBUG - New Error 1: line 21, type: no_goals_to_solve, message: no goals to be solved
2025-04-13 13:50:13 - INFO - Testing fragment: rw [mul_ne_mul_right]
2025-04-13 13:50:13 - INFO - Original error line:   norm_num  -- This simplifies 10 * (10 + 1) / 2 % 9 to 1
2025-04-13 13:50:15 - INFO - Testing fix: Original errors: 1, Fixed errors: 1
2025-04-13 13:50:15 - INFO - Result: False (introduced 1 new errors)
2025-04-13 13:50:15 - DEBUG - === New errors detail ===
2025-04-13 13:50:15 - DEBUG - New Error 1: line 21, type: no_goals_to_solve, message: no goals to be solved
2025-04-13 13:50:15 - INFO - Testing fragment: rw [mul_right_cancel]
2025-04-13 13:50:15 - INFO - Original error line:   norm_num  -- This simplifies 10 * (10 + 1) / 2 % 9 to 1
2025-04-13 13:50:17 - INFO - Testing fix: Original errors: 1, Fixed errors: 1
2025-04-13 13:50:17 - INFO - Result: False (introduced 1 new errors)
2025-04-13 13:50:17 - DEBUG - === New errors detail ===
2025-04-13 13:50:17 - DEBUG - New Error 1: line 21, type: no_goals_to_solve, message: no goals to be solved
2025-04-13 13:50:17 - INFO - Testing fragment: rw [mul_right_cancel_iff]
2025-04-13 13:50:17 - INFO - Original error line:   norm_num  -- This simplifies 10 * (10 + 1) / 2 % 9 to 1
2025-04-13 13:50:19 - INFO - Testing fix: Original errors: 1, Fixed errors: 1
2025-04-13 13:50:19 - INFO - Result: False (introduced 1 new errors)
2025-04-13 13:50:19 - DEBUG - === New errors detail ===
2025-04-13 13:50:19 - DEBUG - New Error 1: line 21, type: no_goals_to_solve, message: no goals to be solved
2025-04-13 13:50:19 - INFO - Testing fragment: rw [mul_left_injective]
2025-04-13 13:50:19 - INFO - Original error line:   norm_num  -- This simplifies 10 * (10 + 1) / 2 % 9 to 1
2025-04-13 13:50:21 - INFO - Testing fix: Original errors: 1, Fixed errors: 1
2025-04-13 13:50:21 - INFO - Result: False (introduced 1 new errors)
2025-04-13 13:50:21 - DEBUG - === New errors detail ===
2025-04-13 13:50:21 - DEBUG - New Error 1: line 21, type: no_goals_to_solve, message: no goals to be solved
2025-04-13 13:50:21 - INFO - Testing fragment: rw [mul_left_inj]
2025-04-13 13:50:21 - INFO - Original error line:   norm_num  -- This simplifies 10 * (10 + 1) / 2 % 9 to 1
2025-04-13 13:50:23 - INFO - Testing fix: Original errors: 1, Fixed errors: 1
2025-04-13 13:50:23 - INFO - Result: False (introduced 1 new errors)
2025-04-13 13:50:23 - DEBUG - === New errors detail ===
2025-04-13 13:50:23 - DEBUG - New Error 1: line 21, type: no_goals_to_solve, message: no goals to be solved
2025-04-13 13:50:23 - INFO - Testing fragment: rw [mul_ne_mul_left]
2025-04-13 13:50:23 - INFO - Original error line:   norm_num  -- This simplifies 10 * (10 + 1) / 2 % 9 to 1
2025-04-13 13:50:25 - INFO - Testing fix: Original errors: 1, Fixed errors: 1
2025-04-13 13:50:25 - INFO - Result: False (introduced 1 new errors)
2025-04-13 13:50:25 - DEBUG - === New errors detail ===
2025-04-13 13:50:25 - DEBUG - New Error 1: line 21, type: no_goals_to_solve, message: no goals to be solved
2025-04-13 13:50:25 - INFO - Testing fragment: rw [mul_assoc]
2025-04-13 13:50:25 - INFO - Original error line:   norm_num  -- This simplifies 10 * (10 + 1) / 2 % 9 to 1
2025-04-13 13:50:27 - INFO - Testing fix: Original errors: 1, Fixed errors: 1
2025-04-13 13:50:27 - INFO - Result: False (introduced 1 new errors)
2025-04-13 13:50:27 - DEBUG - === New errors detail ===
2025-04-13 13:50:27 - DEBUG - New Error 1: line 21, type: no_goals_to_solve, message: no goals to be solved
2025-04-13 13:50:27 - INFO - Testing fragment: rw [mul_comm]
2025-04-13 13:50:27 - INFO - Original error line:   norm_num  -- This simplifies 10 * (10 + 1) / 2 % 9 to 1
2025-04-13 13:50:29 - INFO - Testing fix: Original errors: 1, Fixed errors: 1
2025-04-13 13:50:29 - INFO - Result: False (introduced 1 new errors)
2025-04-13 13:50:29 - DEBUG - === New errors detail ===
2025-04-13 13:50:29 - DEBUG - New Error 1: line 21, type: no_goals_to_solve, message: no goals to be solved
2025-04-13 13:50:29 - INFO - Testing fragment: rw [MulOneClass]
2025-04-13 13:50:29 - INFO - Original error line:   norm_num  -- This simplifies 10 * (10 + 1) / 2 % 9 to 1
2025-04-13 13:50:31 - INFO - Testing fix: Original errors: 1, Fixed errors: 1
2025-04-13 13:50:31 - INFO - Result: False (introduced 1 new errors)
2025-04-13 13:50:31 - DEBUG - === New errors detail ===
2025-04-13 13:50:31 - DEBUG - New Error 1: line 21, type: no_goals_to_solve, message: no goals to be solved
2025-04-13 13:50:31 - INFO - Testing fragment: rw [one_mul]
2025-04-13 13:50:31 - INFO - Original error line:   norm_num  -- This simplifies 10 * (10 + 1) / 2 % 9 to 1
2025-04-13 13:50:33 - INFO - Testing fix: Original errors: 1, Fixed errors: 1
2025-04-13 13:50:33 - INFO - Result: False (introduced 1 new errors)
2025-04-13 13:50:33 - DEBUG - === New errors detail ===
2025-04-13 13:50:33 - DEBUG - New Error 1: line 21, type: no_goals_to_solve, message: no goals to be solved
2025-04-13 13:50:33 - INFO - Testing fragment: rw [mul_one]
2025-04-13 13:50:33 - INFO - Original error line:   norm_num  -- This simplifies 10 * (10 + 1) / 2 % 9 to 1
2025-04-13 13:50:35 - INFO - Testing fix: Original errors: 1, Fixed errors: 1
2025-04-13 13:50:35 - INFO - Result: False (introduced 1 new errors)
2025-04-13 13:50:35 - DEBUG - === New errors detail ===
2025-04-13 13:50:35 - DEBUG - New Error 1: line 21, type: no_goals_to_solve, message: no goals to be solved
2025-04-13 13:50:35 - INFO - Testing fragment: rw [npowRec_add]
2025-04-13 13:50:35 - INFO - Original error line:   norm_num  -- This simplifies 10 * (10 + 1) / 2 % 9 to 1
2025-04-13 13:50:37 - INFO - Testing fix: Original errors: 1, Fixed errors: 1
2025-04-13 13:50:37 - INFO - Result: False (introduced 1 new errors)
2025-04-13 13:50:37 - DEBUG - === New errors detail ===
2025-04-13 13:50:37 - DEBUG - New Error 1: line 21, type: no_goals_to_solve, message: no goals to be solved
2025-04-13 13:50:37 - INFO - Testing fragment: rw [npowRec_succ]
2025-04-13 13:50:37 - INFO - Original error line:   norm_num  -- This simplifies 10 * (10 + 1) / 2 % 9 to 1
2025-04-13 13:50:39 - INFO - Testing fix: Original errors: 1, Fixed errors: 1
2025-04-13 13:50:39 - INFO - Result: False (introduced 1 new errors)
2025-04-13 13:50:39 - DEBUG - === New errors detail ===
2025-04-13 13:50:39 - DEBUG - New Error 1: line 21, type: no_goals_to_solve, message: no goals to be solved
2025-04-13 13:50:39 - INFO - Testing fragment: rw [npowRec'_succ]
2025-04-13 13:50:39 - INFO - Original error line:   norm_num  -- This simplifies 10 * (10 + 1) / 2 % 9 to 1
2025-04-13 13:50:41 - INFO - Testing fix: Original errors: 1, Fixed errors: 1
2025-04-13 13:50:41 - INFO - Result: False (introduced 1 new errors)
2025-04-13 13:50:41 - DEBUG - === New errors detail ===
2025-04-13 13:50:41 - DEBUG - New Error 1: line 21, type: no_goals_to_solve, message: no goals to be solved
2025-04-13 13:50:41 - INFO - Testing fragment: rw [npowRec'_two_mul]
2025-04-13 13:50:41 - INFO - Original error line:   norm_num  -- This simplifies 10 * (10 + 1) / 2 % 9 to 1
2025-04-13 13:50:43 - INFO - Testing fix: Original errors: 1, Fixed errors: 1
2025-04-13 13:50:43 - INFO - Result: False (introduced 1 new errors)
2025-04-13 13:50:43 - DEBUG - === New errors detail ===
2025-04-13 13:50:43 - DEBUG - New Error 1: line 21, type: no_goals_to_solve, message: no goals to be solved
2025-04-13 13:50:43 - INFO - Testing fragment: rw [npowRec'_mul_comm]
2025-04-13 13:50:43 - INFO - Original error line:   norm_num  -- This simplifies 10 * (10 + 1) / 2 % 9 to 1
2025-04-13 13:50:45 - INFO - Testing fix: Original errors: 1, Fixed errors: 1
2025-04-13 13:50:45 - INFO - Result: False (introduced 1 new errors)
2025-04-13 13:50:45 - DEBUG - === New errors detail ===
2025-04-13 13:50:45 - DEBUG - New Error 1: line 21, type: no_goals_to_solve, message: no goals to be solved
2025-04-13 13:50:45 - INFO - Testing fragment: rw [npowRec_eq]
2025-04-13 13:50:45 - INFO - Original error line:   norm_num  -- This simplifies 10 * (10 + 1) / 2 % 9 to 1
2025-04-13 13:50:47 - INFO - Testing fix: Original errors: 1, Fixed errors: 1
2025-04-13 13:50:47 - INFO - Result: False (introduced 1 new errors)
2025-04-13 13:50:47 - DEBUG - === New errors detail ===
2025-04-13 13:50:47 - DEBUG - New Error 1: line 21, type: no_goals_to_solve, message: no goals to be solved
2025-04-13 13:50:47 - INFO - Testing fragment: rw [npowBinRec]
2025-04-13 13:50:47 - INFO - Original error line:   norm_num  -- This simplifies 10 * (10 + 1) / 2 % 9 to 1
2025-04-13 13:50:49 - INFO - Testing fix: Original errors: 1, Fixed errors: 1
2025-04-13 13:50:49 - INFO - Result: False (introduced 1 new errors)
2025-04-13 13:50:49 - DEBUG - === New errors detail ===
2025-04-13 13:50:49 - DEBUG - New Error 1: line 21, type: no_goals_to_solve, message: no goals to be solved
2025-04-13 13:50:49 - INFO - Testing fragment: rw [npowRec_eq_npowBinRec]
2025-04-13 13:50:49 - INFO - Original error line:   norm_num  -- This simplifies 10 * (10 + 1) / 2 % 9 to 1
2025-04-13 13:50:51 - INFO - Testing fix: Original errors: 1, Fixed errors: 1
2025-04-13 13:50:51 - INFO - Result: False (introduced 1 new errors)
2025-04-13 13:50:51 - DEBUG - === New errors detail ===
2025-04-13 13:50:51 - DEBUG - New Error 1: line 21, type: no_goals_to_solve, message: no goals to be solved
2025-04-13 13:50:51 - INFO - Testing fragment: rw [npow_eq_pow]
2025-04-13 13:50:51 - INFO - Original error line:   norm_num  -- This simplifies 10 * (10 + 1) / 2 % 9 to 1
2025-04-13 13:50:53 - INFO - Testing fix: Original errors: 1, Fixed errors: 1
2025-04-13 13:50:53 - INFO - Result: False (introduced 1 new errors)
2025-04-13 13:50:53 - DEBUG - === New errors detail ===
2025-04-13 13:50:53 - DEBUG - New Error 1: line 21, type: no_goals_to_solve, message: no goals to be solved
2025-04-13 13:50:53 - INFO - Testing fragment: rw [pow_zero]
2025-04-13 13:50:53 - INFO - Original error line:   norm_num  -- This simplifies 10 * (10 + 1) / 2 % 9 to 1
2025-04-13 13:50:55 - INFO - Testing fix: Original errors: 1, Fixed errors: 1
2025-04-13 13:50:55 - INFO - Result: False (introduced 1 new errors)
2025-04-13 13:50:55 - DEBUG - === New errors detail ===
2025-04-13 13:50:55 - DEBUG - New Error 1: line 21, type: no_goals_to_solve, message: no goals to be solved
2025-04-13 13:50:55 - INFO - Testing fragment: rw [pow_succ]
2025-04-13 13:50:55 - INFO - Original error line:   norm_num  -- This simplifies 10 * (10 + 1) / 2 % 9 to 1
2025-04-13 13:50:57 - INFO - Testing fix: Original errors: 1, Fixed errors: 1
2025-04-13 13:50:57 - INFO - Result: False (introduced 1 new errors)
2025-04-13 13:50:57 - DEBUG - === New errors detail ===
2025-04-13 13:50:57 - DEBUG - New Error 1: line 21, type: no_goals_to_solve, message: no goals to be solved
2025-04-13 13:50:57 - INFO - Testing fragment: rw [inv_inv]
2025-04-13 13:50:57 - INFO - Original error line:   norm_num  -- This simplifies 10 * (10 + 1) / 2 % 9 to 1
2025-04-13 13:50:59 - INFO - Testing fix: Original errors: 1, Fixed errors: 1
2025-04-13 13:50:59 - INFO - Result: False (introduced 1 new errors)
2025-04-13 13:50:59 - DEBUG - === New errors detail ===
2025-04-13 13:50:59 - DEBUG - New Error 1: line 21, type: no_goals_to_solve, message: no goals to be solved
2025-04-13 13:50:59 - INFO - Testing fragment: rw [exists_zpow_surjective]
2025-04-13 13:50:59 - INFO - Original error line:   norm_num  -- This simplifies 10 * (10 + 1) / 2 % 9 to 1
2025-04-13 13:51:01 - INFO - Testing fix: Original errors: 1, Fixed errors: 1
2025-04-13 13:51:01 - INFO - Result: False (introduced 1 new errors)
2025-04-13 13:51:01 - DEBUG - === New errors detail ===
2025-04-13 13:51:01 - DEBUG - New Error 1: line 21, type: no_goals_to_solve, message: no goals to be solved
2025-04-13 13:51:01 - INFO - Testing fragment: rw [zpow_eq_pow]
2025-04-13 13:51:01 - INFO - Original error line:   norm_num  -- This simplifies 10 * (10 + 1) / 2 % 9 to 1
2025-04-13 13:51:03 - INFO - Testing fix: Original errors: 1, Fixed errors: 1
2025-04-13 13:51:03 - INFO - Result: False (introduced 1 new errors)
2025-04-13 13:51:03 - DEBUG - === New errors detail ===
2025-04-13 13:51:03 - DEBUG - New Error 1: line 21, type: no_goals_to_solve, message: no goals to be solved
2025-04-13 13:51:03 - INFO - Testing fragment: rw [zpow_zero]
2025-04-13 13:51:03 - INFO - Original error line:   norm_num  -- This simplifies 10 * (10 + 1) / 2 % 9 to 1
2025-04-13 13:51:05 - INFO - Testing fix: Original errors: 1, Fixed errors: 1
2025-04-13 13:51:05 - INFO - Result: False (introduced 1 new errors)
2025-04-13 13:51:05 - DEBUG - === New errors detail ===
2025-04-13 13:51:05 - DEBUG - New Error 1: line 21, type: no_goals_to_solve, message: no goals to be solved
2025-04-13 13:51:05 - INFO - Testing fragment: rw [zpow_natCast]
2025-04-13 13:51:05 - INFO - Original error line:   norm_num  -- This simplifies 10 * (10 + 1) / 2 % 9 to 1
2025-04-13 13:51:07 - INFO - Testing fix: Original errors: 1, Fixed errors: 1
2025-04-13 13:51:07 - INFO - Result: False (introduced 1 new errors)
2025-04-13 13:51:07 - DEBUG - === New errors detail ===
2025-04-13 13:51:07 - DEBUG - New Error 1: line 21, type: no_goals_to_solve, message: no goals to be solved
2025-04-13 13:51:07 - INFO - Testing fragment: rw [zpow_negSucc]
2025-04-13 13:51:07 - INFO - Original error line:   norm_num  -- This simplifies 10 * (10 + 1) / 2 % 9 to 1
2025-04-13 13:51:09 - INFO - Testing fix: Original errors: 1, Fixed errors: 1
2025-04-13 13:51:09 - INFO - Result: False (introduced 1 new errors)
2025-04-13 13:51:09 - DEBUG - === New errors detail ===
2025-04-13 13:51:09 - DEBUG - New Error 1: line 21, type: no_goals_to_solve, message: no goals to be solved
2025-04-13 13:51:09 - INFO - Testing fragment: rw [negSucc_zsmul]
2025-04-13 13:51:09 - INFO - Original error line:   norm_num  -- This simplifies 10 * (10 + 1) / 2 % 9 to 1
2025-04-13 13:51:11 - INFO - Testing fix: Original errors: 1, Fixed errors: 1
2025-04-13 13:51:11 - INFO - Result: False (introduced 1 new errors)
2025-04-13 13:51:11 - DEBUG - === New errors detail ===
2025-04-13 13:51:11 - DEBUG - New Error 1: line 21, type: no_goals_to_solve, message: no goals to be solved
2025-04-13 13:51:11 - INFO - Testing fragment: rw [div_eq_mul_inv]
2025-04-13 13:51:11 - INFO - Original error line:   norm_num  -- This simplifies 10 * (10 + 1) / 2 % 9 to 1
2025-04-13 13:51:13 - INFO - Testing fix: Original errors: 1, Fixed errors: 1
2025-04-13 13:51:13 - INFO - Result: False (introduced 1 new errors)
2025-04-13 13:51:13 - DEBUG - === New errors detail ===
2025-04-13 13:51:13 - DEBUG - New Error 1: line 21, type: no_goals_to_solve, message: no goals to be solved
2025-04-13 13:51:13 - INFO - Testing fragment: rw [inv_eq_one_div]
2025-04-13 13:51:13 - INFO - Original error line:   norm_num  -- This simplifies 10 * (10 + 1) / 2 % 9 to 1
2025-04-13 13:52:32 - INFO - Testing fix: Original errors: 1, Fixed errors: 1
2025-04-13 13:52:32 - INFO - Result: False (introduced 1 new errors)
2025-04-13 13:52:32 - DEBUG - === New errors detail ===
2025-04-13 13:52:32 - DEBUG - New Error 1: line 21, type: no_goals_to_solve, message: no goals to be solved
2025-04-13 13:52:32 - INFO - Testing fragment: rw [mul_div_assoc]
2025-04-13 13:52:32 - INFO - Original error line:   norm_num  -- This simplifies 10 * (10 + 1) / 2 % 9 to 1
2025-04-13 13:52:34 - INFO - Testing fix: Original errors: 1, Fixed errors: 1
2025-04-13 13:52:34 - INFO - Result: False (introduced 1 new errors)
2025-04-13 13:52:34 - DEBUG - === New errors detail ===
2025-04-13 13:52:34 - DEBUG - New Error 1: line 21, type: no_goals_to_solve, message: no goals to be solved
2025-04-13 13:52:34 - INFO - Testing fragment: rw [one_div]
2025-04-13 13:52:34 - INFO - Original error line:   norm_num  -- This simplifies 10 * (10 + 1) / 2 % 9 to 1
2025-04-13 13:52:36 - INFO - Testing fix: Original errors: 1, Fixed errors: 1
2025-04-13 13:52:36 - INFO - Result: False (introduced 1 new errors)
2025-04-13 13:52:36 - DEBUG - === New errors detail ===
2025-04-13 13:52:36 - DEBUG - New Error 1: line 21, type: no_goals_to_solve, message: no goals to be solved
2025-04-13 13:52:36 - INFO - Testing fragment: rw [inv_one]
2025-04-13 13:52:36 - INFO - Original error line:   norm_num  -- This simplifies 10 * (10 + 1) / 2 % 9 to 1
2025-04-13 13:52:38 - INFO - Testing fix: Original errors: 1, Fixed errors: 1
2025-04-13 13:52:38 - INFO - Result: False (introduced 1 new errors)
2025-04-13 13:52:38 - DEBUG - === New errors detail ===
2025-04-13 13:52:38 - DEBUG - New Error 1: line 21, type: no_goals_to_solve, message: no goals to be solved
2025-04-13 13:52:38 - INFO - Testing fragment: rw [mul_inv_rev]
2025-04-13 13:52:38 - INFO - Original error line:   norm_num  -- This simplifies 10 * (10 + 1) / 2 % 9 to 1
2025-04-13 13:52:40 - INFO - Testing fix: Original errors: 1, Fixed errors: 1
2025-04-13 13:52:40 - INFO - Result: False (introduced 1 new errors)
2025-04-13 13:52:40 - DEBUG - === New errors detail ===
2025-04-13 13:52:40 - DEBUG - New Error 1: line 21, type: no_goals_to_solve, message: no goals to be solved
2025-04-13 13:52:40 - INFO - Testing fragment: rw [inv_eq_of_mul_eq_one_right]
2025-04-13 13:52:40 - INFO - Original error line:   norm_num  -- This simplifies 10 * (10 + 1) / 2 % 9 to 1
2025-04-13 13:52:42 - INFO - Testing fix: Original errors: 1, Fixed errors: 1
2025-04-13 13:52:42 - INFO - Result: False (introduced 1 new errors)
2025-04-13 13:52:42 - DEBUG - === New errors detail ===
2025-04-13 13:52:42 - DEBUG - New Error 1: line 21, type: no_goals_to_solve, message: no goals to be solved
2025-04-13 13:52:42 - INFO - Testing fragment: rw [inv_eq_of_mul_eq_one_left]
2025-04-13 13:52:42 - INFO - Original error line:   norm_num  -- This simplifies 10 * (10 + 1) / 2 % 9 to 1
2025-04-13 13:52:44 - INFO - Testing fix: Original errors: 1, Fixed errors: 1
2025-04-13 13:52:44 - INFO - Result: False (introduced 1 new errors)
2025-04-13 13:52:44 - DEBUG - === New errors detail ===
2025-04-13 13:52:44 - DEBUG - New Error 1: line 21, type: no_goals_to_solve, message: no goals to be solved
2025-04-13 13:52:44 - INFO - Testing fragment: rw [eq_inv_of_mul_eq_one_left]
2025-04-13 13:52:44 - INFO - Original error line:   norm_num  -- This simplifies 10 * (10 + 1) / 2 % 9 to 1
2025-04-13 13:52:46 - INFO - Testing fix: Original errors: 1, Fixed errors: 1
2025-04-13 13:52:46 - INFO - Result: False (introduced 1 new errors)
2025-04-13 13:52:46 - DEBUG - === New errors detail ===
2025-04-13 13:52:46 - DEBUG - New Error 1: line 21, type: no_goals_to_solve, message: no goals to be solved
2025-04-13 13:52:46 - INFO - Testing fragment: rw [inv_mul_cancel]
2025-04-13 13:52:46 - INFO - Original error line:   norm_num  -- This simplifies 10 * (10 + 1) / 2 % 9 to 1
2025-04-13 13:52:48 - INFO - Testing fix: Original errors: 1, Fixed errors: 1
2025-04-13 13:52:48 - INFO - Result: False (introduced 1 new errors)
2025-04-13 13:52:48 - DEBUG - === New errors detail ===
2025-04-13 13:52:48 - DEBUG - New Error 1: line 21, type: no_goals_to_solve, message: no goals to be solved
2025-04-13 13:52:48 - INFO - Testing fragment: rw [inv_eq_of_mul]
2025-04-13 13:52:48 - INFO - Original error line:   norm_num  -- This simplifies 10 * (10 + 1) / 2 % 9 to 1
2025-04-13 13:52:50 - INFO - Testing fix: Original errors: 1, Fixed errors: 1
2025-04-13 13:52:50 - INFO - Result: False (introduced 1 new errors)
2025-04-13 13:52:50 - DEBUG - === New errors detail ===
2025-04-13 13:52:50 - DEBUG - New Error 1: line 21, type: no_goals_to_solve, message: no goals to be solved
2025-04-13 13:52:50 - INFO - Testing fragment: rw [mul_inv_cancel]
2025-04-13 13:52:50 - INFO - Original error line:   norm_num  -- This simplifies 10 * (10 + 1) / 2 % 9 to 1
2025-04-13 13:52:52 - INFO - Testing fix: Original errors: 1, Fixed errors: 1
2025-04-13 13:52:52 - INFO - Result: False (introduced 1 new errors)
2025-04-13 13:52:52 - DEBUG - === New errors detail ===
2025-04-13 13:52:52 - DEBUG - New Error 1: line 21, type: no_goals_to_solve, message: no goals to be solved
2025-04-13 13:52:52 - INFO - Testing fragment: rw [div_self']
2025-04-13 13:52:52 - INFO - Original error line:   norm_num  -- This simplifies 10 * (10 + 1) / 2 % 9 to 1
2025-04-13 13:52:54 - INFO - Testing fix: Original errors: 1, Fixed errors: 1
2025-04-13 13:52:54 - INFO - Result: False (introduced 1 new errors)
2025-04-13 13:52:54 - DEBUG - === New errors detail ===
2025-04-13 13:52:54 - DEBUG - New Error 1: line 21, type: no_goals_to_solve, message: no goals to be solved
2025-04-13 13:52:54 - INFO - Testing fragment: rw [inv_mul_cancel_left]
2025-04-13 13:52:54 - INFO - Original error line:   norm_num  -- This simplifies 10 * (10 + 1) / 2 % 9 to 1
2025-04-13 13:52:56 - INFO - Testing fix: Original errors: 1, Fixed errors: 1
2025-04-13 13:52:56 - INFO - Result: False (introduced 1 new errors)
2025-04-13 13:52:56 - DEBUG - === New errors detail ===
2025-04-13 13:52:56 - DEBUG - New Error 1: line 21, type: no_goals_to_solve, message: no goals to be solved
2025-04-13 13:52:56 - INFO - Testing fragment: rw [mul_inv_cancel_left]
2025-04-13 13:52:56 - INFO - Original error line:   norm_num  -- This simplifies 10 * (10 + 1) / 2 % 9 to 1
2025-04-13 13:52:58 - INFO - Testing fix: Original errors: 1, Fixed errors: 1
2025-04-13 13:52:58 - INFO - Result: False (introduced 1 new errors)
2025-04-13 13:52:58 - DEBUG - === New errors detail ===
2025-04-13 13:52:58 - DEBUG - New Error 1: line 21, type: no_goals_to_solve, message: no goals to be solved
2025-04-13 13:52:58 - INFO - Testing fragment: rw [mul_inv_cancel_right]
2025-04-13 13:52:58 - INFO - Original error line:   norm_num  -- This simplifies 10 * (10 + 1) / 2 % 9 to 1
2025-04-13 13:53:00 - INFO - Testing fix: Original errors: 1, Fixed errors: 1
2025-04-13 13:53:00 - INFO - Result: False (introduced 1 new errors)
2025-04-13 13:53:00 - DEBUG - === New errors detail ===
2025-04-13 13:53:00 - DEBUG - New Error 1: line 21, type: no_goals_to_solve, message: no goals to be solved
2025-04-13 13:53:00 - INFO - Testing fragment: rw [mul_div_cancel_right]
2025-04-13 13:53:00 - INFO - Original error line:   norm_num  -- This simplifies 10 * (10 + 1) / 2 % 9 to 1
2025-04-13 13:53:02 - INFO - Testing fix: Original errors: 1, Fixed errors: 1
2025-04-13 13:53:02 - INFO - Result: False (introduced 1 new errors)
2025-04-13 13:53:02 - DEBUG - === New errors detail ===
2025-04-13 13:53:02 - DEBUG - New Error 1: line 21, type: no_goals_to_solve, message: no goals to be solved
2025-04-13 13:53:02 - INFO - Testing fragment: rw [inv_mul_cancel_right]
2025-04-13 13:53:02 - INFO - Original error line:   norm_num  -- This simplifies 10 * (10 + 1) / 2 % 9 to 1
2025-04-13 13:53:04 - INFO - Testing fix: Original errors: 1, Fixed errors: 1
2025-04-13 13:53:04 - INFO - Result: False (introduced 1 new errors)
2025-04-13 13:53:04 - DEBUG - === New errors detail ===
2025-04-13 13:53:04 - DEBUG - New Error 1: line 21, type: no_goals_to_solve, message: no goals to be solved
2025-04-13 13:53:04 - INFO - Testing fragment: rw [div_mul_cancel]
2025-04-13 13:53:04 - INFO - Original error line:   norm_num  -- This simplifies 10 * (10 + 1) / 2 % 9 to 1
2025-04-13 13:53:06 - INFO - Testing fix: Original errors: 1, Fixed errors: 1
2025-04-13 13:53:06 - INFO - Result: False (introduced 1 new errors)
2025-04-13 13:53:06 - DEBUG - === New errors detail ===
2025-04-13 13:53:06 - DEBUG - New Error 1: line 21, type: no_goals_to_solve, message: no goals to be solved
2025-04-13 13:53:06 - INFO - Testing fragment: rw [<- left_distrib]
2025-04-13 13:53:06 - INFO - Original error line:   norm_num  -- This simplifies 10 * (10 + 1) / 2 % 9 to 1
2025-04-13 13:53:08 - INFO - Testing fix: Original errors: 1, Fixed errors: 1
2025-04-13 13:53:08 - INFO - Result: False (introduced 1 new errors)
2025-04-13 13:53:08 - DEBUG - === New errors detail ===
2025-04-13 13:53:08 - DEBUG - New Error 1: line 21, type: no_goals_to_solve, message: no goals to be solved
2025-04-13 13:53:08 - INFO - Testing fragment: rw [<- right_distrib]
2025-04-13 13:53:08 - INFO - Original error line:   norm_num  -- This simplifies 10 * (10 + 1) / 2 % 9 to 1
2025-04-13 13:53:10 - INFO - Testing fix: Original errors: 1, Fixed errors: 1
2025-04-13 13:53:10 - INFO - Result: False (introduced 1 new errors)
2025-04-13 13:53:10 - DEBUG - === New errors detail ===
2025-04-13 13:53:10 - DEBUG - New Error 1: line 21, type: no_goals_to_solve, message: no goals to be solved
2025-04-13 13:53:10 - INFO - Testing fragment: rw [<- distrib_three_right]
2025-04-13 13:53:10 - INFO - Original error line:   norm_num  -- This simplifies 10 * (10 + 1) / 2 % 9 to 1
2025-04-13 13:53:12 - INFO - Testing fix: Original errors: 1, Fixed errors: 1
2025-04-13 13:53:12 - INFO - Result: False (introduced 1 new errors)
2025-04-13 13:53:12 - DEBUG - === New errors detail ===
2025-04-13 13:53:12 - DEBUG - New Error 1: line 21, type: no_goals_to_solve, message: no goals to be solved
2025-04-13 13:53:12 - INFO - Testing fragment: rw [<- add_one_mul]
2025-04-13 13:53:12 - INFO - Original error line:   norm_num  -- This simplifies 10 * (10 + 1) / 2 % 9 to 1
2025-04-13 13:53:16 - INFO - Testing fix: Original errors: 1, Fixed errors: 1
2025-04-13 13:53:16 - INFO - Result: False (introduced 1 new errors)
2025-04-13 13:53:16 - DEBUG - === New errors detail ===
2025-04-13 13:53:16 - DEBUG - New Error 1: line 21, type: no_goals_to_solve, message: no goals to be solved
2025-04-13 13:53:16 - INFO - Testing fragment: rw [<- mul_add_one]
2025-04-13 13:53:16 - INFO - Original error line:   norm_num  -- This simplifies 10 * (10 + 1) / 2 % 9 to 1
2025-04-13 13:55:36 - INFO - Testing fix: Original errors: 1, Fixed errors: 1
2025-04-13 13:55:36 - INFO - Result: False (introduced 1 new errors)
2025-04-13 13:55:36 - DEBUG - === New errors detail ===
2025-04-13 13:55:36 - DEBUG - New Error 1: line 21, type: no_goals_to_solve, message: no goals to be solved
2025-04-13 13:55:36 - INFO - Testing fragment: rw [<- one_add_mul]
2025-04-13 13:55:36 - INFO - Original error line:   norm_num  -- This simplifies 10 * (10 + 1) / 2 % 9 to 1
2025-04-13 13:55:38 - INFO - Testing fix: Original errors: 1, Fixed errors: 1
2025-04-13 13:55:38 - INFO - Result: False (introduced 1 new errors)
2025-04-13 13:55:38 - DEBUG - === New errors detail ===
2025-04-13 13:55:38 - DEBUG - New Error 1: line 21, type: no_goals_to_solve, message: no goals to be solved
2025-04-13 13:55:38 - INFO - Testing fragment: rw [<- mul_one_add]
2025-04-13 13:55:38 - INFO - Original error line:   norm_num  -- This simplifies 10 * (10 + 1) / 2 % 9 to 1
2025-04-13 13:55:40 - INFO - Testing fix: Original errors: 1, Fixed errors: 1
2025-04-13 13:55:40 - INFO - Result: False (introduced 1 new errors)
2025-04-13 13:55:40 - DEBUG - === New errors detail ===
2025-04-13 13:55:40 - DEBUG - New Error 1: line 21, type: no_goals_to_solve, message: no goals to be solved
2025-04-13 13:55:40 - INFO - Testing fragment: rw [<- two_mul]
2025-04-13 13:55:40 - INFO - Original error line:   norm_num  -- This simplifies 10 * (10 + 1) / 2 % 9 to 1
2025-04-13 13:55:42 - INFO - Testing fix: Original errors: 1, Fixed errors: 1
2025-04-13 13:55:42 - INFO - Result: False (introduced 1 new errors)
2025-04-13 13:55:42 - DEBUG - === New errors detail ===
2025-04-13 13:55:42 - DEBUG - New Error 1: line 21, type: no_goals_to_solve, message: no goals to be solved
2025-04-13 13:55:42 - INFO - Testing fragment: rw [<- mul_two]
2025-04-13 13:55:42 - INFO - Original error line:   norm_num  -- This simplifies 10 * (10 + 1) / 2 % 9 to 1
2025-04-13 13:55:44 - INFO - Testing fix: Original errors: 1, Fixed errors: 1
2025-04-13 13:55:44 - INFO - Result: False (introduced 1 new errors)
2025-04-13 13:55:44 - DEBUG - === New errors detail ===
2025-04-13 13:55:44 - DEBUG - New Error 1: line 21, type: no_goals_to_solve, message: no goals to be solved
2025-04-13 13:55:44 - INFO - Testing fragment: rw [<- mul_boole]
2025-04-13 13:55:44 - INFO - Original error line:   norm_num  -- This simplifies 10 * (10 + 1) / 2 % 9 to 1
2025-04-13 13:55:46 - INFO - Testing fix: Original errors: 1, Fixed errors: 1
2025-04-13 13:55:46 - INFO - Result: False (introduced 1 new errors)
2025-04-13 13:55:46 - DEBUG - === New errors detail ===
2025-04-13 13:55:46 - DEBUG - New Error 1: line 21, type: no_goals_to_solve, message: no goals to be solved
2025-04-13 13:55:46 - INFO - Testing fragment: rw [<- boole_mul]
2025-04-13 13:55:46 - INFO - Original error line:   norm_num  -- This simplifies 10 * (10 + 1) / 2 % 9 to 1
2025-04-13 13:55:48 - INFO - Testing fix: Original errors: 1, Fixed errors: 1
2025-04-13 13:55:48 - INFO - Result: False (introduced 1 new errors)
2025-04-13 13:55:48 - DEBUG - === New errors detail ===
2025-04-13 13:55:48 - DEBUG - New Error 1: line 21, type: no_goals_to_solve, message: no goals to be solved
2025-04-13 13:55:48 - INFO - Testing fragment: rw [<- add_mul_self_eq]
2025-04-13 13:55:48 - INFO - Original error line:   norm_num  -- This simplifies 10 * (10 + 1) / 2 % 9 to 1
2025-04-13 13:55:50 - INFO - Testing fix: Original errors: 1, Fixed errors: 1
2025-04-13 13:55:50 - INFO - Result: False (introduced 1 new errors)
2025-04-13 13:55:50 - DEBUG - === New errors detail ===
2025-04-13 13:55:50 - DEBUG - New Error 1: line 21, type: no_goals_to_solve, message: no goals to be solved
2025-04-13 13:55:50 - INFO - Testing fragment: rw [<- neg_mul]
2025-04-13 13:55:50 - INFO - Original error line:   norm_num  -- This simplifies 10 * (10 + 1) / 2 % 9 to 1
2025-04-13 13:55:52 - INFO - Testing fix: Original errors: 1, Fixed errors: 1
2025-04-13 13:55:52 - INFO - Result: False (introduced 1 new errors)
2025-04-13 13:55:52 - DEBUG - === New errors detail ===
2025-04-13 13:55:52 - DEBUG - New Error 1: line 21, type: no_goals_to_solve, message: no goals to be solved
2025-04-13 13:55:52 - INFO - Testing fragment: rw [<- mul_neg]
2025-04-13 13:55:52 - INFO - Original error line:   norm_num  -- This simplifies 10 * (10 + 1) / 2 % 9 to 1
2025-04-13 13:55:54 - INFO - Testing fix: Original errors: 1, Fixed errors: 1
2025-04-13 13:55:54 - INFO - Result: False (introduced 1 new errors)
2025-04-13 13:55:54 - DEBUG - === New errors detail ===
2025-04-13 13:55:54 - DEBUG - New Error 1: line 21, type: no_goals_to_solve, message: no goals to be solved
2025-04-13 13:55:54 - INFO - Testing fragment: rw [<- neg_mul_neg]
2025-04-13 13:55:54 - INFO - Original error line:   norm_num  -- This simplifies 10 * (10 + 1) / 2 % 9 to 1
2025-04-13 13:55:56 - INFO - Testing fix: Original errors: 1, Fixed errors: 1
2025-04-13 13:55:56 - INFO - Result: False (introduced 1 new errors)
2025-04-13 13:55:56 - DEBUG - === New errors detail ===
2025-04-13 13:55:56 - DEBUG - New Error 1: line 21, type: no_goals_to_solve, message: no goals to be solved
2025-04-13 13:55:56 - INFO - Testing fragment: rw [<- neg_mul_eq_neg_mul]
2025-04-13 13:55:56 - INFO - Original error line:   norm_num  -- This simplifies 10 * (10 + 1) / 2 % 9 to 1
2025-04-13 13:55:58 - INFO - Testing fix: Original errors: 1, Fixed errors: 1
2025-04-13 13:55:58 - INFO - Result: False (introduced 1 new errors)
2025-04-13 13:55:58 - DEBUG - === New errors detail ===
2025-04-13 13:55:58 - DEBUG - New Error 1: line 21, type: no_goals_to_solve, message: no goals to be solved
2025-04-13 13:55:58 - INFO - Testing fragment: rw [<- neg_mul_eq_mul_neg]
2025-04-13 13:55:58 - INFO - Original error line:   norm_num  -- This simplifies 10 * (10 + 1) / 2 % 9 to 1
2025-04-13 13:56:00 - INFO - Testing fix: Original errors: 1, Fixed errors: 1
2025-04-13 13:56:00 - INFO - Result: False (introduced 1 new errors)
2025-04-13 13:56:00 - DEBUG - === New errors detail ===
2025-04-13 13:56:00 - DEBUG - New Error 1: line 21, type: no_goals_to_solve, message: no goals to be solved
2025-04-13 13:56:00 - INFO - Testing fragment: rw [<- neg_mul_comm]
2025-04-13 13:56:00 - INFO - Original error line:   norm_num  -- This simplifies 10 * (10 + 1) / 2 % 9 to 1
2025-04-13 13:56:02 - INFO - Testing fix: Original errors: 1, Fixed errors: 1
2025-04-13 13:56:02 - INFO - Result: False (introduced 1 new errors)
2025-04-13 13:56:02 - DEBUG - === New errors detail ===
2025-04-13 13:56:02 - DEBUG - New Error 1: line 21, type: no_goals_to_solve, message: no goals to be solved
2025-04-13 13:56:02 - INFO - Testing fragment: rw [<- neg_eq_neg_one_mul]
2025-04-13 13:56:02 - INFO - Original error line:   norm_num  -- This simplifies 10 * (10 + 1) / 2 % 9 to 1
2025-04-13 13:56:04 - INFO - Testing fix: Original errors: 1, Fixed errors: 1
2025-04-13 13:56:04 - INFO - Result: False (introduced 1 new errors)
2025-04-13 13:56:04 - DEBUG - === New errors detail ===
2025-04-13 13:56:04 - DEBUG - New Error 1: line 21, type: no_goals_to_solve, message: no goals to be solved
2025-04-13 13:56:04 - INFO - Testing fragment: rw [<- mul_neg_one]
2025-04-13 13:56:04 - INFO - Original error line:   norm_num  -- This simplifies 10 * (10 + 1) / 2 % 9 to 1
2025-04-13 13:56:06 - INFO - Testing fix: Original errors: 1, Fixed errors: 1
2025-04-13 13:56:06 - INFO - Result: False (introduced 1 new errors)
2025-04-13 13:56:06 - DEBUG - === New errors detail ===
2025-04-13 13:56:06 - DEBUG - New Error 1: line 21, type: no_goals_to_solve, message: no goals to be solved
2025-04-13 13:56:06 - INFO - Testing fragment: rw [<- neg_one_mul]
2025-04-13 13:56:06 - INFO - Original error line:   norm_num  -- This simplifies 10 * (10 + 1) / 2 % 9 to 1
2025-04-13 13:56:08 - INFO - Testing fix: Original errors: 1, Fixed errors: 1
2025-04-13 13:56:08 - INFO - Result: False (introduced 1 new errors)
2025-04-13 13:56:08 - DEBUG - === New errors detail ===
2025-04-13 13:56:08 - DEBUG - New Error 1: line 21, type: no_goals_to_solve, message: no goals to be solved
2025-04-13 13:56:08 - INFO - Testing fragment: rw [<- mul_sub_left_distrib]
2025-04-13 13:56:08 - INFO - Original error line:   norm_num  -- This simplifies 10 * (10 + 1) / 2 % 9 to 1
2025-04-13 13:56:10 - INFO - Testing fix: Original errors: 1, Fixed errors: 1
2025-04-13 13:56:10 - INFO - Result: False (introduced 1 new errors)
2025-04-13 13:56:10 - DEBUG - === New errors detail ===
2025-04-13 13:56:10 - DEBUG - New Error 1: line 21, type: no_goals_to_solve, message: no goals to be solved
2025-04-13 13:56:10 - INFO - Testing fragment: rw [<- mul_sub_right_distrib]
2025-04-13 13:56:10 - INFO - Original error line:   norm_num  -- This simplifies 10 * (10 + 1) / 2 % 9 to 1
2025-04-13 13:56:12 - INFO - Testing fix: Original errors: 1, Fixed errors: 1
2025-04-13 13:56:12 - INFO - Result: False (introduced 1 new errors)
2025-04-13 13:56:12 - DEBUG - === New errors detail ===
2025-04-13 13:56:12 - DEBUG - New Error 1: line 21, type: no_goals_to_solve, message: no goals to be solved
2025-04-13 13:56:12 - INFO - Testing fragment: rw [<- sub_one_mul]
2025-04-13 13:56:12 - INFO - Original error line:   norm_num  -- This simplifies 10 * (10 + 1) / 2 % 9 to 1
2025-04-13 13:56:14 - INFO - Testing fix: Original errors: 1, Fixed errors: 1
2025-04-13 13:56:14 - INFO - Result: False (introduced 1 new errors)
2025-04-13 13:56:14 - DEBUG - === New errors detail ===
2025-04-13 13:56:14 - DEBUG - New Error 1: line 21, type: no_goals_to_solve, message: no goals to be solved
2025-04-13 13:56:14 - INFO - Testing fragment: rw [<- mul_sub_one]
2025-04-13 13:56:14 - INFO - Original error line:   norm_num  -- This simplifies 10 * (10 + 1) / 2 % 9 to 1
2025-04-13 13:56:16 - INFO - Testing fix: Original errors: 1, Fixed errors: 1
2025-04-13 13:56:16 - INFO - Result: False (introduced 1 new errors)
2025-04-13 13:56:16 - DEBUG - === New errors detail ===
2025-04-13 13:56:16 - DEBUG - New Error 1: line 21, type: no_goals_to_solve, message: no goals to be solved
2025-04-13 13:56:16 - INFO - Testing fragment: rw [<- one_sub_mul]
2025-04-13 13:56:16 - INFO - Original error line:   norm_num  -- This simplifies 10 * (10 + 1) / 2 % 9 to 1
2025-04-13 13:56:18 - INFO - Testing fix: Original errors: 1, Fixed errors: 1
2025-04-13 13:56:18 - INFO - Result: False (introduced 1 new errors)
2025-04-13 13:56:18 - DEBUG - === New errors detail ===
2025-04-13 13:56:18 - DEBUG - New Error 1: line 21, type: no_goals_to_solve, message: no goals to be solved
2025-04-13 13:56:18 - INFO - Testing fragment: rw [<- mul_one_sub]
2025-04-13 13:56:18 - INFO - Original error line:   norm_num  -- This simplifies 10 * (10 + 1) / 2 % 9 to 1
2025-04-13 13:56:20 - INFO - Testing fix: Original errors: 1, Fixed errors: 1
2025-04-13 13:56:20 - INFO - Result: False (introduced 1 new errors)
2025-04-13 13:56:20 - DEBUG - === New errors detail ===
2025-04-13 13:56:20 - DEBUG - New Error 1: line 21, type: no_goals_to_solve, message: no goals to be solved
2025-04-13 13:56:20 - INFO - Testing fragment: rw [<- mul_left_cancel]
2025-04-13 13:56:20 - INFO - Original error line:   norm_num  -- This simplifies 10 * (10 + 1) / 2 % 9 to 1
2025-04-13 13:56:22 - INFO - Testing fix: Original errors: 1, Fixed errors: 1
2025-04-13 13:56:22 - INFO - Result: False (introduced 1 new errors)
2025-04-13 13:56:22 - DEBUG - === New errors detail ===
2025-04-13 13:56:22 - DEBUG - New Error 1: line 21, type: no_goals_to_solve, message: no goals to be solved
2025-04-13 13:56:22 - INFO - Testing fragment: rw [<- mul_left_cancel_iff]
2025-04-13 13:56:22 - INFO - Original error line:   norm_num  -- This simplifies 10 * (10 + 1) / 2 % 9 to 1
2025-04-13 13:56:24 - INFO - Testing fix: Original errors: 1, Fixed errors: 1
2025-04-13 13:56:24 - INFO - Result: False (introduced 1 new errors)
2025-04-13 13:56:24 - DEBUG - === New errors detail ===
2025-04-13 13:56:24 - DEBUG - New Error 1: line 21, type: no_goals_to_solve, message: no goals to be solved
2025-04-13 13:56:24 - INFO - Testing fragment: rw [<- mul_right_injective]
2025-04-13 13:56:24 - INFO - Original error line:   norm_num  -- This simplifies 10 * (10 + 1) / 2 % 9 to 1
2025-04-13 13:56:26 - INFO - Testing fix: Original errors: 1, Fixed errors: 1
2025-04-13 13:56:26 - INFO - Result: False (introduced 1 new errors)
2025-04-13 13:56:26 - DEBUG - === New errors detail ===
2025-04-13 13:56:26 - DEBUG - New Error 1: line 21, type: no_goals_to_solve, message: no goals to be solved
2025-04-13 13:56:26 - INFO - Testing fragment: rw [<- mul_right_inj]
2025-04-13 13:56:26 - INFO - Original error line:   norm_num  -- This simplifies 10 * (10 + 1) / 2 % 9 to 1
2025-04-13 13:56:28 - INFO - Testing fix: Original errors: 1, Fixed errors: 1
2025-04-13 13:56:28 - INFO - Result: False (introduced 1 new errors)
2025-04-13 13:56:28 - DEBUG - === New errors detail ===
2025-04-13 13:56:28 - DEBUG - New Error 1: line 21, type: no_goals_to_solve, message: no goals to be solved
2025-04-13 13:56:28 - INFO - Testing fragment: rw [<- mul_ne_mul_right]
2025-04-13 13:56:28 - INFO - Original error line:   norm_num  -- This simplifies 10 * (10 + 1) / 2 % 9 to 1
2025-04-13 13:56:30 - INFO - Testing fix: Original errors: 1, Fixed errors: 1
2025-04-13 13:56:30 - INFO - Result: False (introduced 1 new errors)
2025-04-13 13:56:30 - DEBUG - === New errors detail ===
2025-04-13 13:56:30 - DEBUG - New Error 1: line 21, type: no_goals_to_solve, message: no goals to be solved
2025-04-13 13:56:30 - INFO - Testing fragment: rw [<- mul_right_cancel]
2025-04-13 13:56:30 - INFO - Original error line:   norm_num  -- This simplifies 10 * (10 + 1) / 2 % 9 to 1
2025-04-13 13:56:32 - INFO - Testing fix: Original errors: 1, Fixed errors: 1
2025-04-13 13:56:32 - INFO - Result: False (introduced 1 new errors)
2025-04-13 13:56:32 - DEBUG - === New errors detail ===
2025-04-13 13:56:32 - DEBUG - New Error 1: line 21, type: no_goals_to_solve, message: no goals to be solved
2025-04-13 13:56:32 - INFO - Testing fragment: rw [<- mul_right_cancel_iff]
2025-04-13 13:56:32 - INFO - Original error line:   norm_num  -- This simplifies 10 * (10 + 1) / 2 % 9 to 1
2025-04-13 13:56:34 - INFO - Testing fix: Original errors: 1, Fixed errors: 1
2025-04-13 13:56:34 - INFO - Result: False (introduced 1 new errors)
2025-04-13 13:56:34 - DEBUG - === New errors detail ===
2025-04-13 13:56:34 - DEBUG - New Error 1: line 21, type: no_goals_to_solve, message: no goals to be solved
2025-04-13 13:56:34 - INFO - Testing fragment: rw [<- mul_left_injective]
2025-04-13 13:56:34 - INFO - Original error line:   norm_num  -- This simplifies 10 * (10 + 1) / 2 % 9 to 1
2025-04-13 13:56:36 - INFO - Testing fix: Original errors: 1, Fixed errors: 1
2025-04-13 13:56:36 - INFO - Result: False (introduced 1 new errors)
2025-04-13 13:56:36 - DEBUG - === New errors detail ===
2025-04-13 13:56:36 - DEBUG - New Error 1: line 21, type: no_goals_to_solve, message: no goals to be solved
2025-04-13 13:56:36 - INFO - Testing fragment: rw [<- mul_left_inj]
2025-04-13 13:56:36 - INFO - Original error line:   norm_num  -- This simplifies 10 * (10 + 1) / 2 % 9 to 1
2025-04-13 13:56:38 - INFO - Testing fix: Original errors: 1, Fixed errors: 1
2025-04-13 13:56:38 - INFO - Result: False (introduced 1 new errors)
2025-04-13 13:56:38 - DEBUG - === New errors detail ===
2025-04-13 13:56:38 - DEBUG - New Error 1: line 21, type: no_goals_to_solve, message: no goals to be solved
2025-04-13 13:56:38 - INFO - Testing fragment: rw [<- mul_ne_mul_left]
2025-04-13 13:56:38 - INFO - Original error line:   norm_num  -- This simplifies 10 * (10 + 1) / 2 % 9 to 1
2025-04-13 13:56:40 - INFO - Testing fix: Original errors: 1, Fixed errors: 1
2025-04-13 13:56:40 - INFO - Result: False (introduced 1 new errors)
2025-04-13 13:56:40 - DEBUG - === New errors detail ===
2025-04-13 13:56:40 - DEBUG - New Error 1: line 21, type: no_goals_to_solve, message: no goals to be solved
2025-04-13 13:56:40 - INFO - Testing fragment: rw [<- mul_assoc]
2025-04-13 13:56:40 - INFO - Original error line:   norm_num  -- This simplifies 10 * (10 + 1) / 2 % 9 to 1
2025-04-13 13:56:42 - INFO - Testing fix: Original errors: 1, Fixed errors: 1
2025-04-13 13:56:42 - INFO - Result: False (introduced 1 new errors)
2025-04-13 13:56:42 - DEBUG - === New errors detail ===
2025-04-13 13:56:42 - DEBUG - New Error 1: line 21, type: no_goals_to_solve, message: no goals to be solved
2025-04-13 13:56:42 - INFO - Testing fragment: rw [<- mul_comm]
2025-04-13 13:56:42 - INFO - Original error line:   norm_num  -- This simplifies 10 * (10 + 1) / 2 % 9 to 1
2025-04-13 13:56:44 - INFO - Testing fix: Original errors: 1, Fixed errors: 1
2025-04-13 13:56:44 - INFO - Result: False (introduced 1 new errors)
2025-04-13 13:56:44 - DEBUG - === New errors detail ===
2025-04-13 13:56:44 - DEBUG - New Error 1: line 21, type: no_goals_to_solve, message: no goals to be solved
2025-04-13 13:56:44 - INFO - Testing fragment: rw [<- MulOneClass]
2025-04-13 13:56:44 - INFO - Original error line:   norm_num  -- This simplifies 10 * (10 + 1) / 2 % 9 to 1
2025-04-13 13:56:46 - INFO - Testing fix: Original errors: 1, Fixed errors: 1
2025-04-13 13:56:46 - INFO - Result: False (introduced 1 new errors)
2025-04-13 13:56:46 - DEBUG - === New errors detail ===
2025-04-13 13:56:46 - DEBUG - New Error 1: line 21, type: no_goals_to_solve, message: no goals to be solved
2025-04-13 13:56:46 - INFO - Testing fragment: rw [<- one_mul]
2025-04-13 13:56:46 - INFO - Original error line:   norm_num  -- This simplifies 10 * (10 + 1) / 2 % 9 to 1
2025-04-13 13:56:48 - INFO - Testing fix: Original errors: 1, Fixed errors: 1
2025-04-13 13:56:48 - INFO - Result: False (introduced 1 new errors)
2025-04-13 13:56:48 - DEBUG - === New errors detail ===
2025-04-13 13:56:48 - DEBUG - New Error 1: line 21, type: no_goals_to_solve, message: no goals to be solved
2025-04-13 13:56:48 - INFO - Testing fragment: rw [<- mul_one]
2025-04-13 13:56:48 - INFO - Original error line:   norm_num  -- This simplifies 10 * (10 + 1) / 2 % 9 to 1
2025-04-13 13:56:50 - INFO - Testing fix: Original errors: 1, Fixed errors: 1
2025-04-13 13:56:50 - INFO - Result: False (introduced 1 new errors)
2025-04-13 13:56:50 - DEBUG - === New errors detail ===
2025-04-13 13:56:50 - DEBUG - New Error 1: line 21, type: no_goals_to_solve, message: no goals to be solved
2025-04-13 13:56:50 - INFO - Testing fragment: rw [<- npowRec_add]
2025-04-13 13:56:50 - INFO - Original error line:   norm_num  -- This simplifies 10 * (10 + 1) / 2 % 9 to 1
2025-04-13 13:56:52 - INFO - Testing fix: Original errors: 1, Fixed errors: 1
2025-04-13 13:56:52 - INFO - Result: False (introduced 1 new errors)
2025-04-13 13:56:52 - DEBUG - === New errors detail ===
2025-04-13 13:56:52 - DEBUG - New Error 1: line 21, type: no_goals_to_solve, message: no goals to be solved
2025-04-13 13:56:52 - INFO - Testing fragment: rw [<- npowRec_succ]
2025-04-13 13:56:52 - INFO - Original error line:   norm_num  -- This simplifies 10 * (10 + 1) / 2 % 9 to 1
2025-04-13 13:56:54 - INFO - Testing fix: Original errors: 1, Fixed errors: 1
2025-04-13 13:56:54 - INFO - Result: False (introduced 1 new errors)
2025-04-13 13:56:54 - DEBUG - === New errors detail ===
2025-04-13 13:56:54 - DEBUG - New Error 1: line 21, type: no_goals_to_solve, message: no goals to be solved
2025-04-13 13:56:54 - INFO - Testing fragment: rw [<- npowRec'_succ]
2025-04-13 13:56:54 - INFO - Original error line:   norm_num  -- This simplifies 10 * (10 + 1) / 2 % 9 to 1
2025-04-13 13:56:56 - INFO - Testing fix: Original errors: 1, Fixed errors: 1
2025-04-13 13:56:56 - INFO - Result: False (introduced 1 new errors)
2025-04-13 13:56:56 - DEBUG - === New errors detail ===
2025-04-13 13:56:56 - DEBUG - New Error 1: line 21, type: no_goals_to_solve, message: no goals to be solved
2025-04-13 13:56:56 - INFO - Testing fragment: rw [<- npowRec'_two_mul]
2025-04-13 13:56:56 - INFO - Original error line:   norm_num  -- This simplifies 10 * (10 + 1) / 2 % 9 to 1
2025-04-13 13:56:58 - INFO - Testing fix: Original errors: 1, Fixed errors: 1
2025-04-13 13:56:58 - INFO - Result: False (introduced 1 new errors)
2025-04-13 13:56:58 - DEBUG - === New errors detail ===
2025-04-13 13:56:58 - DEBUG - New Error 1: line 21, type: no_goals_to_solve, message: no goals to be solved
2025-04-13 13:56:58 - INFO - Testing fragment: rw [<- npowRec'_mul_comm]
2025-04-13 13:56:58 - INFO - Original error line:   norm_num  -- This simplifies 10 * (10 + 1) / 2 % 9 to 1
2025-04-13 13:59:27 - INFO - Testing fix: Original errors: 1, Fixed errors: 1
2025-04-13 13:59:27 - INFO - Result: False (introduced 1 new errors)
2025-04-13 13:59:27 - DEBUG - === New errors detail ===
2025-04-13 13:59:27 - DEBUG - New Error 1: line 21, type: no_goals_to_solve, message: no goals to be solved
2025-04-13 13:59:27 - INFO - Testing fragment: rw [<- npowRec_eq]
2025-04-13 13:59:27 - INFO - Original error line:   norm_num  -- This simplifies 10 * (10 + 1) / 2 % 9 to 1
2025-04-13 13:59:29 - INFO - Testing fix: Original errors: 1, Fixed errors: 1
2025-04-13 13:59:29 - INFO - Result: False (introduced 1 new errors)
2025-04-13 13:59:29 - DEBUG - === New errors detail ===
2025-04-13 13:59:29 - DEBUG - New Error 1: line 21, type: no_goals_to_solve, message: no goals to be solved
2025-04-13 13:59:29 - INFO - Testing fragment: rw [<- npowBinRec]
2025-04-13 13:59:29 - INFO - Original error line:   norm_num  -- This simplifies 10 * (10 + 1) / 2 % 9 to 1
2025-04-13 13:59:31 - INFO - Testing fix: Original errors: 1, Fixed errors: 1
2025-04-13 13:59:31 - INFO - Result: False (introduced 1 new errors)
2025-04-13 13:59:31 - DEBUG - === New errors detail ===
2025-04-13 13:59:31 - DEBUG - New Error 1: line 21, type: no_goals_to_solve, message: no goals to be solved
2025-04-13 13:59:31 - INFO - Testing fragment: rw [<- npowRec_eq_npowBinRec]
2025-04-13 13:59:31 - INFO - Original error line:   norm_num  -- This simplifies 10 * (10 + 1) / 2 % 9 to 1
2025-04-13 13:59:33 - INFO - Testing fix: Original errors: 1, Fixed errors: 1
2025-04-13 13:59:33 - INFO - Result: False (introduced 1 new errors)
2025-04-13 13:59:33 - DEBUG - === New errors detail ===
2025-04-13 13:59:33 - DEBUG - New Error 1: line 21, type: no_goals_to_solve, message: no goals to be solved
2025-04-13 13:59:33 - INFO - Testing fragment: rw [<- npow_eq_pow]
2025-04-13 13:59:33 - INFO - Original error line:   norm_num  -- This simplifies 10 * (10 + 1) / 2 % 9 to 1
2025-04-13 13:59:35 - INFO - Testing fix: Original errors: 1, Fixed errors: 1
2025-04-13 13:59:35 - INFO - Result: False (introduced 1 new errors)
2025-04-13 13:59:35 - DEBUG - === New errors detail ===
2025-04-13 13:59:35 - DEBUG - New Error 1: line 21, type: no_goals_to_solve, message: no goals to be solved
2025-04-13 13:59:35 - INFO - Testing fragment: rw [<- pow_zero]
2025-04-13 13:59:35 - INFO - Original error line:   norm_num  -- This simplifies 10 * (10 + 1) / 2 % 9 to 1
2025-04-13 13:59:37 - INFO - Testing fix: Original errors: 1, Fixed errors: 1
2025-04-13 13:59:37 - INFO - Result: False (introduced 1 new errors)
2025-04-13 13:59:37 - DEBUG - === New errors detail ===
2025-04-13 13:59:37 - DEBUG - New Error 1: line 21, type: no_goals_to_solve, message: no goals to be solved
2025-04-13 13:59:37 - INFO - Testing fragment: rw [<- pow_succ]
2025-04-13 13:59:37 - INFO - Original error line:   norm_num  -- This simplifies 10 * (10 + 1) / 2 % 9 to 1
2025-04-13 13:59:39 - INFO - Testing fix: Original errors: 1, Fixed errors: 1
2025-04-13 13:59:39 - INFO - Result: False (introduced 1 new errors)
2025-04-13 13:59:39 - DEBUG - === New errors detail ===
2025-04-13 13:59:39 - DEBUG - New Error 1: line 21, type: no_goals_to_solve, message: no goals to be solved
2025-04-13 13:59:39 - INFO - Testing fragment: rw [<- inv_inv]
2025-04-13 13:59:39 - INFO - Original error line:   norm_num  -- This simplifies 10 * (10 + 1) / 2 % 9 to 1
2025-04-13 13:59:41 - INFO - Testing fix: Original errors: 1, Fixed errors: 1
2025-04-13 13:59:41 - INFO - Result: False (introduced 1 new errors)
2025-04-13 13:59:41 - DEBUG - === New errors detail ===
2025-04-13 13:59:41 - DEBUG - New Error 1: line 21, type: no_goals_to_solve, message: no goals to be solved
2025-04-13 13:59:41 - INFO - Testing fragment: rw [<- exists_zpow_surjective]
2025-04-13 13:59:41 - INFO - Original error line:   norm_num  -- This simplifies 10 * (10 + 1) / 2 % 9 to 1
2025-04-13 13:59:43 - INFO - Testing fix: Original errors: 1, Fixed errors: 1
2025-04-13 13:59:43 - INFO - Result: False (introduced 1 new errors)
2025-04-13 13:59:43 - DEBUG - === New errors detail ===
2025-04-13 13:59:43 - DEBUG - New Error 1: line 21, type: no_goals_to_solve, message: no goals to be solved
2025-04-13 13:59:43 - INFO - Testing fragment: rw [<- zpow_eq_pow]
2025-04-13 13:59:43 - INFO - Original error line:   norm_num  -- This simplifies 10 * (10 + 1) / 2 % 9 to 1
2025-04-13 13:59:45 - INFO - Testing fix: Original errors: 1, Fixed errors: 1
2025-04-13 13:59:45 - INFO - Result: False (introduced 1 new errors)
2025-04-13 13:59:45 - DEBUG - === New errors detail ===
2025-04-13 13:59:45 - DEBUG - New Error 1: line 21, type: no_goals_to_solve, message: no goals to be solved
2025-04-13 13:59:45 - INFO - Testing fragment: rw [<- zpow_zero]
2025-04-13 13:59:45 - INFO - Original error line:   norm_num  -- This simplifies 10 * (10 + 1) / 2 % 9 to 1
2025-04-13 13:59:47 - INFO - Testing fix: Original errors: 1, Fixed errors: 1
2025-04-13 13:59:47 - INFO - Result: False (introduced 1 new errors)
2025-04-13 13:59:47 - DEBUG - === New errors detail ===
2025-04-13 13:59:47 - DEBUG - New Error 1: line 21, type: no_goals_to_solve, message: no goals to be solved
2025-04-13 13:59:47 - INFO - Testing fragment: rw [<- zpow_natCast]
2025-04-13 13:59:47 - INFO - Original error line:   norm_num  -- This simplifies 10 * (10 + 1) / 2 % 9 to 1
2025-04-13 13:59:49 - INFO - Testing fix: Original errors: 1, Fixed errors: 1
2025-04-13 13:59:49 - INFO - Result: False (introduced 1 new errors)
2025-04-13 13:59:49 - DEBUG - === New errors detail ===
2025-04-13 13:59:49 - DEBUG - New Error 1: line 21, type: no_goals_to_solve, message: no goals to be solved
2025-04-13 13:59:49 - INFO - Testing fragment: rw [<- zpow_negSucc]
2025-04-13 13:59:49 - INFO - Original error line:   norm_num  -- This simplifies 10 * (10 + 1) / 2 % 9 to 1
2025-04-13 13:59:51 - INFO - Testing fix: Original errors: 1, Fixed errors: 1
2025-04-13 13:59:51 - INFO - Result: False (introduced 1 new errors)
2025-04-13 13:59:51 - DEBUG - === New errors detail ===
2025-04-13 13:59:51 - DEBUG - New Error 1: line 21, type: no_goals_to_solve, message: no goals to be solved
2025-04-13 13:59:51 - INFO - Testing fragment: rw [<- negSucc_zsmul]
2025-04-13 13:59:51 - INFO - Original error line:   norm_num  -- This simplifies 10 * (10 + 1) / 2 % 9 to 1
2025-04-13 13:59:53 - INFO - Testing fix: Original errors: 1, Fixed errors: 1
2025-04-13 13:59:53 - INFO - Result: False (introduced 1 new errors)
2025-04-13 13:59:53 - DEBUG - === New errors detail ===
2025-04-13 13:59:53 - DEBUG - New Error 1: line 21, type: no_goals_to_solve, message: no goals to be solved
2025-04-13 13:59:53 - INFO - Testing fragment: rw [<- div_eq_mul_inv]
2025-04-13 13:59:53 - INFO - Original error line:   norm_num  -- This simplifies 10 * (10 + 1) / 2 % 9 to 1
2025-04-13 13:59:55 - INFO - Testing fix: Original errors: 1, Fixed errors: 1
2025-04-13 13:59:55 - INFO - Result: False (introduced 1 new errors)
2025-04-13 13:59:55 - DEBUG - === New errors detail ===
2025-04-13 13:59:55 - DEBUG - New Error 1: line 21, type: no_goals_to_solve, message: no goals to be solved
2025-04-13 13:59:55 - INFO - Testing fragment: rw [<- inv_eq_one_div]
2025-04-13 13:59:55 - INFO - Original error line:   norm_num  -- This simplifies 10 * (10 + 1) / 2 % 9 to 1
2025-04-13 13:59:57 - INFO - Testing fix: Original errors: 1, Fixed errors: 1
2025-04-13 13:59:57 - INFO - Result: False (introduced 1 new errors)
2025-04-13 13:59:57 - DEBUG - === New errors detail ===
2025-04-13 13:59:57 - DEBUG - New Error 1: line 21, type: no_goals_to_solve, message: no goals to be solved
2025-04-13 13:59:57 - INFO - Testing fragment: rw [<- mul_div_assoc]
2025-04-13 13:59:57 - INFO - Original error line:   norm_num  -- This simplifies 10 * (10 + 1) / 2 % 9 to 1
2025-04-13 13:59:59 - INFO - Testing fix: Original errors: 1, Fixed errors: 1
2025-04-13 13:59:59 - INFO - Result: False (introduced 1 new errors)
2025-04-13 13:59:59 - DEBUG - === New errors detail ===
2025-04-13 13:59:59 - DEBUG - New Error 1: line 21, type: no_goals_to_solve, message: no goals to be solved
2025-04-13 13:59:59 - INFO - Testing fragment: rw [<- one_div]
2025-04-13 13:59:59 - INFO - Original error line:   norm_num  -- This simplifies 10 * (10 + 1) / 2 % 9 to 1
2025-04-13 14:00:01 - INFO - Testing fix: Original errors: 1, Fixed errors: 1
2025-04-13 14:00:01 - INFO - Result: False (introduced 1 new errors)
2025-04-13 14:00:01 - DEBUG - === New errors detail ===
2025-04-13 14:00:01 - DEBUG - New Error 1: line 21, type: no_goals_to_solve, message: no goals to be solved
2025-04-13 14:00:01 - INFO - Testing fragment: rw [<- inv_one]
2025-04-13 14:00:01 - INFO - Original error line:   norm_num  -- This simplifies 10 * (10 + 1) / 2 % 9 to 1
2025-04-13 14:00:03 - INFO - Testing fix: Original errors: 1, Fixed errors: 1
2025-04-13 14:00:03 - INFO - Result: False (introduced 1 new errors)
2025-04-13 14:00:03 - DEBUG - === New errors detail ===
2025-04-13 14:00:03 - DEBUG - New Error 1: line 21, type: no_goals_to_solve, message: no goals to be solved
2025-04-13 14:00:03 - INFO - Testing fragment: rw [<- mul_inv_rev]
2025-04-13 14:00:03 - INFO - Original error line:   norm_num  -- This simplifies 10 * (10 + 1) / 2 % 9 to 1
2025-04-13 14:00:05 - INFO - Testing fix: Original errors: 1, Fixed errors: 1
2025-04-13 14:00:05 - INFO - Result: False (introduced 1 new errors)
2025-04-13 14:00:05 - DEBUG - === New errors detail ===
2025-04-13 14:00:05 - DEBUG - New Error 1: line 21, type: no_goals_to_solve, message: no goals to be solved
2025-04-13 14:00:05 - INFO - Testing fragment: rw [<- inv_eq_of_mul_eq_one_right]
2025-04-13 14:00:05 - INFO - Original error line:   norm_num  -- This simplifies 10 * (10 + 1) / 2 % 9 to 1
2025-04-13 14:00:07 - INFO - Testing fix: Original errors: 1, Fixed errors: 1
2025-04-13 14:00:07 - INFO - Result: False (introduced 1 new errors)
2025-04-13 14:00:07 - DEBUG - === New errors detail ===
2025-04-13 14:00:07 - DEBUG - New Error 1: line 21, type: no_goals_to_solve, message: no goals to be solved
2025-04-13 14:00:07 - INFO - Testing fragment: rw [<- inv_eq_of_mul_eq_one_left]
2025-04-13 14:00:07 - INFO - Original error line:   norm_num  -- This simplifies 10 * (10 + 1) / 2 % 9 to 1
2025-04-13 14:00:09 - INFO - Testing fix: Original errors: 1, Fixed errors: 1
2025-04-13 14:00:09 - INFO - Result: False (introduced 1 new errors)
2025-04-13 14:00:09 - DEBUG - === New errors detail ===
2025-04-13 14:00:09 - DEBUG - New Error 1: line 21, type: no_goals_to_solve, message: no goals to be solved
2025-04-13 14:00:09 - INFO - Testing fragment: rw [<- eq_inv_of_mul_eq_one_left]
2025-04-13 14:00:09 - INFO - Original error line:   norm_num  -- This simplifies 10 * (10 + 1) / 2 % 9 to 1
2025-04-13 14:00:11 - INFO - Testing fix: Original errors: 1, Fixed errors: 1
2025-04-13 14:00:11 - INFO - Result: False (introduced 1 new errors)
2025-04-13 14:00:11 - DEBUG - === New errors detail ===
2025-04-13 14:00:11 - DEBUG - New Error 1: line 21, type: no_goals_to_solve, message: no goals to be solved
2025-04-13 14:00:11 - INFO - Testing fragment: rw [<- inv_mul_cancel]
2025-04-13 14:00:11 - INFO - Original error line:   norm_num  -- This simplifies 10 * (10 + 1) / 2 % 9 to 1
2025-04-13 14:00:13 - INFO - Testing fix: Original errors: 1, Fixed errors: 1
2025-04-13 14:00:13 - INFO - Result: False (introduced 1 new errors)
2025-04-13 14:00:13 - DEBUG - === New errors detail ===
2025-04-13 14:00:13 - DEBUG - New Error 1: line 21, type: no_goals_to_solve, message: no goals to be solved
2025-04-13 14:00:13 - INFO - Testing fragment: rw [<- inv_eq_of_mul]
2025-04-13 14:00:13 - INFO - Original error line:   norm_num  -- This simplifies 10 * (10 + 1) / 2 % 9 to 1
2025-04-13 14:00:15 - INFO - Testing fix: Original errors: 1, Fixed errors: 1
2025-04-13 14:00:15 - INFO - Result: False (introduced 1 new errors)
2025-04-13 14:00:15 - DEBUG - === New errors detail ===
2025-04-13 14:00:15 - DEBUG - New Error 1: line 21, type: no_goals_to_solve, message: no goals to be solved
2025-04-13 14:00:15 - INFO - Testing fragment: rw [<- mul_inv_cancel]
2025-04-13 14:00:15 - INFO - Original error line:   norm_num  -- This simplifies 10 * (10 + 1) / 2 % 9 to 1
2025-04-13 14:00:17 - INFO - Testing fix: Original errors: 1, Fixed errors: 1
2025-04-13 14:00:17 - INFO - Result: False (introduced 1 new errors)
2025-04-13 14:00:17 - DEBUG - === New errors detail ===
2025-04-13 14:00:17 - DEBUG - New Error 1: line 21, type: no_goals_to_solve, message: no goals to be solved
2025-04-13 14:00:17 - INFO - Testing fragment: rw [<- div_self']
2025-04-13 14:00:17 - INFO - Original error line:   norm_num  -- This simplifies 10 * (10 + 1) / 2 % 9 to 1
2025-04-13 14:00:19 - INFO - Testing fix: Original errors: 1, Fixed errors: 1
2025-04-13 14:00:19 - INFO - Result: False (introduced 1 new errors)
2025-04-13 14:00:19 - DEBUG - === New errors detail ===
2025-04-13 14:00:19 - DEBUG - New Error 1: line 21, type: no_goals_to_solve, message: no goals to be solved
2025-04-13 14:00:19 - INFO - Testing fragment: rw [<- inv_mul_cancel_left]
2025-04-13 14:00:19 - INFO - Original error line:   norm_num  -- This simplifies 10 * (10 + 1) / 2 % 9 to 1
2025-04-13 14:00:21 - INFO - Testing fix: Original errors: 1, Fixed errors: 1
2025-04-13 14:00:21 - INFO - Result: False (introduced 1 new errors)
2025-04-13 14:00:21 - DEBUG - === New errors detail ===
2025-04-13 14:00:21 - DEBUG - New Error 1: line 21, type: no_goals_to_solve, message: no goals to be solved
2025-04-13 14:00:21 - INFO - Testing fragment: rw [<- mul_inv_cancel_left]
2025-04-13 14:00:21 - INFO - Original error line:   norm_num  -- This simplifies 10 * (10 + 1) / 2 % 9 to 1
2025-04-13 14:00:23 - INFO - Testing fix: Original errors: 1, Fixed errors: 1
2025-04-13 14:00:23 - INFO - Result: False (introduced 1 new errors)
2025-04-13 14:00:23 - DEBUG - === New errors detail ===
2025-04-13 14:00:23 - DEBUG - New Error 1: line 21, type: no_goals_to_solve, message: no goals to be solved
2025-04-13 14:00:23 - INFO - Testing fragment: rw [<- mul_inv_cancel_right]
2025-04-13 14:00:23 - INFO - Original error line:   norm_num  -- This simplifies 10 * (10 + 1) / 2 % 9 to 1
2025-04-13 14:00:25 - INFO - Testing fix: Original errors: 1, Fixed errors: 1
2025-04-13 14:00:25 - INFO - Result: False (introduced 1 new errors)
2025-04-13 14:00:25 - DEBUG - === New errors detail ===
2025-04-13 14:00:25 - DEBUG - New Error 1: line 21, type: no_goals_to_solve, message: no goals to be solved
2025-04-13 14:00:25 - INFO - Testing fragment: rw [<- mul_div_cancel_right]
2025-04-13 14:00:25 - INFO - Original error line:   norm_num  -- This simplifies 10 * (10 + 1) / 2 % 9 to 1
2025-04-13 14:00:27 - INFO - Testing fix: Original errors: 1, Fixed errors: 1
2025-04-13 14:00:27 - INFO - Result: False (introduced 1 new errors)
2025-04-13 14:00:27 - DEBUG - === New errors detail ===
2025-04-13 14:00:27 - DEBUG - New Error 1: line 21, type: no_goals_to_solve, message: no goals to be solved
2025-04-13 14:00:27 - INFO - Testing fragment: rw [<- inv_mul_cancel_right]
2025-04-13 14:00:27 - INFO - Original error line:   norm_num  -- This simplifies 10 * (10 + 1) / 2 % 9 to 1
2025-04-13 14:00:29 - INFO - Testing fix: Original errors: 1, Fixed errors: 1
2025-04-13 14:00:29 - INFO - Result: False (introduced 1 new errors)
2025-04-13 14:00:29 - DEBUG - === New errors detail ===
2025-04-13 14:00:29 - DEBUG - New Error 1: line 21, type: no_goals_to_solve, message: no goals to be solved
2025-04-13 14:00:29 - INFO - Testing fragment: rw [<- div_mul_cancel]
2025-04-13 14:00:29 - INFO - Original error line:   norm_num  -- This simplifies 10 * (10 + 1) / 2 % 9 to 1
2025-04-13 14:00:31 - INFO - Testing fix: Original errors: 1, Fixed errors: 1
2025-04-13 14:00:31 - INFO - Result: False (introduced 1 new errors)
2025-04-13 14:00:31 - DEBUG - === New errors detail ===
2025-04-13 14:00:31 - DEBUG - New Error 1: line 21, type: no_goals_to_solve, message: no goals to be solved
2025-04-13 14:00:31 - INFO - Testing fragment: simp
2025-04-13 14:00:31 - INFO - Original error line:   norm_num  -- This simplifies 10 * (10 + 1) / 2 % 9 to 1
2025-04-13 14:00:33 - INFO - Testing fix: Original errors: 1, Fixed errors: 1
2025-04-13 14:00:33 - INFO - Result: False (introduced 1 new errors)
2025-04-13 14:00:33 - DEBUG - === New errors detail ===
2025-04-13 14:00:33 - DEBUG - New Error 1: line 21, type: no_goals_to_solve, message: no goals to be solved
2025-04-13 14:00:33 - INFO - Testing fragment: field_simp
2025-04-13 14:00:33 - INFO - Original error line:   norm_num  -- This simplifies 10 * (10 + 1) / 2 % 9 to 1
2025-04-13 14:00:35 - INFO - Testing fix: Original errors: 1, Fixed errors: 1
2025-04-13 14:00:35 - INFO - Result: False (introduced 1 new errors)
2025-04-13 14:00:35 - DEBUG - === New errors detail ===
2025-04-13 14:00:35 - DEBUG - New Error 1: line 21, type: no_goals_to_solve, message: no goals to be solved
2025-04-13 14:00:35 - INFO - Testing fragment: norm_num
2025-04-13 14:00:35 - INFO - Original error line:   norm_num  -- This simplifies 10 * (10 + 1) / 2 % 9 to 1
2025-04-13 14:00:37 - INFO - Testing fix: Original errors: 1, Fixed errors: 1
2025-04-13 14:00:37 - INFO - Target error not fixed: no goals to be solved...
2025-04-13 14:00:37 - INFO - Result: False (target error not fixed)
2025-04-13 14:00:37 - INFO - Testing fragment: ring
2025-04-13 14:00:37 - INFO - Original error line:   norm_num  -- This simplifies 10 * (10 + 1) / 2 % 9 to 1
2025-04-13 14:00:39 - INFO - Testing fix: Original errors: 1, Fixed errors: 1
2025-04-13 14:00:39 - INFO - Result: False (introduced 1 new errors)
2025-04-13 14:00:39 - DEBUG - === New errors detail ===
2025-04-13 14:00:39 - DEBUG - New Error 1: line 21, type: no_goals_to_solve, message: no goals to be solved
2025-04-13 14:00:39 - INFO - Testing fragment: ring_nf
2025-04-13 14:00:39 - INFO - Original error line:   norm_num  -- This simplifies 10 * (10 + 1) / 2 % 9 to 1
2025-04-13 14:00:41 - INFO - Testing fix: Original errors: 1, Fixed errors: 1
2025-04-13 14:00:41 - INFO - Result: False (introduced 1 new errors)
2025-04-13 14:00:41 - DEBUG - === New errors detail ===
2025-04-13 14:00:41 - DEBUG - New Error 1: line 21, type: no_goals_to_solve, message: no goals to be solved
2025-04-13 14:00:41 - INFO - Testing fragment: omega
2025-04-13 14:00:41 - INFO - Original error line:   norm_num  -- This simplifies 10 * (10 + 1) / 2 % 9 to 1
2025-04-13 14:00:43 - INFO - Testing fix: Original errors: 1, Fixed errors: 1
2025-04-13 14:00:43 - INFO - Result: False (introduced 1 new errors)
2025-04-13 14:00:43 - DEBUG - === New errors detail ===
2025-04-13 14:00:43 - DEBUG - New Error 1: line 21, type: no_goals_to_solve, message: no goals to be solved
2025-04-13 14:00:43 - INFO - Testing fragment: linarith
2025-04-13 14:00:43 - INFO - Original error line:   norm_num  -- This simplifies 10 * (10 + 1) / 2 % 9 to 1
2025-04-13 14:00:45 - INFO - Testing fix: Original errors: 1, Fixed errors: 1
2025-04-13 14:00:45 - INFO - Target error not fixed: no goals to be solved...
2025-04-13 14:00:45 - INFO - Result: False (target error not fixed)
2025-04-13 14:00:45 - INFO - Testing fragment: nlinarith
2025-04-13 14:00:45 - INFO - Original error line:   norm_num  -- This simplifies 10 * (10 + 1) / 2 % 9 to 1
2025-04-13 14:00:47 - INFO - Testing fix: Original errors: 1, Fixed errors: 1
2025-04-13 14:00:47 - INFO - Result: False (introduced 1 new errors)
2025-04-13 14:00:47 - DEBUG - === New errors detail ===
2025-04-13 14:00:47 - DEBUG - New Error 1: line 21, type: no_goals_to_solve, message: no goals to be solved
2025-04-13 14:00:47 - INFO - Failed attempt time: 698.79 seconds
2025-04-13 14:00:47 - INFO - ❌ Could not generate fix for error at line 21
2025-04-13 14:00:48 - INFO - 
===== Fix attempt completed =====
2025-04-13 14:00:48 - INFO - Original errors: 1
2025-04-13 14:00:48 - INFO - Fixed errors: 0
2025-04-13 14:00:48 - INFO - Failed errors: 1
2025-04-13 14:00:48 - INFO - Remaining errors: 1
2025-04-13 14:00:48 - INFO - Total time: 700.79 seconds
2025-04-13 14:00:48 - INFO - 
Final fixed code:
2025-04-13 14:00:48 - INFO - ----------------------------------------
2025-04-13 14:00:48 - INFO - /-- What is the remainder when $1 + 2 + 3 + 4 + \dots + 9 + 10$ is divided by 9? Show that it is 1.-/
theorem mathd_numbertheory_466 : (∑ k in Finset.range 11, k) % 9 = 1 := by
  -- First, let's compute the sum of numbers from 0 to 10 (Finset.range 11 includes numbers from 0 to 10)
  -- The sum can be computed using the formula for the sum of the first n natural numbers: n(n+1)/2
  -- Here n = 10, so the sum should be 10*11/2 = 55

  -- We'll start by rewriting the sum using the known formula
  rw [Finset.sum_range_id]  -- This converts ∑ k in Finset.range 11, k to 10 * (10 + 1) / 2

  -- Now we need to compute 10 * 11 / 2
  -- First compute numerator: 10 * 11 = 110
  -- Then divide by 2: 110 / 2 = 55
  -- So we have the sum equals 55

  -- Now we need to compute 55 % 9
  -- Let's compute how many full 9's are in 55: 9 * 6 = 54
  -- The remainder is 55 - 54 = 1
  -- Therefore 55 % 9 = 1

  -- In Lean, we can use norm_num to compute this numerically
  norm_num  -- This simplifies 10 * (10 + 1) / 2 % 9 to 1

  -- The proof is now complete, showing the remainder is indeed 1
2025-04-13 14:00:48 - INFO - ----------------------------------------
2025-04-13 14:00:48 - INFO - 
Detailed error repair report:
2025-04-13 14:00:48 - INFO - Original code error count: 1
❌ Fixed error 1/1: Could not generate fix for error at line 21 «no_goals_to_solve» (after 698.79s)

=== Fix statistics ===
Original error count: 1
Fixed errors: 0 (Fix rate: 0.0000)
Failed errors: 1
Remaining errors: 1
Total time: 700.79 seconds

=== Failed fix details ===

Failed fix 1:
   Line: 21
   Error type: no_goals_to_solve
   Original error message: no goals to be solved...
   Failure reason: Could not generate fix
   Time: 698.79 seconds
2025-04-13 14:00:48 - INFO - 
Fixed code saved to: ./minif2f/lean_fixed/28_fixed.lean
2025-04-13 14:00:48 - INFO - JSON log saved to: ./minif2f/lean_fixed/28_fix_log.json
2025-04-13 14:00:48 - INFO - 
===== LOG FILE LOCATION =====
2025-04-13 14:00:48 - INFO - Detailed log file is available at: ./minif2f/lean_fixed/28.log
2025-04-13 14:00:48 - INFO - ===============================
