2025-04-14 00:28:48 - INFO - Log file initialized at 2025-04-14T00:28:48.733342
2025-04-14 00:28:48 - INFO - ===== LOG FILE LOCATION =====
2025-04-14 00:28:48 - INFO - Detailed log file created at: ./minif2f/lean_fixed/31.log
2025-04-14 00:28:48 - INFO - ===============================
2025-04-14 00:28:48 - INFO - Original code:
2025-04-14 00:28:48 - INFO - ----------------------------------------
2025-04-14 00:28:48 - INFO - import Mathlib
import Aesop

set_option maxHeartbeats 0

open BigOperators Real Nat Topology Rat

/-- What is the remainder of 2004 divided by 12? Show that it is 0.-/
theorem mathd_numbertheory_132 : 2004 % 12 = 0 := by
  -- To prove that 2004 mod 12 equals 0, we need to show that 12 divides 2004 exactly
  -- First approach: Direct computation by factoring both numbers
  
  -- Step 1: Factorize 2004 into its prime components
  have h2004 : 2004 = 12 * 167 := by norm_num
  -- This shows 2004 = 12 × 167, which means 2004 is exactly divisible by 12
  
  -- Step 2: Rewrite the original goal using the factorization
  rw [h2004]
  -- Now the goal becomes (12 * 167) % 12 = 0
  
  -- Step 3: Apply the modulus multiplication rule
  -- The property (a * b) % a = 0 holds for any positive integer b
  rw [mul_comm, Nat.mul_mod_left]
  -- mul_comm swaps the multiplication order to (167 * 12) % 12
  -- Nat.mul_mod_left simplifies this to 0 since any multiple of 12 mod 12 is 0
  
  -- Alternative approach using the definition of modulus:
  -- The modulus a % b is the remainder after division of a by b
  -- Since we've shown 2004 = 12 * 167 + 0, the remainder must be 0
  
  -- No further goals remain, so the proof is complete
2025-04-14 00:28:48 - INFO - ----------------------------------------
2025-04-14 00:28:48 - INFO - 
Checking original code for all errors...
2025-04-14 00:28:55 - INFO - Original code contains 1 errors:
2025-04-14 00:28:55 - INFO - Error 1: line 16, type: no_goals_to_solve, message: no goals to be solved...
2025-04-14 00:28:55 - INFO - 
Starting multi-error continuous repair process...
2025-04-14 00:28:55 - INFO - 
===== Starting to fix all errors =====
2025-04-14 00:28:56 - INFO - 
Found 1 original errors:
2025-04-14 00:28:56 - INFO - Error 1: line 16, type: no_goals_to_solve, message: no goals to be solved...
2025-04-14 00:28:56 - INFO - 
Trying to fix error 1/1: line 16, type: no_goals_to_solve
2025-04-14 00:28:56 - INFO - Error message: no goals to be solved...
2025-04-14 00:28:56 - INFO - Removed header content, remaining 24 lines of code
2025-04-14 00:28:56 - INFO - Using specified target error line: 16
2025-04-14 00:28:57 - INFO - Found error at specified line: no goals to be solved
2025-04-14 00:28:57 - INFO - Error at line 16: no goals to be solved
2025-04-14 00:28:57 - INFO - 
==================================================
2025-04-14 00:28:57 - INFO - Code prepared, starting synthesis
2025-04-14 00:28:57 - INFO - Before part: /-- What is the remainder of 2004 divided by 12? Show that it is 0.-/
theorem mathd_numbertheory_132 : 2004 % 12 = 0 := by
  -- To prove that 2004 mod 12 equals 0, we need to show that 12 divides 2004 exactly
  -- First approach: Direct computation by factoring both numbers
  
  -- Step 1: Factorize 2004 into its prime components
  have h2004 : 2004 = 12 * 167 := by norm_num
  -- This shows 2004 = 12 × 167, which means 2004 is exactly divisible by 12
  
  -- Step 2: Rewrite the original goal using the factorization
  rw [h2004]
  -- Now the goal becomes (12 * 167) % 12 = 0
  
  -- Step 3: Apply the modulus multiplication rule
  -- The property (a * b) % a = 0 holds for any positive integer b
2025-04-14 00:28:57 - INFO - Error line:   rw [mul_comm, Nat.mul_mod_left]
2025-04-14 00:28:57 - INFO - After part: -- mul_comm swaps the multiplication order to (167 * 12) % 12
  -- Nat.mul_mod_left simplifies this to 0 since any multiple of 12 mod 12 is 0
  
  -- Alternative approach using the definition of modulus:
  -- The modulus a % b is the remainder after division of a by b
  -- Since we've shown 2004 = 12 * 167 + 0, the remainder must be 0
  
  -- No further goals remain, so the proof is complete
2025-04-14 00:28:57 - INFO - ==================================================

2025-04-14 00:28:58 - INFO - Testing fragment: rw [left_distrib]
2025-04-14 00:28:58 - INFO - Original error line:   rw [mul_comm, Nat.mul_mod_left]
2025-04-14 00:29:00 - INFO - Testing fix: Original errors: 1, Fixed errors: 1
2025-04-14 00:29:00 - INFO - Result: False (introduced 1 new errors)
2025-04-14 00:29:00 - DEBUG - === New errors detail ===
2025-04-14 00:29:00 - DEBUG - New Error 1: line 16, type: no_goals_to_solve, message: no goals to be solved
2025-04-14 00:29:00 - INFO - Testing fragment: rw [right_distrib]
2025-04-14 00:29:00 - INFO - Original error line:   rw [mul_comm, Nat.mul_mod_left]
2025-04-14 00:29:02 - INFO - Testing fix: Original errors: 1, Fixed errors: 1
2025-04-14 00:29:02 - INFO - Result: False (introduced 1 new errors)
2025-04-14 00:29:02 - DEBUG - === New errors detail ===
2025-04-14 00:29:02 - DEBUG - New Error 1: line 16, type: no_goals_to_solve, message: no goals to be solved
2025-04-14 00:29:02 - INFO - Testing fragment: rw [distrib_three_right]
2025-04-14 00:29:02 - INFO - Original error line:   rw [mul_comm, Nat.mul_mod_left]
2025-04-14 00:29:04 - INFO - Testing fix: Original errors: 1, Fixed errors: 1
2025-04-14 00:29:04 - INFO - Result: False (introduced 1 new errors)
2025-04-14 00:29:04 - DEBUG - === New errors detail ===
2025-04-14 00:29:04 - DEBUG - New Error 1: line 16, type: no_goals_to_solve, message: no goals to be solved
2025-04-14 00:29:04 - INFO - Testing fragment: rw [add_one_mul]
2025-04-14 00:29:04 - INFO - Original error line:   rw [mul_comm, Nat.mul_mod_left]
2025-04-14 00:29:06 - INFO - Testing fix: Original errors: 1, Fixed errors: 1
2025-04-14 00:29:06 - INFO - Result: False (introduced 1 new errors)
2025-04-14 00:29:06 - DEBUG - === New errors detail ===
2025-04-14 00:29:06 - DEBUG - New Error 1: line 16, type: no_goals_to_solve, message: no goals to be solved
2025-04-14 00:29:06 - INFO - Testing fragment: rw [mul_add_one]
2025-04-14 00:29:06 - INFO - Original error line:   rw [mul_comm, Nat.mul_mod_left]
2025-04-14 00:29:08 - INFO - Testing fix: Original errors: 1, Fixed errors: 1
2025-04-14 00:29:08 - INFO - Result: False (introduced 1 new errors)
2025-04-14 00:29:08 - DEBUG - === New errors detail ===
2025-04-14 00:29:08 - DEBUG - New Error 1: line 16, type: no_goals_to_solve, message: no goals to be solved
2025-04-14 00:29:08 - INFO - Testing fragment: rw [one_add_mul]
2025-04-14 00:29:08 - INFO - Original error line:   rw [mul_comm, Nat.mul_mod_left]
2025-04-14 00:29:10 - INFO - Testing fix: Original errors: 1, Fixed errors: 1
2025-04-14 00:29:10 - INFO - Result: False (introduced 1 new errors)
2025-04-14 00:29:10 - DEBUG - === New errors detail ===
2025-04-14 00:29:10 - DEBUG - New Error 1: line 16, type: no_goals_to_solve, message: no goals to be solved
2025-04-14 00:29:10 - INFO - Testing fragment: rw [mul_one_add]
2025-04-14 00:29:10 - INFO - Original error line:   rw [mul_comm, Nat.mul_mod_left]
2025-04-14 00:29:12 - INFO - Testing fix: Original errors: 1, Fixed errors: 1
2025-04-14 00:29:12 - INFO - Result: False (introduced 1 new errors)
2025-04-14 00:29:12 - DEBUG - === New errors detail ===
2025-04-14 00:29:12 - DEBUG - New Error 1: line 16, type: no_goals_to_solve, message: no goals to be solved
2025-04-14 00:29:12 - INFO - Testing fragment: rw [two_mul]
2025-04-14 00:29:12 - INFO - Original error line:   rw [mul_comm, Nat.mul_mod_left]
2025-04-14 00:29:14 - INFO - Testing fix: Original errors: 1, Fixed errors: 1
2025-04-14 00:29:14 - INFO - Result: False (introduced 1 new errors)
2025-04-14 00:29:14 - DEBUG - === New errors detail ===
2025-04-14 00:29:14 - DEBUG - New Error 1: line 16, type: no_goals_to_solve, message: no goals to be solved
2025-04-14 00:29:14 - INFO - Testing fragment: rw [mul_two]
2025-04-14 00:29:14 - INFO - Original error line:   rw [mul_comm, Nat.mul_mod_left]
2025-04-14 00:29:16 - INFO - Testing fix: Original errors: 1, Fixed errors: 1
2025-04-14 00:29:16 - INFO - Result: False (introduced 1 new errors)
2025-04-14 00:29:16 - DEBUG - === New errors detail ===
2025-04-14 00:29:16 - DEBUG - New Error 1: line 16, type: no_goals_to_solve, message: no goals to be solved
2025-04-14 00:29:16 - INFO - Testing fragment: rw [mul_boole]
2025-04-14 00:29:16 - INFO - Original error line:   rw [mul_comm, Nat.mul_mod_left]
2025-04-14 00:29:18 - INFO - Testing fix: Original errors: 1, Fixed errors: 1
2025-04-14 00:29:18 - INFO - Result: False (introduced 1 new errors)
2025-04-14 00:29:18 - DEBUG - === New errors detail ===
2025-04-14 00:29:18 - DEBUG - New Error 1: line 16, type: no_goals_to_solve, message: no goals to be solved
2025-04-14 00:29:18 - INFO - Testing fragment: rw [boole_mul]
2025-04-14 00:29:18 - INFO - Original error line:   rw [mul_comm, Nat.mul_mod_left]
2025-04-14 00:29:20 - INFO - Testing fix: Original errors: 1, Fixed errors: 1
2025-04-14 00:29:20 - INFO - Result: False (introduced 1 new errors)
2025-04-14 00:29:20 - DEBUG - === New errors detail ===
2025-04-14 00:29:20 - DEBUG - New Error 1: line 16, type: no_goals_to_solve, message: no goals to be solved
2025-04-14 00:29:20 - INFO - Testing fragment: rw [add_mul_self_eq]
2025-04-14 00:29:20 - INFO - Original error line:   rw [mul_comm, Nat.mul_mod_left]
2025-04-14 00:29:22 - INFO - Testing fix: Original errors: 1, Fixed errors: 1
2025-04-14 00:29:22 - INFO - Result: False (introduced 1 new errors)
2025-04-14 00:29:22 - DEBUG - === New errors detail ===
2025-04-14 00:29:22 - DEBUG - New Error 1: line 16, type: no_goals_to_solve, message: no goals to be solved
2025-04-14 00:29:22 - INFO - Testing fragment: rw [neg_mul]
2025-04-14 00:29:22 - INFO - Original error line:   rw [mul_comm, Nat.mul_mod_left]
2025-04-14 00:29:24 - INFO - Testing fix: Original errors: 1, Fixed errors: 1
2025-04-14 00:29:24 - INFO - Result: False (introduced 1 new errors)
2025-04-14 00:29:24 - DEBUG - === New errors detail ===
2025-04-14 00:29:24 - DEBUG - New Error 1: line 16, type: no_goals_to_solve, message: no goals to be solved
2025-04-14 00:29:24 - INFO - Testing fragment: rw [mul_neg]
2025-04-14 00:29:24 - INFO - Original error line:   rw [mul_comm, Nat.mul_mod_left]
2025-04-14 00:29:26 - INFO - Testing fix: Original errors: 1, Fixed errors: 1
2025-04-14 00:29:26 - INFO - Result: False (introduced 1 new errors)
2025-04-14 00:29:26 - DEBUG - === New errors detail ===
2025-04-14 00:29:26 - DEBUG - New Error 1: line 16, type: no_goals_to_solve, message: no goals to be solved
2025-04-14 00:29:26 - INFO - Testing fragment: rw [neg_mul_neg]
2025-04-14 00:29:26 - INFO - Original error line:   rw [mul_comm, Nat.mul_mod_left]
2025-04-14 00:29:28 - INFO - Testing fix: Original errors: 1, Fixed errors: 1
2025-04-14 00:29:28 - INFO - Result: False (introduced 1 new errors)
2025-04-14 00:29:28 - DEBUG - === New errors detail ===
2025-04-14 00:29:28 - DEBUG - New Error 1: line 16, type: no_goals_to_solve, message: no goals to be solved
2025-04-14 00:29:28 - INFO - Testing fragment: rw [neg_mul_eq_neg_mul]
2025-04-14 00:29:28 - INFO - Original error line:   rw [mul_comm, Nat.mul_mod_left]
2025-04-14 00:29:30 - INFO - Testing fix: Original errors: 1, Fixed errors: 1
2025-04-14 00:29:30 - INFO - Result: False (introduced 1 new errors)
2025-04-14 00:29:30 - DEBUG - === New errors detail ===
2025-04-14 00:29:30 - DEBUG - New Error 1: line 16, type: no_goals_to_solve, message: no goals to be solved
2025-04-14 00:29:30 - INFO - Testing fragment: rw [neg_mul_eq_mul_neg]
2025-04-14 00:29:30 - INFO - Original error line:   rw [mul_comm, Nat.mul_mod_left]
2025-04-14 00:29:32 - INFO - Testing fix: Original errors: 1, Fixed errors: 1
2025-04-14 00:29:32 - INFO - Result: False (introduced 1 new errors)
2025-04-14 00:29:32 - DEBUG - === New errors detail ===
2025-04-14 00:29:32 - DEBUG - New Error 1: line 16, type: no_goals_to_solve, message: no goals to be solved
2025-04-14 00:29:32 - INFO - Testing fragment: rw [neg_mul_comm]
2025-04-14 00:29:32 - INFO - Original error line:   rw [mul_comm, Nat.mul_mod_left]
2025-04-14 00:29:34 - INFO - Testing fix: Original errors: 1, Fixed errors: 1
2025-04-14 00:29:34 - INFO - Result: False (introduced 1 new errors)
2025-04-14 00:29:34 - DEBUG - === New errors detail ===
2025-04-14 00:29:34 - DEBUG - New Error 1: line 16, type: no_goals_to_solve, message: no goals to be solved
2025-04-14 00:29:34 - INFO - Testing fragment: rw [neg_eq_neg_one_mul]
2025-04-14 00:29:34 - INFO - Original error line:   rw [mul_comm, Nat.mul_mod_left]
2025-04-14 00:29:36 - INFO - Testing fix: Original errors: 1, Fixed errors: 1
2025-04-14 00:29:36 - INFO - Result: False (introduced 1 new errors)
2025-04-14 00:29:36 - DEBUG - === New errors detail ===
2025-04-14 00:29:36 - DEBUG - New Error 1: line 16, type: no_goals_to_solve, message: no goals to be solved
2025-04-14 00:29:36 - INFO - Testing fragment: rw [mul_neg_one]
2025-04-14 00:29:36 - INFO - Original error line:   rw [mul_comm, Nat.mul_mod_left]
2025-04-14 00:29:38 - INFO - Testing fix: Original errors: 1, Fixed errors: 1
2025-04-14 00:29:38 - INFO - Result: False (introduced 1 new errors)
2025-04-14 00:29:38 - DEBUG - === New errors detail ===
2025-04-14 00:29:38 - DEBUG - New Error 1: line 16, type: no_goals_to_solve, message: no goals to be solved
2025-04-14 00:29:38 - INFO - Testing fragment: rw [neg_one_mul]
2025-04-14 00:29:38 - INFO - Original error line:   rw [mul_comm, Nat.mul_mod_left]
2025-04-14 00:29:40 - INFO - Testing fix: Original errors: 1, Fixed errors: 1
2025-04-14 00:29:40 - INFO - Result: False (introduced 1 new errors)
2025-04-14 00:29:40 - DEBUG - === New errors detail ===
2025-04-14 00:29:40 - DEBUG - New Error 1: line 16, type: no_goals_to_solve, message: no goals to be solved
2025-04-14 00:29:40 - INFO - Testing fragment: rw [mul_sub_left_distrib]
2025-04-14 00:29:40 - INFO - Original error line:   rw [mul_comm, Nat.mul_mod_left]
2025-04-14 00:29:42 - INFO - Testing fix: Original errors: 1, Fixed errors: 1
2025-04-14 00:29:42 - INFO - Result: False (introduced 1 new errors)
2025-04-14 00:29:42 - DEBUG - === New errors detail ===
2025-04-14 00:29:42 - DEBUG - New Error 1: line 16, type: no_goals_to_solve, message: no goals to be solved
2025-04-14 00:29:42 - INFO - Testing fragment: rw [mul_sub_right_distrib]
2025-04-14 00:29:42 - INFO - Original error line:   rw [mul_comm, Nat.mul_mod_left]
2025-04-14 00:29:44 - INFO - Testing fix: Original errors: 1, Fixed errors: 1
2025-04-14 00:29:44 - INFO - Result: False (introduced 1 new errors)
2025-04-14 00:29:44 - DEBUG - === New errors detail ===
2025-04-14 00:29:44 - DEBUG - New Error 1: line 16, type: no_goals_to_solve, message: no goals to be solved
2025-04-14 00:29:44 - INFO - Testing fragment: rw [sub_one_mul]
2025-04-14 00:29:44 - INFO - Original error line:   rw [mul_comm, Nat.mul_mod_left]
2025-04-14 00:29:46 - INFO - Testing fix: Original errors: 1, Fixed errors: 1
2025-04-14 00:29:46 - INFO - Result: False (introduced 1 new errors)
2025-04-14 00:29:46 - DEBUG - === New errors detail ===
2025-04-14 00:29:46 - DEBUG - New Error 1: line 16, type: no_goals_to_solve, message: no goals to be solved
2025-04-14 00:29:46 - INFO - Testing fragment: rw [mul_sub_one]
2025-04-14 00:29:46 - INFO - Original error line:   rw [mul_comm, Nat.mul_mod_left]
2025-04-14 00:29:48 - INFO - Testing fix: Original errors: 1, Fixed errors: 1
2025-04-14 00:29:48 - INFO - Result: False (introduced 1 new errors)
2025-04-14 00:29:48 - DEBUG - === New errors detail ===
2025-04-14 00:29:48 - DEBUG - New Error 1: line 16, type: no_goals_to_solve, message: no goals to be solved
2025-04-14 00:29:48 - INFO - Testing fragment: rw [one_sub_mul]
2025-04-14 00:29:48 - INFO - Original error line:   rw [mul_comm, Nat.mul_mod_left]
2025-04-14 00:29:50 - INFO - Testing fix: Original errors: 1, Fixed errors: 1
2025-04-14 00:29:50 - INFO - Result: False (introduced 1 new errors)
2025-04-14 00:29:50 - DEBUG - === New errors detail ===
2025-04-14 00:29:50 - DEBUG - New Error 1: line 16, type: no_goals_to_solve, message: no goals to be solved
2025-04-14 00:29:50 - INFO - Testing fragment: rw [mul_one_sub]
2025-04-14 00:29:50 - INFO - Original error line:   rw [mul_comm, Nat.mul_mod_left]
2025-04-14 00:29:52 - INFO - Testing fix: Original errors: 1, Fixed errors: 1
2025-04-14 00:29:52 - INFO - Result: False (introduced 1 new errors)
2025-04-14 00:29:52 - DEBUG - === New errors detail ===
2025-04-14 00:29:52 - DEBUG - New Error 1: line 16, type: no_goals_to_solve, message: no goals to be solved
2025-04-14 00:29:52 - INFO - Testing fragment: rw [mul_left_cancel]
2025-04-14 00:29:52 - INFO - Original error line:   rw [mul_comm, Nat.mul_mod_left]
2025-04-14 00:29:54 - INFO - Testing fix: Original errors: 1, Fixed errors: 1
2025-04-14 00:29:54 - INFO - Result: False (introduced 1 new errors)
2025-04-14 00:29:54 - DEBUG - === New errors detail ===
2025-04-14 00:29:54 - DEBUG - New Error 1: line 16, type: no_goals_to_solve, message: no goals to be solved
2025-04-14 00:29:54 - INFO - Testing fragment: rw [mul_left_cancel_iff]
2025-04-14 00:29:54 - INFO - Original error line:   rw [mul_comm, Nat.mul_mod_left]
2025-04-14 00:29:56 - INFO - Testing fix: Original errors: 1, Fixed errors: 1
2025-04-14 00:29:56 - INFO - Result: False (introduced 1 new errors)
2025-04-14 00:29:56 - DEBUG - === New errors detail ===
2025-04-14 00:29:56 - DEBUG - New Error 1: line 16, type: no_goals_to_solve, message: no goals to be solved
2025-04-14 00:29:56 - INFO - Testing fragment: rw [mul_right_injective]
2025-04-14 00:29:56 - INFO - Original error line:   rw [mul_comm, Nat.mul_mod_left]
2025-04-14 00:29:58 - INFO - Testing fix: Original errors: 1, Fixed errors: 1
2025-04-14 00:29:58 - INFO - Result: False (introduced 1 new errors)
2025-04-14 00:29:58 - DEBUG - === New errors detail ===
2025-04-14 00:29:58 - DEBUG - New Error 1: line 16, type: no_goals_to_solve, message: no goals to be solved
2025-04-14 00:29:58 - INFO - Testing fragment: rw [mul_right_inj]
2025-04-14 00:29:58 - INFO - Original error line:   rw [mul_comm, Nat.mul_mod_left]
2025-04-14 00:30:00 - INFO - Testing fix: Original errors: 1, Fixed errors: 1
2025-04-14 00:30:00 - INFO - Result: False (introduced 1 new errors)
2025-04-14 00:30:00 - DEBUG - === New errors detail ===
2025-04-14 00:30:00 - DEBUG - New Error 1: line 16, type: no_goals_to_solve, message: no goals to be solved
2025-04-14 00:30:00 - INFO - Testing fragment: rw [mul_ne_mul_right]
2025-04-14 00:30:00 - INFO - Original error line:   rw [mul_comm, Nat.mul_mod_left]
2025-04-14 00:30:02 - INFO - Testing fix: Original errors: 1, Fixed errors: 1
2025-04-14 00:30:02 - INFO - Result: False (introduced 1 new errors)
2025-04-14 00:30:02 - DEBUG - === New errors detail ===
2025-04-14 00:30:02 - DEBUG - New Error 1: line 16, type: no_goals_to_solve, message: no goals to be solved
2025-04-14 00:30:02 - INFO - Testing fragment: rw [mul_right_cancel]
2025-04-14 00:30:02 - INFO - Original error line:   rw [mul_comm, Nat.mul_mod_left]
2025-04-14 00:30:04 - INFO - Testing fix: Original errors: 1, Fixed errors: 1
2025-04-14 00:30:04 - INFO - Result: False (introduced 1 new errors)
2025-04-14 00:30:04 - DEBUG - === New errors detail ===
2025-04-14 00:30:04 - DEBUG - New Error 1: line 16, type: no_goals_to_solve, message: no goals to be solved
2025-04-14 00:30:04 - INFO - Testing fragment: rw [mul_right_cancel_iff]
2025-04-14 00:30:04 - INFO - Original error line:   rw [mul_comm, Nat.mul_mod_left]
2025-04-14 00:30:06 - INFO - Testing fix: Original errors: 1, Fixed errors: 1
2025-04-14 00:30:06 - INFO - Result: False (introduced 1 new errors)
2025-04-14 00:30:06 - DEBUG - === New errors detail ===
2025-04-14 00:30:06 - DEBUG - New Error 1: line 16, type: no_goals_to_solve, message: no goals to be solved
2025-04-14 00:30:06 - INFO - Testing fragment: rw [mul_left_injective]
2025-04-14 00:30:06 - INFO - Original error line:   rw [mul_comm, Nat.mul_mod_left]
2025-04-14 00:30:08 - INFO - Testing fix: Original errors: 1, Fixed errors: 1
2025-04-14 00:30:08 - INFO - Result: False (introduced 1 new errors)
2025-04-14 00:30:08 - DEBUG - === New errors detail ===
2025-04-14 00:30:08 - DEBUG - New Error 1: line 16, type: no_goals_to_solve, message: no goals to be solved
2025-04-14 00:30:08 - INFO - Testing fragment: rw [mul_left_inj]
2025-04-14 00:30:08 - INFO - Original error line:   rw [mul_comm, Nat.mul_mod_left]
2025-04-14 00:30:10 - INFO - Testing fix: Original errors: 1, Fixed errors: 1
2025-04-14 00:30:10 - INFO - Result: False (introduced 1 new errors)
2025-04-14 00:30:10 - DEBUG - === New errors detail ===
2025-04-14 00:30:10 - DEBUG - New Error 1: line 16, type: no_goals_to_solve, message: no goals to be solved
2025-04-14 00:30:10 - INFO - Testing fragment: rw [mul_ne_mul_left]
2025-04-14 00:30:10 - INFO - Original error line:   rw [mul_comm, Nat.mul_mod_left]
2025-04-14 00:30:12 - INFO - Testing fix: Original errors: 1, Fixed errors: 1
2025-04-14 00:30:12 - INFO - Result: False (introduced 1 new errors)
2025-04-14 00:30:12 - DEBUG - === New errors detail ===
2025-04-14 00:30:12 - DEBUG - New Error 1: line 16, type: no_goals_to_solve, message: no goals to be solved
2025-04-14 00:30:12 - INFO - Testing fragment: rw [mul_assoc]
2025-04-14 00:30:12 - INFO - Original error line:   rw [mul_comm, Nat.mul_mod_left]
2025-04-14 00:30:14 - INFO - Testing fix: Original errors: 1, Fixed errors: 1
2025-04-14 00:30:14 - INFO - Result: False (introduced 1 new errors)
2025-04-14 00:30:14 - DEBUG - === New errors detail ===
2025-04-14 00:30:14 - DEBUG - New Error 1: line 16, type: no_goals_to_solve, message: no goals to be solved
2025-04-14 00:30:14 - INFO - Testing fragment: rw [mul_comm]
2025-04-14 00:30:14 - INFO - Original error line:   rw [mul_comm, Nat.mul_mod_left]
2025-04-14 00:30:16 - INFO - Testing fix: Original errors: 1, Fixed errors: 1
2025-04-14 00:30:16 - INFO - Target error not fixed: no goals to be solved...
2025-04-14 00:30:16 - INFO - Result: False (target error not fixed)
2025-04-14 00:30:16 - INFO - Testing fragment: rw [MulOneClass]
2025-04-14 00:30:16 - INFO - Original error line:   rw [mul_comm, Nat.mul_mod_left]
2025-04-14 00:30:18 - INFO - Testing fix: Original errors: 1, Fixed errors: 1
2025-04-14 00:30:18 - INFO - Result: False (introduced 1 new errors)
2025-04-14 00:30:18 - DEBUG - === New errors detail ===
2025-04-14 00:30:18 - DEBUG - New Error 1: line 16, type: no_goals_to_solve, message: no goals to be solved
2025-04-14 00:30:18 - INFO - Testing fragment: rw [one_mul]
2025-04-14 00:30:18 - INFO - Original error line:   rw [mul_comm, Nat.mul_mod_left]
2025-04-14 00:30:20 - INFO - Testing fix: Original errors: 1, Fixed errors: 1
2025-04-14 00:30:20 - INFO - Result: False (introduced 1 new errors)
2025-04-14 00:30:20 - DEBUG - === New errors detail ===
2025-04-14 00:30:20 - DEBUG - New Error 1: line 16, type: no_goals_to_solve, message: no goals to be solved
2025-04-14 00:30:20 - INFO - Testing fragment: rw [mul_one]
2025-04-14 00:30:20 - INFO - Original error line:   rw [mul_comm, Nat.mul_mod_left]
2025-04-14 00:30:22 - INFO - Testing fix: Original errors: 1, Fixed errors: 1
2025-04-14 00:30:22 - INFO - Result: False (introduced 1 new errors)
2025-04-14 00:30:22 - DEBUG - === New errors detail ===
2025-04-14 00:30:22 - DEBUG - New Error 1: line 16, type: no_goals_to_solve, message: no goals to be solved
2025-04-14 00:30:22 - INFO - Testing fragment: rw [npowRec_add]
2025-04-14 00:30:22 - INFO - Original error line:   rw [mul_comm, Nat.mul_mod_left]
2025-04-14 00:30:24 - INFO - Testing fix: Original errors: 1, Fixed errors: 1
2025-04-14 00:30:24 - INFO - Result: False (introduced 1 new errors)
2025-04-14 00:30:24 - DEBUG - === New errors detail ===
2025-04-14 00:30:24 - DEBUG - New Error 1: line 16, type: no_goals_to_solve, message: no goals to be solved
2025-04-14 00:30:24 - INFO - Testing fragment: rw [npowRec_succ]
2025-04-14 00:30:24 - INFO - Original error line:   rw [mul_comm, Nat.mul_mod_left]
2025-04-14 00:30:26 - INFO - Testing fix: Original errors: 1, Fixed errors: 1
2025-04-14 00:30:26 - INFO - Result: False (introduced 1 new errors)
2025-04-14 00:30:26 - DEBUG - === New errors detail ===
2025-04-14 00:30:26 - DEBUG - New Error 1: line 16, type: no_goals_to_solve, message: no goals to be solved
2025-04-14 00:30:26 - INFO - Testing fragment: rw [npowRec'_succ]
2025-04-14 00:30:26 - INFO - Original error line:   rw [mul_comm, Nat.mul_mod_left]
2025-04-14 00:30:28 - INFO - Testing fix: Original errors: 1, Fixed errors: 1
2025-04-14 00:30:28 - INFO - Result: False (introduced 1 new errors)
2025-04-14 00:30:28 - DEBUG - === New errors detail ===
2025-04-14 00:30:28 - DEBUG - New Error 1: line 16, type: no_goals_to_solve, message: no goals to be solved
2025-04-14 00:30:28 - INFO - Testing fragment: rw [npowRec'_two_mul]
2025-04-14 00:30:28 - INFO - Original error line:   rw [mul_comm, Nat.mul_mod_left]
2025-04-14 00:30:30 - INFO - Testing fix: Original errors: 1, Fixed errors: 1
2025-04-14 00:30:30 - INFO - Result: False (introduced 1 new errors)
2025-04-14 00:30:30 - DEBUG - === New errors detail ===
2025-04-14 00:30:30 - DEBUG - New Error 1: line 16, type: no_goals_to_solve, message: no goals to be solved
2025-04-14 00:30:30 - INFO - Testing fragment: rw [npowRec'_mul_comm]
2025-04-14 00:30:30 - INFO - Original error line:   rw [mul_comm, Nat.mul_mod_left]
2025-04-14 00:30:32 - INFO - Testing fix: Original errors: 1, Fixed errors: 1
2025-04-14 00:30:32 - INFO - Result: False (introduced 1 new errors)
2025-04-14 00:30:32 - DEBUG - === New errors detail ===
2025-04-14 00:30:32 - DEBUG - New Error 1: line 16, type: no_goals_to_solve, message: no goals to be solved
2025-04-14 00:30:32 - INFO - Testing fragment: rw [npowRec_eq]
2025-04-14 00:30:32 - INFO - Original error line:   rw [mul_comm, Nat.mul_mod_left]
2025-04-14 00:30:34 - INFO - Testing fix: Original errors: 1, Fixed errors: 1
2025-04-14 00:30:34 - INFO - Result: False (introduced 1 new errors)
2025-04-14 00:30:34 - DEBUG - === New errors detail ===
2025-04-14 00:30:34 - DEBUG - New Error 1: line 16, type: no_goals_to_solve, message: no goals to be solved
2025-04-14 00:30:34 - INFO - Testing fragment: rw [npowBinRec]
2025-04-14 00:30:34 - INFO - Original error line:   rw [mul_comm, Nat.mul_mod_left]
2025-04-14 00:30:36 - INFO - Testing fix: Original errors: 1, Fixed errors: 1
2025-04-14 00:30:36 - INFO - Result: False (introduced 1 new errors)
2025-04-14 00:30:36 - DEBUG - === New errors detail ===
2025-04-14 00:30:36 - DEBUG - New Error 1: line 16, type: no_goals_to_solve, message: no goals to be solved
2025-04-14 00:30:36 - INFO - Testing fragment: rw [npowRec_eq_npowBinRec]
2025-04-14 00:30:36 - INFO - Original error line:   rw [mul_comm, Nat.mul_mod_left]
2025-04-14 00:30:38 - INFO - Testing fix: Original errors: 1, Fixed errors: 1
2025-04-14 00:30:38 - INFO - Result: False (introduced 1 new errors)
2025-04-14 00:30:38 - DEBUG - === New errors detail ===
2025-04-14 00:30:38 - DEBUG - New Error 1: line 16, type: no_goals_to_solve, message: no goals to be solved
2025-04-14 00:30:38 - INFO - Testing fragment: rw [npow_eq_pow]
2025-04-14 00:30:38 - INFO - Original error line:   rw [mul_comm, Nat.mul_mod_left]
2025-04-14 00:30:40 - INFO - Testing fix: Original errors: 1, Fixed errors: 1
2025-04-14 00:30:40 - INFO - Result: False (introduced 1 new errors)
2025-04-14 00:30:40 - DEBUG - === New errors detail ===
2025-04-14 00:30:40 - DEBUG - New Error 1: line 16, type: no_goals_to_solve, message: no goals to be solved
2025-04-14 00:30:40 - INFO - Testing fragment: rw [pow_zero]
2025-04-14 00:30:40 - INFO - Original error line:   rw [mul_comm, Nat.mul_mod_left]
2025-04-14 00:30:42 - INFO - Testing fix: Original errors: 1, Fixed errors: 1
2025-04-14 00:30:42 - INFO - Target error not fixed: no goals to be solved...
2025-04-14 00:30:42 - INFO - Result: False (target error not fixed)
2025-04-14 00:30:42 - INFO - Testing fragment: rw [pow_succ]
2025-04-14 00:30:42 - INFO - Original error line:   rw [mul_comm, Nat.mul_mod_left]
2025-04-14 00:30:44 - INFO - Testing fix: Original errors: 1, Fixed errors: 1
2025-04-14 00:30:44 - INFO - Target error not fixed: no goals to be solved...
2025-04-14 00:30:44 - INFO - Result: False (target error not fixed)
2025-04-14 00:30:44 - INFO - Testing fragment: rw [inv_inv]
2025-04-14 00:30:44 - INFO - Original error line:   rw [mul_comm, Nat.mul_mod_left]
2025-04-14 00:30:46 - INFO - Testing fix: Original errors: 1, Fixed errors: 1
2025-04-14 00:30:46 - INFO - Result: False (introduced 1 new errors)
2025-04-14 00:30:46 - DEBUG - === New errors detail ===
2025-04-14 00:30:46 - DEBUG - New Error 1: line 16, type: no_goals_to_solve, message: no goals to be solved
2025-04-14 00:30:46 - INFO - Testing fragment: rw [exists_zpow_surjective]
2025-04-14 00:30:46 - INFO - Original error line:   rw [mul_comm, Nat.mul_mod_left]
2025-04-14 00:30:48 - INFO - Testing fix: Original errors: 1, Fixed errors: 1
2025-04-14 00:30:48 - INFO - Result: False (introduced 1 new errors)
2025-04-14 00:30:48 - DEBUG - === New errors detail ===
2025-04-14 00:30:48 - DEBUG - New Error 1: line 16, type: no_goals_to_solve, message: no goals to be solved
2025-04-14 00:30:48 - INFO - Testing fragment: rw [zpow_eq_pow]
2025-04-14 00:30:48 - INFO - Original error line:   rw [mul_comm, Nat.mul_mod_left]
2025-04-14 00:30:50 - INFO - Testing fix: Original errors: 1, Fixed errors: 1
2025-04-14 00:30:50 - INFO - Result: False (introduced 1 new errors)
2025-04-14 00:30:50 - DEBUG - === New errors detail ===
2025-04-14 00:30:50 - DEBUG - New Error 1: line 16, type: no_goals_to_solve, message: no goals to be solved
2025-04-14 00:30:50 - INFO - Testing fragment: rw [zpow_zero]
2025-04-14 00:30:50 - INFO - Original error line:   rw [mul_comm, Nat.mul_mod_left]
2025-04-14 00:30:52 - INFO - Testing fix: Original errors: 1, Fixed errors: 1
2025-04-14 00:30:52 - INFO - Result: False (introduced 1 new errors)
2025-04-14 00:30:52 - DEBUG - === New errors detail ===
2025-04-14 00:30:52 - DEBUG - New Error 1: line 16, type: no_goals_to_solve, message: no goals to be solved
2025-04-14 00:30:52 - INFO - Testing fragment: rw [zpow_natCast]
2025-04-14 00:30:52 - INFO - Original error line:   rw [mul_comm, Nat.mul_mod_left]
2025-04-14 00:30:54 - INFO - Testing fix: Original errors: 1, Fixed errors: 1
2025-04-14 00:30:54 - INFO - Result: False (introduced 1 new errors)
2025-04-14 00:30:54 - DEBUG - === New errors detail ===
2025-04-14 00:30:54 - DEBUG - New Error 1: line 16, type: no_goals_to_solve, message: no goals to be solved
2025-04-14 00:30:54 - INFO - Testing fragment: rw [zpow_negSucc]
2025-04-14 00:30:54 - INFO - Original error line:   rw [mul_comm, Nat.mul_mod_left]
2025-04-14 00:30:56 - INFO - Testing fix: Original errors: 1, Fixed errors: 1
2025-04-14 00:30:56 - INFO - Result: False (introduced 1 new errors)
2025-04-14 00:30:56 - DEBUG - === New errors detail ===
2025-04-14 00:30:56 - DEBUG - New Error 1: line 16, type: no_goals_to_solve, message: no goals to be solved
2025-04-14 00:30:56 - INFO - Testing fragment: rw [negSucc_zsmul]
2025-04-14 00:30:56 - INFO - Original error line:   rw [mul_comm, Nat.mul_mod_left]
2025-04-14 00:30:58 - INFO - Testing fix: Original errors: 1, Fixed errors: 1
2025-04-14 00:30:58 - INFO - Result: False (introduced 1 new errors)
2025-04-14 00:30:58 - DEBUG - === New errors detail ===
2025-04-14 00:30:58 - DEBUG - New Error 1: line 16, type: no_goals_to_solve, message: no goals to be solved
2025-04-14 00:30:58 - INFO - Testing fragment: rw [div_eq_mul_inv]
2025-04-14 00:30:58 - INFO - Original error line:   rw [mul_comm, Nat.mul_mod_left]
2025-04-14 00:31:00 - INFO - Testing fix: Original errors: 1, Fixed errors: 1
2025-04-14 00:31:00 - INFO - Result: False (introduced 1 new errors)
2025-04-14 00:31:00 - DEBUG - === New errors detail ===
2025-04-14 00:31:00 - DEBUG - New Error 1: line 16, type: no_goals_to_solve, message: no goals to be solved
2025-04-14 00:31:00 - INFO - Testing fragment: rw [inv_eq_one_div]
2025-04-14 00:31:00 - INFO - Original error line:   rw [mul_comm, Nat.mul_mod_left]
2025-04-14 00:31:02 - INFO - Testing fix: Original errors: 1, Fixed errors: 1
2025-04-14 00:31:02 - INFO - Result: False (introduced 1 new errors)
2025-04-14 00:31:02 - DEBUG - === New errors detail ===
2025-04-14 00:31:02 - DEBUG - New Error 1: line 16, type: no_goals_to_solve, message: no goals to be solved
2025-04-14 00:31:02 - INFO - Testing fragment: rw [mul_div_assoc]
2025-04-14 00:31:02 - INFO - Original error line:   rw [mul_comm, Nat.mul_mod_left]
2025-04-14 00:31:04 - INFO - Testing fix: Original errors: 1, Fixed errors: 1
2025-04-14 00:31:04 - INFO - Result: False (introduced 1 new errors)
2025-04-14 00:31:04 - DEBUG - === New errors detail ===
2025-04-14 00:31:04 - DEBUG - New Error 1: line 16, type: no_goals_to_solve, message: no goals to be solved
2025-04-14 00:31:04 - INFO - Testing fragment: rw [one_div]
2025-04-14 00:31:04 - INFO - Original error line:   rw [mul_comm, Nat.mul_mod_left]
2025-04-14 00:31:06 - INFO - Testing fix: Original errors: 1, Fixed errors: 1
2025-04-14 00:31:06 - INFO - Result: False (introduced 1 new errors)
2025-04-14 00:31:06 - DEBUG - === New errors detail ===
2025-04-14 00:31:06 - DEBUG - New Error 1: line 16, type: no_goals_to_solve, message: no goals to be solved
2025-04-14 00:31:06 - INFO - Testing fragment: rw [inv_one]
2025-04-14 00:31:06 - INFO - Original error line:   rw [mul_comm, Nat.mul_mod_left]
2025-04-14 00:31:08 - INFO - Testing fix: Original errors: 1, Fixed errors: 1
2025-04-14 00:31:08 - INFO - Result: False (introduced 1 new errors)
2025-04-14 00:31:08 - DEBUG - === New errors detail ===
2025-04-14 00:31:08 - DEBUG - New Error 1: line 16, type: no_goals_to_solve, message: no goals to be solved
2025-04-14 00:31:08 - INFO - Testing fragment: rw [mul_inv_rev]
2025-04-14 00:31:08 - INFO - Original error line:   rw [mul_comm, Nat.mul_mod_left]
2025-04-14 00:31:10 - INFO - Testing fix: Original errors: 1, Fixed errors: 1
2025-04-14 00:31:10 - INFO - Result: False (introduced 1 new errors)
2025-04-14 00:31:10 - DEBUG - === New errors detail ===
2025-04-14 00:31:10 - DEBUG - New Error 1: line 16, type: no_goals_to_solve, message: no goals to be solved
2025-04-14 00:31:10 - INFO - Testing fragment: rw [inv_eq_of_mul_eq_one_right]
2025-04-14 00:31:10 - INFO - Original error line:   rw [mul_comm, Nat.mul_mod_left]
2025-04-14 00:31:12 - INFO - Testing fix: Original errors: 1, Fixed errors: 1
2025-04-14 00:31:12 - INFO - Result: False (introduced 1 new errors)
2025-04-14 00:31:12 - DEBUG - === New errors detail ===
2025-04-14 00:31:12 - DEBUG - New Error 1: line 16, type: no_goals_to_solve, message: no goals to be solved
2025-04-14 00:31:12 - INFO - Testing fragment: rw [inv_eq_of_mul_eq_one_left]
2025-04-14 00:31:12 - INFO - Original error line:   rw [mul_comm, Nat.mul_mod_left]
2025-04-14 00:31:14 - INFO - Testing fix: Original errors: 1, Fixed errors: 1
2025-04-14 00:31:14 - INFO - Result: False (introduced 1 new errors)
2025-04-14 00:31:14 - DEBUG - === New errors detail ===
2025-04-14 00:31:14 - DEBUG - New Error 1: line 16, type: no_goals_to_solve, message: no goals to be solved
2025-04-14 00:31:14 - INFO - Testing fragment: rw [eq_inv_of_mul_eq_one_left]
2025-04-14 00:31:14 - INFO - Original error line:   rw [mul_comm, Nat.mul_mod_left]
2025-04-14 00:31:16 - INFO - Testing fix: Original errors: 1, Fixed errors: 1
2025-04-14 00:31:16 - INFO - Result: False (introduced 1 new errors)
2025-04-14 00:31:16 - DEBUG - === New errors detail ===
2025-04-14 00:31:16 - DEBUG - New Error 1: line 16, type: no_goals_to_solve, message: no goals to be solved
2025-04-14 00:31:16 - INFO - Testing fragment: rw [inv_mul_cancel]
2025-04-14 00:31:16 - INFO - Original error line:   rw [mul_comm, Nat.mul_mod_left]
2025-04-14 00:31:18 - INFO - Testing fix: Original errors: 1, Fixed errors: 1
2025-04-14 00:31:18 - INFO - Result: False (introduced 1 new errors)
2025-04-14 00:31:18 - DEBUG - === New errors detail ===
2025-04-14 00:31:18 - DEBUG - New Error 1: line 16, type: no_goals_to_solve, message: no goals to be solved
2025-04-14 00:31:18 - INFO - Testing fragment: rw [inv_eq_of_mul]
2025-04-14 00:31:18 - INFO - Original error line:   rw [mul_comm, Nat.mul_mod_left]
2025-04-14 00:31:20 - INFO - Testing fix: Original errors: 1, Fixed errors: 1
2025-04-14 00:31:20 - INFO - Result: False (introduced 1 new errors)
2025-04-14 00:31:20 - DEBUG - === New errors detail ===
2025-04-14 00:31:20 - DEBUG - New Error 1: line 16, type: no_goals_to_solve, message: no goals to be solved
2025-04-14 00:31:20 - INFO - Testing fragment: rw [mul_inv_cancel]
2025-04-14 00:31:20 - INFO - Original error line:   rw [mul_comm, Nat.mul_mod_left]
2025-04-14 00:31:22 - INFO - Testing fix: Original errors: 1, Fixed errors: 1
2025-04-14 00:31:22 - INFO - Result: False (introduced 1 new errors)
2025-04-14 00:31:22 - DEBUG - === New errors detail ===
2025-04-14 00:31:22 - DEBUG - New Error 1: line 16, type: no_goals_to_solve, message: no goals to be solved
2025-04-14 00:31:22 - INFO - Testing fragment: rw [div_self']
2025-04-14 00:31:22 - INFO - Original error line:   rw [mul_comm, Nat.mul_mod_left]
2025-04-14 00:31:24 - INFO - Testing fix: Original errors: 1, Fixed errors: 1
2025-04-14 00:31:24 - INFO - Result: False (introduced 1 new errors)
2025-04-14 00:31:24 - DEBUG - === New errors detail ===
2025-04-14 00:31:24 - DEBUG - New Error 1: line 16, type: no_goals_to_solve, message: no goals to be solved
2025-04-14 00:31:24 - INFO - Testing fragment: rw [inv_mul_cancel_left]
2025-04-14 00:31:24 - INFO - Original error line:   rw [mul_comm, Nat.mul_mod_left]
2025-04-14 00:31:26 - INFO - Testing fix: Original errors: 1, Fixed errors: 1
2025-04-14 00:31:26 - INFO - Result: False (introduced 1 new errors)
2025-04-14 00:31:26 - DEBUG - === New errors detail ===
2025-04-14 00:31:26 - DEBUG - New Error 1: line 16, type: no_goals_to_solve, message: no goals to be solved
2025-04-14 00:31:26 - INFO - Testing fragment: rw [mul_inv_cancel_left]
2025-04-14 00:31:26 - INFO - Original error line:   rw [mul_comm, Nat.mul_mod_left]
2025-04-14 00:31:28 - INFO - Testing fix: Original errors: 1, Fixed errors: 1
2025-04-14 00:31:28 - INFO - Result: False (introduced 1 new errors)
2025-04-14 00:31:28 - DEBUG - === New errors detail ===
2025-04-14 00:31:28 - DEBUG - New Error 1: line 16, type: no_goals_to_solve, message: no goals to be solved
2025-04-14 00:31:28 - INFO - Testing fragment: rw [mul_inv_cancel_right]
2025-04-14 00:31:28 - INFO - Original error line:   rw [mul_comm, Nat.mul_mod_left]
2025-04-14 00:31:30 - INFO - Testing fix: Original errors: 1, Fixed errors: 1
2025-04-14 00:31:30 - INFO - Result: False (introduced 1 new errors)
2025-04-14 00:31:30 - DEBUG - === New errors detail ===
2025-04-14 00:31:30 - DEBUG - New Error 1: line 16, type: no_goals_to_solve, message: no goals to be solved
2025-04-14 00:31:30 - INFO - Testing fragment: rw [mul_div_cancel_right]
2025-04-14 00:31:30 - INFO - Original error line:   rw [mul_comm, Nat.mul_mod_left]
2025-04-14 00:31:32 - INFO - Testing fix: Original errors: 1, Fixed errors: 1
2025-04-14 00:31:32 - INFO - Result: False (introduced 1 new errors)
2025-04-14 00:31:32 - DEBUG - === New errors detail ===
2025-04-14 00:31:32 - DEBUG - New Error 1: line 16, type: no_goals_to_solve, message: no goals to be solved
2025-04-14 00:31:32 - INFO - Testing fragment: rw [inv_mul_cancel_right]
2025-04-14 00:31:32 - INFO - Original error line:   rw [mul_comm, Nat.mul_mod_left]
2025-04-14 00:31:34 - INFO - Testing fix: Original errors: 1, Fixed errors: 1
2025-04-14 00:31:34 - INFO - Result: False (introduced 1 new errors)
2025-04-14 00:31:34 - DEBUG - === New errors detail ===
2025-04-14 00:31:34 - DEBUG - New Error 1: line 16, type: no_goals_to_solve, message: no goals to be solved
2025-04-14 00:31:34 - INFO - Testing fragment: rw [div_mul_cancel]
2025-04-14 00:31:34 - INFO - Original error line:   rw [mul_comm, Nat.mul_mod_left]
2025-04-14 00:31:36 - INFO - Testing fix: Original errors: 1, Fixed errors: 1
2025-04-14 00:31:36 - INFO - Result: False (introduced 1 new errors)
2025-04-14 00:31:36 - DEBUG - === New errors detail ===
2025-04-14 00:31:36 - DEBUG - New Error 1: line 16, type: no_goals_to_solve, message: no goals to be solved
2025-04-14 00:31:36 - INFO - Testing fragment: rw [<- left_distrib]
2025-04-14 00:31:36 - INFO - Original error line:   rw [mul_comm, Nat.mul_mod_left]
2025-04-14 00:31:39 - INFO - Testing fix: Original errors: 1, Fixed errors: 1
2025-04-14 00:31:39 - INFO - Result: False (introduced 1 new errors)
2025-04-14 00:31:39 - DEBUG - === New errors detail ===
2025-04-14 00:31:39 - DEBUG - New Error 1: line 16, type: no_goals_to_solve, message: no goals to be solved
2025-04-14 00:31:39 - INFO - Testing fragment: rw [<- right_distrib]
2025-04-14 00:31:39 - INFO - Original error line:   rw [mul_comm, Nat.mul_mod_left]
2025-04-14 00:31:41 - INFO - Testing fix: Original errors: 1, Fixed errors: 1
2025-04-14 00:31:41 - INFO - Result: False (introduced 1 new errors)
2025-04-14 00:31:41 - DEBUG - === New errors detail ===
2025-04-14 00:31:41 - DEBUG - New Error 1: line 16, type: no_goals_to_solve, message: no goals to be solved
2025-04-14 00:31:41 - INFO - Testing fragment: rw [<- distrib_three_right]
2025-04-14 00:31:41 - INFO - Original error line:   rw [mul_comm, Nat.mul_mod_left]
2025-04-14 00:31:43 - INFO - Testing fix: Original errors: 1, Fixed errors: 1
2025-04-14 00:31:43 - INFO - Result: False (introduced 1 new errors)
2025-04-14 00:31:43 - DEBUG - === New errors detail ===
2025-04-14 00:31:43 - DEBUG - New Error 1: line 16, type: no_goals_to_solve, message: no goals to be solved
2025-04-14 00:31:43 - INFO - Testing fragment: rw [<- add_one_mul]
2025-04-14 00:31:43 - INFO - Original error line:   rw [mul_comm, Nat.mul_mod_left]
2025-04-14 00:31:45 - INFO - Testing fix: Original errors: 1, Fixed errors: 1
2025-04-14 00:31:45 - INFO - Result: False (introduced 1 new errors)
2025-04-14 00:31:45 - DEBUG - === New errors detail ===
2025-04-14 00:31:45 - DEBUG - New Error 1: line 16, type: no_goals_to_solve, message: no goals to be solved
2025-04-14 00:31:45 - INFO - Testing fragment: rw [<- mul_add_one]
2025-04-14 00:31:45 - INFO - Original error line:   rw [mul_comm, Nat.mul_mod_left]
2025-04-14 00:31:47 - INFO - Testing fix: Original errors: 1, Fixed errors: 1
2025-04-14 00:31:47 - INFO - Result: False (introduced 1 new errors)
2025-04-14 00:31:47 - DEBUG - === New errors detail ===
2025-04-14 00:31:47 - DEBUG - New Error 1: line 16, type: no_goals_to_solve, message: no goals to be solved
2025-04-14 00:31:47 - INFO - Testing fragment: rw [<- one_add_mul]
2025-04-14 00:31:47 - INFO - Original error line:   rw [mul_comm, Nat.mul_mod_left]
2025-04-14 00:31:49 - INFO - Testing fix: Original errors: 1, Fixed errors: 1
2025-04-14 00:31:49 - INFO - Result: False (introduced 1 new errors)
2025-04-14 00:31:49 - DEBUG - === New errors detail ===
2025-04-14 00:31:49 - DEBUG - New Error 1: line 16, type: no_goals_to_solve, message: no goals to be solved
2025-04-14 00:31:49 - INFO - Testing fragment: rw [<- mul_one_add]
2025-04-14 00:31:49 - INFO - Original error line:   rw [mul_comm, Nat.mul_mod_left]
2025-04-14 00:31:51 - INFO - Testing fix: Original errors: 1, Fixed errors: 1
2025-04-14 00:31:51 - INFO - Result: False (introduced 1 new errors)
2025-04-14 00:31:51 - DEBUG - === New errors detail ===
2025-04-14 00:31:51 - DEBUG - New Error 1: line 16, type: no_goals_to_solve, message: no goals to be solved
2025-04-14 00:31:51 - INFO - Testing fragment: rw [<- two_mul]
2025-04-14 00:31:51 - INFO - Original error line:   rw [mul_comm, Nat.mul_mod_left]
2025-04-14 00:31:53 - INFO - Testing fix: Original errors: 1, Fixed errors: 1
2025-04-14 00:31:53 - INFO - Result: False (introduced 1 new errors)
2025-04-14 00:31:53 - DEBUG - === New errors detail ===
2025-04-14 00:31:53 - DEBUG - New Error 1: line 16, type: no_goals_to_solve, message: no goals to be solved
2025-04-14 00:31:53 - INFO - Testing fragment: rw [<- mul_two]
2025-04-14 00:31:53 - INFO - Original error line:   rw [mul_comm, Nat.mul_mod_left]
2025-04-14 00:31:55 - INFO - Testing fix: Original errors: 1, Fixed errors: 1
2025-04-14 00:31:55 - INFO - Result: False (introduced 1 new errors)
2025-04-14 00:31:55 - DEBUG - === New errors detail ===
2025-04-14 00:31:55 - DEBUG - New Error 1: line 16, type: no_goals_to_solve, message: no goals to be solved
2025-04-14 00:31:55 - INFO - Testing fragment: rw [<- mul_boole]
2025-04-14 00:31:55 - INFO - Original error line:   rw [mul_comm, Nat.mul_mod_left]
2025-04-14 00:31:57 - INFO - Testing fix: Original errors: 1, Fixed errors: 1
2025-04-14 00:31:57 - INFO - Result: False (introduced 1 new errors)
2025-04-14 00:31:57 - DEBUG - === New errors detail ===
2025-04-14 00:31:57 - DEBUG - New Error 1: line 16, type: no_goals_to_solve, message: no goals to be solved
2025-04-14 00:31:57 - INFO - Testing fragment: rw [<- boole_mul]
2025-04-14 00:31:57 - INFO - Original error line:   rw [mul_comm, Nat.mul_mod_left]
2025-04-14 00:31:59 - INFO - Testing fix: Original errors: 1, Fixed errors: 1
2025-04-14 00:31:59 - INFO - Result: False (introduced 1 new errors)
2025-04-14 00:31:59 - DEBUG - === New errors detail ===
2025-04-14 00:31:59 - DEBUG - New Error 1: line 16, type: no_goals_to_solve, message: no goals to be solved
2025-04-14 00:31:59 - INFO - Testing fragment: rw [<- add_mul_self_eq]
2025-04-14 00:31:59 - INFO - Original error line:   rw [mul_comm, Nat.mul_mod_left]
2025-04-14 00:32:01 - INFO - Testing fix: Original errors: 1, Fixed errors: 1
2025-04-14 00:32:01 - INFO - Result: False (introduced 1 new errors)
2025-04-14 00:32:01 - DEBUG - === New errors detail ===
2025-04-14 00:32:01 - DEBUG - New Error 1: line 16, type: no_goals_to_solve, message: no goals to be solved
2025-04-14 00:32:01 - INFO - Testing fragment: rw [<- neg_mul]
2025-04-14 00:32:01 - INFO - Original error line:   rw [mul_comm, Nat.mul_mod_left]
2025-04-14 00:32:03 - INFO - Testing fix: Original errors: 1, Fixed errors: 1
2025-04-14 00:32:03 - INFO - Result: False (introduced 1 new errors)
2025-04-14 00:32:03 - DEBUG - === New errors detail ===
2025-04-14 00:32:03 - DEBUG - New Error 1: line 16, type: no_goals_to_solve, message: no goals to be solved
2025-04-14 00:32:03 - INFO - Testing fragment: rw [<- mul_neg]
2025-04-14 00:32:03 - INFO - Original error line:   rw [mul_comm, Nat.mul_mod_left]
2025-04-14 00:32:05 - INFO - Testing fix: Original errors: 1, Fixed errors: 1
2025-04-14 00:32:05 - INFO - Result: False (introduced 1 new errors)
2025-04-14 00:32:05 - DEBUG - === New errors detail ===
2025-04-14 00:32:05 - DEBUG - New Error 1: line 16, type: no_goals_to_solve, message: no goals to be solved
2025-04-14 00:32:05 - INFO - Testing fragment: rw [<- neg_mul_neg]
2025-04-14 00:32:05 - INFO - Original error line:   rw [mul_comm, Nat.mul_mod_left]
2025-04-14 00:32:07 - INFO - Testing fix: Original errors: 1, Fixed errors: 1
2025-04-14 00:32:07 - INFO - Result: False (introduced 1 new errors)
2025-04-14 00:32:07 - DEBUG - === New errors detail ===
2025-04-14 00:32:07 - DEBUG - New Error 1: line 16, type: no_goals_to_solve, message: no goals to be solved
2025-04-14 00:32:07 - INFO - Testing fragment: rw [<- neg_mul_eq_neg_mul]
2025-04-14 00:32:07 - INFO - Original error line:   rw [mul_comm, Nat.mul_mod_left]
2025-04-14 00:32:09 - INFO - Testing fix: Original errors: 1, Fixed errors: 1
2025-04-14 00:32:09 - INFO - Result: False (introduced 1 new errors)
2025-04-14 00:32:09 - DEBUG - === New errors detail ===
2025-04-14 00:32:09 - DEBUG - New Error 1: line 16, type: no_goals_to_solve, message: no goals to be solved
2025-04-14 00:32:09 - INFO - Testing fragment: rw [<- neg_mul_eq_mul_neg]
2025-04-14 00:32:09 - INFO - Original error line:   rw [mul_comm, Nat.mul_mod_left]
2025-04-14 00:32:11 - INFO - Testing fix: Original errors: 1, Fixed errors: 1
2025-04-14 00:32:11 - INFO - Result: False (introduced 1 new errors)
2025-04-14 00:32:11 - DEBUG - === New errors detail ===
2025-04-14 00:32:11 - DEBUG - New Error 1: line 16, type: no_goals_to_solve, message: no goals to be solved
2025-04-14 00:32:11 - INFO - Testing fragment: rw [<- neg_mul_comm]
2025-04-14 00:32:11 - INFO - Original error line:   rw [mul_comm, Nat.mul_mod_left]
2025-04-14 00:32:13 - INFO - Testing fix: Original errors: 1, Fixed errors: 1
2025-04-14 00:32:13 - INFO - Result: False (introduced 1 new errors)
2025-04-14 00:32:13 - DEBUG - === New errors detail ===
2025-04-14 00:32:13 - DEBUG - New Error 1: line 16, type: no_goals_to_solve, message: no goals to be solved
2025-04-14 00:32:13 - INFO - Testing fragment: rw [<- neg_eq_neg_one_mul]
2025-04-14 00:32:13 - INFO - Original error line:   rw [mul_comm, Nat.mul_mod_left]
2025-04-14 00:38:16 - INFO - Synthesis failed: ('Execution failed', 'Execution timed out after 200.0 seconds. Partial output:\n{"cmd": "/-- What is the remainder of 2004 divided by 12? Show that it is 0.-/\\ntheorem mathd_numbertheory_132 : 2004 % 12 = 0 := by\\n  -- To prove that 2004 mod 12 equals 0, we need to show that 12 divides 2004 exactly\\n  -- First approach: Direct computation by factoring both numbers\\n  \\n  -- Step 1: Factorize 2004 into its prime components\\n  have h2004 : 2004 = 12 * 167 := by norm_num\\n  -- This shows 2004 = 12 × 167, which means 2004 is exactly divisible by 12\\n  \\n  -- Step 2: Rewrite the original goal using the factorization\\n  rw [h2004]\\n  -- Now the goal becomes (12 * 167) % 12 = 0\\n  \\n  -- Step 3: Apply the modulus multiplication rule\\n  -- The property (a * b) % a = 0 holds for any positive integer b\\n  rw [<- neg_eq_neg_one_mul]\\n  -- mul_comm swaps the multiplication order to (167 * 12) % 12\\n  -- Nat.mul_mod_left simplifies this to 0 since any multiple of 12 mod 12 is 0\\n  \\n  -- Alternative approach using the definition of modulus:\\n  -- The modulus a % b is the remainder after division of a by b\\n  -- Since we\'ve shown 2004 = 12 * 167 + 0, the remainder must be 0\\n  \\n  -- No further goals remain, so the proof is complete", "env": 0}\r\n\r\n')
2025-04-14 00:59:00 - INFO - Failed attempt time: 1804.16 seconds
2025-04-14 00:59:00 - INFO - ❌ Could not generate fix for error at line 16
2025-04-14 00:59:01 - INFO - 
===== Fix attempt completed =====
2025-04-14 00:59:01 - INFO - Original errors: 1
2025-04-14 00:59:01 - INFO - Fixed errors: 0
2025-04-14 00:59:01 - INFO - Failed errors: 1
2025-04-14 00:59:01 - INFO - Remaining errors: 1
2025-04-14 00:59:01 - INFO - Total time: 1806.25 seconds
2025-04-14 00:59:01 - INFO - 
Final fixed code:
2025-04-14 00:59:01 - INFO - ----------------------------------------
2025-04-14 00:59:01 - INFO - /-- What is the remainder of 2004 divided by 12? Show that it is 0.-/
theorem mathd_numbertheory_132 : 2004 % 12 = 0 := by
  -- To prove that 2004 mod 12 equals 0, we need to show that 12 divides 2004 exactly
  -- First approach: Direct computation by factoring both numbers
  
  -- Step 1: Factorize 2004 into its prime components
  have h2004 : 2004 = 12 * 167 := by norm_num
  -- This shows 2004 = 12 × 167, which means 2004 is exactly divisible by 12
  
  -- Step 2: Rewrite the original goal using the factorization
  rw [h2004]
  -- Now the goal becomes (12 * 167) % 12 = 0
  
  -- Step 3: Apply the modulus multiplication rule
  -- The property (a * b) % a = 0 holds for any positive integer b
  rw [mul_comm, Nat.mul_mod_left]
  -- mul_comm swaps the multiplication order to (167 * 12) % 12
  -- Nat.mul_mod_left simplifies this to 0 since any multiple of 12 mod 12 is 0
  
  -- Alternative approach using the definition of modulus:
  -- The modulus a % b is the remainder after division of a by b
  -- Since we've shown 2004 = 12 * 167 + 0, the remainder must be 0
  
  -- No further goals remain, so the proof is complete
2025-04-14 00:59:01 - INFO - ----------------------------------------
2025-04-14 00:59:01 - INFO - 
Detailed error repair report:
2025-04-14 00:59:01 - INFO - Original code error count: 1
❌ Fixed error 1/1: Could not generate fix for error at line 16 «no_goals_to_solve» (after 1804.16s)

=== Fix statistics ===
Original error count: 1
Fixed errors: 0 (Fix rate: 0.0000)
Failed errors: 1
Remaining errors: 1
Total time: 1806.25 seconds

=== Failed fix details ===

Failed fix 1:
   Line: 16
   Error type: no_goals_to_solve
   Original error message: no goals to be solved...
   Failure reason: Could not generate fix
   Time: 1804.16 seconds
2025-04-14 00:59:01 - INFO - 
Fixed code saved to: ./minif2f/lean_fixed/31_fixed.lean
2025-04-14 00:59:01 - INFO - JSON log saved to: ./minif2f/lean_fixed/31_fix_log.json
2025-04-14 00:59:01 - INFO - 
===== LOG FILE LOCATION =====
2025-04-14 00:59:01 - INFO - Detailed log file is available at: ./minif2f/lean_fixed/31.log
2025-04-14 00:59:01 - INFO - ===============================
