2025-04-14 01:19:13 - INFO - Log file initialized at 2025-04-14T01:19:13.847883
2025-04-14 01:19:13 - INFO - ===== LOG FILE LOCATION =====
2025-04-14 01:19:13 - INFO - Detailed log file created at: /data/coding/minif2f/lean_fixed/33.log
2025-04-14 01:19:13 - INFO - ===============================
2025-04-14 01:19:13 - INFO - Original code:
2025-04-14 01:19:13 - INFO - ----------------------------------------
2025-04-14 01:19:13 - INFO - import Mathlib
import Aesop

-- Disable heartbeat to prevent timeout errors during computation
set_option maxHeartbeats 0

-- Open necessary namespaces for mathematical operations
open BigOperators Real Nat Topology Rat

/-- 
Find the greatest common divisor (gcd) of 180 and 168. 
Prove that it equals 12 using the Euclidean algorithm.
-/
theorem mathd_numbertheory_188 : Nat.gcd 180 168 = 12 := by
  -- First, we'll compute gcd(180, 168) step by step using the Euclidean algorithm
  -- The Euclidean algorithm states that gcd(a, b) = gcd(b, a mod b) for a > b
  
  -- Step 1: gcd(180, 168) = gcd(168, 180 mod 168)
  -- Compute 180 mod 168 = 180 - 168 = 12
  have step1 : Nat.gcd 180 168 = Nat.gcd 168 12 := by
    rw [← Nat.gcd_rec 180 168]  -- Apply the recursive definition of gcd
    congr  -- Focus on proving the mod part
    norm_num  -- Compute 180 % 168 = 12
    
  -- Step 2: gcd(168, 12) = gcd(12, 168 mod 12)
  -- Compute 168 mod 12 = 0 (since 12 × 14 = 168)
  have step2 : Nat.gcd 168 12 = Nat.gcd 12 0 := by
    rw [← Nat.gcd_rec 168 12]  -- Apply recursive definition again
    congr  -- Focus on proving the mod part
    norm_num  -- Compute 168 % 12 = 0
    
  -- Final step: gcd(12, 0) = 12 (by definition)
  have step3 : Nat.gcd 12 0 = 12 := by
    exact Nat.gcd_zero_right 12  -- Base case of gcd definition
    
  -- Chain all the steps together to prove the original statement
  rw [step1, step2, step3]  -- Substitute each step's equality
2025-04-14 01:19:13 - INFO - ----------------------------------------
2025-04-14 01:19:13 - INFO - 
Checking original code for all errors...
2025-04-14 01:23:43 - INFO - Original code contains 2 errors:
2025-04-14 01:23:43 - INFO - Error 1: line 12, type: rewrite_failed, message: tactic 'rewrite' failed, did not find instance of the pattern in the target expression
  (168 % 180)...
2025-04-14 01:23:43 - INFO - Error 2: line 19, type: rewrite_failed, message: tactic 'rewrite' failed, did not find instance of the pattern in the target expression
  (12 % 168)....
2025-04-14 01:23:43 - INFO - 
Starting multi-error continuous repair process...
2025-04-14 01:23:43 - INFO - 
===== Starting to fix all errors =====
2025-04-14 01:23:44 - INFO - 
Found 2 original errors:
2025-04-14 01:23:44 - INFO - Error 1: line 12, type: rewrite_failed, message: tactic 'rewrite' failed, did not find instance of the pattern in the target expression
  (168 % 180)...
2025-04-14 01:23:44 - INFO - Error 2: line 19, type: rewrite_failed, message: tactic 'rewrite' failed, did not find instance of the pattern in the target expression
  (12 % 168)....
2025-04-14 01:23:44 - INFO - 
Trying to fix error 1/2: line 12, type: rewrite_failed
2025-04-14 01:23:44 - INFO - Error message: tactic 'rewrite' failed, did not find instance of the pattern in the target expression
  (168 % 180)...
2025-04-14 01:23:44 - INFO - Removed header content, remaining 28 lines of code
2025-04-14 01:23:44 - INFO - Using specified target error line: 12
2025-04-14 01:23:45 - INFO - Found error at specified line: tactic 'rewrite' failed, did not find instance of the pattern in the target expression
  (168 % 180).gcd 180
⊢ Nat.gcd 180 168 = Nat.gcd 168 12
2025-04-14 01:23:45 - INFO - Error at line 12: tactic 'rewrite' failed, did not find instance of the pattern in the target expression
  (168 % 180).gcd 180
⊢ Nat.gcd 180 168 = Nat.gcd 168 12
2025-04-14 01:23:45 - INFO - 
==================================================
2025-04-14 01:23:45 - INFO - Code prepared, starting synthesis
2025-04-14 01:23:45 - INFO - Before part: /-- 
Find the greatest common divisor (gcd) of 180 and 168. 
Prove that it equals 12 using the Euclidean algorithm.
-/
theorem mathd_numbertheory_188 : Nat.gcd 180 168 = 12 := by
  -- First, we'll compute gcd(180, 168) step by step using the Euclidean algorithm
  -- The Euclidean algorithm states that gcd(a, b) = gcd(b, a mod b) for a > b
  
  -- Step 1: gcd(180, 168) = gcd(168, 180 mod 168)
  -- Compute 180 mod 168 = 180 - 168 = 12
  have step1 : Nat.gcd 180 168 = Nat.gcd 168 12 := by
2025-04-14 01:23:45 - INFO - Error line:     rw [← Nat.gcd_rec 180 168]  -- Apply the recursive definition of gcd
2025-04-14 01:23:45 - INFO - After part: congr  -- Focus on proving the mod part
    norm_num  -- Compute 180 % 168 = 12
    
  -- Step 2: gcd(168, 12) = gcd(12, 168 mod 12)
  -- Compute 168 mod 12 = 0 (since 12 × 14 = 168)
  have step2 : Nat.gcd 168 12 = Nat.gcd 12 0 := by
    rw [← Nat.gcd_rec 168 12]  -- Apply recursive definition again
    congr  -- Focus on proving the mod part
    norm_num  -- Compute 168 % 12 = 0
    
  -- Final step: gcd(12, 0) = 12 (by definition)
  have step3 : Nat.gcd 12 0 = 12 := by
    exact Nat.gcd_zero_right 12  -- Base case of gcd definition
    
  -- Chain all the steps together to prove the original statement
  rw [step1, step2, step3]  -- Substitute each step's equality
2025-04-14 01:23:45 - INFO - ==================================================

2025-04-14 01:23:46 - INFO - Testing fragment: rw [left_distrib]
2025-04-14 01:23:46 - INFO - Original error line:     rw [← Nat.gcd_rec 180 168]  -- Apply the recursive definition of gcd
2025-04-14 01:23:48 - INFO - Testing fix: Original errors: 2, Fixed errors: 2
2025-04-14 01:23:48 - INFO - Result: False (introduced 1 new errors)
2025-04-14 01:23:48 - DEBUG - === New errors detail ===
2025-04-14 01:23:48 - DEBUG - New Error 1: line 12, type: rewrite_failed, message: tactic 'rewrite' failed, did not find instance of the pattern in the target expression
  ?a * (?b + ?c)
⊢ Nat.gcd 180 168 = Nat.gcd 168 12
2025-04-14 01:23:48 - INFO - Testing fragment: rw [right_distrib]
2025-04-14 01:23:48 - INFO - Original error line:     rw [← Nat.gcd_rec 180 168]  -- Apply the recursive definition of gcd
2025-04-14 01:23:50 - INFO - Testing fix: Original errors: 2, Fixed errors: 2
2025-04-14 01:23:50 - INFO - Result: False (introduced 1 new errors)
2025-04-14 01:23:50 - DEBUG - === New errors detail ===
2025-04-14 01:23:50 - DEBUG - New Error 1: line 12, type: rewrite_failed, message: tactic 'rewrite' failed, did not find instance of the pattern in the target expression
  (?a + ?b) * ?c
⊢ Nat.gcd 180 168 = Nat.gcd 168 12
2025-04-14 01:23:50 - INFO - Testing fragment: rw [distrib_three_right]
2025-04-14 01:23:50 - INFO - Original error line:     rw [← Nat.gcd_rec 180 168]  -- Apply the recursive definition of gcd
2025-04-14 01:23:52 - INFO - Testing fix: Original errors: 2, Fixed errors: 2
2025-04-14 01:23:52 - INFO - Result: False (introduced 1 new errors)
2025-04-14 01:23:52 - DEBUG - === New errors detail ===
2025-04-14 01:23:52 - DEBUG - New Error 1: line 12, type: rewrite_failed, message: tactic 'rewrite' failed, did not find instance of the pattern in the target expression
  (?a + ?b + ?c) * ?d
⊢ Nat.gcd 180 168 = Nat.gcd 168 12
2025-04-14 01:23:52 - INFO - Testing fragment: rw [add_one_mul]
2025-04-14 01:23:52 - INFO - Original error line:     rw [← Nat.gcd_rec 180 168]  -- Apply the recursive definition of gcd
2025-04-14 01:23:54 - INFO - Testing fix: Original errors: 2, Fixed errors: 2
2025-04-14 01:23:54 - INFO - Result: False (introduced 1 new errors)
2025-04-14 01:23:54 - DEBUG - === New errors detail ===
2025-04-14 01:23:54 - DEBUG - New Error 1: line 12, type: rewrite_failed, message: tactic 'rewrite' failed, did not find instance of the pattern in the target expression
  (?a + 1) * ?b
⊢ Nat.gcd 180 168 = Nat.gcd 168 12
2025-04-14 01:23:54 - INFO - Testing fragment: rw [mul_add_one]
2025-04-14 01:23:54 - INFO - Original error line:     rw [← Nat.gcd_rec 180 168]  -- Apply the recursive definition of gcd
2025-04-14 01:23:56 - INFO - Testing fix: Original errors: 2, Fixed errors: 2
2025-04-14 01:23:56 - INFO - Result: False (introduced 1 new errors)
2025-04-14 01:23:56 - DEBUG - === New errors detail ===
2025-04-14 01:23:56 - DEBUG - New Error 1: line 12, type: rewrite_failed, message: tactic 'rewrite' failed, did not find instance of the pattern in the target expression
  ?a * (?b + 1)
⊢ Nat.gcd 180 168 = Nat.gcd 168 12
2025-04-14 01:23:56 - INFO - Testing fragment: rw [one_add_mul]
2025-04-14 01:23:56 - INFO - Original error line:     rw [← Nat.gcd_rec 180 168]  -- Apply the recursive definition of gcd
2025-04-14 01:23:58 - INFO - Testing fix: Original errors: 2, Fixed errors: 2
2025-04-14 01:23:58 - INFO - Result: False (introduced 1 new errors)
2025-04-14 01:23:58 - DEBUG - === New errors detail ===
2025-04-14 01:23:58 - DEBUG - New Error 1: line 12, type: rewrite_failed, message: tactic 'rewrite' failed, did not find instance of the pattern in the target expression
  (1 + ?a) * ?b
⊢ Nat.gcd 180 168 = Nat.gcd 168 12
2025-04-14 01:23:58 - INFO - Testing fragment: rw [mul_one_add]
2025-04-14 01:23:58 - INFO - Original error line:     rw [← Nat.gcd_rec 180 168]  -- Apply the recursive definition of gcd
2025-04-14 01:24:00 - INFO - Testing fix: Original errors: 2, Fixed errors: 2
2025-04-14 01:24:00 - INFO - Result: False (introduced 1 new errors)
2025-04-14 01:24:00 - DEBUG - === New errors detail ===
2025-04-14 01:24:00 - DEBUG - New Error 1: line 12, type: rewrite_failed, message: tactic 'rewrite' failed, did not find instance of the pattern in the target expression
  ?a * (1 + ?b)
⊢ Nat.gcd 180 168 = Nat.gcd 168 12
2025-04-14 01:24:00 - INFO - Testing fragment: rw [two_mul]
2025-04-14 01:24:00 - INFO - Original error line:     rw [← Nat.gcd_rec 180 168]  -- Apply the recursive definition of gcd
2025-04-14 01:24:02 - INFO - Testing fix: Original errors: 2, Fixed errors: 2
2025-04-14 01:24:02 - INFO - Result: False (introduced 1 new errors)
2025-04-14 01:24:02 - DEBUG - === New errors detail ===
2025-04-14 01:24:02 - DEBUG - New Error 1: line 12, type: rewrite_failed, message: tactic 'rewrite' failed, did not find instance of the pattern in the target expression
  2 * ?n
⊢ Nat.gcd 180 168 = Nat.gcd 168 12
2025-04-14 01:24:02 - INFO - Testing fragment: rw [mul_two]
2025-04-14 01:24:02 - INFO - Original error line:     rw [← Nat.gcd_rec 180 168]  -- Apply the recursive definition of gcd
2025-04-14 01:24:04 - INFO - Testing fix: Original errors: 2, Fixed errors: 2
2025-04-14 01:24:04 - INFO - Result: False (introduced 1 new errors)
2025-04-14 01:24:04 - DEBUG - === New errors detail ===
2025-04-14 01:24:04 - DEBUG - New Error 1: line 12, type: rewrite_failed, message: tactic 'rewrite' failed, did not find instance of the pattern in the target expression
  ?n * 2
⊢ Nat.gcd 180 168 = Nat.gcd 168 12
2025-04-14 01:24:04 - INFO - Testing fragment: rw [mul_boole]
2025-04-14 01:24:04 - INFO - Original error line:     rw [← Nat.gcd_rec 180 168]  -- Apply the recursive definition of gcd
2025-04-14 01:24:06 - INFO - Testing fix: Original errors: 2, Fixed errors: 2
2025-04-14 01:24:06 - INFO - Result: False (introduced 1 new errors)
2025-04-14 01:24:06 - DEBUG - === New errors detail ===
2025-04-14 01:24:06 - DEBUG - New Error 1: line 12, type: rewrite_failed, message: tactic 'rewrite' failed, did not find instance of the pattern in the target expression
  ?a * if ?P then 1 else 0
⊢ Nat.gcd 180 168 = Nat.gcd 168 12
2025-04-14 01:24:06 - INFO - Testing fragment: rw [boole_mul]
2025-04-14 01:24:06 - INFO - Original error line:     rw [← Nat.gcd_rec 180 168]  -- Apply the recursive definition of gcd
2025-04-14 01:24:08 - INFO - Testing fix: Original errors: 2, Fixed errors: 2
2025-04-14 01:24:08 - INFO - Result: False (introduced 1 new errors)
2025-04-14 01:24:08 - DEBUG - === New errors detail ===
2025-04-14 01:24:08 - DEBUG - New Error 1: line 12, type: rewrite_failed, message: tactic 'rewrite' failed, did not find instance of the pattern in the target expression
  (if ?P then 1 else 0) * ?a
⊢ Nat.gcd 180 168 = Nat.gcd 168 12
2025-04-14 01:24:08 - INFO - Testing fragment: rw [add_mul_self_eq]
2025-04-14 01:24:08 - INFO - Original error line:     rw [← Nat.gcd_rec 180 168]  -- Apply the recursive definition of gcd
2025-04-14 01:24:10 - INFO - Testing fix: Original errors: 2, Fixed errors: 2
2025-04-14 01:24:10 - INFO - Result: False (introduced 1 new errors)
2025-04-14 01:24:10 - DEBUG - === New errors detail ===
2025-04-14 01:24:10 - DEBUG - New Error 1: line 12, type: rewrite_failed, message: tactic 'rewrite' failed, did not find instance of the pattern in the target expression
  (?a + ?b) * (?a + ?b)
⊢ Nat.gcd 180 168 = Nat.gcd 168 12
2025-04-14 01:24:10 - INFO - Testing fragment: rw [neg_mul]
2025-04-14 01:24:10 - INFO - Original error line:     rw [← Nat.gcd_rec 180 168]  -- Apply the recursive definition of gcd
2025-04-14 01:24:12 - INFO - Testing fix: Original errors: 2, Fixed errors: 2
2025-04-14 01:24:12 - INFO - Result: False (introduced 1 new errors)
2025-04-14 01:24:12 - DEBUG - === New errors detail ===
2025-04-14 01:24:12 - DEBUG - New Error 1: line 12, type: rewrite_failed, message: tactic 'rewrite' failed, did not find instance of the pattern in the target expression
  -?a * ?b
⊢ Nat.gcd 180 168 = Nat.gcd 168 12
2025-04-14 01:24:12 - INFO - Testing fragment: rw [mul_neg]
2025-04-14 01:24:12 - INFO - Original error line:     rw [← Nat.gcd_rec 180 168]  -- Apply the recursive definition of gcd
2025-04-14 01:24:14 - INFO - Testing fix: Original errors: 2, Fixed errors: 2
2025-04-14 01:24:14 - INFO - Result: False (introduced 1 new errors)
2025-04-14 01:24:14 - DEBUG - === New errors detail ===
2025-04-14 01:24:14 - DEBUG - New Error 1: line 12, type: rewrite_failed, message: tactic 'rewrite' failed, did not find instance of the pattern in the target expression
  ?a * -?b
⊢ Nat.gcd 180 168 = Nat.gcd 168 12
2025-04-14 01:24:14 - INFO - Testing fragment: rw [neg_mul_neg]
2025-04-14 01:24:14 - INFO - Original error line:     rw [← Nat.gcd_rec 180 168]  -- Apply the recursive definition of gcd
2025-04-14 01:24:16 - INFO - Testing fix: Original errors: 2, Fixed errors: 2
2025-04-14 01:24:16 - INFO - Result: False (introduced 1 new errors)
2025-04-14 01:24:16 - DEBUG - === New errors detail ===
2025-04-14 01:24:16 - DEBUG - New Error 1: line 12, type: rewrite_failed, message: tactic 'rewrite' failed, did not find instance of the pattern in the target expression
  -?a * -?b
⊢ Nat.gcd 180 168 = Nat.gcd 168 12
2025-04-14 01:24:16 - INFO - Testing fragment: rw [neg_mul_eq_neg_mul]
2025-04-14 01:24:16 - INFO - Original error line:     rw [← Nat.gcd_rec 180 168]  -- Apply the recursive definition of gcd
2025-04-14 01:24:18 - INFO - Testing fix: Original errors: 2, Fixed errors: 2
2025-04-14 01:24:18 - INFO - Result: False (introduced 1 new errors)
2025-04-14 01:24:18 - DEBUG - === New errors detail ===
2025-04-14 01:24:18 - DEBUG - New Error 1: line 12, type: rewrite_failed, message: tactic 'rewrite' failed, did not find instance of the pattern in the target expression
  -(?a * ?b)
⊢ Nat.gcd 180 168 = Nat.gcd 168 12
2025-04-14 01:24:18 - INFO - Testing fragment: rw [neg_mul_eq_mul_neg]
2025-04-14 01:24:18 - INFO - Original error line:     rw [← Nat.gcd_rec 180 168]  -- Apply the recursive definition of gcd
2025-04-14 01:24:20 - INFO - Testing fix: Original errors: 2, Fixed errors: 2
2025-04-14 01:24:20 - INFO - Result: False (introduced 1 new errors)
2025-04-14 01:24:20 - DEBUG - === New errors detail ===
2025-04-14 01:24:20 - DEBUG - New Error 1: line 12, type: rewrite_failed, message: tactic 'rewrite' failed, did not find instance of the pattern in the target expression
  -(?a * ?b)
⊢ Nat.gcd 180 168 = Nat.gcd 168 12
2025-04-14 01:24:20 - INFO - Testing fragment: rw [neg_mul_comm]
2025-04-14 01:24:20 - INFO - Original error line:     rw [← Nat.gcd_rec 180 168]  -- Apply the recursive definition of gcd
2025-04-14 01:24:22 - INFO - Testing fix: Original errors: 2, Fixed errors: 2
2025-04-14 01:24:22 - INFO - Result: False (introduced 1 new errors)
2025-04-14 01:24:22 - DEBUG - === New errors detail ===
2025-04-14 01:24:22 - DEBUG - New Error 1: line 12, type: rewrite_failed, message: tactic 'rewrite' failed, did not find instance of the pattern in the target expression
  -?a * ?b
⊢ Nat.gcd 180 168 = Nat.gcd 168 12
2025-04-14 01:24:22 - INFO - Testing fragment: rw [neg_eq_neg_one_mul]
2025-04-14 01:24:22 - INFO - Original error line:     rw [← Nat.gcd_rec 180 168]  -- Apply the recursive definition of gcd
2025-04-14 01:24:24 - INFO - Testing fix: Original errors: 2, Fixed errors: 2
2025-04-14 01:24:24 - INFO - Result: False (introduced 1 new errors)
2025-04-14 01:24:24 - DEBUG - === New errors detail ===
2025-04-14 01:24:24 - DEBUG - New Error 1: line 12, type: rewrite_failed, message: tactic 'rewrite' failed, did not find instance of the pattern in the target expression
  -?a
⊢ Nat.gcd 180 168 = Nat.gcd 168 12
2025-04-14 01:24:24 - INFO - Testing fragment: rw [mul_neg_one]
2025-04-14 01:24:24 - INFO - Original error line:     rw [← Nat.gcd_rec 180 168]  -- Apply the recursive definition of gcd
2025-04-14 01:24:26 - INFO - Testing fix: Original errors: 2, Fixed errors: 2
2025-04-14 01:24:26 - INFO - Result: False (introduced 1 new errors)
2025-04-14 01:24:26 - DEBUG - === New errors detail ===
2025-04-14 01:24:26 - DEBUG - New Error 1: line 12, type: rewrite_failed, message: tactic 'rewrite' failed, did not find instance of the pattern in the target expression
  ?a * -1
⊢ Nat.gcd 180 168 = Nat.gcd 168 12
2025-04-14 01:24:26 - INFO - Testing fragment: rw [neg_one_mul]
2025-04-14 01:24:26 - INFO - Original error line:     rw [← Nat.gcd_rec 180 168]  -- Apply the recursive definition of gcd
2025-04-14 01:24:28 - INFO - Testing fix: Original errors: 2, Fixed errors: 2
2025-04-14 01:24:28 - INFO - Result: False (introduced 1 new errors)
2025-04-14 01:24:28 - DEBUG - === New errors detail ===
2025-04-14 01:24:28 - DEBUG - New Error 1: line 12, type: rewrite_failed, message: tactic 'rewrite' failed, did not find instance of the pattern in the target expression
  -1 * ?a
⊢ Nat.gcd 180 168 = Nat.gcd 168 12
2025-04-14 01:24:28 - INFO - Testing fragment: rw [mul_sub_left_distrib]
2025-04-14 01:24:28 - INFO - Original error line:     rw [← Nat.gcd_rec 180 168]  -- Apply the recursive definition of gcd
2025-04-14 01:24:30 - INFO - Testing fix: Original errors: 2, Fixed errors: 2
2025-04-14 01:24:30 - INFO - Result: False (introduced 1 new errors)
2025-04-14 01:24:30 - DEBUG - === New errors detail ===
2025-04-14 01:24:30 - DEBUG - New Error 1: line 12, type: rewrite_failed, message: tactic 'rewrite' failed, did not find instance of the pattern in the target expression
  ?a * (?b - ?c)
⊢ Nat.gcd 180 168 = Nat.gcd 168 12
2025-04-14 01:24:30 - INFO - Testing fragment: rw [mul_sub_right_distrib]
2025-04-14 01:24:30 - INFO - Original error line:     rw [← Nat.gcd_rec 180 168]  -- Apply the recursive definition of gcd
2025-04-14 01:24:32 - INFO - Testing fix: Original errors: 2, Fixed errors: 2
2025-04-14 01:24:32 - INFO - Target error not fixed: tactic 'rewrite' failed, did not find instance of the pattern in the target expression
  (?a - ?b) *...
2025-04-14 01:24:32 - INFO - Result: False (target error not fixed)
2025-04-14 01:24:32 - INFO - Testing fragment: rw [sub_one_mul]
2025-04-14 01:24:32 - INFO - Original error line:     rw [← Nat.gcd_rec 180 168]  -- Apply the recursive definition of gcd
2025-04-14 01:24:34 - INFO - Testing fix: Original errors: 2, Fixed errors: 2
2025-04-14 01:24:34 - INFO - Result: False (introduced 1 new errors)
2025-04-14 01:24:34 - DEBUG - === New errors detail ===
2025-04-14 01:24:34 - DEBUG - New Error 1: line 12, type: rewrite_failed, message: tactic 'rewrite' failed, did not find instance of the pattern in the target expression
  (?a - 1) * ?b
⊢ Nat.gcd 180 168 = Nat.gcd 168 12
2025-04-14 01:24:34 - INFO - Testing fragment: rw [mul_sub_one]
2025-04-14 01:24:34 - INFO - Original error line:     rw [← Nat.gcd_rec 180 168]  -- Apply the recursive definition of gcd
2025-04-14 01:24:36 - INFO - Testing fix: Original errors: 2, Fixed errors: 2
2025-04-14 01:24:36 - INFO - Result: False (introduced 1 new errors)
2025-04-14 01:24:36 - DEBUG - === New errors detail ===
2025-04-14 01:24:36 - DEBUG - New Error 1: line 12, type: rewrite_failed, message: tactic 'rewrite' failed, did not find instance of the pattern in the target expression
  ?a * (?b - 1)
⊢ Nat.gcd 180 168 = Nat.gcd 168 12
2025-04-14 01:24:36 - INFO - Testing fragment: rw [one_sub_mul]
2025-04-14 01:24:36 - INFO - Original error line:     rw [← Nat.gcd_rec 180 168]  -- Apply the recursive definition of gcd
2025-04-14 01:24:38 - INFO - Testing fix: Original errors: 2, Fixed errors: 2
2025-04-14 01:24:38 - INFO - Result: False (introduced 1 new errors)
2025-04-14 01:24:38 - DEBUG - === New errors detail ===
2025-04-14 01:24:38 - DEBUG - New Error 1: line 12, type: rewrite_failed, message: tactic 'rewrite' failed, did not find instance of the pattern in the target expression
  (1 - ?a) * ?b
⊢ Nat.gcd 180 168 = Nat.gcd 168 12
2025-04-14 01:24:38 - INFO - Testing fragment: rw [mul_one_sub]
2025-04-14 01:24:38 - INFO - Original error line:     rw [← Nat.gcd_rec 180 168]  -- Apply the recursive definition of gcd
2025-04-14 01:24:40 - INFO - Testing fix: Original errors: 2, Fixed errors: 2
2025-04-14 01:24:40 - INFO - Result: False (introduced 1 new errors)
2025-04-14 01:24:40 - DEBUG - === New errors detail ===
2025-04-14 01:24:40 - DEBUG - New Error 1: line 12, type: rewrite_failed, message: tactic 'rewrite' failed, did not find instance of the pattern in the target expression
  ?a * (1 - ?b)
⊢ Nat.gcd 180 168 = Nat.gcd 168 12
2025-04-14 01:24:40 - INFO - Testing fragment: rw [mul_left_cancel]
2025-04-14 01:24:40 - INFO - Original error line:     rw [← Nat.gcd_rec 180 168]  -- Apply the recursive definition of gcd
2025-04-14 01:24:42 - INFO - Testing fix: Original errors: 2, Fixed errors: 2
2025-04-14 01:24:42 - INFO - Result: False (introduced 1 new errors)
2025-04-14 01:24:42 - DEBUG - === New errors detail ===
2025-04-14 01:24:42 - DEBUG - New Error 1: line 12, type: rewrite_failed, message: tactic 'rewrite' failed, pattern is a metavariable
  ?m.69
from equation
  ?m.69 = ?m.70
⊢ Nat.gcd 180 168 = Nat.gcd 168 12
2025-04-14 01:24:42 - INFO - Testing fragment: rw [mul_left_cancel_iff]
2025-04-14 01:24:42 - INFO - Original error line:     rw [← Nat.gcd_rec 180 168]  -- Apply the recursive definition of gcd
2025-04-14 01:24:44 - INFO - Testing fix: Original errors: 2, Fixed errors: 2
2025-04-14 01:24:44 - INFO - Result: False (introduced 1 new errors)
2025-04-14 01:24:44 - DEBUG - === New errors detail ===
2025-04-14 01:24:44 - DEBUG - New Error 1: line 12, type: rewrite_failed, message: tactic 'rewrite' failed, did not find instance of the pattern in the target expression
  ?m.68 * ?m.69 = ?m.68 * ?m.70
⊢ Nat.gcd 180 168 = Nat.gcd 168 12
2025-04-14 01:24:44 - INFO - Testing fragment: rw [mul_right_injective]
2025-04-14 01:24:44 - INFO - Original error line:     rw [← Nat.gcd_rec 180 168]  -- Apply the recursive definition of gcd
2025-04-14 01:24:46 - INFO - Testing fix: Original errors: 2, Fixed errors: 2
2025-04-14 01:24:46 - INFO - Result: False (introduced 1 new errors)
2025-04-14 01:24:46 - DEBUG - === New errors detail ===
2025-04-14 01:24:46 - DEBUG - New Error 1: line 12, type: rewrite_failed, message: tactic 'rewrite' failed, pattern is a metavariable
  ?a₁
from equation
  ?a₁ = ?a₂
⊢ Nat.gcd 180 168 = Nat.gcd 168 12
2025-04-14 01:24:46 - INFO - Testing fragment: rw [mul_right_inj]
2025-04-14 01:24:46 - INFO - Original error line:     rw [← Nat.gcd_rec 180 168]  -- Apply the recursive definition of gcd
2025-04-14 01:24:48 - INFO - Testing fix: Original errors: 2, Fixed errors: 2
2025-04-14 01:24:48 - INFO - Result: False (introduced 1 new errors)
2025-04-14 01:24:48 - DEBUG - === New errors detail ===
2025-04-14 01:24:48 - DEBUG - New Error 1: line 12, type: rewrite_failed, message: tactic 'rewrite' failed, did not find instance of the pattern in the target expression
  ?a * ?b = ?a * ?c
⊢ Nat.gcd 180 168 = Nat.gcd 168 12
2025-04-14 01:24:48 - INFO - Testing fragment: rw [mul_ne_mul_right]
2025-04-14 01:24:48 - INFO - Original error line:     rw [← Nat.gcd_rec 180 168]  -- Apply the recursive definition of gcd
2025-04-14 01:24:50 - INFO - Testing fix: Original errors: 2, Fixed errors: 2
2025-04-14 01:24:50 - INFO - Result: False (introduced 1 new errors)
2025-04-14 01:24:50 - DEBUG - === New errors detail ===
2025-04-14 01:24:50 - DEBUG - New Error 1: line 12, type: rewrite_failed, message: tactic 'rewrite' failed, did not find instance of the pattern in the target expression
  ?a * ?b ≠ ?a * ?c
⊢ Nat.gcd 180 168 = Nat.gcd 168 12
2025-04-14 01:24:50 - INFO - Testing fragment: rw [mul_right_cancel]
2025-04-14 01:24:50 - INFO - Original error line:     rw [← Nat.gcd_rec 180 168]  -- Apply the recursive definition of gcd
2025-04-14 01:24:52 - INFO - Testing fix: Original errors: 2, Fixed errors: 2
2025-04-14 01:24:52 - INFO - Result: False (introduced 1 new errors)
2025-04-14 01:24:52 - DEBUG - === New errors detail ===
2025-04-14 01:24:52 - DEBUG - New Error 1: line 12, type: rewrite_failed, message: tactic 'rewrite' failed, pattern is a metavariable
  ?m.68
from equation
  ?m.68 = ?m.70
⊢ Nat.gcd 180 168 = Nat.gcd 168 12
2025-04-14 01:24:52 - INFO - Testing fragment: rw [mul_right_cancel_iff]
2025-04-14 01:24:52 - INFO - Original error line:     rw [← Nat.gcd_rec 180 168]  -- Apply the recursive definition of gcd
2025-04-14 01:24:54 - INFO - Testing fix: Original errors: 2, Fixed errors: 2
2025-04-14 01:24:54 - INFO - Result: False (introduced 1 new errors)
2025-04-14 01:24:54 - DEBUG - === New errors detail ===
2025-04-14 01:24:54 - DEBUG - New Error 1: line 12, type: rewrite_failed, message: tactic 'rewrite' failed, did not find instance of the pattern in the target expression
  ?m.69 * ?m.68 = ?m.70 * ?m.68
⊢ Nat.gcd 180 168 = Nat.gcd 168 12
2025-04-14 01:24:54 - INFO - Testing fragment: rw [mul_left_injective]
2025-04-14 01:24:54 - INFO - Original error line:     rw [← Nat.gcd_rec 180 168]  -- Apply the recursive definition of gcd
2025-04-14 01:24:56 - INFO - Testing fix: Original errors: 2, Fixed errors: 2
2025-04-14 01:24:56 - INFO - Result: False (introduced 1 new errors)
2025-04-14 01:24:56 - DEBUG - === New errors detail ===
2025-04-14 01:24:56 - DEBUG - New Error 1: line 12, type: rewrite_failed, message: tactic 'rewrite' failed, pattern is a metavariable
  ?a₁
from equation
  ?a₁ = ?a₂
⊢ Nat.gcd 180 168 = Nat.gcd 168 12
2025-04-14 01:24:56 - INFO - Testing fragment: rw [mul_left_inj]
2025-04-14 01:24:56 - INFO - Original error line:     rw [← Nat.gcd_rec 180 168]  -- Apply the recursive definition of gcd
2025-04-14 01:24:58 - INFO - Testing fix: Original errors: 2, Fixed errors: 2
2025-04-14 01:24:58 - INFO - Result: False (introduced 1 new errors)
2025-04-14 01:24:58 - DEBUG - === New errors detail ===
2025-04-14 01:24:58 - DEBUG - New Error 1: line 12, type: rewrite_failed, message: tactic 'rewrite' failed, did not find instance of the pattern in the target expression
  ?b * ?a = ?c * ?a
⊢ Nat.gcd 180 168 = Nat.gcd 168 12
2025-04-14 01:24:58 - INFO - Testing fragment: rw [mul_ne_mul_left]
2025-04-14 01:24:58 - INFO - Original error line:     rw [← Nat.gcd_rec 180 168]  -- Apply the recursive definition of gcd
2025-04-14 01:25:00 - INFO - Testing fix: Original errors: 2, Fixed errors: 2
2025-04-14 01:25:00 - INFO - Result: False (introduced 1 new errors)
2025-04-14 01:25:00 - DEBUG - === New errors detail ===
2025-04-14 01:25:00 - DEBUG - New Error 1: line 12, type: rewrite_failed, message: tactic 'rewrite' failed, did not find instance of the pattern in the target expression
  ?b * ?a ≠ ?c * ?a
⊢ Nat.gcd 180 168 = Nat.gcd 168 12
2025-04-14 01:25:00 - INFO - Testing fragment: rw [mul_assoc]
2025-04-14 01:25:00 - INFO - Original error line:     rw [← Nat.gcd_rec 180 168]  -- Apply the recursive definition of gcd
2025-04-14 01:25:02 - INFO - Testing fix: Original errors: 2, Fixed errors: 2
2025-04-14 01:25:02 - INFO - Result: False (introduced 1 new errors)
2025-04-14 01:25:02 - DEBUG - === New errors detail ===
2025-04-14 01:25:02 - DEBUG - New Error 1: line 12, type: rewrite_failed, message: tactic 'rewrite' failed, did not find instance of the pattern in the target expression
  ?a * ?b * ?c
⊢ Nat.gcd 180 168 = Nat.gcd 168 12
2025-04-14 01:25:02 - INFO - Testing fragment: rw [mul_comm]
2025-04-14 01:25:02 - INFO - Original error line:     rw [← Nat.gcd_rec 180 168]  -- Apply the recursive definition of gcd
2025-04-14 01:25:04 - INFO - Testing fix: Original errors: 2, Fixed errors: 2
2025-04-14 01:25:04 - INFO - Result: False (introduced 1 new errors)
2025-04-14 01:25:04 - DEBUG - === New errors detail ===
2025-04-14 01:25:04 - DEBUG - New Error 1: line 12, type: rewrite_failed, message: tactic 'rewrite' failed, did not find instance of the pattern in the target expression
  ?a * ?b
⊢ Nat.gcd 180 168 = Nat.gcd 168 12
2025-04-14 01:25:04 - INFO - Testing fragment: rw [MulOneClass]
2025-04-14 01:25:04 - INFO - Original error line:     rw [← Nat.gcd_rec 180 168]  -- Apply the recursive definition of gcd
2025-04-14 01:25:06 - INFO - Testing fix: Original errors: 2, Fixed errors: 2
2025-04-14 01:25:06 - INFO - Result: False (introduced 1 new errors)
2025-04-14 01:25:06 - DEBUG - === New errors detail ===
2025-04-14 01:25:06 - DEBUG - New Error 1: line 12, type: rewrite_failed, message: tactic 'rewrite' failed, equality or iff proof expected
  Type ?u.64
⊢ Nat.gcd 180 168 = Nat.gcd 168 12
2025-04-14 01:25:06 - INFO - Testing fragment: rw [one_mul]
2025-04-14 01:25:06 - INFO - Original error line:     rw [← Nat.gcd_rec 180 168]  -- Apply the recursive definition of gcd
2025-04-14 01:25:08 - INFO - Testing fix: Original errors: 2, Fixed errors: 2
2025-04-14 01:25:08 - INFO - Result: False (introduced 1 new errors)
2025-04-14 01:25:08 - DEBUG - === New errors detail ===
2025-04-14 01:25:08 - DEBUG - New Error 1: line 12, type: rewrite_failed, message: tactic 'rewrite' failed, did not find instance of the pattern in the target expression
  1 * ?a
⊢ Nat.gcd 180 168 = Nat.gcd 168 12
2025-04-14 01:25:08 - INFO - Testing fragment: rw [mul_one]
2025-04-14 01:25:08 - INFO - Original error line:     rw [← Nat.gcd_rec 180 168]  -- Apply the recursive definition of gcd
2025-04-14 01:25:10 - INFO - Testing fix: Original errors: 2, Fixed errors: 2
2025-04-14 01:25:10 - INFO - Result: False (introduced 1 new errors)
2025-04-14 01:25:10 - DEBUG - === New errors detail ===
2025-04-14 01:25:10 - DEBUG - New Error 1: line 12, type: rewrite_failed, message: tactic 'rewrite' failed, did not find instance of the pattern in the target expression
  ?a * 1
⊢ Nat.gcd 180 168 = Nat.gcd 168 12
2025-04-14 01:25:10 - INFO - Testing fragment: rw [npowRec_add]
2025-04-14 01:25:10 - INFO - Original error line:     rw [← Nat.gcd_rec 180 168]  -- Apply the recursive definition of gcd
2025-04-14 01:25:12 - INFO - Testing fix: Original errors: 2, Fixed errors: 3
2025-04-14 01:25:12 - INFO - Result: False (introduced 2 new errors)
2025-04-14 01:25:12 - DEBUG - === New errors detail ===
2025-04-14 01:25:12 - DEBUG - New Error 1: line 12, type: unknown_identifier, message: unknown identifier 'npowRec_add'
2025-04-14 01:25:12 - DEBUG - New Error 2: line 12, type: rewrite_failed, message: tactic 'rewrite' failed, equality or iff proof expected
  ?m.64
⊢ Nat.gcd 180 168 = Nat.gcd 168 12
2025-04-14 01:25:12 - INFO - Testing fragment: rw [npowRec_succ]
2025-04-14 01:25:12 - INFO - Original error line:     rw [← Nat.gcd_rec 180 168]  -- Apply the recursive definition of gcd
2025-04-14 01:25:14 - INFO - Testing fix: Original errors: 2, Fixed errors: 3
2025-04-14 01:25:14 - INFO - Result: False (introduced 2 new errors)
2025-04-14 01:25:14 - DEBUG - === New errors detail ===
2025-04-14 01:25:14 - DEBUG - New Error 1: line 12, type: unknown_identifier, message: unknown identifier 'npowRec_succ'
2025-04-14 01:25:14 - DEBUG - New Error 2: line 12, type: rewrite_failed, message: tactic 'rewrite' failed, equality or iff proof expected
  ?m.64
⊢ Nat.gcd 180 168 = Nat.gcd 168 12
2025-04-14 01:25:14 - INFO - Testing fragment: rw [npowRec'_succ]
2025-04-14 01:25:14 - INFO - Original error line:     rw [← Nat.gcd_rec 180 168]  -- Apply the recursive definition of gcd
2025-04-14 01:25:16 - INFO - Testing fix: Original errors: 2, Fixed errors: 3
2025-04-14 01:25:16 - INFO - Result: False (introduced 2 new errors)
2025-04-14 01:25:16 - DEBUG - === New errors detail ===
2025-04-14 01:25:16 - DEBUG - New Error 1: line 12, type: unknown_identifier, message: unknown identifier 'npowRec'_succ'
2025-04-14 01:25:16 - DEBUG - New Error 2: line 12, type: rewrite_failed, message: tactic 'rewrite' failed, equality or iff proof expected
  ?m.64
⊢ Nat.gcd 180 168 = Nat.gcd 168 12
2025-04-14 01:25:16 - INFO - Testing fragment: rw [npowRec'_two_mul]
2025-04-14 01:25:16 - INFO - Original error line:     rw [← Nat.gcd_rec 180 168]  -- Apply the recursive definition of gcd
2025-04-14 01:25:18 - INFO - Testing fix: Original errors: 2, Fixed errors: 3
2025-04-14 01:25:18 - INFO - Result: False (introduced 2 new errors)
2025-04-14 01:25:18 - DEBUG - === New errors detail ===
2025-04-14 01:25:18 - DEBUG - New Error 1: line 12, type: unknown_identifier, message: unknown identifier 'npowRec'_two_mul'
2025-04-14 01:25:18 - DEBUG - New Error 2: line 12, type: rewrite_failed, message: tactic 'rewrite' failed, equality or iff proof expected
  ?m.64
⊢ Nat.gcd 180 168 = Nat.gcd 168 12
2025-04-14 01:25:18 - INFO - Testing fragment: rw [npowRec'_mul_comm]
2025-04-14 01:25:18 - INFO - Original error line:     rw [← Nat.gcd_rec 180 168]  -- Apply the recursive definition of gcd
2025-04-14 01:25:20 - INFO - Testing fix: Original errors: 2, Fixed errors: 3
2025-04-14 01:25:20 - INFO - Result: False (introduced 2 new errors)
2025-04-14 01:25:20 - DEBUG - === New errors detail ===
2025-04-14 01:25:20 - DEBUG - New Error 1: line 12, type: unknown_identifier, message: unknown identifier 'npowRec'_mul_comm'
2025-04-14 01:25:20 - DEBUG - New Error 2: line 12, type: rewrite_failed, message: tactic 'rewrite' failed, equality or iff proof expected
  ?m.64
⊢ Nat.gcd 180 168 = Nat.gcd 168 12
2025-04-14 01:25:20 - INFO - Testing fragment: rw [npowRec_eq]
2025-04-14 01:25:20 - INFO - Original error line:     rw [← Nat.gcd_rec 180 168]  -- Apply the recursive definition of gcd
2025-04-14 01:25:22 - INFO - Testing fix: Original errors: 2, Fixed errors: 3
2025-04-14 01:25:22 - INFO - Result: False (introduced 2 new errors)
2025-04-14 01:25:22 - DEBUG - === New errors detail ===
2025-04-14 01:25:22 - DEBUG - New Error 1: line 12, type: unknown_identifier, message: unknown identifier 'npowRec_eq'
2025-04-14 01:25:22 - DEBUG - New Error 2: line 12, type: rewrite_failed, message: tactic 'rewrite' failed, equality or iff proof expected
  ?m.64
⊢ Nat.gcd 180 168 = Nat.gcd 168 12
2025-04-14 01:25:22 - INFO - Testing fragment: rw [npowBinRec]
2025-04-14 01:25:22 - INFO - Original error line:     rw [← Nat.gcd_rec 180 168]  -- Apply the recursive definition of gcd
2025-04-14 01:25:24 - INFO - Testing fix: Original errors: 2, Fixed errors: 3
2025-04-14 01:25:24 - INFO - Result: False (introduced 2 new errors)
2025-04-14 01:25:24 - DEBUG - === New errors detail ===
2025-04-14 01:25:24 - DEBUG - New Error 1: line 12, type: unknown_identifier, message: unknown identifier 'npowBinRec'
2025-04-14 01:25:24 - DEBUG - New Error 2: line 12, type: rewrite_failed, message: tactic 'rewrite' failed, equality or iff proof expected
  ?m.64
⊢ Nat.gcd 180 168 = Nat.gcd 168 12
2025-04-14 01:25:24 - INFO - Testing fragment: rw [npowRec_eq_npowBinRec]
2025-04-14 01:25:24 - INFO - Original error line:     rw [← Nat.gcd_rec 180 168]  -- Apply the recursive definition of gcd
2025-04-14 01:25:26 - INFO - Testing fix: Original errors: 2, Fixed errors: 3
2025-04-14 01:25:26 - INFO - Target error not fixed: unknown identifier 'npowRec_eq_npowBinRec'...
2025-04-14 01:25:26 - INFO - Result: False (target error not fixed)
2025-04-14 01:25:26 - INFO - Testing fragment: rw [npow_eq_pow]
2025-04-14 01:25:26 - INFO - Original error line:     rw [← Nat.gcd_rec 180 168]  -- Apply the recursive definition of gcd
2025-04-14 01:25:28 - INFO - Testing fix: Original errors: 2, Fixed errors: 2
2025-04-14 01:25:28 - INFO - Result: False (introduced 1 new errors)
2025-04-14 01:25:28 - DEBUG - === New errors detail ===
2025-04-14 01:25:28 - DEBUG - New Error 1: line 12, type: rewrite_failed, message: tactic 'rewrite' failed, did not find instance of the pattern in the target expression
  Monoid.npow ?n ?x
⊢ Nat.gcd 180 168 = Nat.gcd 168 12
2025-04-14 01:25:28 - INFO - Testing fragment: rw [pow_zero]
2025-04-14 01:25:28 - INFO - Original error line:     rw [← Nat.gcd_rec 180 168]  -- Apply the recursive definition of gcd
2025-04-14 01:25:30 - INFO - Testing fix: Original errors: 2, Fixed errors: 2
2025-04-14 01:25:30 - INFO - Result: False (introduced 1 new errors)
2025-04-14 01:25:30 - DEBUG - === New errors detail ===
2025-04-14 01:25:30 - DEBUG - New Error 1: line 12, type: rewrite_failed, message: tactic 'rewrite' failed, did not find instance of the pattern in the target expression
  ?a ^ 0
⊢ Nat.gcd 180 168 = Nat.gcd 168 12
2025-04-14 01:25:30 - INFO - Testing fragment: rw [pow_succ]
2025-04-14 01:25:30 - INFO - Original error line:     rw [← Nat.gcd_rec 180 168]  -- Apply the recursive definition of gcd
2025-04-14 01:25:32 - INFO - Testing fix: Original errors: 2, Fixed errors: 2
2025-04-14 01:25:32 - INFO - Result: False (introduced 1 new errors)
2025-04-14 01:25:32 - DEBUG - === New errors detail ===
2025-04-14 01:25:32 - DEBUG - New Error 1: line 12, type: rewrite_failed, message: tactic 'rewrite' failed, did not find instance of the pattern in the target expression
  ?a ^ (?n + 1)
⊢ Nat.gcd 180 168 = Nat.gcd 168 12
2025-04-14 01:25:32 - INFO - Testing fragment: rw [inv_inv]
2025-04-14 01:25:32 - INFO - Original error line:     rw [← Nat.gcd_rec 180 168]  -- Apply the recursive definition of gcd
2025-04-14 01:25:34 - INFO - Testing fix: Original errors: 2, Fixed errors: 2
2025-04-14 01:25:34 - INFO - Result: False (introduced 1 new errors)
2025-04-14 01:25:34 - DEBUG - === New errors detail ===
2025-04-14 01:25:34 - DEBUG - New Error 1: line 12, type: rewrite_failed, message: tactic 'rewrite' failed, did not find instance of the pattern in the target expression
  ?a⁻¹⁻¹
⊢ Nat.gcd 180 168 = Nat.gcd 168 12
2025-04-14 01:25:34 - INFO - Testing fragment: rw [exists_zpow_surjective]
2025-04-14 01:25:34 - INFO - Original error line:     rw [← Nat.gcd_rec 180 168]  -- Apply the recursive definition of gcd
2025-04-14 01:25:36 - INFO - Testing fix: Original errors: 2, Fixed errors: 3
2025-04-14 01:25:36 - INFO - Result: False (introduced 2 new errors)
2025-04-14 01:25:36 - DEBUG - === New errors detail ===
2025-04-14 01:25:36 - DEBUG - New Error 1: line 12, type: unknown_identifier, message: unknown identifier 'exists_zpow_surjective'
2025-04-14 01:25:36 - DEBUG - New Error 2: line 12, type: rewrite_failed, message: tactic 'rewrite' failed, equality or iff proof expected
  ?m.64
⊢ Nat.gcd 180 168 = Nat.gcd 168 12
2025-04-14 01:25:36 - INFO - Testing fragment: rw [zpow_eq_pow]
2025-04-14 01:25:36 - INFO - Original error line:     rw [← Nat.gcd_rec 180 168]  -- Apply the recursive definition of gcd
2025-04-14 01:25:38 - INFO - Testing fix: Original errors: 2, Fixed errors: 2
2025-04-14 01:25:38 - INFO - Result: False (introduced 1 new errors)
2025-04-14 01:25:38 - DEBUG - === New errors detail ===
2025-04-14 01:25:38 - DEBUG - New Error 1: line 12, type: rewrite_failed, message: tactic 'rewrite' failed, did not find instance of the pattern in the target expression
  DivInvMonoid.zpow ?n ?x
⊢ Nat.gcd 180 168 = Nat.gcd 168 12
2025-04-14 01:25:38 - INFO - Testing fragment: rw [zpow_zero]
2025-04-14 01:25:38 - INFO - Original error line:     rw [← Nat.gcd_rec 180 168]  -- Apply the recursive definition of gcd
2025-04-14 01:25:40 - INFO - Testing fix: Original errors: 2, Fixed errors: 2
2025-04-14 01:25:40 - INFO - Result: False (introduced 1 new errors)
2025-04-14 01:25:40 - DEBUG - === New errors detail ===
2025-04-14 01:25:40 - DEBUG - New Error 1: line 12, type: rewrite_failed, message: tactic 'rewrite' failed, did not find instance of the pattern in the target expression
  ?a ^ 0
⊢ Nat.gcd 180 168 = Nat.gcd 168 12
2025-04-14 01:25:40 - INFO - Testing fragment: rw [zpow_natCast]
2025-04-14 01:25:40 - INFO - Original error line:     rw [← Nat.gcd_rec 180 168]  -- Apply the recursive definition of gcd
2025-04-14 01:25:42 - INFO - Testing fix: Original errors: 2, Fixed errors: 2
2025-04-14 01:25:42 - INFO - Result: False (introduced 1 new errors)
2025-04-14 01:25:42 - DEBUG - === New errors detail ===
2025-04-14 01:25:42 - DEBUG - New Error 1: line 12, type: rewrite_failed, message: tactic 'rewrite' failed, did not find instance of the pattern in the target expression
  ?a ^ ↑?n
⊢ Nat.gcd 180 168 = Nat.gcd 168 12
2025-04-14 01:25:42 - INFO - Testing fragment: rw [zpow_negSucc]
2025-04-14 01:25:42 - INFO - Original error line:     rw [← Nat.gcd_rec 180 168]  -- Apply the recursive definition of gcd
2025-04-14 01:25:44 - INFO - Testing fix: Original errors: 2, Fixed errors: 2
2025-04-14 01:25:44 - INFO - Result: False (introduced 1 new errors)
2025-04-14 01:25:44 - DEBUG - === New errors detail ===
2025-04-14 01:25:44 - DEBUG - New Error 1: line 12, type: rewrite_failed, message: tactic 'rewrite' failed, did not find instance of the pattern in the target expression
  ?a ^ Int.negSucc ?n
⊢ Nat.gcd 180 168 = Nat.gcd 168 12
2025-04-14 01:25:44 - INFO - Testing fragment: rw [negSucc_zsmul]
2025-04-14 01:25:44 - INFO - Original error line:     rw [← Nat.gcd_rec 180 168]  -- Apply the recursive definition of gcd
2025-04-14 01:25:46 - INFO - Testing fix: Original errors: 2, Fixed errors: 2
2025-04-14 01:25:46 - INFO - Result: False (introduced 1 new errors)
2025-04-14 01:25:46 - DEBUG - === New errors detail ===
2025-04-14 01:25:46 - DEBUG - New Error 1: line 12, type: rewrite_failed, message: tactic 'rewrite' failed, did not find instance of the pattern in the target expression
  Int.negSucc ?n • ?a
⊢ Nat.gcd 180 168 = Nat.gcd 168 12
2025-04-14 01:25:46 - INFO - Testing fragment: rw [div_eq_mul_inv]
2025-04-14 01:25:46 - INFO - Original error line:     rw [← Nat.gcd_rec 180 168]  -- Apply the recursive definition of gcd
2025-04-14 01:25:48 - INFO - Testing fix: Original errors: 2, Fixed errors: 2
2025-04-14 01:25:48 - INFO - Result: False (introduced 1 new errors)
2025-04-14 01:25:48 - DEBUG - === New errors detail ===
2025-04-14 01:25:48 - DEBUG - New Error 1: line 12, type: rewrite_failed, message: tactic 'rewrite' failed, did not find instance of the pattern in the target expression
  ?a / ?b
⊢ Nat.gcd 180 168 = Nat.gcd 168 12
2025-04-14 01:25:48 - INFO - Testing fragment: rw [inv_eq_one_div]
2025-04-14 01:25:48 - INFO - Original error line:     rw [← Nat.gcd_rec 180 168]  -- Apply the recursive definition of gcd
2025-04-14 01:25:50 - INFO - Testing fix: Original errors: 2, Fixed errors: 2
2025-04-14 01:25:50 - INFO - Result: False (introduced 1 new errors)
2025-04-14 01:25:50 - DEBUG - === New errors detail ===
2025-04-14 01:25:50 - DEBUG - New Error 1: line 12, type: rewrite_failed, message: tactic 'rewrite' failed, did not find instance of the pattern in the target expression
  ?x⁻¹
⊢ Nat.gcd 180 168 = Nat.gcd 168 12
2025-04-14 01:25:50 - INFO - Testing fragment: rw [mul_div_assoc]
2025-04-14 01:25:50 - INFO - Original error line:     rw [← Nat.gcd_rec 180 168]  -- Apply the recursive definition of gcd
2025-04-14 01:25:52 - INFO - Testing fix: Original errors: 2, Fixed errors: 2
2025-04-14 01:25:52 - INFO - Result: False (introduced 1 new errors)
2025-04-14 01:25:52 - DEBUG - === New errors detail ===
2025-04-14 01:25:52 - DEBUG - New Error 1: line 12, type: rewrite_failed, message: tactic 'rewrite' failed, did not find instance of the pattern in the target expression
  ?a * ?b / ?c
⊢ Nat.gcd 180 168 = Nat.gcd 168 12
2025-04-14 01:25:52 - INFO - Testing fragment: rw [one_div]
2025-04-14 01:25:52 - INFO - Original error line:     rw [← Nat.gcd_rec 180 168]  -- Apply the recursive definition of gcd
2025-04-14 01:25:54 - INFO - Testing fix: Original errors: 2, Fixed errors: 2
2025-04-14 01:25:54 - INFO - Result: False (introduced 1 new errors)
2025-04-14 01:25:54 - DEBUG - === New errors detail ===
2025-04-14 01:25:54 - DEBUG - New Error 1: line 12, type: rewrite_failed, message: tactic 'rewrite' failed, did not find instance of the pattern in the target expression
  1 / ?a
⊢ Nat.gcd 180 168 = Nat.gcd 168 12
2025-04-14 01:25:54 - INFO - Testing fragment: rw [inv_one]
2025-04-14 01:25:54 - INFO - Original error line:     rw [← Nat.gcd_rec 180 168]  -- Apply the recursive definition of gcd
2025-04-14 01:25:56 - INFO - Testing fix: Original errors: 2, Fixed errors: 2
2025-04-14 01:25:56 - INFO - Result: False (introduced 1 new errors)
2025-04-14 01:25:56 - DEBUG - === New errors detail ===
2025-04-14 01:25:56 - DEBUG - New Error 1: line 12, type: rewrite_failed, message: tactic 'rewrite' failed, did not find instance of the pattern in the target expression
  1⁻¹
⊢ Nat.gcd 180 168 = Nat.gcd 168 12
2025-04-14 01:25:56 - INFO - Testing fragment: rw [mul_inv_rev]
2025-04-14 01:25:56 - INFO - Original error line:     rw [← Nat.gcd_rec 180 168]  -- Apply the recursive definition of gcd
2025-04-14 01:25:58 - INFO - Testing fix: Original errors: 2, Fixed errors: 2
2025-04-14 01:25:58 - INFO - Result: False (introduced 1 new errors)
2025-04-14 01:25:58 - DEBUG - === New errors detail ===
2025-04-14 01:25:58 - DEBUG - New Error 1: line 12, type: rewrite_failed, message: tactic 'rewrite' failed, did not find instance of the pattern in the target expression
  (?a * ?b)⁻¹
⊢ Nat.gcd 180 168 = Nat.gcd 168 12
2025-04-14 01:25:58 - INFO - Testing fragment: rw [inv_eq_of_mul_eq_one_right]
2025-04-14 01:25:58 - INFO - Original error line:     rw [← Nat.gcd_rec 180 168]  -- Apply the recursive definition of gcd
2025-04-14 01:26:00 - INFO - Testing fix: Original errors: 2, Fixed errors: 2
2025-04-14 01:26:00 - INFO - Result: False (introduced 1 new errors)
2025-04-14 01:26:00 - DEBUG - === New errors detail ===
2025-04-14 01:26:00 - DEBUG - New Error 1: line 12, type: rewrite_failed, message: tactic 'rewrite' failed, did not find instance of the pattern in the target expression
  ?m.67⁻¹
⊢ Nat.gcd 180 168 = Nat.gcd 168 12
2025-04-14 01:26:00 - INFO - Testing fragment: rw [inv_eq_of_mul_eq_one_left]
2025-04-14 01:26:00 - INFO - Original error line:     rw [← Nat.gcd_rec 180 168]  -- Apply the recursive definition of gcd
2025-04-14 01:26:02 - INFO - Testing fix: Original errors: 2, Fixed errors: 2
2025-04-14 01:26:02 - INFO - Result: False (introduced 1 new errors)
2025-04-14 01:26:02 - DEBUG - === New errors detail ===
2025-04-14 01:26:02 - DEBUG - New Error 1: line 12, type: rewrite_failed, message: tactic 'rewrite' failed, did not find instance of the pattern in the target expression
  ?m.68⁻¹
⊢ Nat.gcd 180 168 = Nat.gcd 168 12
2025-04-14 01:26:02 - INFO - Testing fragment: rw [eq_inv_of_mul_eq_one_left]
2025-04-14 01:26:02 - INFO - Original error line:     rw [← Nat.gcd_rec 180 168]  -- Apply the recursive definition of gcd
2025-04-14 01:26:04 - INFO - Testing fix: Original errors: 2, Fixed errors: 2
2025-04-14 01:26:04 - INFO - Result: False (introduced 1 new errors)
2025-04-14 01:26:04 - DEBUG - === New errors detail ===
2025-04-14 01:26:04 - DEBUG - New Error 1: line 12, type: rewrite_failed, message: tactic 'rewrite' failed, pattern is a metavariable
  ?m.67
from equation
  ?m.67 = ?m.68⁻¹
⊢ Nat.gcd 180 168 = Nat.gcd 168 12
2025-04-14 01:26:04 - INFO - Testing fragment: rw [inv_mul_cancel]
2025-04-14 01:26:04 - INFO - Original error line:     rw [← Nat.gcd_rec 180 168]  -- Apply the recursive definition of gcd
2025-04-14 01:26:06 - INFO - Testing fix: Original errors: 2, Fixed errors: 2
2025-04-14 01:26:06 - INFO - Result: False (introduced 1 new errors)
2025-04-14 01:26:06 - DEBUG - === New errors detail ===
2025-04-14 01:26:06 - DEBUG - New Error 1: line 12, type: rewrite_failed, message: tactic 'rewrite' failed, did not find instance of the pattern in the target expression
  ?m.67⁻¹ * ?m.67
⊢ Nat.gcd 180 168 = Nat.gcd 168 12
2025-04-14 01:26:06 - INFO - Testing fragment: rw [inv_eq_of_mul]
2025-04-14 01:26:06 - INFO - Original error line:     rw [← Nat.gcd_rec 180 168]  -- Apply the recursive definition of gcd
2025-04-14 01:26:08 - INFO - Testing fix: Original errors: 2, Fixed errors: 3
2025-04-14 01:26:08 - INFO - Result: False (introduced 2 new errors)
2025-04-14 01:26:08 - DEBUG - === New errors detail ===
2025-04-14 01:26:08 - DEBUG - New Error 1: line 12, type: unknown_identifier, message: unknown identifier 'inv_eq_of_mul'
2025-04-14 01:26:08 - DEBUG - New Error 2: line 12, type: rewrite_failed, message: tactic 'rewrite' failed, equality or iff proof expected
  ?m.64
⊢ Nat.gcd 180 168 = Nat.gcd 168 12
2025-04-14 01:26:08 - INFO - Testing fragment: rw [mul_inv_cancel]
2025-04-14 01:26:08 - INFO - Original error line:     rw [← Nat.gcd_rec 180 168]  -- Apply the recursive definition of gcd
2025-04-14 01:26:10 - INFO - Testing fix: Original errors: 2, Fixed errors: 2
2025-04-14 01:26:10 - INFO - Result: False (introduced 1 new errors)
2025-04-14 01:26:10 - DEBUG - === New errors detail ===
2025-04-14 01:26:10 - DEBUG - New Error 1: line 12, type: rewrite_failed, message: tactic 'rewrite' failed, did not find instance of the pattern in the target expression
  ?m.67 * ?m.67⁻¹
⊢ Nat.gcd 180 168 = Nat.gcd 168 12
2025-04-14 01:26:10 - INFO - Testing fragment: rw [div_self']
2025-04-14 01:26:10 - INFO - Original error line:     rw [← Nat.gcd_rec 180 168]  -- Apply the recursive definition of gcd
2025-04-14 01:26:12 - INFO - Testing fix: Original errors: 2, Fixed errors: 2
2025-04-14 01:26:12 - INFO - Result: False (introduced 1 new errors)
2025-04-14 01:26:12 - DEBUG - === New errors detail ===
2025-04-14 01:26:12 - DEBUG - New Error 1: line 12, type: rewrite_failed, message: tactic 'rewrite' failed, did not find instance of the pattern in the target expression
  ?a / ?a
⊢ Nat.gcd 180 168 = Nat.gcd 168 12
2025-04-14 01:26:12 - INFO - Testing fragment: rw [inv_mul_cancel_left]
2025-04-14 01:26:12 - INFO - Original error line:     rw [← Nat.gcd_rec 180 168]  -- Apply the recursive definition of gcd
2025-04-14 01:26:14 - INFO - Testing fix: Original errors: 2, Fixed errors: 2
2025-04-14 01:26:14 - INFO - Result: False (introduced 1 new errors)
2025-04-14 01:26:14 - DEBUG - === New errors detail ===
2025-04-14 01:26:14 - DEBUG - New Error 1: line 12, type: rewrite_failed, message: tactic 'rewrite' failed, did not find instance of the pattern in the target expression
  ?a⁻¹ * (?a * ?b)
⊢ Nat.gcd 180 168 = Nat.gcd 168 12
2025-04-14 01:26:14 - INFO - Testing fragment: rw [mul_inv_cancel_left]
2025-04-14 01:26:14 - INFO - Original error line:     rw [← Nat.gcd_rec 180 168]  -- Apply the recursive definition of gcd
2025-04-14 01:26:16 - INFO - Testing fix: Original errors: 2, Fixed errors: 2
2025-04-14 01:26:16 - INFO - Result: False (introduced 1 new errors)
2025-04-14 01:26:16 - DEBUG - === New errors detail ===
2025-04-14 01:26:16 - DEBUG - New Error 1: line 12, type: rewrite_failed, message: tactic 'rewrite' failed, did not find instance of the pattern in the target expression
  ?a * (?a⁻¹ * ?b)
⊢ Nat.gcd 180 168 = Nat.gcd 168 12
2025-04-14 01:26:16 - INFO - Testing fragment: rw [mul_inv_cancel_right]
2025-04-14 01:26:16 - INFO - Original error line:     rw [← Nat.gcd_rec 180 168]  -- Apply the recursive definition of gcd
2025-04-14 01:26:18 - INFO - Testing fix: Original errors: 2, Fixed errors: 2
2025-04-14 01:26:18 - INFO - Result: False (introduced 1 new errors)
2025-04-14 01:26:18 - DEBUG - === New errors detail ===
2025-04-14 01:26:18 - DEBUG - New Error 1: line 12, type: rewrite_failed, message: tactic 'rewrite' failed, did not find instance of the pattern in the target expression
  ?a * ?b * ?b⁻¹
⊢ Nat.gcd 180 168 = Nat.gcd 168 12
2025-04-14 01:26:18 - INFO - Testing fragment: rw [mul_div_cancel_right]
2025-04-14 01:26:18 - INFO - Original error line:     rw [← Nat.gcd_rec 180 168]  -- Apply the recursive definition of gcd
2025-04-14 01:26:20 - INFO - Testing fix: Original errors: 2, Fixed errors: 2
2025-04-14 01:26:20 - INFO - Result: False (introduced 1 new errors)
2025-04-14 01:26:20 - DEBUG - === New errors detail ===
2025-04-14 01:26:20 - DEBUG - New Error 1: line 12, type: rewrite_failed, message: tactic 'rewrite' failed, did not find instance of the pattern in the target expression
  ?a * ?b / ?b
⊢ Nat.gcd 180 168 = Nat.gcd 168 12
2025-04-14 01:26:20 - INFO - Testing fragment: rw [inv_mul_cancel_right]
2025-04-14 01:26:20 - INFO - Original error line:     rw [← Nat.gcd_rec 180 168]  -- Apply the recursive definition of gcd
2025-04-14 01:26:22 - INFO - Testing fix: Original errors: 2, Fixed errors: 2
2025-04-14 01:26:22 - INFO - Result: False (introduced 1 new errors)
2025-04-14 01:26:22 - DEBUG - === New errors detail ===
2025-04-14 01:26:22 - DEBUG - New Error 1: line 12, type: rewrite_failed, message: tactic 'rewrite' failed, did not find instance of the pattern in the target expression
  ?a * ?b⁻¹ * ?b
⊢ Nat.gcd 180 168 = Nat.gcd 168 12
2025-04-14 01:26:22 - INFO - Testing fragment: rw [div_mul_cancel]
2025-04-14 01:26:22 - INFO - Original error line:     rw [← Nat.gcd_rec 180 168]  -- Apply the recursive definition of gcd
2025-04-14 01:26:24 - INFO - Testing fix: Original errors: 2, Fixed errors: 2
2025-04-14 01:26:24 - INFO - Result: False (introduced 1 new errors)
2025-04-14 01:26:24 - DEBUG - === New errors detail ===
2025-04-14 01:26:24 - DEBUG - New Error 1: line 12, type: rewrite_failed, message: tactic 'rewrite' failed, did not find instance of the pattern in the target expression
  ?a / ?b * ?b
⊢ Nat.gcd 180 168 = Nat.gcd 168 12
2025-04-14 01:26:24 - INFO - Testing fragment: rw [<- left_distrib]
2025-04-14 01:26:24 - INFO - Original error line:     rw [← Nat.gcd_rec 180 168]  -- Apply the recursive definition of gcd
2025-04-14 01:26:26 - INFO - Testing fix: Original errors: 2, Fixed errors: 2
2025-04-14 01:26:26 - INFO - Result: False (introduced 1 new errors)
2025-04-14 01:26:26 - DEBUG - === New errors detail ===
2025-04-14 01:26:26 - DEBUG - New Error 1: line 12, type: rewrite_failed, message: tactic 'rewrite' failed, did not find instance of the pattern in the target expression
  ?a * ?b + ?a * ?c
⊢ Nat.gcd 180 168 = Nat.gcd 168 12
2025-04-14 01:26:26 - INFO - Testing fragment: rw [<- right_distrib]
2025-04-14 01:26:26 - INFO - Original error line:     rw [← Nat.gcd_rec 180 168]  -- Apply the recursive definition of gcd
2025-04-14 01:26:28 - INFO - Testing fix: Original errors: 2, Fixed errors: 2
2025-04-14 01:26:28 - INFO - Result: False (introduced 1 new errors)
2025-04-14 01:26:28 - DEBUG - === New errors detail ===
2025-04-14 01:26:28 - DEBUG - New Error 1: line 12, type: rewrite_failed, message: tactic 'rewrite' failed, did not find instance of the pattern in the target expression
  ?a * ?c + ?b * ?c
⊢ Nat.gcd 180 168 = Nat.gcd 168 12
2025-04-14 01:26:28 - INFO - Testing fragment: rw [<- distrib_three_right]
2025-04-14 01:26:28 - INFO - Original error line:     rw [← Nat.gcd_rec 180 168]  -- Apply the recursive definition of gcd
2025-04-14 01:26:30 - INFO - Testing fix: Original errors: 2, Fixed errors: 2
2025-04-14 01:26:30 - INFO - Result: False (introduced 1 new errors)
2025-04-14 01:26:30 - DEBUG - === New errors detail ===
2025-04-14 01:26:30 - DEBUG - New Error 1: line 12, type: rewrite_failed, message: tactic 'rewrite' failed, did not find instance of the pattern in the target expression
  ?a * ?d + ?b * ?d + ?c * ?d
⊢ Nat.gcd 180 168 = Nat.gcd 168 12
2025-04-14 01:26:30 - INFO - Testing fragment: rw [<- add_one_mul]
2025-04-14 01:26:30 - INFO - Original error line:     rw [← Nat.gcd_rec 180 168]  -- Apply the recursive definition of gcd
2025-04-14 01:26:32 - INFO - Testing fix: Original errors: 2, Fixed errors: 2
2025-04-14 01:26:32 - INFO - Result: False (introduced 1 new errors)
2025-04-14 01:26:32 - DEBUG - === New errors detail ===
2025-04-14 01:26:32 - DEBUG - New Error 1: line 12, type: rewrite_failed, message: tactic 'rewrite' failed, did not find instance of the pattern in the target expression
  ?a * ?b + ?b
⊢ Nat.gcd 180 168 = Nat.gcd 168 12
2025-04-14 01:26:32 - INFO - Testing fragment: rw [<- mul_add_one]
2025-04-14 01:26:32 - INFO - Original error line:     rw [← Nat.gcd_rec 180 168]  -- Apply the recursive definition of gcd
2025-04-14 01:26:34 - INFO - Testing fix: Original errors: 2, Fixed errors: 2
2025-04-14 01:26:34 - INFO - Result: False (introduced 1 new errors)
2025-04-14 01:26:34 - DEBUG - === New errors detail ===
2025-04-14 01:26:34 - DEBUG - New Error 1: line 12, type: rewrite_failed, message: tactic 'rewrite' failed, did not find instance of the pattern in the target expression
  ?a * ?b + ?a
⊢ Nat.gcd 180 168 = Nat.gcd 168 12
2025-04-14 01:26:34 - INFO - Testing fragment: rw [<- one_add_mul]
2025-04-14 01:26:34 - INFO - Original error line:     rw [← Nat.gcd_rec 180 168]  -- Apply the recursive definition of gcd
2025-04-14 01:26:36 - INFO - Testing fix: Original errors: 2, Fixed errors: 2
2025-04-14 01:26:36 - INFO - Result: False (introduced 1 new errors)
2025-04-14 01:26:36 - DEBUG - === New errors detail ===
2025-04-14 01:26:36 - DEBUG - New Error 1: line 12, type: rewrite_failed, message: tactic 'rewrite' failed, did not find instance of the pattern in the target expression
  ?b + ?a * ?b
⊢ Nat.gcd 180 168 = Nat.gcd 168 12
2025-04-14 01:26:36 - INFO - Testing fragment: rw [<- mul_one_add]
2025-04-14 01:26:36 - INFO - Original error line:     rw [← Nat.gcd_rec 180 168]  -- Apply the recursive definition of gcd
2025-04-14 01:26:38 - INFO - Testing fix: Original errors: 2, Fixed errors: 2
2025-04-14 01:26:38 - INFO - Result: False (introduced 1 new errors)
2025-04-14 01:26:38 - DEBUG - === New errors detail ===
2025-04-14 01:26:38 - DEBUG - New Error 1: line 12, type: rewrite_failed, message: tactic 'rewrite' failed, did not find instance of the pattern in the target expression
  ?a + ?a * ?b
⊢ Nat.gcd 180 168 = Nat.gcd 168 12
2025-04-14 01:26:38 - INFO - Testing fragment: rw [<- two_mul]
2025-04-14 01:26:38 - INFO - Original error line:     rw [← Nat.gcd_rec 180 168]  -- Apply the recursive definition of gcd
2025-04-14 01:26:40 - INFO - Testing fix: Original errors: 2, Fixed errors: 2
2025-04-14 01:26:40 - INFO - Result: False (introduced 1 new errors)
2025-04-14 01:26:40 - DEBUG - === New errors detail ===
2025-04-14 01:26:40 - DEBUG - New Error 1: line 12, type: rewrite_failed, message: tactic 'rewrite' failed, did not find instance of the pattern in the target expression
  ?n + ?n
⊢ Nat.gcd 180 168 = Nat.gcd 168 12
2025-04-14 01:26:40 - INFO - Testing fragment: rw [<- mul_two]
2025-04-14 01:26:40 - INFO - Original error line:     rw [← Nat.gcd_rec 180 168]  -- Apply the recursive definition of gcd
2025-04-14 01:26:42 - INFO - Testing fix: Original errors: 2, Fixed errors: 2
2025-04-14 01:26:42 - INFO - Result: False (introduced 1 new errors)
2025-04-14 01:26:42 - DEBUG - === New errors detail ===
2025-04-14 01:26:42 - DEBUG - New Error 1: line 12, type: rewrite_failed, message: tactic 'rewrite' failed, did not find instance of the pattern in the target expression
  ?n + ?n
⊢ Nat.gcd 180 168 = Nat.gcd 168 12
2025-04-14 01:26:42 - INFO - Testing fragment: rw [<- mul_boole]
2025-04-14 01:26:42 - INFO - Original error line:     rw [← Nat.gcd_rec 180 168]  -- Apply the recursive definition of gcd
2025-04-14 01:26:44 - INFO - Testing fix: Original errors: 2, Fixed errors: 2
2025-04-14 01:26:44 - INFO - Result: False (introduced 1 new errors)
2025-04-14 01:26:44 - DEBUG - === New errors detail ===
2025-04-14 01:26:44 - DEBUG - New Error 1: line 12, type: rewrite_failed, message: tactic 'rewrite' failed, did not find instance of the pattern in the target expression
  if ?P then ?a else 0
⊢ Nat.gcd 180 168 = Nat.gcd 168 12
2025-04-14 01:26:44 - INFO - Testing fragment: rw [<- boole_mul]
2025-04-14 01:26:44 - INFO - Original error line:     rw [← Nat.gcd_rec 180 168]  -- Apply the recursive definition of gcd
2025-04-14 01:26:46 - INFO - Testing fix: Original errors: 2, Fixed errors: 2
2025-04-14 01:26:46 - INFO - Result: False (introduced 1 new errors)
2025-04-14 01:26:46 - DEBUG - === New errors detail ===
2025-04-14 01:26:46 - DEBUG - New Error 1: line 12, type: rewrite_failed, message: tactic 'rewrite' failed, did not find instance of the pattern in the target expression
  if ?P then ?a else 0
⊢ Nat.gcd 180 168 = Nat.gcd 168 12
2025-04-14 01:26:46 - INFO - Testing fragment: rw [<- add_mul_self_eq]
2025-04-14 01:26:46 - INFO - Original error line:     rw [← Nat.gcd_rec 180 168]  -- Apply the recursive definition of gcd
2025-04-14 01:29:57 - INFO - Testing fix: Original errors: 2, Fixed errors: 2
2025-04-14 01:29:57 - INFO - Result: False (introduced 1 new errors)
2025-04-14 01:29:57 - DEBUG - === New errors detail ===
2025-04-14 01:29:57 - DEBUG - New Error 1: line 12, type: rewrite_failed, message: tactic 'rewrite' failed, did not find instance of the pattern in the target expression
  ?a * ?a + 2 * ?a * ?b + ?b * ?b
⊢ Nat.gcd 180 168 = Nat.gcd 168 12
2025-04-14 01:29:57 - INFO - Testing fragment: rw [<- neg_mul]
2025-04-14 01:29:57 - INFO - Original error line:     rw [← Nat.gcd_rec 180 168]  -- Apply the recursive definition of gcd
2025-04-14 01:29:59 - INFO - Testing fix: Original errors: 2, Fixed errors: 2
2025-04-14 01:29:59 - INFO - Result: False (introduced 1 new errors)
2025-04-14 01:29:59 - DEBUG - === New errors detail ===
2025-04-14 01:29:59 - DEBUG - New Error 1: line 12, type: rewrite_failed, message: tactic 'rewrite' failed, did not find instance of the pattern in the target expression
  -(?a * ?b)
⊢ Nat.gcd 180 168 = Nat.gcd 168 12
2025-04-14 01:29:59 - INFO - Testing fragment: rw [<- mul_neg]
2025-04-14 01:29:59 - INFO - Original error line:     rw [← Nat.gcd_rec 180 168]  -- Apply the recursive definition of gcd
2025-04-14 01:30:01 - INFO - Testing fix: Original errors: 2, Fixed errors: 2
2025-04-14 01:30:01 - INFO - Result: False (introduced 1 new errors)
2025-04-14 01:30:01 - DEBUG - === New errors detail ===
2025-04-14 01:30:01 - DEBUG - New Error 1: line 12, type: rewrite_failed, message: tactic 'rewrite' failed, did not find instance of the pattern in the target expression
  -(?a * ?b)
⊢ Nat.gcd 180 168 = Nat.gcd 168 12
2025-04-14 01:30:01 - INFO - Testing fragment: rw [<- neg_mul_neg]
2025-04-14 01:30:01 - INFO - Original error line:     rw [← Nat.gcd_rec 180 168]  -- Apply the recursive definition of gcd
2025-04-14 01:30:03 - INFO - Testing fix: Original errors: 2, Fixed errors: 2
2025-04-14 01:30:03 - INFO - Result: False (introduced 1 new errors)
2025-04-14 01:30:03 - DEBUG - === New errors detail ===
2025-04-14 01:30:03 - DEBUG - New Error 1: line 12, type: rewrite_failed, message: tactic 'rewrite' failed, did not find instance of the pattern in the target expression
  ?a * ?b
⊢ Nat.gcd 180 168 = Nat.gcd 168 12
2025-04-14 01:30:03 - INFO - Testing fragment: rw [<- neg_mul_eq_neg_mul]
2025-04-14 01:30:03 - INFO - Original error line:     rw [← Nat.gcd_rec 180 168]  -- Apply the recursive definition of gcd
2025-04-14 01:30:05 - INFO - Testing fix: Original errors: 2, Fixed errors: 2
2025-04-14 01:30:05 - INFO - Target error not fixed: tactic 'rewrite' failed, did not find instance of the pattern in the target expression
  -?a * ?b
⊢ ...
2025-04-14 01:30:05 - INFO - Result: False (target error not fixed)
2025-04-14 01:30:05 - INFO - Testing fragment: rw [<- neg_mul_eq_mul_neg]
2025-04-14 01:30:05 - INFO - Original error line:     rw [← Nat.gcd_rec 180 168]  -- Apply the recursive definition of gcd
2025-04-14 01:30:07 - INFO - Testing fix: Original errors: 2, Fixed errors: 2
2025-04-14 01:30:07 - INFO - Target error not fixed: tactic 'rewrite' failed, did not find instance of the pattern in the target expression
  ?a * -?b
⊢ ...
2025-04-14 01:30:07 - INFO - Result: False (target error not fixed)
2025-04-14 01:30:07 - INFO - Testing fragment: rw [<- neg_mul_comm]
2025-04-14 01:30:07 - INFO - Original error line:     rw [← Nat.gcd_rec 180 168]  -- Apply the recursive definition of gcd
2025-04-14 01:30:09 - INFO - Testing fix: Original errors: 2, Fixed errors: 2
2025-04-14 01:30:09 - INFO - Result: False (introduced 1 new errors)
2025-04-14 01:30:09 - DEBUG - === New errors detail ===
2025-04-14 01:30:09 - DEBUG - New Error 1: line 12, type: rewrite_failed, message: tactic 'rewrite' failed, did not find instance of the pattern in the target expression
  ?a * -?b
⊢ Nat.gcd 180 168 = Nat.gcd 168 12
2025-04-14 01:30:09 - INFO - Testing fragment: rw [<- neg_eq_neg_one_mul]
2025-04-14 01:30:09 - INFO - Original error line:     rw [← Nat.gcd_rec 180 168]  -- Apply the recursive definition of gcd
2025-04-14 01:30:11 - INFO - Testing fix: Original errors: 2, Fixed errors: 2
2025-04-14 01:30:11 - INFO - Target error not fixed: tactic 'rewrite' failed, did not find instance of the pattern in the target expression
  -1 * ?a
⊢ N...
2025-04-14 01:30:11 - INFO - Result: False (target error not fixed)
2025-04-14 01:30:11 - INFO - Testing fragment: rw [<- mul_neg_one]
2025-04-14 01:30:11 - INFO - Original error line:     rw [← Nat.gcd_rec 180 168]  -- Apply the recursive definition of gcd
2025-04-14 01:30:13 - INFO - Testing fix: Original errors: 2, Fixed errors: 2
2025-04-14 01:30:13 - INFO - Result: False (introduced 1 new errors)
2025-04-14 01:30:13 - DEBUG - === New errors detail ===
2025-04-14 01:30:13 - DEBUG - New Error 1: line 12, type: rewrite_failed, message: tactic 'rewrite' failed, did not find instance of the pattern in the target expression
  -?a
⊢ Nat.gcd 180 168 = Nat.gcd 168 12
2025-04-14 01:30:13 - INFO - Testing fragment: rw [<- neg_one_mul]
2025-04-14 01:30:13 - INFO - Original error line:     rw [← Nat.gcd_rec 180 168]  -- Apply the recursive definition of gcd
2025-04-14 01:30:15 - INFO - Testing fix: Original errors: 2, Fixed errors: 2
2025-04-14 01:30:15 - INFO - Result: False (introduced 1 new errors)
2025-04-14 01:30:15 - DEBUG - === New errors detail ===
2025-04-14 01:30:15 - DEBUG - New Error 1: line 12, type: rewrite_failed, message: tactic 'rewrite' failed, did not find instance of the pattern in the target expression
  -?a
⊢ Nat.gcd 180 168 = Nat.gcd 168 12
2025-04-14 01:30:15 - INFO - Testing fragment: rw [<- mul_sub_left_distrib]
2025-04-14 01:30:15 - INFO - Original error line:     rw [← Nat.gcd_rec 180 168]  -- Apply the recursive definition of gcd
2025-04-14 01:30:18 - INFO - Testing fix: Original errors: 2, Fixed errors: 2
2025-04-14 01:30:18 - INFO - Result: False (introduced 1 new errors)
2025-04-14 01:30:18 - DEBUG - === New errors detail ===
2025-04-14 01:30:18 - DEBUG - New Error 1: line 12, type: rewrite_failed, message: tactic 'rewrite' failed, did not find instance of the pattern in the target expression
  ?a * ?b - ?a * ?c
⊢ Nat.gcd 180 168 = Nat.gcd 168 12
2025-04-14 01:30:18 - INFO - Testing fragment: rw [<- mul_sub_right_distrib]
2025-04-14 01:30:18 - INFO - Original error line:     rw [← Nat.gcd_rec 180 168]  -- Apply the recursive definition of gcd
2025-04-14 01:30:20 - INFO - Testing fix: Original errors: 2, Fixed errors: 2
2025-04-14 01:30:20 - INFO - Result: False (introduced 1 new errors)
2025-04-14 01:30:20 - DEBUG - === New errors detail ===
2025-04-14 01:30:20 - DEBUG - New Error 1: line 12, type: rewrite_failed, message: tactic 'rewrite' failed, did not find instance of the pattern in the target expression
  ?a * ?c - ?b * ?c
⊢ Nat.gcd 180 168 = Nat.gcd 168 12
2025-04-14 01:30:20 - INFO - Testing fragment: rw [<- sub_one_mul]
2025-04-14 01:30:20 - INFO - Original error line:     rw [← Nat.gcd_rec 180 168]  -- Apply the recursive definition of gcd
2025-04-14 01:30:22 - INFO - Testing fix: Original errors: 2, Fixed errors: 2
2025-04-14 01:30:22 - INFO - Result: False (introduced 1 new errors)
2025-04-14 01:30:22 - DEBUG - === New errors detail ===
2025-04-14 01:30:22 - DEBUG - New Error 1: line 12, type: rewrite_failed, message: tactic 'rewrite' failed, did not find instance of the pattern in the target expression
  ?a * ?b - ?b
⊢ Nat.gcd 180 168 = Nat.gcd 168 12
2025-04-14 01:30:22 - INFO - Testing fragment: rw [<- mul_sub_one]
2025-04-14 01:30:22 - INFO - Original error line:     rw [← Nat.gcd_rec 180 168]  -- Apply the recursive definition of gcd
2025-04-14 01:30:24 - INFO - Testing fix: Original errors: 2, Fixed errors: 2
2025-04-14 01:30:24 - INFO - Result: False (introduced 1 new errors)
2025-04-14 01:30:24 - DEBUG - === New errors detail ===
2025-04-14 01:30:24 - DEBUG - New Error 1: line 12, type: rewrite_failed, message: tactic 'rewrite' failed, did not find instance of the pattern in the target expression
  ?a * ?b - ?a
⊢ Nat.gcd 180 168 = Nat.gcd 168 12
2025-04-14 01:30:24 - INFO - Testing fragment: rw [<- one_sub_mul]
2025-04-14 01:30:24 - INFO - Original error line:     rw [← Nat.gcd_rec 180 168]  -- Apply the recursive definition of gcd
2025-04-14 01:30:26 - INFO - Testing fix: Original errors: 2, Fixed errors: 2
2025-04-14 01:30:26 - INFO - Result: False (introduced 1 new errors)
2025-04-14 01:30:26 - DEBUG - === New errors detail ===
2025-04-14 01:30:26 - DEBUG - New Error 1: line 12, type: rewrite_failed, message: tactic 'rewrite' failed, did not find instance of the pattern in the target expression
  ?b - ?a * ?b
⊢ Nat.gcd 180 168 = Nat.gcd 168 12
2025-04-14 01:30:26 - INFO - Testing fragment: rw [<- mul_one_sub]
2025-04-14 01:30:26 - INFO - Original error line:     rw [← Nat.gcd_rec 180 168]  -- Apply the recursive definition of gcd
2025-04-14 01:30:28 - INFO - Testing fix: Original errors: 2, Fixed errors: 2
2025-04-14 01:30:28 - INFO - Result: False (introduced 1 new errors)
2025-04-14 01:30:28 - DEBUG - === New errors detail ===
2025-04-14 01:30:28 - DEBUG - New Error 1: line 12, type: rewrite_failed, message: tactic 'rewrite' failed, did not find instance of the pattern in the target expression
  ?a - ?a * ?b
⊢ Nat.gcd 180 168 = Nat.gcd 168 12
2025-04-14 01:30:28 - INFO - Testing fragment: rw [<- mul_left_cancel]
2025-04-14 01:30:28 - INFO - Original error line:     rw [← Nat.gcd_rec 180 168]  -- Apply the recursive definition of gcd
2025-04-14 01:30:30 - INFO - Testing fix: Original errors: 2, Fixed errors: 2
2025-04-14 01:30:30 - INFO - Result: False (introduced 1 new errors)
2025-04-14 01:30:30 - DEBUG - === New errors detail ===
2025-04-14 01:30:30 - DEBUG - New Error 1: line 12, type: rewrite_failed, message: tactic 'rewrite' failed, pattern is a metavariable
  ?m.70
from equation
  ?m.70 = ?m.69
⊢ Nat.gcd 180 168 = Nat.gcd 168 12
2025-04-14 01:30:30 - INFO - Testing fragment: rw [<- mul_left_cancel_iff]
2025-04-14 01:30:30 - INFO - Original error line:     rw [← Nat.gcd_rec 180 168]  -- Apply the recursive definition of gcd
2025-04-14 01:30:32 - INFO - Testing fix: Original errors: 2, Fixed errors: 3
2025-04-14 01:30:32 - INFO - Result: False (introduced 2 new errors)
2025-04-14 01:30:32 - DEBUG - === New errors detail ===
2025-04-14 01:30:32 - DEBUG - New Error 1: line 12, type: failed_to_synthesize, message: failed to synthesize
  IsLeftCancelMul ℕ
use `set_option diagnostics true` to get diagnostic information
2025-04-14 01:30:32 - DEBUG - New Error 2: line 11, type: other_error, message: unsolved goals
case e_a.e_m.h.e_2
⊢ False

case e_a.e_m.h.e_3.e_1
⊢ 180 = 168

case e_a.e_n.h.e_2
⊢ 168 = 12

case e_a.e_n.h.e_3.e_1
⊢ 168 = 12

⊢ ℕ

⊢ IsLeftCancelMul ℕ
2025-04-14 01:30:32 - INFO - Testing fragment: rw [<- mul_right_injective]
2025-04-14 01:30:32 - INFO - Original error line:     rw [← Nat.gcd_rec 180 168]  -- Apply the recursive definition of gcd
2025-04-14 01:31:59 - INFO - Testing fix: Original errors: 2, Fixed errors: 2
2025-04-14 01:31:59 - INFO - Result: False (introduced 1 new errors)
2025-04-14 01:31:59 - DEBUG - === New errors detail ===
2025-04-14 01:31:59 - DEBUG - New Error 1: line 12, type: rewrite_failed, message: tactic 'rewrite' failed, pattern is a metavariable
  ?a₂
from equation
  ?a₂ = ?a₁
⊢ Nat.gcd 180 168 = Nat.gcd 168 12
2025-04-14 01:31:59 - INFO - Testing fragment: rw [<- mul_right_inj]
2025-04-14 01:31:59 - INFO - Original error line:     rw [← Nat.gcd_rec 180 168]  -- Apply the recursive definition of gcd
2025-04-14 01:32:01 - INFO - Testing fix: Original errors: 2, Fixed errors: 3
2025-04-14 01:32:01 - INFO - Result: False (introduced 2 new errors)
2025-04-14 01:32:01 - DEBUG - === New errors detail ===
2025-04-14 01:32:01 - DEBUG - New Error 1: line 12, type: failed_to_synthesize, message: failed to synthesize
  IsLeftCancelMul ℕ
use `set_option diagnostics true` to get diagnostic information
2025-04-14 01:32:01 - DEBUG - New Error 2: line 11, type: other_error, message: unsolved goals
case e_a.e_m.h.e_2
⊢ False

case e_a.e_m.h.e_3.e_1
⊢ 180 = 168

case e_a.e_n.h.e_2
⊢ 168 = 12

case e_a.e_n.h.e_3.e_1
⊢ 168 = 12

case a
⊢ ℕ

⊢ IsLeftCancelMul ℕ
2025-04-14 01:32:01 - INFO - Testing fragment: rw [<- mul_ne_mul_right]
2025-04-14 01:32:01 - INFO - Original error line:     rw [← Nat.gcd_rec 180 168]  -- Apply the recursive definition of gcd
2025-04-14 01:32:03 - INFO - Testing fix: Original errors: 2, Fixed errors: 2
2025-04-14 01:32:03 - INFO - Result: False (introduced 1 new errors)
2025-04-14 01:32:03 - DEBUG - === New errors detail ===
2025-04-14 01:32:03 - DEBUG - New Error 1: line 12, type: rewrite_failed, message: tactic 'rewrite' failed, did not find instance of the pattern in the target expression
  ?b ≠ ?c
⊢ Nat.gcd 180 168 = Nat.gcd 168 12
2025-04-14 01:32:03 - INFO - Testing fragment: rw [<- mul_right_cancel]
2025-04-14 01:32:03 - INFO - Original error line:     rw [← Nat.gcd_rec 180 168]  -- Apply the recursive definition of gcd
2025-04-14 01:32:05 - INFO - Testing fix: Original errors: 2, Fixed errors: 2
2025-04-14 01:32:05 - INFO - Result: False (introduced 1 new errors)
2025-04-14 01:32:05 - DEBUG - === New errors detail ===
2025-04-14 01:32:05 - DEBUG - New Error 1: line 12, type: rewrite_failed, message: tactic 'rewrite' failed, pattern is a metavariable
  ?m.70
from equation
  ?m.70 = ?m.68
⊢ Nat.gcd 180 168 = Nat.gcd 168 12
2025-04-14 01:32:05 - INFO - Testing fragment: rw [<- mul_right_cancel_iff]
2025-04-14 01:32:05 - INFO - Original error line:     rw [← Nat.gcd_rec 180 168]  -- Apply the recursive definition of gcd
2025-04-14 01:32:07 - INFO - Testing fix: Original errors: 2, Fixed errors: 3
2025-04-14 01:32:07 - INFO - Result: False (introduced 2 new errors)
2025-04-14 01:32:07 - DEBUG - === New errors detail ===
2025-04-14 01:32:07 - DEBUG - New Error 1: line 12, type: failed_to_synthesize, message: failed to synthesize
  IsRightCancelMul ℕ
use `set_option diagnostics true` to get diagnostic information
2025-04-14 01:32:07 - DEBUG - New Error 2: line 11, type: other_error, message: unsolved goals
case e_a.e_m.h.e_2
⊢ False

case e_a.e_m.h.e_3.e_1
⊢ 180 = 168

case e_a.e_n.h.e_2
⊢ 168 = 12

case e_a.e_n.h.e_3.e_1
⊢ 168 = 12

⊢ ℕ

⊢ IsRightCancelMul ℕ
2025-04-14 01:32:07 - INFO - Testing fragment: rw [<- mul_left_injective]
2025-04-14 01:32:07 - INFO - Original error line:     rw [← Nat.gcd_rec 180 168]  -- Apply the recursive definition of gcd
2025-04-14 01:32:09 - INFO - Testing fix: Original errors: 2, Fixed errors: 2
2025-04-14 01:32:09 - INFO - Target error not fixed: tactic 'rewrite' failed, pattern is a metavariable
  ?a₂
from equation
  ?a₂ = ?a₁
⊢ Nat.gcd 180 168...
2025-04-14 01:32:09 - INFO - Result: False (target error not fixed)
2025-04-14 01:32:09 - INFO - Testing fragment: rw [<- mul_left_inj]
2025-04-14 01:32:09 - INFO - Original error line:     rw [← Nat.gcd_rec 180 168]  -- Apply the recursive definition of gcd
2025-04-14 01:32:11 - INFO - Testing fix: Original errors: 2, Fixed errors: 3
2025-04-14 01:32:11 - INFO - Result: False (introduced 2 new errors)
2025-04-14 01:32:11 - DEBUG - === New errors detail ===
2025-04-14 01:32:11 - DEBUG - New Error 1: line 12, type: failed_to_synthesize, message: failed to synthesize
  IsRightCancelMul ℕ
use `set_option diagnostics true` to get diagnostic information
2025-04-14 01:32:11 - DEBUG - New Error 2: line 11, type: other_error, message: unsolved goals
case e_a.e_m.h.e_2
⊢ False

case e_a.e_m.h.e_3.e_1
⊢ 180 = 168

case e_a.e_n.h.e_2
⊢ 168 = 12

case e_a.e_n.h.e_3.e_1
⊢ 168 = 12

case a
⊢ ℕ

⊢ IsRightCancelMul ℕ
2025-04-14 01:32:11 - INFO - Testing fragment: rw [<- mul_ne_mul_left]
2025-04-14 01:32:11 - INFO - Original error line:     rw [← Nat.gcd_rec 180 168]  -- Apply the recursive definition of gcd
2025-04-14 01:32:13 - INFO - Testing fix: Original errors: 2, Fixed errors: 2
2025-04-14 01:32:13 - INFO - Result: False (introduced 1 new errors)
2025-04-14 01:32:13 - DEBUG - === New errors detail ===
2025-04-14 01:32:13 - DEBUG - New Error 1: line 12, type: rewrite_failed, message: tactic 'rewrite' failed, did not find instance of the pattern in the target expression
  ?b ≠ ?c
⊢ Nat.gcd 180 168 = Nat.gcd 168 12
2025-04-14 01:32:13 - INFO - Testing fragment: rw [<- mul_assoc]
2025-04-14 01:32:13 - INFO - Original error line:     rw [← Nat.gcd_rec 180 168]  -- Apply the recursive definition of gcd
2025-04-14 01:32:15 - INFO - Testing fix: Original errors: 2, Fixed errors: 2
2025-04-14 01:32:15 - INFO - Result: False (introduced 1 new errors)
2025-04-14 01:32:15 - DEBUG - === New errors detail ===
2025-04-14 01:32:15 - DEBUG - New Error 1: line 12, type: rewrite_failed, message: tactic 'rewrite' failed, did not find instance of the pattern in the target expression
  ?a * (?b * ?c)
⊢ Nat.gcd 180 168 = Nat.gcd 168 12
2025-04-14 01:32:15 - INFO - Testing fragment: rw [<- mul_comm]
2025-04-14 01:32:15 - INFO - Original error line:     rw [← Nat.gcd_rec 180 168]  -- Apply the recursive definition of gcd
2025-04-14 01:32:17 - INFO - Testing fix: Original errors: 2, Fixed errors: 2
2025-04-14 01:32:17 - INFO - Result: False (introduced 1 new errors)
2025-04-14 01:32:17 - DEBUG - === New errors detail ===
2025-04-14 01:32:17 - DEBUG - New Error 1: line 12, type: rewrite_failed, message: tactic 'rewrite' failed, did not find instance of the pattern in the target expression
  ?b * ?a
⊢ Nat.gcd 180 168 = Nat.gcd 168 12
2025-04-14 01:32:17 - INFO - Testing fragment: rw [<- MulOneClass]
2025-04-14 01:32:17 - INFO - Original error line:     rw [← Nat.gcd_rec 180 168]  -- Apply the recursive definition of gcd
2025-04-14 01:32:19 - INFO - Testing fix: Original errors: 2, Fixed errors: 2
2025-04-14 01:32:19 - INFO - Result: False (introduced 1 new errors)
2025-04-14 01:32:19 - DEBUG - === New errors detail ===
2025-04-14 01:32:19 - DEBUG - New Error 1: line 12, type: rewrite_failed, message: tactic 'rewrite' failed, equality or iff proof expected
  Type ?u.64
⊢ Nat.gcd 180 168 = Nat.gcd 168 12
2025-04-14 01:32:19 - INFO - Testing fragment: rw [<- one_mul]
2025-04-14 01:32:19 - INFO - Original error line:     rw [← Nat.gcd_rec 180 168]  -- Apply the recursive definition of gcd
2025-04-14 01:32:21 - INFO - Testing fix: Original errors: 2, Fixed errors: 2
2025-04-14 01:32:21 - INFO - Result: False (introduced 1 new errors)
2025-04-14 01:32:21 - DEBUG - === New errors detail ===
2025-04-14 01:32:21 - DEBUG - New Error 1: line 12, type: rewrite_failed, message: tactic 'rewrite' failed, pattern is a metavariable
  ?a
from equation
  ?a = 1 * ?a
⊢ Nat.gcd 180 168 = Nat.gcd 168 12
2025-04-14 01:32:21 - INFO - Testing fragment: rw [<- mul_one]
2025-04-14 01:32:21 - INFO - Original error line:     rw [← Nat.gcd_rec 180 168]  -- Apply the recursive definition of gcd
2025-04-14 01:32:23 - INFO - Testing fix: Original errors: 2, Fixed errors: 2
2025-04-14 01:32:23 - INFO - Result: False (introduced 1 new errors)
2025-04-14 01:32:23 - DEBUG - === New errors detail ===
2025-04-14 01:32:23 - DEBUG - New Error 1: line 12, type: rewrite_failed, message: tactic 'rewrite' failed, pattern is a metavariable
  ?a
from equation
  ?a = ?a * 1
⊢ Nat.gcd 180 168 = Nat.gcd 168 12
2025-04-14 01:32:23 - INFO - Testing fragment: rw [<- npowRec_add]
2025-04-14 01:32:23 - INFO - Original error line:     rw [← Nat.gcd_rec 180 168]  -- Apply the recursive definition of gcd
2025-04-14 01:32:25 - INFO - Testing fix: Original errors: 2, Fixed errors: 3
2025-04-14 01:32:25 - INFO - Result: False (introduced 2 new errors)
2025-04-14 01:32:25 - DEBUG - === New errors detail ===
2025-04-14 01:32:25 - DEBUG - New Error 1: line 12, type: unknown_identifier, message: unknown identifier 'npowRec_add'
2025-04-14 01:32:25 - DEBUG - New Error 2: line 12, type: rewrite_failed, message: tactic 'rewrite' failed, equality or iff proof expected
  ?m.64
⊢ Nat.gcd 180 168 = Nat.gcd 168 12
2025-04-14 01:32:25 - INFO - Testing fragment: rw [<- npowRec_succ]
2025-04-14 01:32:25 - INFO - Original error line:     rw [← Nat.gcd_rec 180 168]  -- Apply the recursive definition of gcd
2025-04-14 01:32:27 - INFO - Testing fix: Original errors: 2, Fixed errors: 3
2025-04-14 01:32:27 - INFO - Result: False (introduced 2 new errors)
2025-04-14 01:32:27 - DEBUG - === New errors detail ===
2025-04-14 01:32:27 - DEBUG - New Error 1: line 12, type: unknown_identifier, message: unknown identifier 'npowRec_succ'
2025-04-14 01:32:27 - DEBUG - New Error 2: line 12, type: rewrite_failed, message: tactic 'rewrite' failed, equality or iff proof expected
  ?m.64
⊢ Nat.gcd 180 168 = Nat.gcd 168 12
2025-04-14 01:32:27 - INFO - Testing fragment: rw [<- npowRec'_succ]
2025-04-14 01:32:27 - INFO - Original error line:     rw [← Nat.gcd_rec 180 168]  -- Apply the recursive definition of gcd
2025-04-14 01:32:29 - INFO - Testing fix: Original errors: 2, Fixed errors: 3
2025-04-14 01:32:29 - INFO - Result: False (introduced 2 new errors)
2025-04-14 01:32:29 - DEBUG - === New errors detail ===
2025-04-14 01:32:29 - DEBUG - New Error 1: line 12, type: unknown_identifier, message: unknown identifier 'npowRec'_succ'
2025-04-14 01:32:29 - DEBUG - New Error 2: line 12, type: rewrite_failed, message: tactic 'rewrite' failed, equality or iff proof expected
  ?m.64
⊢ Nat.gcd 180 168 = Nat.gcd 168 12
2025-04-14 01:32:29 - INFO - Testing fragment: rw [<- npowRec'_two_mul]
2025-04-14 01:32:29 - INFO - Original error line:     rw [← Nat.gcd_rec 180 168]  -- Apply the recursive definition of gcd
2025-04-14 01:32:31 - INFO - Testing fix: Original errors: 2, Fixed errors: 3
2025-04-14 01:32:31 - INFO - Result: False (introduced 2 new errors)
2025-04-14 01:32:31 - DEBUG - === New errors detail ===
2025-04-14 01:32:31 - DEBUG - New Error 1: line 12, type: unknown_identifier, message: unknown identifier 'npowRec'_two_mul'
2025-04-14 01:32:31 - DEBUG - New Error 2: line 12, type: rewrite_failed, message: tactic 'rewrite' failed, equality or iff proof expected
  ?m.64
⊢ Nat.gcd 180 168 = Nat.gcd 168 12
2025-04-14 01:32:31 - INFO - Testing fragment: rw [<- npowRec'_mul_comm]
2025-04-14 01:32:31 - INFO - Original error line:     rw [← Nat.gcd_rec 180 168]  -- Apply the recursive definition of gcd
2025-04-14 01:32:33 - INFO - Testing fix: Original errors: 2, Fixed errors: 3
2025-04-14 01:32:33 - INFO - Result: False (introduced 2 new errors)
2025-04-14 01:32:33 - DEBUG - === New errors detail ===
2025-04-14 01:32:33 - DEBUG - New Error 1: line 12, type: unknown_identifier, message: unknown identifier 'npowRec'_mul_comm'
2025-04-14 01:32:33 - DEBUG - New Error 2: line 12, type: rewrite_failed, message: tactic 'rewrite' failed, equality or iff proof expected
  ?m.64
⊢ Nat.gcd 180 168 = Nat.gcd 168 12
2025-04-14 01:32:33 - INFO - Testing fragment: rw [<- npowRec_eq]
2025-04-14 01:32:33 - INFO - Original error line:     rw [← Nat.gcd_rec 180 168]  -- Apply the recursive definition of gcd
2025-04-14 01:32:35 - INFO - Testing fix: Original errors: 2, Fixed errors: 3
2025-04-14 01:32:35 - INFO - Result: False (introduced 2 new errors)
2025-04-14 01:32:35 - DEBUG - === New errors detail ===
2025-04-14 01:32:35 - DEBUG - New Error 1: line 12, type: unknown_identifier, message: unknown identifier 'npowRec_eq'
2025-04-14 01:32:35 - DEBUG - New Error 2: line 12, type: rewrite_failed, message: tactic 'rewrite' failed, equality or iff proof expected
  ?m.64
⊢ Nat.gcd 180 168 = Nat.gcd 168 12
2025-04-14 01:32:35 - INFO - Testing fragment: rw [<- npowBinRec]
2025-04-14 01:32:35 - INFO - Original error line:     rw [← Nat.gcd_rec 180 168]  -- Apply the recursive definition of gcd
2025-04-14 01:32:37 - INFO - Testing fix: Original errors: 2, Fixed errors: 3
2025-04-14 01:32:37 - INFO - Result: False (introduced 2 new errors)
2025-04-14 01:32:37 - DEBUG - === New errors detail ===
2025-04-14 01:32:37 - DEBUG - New Error 1: line 12, type: unknown_identifier, message: unknown identifier 'npowBinRec'
2025-04-14 01:32:37 - DEBUG - New Error 2: line 12, type: rewrite_failed, message: tactic 'rewrite' failed, equality or iff proof expected
  ?m.64
⊢ Nat.gcd 180 168 = Nat.gcd 168 12
2025-04-14 01:32:37 - INFO - Testing fragment: rw [<- npowRec_eq_npowBinRec]
2025-04-14 01:32:37 - INFO - Original error line:     rw [← Nat.gcd_rec 180 168]  -- Apply the recursive definition of gcd
2025-04-14 01:32:39 - INFO - Testing fix: Original errors: 2, Fixed errors: 3
2025-04-14 01:32:39 - INFO - Result: False (introduced 2 new errors)
2025-04-14 01:32:39 - DEBUG - === New errors detail ===
2025-04-14 01:32:39 - DEBUG - New Error 1: line 12, type: unknown_identifier, message: unknown identifier 'npowRec_eq_npowBinRec'
2025-04-14 01:32:39 - DEBUG - New Error 2: line 12, type: rewrite_failed, message: tactic 'rewrite' failed, equality or iff proof expected
  ?m.64
⊢ Nat.gcd 180 168 = Nat.gcd 168 12
2025-04-14 01:32:39 - INFO - Testing fragment: rw [<- npow_eq_pow]
2025-04-14 01:32:39 - INFO - Original error line:     rw [← Nat.gcd_rec 180 168]  -- Apply the recursive definition of gcd
2025-04-14 01:32:41 - INFO - Testing fix: Original errors: 2, Fixed errors: 2
2025-04-14 01:32:41 - INFO - Result: False (introduced 1 new errors)
2025-04-14 01:32:41 - DEBUG - === New errors detail ===
2025-04-14 01:32:41 - DEBUG - New Error 1: line 12, type: rewrite_failed, message: tactic 'rewrite' failed, did not find instance of the pattern in the target expression
  ?x ^ ?n
⊢ Nat.gcd 180 168 = Nat.gcd 168 12
2025-04-14 01:32:41 - INFO - Testing fragment: rw [<- pow_zero]
2025-04-14 01:32:41 - INFO - Original error line:     rw [← Nat.gcd_rec 180 168]  -- Apply the recursive definition of gcd
2025-04-14 01:32:43 - INFO - Testing fix: Original errors: 2, Fixed errors: 2
2025-04-14 01:32:43 - INFO - Result: False (introduced 1 new errors)
2025-04-14 01:32:43 - DEBUG - === New errors detail ===
2025-04-14 01:32:43 - DEBUG - New Error 1: line 12, type: rewrite_failed, message: tactic 'rewrite' failed, did not find instance of the pattern in the target expression
  1
⊢ Nat.gcd 180 168 = Nat.gcd 168 12
2025-04-14 01:32:43 - INFO - Testing fragment: rw [<- pow_succ]
2025-04-14 01:32:43 - INFO - Original error line:     rw [← Nat.gcd_rec 180 168]  -- Apply the recursive definition of gcd
2025-04-14 01:32:45 - INFO - Testing fix: Original errors: 2, Fixed errors: 2
2025-04-14 01:32:45 - INFO - Result: False (introduced 1 new errors)
2025-04-14 01:32:45 - DEBUG - === New errors detail ===
2025-04-14 01:32:45 - DEBUG - New Error 1: line 12, type: rewrite_failed, message: tactic 'rewrite' failed, did not find instance of the pattern in the target expression
  ?a ^ ?n * ?a
⊢ Nat.gcd 180 168 = Nat.gcd 168 12
2025-04-14 01:32:45 - INFO - Testing fragment: rw [<- inv_inv]
2025-04-14 01:32:45 - INFO - Original error line:     rw [← Nat.gcd_rec 180 168]  -- Apply the recursive definition of gcd
2025-04-14 01:32:47 - INFO - Testing fix: Original errors: 2, Fixed errors: 2
2025-04-14 01:32:47 - INFO - Result: False (introduced 1 new errors)
2025-04-14 01:32:47 - DEBUG - === New errors detail ===
2025-04-14 01:32:47 - DEBUG - New Error 1: line 12, type: rewrite_failed, message: tactic 'rewrite' failed, pattern is a metavariable
  ?a
from equation
  ?a = ?a⁻¹⁻¹
⊢ Nat.gcd 180 168 = Nat.gcd 168 12
2025-04-14 01:32:47 - INFO - Testing fragment: rw [<- exists_zpow_surjective]
2025-04-14 01:32:47 - INFO - Original error line:     rw [← Nat.gcd_rec 180 168]  -- Apply the recursive definition of gcd
2025-04-14 01:32:49 - INFO - Testing fix: Original errors: 2, Fixed errors: 3
2025-04-14 01:32:49 - INFO - Result: False (introduced 2 new errors)
2025-04-14 01:32:49 - DEBUG - === New errors detail ===
2025-04-14 01:32:49 - DEBUG - New Error 1: line 12, type: unknown_identifier, message: unknown identifier 'exists_zpow_surjective'
2025-04-14 01:32:49 - DEBUG - New Error 2: line 12, type: rewrite_failed, message: tactic 'rewrite' failed, equality or iff proof expected
  ?m.64
⊢ Nat.gcd 180 168 = Nat.gcd 168 12
2025-04-14 01:32:49 - INFO - Testing fragment: rw [<- zpow_eq_pow]
2025-04-14 01:32:49 - INFO - Original error line:     rw [← Nat.gcd_rec 180 168]  -- Apply the recursive definition of gcd
2025-04-14 01:32:51 - INFO - Testing fix: Original errors: 2, Fixed errors: 2
2025-04-14 01:32:51 - INFO - Result: False (introduced 1 new errors)
2025-04-14 01:32:51 - DEBUG - === New errors detail ===
2025-04-14 01:32:51 - DEBUG - New Error 1: line 12, type: rewrite_failed, message: tactic 'rewrite' failed, did not find instance of the pattern in the target expression
  ?x ^ ?n
⊢ Nat.gcd 180 168 = Nat.gcd 168 12
2025-04-14 01:32:51 - INFO - Testing fragment: rw [<- zpow_zero]
2025-04-14 01:32:51 - INFO - Original error line:     rw [← Nat.gcd_rec 180 168]  -- Apply the recursive definition of gcd
2025-04-14 01:32:53 - INFO - Testing fix: Original errors: 2, Fixed errors: 2
2025-04-14 01:32:53 - INFO - Result: False (introduced 1 new errors)
2025-04-14 01:32:53 - DEBUG - === New errors detail ===
2025-04-14 01:32:53 - DEBUG - New Error 1: line 12, type: rewrite_failed, message: tactic 'rewrite' failed, did not find instance of the pattern in the target expression
  1
⊢ Nat.gcd 180 168 = Nat.gcd 168 12
2025-04-14 01:32:53 - INFO - Testing fragment: rw [<- zpow_natCast]
2025-04-14 01:32:53 - INFO - Original error line:     rw [← Nat.gcd_rec 180 168]  -- Apply the recursive definition of gcd
2025-04-14 01:32:55 - INFO - Testing fix: Original errors: 2, Fixed errors: 2
2025-04-14 01:32:55 - INFO - Result: False (introduced 1 new errors)
2025-04-14 01:32:55 - DEBUG - === New errors detail ===
2025-04-14 01:32:55 - DEBUG - New Error 1: line 12, type: rewrite_failed, message: tactic 'rewrite' failed, did not find instance of the pattern in the target expression
  ?a ^ ?n
⊢ Nat.gcd 180 168 = Nat.gcd 168 12
2025-04-14 01:32:55 - INFO - Testing fragment: rw [<- zpow_negSucc]
2025-04-14 01:32:55 - INFO - Original error line:     rw [← Nat.gcd_rec 180 168]  -- Apply the recursive definition of gcd
2025-04-14 01:32:57 - INFO - Testing fix: Original errors: 2, Fixed errors: 2
2025-04-14 01:32:57 - INFO - Result: False (introduced 1 new errors)
2025-04-14 01:32:57 - DEBUG - === New errors detail ===
2025-04-14 01:32:57 - DEBUG - New Error 1: line 12, type: rewrite_failed, message: tactic 'rewrite' failed, did not find instance of the pattern in the target expression
  (?a ^ (?n + 1))⁻¹
⊢ Nat.gcd 180 168 = Nat.gcd 168 12
2025-04-14 01:32:57 - INFO - Testing fragment: rw [<- negSucc_zsmul]
2025-04-14 01:32:57 - INFO - Original error line:     rw [← Nat.gcd_rec 180 168]  -- Apply the recursive definition of gcd
2025-04-14 01:32:59 - INFO - Testing fix: Original errors: 2, Fixed errors: 2
2025-04-14 01:32:59 - INFO - Result: False (introduced 1 new errors)
2025-04-14 01:32:59 - DEBUG - === New errors detail ===
2025-04-14 01:32:59 - DEBUG - New Error 1: line 12, type: rewrite_failed, message: tactic 'rewrite' failed, did not find instance of the pattern in the target expression
  -((?n + 1) • ?a)
⊢ Nat.gcd 180 168 = Nat.gcd 168 12
2025-04-14 01:32:59 - INFO - Testing fragment: rw [<- div_eq_mul_inv]
2025-04-14 01:32:59 - INFO - Original error line:     rw [← Nat.gcd_rec 180 168]  -- Apply the recursive definition of gcd
2025-04-14 01:33:01 - INFO - Testing fix: Original errors: 2, Fixed errors: 2
2025-04-14 01:33:01 - INFO - Result: False (introduced 1 new errors)
2025-04-14 01:33:01 - DEBUG - === New errors detail ===
2025-04-14 01:33:01 - DEBUG - New Error 1: line 12, type: rewrite_failed, message: tactic 'rewrite' failed, did not find instance of the pattern in the target expression
  ?a * ?b⁻¹
⊢ Nat.gcd 180 168 = Nat.gcd 168 12
2025-04-14 01:33:01 - INFO - Testing fragment: rw [<- inv_eq_one_div]
2025-04-14 01:33:01 - INFO - Original error line:     rw [← Nat.gcd_rec 180 168]  -- Apply the recursive definition of gcd
2025-04-14 01:33:03 - INFO - Testing fix: Original errors: 2, Fixed errors: 2
2025-04-14 01:33:03 - INFO - Result: False (introduced 1 new errors)
2025-04-14 01:33:03 - DEBUG - === New errors detail ===
2025-04-14 01:33:03 - DEBUG - New Error 1: line 12, type: rewrite_failed, message: tactic 'rewrite' failed, did not find instance of the pattern in the target expression
  1 / ?x
⊢ Nat.gcd 180 168 = Nat.gcd 168 12
2025-04-14 01:33:03 - INFO - Testing fragment: rw [<- mul_div_assoc]
2025-04-14 01:33:03 - INFO - Original error line:     rw [← Nat.gcd_rec 180 168]  -- Apply the recursive definition of gcd
2025-04-14 01:33:05 - INFO - Testing fix: Original errors: 2, Fixed errors: 2
2025-04-14 01:33:05 - INFO - Result: False (introduced 1 new errors)
2025-04-14 01:33:05 - DEBUG - === New errors detail ===
2025-04-14 01:33:05 - DEBUG - New Error 1: line 12, type: rewrite_failed, message: tactic 'rewrite' failed, did not find instance of the pattern in the target expression
  ?a * (?b / ?c)
⊢ Nat.gcd 180 168 = Nat.gcd 168 12
2025-04-14 01:33:05 - INFO - Testing fragment: rw [<- one_div]
2025-04-14 01:33:05 - INFO - Original error line:     rw [← Nat.gcd_rec 180 168]  -- Apply the recursive definition of gcd
2025-04-14 01:33:07 - INFO - Testing fix: Original errors: 2, Fixed errors: 2
2025-04-14 01:33:07 - INFO - Result: False (introduced 1 new errors)
2025-04-14 01:33:07 - DEBUG - === New errors detail ===
2025-04-14 01:33:07 - DEBUG - New Error 1: line 12, type: rewrite_failed, message: tactic 'rewrite' failed, did not find instance of the pattern in the target expression
  ?a⁻¹
⊢ Nat.gcd 180 168 = Nat.gcd 168 12
2025-04-14 01:33:07 - INFO - Testing fragment: rw [<- inv_one]
2025-04-14 01:33:07 - INFO - Original error line:     rw [← Nat.gcd_rec 180 168]  -- Apply the recursive definition of gcd
