2025-04-13 14:08:54 - INFO - Log file initialized at 2025-04-13T14:08:54.922853
2025-04-13 14:08:54 - INFO - ===== LOG FILE LOCATION =====
2025-04-13 14:08:54 - INFO - Detailed log file created at: ./minif2f/lean_fixed/4.log
2025-04-13 14:08:54 - INFO - ===============================
2025-04-13 14:08:54 - INFO - Original code:
2025-04-13 14:08:54 - INFO - ----------------------------------------
2025-04-13 14:08:54 - INFO - import Mathlib
import Aesop

set_option maxHeartbeats 0  -- Disable heartbeat limit to prevent timeout during proof checking

open BigOperators Real Nat Topology Rat  -- Open common mathematical namespaces

/--
Expand the following expression: $7(3y+2)$ Show that it is 21y+14.
This theorem states that for any complex number y, 7 multiplied by (3y + 2) equals 21y + 14.
-/
theorem mathd_algebra_182 (y : ℂ) : 7 * (3 * y + 2) = 21 * y + 14 := by
  -- The proof will use the distributive property of multiplication over addition
  -- First step: Apply the distributive property to multiply 7 across the terms inside the parentheses
  rw [mul_add]  -- Rewrites using the distributive property: a*(b+c) = a*b + a*c

  -- Now we have two multiplication terms: 7 * (3 * y) and 7 * 2
  -- Next step: Simplify both multiplications

  -- First multiplication: 7 * (3 * y) can be rewritten using associativity of multiplication
  rw [mul_assoc]  -- Rewrites a*(b*c) as (a*b)*c

  -- Now we have (7 * 3) * y + 7 * 2
  -- Next step: Compute the constant multiplications

  -- Compute 7 * 3 to get 21
  norm_num  -- Normalizes numerical expressions, computing 7*3 to 21 and 7*2 to 14

  -- After norm_num, the expression is now 21 * y + 14
  -- No further simplification is needed as we've reached the desired form

  -- The proof is complete as both sides of the equation now match

2025-04-13 14:08:54 - INFO - ----------------------------------------
2025-04-13 14:08:54 - INFO - 
Checking original code for all errors...
2025-04-13 14:10:01 - INFO - Original code contains 1 errors:
2025-04-13 14:10:01 - INFO - Error 1: line 14, type: rewrite_failed, message: tactic 'rewrite' failed, did not find instance of the pattern in the target expression
  ?a * ?b * ?...
2025-04-13 14:10:01 - INFO - 
Starting multi-error continuous repair process...
2025-04-13 14:10:01 - INFO - 
===== Starting to fix all errors =====
2025-04-13 14:10:02 - INFO - 
Found 1 original errors:
2025-04-13 14:10:02 - INFO - Error 1: line 14, type: rewrite_failed, message: tactic 'rewrite' failed, did not find instance of the pattern in the target expression
  ?a * ?b * ?...
2025-04-13 14:10:02 - INFO - 
Trying to fix error 1/1: line 14, type: rewrite_failed
2025-04-13 14:10:02 - INFO - Error message: tactic 'rewrite' failed, did not find instance of the pattern in the target expression
  ?a * ?b * ?...
2025-04-13 14:10:02 - INFO - Removed header content, remaining 25 lines of code
2025-04-13 14:10:02 - INFO - Using specified target error line: 14
2025-04-13 14:10:03 - INFO - Found error at specified line: tactic 'rewrite' failed, did not find instance of the pattern in the target expression
  ?a * ?b * ?c
y : ℂ
⊢ 7 * (3 * y) + 7 * 2 = 21 * y + 14
2025-04-13 14:10:03 - INFO - Error at line 14: tactic 'rewrite' failed, did not find instance of the pattern in the target expression
  ?a * ?b * ?c
y : ℂ
⊢ 7 * (3 * y) + 7 * 2 = 21 * y + 14
2025-04-13 14:10:03 - INFO - 
==================================================
2025-04-13 14:10:03 - INFO - Code prepared, starting synthesis
2025-04-13 14:10:03 - INFO - Before part: /--
Expand the following expression: $7(3y+2)$ Show that it is 21y+14.
This theorem states that for any complex number y, 7 multiplied by (3y + 2) equals 21y + 14.
-/
theorem mathd_algebra_182 (y : ℂ) : 7 * (3 * y + 2) = 21 * y + 14 := by
  -- The proof will use the distributive property of multiplication over addition
  -- First step: Apply the distributive property to multiply 7 across the terms inside the parentheses
  rw [mul_add]  -- Rewrites using the distributive property: a*(b+c) = a*b + a*c

  -- Now we have two multiplication terms: 7 * (3 * y) and 7 * 2
  -- Next step: Simplify both multiplications

  -- First multiplication: 7 * (3 * y) can be rewritten using associativity of multiplication
2025-04-13 14:10:03 - INFO - Error line:   rw [mul_assoc]  -- Rewrites a*(b*c) as (a*b)*c
2025-04-13 14:10:03 - INFO - After part: -- Now we have (7 * 3) * y + 7 * 2
  -- Next step: Compute the constant multiplications

  -- Compute 7 * 3 to get 21
  norm_num  -- Normalizes numerical expressions, computing 7*3 to 21 and 7*2 to 14

  -- After norm_num, the expression is now 21 * y + 14
  -- No further simplification is needed as we've reached the desired form

  -- The proof is complete as both sides of the equation now match
2025-04-13 14:10:03 - INFO - ==================================================

2025-04-13 14:10:05 - INFO - Testing fragment: rw [left_distrib]
2025-04-13 14:10:05 - INFO - Original error line:   rw [mul_assoc]  -- Rewrites a*(b*c) as (a*b)*c
2025-04-13 14:10:07 - INFO - Testing fix: Original errors: 1, Fixed errors: 1
2025-04-13 14:10:07 - INFO - Result: False (introduced 1 new errors)
2025-04-13 14:10:07 - DEBUG - === New errors detail ===
2025-04-13 14:10:07 - DEBUG - New Error 1: line 14, type: rewrite_failed, message: tactic 'rewrite' failed, did not find instance of the pattern in the target expression
  ?a * (?b + ?c)
y : ℂ
⊢ 7 * (3 * y) + 7 * 2 = 21 * y + 14
2025-04-13 14:10:07 - INFO - Testing fragment: rw [right_distrib]
2025-04-13 14:10:07 - INFO - Original error line:   rw [mul_assoc]  -- Rewrites a*(b*c) as (a*b)*c
2025-04-13 14:10:09 - INFO - Testing fix: Original errors: 1, Fixed errors: 1
2025-04-13 14:10:09 - INFO - Result: False (introduced 1 new errors)
2025-04-13 14:10:09 - DEBUG - === New errors detail ===
2025-04-13 14:10:09 - DEBUG - New Error 1: line 14, type: rewrite_failed, message: tactic 'rewrite' failed, did not find instance of the pattern in the target expression
  (?a + ?b) * ?c
y : ℂ
⊢ 7 * (3 * y) + 7 * 2 = 21 * y + 14
2025-04-13 14:10:09 - INFO - Testing fragment: rw [distrib_three_right]
2025-04-13 14:10:09 - INFO - Original error line:   rw [mul_assoc]  -- Rewrites a*(b*c) as (a*b)*c
2025-04-13 14:10:11 - INFO - Testing fix: Original errors: 1, Fixed errors: 1
2025-04-13 14:10:11 - INFO - Result: False (introduced 1 new errors)
2025-04-13 14:10:11 - DEBUG - === New errors detail ===
2025-04-13 14:10:11 - DEBUG - New Error 1: line 14, type: rewrite_failed, message: tactic 'rewrite' failed, did not find instance of the pattern in the target expression
  (?a + ?b + ?c) * ?d
y : ℂ
⊢ 7 * (3 * y) + 7 * 2 = 21 * y + 14
2025-04-13 14:10:11 - INFO - Testing fragment: rw [add_one_mul]
2025-04-13 14:10:11 - INFO - Original error line:   rw [mul_assoc]  -- Rewrites a*(b*c) as (a*b)*c
2025-04-13 14:10:13 - INFO - Testing fix: Original errors: 1, Fixed errors: 1
2025-04-13 14:10:13 - INFO - Result: False (introduced 1 new errors)
2025-04-13 14:10:13 - DEBUG - === New errors detail ===
2025-04-13 14:10:13 - DEBUG - New Error 1: line 14, type: rewrite_failed, message: tactic 'rewrite' failed, did not find instance of the pattern in the target expression
  (?a + 1) * ?b
y : ℂ
⊢ 7 * (3 * y) + 7 * 2 = 21 * y + 14
2025-04-13 14:10:13 - INFO - Testing fragment: rw [mul_add_one]
2025-04-13 14:10:13 - INFO - Original error line:   rw [mul_assoc]  -- Rewrites a*(b*c) as (a*b)*c
2025-04-13 14:10:15 - INFO - Testing fix: Original errors: 1, Fixed errors: 1
2025-04-13 14:10:15 - INFO - Result: False (introduced 1 new errors)
2025-04-13 14:10:15 - DEBUG - === New errors detail ===
2025-04-13 14:10:15 - DEBUG - New Error 1: line 14, type: rewrite_failed, message: tactic 'rewrite' failed, did not find instance of the pattern in the target expression
  ?a * (?b + 1)
y : ℂ
⊢ 7 * (3 * y) + 7 * 2 = 21 * y + 14
2025-04-13 14:10:15 - INFO - Testing fragment: rw [one_add_mul]
2025-04-13 14:10:15 - INFO - Original error line:   rw [mul_assoc]  -- Rewrites a*(b*c) as (a*b)*c
2025-04-13 14:10:17 - INFO - Testing fix: Original errors: 1, Fixed errors: 1
2025-04-13 14:10:17 - INFO - Result: False (introduced 1 new errors)
2025-04-13 14:10:17 - DEBUG - === New errors detail ===
2025-04-13 14:10:17 - DEBUG - New Error 1: line 14, type: rewrite_failed, message: tactic 'rewrite' failed, did not find instance of the pattern in the target expression
  (1 + ?a) * ?b
y : ℂ
⊢ 7 * (3 * y) + 7 * 2 = 21 * y + 14
2025-04-13 14:10:17 - INFO - Testing fragment: rw [mul_one_add]
2025-04-13 14:10:17 - INFO - Original error line:   rw [mul_assoc]  -- Rewrites a*(b*c) as (a*b)*c
2025-04-13 14:10:19 - INFO - Testing fix: Original errors: 1, Fixed errors: 1
2025-04-13 14:10:19 - INFO - Result: False (introduced 1 new errors)
2025-04-13 14:10:19 - DEBUG - === New errors detail ===
2025-04-13 14:10:19 - DEBUG - New Error 1: line 14, type: rewrite_failed, message: tactic 'rewrite' failed, did not find instance of the pattern in the target expression
  ?a * (1 + ?b)
y : ℂ
⊢ 7 * (3 * y) + 7 * 2 = 21 * y + 14
2025-04-13 14:10:19 - INFO - Testing fragment: rw [two_mul]
2025-04-13 14:10:19 - INFO - Original error line:   rw [mul_assoc]  -- Rewrites a*(b*c) as (a*b)*c
2025-04-13 14:10:21 - INFO - Testing fix: Original errors: 1, Fixed errors: 1
2025-04-13 14:10:21 - INFO - Result: False (introduced 1 new errors)
2025-04-13 14:10:21 - DEBUG - === New errors detail ===
2025-04-13 14:10:21 - DEBUG - New Error 1: line 14, type: rewrite_failed, message: tactic 'rewrite' failed, did not find instance of the pattern in the target expression
  2 * ?n
y : ℂ
⊢ 7 * (3 * y) + 7 * 2 = 21 * y + 14
2025-04-13 14:10:21 - INFO - Testing fragment: rw [mul_two]
2025-04-13 14:10:21 - INFO - Original error line:   rw [mul_assoc]  -- Rewrites a*(b*c) as (a*b)*c
2025-04-13 14:10:23 - INFO - Testing fix: Original errors: 1, Fixed errors: 1
2025-04-13 14:10:23 - INFO - Result: False (introduced 1 new errors)
2025-04-13 14:10:23 - DEBUG - === New errors detail ===
2025-04-13 14:10:23 - DEBUG - New Error 1: line 5, type: other_error, message: unsolved goals
y : ℂ
⊢ 7 * (3 * y) = 21 * y
2025-04-13 14:10:23 - INFO - Testing fragment: rw [mul_boole]
2025-04-13 14:10:23 - INFO - Original error line:   rw [mul_assoc]  -- Rewrites a*(b*c) as (a*b)*c
2025-04-13 14:10:25 - INFO - Testing fix: Original errors: 1, Fixed errors: 1
2025-04-13 14:10:25 - INFO - Target error not fixed: tactic 'rewrite' failed, did not find instance of the pattern in the target expression
  ?a * if ?P ...
2025-04-13 14:10:25 - INFO - Result: False (target error not fixed)
2025-04-13 14:10:25 - INFO - Testing fragment: rw [boole_mul]
2025-04-13 14:10:25 - INFO - Original error line:   rw [mul_assoc]  -- Rewrites a*(b*c) as (a*b)*c
2025-04-13 14:10:27 - INFO - Testing fix: Original errors: 1, Fixed errors: 1
2025-04-13 14:10:27 - INFO - Target error not fixed: tactic 'rewrite' failed, did not find instance of the pattern in the target expression
  (if ?P then...
2025-04-13 14:10:27 - INFO - Result: False (target error not fixed)
2025-04-13 14:10:27 - INFO - Testing fragment: rw [add_mul_self_eq]
2025-04-13 14:10:27 - INFO - Original error line:   rw [mul_assoc]  -- Rewrites a*(b*c) as (a*b)*c
2025-04-13 14:10:29 - INFO - Testing fix: Original errors: 1, Fixed errors: 1
2025-04-13 14:10:29 - INFO - Result: False (introduced 1 new errors)
2025-04-13 14:10:29 - DEBUG - === New errors detail ===
2025-04-13 14:10:29 - DEBUG - New Error 1: line 14, type: rewrite_failed, message: tactic 'rewrite' failed, did not find instance of the pattern in the target expression
  (?a + ?b) * (?a + ?b)
y : ℂ
⊢ 7 * (3 * y) + 7 * 2 = 21 * y + 14
2025-04-13 14:10:29 - INFO - Testing fragment: rw [neg_mul]
2025-04-13 14:10:29 - INFO - Original error line:   rw [mul_assoc]  -- Rewrites a*(b*c) as (a*b)*c
2025-04-13 14:10:31 - INFO - Testing fix: Original errors: 1, Fixed errors: 1
2025-04-13 14:10:31 - INFO - Result: False (introduced 1 new errors)
2025-04-13 14:10:31 - DEBUG - === New errors detail ===
2025-04-13 14:10:31 - DEBUG - New Error 1: line 14, type: rewrite_failed, message: tactic 'rewrite' failed, did not find instance of the pattern in the target expression
  -?a * ?b
y : ℂ
⊢ 7 * (3 * y) + 7 * 2 = 21 * y + 14
2025-04-13 14:10:31 - INFO - Testing fragment: rw [mul_neg]
2025-04-13 14:10:31 - INFO - Original error line:   rw [mul_assoc]  -- Rewrites a*(b*c) as (a*b)*c
2025-04-13 14:10:33 - INFO - Testing fix: Original errors: 1, Fixed errors: 1
2025-04-13 14:10:33 - INFO - Result: False (introduced 1 new errors)
2025-04-13 14:10:33 - DEBUG - === New errors detail ===
2025-04-13 14:10:33 - DEBUG - New Error 1: line 14, type: rewrite_failed, message: tactic 'rewrite' failed, did not find instance of the pattern in the target expression
  ?a * -?b
y : ℂ
⊢ 7 * (3 * y) + 7 * 2 = 21 * y + 14
2025-04-13 14:10:33 - INFO - Testing fragment: rw [neg_mul_neg]
2025-04-13 14:10:33 - INFO - Original error line:   rw [mul_assoc]  -- Rewrites a*(b*c) as (a*b)*c
2025-04-13 14:10:35 - INFO - Testing fix: Original errors: 1, Fixed errors: 1
2025-04-13 14:10:35 - INFO - Result: False (introduced 1 new errors)
2025-04-13 14:10:35 - DEBUG - === New errors detail ===
2025-04-13 14:10:35 - DEBUG - New Error 1: line 14, type: rewrite_failed, message: tactic 'rewrite' failed, did not find instance of the pattern in the target expression
  -?a * -?b
y : ℂ
⊢ 7 * (3 * y) + 7 * 2 = 21 * y + 14
2025-04-13 14:10:35 - INFO - Testing fragment: rw [neg_mul_eq_neg_mul]
2025-04-13 14:10:35 - INFO - Original error line:   rw [mul_assoc]  -- Rewrites a*(b*c) as (a*b)*c
2025-04-13 14:10:37 - INFO - Testing fix: Original errors: 1, Fixed errors: 1
2025-04-13 14:10:37 - INFO - Result: False (introduced 1 new errors)
2025-04-13 14:10:37 - DEBUG - === New errors detail ===
2025-04-13 14:10:37 - DEBUG - New Error 1: line 14, type: rewrite_failed, message: tactic 'rewrite' failed, did not find instance of the pattern in the target expression
  -(?a * ?b)
y : ℂ
⊢ 7 * (3 * y) + 7 * 2 = 21 * y + 14
2025-04-13 14:10:37 - INFO - Testing fragment: rw [neg_mul_eq_mul_neg]
2025-04-13 14:10:37 - INFO - Original error line:   rw [mul_assoc]  -- Rewrites a*(b*c) as (a*b)*c
2025-04-13 14:10:39 - INFO - Testing fix: Original errors: 1, Fixed errors: 1
2025-04-13 14:10:39 - INFO - Result: False (introduced 1 new errors)
2025-04-13 14:10:39 - DEBUG - === New errors detail ===
2025-04-13 14:10:39 - DEBUG - New Error 1: line 14, type: rewrite_failed, message: tactic 'rewrite' failed, did not find instance of the pattern in the target expression
  -(?a * ?b)
y : ℂ
⊢ 7 * (3 * y) + 7 * 2 = 21 * y + 14
2025-04-13 14:10:39 - INFO - Testing fragment: rw [neg_mul_comm]
2025-04-13 14:10:39 - INFO - Original error line:   rw [mul_assoc]  -- Rewrites a*(b*c) as (a*b)*c
2025-04-13 14:10:41 - INFO - Testing fix: Original errors: 1, Fixed errors: 1
2025-04-13 14:10:41 - INFO - Result: False (introduced 1 new errors)
2025-04-13 14:10:41 - DEBUG - === New errors detail ===
2025-04-13 14:10:41 - DEBUG - New Error 1: line 14, type: rewrite_failed, message: tactic 'rewrite' failed, did not find instance of the pattern in the target expression
  -?a * ?b
y : ℂ
⊢ 7 * (3 * y) + 7 * 2 = 21 * y + 14
2025-04-13 14:10:41 - INFO - Testing fragment: rw [neg_eq_neg_one_mul]
2025-04-13 14:10:41 - INFO - Original error line:   rw [mul_assoc]  -- Rewrites a*(b*c) as (a*b)*c
2025-04-13 14:10:43 - INFO - Testing fix: Original errors: 1, Fixed errors: 1
2025-04-13 14:10:43 - INFO - Result: False (introduced 1 new errors)
2025-04-13 14:10:43 - DEBUG - === New errors detail ===
2025-04-13 14:10:43 - DEBUG - New Error 1: line 14, type: rewrite_failed, message: tactic 'rewrite' failed, did not find instance of the pattern in the target expression
  -?a
y : ℂ
⊢ 7 * (3 * y) + 7 * 2 = 21 * y + 14
2025-04-13 14:10:43 - INFO - Testing fragment: rw [mul_neg_one]
2025-04-13 14:10:43 - INFO - Original error line:   rw [mul_assoc]  -- Rewrites a*(b*c) as (a*b)*c
2025-04-13 14:10:45 - INFO - Testing fix: Original errors: 1, Fixed errors: 1
2025-04-13 14:10:45 - INFO - Result: False (introduced 1 new errors)
2025-04-13 14:10:45 - DEBUG - === New errors detail ===
2025-04-13 14:10:45 - DEBUG - New Error 1: line 14, type: rewrite_failed, message: tactic 'rewrite' failed, did not find instance of the pattern in the target expression
  ?a * -1
y : ℂ
⊢ 7 * (3 * y) + 7 * 2 = 21 * y + 14
2025-04-13 14:10:45 - INFO - Testing fragment: rw [neg_one_mul]
2025-04-13 14:10:45 - INFO - Original error line:   rw [mul_assoc]  -- Rewrites a*(b*c) as (a*b)*c
2025-04-13 14:10:47 - INFO - Testing fix: Original errors: 1, Fixed errors: 1
2025-04-13 14:10:47 - INFO - Result: False (introduced 1 new errors)
2025-04-13 14:10:47 - DEBUG - === New errors detail ===
2025-04-13 14:10:47 - DEBUG - New Error 1: line 14, type: rewrite_failed, message: tactic 'rewrite' failed, did not find instance of the pattern in the target expression
  -1 * ?a
y : ℂ
⊢ 7 * (3 * y) + 7 * 2 = 21 * y + 14
2025-04-13 14:10:47 - INFO - Testing fragment: rw [mul_sub_left_distrib]
2025-04-13 14:10:47 - INFO - Original error line:   rw [mul_assoc]  -- Rewrites a*(b*c) as (a*b)*c
2025-04-13 14:10:49 - INFO - Testing fix: Original errors: 1, Fixed errors: 1
2025-04-13 14:10:49 - INFO - Result: False (introduced 1 new errors)
2025-04-13 14:10:49 - DEBUG - === New errors detail ===
2025-04-13 14:10:49 - DEBUG - New Error 1: line 14, type: rewrite_failed, message: tactic 'rewrite' failed, did not find instance of the pattern in the target expression
  ?a * (?b - ?c)
y : ℂ
⊢ 7 * (3 * y) + 7 * 2 = 21 * y + 14
2025-04-13 14:10:49 - INFO - Testing fragment: rw [mul_sub_right_distrib]
2025-04-13 14:10:49 - INFO - Original error line:   rw [mul_assoc]  -- Rewrites a*(b*c) as (a*b)*c
2025-04-13 14:10:51 - INFO - Testing fix: Original errors: 1, Fixed errors: 1
2025-04-13 14:10:51 - INFO - Result: False (introduced 1 new errors)
2025-04-13 14:10:51 - DEBUG - === New errors detail ===
2025-04-13 14:10:51 - DEBUG - New Error 1: line 14, type: rewrite_failed, message: tactic 'rewrite' failed, did not find instance of the pattern in the target expression
  (?a - ?b) * ?c
y : ℂ
⊢ 7 * (3 * y) + 7 * 2 = 21 * y + 14
2025-04-13 14:10:51 - INFO - Testing fragment: rw [sub_one_mul]
2025-04-13 14:10:51 - INFO - Original error line:   rw [mul_assoc]  -- Rewrites a*(b*c) as (a*b)*c
2025-04-13 14:10:53 - INFO - Testing fix: Original errors: 1, Fixed errors: 1
2025-04-13 14:10:53 - INFO - Result: False (introduced 1 new errors)
2025-04-13 14:10:53 - DEBUG - === New errors detail ===
2025-04-13 14:10:53 - DEBUG - New Error 1: line 14, type: rewrite_failed, message: tactic 'rewrite' failed, did not find instance of the pattern in the target expression
  (?a - 1) * ?b
y : ℂ
⊢ 7 * (3 * y) + 7 * 2 = 21 * y + 14
2025-04-13 14:10:53 - INFO - Testing fragment: rw [mul_sub_one]
2025-04-13 14:10:53 - INFO - Original error line:   rw [mul_assoc]  -- Rewrites a*(b*c) as (a*b)*c
2025-04-13 14:10:55 - INFO - Testing fix: Original errors: 1, Fixed errors: 1
2025-04-13 14:10:55 - INFO - Result: False (introduced 1 new errors)
2025-04-13 14:10:55 - DEBUG - === New errors detail ===
2025-04-13 14:10:55 - DEBUG - New Error 1: line 14, type: rewrite_failed, message: tactic 'rewrite' failed, did not find instance of the pattern in the target expression
  ?a * (?b - 1)
y : ℂ
⊢ 7 * (3 * y) + 7 * 2 = 21 * y + 14
2025-04-13 14:10:55 - INFO - Testing fragment: rw [one_sub_mul]
2025-04-13 14:10:55 - INFO - Original error line:   rw [mul_assoc]  -- Rewrites a*(b*c) as (a*b)*c
2025-04-13 14:10:57 - INFO - Testing fix: Original errors: 1, Fixed errors: 1
2025-04-13 14:10:57 - INFO - Result: False (introduced 1 new errors)
2025-04-13 14:10:57 - DEBUG - === New errors detail ===
2025-04-13 14:10:57 - DEBUG - New Error 1: line 14, type: rewrite_failed, message: tactic 'rewrite' failed, did not find instance of the pattern in the target expression
  (1 - ?a) * ?b
y : ℂ
⊢ 7 * (3 * y) + 7 * 2 = 21 * y + 14
2025-04-13 14:10:57 - INFO - Testing fragment: rw [mul_one_sub]
2025-04-13 14:10:57 - INFO - Original error line:   rw [mul_assoc]  -- Rewrites a*(b*c) as (a*b)*c
2025-04-13 14:10:59 - INFO - Testing fix: Original errors: 1, Fixed errors: 1
2025-04-13 14:10:59 - INFO - Result: False (introduced 1 new errors)
2025-04-13 14:10:59 - DEBUG - === New errors detail ===
2025-04-13 14:10:59 - DEBUG - New Error 1: line 14, type: rewrite_failed, message: tactic 'rewrite' failed, did not find instance of the pattern in the target expression
  ?a * (1 - ?b)
y : ℂ
⊢ 7 * (3 * y) + 7 * 2 = 21 * y + 14
2025-04-13 14:10:59 - INFO - Testing fragment: rw [mul_left_cancel]
2025-04-13 14:10:59 - INFO - Original error line:   rw [mul_assoc]  -- Rewrites a*(b*c) as (a*b)*c
2025-04-13 14:11:01 - INFO - Testing fix: Original errors: 1, Fixed errors: 1
2025-04-13 14:11:01 - INFO - Result: False (introduced 1 new errors)
2025-04-13 14:11:01 - DEBUG - === New errors detail ===
2025-04-13 14:11:01 - DEBUG - New Error 1: line 14, type: rewrite_failed, message: tactic 'rewrite' failed, pattern is a metavariable
  ?m.1597
from equation
  ?m.1597 = ?m.1598
y : ℂ
⊢ 7 * (3 * y) + 7 * 2 = 21 * y + 14
2025-04-13 14:11:01 - INFO - Testing fragment: rw [mul_left_cancel_iff]
2025-04-13 14:11:01 - INFO - Original error line:   rw [mul_assoc]  -- Rewrites a*(b*c) as (a*b)*c
2025-04-13 14:11:03 - INFO - Testing fix: Original errors: 1, Fixed errors: 1
2025-04-13 14:11:03 - INFO - Result: False (introduced 1 new errors)
2025-04-13 14:11:03 - DEBUG - === New errors detail ===
2025-04-13 14:11:03 - DEBUG - New Error 1: line 14, type: rewrite_failed, message: tactic 'rewrite' failed, did not find instance of the pattern in the target expression
  ?m.1596 * ?m.1597 = ?m.1596 * ?m.1598
y : ℂ
⊢ 7 * (3 * y) + 7 * 2 = 21 * y + 14
2025-04-13 14:11:03 - INFO - Testing fragment: rw [mul_right_injective]
2025-04-13 14:11:03 - INFO - Original error line:   rw [mul_assoc]  -- Rewrites a*(b*c) as (a*b)*c
2025-04-13 14:11:05 - INFO - Testing fix: Original errors: 1, Fixed errors: 1
2025-04-13 14:11:05 - INFO - Result: False (introduced 1 new errors)
2025-04-13 14:11:05 - DEBUG - === New errors detail ===
2025-04-13 14:11:05 - DEBUG - New Error 1: line 14, type: rewrite_failed, message: tactic 'rewrite' failed, pattern is a metavariable
  ?a₁
from equation
  ?a₁ = ?a₂
y : ℂ
⊢ 7 * (3 * y) + 7 * 2 = 21 * y + 14
2025-04-13 14:11:05 - INFO - Testing fragment: rw [mul_right_inj]
2025-04-13 14:11:05 - INFO - Original error line:   rw [mul_assoc]  -- Rewrites a*(b*c) as (a*b)*c
2025-04-13 14:11:07 - INFO - Testing fix: Original errors: 1, Fixed errors: 1
2025-04-13 14:11:07 - INFO - Result: False (introduced 1 new errors)
2025-04-13 14:11:07 - DEBUG - === New errors detail ===
2025-04-13 14:11:07 - DEBUG - New Error 1: line 14, type: rewrite_failed, message: tactic 'rewrite' failed, did not find instance of the pattern in the target expression
  ?a * ?b = ?a * ?c
y : ℂ
⊢ 7 * (3 * y) + 7 * 2 = 21 * y + 14
2025-04-13 14:11:07 - INFO - Testing fragment: rw [mul_ne_mul_right]
2025-04-13 14:11:07 - INFO - Original error line:   rw [mul_assoc]  -- Rewrites a*(b*c) as (a*b)*c
2025-04-13 14:11:09 - INFO - Testing fix: Original errors: 1, Fixed errors: 1
2025-04-13 14:11:09 - INFO - Result: False (introduced 1 new errors)
2025-04-13 14:11:09 - DEBUG - === New errors detail ===
2025-04-13 14:11:09 - DEBUG - New Error 1: line 14, type: rewrite_failed, message: tactic 'rewrite' failed, did not find instance of the pattern in the target expression
  ?a * ?b ≠ ?a * ?c
y : ℂ
⊢ 7 * (3 * y) + 7 * 2 = 21 * y + 14
2025-04-13 14:11:09 - INFO - Testing fragment: rw [mul_right_cancel]
2025-04-13 14:11:09 - INFO - Original error line:   rw [mul_assoc]  -- Rewrites a*(b*c) as (a*b)*c
2025-04-13 14:11:11 - INFO - Testing fix: Original errors: 1, Fixed errors: 1
2025-04-13 14:11:11 - INFO - Result: False (introduced 1 new errors)
2025-04-13 14:11:11 - DEBUG - === New errors detail ===
2025-04-13 14:11:11 - DEBUG - New Error 1: line 14, type: rewrite_failed, message: tactic 'rewrite' failed, pattern is a metavariable
  ?m.1596
from equation
  ?m.1596 = ?m.1598
y : ℂ
⊢ 7 * (3 * y) + 7 * 2 = 21 * y + 14
2025-04-13 14:11:11 - INFO - Testing fragment: rw [mul_right_cancel_iff]
2025-04-13 14:11:11 - INFO - Original error line:   rw [mul_assoc]  -- Rewrites a*(b*c) as (a*b)*c
2025-04-13 14:11:13 - INFO - Testing fix: Original errors: 1, Fixed errors: 1
2025-04-13 14:11:13 - INFO - Result: False (introduced 1 new errors)
2025-04-13 14:11:13 - DEBUG - === New errors detail ===
2025-04-13 14:11:13 - DEBUG - New Error 1: line 14, type: rewrite_failed, message: tactic 'rewrite' failed, did not find instance of the pattern in the target expression
  ?m.1597 * ?m.1596 = ?m.1598 * ?m.1596
y : ℂ
⊢ 7 * (3 * y) + 7 * 2 = 21 * y + 14
2025-04-13 14:11:13 - INFO - Testing fragment: rw [mul_left_injective]
2025-04-13 14:11:13 - INFO - Original error line:   rw [mul_assoc]  -- Rewrites a*(b*c) as (a*b)*c
2025-04-13 14:11:15 - INFO - Testing fix: Original errors: 1, Fixed errors: 1
2025-04-13 14:11:15 - INFO - Result: False (introduced 1 new errors)
2025-04-13 14:11:15 - DEBUG - === New errors detail ===
2025-04-13 14:11:15 - DEBUG - New Error 1: line 14, type: rewrite_failed, message: tactic 'rewrite' failed, pattern is a metavariable
  ?a₁
from equation
  ?a₁ = ?a₂
y : ℂ
⊢ 7 * (3 * y) + 7 * 2 = 21 * y + 14
2025-04-13 14:11:15 - INFO - Testing fragment: rw [mul_left_inj]
2025-04-13 14:11:15 - INFO - Original error line:   rw [mul_assoc]  -- Rewrites a*(b*c) as (a*b)*c
2025-04-13 14:11:17 - INFO - Testing fix: Original errors: 1, Fixed errors: 1
2025-04-13 14:11:17 - INFO - Result: False (introduced 1 new errors)
2025-04-13 14:11:17 - DEBUG - === New errors detail ===
2025-04-13 14:11:17 - DEBUG - New Error 1: line 14, type: rewrite_failed, message: tactic 'rewrite' failed, did not find instance of the pattern in the target expression
  ?b * ?a = ?c * ?a
y : ℂ
⊢ 7 * (3 * y) + 7 * 2 = 21 * y + 14
2025-04-13 14:11:17 - INFO - Testing fragment: rw [mul_ne_mul_left]
2025-04-13 14:11:17 - INFO - Original error line:   rw [mul_assoc]  -- Rewrites a*(b*c) as (a*b)*c
2025-04-13 14:11:19 - INFO - Testing fix: Original errors: 1, Fixed errors: 1
2025-04-13 14:11:19 - INFO - Result: False (introduced 1 new errors)
2025-04-13 14:11:19 - DEBUG - === New errors detail ===
2025-04-13 14:11:19 - DEBUG - New Error 1: line 14, type: rewrite_failed, message: tactic 'rewrite' failed, did not find instance of the pattern in the target expression
  ?b * ?a ≠ ?c * ?a
y : ℂ
⊢ 7 * (3 * y) + 7 * 2 = 21 * y + 14
2025-04-13 14:11:19 - INFO - Testing fragment: rw [mul_assoc]
2025-04-13 14:11:19 - INFO - Original error line:   rw [mul_assoc]  -- Rewrites a*(b*c) as (a*b)*c
2025-04-13 14:11:21 - INFO - Testing fix: Original errors: 1, Fixed errors: 1
2025-04-13 14:11:21 - INFO - Target error not fixed: tactic 'rewrite' failed, did not find instance of the pattern in the target expression
  ?a * ?b * ?...
2025-04-13 14:11:21 - INFO - Result: False (target error not fixed)
2025-04-13 14:11:21 - INFO - Testing fragment: rw [mul_comm]
2025-04-13 14:11:21 - INFO - Original error line:   rw [mul_assoc]  -- Rewrites a*(b*c) as (a*b)*c
2025-04-13 14:11:23 - INFO - Testing fix: Original errors: 1, Fixed errors: 1
2025-04-13 14:11:23 - INFO - Result: False (introduced 1 new errors)
2025-04-13 14:11:23 - DEBUG - === New errors detail ===
2025-04-13 14:11:23 - DEBUG - New Error 1: line 5, type: other_error, message: unsolved goals
y : ℂ
⊢ 3 * y * 7 = 21 * y
2025-04-13 14:11:23 - INFO - Testing fragment: rw [MulOneClass]
2025-04-13 14:11:23 - INFO - Original error line:   rw [mul_assoc]  -- Rewrites a*(b*c) as (a*b)*c
2025-04-13 14:11:25 - INFO - Testing fix: Original errors: 1, Fixed errors: 1
2025-04-13 14:11:25 - INFO - Result: False (introduced 1 new errors)
2025-04-13 14:11:25 - DEBUG - === New errors detail ===
2025-04-13 14:11:25 - DEBUG - New Error 1: line 14, type: rewrite_failed, message: tactic 'rewrite' failed, equality or iff proof expected
  Type ?u.1592
y : ℂ
⊢ 7 * (3 * y) + 7 * 2 = 21 * y + 14
2025-04-13 14:11:25 - INFO - Testing fragment: rw [one_mul]
2025-04-13 14:11:25 - INFO - Original error line:   rw [mul_assoc]  -- Rewrites a*(b*c) as (a*b)*c
2025-04-13 14:11:27 - INFO - Testing fix: Original errors: 1, Fixed errors: 1
2025-04-13 14:11:27 - INFO - Result: False (introduced 1 new errors)
2025-04-13 14:11:27 - DEBUG - === New errors detail ===
2025-04-13 14:11:27 - DEBUG - New Error 1: line 14, type: rewrite_failed, message: tactic 'rewrite' failed, did not find instance of the pattern in the target expression
  1 * ?a
y : ℂ
⊢ 7 * (3 * y) + 7 * 2 = 21 * y + 14
2025-04-13 14:11:27 - INFO - Testing fragment: rw [mul_one]
2025-04-13 14:11:27 - INFO - Original error line:   rw [mul_assoc]  -- Rewrites a*(b*c) as (a*b)*c
2025-04-13 14:11:29 - INFO - Testing fix: Original errors: 1, Fixed errors: 1
2025-04-13 14:11:29 - INFO - Result: False (introduced 1 new errors)
2025-04-13 14:11:29 - DEBUG - === New errors detail ===
2025-04-13 14:11:29 - DEBUG - New Error 1: line 14, type: rewrite_failed, message: tactic 'rewrite' failed, did not find instance of the pattern in the target expression
  ?a * 1
y : ℂ
⊢ 7 * (3 * y) + 7 * 2 = 21 * y + 14
2025-04-13 14:11:29 - INFO - Testing fragment: rw [npowRec_add]
2025-04-13 14:11:29 - INFO - Original error line:   rw [mul_assoc]  -- Rewrites a*(b*c) as (a*b)*c
2025-04-13 14:11:31 - INFO - Testing fix: Original errors: 1, Fixed errors: 2
2025-04-13 14:11:31 - INFO - Result: False (introduced 2 new errors)
2025-04-13 14:11:31 - DEBUG - === New errors detail ===
2025-04-13 14:11:31 - DEBUG - New Error 1: line 14, type: unknown_identifier, message: unknown identifier 'npowRec_add'
2025-04-13 14:11:31 - DEBUG - New Error 2: line 14, type: rewrite_failed, message: tactic 'rewrite' failed, equality or iff proof expected
  ?m.1592
y : ℂ
⊢ 7 * (3 * y) + 7 * 2 = 21 * y + 14
2025-04-13 14:11:31 - INFO - Testing fragment: rw [npowRec_succ]
2025-04-13 14:11:31 - INFO - Original error line:   rw [mul_assoc]  -- Rewrites a*(b*c) as (a*b)*c
2025-04-13 14:11:33 - INFO - Testing fix: Original errors: 1, Fixed errors: 2
2025-04-13 14:11:33 - INFO - Result: False (introduced 2 new errors)
2025-04-13 14:11:33 - DEBUG - === New errors detail ===
2025-04-13 14:11:33 - DEBUG - New Error 1: line 14, type: unknown_identifier, message: unknown identifier 'npowRec_succ'
2025-04-13 14:11:33 - DEBUG - New Error 2: line 14, type: rewrite_failed, message: tactic 'rewrite' failed, equality or iff proof expected
  ?m.1592
y : ℂ
⊢ 7 * (3 * y) + 7 * 2 = 21 * y + 14
2025-04-13 14:11:33 - INFO - Testing fragment: rw [npowRec'_succ]
2025-04-13 14:11:33 - INFO - Original error line:   rw [mul_assoc]  -- Rewrites a*(b*c) as (a*b)*c
2025-04-13 14:11:35 - INFO - Testing fix: Original errors: 1, Fixed errors: 2
2025-04-13 14:11:35 - INFO - Result: False (introduced 2 new errors)
2025-04-13 14:11:35 - DEBUG - === New errors detail ===
2025-04-13 14:11:35 - DEBUG - New Error 1: line 14, type: unknown_identifier, message: unknown identifier 'npowRec'_succ'
2025-04-13 14:11:35 - DEBUG - New Error 2: line 14, type: rewrite_failed, message: tactic 'rewrite' failed, equality or iff proof expected
  ?m.1592
y : ℂ
⊢ 7 * (3 * y) + 7 * 2 = 21 * y + 14
2025-04-13 14:11:35 - INFO - Testing fragment: rw [npowRec'_two_mul]
2025-04-13 14:11:35 - INFO - Original error line:   rw [mul_assoc]  -- Rewrites a*(b*c) as (a*b)*c
2025-04-13 14:11:37 - INFO - Testing fix: Original errors: 1, Fixed errors: 2
2025-04-13 14:11:37 - INFO - Result: False (introduced 2 new errors)
2025-04-13 14:11:37 - DEBUG - === New errors detail ===
2025-04-13 14:11:37 - DEBUG - New Error 1: line 14, type: unknown_identifier, message: unknown identifier 'npowRec'_two_mul'
2025-04-13 14:11:37 - DEBUG - New Error 2: line 14, type: rewrite_failed, message: tactic 'rewrite' failed, equality or iff proof expected
  ?m.1592
y : ℂ
⊢ 7 * (3 * y) + 7 * 2 = 21 * y + 14
2025-04-13 14:11:37 - INFO - Testing fragment: rw [npowRec'_mul_comm]
2025-04-13 14:11:37 - INFO - Original error line:   rw [mul_assoc]  -- Rewrites a*(b*c) as (a*b)*c
2025-04-13 14:11:39 - INFO - Testing fix: Original errors: 1, Fixed errors: 2
2025-04-13 14:11:39 - INFO - Result: False (introduced 2 new errors)
2025-04-13 14:11:39 - DEBUG - === New errors detail ===
2025-04-13 14:11:39 - DEBUG - New Error 1: line 14, type: unknown_identifier, message: unknown identifier 'npowRec'_mul_comm'
2025-04-13 14:11:39 - DEBUG - New Error 2: line 14, type: rewrite_failed, message: tactic 'rewrite' failed, equality or iff proof expected
  ?m.1592
y : ℂ
⊢ 7 * (3 * y) + 7 * 2 = 21 * y + 14
2025-04-13 14:11:39 - INFO - Testing fragment: rw [npowRec_eq]
2025-04-13 14:11:39 - INFO - Original error line:   rw [mul_assoc]  -- Rewrites a*(b*c) as (a*b)*c
2025-04-13 14:11:41 - INFO - Testing fix: Original errors: 1, Fixed errors: 2
2025-04-13 14:11:41 - INFO - Result: False (introduced 2 new errors)
2025-04-13 14:11:41 - DEBUG - === New errors detail ===
2025-04-13 14:11:41 - DEBUG - New Error 1: line 14, type: unknown_identifier, message: unknown identifier 'npowRec_eq'
2025-04-13 14:11:41 - DEBUG - New Error 2: line 14, type: rewrite_failed, message: tactic 'rewrite' failed, equality or iff proof expected
  ?m.1592
y : ℂ
⊢ 7 * (3 * y) + 7 * 2 = 21 * y + 14
2025-04-13 14:11:41 - INFO - Testing fragment: rw [npowBinRec]
2025-04-13 14:11:41 - INFO - Original error line:   rw [mul_assoc]  -- Rewrites a*(b*c) as (a*b)*c
2025-04-13 14:11:43 - INFO - Testing fix: Original errors: 1, Fixed errors: 2
2025-04-13 14:11:43 - INFO - Result: False (introduced 2 new errors)
2025-04-13 14:11:43 - DEBUG - === New errors detail ===
2025-04-13 14:11:43 - DEBUG - New Error 1: line 14, type: unknown_identifier, message: unknown identifier 'npowBinRec'
2025-04-13 14:11:43 - DEBUG - New Error 2: line 14, type: rewrite_failed, message: tactic 'rewrite' failed, equality or iff proof expected
  ?m.1592
y : ℂ
⊢ 7 * (3 * y) + 7 * 2 = 21 * y + 14
2025-04-13 14:11:43 - INFO - Testing fragment: rw [npowRec_eq_npowBinRec]
2025-04-13 14:11:43 - INFO - Original error line:   rw [mul_assoc]  -- Rewrites a*(b*c) as (a*b)*c
2025-04-13 14:11:45 - INFO - Testing fix: Original errors: 1, Fixed errors: 2
2025-04-13 14:11:45 - INFO - Result: False (introduced 2 new errors)
2025-04-13 14:11:45 - DEBUG - === New errors detail ===
2025-04-13 14:11:45 - DEBUG - New Error 1: line 14, type: unknown_identifier, message: unknown identifier 'npowRec_eq_npowBinRec'
2025-04-13 14:11:45 - DEBUG - New Error 2: line 14, type: rewrite_failed, message: tactic 'rewrite' failed, equality or iff proof expected
  ?m.1592
y : ℂ
⊢ 7 * (3 * y) + 7 * 2 = 21 * y + 14
2025-04-13 14:11:45 - INFO - Testing fragment: rw [npow_eq_pow]
2025-04-13 14:11:45 - INFO - Original error line:   rw [mul_assoc]  -- Rewrites a*(b*c) as (a*b)*c
2025-04-13 14:11:47 - INFO - Testing fix: Original errors: 1, Fixed errors: 1
2025-04-13 14:11:47 - INFO - Result: False (introduced 1 new errors)
2025-04-13 14:11:47 - DEBUG - === New errors detail ===
2025-04-13 14:11:47 - DEBUG - New Error 1: line 14, type: rewrite_failed, message: tactic 'rewrite' failed, did not find instance of the pattern in the target expression
  Monoid.npow ?n ?x
y : ℂ
⊢ 7 * (3 * y) + 7 * 2 = 21 * y + 14
2025-04-13 14:11:47 - INFO - Testing fragment: rw [pow_zero]
2025-04-13 14:11:47 - INFO - Original error line:   rw [mul_assoc]  -- Rewrites a*(b*c) as (a*b)*c
2025-04-13 14:11:49 - INFO - Testing fix: Original errors: 1, Fixed errors: 1
2025-04-13 14:11:49 - INFO - Result: False (introduced 1 new errors)
2025-04-13 14:11:49 - DEBUG - === New errors detail ===
2025-04-13 14:11:49 - DEBUG - New Error 1: line 14, type: rewrite_failed, message: tactic 'rewrite' failed, did not find instance of the pattern in the target expression
  ?a ^ 0
y : ℂ
⊢ 7 * (3 * y) + 7 * 2 = 21 * y + 14
2025-04-13 14:11:49 - INFO - Testing fragment: rw [pow_succ]
2025-04-13 14:11:49 - INFO - Original error line:   rw [mul_assoc]  -- Rewrites a*(b*c) as (a*b)*c
2025-04-13 14:11:51 - INFO - Testing fix: Original errors: 1, Fixed errors: 1
2025-04-13 14:11:51 - INFO - Result: False (introduced 1 new errors)
2025-04-13 14:11:51 - DEBUG - === New errors detail ===
2025-04-13 14:11:51 - DEBUG - New Error 1: line 14, type: rewrite_failed, message: tactic 'rewrite' failed, did not find instance of the pattern in the target expression
  ?a ^ (?n + 1)
y : ℂ
⊢ 7 * (3 * y) + 7 * 2 = 21 * y + 14
2025-04-13 14:11:51 - INFO - Testing fragment: rw [inv_inv]
2025-04-13 14:11:51 - INFO - Original error line:   rw [mul_assoc]  -- Rewrites a*(b*c) as (a*b)*c
2025-04-13 14:11:53 - INFO - Testing fix: Original errors: 1, Fixed errors: 1
2025-04-13 14:11:53 - INFO - Result: False (introduced 1 new errors)
2025-04-13 14:11:53 - DEBUG - === New errors detail ===
2025-04-13 14:11:53 - DEBUG - New Error 1: line 14, type: rewrite_failed, message: tactic 'rewrite' failed, did not find instance of the pattern in the target expression
  ?a⁻¹⁻¹
y : ℂ
⊢ 7 * (3 * y) + 7 * 2 = 21 * y + 14
2025-04-13 14:11:53 - INFO - Testing fragment: rw [exists_zpow_surjective]
2025-04-13 14:11:53 - INFO - Original error line:   rw [mul_assoc]  -- Rewrites a*(b*c) as (a*b)*c
2025-04-13 14:11:55 - INFO - Testing fix: Original errors: 1, Fixed errors: 2
2025-04-13 14:11:55 - INFO - Result: False (introduced 2 new errors)
2025-04-13 14:11:55 - DEBUG - === New errors detail ===
2025-04-13 14:11:55 - DEBUG - New Error 1: line 14, type: unknown_identifier, message: unknown identifier 'exists_zpow_surjective'
2025-04-13 14:11:55 - DEBUG - New Error 2: line 14, type: rewrite_failed, message: tactic 'rewrite' failed, equality or iff proof expected
  ?m.1592
y : ℂ
⊢ 7 * (3 * y) + 7 * 2 = 21 * y + 14
2025-04-13 14:11:55 - INFO - Testing fragment: rw [zpow_eq_pow]
2025-04-13 14:11:55 - INFO - Original error line:   rw [mul_assoc]  -- Rewrites a*(b*c) as (a*b)*c
2025-04-13 14:11:57 - INFO - Testing fix: Original errors: 1, Fixed errors: 1
2025-04-13 14:11:57 - INFO - Result: False (introduced 1 new errors)
2025-04-13 14:11:57 - DEBUG - === New errors detail ===
2025-04-13 14:11:57 - DEBUG - New Error 1: line 14, type: rewrite_failed, message: tactic 'rewrite' failed, did not find instance of the pattern in the target expression
  DivInvMonoid.zpow ?n ?x
y : ℂ
⊢ 7 * (3 * y) + 7 * 2 = 21 * y + 14
2025-04-13 14:11:57 - INFO - Testing fragment: rw [zpow_zero]
2025-04-13 14:11:57 - INFO - Original error line:   rw [mul_assoc]  -- Rewrites a*(b*c) as (a*b)*c
2025-04-13 14:11:59 - INFO - Testing fix: Original errors: 1, Fixed errors: 1
2025-04-13 14:11:59 - INFO - Target error not fixed: tactic 'rewrite' failed, did not find instance of the pattern in the target expression
  ?a ^ 0
y : ...
2025-04-13 14:11:59 - INFO - Result: False (target error not fixed)
2025-04-13 14:11:59 - INFO - Testing fragment: rw [zpow_natCast]
2025-04-13 14:11:59 - INFO - Original error line:   rw [mul_assoc]  -- Rewrites a*(b*c) as (a*b)*c
2025-04-13 14:12:01 - INFO - Testing fix: Original errors: 1, Fixed errors: 1
2025-04-13 14:12:01 - INFO - Result: False (introduced 1 new errors)
2025-04-13 14:12:01 - DEBUG - === New errors detail ===
2025-04-13 14:12:01 - DEBUG - New Error 1: line 14, type: rewrite_failed, message: tactic 'rewrite' failed, did not find instance of the pattern in the target expression
  ?a ^ ↑?n
y : ℂ
⊢ 7 * (3 * y) + 7 * 2 = 21 * y + 14
2025-04-13 14:12:01 - INFO - Testing fragment: rw [zpow_negSucc]
2025-04-13 14:12:01 - INFO - Original error line:   rw [mul_assoc]  -- Rewrites a*(b*c) as (a*b)*c
2025-04-13 14:12:03 - INFO - Testing fix: Original errors: 1, Fixed errors: 1
2025-04-13 14:12:03 - INFO - Result: False (introduced 1 new errors)
2025-04-13 14:12:03 - DEBUG - === New errors detail ===
2025-04-13 14:12:03 - DEBUG - New Error 1: line 14, type: rewrite_failed, message: tactic 'rewrite' failed, did not find instance of the pattern in the target expression
  ?a ^ Int.negSucc ?n
y : ℂ
⊢ 7 * (3 * y) + 7 * 2 = 21 * y + 14
2025-04-13 14:12:03 - INFO - Testing fragment: rw [negSucc_zsmul]
2025-04-13 14:12:03 - INFO - Original error line:   rw [mul_assoc]  -- Rewrites a*(b*c) as (a*b)*c
2025-04-13 14:12:05 - INFO - Testing fix: Original errors: 1, Fixed errors: 1
2025-04-13 14:12:05 - INFO - Result: False (introduced 1 new errors)
2025-04-13 14:12:05 - DEBUG - === New errors detail ===
2025-04-13 14:12:05 - DEBUG - New Error 1: line 14, type: rewrite_failed, message: tactic 'rewrite' failed, did not find instance of the pattern in the target expression
  Int.negSucc ?n • ?a
y : ℂ
⊢ 7 * (3 * y) + 7 * 2 = 21 * y + 14
2025-04-13 14:12:05 - INFO - Testing fragment: rw [div_eq_mul_inv]
2025-04-13 14:12:05 - INFO - Original error line:   rw [mul_assoc]  -- Rewrites a*(b*c) as (a*b)*c
2025-04-13 14:12:07 - INFO - Testing fix: Original errors: 1, Fixed errors: 1
2025-04-13 14:12:07 - INFO - Result: False (introduced 1 new errors)
2025-04-13 14:12:07 - DEBUG - === New errors detail ===
2025-04-13 14:12:07 - DEBUG - New Error 1: line 14, type: rewrite_failed, message: tactic 'rewrite' failed, did not find instance of the pattern in the target expression
  ?a / ?b
y : ℂ
⊢ 7 * (3 * y) + 7 * 2 = 21 * y + 14
2025-04-13 14:12:07 - INFO - Testing fragment: rw [inv_eq_one_div]
2025-04-13 14:12:07 - INFO - Original error line:   rw [mul_assoc]  -- Rewrites a*(b*c) as (a*b)*c
2025-04-13 14:12:09 - INFO - Testing fix: Original errors: 1, Fixed errors: 1
2025-04-13 14:12:09 - INFO - Result: False (introduced 1 new errors)
2025-04-13 14:12:09 - DEBUG - === New errors detail ===
2025-04-13 14:12:09 - DEBUG - New Error 1: line 14, type: rewrite_failed, message: tactic 'rewrite' failed, did not find instance of the pattern in the target expression
  ?x⁻¹
y : ℂ
⊢ 7 * (3 * y) + 7 * 2 = 21 * y + 14
2025-04-13 14:12:09 - INFO - Testing fragment: rw [mul_div_assoc]
2025-04-13 14:12:09 - INFO - Original error line:   rw [mul_assoc]  -- Rewrites a*(b*c) as (a*b)*c
2025-04-13 14:12:11 - INFO - Testing fix: Original errors: 1, Fixed errors: 1
2025-04-13 14:12:11 - INFO - Result: False (introduced 1 new errors)
2025-04-13 14:12:11 - DEBUG - === New errors detail ===
2025-04-13 14:12:11 - DEBUG - New Error 1: line 14, type: rewrite_failed, message: tactic 'rewrite' failed, did not find instance of the pattern in the target expression
  ?a * ?b / ?c
y : ℂ
⊢ 7 * (3 * y) + 7 * 2 = 21 * y + 14
2025-04-13 14:12:11 - INFO - Testing fragment: rw [one_div]
2025-04-13 14:12:11 - INFO - Original error line:   rw [mul_assoc]  -- Rewrites a*(b*c) as (a*b)*c
2025-04-13 14:12:13 - INFO - Testing fix: Original errors: 1, Fixed errors: 1
2025-04-13 14:12:13 - INFO - Result: False (introduced 1 new errors)
2025-04-13 14:12:13 - DEBUG - === New errors detail ===
2025-04-13 14:12:13 - DEBUG - New Error 1: line 14, type: rewrite_failed, message: tactic 'rewrite' failed, did not find instance of the pattern in the target expression
  1 / ?a
y : ℂ
⊢ 7 * (3 * y) + 7 * 2 = 21 * y + 14
2025-04-13 14:12:13 - INFO - Testing fragment: rw [inv_one]
2025-04-13 14:12:13 - INFO - Original error line:   rw [mul_assoc]  -- Rewrites a*(b*c) as (a*b)*c
2025-04-13 14:12:15 - INFO - Testing fix: Original errors: 1, Fixed errors: 1
2025-04-13 14:12:15 - INFO - Result: False (introduced 1 new errors)
2025-04-13 14:12:15 - DEBUG - === New errors detail ===
2025-04-13 14:12:15 - DEBUG - New Error 1: line 14, type: rewrite_failed, message: tactic 'rewrite' failed, did not find instance of the pattern in the target expression
  1⁻¹
y : ℂ
⊢ 7 * (3 * y) + 7 * 2 = 21 * y + 14
2025-04-13 14:12:15 - INFO - Testing fragment: rw [mul_inv_rev]
2025-04-13 14:12:15 - INFO - Original error line:   rw [mul_assoc]  -- Rewrites a*(b*c) as (a*b)*c
2025-04-13 14:12:17 - INFO - Testing fix: Original errors: 1, Fixed errors: 1
2025-04-13 14:12:17 - INFO - Result: False (introduced 1 new errors)
2025-04-13 14:12:17 - DEBUG - === New errors detail ===
2025-04-13 14:12:17 - DEBUG - New Error 1: line 14, type: rewrite_failed, message: tactic 'rewrite' failed, did not find instance of the pattern in the target expression
  (?a * ?b)⁻¹
y : ℂ
⊢ 7 * (3 * y) + 7 * 2 = 21 * y + 14
2025-04-13 14:12:17 - INFO - Testing fragment: rw [inv_eq_of_mul_eq_one_right]
2025-04-13 14:12:17 - INFO - Original error line:   rw [mul_assoc]  -- Rewrites a*(b*c) as (a*b)*c
2025-04-13 14:12:19 - INFO - Testing fix: Original errors: 1, Fixed errors: 1
2025-04-13 14:12:19 - INFO - Result: False (introduced 1 new errors)
2025-04-13 14:12:19 - DEBUG - === New errors detail ===
2025-04-13 14:12:19 - DEBUG - New Error 1: line 14, type: rewrite_failed, message: tactic 'rewrite' failed, did not find instance of the pattern in the target expression
  ?m.1595⁻¹
y : ℂ
⊢ 7 * (3 * y) + 7 * 2 = 21 * y + 14
2025-04-13 14:12:19 - INFO - Testing fragment: rw [inv_eq_of_mul_eq_one_left]
2025-04-13 14:12:19 - INFO - Original error line:   rw [mul_assoc]  -- Rewrites a*(b*c) as (a*b)*c
2025-04-13 14:12:21 - INFO - Testing fix: Original errors: 1, Fixed errors: 1
2025-04-13 14:12:21 - INFO - Result: False (introduced 1 new errors)
2025-04-13 14:12:21 - DEBUG - === New errors detail ===
2025-04-13 14:12:21 - DEBUG - New Error 1: line 14, type: rewrite_failed, message: tactic 'rewrite' failed, did not find instance of the pattern in the target expression
  ?m.1596⁻¹
y : ℂ
⊢ 7 * (3 * y) + 7 * 2 = 21 * y + 14
2025-04-13 14:12:21 - INFO - Testing fragment: rw [eq_inv_of_mul_eq_one_left]
2025-04-13 14:12:21 - INFO - Original error line:   rw [mul_assoc]  -- Rewrites a*(b*c) as (a*b)*c
2025-04-13 14:12:23 - INFO - Testing fix: Original errors: 1, Fixed errors: 1
2025-04-13 14:12:23 - INFO - Result: False (introduced 1 new errors)
2025-04-13 14:12:23 - DEBUG - === New errors detail ===
2025-04-13 14:12:23 - DEBUG - New Error 1: line 14, type: rewrite_failed, message: tactic 'rewrite' failed, pattern is a metavariable
  ?m.1595
from equation
  ?m.1595 = ?m.1596⁻¹
y : ℂ
⊢ 7 * (3 * y) + 7 * 2 = 21 * y + 14
2025-04-13 14:12:23 - INFO - Testing fragment: rw [inv_mul_cancel]
2025-04-13 14:12:23 - INFO - Original error line:   rw [mul_assoc]  -- Rewrites a*(b*c) as (a*b)*c
2025-04-13 14:12:25 - INFO - Testing fix: Original errors: 1, Fixed errors: 1
2025-04-13 14:12:25 - INFO - Result: False (introduced 1 new errors)
2025-04-13 14:12:25 - DEBUG - === New errors detail ===
2025-04-13 14:12:25 - DEBUG - New Error 1: line 14, type: rewrite_failed, message: tactic 'rewrite' failed, did not find instance of the pattern in the target expression
  ?m.1595⁻¹ * ?m.1595
y : ℂ
⊢ 7 * (3 * y) + 7 * 2 = 21 * y + 14
2025-04-13 14:12:25 - INFO - Testing fragment: rw [inv_eq_of_mul]
2025-04-13 14:12:25 - INFO - Original error line:   rw [mul_assoc]  -- Rewrites a*(b*c) as (a*b)*c
2025-04-13 14:12:27 - INFO - Testing fix: Original errors: 1, Fixed errors: 2
2025-04-13 14:12:27 - INFO - Result: False (introduced 2 new errors)
2025-04-13 14:12:27 - DEBUG - === New errors detail ===
2025-04-13 14:12:27 - DEBUG - New Error 1: line 14, type: unknown_identifier, message: unknown identifier 'inv_eq_of_mul'
2025-04-13 14:12:27 - DEBUG - New Error 2: line 14, type: rewrite_failed, message: tactic 'rewrite' failed, equality or iff proof expected
  ?m.1592
y : ℂ
⊢ 7 * (3 * y) + 7 * 2 = 21 * y + 14
2025-04-13 14:12:27 - INFO - Testing fragment: rw [mul_inv_cancel]
2025-04-13 14:12:27 - INFO - Original error line:   rw [mul_assoc]  -- Rewrites a*(b*c) as (a*b)*c
2025-04-13 14:12:29 - INFO - Testing fix: Original errors: 1, Fixed errors: 1
2025-04-13 14:12:29 - INFO - Result: False (introduced 1 new errors)
2025-04-13 14:12:29 - DEBUG - === New errors detail ===
2025-04-13 14:12:29 - DEBUG - New Error 1: line 14, type: rewrite_failed, message: tactic 'rewrite' failed, did not find instance of the pattern in the target expression
  ?m.1595 * ?m.1595⁻¹
y : ℂ
⊢ 7 * (3 * y) + 7 * 2 = 21 * y + 14
2025-04-13 14:12:29 - INFO - Testing fragment: rw [div_self']
2025-04-13 14:12:29 - INFO - Original error line:   rw [mul_assoc]  -- Rewrites a*(b*c) as (a*b)*c
2025-04-13 14:12:31 - INFO - Testing fix: Original errors: 1, Fixed errors: 1
2025-04-13 14:12:31 - INFO - Target error not fixed: tactic 'rewrite' failed, did not find instance of the pattern in the target expression
  ?a / ?a
y :...
2025-04-13 14:12:31 - INFO - Result: False (target error not fixed)
2025-04-13 14:12:31 - INFO - Testing fragment: rw [inv_mul_cancel_left]
2025-04-13 14:12:31 - INFO - Original error line:   rw [mul_assoc]  -- Rewrites a*(b*c) as (a*b)*c
2025-04-13 14:12:33 - INFO - Testing fix: Original errors: 1, Fixed errors: 1
2025-04-13 14:12:33 - INFO - Result: False (introduced 1 new errors)
2025-04-13 14:12:33 - DEBUG - === New errors detail ===
2025-04-13 14:12:33 - DEBUG - New Error 1: line 14, type: rewrite_failed, message: tactic 'rewrite' failed, did not find instance of the pattern in the target expression
  ?a⁻¹ * (?a * ?b)
y : ℂ
⊢ 7 * (3 * y) + 7 * 2 = 21 * y + 14
2025-04-13 14:12:33 - INFO - Testing fragment: rw [mul_inv_cancel_left]
2025-04-13 14:12:33 - INFO - Original error line:   rw [mul_assoc]  -- Rewrites a*(b*c) as (a*b)*c
2025-04-13 14:12:35 - INFO - Testing fix: Original errors: 1, Fixed errors: 1
2025-04-13 14:12:35 - INFO - Result: False (introduced 1 new errors)
2025-04-13 14:12:35 - DEBUG - === New errors detail ===
2025-04-13 14:12:35 - DEBUG - New Error 1: line 14, type: rewrite_failed, message: tactic 'rewrite' failed, did not find instance of the pattern in the target expression
  ?a * (?a⁻¹ * ?b)
y : ℂ
⊢ 7 * (3 * y) + 7 * 2 = 21 * y + 14
2025-04-13 14:12:35 - INFO - Testing fragment: rw [mul_inv_cancel_right]
2025-04-13 14:12:35 - INFO - Original error line:   rw [mul_assoc]  -- Rewrites a*(b*c) as (a*b)*c
2025-04-13 14:12:37 - INFO - Testing fix: Original errors: 1, Fixed errors: 1
2025-04-13 14:12:37 - INFO - Result: False (introduced 1 new errors)
2025-04-13 14:12:37 - DEBUG - === New errors detail ===
2025-04-13 14:12:37 - DEBUG - New Error 1: line 14, type: rewrite_failed, message: tactic 'rewrite' failed, did not find instance of the pattern in the target expression
  ?a * ?b * ?b⁻¹
y : ℂ
⊢ 7 * (3 * y) + 7 * 2 = 21 * y + 14
2025-04-13 14:12:37 - INFO - Testing fragment: rw [mul_div_cancel_right]
2025-04-13 14:12:37 - INFO - Original error line:   rw [mul_assoc]  -- Rewrites a*(b*c) as (a*b)*c
2025-04-13 14:12:39 - INFO - Testing fix: Original errors: 1, Fixed errors: 1
2025-04-13 14:12:39 - INFO - Result: False (introduced 1 new errors)
2025-04-13 14:12:39 - DEBUG - === New errors detail ===
2025-04-13 14:12:39 - DEBUG - New Error 1: line 14, type: rewrite_failed, message: tactic 'rewrite' failed, did not find instance of the pattern in the target expression
  ?a * ?b / ?b
y : ℂ
⊢ 7 * (3 * y) + 7 * 2 = 21 * y + 14
2025-04-13 14:12:39 - INFO - Testing fragment: rw [inv_mul_cancel_right]
2025-04-13 14:12:39 - INFO - Original error line:   rw [mul_assoc]  -- Rewrites a*(b*c) as (a*b)*c
2025-04-13 14:12:41 - INFO - Testing fix: Original errors: 1, Fixed errors: 1
2025-04-13 14:12:41 - INFO - Result: False (introduced 1 new errors)
2025-04-13 14:12:41 - DEBUG - === New errors detail ===
2025-04-13 14:12:41 - DEBUG - New Error 1: line 14, type: rewrite_failed, message: tactic 'rewrite' failed, did not find instance of the pattern in the target expression
  ?a * ?b⁻¹ * ?b
y : ℂ
⊢ 7 * (3 * y) + 7 * 2 = 21 * y + 14
2025-04-13 14:12:41 - INFO - Testing fragment: rw [div_mul_cancel]
2025-04-13 14:12:41 - INFO - Original error line:   rw [mul_assoc]  -- Rewrites a*(b*c) as (a*b)*c
2025-04-13 14:12:43 - INFO - Testing fix: Original errors: 1, Fixed errors: 1
2025-04-13 14:12:43 - INFO - Result: False (introduced 1 new errors)
2025-04-13 14:12:43 - DEBUG - === New errors detail ===
2025-04-13 14:12:43 - DEBUG - New Error 1: line 14, type: rewrite_failed, message: tactic 'rewrite' failed, did not find instance of the pattern in the target expression
  ?a / ?b * ?b
y : ℂ
⊢ 7 * (3 * y) + 7 * 2 = 21 * y + 14
2025-04-13 14:12:43 - INFO - Testing fragment: rw [<- left_distrib]
2025-04-13 14:12:43 - INFO - Original error line:   rw [mul_assoc]  -- Rewrites a*(b*c) as (a*b)*c
2025-04-13 14:12:45 - INFO - Testing fix: Original errors: 1, Fixed errors: 1
2025-04-13 14:12:45 - INFO - Result: False (introduced 1 new errors)
2025-04-13 14:12:45 - DEBUG - === New errors detail ===
2025-04-13 14:12:45 - DEBUG - New Error 1: line 5, type: other_error, message: unsolved goals
y : ℂ
⊢ 7 * (3 * y + 2) = 21 * y + 14
2025-04-13 14:12:45 - INFO - Testing fragment: rw [<- right_distrib]
2025-04-13 14:12:45 - INFO - Original error line:   rw [mul_assoc]  -- Rewrites a*(b*c) as (a*b)*c
2025-04-13 14:12:47 - INFO - Testing fix: Original errors: 1, Fixed errors: 1
2025-04-13 14:12:47 - INFO - Result: False (introduced 1 new errors)
2025-04-13 14:12:47 - DEBUG - === New errors detail ===
2025-04-13 14:12:47 - DEBUG - New Error 1: line 14, type: rewrite_failed, message: tactic 'rewrite' failed, did not find instance of the pattern in the target expression
  ?a * ?c + ?b * ?c
y : ℂ
⊢ 7 * (3 * y) + 7 * 2 = 21 * y + 14
2025-04-13 14:12:47 - INFO - Testing fragment: rw [<- distrib_three_right]
2025-04-13 14:12:47 - INFO - Original error line:   rw [mul_assoc]  -- Rewrites a*(b*c) as (a*b)*c
2025-04-13 14:12:49 - INFO - Testing fix: Original errors: 1, Fixed errors: 1
2025-04-13 14:12:49 - INFO - Result: False (introduced 1 new errors)
2025-04-13 14:12:49 - DEBUG - === New errors detail ===
2025-04-13 14:12:49 - DEBUG - New Error 1: line 14, type: rewrite_failed, message: tactic 'rewrite' failed, did not find instance of the pattern in the target expression
  ?a * ?d + ?b * ?d + ?c * ?d
y : ℂ
⊢ 7 * (3 * y) + 7 * 2 = 21 * y + 14
2025-04-13 14:12:49 - INFO - Testing fragment: rw [<- add_one_mul]
2025-04-13 14:12:49 - INFO - Original error line:   rw [mul_assoc]  -- Rewrites a*(b*c) as (a*b)*c
2025-04-13 14:12:51 - INFO - Testing fix: Original errors: 1, Fixed errors: 1
2025-04-13 14:12:51 - INFO - Result: False (introduced 1 new errors)
2025-04-13 14:12:51 - DEBUG - === New errors detail ===
2025-04-13 14:12:51 - DEBUG - New Error 1: line 14, type: rewrite_failed, message: tactic 'rewrite' failed, did not find instance of the pattern in the target expression
  ?a * ?b + ?b
y : ℂ
⊢ 7 * (3 * y) + 7 * 2 = 21 * y + 14
2025-04-13 14:12:51 - INFO - Testing fragment: rw [<- mul_add_one]
2025-04-13 14:12:51 - INFO - Original error line:   rw [mul_assoc]  -- Rewrites a*(b*c) as (a*b)*c
2025-04-13 14:12:53 - INFO - Testing fix: Original errors: 1, Fixed errors: 1
2025-04-13 14:12:53 - INFO - Result: False (introduced 1 new errors)
2025-04-13 14:12:53 - DEBUG - === New errors detail ===
2025-04-13 14:12:53 - DEBUG - New Error 1: line 14, type: rewrite_failed, message: tactic 'rewrite' failed, did not find instance of the pattern in the target expression
  ?a * ?b + ?a
y : ℂ
⊢ 7 * (3 * y) + 7 * 2 = 21 * y + 14
2025-04-13 14:12:53 - INFO - Testing fragment: rw [<- one_add_mul]
2025-04-13 14:12:53 - INFO - Original error line:   rw [mul_assoc]  -- Rewrites a*(b*c) as (a*b)*c
2025-04-13 14:12:55 - INFO - Testing fix: Original errors: 1, Fixed errors: 1
2025-04-13 14:12:55 - INFO - Result: False (introduced 1 new errors)
2025-04-13 14:12:55 - DEBUG - === New errors detail ===
2025-04-13 14:12:55 - DEBUG - New Error 1: line 14, type: rewrite_failed, message: tactic 'rewrite' failed, did not find instance of the pattern in the target expression
  ?b + ?a * ?b
y : ℂ
⊢ 7 * (3 * y) + 7 * 2 = 21 * y + 14
2025-04-13 14:12:55 - INFO - Testing fragment: rw [<- mul_one_add]
2025-04-13 14:12:55 - INFO - Original error line:   rw [mul_assoc]  -- Rewrites a*(b*c) as (a*b)*c
2025-04-13 14:12:57 - INFO - Testing fix: Original errors: 1, Fixed errors: 1
2025-04-13 14:12:57 - INFO - Result: False (introduced 1 new errors)
2025-04-13 14:12:57 - DEBUG - === New errors detail ===
2025-04-13 14:12:57 - DEBUG - New Error 1: line 14, type: rewrite_failed, message: tactic 'rewrite' failed, did not find instance of the pattern in the target expression
  ?a + ?a * ?b
y : ℂ
⊢ 7 * (3 * y) + 7 * 2 = 21 * y + 14
2025-04-13 14:12:57 - INFO - Testing fragment: rw [<- two_mul]
2025-04-13 14:12:57 - INFO - Original error line:   rw [mul_assoc]  -- Rewrites a*(b*c) as (a*b)*c
2025-04-13 14:12:59 - INFO - Testing fix: Original errors: 1, Fixed errors: 1
2025-04-13 14:12:59 - INFO - Result: False (introduced 1 new errors)
2025-04-13 14:12:59 - DEBUG - === New errors detail ===
2025-04-13 14:12:59 - DEBUG - New Error 1: line 14, type: rewrite_failed, message: tactic 'rewrite' failed, did not find instance of the pattern in the target expression
  ?n + ?n
y : ℂ
⊢ 7 * (3 * y) + 7 * 2 = 21 * y + 14
2025-04-13 14:12:59 - INFO - Testing fragment: rw [<- mul_two]
2025-04-13 14:12:59 - INFO - Original error line:   rw [mul_assoc]  -- Rewrites a*(b*c) as (a*b)*c
2025-04-13 14:13:01 - INFO - Testing fix: Original errors: 1, Fixed errors: 1
2025-04-13 14:13:01 - INFO - Result: False (introduced 1 new errors)
2025-04-13 14:13:01 - DEBUG - === New errors detail ===
2025-04-13 14:13:01 - DEBUG - New Error 1: line 14, type: rewrite_failed, message: tactic 'rewrite' failed, did not find instance of the pattern in the target expression
  ?n + ?n
y : ℂ
⊢ 7 * (3 * y) + 7 * 2 = 21 * y + 14
2025-04-13 14:13:01 - INFO - Testing fragment: rw [<- mul_boole]
2025-04-13 14:13:01 - INFO - Original error line:   rw [mul_assoc]  -- Rewrites a*(b*c) as (a*b)*c
2025-04-13 14:13:03 - INFO - Testing fix: Original errors: 1, Fixed errors: 1
2025-04-13 14:13:03 - INFO - Result: False (introduced 1 new errors)
2025-04-13 14:13:03 - DEBUG - === New errors detail ===
2025-04-13 14:13:03 - DEBUG - New Error 1: line 14, type: rewrite_failed, message: tactic 'rewrite' failed, did not find instance of the pattern in the target expression
  if ?P then ?a else 0
y : ℂ
⊢ 7 * (3 * y) + 7 * 2 = 21 * y + 14
2025-04-13 14:13:03 - INFO - Testing fragment: rw [<- boole_mul]
2025-04-13 14:13:03 - INFO - Original error line:   rw [mul_assoc]  -- Rewrites a*(b*c) as (a*b)*c
2025-04-13 14:13:05 - INFO - Testing fix: Original errors: 1, Fixed errors: 1
2025-04-13 14:13:05 - INFO - Result: False (introduced 1 new errors)
2025-04-13 14:13:05 - DEBUG - === New errors detail ===
2025-04-13 14:13:05 - DEBUG - New Error 1: line 14, type: rewrite_failed, message: tactic 'rewrite' failed, did not find instance of the pattern in the target expression
  if ?P then ?a else 0
y : ℂ
⊢ 7 * (3 * y) + 7 * 2 = 21 * y + 14
2025-04-13 14:13:05 - INFO - Testing fragment: rw [<- add_mul_self_eq]
2025-04-13 14:13:05 - INFO - Original error line:   rw [mul_assoc]  -- Rewrites a*(b*c) as (a*b)*c
2025-04-13 14:13:07 - INFO - Testing fix: Original errors: 1, Fixed errors: 1
2025-04-13 14:13:07 - INFO - Result: False (introduced 1 new errors)
2025-04-13 14:13:07 - DEBUG - === New errors detail ===
2025-04-13 14:13:07 - DEBUG - New Error 1: line 14, type: rewrite_failed, message: tactic 'rewrite' failed, did not find instance of the pattern in the target expression
  ?a * ?a + 2 * ?a * ?b + ?b * ?b
y : ℂ
⊢ 7 * (3 * y) + 7 * 2 = 21 * y + 14
2025-04-13 14:13:07 - INFO - Testing fragment: rw [<- neg_mul]
2025-04-13 14:13:07 - INFO - Original error line:   rw [mul_assoc]  -- Rewrites a*(b*c) as (a*b)*c
2025-04-13 14:13:09 - INFO - Testing fix: Original errors: 1, Fixed errors: 1
2025-04-13 14:13:09 - INFO - Result: False (introduced 1 new errors)
2025-04-13 14:13:09 - DEBUG - === New errors detail ===
2025-04-13 14:13:09 - DEBUG - New Error 1: line 14, type: rewrite_failed, message: tactic 'rewrite' failed, did not find instance of the pattern in the target expression
  -(?a * ?b)
y : ℂ
⊢ 7 * (3 * y) + 7 * 2 = 21 * y + 14
2025-04-13 14:13:09 - INFO - Testing fragment: rw [<- mul_neg]
2025-04-13 14:13:09 - INFO - Original error line:   rw [mul_assoc]  -- Rewrites a*(b*c) as (a*b)*c
2025-04-13 14:13:11 - INFO - Testing fix: Original errors: 1, Fixed errors: 1
2025-04-13 14:13:11 - INFO - Result: False (introduced 1 new errors)
2025-04-13 14:13:11 - DEBUG - === New errors detail ===
2025-04-13 14:13:11 - DEBUG - New Error 1: line 14, type: rewrite_failed, message: tactic 'rewrite' failed, did not find instance of the pattern in the target expression
  -(?a * ?b)
y : ℂ
⊢ 7 * (3 * y) + 7 * 2 = 21 * y + 14
2025-04-13 14:13:11 - INFO - Testing fragment: rw [<- neg_mul_neg]
2025-04-13 14:13:11 - INFO - Original error line:   rw [mul_assoc]  -- Rewrites a*(b*c) as (a*b)*c
2025-04-13 14:13:13 - INFO - Testing fix: Original errors: 1, Fixed errors: 1
2025-04-13 14:13:13 - INFO - Result: False (introduced 1 new errors)
2025-04-13 14:13:13 - DEBUG - === New errors detail ===
2025-04-13 14:13:13 - DEBUG - New Error 1: line 5, type: other_error, message: unsolved goals
y : ℂ
⊢ 7 * (3 * y) = 21 * y
2025-04-13 14:13:13 - INFO - Testing fragment: rw [<- neg_mul_eq_neg_mul]
2025-04-13 14:13:13 - INFO - Original error line:   rw [mul_assoc]  -- Rewrites a*(b*c) as (a*b)*c
2025-04-13 14:13:15 - INFO - Testing fix: Original errors: 1, Fixed errors: 1
2025-04-13 14:13:15 - INFO - Result: False (introduced 1 new errors)
2025-04-13 14:13:15 - DEBUG - === New errors detail ===
2025-04-13 14:13:15 - DEBUG - New Error 1: line 14, type: rewrite_failed, message: tactic 'rewrite' failed, did not find instance of the pattern in the target expression
  -?a * ?b
y : ℂ
⊢ 7 * (3 * y) + 7 * 2 = 21 * y + 14
2025-04-13 14:13:15 - INFO - Testing fragment: rw [<- neg_mul_eq_mul_neg]
2025-04-13 14:13:15 - INFO - Original error line:   rw [mul_assoc]  -- Rewrites a*(b*c) as (a*b)*c
2025-04-13 14:13:17 - INFO - Testing fix: Original errors: 1, Fixed errors: 1
2025-04-13 14:13:17 - INFO - Result: False (introduced 1 new errors)
2025-04-13 14:13:17 - DEBUG - === New errors detail ===
2025-04-13 14:13:17 - DEBUG - New Error 1: line 14, type: rewrite_failed, message: tactic 'rewrite' failed, did not find instance of the pattern in the target expression
  ?a * -?b
y : ℂ
⊢ 7 * (3 * y) + 7 * 2 = 21 * y + 14
2025-04-13 14:13:17 - INFO - Testing fragment: rw [<- neg_mul_comm]
2025-04-13 14:13:17 - INFO - Original error line:   rw [mul_assoc]  -- Rewrites a*(b*c) as (a*b)*c
2025-04-13 14:13:19 - INFO - Testing fix: Original errors: 1, Fixed errors: 1
2025-04-13 14:13:19 - INFO - Result: False (introduced 1 new errors)
2025-04-13 14:13:19 - DEBUG - === New errors detail ===
2025-04-13 14:13:19 - DEBUG - New Error 1: line 14, type: rewrite_failed, message: tactic 'rewrite' failed, did not find instance of the pattern in the target expression
  ?a * -?b
y : ℂ
⊢ 7 * (3 * y) + 7 * 2 = 21 * y + 14
2025-04-13 14:13:19 - INFO - Testing fragment: rw [<- neg_eq_neg_one_mul]
2025-04-13 14:13:19 - INFO - Original error line:   rw [mul_assoc]  -- Rewrites a*(b*c) as (a*b)*c
2025-04-13 14:13:21 - INFO - Testing fix: Original errors: 1, Fixed errors: 1
2025-04-13 14:13:21 - INFO - Result: False (introduced 1 new errors)
2025-04-13 14:13:21 - DEBUG - === New errors detail ===
2025-04-13 14:13:21 - DEBUG - New Error 1: line 14, type: rewrite_failed, message: tactic 'rewrite' failed, did not find instance of the pattern in the target expression
  -1 * ?a
y : ℂ
⊢ 7 * (3 * y) + 7 * 2 = 21 * y + 14
2025-04-13 14:13:21 - INFO - Testing fragment: rw [<- mul_neg_one]
2025-04-13 14:13:21 - INFO - Original error line:   rw [mul_assoc]  -- Rewrites a*(b*c) as (a*b)*c
2025-04-13 14:13:23 - INFO - Testing fix: Original errors: 1, Fixed errors: 1
2025-04-13 14:13:23 - INFO - Result: False (introduced 1 new errors)
2025-04-13 14:13:23 - DEBUG - === New errors detail ===
2025-04-13 14:13:23 - DEBUG - New Error 1: line 14, type: rewrite_failed, message: tactic 'rewrite' failed, did not find instance of the pattern in the target expression
  -?a
y : ℂ
⊢ 7 * (3 * y) + 7 * 2 = 21 * y + 14
2025-04-13 14:13:23 - INFO - Testing fragment: rw [<- neg_one_mul]
2025-04-13 14:13:23 - INFO - Original error line:   rw [mul_assoc]  -- Rewrites a*(b*c) as (a*b)*c
2025-04-13 14:13:25 - INFO - Testing fix: Original errors: 1, Fixed errors: 1
2025-04-13 14:13:25 - INFO - Result: False (introduced 1 new errors)
2025-04-13 14:13:25 - DEBUG - === New errors detail ===
2025-04-13 14:13:25 - DEBUG - New Error 1: line 14, type: rewrite_failed, message: tactic 'rewrite' failed, did not find instance of the pattern in the target expression
  -?a
y : ℂ
⊢ 7 * (3 * y) + 7 * 2 = 21 * y + 14
2025-04-13 14:13:25 - INFO - Testing fragment: rw [<- mul_sub_left_distrib]
2025-04-13 14:13:25 - INFO - Original error line:   rw [mul_assoc]  -- Rewrites a*(b*c) as (a*b)*c
2025-04-13 14:13:27 - INFO - Testing fix: Original errors: 1, Fixed errors: 1
2025-04-13 14:13:27 - INFO - Result: False (introduced 1 new errors)
2025-04-13 14:13:27 - DEBUG - === New errors detail ===
2025-04-13 14:13:27 - DEBUG - New Error 1: line 14, type: rewrite_failed, message: tactic 'rewrite' failed, did not find instance of the pattern in the target expression
  ?a * ?b - ?a * ?c
y : ℂ
⊢ 7 * (3 * y) + 7 * 2 = 21 * y + 14
2025-04-13 14:13:27 - INFO - Testing fragment: rw [<- mul_sub_right_distrib]
2025-04-13 14:13:27 - INFO - Original error line:   rw [mul_assoc]  -- Rewrites a*(b*c) as (a*b)*c
2025-04-13 14:13:29 - INFO - Testing fix: Original errors: 1, Fixed errors: 1
2025-04-13 14:13:29 - INFO - Result: False (introduced 1 new errors)
2025-04-13 14:13:29 - DEBUG - === New errors detail ===
2025-04-13 14:13:29 - DEBUG - New Error 1: line 14, type: rewrite_failed, message: tactic 'rewrite' failed, did not find instance of the pattern in the target expression
  ?a * ?c - ?b * ?c
y : ℂ
⊢ 7 * (3 * y) + 7 * 2 = 21 * y + 14
2025-04-13 14:13:29 - INFO - Testing fragment: rw [<- sub_one_mul]
2025-04-13 14:13:29 - INFO - Original error line:   rw [mul_assoc]  -- Rewrites a*(b*c) as (a*b)*c
2025-04-13 14:13:31 - INFO - Testing fix: Original errors: 1, Fixed errors: 1
2025-04-13 14:13:31 - INFO - Result: False (introduced 1 new errors)
2025-04-13 14:13:31 - DEBUG - === New errors detail ===
2025-04-13 14:13:31 - DEBUG - New Error 1: line 14, type: rewrite_failed, message: tactic 'rewrite' failed, did not find instance of the pattern in the target expression
  ?a * ?b - ?b
y : ℂ
⊢ 7 * (3 * y) + 7 * 2 = 21 * y + 14
2025-04-13 14:13:31 - INFO - Testing fragment: rw [<- mul_sub_one]
2025-04-13 14:13:31 - INFO - Original error line:   rw [mul_assoc]  -- Rewrites a*(b*c) as (a*b)*c
2025-04-13 14:13:33 - INFO - Testing fix: Original errors: 1, Fixed errors: 1
2025-04-13 14:13:33 - INFO - Result: False (introduced 1 new errors)
2025-04-13 14:13:33 - DEBUG - === New errors detail ===
2025-04-13 14:13:33 - DEBUG - New Error 1: line 14, type: rewrite_failed, message: tactic 'rewrite' failed, did not find instance of the pattern in the target expression
  ?a * ?b - ?a
y : ℂ
⊢ 7 * (3 * y) + 7 * 2 = 21 * y + 14
2025-04-13 14:13:33 - INFO - Testing fragment: rw [<- one_sub_mul]
2025-04-13 14:13:33 - INFO - Original error line:   rw [mul_assoc]  -- Rewrites a*(b*c) as (a*b)*c
2025-04-13 14:13:35 - INFO - Testing fix: Original errors: 1, Fixed errors: 1
2025-04-13 14:13:35 - INFO - Result: False (introduced 1 new errors)
2025-04-13 14:13:35 - DEBUG - === New errors detail ===
2025-04-13 14:13:35 - DEBUG - New Error 1: line 14, type: rewrite_failed, message: tactic 'rewrite' failed, did not find instance of the pattern in the target expression
  ?b - ?a * ?b
y : ℂ
⊢ 7 * (3 * y) + 7 * 2 = 21 * y + 14
2025-04-13 14:13:35 - INFO - Testing fragment: rw [<- mul_one_sub]
2025-04-13 14:13:35 - INFO - Original error line:   rw [mul_assoc]  -- Rewrites a*(b*c) as (a*b)*c
2025-04-13 14:13:37 - INFO - Testing fix: Original errors: 1, Fixed errors: 1
2025-04-13 14:13:37 - INFO - Result: False (introduced 1 new errors)
2025-04-13 14:13:37 - DEBUG - === New errors detail ===
2025-04-13 14:13:37 - DEBUG - New Error 1: line 14, type: rewrite_failed, message: tactic 'rewrite' failed, did not find instance of the pattern in the target expression
  ?a - ?a * ?b
y : ℂ
⊢ 7 * (3 * y) + 7 * 2 = 21 * y + 14
2025-04-13 14:13:37 - INFO - Testing fragment: rw [<- mul_left_cancel]
2025-04-13 14:13:37 - INFO - Original error line:   rw [mul_assoc]  -- Rewrites a*(b*c) as (a*b)*c
2025-04-13 14:13:39 - INFO - Testing fix: Original errors: 1, Fixed errors: 1
2025-04-13 14:13:39 - INFO - Result: False (introduced 1 new errors)
2025-04-13 14:13:39 - DEBUG - === New errors detail ===
2025-04-13 14:13:39 - DEBUG - New Error 1: line 14, type: rewrite_failed, message: tactic 'rewrite' failed, pattern is a metavariable
  ?m.1598
from equation
  ?m.1598 = ?m.1597
y : ℂ
⊢ 7 * (3 * y) + 7 * 2 = 21 * y + 14
2025-04-13 14:13:39 - INFO - Testing fragment: rw [<- mul_left_cancel_iff]
2025-04-13 14:13:39 - INFO - Original error line:   rw [mul_assoc]  -- Rewrites a*(b*c) as (a*b)*c
2025-04-13 14:13:41 - INFO - Testing fix: Original errors: 1, Fixed errors: 2
2025-04-13 14:13:41 - INFO - Result: False (introduced 2 new errors)
2025-04-13 14:13:41 - DEBUG - === New errors detail ===
2025-04-13 14:13:41 - DEBUG - New Error 1: line 14, type: failed_to_synthesize, message: failed to synthesize
  IsLeftCancelMul ℂ
use `set_option diagnostics true` to get diagnostic information
2025-04-13 14:13:41 - DEBUG - New Error 2: line 5, type: other_error, message: unsolved goals
y : ℂ
⊢ 7 * (3 * y) = 21 * y ∨ ?m.1596 = 0

y : ℂ
⊢ ℂ

y : ℂ
⊢ IsLeftCancelMul ℂ
2025-04-13 14:13:41 - INFO - Testing fragment: rw [<- mul_right_injective]
2025-04-13 14:13:41 - INFO - Original error line:   rw [mul_assoc]  -- Rewrites a*(b*c) as (a*b)*c
2025-04-13 14:13:43 - INFO - Testing fix: Original errors: 1, Fixed errors: 1
2025-04-13 14:13:43 - INFO - Result: False (introduced 1 new errors)
2025-04-13 14:13:43 - DEBUG - === New errors detail ===
2025-04-13 14:13:43 - DEBUG - New Error 1: line 14, type: rewrite_failed, message: tactic 'rewrite' failed, pattern is a metavariable
  ?a₂
from equation
  ?a₂ = ?a₁
y : ℂ
⊢ 7 * (3 * y) + 7 * 2 = 21 * y + 14
2025-04-13 14:13:43 - INFO - Testing fragment: rw [<- mul_right_inj]
2025-04-13 14:13:43 - INFO - Original error line:   rw [mul_assoc]  -- Rewrites a*(b*c) as (a*b)*c
2025-04-13 14:13:45 - INFO - Testing fix: Original errors: 1, Fixed errors: 2
2025-04-13 14:13:45 - INFO - Result: False (introduced 2 new errors)
2025-04-13 14:13:45 - DEBUG - === New errors detail ===
2025-04-13 14:13:45 - DEBUG - New Error 1: line 14, type: failed_to_synthesize, message: failed to synthesize
  IsLeftCancelMul ℂ
use `set_option diagnostics true` to get diagnostic information
2025-04-13 14:13:45 - DEBUG - New Error 2: line 5, type: other_error, message: unsolved goals
y : ℂ
⊢ 7 * (3 * y) = 21 * y ∨ ?a = 0

case a
y : ℂ
⊢ ℂ

y : ℂ
⊢ IsLeftCancelMul ℂ
2025-04-13 14:13:45 - INFO - Testing fragment: rw [<- mul_ne_mul_right]
2025-04-13 14:13:45 - INFO - Original error line:   rw [mul_assoc]  -- Rewrites a*(b*c) as (a*b)*c
2025-04-13 14:13:47 - INFO - Testing fix: Original errors: 1, Fixed errors: 1
2025-04-13 14:13:47 - INFO - Result: False (introduced 1 new errors)
2025-04-13 14:13:47 - DEBUG - === New errors detail ===
2025-04-13 14:13:47 - DEBUG - New Error 1: line 14, type: rewrite_failed, message: tactic 'rewrite' failed, did not find instance of the pattern in the target expression
  ?b ≠ ?c
y : ℂ
⊢ 7 * (3 * y) + 7 * 2 = 21 * y + 14
2025-04-13 14:13:47 - INFO - Testing fragment: rw [<- mul_right_cancel]
2025-04-13 14:13:47 - INFO - Original error line:   rw [mul_assoc]  -- Rewrites a*(b*c) as (a*b)*c
2025-04-13 14:13:49 - INFO - Testing fix: Original errors: 1, Fixed errors: 1
2025-04-13 14:13:49 - INFO - Result: False (introduced 1 new errors)
2025-04-13 14:13:49 - DEBUG - === New errors detail ===
2025-04-13 14:13:49 - DEBUG - New Error 1: line 14, type: rewrite_failed, message: tactic 'rewrite' failed, pattern is a metavariable
  ?m.1598
from equation
  ?m.1598 = ?m.1596
y : ℂ
⊢ 7 * (3 * y) + 7 * 2 = 21 * y + 14
2025-04-13 14:13:49 - INFO - Testing fragment: rw [<- mul_right_cancel_iff]
2025-04-13 14:13:49 - INFO - Original error line:   rw [mul_assoc]  -- Rewrites a*(b*c) as (a*b)*c
2025-04-13 14:13:51 - INFO - Testing fix: Original errors: 1, Fixed errors: 2
2025-04-13 14:13:51 - INFO - Result: False (introduced 2 new errors)
2025-04-13 14:13:51 - DEBUG - === New errors detail ===
2025-04-13 14:13:51 - DEBUG - New Error 1: line 14, type: failed_to_synthesize, message: failed to synthesize
  IsRightCancelMul ℂ
use `set_option diagnostics true` to get diagnostic information
2025-04-13 14:13:51 - DEBUG - New Error 2: line 5, type: other_error, message: unsolved goals
y : ℂ
⊢ 7 * (3 * y) = 21 * y ∨ ?m.1596 = 0

y : ℂ
⊢ ℂ

y : ℂ
⊢ IsRightCancelMul ℂ
2025-04-13 14:13:51 - INFO - Testing fragment: rw [<- mul_left_injective]
2025-04-13 14:13:51 - INFO - Original error line:   rw [mul_assoc]  -- Rewrites a*(b*c) as (a*b)*c
2025-04-13 14:13:53 - INFO - Testing fix: Original errors: 1, Fixed errors: 1
2025-04-13 14:13:53 - INFO - Result: False (introduced 1 new errors)
2025-04-13 14:13:53 - DEBUG - === New errors detail ===
2025-04-13 14:13:53 - DEBUG - New Error 1: line 14, type: rewrite_failed, message: tactic 'rewrite' failed, pattern is a metavariable
  ?a₂
from equation
  ?a₂ = ?a₁
y : ℂ
⊢ 7 * (3 * y) + 7 * 2 = 21 * y + 14
2025-04-13 14:13:53 - INFO - Testing fragment: rw [<- mul_left_inj]
2025-04-13 14:13:53 - INFO - Original error line:   rw [mul_assoc]  -- Rewrites a*(b*c) as (a*b)*c
2025-04-13 14:13:55 - INFO - Testing fix: Original errors: 1, Fixed errors: 2
2025-04-13 14:13:55 - INFO - Result: False (introduced 2 new errors)
2025-04-13 14:13:55 - DEBUG - === New errors detail ===
2025-04-13 14:13:55 - DEBUG - New Error 1: line 14, type: failed_to_synthesize, message: failed to synthesize
  IsRightCancelMul ℂ
use `set_option diagnostics true` to get diagnostic information
2025-04-13 14:13:55 - DEBUG - New Error 2: line 5, type: other_error, message: unsolved goals
y : ℂ
⊢ 7 * (3 * y) = 21 * y ∨ ?a = 0

case a
y : ℂ
⊢ ℂ

y : ℂ
⊢ IsRightCancelMul ℂ
2025-04-13 14:13:55 - INFO - Testing fragment: rw [<- mul_ne_mul_left]
2025-04-13 14:13:55 - INFO - Original error line:   rw [mul_assoc]  -- Rewrites a*(b*c) as (a*b)*c
2025-04-13 14:16:53 - INFO - Testing fix: Original errors: 1, Fixed errors: 1
2025-04-13 14:16:53 - INFO - Result: False (introduced 1 new errors)
2025-04-13 14:16:53 - DEBUG - === New errors detail ===
2025-04-13 14:16:53 - DEBUG - New Error 1: line 14, type: rewrite_failed, message: tactic 'rewrite' failed, did not find instance of the pattern in the target expression
  ?b ≠ ?c
y : ℂ
⊢ 7 * (3 * y) + 7 * 2 = 21 * y + 14
2025-04-13 14:16:53 - INFO - Testing fragment: rw [<- mul_assoc]
2025-04-13 14:16:53 - INFO - Original error line:   rw [mul_assoc]  -- Rewrites a*(b*c) as (a*b)*c
2025-04-13 14:16:55 - INFO - Testing fix: Original errors: 1, Fixed errors: 0
2025-04-13 14:16:55 - INFO - Result: True (no errors)
2025-04-13 14:16:55 - DEBUG - === Original errors detail ===
2025-04-13 14:16:55 - DEBUG - Error 1: line 14, type: rewrite_failed, message: tactic 'rewrite' failed, did not find instance of the pattern in the target expression
  ?a * ?b * ?c
y : ℂ
⊢ 7 * (3 * y) + 7 * 2 = 21 * y + 14
2025-04-13 14:16:55 - DEBUG - === Fixed code comparison ===
2025-04-13 14:16:55 - DEBUG - Line 14 changed:
2025-04-13 14:16:55 - DEBUG -   Original:   rw [mul_assoc]  -- Rewrites a*(b*c) as (a*b)*c
2025-04-13 14:16:55 - DEBUG -   Fixed:      rw [<- mul_assoc]
2025-04-13 14:16:55 - INFO - Found effective solution: rw [<- mul_assoc]
2025-04-13 14:16:55 - INFO - 
==================================================
2025-04-13 14:16:55 - INFO - Fixed code:
2025-04-13 14:16:55 - INFO - /--
Expand the following expression: $7(3y+2)$ Show that it is 21y+14.
This theorem states that for any complex number y, 7 multiplied by (3y + 2) equals 21y + 14.
-/
theorem mathd_algebra_182 (y : ℂ) : 7 * (3 * y + 2) = 21 * y + 14 := by
  -- The proof will use the distributive property of multiplication over addition
  -- First step: Apply the distributive property to multiply 7 across the terms inside the parentheses
  rw [mul_add]  -- Rewrites using the distributive property: a*(b+c) = a*b + a*c

  -- Now we have two multiplication terms: 7 * (3 * y) and 7 * 2
  -- Next step: Simplify both multiplications

  -- First multiplication: 7 * (3 * y) can be rewritten using associativity of multiplication
  rw [<- mul_assoc]

  -- Now we have (7 * 3) * y + 7 * 2
  -- Next step: Compute the constant multiplications

  -- Compute 7 * 3 to get 21
  norm_num  -- Normalizes numerical expressions, computing 7*3 to 21 and 7*2 to 14

  -- After norm_num, the expression is now 21 * y + 14
  -- No further simplification is needed as we've reached the desired form

  -- The proof is complete as both sides of the equation now match
2025-04-13 14:16:55 - INFO - ==================================================
2025-04-13 14:16:57 - INFO - Original code error count: 1
2025-04-13 14:16:57 - INFO - Fixed code error count: 0
2025-04-13 14:16:57 - DEBUG - === Original errors detail ===
2025-04-13 14:16:57 - DEBUG - Error 1: line 14, type: rewrite_failed, message: tactic 'rewrite' failed, did not find instance of the pattern in the target expression
  ?a * ?b * ?c
y : ℂ
⊢ 7 * (3 * y) + 7 * 2 = 21 * y + 14
2025-04-13 14:16:57 - DEBUG - === Fixed code comparison ===
2025-04-13 14:16:57 - DEBUG - Line 14 changed:
2025-04-13 14:16:57 - DEBUG -   Original:   rw [mul_assoc]  -- Rewrites a*(b*c) as (a*b)*c
2025-04-13 14:16:57 - DEBUG -   Fixed:      rw [<- mul_assoc]
2025-04-13 14:16:57 - INFO - 
==================================================
2025-04-13 14:16:57 - INFO - Synthesis successful
2025-04-13 14:16:57 - INFO - ==================================================
2025-04-13 14:16:57 - INFO - Fix time: 414.14 seconds
2025-04-13 14:16:57 - INFO - ✅ Fixed error at line 14
2025-04-13 14:16:58 - INFO - 
===== Fix attempt completed =====
2025-04-13 14:16:58 - INFO - Original errors: 1
2025-04-13 14:16:58 - INFO - Fixed errors: 1
2025-04-13 14:16:58 - INFO - Failed errors: 0
2025-04-13 14:16:58 - INFO - Remaining errors: 0
2025-04-13 14:16:58 - INFO - Total time: 416.14 seconds
2025-04-13 14:16:58 - INFO - 
Final fixed code:
2025-04-13 14:16:58 - INFO - ----------------------------------------
2025-04-13 14:16:58 - INFO - /--
Expand the following expression: $7(3y+2)$ Show that it is 21y+14.
This theorem states that for any complex number y, 7 multiplied by (3y + 2) equals 21y + 14.
-/
theorem mathd_algebra_182 (y : ℂ) : 7 * (3 * y + 2) = 21 * y + 14 := by
  -- The proof will use the distributive property of multiplication over addition
  -- First step: Apply the distributive property to multiply 7 across the terms inside the parentheses
  rw [mul_add]  -- Rewrites using the distributive property: a*(b+c) = a*b + a*c

  -- Now we have two multiplication terms: 7 * (3 * y) and 7 * 2
  -- Next step: Simplify both multiplications

  -- First multiplication: 7 * (3 * y) can be rewritten using associativity of multiplication
  rw [<- mul_assoc]

  -- Now we have (7 * 3) * y + 7 * 2
  -- Next step: Compute the constant multiplications

  -- Compute 7 * 3 to get 21
  norm_num  -- Normalizes numerical expressions, computing 7*3 to 21 and 7*2 to 14

  -- After norm_num, the expression is now 21 * y + 14
  -- No further simplification is needed as we've reached the desired form

  -- The proof is complete as both sides of the equation now match
2025-04-13 14:16:58 - INFO - ----------------------------------------
2025-04-13 14:16:58 - INFO - 
Detailed error repair report:
2025-04-13 14:16:58 - INFO - Original code error count: 1
✅ Fixed error 1/1: Successfully fixed error at line 14 «rewrite_failed» (in 414.14s)

=== Fix statistics ===
Original error count: 1
Fixed errors: 1 (Fix rate: 1.0000)
Failed errors: 0
Remaining errors: 0
Total time: 416.14 seconds

=== Successful fix details ===

Fix 1:
   Line: 14
   Error type: rewrite_failed
   Original error message: tactic 'rewrite' failed, did not find instance of the pattern in the target expression
  ?a * ?b * ?...
   Fix snippet: rw [<- mul_assoc]
   Fixed line:   rw [<- mul_assoc]
   Time: 414.14 seconds
2025-04-13 14:16:58 - INFO - 
Fixed code saved to: ./minif2f/lean_fixed/4_fixed.lean
2025-04-13 14:16:58 - INFO - JSON log saved to: ./minif2f/lean_fixed/4_fix_log.json
2025-04-13 14:16:58 - INFO - 
===== LOG FILE LOCATION =====
2025-04-13 14:16:58 - INFO - Detailed log file is available at: ./minif2f/lean_fixed/4.log
2025-04-13 14:16:58 - INFO - ===============================
