2025-04-13 14:13:12 - INFO - Log file initialized at 2025-04-13T14:13:12.178880
2025-04-13 14:13:12 - INFO - ===== LOG FILE LOCATION =====
2025-04-13 14:13:12 - INFO - Detailed log file created at: ./minif2f/lean_fixed/44.log
2025-04-13 14:13:12 - INFO - ===============================
2025-04-13 14:13:12 - INFO - Original code:
2025-04-13 14:13:12 - INFO - ----------------------------------------
2025-04-13 14:13:12 - INFO - import Mathlib
import Aesop

set_option maxHeartbeats 0

open BigOperators Real Nat Topology Rat

/-- What is the remainder when $1999^{2000}$ is divided by $5?$ Show that it is 1.-/
theorem mathd_numbertheory_236 : 1999 ^ 2000 % 5 = 1 := by
  -- First, we simplify the base 1999 modulo 5
  -- Since 1999 ÷ 5 = 399 with remainder 4, we have 1999 ≡ 4 mod 5
  have h₁ : 1999 % 5 = 4 := by norm_num
  
  -- Using the property that (a ≡ b mod m) → (a^n ≡ b^n mod m),
  -- we can rewrite 1999^2000 ≡ 4^2000 mod 5
  rw [← h₁, pow_mod]
  
  -- Now we focus on simplifying 4^2000 modulo 5
  -- Notice that 4 and 5 are coprime, so we can apply Euler's theorem
  -- Euler's totient function φ(5) = 4, so 4^4 ≡ 1 mod 5
  have h₂ : 4 ^ 4 % 5 = 1 := by norm_num
  
  -- We can express 2000 as 4 * 500, since 2000 ÷ 4 = 500
  have h₃ : 2000 = 4 * 500 := by norm_num
  
  -- Rewrite the exponent using this decomposition
  rw [h₃, pow_mul]
  
  -- Now we have (4^4)^500 ≡ 1^500 ≡ 1 mod 5
  rw [pow_mod, h₂, one_pow]
  
  -- The remainder is now clearly 1
  rfl
2025-04-13 14:13:12 - INFO - ----------------------------------------
2025-04-13 14:13:12 - INFO - 
Checking original code for all errors...
2025-04-13 14:13:17 - INFO - Original code contains 1 errors:
2025-04-13 14:13:17 - INFO - Error 1: line 9, type: rewrite_failed, message: tactic 'rewrite' failed, did not find instance of the pattern in the target expression
  4
h₁ : 1999...
2025-04-13 14:13:17 - INFO - 
Starting multi-error continuous repair process...
2025-04-13 14:13:17 - INFO - 
===== Starting to fix all errors =====
2025-04-13 14:13:18 - INFO - 
Found 1 original errors:
2025-04-13 14:13:18 - INFO - Error 1: line 9, type: rewrite_failed, message: tactic 'rewrite' failed, did not find instance of the pattern in the target expression
  4
h₁ : 1999...
2025-04-13 14:13:18 - INFO - 
Trying to fix error 1/1: line 9, type: rewrite_failed
2025-04-13 14:13:18 - INFO - Error message: tactic 'rewrite' failed, did not find instance of the pattern in the target expression
  4
h₁ : 1999...
2025-04-13 14:13:18 - INFO - Removed header content, remaining 26 lines of code
2025-04-13 14:13:18 - INFO - Using specified target error line: 9
2025-04-13 14:13:19 - INFO - Found error at specified line: tactic 'rewrite' failed, did not find instance of the pattern in the target expression
  4
h₁ : 1999 % 5 = 4
⊢ 1999 ^ 2000 % 5 = 1
2025-04-13 14:13:19 - INFO - Error at line 9: tactic 'rewrite' failed, did not find instance of the pattern in the target expression
  4
h₁ : 1999 % 5 = 4
⊢ 1999 ^ 2000 % 5 = 1
2025-04-13 14:13:19 - INFO - 
==================================================
2025-04-13 14:13:19 - INFO - Code prepared, starting synthesis
2025-04-13 14:13:19 - INFO - Before part: /-- What is the remainder when $1999^{2000}$ is divided by $5?$ Show that it is 1.-/
theorem mathd_numbertheory_236 : 1999 ^ 2000 % 5 = 1 := by
  -- First, we simplify the base 1999 modulo 5
  -- Since 1999 ÷ 5 = 399 with remainder 4, we have 1999 ≡ 4 mod 5
  have h₁ : 1999 % 5 = 4 := by norm_num
  
  -- Using the property that (a ≡ b mod m) → (a^n ≡ b^n mod m),
  -- we can rewrite 1999^2000 ≡ 4^2000 mod 5
2025-04-13 14:13:19 - INFO - Error line:   rw [← h₁, pow_mod]
2025-04-13 14:13:19 - INFO - After part: -- Now we focus on simplifying 4^2000 modulo 5
  -- Notice that 4 and 5 are coprime, so we can apply Euler's theorem
  -- Euler's totient function φ(5) = 4, so 4^4 ≡ 1 mod 5
  have h₂ : 4 ^ 4 % 5 = 1 := by norm_num
  
  -- We can express 2000 as 4 * 500, since 2000 ÷ 4 = 500
  have h₃ : 2000 = 4 * 500 := by norm_num
  
  -- Rewrite the exponent using this decomposition
  rw [h₃, pow_mul]
  
  -- Now we have (4^4)^500 ≡ 1^500 ≡ 1 mod 5
  rw [pow_mod, h₂, one_pow]
  
  -- The remainder is now clearly 1
  rfl
2025-04-13 14:13:19 - INFO - ==================================================

2025-04-13 14:13:20 - INFO - Testing fragment: rw [left_distrib]
2025-04-13 14:13:20 - INFO - Original error line:   rw [← h₁, pow_mod]
2025-04-13 14:13:22 - INFO - Testing fix: Original errors: 1, Fixed errors: 1
2025-04-13 14:13:22 - INFO - Result: False (introduced 1 new errors)
2025-04-13 14:13:22 - DEBUG - === New errors detail ===
2025-04-13 14:13:22 - DEBUG - New Error 1: line 9, type: rewrite_failed, message: tactic 'rewrite' failed, did not find instance of the pattern in the target expression
  ?a * (?b + ?c)
h₁ : 1999 % 5 = 4
⊢ 1999 ^ 2000 % 5 = 1
2025-04-13 14:13:22 - INFO - Testing fragment: rw [right_distrib]
2025-04-13 14:13:22 - INFO - Original error line:   rw [← h₁, pow_mod]
2025-04-13 14:13:24 - INFO - Testing fix: Original errors: 1, Fixed errors: 1
2025-04-13 14:13:24 - INFO - Result: False (introduced 1 new errors)
2025-04-13 14:13:24 - DEBUG - === New errors detail ===
2025-04-13 14:13:24 - DEBUG - New Error 1: line 9, type: rewrite_failed, message: tactic 'rewrite' failed, did not find instance of the pattern in the target expression
  (?a + ?b) * ?c
h₁ : 1999 % 5 = 4
⊢ 1999 ^ 2000 % 5 = 1
2025-04-13 14:13:24 - INFO - Testing fragment: rw [distrib_three_right]
2025-04-13 14:13:24 - INFO - Original error line:   rw [← h₁, pow_mod]
2025-04-13 14:13:26 - INFO - Testing fix: Original errors: 1, Fixed errors: 1
2025-04-13 14:13:26 - INFO - Result: False (introduced 1 new errors)
2025-04-13 14:13:26 - DEBUG - === New errors detail ===
2025-04-13 14:13:26 - DEBUG - New Error 1: line 9, type: rewrite_failed, message: tactic 'rewrite' failed, did not find instance of the pattern in the target expression
  (?a + ?b + ?c) * ?d
h₁ : 1999 % 5 = 4
⊢ 1999 ^ 2000 % 5 = 1
2025-04-13 14:13:26 - INFO - Testing fragment: rw [add_one_mul]
2025-04-13 14:13:26 - INFO - Original error line:   rw [← h₁, pow_mod]
2025-04-13 14:13:28 - INFO - Testing fix: Original errors: 1, Fixed errors: 1
2025-04-13 14:13:28 - INFO - Result: False (introduced 1 new errors)
2025-04-13 14:13:28 - DEBUG - === New errors detail ===
2025-04-13 14:13:28 - DEBUG - New Error 1: line 9, type: rewrite_failed, message: tactic 'rewrite' failed, did not find instance of the pattern in the target expression
  (?a + 1) * ?b
h₁ : 1999 % 5 = 4
⊢ 1999 ^ 2000 % 5 = 1
2025-04-13 14:13:28 - INFO - Testing fragment: rw [mul_add_one]
2025-04-13 14:13:28 - INFO - Original error line:   rw [← h₁, pow_mod]
2025-04-13 14:13:30 - INFO - Testing fix: Original errors: 1, Fixed errors: 1
2025-04-13 14:13:30 - INFO - Result: False (introduced 1 new errors)
2025-04-13 14:13:30 - DEBUG - === New errors detail ===
2025-04-13 14:13:30 - DEBUG - New Error 1: line 9, type: rewrite_failed, message: tactic 'rewrite' failed, did not find instance of the pattern in the target expression
  ?a * (?b + 1)
h₁ : 1999 % 5 = 4
⊢ 1999 ^ 2000 % 5 = 1
2025-04-13 14:13:30 - INFO - Testing fragment: rw [one_add_mul]
2025-04-13 14:13:30 - INFO - Original error line:   rw [← h₁, pow_mod]
2025-04-13 14:13:32 - INFO - Testing fix: Original errors: 1, Fixed errors: 1
2025-04-13 14:13:32 - INFO - Result: False (introduced 1 new errors)
2025-04-13 14:13:32 - DEBUG - === New errors detail ===
2025-04-13 14:13:32 - DEBUG - New Error 1: line 9, type: rewrite_failed, message: tactic 'rewrite' failed, did not find instance of the pattern in the target expression
  (1 + ?a) * ?b
h₁ : 1999 % 5 = 4
⊢ 1999 ^ 2000 % 5 = 1
2025-04-13 14:13:32 - INFO - Testing fragment: rw [mul_one_add]
2025-04-13 14:13:32 - INFO - Original error line:   rw [← h₁, pow_mod]
2025-04-13 14:13:34 - INFO - Testing fix: Original errors: 1, Fixed errors: 1
2025-04-13 14:13:34 - INFO - Result: False (introduced 1 new errors)
2025-04-13 14:13:34 - DEBUG - === New errors detail ===
2025-04-13 14:13:34 - DEBUG - New Error 1: line 9, type: rewrite_failed, message: tactic 'rewrite' failed, did not find instance of the pattern in the target expression
  ?a * (1 + ?b)
h₁ : 1999 % 5 = 4
⊢ 1999 ^ 2000 % 5 = 1
2025-04-13 14:13:34 - INFO - Testing fragment: rw [two_mul]
2025-04-13 14:13:34 - INFO - Original error line:   rw [← h₁, pow_mod]
2025-04-13 14:13:36 - INFO - Testing fix: Original errors: 1, Fixed errors: 1
2025-04-13 14:13:36 - INFO - Result: False (introduced 1 new errors)
2025-04-13 14:13:36 - DEBUG - === New errors detail ===
2025-04-13 14:13:36 - DEBUG - New Error 1: line 9, type: rewrite_failed, message: tactic 'rewrite' failed, did not find instance of the pattern in the target expression
  2 * ?n
h₁ : 1999 % 5 = 4
⊢ 1999 ^ 2000 % 5 = 1
2025-04-13 14:13:36 - INFO - Testing fragment: rw [mul_two]
2025-04-13 14:13:36 - INFO - Original error line:   rw [← h₁, pow_mod]
2025-04-13 14:13:38 - INFO - Testing fix: Original errors: 1, Fixed errors: 1
2025-04-13 14:13:38 - INFO - Result: False (introduced 1 new errors)
2025-04-13 14:13:38 - DEBUG - === New errors detail ===
2025-04-13 14:13:38 - DEBUG - New Error 1: line 9, type: rewrite_failed, message: tactic 'rewrite' failed, did not find instance of the pattern in the target expression
  ?n * 2
h₁ : 1999 % 5 = 4
⊢ 1999 ^ 2000 % 5 = 1
2025-04-13 14:13:38 - INFO - Testing fragment: rw [mul_boole]
2025-04-13 14:13:38 - INFO - Original error line:   rw [← h₁, pow_mod]
2025-04-13 14:13:40 - INFO - Testing fix: Original errors: 1, Fixed errors: 1
2025-04-13 14:13:40 - INFO - Result: False (introduced 1 new errors)
2025-04-13 14:13:40 - DEBUG - === New errors detail ===
2025-04-13 14:13:40 - DEBUG - New Error 1: line 9, type: rewrite_failed, message: tactic 'rewrite' failed, did not find instance of the pattern in the target expression
  ?a * if ?P then 1 else 0
h₁ : 1999 % 5 = 4
⊢ 1999 ^ 2000 % 5 = 1
2025-04-13 14:13:40 - INFO - Testing fragment: rw [boole_mul]
2025-04-13 14:13:40 - INFO - Original error line:   rw [← h₁, pow_mod]
2025-04-13 14:13:42 - INFO - Testing fix: Original errors: 1, Fixed errors: 1
2025-04-13 14:13:42 - INFO - Result: False (introduced 1 new errors)
2025-04-13 14:13:42 - DEBUG - === New errors detail ===
2025-04-13 14:13:42 - DEBUG - New Error 1: line 9, type: rewrite_failed, message: tactic 'rewrite' failed, did not find instance of the pattern in the target expression
  (if ?P then 1 else 0) * ?a
h₁ : 1999 % 5 = 4
⊢ 1999 ^ 2000 % 5 = 1
2025-04-13 14:13:42 - INFO - Testing fragment: rw [add_mul_self_eq]
2025-04-13 14:13:42 - INFO - Original error line:   rw [← h₁, pow_mod]
2025-04-13 14:13:44 - INFO - Testing fix: Original errors: 1, Fixed errors: 1
2025-04-13 14:13:44 - INFO - Result: False (introduced 1 new errors)
2025-04-13 14:13:44 - DEBUG - === New errors detail ===
2025-04-13 14:13:44 - DEBUG - New Error 1: line 9, type: rewrite_failed, message: tactic 'rewrite' failed, did not find instance of the pattern in the target expression
  (?a + ?b) * (?a + ?b)
h₁ : 1999 % 5 = 4
⊢ 1999 ^ 2000 % 5 = 1
2025-04-13 14:13:44 - INFO - Testing fragment: rw [neg_mul]
2025-04-13 14:13:44 - INFO - Original error line:   rw [← h₁, pow_mod]
2025-04-13 14:13:46 - INFO - Testing fix: Original errors: 1, Fixed errors: 1
2025-04-13 14:13:46 - INFO - Result: False (introduced 1 new errors)
2025-04-13 14:13:46 - DEBUG - === New errors detail ===
2025-04-13 14:13:46 - DEBUG - New Error 1: line 9, type: rewrite_failed, message: tactic 'rewrite' failed, did not find instance of the pattern in the target expression
  -?a * ?b
h₁ : 1999 % 5 = 4
⊢ 1999 ^ 2000 % 5 = 1
2025-04-13 14:13:46 - INFO - Testing fragment: rw [mul_neg]
2025-04-13 14:13:46 - INFO - Original error line:   rw [← h₁, pow_mod]
2025-04-13 14:13:48 - INFO - Testing fix: Original errors: 1, Fixed errors: 1
2025-04-13 14:13:48 - INFO - Result: False (introduced 1 new errors)
2025-04-13 14:13:48 - DEBUG - === New errors detail ===
2025-04-13 14:13:48 - DEBUG - New Error 1: line 9, type: rewrite_failed, message: tactic 'rewrite' failed, did not find instance of the pattern in the target expression
  ?a * -?b
h₁ : 1999 % 5 = 4
⊢ 1999 ^ 2000 % 5 = 1
2025-04-13 14:13:48 - INFO - Testing fragment: rw [neg_mul_neg]
2025-04-13 14:13:48 - INFO - Original error line:   rw [← h₁, pow_mod]
2025-04-13 14:13:50 - INFO - Testing fix: Original errors: 1, Fixed errors: 1
2025-04-13 14:13:50 - INFO - Result: False (introduced 1 new errors)
2025-04-13 14:13:50 - DEBUG - === New errors detail ===
2025-04-13 14:13:50 - DEBUG - New Error 1: line 9, type: rewrite_failed, message: tactic 'rewrite' failed, did not find instance of the pattern in the target expression
  -?a * -?b
h₁ : 1999 % 5 = 4
⊢ 1999 ^ 2000 % 5 = 1
2025-04-13 14:13:50 - INFO - Testing fragment: rw [neg_mul_eq_neg_mul]
2025-04-13 14:13:50 - INFO - Original error line:   rw [← h₁, pow_mod]
2025-04-13 14:13:52 - INFO - Testing fix: Original errors: 1, Fixed errors: 1
2025-04-13 14:13:52 - INFO - Result: False (introduced 1 new errors)
2025-04-13 14:13:52 - DEBUG - === New errors detail ===
2025-04-13 14:13:52 - DEBUG - New Error 1: line 9, type: rewrite_failed, message: tactic 'rewrite' failed, did not find instance of the pattern in the target expression
  -(?a * ?b)
h₁ : 1999 % 5 = 4
⊢ 1999 ^ 2000 % 5 = 1
2025-04-13 14:13:52 - INFO - Testing fragment: rw [neg_mul_eq_mul_neg]
2025-04-13 14:13:52 - INFO - Original error line:   rw [← h₁, pow_mod]
2025-04-13 14:13:54 - INFO - Testing fix: Original errors: 1, Fixed errors: 1
2025-04-13 14:13:54 - INFO - Result: False (introduced 1 new errors)
2025-04-13 14:13:54 - DEBUG - === New errors detail ===
2025-04-13 14:13:54 - DEBUG - New Error 1: line 9, type: rewrite_failed, message: tactic 'rewrite' failed, did not find instance of the pattern in the target expression
  -(?a * ?b)
h₁ : 1999 % 5 = 4
⊢ 1999 ^ 2000 % 5 = 1
2025-04-13 14:13:54 - INFO - Testing fragment: rw [neg_mul_comm]
2025-04-13 14:13:54 - INFO - Original error line:   rw [← h₁, pow_mod]
2025-04-13 14:13:56 - INFO - Testing fix: Original errors: 1, Fixed errors: 1
2025-04-13 14:13:56 - INFO - Result: False (introduced 1 new errors)
2025-04-13 14:13:56 - DEBUG - === New errors detail ===
2025-04-13 14:13:56 - DEBUG - New Error 1: line 9, type: rewrite_failed, message: tactic 'rewrite' failed, did not find instance of the pattern in the target expression
  -?a * ?b
h₁ : 1999 % 5 = 4
⊢ 1999 ^ 2000 % 5 = 1
2025-04-13 14:13:56 - INFO - Testing fragment: rw [neg_eq_neg_one_mul]
2025-04-13 14:13:56 - INFO - Original error line:   rw [← h₁, pow_mod]
2025-04-13 14:16:53 - INFO - Testing fix: Original errors: 1, Fixed errors: 1
2025-04-13 14:16:53 - INFO - Result: False (introduced 1 new errors)
2025-04-13 14:16:53 - DEBUG - === New errors detail ===
2025-04-13 14:16:53 - DEBUG - New Error 1: line 9, type: rewrite_failed, message: tactic 'rewrite' failed, did not find instance of the pattern in the target expression
  -?a
h₁ : 1999 % 5 = 4
⊢ 1999 ^ 2000 % 5 = 1
2025-04-13 14:16:53 - INFO - Testing fragment: rw [mul_neg_one]
2025-04-13 14:16:53 - INFO - Original error line:   rw [← h₁, pow_mod]
2025-04-13 14:17:17 - INFO - Testing fix: Original errors: 1, Fixed errors: 1
2025-04-13 14:17:17 - INFO - Result: False (introduced 1 new errors)
2025-04-13 14:17:17 - DEBUG - === New errors detail ===
2025-04-13 14:17:17 - DEBUG - New Error 1: line 9, type: rewrite_failed, message: tactic 'rewrite' failed, did not find instance of the pattern in the target expression
  ?a * -1
h₁ : 1999 % 5 = 4
⊢ 1999 ^ 2000 % 5 = 1
2025-04-13 14:17:17 - INFO - Testing fragment: rw [neg_one_mul]
2025-04-13 14:17:17 - INFO - Original error line:   rw [← h₁, pow_mod]
2025-04-13 14:17:19 - INFO - Testing fix: Original errors: 1, Fixed errors: 1
2025-04-13 14:17:19 - INFO - Result: False (introduced 1 new errors)
2025-04-13 14:17:19 - DEBUG - === New errors detail ===
2025-04-13 14:17:19 - DEBUG - New Error 1: line 9, type: rewrite_failed, message: tactic 'rewrite' failed, did not find instance of the pattern in the target expression
  -1 * ?a
h₁ : 1999 % 5 = 4
⊢ 1999 ^ 2000 % 5 = 1
2025-04-13 14:17:19 - INFO - Testing fragment: rw [mul_sub_left_distrib]
2025-04-13 14:17:19 - INFO - Original error line:   rw [← h₁, pow_mod]
2025-04-13 14:17:21 - INFO - Testing fix: Original errors: 1, Fixed errors: 1
2025-04-13 14:17:21 - INFO - Result: False (introduced 1 new errors)
2025-04-13 14:17:21 - DEBUG - === New errors detail ===
2025-04-13 14:17:21 - DEBUG - New Error 1: line 9, type: rewrite_failed, message: tactic 'rewrite' failed, did not find instance of the pattern in the target expression
  ?a * (?b - ?c)
h₁ : 1999 % 5 = 4
⊢ 1999 ^ 2000 % 5 = 1
2025-04-13 14:17:21 - INFO - Testing fragment: rw [mul_sub_right_distrib]
2025-04-13 14:17:21 - INFO - Original error line:   rw [← h₁, pow_mod]
2025-04-13 14:17:23 - INFO - Testing fix: Original errors: 1, Fixed errors: 1
2025-04-13 14:17:23 - INFO - Result: False (introduced 1 new errors)
2025-04-13 14:17:23 - DEBUG - === New errors detail ===
2025-04-13 14:17:23 - DEBUG - New Error 1: line 9, type: rewrite_failed, message: tactic 'rewrite' failed, did not find instance of the pattern in the target expression
  (?a - ?b) * ?c
h₁ : 1999 % 5 = 4
⊢ 1999 ^ 2000 % 5 = 1
2025-04-13 14:17:23 - INFO - Testing fragment: rw [sub_one_mul]
2025-04-13 14:17:23 - INFO - Original error line:   rw [← h₁, pow_mod]
2025-04-13 14:17:25 - INFO - Testing fix: Original errors: 1, Fixed errors: 1
2025-04-13 14:17:25 - INFO - Result: False (introduced 1 new errors)
2025-04-13 14:17:25 - DEBUG - === New errors detail ===
2025-04-13 14:17:25 - DEBUG - New Error 1: line 9, type: rewrite_failed, message: tactic 'rewrite' failed, did not find instance of the pattern in the target expression
  (?a - 1) * ?b
h₁ : 1999 % 5 = 4
⊢ 1999 ^ 2000 % 5 = 1
2025-04-13 14:17:25 - INFO - Testing fragment: rw [mul_sub_one]
2025-04-13 14:17:25 - INFO - Original error line:   rw [← h₁, pow_mod]
2025-04-13 14:17:27 - INFO - Testing fix: Original errors: 1, Fixed errors: 1
2025-04-13 14:17:27 - INFO - Result: False (introduced 1 new errors)
2025-04-13 14:17:27 - DEBUG - === New errors detail ===
2025-04-13 14:17:27 - DEBUG - New Error 1: line 9, type: rewrite_failed, message: tactic 'rewrite' failed, did not find instance of the pattern in the target expression
  ?a * (?b - 1)
h₁ : 1999 % 5 = 4
⊢ 1999 ^ 2000 % 5 = 1
2025-04-13 14:17:27 - INFO - Testing fragment: rw [one_sub_mul]
2025-04-13 14:17:27 - INFO - Original error line:   rw [← h₁, pow_mod]
2025-04-13 14:17:29 - INFO - Testing fix: Original errors: 1, Fixed errors: 1
2025-04-13 14:17:29 - INFO - Result: False (introduced 1 new errors)
2025-04-13 14:17:29 - DEBUG - === New errors detail ===
2025-04-13 14:17:29 - DEBUG - New Error 1: line 9, type: rewrite_failed, message: tactic 'rewrite' failed, did not find instance of the pattern in the target expression
  (1 - ?a) * ?b
h₁ : 1999 % 5 = 4
⊢ 1999 ^ 2000 % 5 = 1
2025-04-13 14:17:29 - INFO - Testing fragment: rw [mul_one_sub]
2025-04-13 14:17:29 - INFO - Original error line:   rw [← h₁, pow_mod]
2025-04-13 14:17:31 - INFO - Testing fix: Original errors: 1, Fixed errors: 1
2025-04-13 14:17:31 - INFO - Result: False (introduced 1 new errors)
2025-04-13 14:17:31 - DEBUG - === New errors detail ===
2025-04-13 14:17:31 - DEBUG - New Error 1: line 9, type: rewrite_failed, message: tactic 'rewrite' failed, did not find instance of the pattern in the target expression
  ?a * (1 - ?b)
h₁ : 1999 % 5 = 4
⊢ 1999 ^ 2000 % 5 = 1
2025-04-13 14:17:31 - INFO - Testing fragment: rw [mul_left_cancel]
2025-04-13 14:17:31 - INFO - Original error line:   rw [← h₁, pow_mod]
2025-04-13 14:17:33 - INFO - Testing fix: Original errors: 1, Fixed errors: 1
2025-04-13 14:17:33 - INFO - Result: False (introduced 1 new errors)
2025-04-13 14:17:33 - DEBUG - === New errors detail ===
2025-04-13 14:17:33 - DEBUG - New Error 1: line 9, type: rewrite_failed, message: tactic 'rewrite' failed, pattern is a metavariable
  ?m.1119
from equation
  ?m.1119 = ?m.1120
h₁ : 1999 % 5 = 4
⊢ 1999 ^ 2000 % 5 = 1
2025-04-13 14:17:33 - INFO - Testing fragment: rw [mul_left_cancel_iff]
2025-04-13 14:17:33 - INFO - Original error line:   rw [← h₁, pow_mod]
2025-04-13 14:17:35 - INFO - Testing fix: Original errors: 1, Fixed errors: 1
2025-04-13 14:17:35 - INFO - Result: False (introduced 1 new errors)
2025-04-13 14:17:35 - DEBUG - === New errors detail ===
2025-04-13 14:17:35 - DEBUG - New Error 1: line 9, type: rewrite_failed, message: tactic 'rewrite' failed, did not find instance of the pattern in the target expression
  ?m.1118 * ?m.1119 = ?m.1118 * ?m.1120
h₁ : 1999 % 5 = 4
⊢ 1999 ^ 2000 % 5 = 1
2025-04-13 14:17:35 - INFO - Testing fragment: rw [mul_right_injective]
2025-04-13 14:17:35 - INFO - Original error line:   rw [← h₁, pow_mod]
2025-04-13 14:17:37 - INFO - Testing fix: Original errors: 1, Fixed errors: 1
2025-04-13 14:17:37 - INFO - Result: False (introduced 1 new errors)
2025-04-13 14:17:37 - DEBUG - === New errors detail ===
2025-04-13 14:17:37 - DEBUG - New Error 1: line 9, type: rewrite_failed, message: tactic 'rewrite' failed, pattern is a metavariable
  ?a₁
from equation
  ?a₁ = ?a₂
h₁ : 1999 % 5 = 4
⊢ 1999 ^ 2000 % 5 = 1
2025-04-13 14:17:37 - INFO - Testing fragment: rw [mul_right_inj]
2025-04-13 14:17:37 - INFO - Original error line:   rw [← h₁, pow_mod]
2025-04-13 14:17:39 - INFO - Testing fix: Original errors: 1, Fixed errors: 1
2025-04-13 14:17:39 - INFO - Result: False (introduced 1 new errors)
2025-04-13 14:17:39 - DEBUG - === New errors detail ===
2025-04-13 14:17:39 - DEBUG - New Error 1: line 9, type: rewrite_failed, message: tactic 'rewrite' failed, did not find instance of the pattern in the target expression
  ?a * ?b = ?a * ?c
h₁ : 1999 % 5 = 4
⊢ 1999 ^ 2000 % 5 = 1
2025-04-13 14:17:39 - INFO - Testing fragment: rw [mul_ne_mul_right]
2025-04-13 14:17:39 - INFO - Original error line:   rw [← h₁, pow_mod]
2025-04-13 14:17:41 - INFO - Testing fix: Original errors: 1, Fixed errors: 1
2025-04-13 14:17:41 - INFO - Result: False (introduced 1 new errors)
2025-04-13 14:17:41 - DEBUG - === New errors detail ===
2025-04-13 14:17:41 - DEBUG - New Error 1: line 9, type: rewrite_failed, message: tactic 'rewrite' failed, did not find instance of the pattern in the target expression
  ?a * ?b ≠ ?a * ?c
h₁ : 1999 % 5 = 4
⊢ 1999 ^ 2000 % 5 = 1
2025-04-13 14:17:41 - INFO - Testing fragment: rw [mul_right_cancel]
2025-04-13 14:17:41 - INFO - Original error line:   rw [← h₁, pow_mod]
2025-04-13 14:17:43 - INFO - Testing fix: Original errors: 1, Fixed errors: 1
2025-04-13 14:17:43 - INFO - Result: False (introduced 1 new errors)
2025-04-13 14:17:43 - DEBUG - === New errors detail ===
2025-04-13 14:17:43 - DEBUG - New Error 1: line 9, type: rewrite_failed, message: tactic 'rewrite' failed, pattern is a metavariable
  ?m.1118
from equation
  ?m.1118 = ?m.1120
h₁ : 1999 % 5 = 4
⊢ 1999 ^ 2000 % 5 = 1
2025-04-13 14:17:43 - INFO - Testing fragment: rw [mul_right_cancel_iff]
2025-04-13 14:17:43 - INFO - Original error line:   rw [← h₁, pow_mod]
2025-04-13 14:17:45 - INFO - Testing fix: Original errors: 1, Fixed errors: 1
2025-04-13 14:17:45 - INFO - Result: False (introduced 1 new errors)
2025-04-13 14:17:45 - DEBUG - === New errors detail ===
2025-04-13 14:17:45 - DEBUG - New Error 1: line 9, type: rewrite_failed, message: tactic 'rewrite' failed, did not find instance of the pattern in the target expression
  ?m.1119 * ?m.1118 = ?m.1120 * ?m.1118
h₁ : 1999 % 5 = 4
⊢ 1999 ^ 2000 % 5 = 1
2025-04-13 14:17:45 - INFO - Testing fragment: rw [mul_left_injective]
2025-04-13 14:17:45 - INFO - Original error line:   rw [← h₁, pow_mod]
2025-04-13 14:17:47 - INFO - Testing fix: Original errors: 1, Fixed errors: 1
2025-04-13 14:17:47 - INFO - Result: False (introduced 1 new errors)
2025-04-13 14:17:47 - DEBUG - === New errors detail ===
2025-04-13 14:17:47 - DEBUG - New Error 1: line 9, type: rewrite_failed, message: tactic 'rewrite' failed, pattern is a metavariable
  ?a₁
from equation
  ?a₁ = ?a₂
h₁ : 1999 % 5 = 4
⊢ 1999 ^ 2000 % 5 = 1
2025-04-13 14:17:47 - INFO - Testing fragment: rw [mul_left_inj]
2025-04-13 14:17:47 - INFO - Original error line:   rw [← h₁, pow_mod]
2025-04-13 14:17:49 - INFO - Testing fix: Original errors: 1, Fixed errors: 1
2025-04-13 14:17:49 - INFO - Result: False (introduced 1 new errors)
2025-04-13 14:17:49 - DEBUG - === New errors detail ===
2025-04-13 14:17:49 - DEBUG - New Error 1: line 9, type: rewrite_failed, message: tactic 'rewrite' failed, did not find instance of the pattern in the target expression
  ?b * ?a = ?c * ?a
h₁ : 1999 % 5 = 4
⊢ 1999 ^ 2000 % 5 = 1
2025-04-13 14:17:49 - INFO - Testing fragment: rw [mul_ne_mul_left]
2025-04-13 14:17:49 - INFO - Original error line:   rw [← h₁, pow_mod]
2025-04-13 14:17:51 - INFO - Testing fix: Original errors: 1, Fixed errors: 1
2025-04-13 14:17:51 - INFO - Result: False (introduced 1 new errors)
2025-04-13 14:17:51 - DEBUG - === New errors detail ===
2025-04-13 14:17:51 - DEBUG - New Error 1: line 9, type: rewrite_failed, message: tactic 'rewrite' failed, did not find instance of the pattern in the target expression
  ?b * ?a ≠ ?c * ?a
h₁ : 1999 % 5 = 4
⊢ 1999 ^ 2000 % 5 = 1
2025-04-13 14:17:51 - INFO - Testing fragment: rw [mul_assoc]
2025-04-13 14:17:51 - INFO - Original error line:   rw [← h₁, pow_mod]
2025-04-13 14:17:53 - INFO - Testing fix: Original errors: 1, Fixed errors: 1
2025-04-13 14:17:53 - INFO - Result: False (introduced 1 new errors)
2025-04-13 14:17:53 - DEBUG - === New errors detail ===
2025-04-13 14:17:53 - DEBUG - New Error 1: line 9, type: rewrite_failed, message: tactic 'rewrite' failed, did not find instance of the pattern in the target expression
  ?a * ?b * ?c
h₁ : 1999 % 5 = 4
⊢ 1999 ^ 2000 % 5 = 1
2025-04-13 14:17:53 - INFO - Testing fragment: rw [mul_comm]
2025-04-13 14:17:53 - INFO - Original error line:   rw [← h₁, pow_mod]
2025-04-13 14:17:55 - INFO - Testing fix: Original errors: 1, Fixed errors: 1
2025-04-13 14:17:55 - INFO - Result: False (introduced 1 new errors)
2025-04-13 14:17:55 - DEBUG - === New errors detail ===
2025-04-13 14:17:55 - DEBUG - New Error 1: line 9, type: rewrite_failed, message: tactic 'rewrite' failed, did not find instance of the pattern in the target expression
  ?a * ?b
h₁ : 1999 % 5 = 4
⊢ 1999 ^ 2000 % 5 = 1
2025-04-13 14:17:55 - INFO - Testing fragment: rw [MulOneClass]
2025-04-13 14:17:55 - INFO - Original error line:   rw [← h₁, pow_mod]
2025-04-13 14:17:57 - INFO - Testing fix: Original errors: 1, Fixed errors: 1
2025-04-13 14:17:57 - INFO - Result: False (introduced 1 new errors)
2025-04-13 14:17:57 - DEBUG - === New errors detail ===
2025-04-13 14:17:57 - DEBUG - New Error 1: line 9, type: rewrite_failed, message: tactic 'rewrite' failed, equality or iff proof expected
  Type ?u.1114
h₁ : 1999 % 5 = 4
⊢ 1999 ^ 2000 % 5 = 1
2025-04-13 14:17:57 - INFO - Testing fragment: rw [one_mul]
2025-04-13 14:17:57 - INFO - Original error line:   rw [← h₁, pow_mod]
2025-04-13 14:17:59 - INFO - Testing fix: Original errors: 1, Fixed errors: 1
2025-04-13 14:17:59 - INFO - Result: False (introduced 1 new errors)
2025-04-13 14:17:59 - DEBUG - === New errors detail ===
2025-04-13 14:17:59 - DEBUG - New Error 1: line 9, type: rewrite_failed, message: tactic 'rewrite' failed, did not find instance of the pattern in the target expression
  1 * ?a
h₁ : 1999 % 5 = 4
⊢ 1999 ^ 2000 % 5 = 1
2025-04-13 14:17:59 - INFO - Testing fragment: rw [mul_one]
2025-04-13 14:17:59 - INFO - Original error line:   rw [← h₁, pow_mod]
2025-04-13 14:18:01 - INFO - Testing fix: Original errors: 1, Fixed errors: 1
2025-04-13 14:18:01 - INFO - Result: False (introduced 1 new errors)
2025-04-13 14:18:01 - DEBUG - === New errors detail ===
2025-04-13 14:18:01 - DEBUG - New Error 1: line 9, type: rewrite_failed, message: tactic 'rewrite' failed, did not find instance of the pattern in the target expression
  ?a * 1
h₁ : 1999 % 5 = 4
⊢ 1999 ^ 2000 % 5 = 1
2025-04-13 14:18:01 - INFO - Testing fragment: rw [npowRec_add]
2025-04-13 14:18:01 - INFO - Original error line:   rw [← h₁, pow_mod]
2025-04-13 14:18:03 - INFO - Testing fix: Original errors: 1, Fixed errors: 2
2025-04-13 14:18:03 - INFO - Result: False (introduced 2 new errors)
2025-04-13 14:18:03 - DEBUG - === New errors detail ===
2025-04-13 14:18:03 - DEBUG - New Error 1: line 9, type: unknown_identifier, message: unknown identifier 'npowRec_add'
2025-04-13 14:18:03 - DEBUG - New Error 2: line 9, type: rewrite_failed, message: tactic 'rewrite' failed, equality or iff proof expected
  ?m.1114
h₁ : 1999 % 5 = 4
⊢ 1999 ^ 2000 % 5 = 1
2025-04-13 14:18:03 - INFO - Testing fragment: rw [npowRec_succ]
2025-04-13 14:18:03 - INFO - Original error line:   rw [← h₁, pow_mod]
2025-04-13 14:18:05 - INFO - Testing fix: Original errors: 1, Fixed errors: 2
2025-04-13 14:18:05 - INFO - Result: False (introduced 2 new errors)
2025-04-13 14:18:05 - DEBUG - === New errors detail ===
2025-04-13 14:18:05 - DEBUG - New Error 1: line 9, type: unknown_identifier, message: unknown identifier 'npowRec_succ'
2025-04-13 14:18:05 - DEBUG - New Error 2: line 9, type: rewrite_failed, message: tactic 'rewrite' failed, equality or iff proof expected
  ?m.1114
h₁ : 1999 % 5 = 4
⊢ 1999 ^ 2000 % 5 = 1
2025-04-13 14:18:05 - INFO - Testing fragment: rw [npowRec'_succ]
2025-04-13 14:18:05 - INFO - Original error line:   rw [← h₁, pow_mod]
2025-04-13 14:18:07 - INFO - Testing fix: Original errors: 1, Fixed errors: 2
2025-04-13 14:18:07 - INFO - Result: False (introduced 2 new errors)
2025-04-13 14:18:07 - DEBUG - === New errors detail ===
2025-04-13 14:18:07 - DEBUG - New Error 1: line 9, type: unknown_identifier, message: unknown identifier 'npowRec'_succ'
2025-04-13 14:18:07 - DEBUG - New Error 2: line 9, type: rewrite_failed, message: tactic 'rewrite' failed, equality or iff proof expected
  ?m.1114
h₁ : 1999 % 5 = 4
⊢ 1999 ^ 2000 % 5 = 1
2025-04-13 14:18:07 - INFO - Testing fragment: rw [npowRec'_two_mul]
2025-04-13 14:18:07 - INFO - Original error line:   rw [← h₁, pow_mod]
2025-04-13 14:18:09 - INFO - Testing fix: Original errors: 1, Fixed errors: 2
2025-04-13 14:18:09 - INFO - Result: False (introduced 2 new errors)
2025-04-13 14:18:09 - DEBUG - === New errors detail ===
2025-04-13 14:18:09 - DEBUG - New Error 1: line 9, type: unknown_identifier, message: unknown identifier 'npowRec'_two_mul'
2025-04-13 14:18:09 - DEBUG - New Error 2: line 9, type: rewrite_failed, message: tactic 'rewrite' failed, equality or iff proof expected
  ?m.1114
h₁ : 1999 % 5 = 4
⊢ 1999 ^ 2000 % 5 = 1
2025-04-13 14:18:09 - INFO - Testing fragment: rw [npowRec'_mul_comm]
2025-04-13 14:18:09 - INFO - Original error line:   rw [← h₁, pow_mod]
2025-04-13 14:18:11 - INFO - Testing fix: Original errors: 1, Fixed errors: 2
2025-04-13 14:18:11 - INFO - Result: False (introduced 2 new errors)
2025-04-13 14:18:11 - DEBUG - === New errors detail ===
2025-04-13 14:18:11 - DEBUG - New Error 1: line 9, type: unknown_identifier, message: unknown identifier 'npowRec'_mul_comm'
2025-04-13 14:18:11 - DEBUG - New Error 2: line 9, type: rewrite_failed, message: tactic 'rewrite' failed, equality or iff proof expected
  ?m.1114
h₁ : 1999 % 5 = 4
⊢ 1999 ^ 2000 % 5 = 1
2025-04-13 14:18:11 - INFO - Testing fragment: rw [npowRec_eq]
2025-04-13 14:18:11 - INFO - Original error line:   rw [← h₁, pow_mod]
2025-04-13 14:18:13 - INFO - Testing fix: Original errors: 1, Fixed errors: 2
2025-04-13 14:18:13 - INFO - Result: False (introduced 2 new errors)
2025-04-13 14:18:13 - DEBUG - === New errors detail ===
2025-04-13 14:18:13 - DEBUG - New Error 1: line 9, type: unknown_identifier, message: unknown identifier 'npowRec_eq'
2025-04-13 14:18:13 - DEBUG - New Error 2: line 9, type: rewrite_failed, message: tactic 'rewrite' failed, equality or iff proof expected
  ?m.1114
h₁ : 1999 % 5 = 4
⊢ 1999 ^ 2000 % 5 = 1
2025-04-13 14:18:13 - INFO - Testing fragment: rw [npowBinRec]
2025-04-13 14:18:13 - INFO - Original error line:   rw [← h₁, pow_mod]
2025-04-13 14:18:15 - INFO - Testing fix: Original errors: 1, Fixed errors: 2
2025-04-13 14:18:15 - INFO - Result: False (introduced 2 new errors)
2025-04-13 14:18:15 - DEBUG - === New errors detail ===
2025-04-13 14:18:15 - DEBUG - New Error 1: line 9, type: unknown_identifier, message: unknown identifier 'npowBinRec'
2025-04-13 14:18:15 - DEBUG - New Error 2: line 9, type: rewrite_failed, message: tactic 'rewrite' failed, equality or iff proof expected
  ?m.1114
h₁ : 1999 % 5 = 4
⊢ 1999 ^ 2000 % 5 = 1
2025-04-13 14:18:15 - INFO - Testing fragment: rw [npowRec_eq_npowBinRec]
2025-04-13 14:18:15 - INFO - Original error line:   rw [← h₁, pow_mod]
2025-04-13 14:18:17 - INFO - Testing fix: Original errors: 1, Fixed errors: 2
2025-04-13 14:18:17 - INFO - Result: False (introduced 2 new errors)
2025-04-13 14:18:17 - DEBUG - === New errors detail ===
2025-04-13 14:18:17 - DEBUG - New Error 1: line 9, type: unknown_identifier, message: unknown identifier 'npowRec_eq_npowBinRec'
2025-04-13 14:18:17 - DEBUG - New Error 2: line 9, type: rewrite_failed, message: tactic 'rewrite' failed, equality or iff proof expected
  ?m.1114
h₁ : 1999 % 5 = 4
⊢ 1999 ^ 2000 % 5 = 1
2025-04-13 14:18:17 - INFO - Testing fragment: rw [npow_eq_pow]
2025-04-13 14:18:17 - INFO - Original error line:   rw [← h₁, pow_mod]
2025-04-13 14:18:19 - INFO - Testing fix: Original errors: 1, Fixed errors: 1
2025-04-13 14:18:19 - INFO - Result: False (introduced 1 new errors)
2025-04-13 14:18:19 - DEBUG - === New errors detail ===
2025-04-13 14:18:19 - DEBUG - New Error 1: line 9, type: rewrite_failed, message: tactic 'rewrite' failed, did not find instance of the pattern in the target expression
  Monoid.npow ?n ?x
h₁ : 1999 % 5 = 4
⊢ 1999 ^ 2000 % 5 = 1
2025-04-13 14:18:19 - INFO - Testing fragment: rw [pow_zero]
2025-04-13 14:18:19 - INFO - Original error line:   rw [← h₁, pow_mod]
2025-04-13 14:18:21 - INFO - Testing fix: Original errors: 1, Fixed errors: 1
2025-04-13 14:18:21 - INFO - Result: False (introduced 1 new errors)
2025-04-13 14:18:21 - DEBUG - === New errors detail ===
2025-04-13 14:18:21 - DEBUG - New Error 1: line 9, type: rewrite_failed, message: tactic 'rewrite' failed, did not find instance of the pattern in the target expression
  ?a ^ 0
h₁ : 1999 % 5 = 4
⊢ 1999 ^ 2000 % 5 = 1
2025-04-13 14:18:21 - INFO - Testing fragment: rw [pow_succ]
2025-04-13 14:18:21 - INFO - Original error line:   rw [← h₁, pow_mod]
2025-04-13 14:18:23 - INFO - Testing fix: Original errors: 1, Fixed errors: 1
2025-04-13 14:18:23 - INFO - Result: False (introduced 1 new errors)
2025-04-13 14:18:23 - DEBUG - === New errors detail ===
2025-04-13 14:18:23 - DEBUG - New Error 1: line 20, type: rewrite_failed, message: tactic 'rewrite' failed, did not find instance of the pattern in the target expression
  2000
h₁ : 1999 % 5 = 4
h₂ : 4 ^ 4 % 5 = 1
h₃ : 2000 = 4 * 500
⊢ 1999 ^ 1999 * 1999 % 5 = 1
2025-04-13 14:18:23 - INFO - Testing fragment: rw [inv_inv]
2025-04-13 14:18:23 - INFO - Original error line:   rw [← h₁, pow_mod]
2025-04-13 14:18:25 - INFO - Testing fix: Original errors: 1, Fixed errors: 1
2025-04-13 14:18:25 - INFO - Result: False (introduced 1 new errors)
2025-04-13 14:18:25 - DEBUG - === New errors detail ===
2025-04-13 14:18:25 - DEBUG - New Error 1: line 9, type: rewrite_failed, message: tactic 'rewrite' failed, did not find instance of the pattern in the target expression
  ?a⁻¹⁻¹
h₁ : 1999 % 5 = 4
⊢ 1999 ^ 2000 % 5 = 1
2025-04-13 14:18:25 - INFO - Testing fragment: rw [exists_zpow_surjective]
2025-04-13 14:18:25 - INFO - Original error line:   rw [← h₁, pow_mod]
2025-04-13 14:18:27 - INFO - Testing fix: Original errors: 1, Fixed errors: 2
2025-04-13 14:18:27 - INFO - Result: False (introduced 2 new errors)
2025-04-13 14:18:27 - DEBUG - === New errors detail ===
2025-04-13 14:18:27 - DEBUG - New Error 1: line 9, type: unknown_identifier, message: unknown identifier 'exists_zpow_surjective'
2025-04-13 14:18:27 - DEBUG - New Error 2: line 9, type: rewrite_failed, message: tactic 'rewrite' failed, equality or iff proof expected
  ?m.1114
h₁ : 1999 % 5 = 4
⊢ 1999 ^ 2000 % 5 = 1
2025-04-13 14:18:27 - INFO - Testing fragment: rw [zpow_eq_pow]
2025-04-13 14:18:27 - INFO - Original error line:   rw [← h₁, pow_mod]
2025-04-13 14:18:29 - INFO - Testing fix: Original errors: 1, Fixed errors: 1
2025-04-13 14:18:29 - INFO - Result: False (introduced 1 new errors)
2025-04-13 14:18:29 - DEBUG - === New errors detail ===
2025-04-13 14:18:29 - DEBUG - New Error 1: line 9, type: rewrite_failed, message: tactic 'rewrite' failed, did not find instance of the pattern in the target expression
  DivInvMonoid.zpow ?n ?x
h₁ : 1999 % 5 = 4
⊢ 1999 ^ 2000 % 5 = 1
2025-04-13 14:18:29 - INFO - Testing fragment: rw [zpow_zero]
2025-04-13 14:18:29 - INFO - Original error line:   rw [← h₁, pow_mod]
2025-04-13 14:18:31 - INFO - Testing fix: Original errors: 1, Fixed errors: 1
2025-04-13 14:18:31 - INFO - Result: False (introduced 1 new errors)
2025-04-13 14:18:31 - DEBUG - === New errors detail ===
2025-04-13 14:18:31 - DEBUG - New Error 1: line 9, type: rewrite_failed, message: tactic 'rewrite' failed, did not find instance of the pattern in the target expression
  ?a ^ 0
h₁ : 1999 % 5 = 4
⊢ 1999 ^ 2000 % 5 = 1
2025-04-13 14:18:31 - INFO - Testing fragment: rw [zpow_natCast]
2025-04-13 14:18:31 - INFO - Original error line:   rw [← h₁, pow_mod]
2025-04-13 14:18:33 - INFO - Testing fix: Original errors: 1, Fixed errors: 1
2025-04-13 14:18:33 - INFO - Result: False (introduced 1 new errors)
2025-04-13 14:18:33 - DEBUG - === New errors detail ===
2025-04-13 14:18:33 - DEBUG - New Error 1: line 9, type: rewrite_failed, message: tactic 'rewrite' failed, did not find instance of the pattern in the target expression
  ?a ^ ↑?n
h₁ : 1999 % 5 = 4
⊢ 1999 ^ 2000 % 5 = 1
2025-04-13 14:18:33 - INFO - Testing fragment: rw [zpow_negSucc]
2025-04-13 14:18:33 - INFO - Original error line:   rw [← h₁, pow_mod]
2025-04-13 14:18:35 - INFO - Testing fix: Original errors: 1, Fixed errors: 1
2025-04-13 14:18:35 - INFO - Result: False (introduced 1 new errors)
2025-04-13 14:18:35 - DEBUG - === New errors detail ===
2025-04-13 14:18:35 - DEBUG - New Error 1: line 9, type: rewrite_failed, message: tactic 'rewrite' failed, did not find instance of the pattern in the target expression
  ?a ^ Int.negSucc ?n
h₁ : 1999 % 5 = 4
⊢ 1999 ^ 2000 % 5 = 1
2025-04-13 14:18:35 - INFO - Testing fragment: rw [negSucc_zsmul]
2025-04-13 14:18:35 - INFO - Original error line:   rw [← h₁, pow_mod]
2025-04-13 14:18:37 - INFO - Testing fix: Original errors: 1, Fixed errors: 1
2025-04-13 14:18:37 - INFO - Result: False (introduced 1 new errors)
2025-04-13 14:18:37 - DEBUG - === New errors detail ===
2025-04-13 14:18:37 - DEBUG - New Error 1: line 9, type: rewrite_failed, message: tactic 'rewrite' failed, did not find instance of the pattern in the target expression
  Int.negSucc ?n • ?a
h₁ : 1999 % 5 = 4
⊢ 1999 ^ 2000 % 5 = 1
2025-04-13 14:18:37 - INFO - Testing fragment: rw [div_eq_mul_inv]
2025-04-13 14:18:37 - INFO - Original error line:   rw [← h₁, pow_mod]
2025-04-13 14:18:39 - INFO - Testing fix: Original errors: 1, Fixed errors: 1
2025-04-13 14:18:39 - INFO - Result: False (introduced 1 new errors)
2025-04-13 14:18:39 - DEBUG - === New errors detail ===
2025-04-13 14:18:39 - DEBUG - New Error 1: line 9, type: rewrite_failed, message: tactic 'rewrite' failed, did not find instance of the pattern in the target expression
  ?a / ?b
h₁ : 1999 % 5 = 4
⊢ 1999 ^ 2000 % 5 = 1
2025-04-13 14:18:39 - INFO - Testing fragment: rw [inv_eq_one_div]
2025-04-13 14:18:39 - INFO - Original error line:   rw [← h₁, pow_mod]
2025-04-13 14:18:41 - INFO - Testing fix: Original errors: 1, Fixed errors: 1
2025-04-13 14:18:41 - INFO - Result: False (introduced 1 new errors)
2025-04-13 14:18:41 - DEBUG - === New errors detail ===
2025-04-13 14:18:41 - DEBUG - New Error 1: line 9, type: rewrite_failed, message: tactic 'rewrite' failed, did not find instance of the pattern in the target expression
  ?x⁻¹
h₁ : 1999 % 5 = 4
⊢ 1999 ^ 2000 % 5 = 1
2025-04-13 14:18:41 - INFO - Testing fragment: rw [mul_div_assoc]
2025-04-13 14:18:41 - INFO - Original error line:   rw [← h₁, pow_mod]
2025-04-13 14:18:43 - INFO - Testing fix: Original errors: 1, Fixed errors: 1
2025-04-13 14:18:43 - INFO - Result: False (introduced 1 new errors)
2025-04-13 14:18:43 - DEBUG - === New errors detail ===
2025-04-13 14:18:43 - DEBUG - New Error 1: line 9, type: rewrite_failed, message: tactic 'rewrite' failed, did not find instance of the pattern in the target expression
  ?a * ?b / ?c
h₁ : 1999 % 5 = 4
⊢ 1999 ^ 2000 % 5 = 1
2025-04-13 14:18:43 - INFO - Testing fragment: rw [one_div]
2025-04-13 14:18:43 - INFO - Original error line:   rw [← h₁, pow_mod]
2025-04-13 14:18:45 - INFO - Testing fix: Original errors: 1, Fixed errors: 1
2025-04-13 14:18:45 - INFO - Result: False (introduced 1 new errors)
2025-04-13 14:18:45 - DEBUG - === New errors detail ===
2025-04-13 14:18:45 - DEBUG - New Error 1: line 9, type: rewrite_failed, message: tactic 'rewrite' failed, did not find instance of the pattern in the target expression
  1 / ?a
h₁ : 1999 % 5 = 4
⊢ 1999 ^ 2000 % 5 = 1
2025-04-13 14:18:45 - INFO - Testing fragment: rw [inv_one]
2025-04-13 14:18:45 - INFO - Original error line:   rw [← h₁, pow_mod]
2025-04-13 14:18:47 - INFO - Testing fix: Original errors: 1, Fixed errors: 1
2025-04-13 14:18:47 - INFO - Result: False (introduced 1 new errors)
2025-04-13 14:18:47 - DEBUG - === New errors detail ===
2025-04-13 14:18:47 - DEBUG - New Error 1: line 9, type: rewrite_failed, message: tactic 'rewrite' failed, did not find instance of the pattern in the target expression
  1⁻¹
h₁ : 1999 % 5 = 4
⊢ 1999 ^ 2000 % 5 = 1
2025-04-13 14:18:47 - INFO - Testing fragment: rw [mul_inv_rev]
2025-04-13 14:18:47 - INFO - Original error line:   rw [← h₁, pow_mod]
2025-04-13 14:18:49 - INFO - Testing fix: Original errors: 1, Fixed errors: 1
2025-04-13 14:18:49 - INFO - Result: False (introduced 1 new errors)
2025-04-13 14:18:49 - DEBUG - === New errors detail ===
2025-04-13 14:18:49 - DEBUG - New Error 1: line 9, type: rewrite_failed, message: tactic 'rewrite' failed, did not find instance of the pattern in the target expression
  (?a * ?b)⁻¹
h₁ : 1999 % 5 = 4
⊢ 1999 ^ 2000 % 5 = 1
2025-04-13 14:18:49 - INFO - Testing fragment: rw [inv_eq_of_mul_eq_one_right]
2025-04-13 14:18:49 - INFO - Original error line:   rw [← h₁, pow_mod]
2025-04-13 14:18:51 - INFO - Testing fix: Original errors: 1, Fixed errors: 1
2025-04-13 14:18:51 - INFO - Result: False (introduced 1 new errors)
2025-04-13 14:18:51 - DEBUG - === New errors detail ===
2025-04-13 14:18:51 - DEBUG - New Error 1: line 9, type: rewrite_failed, message: tactic 'rewrite' failed, did not find instance of the pattern in the target expression
  ?m.1117⁻¹
h₁ : 1999 % 5 = 4
⊢ 1999 ^ 2000 % 5 = 1
2025-04-13 14:18:51 - INFO - Testing fragment: rw [inv_eq_of_mul_eq_one_left]
2025-04-13 14:18:51 - INFO - Original error line:   rw [← h₁, pow_mod]
2025-04-13 14:18:53 - INFO - Testing fix: Original errors: 1, Fixed errors: 1
2025-04-13 14:18:53 - INFO - Result: False (introduced 1 new errors)
2025-04-13 14:18:53 - DEBUG - === New errors detail ===
2025-04-13 14:18:53 - DEBUG - New Error 1: line 9, type: rewrite_failed, message: tactic 'rewrite' failed, did not find instance of the pattern in the target expression
  ?m.1118⁻¹
h₁ : 1999 % 5 = 4
⊢ 1999 ^ 2000 % 5 = 1
2025-04-13 14:18:53 - INFO - Testing fragment: rw [eq_inv_of_mul_eq_one_left]
2025-04-13 14:18:53 - INFO - Original error line:   rw [← h₁, pow_mod]
2025-04-13 14:18:55 - INFO - Testing fix: Original errors: 1, Fixed errors: 1
2025-04-13 14:18:55 - INFO - Result: False (introduced 1 new errors)
2025-04-13 14:18:55 - DEBUG - === New errors detail ===
2025-04-13 14:18:55 - DEBUG - New Error 1: line 9, type: rewrite_failed, message: tactic 'rewrite' failed, pattern is a metavariable
  ?m.1117
from equation
  ?m.1117 = ?m.1118⁻¹
h₁ : 1999 % 5 = 4
⊢ 1999 ^ 2000 % 5 = 1
2025-04-13 14:18:55 - INFO - Testing fragment: rw [inv_mul_cancel]
2025-04-13 14:18:55 - INFO - Original error line:   rw [← h₁, pow_mod]
2025-04-13 14:18:57 - INFO - Testing fix: Original errors: 1, Fixed errors: 1
2025-04-13 14:18:57 - INFO - Result: False (introduced 1 new errors)
2025-04-13 14:18:57 - DEBUG - === New errors detail ===
2025-04-13 14:18:57 - DEBUG - New Error 1: line 9, type: rewrite_failed, message: tactic 'rewrite' failed, did not find instance of the pattern in the target expression
  ?m.1117⁻¹ * ?m.1117
h₁ : 1999 % 5 = 4
⊢ 1999 ^ 2000 % 5 = 1
2025-04-13 14:18:57 - INFO - Testing fragment: rw [inv_eq_of_mul]
2025-04-13 14:18:57 - INFO - Original error line:   rw [← h₁, pow_mod]
2025-04-13 14:18:59 - INFO - Testing fix: Original errors: 1, Fixed errors: 2
2025-04-13 14:18:59 - INFO - Result: False (introduced 2 new errors)
2025-04-13 14:18:59 - DEBUG - === New errors detail ===
2025-04-13 14:18:59 - DEBUG - New Error 1: line 9, type: unknown_identifier, message: unknown identifier 'inv_eq_of_mul'
2025-04-13 14:18:59 - DEBUG - New Error 2: line 9, type: rewrite_failed, message: tactic 'rewrite' failed, equality or iff proof expected
  ?m.1114
h₁ : 1999 % 5 = 4
⊢ 1999 ^ 2000 % 5 = 1
2025-04-13 14:18:59 - INFO - Testing fragment: rw [mul_inv_cancel]
2025-04-13 14:18:59 - INFO - Original error line:   rw [← h₁, pow_mod]
2025-04-13 14:19:01 - INFO - Testing fix: Original errors: 1, Fixed errors: 1
2025-04-13 14:19:01 - INFO - Result: False (introduced 1 new errors)
2025-04-13 14:19:01 - DEBUG - === New errors detail ===
2025-04-13 14:19:01 - DEBUG - New Error 1: line 9, type: rewrite_failed, message: tactic 'rewrite' failed, did not find instance of the pattern in the target expression
  ?m.1117 * ?m.1117⁻¹
h₁ : 1999 % 5 = 4
⊢ 1999 ^ 2000 % 5 = 1
2025-04-13 14:19:01 - INFO - Testing fragment: rw [div_self']
2025-04-13 14:19:01 - INFO - Original error line:   rw [← h₁, pow_mod]
2025-04-13 14:19:03 - INFO - Testing fix: Original errors: 1, Fixed errors: 1
2025-04-13 14:19:03 - INFO - Result: False (introduced 1 new errors)
2025-04-13 14:19:03 - DEBUG - === New errors detail ===
2025-04-13 14:19:03 - DEBUG - New Error 1: line 9, type: rewrite_failed, message: tactic 'rewrite' failed, did not find instance of the pattern in the target expression
  ?a / ?a
h₁ : 1999 % 5 = 4
⊢ 1999 ^ 2000 % 5 = 1
2025-04-13 14:19:03 - INFO - Testing fragment: rw [inv_mul_cancel_left]
2025-04-13 14:19:03 - INFO - Original error line:   rw [← h₁, pow_mod]
2025-04-13 14:19:05 - INFO - Testing fix: Original errors: 1, Fixed errors: 1
2025-04-13 14:19:05 - INFO - Result: False (introduced 1 new errors)
2025-04-13 14:19:05 - DEBUG - === New errors detail ===
2025-04-13 14:19:05 - DEBUG - New Error 1: line 9, type: rewrite_failed, message: tactic 'rewrite' failed, did not find instance of the pattern in the target expression
  ?a⁻¹ * (?a * ?b)
h₁ : 1999 % 5 = 4
⊢ 1999 ^ 2000 % 5 = 1
2025-04-13 14:19:05 - INFO - Testing fragment: rw [mul_inv_cancel_left]
2025-04-13 14:19:05 - INFO - Original error line:   rw [← h₁, pow_mod]
2025-04-13 14:19:07 - INFO - Testing fix: Original errors: 1, Fixed errors: 1
2025-04-13 14:19:07 - INFO - Result: False (introduced 1 new errors)
2025-04-13 14:19:07 - DEBUG - === New errors detail ===
2025-04-13 14:19:07 - DEBUG - New Error 1: line 9, type: rewrite_failed, message: tactic 'rewrite' failed, did not find instance of the pattern in the target expression
  ?a * (?a⁻¹ * ?b)
h₁ : 1999 % 5 = 4
⊢ 1999 ^ 2000 % 5 = 1
2025-04-13 14:19:07 - INFO - Testing fragment: rw [mul_inv_cancel_right]
2025-04-13 14:19:07 - INFO - Original error line:   rw [← h₁, pow_mod]
2025-04-13 14:19:09 - INFO - Testing fix: Original errors: 1, Fixed errors: 1
2025-04-13 14:19:09 - INFO - Result: False (introduced 1 new errors)
2025-04-13 14:19:09 - DEBUG - === New errors detail ===
2025-04-13 14:19:09 - DEBUG - New Error 1: line 9, type: rewrite_failed, message: tactic 'rewrite' failed, did not find instance of the pattern in the target expression
  ?a * ?b * ?b⁻¹
h₁ : 1999 % 5 = 4
⊢ 1999 ^ 2000 % 5 = 1
2025-04-13 14:19:09 - INFO - Testing fragment: rw [mul_div_cancel_right]
2025-04-13 14:19:09 - INFO - Original error line:   rw [← h₁, pow_mod]
2025-04-13 14:19:11 - INFO - Testing fix: Original errors: 1, Fixed errors: 1
2025-04-13 14:19:11 - INFO - Result: False (introduced 1 new errors)
2025-04-13 14:19:11 - DEBUG - === New errors detail ===
2025-04-13 14:19:11 - DEBUG - New Error 1: line 9, type: rewrite_failed, message: tactic 'rewrite' failed, did not find instance of the pattern in the target expression
  ?a * ?b / ?b
h₁ : 1999 % 5 = 4
⊢ 1999 ^ 2000 % 5 = 1
2025-04-13 14:19:11 - INFO - Testing fragment: rw [inv_mul_cancel_right]
2025-04-13 14:19:11 - INFO - Original error line:   rw [← h₁, pow_mod]
2025-04-13 14:19:13 - INFO - Testing fix: Original errors: 1, Fixed errors: 1
2025-04-13 14:19:13 - INFO - Result: False (introduced 1 new errors)
2025-04-13 14:19:13 - DEBUG - === New errors detail ===
2025-04-13 14:19:13 - DEBUG - New Error 1: line 9, type: rewrite_failed, message: tactic 'rewrite' failed, did not find instance of the pattern in the target expression
  ?a * ?b⁻¹ * ?b
h₁ : 1999 % 5 = 4
⊢ 1999 ^ 2000 % 5 = 1
2025-04-13 14:19:13 - INFO - Testing fragment: rw [div_mul_cancel]
2025-04-13 14:19:13 - INFO - Original error line:   rw [← h₁, pow_mod]
2025-04-13 14:19:15 - INFO - Testing fix: Original errors: 1, Fixed errors: 1
2025-04-13 14:19:15 - INFO - Result: False (introduced 1 new errors)
2025-04-13 14:19:15 - DEBUG - === New errors detail ===
2025-04-13 14:19:15 - DEBUG - New Error 1: line 9, type: rewrite_failed, message: tactic 'rewrite' failed, did not find instance of the pattern in the target expression
  ?a / ?b * ?b
h₁ : 1999 % 5 = 4
⊢ 1999 ^ 2000 % 5 = 1
2025-04-13 14:19:15 - INFO - Testing fragment: rw [<- left_distrib]
2025-04-13 14:19:15 - INFO - Original error line:   rw [← h₁, pow_mod]
2025-04-13 14:19:17 - INFO - Testing fix: Original errors: 1, Fixed errors: 1
2025-04-13 14:19:17 - INFO - Result: False (introduced 1 new errors)
2025-04-13 14:19:17 - DEBUG - === New errors detail ===
2025-04-13 14:19:17 - DEBUG - New Error 1: line 9, type: rewrite_failed, message: tactic 'rewrite' failed, did not find instance of the pattern in the target expression
  ?a * ?b + ?a * ?c
h₁ : 1999 % 5 = 4
⊢ 1999 ^ 2000 % 5 = 1
2025-04-13 14:19:17 - INFO - Testing fragment: rw [<- right_distrib]
2025-04-13 14:19:17 - INFO - Original error line:   rw [← h₁, pow_mod]
2025-04-13 14:19:19 - INFO - Testing fix: Original errors: 1, Fixed errors: 1
2025-04-13 14:19:19 - INFO - Result: False (introduced 1 new errors)
2025-04-13 14:19:19 - DEBUG - === New errors detail ===
2025-04-13 14:19:19 - DEBUG - New Error 1: line 9, type: rewrite_failed, message: tactic 'rewrite' failed, did not find instance of the pattern in the target expression
  ?a * ?c + ?b * ?c
h₁ : 1999 % 5 = 4
⊢ 1999 ^ 2000 % 5 = 1
2025-04-13 14:19:19 - INFO - Testing fragment: rw [<- distrib_three_right]
2025-04-13 14:19:19 - INFO - Original error line:   rw [← h₁, pow_mod]
2025-04-13 14:19:21 - INFO - Testing fix: Original errors: 1, Fixed errors: 1
2025-04-13 14:19:21 - INFO - Result: False (introduced 1 new errors)
2025-04-13 14:19:21 - DEBUG - === New errors detail ===
2025-04-13 14:19:21 - DEBUG - New Error 1: line 9, type: rewrite_failed, message: tactic 'rewrite' failed, did not find instance of the pattern in the target expression
  ?a * ?d + ?b * ?d + ?c * ?d
h₁ : 1999 % 5 = 4
⊢ 1999 ^ 2000 % 5 = 1
2025-04-13 14:19:21 - INFO - Testing fragment: rw [<- add_one_mul]
2025-04-13 14:19:21 - INFO - Original error line:   rw [← h₁, pow_mod]
2025-04-13 14:19:23 - INFO - Testing fix: Original errors: 1, Fixed errors: 1
2025-04-13 14:19:23 - INFO - Result: False (introduced 1 new errors)
2025-04-13 14:19:23 - DEBUG - === New errors detail ===
2025-04-13 14:19:23 - DEBUG - New Error 1: line 9, type: rewrite_failed, message: tactic 'rewrite' failed, did not find instance of the pattern in the target expression
  ?a * ?b + ?b
h₁ : 1999 % 5 = 4
⊢ 1999 ^ 2000 % 5 = 1
2025-04-13 14:19:23 - INFO - Testing fragment: rw [<- mul_add_one]
2025-04-13 14:19:23 - INFO - Original error line:   rw [← h₁, pow_mod]
2025-04-13 14:19:25 - INFO - Testing fix: Original errors: 1, Fixed errors: 1
2025-04-13 14:19:25 - INFO - Result: False (introduced 1 new errors)
2025-04-13 14:19:25 - DEBUG - === New errors detail ===
2025-04-13 14:19:25 - DEBUG - New Error 1: line 9, type: rewrite_failed, message: tactic 'rewrite' failed, did not find instance of the pattern in the target expression
  ?a * ?b + ?a
h₁ : 1999 % 5 = 4
⊢ 1999 ^ 2000 % 5 = 1
2025-04-13 14:19:25 - INFO - Testing fragment: rw [<- one_add_mul]
2025-04-13 14:19:25 - INFO - Original error line:   rw [← h₁, pow_mod]
2025-04-13 14:19:27 - INFO - Testing fix: Original errors: 1, Fixed errors: 1
2025-04-13 14:19:27 - INFO - Result: False (introduced 1 new errors)
2025-04-13 14:19:27 - DEBUG - === New errors detail ===
2025-04-13 14:19:27 - DEBUG - New Error 1: line 9, type: rewrite_failed, message: tactic 'rewrite' failed, did not find instance of the pattern in the target expression
  ?b + ?a * ?b
h₁ : 1999 % 5 = 4
⊢ 1999 ^ 2000 % 5 = 1
2025-04-13 14:19:27 - INFO - Testing fragment: rw [<- mul_one_add]
2025-04-13 14:19:27 - INFO - Original error line:   rw [← h₁, pow_mod]
2025-04-13 14:19:29 - INFO - Testing fix: Original errors: 1, Fixed errors: 1
2025-04-13 14:19:29 - INFO - Result: False (introduced 1 new errors)
2025-04-13 14:19:29 - DEBUG - === New errors detail ===
2025-04-13 14:19:29 - DEBUG - New Error 1: line 9, type: rewrite_failed, message: tactic 'rewrite' failed, did not find instance of the pattern in the target expression
  ?a + ?a * ?b
h₁ : 1999 % 5 = 4
⊢ 1999 ^ 2000 % 5 = 1
2025-04-13 14:19:29 - INFO - Testing fragment: rw [<- two_mul]
2025-04-13 14:19:29 - INFO - Original error line:   rw [← h₁, pow_mod]
2025-04-13 14:19:31 - INFO - Testing fix: Original errors: 1, Fixed errors: 1
2025-04-13 14:19:31 - INFO - Result: False (introduced 1 new errors)
2025-04-13 14:19:31 - DEBUG - === New errors detail ===
2025-04-13 14:19:31 - DEBUG - New Error 1: line 9, type: rewrite_failed, message: tactic 'rewrite' failed, did not find instance of the pattern in the target expression
  ?n + ?n
h₁ : 1999 % 5 = 4
⊢ 1999 ^ 2000 % 5 = 1
2025-04-13 14:19:31 - INFO - Testing fragment: rw [<- mul_two]
2025-04-13 14:19:31 - INFO - Original error line:   rw [← h₁, pow_mod]
2025-04-13 14:19:33 - INFO - Testing fix: Original errors: 1, Fixed errors: 1
2025-04-13 14:19:33 - INFO - Result: False (introduced 1 new errors)
2025-04-13 14:19:33 - DEBUG - === New errors detail ===
2025-04-13 14:19:33 - DEBUG - New Error 1: line 9, type: rewrite_failed, message: tactic 'rewrite' failed, did not find instance of the pattern in the target expression
  ?n + ?n
h₁ : 1999 % 5 = 4
⊢ 1999 ^ 2000 % 5 = 1
2025-04-13 14:19:33 - INFO - Testing fragment: rw [<- mul_boole]
2025-04-13 14:19:33 - INFO - Original error line:   rw [← h₁, pow_mod]
2025-04-13 14:19:35 - INFO - Testing fix: Original errors: 1, Fixed errors: 1
2025-04-13 14:19:35 - INFO - Result: False (introduced 1 new errors)
2025-04-13 14:19:35 - DEBUG - === New errors detail ===
2025-04-13 14:19:35 - DEBUG - New Error 1: line 9, type: rewrite_failed, message: tactic 'rewrite' failed, did not find instance of the pattern in the target expression
  if ?P then ?a else 0
h₁ : 1999 % 5 = 4
⊢ 1999 ^ 2000 % 5 = 1
2025-04-13 14:19:35 - INFO - Testing fragment: rw [<- boole_mul]
2025-04-13 14:19:35 - INFO - Original error line:   rw [← h₁, pow_mod]
2025-04-13 14:19:37 - INFO - Testing fix: Original errors: 1, Fixed errors: 1
2025-04-13 14:19:37 - INFO - Result: False (introduced 1 new errors)
2025-04-13 14:19:37 - DEBUG - === New errors detail ===
2025-04-13 14:19:37 - DEBUG - New Error 1: line 9, type: rewrite_failed, message: tactic 'rewrite' failed, did not find instance of the pattern in the target expression
  if ?P then ?a else 0
h₁ : 1999 % 5 = 4
⊢ 1999 ^ 2000 % 5 = 1
2025-04-13 14:19:37 - INFO - Testing fragment: rw [<- add_mul_self_eq]
2025-04-13 14:19:37 - INFO - Original error line:   rw [← h₁, pow_mod]
2025-04-13 14:19:39 - INFO - Testing fix: Original errors: 1, Fixed errors: 1
2025-04-13 14:19:39 - INFO - Result: False (introduced 1 new errors)
2025-04-13 14:19:39 - DEBUG - === New errors detail ===
2025-04-13 14:19:39 - DEBUG - New Error 1: line 9, type: rewrite_failed, message: tactic 'rewrite' failed, did not find instance of the pattern in the target expression
  ?a * ?a + 2 * ?a * ?b + ?b * ?b
h₁ : 1999 % 5 = 4
⊢ 1999 ^ 2000 % 5 = 1
2025-04-13 14:19:39 - INFO - Testing fragment: rw [<- neg_mul]
2025-04-13 14:19:39 - INFO - Original error line:   rw [← h₁, pow_mod]
2025-04-13 14:19:41 - INFO - Testing fix: Original errors: 1, Fixed errors: 1
2025-04-13 14:19:41 - INFO - Result: False (introduced 1 new errors)
2025-04-13 14:19:41 - DEBUG - === New errors detail ===
2025-04-13 14:19:41 - DEBUG - New Error 1: line 9, type: rewrite_failed, message: tactic 'rewrite' failed, did not find instance of the pattern in the target expression
  -(?a * ?b)
h₁ : 1999 % 5 = 4
⊢ 1999 ^ 2000 % 5 = 1
2025-04-13 14:19:41 - INFO - Testing fragment: rw [<- mul_neg]
2025-04-13 14:19:41 - INFO - Original error line:   rw [← h₁, pow_mod]
2025-04-13 14:19:43 - INFO - Testing fix: Original errors: 1, Fixed errors: 1
2025-04-13 14:19:43 - INFO - Result: False (introduced 1 new errors)
2025-04-13 14:19:43 - DEBUG - === New errors detail ===
2025-04-13 14:19:43 - DEBUG - New Error 1: line 9, type: rewrite_failed, message: tactic 'rewrite' failed, did not find instance of the pattern in the target expression
  -(?a * ?b)
h₁ : 1999 % 5 = 4
⊢ 1999 ^ 2000 % 5 = 1
2025-04-13 14:19:43 - INFO - Testing fragment: rw [<- neg_mul_neg]
2025-04-13 14:19:43 - INFO - Original error line:   rw [← h₁, pow_mod]
2025-04-13 14:19:45 - INFO - Testing fix: Original errors: 1, Fixed errors: 1
2025-04-13 14:19:45 - INFO - Result: False (introduced 1 new errors)
2025-04-13 14:19:45 - DEBUG - === New errors detail ===
2025-04-13 14:19:45 - DEBUG - New Error 1: line 9, type: rewrite_failed, message: tactic 'rewrite' failed, did not find instance of the pattern in the target expression
  ?a * ?b
h₁ : 1999 % 5 = 4
⊢ 1999 ^ 2000 % 5 = 1
2025-04-13 14:19:45 - INFO - Testing fragment: rw [<- neg_mul_eq_neg_mul]
2025-04-13 14:19:45 - INFO - Original error line:   rw [← h₁, pow_mod]
2025-04-13 14:19:47 - INFO - Testing fix: Original errors: 1, Fixed errors: 1
2025-04-13 14:19:47 - INFO - Result: False (introduced 1 new errors)
2025-04-13 14:19:47 - DEBUG - === New errors detail ===
2025-04-13 14:19:47 - DEBUG - New Error 1: line 9, type: rewrite_failed, message: tactic 'rewrite' failed, did not find instance of the pattern in the target expression
  -?a * ?b
h₁ : 1999 % 5 = 4
⊢ 1999 ^ 2000 % 5 = 1
2025-04-13 14:19:47 - INFO - Testing fragment: rw [<- neg_mul_eq_mul_neg]
2025-04-13 14:19:47 - INFO - Original error line:   rw [← h₁, pow_mod]
2025-04-13 14:19:49 - INFO - Testing fix: Original errors: 1, Fixed errors: 1
2025-04-13 14:19:49 - INFO - Result: False (introduced 1 new errors)
2025-04-13 14:19:49 - DEBUG - === New errors detail ===
2025-04-13 14:19:49 - DEBUG - New Error 1: line 9, type: rewrite_failed, message: tactic 'rewrite' failed, did not find instance of the pattern in the target expression
  ?a * -?b
h₁ : 1999 % 5 = 4
⊢ 1999 ^ 2000 % 5 = 1
2025-04-13 14:19:49 - INFO - Testing fragment: rw [<- neg_mul_comm]
2025-04-13 14:19:49 - INFO - Original error line:   rw [← h₁, pow_mod]
2025-04-13 14:19:51 - INFO - Testing fix: Original errors: 1, Fixed errors: 1
2025-04-13 14:19:51 - INFO - Result: False (introduced 1 new errors)
2025-04-13 14:19:51 - DEBUG - === New errors detail ===
2025-04-13 14:19:51 - DEBUG - New Error 1: line 9, type: rewrite_failed, message: tactic 'rewrite' failed, did not find instance of the pattern in the target expression
  ?a * -?b
h₁ : 1999 % 5 = 4
⊢ 1999 ^ 2000 % 5 = 1
2025-04-13 14:19:51 - INFO - Testing fragment: rw [<- neg_eq_neg_one_mul]
2025-04-13 14:19:51 - INFO - Original error line:   rw [← h₁, pow_mod]
2025-04-13 14:19:53 - INFO - Testing fix: Original errors: 1, Fixed errors: 1
2025-04-13 14:19:53 - INFO - Result: False (introduced 1 new errors)
2025-04-13 14:19:53 - DEBUG - === New errors detail ===
2025-04-13 14:19:53 - DEBUG - New Error 1: line 9, type: rewrite_failed, message: tactic 'rewrite' failed, did not find instance of the pattern in the target expression
  -1 * ?a
h₁ : 1999 % 5 = 4
⊢ 1999 ^ 2000 % 5 = 1
2025-04-13 14:19:53 - INFO - Testing fragment: rw [<- mul_neg_one]
2025-04-13 14:19:53 - INFO - Original error line:   rw [← h₁, pow_mod]
2025-04-13 14:19:55 - INFO - Testing fix: Original errors: 1, Fixed errors: 1
2025-04-13 14:19:55 - INFO - Result: False (introduced 1 new errors)
2025-04-13 14:19:55 - DEBUG - === New errors detail ===
2025-04-13 14:19:55 - DEBUG - New Error 1: line 9, type: rewrite_failed, message: tactic 'rewrite' failed, did not find instance of the pattern in the target expression
  -?a
h₁ : 1999 % 5 = 4
⊢ 1999 ^ 2000 % 5 = 1
2025-04-13 14:19:55 - INFO - Testing fragment: rw [<- neg_one_mul]
2025-04-13 14:19:55 - INFO - Original error line:   rw [← h₁, pow_mod]
2025-04-13 14:19:57 - INFO - Testing fix: Original errors: 1, Fixed errors: 1
2025-04-13 14:19:57 - INFO - Result: False (introduced 1 new errors)
2025-04-13 14:19:57 - DEBUG - === New errors detail ===
2025-04-13 14:19:57 - DEBUG - New Error 1: line 9, type: rewrite_failed, message: tactic 'rewrite' failed, did not find instance of the pattern in the target expression
  -?a
h₁ : 1999 % 5 = 4
⊢ 1999 ^ 2000 % 5 = 1
2025-04-13 14:19:57 - INFO - Testing fragment: rw [<- mul_sub_left_distrib]
2025-04-13 14:19:57 - INFO - Original error line:   rw [← h₁, pow_mod]
2025-04-13 14:19:59 - INFO - Testing fix: Original errors: 1, Fixed errors: 1
2025-04-13 14:19:59 - INFO - Result: False (introduced 1 new errors)
2025-04-13 14:19:59 - DEBUG - === New errors detail ===
2025-04-13 14:19:59 - DEBUG - New Error 1: line 9, type: rewrite_failed, message: tactic 'rewrite' failed, did not find instance of the pattern in the target expression
  ?a * ?b - ?a * ?c
h₁ : 1999 % 5 = 4
⊢ 1999 ^ 2000 % 5 = 1
2025-04-13 14:19:59 - INFO - Testing fragment: rw [<- mul_sub_right_distrib]
2025-04-13 14:19:59 - INFO - Original error line:   rw [← h₁, pow_mod]
2025-04-13 14:20:01 - INFO - Testing fix: Original errors: 1, Fixed errors: 1
2025-04-13 14:20:01 - INFO - Result: False (introduced 1 new errors)
2025-04-13 14:20:01 - DEBUG - === New errors detail ===
2025-04-13 14:20:01 - DEBUG - New Error 1: line 9, type: rewrite_failed, message: tactic 'rewrite' failed, did not find instance of the pattern in the target expression
  ?a * ?c - ?b * ?c
h₁ : 1999 % 5 = 4
⊢ 1999 ^ 2000 % 5 = 1
2025-04-13 14:20:01 - INFO - Testing fragment: rw [<- sub_one_mul]
2025-04-13 14:20:01 - INFO - Original error line:   rw [← h₁, pow_mod]
2025-04-13 14:20:03 - INFO - Testing fix: Original errors: 1, Fixed errors: 1
2025-04-13 14:20:03 - INFO - Result: False (introduced 1 new errors)
2025-04-13 14:20:03 - DEBUG - === New errors detail ===
2025-04-13 14:20:03 - DEBUG - New Error 1: line 9, type: rewrite_failed, message: tactic 'rewrite' failed, did not find instance of the pattern in the target expression
  ?a * ?b - ?b
h₁ : 1999 % 5 = 4
⊢ 1999 ^ 2000 % 5 = 1
2025-04-13 14:20:03 - INFO - Testing fragment: rw [<- mul_sub_one]
2025-04-13 14:20:03 - INFO - Original error line:   rw [← h₁, pow_mod]
2025-04-13 14:20:05 - INFO - Testing fix: Original errors: 1, Fixed errors: 1
2025-04-13 14:20:05 - INFO - Result: False (introduced 1 new errors)
2025-04-13 14:20:05 - DEBUG - === New errors detail ===
2025-04-13 14:20:05 - DEBUG - New Error 1: line 9, type: rewrite_failed, message: tactic 'rewrite' failed, did not find instance of the pattern in the target expression
  ?a * ?b - ?a
h₁ : 1999 % 5 = 4
⊢ 1999 ^ 2000 % 5 = 1
2025-04-13 14:20:05 - INFO - Testing fragment: rw [<- one_sub_mul]
2025-04-13 14:20:05 - INFO - Original error line:   rw [← h₁, pow_mod]
2025-04-13 14:20:07 - INFO - Testing fix: Original errors: 1, Fixed errors: 1
2025-04-13 14:20:07 - INFO - Result: False (introduced 1 new errors)
2025-04-13 14:20:07 - DEBUG - === New errors detail ===
2025-04-13 14:20:07 - DEBUG - New Error 1: line 9, type: rewrite_failed, message: tactic 'rewrite' failed, did not find instance of the pattern in the target expression
  ?b - ?a * ?b
h₁ : 1999 % 5 = 4
⊢ 1999 ^ 2000 % 5 = 1
2025-04-13 14:20:07 - INFO - Testing fragment: rw [<- mul_one_sub]
2025-04-13 14:20:07 - INFO - Original error line:   rw [← h₁, pow_mod]
2025-04-13 14:20:09 - INFO - Testing fix: Original errors: 1, Fixed errors: 1
2025-04-13 14:20:09 - INFO - Result: False (introduced 1 new errors)
2025-04-13 14:20:09 - DEBUG - === New errors detail ===
2025-04-13 14:20:09 - DEBUG - New Error 1: line 9, type: rewrite_failed, message: tactic 'rewrite' failed, did not find instance of the pattern in the target expression
  ?a - ?a * ?b
h₁ : 1999 % 5 = 4
⊢ 1999 ^ 2000 % 5 = 1
2025-04-13 14:20:09 - INFO - Testing fragment: rw [<- mul_left_cancel]
2025-04-13 14:20:09 - INFO - Original error line:   rw [← h₁, pow_mod]
2025-04-13 14:20:11 - INFO - Testing fix: Original errors: 1, Fixed errors: 1
2025-04-13 14:20:11 - INFO - Result: False (introduced 1 new errors)
2025-04-13 14:20:11 - DEBUG - === New errors detail ===
2025-04-13 14:20:11 - DEBUG - New Error 1: line 9, type: rewrite_failed, message: tactic 'rewrite' failed, pattern is a metavariable
  ?m.1120
from equation
  ?m.1120 = ?m.1119
h₁ : 1999 % 5 = 4
⊢ 1999 ^ 2000 % 5 = 1
2025-04-13 14:20:11 - INFO - Testing fragment: rw [<- mul_left_cancel_iff]
2025-04-13 14:20:11 - INFO - Original error line:   rw [← h₁, pow_mod]
2025-04-13 14:20:13 - INFO - Testing fix: Original errors: 1, Fixed errors: 2
2025-04-13 14:20:13 - INFO - Result: False (introduced 2 new errors)
2025-04-13 14:20:13 - DEBUG - === New errors detail ===
2025-04-13 14:20:13 - DEBUG - New Error 1: line 9, type: failed_to_synthesize, message: failed to synthesize
  IsLeftCancelMul ℕ
use `set_option diagnostics true` to get diagnostic information
2025-04-13 14:20:13 - DEBUG - New Error 2: line 23, type: rewrite_failed, message: tactic 'rewrite' failed, did not find instance of the pattern in the target expression
  4 ^ 4 % 5
h₁ : 1999 % 5 = 4
h₂ : 4 ^ 4 % 5 = 1
h₃ : 2000 = 4 * 500
⊢ ?m.1118 * ((1999 ^ 4 % 5) ^ 500 % 5) = ?m.1118 * 1
2025-04-13 14:20:13 - INFO - Testing fragment: rw [<- mul_right_injective]
2025-04-13 14:20:13 - INFO - Original error line:   rw [← h₁, pow_mod]
2025-04-13 14:20:15 - INFO - Testing fix: Original errors: 1, Fixed errors: 1
2025-04-13 14:20:15 - INFO - Result: False (introduced 1 new errors)
2025-04-13 14:20:15 - DEBUG - === New errors detail ===
2025-04-13 14:20:15 - DEBUG - New Error 1: line 9, type: rewrite_failed, message: tactic 'rewrite' failed, pattern is a metavariable
  ?a₂
from equation
  ?a₂ = ?a₁
h₁ : 1999 % 5 = 4
⊢ 1999 ^ 2000 % 5 = 1
2025-04-13 14:20:15 - INFO - Testing fragment: rw [<- mul_right_inj]
2025-04-13 14:20:15 - INFO - Original error line:   rw [← h₁, pow_mod]
2025-04-13 14:20:17 - INFO - Testing fix: Original errors: 1, Fixed errors: 2
2025-04-13 14:20:17 - INFO - Result: False (introduced 2 new errors)
2025-04-13 14:20:17 - DEBUG - === New errors detail ===
2025-04-13 14:20:17 - DEBUG - New Error 1: line 9, type: failed_to_synthesize, message: failed to synthesize
  IsLeftCancelMul ℕ
use `set_option diagnostics true` to get diagnostic information
2025-04-13 14:20:17 - DEBUG - New Error 2: line 23, type: rewrite_failed, message: tactic 'rewrite' failed, did not find instance of the pattern in the target expression
  4 ^ 4 % 5
h₁ : 1999 % 5 = 4
h₂ : 4 ^ 4 % 5 = 1
h₃ : 2000 = 4 * 500
⊢ ?a * ((1999 ^ 4 % 5) ^ 500 % 5) = ?a * 1
2025-04-13 14:20:17 - INFO - Testing fragment: rw [<- mul_ne_mul_right]
2025-04-13 14:20:17 - INFO - Original error line:   rw [← h₁, pow_mod]
2025-04-13 14:20:19 - INFO - Testing fix: Original errors: 1, Fixed errors: 1
2025-04-13 14:20:19 - INFO - Result: False (introduced 1 new errors)
2025-04-13 14:20:19 - DEBUG - === New errors detail ===
2025-04-13 14:20:19 - DEBUG - New Error 1: line 9, type: rewrite_failed, message: tactic 'rewrite' failed, did not find instance of the pattern in the target expression
  ?b ≠ ?c
h₁ : 1999 % 5 = 4
⊢ 1999 ^ 2000 % 5 = 1
2025-04-13 14:20:19 - INFO - Testing fragment: rw [<- mul_right_cancel]
2025-04-13 14:20:19 - INFO - Original error line:   rw [← h₁, pow_mod]
2025-04-13 14:20:21 - INFO - Testing fix: Original errors: 1, Fixed errors: 1
2025-04-13 14:20:21 - INFO - Result: False (introduced 1 new errors)
2025-04-13 14:20:21 - DEBUG - === New errors detail ===
2025-04-13 14:20:21 - DEBUG - New Error 1: line 9, type: rewrite_failed, message: tactic 'rewrite' failed, pattern is a metavariable
  ?m.1120
from equation
  ?m.1120 = ?m.1118
h₁ : 1999 % 5 = 4
⊢ 1999 ^ 2000 % 5 = 1
2025-04-13 14:20:21 - INFO - Testing fragment: rw [<- mul_right_cancel_iff]
2025-04-13 14:20:21 - INFO - Original error line:   rw [← h₁, pow_mod]
2025-04-13 14:20:23 - INFO - Testing fix: Original errors: 1, Fixed errors: 2
2025-04-13 14:20:23 - INFO - Result: False (introduced 2 new errors)
2025-04-13 14:20:23 - DEBUG - === New errors detail ===
2025-04-13 14:20:23 - DEBUG - New Error 1: line 9, type: failed_to_synthesize, message: failed to synthesize
  IsRightCancelMul ℕ
use `set_option diagnostics true` to get diagnostic information
2025-04-13 14:20:23 - DEBUG - New Error 2: line 23, type: rewrite_failed, message: tactic 'rewrite' failed, did not find instance of the pattern in the target expression
  4 ^ 4 % 5
h₁ : 1999 % 5 = 4
h₂ : 4 ^ 4 % 5 = 1
h₃ : 2000 = 4 * 500
⊢ (1999 ^ 4 % 5) ^ 500 % 5 * ?m.1118 = 1 * ?m.1118
2025-04-13 14:20:23 - INFO - Testing fragment: rw [<- mul_left_injective]
2025-04-13 14:20:23 - INFO - Original error line:   rw [← h₁, pow_mod]
2025-04-13 14:20:25 - INFO - Testing fix: Original errors: 1, Fixed errors: 1
2025-04-13 14:20:25 - INFO - Result: False (introduced 1 new errors)
2025-04-13 14:20:25 - DEBUG - === New errors detail ===
2025-04-13 14:20:25 - DEBUG - New Error 1: line 9, type: rewrite_failed, message: tactic 'rewrite' failed, pattern is a metavariable
  ?a₂
from equation
  ?a₂ = ?a₁
h₁ : 1999 % 5 = 4
⊢ 1999 ^ 2000 % 5 = 1
2025-04-13 14:20:25 - INFO - Testing fragment: rw [<- mul_left_inj]
2025-04-13 14:20:25 - INFO - Original error line:   rw [← h₁, pow_mod]
2025-04-13 14:20:27 - INFO - Testing fix: Original errors: 1, Fixed errors: 2
2025-04-13 14:20:27 - INFO - Result: False (introduced 2 new errors)
2025-04-13 14:20:27 - DEBUG - === New errors detail ===
2025-04-13 14:20:27 - DEBUG - New Error 1: line 9, type: failed_to_synthesize, message: failed to synthesize
  IsRightCancelMul ℕ
use `set_option diagnostics true` to get diagnostic information
2025-04-13 14:20:27 - DEBUG - New Error 2: line 23, type: rewrite_failed, message: tactic 'rewrite' failed, did not find instance of the pattern in the target expression
  4 ^ 4 % 5
h₁ : 1999 % 5 = 4
h₂ : 4 ^ 4 % 5 = 1
h₃ : 2000 = 4 * 500
⊢ (1999 ^ 4 % 5) ^ 500 % 5 * ?a = 1 * ?a
2025-04-13 14:20:27 - INFO - Testing fragment: rw [<- mul_ne_mul_left]
2025-04-13 14:20:27 - INFO - Original error line:   rw [← h₁, pow_mod]
2025-04-13 14:20:31 - INFO - Testing fix: Original errors: 1, Fixed errors: 1
2025-04-13 14:20:31 - INFO - Result: False (introduced 1 new errors)
2025-04-13 14:20:31 - DEBUG - === New errors detail ===
2025-04-13 14:20:31 - DEBUG - New Error 1: line 9, type: rewrite_failed, message: tactic 'rewrite' failed, did not find instance of the pattern in the target expression
  ?b ≠ ?c
h₁ : 1999 % 5 = 4
⊢ 1999 ^ 2000 % 5 = 1
2025-04-13 14:20:31 - INFO - Testing fragment: rw [<- mul_assoc]
2025-04-13 14:20:31 - INFO - Original error line:   rw [← h₁, pow_mod]
2025-04-13 14:25:11 - INFO - Synthesis failed: ('Execution failed', 'Execution timed out after 200.0 seconds. Partial output:\n{"cmd": "/-- What is the remainder when $1999^{2000}$ is divided by $5?$ Show that it is 1.-/\\ntheorem mathd_numbertheory_236 : 1999 ^ 2000 % 5 = 1 := by\\n  -- First, we simplify the base 1999 modulo 5\\n  -- Since 1999 ÷ 5 = 399 with remainder 4, we have 1999 ≡ 4 mod 5\\n  have h₁ : 1999 % 5 = 4 := by norm_num\\n  \\n  -- Using the property that (a ≡ b mod m) → (a^n ≡ b^n mod m),\\n  -- we can rewrite 1999^2000 ≡ 4^2000 mod 5\\n  rw [← h₁, pow_mod]\\n  \\n  -- Now we focus on simplifying 4^2000 modulo 5\\n  -- Notice that 4 and 5 are coprime, so we can apply Euler\'s theorem\\n  -- Euler\'s totient function φ(5) = 4, so 4^4 ≡ 1 mod 5\\n  have h₂ : 4 ^ 4 % 5 = 1 := by norm_num\\n  \\n  -- We can express 2000 as 4 * 500, since 2000 ÷ 4 = 500\\n  have h₃ : 2000 = 4 * 500 := by norm_num\\n  \\n  -- Rewrite the exponent using this decomposition\\n  rw [h₃, pow_mul]\\n  \\n  -- Now we have (4^4)^500 ≡ 1^500 ≡ 1 mod 5\\n  rw [pow_mod, h₂, one_pow]\\n  \\n  -- The remainder is now clearly 1\\n  rfl", "env": 0}\r\n\r\n')
2025-04-13 14:25:11 - INFO - Failed attempt time: 713.55 seconds
2025-04-13 14:25:11 - INFO - ❌ Could not generate fix for error at line 9
2025-04-13 14:25:16 - INFO - 
===== Fix attempt completed =====
2025-04-13 14:25:16 - INFO - Original errors: 1
2025-04-13 14:25:16 - INFO - Fixed errors: 0
2025-04-13 14:25:16 - INFO - Failed errors: 1
2025-04-13 14:25:16 - INFO - Remaining errors: 1
2025-04-13 14:25:16 - INFO - Total time: 719.55 seconds
2025-04-13 14:25:16 - INFO - 
Final fixed code:
2025-04-13 14:25:16 - INFO - ----------------------------------------
2025-04-13 14:25:16 - INFO - /-- What is the remainder when $1999^{2000}$ is divided by $5?$ Show that it is 1.-/
theorem mathd_numbertheory_236 : 1999 ^ 2000 % 5 = 1 := by
  -- First, we simplify the base 1999 modulo 5
  -- Since 1999 ÷ 5 = 399 with remainder 4, we have 1999 ≡ 4 mod 5
  have h₁ : 1999 % 5 = 4 := by norm_num
  
  -- Using the property that (a ≡ b mod m) → (a^n ≡ b^n mod m),
  -- we can rewrite 1999^2000 ≡ 4^2000 mod 5
  rw [← h₁, pow_mod]
  
  -- Now we focus on simplifying 4^2000 modulo 5
  -- Notice that 4 and 5 are coprime, so we can apply Euler's theorem
  -- Euler's totient function φ(5) = 4, so 4^4 ≡ 1 mod 5
  have h₂ : 4 ^ 4 % 5 = 1 := by norm_num
  
  -- We can express 2000 as 4 * 500, since 2000 ÷ 4 = 500
  have h₃ : 2000 = 4 * 500 := by norm_num
  
  -- Rewrite the exponent using this decomposition
  rw [h₃, pow_mul]
  
  -- Now we have (4^4)^500 ≡ 1^500 ≡ 1 mod 5
  rw [pow_mod, h₂, one_pow]
  
  -- The remainder is now clearly 1
  rfl
2025-04-13 14:25:16 - INFO - ----------------------------------------
2025-04-13 14:25:16 - INFO - 
Detailed error repair report:
2025-04-13 14:25:16 - INFO - Original code error count: 1
❌ Fixed error 1/1: Could not generate fix for error at line 9 «rewrite_failed» (after 713.55s)

=== Fix statistics ===
Original error count: 1
Fixed errors: 0 (Fix rate: 0.0000)
Failed errors: 1
Remaining errors: 1
Total time: 719.55 seconds

=== Failed fix details ===

Failed fix 1:
   Line: 9
   Error type: rewrite_failed
   Original error message: tactic 'rewrite' failed, did not find instance of the pattern in the target expression
  4
h₁ : 1999...
   Failure reason: Could not generate fix
   Time: 713.55 seconds
2025-04-13 14:25:16 - INFO - 
Fixed code saved to: ./minif2f/lean_fixed/44_fixed.lean
2025-04-13 14:25:16 - INFO - JSON log saved to: ./minif2f/lean_fixed/44_fix_log.json
2025-04-13 14:25:16 - INFO - 
===== LOG FILE LOCATION =====
2025-04-13 14:25:16 - INFO - Detailed log file is available at: ./minif2f/lean_fixed/44.log
2025-04-13 14:25:16 - INFO - ===============================
