2025-04-14 01:19:13 - INFO - Log file initialized at 2025-04-14T01:19:13.844895
2025-04-14 01:19:13 - INFO - ===== LOG FILE LOCATION =====
2025-04-14 01:19:13 - INFO - Detailed log file created at: /data/coding/minif2f/lean_fixed/48.log
2025-04-14 01:19:13 - INFO - ===============================
2025-04-14 01:19:13 - INFO - Original code:
2025-04-14 01:19:13 - INFO - ----------------------------------------
2025-04-14 01:19:13 - INFO - import Mathlib
import Aesop

set_option maxHeartbeats 0

open BigOperators Real Nat Topology Rat

/-- Cards are numbered from 1 to 100. One card is removed and the values on the other 99 are added. 
    The resulting sum is a multiple of 77. What number was on the card that was removed? 
    Show that it is 45.-/
theorem mathd_numbertheory_257 (x : ℕ) (h₀ : 1 ≤ x ∧ x ≤ 100)
    (h₁ : 77 ∣ (∑ k in Finset.range 101, k) - x) : x = 45 := by
  -- First, compute the sum of all numbers from 1 to 100 using the arithmetic series formula
  have sum_all : ∑ k in Finset.range 101, k = 100 * 101 / 2 := by
    rw [Finset.sum_range_id]  -- Convert range sum to closed form
    norm_num  -- Compute the numerical value

  -- Simplify the sum to its concrete value (5050)
  have sum_all_value : ∑ k in Finset.range 101, k = 5050 := by
    rw [sum_all]
    norm_num

  -- The problem states that 77 divides (total sum - x)
  -- Rewrite the divisibility condition using the concrete sum value
  have h₁' : 77 ∣ 5050 - x := by rwa [sum_all_value] at h₁

  -- We need to find x ∈ [1,100] such that 5050 - x ≡ 0 mod 77
  -- First compute 5050 mod 77
  have mod_calc : 5050 % 77 = 45 := by norm_num

  -- From 77 ∣ 5050 - x, we have x ≡ 5050 mod 77
  have x_mod : x ≡ 45 [MOD 77] := by
    rw [Nat.modEq_iff_dvd']
    exact h₁'
    rw [mod_calc]

  -- Since 1 ≤ x ≤ 100, and x ≡ 45 mod 77, the only possible value is x = 45
  -- Because the next congruent number would be 45 + 77 = 122 > 100
  -- And previous would be 45 - 77 = -32 < 1
  obtain ⟨k, hk⟩ := x_mod
  -- Substitute x = 77k + 45 into the bounds
  have k_bound : k = 0 := by
    -- Case analysis on possible k values
    cases' k with k
    · rfl  -- k = 0 is within bounds
    · cases' k with k
      · -- k = 1 gives x = 122 which is > 100
        exfalso
        rw [hk, mul_one, add_comm] at h₀
        simp at h₀
        linarith [h₀.2]
      · -- Any k ≥ 2 makes x too large
        exfalso
        rw [hk] at h₀
        have : 77 * (k + 2) + 45 ≥ 77 * 2 + 45 := by
          apply add_le_add_right
          apply Nat.mul_le_mul_left
          linarith
        linarith [h₀.2]
    · -- Negative k makes x too small
      exfalso
      rw [hk] at h₀
      have : 77 * (Int.negSucc k) + 45 ≤ -32 := by
        simp [mul_negSucc]
        linarith
      linarith [h₀.1]

  -- Therefore x must be exactly 45
  rw [hk, k_bound]
  simp
2025-04-14 01:19:13 - INFO - ----------------------------------------
2025-04-14 01:19:13 - INFO - 
Checking original code for all errors...
2025-04-14 01:23:43 - INFO - Original code contains 4 errors:
2025-04-14 01:23:43 - INFO - Error 1: line 9, type: no_goals_to_solve, message: no goals to be solved...
2025-04-14 01:23:43 - INFO - Error 2: line 14, type: no_goals_to_solve, message: no goals to be solved...
2025-04-14 01:23:43 - INFO - Error 3: line 27, type: type_mismatch, message: type mismatch
  h₁'
has type
  77 ∣ 5050 - x : Prop
but is expected to have type
  77 ∣ 45 - x : Pro...
2025-04-14 01:23:43 - INFO - Error 4: line 33, type: cases_failed, message: tactic 'cases' failed, nested error:
dependent elimination failed, failed to solve equation
  45 =
 ...
2025-04-14 01:23:43 - INFO - 
Starting multi-error continuous repair process...
2025-04-14 01:23:43 - INFO - 
===== Starting to fix all errors =====
2025-04-14 01:23:44 - INFO - 
Found 4 original errors:
2025-04-14 01:23:44 - INFO - Error 1: line 9, type: no_goals_to_solve, message: no goals to be solved...
2025-04-14 01:23:44 - INFO - Error 2: line 14, type: no_goals_to_solve, message: no goals to be solved...
2025-04-14 01:23:44 - INFO - Error 3: line 27, type: type_mismatch, message: type mismatch
  h₁'
has type
  77 ∣ 5050 - x : Prop
but is expected to have type
  77 ∣ 45 - x : Pro...
2025-04-14 01:23:44 - INFO - Error 4: line 33, type: cases_failed, message: tactic 'cases' failed, nested error:
dependent elimination failed, failed to solve equation
  45 =
 ...
2025-04-14 01:23:44 - INFO - 
Trying to fix error 1/4: line 9, type: no_goals_to_solve
2025-04-14 01:23:44 - INFO - Error message: no goals to be solved...
2025-04-14 01:23:44 - INFO - Removed header content, remaining 63 lines of code
2025-04-14 01:23:44 - INFO - Using specified target error line: 9
2025-04-14 01:23:45 - INFO - Found error at specified line: no goals to be solved
2025-04-14 01:23:45 - INFO - Error at line 9: no goals to be solved
2025-04-14 01:23:45 - INFO - 
==================================================
2025-04-14 01:23:45 - INFO - Code prepared, starting synthesis
2025-04-14 01:23:45 - INFO - Before part: /-- Cards are numbered from 1 to 100. One card is removed and the values on the other 99 are added. 
    The resulting sum is a multiple of 77. What number was on the card that was removed? 
    Show that it is 45.-/
theorem mathd_numbertheory_257 (x : ℕ) (h₀ : 1 ≤ x ∧ x ≤ 100)
    (h₁ : 77 ∣ (∑ k in Finset.range 101, k) - x) : x = 45 := by
  -- First, compute the sum of all numbers from 1 to 100 using the arithmetic series formula
  have sum_all : ∑ k in Finset.range 101, k = 100 * 101 / 2 := by
    rw [Finset.sum_range_id]  -- Convert range sum to closed form
2025-04-14 01:23:45 - INFO - Error line:     norm_num  -- Compute the numerical value
2025-04-14 01:23:45 - INFO - After part: -- Simplify the sum to its concrete value (5050)
  have sum_all_value : ∑ k in Finset.range 101, k = 5050 := by
    rw [sum_all]
    norm_num

  -- The problem states that 77 divides (total sum - x)
  -- Rewrite the divisibility condition using the concrete sum value
  have h₁' : 77 ∣ 5050 - x := by rwa [sum_all_value] at h₁

  -- We need to find x ∈ [1,100] such that 5050 - x ≡ 0 mod 77
  -- First compute 5050 mod 77
  have mod_calc : 5050 % 77 = 45 := by norm_num

  -- From 77 ∣ 5050 - x, we have x ≡ 5050 mod 77
  have x_mod : x ≡ 45 [MOD 77] := by
    rw [Nat.modEq_iff_dvd']
    exact h₁'
    rw [mod_calc]

  -- Since 1 ≤ x ≤ 100, and x ≡ 45 mod 77, the only possible value is x = 45
  -- Because the next congruent number would be 45 + 77 = 122 > 100
  -- And previous would be 45 - 77 = -32 < 1
  obtain ⟨k, hk⟩ := x_mod
  -- Substitute x = 77k + 45 into the bounds
  have k_bound : k = 0 := by
    -- Case analysis on possible k values
    cases' k with k
    · rfl  -- k = 0 is within bounds
    · cases' k with k
      · -- k = 1 gives x = 122 which is > 100
        exfalso
        rw [hk, mul_one, add_comm] at h₀
        simp at h₀
        linarith [h₀.2]
      · -- Any k ≥ 2 makes x too large
        exfalso
        rw [hk] at h₀
        have : 77 * (k + 2) + 45 ≥ 77 * 2 + 45 := by
          apply add_le_add_right
          apply Nat.mul_le_mul_left
          linarith
        linarith [h₀.2]
    · -- Negative k makes x too small
      exfalso
      rw [hk] at h₀
      have : 77 * (Int.negSucc k) + 45 ≤ -32 := by
        simp [mul_negSucc]
        linarith
      linarith [h₀.1]

  -- Therefore x must be exactly 45
  rw [hk, k_bound]
  simp
2025-04-14 01:23:45 - INFO - ==================================================

2025-04-14 01:23:46 - INFO - Testing fragment: rw [left_distrib]
2025-04-14 01:23:46 - INFO - Original error line:     norm_num  -- Compute the numerical value
2025-04-14 01:23:48 - INFO - Testing fix: Original errors: 4, Fixed errors: 4
2025-04-14 01:23:48 - INFO - Result: False (introduced 1 new errors)
2025-04-14 01:23:48 - DEBUG - === New errors detail ===
2025-04-14 01:23:48 - DEBUG - New Error 1: line 9, type: no_goals_to_solve, message: no goals to be solved
2025-04-14 01:23:48 - INFO - Testing fragment: rw [right_distrib]
2025-04-14 01:23:48 - INFO - Original error line:     norm_num  -- Compute the numerical value
2025-04-14 01:23:50 - INFO - Testing fix: Original errors: 4, Fixed errors: 4
2025-04-14 01:23:50 - INFO - Result: False (introduced 1 new errors)
2025-04-14 01:23:50 - DEBUG - === New errors detail ===
2025-04-14 01:23:50 - DEBUG - New Error 1: line 9, type: no_goals_to_solve, message: no goals to be solved
2025-04-14 01:23:50 - INFO - Testing fragment: rw [distrib_three_right]
2025-04-14 01:23:50 - INFO - Original error line:     norm_num  -- Compute the numerical value
2025-04-14 01:23:52 - INFO - Testing fix: Original errors: 4, Fixed errors: 4
2025-04-14 01:23:52 - INFO - Result: False (introduced 1 new errors)
2025-04-14 01:23:52 - DEBUG - === New errors detail ===
2025-04-14 01:23:52 - DEBUG - New Error 1: line 9, type: no_goals_to_solve, message: no goals to be solved
2025-04-14 01:23:52 - INFO - Testing fragment: rw [add_one_mul]
2025-04-14 01:23:52 - INFO - Original error line:     norm_num  -- Compute the numerical value
2025-04-14 01:23:54 - INFO - Testing fix: Original errors: 4, Fixed errors: 4
2025-04-14 01:23:54 - INFO - Result: False (introduced 1 new errors)
2025-04-14 01:23:54 - DEBUG - === New errors detail ===
2025-04-14 01:23:54 - DEBUG - New Error 1: line 9, type: no_goals_to_solve, message: no goals to be solved
2025-04-14 01:23:54 - INFO - Testing fragment: rw [mul_add_one]
2025-04-14 01:23:54 - INFO - Original error line:     norm_num  -- Compute the numerical value
2025-04-14 01:23:56 - INFO - Testing fix: Original errors: 4, Fixed errors: 4
2025-04-14 01:23:56 - INFO - Result: False (introduced 1 new errors)
2025-04-14 01:23:56 - DEBUG - === New errors detail ===
2025-04-14 01:23:56 - DEBUG - New Error 1: line 9, type: no_goals_to_solve, message: no goals to be solved
2025-04-14 01:23:56 - INFO - Testing fragment: rw [one_add_mul]
2025-04-14 01:23:56 - INFO - Original error line:     norm_num  -- Compute the numerical value
2025-04-14 01:23:58 - INFO - Testing fix: Original errors: 4, Fixed errors: 4
2025-04-14 01:23:58 - INFO - Result: False (introduced 1 new errors)
2025-04-14 01:23:58 - DEBUG - === New errors detail ===
2025-04-14 01:23:58 - DEBUG - New Error 1: line 9, type: no_goals_to_solve, message: no goals to be solved
2025-04-14 01:23:58 - INFO - Testing fragment: rw [mul_one_add]
2025-04-14 01:23:58 - INFO - Original error line:     norm_num  -- Compute the numerical value
2025-04-14 01:24:00 - INFO - Testing fix: Original errors: 4, Fixed errors: 4
2025-04-14 01:24:00 - INFO - Result: False (introduced 1 new errors)
2025-04-14 01:24:00 - DEBUG - === New errors detail ===
2025-04-14 01:24:00 - DEBUG - New Error 1: line 9, type: no_goals_to_solve, message: no goals to be solved
2025-04-14 01:24:00 - INFO - Testing fragment: rw [two_mul]
2025-04-14 01:24:00 - INFO - Original error line:     norm_num  -- Compute the numerical value
2025-04-14 01:24:02 - INFO - Testing fix: Original errors: 4, Fixed errors: 4
2025-04-14 01:24:02 - INFO - Result: False (introduced 1 new errors)
2025-04-14 01:24:02 - DEBUG - === New errors detail ===
2025-04-14 01:24:02 - DEBUG - New Error 1: line 9, type: no_goals_to_solve, message: no goals to be solved
2025-04-14 01:24:02 - INFO - Testing fragment: rw [mul_two]
2025-04-14 01:24:02 - INFO - Original error line:     norm_num  -- Compute the numerical value
2025-04-14 01:24:04 - INFO - Testing fix: Original errors: 4, Fixed errors: 4
2025-04-14 01:24:04 - INFO - Result: False (introduced 1 new errors)
2025-04-14 01:24:04 - DEBUG - === New errors detail ===
2025-04-14 01:24:04 - DEBUG - New Error 1: line 9, type: no_goals_to_solve, message: no goals to be solved
2025-04-14 01:24:04 - INFO - Testing fragment: rw [mul_boole]
2025-04-14 01:24:04 - INFO - Original error line:     norm_num  -- Compute the numerical value
2025-04-14 01:24:06 - INFO - Testing fix: Original errors: 4, Fixed errors: 4
2025-04-14 01:24:06 - INFO - Result: False (introduced 1 new errors)
2025-04-14 01:24:06 - DEBUG - === New errors detail ===
2025-04-14 01:24:06 - DEBUG - New Error 1: line 9, type: no_goals_to_solve, message: no goals to be solved
2025-04-14 01:24:06 - INFO - Testing fragment: rw [boole_mul]
2025-04-14 01:24:06 - INFO - Original error line:     norm_num  -- Compute the numerical value
2025-04-14 01:24:08 - INFO - Testing fix: Original errors: 4, Fixed errors: 4
2025-04-14 01:24:08 - INFO - Result: False (introduced 1 new errors)
2025-04-14 01:24:08 - DEBUG - === New errors detail ===
2025-04-14 01:24:08 - DEBUG - New Error 1: line 9, type: no_goals_to_solve, message: no goals to be solved
2025-04-14 01:24:08 - INFO - Testing fragment: rw [add_mul_self_eq]
2025-04-14 01:24:08 - INFO - Original error line:     norm_num  -- Compute the numerical value
2025-04-14 01:24:10 - INFO - Testing fix: Original errors: 4, Fixed errors: 4
2025-04-14 01:24:10 - INFO - Result: False (introduced 1 new errors)
2025-04-14 01:24:10 - DEBUG - === New errors detail ===
2025-04-14 01:24:10 - DEBUG - New Error 1: line 9, type: no_goals_to_solve, message: no goals to be solved
2025-04-14 01:24:10 - INFO - Testing fragment: rw [neg_mul]
2025-04-14 01:24:10 - INFO - Original error line:     norm_num  -- Compute the numerical value
2025-04-14 01:24:12 - INFO - Testing fix: Original errors: 4, Fixed errors: 4
2025-04-14 01:24:12 - INFO - Result: False (introduced 1 new errors)
2025-04-14 01:24:12 - DEBUG - === New errors detail ===
2025-04-14 01:24:12 - DEBUG - New Error 1: line 9, type: no_goals_to_solve, message: no goals to be solved
2025-04-14 01:24:12 - INFO - Testing fragment: rw [mul_neg]
2025-04-14 01:24:12 - INFO - Original error line:     norm_num  -- Compute the numerical value
2025-04-14 01:24:14 - INFO - Testing fix: Original errors: 4, Fixed errors: 4
2025-04-14 01:24:14 - INFO - Result: False (introduced 1 new errors)
2025-04-14 01:24:14 - DEBUG - === New errors detail ===
2025-04-14 01:24:14 - DEBUG - New Error 1: line 9, type: no_goals_to_solve, message: no goals to be solved
2025-04-14 01:24:14 - INFO - Testing fragment: rw [neg_mul_neg]
2025-04-14 01:24:14 - INFO - Original error line:     norm_num  -- Compute the numerical value
2025-04-14 01:24:16 - INFO - Testing fix: Original errors: 4, Fixed errors: 4
2025-04-14 01:24:16 - INFO - Result: False (introduced 1 new errors)
2025-04-14 01:24:16 - DEBUG - === New errors detail ===
2025-04-14 01:24:16 - DEBUG - New Error 1: line 9, type: no_goals_to_solve, message: no goals to be solved
2025-04-14 01:24:16 - INFO - Testing fragment: rw [neg_mul_eq_neg_mul]
2025-04-14 01:24:16 - INFO - Original error line:     norm_num  -- Compute the numerical value
2025-04-14 01:24:18 - INFO - Testing fix: Original errors: 4, Fixed errors: 4
2025-04-14 01:24:18 - INFO - Result: False (introduced 1 new errors)
2025-04-14 01:24:18 - DEBUG - === New errors detail ===
2025-04-14 01:24:18 - DEBUG - New Error 1: line 9, type: no_goals_to_solve, message: no goals to be solved
2025-04-14 01:24:18 - INFO - Testing fragment: rw [neg_mul_eq_mul_neg]
2025-04-14 01:24:18 - INFO - Original error line:     norm_num  -- Compute the numerical value
2025-04-14 01:24:20 - INFO - Testing fix: Original errors: 4, Fixed errors: 4
2025-04-14 01:24:20 - INFO - Result: False (introduced 1 new errors)
2025-04-14 01:24:20 - DEBUG - === New errors detail ===
2025-04-14 01:24:20 - DEBUG - New Error 1: line 9, type: no_goals_to_solve, message: no goals to be solved
2025-04-14 01:24:20 - INFO - Testing fragment: rw [neg_mul_comm]
2025-04-14 01:24:20 - INFO - Original error line:     norm_num  -- Compute the numerical value
2025-04-14 01:24:22 - INFO - Testing fix: Original errors: 4, Fixed errors: 4
2025-04-14 01:24:22 - INFO - Result: False (introduced 1 new errors)
2025-04-14 01:24:22 - DEBUG - === New errors detail ===
2025-04-14 01:24:22 - DEBUG - New Error 1: line 9, type: no_goals_to_solve, message: no goals to be solved
2025-04-14 01:24:22 - INFO - Testing fragment: rw [neg_eq_neg_one_mul]
2025-04-14 01:24:22 - INFO - Original error line:     norm_num  -- Compute the numerical value
2025-04-14 01:24:24 - INFO - Testing fix: Original errors: 4, Fixed errors: 4
2025-04-14 01:24:24 - INFO - Result: False (introduced 1 new errors)
2025-04-14 01:24:24 - DEBUG - === New errors detail ===
2025-04-14 01:24:24 - DEBUG - New Error 1: line 9, type: no_goals_to_solve, message: no goals to be solved
2025-04-14 01:24:24 - INFO - Testing fragment: rw [mul_neg_one]
2025-04-14 01:24:24 - INFO - Original error line:     norm_num  -- Compute the numerical value
2025-04-14 01:24:26 - INFO - Testing fix: Original errors: 4, Fixed errors: 4
2025-04-14 01:24:26 - INFO - Result: False (introduced 1 new errors)
2025-04-14 01:24:26 - DEBUG - === New errors detail ===
2025-04-14 01:24:26 - DEBUG - New Error 1: line 9, type: no_goals_to_solve, message: no goals to be solved
2025-04-14 01:24:26 - INFO - Testing fragment: rw [neg_one_mul]
2025-04-14 01:24:26 - INFO - Original error line:     norm_num  -- Compute the numerical value
2025-04-14 01:24:28 - INFO - Testing fix: Original errors: 4, Fixed errors: 4
2025-04-14 01:24:28 - INFO - Result: False (introduced 1 new errors)
2025-04-14 01:24:28 - DEBUG - === New errors detail ===
2025-04-14 01:24:28 - DEBUG - New Error 1: line 9, type: no_goals_to_solve, message: no goals to be solved
2025-04-14 01:24:28 - INFO - Testing fragment: rw [mul_sub_left_distrib]
2025-04-14 01:24:28 - INFO - Original error line:     norm_num  -- Compute the numerical value
2025-04-14 01:24:30 - INFO - Testing fix: Original errors: 4, Fixed errors: 4
2025-04-14 01:24:30 - INFO - Result: False (introduced 1 new errors)
2025-04-14 01:24:30 - DEBUG - === New errors detail ===
2025-04-14 01:24:30 - DEBUG - New Error 1: line 9, type: no_goals_to_solve, message: no goals to be solved
2025-04-14 01:24:30 - INFO - Testing fragment: rw [mul_sub_right_distrib]
2025-04-14 01:24:30 - INFO - Original error line:     norm_num  -- Compute the numerical value
2025-04-14 01:24:32 - INFO - Testing fix: Original errors: 4, Fixed errors: 4
2025-04-14 01:24:32 - INFO - Result: False (introduced 1 new errors)
2025-04-14 01:24:32 - DEBUG - === New errors detail ===
2025-04-14 01:24:32 - DEBUG - New Error 1: line 9, type: no_goals_to_solve, message: no goals to be solved
2025-04-14 01:24:32 - INFO - Testing fragment: rw [sub_one_mul]
2025-04-14 01:24:32 - INFO - Original error line:     norm_num  -- Compute the numerical value
2025-04-14 01:24:34 - INFO - Testing fix: Original errors: 4, Fixed errors: 4
2025-04-14 01:24:34 - INFO - Result: False (introduced 1 new errors)
2025-04-14 01:24:34 - DEBUG - === New errors detail ===
2025-04-14 01:24:34 - DEBUG - New Error 1: line 9, type: no_goals_to_solve, message: no goals to be solved
2025-04-14 01:24:34 - INFO - Testing fragment: rw [mul_sub_one]
2025-04-14 01:24:34 - INFO - Original error line:     norm_num  -- Compute the numerical value
2025-04-14 01:24:36 - INFO - Testing fix: Original errors: 4, Fixed errors: 4
2025-04-14 01:24:36 - INFO - Result: False (introduced 1 new errors)
2025-04-14 01:24:36 - DEBUG - === New errors detail ===
2025-04-14 01:24:36 - DEBUG - New Error 1: line 9, type: no_goals_to_solve, message: no goals to be solved
2025-04-14 01:24:36 - INFO - Testing fragment: rw [one_sub_mul]
2025-04-14 01:24:36 - INFO - Original error line:     norm_num  -- Compute the numerical value
2025-04-14 01:24:38 - INFO - Testing fix: Original errors: 4, Fixed errors: 4
2025-04-14 01:24:38 - INFO - Result: False (introduced 1 new errors)
2025-04-14 01:24:38 - DEBUG - === New errors detail ===
2025-04-14 01:24:38 - DEBUG - New Error 1: line 9, type: no_goals_to_solve, message: no goals to be solved
2025-04-14 01:24:38 - INFO - Testing fragment: rw [mul_one_sub]
2025-04-14 01:24:38 - INFO - Original error line:     norm_num  -- Compute the numerical value
2025-04-14 01:24:40 - INFO - Testing fix: Original errors: 4, Fixed errors: 4
2025-04-14 01:24:40 - INFO - Result: False (introduced 1 new errors)
2025-04-14 01:24:40 - DEBUG - === New errors detail ===
2025-04-14 01:24:40 - DEBUG - New Error 1: line 9, type: no_goals_to_solve, message: no goals to be solved
2025-04-14 01:24:40 - INFO - Testing fragment: rw [mul_left_cancel]
2025-04-14 01:24:40 - INFO - Original error line:     norm_num  -- Compute the numerical value
2025-04-14 01:24:42 - INFO - Testing fix: Original errors: 4, Fixed errors: 4
2025-04-14 01:24:42 - INFO - Result: False (introduced 1 new errors)
2025-04-14 01:24:42 - DEBUG - === New errors detail ===
2025-04-14 01:24:42 - DEBUG - New Error 1: line 9, type: no_goals_to_solve, message: no goals to be solved
2025-04-14 01:24:42 - INFO - Testing fragment: rw [mul_left_cancel_iff]
2025-04-14 01:24:42 - INFO - Original error line:     norm_num  -- Compute the numerical value
2025-04-14 01:24:44 - INFO - Testing fix: Original errors: 4, Fixed errors: 4
2025-04-14 01:24:44 - INFO - Result: False (introduced 1 new errors)
2025-04-14 01:24:44 - DEBUG - === New errors detail ===
2025-04-14 01:24:44 - DEBUG - New Error 1: line 9, type: no_goals_to_solve, message: no goals to be solved
2025-04-14 01:24:44 - INFO - Testing fragment: rw [mul_right_injective]
2025-04-14 01:24:44 - INFO - Original error line:     norm_num  -- Compute the numerical value
2025-04-14 01:24:46 - INFO - Testing fix: Original errors: 4, Fixed errors: 4
2025-04-14 01:24:46 - INFO - Result: False (introduced 1 new errors)
2025-04-14 01:24:46 - DEBUG - === New errors detail ===
2025-04-14 01:24:46 - DEBUG - New Error 1: line 9, type: no_goals_to_solve, message: no goals to be solved
2025-04-14 01:24:46 - INFO - Testing fragment: rw [mul_right_inj]
2025-04-14 01:24:46 - INFO - Original error line:     norm_num  -- Compute the numerical value
2025-04-14 01:24:48 - INFO - Testing fix: Original errors: 4, Fixed errors: 4
2025-04-14 01:24:48 - INFO - Result: False (introduced 1 new errors)
2025-04-14 01:24:48 - DEBUG - === New errors detail ===
2025-04-14 01:24:48 - DEBUG - New Error 1: line 9, type: no_goals_to_solve, message: no goals to be solved
2025-04-14 01:24:48 - INFO - Testing fragment: rw [mul_ne_mul_right]
2025-04-14 01:24:48 - INFO - Original error line:     norm_num  -- Compute the numerical value
2025-04-14 01:24:50 - INFO - Testing fix: Original errors: 4, Fixed errors: 4
2025-04-14 01:24:50 - INFO - Result: False (introduced 1 new errors)
2025-04-14 01:24:50 - DEBUG - === New errors detail ===
2025-04-14 01:24:50 - DEBUG - New Error 1: line 9, type: no_goals_to_solve, message: no goals to be solved
2025-04-14 01:24:50 - INFO - Testing fragment: rw [mul_right_cancel]
2025-04-14 01:24:50 - INFO - Original error line:     norm_num  -- Compute the numerical value
2025-04-14 01:24:52 - INFO - Testing fix: Original errors: 4, Fixed errors: 4
2025-04-14 01:24:52 - INFO - Result: False (introduced 1 new errors)
2025-04-14 01:24:52 - DEBUG - === New errors detail ===
2025-04-14 01:24:52 - DEBUG - New Error 1: line 9, type: no_goals_to_solve, message: no goals to be solved
2025-04-14 01:24:52 - INFO - Testing fragment: rw [mul_right_cancel_iff]
2025-04-14 01:24:52 - INFO - Original error line:     norm_num  -- Compute the numerical value
2025-04-14 01:24:54 - INFO - Testing fix: Original errors: 4, Fixed errors: 4
2025-04-14 01:24:54 - INFO - Result: False (introduced 1 new errors)
2025-04-14 01:24:54 - DEBUG - === New errors detail ===
2025-04-14 01:24:54 - DEBUG - New Error 1: line 9, type: no_goals_to_solve, message: no goals to be solved
2025-04-14 01:24:54 - INFO - Testing fragment: rw [mul_left_injective]
2025-04-14 01:24:54 - INFO - Original error line:     norm_num  -- Compute the numerical value
2025-04-14 01:24:56 - INFO - Testing fix: Original errors: 4, Fixed errors: 4
2025-04-14 01:24:56 - INFO - Result: False (introduced 1 new errors)
2025-04-14 01:24:56 - DEBUG - === New errors detail ===
2025-04-14 01:24:56 - DEBUG - New Error 1: line 9, type: no_goals_to_solve, message: no goals to be solved
2025-04-14 01:24:56 - INFO - Testing fragment: rw [mul_left_inj]
2025-04-14 01:24:56 - INFO - Original error line:     norm_num  -- Compute the numerical value
2025-04-14 01:24:58 - INFO - Testing fix: Original errors: 4, Fixed errors: 4
2025-04-14 01:24:58 - INFO - Result: False (introduced 1 new errors)
2025-04-14 01:24:58 - DEBUG - === New errors detail ===
2025-04-14 01:24:58 - DEBUG - New Error 1: line 9, type: no_goals_to_solve, message: no goals to be solved
2025-04-14 01:24:58 - INFO - Testing fragment: rw [mul_ne_mul_left]
2025-04-14 01:24:58 - INFO - Original error line:     norm_num  -- Compute the numerical value
2025-04-14 01:25:00 - INFO - Testing fix: Original errors: 4, Fixed errors: 4
2025-04-14 01:25:00 - INFO - Result: False (introduced 1 new errors)
2025-04-14 01:25:00 - DEBUG - === New errors detail ===
2025-04-14 01:25:00 - DEBUG - New Error 1: line 9, type: no_goals_to_solve, message: no goals to be solved
2025-04-14 01:25:00 - INFO - Testing fragment: rw [mul_assoc]
2025-04-14 01:25:00 - INFO - Original error line:     norm_num  -- Compute the numerical value
2025-04-14 01:25:02 - INFO - Testing fix: Original errors: 4, Fixed errors: 4
2025-04-14 01:25:02 - INFO - Result: False (introduced 1 new errors)
2025-04-14 01:25:02 - DEBUG - === New errors detail ===
2025-04-14 01:25:02 - DEBUG - New Error 1: line 9, type: no_goals_to_solve, message: no goals to be solved
2025-04-14 01:25:02 - INFO - Testing fragment: rw [mul_comm]
2025-04-14 01:25:02 - INFO - Original error line:     norm_num  -- Compute the numerical value
2025-04-14 01:25:04 - INFO - Testing fix: Original errors: 4, Fixed errors: 4
2025-04-14 01:25:04 - INFO - Result: False (introduced 1 new errors)
2025-04-14 01:25:04 - DEBUG - === New errors detail ===
2025-04-14 01:25:04 - DEBUG - New Error 1: line 9, type: no_goals_to_solve, message: no goals to be solved
2025-04-14 01:25:04 - INFO - Testing fragment: rw [MulOneClass]
2025-04-14 01:25:04 - INFO - Original error line:     norm_num  -- Compute the numerical value
2025-04-14 01:25:06 - INFO - Testing fix: Original errors: 4, Fixed errors: 4
2025-04-14 01:25:06 - INFO - Result: False (introduced 1 new errors)
2025-04-14 01:25:06 - DEBUG - === New errors detail ===
2025-04-14 01:25:06 - DEBUG - New Error 1: line 9, type: no_goals_to_solve, message: no goals to be solved
2025-04-14 01:25:06 - INFO - Testing fragment: rw [one_mul]
2025-04-14 01:25:06 - INFO - Original error line:     norm_num  -- Compute the numerical value
2025-04-14 01:25:08 - INFO - Testing fix: Original errors: 4, Fixed errors: 4
2025-04-14 01:25:08 - INFO - Result: False (introduced 1 new errors)
2025-04-14 01:25:08 - DEBUG - === New errors detail ===
2025-04-14 01:25:08 - DEBUG - New Error 1: line 9, type: no_goals_to_solve, message: no goals to be solved
2025-04-14 01:25:08 - INFO - Testing fragment: rw [mul_one]
2025-04-14 01:25:08 - INFO - Original error line:     norm_num  -- Compute the numerical value
2025-04-14 01:25:10 - INFO - Testing fix: Original errors: 4, Fixed errors: 4
2025-04-14 01:25:10 - INFO - Result: False (introduced 1 new errors)
2025-04-14 01:25:10 - DEBUG - === New errors detail ===
2025-04-14 01:25:10 - DEBUG - New Error 1: line 9, type: no_goals_to_solve, message: no goals to be solved
2025-04-14 01:25:10 - INFO - Testing fragment: rw [npowRec_add]
2025-04-14 01:25:10 - INFO - Original error line:     norm_num  -- Compute the numerical value
2025-04-14 01:25:12 - INFO - Testing fix: Original errors: 4, Fixed errors: 4
2025-04-14 01:25:12 - INFO - Result: False (introduced 1 new errors)
2025-04-14 01:25:12 - DEBUG - === New errors detail ===
2025-04-14 01:25:12 - DEBUG - New Error 1: line 9, type: no_goals_to_solve, message: no goals to be solved
2025-04-14 01:25:12 - INFO - Testing fragment: rw [npowRec_succ]
2025-04-14 01:25:12 - INFO - Original error line:     norm_num  -- Compute the numerical value
2025-04-14 01:25:14 - INFO - Testing fix: Original errors: 4, Fixed errors: 4
2025-04-14 01:25:14 - INFO - Result: False (introduced 1 new errors)
2025-04-14 01:25:14 - DEBUG - === New errors detail ===
2025-04-14 01:25:14 - DEBUG - New Error 1: line 9, type: no_goals_to_solve, message: no goals to be solved
2025-04-14 01:25:14 - INFO - Testing fragment: rw [npowRec'_succ]
2025-04-14 01:25:14 - INFO - Original error line:     norm_num  -- Compute the numerical value
2025-04-14 01:25:16 - INFO - Testing fix: Original errors: 4, Fixed errors: 4
2025-04-14 01:25:16 - INFO - Result: False (introduced 1 new errors)
2025-04-14 01:25:16 - DEBUG - === New errors detail ===
2025-04-14 01:25:16 - DEBUG - New Error 1: line 9, type: no_goals_to_solve, message: no goals to be solved
2025-04-14 01:25:16 - INFO - Testing fragment: rw [npowRec'_two_mul]
2025-04-14 01:25:16 - INFO - Original error line:     norm_num  -- Compute the numerical value
2025-04-14 01:25:18 - INFO - Testing fix: Original errors: 4, Fixed errors: 4
2025-04-14 01:25:18 - INFO - Result: False (introduced 1 new errors)
2025-04-14 01:25:18 - DEBUG - === New errors detail ===
2025-04-14 01:25:18 - DEBUG - New Error 1: line 9, type: no_goals_to_solve, message: no goals to be solved
2025-04-14 01:25:18 - INFO - Testing fragment: rw [npowRec'_mul_comm]
2025-04-14 01:25:18 - INFO - Original error line:     norm_num  -- Compute the numerical value
2025-04-14 01:25:20 - INFO - Testing fix: Original errors: 4, Fixed errors: 4
2025-04-14 01:25:20 - INFO - Result: False (introduced 1 new errors)
2025-04-14 01:25:20 - DEBUG - === New errors detail ===
2025-04-14 01:25:20 - DEBUG - New Error 1: line 9, type: no_goals_to_solve, message: no goals to be solved
2025-04-14 01:25:20 - INFO - Testing fragment: rw [npowRec_eq]
2025-04-14 01:25:20 - INFO - Original error line:     norm_num  -- Compute the numerical value
2025-04-14 01:25:22 - INFO - Testing fix: Original errors: 4, Fixed errors: 4
2025-04-14 01:25:22 - INFO - Result: False (introduced 1 new errors)
2025-04-14 01:25:22 - DEBUG - === New errors detail ===
2025-04-14 01:25:22 - DEBUG - New Error 1: line 9, type: no_goals_to_solve, message: no goals to be solved
2025-04-14 01:25:22 - INFO - Testing fragment: rw [npowBinRec]
2025-04-14 01:25:22 - INFO - Original error line:     norm_num  -- Compute the numerical value
2025-04-14 01:25:24 - INFO - Testing fix: Original errors: 4, Fixed errors: 4
2025-04-14 01:25:24 - INFO - Result: False (introduced 1 new errors)
2025-04-14 01:25:24 - DEBUG - === New errors detail ===
2025-04-14 01:25:24 - DEBUG - New Error 1: line 9, type: no_goals_to_solve, message: no goals to be solved
2025-04-14 01:25:24 - INFO - Testing fragment: rw [npowRec_eq_npowBinRec]
2025-04-14 01:25:24 - INFO - Original error line:     norm_num  -- Compute the numerical value
2025-04-14 01:25:26 - INFO - Testing fix: Original errors: 4, Fixed errors: 4
2025-04-14 01:25:26 - INFO - Result: False (introduced 1 new errors)
2025-04-14 01:25:26 - DEBUG - === New errors detail ===
2025-04-14 01:25:26 - DEBUG - New Error 1: line 9, type: no_goals_to_solve, message: no goals to be solved
2025-04-14 01:25:26 - INFO - Testing fragment: rw [npow_eq_pow]
2025-04-14 01:25:26 - INFO - Original error line:     norm_num  -- Compute the numerical value
2025-04-14 01:25:28 - INFO - Testing fix: Original errors: 4, Fixed errors: 4
2025-04-14 01:25:28 - INFO - Result: False (introduced 1 new errors)
2025-04-14 01:25:28 - DEBUG - === New errors detail ===
2025-04-14 01:25:28 - DEBUG - New Error 1: line 9, type: no_goals_to_solve, message: no goals to be solved
2025-04-14 01:25:28 - INFO - Testing fragment: rw [pow_zero]
2025-04-14 01:25:28 - INFO - Original error line:     norm_num  -- Compute the numerical value
2025-04-14 01:25:30 - INFO - Testing fix: Original errors: 4, Fixed errors: 4
2025-04-14 01:25:30 - INFO - Result: False (introduced 1 new errors)
2025-04-14 01:25:30 - DEBUG - === New errors detail ===
2025-04-14 01:25:30 - DEBUG - New Error 1: line 9, type: no_goals_to_solve, message: no goals to be solved
2025-04-14 01:25:30 - INFO - Testing fragment: rw [pow_succ]
2025-04-14 01:25:30 - INFO - Original error line:     norm_num  -- Compute the numerical value
2025-04-14 01:25:32 - INFO - Testing fix: Original errors: 4, Fixed errors: 4
2025-04-14 01:25:32 - INFO - Result: False (introduced 1 new errors)
2025-04-14 01:25:32 - DEBUG - === New errors detail ===
2025-04-14 01:25:32 - DEBUG - New Error 1: line 9, type: no_goals_to_solve, message: no goals to be solved
2025-04-14 01:25:32 - INFO - Testing fragment: rw [inv_inv]
2025-04-14 01:25:32 - INFO - Original error line:     norm_num  -- Compute the numerical value
2025-04-14 01:25:34 - INFO - Testing fix: Original errors: 4, Fixed errors: 4
2025-04-14 01:25:34 - INFO - Result: False (introduced 1 new errors)
2025-04-14 01:25:34 - DEBUG - === New errors detail ===
2025-04-14 01:25:34 - DEBUG - New Error 1: line 9, type: no_goals_to_solve, message: no goals to be solved
2025-04-14 01:25:34 - INFO - Testing fragment: rw [exists_zpow_surjective]
2025-04-14 01:25:34 - INFO - Original error line:     norm_num  -- Compute the numerical value
2025-04-14 01:25:36 - INFO - Testing fix: Original errors: 4, Fixed errors: 4
2025-04-14 01:25:36 - INFO - Result: False (introduced 1 new errors)
2025-04-14 01:25:36 - DEBUG - === New errors detail ===
2025-04-14 01:25:36 - DEBUG - New Error 1: line 9, type: no_goals_to_solve, message: no goals to be solved
2025-04-14 01:25:36 - INFO - Testing fragment: rw [zpow_eq_pow]
2025-04-14 01:25:36 - INFO - Original error line:     norm_num  -- Compute the numerical value
2025-04-14 01:25:38 - INFO - Testing fix: Original errors: 4, Fixed errors: 4
2025-04-14 01:25:38 - INFO - Result: False (introduced 1 new errors)
2025-04-14 01:25:38 - DEBUG - === New errors detail ===
2025-04-14 01:25:38 - DEBUG - New Error 1: line 9, type: no_goals_to_solve, message: no goals to be solved
2025-04-14 01:25:38 - INFO - Testing fragment: rw [zpow_zero]
2025-04-14 01:25:38 - INFO - Original error line:     norm_num  -- Compute the numerical value
2025-04-14 01:25:40 - INFO - Testing fix: Original errors: 4, Fixed errors: 4
2025-04-14 01:25:40 - INFO - Result: False (introduced 1 new errors)
2025-04-14 01:25:40 - DEBUG - === New errors detail ===
2025-04-14 01:25:40 - DEBUG - New Error 1: line 9, type: no_goals_to_solve, message: no goals to be solved
2025-04-14 01:25:40 - INFO - Testing fragment: rw [zpow_natCast]
2025-04-14 01:25:40 - INFO - Original error line:     norm_num  -- Compute the numerical value
2025-04-14 01:25:42 - INFO - Testing fix: Original errors: 4, Fixed errors: 4
2025-04-14 01:25:42 - INFO - Result: False (introduced 1 new errors)
2025-04-14 01:25:42 - DEBUG - === New errors detail ===
2025-04-14 01:25:42 - DEBUG - New Error 1: line 9, type: no_goals_to_solve, message: no goals to be solved
2025-04-14 01:25:42 - INFO - Testing fragment: rw [zpow_negSucc]
2025-04-14 01:25:42 - INFO - Original error line:     norm_num  -- Compute the numerical value
2025-04-14 01:25:44 - INFO - Testing fix: Original errors: 4, Fixed errors: 4
2025-04-14 01:25:44 - INFO - Result: False (introduced 1 new errors)
2025-04-14 01:25:44 - DEBUG - === New errors detail ===
2025-04-14 01:25:44 - DEBUG - New Error 1: line 9, type: no_goals_to_solve, message: no goals to be solved
2025-04-14 01:25:44 - INFO - Testing fragment: rw [negSucc_zsmul]
2025-04-14 01:25:44 - INFO - Original error line:     norm_num  -- Compute the numerical value
2025-04-14 01:25:46 - INFO - Testing fix: Original errors: 4, Fixed errors: 4
2025-04-14 01:25:46 - INFO - Result: False (introduced 1 new errors)
2025-04-14 01:25:46 - DEBUG - === New errors detail ===
2025-04-14 01:25:46 - DEBUG - New Error 1: line 9, type: no_goals_to_solve, message: no goals to be solved
2025-04-14 01:25:46 - INFO - Testing fragment: rw [div_eq_mul_inv]
2025-04-14 01:25:46 - INFO - Original error line:     norm_num  -- Compute the numerical value
2025-04-14 01:25:48 - INFO - Testing fix: Original errors: 4, Fixed errors: 4
2025-04-14 01:25:48 - INFO - Result: False (introduced 1 new errors)
2025-04-14 01:25:48 - DEBUG - === New errors detail ===
2025-04-14 01:25:48 - DEBUG - New Error 1: line 9, type: no_goals_to_solve, message: no goals to be solved
2025-04-14 01:25:48 - INFO - Testing fragment: rw [inv_eq_one_div]
2025-04-14 01:25:48 - INFO - Original error line:     norm_num  -- Compute the numerical value
2025-04-14 01:25:50 - INFO - Testing fix: Original errors: 4, Fixed errors: 4
2025-04-14 01:25:50 - INFO - Result: False (introduced 1 new errors)
2025-04-14 01:25:50 - DEBUG - === New errors detail ===
2025-04-14 01:25:50 - DEBUG - New Error 1: line 9, type: no_goals_to_solve, message: no goals to be solved
2025-04-14 01:25:50 - INFO - Testing fragment: rw [mul_div_assoc]
2025-04-14 01:25:50 - INFO - Original error line:     norm_num  -- Compute the numerical value
2025-04-14 01:25:52 - INFO - Testing fix: Original errors: 4, Fixed errors: 4
2025-04-14 01:25:52 - INFO - Result: False (introduced 1 new errors)
2025-04-14 01:25:52 - DEBUG - === New errors detail ===
2025-04-14 01:25:52 - DEBUG - New Error 1: line 9, type: no_goals_to_solve, message: no goals to be solved
2025-04-14 01:25:52 - INFO - Testing fragment: rw [one_div]
2025-04-14 01:25:52 - INFO - Original error line:     norm_num  -- Compute the numerical value
2025-04-14 01:25:54 - INFO - Testing fix: Original errors: 4, Fixed errors: 4
2025-04-14 01:25:54 - INFO - Result: False (introduced 1 new errors)
2025-04-14 01:25:54 - DEBUG - === New errors detail ===
2025-04-14 01:25:54 - DEBUG - New Error 1: line 9, type: no_goals_to_solve, message: no goals to be solved
2025-04-14 01:25:54 - INFO - Testing fragment: rw [inv_one]
2025-04-14 01:25:54 - INFO - Original error line:     norm_num  -- Compute the numerical value
2025-04-14 01:25:56 - INFO - Testing fix: Original errors: 4, Fixed errors: 4
2025-04-14 01:25:56 - INFO - Result: False (introduced 1 new errors)
2025-04-14 01:25:56 - DEBUG - === New errors detail ===
2025-04-14 01:25:56 - DEBUG - New Error 1: line 9, type: no_goals_to_solve, message: no goals to be solved
2025-04-14 01:25:56 - INFO - Testing fragment: rw [mul_inv_rev]
2025-04-14 01:25:56 - INFO - Original error line:     norm_num  -- Compute the numerical value
2025-04-14 01:25:58 - INFO - Testing fix: Original errors: 4, Fixed errors: 4
2025-04-14 01:25:58 - INFO - Result: False (introduced 1 new errors)
2025-04-14 01:25:58 - DEBUG - === New errors detail ===
2025-04-14 01:25:58 - DEBUG - New Error 1: line 9, type: no_goals_to_solve, message: no goals to be solved
2025-04-14 01:25:58 - INFO - Testing fragment: rw [inv_eq_of_mul_eq_one_right]
2025-04-14 01:25:58 - INFO - Original error line:     norm_num  -- Compute the numerical value
2025-04-14 01:26:00 - INFO - Testing fix: Original errors: 4, Fixed errors: 4
2025-04-14 01:26:00 - INFO - Result: False (introduced 1 new errors)
2025-04-14 01:26:00 - DEBUG - === New errors detail ===
2025-04-14 01:26:00 - DEBUG - New Error 1: line 9, type: no_goals_to_solve, message: no goals to be solved
2025-04-14 01:26:00 - INFO - Testing fragment: rw [inv_eq_of_mul_eq_one_left]
2025-04-14 01:26:00 - INFO - Original error line:     norm_num  -- Compute the numerical value
2025-04-14 01:26:02 - INFO - Testing fix: Original errors: 4, Fixed errors: 4
2025-04-14 01:26:02 - INFO - Result: False (introduced 1 new errors)
2025-04-14 01:26:02 - DEBUG - === New errors detail ===
2025-04-14 01:26:02 - DEBUG - New Error 1: line 9, type: no_goals_to_solve, message: no goals to be solved
2025-04-14 01:26:02 - INFO - Testing fragment: rw [eq_inv_of_mul_eq_one_left]
2025-04-14 01:26:02 - INFO - Original error line:     norm_num  -- Compute the numerical value
2025-04-14 01:26:04 - INFO - Testing fix: Original errors: 4, Fixed errors: 4
2025-04-14 01:26:04 - INFO - Result: False (introduced 1 new errors)
2025-04-14 01:26:04 - DEBUG - === New errors detail ===
2025-04-14 01:26:04 - DEBUG - New Error 1: line 9, type: no_goals_to_solve, message: no goals to be solved
2025-04-14 01:26:04 - INFO - Testing fragment: rw [inv_mul_cancel]
2025-04-14 01:26:04 - INFO - Original error line:     norm_num  -- Compute the numerical value
2025-04-14 01:26:06 - INFO - Testing fix: Original errors: 4, Fixed errors: 4
2025-04-14 01:26:06 - INFO - Result: False (introduced 1 new errors)
2025-04-14 01:26:06 - DEBUG - === New errors detail ===
2025-04-14 01:26:06 - DEBUG - New Error 1: line 9, type: no_goals_to_solve, message: no goals to be solved
2025-04-14 01:26:06 - INFO - Testing fragment: rw [inv_eq_of_mul]
2025-04-14 01:26:06 - INFO - Original error line:     norm_num  -- Compute the numerical value
2025-04-14 01:26:08 - INFO - Testing fix: Original errors: 4, Fixed errors: 4
2025-04-14 01:26:08 - INFO - Result: False (introduced 1 new errors)
2025-04-14 01:26:08 - DEBUG - === New errors detail ===
2025-04-14 01:26:08 - DEBUG - New Error 1: line 9, type: no_goals_to_solve, message: no goals to be solved
2025-04-14 01:26:08 - INFO - Testing fragment: rw [mul_inv_cancel]
2025-04-14 01:26:08 - INFO - Original error line:     norm_num  -- Compute the numerical value
2025-04-14 01:26:10 - INFO - Testing fix: Original errors: 4, Fixed errors: 4
2025-04-14 01:26:10 - INFO - Result: False (introduced 1 new errors)
2025-04-14 01:26:10 - DEBUG - === New errors detail ===
2025-04-14 01:26:10 - DEBUG - New Error 1: line 9, type: no_goals_to_solve, message: no goals to be solved
2025-04-14 01:26:10 - INFO - Testing fragment: rw [div_self']
2025-04-14 01:26:10 - INFO - Original error line:     norm_num  -- Compute the numerical value
2025-04-14 01:26:12 - INFO - Testing fix: Original errors: 4, Fixed errors: 4
2025-04-14 01:26:12 - INFO - Result: False (introduced 1 new errors)
2025-04-14 01:26:12 - DEBUG - === New errors detail ===
2025-04-14 01:26:12 - DEBUG - New Error 1: line 9, type: no_goals_to_solve, message: no goals to be solved
2025-04-14 01:26:12 - INFO - Testing fragment: rw [inv_mul_cancel_left]
2025-04-14 01:26:12 - INFO - Original error line:     norm_num  -- Compute the numerical value
2025-04-14 01:26:14 - INFO - Testing fix: Original errors: 4, Fixed errors: 4
2025-04-14 01:26:14 - INFO - Result: False (introduced 1 new errors)
2025-04-14 01:26:14 - DEBUG - === New errors detail ===
2025-04-14 01:26:14 - DEBUG - New Error 1: line 9, type: no_goals_to_solve, message: no goals to be solved
2025-04-14 01:26:14 - INFO - Testing fragment: rw [mul_inv_cancel_left]
2025-04-14 01:26:14 - INFO - Original error line:     norm_num  -- Compute the numerical value
2025-04-14 01:26:16 - INFO - Testing fix: Original errors: 4, Fixed errors: 4
2025-04-14 01:26:16 - INFO - Result: False (introduced 1 new errors)
2025-04-14 01:26:16 - DEBUG - === New errors detail ===
2025-04-14 01:26:16 - DEBUG - New Error 1: line 9, type: no_goals_to_solve, message: no goals to be solved
2025-04-14 01:26:16 - INFO - Testing fragment: rw [mul_inv_cancel_right]
2025-04-14 01:26:16 - INFO - Original error line:     norm_num  -- Compute the numerical value
2025-04-14 01:26:18 - INFO - Testing fix: Original errors: 4, Fixed errors: 4
2025-04-14 01:26:18 - INFO - Result: False (introduced 1 new errors)
2025-04-14 01:26:18 - DEBUG - === New errors detail ===
2025-04-14 01:26:18 - DEBUG - New Error 1: line 9, type: no_goals_to_solve, message: no goals to be solved
2025-04-14 01:26:18 - INFO - Testing fragment: rw [mul_div_cancel_right]
2025-04-14 01:26:18 - INFO - Original error line:     norm_num  -- Compute the numerical value
2025-04-14 01:26:20 - INFO - Testing fix: Original errors: 4, Fixed errors: 4
2025-04-14 01:26:20 - INFO - Result: False (introduced 1 new errors)
2025-04-14 01:26:20 - DEBUG - === New errors detail ===
2025-04-14 01:26:20 - DEBUG - New Error 1: line 9, type: no_goals_to_solve, message: no goals to be solved
2025-04-14 01:26:20 - INFO - Testing fragment: rw [inv_mul_cancel_right]
2025-04-14 01:26:20 - INFO - Original error line:     norm_num  -- Compute the numerical value
2025-04-14 01:26:22 - INFO - Testing fix: Original errors: 4, Fixed errors: 4
2025-04-14 01:26:22 - INFO - Result: False (introduced 1 new errors)
2025-04-14 01:26:22 - DEBUG - === New errors detail ===
2025-04-14 01:26:22 - DEBUG - New Error 1: line 9, type: no_goals_to_solve, message: no goals to be solved
2025-04-14 01:26:22 - INFO - Testing fragment: rw [div_mul_cancel]
2025-04-14 01:26:22 - INFO - Original error line:     norm_num  -- Compute the numerical value
2025-04-14 01:26:24 - INFO - Testing fix: Original errors: 4, Fixed errors: 4
2025-04-14 01:26:24 - INFO - Result: False (introduced 1 new errors)
2025-04-14 01:26:24 - DEBUG - === New errors detail ===
2025-04-14 01:26:24 - DEBUG - New Error 1: line 9, type: no_goals_to_solve, message: no goals to be solved
2025-04-14 01:26:24 - INFO - Testing fragment: rw [<- left_distrib]
2025-04-14 01:26:24 - INFO - Original error line:     norm_num  -- Compute the numerical value
2025-04-14 01:26:26 - INFO - Testing fix: Original errors: 4, Fixed errors: 4
2025-04-14 01:26:26 - INFO - Result: False (introduced 1 new errors)
2025-04-14 01:26:26 - DEBUG - === New errors detail ===
2025-04-14 01:26:26 - DEBUG - New Error 1: line 9, type: no_goals_to_solve, message: no goals to be solved
2025-04-14 01:26:26 - INFO - Testing fragment: rw [<- right_distrib]
2025-04-14 01:26:26 - INFO - Original error line:     norm_num  -- Compute the numerical value
2025-04-14 01:26:28 - INFO - Testing fix: Original errors: 4, Fixed errors: 4
2025-04-14 01:26:28 - INFO - Result: False (introduced 1 new errors)
2025-04-14 01:26:28 - DEBUG - === New errors detail ===
2025-04-14 01:26:28 - DEBUG - New Error 1: line 9, type: no_goals_to_solve, message: no goals to be solved
2025-04-14 01:26:28 - INFO - Testing fragment: rw [<- distrib_three_right]
2025-04-14 01:26:28 - INFO - Original error line:     norm_num  -- Compute the numerical value
2025-04-14 01:26:30 - INFO - Testing fix: Original errors: 4, Fixed errors: 4
2025-04-14 01:26:30 - INFO - Result: False (introduced 1 new errors)
2025-04-14 01:26:30 - DEBUG - === New errors detail ===
2025-04-14 01:26:30 - DEBUG - New Error 1: line 9, type: no_goals_to_solve, message: no goals to be solved
2025-04-14 01:26:30 - INFO - Testing fragment: rw [<- add_one_mul]
2025-04-14 01:26:30 - INFO - Original error line:     norm_num  -- Compute the numerical value
2025-04-14 01:26:32 - INFO - Testing fix: Original errors: 4, Fixed errors: 4
2025-04-14 01:26:32 - INFO - Result: False (introduced 1 new errors)
2025-04-14 01:26:32 - DEBUG - === New errors detail ===
2025-04-14 01:26:32 - DEBUG - New Error 1: line 9, type: no_goals_to_solve, message: no goals to be solved
2025-04-14 01:26:32 - INFO - Testing fragment: rw [<- mul_add_one]
2025-04-14 01:26:32 - INFO - Original error line:     norm_num  -- Compute the numerical value
2025-04-14 01:26:34 - INFO - Testing fix: Original errors: 4, Fixed errors: 4
2025-04-14 01:26:34 - INFO - Result: False (introduced 1 new errors)
2025-04-14 01:26:34 - DEBUG - === New errors detail ===
2025-04-14 01:26:34 - DEBUG - New Error 1: line 9, type: no_goals_to_solve, message: no goals to be solved
2025-04-14 01:26:34 - INFO - Testing fragment: rw [<- one_add_mul]
2025-04-14 01:26:34 - INFO - Original error line:     norm_num  -- Compute the numerical value
2025-04-14 01:26:36 - INFO - Testing fix: Original errors: 4, Fixed errors: 4
2025-04-14 01:26:36 - INFO - Result: False (introduced 1 new errors)
2025-04-14 01:26:36 - DEBUG - === New errors detail ===
2025-04-14 01:26:36 - DEBUG - New Error 1: line 9, type: no_goals_to_solve, message: no goals to be solved
2025-04-14 01:26:36 - INFO - Testing fragment: rw [<- mul_one_add]
2025-04-14 01:26:36 - INFO - Original error line:     norm_num  -- Compute the numerical value
2025-04-14 01:26:38 - INFO - Testing fix: Original errors: 4, Fixed errors: 4
2025-04-14 01:26:38 - INFO - Result: False (introduced 1 new errors)
2025-04-14 01:26:38 - DEBUG - === New errors detail ===
2025-04-14 01:26:38 - DEBUG - New Error 1: line 9, type: no_goals_to_solve, message: no goals to be solved
2025-04-14 01:26:38 - INFO - Testing fragment: rw [<- two_mul]
2025-04-14 01:26:38 - INFO - Original error line:     norm_num  -- Compute the numerical value
2025-04-14 01:26:40 - INFO - Testing fix: Original errors: 4, Fixed errors: 4
2025-04-14 01:26:40 - INFO - Result: False (introduced 1 new errors)
2025-04-14 01:26:40 - DEBUG - === New errors detail ===
2025-04-14 01:26:40 - DEBUG - New Error 1: line 9, type: no_goals_to_solve, message: no goals to be solved
2025-04-14 01:26:40 - INFO - Testing fragment: rw [<- mul_two]
2025-04-14 01:26:40 - INFO - Original error line:     norm_num  -- Compute the numerical value
2025-04-14 01:26:42 - INFO - Testing fix: Original errors: 4, Fixed errors: 4
2025-04-14 01:26:42 - INFO - Result: False (introduced 1 new errors)
2025-04-14 01:26:42 - DEBUG - === New errors detail ===
2025-04-14 01:26:42 - DEBUG - New Error 1: line 9, type: no_goals_to_solve, message: no goals to be solved
2025-04-14 01:26:42 - INFO - Testing fragment: rw [<- mul_boole]
2025-04-14 01:26:42 - INFO - Original error line:     norm_num  -- Compute the numerical value
2025-04-14 01:26:44 - INFO - Testing fix: Original errors: 4, Fixed errors: 4
2025-04-14 01:26:44 - INFO - Result: False (introduced 1 new errors)
2025-04-14 01:26:44 - DEBUG - === New errors detail ===
2025-04-14 01:26:44 - DEBUG - New Error 1: line 9, type: no_goals_to_solve, message: no goals to be solved
2025-04-14 01:26:44 - INFO - Testing fragment: rw [<- boole_mul]
2025-04-14 01:26:44 - INFO - Original error line:     norm_num  -- Compute the numerical value
2025-04-14 01:29:57 - INFO - Testing fix: Original errors: 4, Fixed errors: 4
2025-04-14 01:29:57 - INFO - Result: False (introduced 1 new errors)
2025-04-14 01:29:57 - DEBUG - === New errors detail ===
2025-04-14 01:29:57 - DEBUG - New Error 1: line 9, type: no_goals_to_solve, message: no goals to be solved
2025-04-14 01:29:57 - INFO - Testing fragment: rw [<- add_mul_self_eq]
2025-04-14 01:29:57 - INFO - Original error line:     norm_num  -- Compute the numerical value
2025-04-14 01:29:59 - INFO - Testing fix: Original errors: 4, Fixed errors: 4
2025-04-14 01:29:59 - INFO - Result: False (introduced 1 new errors)
2025-04-14 01:29:59 - DEBUG - === New errors detail ===
2025-04-14 01:29:59 - DEBUG - New Error 1: line 9, type: no_goals_to_solve, message: no goals to be solved
2025-04-14 01:29:59 - INFO - Testing fragment: rw [<- neg_mul]
2025-04-14 01:29:59 - INFO - Original error line:     norm_num  -- Compute the numerical value
2025-04-14 01:30:01 - INFO - Testing fix: Original errors: 4, Fixed errors: 4
2025-04-14 01:30:01 - INFO - Result: False (introduced 1 new errors)
2025-04-14 01:30:01 - DEBUG - === New errors detail ===
2025-04-14 01:30:01 - DEBUG - New Error 1: line 9, type: no_goals_to_solve, message: no goals to be solved
2025-04-14 01:30:01 - INFO - Testing fragment: rw [<- mul_neg]
2025-04-14 01:30:01 - INFO - Original error line:     norm_num  -- Compute the numerical value
2025-04-14 01:30:03 - INFO - Testing fix: Original errors: 4, Fixed errors: 4
2025-04-14 01:30:03 - INFO - Result: False (introduced 1 new errors)
2025-04-14 01:30:03 - DEBUG - === New errors detail ===
2025-04-14 01:30:03 - DEBUG - New Error 1: line 9, type: no_goals_to_solve, message: no goals to be solved
2025-04-14 01:30:03 - INFO - Testing fragment: rw [<- neg_mul_neg]
2025-04-14 01:30:03 - INFO - Original error line:     norm_num  -- Compute the numerical value
2025-04-14 01:30:05 - INFO - Testing fix: Original errors: 4, Fixed errors: 4
2025-04-14 01:30:05 - INFO - Result: False (introduced 1 new errors)
2025-04-14 01:30:05 - DEBUG - === New errors detail ===
2025-04-14 01:30:05 - DEBUG - New Error 1: line 9, type: no_goals_to_solve, message: no goals to be solved
2025-04-14 01:30:05 - INFO - Testing fragment: rw [<- neg_mul_eq_neg_mul]
2025-04-14 01:30:05 - INFO - Original error line:     norm_num  -- Compute the numerical value
2025-04-14 01:30:07 - INFO - Testing fix: Original errors: 4, Fixed errors: 4
2025-04-14 01:30:07 - INFO - Result: False (introduced 1 new errors)
2025-04-14 01:30:07 - DEBUG - === New errors detail ===
2025-04-14 01:30:07 - DEBUG - New Error 1: line 9, type: no_goals_to_solve, message: no goals to be solved
2025-04-14 01:30:07 - INFO - Testing fragment: rw [<- neg_mul_eq_mul_neg]
2025-04-14 01:30:07 - INFO - Original error line:     norm_num  -- Compute the numerical value
2025-04-14 01:30:09 - INFO - Testing fix: Original errors: 4, Fixed errors: 4
2025-04-14 01:30:09 - INFO - Result: False (introduced 1 new errors)
2025-04-14 01:30:09 - DEBUG - === New errors detail ===
2025-04-14 01:30:09 - DEBUG - New Error 1: line 9, type: no_goals_to_solve, message: no goals to be solved
2025-04-14 01:30:09 - INFO - Testing fragment: rw [<- neg_mul_comm]
2025-04-14 01:30:09 - INFO - Original error line:     norm_num  -- Compute the numerical value
2025-04-14 01:30:11 - INFO - Testing fix: Original errors: 4, Fixed errors: 4
2025-04-14 01:30:11 - INFO - Result: False (introduced 1 new errors)
2025-04-14 01:30:11 - DEBUG - === New errors detail ===
2025-04-14 01:30:11 - DEBUG - New Error 1: line 9, type: no_goals_to_solve, message: no goals to be solved
2025-04-14 01:30:11 - INFO - Testing fragment: rw [<- neg_eq_neg_one_mul]
2025-04-14 01:30:11 - INFO - Original error line:     norm_num  -- Compute the numerical value
2025-04-14 01:30:13 - INFO - Testing fix: Original errors: 4, Fixed errors: 4
2025-04-14 01:30:13 - INFO - Result: False (introduced 1 new errors)
2025-04-14 01:30:13 - DEBUG - === New errors detail ===
2025-04-14 01:30:13 - DEBUG - New Error 1: line 9, type: no_goals_to_solve, message: no goals to be solved
2025-04-14 01:30:13 - INFO - Testing fragment: rw [<- mul_neg_one]
2025-04-14 01:30:13 - INFO - Original error line:     norm_num  -- Compute the numerical value
2025-04-14 01:30:15 - INFO - Testing fix: Original errors: 4, Fixed errors: 4
2025-04-14 01:30:15 - INFO - Result: False (introduced 1 new errors)
2025-04-14 01:30:15 - DEBUG - === New errors detail ===
2025-04-14 01:30:15 - DEBUG - New Error 1: line 9, type: no_goals_to_solve, message: no goals to be solved
2025-04-14 01:30:15 - INFO - Testing fragment: rw [<- neg_one_mul]
2025-04-14 01:30:15 - INFO - Original error line:     norm_num  -- Compute the numerical value
2025-04-14 01:30:17 - INFO - Testing fix: Original errors: 4, Fixed errors: 4
2025-04-14 01:30:17 - INFO - Result: False (introduced 1 new errors)
2025-04-14 01:30:17 - DEBUG - === New errors detail ===
2025-04-14 01:30:17 - DEBUG - New Error 1: line 9, type: no_goals_to_solve, message: no goals to be solved
2025-04-14 01:30:17 - INFO - Testing fragment: rw [<- mul_sub_left_distrib]
2025-04-14 01:30:17 - INFO - Original error line:     norm_num  -- Compute the numerical value
2025-04-14 01:30:19 - INFO - Testing fix: Original errors: 4, Fixed errors: 4
2025-04-14 01:30:19 - INFO - Result: False (introduced 1 new errors)
2025-04-14 01:30:19 - DEBUG - === New errors detail ===
2025-04-14 01:30:19 - DEBUG - New Error 1: line 9, type: no_goals_to_solve, message: no goals to be solved
2025-04-14 01:30:19 - INFO - Testing fragment: rw [<- mul_sub_right_distrib]
2025-04-14 01:30:19 - INFO - Original error line:     norm_num  -- Compute the numerical value
2025-04-14 01:30:21 - INFO - Testing fix: Original errors: 4, Fixed errors: 4
2025-04-14 01:30:21 - INFO - Result: False (introduced 1 new errors)
2025-04-14 01:30:21 - DEBUG - === New errors detail ===
2025-04-14 01:30:21 - DEBUG - New Error 1: line 9, type: no_goals_to_solve, message: no goals to be solved
2025-04-14 01:30:21 - INFO - Testing fragment: rw [<- sub_one_mul]
2025-04-14 01:30:21 - INFO - Original error line:     norm_num  -- Compute the numerical value
2025-04-14 01:30:23 - INFO - Testing fix: Original errors: 4, Fixed errors: 4
2025-04-14 01:30:23 - INFO - Result: False (introduced 1 new errors)
2025-04-14 01:30:23 - DEBUG - === New errors detail ===
2025-04-14 01:30:23 - DEBUG - New Error 1: line 9, type: no_goals_to_solve, message: no goals to be solved
2025-04-14 01:30:23 - INFO - Testing fragment: rw [<- mul_sub_one]
2025-04-14 01:30:23 - INFO - Original error line:     norm_num  -- Compute the numerical value
2025-04-14 01:30:25 - INFO - Testing fix: Original errors: 4, Fixed errors: 4
2025-04-14 01:30:25 - INFO - Result: False (introduced 1 new errors)
2025-04-14 01:30:25 - DEBUG - === New errors detail ===
2025-04-14 01:30:25 - DEBUG - New Error 1: line 9, type: no_goals_to_solve, message: no goals to be solved
2025-04-14 01:30:25 - INFO - Testing fragment: rw [<- one_sub_mul]
2025-04-14 01:30:25 - INFO - Original error line:     norm_num  -- Compute the numerical value
2025-04-14 01:30:27 - INFO - Testing fix: Original errors: 4, Fixed errors: 4
2025-04-14 01:30:27 - INFO - Result: False (introduced 1 new errors)
2025-04-14 01:30:27 - DEBUG - === New errors detail ===
2025-04-14 01:30:27 - DEBUG - New Error 1: line 9, type: no_goals_to_solve, message: no goals to be solved
2025-04-14 01:30:27 - INFO - Testing fragment: rw [<- mul_one_sub]
2025-04-14 01:30:27 - INFO - Original error line:     norm_num  -- Compute the numerical value
2025-04-14 01:30:29 - INFO - Testing fix: Original errors: 4, Fixed errors: 4
2025-04-14 01:30:29 - INFO - Result: False (introduced 1 new errors)
2025-04-14 01:30:29 - DEBUG - === New errors detail ===
2025-04-14 01:30:29 - DEBUG - New Error 1: line 9, type: no_goals_to_solve, message: no goals to be solved
2025-04-14 01:30:29 - INFO - Testing fragment: rw [<- mul_left_cancel]
2025-04-14 01:30:29 - INFO - Original error line:     norm_num  -- Compute the numerical value
2025-04-14 01:30:31 - INFO - Testing fix: Original errors: 4, Fixed errors: 4
2025-04-14 01:30:31 - INFO - Result: False (introduced 1 new errors)
2025-04-14 01:30:31 - DEBUG - === New errors detail ===
2025-04-14 01:30:31 - DEBUG - New Error 1: line 9, type: no_goals_to_solve, message: no goals to be solved
2025-04-14 01:30:31 - INFO - Testing fragment: rw [<- mul_left_cancel_iff]
2025-04-14 01:30:31 - INFO - Original error line:     norm_num  -- Compute the numerical value
2025-04-14 01:30:33 - INFO - Testing fix: Original errors: 4, Fixed errors: 4
2025-04-14 01:30:33 - INFO - Result: False (introduced 1 new errors)
2025-04-14 01:30:33 - DEBUG - === New errors detail ===
2025-04-14 01:30:33 - DEBUG - New Error 1: line 9, type: no_goals_to_solve, message: no goals to be solved
2025-04-14 01:30:33 - INFO - Testing fragment: rw [<- mul_right_injective]
2025-04-14 01:30:33 - INFO - Original error line:     norm_num  -- Compute the numerical value
2025-04-14 01:32:00 - INFO - Testing fix: Original errors: 4, Fixed errors: 4
2025-04-14 01:32:00 - INFO - Result: False (introduced 1 new errors)
2025-04-14 01:32:00 - DEBUG - === New errors detail ===
2025-04-14 01:32:00 - DEBUG - New Error 1: line 9, type: no_goals_to_solve, message: no goals to be solved
2025-04-14 01:32:00 - INFO - Testing fragment: rw [<- mul_right_inj]
2025-04-14 01:32:00 - INFO - Original error line:     norm_num  -- Compute the numerical value
2025-04-14 01:32:02 - INFO - Testing fix: Original errors: 4, Fixed errors: 4
2025-04-14 01:32:02 - INFO - Result: False (introduced 1 new errors)
2025-04-14 01:32:02 - DEBUG - === New errors detail ===
2025-04-14 01:32:02 - DEBUG - New Error 1: line 9, type: no_goals_to_solve, message: no goals to be solved
2025-04-14 01:32:02 - INFO - Testing fragment: rw [<- mul_ne_mul_right]
2025-04-14 01:32:02 - INFO - Original error line:     norm_num  -- Compute the numerical value
2025-04-14 01:32:04 - INFO - Testing fix: Original errors: 4, Fixed errors: 4
2025-04-14 01:32:04 - INFO - Result: False (introduced 1 new errors)
2025-04-14 01:32:04 - DEBUG - === New errors detail ===
2025-04-14 01:32:04 - DEBUG - New Error 1: line 9, type: no_goals_to_solve, message: no goals to be solved
2025-04-14 01:32:04 - INFO - Testing fragment: rw [<- mul_right_cancel]
2025-04-14 01:32:04 - INFO - Original error line:     norm_num  -- Compute the numerical value
2025-04-14 01:32:06 - INFO - Testing fix: Original errors: 4, Fixed errors: 4
2025-04-14 01:32:06 - INFO - Result: False (introduced 1 new errors)
2025-04-14 01:32:06 - DEBUG - === New errors detail ===
2025-04-14 01:32:06 - DEBUG - New Error 1: line 9, type: no_goals_to_solve, message: no goals to be solved
2025-04-14 01:32:06 - INFO - Testing fragment: rw [<- mul_right_cancel_iff]
2025-04-14 01:32:06 - INFO - Original error line:     norm_num  -- Compute the numerical value
2025-04-14 01:32:08 - INFO - Testing fix: Original errors: 4, Fixed errors: 4
2025-04-14 01:32:08 - INFO - Result: False (introduced 1 new errors)
2025-04-14 01:32:08 - DEBUG - === New errors detail ===
2025-04-14 01:32:08 - DEBUG - New Error 1: line 9, type: no_goals_to_solve, message: no goals to be solved
2025-04-14 01:32:08 - INFO - Testing fragment: rw [<- mul_left_injective]
2025-04-14 01:32:08 - INFO - Original error line:     norm_num  -- Compute the numerical value
2025-04-14 01:32:10 - INFO - Testing fix: Original errors: 4, Fixed errors: 4
2025-04-14 01:32:10 - INFO - Result: False (introduced 1 new errors)
2025-04-14 01:32:10 - DEBUG - === New errors detail ===
2025-04-14 01:32:10 - DEBUG - New Error 1: line 9, type: no_goals_to_solve, message: no goals to be solved
2025-04-14 01:32:10 - INFO - Testing fragment: rw [<- mul_left_inj]
2025-04-14 01:32:10 - INFO - Original error line:     norm_num  -- Compute the numerical value
2025-04-14 01:32:12 - INFO - Testing fix: Original errors: 4, Fixed errors: 4
2025-04-14 01:32:12 - INFO - Result: False (introduced 1 new errors)
2025-04-14 01:32:12 - DEBUG - === New errors detail ===
2025-04-14 01:32:12 - DEBUG - New Error 1: line 9, type: no_goals_to_solve, message: no goals to be solved
2025-04-14 01:32:12 - INFO - Testing fragment: rw [<- mul_ne_mul_left]
2025-04-14 01:32:12 - INFO - Original error line:     norm_num  -- Compute the numerical value
2025-04-14 01:32:14 - INFO - Testing fix: Original errors: 4, Fixed errors: 4
2025-04-14 01:32:14 - INFO - Result: False (introduced 1 new errors)
2025-04-14 01:32:14 - DEBUG - === New errors detail ===
2025-04-14 01:32:14 - DEBUG - New Error 1: line 9, type: no_goals_to_solve, message: no goals to be solved
2025-04-14 01:32:14 - INFO - Testing fragment: rw [<- mul_assoc]
2025-04-14 01:32:14 - INFO - Original error line:     norm_num  -- Compute the numerical value
2025-04-14 01:32:16 - INFO - Testing fix: Original errors: 4, Fixed errors: 4
2025-04-14 01:32:16 - INFO - Result: False (introduced 1 new errors)
2025-04-14 01:32:16 - DEBUG - === New errors detail ===
2025-04-14 01:32:16 - DEBUG - New Error 1: line 9, type: no_goals_to_solve, message: no goals to be solved
2025-04-14 01:32:16 - INFO - Testing fragment: rw [<- mul_comm]
2025-04-14 01:32:16 - INFO - Original error line:     norm_num  -- Compute the numerical value
2025-04-14 01:32:18 - INFO - Testing fix: Original errors: 4, Fixed errors: 4
2025-04-14 01:32:18 - INFO - Result: False (introduced 1 new errors)
2025-04-14 01:32:18 - DEBUG - === New errors detail ===
2025-04-14 01:32:18 - DEBUG - New Error 1: line 9, type: no_goals_to_solve, message: no goals to be solved
2025-04-14 01:32:18 - INFO - Testing fragment: rw [<- MulOneClass]
2025-04-14 01:32:18 - INFO - Original error line:     norm_num  -- Compute the numerical value
2025-04-14 01:32:20 - INFO - Testing fix: Original errors: 4, Fixed errors: 4
2025-04-14 01:32:20 - INFO - Result: False (introduced 1 new errors)
2025-04-14 01:32:20 - DEBUG - === New errors detail ===
2025-04-14 01:32:20 - DEBUG - New Error 1: line 9, type: no_goals_to_solve, message: no goals to be solved
2025-04-14 01:32:20 - INFO - Testing fragment: rw [<- one_mul]
2025-04-14 01:32:20 - INFO - Original error line:     norm_num  -- Compute the numerical value
2025-04-14 01:32:22 - INFO - Testing fix: Original errors: 4, Fixed errors: 4
2025-04-14 01:32:22 - INFO - Result: False (introduced 1 new errors)
2025-04-14 01:32:22 - DEBUG - === New errors detail ===
2025-04-14 01:32:22 - DEBUG - New Error 1: line 9, type: no_goals_to_solve, message: no goals to be solved
2025-04-14 01:32:22 - INFO - Testing fragment: rw [<- mul_one]
2025-04-14 01:32:22 - INFO - Original error line:     norm_num  -- Compute the numerical value
2025-04-14 01:32:24 - INFO - Testing fix: Original errors: 4, Fixed errors: 4
2025-04-14 01:32:24 - INFO - Result: False (introduced 1 new errors)
2025-04-14 01:32:24 - DEBUG - === New errors detail ===
2025-04-14 01:32:24 - DEBUG - New Error 1: line 9, type: no_goals_to_solve, message: no goals to be solved
2025-04-14 01:32:24 - INFO - Testing fragment: rw [<- npowRec_add]
2025-04-14 01:32:24 - INFO - Original error line:     norm_num  -- Compute the numerical value
2025-04-14 01:32:26 - INFO - Testing fix: Original errors: 4, Fixed errors: 4
2025-04-14 01:32:26 - INFO - Result: False (introduced 1 new errors)
2025-04-14 01:32:26 - DEBUG - === New errors detail ===
2025-04-14 01:32:26 - DEBUG - New Error 1: line 9, type: no_goals_to_solve, message: no goals to be solved
2025-04-14 01:32:26 - INFO - Testing fragment: rw [<- npowRec_succ]
2025-04-14 01:32:26 - INFO - Original error line:     norm_num  -- Compute the numerical value
2025-04-14 01:32:28 - INFO - Testing fix: Original errors: 4, Fixed errors: 4
2025-04-14 01:32:28 - INFO - Result: False (introduced 1 new errors)
2025-04-14 01:32:28 - DEBUG - === New errors detail ===
2025-04-14 01:32:28 - DEBUG - New Error 1: line 9, type: no_goals_to_solve, message: no goals to be solved
2025-04-14 01:32:28 - INFO - Testing fragment: rw [<- npowRec'_succ]
2025-04-14 01:32:28 - INFO - Original error line:     norm_num  -- Compute the numerical value
2025-04-14 01:32:30 - INFO - Testing fix: Original errors: 4, Fixed errors: 4
2025-04-14 01:32:30 - INFO - Result: False (introduced 1 new errors)
2025-04-14 01:32:30 - DEBUG - === New errors detail ===
2025-04-14 01:32:30 - DEBUG - New Error 1: line 9, type: no_goals_to_solve, message: no goals to be solved
2025-04-14 01:32:30 - INFO - Testing fragment: rw [<- npowRec'_two_mul]
2025-04-14 01:32:30 - INFO - Original error line:     norm_num  -- Compute the numerical value
2025-04-14 01:32:32 - INFO - Testing fix: Original errors: 4, Fixed errors: 4
2025-04-14 01:32:32 - INFO - Result: False (introduced 1 new errors)
2025-04-14 01:32:32 - DEBUG - === New errors detail ===
2025-04-14 01:32:32 - DEBUG - New Error 1: line 9, type: no_goals_to_solve, message: no goals to be solved
2025-04-14 01:32:32 - INFO - Testing fragment: rw [<- npowRec'_mul_comm]
2025-04-14 01:32:32 - INFO - Original error line:     norm_num  -- Compute the numerical value
2025-04-14 01:32:34 - INFO - Testing fix: Original errors: 4, Fixed errors: 4
2025-04-14 01:32:34 - INFO - Result: False (introduced 1 new errors)
2025-04-14 01:32:34 - DEBUG - === New errors detail ===
2025-04-14 01:32:34 - DEBUG - New Error 1: line 9, type: no_goals_to_solve, message: no goals to be solved
2025-04-14 01:32:34 - INFO - Testing fragment: rw [<- npowRec_eq]
2025-04-14 01:32:34 - INFO - Original error line:     norm_num  -- Compute the numerical value
2025-04-14 01:32:36 - INFO - Testing fix: Original errors: 4, Fixed errors: 4
2025-04-14 01:32:36 - INFO - Result: False (introduced 1 new errors)
2025-04-14 01:32:36 - DEBUG - === New errors detail ===
2025-04-14 01:32:36 - DEBUG - New Error 1: line 9, type: no_goals_to_solve, message: no goals to be solved
2025-04-14 01:32:36 - INFO - Testing fragment: rw [<- npowBinRec]
2025-04-14 01:32:36 - INFO - Original error line:     norm_num  -- Compute the numerical value
2025-04-14 01:32:38 - INFO - Testing fix: Original errors: 4, Fixed errors: 4
2025-04-14 01:32:38 - INFO - Result: False (introduced 1 new errors)
2025-04-14 01:32:38 - DEBUG - === New errors detail ===
2025-04-14 01:32:38 - DEBUG - New Error 1: line 9, type: no_goals_to_solve, message: no goals to be solved
2025-04-14 01:32:38 - INFO - Testing fragment: rw [<- npowRec_eq_npowBinRec]
2025-04-14 01:32:38 - INFO - Original error line:     norm_num  -- Compute the numerical value
2025-04-14 01:32:40 - INFO - Testing fix: Original errors: 4, Fixed errors: 4
2025-04-14 01:32:40 - INFO - Result: False (introduced 1 new errors)
2025-04-14 01:32:40 - DEBUG - === New errors detail ===
2025-04-14 01:32:40 - DEBUG - New Error 1: line 9, type: no_goals_to_solve, message: no goals to be solved
2025-04-14 01:32:40 - INFO - Testing fragment: rw [<- npow_eq_pow]
2025-04-14 01:32:40 - INFO - Original error line:     norm_num  -- Compute the numerical value
2025-04-14 01:32:42 - INFO - Testing fix: Original errors: 4, Fixed errors: 4
2025-04-14 01:32:42 - INFO - Result: False (introduced 1 new errors)
2025-04-14 01:32:42 - DEBUG - === New errors detail ===
2025-04-14 01:32:42 - DEBUG - New Error 1: line 9, type: no_goals_to_solve, message: no goals to be solved
2025-04-14 01:32:42 - INFO - Testing fragment: rw [<- pow_zero]
2025-04-14 01:32:42 - INFO - Original error line:     norm_num  -- Compute the numerical value
2025-04-14 01:32:44 - INFO - Testing fix: Original errors: 4, Fixed errors: 4
2025-04-14 01:32:44 - INFO - Result: False (introduced 1 new errors)
2025-04-14 01:32:44 - DEBUG - === New errors detail ===
2025-04-14 01:32:44 - DEBUG - New Error 1: line 9, type: no_goals_to_solve, message: no goals to be solved
2025-04-14 01:32:44 - INFO - Testing fragment: rw [<- pow_succ]
2025-04-14 01:32:44 - INFO - Original error line:     norm_num  -- Compute the numerical value
2025-04-14 01:32:46 - INFO - Testing fix: Original errors: 4, Fixed errors: 4
2025-04-14 01:32:46 - INFO - Result: False (introduced 1 new errors)
2025-04-14 01:32:46 - DEBUG - === New errors detail ===
2025-04-14 01:32:46 - DEBUG - New Error 1: line 9, type: no_goals_to_solve, message: no goals to be solved
2025-04-14 01:32:46 - INFO - Testing fragment: rw [<- inv_inv]
2025-04-14 01:32:46 - INFO - Original error line:     norm_num  -- Compute the numerical value
2025-04-14 01:32:48 - INFO - Testing fix: Original errors: 4, Fixed errors: 4
2025-04-14 01:32:48 - INFO - Result: False (introduced 1 new errors)
2025-04-14 01:32:48 - DEBUG - === New errors detail ===
2025-04-14 01:32:48 - DEBUG - New Error 1: line 9, type: no_goals_to_solve, message: no goals to be solved
2025-04-14 01:32:48 - INFO - Testing fragment: rw [<- exists_zpow_surjective]
2025-04-14 01:32:48 - INFO - Original error line:     norm_num  -- Compute the numerical value
2025-04-14 01:32:50 - INFO - Testing fix: Original errors: 4, Fixed errors: 4
2025-04-14 01:32:50 - INFO - Result: False (introduced 1 new errors)
2025-04-14 01:32:50 - DEBUG - === New errors detail ===
2025-04-14 01:32:50 - DEBUG - New Error 1: line 9, type: no_goals_to_solve, message: no goals to be solved
2025-04-14 01:32:50 - INFO - Testing fragment: rw [<- zpow_eq_pow]
2025-04-14 01:32:50 - INFO - Original error line:     norm_num  -- Compute the numerical value
2025-04-14 01:32:52 - INFO - Testing fix: Original errors: 4, Fixed errors: 4
2025-04-14 01:32:52 - INFO - Result: False (introduced 1 new errors)
2025-04-14 01:32:52 - DEBUG - === New errors detail ===
2025-04-14 01:32:52 - DEBUG - New Error 1: line 9, type: no_goals_to_solve, message: no goals to be solved
2025-04-14 01:32:52 - INFO - Testing fragment: rw [<- zpow_zero]
2025-04-14 01:32:52 - INFO - Original error line:     norm_num  -- Compute the numerical value
2025-04-14 01:32:54 - INFO - Testing fix: Original errors: 4, Fixed errors: 4
2025-04-14 01:32:54 - INFO - Result: False (introduced 1 new errors)
2025-04-14 01:32:54 - DEBUG - === New errors detail ===
2025-04-14 01:32:54 - DEBUG - New Error 1: line 9, type: no_goals_to_solve, message: no goals to be solved
2025-04-14 01:32:54 - INFO - Testing fragment: rw [<- zpow_natCast]
2025-04-14 01:32:54 - INFO - Original error line:     norm_num  -- Compute the numerical value
2025-04-14 01:32:56 - INFO - Testing fix: Original errors: 4, Fixed errors: 4
2025-04-14 01:32:56 - INFO - Result: False (introduced 1 new errors)
2025-04-14 01:32:56 - DEBUG - === New errors detail ===
2025-04-14 01:32:56 - DEBUG - New Error 1: line 9, type: no_goals_to_solve, message: no goals to be solved
2025-04-14 01:32:56 - INFO - Testing fragment: rw [<- zpow_negSucc]
2025-04-14 01:32:56 - INFO - Original error line:     norm_num  -- Compute the numerical value
2025-04-14 01:32:58 - INFO - Testing fix: Original errors: 4, Fixed errors: 4
2025-04-14 01:32:58 - INFO - Result: False (introduced 1 new errors)
2025-04-14 01:32:58 - DEBUG - === New errors detail ===
2025-04-14 01:32:58 - DEBUG - New Error 1: line 9, type: no_goals_to_solve, message: no goals to be solved
2025-04-14 01:32:58 - INFO - Testing fragment: rw [<- negSucc_zsmul]
2025-04-14 01:32:58 - INFO - Original error line:     norm_num  -- Compute the numerical value
2025-04-14 01:33:00 - INFO - Testing fix: Original errors: 4, Fixed errors: 4
2025-04-14 01:33:00 - INFO - Result: False (introduced 1 new errors)
2025-04-14 01:33:00 - DEBUG - === New errors detail ===
2025-04-14 01:33:00 - DEBUG - New Error 1: line 9, type: no_goals_to_solve, message: no goals to be solved
2025-04-14 01:33:00 - INFO - Testing fragment: rw [<- div_eq_mul_inv]
2025-04-14 01:33:00 - INFO - Original error line:     norm_num  -- Compute the numerical value
2025-04-14 01:33:02 - INFO - Testing fix: Original errors: 4, Fixed errors: 4
2025-04-14 01:33:02 - INFO - Result: False (introduced 1 new errors)
2025-04-14 01:33:02 - DEBUG - === New errors detail ===
2025-04-14 01:33:02 - DEBUG - New Error 1: line 9, type: no_goals_to_solve, message: no goals to be solved
2025-04-14 01:33:02 - INFO - Testing fragment: rw [<- inv_eq_one_div]
2025-04-14 01:33:02 - INFO - Original error line:     norm_num  -- Compute the numerical value
2025-04-14 01:33:04 - INFO - Testing fix: Original errors: 4, Fixed errors: 4
2025-04-14 01:33:04 - INFO - Result: False (introduced 1 new errors)
2025-04-14 01:33:04 - DEBUG - === New errors detail ===
2025-04-14 01:33:04 - DEBUG - New Error 1: line 9, type: no_goals_to_solve, message: no goals to be solved
2025-04-14 01:33:04 - INFO - Testing fragment: rw [<- mul_div_assoc]
2025-04-14 01:33:04 - INFO - Original error line:     norm_num  -- Compute the numerical value
2025-04-14 01:33:06 - INFO - Testing fix: Original errors: 4, Fixed errors: 4
2025-04-14 01:33:06 - INFO - Result: False (introduced 1 new errors)
2025-04-14 01:33:06 - DEBUG - === New errors detail ===
2025-04-14 01:33:06 - DEBUG - New Error 1: line 9, type: no_goals_to_solve, message: no goals to be solved
2025-04-14 01:33:06 - INFO - Testing fragment: rw [<- one_div]
2025-04-14 01:33:06 - INFO - Original error line:     norm_num  -- Compute the numerical value
2025-04-14 01:33:08 - INFO - Testing fix: Original errors: 4, Fixed errors: 4
2025-04-14 01:33:08 - INFO - Result: False (introduced 1 new errors)
2025-04-14 01:33:08 - DEBUG - === New errors detail ===
2025-04-14 01:33:08 - DEBUG - New Error 1: line 9, type: no_goals_to_solve, message: no goals to be solved
2025-04-14 01:33:08 - INFO - Testing fragment: rw [<- inv_one]
2025-04-14 01:33:08 - INFO - Original error line:     norm_num  -- Compute the numerical value
