2025-04-16 09:12:48 - INFO - Log file initialized at 2025-04-16T09:12:48.487023
2025-04-16 09:12:48 - INFO - ===== LOG FILE LOCATION =====
2025-04-16 09:12:48 - INFO - Detailed log file created at: ./minif2f/lean_fixed/5.log
2025-04-16 09:12:48 - INFO - ===============================
2025-04-16 09:12:48 - INFO - Original code:
2025-04-16 09:12:48 - INFO - ----------------------------------------
2025-04-16 09:12:48 - INFO - import Mathlib
import Aesop

set_option maxHeartbeats 0

open BigOperators Real Nat Topology Rat

/-- Determine the value of $ab$ if $\log_8a+\log_4b^2=5$ and $\log_8b+\log_4a^2=7$. Show that it is 512.-/
theorem aime_1984_p5 (a b : ℝ) (h₀ : Real.logb 8 a + Real.logb 4 (b ^ 2) = 5)
  (h₁ : Real.logb 8 b + Real.logb 4 (a ^ 2) = 7) : a * b = 512 := by
  -- First, we'll simplify the logarithmic expressions using logarithm properties
  -- Recall that log_b (x^y) = y * log_b x and log_b x = ln x / ln b
  -- Also, log_8 x = log_2 x / log_2 8 = (ln x / ln 2) / (3 ln 2 / ln 2) = (ln x)/(3 ln 2)
  -- Similarly, log_4 x = ln x / ln 4 = ln x / (2 ln 2)
  
  -- Let's define x = ln a and y = ln b to simplify our expressions
  let x := Real.log a
  let y := Real.log b
  
  -- Rewrite the first equation h₀ in terms of x and y
  -- log_8 a = x / (3 ln 2)
  -- log_4 (b^2) = 2y / (2 ln 2) = y / ln 2
  have eq1 : x / (3 * Real.log 2) + y / Real.log 2 = 5 := by
    rw [← h₀]
    simp [Real.logb, x, y]
    ring_nf
  
  -- Rewrite the second equation h₁ in terms of x and y
  -- log_8 b = y / (3 ln 2)
  -- log_4 (a^2) = 2x / (2 ln 2) = x / ln 2
  have eq2 : y / (3 * Real.log 2) + x / Real.log 2 = 7 := by
    rw [← h₁]
    simp [Real.logb, x, y]
    ring_nf
  
  -- To simplify, let's multiply both equations by 3 ln 2 to eliminate denominators
  -- Multiply eq1 by 3 ln 2 to get: x + 3y = 15 ln 2
  have eq3 : x + 3 * y = 15 * Real.log 2 := by
    linear_combination (3 * Real.log 2) * eq1
  
  -- Multiply eq2 by 3 ln 2 to get: y + 3x = 21 ln 2
  have eq4 : y + 3 * x = 21 * Real.log 2 := by
    linear_combination (3 * Real.log 2) * eq2
  
  -- Now we have a system of linear equations in x and y:
  -- 1) x + 3y = 15 ln 2
  -- 2) 3x + y = 21 ln 2
  
  -- Let's solve this system. First, multiply eq3 by 3:
  -- 3x + 9y = 45 ln 2
  have eq5 : 3 * x + 9 * y = 45 * Real.log 2 := by
    linear_combination 3 * eq3
  
  -- Subtract eq4 from this new equation to eliminate x:
  -- (3x - 3x) + (9y - y) = (45 ln 2 - 21 ln 2)
  -- 8y = 24 ln 2
  have eq6 : 8 * y = 24 * Real.log 2 := by
    linear_combination eq5 - eq4
  
  -- Solve for y: y = 3 ln 2
  have y_eq : y = 3 * Real.log 2 := by
    linear_combination eq6 / 8
  
  -- Substitute y = 3 ln 2 back into eq3 to find x:
  -- x + 3*(3 ln 2) = 15 ln 2
  -- x + 9 ln 2 = 15 ln 2
  -- x = 6 ln 2
  have x_eq : x = 6 * Real.log 2 := by
    linear_combination eq3 - 3 * y_eq
  
  -- Recall that x = ln a and y = ln b
  -- Therefore:
  -- ln a = 6 ln 2 ⇒ a = exp (6 ln 2) = 2^6 = 64
  -- ln b = 3 ln 2 ⇒ b = exp (3 ln 2) = 2^3 = 8
  
  -- Now compute a * b = 64 * 8 = 512
  -- To prove this in Lean, we'll need to show a = 2^6 and b = 2^3
  have a_eq : a = 2 ^ 6 := by
    rw [← Real.exp_log (by positivity : 0 < a), x_eq]
    simp [Real.exp_mul, Real.exp_log (by positivity : 0 < (2:ℝ))]
    norm_num
  
  have b_eq : b = 2 ^ 3 := by
    rw [← Real.exp_log (by positivity : 0 < b), y_eq]
    simp [Real.exp_mul, Real.exp_log (by positivity : 0 < (2:ℝ))]
    norm_num
  
  -- Finally, compute a * b
  rw [a_eq, b_eq]
  -- 2^6 * 2^3 = 2^(6+3) = 2^9 = 512
  norm_num
2025-04-16 09:12:48 - INFO - ----------------------------------------
2025-04-16 09:12:48 - INFO - 
Checking original code for all errors...
2025-04-16 09:12:59 - INFO - Original code contains 8 errors:
2025-04-16 09:12:59 - INFO - Error 1: line 23, type: other_error, message: unsolved goals
a b : ℝ
h₀ : logb 8 a + logb 4 (b ^ 2) = 5
h₁ : logb 8 b + logb 4 (a ^ 2) = 7
x : ℝ :...
2025-04-16 09:12:59 - INFO - Error 2: line 31, type: other_error, message: unsolved goals
a b : ℝ
h₀ : logb 8 a + logb 4 (b ^ 2) = 5
h₁ : logb 8 b + logb 4 (a ^ 2) = 7
x : ℝ :...
2025-04-16 09:12:59 - INFO - Error 3: line 39, type: ring_expr_not_equal, message: ring failed, ring expressions not equal
a b : ℝ
h₀ : logb 8 a + logb 4 (b ^ 2) = 5
h₁ : logb 8 b + l...
2025-04-16 09:12:59 - INFO - Error 4: line 43, type: ring_expr_not_equal, message: ring failed, ring expressions not equal
a b : ℝ
h₀ : logb 8 a + logb 4 (b ^ 2) = 5
h₁ : logb 8 b + l...
2025-04-16 09:12:59 - INFO - Error 5: line 79, type: failed_prove_positivity, message: failed to prove positivity/nonnegativity/nonzeroness...
2025-04-16 09:12:59 - INFO - Error 6: line 79, type: rewrite_failed, message: tactic 'rewrite' failed, did not find instance of the pattern in the target expression
  x
a b : ℝ
h...
2025-04-16 09:12:59 - INFO - Error 7: line 84, type: failed_prove_positivity, message: failed to prove positivity/nonnegativity/nonzeroness...
2025-04-16 09:12:59 - INFO - Error 8: line 84, type: rewrite_failed, message: tactic 'rewrite' failed, did not find instance of the pattern in the target expression
  y
a b : ℝ
h...
2025-04-16 09:12:59 - INFO - 
Starting multi-error continuous repair process...
2025-04-16 09:12:59 - INFO - 
===== Starting to fix all errors =====
2025-04-16 09:12:59 - INFO - 
Found 1 original errors:
2025-04-16 09:12:59 - INFO - Error 1: line 2, type: already_declared, message: 'aime_1984_p5' has already been declared...
2025-04-16 09:12:59 - INFO - 
Trying to fix error 1/1: line 2, type: already_declared
2025-04-16 09:12:59 - INFO - Error message: 'aime_1984_p5' has already been declared...
2025-04-16 09:12:59 - INFO - Removed header content, remaining 84 lines of code
2025-04-16 09:12:59 - INFO - Using specified target error line: 2
2025-04-16 09:12:59 - INFO - Found error at specified line: 'aime_1984_p5' has already been declared
2025-04-16 09:12:59 - INFO - Error at line 2: 'aime_1984_p5' has already been declared
2025-04-16 09:12:59 - INFO - 
==================================================
2025-04-16 09:12:59 - INFO - Code prepared, starting synthesis
2025-04-16 09:12:59 - INFO - Before part: /-- Determine the value of $ab$ if $\log_8a+\log_4b^2=5$ and $\log_8b+\log_4a^2=7$. Show that it is 512.-/
2025-04-16 09:12:59 - INFO - Error line: theorem aime_1984_p5 (a b : ℝ) (h₀ : Real.logb 8 a + Real.logb 4 (b ^ 2) = 5)
2025-04-16 09:12:59 - INFO - After part: (h₁ : Real.logb 8 b + Real.logb 4 (a ^ 2) = 7) : a * b = 512 := by
  -- First, we'll simplify the logarithmic expressions using logarithm properties
  -- Recall that log_b (x^y) = y * log_b x and log_b x = ln x / ln b
  -- Also, log_8 x = log_2 x / log_2 8 = (ln x / ln 2) / (3 ln 2 / ln 2) = (ln x)/(3 ln 2)
  -- Similarly, log_4 x = ln x / ln 4 = ln x / (2 ln 2)
  
  -- Let's define x = ln a and y = ln b to simplify our expressions
  let x := Real.log a
  let y := Real.log b
  
  -- Rewrite the first equation h₀ in terms of x and y
  -- log_8 a = x / (3 ln 2)
  -- log_4 (b^2) = 2y / (2 ln 2) = y / ln 2
  have eq1 : x / (3 * Real.log 2) + y / Real.log 2 = 5 := by
    rw [← h₀]
    simp [Real.logb, x, y]
    ring_nf
  
  -- Rewrite the second equation h₁ in terms of x and y
  -- log_8 b = y / (3 ln 2)
  -- log_4 (a^2) = 2x / (2 ln 2) = x / ln 2
  have eq2 : y / (3 * Real.log 2) + x / Real.log 2 = 7 := by
    rw [← h₁]
    simp [Real.logb, x, y]
    ring_nf
  
  -- To simplify, let's multiply both equations by 3 ln 2 to eliminate denominators
  -- Multiply eq1 by 3 ln 2 to get: x + 3y = 15 ln 2
  have eq3 : x + 3 * y = 15 * Real.log 2 := by
    linear_combination (3 * Real.log 2) * eq1
  
  -- Multiply eq2 by 3 ln 2 to get: y + 3x = 21 ln 2
  have eq4 : y + 3 * x = 21 * Real.log 2 := by
    linear_combination (3 * Real.log 2) * eq2
  
  -- Now we have a system of linear equations in x and y:
  -- 1) x + 3y = 15 ln 2
  -- 2) 3x + y = 21 ln 2
  
  -- Let's solve this system. First, multiply eq3 by 3:
  -- 3x + 9y = 45 ln 2
  have eq5 : 3 * x + 9 * y = 45 * Real.log 2 := by
    linear_combination 3 * eq3
  
  -- Subtract eq4 from this new equation to eliminate x:
  -- (3x - 3x) + (9y - y) = (45 ln 2 - 21 ln 2)
  -- 8y = 24 ln 2
  have eq6 : 8 * y = 24 * Real.log 2 := by
    linear_combination eq5 - eq4
  
  -- Solve for y: y = 3 ln 2
  have y_eq : y = 3 * Real.log 2 := by
    linear_combination eq6 / 8
  
  -- Substitute y = 3 ln 2 back into eq3 to find x:
  -- x + 3*(3 ln 2) = 15 ln 2
  -- x + 9 ln 2 = 15 ln 2
  -- x = 6 ln 2
  have x_eq : x = 6 * Real.log 2 := by
    linear_combination eq3 - 3 * y_eq
  
  -- Recall that x = ln a and y = ln b
  -- Therefore:
  -- ln a = 6 ln 2 ⇒ a = exp (6 ln 2) = 2^6 = 64
  -- ln b = 3 ln 2 ⇒ b = exp (3 ln 2) = 2^3 = 8
  
  -- Now compute a * b = 64 * 8 = 512
  -- To prove this in Lean, we'll need to show a = 2^6 and b = 2^3
  have a_eq : a = 2 ^ 6 := by
    rw [← Real.exp_log (by positivity : 0 < a), x_eq]
    simp [Real.exp_mul, Real.exp_log (by positivity : 0 < (2:ℝ))]
    norm_num
  
  have b_eq : b = 2 ^ 3 := by
    rw [← Real.exp_log (by positivity : 0 < b), y_eq]
    simp [Real.exp_mul, Real.exp_log (by positivity : 0 < (2:ℝ))]
    norm_num
  
  -- Finally, compute a * b
  rw [a_eq, b_eq]
  -- 2^6 * 2^3 = 2^(6+3) = 2^9 = 512
  norm_num
2025-04-16 09:12:59 - INFO - ==================================================

2025-04-16 09:12:59 - INFO - Testing fragment: rw [left_distrib]
2025-04-16 09:12:59 - INFO - Original error line: theorem aime_1984_p5 (a b : ℝ) (h₀ : Real.logb 8 a + Real.logb 4 (b ^ 2) = 5)
2025-04-16 09:12:59 - INFO - Testing fix: Original errors: 1, Fixed errors: 1
2025-04-16 09:12:59 - INFO - Result: False (introduced 1 new errors)
2025-04-16 09:12:59 - DEBUG - === New errors detail ===
2025-04-16 09:12:59 - DEBUG - New Error 1: line 1, type: other_error, message: unexpected identifier; expected 'lemma'
2025-04-16 09:12:59 - INFO - Testing fragment: rw [right_distrib]
2025-04-16 09:12:59 - INFO - Original error line: theorem aime_1984_p5 (a b : ℝ) (h₀ : Real.logb 8 a + Real.logb 4 (b ^ 2) = 5)
2025-04-16 09:13:00 - INFO - Testing fix: Original errors: 1, Fixed errors: 1
2025-04-16 09:13:00 - INFO - Result: False (introduced 1 new errors)
2025-04-16 09:13:00 - DEBUG - === New errors detail ===
2025-04-16 09:13:00 - DEBUG - New Error 1: line 1, type: other_error, message: unexpected identifier; expected 'lemma'
2025-04-16 09:13:00 - INFO - Testing fragment: rw [distrib_three_right]
2025-04-16 09:13:00 - INFO - Original error line: theorem aime_1984_p5 (a b : ℝ) (h₀ : Real.logb 8 a + Real.logb 4 (b ^ 2) = 5)
2025-04-16 09:13:00 - INFO - Testing fix: Original errors: 1, Fixed errors: 1
2025-04-16 09:13:00 - INFO - Result: False (introduced 1 new errors)
2025-04-16 09:13:00 - DEBUG - === New errors detail ===
2025-04-16 09:13:00 - DEBUG - New Error 1: line 1, type: other_error, message: unexpected identifier; expected 'lemma'
2025-04-16 09:13:00 - INFO - Testing fragment: rw [add_one_mul]
2025-04-16 09:13:00 - INFO - Original error line: theorem aime_1984_p5 (a b : ℝ) (h₀ : Real.logb 8 a + Real.logb 4 (b ^ 2) = 5)
2025-04-16 09:13:00 - INFO - Testing fix: Original errors: 1, Fixed errors: 1
2025-04-16 09:13:00 - INFO - Result: False (introduced 1 new errors)
2025-04-16 09:13:00 - DEBUG - === New errors detail ===
2025-04-16 09:13:00 - DEBUG - New Error 1: line 1, type: other_error, message: unexpected identifier; expected 'lemma'
2025-04-16 09:13:00 - INFO - Testing fragment: rw [mul_add_one]
2025-04-16 09:13:00 - INFO - Original error line: theorem aime_1984_p5 (a b : ℝ) (h₀ : Real.logb 8 a + Real.logb 4 (b ^ 2) = 5)
2025-04-16 09:13:00 - INFO - Testing fix: Original errors: 1, Fixed errors: 1
2025-04-16 09:13:00 - INFO - Result: False (introduced 1 new errors)
2025-04-16 09:13:00 - DEBUG - === New errors detail ===
2025-04-16 09:13:00 - DEBUG - New Error 1: line 1, type: other_error, message: unexpected identifier; expected 'lemma'
2025-04-16 09:13:00 - INFO - Testing fragment: rw [one_add_mul]
2025-04-16 09:13:00 - INFO - Original error line: theorem aime_1984_p5 (a b : ℝ) (h₀ : Real.logb 8 a + Real.logb 4 (b ^ 2) = 5)
2025-04-16 09:13:00 - INFO - Testing fix: Original errors: 1, Fixed errors: 1
2025-04-16 09:13:00 - INFO - Result: False (introduced 1 new errors)
2025-04-16 09:13:00 - DEBUG - === New errors detail ===
2025-04-16 09:13:00 - DEBUG - New Error 1: line 1, type: other_error, message: unexpected identifier; expected 'lemma'
2025-04-16 09:13:00 - INFO - Testing fragment: rw [mul_one_add]
2025-04-16 09:13:00 - INFO - Original error line: theorem aime_1984_p5 (a b : ℝ) (h₀ : Real.logb 8 a + Real.logb 4 (b ^ 2) = 5)
2025-04-16 09:13:00 - INFO - Testing fix: Original errors: 1, Fixed errors: 1
2025-04-16 09:13:00 - INFO - Result: False (introduced 1 new errors)
2025-04-16 09:13:00 - DEBUG - === New errors detail ===
2025-04-16 09:13:00 - DEBUG - New Error 1: line 1, type: other_error, message: unexpected identifier; expected 'lemma'
2025-04-16 09:13:00 - INFO - Testing fragment: rw [two_mul]
2025-04-16 09:13:00 - INFO - Original error line: theorem aime_1984_p5 (a b : ℝ) (h₀ : Real.logb 8 a + Real.logb 4 (b ^ 2) = 5)
2025-04-16 09:13:00 - INFO - Testing fix: Original errors: 1, Fixed errors: 1
2025-04-16 09:13:00 - INFO - Result: False (introduced 1 new errors)
2025-04-16 09:13:00 - DEBUG - === New errors detail ===
2025-04-16 09:13:00 - DEBUG - New Error 1: line 1, type: other_error, message: unexpected identifier; expected 'lemma'
2025-04-16 09:13:00 - INFO - Testing fragment: rw [mul_two]
2025-04-16 09:13:00 - INFO - Original error line: theorem aime_1984_p5 (a b : ℝ) (h₀ : Real.logb 8 a + Real.logb 4 (b ^ 2) = 5)
2025-04-16 09:13:00 - INFO - Testing fix: Original errors: 1, Fixed errors: 1
2025-04-16 09:13:00 - INFO - Result: False (introduced 1 new errors)
2025-04-16 09:13:00 - DEBUG - === New errors detail ===
2025-04-16 09:13:00 - DEBUG - New Error 1: line 1, type: other_error, message: unexpected identifier; expected 'lemma'
2025-04-16 09:13:00 - INFO - Testing fragment: rw [mul_boole]
2025-04-16 09:13:00 - INFO - Original error line: theorem aime_1984_p5 (a b : ℝ) (h₀ : Real.logb 8 a + Real.logb 4 (b ^ 2) = 5)
2025-04-16 09:13:00 - INFO - Testing fix: Original errors: 1, Fixed errors: 1
2025-04-16 09:13:00 - INFO - Result: False (introduced 1 new errors)
2025-04-16 09:13:00 - DEBUG - === New errors detail ===
2025-04-16 09:13:00 - DEBUG - New Error 1: line 1, type: other_error, message: unexpected identifier; expected 'lemma'
2025-04-16 09:13:00 - INFO - Testing fragment: rw [boole_mul]
2025-04-16 09:13:00 - INFO - Original error line: theorem aime_1984_p5 (a b : ℝ) (h₀ : Real.logb 8 a + Real.logb 4 (b ^ 2) = 5)
2025-04-16 09:13:00 - INFO - Testing fix: Original errors: 1, Fixed errors: 1
2025-04-16 09:13:00 - INFO - Result: False (introduced 1 new errors)
2025-04-16 09:13:00 - DEBUG - === New errors detail ===
2025-04-16 09:13:00 - DEBUG - New Error 1: line 1, type: other_error, message: unexpected identifier; expected 'lemma'
2025-04-16 09:13:00 - INFO - Testing fragment: rw [add_mul_self_eq]
2025-04-16 09:13:00 - INFO - Original error line: theorem aime_1984_p5 (a b : ℝ) (h₀ : Real.logb 8 a + Real.logb 4 (b ^ 2) = 5)
2025-04-16 09:13:00 - INFO - Testing fix: Original errors: 1, Fixed errors: 1
2025-04-16 09:13:00 - INFO - Result: False (introduced 1 new errors)
2025-04-16 09:13:00 - DEBUG - === New errors detail ===
2025-04-16 09:13:00 - DEBUG - New Error 1: line 1, type: other_error, message: unexpected identifier; expected 'lemma'
2025-04-16 09:13:00 - INFO - Testing fragment: rw [neg_mul]
2025-04-16 09:13:00 - INFO - Original error line: theorem aime_1984_p5 (a b : ℝ) (h₀ : Real.logb 8 a + Real.logb 4 (b ^ 2) = 5)
2025-04-16 09:13:00 - INFO - Testing fix: Original errors: 1, Fixed errors: 1
2025-04-16 09:13:00 - INFO - Result: False (introduced 1 new errors)
2025-04-16 09:13:00 - DEBUG - === New errors detail ===
2025-04-16 09:13:00 - DEBUG - New Error 1: line 1, type: other_error, message: unexpected identifier; expected 'lemma'
2025-04-16 09:13:00 - INFO - Testing fragment: rw [mul_neg]
2025-04-16 09:13:00 - INFO - Original error line: theorem aime_1984_p5 (a b : ℝ) (h₀ : Real.logb 8 a + Real.logb 4 (b ^ 2) = 5)
2025-04-16 09:13:00 - INFO - Testing fix: Original errors: 1, Fixed errors: 1
2025-04-16 09:13:00 - INFO - Result: False (introduced 1 new errors)
2025-04-16 09:13:00 - DEBUG - === New errors detail ===
2025-04-16 09:13:00 - DEBUG - New Error 1: line 1, type: other_error, message: unexpected identifier; expected 'lemma'
2025-04-16 09:13:00 - INFO - Testing fragment: rw [neg_mul_neg]
2025-04-16 09:13:00 - INFO - Original error line: theorem aime_1984_p5 (a b : ℝ) (h₀ : Real.logb 8 a + Real.logb 4 (b ^ 2) = 5)
2025-04-16 09:13:00 - INFO - Testing fix: Original errors: 1, Fixed errors: 1
2025-04-16 09:13:00 - INFO - Result: False (introduced 1 new errors)
2025-04-16 09:13:00 - DEBUG - === New errors detail ===
2025-04-16 09:13:00 - DEBUG - New Error 1: line 1, type: other_error, message: unexpected identifier; expected 'lemma'
2025-04-16 09:13:00 - INFO - Testing fragment: rw [neg_mul_eq_neg_mul]
2025-04-16 09:13:00 - INFO - Original error line: theorem aime_1984_p5 (a b : ℝ) (h₀ : Real.logb 8 a + Real.logb 4 (b ^ 2) = 5)
2025-04-16 09:13:00 - INFO - Testing fix: Original errors: 1, Fixed errors: 1
2025-04-16 09:13:00 - INFO - Result: False (introduced 1 new errors)
2025-04-16 09:13:00 - DEBUG - === New errors detail ===
2025-04-16 09:13:00 - DEBUG - New Error 1: line 1, type: other_error, message: unexpected identifier; expected 'lemma'
2025-04-16 09:13:00 - INFO - Testing fragment: rw [neg_mul_eq_mul_neg]
2025-04-16 09:13:00 - INFO - Original error line: theorem aime_1984_p5 (a b : ℝ) (h₀ : Real.logb 8 a + Real.logb 4 (b ^ 2) = 5)
2025-04-16 09:13:00 - INFO - Testing fix: Original errors: 1, Fixed errors: 1
2025-04-16 09:13:00 - INFO - Result: False (introduced 1 new errors)
2025-04-16 09:13:00 - DEBUG - === New errors detail ===
2025-04-16 09:13:00 - DEBUG - New Error 1: line 1, type: other_error, message: unexpected identifier; expected 'lemma'
2025-04-16 09:13:00 - INFO - Testing fragment: rw [neg_mul_comm]
2025-04-16 09:13:00 - INFO - Original error line: theorem aime_1984_p5 (a b : ℝ) (h₀ : Real.logb 8 a + Real.logb 4 (b ^ 2) = 5)
2025-04-16 09:13:00 - INFO - Testing fix: Original errors: 1, Fixed errors: 1
2025-04-16 09:13:00 - INFO - Result: False (introduced 1 new errors)
2025-04-16 09:13:00 - DEBUG - === New errors detail ===
2025-04-16 09:13:00 - DEBUG - New Error 1: line 1, type: other_error, message: unexpected identifier; expected 'lemma'
2025-04-16 09:13:00 - INFO - Testing fragment: rw [neg_eq_neg_one_mul]
2025-04-16 09:13:00 - INFO - Original error line: theorem aime_1984_p5 (a b : ℝ) (h₀ : Real.logb 8 a + Real.logb 4 (b ^ 2) = 5)
2025-04-16 09:13:00 - INFO - Testing fix: Original errors: 1, Fixed errors: 1
2025-04-16 09:13:00 - INFO - Result: False (introduced 1 new errors)
2025-04-16 09:13:00 - DEBUG - === New errors detail ===
2025-04-16 09:13:00 - DEBUG - New Error 1: line 1, type: other_error, message: unexpected identifier; expected 'lemma'
2025-04-16 09:13:00 - INFO - Testing fragment: rw [mul_neg_one]
2025-04-16 09:13:00 - INFO - Original error line: theorem aime_1984_p5 (a b : ℝ) (h₀ : Real.logb 8 a + Real.logb 4 (b ^ 2) = 5)
2025-04-16 09:13:00 - INFO - Testing fix: Original errors: 1, Fixed errors: 1
2025-04-16 09:13:00 - INFO - Result: False (introduced 1 new errors)
2025-04-16 09:13:00 - DEBUG - === New errors detail ===
2025-04-16 09:13:00 - DEBUG - New Error 1: line 1, type: other_error, message: unexpected identifier; expected 'lemma'
2025-04-16 09:13:00 - INFO - Testing fragment: rw [neg_one_mul]
2025-04-16 09:13:00 - INFO - Original error line: theorem aime_1984_p5 (a b : ℝ) (h₀ : Real.logb 8 a + Real.logb 4 (b ^ 2) = 5)
2025-04-16 09:13:00 - INFO - Testing fix: Original errors: 1, Fixed errors: 1
2025-04-16 09:13:00 - INFO - Result: False (introduced 1 new errors)
2025-04-16 09:13:00 - DEBUG - === New errors detail ===
2025-04-16 09:13:00 - DEBUG - New Error 1: line 1, type: other_error, message: unexpected identifier; expected 'lemma'
2025-04-16 09:13:00 - INFO - Testing fragment: rw [mul_sub_left_distrib]
2025-04-16 09:13:00 - INFO - Original error line: theorem aime_1984_p5 (a b : ℝ) (h₀ : Real.logb 8 a + Real.logb 4 (b ^ 2) = 5)
2025-04-16 09:13:00 - INFO - Testing fix: Original errors: 1, Fixed errors: 1
2025-04-16 09:13:00 - INFO - Result: False (introduced 1 new errors)
2025-04-16 09:13:00 - DEBUG - === New errors detail ===
2025-04-16 09:13:00 - DEBUG - New Error 1: line 1, type: other_error, message: unexpected identifier; expected 'lemma'
2025-04-16 09:13:00 - INFO - Testing fragment: rw [mul_sub_right_distrib]
2025-04-16 09:13:00 - INFO - Original error line: theorem aime_1984_p5 (a b : ℝ) (h₀ : Real.logb 8 a + Real.logb 4 (b ^ 2) = 5)
2025-04-16 09:13:00 - INFO - Testing fix: Original errors: 1, Fixed errors: 1
2025-04-16 09:13:00 - INFO - Result: False (introduced 1 new errors)
2025-04-16 09:13:00 - DEBUG - === New errors detail ===
2025-04-16 09:13:00 - DEBUG - New Error 1: line 1, type: other_error, message: unexpected identifier; expected 'lemma'
2025-04-16 09:13:00 - INFO - Testing fragment: rw [sub_one_mul]
2025-04-16 09:13:00 - INFO - Original error line: theorem aime_1984_p5 (a b : ℝ) (h₀ : Real.logb 8 a + Real.logb 4 (b ^ 2) = 5)
2025-04-16 09:13:00 - INFO - Testing fix: Original errors: 1, Fixed errors: 1
2025-04-16 09:13:00 - INFO - Result: False (introduced 1 new errors)
2025-04-16 09:13:00 - DEBUG - === New errors detail ===
2025-04-16 09:13:00 - DEBUG - New Error 1: line 1, type: other_error, message: unexpected identifier; expected 'lemma'
2025-04-16 09:13:00 - INFO - Testing fragment: rw [mul_sub_one]
2025-04-16 09:13:00 - INFO - Original error line: theorem aime_1984_p5 (a b : ℝ) (h₀ : Real.logb 8 a + Real.logb 4 (b ^ 2) = 5)
2025-04-16 09:13:00 - INFO - Testing fix: Original errors: 1, Fixed errors: 1
2025-04-16 09:13:00 - INFO - Result: False (introduced 1 new errors)
2025-04-16 09:13:00 - DEBUG - === New errors detail ===
2025-04-16 09:13:00 - DEBUG - New Error 1: line 1, type: other_error, message: unexpected identifier; expected 'lemma'
2025-04-16 09:13:00 - INFO - Testing fragment: rw [one_sub_mul]
2025-04-16 09:13:00 - INFO - Original error line: theorem aime_1984_p5 (a b : ℝ) (h₀ : Real.logb 8 a + Real.logb 4 (b ^ 2) = 5)
2025-04-16 09:13:00 - INFO - Testing fix: Original errors: 1, Fixed errors: 1
2025-04-16 09:13:00 - INFO - Result: False (introduced 1 new errors)
2025-04-16 09:13:00 - DEBUG - === New errors detail ===
2025-04-16 09:13:00 - DEBUG - New Error 1: line 1, type: other_error, message: unexpected identifier; expected 'lemma'
2025-04-16 09:13:00 - INFO - Testing fragment: rw [mul_one_sub]
2025-04-16 09:13:00 - INFO - Original error line: theorem aime_1984_p5 (a b : ℝ) (h₀ : Real.logb 8 a + Real.logb 4 (b ^ 2) = 5)
2025-04-16 09:13:00 - INFO - Testing fix: Original errors: 1, Fixed errors: 1
2025-04-16 09:13:00 - INFO - Result: False (introduced 1 new errors)
2025-04-16 09:13:00 - DEBUG - === New errors detail ===
2025-04-16 09:13:00 - DEBUG - New Error 1: line 1, type: other_error, message: unexpected identifier; expected 'lemma'
2025-04-16 09:13:00 - INFO - Testing fragment: rw [mul_left_cancel]
2025-04-16 09:13:00 - INFO - Original error line: theorem aime_1984_p5 (a b : ℝ) (h₀ : Real.logb 8 a + Real.logb 4 (b ^ 2) = 5)
2025-04-16 09:13:00 - INFO - Testing fix: Original errors: 1, Fixed errors: 1
2025-04-16 09:13:00 - INFO - Result: False (introduced 1 new errors)
2025-04-16 09:13:00 - DEBUG - === New errors detail ===
2025-04-16 09:13:00 - DEBUG - New Error 1: line 1, type: other_error, message: unexpected identifier; expected 'lemma'
2025-04-16 09:13:00 - INFO - Testing fragment: rw [mul_left_cancel_iff]
2025-04-16 09:13:00 - INFO - Original error line: theorem aime_1984_p5 (a b : ℝ) (h₀ : Real.logb 8 a + Real.logb 4 (b ^ 2) = 5)
2025-04-16 09:13:00 - INFO - Testing fix: Original errors: 1, Fixed errors: 1
2025-04-16 09:13:00 - INFO - Result: False (introduced 1 new errors)
2025-04-16 09:13:00 - DEBUG - === New errors detail ===
2025-04-16 09:13:00 - DEBUG - New Error 1: line 1, type: other_error, message: unexpected identifier; expected 'lemma'
2025-04-16 09:13:00 - INFO - Testing fragment: rw [mul_right_injective]
2025-04-16 09:13:00 - INFO - Original error line: theorem aime_1984_p5 (a b : ℝ) (h₀ : Real.logb 8 a + Real.logb 4 (b ^ 2) = 5)
2025-04-16 09:13:00 - INFO - Testing fix: Original errors: 1, Fixed errors: 1
2025-04-16 09:13:00 - INFO - Result: False (introduced 1 new errors)
2025-04-16 09:13:00 - DEBUG - === New errors detail ===
2025-04-16 09:13:00 - DEBUG - New Error 1: line 1, type: other_error, message: unexpected identifier; expected 'lemma'
2025-04-16 09:13:00 - INFO - Testing fragment: rw [mul_right_inj]
2025-04-16 09:13:00 - INFO - Original error line: theorem aime_1984_p5 (a b : ℝ) (h₀ : Real.logb 8 a + Real.logb 4 (b ^ 2) = 5)
2025-04-16 09:13:00 - INFO - Testing fix: Original errors: 1, Fixed errors: 1
2025-04-16 09:13:00 - INFO - Result: False (introduced 1 new errors)
2025-04-16 09:13:00 - DEBUG - === New errors detail ===
2025-04-16 09:13:00 - DEBUG - New Error 1: line 1, type: other_error, message: unexpected identifier; expected 'lemma'
2025-04-16 09:13:00 - INFO - Testing fragment: rw [mul_ne_mul_right]
2025-04-16 09:13:00 - INFO - Original error line: theorem aime_1984_p5 (a b : ℝ) (h₀ : Real.logb 8 a + Real.logb 4 (b ^ 2) = 5)
2025-04-16 09:13:00 - INFO - Testing fix: Original errors: 1, Fixed errors: 1
2025-04-16 09:13:00 - INFO - Result: False (introduced 1 new errors)
2025-04-16 09:13:00 - DEBUG - === New errors detail ===
2025-04-16 09:13:00 - DEBUG - New Error 1: line 1, type: other_error, message: unexpected identifier; expected 'lemma'
2025-04-16 09:13:00 - INFO - Testing fragment: rw [mul_right_cancel]
2025-04-16 09:13:00 - INFO - Original error line: theorem aime_1984_p5 (a b : ℝ) (h₀ : Real.logb 8 a + Real.logb 4 (b ^ 2) = 5)
2025-04-16 09:13:00 - INFO - Testing fix: Original errors: 1, Fixed errors: 1
2025-04-16 09:13:00 - INFO - Result: False (introduced 1 new errors)
2025-04-16 09:13:00 - DEBUG - === New errors detail ===
2025-04-16 09:13:00 - DEBUG - New Error 1: line 1, type: other_error, message: unexpected identifier; expected 'lemma'
2025-04-16 09:13:00 - INFO - Testing fragment: rw [mul_right_cancel_iff]
2025-04-16 09:13:00 - INFO - Original error line: theorem aime_1984_p5 (a b : ℝ) (h₀ : Real.logb 8 a + Real.logb 4 (b ^ 2) = 5)
2025-04-16 09:13:00 - INFO - Testing fix: Original errors: 1, Fixed errors: 1
2025-04-16 09:13:00 - INFO - Result: False (introduced 1 new errors)
2025-04-16 09:13:00 - DEBUG - === New errors detail ===
2025-04-16 09:13:00 - DEBUG - New Error 1: line 1, type: other_error, message: unexpected identifier; expected 'lemma'
2025-04-16 09:13:00 - INFO - Testing fragment: rw [mul_left_injective]
2025-04-16 09:13:00 - INFO - Original error line: theorem aime_1984_p5 (a b : ℝ) (h₀ : Real.logb 8 a + Real.logb 4 (b ^ 2) = 5)
2025-04-16 09:13:00 - INFO - Testing fix: Original errors: 1, Fixed errors: 1
2025-04-16 09:13:00 - INFO - Result: False (introduced 1 new errors)
2025-04-16 09:13:00 - DEBUG - === New errors detail ===
2025-04-16 09:13:00 - DEBUG - New Error 1: line 1, type: other_error, message: unexpected identifier; expected 'lemma'
2025-04-16 09:13:00 - INFO - Testing fragment: rw [mul_left_inj]
2025-04-16 09:13:00 - INFO - Original error line: theorem aime_1984_p5 (a b : ℝ) (h₀ : Real.logb 8 a + Real.logb 4 (b ^ 2) = 5)
2025-04-16 09:13:00 - INFO - Testing fix: Original errors: 1, Fixed errors: 1
2025-04-16 09:13:00 - INFO - Result: False (introduced 1 new errors)
2025-04-16 09:13:00 - DEBUG - === New errors detail ===
2025-04-16 09:13:00 - DEBUG - New Error 1: line 1, type: other_error, message: unexpected identifier; expected 'lemma'
2025-04-16 09:13:00 - INFO - Testing fragment: rw [mul_ne_mul_left]
2025-04-16 09:13:00 - INFO - Original error line: theorem aime_1984_p5 (a b : ℝ) (h₀ : Real.logb 8 a + Real.logb 4 (b ^ 2) = 5)
2025-04-16 09:13:00 - INFO - Testing fix: Original errors: 1, Fixed errors: 1
2025-04-16 09:13:00 - INFO - Result: False (introduced 1 new errors)
2025-04-16 09:13:00 - DEBUG - === New errors detail ===
2025-04-16 09:13:00 - DEBUG - New Error 1: line 1, type: other_error, message: unexpected identifier; expected 'lemma'
2025-04-16 09:13:00 - INFO - Testing fragment: rw [mul_assoc]
2025-04-16 09:13:00 - INFO - Original error line: theorem aime_1984_p5 (a b : ℝ) (h₀ : Real.logb 8 a + Real.logb 4 (b ^ 2) = 5)
2025-04-16 09:13:00 - INFO - Testing fix: Original errors: 1, Fixed errors: 1
2025-04-16 09:13:00 - INFO - Result: False (introduced 1 new errors)
2025-04-16 09:13:00 - DEBUG - === New errors detail ===
2025-04-16 09:13:00 - DEBUG - New Error 1: line 1, type: other_error, message: unexpected identifier; expected 'lemma'
2025-04-16 09:13:00 - INFO - Testing fragment: rw [mul_comm]
2025-04-16 09:13:00 - INFO - Original error line: theorem aime_1984_p5 (a b : ℝ) (h₀ : Real.logb 8 a + Real.logb 4 (b ^ 2) = 5)
2025-04-16 09:13:00 - INFO - Testing fix: Original errors: 1, Fixed errors: 1
2025-04-16 09:13:00 - INFO - Result: False (introduced 1 new errors)
2025-04-16 09:13:00 - DEBUG - === New errors detail ===
2025-04-16 09:13:00 - DEBUG - New Error 1: line 1, type: other_error, message: unexpected identifier; expected 'lemma'
2025-04-16 09:13:00 - INFO - Testing fragment: rw [MulOneClass]
2025-04-16 09:13:00 - INFO - Original error line: theorem aime_1984_p5 (a b : ℝ) (h₀ : Real.logb 8 a + Real.logb 4 (b ^ 2) = 5)
2025-04-16 09:13:00 - INFO - Testing fix: Original errors: 1, Fixed errors: 1
2025-04-16 09:13:00 - INFO - Result: False (introduced 1 new errors)
2025-04-16 09:13:00 - DEBUG - === New errors detail ===
2025-04-16 09:13:00 - DEBUG - New Error 1: line 1, type: other_error, message: unexpected identifier; expected 'lemma'
2025-04-16 09:13:00 - INFO - Testing fragment: rw [one_mul]
2025-04-16 09:13:00 - INFO - Original error line: theorem aime_1984_p5 (a b : ℝ) (h₀ : Real.logb 8 a + Real.logb 4 (b ^ 2) = 5)
2025-04-16 09:13:00 - INFO - Testing fix: Original errors: 1, Fixed errors: 1
2025-04-16 09:13:00 - INFO - Result: False (introduced 1 new errors)
2025-04-16 09:13:00 - DEBUG - === New errors detail ===
2025-04-16 09:13:00 - DEBUG - New Error 1: line 1, type: other_error, message: unexpected identifier; expected 'lemma'
2025-04-16 09:13:00 - INFO - Testing fragment: rw [mul_one]
2025-04-16 09:13:00 - INFO - Original error line: theorem aime_1984_p5 (a b : ℝ) (h₀ : Real.logb 8 a + Real.logb 4 (b ^ 2) = 5)
2025-04-16 09:13:00 - INFO - Testing fix: Original errors: 1, Fixed errors: 1
2025-04-16 09:13:00 - INFO - Result: False (introduced 1 new errors)
2025-04-16 09:13:00 - DEBUG - === New errors detail ===
2025-04-16 09:13:00 - DEBUG - New Error 1: line 1, type: other_error, message: unexpected identifier; expected 'lemma'
2025-04-16 09:13:00 - INFO - Testing fragment: rw [npowRec_add]
2025-04-16 09:13:00 - INFO - Original error line: theorem aime_1984_p5 (a b : ℝ) (h₀ : Real.logb 8 a + Real.logb 4 (b ^ 2) = 5)
2025-04-16 09:13:00 - INFO - Testing fix: Original errors: 1, Fixed errors: 1
2025-04-16 09:13:00 - INFO - Result: False (introduced 1 new errors)
2025-04-16 09:13:00 - DEBUG - === New errors detail ===
2025-04-16 09:13:00 - DEBUG - New Error 1: line 1, type: other_error, message: unexpected identifier; expected 'lemma'
2025-04-16 09:13:00 - INFO - Testing fragment: rw [npowRec_succ]
2025-04-16 09:13:00 - INFO - Original error line: theorem aime_1984_p5 (a b : ℝ) (h₀ : Real.logb 8 a + Real.logb 4 (b ^ 2) = 5)
2025-04-16 09:13:00 - INFO - Testing fix: Original errors: 1, Fixed errors: 1
2025-04-16 09:13:00 - INFO - Result: False (introduced 1 new errors)
2025-04-16 09:13:00 - DEBUG - === New errors detail ===
2025-04-16 09:13:00 - DEBUG - New Error 1: line 1, type: other_error, message: unexpected identifier; expected 'lemma'
2025-04-16 09:13:00 - INFO - Testing fragment: rw [npowRec'_succ]
2025-04-16 09:13:00 - INFO - Original error line: theorem aime_1984_p5 (a b : ℝ) (h₀ : Real.logb 8 a + Real.logb 4 (b ^ 2) = 5)
2025-04-16 09:13:00 - INFO - Testing fix: Original errors: 1, Fixed errors: 1
2025-04-16 09:13:00 - INFO - Result: False (introduced 1 new errors)
2025-04-16 09:13:00 - DEBUG - === New errors detail ===
2025-04-16 09:13:00 - DEBUG - New Error 1: line 1, type: other_error, message: unexpected identifier; expected 'lemma'
2025-04-16 09:13:00 - INFO - Testing fragment: rw [npowRec'_two_mul]
2025-04-16 09:13:00 - INFO - Original error line: theorem aime_1984_p5 (a b : ℝ) (h₀ : Real.logb 8 a + Real.logb 4 (b ^ 2) = 5)
2025-04-16 09:13:00 - INFO - Testing fix: Original errors: 1, Fixed errors: 1
2025-04-16 09:13:00 - INFO - Result: False (introduced 1 new errors)
2025-04-16 09:13:00 - DEBUG - === New errors detail ===
2025-04-16 09:13:00 - DEBUG - New Error 1: line 1, type: other_error, message: unexpected identifier; expected 'lemma'
2025-04-16 09:13:00 - INFO - Testing fragment: rw [npowRec'_mul_comm]
2025-04-16 09:13:00 - INFO - Original error line: theorem aime_1984_p5 (a b : ℝ) (h₀ : Real.logb 8 a + Real.logb 4 (b ^ 2) = 5)
2025-04-16 09:13:00 - INFO - Testing fix: Original errors: 1, Fixed errors: 1
2025-04-16 09:13:00 - INFO - Result: False (introduced 1 new errors)
2025-04-16 09:13:00 - DEBUG - === New errors detail ===
2025-04-16 09:13:00 - DEBUG - New Error 1: line 1, type: other_error, message: unexpected identifier; expected 'lemma'
2025-04-16 09:13:00 - INFO - Testing fragment: rw [npowRec_eq]
2025-04-16 09:13:00 - INFO - Original error line: theorem aime_1984_p5 (a b : ℝ) (h₀ : Real.logb 8 a + Real.logb 4 (b ^ 2) = 5)
2025-04-16 09:13:00 - INFO - Testing fix: Original errors: 1, Fixed errors: 1
2025-04-16 09:13:00 - INFO - Result: False (introduced 1 new errors)
2025-04-16 09:13:00 - DEBUG - === New errors detail ===
2025-04-16 09:13:00 - DEBUG - New Error 1: line 1, type: other_error, message: unexpected identifier; expected 'lemma'
2025-04-16 09:13:00 - INFO - Testing fragment: rw [npowBinRec]
2025-04-16 09:13:00 - INFO - Original error line: theorem aime_1984_p5 (a b : ℝ) (h₀ : Real.logb 8 a + Real.logb 4 (b ^ 2) = 5)
2025-04-16 09:13:00 - INFO - Testing fix: Original errors: 1, Fixed errors: 1
2025-04-16 09:13:00 - INFO - Result: False (introduced 1 new errors)
2025-04-16 09:13:00 - DEBUG - === New errors detail ===
2025-04-16 09:13:00 - DEBUG - New Error 1: line 1, type: other_error, message: unexpected identifier; expected 'lemma'
2025-04-16 09:13:00 - INFO - Testing fragment: rw [npowRec_eq_npowBinRec]
2025-04-16 09:13:00 - INFO - Original error line: theorem aime_1984_p5 (a b : ℝ) (h₀ : Real.logb 8 a + Real.logb 4 (b ^ 2) = 5)
2025-04-16 09:13:00 - INFO - Testing fix: Original errors: 1, Fixed errors: 1
2025-04-16 09:13:00 - INFO - Result: False (introduced 1 new errors)
2025-04-16 09:13:00 - DEBUG - === New errors detail ===
2025-04-16 09:13:00 - DEBUG - New Error 1: line 1, type: other_error, message: unexpected identifier; expected 'lemma'
2025-04-16 09:13:00 - INFO - Testing fragment: rw [npow_eq_pow]
2025-04-16 09:13:00 - INFO - Original error line: theorem aime_1984_p5 (a b : ℝ) (h₀ : Real.logb 8 a + Real.logb 4 (b ^ 2) = 5)
2025-04-16 09:13:00 - INFO - Testing fix: Original errors: 1, Fixed errors: 1
2025-04-16 09:13:00 - INFO - Result: False (introduced 1 new errors)
2025-04-16 09:13:00 - DEBUG - === New errors detail ===
2025-04-16 09:13:00 - DEBUG - New Error 1: line 1, type: other_error, message: unexpected identifier; expected 'lemma'
2025-04-16 09:13:00 - INFO - Testing fragment: rw [pow_zero]
2025-04-16 09:13:00 - INFO - Original error line: theorem aime_1984_p5 (a b : ℝ) (h₀ : Real.logb 8 a + Real.logb 4 (b ^ 2) = 5)
2025-04-16 09:13:00 - INFO - Testing fix: Original errors: 1, Fixed errors: 1
2025-04-16 09:13:00 - INFO - Result: False (introduced 1 new errors)
2025-04-16 09:13:00 - DEBUG - === New errors detail ===
2025-04-16 09:13:00 - DEBUG - New Error 1: line 1, type: other_error, message: unexpected identifier; expected 'lemma'
2025-04-16 09:13:00 - INFO - Testing fragment: rw [pow_succ]
2025-04-16 09:13:00 - INFO - Original error line: theorem aime_1984_p5 (a b : ℝ) (h₀ : Real.logb 8 a + Real.logb 4 (b ^ 2) = 5)
2025-04-16 09:13:00 - INFO - Testing fix: Original errors: 1, Fixed errors: 1
2025-04-16 09:13:00 - INFO - Result: False (introduced 1 new errors)
2025-04-16 09:13:00 - DEBUG - === New errors detail ===
2025-04-16 09:13:00 - DEBUG - New Error 1: line 1, type: other_error, message: unexpected identifier; expected 'lemma'
2025-04-16 09:13:00 - INFO - Testing fragment: rw [inv_inv]
2025-04-16 09:13:00 - INFO - Original error line: theorem aime_1984_p5 (a b : ℝ) (h₀ : Real.logb 8 a + Real.logb 4 (b ^ 2) = 5)
2025-04-16 09:13:00 - INFO - Testing fix: Original errors: 1, Fixed errors: 1
2025-04-16 09:13:00 - INFO - Result: False (introduced 1 new errors)
2025-04-16 09:13:00 - DEBUG - === New errors detail ===
2025-04-16 09:13:00 - DEBUG - New Error 1: line 1, type: other_error, message: unexpected identifier; expected 'lemma'
2025-04-16 09:13:00 - INFO - Testing fragment: rw [exists_zpow_surjective]
2025-04-16 09:13:00 - INFO - Original error line: theorem aime_1984_p5 (a b : ℝ) (h₀ : Real.logb 8 a + Real.logb 4 (b ^ 2) = 5)
2025-04-16 09:13:00 - INFO - Testing fix: Original errors: 1, Fixed errors: 1
2025-04-16 09:13:00 - INFO - Result: False (introduced 1 new errors)
2025-04-16 09:13:00 - DEBUG - === New errors detail ===
2025-04-16 09:13:00 - DEBUG - New Error 1: line 1, type: other_error, message: unexpected identifier; expected 'lemma'
2025-04-16 09:13:00 - INFO - Testing fragment: rw [zpow_eq_pow]
2025-04-16 09:13:00 - INFO - Original error line: theorem aime_1984_p5 (a b : ℝ) (h₀ : Real.logb 8 a + Real.logb 4 (b ^ 2) = 5)
2025-04-16 09:13:00 - INFO - Testing fix: Original errors: 1, Fixed errors: 1
2025-04-16 09:13:00 - INFO - Result: False (introduced 1 new errors)
2025-04-16 09:13:00 - DEBUG - === New errors detail ===
2025-04-16 09:13:00 - DEBUG - New Error 1: line 1, type: other_error, message: unexpected identifier; expected 'lemma'
2025-04-16 09:13:00 - INFO - Testing fragment: rw [zpow_zero]
2025-04-16 09:13:01 - INFO - Original error line: theorem aime_1984_p5 (a b : ℝ) (h₀ : Real.logb 8 a + Real.logb 4 (b ^ 2) = 5)
2025-04-16 09:13:01 - INFO - Testing fix: Original errors: 1, Fixed errors: 1
2025-04-16 09:13:01 - INFO - Result: False (introduced 1 new errors)
2025-04-16 09:13:01 - DEBUG - === New errors detail ===
2025-04-16 09:13:01 - DEBUG - New Error 1: line 1, type: other_error, message: unexpected identifier; expected 'lemma'
2025-04-16 09:13:01 - INFO - Testing fragment: rw [zpow_natCast]
2025-04-16 09:13:01 - INFO - Original error line: theorem aime_1984_p5 (a b : ℝ) (h₀ : Real.logb 8 a + Real.logb 4 (b ^ 2) = 5)
2025-04-16 09:13:01 - INFO - Testing fix: Original errors: 1, Fixed errors: 1
2025-04-16 09:13:01 - INFO - Result: False (introduced 1 new errors)
2025-04-16 09:13:01 - DEBUG - === New errors detail ===
2025-04-16 09:13:01 - DEBUG - New Error 1: line 1, type: other_error, message: unexpected identifier; expected 'lemma'
2025-04-16 09:13:01 - INFO - Testing fragment: rw [zpow_negSucc]
2025-04-16 09:13:01 - INFO - Original error line: theorem aime_1984_p5 (a b : ℝ) (h₀ : Real.logb 8 a + Real.logb 4 (b ^ 2) = 5)
2025-04-16 09:13:01 - INFO - Testing fix: Original errors: 1, Fixed errors: 1
2025-04-16 09:13:01 - INFO - Result: False (introduced 1 new errors)
2025-04-16 09:13:01 - DEBUG - === New errors detail ===
2025-04-16 09:13:01 - DEBUG - New Error 1: line 1, type: other_error, message: unexpected identifier; expected 'lemma'
2025-04-16 09:13:01 - INFO - Testing fragment: rw [negSucc_zsmul]
2025-04-16 09:13:01 - INFO - Original error line: theorem aime_1984_p5 (a b : ℝ) (h₀ : Real.logb 8 a + Real.logb 4 (b ^ 2) = 5)
2025-04-16 09:13:01 - INFO - Testing fix: Original errors: 1, Fixed errors: 1
2025-04-16 09:13:01 - INFO - Result: False (introduced 1 new errors)
2025-04-16 09:13:01 - DEBUG - === New errors detail ===
2025-04-16 09:13:01 - DEBUG - New Error 1: line 1, type: other_error, message: unexpected identifier; expected 'lemma'
2025-04-16 09:13:01 - INFO - Testing fragment: rw [div_eq_mul_inv]
2025-04-16 09:13:01 - INFO - Original error line: theorem aime_1984_p5 (a b : ℝ) (h₀ : Real.logb 8 a + Real.logb 4 (b ^ 2) = 5)
2025-04-16 09:13:01 - INFO - Testing fix: Original errors: 1, Fixed errors: 1
2025-04-16 09:13:01 - INFO - Result: False (introduced 1 new errors)
2025-04-16 09:13:01 - DEBUG - === New errors detail ===
2025-04-16 09:13:01 - DEBUG - New Error 1: line 1, type: other_error, message: unexpected identifier; expected 'lemma'
2025-04-16 09:13:01 - INFO - Testing fragment: rw [inv_eq_one_div]
2025-04-16 09:13:01 - INFO - Original error line: theorem aime_1984_p5 (a b : ℝ) (h₀ : Real.logb 8 a + Real.logb 4 (b ^ 2) = 5)
2025-04-16 09:13:01 - INFO - Testing fix: Original errors: 1, Fixed errors: 1
2025-04-16 09:13:01 - INFO - Result: False (introduced 1 new errors)
2025-04-16 09:13:01 - DEBUG - === New errors detail ===
2025-04-16 09:13:01 - DEBUG - New Error 1: line 1, type: other_error, message: unexpected identifier; expected 'lemma'
2025-04-16 09:13:01 - INFO - Testing fragment: rw [mul_div_assoc]
2025-04-16 09:13:01 - INFO - Original error line: theorem aime_1984_p5 (a b : ℝ) (h₀ : Real.logb 8 a + Real.logb 4 (b ^ 2) = 5)
2025-04-16 09:13:01 - INFO - Testing fix: Original errors: 1, Fixed errors: 1
2025-04-16 09:13:01 - INFO - Result: False (introduced 1 new errors)
2025-04-16 09:13:01 - DEBUG - === New errors detail ===
2025-04-16 09:13:01 - DEBUG - New Error 1: line 1, type: other_error, message: unexpected identifier; expected 'lemma'
2025-04-16 09:13:01 - INFO - Testing fragment: rw [one_div]
2025-04-16 09:13:01 - INFO - Original error line: theorem aime_1984_p5 (a b : ℝ) (h₀ : Real.logb 8 a + Real.logb 4 (b ^ 2) = 5)
2025-04-16 09:13:01 - INFO - Testing fix: Original errors: 1, Fixed errors: 1
2025-04-16 09:13:01 - INFO - Result: False (introduced 1 new errors)
2025-04-16 09:13:01 - DEBUG - === New errors detail ===
2025-04-16 09:13:01 - DEBUG - New Error 1: line 1, type: other_error, message: unexpected identifier; expected 'lemma'
2025-04-16 09:13:01 - INFO - Testing fragment: rw [inv_one]
2025-04-16 09:13:01 - INFO - Original error line: theorem aime_1984_p5 (a b : ℝ) (h₀ : Real.logb 8 a + Real.logb 4 (b ^ 2) = 5)
2025-04-16 09:13:01 - INFO - Testing fix: Original errors: 1, Fixed errors: 1
2025-04-16 09:13:01 - INFO - Result: False (introduced 1 new errors)
2025-04-16 09:13:01 - DEBUG - === New errors detail ===
2025-04-16 09:13:01 - DEBUG - New Error 1: line 1, type: other_error, message: unexpected identifier; expected 'lemma'
2025-04-16 09:13:01 - INFO - Testing fragment: rw [mul_inv_rev]
2025-04-16 09:13:01 - INFO - Original error line: theorem aime_1984_p5 (a b : ℝ) (h₀ : Real.logb 8 a + Real.logb 4 (b ^ 2) = 5)
2025-04-16 09:13:01 - INFO - Testing fix: Original errors: 1, Fixed errors: 1
2025-04-16 09:13:01 - INFO - Result: False (introduced 1 new errors)
2025-04-16 09:13:01 - DEBUG - === New errors detail ===
2025-04-16 09:13:01 - DEBUG - New Error 1: line 1, type: other_error, message: unexpected identifier; expected 'lemma'
2025-04-16 09:13:01 - INFO - Testing fragment: rw [inv_eq_of_mul_eq_one_right]
2025-04-16 09:13:01 - INFO - Original error line: theorem aime_1984_p5 (a b : ℝ) (h₀ : Real.logb 8 a + Real.logb 4 (b ^ 2) = 5)
2025-04-16 09:13:01 - INFO - Testing fix: Original errors: 1, Fixed errors: 1
2025-04-16 09:13:01 - INFO - Result: False (introduced 1 new errors)
2025-04-16 09:13:01 - DEBUG - === New errors detail ===
2025-04-16 09:13:01 - DEBUG - New Error 1: line 1, type: other_error, message: unexpected identifier; expected 'lemma'
2025-04-16 09:13:01 - INFO - Testing fragment: rw [inv_eq_of_mul_eq_one_left]
2025-04-16 09:13:01 - INFO - Original error line: theorem aime_1984_p5 (a b : ℝ) (h₀ : Real.logb 8 a + Real.logb 4 (b ^ 2) = 5)
2025-04-16 09:13:01 - INFO - Testing fix: Original errors: 1, Fixed errors: 1
2025-04-16 09:13:01 - INFO - Result: False (introduced 1 new errors)
2025-04-16 09:13:01 - DEBUG - === New errors detail ===
2025-04-16 09:13:01 - DEBUG - New Error 1: line 1, type: other_error, message: unexpected identifier; expected 'lemma'
2025-04-16 09:13:01 - INFO - Testing fragment: rw [eq_inv_of_mul_eq_one_left]
2025-04-16 09:13:01 - INFO - Original error line: theorem aime_1984_p5 (a b : ℝ) (h₀ : Real.logb 8 a + Real.logb 4 (b ^ 2) = 5)
2025-04-16 09:13:01 - INFO - Testing fix: Original errors: 1, Fixed errors: 1
2025-04-16 09:13:01 - INFO - Result: False (introduced 1 new errors)
2025-04-16 09:13:01 - DEBUG - === New errors detail ===
2025-04-16 09:13:01 - DEBUG - New Error 1: line 1, type: other_error, message: unexpected identifier; expected 'lemma'
2025-04-16 09:13:01 - INFO - Testing fragment: rw [inv_mul_cancel]
2025-04-16 09:13:01 - INFO - Original error line: theorem aime_1984_p5 (a b : ℝ) (h₀ : Real.logb 8 a + Real.logb 4 (b ^ 2) = 5)
2025-04-16 09:13:01 - INFO - Testing fix: Original errors: 1, Fixed errors: 1
2025-04-16 09:13:01 - INFO - Result: False (introduced 1 new errors)
2025-04-16 09:13:01 - DEBUG - === New errors detail ===
2025-04-16 09:13:01 - DEBUG - New Error 1: line 1, type: other_error, message: unexpected identifier; expected 'lemma'
2025-04-16 09:13:01 - INFO - Testing fragment: rw [inv_eq_of_mul]
2025-04-16 09:13:01 - INFO - Original error line: theorem aime_1984_p5 (a b : ℝ) (h₀ : Real.logb 8 a + Real.logb 4 (b ^ 2) = 5)
2025-04-16 09:13:01 - INFO - Testing fix: Original errors: 1, Fixed errors: 1
2025-04-16 09:13:01 - INFO - Result: False (introduced 1 new errors)
2025-04-16 09:13:01 - DEBUG - === New errors detail ===
2025-04-16 09:13:01 - DEBUG - New Error 1: line 1, type: other_error, message: unexpected identifier; expected 'lemma'
2025-04-16 09:13:01 - INFO - Testing fragment: rw [mul_inv_cancel]
2025-04-16 09:13:01 - INFO - Original error line: theorem aime_1984_p5 (a b : ℝ) (h₀ : Real.logb 8 a + Real.logb 4 (b ^ 2) = 5)
2025-04-16 09:13:01 - INFO - Testing fix: Original errors: 1, Fixed errors: 1
2025-04-16 09:13:01 - INFO - Result: False (introduced 1 new errors)
2025-04-16 09:13:01 - DEBUG - === New errors detail ===
2025-04-16 09:13:01 - DEBUG - New Error 1: line 1, type: other_error, message: unexpected identifier; expected 'lemma'
2025-04-16 09:13:01 - INFO - Testing fragment: rw [div_self']
2025-04-16 09:13:01 - INFO - Original error line: theorem aime_1984_p5 (a b : ℝ) (h₀ : Real.logb 8 a + Real.logb 4 (b ^ 2) = 5)
2025-04-16 09:13:01 - INFO - Testing fix: Original errors: 1, Fixed errors: 1
2025-04-16 09:13:01 - INFO - Result: False (introduced 1 new errors)
2025-04-16 09:13:01 - DEBUG - === New errors detail ===
2025-04-16 09:13:01 - DEBUG - New Error 1: line 1, type: other_error, message: unexpected identifier; expected 'lemma'
2025-04-16 09:13:01 - INFO - Testing fragment: rw [inv_mul_cancel_left]
2025-04-16 09:13:01 - INFO - Original error line: theorem aime_1984_p5 (a b : ℝ) (h₀ : Real.logb 8 a + Real.logb 4 (b ^ 2) = 5)
2025-04-16 09:13:01 - INFO - Testing fix: Original errors: 1, Fixed errors: 1
2025-04-16 09:13:01 - INFO - Result: False (introduced 1 new errors)
2025-04-16 09:13:01 - DEBUG - === New errors detail ===
2025-04-16 09:13:01 - DEBUG - New Error 1: line 1, type: other_error, message: unexpected identifier; expected 'lemma'
2025-04-16 09:13:01 - INFO - Testing fragment: rw [mul_inv_cancel_left]
2025-04-16 09:13:01 - INFO - Original error line: theorem aime_1984_p5 (a b : ℝ) (h₀ : Real.logb 8 a + Real.logb 4 (b ^ 2) = 5)
2025-04-16 09:13:01 - INFO - Testing fix: Original errors: 1, Fixed errors: 1
2025-04-16 09:13:01 - INFO - Result: False (introduced 1 new errors)
2025-04-16 09:13:01 - DEBUG - === New errors detail ===
2025-04-16 09:13:01 - DEBUG - New Error 1: line 1, type: other_error, message: unexpected identifier; expected 'lemma'
2025-04-16 09:13:01 - INFO - Testing fragment: rw [mul_inv_cancel_right]
2025-04-16 09:13:01 - INFO - Original error line: theorem aime_1984_p5 (a b : ℝ) (h₀ : Real.logb 8 a + Real.logb 4 (b ^ 2) = 5)
2025-04-16 09:13:01 - INFO - Testing fix: Original errors: 1, Fixed errors: 1
2025-04-16 09:13:01 - INFO - Result: False (introduced 1 new errors)
2025-04-16 09:13:01 - DEBUG - === New errors detail ===
2025-04-16 09:13:01 - DEBUG - New Error 1: line 1, type: other_error, message: unexpected identifier; expected 'lemma'
2025-04-16 09:13:01 - INFO - Testing fragment: rw [mul_div_cancel_right]
2025-04-16 09:13:01 - INFO - Original error line: theorem aime_1984_p5 (a b : ℝ) (h₀ : Real.logb 8 a + Real.logb 4 (b ^ 2) = 5)
2025-04-16 09:13:01 - INFO - Testing fix: Original errors: 1, Fixed errors: 1
2025-04-16 09:13:01 - INFO - Result: False (introduced 1 new errors)
2025-04-16 09:13:01 - DEBUG - === New errors detail ===
2025-04-16 09:13:01 - DEBUG - New Error 1: line 1, type: other_error, message: unexpected identifier; expected 'lemma'
2025-04-16 09:13:01 - INFO - Testing fragment: rw [inv_mul_cancel_right]
2025-04-16 09:13:01 - INFO - Original error line: theorem aime_1984_p5 (a b : ℝ) (h₀ : Real.logb 8 a + Real.logb 4 (b ^ 2) = 5)
2025-04-16 09:13:01 - INFO - Testing fix: Original errors: 1, Fixed errors: 1
2025-04-16 09:13:01 - INFO - Result: False (introduced 1 new errors)
2025-04-16 09:13:01 - DEBUG - === New errors detail ===
2025-04-16 09:13:01 - DEBUG - New Error 1: line 1, type: other_error, message: unexpected identifier; expected 'lemma'
2025-04-16 09:13:01 - INFO - Testing fragment: rw [div_mul_cancel]
2025-04-16 09:13:01 - INFO - Original error line: theorem aime_1984_p5 (a b : ℝ) (h₀ : Real.logb 8 a + Real.logb 4 (b ^ 2) = 5)
2025-04-16 09:13:01 - INFO - Testing fix: Original errors: 1, Fixed errors: 1
2025-04-16 09:13:01 - INFO - Result: False (introduced 1 new errors)
2025-04-16 09:13:01 - DEBUG - === New errors detail ===
2025-04-16 09:13:01 - DEBUG - New Error 1: line 1, type: other_error, message: unexpected identifier; expected 'lemma'
2025-04-16 09:13:01 - INFO - Testing fragment: rw [<- left_distrib]
2025-04-16 09:13:01 - INFO - Original error line: theorem aime_1984_p5 (a b : ℝ) (h₀ : Real.logb 8 a + Real.logb 4 (b ^ 2) = 5)
2025-04-16 09:13:01 - INFO - Testing fix: Original errors: 1, Fixed errors: 1
2025-04-16 09:13:01 - INFO - Result: False (introduced 1 new errors)
2025-04-16 09:13:01 - DEBUG - === New errors detail ===
2025-04-16 09:13:01 - DEBUG - New Error 1: line 1, type: other_error, message: unexpected identifier; expected 'lemma'
2025-04-16 09:13:01 - INFO - Testing fragment: rw [<- right_distrib]
2025-04-16 09:13:01 - INFO - Original error line: theorem aime_1984_p5 (a b : ℝ) (h₀ : Real.logb 8 a + Real.logb 4 (b ^ 2) = 5)
2025-04-16 09:13:01 - INFO - Testing fix: Original errors: 1, Fixed errors: 1
2025-04-16 09:13:01 - INFO - Result: False (introduced 1 new errors)
2025-04-16 09:13:01 - DEBUG - === New errors detail ===
2025-04-16 09:13:01 - DEBUG - New Error 1: line 1, type: other_error, message: unexpected identifier; expected 'lemma'
2025-04-16 09:13:01 - INFO - Testing fragment: rw [<- distrib_three_right]
2025-04-16 09:13:01 - INFO - Original error line: theorem aime_1984_p5 (a b : ℝ) (h₀ : Real.logb 8 a + Real.logb 4 (b ^ 2) = 5)
2025-04-16 09:13:01 - INFO - Testing fix: Original errors: 1, Fixed errors: 1
2025-04-16 09:13:01 - INFO - Result: False (introduced 1 new errors)
2025-04-16 09:13:01 - DEBUG - === New errors detail ===
2025-04-16 09:13:01 - DEBUG - New Error 1: line 1, type: other_error, message: unexpected identifier; expected 'lemma'
2025-04-16 09:13:01 - INFO - Testing fragment: rw [<- add_one_mul]
2025-04-16 09:13:01 - INFO - Original error line: theorem aime_1984_p5 (a b : ℝ) (h₀ : Real.logb 8 a + Real.logb 4 (b ^ 2) = 5)
2025-04-16 09:13:01 - INFO - Testing fix: Original errors: 1, Fixed errors: 1
2025-04-16 09:13:01 - INFO - Result: False (introduced 1 new errors)
2025-04-16 09:13:01 - DEBUG - === New errors detail ===
2025-04-16 09:13:01 - DEBUG - New Error 1: line 1, type: other_error, message: unexpected identifier; expected 'lemma'
2025-04-16 09:13:01 - INFO - Testing fragment: rw [<- mul_add_one]
2025-04-16 09:13:01 - INFO - Original error line: theorem aime_1984_p5 (a b : ℝ) (h₀ : Real.logb 8 a + Real.logb 4 (b ^ 2) = 5)
2025-04-16 09:13:01 - INFO - Testing fix: Original errors: 1, Fixed errors: 1
2025-04-16 09:13:01 - INFO - Result: False (introduced 1 new errors)
2025-04-16 09:13:01 - DEBUG - === New errors detail ===
2025-04-16 09:13:01 - DEBUG - New Error 1: line 1, type: other_error, message: unexpected identifier; expected 'lemma'
2025-04-16 09:13:01 - INFO - Testing fragment: rw [<- one_add_mul]
2025-04-16 09:13:01 - INFO - Original error line: theorem aime_1984_p5 (a b : ℝ) (h₀ : Real.logb 8 a + Real.logb 4 (b ^ 2) = 5)
2025-04-16 09:13:01 - INFO - Testing fix: Original errors: 1, Fixed errors: 1
2025-04-16 09:13:01 - INFO - Result: False (introduced 1 new errors)
2025-04-16 09:13:01 - DEBUG - === New errors detail ===
2025-04-16 09:13:01 - DEBUG - New Error 1: line 1, type: other_error, message: unexpected identifier; expected 'lemma'
2025-04-16 09:13:01 - INFO - Testing fragment: rw [<- mul_one_add]
2025-04-16 09:13:01 - INFO - Original error line: theorem aime_1984_p5 (a b : ℝ) (h₀ : Real.logb 8 a + Real.logb 4 (b ^ 2) = 5)
2025-04-16 09:13:01 - INFO - Testing fix: Original errors: 1, Fixed errors: 1
2025-04-16 09:13:01 - INFO - Result: False (introduced 1 new errors)
2025-04-16 09:13:01 - DEBUG - === New errors detail ===
2025-04-16 09:13:01 - DEBUG - New Error 1: line 1, type: other_error, message: unexpected identifier; expected 'lemma'
2025-04-16 09:13:01 - INFO - Testing fragment: rw [<- two_mul]
2025-04-16 09:13:01 - INFO - Original error line: theorem aime_1984_p5 (a b : ℝ) (h₀ : Real.logb 8 a + Real.logb 4 (b ^ 2) = 5)
2025-04-16 09:13:01 - INFO - Testing fix: Original errors: 1, Fixed errors: 1
2025-04-16 09:13:01 - INFO - Result: False (introduced 1 new errors)
2025-04-16 09:13:01 - DEBUG - === New errors detail ===
2025-04-16 09:13:01 - DEBUG - New Error 1: line 1, type: other_error, message: unexpected identifier; expected 'lemma'
2025-04-16 09:13:01 - INFO - Testing fragment: rw [<- mul_two]
2025-04-16 09:13:01 - INFO - Original error line: theorem aime_1984_p5 (a b : ℝ) (h₀ : Real.logb 8 a + Real.logb 4 (b ^ 2) = 5)
2025-04-16 09:13:01 - INFO - Testing fix: Original errors: 1, Fixed errors: 1
2025-04-16 09:13:01 - INFO - Result: False (introduced 1 new errors)
2025-04-16 09:13:01 - DEBUG - === New errors detail ===
2025-04-16 09:13:01 - DEBUG - New Error 1: line 1, type: other_error, message: unexpected identifier; expected 'lemma'
2025-04-16 09:13:01 - INFO - Testing fragment: rw [<- mul_boole]
2025-04-16 09:13:01 - INFO - Original error line: theorem aime_1984_p5 (a b : ℝ) (h₀ : Real.logb 8 a + Real.logb 4 (b ^ 2) = 5)
2025-04-16 09:13:01 - INFO - Testing fix: Original errors: 1, Fixed errors: 1
2025-04-16 09:13:01 - INFO - Result: False (introduced 1 new errors)
2025-04-16 09:13:01 - DEBUG - === New errors detail ===
2025-04-16 09:13:01 - DEBUG - New Error 1: line 1, type: other_error, message: unexpected identifier; expected 'lemma'
2025-04-16 09:13:01 - INFO - Testing fragment: rw [<- boole_mul]
2025-04-16 09:13:01 - INFO - Original error line: theorem aime_1984_p5 (a b : ℝ) (h₀ : Real.logb 8 a + Real.logb 4 (b ^ 2) = 5)
2025-04-16 09:13:01 - INFO - Testing fix: Original errors: 1, Fixed errors: 1
2025-04-16 09:13:01 - INFO - Result: False (introduced 1 new errors)
2025-04-16 09:13:01 - DEBUG - === New errors detail ===
2025-04-16 09:13:01 - DEBUG - New Error 1: line 1, type: other_error, message: unexpected identifier; expected 'lemma'
2025-04-16 09:13:01 - INFO - Testing fragment: rw [<- add_mul_self_eq]
2025-04-16 09:13:01 - INFO - Original error line: theorem aime_1984_p5 (a b : ℝ) (h₀ : Real.logb 8 a + Real.logb 4 (b ^ 2) = 5)
2025-04-16 09:13:01 - INFO - Testing fix: Original errors: 1, Fixed errors: 1
2025-04-16 09:13:01 - INFO - Result: False (introduced 1 new errors)
2025-04-16 09:13:01 - DEBUG - === New errors detail ===
2025-04-16 09:13:01 - DEBUG - New Error 1: line 1, type: other_error, message: unexpected identifier; expected 'lemma'
2025-04-16 09:13:01 - INFO - Testing fragment: rw [<- neg_mul]
2025-04-16 09:13:01 - INFO - Original error line: theorem aime_1984_p5 (a b : ℝ) (h₀ : Real.logb 8 a + Real.logb 4 (b ^ 2) = 5)
2025-04-16 09:13:01 - INFO - Testing fix: Original errors: 1, Fixed errors: 1
2025-04-16 09:13:01 - INFO - Result: False (introduced 1 new errors)
2025-04-16 09:13:01 - DEBUG - === New errors detail ===
2025-04-16 09:13:01 - DEBUG - New Error 1: line 1, type: other_error, message: unexpected identifier; expected 'lemma'
2025-04-16 09:13:01 - INFO - Testing fragment: rw [<- mul_neg]
2025-04-16 09:13:01 - INFO - Original error line: theorem aime_1984_p5 (a b : ℝ) (h₀ : Real.logb 8 a + Real.logb 4 (b ^ 2) = 5)
2025-04-16 09:13:01 - INFO - Testing fix: Original errors: 1, Fixed errors: 1
2025-04-16 09:13:01 - INFO - Result: False (introduced 1 new errors)
2025-04-16 09:13:01 - DEBUG - === New errors detail ===
2025-04-16 09:13:01 - DEBUG - New Error 1: line 1, type: other_error, message: unexpected identifier; expected 'lemma'
2025-04-16 09:13:01 - INFO - Testing fragment: rw [<- neg_mul_neg]
2025-04-16 09:13:01 - INFO - Original error line: theorem aime_1984_p5 (a b : ℝ) (h₀ : Real.logb 8 a + Real.logb 4 (b ^ 2) = 5)
2025-04-16 09:13:01 - INFO - Testing fix: Original errors: 1, Fixed errors: 1
2025-04-16 09:13:01 - INFO - Result: False (introduced 1 new errors)
2025-04-16 09:13:01 - DEBUG - === New errors detail ===
2025-04-16 09:13:01 - DEBUG - New Error 1: line 1, type: other_error, message: unexpected identifier; expected 'lemma'
2025-04-16 09:13:01 - INFO - Testing fragment: rw [<- neg_mul_eq_neg_mul]
2025-04-16 09:13:01 - INFO - Original error line: theorem aime_1984_p5 (a b : ℝ) (h₀ : Real.logb 8 a + Real.logb 4 (b ^ 2) = 5)
2025-04-16 09:13:01 - INFO - Testing fix: Original errors: 1, Fixed errors: 1
2025-04-16 09:13:01 - INFO - Result: False (introduced 1 new errors)
2025-04-16 09:13:01 - DEBUG - === New errors detail ===
2025-04-16 09:13:01 - DEBUG - New Error 1: line 1, type: other_error, message: unexpected identifier; expected 'lemma'
2025-04-16 09:13:01 - INFO - Testing fragment: rw [<- neg_mul_eq_mul_neg]
2025-04-16 09:13:01 - INFO - Original error line: theorem aime_1984_p5 (a b : ℝ) (h₀ : Real.logb 8 a + Real.logb 4 (b ^ 2) = 5)
2025-04-16 09:13:01 - INFO - Testing fix: Original errors: 1, Fixed errors: 1
2025-04-16 09:13:01 - INFO - Result: False (introduced 1 new errors)
2025-04-16 09:13:01 - DEBUG - === New errors detail ===
2025-04-16 09:13:01 - DEBUG - New Error 1: line 1, type: other_error, message: unexpected identifier; expected 'lemma'
2025-04-16 09:13:01 - INFO - Testing fragment: rw [<- neg_mul_comm]
2025-04-16 09:13:01 - INFO - Original error line: theorem aime_1984_p5 (a b : ℝ) (h₀ : Real.logb 8 a + Real.logb 4 (b ^ 2) = 5)
2025-04-16 09:13:01 - INFO - Testing fix: Original errors: 1, Fixed errors: 1
2025-04-16 09:13:01 - INFO - Result: False (introduced 1 new errors)
2025-04-16 09:13:01 - DEBUG - === New errors detail ===
2025-04-16 09:13:01 - DEBUG - New Error 1: line 1, type: other_error, message: unexpected identifier; expected 'lemma'
2025-04-16 09:13:01 - INFO - Testing fragment: rw [<- neg_eq_neg_one_mul]
2025-04-16 09:13:01 - INFO - Original error line: theorem aime_1984_p5 (a b : ℝ) (h₀ : Real.logb 8 a + Real.logb 4 (b ^ 2) = 5)
2025-04-16 09:13:01 - INFO - Testing fix: Original errors: 1, Fixed errors: 1
2025-04-16 09:13:01 - INFO - Result: False (introduced 1 new errors)
2025-04-16 09:13:01 - DEBUG - === New errors detail ===
2025-04-16 09:13:01 - DEBUG - New Error 1: line 1, type: other_error, message: unexpected identifier; expected 'lemma'
2025-04-16 09:13:01 - INFO - Testing fragment: rw [<- mul_neg_one]
2025-04-16 09:13:01 - INFO - Original error line: theorem aime_1984_p5 (a b : ℝ) (h₀ : Real.logb 8 a + Real.logb 4 (b ^ 2) = 5)
2025-04-16 09:13:01 - INFO - Testing fix: Original errors: 1, Fixed errors: 1
2025-04-16 09:13:01 - INFO - Result: False (introduced 1 new errors)
2025-04-16 09:13:01 - DEBUG - === New errors detail ===
2025-04-16 09:13:01 - DEBUG - New Error 1: line 1, type: other_error, message: unexpected identifier; expected 'lemma'
2025-04-16 09:13:01 - INFO - Testing fragment: rw [<- neg_one_mul]
2025-04-16 09:13:01 - INFO - Original error line: theorem aime_1984_p5 (a b : ℝ) (h₀ : Real.logb 8 a + Real.logb 4 (b ^ 2) = 5)
2025-04-16 09:13:01 - INFO - Testing fix: Original errors: 1, Fixed errors: 1
2025-04-16 09:13:01 - INFO - Result: False (introduced 1 new errors)
2025-04-16 09:13:01 - DEBUG - === New errors detail ===
2025-04-16 09:13:01 - DEBUG - New Error 1: line 1, type: other_error, message: unexpected identifier; expected 'lemma'
2025-04-16 09:13:01 - INFO - Testing fragment: rw [<- mul_sub_left_distrib]
2025-04-16 09:13:01 - INFO - Original error line: theorem aime_1984_p5 (a b : ℝ) (h₀ : Real.logb 8 a + Real.logb 4 (b ^ 2) = 5)
2025-04-16 09:13:01 - INFO - Testing fix: Original errors: 1, Fixed errors: 1
2025-04-16 09:13:01 - INFO - Result: False (introduced 1 new errors)
2025-04-16 09:13:01 - DEBUG - === New errors detail ===
2025-04-16 09:13:01 - DEBUG - New Error 1: line 1, type: other_error, message: unexpected identifier; expected 'lemma'
2025-04-16 09:13:01 - INFO - Testing fragment: rw [<- mul_sub_right_distrib]
2025-04-16 09:13:01 - INFO - Original error line: theorem aime_1984_p5 (a b : ℝ) (h₀ : Real.logb 8 a + Real.logb 4 (b ^ 2) = 5)
2025-04-16 09:13:01 - INFO - Testing fix: Original errors: 1, Fixed errors: 1
2025-04-16 09:13:01 - INFO - Result: False (introduced 1 new errors)
2025-04-16 09:13:01 - DEBUG - === New errors detail ===
2025-04-16 09:13:01 - DEBUG - New Error 1: line 1, type: other_error, message: unexpected identifier; expected 'lemma'
2025-04-16 09:13:01 - INFO - Testing fragment: rw [<- sub_one_mul]
2025-04-16 09:13:01 - INFO - Original error line: theorem aime_1984_p5 (a b : ℝ) (h₀ : Real.logb 8 a + Real.logb 4 (b ^ 2) = 5)
2025-04-16 09:13:01 - INFO - Testing fix: Original errors: 1, Fixed errors: 1
2025-04-16 09:13:01 - INFO - Result: False (introduced 1 new errors)
2025-04-16 09:13:01 - DEBUG - === New errors detail ===
2025-04-16 09:13:01 - DEBUG - New Error 1: line 1, type: other_error, message: unexpected identifier; expected 'lemma'
2025-04-16 09:13:01 - INFO - Testing fragment: rw [<- mul_sub_one]
2025-04-16 09:13:01 - INFO - Original error line: theorem aime_1984_p5 (a b : ℝ) (h₀ : Real.logb 8 a + Real.logb 4 (b ^ 2) = 5)
2025-04-16 09:13:01 - INFO - Testing fix: Original errors: 1, Fixed errors: 1
2025-04-16 09:13:01 - INFO - Result: False (introduced 1 new errors)
2025-04-16 09:13:01 - DEBUG - === New errors detail ===
2025-04-16 09:13:01 - DEBUG - New Error 1: line 1, type: other_error, message: unexpected identifier; expected 'lemma'
2025-04-16 09:13:01 - INFO - Testing fragment: rw [<- one_sub_mul]
2025-04-16 09:13:01 - INFO - Original error line: theorem aime_1984_p5 (a b : ℝ) (h₀ : Real.logb 8 a + Real.logb 4 (b ^ 2) = 5)
2025-04-16 09:13:01 - INFO - Testing fix: Original errors: 1, Fixed errors: 1
2025-04-16 09:13:01 - INFO - Result: False (introduced 1 new errors)
2025-04-16 09:13:01 - DEBUG - === New errors detail ===
2025-04-16 09:13:01 - DEBUG - New Error 1: line 1, type: other_error, message: unexpected identifier; expected 'lemma'
2025-04-16 09:13:01 - INFO - Testing fragment: rw [<- mul_one_sub]
2025-04-16 09:13:01 - INFO - Original error line: theorem aime_1984_p5 (a b : ℝ) (h₀ : Real.logb 8 a + Real.logb 4 (b ^ 2) = 5)
2025-04-16 09:13:02 - INFO - Testing fix: Original errors: 1, Fixed errors: 1
2025-04-16 09:13:02 - INFO - Result: False (introduced 1 new errors)
2025-04-16 09:13:02 - DEBUG - === New errors detail ===
2025-04-16 09:13:02 - DEBUG - New Error 1: line 1, type: other_error, message: unexpected identifier; expected 'lemma'
2025-04-16 09:13:02 - INFO - Testing fragment: rw [<- mul_left_cancel]
2025-04-16 09:13:02 - INFO - Original error line: theorem aime_1984_p5 (a b : ℝ) (h₀ : Real.logb 8 a + Real.logb 4 (b ^ 2) = 5)
2025-04-16 09:13:02 - INFO - Testing fix: Original errors: 1, Fixed errors: 1
2025-04-16 09:13:02 - INFO - Result: False (introduced 1 new errors)
2025-04-16 09:13:02 - DEBUG - === New errors detail ===
2025-04-16 09:13:02 - DEBUG - New Error 1: line 1, type: other_error, message: unexpected identifier; expected 'lemma'
2025-04-16 09:13:02 - INFO - Testing fragment: rw [<- mul_left_cancel_iff]
2025-04-16 09:13:02 - INFO - Original error line: theorem aime_1984_p5 (a b : ℝ) (h₀ : Real.logb 8 a + Real.logb 4 (b ^ 2) = 5)
2025-04-16 09:13:02 - INFO - Testing fix: Original errors: 1, Fixed errors: 1
2025-04-16 09:13:02 - INFO - Result: False (introduced 1 new errors)
2025-04-16 09:13:02 - DEBUG - === New errors detail ===
2025-04-16 09:13:02 - DEBUG - New Error 1: line 1, type: other_error, message: unexpected identifier; expected 'lemma'
2025-04-16 09:13:02 - INFO - Testing fragment: rw [<- mul_right_injective]
2025-04-16 09:13:02 - INFO - Original error line: theorem aime_1984_p5 (a b : ℝ) (h₀ : Real.logb 8 a + Real.logb 4 (b ^ 2) = 5)
2025-04-16 09:13:02 - INFO - Testing fix: Original errors: 1, Fixed errors: 1
2025-04-16 09:13:02 - INFO - Result: False (introduced 1 new errors)
2025-04-16 09:13:02 - DEBUG - === New errors detail ===
2025-04-16 09:13:02 - DEBUG - New Error 1: line 1, type: other_error, message: unexpected identifier; expected 'lemma'
2025-04-16 09:13:02 - INFO - Testing fragment: rw [<- mul_right_inj]
2025-04-16 09:13:02 - INFO - Original error line: theorem aime_1984_p5 (a b : ℝ) (h₀ : Real.logb 8 a + Real.logb 4 (b ^ 2) = 5)
2025-04-16 09:13:02 - INFO - Testing fix: Original errors: 1, Fixed errors: 1
2025-04-16 09:13:02 - INFO - Result: False (introduced 1 new errors)
2025-04-16 09:13:02 - DEBUG - === New errors detail ===
2025-04-16 09:13:02 - DEBUG - New Error 1: line 1, type: other_error, message: unexpected identifier; expected 'lemma'
2025-04-16 09:13:02 - INFO - Testing fragment: rw [<- mul_ne_mul_right]
2025-04-16 09:13:02 - INFO - Original error line: theorem aime_1984_p5 (a b : ℝ) (h₀ : Real.logb 8 a + Real.logb 4 (b ^ 2) = 5)
2025-04-16 09:13:02 - INFO - Testing fix: Original errors: 1, Fixed errors: 1
2025-04-16 09:13:02 - INFO - Result: False (introduced 1 new errors)
2025-04-16 09:13:02 - DEBUG - === New errors detail ===
2025-04-16 09:13:02 - DEBUG - New Error 1: line 1, type: other_error, message: unexpected identifier; expected 'lemma'
2025-04-16 09:13:02 - INFO - Testing fragment: rw [<- mul_right_cancel]
2025-04-16 09:13:02 - INFO - Original error line: theorem aime_1984_p5 (a b : ℝ) (h₀ : Real.logb 8 a + Real.logb 4 (b ^ 2) = 5)
2025-04-16 09:13:02 - INFO - Testing fix: Original errors: 1, Fixed errors: 1
2025-04-16 09:13:02 - INFO - Result: False (introduced 1 new errors)
2025-04-16 09:13:02 - DEBUG - === New errors detail ===
2025-04-16 09:13:02 - DEBUG - New Error 1: line 1, type: other_error, message: unexpected identifier; expected 'lemma'
2025-04-16 09:13:02 - INFO - Testing fragment: rw [<- mul_right_cancel_iff]
2025-04-16 09:13:02 - INFO - Original error line: theorem aime_1984_p5 (a b : ℝ) (h₀ : Real.logb 8 a + Real.logb 4 (b ^ 2) = 5)
2025-04-16 09:13:02 - INFO - Testing fix: Original errors: 1, Fixed errors: 1
2025-04-16 09:13:02 - INFO - Result: False (introduced 1 new errors)
2025-04-16 09:13:02 - DEBUG - === New errors detail ===
2025-04-16 09:13:02 - DEBUG - New Error 1: line 1, type: other_error, message: unexpected identifier; expected 'lemma'
2025-04-16 09:13:02 - INFO - Testing fragment: rw [<- mul_left_injective]
2025-04-16 09:13:02 - INFO - Original error line: theorem aime_1984_p5 (a b : ℝ) (h₀ : Real.logb 8 a + Real.logb 4 (b ^ 2) = 5)
2025-04-16 09:13:02 - INFO - Testing fix: Original errors: 1, Fixed errors: 1
2025-04-16 09:13:02 - INFO - Result: False (introduced 1 new errors)
2025-04-16 09:13:02 - DEBUG - === New errors detail ===
2025-04-16 09:13:02 - DEBUG - New Error 1: line 1, type: other_error, message: unexpected identifier; expected 'lemma'
2025-04-16 09:13:02 - INFO - Testing fragment: rw [<- mul_left_inj]
2025-04-16 09:13:02 - INFO - Original error line: theorem aime_1984_p5 (a b : ℝ) (h₀ : Real.logb 8 a + Real.logb 4 (b ^ 2) = 5)
2025-04-16 09:13:02 - INFO - Testing fix: Original errors: 1, Fixed errors: 1
2025-04-16 09:13:02 - INFO - Result: False (introduced 1 new errors)
2025-04-16 09:13:02 - DEBUG - === New errors detail ===
2025-04-16 09:13:02 - DEBUG - New Error 1: line 1, type: other_error, message: unexpected identifier; expected 'lemma'
2025-04-16 09:13:02 - INFO - Testing fragment: rw [<- mul_ne_mul_left]
2025-04-16 09:13:02 - INFO - Original error line: theorem aime_1984_p5 (a b : ℝ) (h₀ : Real.logb 8 a + Real.logb 4 (b ^ 2) = 5)
2025-04-16 09:13:02 - INFO - Testing fix: Original errors: 1, Fixed errors: 1
2025-04-16 09:13:02 - INFO - Result: False (introduced 1 new errors)
2025-04-16 09:13:02 - DEBUG - === New errors detail ===
2025-04-16 09:13:02 - DEBUG - New Error 1: line 1, type: other_error, message: unexpected identifier; expected 'lemma'
2025-04-16 09:13:02 - INFO - Testing fragment: rw [<- mul_assoc]
2025-04-16 09:13:02 - INFO - Original error line: theorem aime_1984_p5 (a b : ℝ) (h₀ : Real.logb 8 a + Real.logb 4 (b ^ 2) = 5)
2025-04-16 09:13:02 - INFO - Testing fix: Original errors: 1, Fixed errors: 1
2025-04-16 09:13:02 - INFO - Result: False (introduced 1 new errors)
2025-04-16 09:13:02 - DEBUG - === New errors detail ===
2025-04-16 09:13:02 - DEBUG - New Error 1: line 1, type: other_error, message: unexpected identifier; expected 'lemma'
2025-04-16 09:13:02 - INFO - Testing fragment: rw [<- mul_comm]
2025-04-16 09:13:02 - INFO - Original error line: theorem aime_1984_p5 (a b : ℝ) (h₀ : Real.logb 8 a + Real.logb 4 (b ^ 2) = 5)
2025-04-16 09:13:02 - INFO - Testing fix: Original errors: 1, Fixed errors: 1
2025-04-16 09:13:02 - INFO - Result: False (introduced 1 new errors)
2025-04-16 09:13:02 - DEBUG - === New errors detail ===
2025-04-16 09:13:02 - DEBUG - New Error 1: line 1, type: other_error, message: unexpected identifier; expected 'lemma'
2025-04-16 09:13:02 - INFO - Testing fragment: rw [<- MulOneClass]
2025-04-16 09:13:02 - INFO - Original error line: theorem aime_1984_p5 (a b : ℝ) (h₀ : Real.logb 8 a + Real.logb 4 (b ^ 2) = 5)
2025-04-16 09:13:02 - INFO - Testing fix: Original errors: 1, Fixed errors: 1
2025-04-16 09:13:02 - INFO - Result: False (introduced 1 new errors)
2025-04-16 09:13:02 - DEBUG - === New errors detail ===
2025-04-16 09:13:02 - DEBUG - New Error 1: line 1, type: other_error, message: unexpected identifier; expected 'lemma'
2025-04-16 09:13:02 - INFO - Testing fragment: rw [<- one_mul]
2025-04-16 09:13:02 - INFO - Original error line: theorem aime_1984_p5 (a b : ℝ) (h₀ : Real.logb 8 a + Real.logb 4 (b ^ 2) = 5)
2025-04-16 09:13:02 - INFO - Testing fix: Original errors: 1, Fixed errors: 1
2025-04-16 09:13:02 - INFO - Result: False (introduced 1 new errors)
2025-04-16 09:13:02 - DEBUG - === New errors detail ===
2025-04-16 09:13:02 - DEBUG - New Error 1: line 1, type: other_error, message: unexpected identifier; expected 'lemma'
2025-04-16 09:13:02 - INFO - Testing fragment: rw [<- mul_one]
2025-04-16 09:13:02 - INFO - Original error line: theorem aime_1984_p5 (a b : ℝ) (h₀ : Real.logb 8 a + Real.logb 4 (b ^ 2) = 5)
2025-04-16 09:13:02 - INFO - Testing fix: Original errors: 1, Fixed errors: 1
2025-04-16 09:13:02 - INFO - Result: False (introduced 1 new errors)
2025-04-16 09:13:02 - DEBUG - === New errors detail ===
2025-04-16 09:13:02 - DEBUG - New Error 1: line 1, type: other_error, message: unexpected identifier; expected 'lemma'
2025-04-16 09:13:02 - INFO - Testing fragment: rw [<- npowRec_add]
2025-04-16 09:13:02 - INFO - Original error line: theorem aime_1984_p5 (a b : ℝ) (h₀ : Real.logb 8 a + Real.logb 4 (b ^ 2) = 5)
2025-04-16 09:13:02 - INFO - Testing fix: Original errors: 1, Fixed errors: 1
2025-04-16 09:13:02 - INFO - Result: False (introduced 1 new errors)
2025-04-16 09:13:02 - DEBUG - === New errors detail ===
2025-04-16 09:13:02 - DEBUG - New Error 1: line 1, type: other_error, message: unexpected identifier; expected 'lemma'
2025-04-16 09:13:02 - INFO - Testing fragment: rw [<- npowRec_succ]
2025-04-16 09:13:02 - INFO - Original error line: theorem aime_1984_p5 (a b : ℝ) (h₀ : Real.logb 8 a + Real.logb 4 (b ^ 2) = 5)
2025-04-16 09:13:02 - INFO - Testing fix: Original errors: 1, Fixed errors: 1
2025-04-16 09:13:02 - INFO - Result: False (introduced 1 new errors)
2025-04-16 09:13:02 - DEBUG - === New errors detail ===
2025-04-16 09:13:02 - DEBUG - New Error 1: line 1, type: other_error, message: unexpected identifier; expected 'lemma'
2025-04-16 09:13:02 - INFO - Testing fragment: rw [<- npowRec'_succ]
2025-04-16 09:13:02 - INFO - Original error line: theorem aime_1984_p5 (a b : ℝ) (h₀ : Real.logb 8 a + Real.logb 4 (b ^ 2) = 5)
2025-04-16 09:13:02 - INFO - Testing fix: Original errors: 1, Fixed errors: 1
2025-04-16 09:13:02 - INFO - Result: False (introduced 1 new errors)
2025-04-16 09:13:02 - DEBUG - === New errors detail ===
2025-04-16 09:13:02 - DEBUG - New Error 1: line 1, type: other_error, message: unexpected identifier; expected 'lemma'
2025-04-16 09:13:02 - INFO - Testing fragment: rw [<- npowRec'_two_mul]
2025-04-16 09:13:02 - INFO - Original error line: theorem aime_1984_p5 (a b : ℝ) (h₀ : Real.logb 8 a + Real.logb 4 (b ^ 2) = 5)
2025-04-16 09:13:02 - INFO - Testing fix: Original errors: 1, Fixed errors: 1
2025-04-16 09:13:02 - INFO - Result: False (introduced 1 new errors)
2025-04-16 09:13:02 - DEBUG - === New errors detail ===
2025-04-16 09:13:02 - DEBUG - New Error 1: line 1, type: other_error, message: unexpected identifier; expected 'lemma'
2025-04-16 09:13:02 - INFO - Testing fragment: rw [<- npowRec'_mul_comm]
2025-04-16 09:13:02 - INFO - Original error line: theorem aime_1984_p5 (a b : ℝ) (h₀ : Real.logb 8 a + Real.logb 4 (b ^ 2) = 5)
2025-04-16 09:13:02 - INFO - Testing fix: Original errors: 1, Fixed errors: 1
2025-04-16 09:13:02 - INFO - Result: False (introduced 1 new errors)
2025-04-16 09:13:02 - DEBUG - === New errors detail ===
2025-04-16 09:13:02 - DEBUG - New Error 1: line 1, type: other_error, message: unexpected identifier; expected 'lemma'
2025-04-16 09:13:02 - INFO - Testing fragment: rw [<- npowRec_eq]
2025-04-16 09:13:02 - INFO - Original error line: theorem aime_1984_p5 (a b : ℝ) (h₀ : Real.logb 8 a + Real.logb 4 (b ^ 2) = 5)
2025-04-16 09:13:02 - INFO - Testing fix: Original errors: 1, Fixed errors: 1
2025-04-16 09:13:02 - INFO - Result: False (introduced 1 new errors)
2025-04-16 09:13:02 - DEBUG - === New errors detail ===
2025-04-16 09:13:02 - DEBUG - New Error 1: line 1, type: other_error, message: unexpected identifier; expected 'lemma'
2025-04-16 09:13:02 - INFO - Testing fragment: rw [<- npowBinRec]
2025-04-16 09:13:02 - INFO - Original error line: theorem aime_1984_p5 (a b : ℝ) (h₀ : Real.logb 8 a + Real.logb 4 (b ^ 2) = 5)
2025-04-16 09:13:02 - INFO - Testing fix: Original errors: 1, Fixed errors: 1
2025-04-16 09:13:02 - INFO - Result: False (introduced 1 new errors)
2025-04-16 09:13:02 - DEBUG - === New errors detail ===
2025-04-16 09:13:02 - DEBUG - New Error 1: line 1, type: other_error, message: unexpected identifier; expected 'lemma'
2025-04-16 09:13:02 - INFO - Testing fragment: rw [<- npowRec_eq_npowBinRec]
2025-04-16 09:13:02 - INFO - Original error line: theorem aime_1984_p5 (a b : ℝ) (h₀ : Real.logb 8 a + Real.logb 4 (b ^ 2) = 5)
2025-04-16 09:13:02 - INFO - Testing fix: Original errors: 1, Fixed errors: 1
2025-04-16 09:13:02 - INFO - Result: False (introduced 1 new errors)
2025-04-16 09:13:02 - DEBUG - === New errors detail ===
2025-04-16 09:13:02 - DEBUG - New Error 1: line 1, type: other_error, message: unexpected identifier; expected 'lemma'
2025-04-16 09:13:02 - INFO - Testing fragment: rw [<- npow_eq_pow]
2025-04-16 09:13:02 - INFO - Original error line: theorem aime_1984_p5 (a b : ℝ) (h₀ : Real.logb 8 a + Real.logb 4 (b ^ 2) = 5)
2025-04-16 09:13:02 - INFO - Testing fix: Original errors: 1, Fixed errors: 1
2025-04-16 09:13:02 - INFO - Result: False (introduced 1 new errors)
2025-04-16 09:13:02 - DEBUG - === New errors detail ===
2025-04-16 09:13:02 - DEBUG - New Error 1: line 1, type: other_error, message: unexpected identifier; expected 'lemma'
2025-04-16 09:13:02 - INFO - Testing fragment: rw [<- pow_zero]
2025-04-16 09:13:02 - INFO - Original error line: theorem aime_1984_p5 (a b : ℝ) (h₀ : Real.logb 8 a + Real.logb 4 (b ^ 2) = 5)
2025-04-16 09:13:02 - INFO - Testing fix: Original errors: 1, Fixed errors: 1
2025-04-16 09:13:02 - INFO - Result: False (introduced 1 new errors)
2025-04-16 09:13:02 - DEBUG - === New errors detail ===
2025-04-16 09:13:02 - DEBUG - New Error 1: line 1, type: other_error, message: unexpected identifier; expected 'lemma'
2025-04-16 09:13:02 - INFO - Testing fragment: rw [<- pow_succ]
2025-04-16 09:13:02 - INFO - Original error line: theorem aime_1984_p5 (a b : ℝ) (h₀ : Real.logb 8 a + Real.logb 4 (b ^ 2) = 5)
2025-04-16 09:13:02 - INFO - Testing fix: Original errors: 1, Fixed errors: 1
2025-04-16 09:13:02 - INFO - Result: False (introduced 1 new errors)
2025-04-16 09:13:02 - DEBUG - === New errors detail ===
2025-04-16 09:13:02 - DEBUG - New Error 1: line 1, type: other_error, message: unexpected identifier; expected 'lemma'
2025-04-16 09:13:02 - INFO - Testing fragment: rw [<- inv_inv]
2025-04-16 09:13:02 - INFO - Original error line: theorem aime_1984_p5 (a b : ℝ) (h₀ : Real.logb 8 a + Real.logb 4 (b ^ 2) = 5)
2025-04-16 09:13:02 - INFO - Testing fix: Original errors: 1, Fixed errors: 1
2025-04-16 09:13:02 - INFO - Result: False (introduced 1 new errors)
2025-04-16 09:13:02 - DEBUG - === New errors detail ===
2025-04-16 09:13:02 - DEBUG - New Error 1: line 1, type: other_error, message: unexpected identifier; expected 'lemma'
2025-04-16 09:13:02 - INFO - Testing fragment: rw [<- exists_zpow_surjective]
2025-04-16 09:13:02 - INFO - Original error line: theorem aime_1984_p5 (a b : ℝ) (h₀ : Real.logb 8 a + Real.logb 4 (b ^ 2) = 5)
2025-04-16 09:13:02 - INFO - Testing fix: Original errors: 1, Fixed errors: 1
2025-04-16 09:13:02 - INFO - Result: False (introduced 1 new errors)
2025-04-16 09:13:02 - DEBUG - === New errors detail ===
2025-04-16 09:13:02 - DEBUG - New Error 1: line 1, type: other_error, message: unexpected identifier; expected 'lemma'
2025-04-16 09:13:02 - INFO - Testing fragment: rw [<- zpow_eq_pow]
2025-04-16 09:13:02 - INFO - Original error line: theorem aime_1984_p5 (a b : ℝ) (h₀ : Real.logb 8 a + Real.logb 4 (b ^ 2) = 5)
2025-04-16 09:13:02 - INFO - Testing fix: Original errors: 1, Fixed errors: 1
2025-04-16 09:13:02 - INFO - Result: False (introduced 1 new errors)
2025-04-16 09:13:02 - DEBUG - === New errors detail ===
2025-04-16 09:13:02 - DEBUG - New Error 1: line 1, type: other_error, message: unexpected identifier; expected 'lemma'
2025-04-16 09:13:02 - INFO - Testing fragment: rw [<- zpow_zero]
2025-04-16 09:13:02 - INFO - Original error line: theorem aime_1984_p5 (a b : ℝ) (h₀ : Real.logb 8 a + Real.logb 4 (b ^ 2) = 5)
2025-04-16 09:13:02 - INFO - Testing fix: Original errors: 1, Fixed errors: 1
2025-04-16 09:13:02 - INFO - Result: False (introduced 1 new errors)
2025-04-16 09:13:02 - DEBUG - === New errors detail ===
2025-04-16 09:13:02 - DEBUG - New Error 1: line 1, type: other_error, message: unexpected identifier; expected 'lemma'
2025-04-16 09:13:02 - INFO - Testing fragment: rw [<- zpow_natCast]
2025-04-16 09:13:02 - INFO - Original error line: theorem aime_1984_p5 (a b : ℝ) (h₀ : Real.logb 8 a + Real.logb 4 (b ^ 2) = 5)
2025-04-16 09:13:02 - INFO - Testing fix: Original errors: 1, Fixed errors: 1
2025-04-16 09:13:02 - INFO - Result: False (introduced 1 new errors)
2025-04-16 09:13:02 - DEBUG - === New errors detail ===
2025-04-16 09:13:02 - DEBUG - New Error 1: line 1, type: other_error, message: unexpected identifier; expected 'lemma'
2025-04-16 09:13:02 - INFO - Testing fragment: rw [<- zpow_negSucc]
2025-04-16 09:13:02 - INFO - Original error line: theorem aime_1984_p5 (a b : ℝ) (h₀ : Real.logb 8 a + Real.logb 4 (b ^ 2) = 5)
2025-04-16 09:13:02 - INFO - Testing fix: Original errors: 1, Fixed errors: 1
2025-04-16 09:13:02 - INFO - Result: False (introduced 1 new errors)
2025-04-16 09:13:02 - DEBUG - === New errors detail ===
2025-04-16 09:13:02 - DEBUG - New Error 1: line 1, type: other_error, message: unexpected identifier; expected 'lemma'
2025-04-16 09:13:02 - INFO - Testing fragment: rw [<- negSucc_zsmul]
2025-04-16 09:13:02 - INFO - Original error line: theorem aime_1984_p5 (a b : ℝ) (h₀ : Real.logb 8 a + Real.logb 4 (b ^ 2) = 5)
2025-04-16 09:13:02 - INFO - Testing fix: Original errors: 1, Fixed errors: 1
2025-04-16 09:13:02 - INFO - Result: False (introduced 1 new errors)
2025-04-16 09:13:02 - DEBUG - === New errors detail ===
2025-04-16 09:13:02 - DEBUG - New Error 1: line 1, type: other_error, message: unexpected identifier; expected 'lemma'
2025-04-16 09:13:02 - INFO - Testing fragment: rw [<- div_eq_mul_inv]
2025-04-16 09:13:02 - INFO - Original error line: theorem aime_1984_p5 (a b : ℝ) (h₀ : Real.logb 8 a + Real.logb 4 (b ^ 2) = 5)
2025-04-16 09:13:02 - INFO - Testing fix: Original errors: 1, Fixed errors: 1
2025-04-16 09:13:02 - INFO - Result: False (introduced 1 new errors)
2025-04-16 09:13:02 - DEBUG - === New errors detail ===
2025-04-16 09:13:02 - DEBUG - New Error 1: line 1, type: other_error, message: unexpected identifier; expected 'lemma'
2025-04-16 09:13:02 - INFO - Testing fragment: rw [<- inv_eq_one_div]
2025-04-16 09:13:02 - INFO - Original error line: theorem aime_1984_p5 (a b : ℝ) (h₀ : Real.logb 8 a + Real.logb 4 (b ^ 2) = 5)
2025-04-16 09:13:02 - INFO - Testing fix: Original errors: 1, Fixed errors: 1
2025-04-16 09:13:02 - INFO - Result: False (introduced 1 new errors)
2025-04-16 09:13:02 - DEBUG - === New errors detail ===
2025-04-16 09:13:02 - DEBUG - New Error 1: line 1, type: other_error, message: unexpected identifier; expected 'lemma'
2025-04-16 09:13:02 - INFO - Testing fragment: rw [<- mul_div_assoc]
2025-04-16 09:13:02 - INFO - Original error line: theorem aime_1984_p5 (a b : ℝ) (h₀ : Real.logb 8 a + Real.logb 4 (b ^ 2) = 5)
2025-04-16 09:13:02 - INFO - Testing fix: Original errors: 1, Fixed errors: 1
2025-04-16 09:13:02 - INFO - Result: False (introduced 1 new errors)
2025-04-16 09:13:02 - DEBUG - === New errors detail ===
2025-04-16 09:13:02 - DEBUG - New Error 1: line 1, type: other_error, message: unexpected identifier; expected 'lemma'
2025-04-16 09:13:02 - INFO - Testing fragment: rw [<- one_div]
2025-04-16 09:13:02 - INFO - Original error line: theorem aime_1984_p5 (a b : ℝ) (h₀ : Real.logb 8 a + Real.logb 4 (b ^ 2) = 5)
2025-04-16 09:13:02 - INFO - Testing fix: Original errors: 1, Fixed errors: 1
2025-04-16 09:13:02 - INFO - Result: False (introduced 1 new errors)
2025-04-16 09:13:02 - DEBUG - === New errors detail ===
2025-04-16 09:13:02 - DEBUG - New Error 1: line 1, type: other_error, message: unexpected identifier; expected 'lemma'
2025-04-16 09:13:02 - INFO - Testing fragment: rw [<- inv_one]
2025-04-16 09:13:02 - INFO - Original error line: theorem aime_1984_p5 (a b : ℝ) (h₀ : Real.logb 8 a + Real.logb 4 (b ^ 2) = 5)
2025-04-16 09:13:02 - INFO - Testing fix: Original errors: 1, Fixed errors: 1
2025-04-16 09:13:02 - INFO - Result: False (introduced 1 new errors)
2025-04-16 09:13:02 - DEBUG - === New errors detail ===
2025-04-16 09:13:02 - DEBUG - New Error 1: line 1, type: other_error, message: unexpected identifier; expected 'lemma'
2025-04-16 09:13:02 - INFO - Testing fragment: rw [<- mul_inv_rev]
2025-04-16 09:13:02 - INFO - Original error line: theorem aime_1984_p5 (a b : ℝ) (h₀ : Real.logb 8 a + Real.logb 4 (b ^ 2) = 5)
2025-04-16 09:13:02 - INFO - Testing fix: Original errors: 1, Fixed errors: 1
2025-04-16 09:13:02 - INFO - Result: False (introduced 1 new errors)
2025-04-16 09:13:02 - DEBUG - === New errors detail ===
2025-04-16 09:13:02 - DEBUG - New Error 1: line 1, type: other_error, message: unexpected identifier; expected 'lemma'
2025-04-16 09:13:02 - INFO - Testing fragment: rw [<- inv_eq_of_mul_eq_one_right]
2025-04-16 09:13:02 - INFO - Original error line: theorem aime_1984_p5 (a b : ℝ) (h₀ : Real.logb 8 a + Real.logb 4 (b ^ 2) = 5)
2025-04-16 09:13:02 - INFO - Testing fix: Original errors: 1, Fixed errors: 1
2025-04-16 09:13:02 - INFO - Result: False (introduced 1 new errors)
2025-04-16 09:13:02 - DEBUG - === New errors detail ===
2025-04-16 09:13:02 - DEBUG - New Error 1: line 1, type: other_error, message: unexpected identifier; expected 'lemma'
2025-04-16 09:13:02 - INFO - Testing fragment: rw [<- inv_eq_of_mul_eq_one_left]
2025-04-16 09:13:02 - INFO - Original error line: theorem aime_1984_p5 (a b : ℝ) (h₀ : Real.logb 8 a + Real.logb 4 (b ^ 2) = 5)
2025-04-16 09:13:02 - INFO - Testing fix: Original errors: 1, Fixed errors: 1
2025-04-16 09:13:02 - INFO - Result: False (introduced 1 new errors)
2025-04-16 09:13:02 - DEBUG - === New errors detail ===
2025-04-16 09:13:02 - DEBUG - New Error 1: line 1, type: other_error, message: unexpected identifier; expected 'lemma'
2025-04-16 09:13:02 - INFO - Testing fragment: rw [<- eq_inv_of_mul_eq_one_left]
2025-04-16 09:13:02 - INFO - Original error line: theorem aime_1984_p5 (a b : ℝ) (h₀ : Real.logb 8 a + Real.logb 4 (b ^ 2) = 5)
2025-04-16 09:13:02 - INFO - Testing fix: Original errors: 1, Fixed errors: 1
2025-04-16 09:13:02 - INFO - Result: False (introduced 1 new errors)
2025-04-16 09:13:02 - DEBUG - === New errors detail ===
2025-04-16 09:13:02 - DEBUG - New Error 1: line 1, type: other_error, message: unexpected identifier; expected 'lemma'
2025-04-16 09:13:02 - INFO - Testing fragment: rw [<- inv_mul_cancel]
2025-04-16 09:13:02 - INFO - Original error line: theorem aime_1984_p5 (a b : ℝ) (h₀ : Real.logb 8 a + Real.logb 4 (b ^ 2) = 5)
2025-04-16 09:13:02 - INFO - Testing fix: Original errors: 1, Fixed errors: 1
2025-04-16 09:13:02 - INFO - Result: False (introduced 1 new errors)
2025-04-16 09:13:02 - DEBUG - === New errors detail ===
2025-04-16 09:13:02 - DEBUG - New Error 1: line 1, type: other_error, message: unexpected identifier; expected 'lemma'
2025-04-16 09:13:02 - INFO - Testing fragment: rw [<- inv_eq_of_mul]
2025-04-16 09:13:02 - INFO - Original error line: theorem aime_1984_p5 (a b : ℝ) (h₀ : Real.logb 8 a + Real.logb 4 (b ^ 2) = 5)
2025-04-16 09:13:02 - INFO - Testing fix: Original errors: 1, Fixed errors: 1
2025-04-16 09:13:02 - INFO - Result: False (introduced 1 new errors)
2025-04-16 09:13:02 - DEBUG - === New errors detail ===
2025-04-16 09:13:02 - DEBUG - New Error 1: line 1, type: other_error, message: unexpected identifier; expected 'lemma'
2025-04-16 09:13:02 - INFO - Testing fragment: rw [<- mul_inv_cancel]
2025-04-16 09:13:02 - INFO - Original error line: theorem aime_1984_p5 (a b : ℝ) (h₀ : Real.logb 8 a + Real.logb 4 (b ^ 2) = 5)
2025-04-16 09:13:02 - INFO - Testing fix: Original errors: 1, Fixed errors: 1
2025-04-16 09:13:02 - INFO - Result: False (introduced 1 new errors)
2025-04-16 09:13:02 - DEBUG - === New errors detail ===
2025-04-16 09:13:02 - DEBUG - New Error 1: line 1, type: other_error, message: unexpected identifier; expected 'lemma'
2025-04-16 09:13:02 - INFO - Testing fragment: rw [<- div_self']
2025-04-16 09:13:02 - INFO - Original error line: theorem aime_1984_p5 (a b : ℝ) (h₀ : Real.logb 8 a + Real.logb 4 (b ^ 2) = 5)
2025-04-16 09:13:03 - INFO - Testing fix: Original errors: 1, Fixed errors: 1
2025-04-16 09:13:03 - INFO - Result: False (introduced 1 new errors)
2025-04-16 09:13:03 - DEBUG - === New errors detail ===
2025-04-16 09:13:03 - DEBUG - New Error 1: line 1, type: other_error, message: unexpected identifier; expected 'lemma'
2025-04-16 09:13:03 - INFO - Testing fragment: rw [<- inv_mul_cancel_left]
2025-04-16 09:13:03 - INFO - Original error line: theorem aime_1984_p5 (a b : ℝ) (h₀ : Real.logb 8 a + Real.logb 4 (b ^ 2) = 5)
2025-04-16 09:13:03 - INFO - Testing fix: Original errors: 1, Fixed errors: 1
2025-04-16 09:13:03 - INFO - Result: False (introduced 1 new errors)
2025-04-16 09:13:03 - DEBUG - === New errors detail ===
2025-04-16 09:13:03 - DEBUG - New Error 1: line 1, type: other_error, message: unexpected identifier; expected 'lemma'
2025-04-16 09:13:03 - INFO - Testing fragment: rw [<- mul_inv_cancel_left]
2025-04-16 09:13:03 - INFO - Original error line: theorem aime_1984_p5 (a b : ℝ) (h₀ : Real.logb 8 a + Real.logb 4 (b ^ 2) = 5)
2025-04-16 09:13:03 - INFO - Testing fix: Original errors: 1, Fixed errors: 1
2025-04-16 09:13:03 - INFO - Result: False (introduced 1 new errors)
2025-04-16 09:13:03 - DEBUG - === New errors detail ===
2025-04-16 09:13:03 - DEBUG - New Error 1: line 1, type: other_error, message: unexpected identifier; expected 'lemma'
2025-04-16 09:13:03 - INFO - Testing fragment: rw [<- mul_inv_cancel_right]
2025-04-16 09:13:03 - INFO - Original error line: theorem aime_1984_p5 (a b : ℝ) (h₀ : Real.logb 8 a + Real.logb 4 (b ^ 2) = 5)
2025-04-16 09:13:03 - INFO - Testing fix: Original errors: 1, Fixed errors: 1
2025-04-16 09:13:03 - INFO - Result: False (introduced 1 new errors)
2025-04-16 09:13:03 - DEBUG - === New errors detail ===
2025-04-16 09:13:03 - DEBUG - New Error 1: line 1, type: other_error, message: unexpected identifier; expected 'lemma'
2025-04-16 09:13:03 - INFO - Testing fragment: rw [<- mul_div_cancel_right]
2025-04-16 09:13:03 - INFO - Original error line: theorem aime_1984_p5 (a b : ℝ) (h₀ : Real.logb 8 a + Real.logb 4 (b ^ 2) = 5)
2025-04-16 09:13:03 - INFO - Testing fix: Original errors: 1, Fixed errors: 1
2025-04-16 09:13:03 - INFO - Result: False (introduced 1 new errors)
2025-04-16 09:13:03 - DEBUG - === New errors detail ===
2025-04-16 09:13:03 - DEBUG - New Error 1: line 1, type: other_error, message: unexpected identifier; expected 'lemma'
2025-04-16 09:13:03 - INFO - Testing fragment: rw [<- inv_mul_cancel_right]
2025-04-16 09:13:03 - INFO - Original error line: theorem aime_1984_p5 (a b : ℝ) (h₀ : Real.logb 8 a + Real.logb 4 (b ^ 2) = 5)
2025-04-16 09:13:03 - INFO - Testing fix: Original errors: 1, Fixed errors: 1
2025-04-16 09:13:03 - INFO - Result: False (introduced 1 new errors)
2025-04-16 09:13:03 - DEBUG - === New errors detail ===
2025-04-16 09:13:03 - DEBUG - New Error 1: line 1, type: other_error, message: unexpected identifier; expected 'lemma'
2025-04-16 09:13:03 - INFO - Testing fragment: rw [<- div_mul_cancel]
2025-04-16 09:13:03 - INFO - Original error line: theorem aime_1984_p5 (a b : ℝ) (h₀ : Real.logb 8 a + Real.logb 4 (b ^ 2) = 5)
2025-04-16 09:13:03 - INFO - Testing fix: Original errors: 1, Fixed errors: 1
2025-04-16 09:13:03 - INFO - Result: False (introduced 1 new errors)
2025-04-16 09:13:03 - DEBUG - === New errors detail ===
2025-04-16 09:13:03 - DEBUG - New Error 1: line 1, type: other_error, message: unexpected identifier; expected 'lemma'
2025-04-16 09:13:03 - INFO - Testing fragment: simp
2025-04-16 09:13:03 - INFO - Original error line: theorem aime_1984_p5 (a b : ℝ) (h₀ : Real.logb 8 a + Real.logb 4 (b ^ 2) = 5)
2025-04-16 09:13:03 - INFO - Testing fix: Original errors: 1, Fixed errors: 1
2025-04-16 09:13:03 - INFO - Result: False (introduced 1 new errors)
2025-04-16 09:13:03 - DEBUG - === New errors detail ===
2025-04-16 09:13:03 - DEBUG - New Error 1: line 1, type: other_error, message: unexpected identifier; expected 'lemma'
2025-04-16 09:13:03 - INFO - Testing fragment: field_simp
2025-04-16 09:13:03 - INFO - Original error line: theorem aime_1984_p5 (a b : ℝ) (h₀ : Real.logb 8 a + Real.logb 4 (b ^ 2) = 5)
2025-04-16 09:13:03 - INFO - Testing fix: Original errors: 1, Fixed errors: 1
2025-04-16 09:13:03 - INFO - Result: False (introduced 1 new errors)
2025-04-16 09:13:03 - DEBUG - === New errors detail ===
2025-04-16 09:13:03 - DEBUG - New Error 1: line 1, type: other_error, message: unexpected identifier; expected 'lemma'
2025-04-16 09:13:03 - INFO - Testing fragment: norm_num
2025-04-16 09:13:03 - INFO - Original error line: theorem aime_1984_p5 (a b : ℝ) (h₀ : Real.logb 8 a + Real.logb 4 (b ^ 2) = 5)
2025-04-16 09:13:03 - INFO - Testing fix: Original errors: 1, Fixed errors: 1
2025-04-16 09:13:03 - INFO - Result: False (introduced 1 new errors)
2025-04-16 09:13:03 - DEBUG - === New errors detail ===
2025-04-16 09:13:03 - DEBUG - New Error 1: line 1, type: other_error, message: unexpected identifier; expected 'lemma'
2025-04-16 09:13:03 - INFO - Testing fragment: ring
2025-04-16 09:13:03 - INFO - Original error line: theorem aime_1984_p5 (a b : ℝ) (h₀ : Real.logb 8 a + Real.logb 4 (b ^ 2) = 5)
2025-04-16 09:13:03 - INFO - Testing fix: Original errors: 1, Fixed errors: 1
2025-04-16 09:13:03 - INFO - Result: False (introduced 1 new errors)
2025-04-16 09:13:03 - DEBUG - === New errors detail ===
2025-04-16 09:13:03 - DEBUG - New Error 1: line 1, type: other_error, message: unexpected identifier; expected 'lemma'
2025-04-16 09:13:03 - INFO - Testing fragment: ring_nf
2025-04-16 09:13:03 - INFO - Original error line: theorem aime_1984_p5 (a b : ℝ) (h₀ : Real.logb 8 a + Real.logb 4 (b ^ 2) = 5)
2025-04-16 09:13:03 - INFO - Testing fix: Original errors: 1, Fixed errors: 1
2025-04-16 09:13:03 - INFO - Result: False (introduced 1 new errors)
2025-04-16 09:13:03 - DEBUG - === New errors detail ===
2025-04-16 09:13:03 - DEBUG - New Error 1: line 1, type: other_error, message: unexpected identifier; expected 'lemma'
2025-04-16 09:13:03 - INFO - Testing fragment: omega
2025-04-16 09:13:03 - INFO - Original error line: theorem aime_1984_p5 (a b : ℝ) (h₀ : Real.logb 8 a + Real.logb 4 (b ^ 2) = 5)
2025-04-16 09:13:03 - INFO - Testing fix: Original errors: 1, Fixed errors: 1
2025-04-16 09:13:03 - INFO - Result: False (introduced 1 new errors)
2025-04-16 09:13:03 - DEBUG - === New errors detail ===
2025-04-16 09:13:03 - DEBUG - New Error 1: line 1, type: other_error, message: unexpected identifier; expected 'lemma'
2025-04-16 09:13:03 - INFO - Testing fragment: linarith
2025-04-16 09:13:03 - INFO - Original error line: theorem aime_1984_p5 (a b : ℝ) (h₀ : Real.logb 8 a + Real.logb 4 (b ^ 2) = 5)
2025-04-16 09:13:03 - INFO - Testing fix: Original errors: 1, Fixed errors: 1
2025-04-16 09:13:03 - INFO - Result: False (introduced 1 new errors)
2025-04-16 09:13:03 - DEBUG - === New errors detail ===
2025-04-16 09:13:03 - DEBUG - New Error 1: line 1, type: other_error, message: unexpected identifier; expected 'lemma'
2025-04-16 09:13:03 - INFO - Testing fragment: nlinarith
2025-04-16 09:13:03 - INFO - Original error line: theorem aime_1984_p5 (a b : ℝ) (h₀ : Real.logb 8 a + Real.logb 4 (b ^ 2) = 5)
2025-04-16 09:13:03 - INFO - Testing fix: Original errors: 1, Fixed errors: 1
2025-04-16 09:13:03 - INFO - Result: False (introduced 1 new errors)
2025-04-16 09:13:03 - DEBUG - === New errors detail ===
2025-04-16 09:13:03 - DEBUG - New Error 1: line 1, type: other_error, message: unexpected identifier; expected 'lemma'
2025-04-16 09:13:03 - INFO - Failed attempt time: 3.39 seconds
2025-04-16 09:13:03 - INFO - ❌ Could not generate fix for error at line 2
2025-04-16 09:13:03 - INFO - 
===== Fix attempt completed =====
2025-04-16 09:13:03 - INFO - Original errors: 1
2025-04-16 09:13:03 - INFO - Fixed errors: 0
2025-04-16 09:13:03 - INFO - Failed errors: 1
2025-04-16 09:13:03 - INFO - Remaining errors: 1
2025-04-16 09:13:03 - INFO - Total time: 3.41 seconds
2025-04-16 09:13:03 - INFO - 
Final fixed code:
2025-04-16 09:13:03 - INFO - ----------------------------------------
2025-04-16 09:13:03 - INFO - /-- Determine the value of $ab$ if $\log_8a+\log_4b^2=5$ and $\log_8b+\log_4a^2=7$. Show that it is 512.-/
theorem aime_1984_p5 (a b : ℝ) (h₀ : Real.logb 8 a + Real.logb 4 (b ^ 2) = 5)
  (h₁ : Real.logb 8 b + Real.logb 4 (a ^ 2) = 7) : a * b = 512 := by
  -- First, we'll simplify the logarithmic expressions using logarithm properties
  -- Recall that log_b (x^y) = y * log_b x and log_b x = ln x / ln b
  -- Also, log_8 x = log_2 x / log_2 8 = (ln x / ln 2) / (3 ln 2 / ln 2) = (ln x)/(3 ln 2)
  -- Similarly, log_4 x = ln x / ln 4 = ln x / (2 ln 2)
  
  -- Let's define x = ln a and y = ln b to simplify our expressions
  let x := Real.log a
  let y := Real.log b
  
  -- Rewrite the first equation h₀ in terms of x and y
  -- log_8 a = x / (3 ln 2)
  -- log_4 (b^2) = 2y / (2 ln 2) = y / ln 2
  have eq1 : x / (3 * Real.log 2) + y / Real.log 2 = 5 := by
    rw [← h₀]
    simp [Real.logb, x, y]
    ring_nf
  
  -- Rewrite the second equation h₁ in terms of x and y
  -- log_8 b = y / (3 ln 2)
  -- log_4 (a^2) = 2x / (2 ln 2) = x / ln 2
  have eq2 : y / (3 * Real.log 2) + x / Real.log 2 = 7 := by
    rw [← h₁]
    simp [Real.logb, x, y]
    ring_nf
  
  -- To simplify, let's multiply both equations by 3 ln 2 to eliminate denominators
  -- Multiply eq1 by 3 ln 2 to get: x + 3y = 15 ln 2
  have eq3 : x + 3 * y = 15 * Real.log 2 := by
    linear_combination (3 * Real.log 2) * eq1
  
  -- Multiply eq2 by 3 ln 2 to get: y + 3x = 21 ln 2
  have eq4 : y + 3 * x = 21 * Real.log 2 := by
    linear_combination (3 * Real.log 2) * eq2
  
  -- Now we have a system of linear equations in x and y:
  -- 1) x + 3y = 15 ln 2
  -- 2) 3x + y = 21 ln 2
  
  -- Let's solve this system. First, multiply eq3 by 3:
  -- 3x + 9y = 45 ln 2
  have eq5 : 3 * x + 9 * y = 45 * Real.log 2 := by
    linear_combination 3 * eq3
  
  -- Subtract eq4 from this new equation to eliminate x:
  -- (3x - 3x) + (9y - y) = (45 ln 2 - 21 ln 2)
  -- 8y = 24 ln 2
  have eq6 : 8 * y = 24 * Real.log 2 := by
    linear_combination eq5 - eq4
  
  -- Solve for y: y = 3 ln 2
  have y_eq : y = 3 * Real.log 2 := by
    linear_combination eq6 / 8
  
  -- Substitute y = 3 ln 2 back into eq3 to find x:
  -- x + 3*(3 ln 2) = 15 ln 2
  -- x + 9 ln 2 = 15 ln 2
  -- x = 6 ln 2
  have x_eq : x = 6 * Real.log 2 := by
    linear_combination eq3 - 3 * y_eq
  
  -- Recall that x = ln a and y = ln b
  -- Therefore:
  -- ln a = 6 ln 2 ⇒ a = exp (6 ln 2) = 2^6 = 64
  -- ln b = 3 ln 2 ⇒ b = exp (3 ln 2) = 2^3 = 8
  
  -- Now compute a * b = 64 * 8 = 512
  -- To prove this in Lean, we'll need to show a = 2^6 and b = 2^3
  have a_eq : a = 2 ^ 6 := by
    rw [← Real.exp_log (by positivity : 0 < a), x_eq]
    simp [Real.exp_mul, Real.exp_log (by positivity : 0 < (2:ℝ))]
    norm_num
  
  have b_eq : b = 2 ^ 3 := by
    rw [← Real.exp_log (by positivity : 0 < b), y_eq]
    simp [Real.exp_mul, Real.exp_log (by positivity : 0 < (2:ℝ))]
    norm_num
  
  -- Finally, compute a * b
  rw [a_eq, b_eq]
  -- 2^6 * 2^3 = 2^(6+3) = 2^9 = 512
  norm_num
2025-04-16 09:13:03 - INFO - ----------------------------------------
2025-04-16 09:13:03 - INFO - 
Detailed error repair report:
2025-04-16 09:13:03 - INFO - Original code error count: 1
❌ Fixed error 1/1: Could not generate fix for error at line 2 «already_declared» (after 3.39s)

=== Fix statistics ===
Original error count: 1
Fixed errors: 0 (Fix rate: 0.0000)
Failed errors: 1
Remaining errors: 1
Total time: 3.41 seconds

=== Failed fix details ===

Failed fix 1:
   Line: 2
   Error type: already_declared
   Original error message: 'aime_1984_p5' has already been declared...
   Failure reason: Could not generate fix
   Time: 3.39 seconds
2025-04-16 09:13:03 - INFO - 
Fixed code saved to: ./minif2f/lean_fixed/5_fixed.lean
2025-04-16 09:13:03 - INFO - JSON log saved to: ./minif2f/lean_fixed/5_fix_log.json
2025-04-16 09:13:03 - INFO - 
===== LOG FILE LOCATION =====
2025-04-16 09:13:03 - INFO - Detailed log file is available at: ./minif2f/lean_fixed/5.log
2025-04-16 09:13:03 - INFO - ===============================
