2025-04-14 01:19:13 - INFO - Log file initialized at 2025-04-14T01:19:13.847911
2025-04-14 01:19:13 - INFO - ===== LOG FILE LOCATION =====
2025-04-14 01:19:13 - INFO - Detailed log file created at: ./minif2f/lean_fixed/50.log
2025-04-14 01:19:13 - INFO - ===============================
2025-04-14 01:19:13 - INFO - Original code:
2025-04-14 01:19:13 - INFO - ----------------------------------------
2025-04-14 01:19:13 - INFO - import Mathlib
import Aesop

set_option maxHeartbeats 0

open BigOperators Real Nat Topology Rat

/-- What is the positive value of the expression $\sqrt{x^3 - 2^y}$ when $x = 5$ and $y = 2$? Show that it is 11.-/
theorem mathd_algebra_547 (x y : ℝ) (h₀ : x = 5) (h₁ : y = 2) : Real.sqrt (x ^ 3 - 2 ^ y) = 11 := by
  -- First, we substitute the given values x = 5 and y = 2 into the expression
  rw [h₀, h₁]
  -- Now the goal becomes: Real.sqrt (5 ^ 3 - 2 ^ 2) = 11
  
  -- Compute 5^3 which is 125
  have h5pow3 : 5 ^ 3 = 125 := by norm_num
  -- Compute 2^2 which is 4
  have h2pow2 : 2 ^ 2 = 4 := by norm_num
  
  -- Substitute these computed values into the expression
  rw [h5pow3, h2pow2]
  -- Now the goal becomes: Real.sqrt (125 - 4) = 11
  
  -- Compute the subtraction inside the square root: 125 - 4 = 121
  have hsub : 125 - 4 = 121 := by norm_num
  rw [hsub]
  -- Now the goal becomes: Real.sqrt 121 = 11
  
  -- Compute the square root of 121, which is 11
  have hsqrt : Real.sqrt 121 = 11 := by norm_num
  rw [hsqrt]
  -- Goal is now simply 11 = 11
  
  -- Finally, reflexivity completes the proof
  rfl
2025-04-14 01:19:13 - INFO - ----------------------------------------
2025-04-14 01:19:13 - INFO - 
Checking original code for all errors...
2025-04-14 01:23:43 - INFO - Original code contains 1 errors:
2025-04-14 01:23:43 - INFO - Error 1: line 13, type: rewrite_failed, message: tactic 'rewrite' failed, did not find instance of the pattern in the target expression
  5 ^ 3
x y :...
2025-04-14 01:23:43 - INFO - 
Starting multi-error continuous repair process...
2025-04-14 01:23:43 - INFO - 
===== Starting to fix all errors =====
2025-04-14 01:23:44 - INFO - 
Found 1 original errors:
2025-04-14 01:23:44 - INFO - Error 1: line 13, type: rewrite_failed, message: tactic 'rewrite' failed, did not find instance of the pattern in the target expression
  5 ^ 3
x y :...
2025-04-14 01:23:44 - INFO - 
Trying to fix error 1/1: line 13, type: rewrite_failed
2025-04-14 01:23:44 - INFO - Error message: tactic 'rewrite' failed, did not find instance of the pattern in the target expression
  5 ^ 3
x y :...
2025-04-14 01:23:44 - INFO - Removed header content, remaining 27 lines of code
2025-04-14 01:23:44 - INFO - Using specified target error line: 13
2025-04-14 01:23:45 - INFO - Found error at specified line: tactic 'rewrite' failed, did not find instance of the pattern in the target expression
  5 ^ 3
x y : ℝ
h₀ : x = 5
h₁ : y = 2
h5pow3 : 5 ^ 3 = 125
h2pow2 : 2 ^ 2 = 4
⊢ √(5 ^ 3 - 2 ^ 2) = 11
2025-04-14 01:23:45 - INFO - Error at line 13: tactic 'rewrite' failed, did not find instance of the pattern in the target expression
  5 ^ 3
x y : ℝ
h₀ : x = 5
h₁ : y = 2
h5pow3 : 5 ^ 3 = 125
h2pow2 : 2 ^ 2 = 4
⊢ √(5 ^ 3 - 2 ^ 2) = 11
2025-04-14 01:23:45 - INFO - 
==================================================
2025-04-14 01:23:45 - INFO - Code prepared, starting synthesis
2025-04-14 01:23:45 - INFO - Before part: /-- What is the positive value of the expression $\sqrt{x^3 - 2^y}$ when $x = 5$ and $y = 2$? Show that it is 11.-/
theorem mathd_algebra_547 (x y : ℝ) (h₀ : x = 5) (h₁ : y = 2) : Real.sqrt (x ^ 3 - 2 ^ y) = 11 := by
  -- First, we substitute the given values x = 5 and y = 2 into the expression
  rw [h₀, h₁]
  -- Now the goal becomes: Real.sqrt (5 ^ 3 - 2 ^ 2) = 11
  
  -- Compute 5^3 which is 125
  have h5pow3 : 5 ^ 3 = 125 := by norm_num
  -- Compute 2^2 which is 4
  have h2pow2 : 2 ^ 2 = 4 := by norm_num
  
  -- Substitute these computed values into the expression
2025-04-14 01:23:45 - INFO - Error line:   rw [h5pow3, h2pow2]
2025-04-14 01:23:45 - INFO - After part: -- Now the goal becomes: Real.sqrt (125 - 4) = 11
  
  -- Compute the subtraction inside the square root: 125 - 4 = 121
  have hsub : 125 - 4 = 121 := by norm_num
  rw [hsub]
  -- Now the goal becomes: Real.sqrt 121 = 11
  
  -- Compute the square root of 121, which is 11
  have hsqrt : Real.sqrt 121 = 11 := by norm_num
  rw [hsqrt]
  -- Goal is now simply 11 = 11
  
  -- Finally, reflexivity completes the proof
  rfl
2025-04-14 01:23:45 - INFO - ==================================================

2025-04-14 01:23:46 - INFO - Testing fragment: rw [left_distrib]
2025-04-14 01:23:46 - INFO - Original error line:   rw [h5pow3, h2pow2]
2025-04-14 01:23:48 - INFO - Testing fix: Original errors: 1, Fixed errors: 1
2025-04-14 01:23:48 - INFO - Result: False (introduced 1 new errors)
2025-04-14 01:23:48 - DEBUG - === New errors detail ===
2025-04-14 01:23:48 - DEBUG - New Error 1: line 13, type: rewrite_failed, message: tactic 'rewrite' failed, did not find instance of the pattern in the target expression
  ?a * (?b + ?c)
x y : ℝ
h₀ : x = 5
h₁ : y = 2
h5pow3 : 5 ^ 3 = 125
h2pow2 : 2 ^ 2 = 4
⊢ √(5 ^ 3 - 2 ^ 2) = 11
2025-04-14 01:23:48 - INFO - Testing fragment: rw [right_distrib]
2025-04-14 01:23:48 - INFO - Original error line:   rw [h5pow3, h2pow2]
2025-04-14 01:23:50 - INFO - Testing fix: Original errors: 1, Fixed errors: 1
2025-04-14 01:23:50 - INFO - Result: False (introduced 1 new errors)
2025-04-14 01:23:50 - DEBUG - === New errors detail ===
2025-04-14 01:23:50 - DEBUG - New Error 1: line 13, type: rewrite_failed, message: tactic 'rewrite' failed, did not find instance of the pattern in the target expression
  (?a + ?b) * ?c
x y : ℝ
h₀ : x = 5
h₁ : y = 2
h5pow3 : 5 ^ 3 = 125
h2pow2 : 2 ^ 2 = 4
⊢ √(5 ^ 3 - 2 ^ 2) = 11
2025-04-14 01:23:50 - INFO - Testing fragment: rw [distrib_three_right]
2025-04-14 01:23:50 - INFO - Original error line:   rw [h5pow3, h2pow2]
2025-04-14 01:23:52 - INFO - Testing fix: Original errors: 1, Fixed errors: 1
2025-04-14 01:23:52 - INFO - Result: False (introduced 1 new errors)
2025-04-14 01:23:52 - DEBUG - === New errors detail ===
2025-04-14 01:23:52 - DEBUG - New Error 1: line 13, type: rewrite_failed, message: tactic 'rewrite' failed, did not find instance of the pattern in the target expression
  (?a + ?b + ?c) * ?d
x y : ℝ
h₀ : x = 5
h₁ : y = 2
h5pow3 : 5 ^ 3 = 125
h2pow2 : 2 ^ 2 = 4
⊢ √(5 ^ 3 - 2 ^ 2) = 11
2025-04-14 01:23:52 - INFO - Testing fragment: rw [add_one_mul]
2025-04-14 01:23:52 - INFO - Original error line:   rw [h5pow3, h2pow2]
2025-04-14 01:23:54 - INFO - Testing fix: Original errors: 1, Fixed errors: 1
2025-04-14 01:23:54 - INFO - Result: False (introduced 1 new errors)
2025-04-14 01:23:54 - DEBUG - === New errors detail ===
2025-04-14 01:23:54 - DEBUG - New Error 1: line 13, type: rewrite_failed, message: tactic 'rewrite' failed, did not find instance of the pattern in the target expression
  (?a + 1) * ?b
x y : ℝ
h₀ : x = 5
h₁ : y = 2
h5pow3 : 5 ^ 3 = 125
h2pow2 : 2 ^ 2 = 4
⊢ √(5 ^ 3 - 2 ^ 2) = 11
2025-04-14 01:23:54 - INFO - Testing fragment: rw [mul_add_one]
2025-04-14 01:23:54 - INFO - Original error line:   rw [h5pow3, h2pow2]
2025-04-14 01:23:56 - INFO - Testing fix: Original errors: 1, Fixed errors: 1
2025-04-14 01:23:56 - INFO - Result: False (introduced 1 new errors)
2025-04-14 01:23:56 - DEBUG - === New errors detail ===
2025-04-14 01:23:56 - DEBUG - New Error 1: line 13, type: rewrite_failed, message: tactic 'rewrite' failed, did not find instance of the pattern in the target expression
  ?a * (?b + 1)
x y : ℝ
h₀ : x = 5
h₁ : y = 2
h5pow3 : 5 ^ 3 = 125
h2pow2 : 2 ^ 2 = 4
⊢ √(5 ^ 3 - 2 ^ 2) = 11
2025-04-14 01:23:56 - INFO - Testing fragment: rw [one_add_mul]
2025-04-14 01:23:56 - INFO - Original error line:   rw [h5pow3, h2pow2]
2025-04-14 01:23:58 - INFO - Testing fix: Original errors: 1, Fixed errors: 1
2025-04-14 01:23:58 - INFO - Result: False (introduced 1 new errors)
2025-04-14 01:23:58 - DEBUG - === New errors detail ===
2025-04-14 01:23:58 - DEBUG - New Error 1: line 13, type: rewrite_failed, message: tactic 'rewrite' failed, did not find instance of the pattern in the target expression
  (1 + ?a) * ?b
x y : ℝ
h₀ : x = 5
h₁ : y = 2
h5pow3 : 5 ^ 3 = 125
h2pow2 : 2 ^ 2 = 4
⊢ √(5 ^ 3 - 2 ^ 2) = 11
2025-04-14 01:23:58 - INFO - Testing fragment: rw [mul_one_add]
2025-04-14 01:23:58 - INFO - Original error line:   rw [h5pow3, h2pow2]
2025-04-14 01:24:00 - INFO - Testing fix: Original errors: 1, Fixed errors: 1
2025-04-14 01:24:00 - INFO - Result: False (introduced 1 new errors)
2025-04-14 01:24:00 - DEBUG - === New errors detail ===
2025-04-14 01:24:00 - DEBUG - New Error 1: line 13, type: rewrite_failed, message: tactic 'rewrite' failed, did not find instance of the pattern in the target expression
  ?a * (1 + ?b)
x y : ℝ
h₀ : x = 5
h₁ : y = 2
h5pow3 : 5 ^ 3 = 125
h2pow2 : 2 ^ 2 = 4
⊢ √(5 ^ 3 - 2 ^ 2) = 11
2025-04-14 01:24:00 - INFO - Testing fragment: rw [two_mul]
2025-04-14 01:24:00 - INFO - Original error line:   rw [h5pow3, h2pow2]
2025-04-14 01:24:02 - INFO - Testing fix: Original errors: 1, Fixed errors: 1
2025-04-14 01:24:02 - INFO - Result: False (introduced 1 new errors)
2025-04-14 01:24:02 - DEBUG - === New errors detail ===
2025-04-14 01:24:02 - DEBUG - New Error 1: line 13, type: rewrite_failed, message: tactic 'rewrite' failed, did not find instance of the pattern in the target expression
  2 * ?n
x y : ℝ
h₀ : x = 5
h₁ : y = 2
h5pow3 : 5 ^ 3 = 125
h2pow2 : 2 ^ 2 = 4
⊢ √(5 ^ 3 - 2 ^ 2) = 11
2025-04-14 01:24:02 - INFO - Testing fragment: rw [mul_two]
2025-04-14 01:24:02 - INFO - Original error line:   rw [h5pow3, h2pow2]
2025-04-14 01:24:04 - INFO - Testing fix: Original errors: 1, Fixed errors: 1
2025-04-14 01:24:04 - INFO - Result: False (introduced 1 new errors)
2025-04-14 01:24:04 - DEBUG - === New errors detail ===
2025-04-14 01:24:04 - DEBUG - New Error 1: line 13, type: rewrite_failed, message: tactic 'rewrite' failed, did not find instance of the pattern in the target expression
  ?n * 2
x y : ℝ
h₀ : x = 5
h₁ : y = 2
h5pow3 : 5 ^ 3 = 125
h2pow2 : 2 ^ 2 = 4
⊢ √(5 ^ 3 - 2 ^ 2) = 11
2025-04-14 01:24:04 - INFO - Testing fragment: rw [mul_boole]
2025-04-14 01:24:04 - INFO - Original error line:   rw [h5pow3, h2pow2]
2025-04-14 01:24:06 - INFO - Testing fix: Original errors: 1, Fixed errors: 1
2025-04-14 01:24:06 - INFO - Result: False (introduced 1 new errors)
2025-04-14 01:24:06 - DEBUG - === New errors detail ===
2025-04-14 01:24:06 - DEBUG - New Error 1: line 13, type: rewrite_failed, message: tactic 'rewrite' failed, did not find instance of the pattern in the target expression
  ?a * if ?P then 1 else 0
x y : ℝ
h₀ : x = 5
h₁ : y = 2
h5pow3 : 5 ^ 3 = 125
h2pow2 : 2 ^ 2 = 4
⊢ √(5 ^ 3 - 2 ^ 2) = 11
2025-04-14 01:24:06 - INFO - Testing fragment: rw [boole_mul]
2025-04-14 01:24:06 - INFO - Original error line:   rw [h5pow3, h2pow2]
2025-04-14 01:24:08 - INFO - Testing fix: Original errors: 1, Fixed errors: 1
2025-04-14 01:24:08 - INFO - Result: False (introduced 1 new errors)
2025-04-14 01:24:08 - DEBUG - === New errors detail ===
2025-04-14 01:24:08 - DEBUG - New Error 1: line 13, type: rewrite_failed, message: tactic 'rewrite' failed, did not find instance of the pattern in the target expression
  (if ?P then 1 else 0) * ?a
x y : ℝ
h₀ : x = 5
h₁ : y = 2
h5pow3 : 5 ^ 3 = 125
h2pow2 : 2 ^ 2 = 4
⊢ √(5 ^ 3 - 2 ^ 2) = 11
2025-04-14 01:24:08 - INFO - Testing fragment: rw [add_mul_self_eq]
2025-04-14 01:24:08 - INFO - Original error line:   rw [h5pow3, h2pow2]
2025-04-14 01:24:10 - INFO - Testing fix: Original errors: 1, Fixed errors: 1
2025-04-14 01:24:10 - INFO - Result: False (introduced 1 new errors)
2025-04-14 01:24:10 - DEBUG - === New errors detail ===
2025-04-14 01:24:10 - DEBUG - New Error 1: line 13, type: rewrite_failed, message: tactic 'rewrite' failed, did not find instance of the pattern in the target expression
  (?a + ?b) * (?a + ?b)
x y : ℝ
h₀ : x = 5
h₁ : y = 2
h5pow3 : 5 ^ 3 = 125
h2pow2 : 2 ^ 2 = 4
⊢ √(5 ^ 3 - 2 ^ 2) = 11
2025-04-14 01:24:10 - INFO - Testing fragment: rw [neg_mul]
2025-04-14 01:24:10 - INFO - Original error line:   rw [h5pow3, h2pow2]
2025-04-14 01:24:12 - INFO - Testing fix: Original errors: 1, Fixed errors: 1
2025-04-14 01:24:12 - INFO - Result: False (introduced 1 new errors)
2025-04-14 01:24:12 - DEBUG - === New errors detail ===
2025-04-14 01:24:12 - DEBUG - New Error 1: line 13, type: rewrite_failed, message: tactic 'rewrite' failed, did not find instance of the pattern in the target expression
  -?a * ?b
x y : ℝ
h₀ : x = 5
h₁ : y = 2
h5pow3 : 5 ^ 3 = 125
h2pow2 : 2 ^ 2 = 4
⊢ √(5 ^ 3 - 2 ^ 2) = 11
2025-04-14 01:24:12 - INFO - Testing fragment: rw [mul_neg]
2025-04-14 01:24:12 - INFO - Original error line:   rw [h5pow3, h2pow2]
2025-04-14 01:24:14 - INFO - Testing fix: Original errors: 1, Fixed errors: 1
2025-04-14 01:24:14 - INFO - Result: False (introduced 1 new errors)
2025-04-14 01:24:14 - DEBUG - === New errors detail ===
2025-04-14 01:24:14 - DEBUG - New Error 1: line 13, type: rewrite_failed, message: tactic 'rewrite' failed, did not find instance of the pattern in the target expression
  ?a * -?b
x y : ℝ
h₀ : x = 5
h₁ : y = 2
h5pow3 : 5 ^ 3 = 125
h2pow2 : 2 ^ 2 = 4
⊢ √(5 ^ 3 - 2 ^ 2) = 11
2025-04-14 01:24:14 - INFO - Testing fragment: rw [neg_mul_neg]
2025-04-14 01:24:14 - INFO - Original error line:   rw [h5pow3, h2pow2]
2025-04-14 01:24:16 - INFO - Testing fix: Original errors: 1, Fixed errors: 1
2025-04-14 01:24:16 - INFO - Result: False (introduced 1 new errors)
2025-04-14 01:24:16 - DEBUG - === New errors detail ===
2025-04-14 01:24:16 - DEBUG - New Error 1: line 13, type: rewrite_failed, message: tactic 'rewrite' failed, did not find instance of the pattern in the target expression
  -?a * -?b
x y : ℝ
h₀ : x = 5
h₁ : y = 2
h5pow3 : 5 ^ 3 = 125
h2pow2 : 2 ^ 2 = 4
⊢ √(5 ^ 3 - 2 ^ 2) = 11
2025-04-14 01:24:16 - INFO - Testing fragment: rw [neg_mul_eq_neg_mul]
2025-04-14 01:24:16 - INFO - Original error line:   rw [h5pow3, h2pow2]
2025-04-14 01:24:18 - INFO - Testing fix: Original errors: 1, Fixed errors: 1
2025-04-14 01:24:18 - INFO - Result: False (introduced 1 new errors)
2025-04-14 01:24:18 - DEBUG - === New errors detail ===
2025-04-14 01:24:18 - DEBUG - New Error 1: line 13, type: rewrite_failed, message: tactic 'rewrite' failed, did not find instance of the pattern in the target expression
  -(?a * ?b)
x y : ℝ
h₀ : x = 5
h₁ : y = 2
h5pow3 : 5 ^ 3 = 125
h2pow2 : 2 ^ 2 = 4
⊢ √(5 ^ 3 - 2 ^ 2) = 11
2025-04-14 01:24:18 - INFO - Testing fragment: rw [neg_mul_eq_mul_neg]
2025-04-14 01:24:18 - INFO - Original error line:   rw [h5pow3, h2pow2]
2025-04-14 01:24:20 - INFO - Testing fix: Original errors: 1, Fixed errors: 1
2025-04-14 01:24:20 - INFO - Result: False (introduced 1 new errors)
2025-04-14 01:24:20 - DEBUG - === New errors detail ===
2025-04-14 01:24:20 - DEBUG - New Error 1: line 13, type: rewrite_failed, message: tactic 'rewrite' failed, did not find instance of the pattern in the target expression
  -(?a * ?b)
x y : ℝ
h₀ : x = 5
h₁ : y = 2
h5pow3 : 5 ^ 3 = 125
h2pow2 : 2 ^ 2 = 4
⊢ √(5 ^ 3 - 2 ^ 2) = 11
2025-04-14 01:24:20 - INFO - Testing fragment: rw [neg_mul_comm]
2025-04-14 01:24:20 - INFO - Original error line:   rw [h5pow3, h2pow2]
2025-04-14 01:24:22 - INFO - Testing fix: Original errors: 1, Fixed errors: 1
2025-04-14 01:24:22 - INFO - Result: False (introduced 1 new errors)
2025-04-14 01:24:22 - DEBUG - === New errors detail ===
2025-04-14 01:24:22 - DEBUG - New Error 1: line 13, type: rewrite_failed, message: tactic 'rewrite' failed, did not find instance of the pattern in the target expression
  -?a * ?b
x y : ℝ
h₀ : x = 5
h₁ : y = 2
h5pow3 : 5 ^ 3 = 125
h2pow2 : 2 ^ 2 = 4
⊢ √(5 ^ 3 - 2 ^ 2) = 11
2025-04-14 01:24:22 - INFO - Testing fragment: rw [neg_eq_neg_one_mul]
2025-04-14 01:24:22 - INFO - Original error line:   rw [h5pow3, h2pow2]
2025-04-14 01:24:24 - INFO - Testing fix: Original errors: 1, Fixed errors: 1
2025-04-14 01:24:24 - INFO - Result: False (introduced 1 new errors)
2025-04-14 01:24:24 - DEBUG - === New errors detail ===
2025-04-14 01:24:24 - DEBUG - New Error 1: line 13, type: rewrite_failed, message: tactic 'rewrite' failed, did not find instance of the pattern in the target expression
  -?a
x y : ℝ
h₀ : x = 5
h₁ : y = 2
h5pow3 : 5 ^ 3 = 125
h2pow2 : 2 ^ 2 = 4
⊢ √(5 ^ 3 - 2 ^ 2) = 11
2025-04-14 01:24:24 - INFO - Testing fragment: rw [mul_neg_one]
2025-04-14 01:24:24 - INFO - Original error line:   rw [h5pow3, h2pow2]
2025-04-14 01:24:26 - INFO - Testing fix: Original errors: 1, Fixed errors: 1
2025-04-14 01:24:26 - INFO - Result: False (introduced 1 new errors)
2025-04-14 01:24:26 - DEBUG - === New errors detail ===
2025-04-14 01:24:26 - DEBUG - New Error 1: line 13, type: rewrite_failed, message: tactic 'rewrite' failed, did not find instance of the pattern in the target expression
  ?a * -1
x y : ℝ
h₀ : x = 5
h₁ : y = 2
h5pow3 : 5 ^ 3 = 125
h2pow2 : 2 ^ 2 = 4
⊢ √(5 ^ 3 - 2 ^ 2) = 11
2025-04-14 01:24:26 - INFO - Testing fragment: rw [neg_one_mul]
2025-04-14 01:24:26 - INFO - Original error line:   rw [h5pow3, h2pow2]
2025-04-14 01:24:28 - INFO - Testing fix: Original errors: 1, Fixed errors: 1
2025-04-14 01:24:28 - INFO - Result: False (introduced 1 new errors)
2025-04-14 01:24:28 - DEBUG - === New errors detail ===
2025-04-14 01:24:28 - DEBUG - New Error 1: line 13, type: rewrite_failed, message: tactic 'rewrite' failed, did not find instance of the pattern in the target expression
  -1 * ?a
x y : ℝ
h₀ : x = 5
h₁ : y = 2
h5pow3 : 5 ^ 3 = 125
h2pow2 : 2 ^ 2 = 4
⊢ √(5 ^ 3 - 2 ^ 2) = 11
2025-04-14 01:24:28 - INFO - Testing fragment: rw [mul_sub_left_distrib]
2025-04-14 01:24:28 - INFO - Original error line:   rw [h5pow3, h2pow2]
2025-04-14 01:24:30 - INFO - Testing fix: Original errors: 1, Fixed errors: 1
2025-04-14 01:24:30 - INFO - Result: False (introduced 1 new errors)
2025-04-14 01:24:30 - DEBUG - === New errors detail ===
2025-04-14 01:24:30 - DEBUG - New Error 1: line 13, type: rewrite_failed, message: tactic 'rewrite' failed, did not find instance of the pattern in the target expression
  ?a * (?b - ?c)
x y : ℝ
h₀ : x = 5
h₁ : y = 2
h5pow3 : 5 ^ 3 = 125
h2pow2 : 2 ^ 2 = 4
⊢ √(5 ^ 3 - 2 ^ 2) = 11
2025-04-14 01:24:30 - INFO - Testing fragment: rw [mul_sub_right_distrib]
2025-04-14 01:24:30 - INFO - Original error line:   rw [h5pow3, h2pow2]
2025-04-14 01:24:32 - INFO - Testing fix: Original errors: 1, Fixed errors: 1
2025-04-14 01:24:32 - INFO - Result: False (introduced 1 new errors)
2025-04-14 01:24:32 - DEBUG - === New errors detail ===
2025-04-14 01:24:32 - DEBUG - New Error 1: line 13, type: rewrite_failed, message: tactic 'rewrite' failed, did not find instance of the pattern in the target expression
  (?a - ?b) * ?c
x y : ℝ
h₀ : x = 5
h₁ : y = 2
h5pow3 : 5 ^ 3 = 125
h2pow2 : 2 ^ 2 = 4
⊢ √(5 ^ 3 - 2 ^ 2) = 11
2025-04-14 01:24:32 - INFO - Testing fragment: rw [sub_one_mul]
2025-04-14 01:24:32 - INFO - Original error line:   rw [h5pow3, h2pow2]
2025-04-14 01:24:34 - INFO - Testing fix: Original errors: 1, Fixed errors: 1
2025-04-14 01:24:34 - INFO - Result: False (introduced 1 new errors)
2025-04-14 01:24:34 - DEBUG - === New errors detail ===
2025-04-14 01:24:34 - DEBUG - New Error 1: line 13, type: rewrite_failed, message: tactic 'rewrite' failed, did not find instance of the pattern in the target expression
  (?a - 1) * ?b
x y : ℝ
h₀ : x = 5
h₁ : y = 2
h5pow3 : 5 ^ 3 = 125
h2pow2 : 2 ^ 2 = 4
⊢ √(5 ^ 3 - 2 ^ 2) = 11
2025-04-14 01:24:34 - INFO - Testing fragment: rw [mul_sub_one]
2025-04-14 01:24:34 - INFO - Original error line:   rw [h5pow3, h2pow2]
2025-04-14 01:24:36 - INFO - Testing fix: Original errors: 1, Fixed errors: 1
2025-04-14 01:24:36 - INFO - Result: False (introduced 1 new errors)
2025-04-14 01:24:36 - DEBUG - === New errors detail ===
2025-04-14 01:24:36 - DEBUG - New Error 1: line 13, type: rewrite_failed, message: tactic 'rewrite' failed, did not find instance of the pattern in the target expression
  ?a * (?b - 1)
x y : ℝ
h₀ : x = 5
h₁ : y = 2
h5pow3 : 5 ^ 3 = 125
h2pow2 : 2 ^ 2 = 4
⊢ √(5 ^ 3 - 2 ^ 2) = 11
2025-04-14 01:24:36 - INFO - Testing fragment: rw [one_sub_mul]
2025-04-14 01:24:36 - INFO - Original error line:   rw [h5pow3, h2pow2]
2025-04-14 01:24:38 - INFO - Testing fix: Original errors: 1, Fixed errors: 1
2025-04-14 01:24:38 - INFO - Result: False (introduced 1 new errors)
2025-04-14 01:24:38 - DEBUG - === New errors detail ===
2025-04-14 01:24:38 - DEBUG - New Error 1: line 13, type: rewrite_failed, message: tactic 'rewrite' failed, did not find instance of the pattern in the target expression
  (1 - ?a) * ?b
x y : ℝ
h₀ : x = 5
h₁ : y = 2
h5pow3 : 5 ^ 3 = 125
h2pow2 : 2 ^ 2 = 4
⊢ √(5 ^ 3 - 2 ^ 2) = 11
2025-04-14 01:24:38 - INFO - Testing fragment: rw [mul_one_sub]
2025-04-14 01:24:38 - INFO - Original error line:   rw [h5pow3, h2pow2]
2025-04-14 01:24:40 - INFO - Testing fix: Original errors: 1, Fixed errors: 1
2025-04-14 01:24:40 - INFO - Result: False (introduced 1 new errors)
2025-04-14 01:24:40 - DEBUG - === New errors detail ===
2025-04-14 01:24:40 - DEBUG - New Error 1: line 13, type: rewrite_failed, message: tactic 'rewrite' failed, did not find instance of the pattern in the target expression
  ?a * (1 - ?b)
x y : ℝ
h₀ : x = 5
h₁ : y = 2
h5pow3 : 5 ^ 3 = 125
h2pow2 : 2 ^ 2 = 4
⊢ √(5 ^ 3 - 2 ^ 2) = 11
2025-04-14 01:24:40 - INFO - Testing fragment: rw [mul_left_cancel]
2025-04-14 01:24:40 - INFO - Original error line:   rw [h5pow3, h2pow2]
2025-04-14 01:24:42 - INFO - Testing fix: Original errors: 1, Fixed errors: 1
2025-04-14 01:24:42 - INFO - Result: False (introduced 1 new errors)
2025-04-14 01:24:42 - DEBUG - === New errors detail ===
2025-04-14 01:24:42 - DEBUG - New Error 1: line 13, type: rewrite_failed, message: tactic 'rewrite' failed, pattern is a metavariable
  ?m.1781
from equation
  ?m.1781 = ?m.1782
x y : ℝ
h₀ : x = 5
h₁ : y = 2
h5pow3 : 5 ^ 3 = 125
h2pow2 : 2 ^ 2 = 4
⊢ √(5 ^ 3 - 2 ^ 2) = 11
2025-04-14 01:24:42 - INFO - Testing fragment: rw [mul_left_cancel_iff]
2025-04-14 01:24:42 - INFO - Original error line:   rw [h5pow3, h2pow2]
2025-04-14 01:24:44 - INFO - Testing fix: Original errors: 1, Fixed errors: 1
2025-04-14 01:24:44 - INFO - Result: False (introduced 1 new errors)
2025-04-14 01:24:44 - DEBUG - === New errors detail ===
2025-04-14 01:24:44 - DEBUG - New Error 1: line 13, type: rewrite_failed, message: tactic 'rewrite' failed, did not find instance of the pattern in the target expression
  ?m.1780 * ?m.1781 = ?m.1780 * ?m.1782
x y : ℝ
h₀ : x = 5
h₁ : y = 2
h5pow3 : 5 ^ 3 = 125
h2pow2 : 2 ^ 2 = 4
⊢ √(5 ^ 3 - 2 ^ 2) = 11
2025-04-14 01:24:44 - INFO - Testing fragment: rw [mul_right_injective]
2025-04-14 01:24:44 - INFO - Original error line:   rw [h5pow3, h2pow2]
2025-04-14 01:24:46 - INFO - Testing fix: Original errors: 1, Fixed errors: 1
2025-04-14 01:24:46 - INFO - Result: False (introduced 1 new errors)
2025-04-14 01:24:46 - DEBUG - === New errors detail ===
2025-04-14 01:24:46 - DEBUG - New Error 1: line 13, type: rewrite_failed, message: tactic 'rewrite' failed, pattern is a metavariable
  ?a₁
from equation
  ?a₁ = ?a₂
x y : ℝ
h₀ : x = 5
h₁ : y = 2
h5pow3 : 5 ^ 3 = 125
h2pow2 : 2 ^ 2 = 4
⊢ √(5 ^ 3 - 2 ^ 2) = 11
2025-04-14 01:24:46 - INFO - Testing fragment: rw [mul_right_inj]
2025-04-14 01:24:46 - INFO - Original error line:   rw [h5pow3, h2pow2]
2025-04-14 01:24:48 - INFO - Testing fix: Original errors: 1, Fixed errors: 1
2025-04-14 01:24:48 - INFO - Result: False (introduced 1 new errors)
2025-04-14 01:24:48 - DEBUG - === New errors detail ===
2025-04-14 01:24:48 - DEBUG - New Error 1: line 13, type: rewrite_failed, message: tactic 'rewrite' failed, did not find instance of the pattern in the target expression
  ?a * ?b = ?a * ?c
x y : ℝ
h₀ : x = 5
h₁ : y = 2
h5pow3 : 5 ^ 3 = 125
h2pow2 : 2 ^ 2 = 4
⊢ √(5 ^ 3 - 2 ^ 2) = 11
2025-04-14 01:24:48 - INFO - Testing fragment: rw [mul_ne_mul_right]
2025-04-14 01:24:48 - INFO - Original error line:   rw [h5pow3, h2pow2]
2025-04-14 01:24:50 - INFO - Testing fix: Original errors: 1, Fixed errors: 1
2025-04-14 01:24:50 - INFO - Result: False (introduced 1 new errors)
2025-04-14 01:24:50 - DEBUG - === New errors detail ===
2025-04-14 01:24:50 - DEBUG - New Error 1: line 13, type: rewrite_failed, message: tactic 'rewrite' failed, did not find instance of the pattern in the target expression
  ?a * ?b ≠ ?a * ?c
x y : ℝ
h₀ : x = 5
h₁ : y = 2
h5pow3 : 5 ^ 3 = 125
h2pow2 : 2 ^ 2 = 4
⊢ √(5 ^ 3 - 2 ^ 2) = 11
2025-04-14 01:24:50 - INFO - Testing fragment: rw [mul_right_cancel]
2025-04-14 01:24:50 - INFO - Original error line:   rw [h5pow3, h2pow2]
2025-04-14 01:24:52 - INFO - Testing fix: Original errors: 1, Fixed errors: 1
2025-04-14 01:24:52 - INFO - Result: False (introduced 1 new errors)
2025-04-14 01:24:52 - DEBUG - === New errors detail ===
2025-04-14 01:24:52 - DEBUG - New Error 1: line 13, type: rewrite_failed, message: tactic 'rewrite' failed, pattern is a metavariable
  ?m.1780
from equation
  ?m.1780 = ?m.1782
x y : ℝ
h₀ : x = 5
h₁ : y = 2
h5pow3 : 5 ^ 3 = 125
h2pow2 : 2 ^ 2 = 4
⊢ √(5 ^ 3 - 2 ^ 2) = 11
2025-04-14 01:24:52 - INFO - Testing fragment: rw [mul_right_cancel_iff]
2025-04-14 01:24:52 - INFO - Original error line:   rw [h5pow3, h2pow2]
2025-04-14 01:24:54 - INFO - Testing fix: Original errors: 1, Fixed errors: 1
2025-04-14 01:24:54 - INFO - Result: False (introduced 1 new errors)
2025-04-14 01:24:54 - DEBUG - === New errors detail ===
2025-04-14 01:24:54 - DEBUG - New Error 1: line 13, type: rewrite_failed, message: tactic 'rewrite' failed, did not find instance of the pattern in the target expression
  ?m.1781 * ?m.1780 = ?m.1782 * ?m.1780
x y : ℝ
h₀ : x = 5
h₁ : y = 2
h5pow3 : 5 ^ 3 = 125
h2pow2 : 2 ^ 2 = 4
⊢ √(5 ^ 3 - 2 ^ 2) = 11
2025-04-14 01:24:54 - INFO - Testing fragment: rw [mul_left_injective]
2025-04-14 01:24:54 - INFO - Original error line:   rw [h5pow3, h2pow2]
2025-04-14 01:24:56 - INFO - Testing fix: Original errors: 1, Fixed errors: 1
2025-04-14 01:24:56 - INFO - Result: False (introduced 1 new errors)
2025-04-14 01:24:56 - DEBUG - === New errors detail ===
2025-04-14 01:24:56 - DEBUG - New Error 1: line 13, type: rewrite_failed, message: tactic 'rewrite' failed, pattern is a metavariable
  ?a₁
from equation
  ?a₁ = ?a₂
x y : ℝ
h₀ : x = 5
h₁ : y = 2
h5pow3 : 5 ^ 3 = 125
h2pow2 : 2 ^ 2 = 4
⊢ √(5 ^ 3 - 2 ^ 2) = 11
2025-04-14 01:24:56 - INFO - Testing fragment: rw [mul_left_inj]
2025-04-14 01:24:56 - INFO - Original error line:   rw [h5pow3, h2pow2]
2025-04-14 01:24:58 - INFO - Testing fix: Original errors: 1, Fixed errors: 1
2025-04-14 01:24:58 - INFO - Result: False (introduced 1 new errors)
2025-04-14 01:24:58 - DEBUG - === New errors detail ===
2025-04-14 01:24:58 - DEBUG - New Error 1: line 13, type: rewrite_failed, message: tactic 'rewrite' failed, did not find instance of the pattern in the target expression
  ?b * ?a = ?c * ?a
x y : ℝ
h₀ : x = 5
h₁ : y = 2
h5pow3 : 5 ^ 3 = 125
h2pow2 : 2 ^ 2 = 4
⊢ √(5 ^ 3 - 2 ^ 2) = 11
2025-04-14 01:24:58 - INFO - Testing fragment: rw [mul_ne_mul_left]
2025-04-14 01:24:58 - INFO - Original error line:   rw [h5pow3, h2pow2]
2025-04-14 01:25:00 - INFO - Testing fix: Original errors: 1, Fixed errors: 1
2025-04-14 01:25:00 - INFO - Result: False (introduced 1 new errors)
2025-04-14 01:25:00 - DEBUG - === New errors detail ===
2025-04-14 01:25:00 - DEBUG - New Error 1: line 13, type: rewrite_failed, message: tactic 'rewrite' failed, did not find instance of the pattern in the target expression
  ?b * ?a ≠ ?c * ?a
x y : ℝ
h₀ : x = 5
h₁ : y = 2
h5pow3 : 5 ^ 3 = 125
h2pow2 : 2 ^ 2 = 4
⊢ √(5 ^ 3 - 2 ^ 2) = 11
2025-04-14 01:25:00 - INFO - Testing fragment: rw [mul_assoc]
2025-04-14 01:25:00 - INFO - Original error line:   rw [h5pow3, h2pow2]
2025-04-14 01:25:02 - INFO - Testing fix: Original errors: 1, Fixed errors: 1
2025-04-14 01:25:02 - INFO - Result: False (introduced 1 new errors)
2025-04-14 01:25:02 - DEBUG - === New errors detail ===
2025-04-14 01:25:02 - DEBUG - New Error 1: line 13, type: rewrite_failed, message: tactic 'rewrite' failed, did not find instance of the pattern in the target expression
  ?a * ?b * ?c
x y : ℝ
h₀ : x = 5
h₁ : y = 2
h5pow3 : 5 ^ 3 = 125
h2pow2 : 2 ^ 2 = 4
⊢ √(5 ^ 3 - 2 ^ 2) = 11
2025-04-14 01:25:02 - INFO - Testing fragment: rw [mul_comm]
2025-04-14 01:25:02 - INFO - Original error line:   rw [h5pow3, h2pow2]
2025-04-14 01:25:04 - INFO - Testing fix: Original errors: 1, Fixed errors: 1
2025-04-14 01:25:04 - INFO - Result: False (introduced 1 new errors)
2025-04-14 01:25:04 - DEBUG - === New errors detail ===
2025-04-14 01:25:04 - DEBUG - New Error 1: line 13, type: rewrite_failed, message: tactic 'rewrite' failed, did not find instance of the pattern in the target expression
  ?a * ?b
x y : ℝ
h₀ : x = 5
h₁ : y = 2
h5pow3 : 5 ^ 3 = 125
h2pow2 : 2 ^ 2 = 4
⊢ √(5 ^ 3 - 2 ^ 2) = 11
2025-04-14 01:25:04 - INFO - Testing fragment: rw [MulOneClass]
2025-04-14 01:25:04 - INFO - Original error line:   rw [h5pow3, h2pow2]
2025-04-14 01:25:06 - INFO - Testing fix: Original errors: 1, Fixed errors: 1
2025-04-14 01:25:06 - INFO - Result: False (introduced 1 new errors)
2025-04-14 01:25:06 - DEBUG - === New errors detail ===
2025-04-14 01:25:06 - DEBUG - New Error 1: line 13, type: rewrite_failed, message: tactic 'rewrite' failed, equality or iff proof expected
  Type ?u.1776
x y : ℝ
h₀ : x = 5
h₁ : y = 2
h5pow3 : 5 ^ 3 = 125
h2pow2 : 2 ^ 2 = 4
⊢ √(5 ^ 3 - 2 ^ 2) = 11
2025-04-14 01:25:06 - INFO - Testing fragment: rw [one_mul]
2025-04-14 01:25:06 - INFO - Original error line:   rw [h5pow3, h2pow2]
2025-04-14 01:25:08 - INFO - Testing fix: Original errors: 1, Fixed errors: 1
2025-04-14 01:25:08 - INFO - Result: False (introduced 1 new errors)
2025-04-14 01:25:08 - DEBUG - === New errors detail ===
2025-04-14 01:25:08 - DEBUG - New Error 1: line 13, type: rewrite_failed, message: tactic 'rewrite' failed, did not find instance of the pattern in the target expression
  1 * ?a
x y : ℝ
h₀ : x = 5
h₁ : y = 2
h5pow3 : 5 ^ 3 = 125
h2pow2 : 2 ^ 2 = 4
⊢ √(5 ^ 3 - 2 ^ 2) = 11
2025-04-14 01:25:08 - INFO - Testing fragment: rw [mul_one]
2025-04-14 01:25:08 - INFO - Original error line:   rw [h5pow3, h2pow2]
2025-04-14 01:25:10 - INFO - Testing fix: Original errors: 1, Fixed errors: 1
2025-04-14 01:25:10 - INFO - Result: False (introduced 1 new errors)
2025-04-14 01:25:10 - DEBUG - === New errors detail ===
2025-04-14 01:25:10 - DEBUG - New Error 1: line 13, type: rewrite_failed, message: tactic 'rewrite' failed, did not find instance of the pattern in the target expression
  ?a * 1
x y : ℝ
h₀ : x = 5
h₁ : y = 2
h5pow3 : 5 ^ 3 = 125
h2pow2 : 2 ^ 2 = 4
⊢ √(5 ^ 3 - 2 ^ 2) = 11
2025-04-14 01:25:10 - INFO - Testing fragment: rw [npowRec_add]
2025-04-14 01:25:10 - INFO - Original error line:   rw [h5pow3, h2pow2]
2025-04-14 01:25:12 - INFO - Testing fix: Original errors: 1, Fixed errors: 2
2025-04-14 01:25:12 - INFO - Result: False (introduced 2 new errors)
2025-04-14 01:25:12 - DEBUG - === New errors detail ===
2025-04-14 01:25:12 - DEBUG - New Error 1: line 13, type: unknown_identifier, message: unknown identifier 'npowRec_add'
2025-04-14 01:25:12 - DEBUG - New Error 2: line 13, type: rewrite_failed, message: tactic 'rewrite' failed, equality or iff proof expected
  ?m.1776
x y : ℝ
h₀ : x = 5
h₁ : y = 2
h5pow3 : 5 ^ 3 = 125
h2pow2 : 2 ^ 2 = 4
⊢ √(5 ^ 3 - 2 ^ 2) = 11
2025-04-14 01:25:12 - INFO - Testing fragment: rw [npowRec_succ]
2025-04-14 01:25:12 - INFO - Original error line:   rw [h5pow3, h2pow2]
2025-04-14 01:25:14 - INFO - Testing fix: Original errors: 1, Fixed errors: 2
2025-04-14 01:25:14 - INFO - Result: False (introduced 2 new errors)
2025-04-14 01:25:14 - DEBUG - === New errors detail ===
2025-04-14 01:25:14 - DEBUG - New Error 1: line 13, type: unknown_identifier, message: unknown identifier 'npowRec_succ'
2025-04-14 01:25:14 - DEBUG - New Error 2: line 13, type: rewrite_failed, message: tactic 'rewrite' failed, equality or iff proof expected
  ?m.1776
x y : ℝ
h₀ : x = 5
h₁ : y = 2
h5pow3 : 5 ^ 3 = 125
h2pow2 : 2 ^ 2 = 4
⊢ √(5 ^ 3 - 2 ^ 2) = 11
2025-04-14 01:25:14 - INFO - Testing fragment: rw [npowRec'_succ]
2025-04-14 01:25:14 - INFO - Original error line:   rw [h5pow3, h2pow2]
2025-04-14 01:25:16 - INFO - Testing fix: Original errors: 1, Fixed errors: 2
2025-04-14 01:25:16 - INFO - Result: False (introduced 2 new errors)
2025-04-14 01:25:16 - DEBUG - === New errors detail ===
2025-04-14 01:25:16 - DEBUG - New Error 1: line 13, type: unknown_identifier, message: unknown identifier 'npowRec'_succ'
2025-04-14 01:25:16 - DEBUG - New Error 2: line 13, type: rewrite_failed, message: tactic 'rewrite' failed, equality or iff proof expected
  ?m.1776
x y : ℝ
h₀ : x = 5
h₁ : y = 2
h5pow3 : 5 ^ 3 = 125
h2pow2 : 2 ^ 2 = 4
⊢ √(5 ^ 3 - 2 ^ 2) = 11
2025-04-14 01:25:16 - INFO - Testing fragment: rw [npowRec'_two_mul]
2025-04-14 01:25:16 - INFO - Original error line:   rw [h5pow3, h2pow2]
2025-04-14 01:25:18 - INFO - Testing fix: Original errors: 1, Fixed errors: 2
2025-04-14 01:25:18 - INFO - Result: False (introduced 2 new errors)
2025-04-14 01:25:18 - DEBUG - === New errors detail ===
2025-04-14 01:25:18 - DEBUG - New Error 1: line 13, type: unknown_identifier, message: unknown identifier 'npowRec'_two_mul'
2025-04-14 01:25:18 - DEBUG - New Error 2: line 13, type: rewrite_failed, message: tactic 'rewrite' failed, equality or iff proof expected
  ?m.1776
x y : ℝ
h₀ : x = 5
h₁ : y = 2
h5pow3 : 5 ^ 3 = 125
h2pow2 : 2 ^ 2 = 4
⊢ √(5 ^ 3 - 2 ^ 2) = 11
2025-04-14 01:25:18 - INFO - Testing fragment: rw [npowRec'_mul_comm]
2025-04-14 01:25:18 - INFO - Original error line:   rw [h5pow3, h2pow2]
2025-04-14 01:25:20 - INFO - Testing fix: Original errors: 1, Fixed errors: 2
2025-04-14 01:25:20 - INFO - Result: False (introduced 2 new errors)
2025-04-14 01:25:20 - DEBUG - === New errors detail ===
2025-04-14 01:25:20 - DEBUG - New Error 1: line 13, type: unknown_identifier, message: unknown identifier 'npowRec'_mul_comm'
2025-04-14 01:25:20 - DEBUG - New Error 2: line 13, type: rewrite_failed, message: tactic 'rewrite' failed, equality or iff proof expected
  ?m.1776
x y : ℝ
h₀ : x = 5
h₁ : y = 2
h5pow3 : 5 ^ 3 = 125
h2pow2 : 2 ^ 2 = 4
⊢ √(5 ^ 3 - 2 ^ 2) = 11
2025-04-14 01:25:20 - INFO - Testing fragment: rw [npowRec_eq]
2025-04-14 01:25:20 - INFO - Original error line:   rw [h5pow3, h2pow2]
2025-04-14 01:25:22 - INFO - Testing fix: Original errors: 1, Fixed errors: 2
2025-04-14 01:25:22 - INFO - Result: False (introduced 2 new errors)
2025-04-14 01:25:22 - DEBUG - === New errors detail ===
2025-04-14 01:25:22 - DEBUG - New Error 1: line 13, type: unknown_identifier, message: unknown identifier 'npowRec_eq'
2025-04-14 01:25:22 - DEBUG - New Error 2: line 13, type: rewrite_failed, message: tactic 'rewrite' failed, equality or iff proof expected
  ?m.1776
x y : ℝ
h₀ : x = 5
h₁ : y = 2
h5pow3 : 5 ^ 3 = 125
h2pow2 : 2 ^ 2 = 4
⊢ √(5 ^ 3 - 2 ^ 2) = 11
2025-04-14 01:25:22 - INFO - Testing fragment: rw [npowBinRec]
2025-04-14 01:25:22 - INFO - Original error line:   rw [h5pow3, h2pow2]
2025-04-14 01:25:24 - INFO - Testing fix: Original errors: 1, Fixed errors: 2
2025-04-14 01:25:24 - INFO - Result: False (introduced 2 new errors)
2025-04-14 01:25:24 - DEBUG - === New errors detail ===
2025-04-14 01:25:24 - DEBUG - New Error 1: line 13, type: unknown_identifier, message: unknown identifier 'npowBinRec'
2025-04-14 01:25:24 - DEBUG - New Error 2: line 13, type: rewrite_failed, message: tactic 'rewrite' failed, equality or iff proof expected
  ?m.1776
x y : ℝ
h₀ : x = 5
h₁ : y = 2
h5pow3 : 5 ^ 3 = 125
h2pow2 : 2 ^ 2 = 4
⊢ √(5 ^ 3 - 2 ^ 2) = 11
2025-04-14 01:25:24 - INFO - Testing fragment: rw [npowRec_eq_npowBinRec]
2025-04-14 01:25:24 - INFO - Original error line:   rw [h5pow3, h2pow2]
2025-04-14 01:25:26 - INFO - Testing fix: Original errors: 1, Fixed errors: 2
2025-04-14 01:25:26 - INFO - Result: False (introduced 2 new errors)
2025-04-14 01:25:26 - DEBUG - === New errors detail ===
2025-04-14 01:25:26 - DEBUG - New Error 1: line 13, type: unknown_identifier, message: unknown identifier 'npowRec_eq_npowBinRec'
2025-04-14 01:25:26 - DEBUG - New Error 2: line 13, type: rewrite_failed, message: tactic 'rewrite' failed, equality or iff proof expected
  ?m.1776
x y : ℝ
h₀ : x = 5
h₁ : y = 2
h5pow3 : 5 ^ 3 = 125
h2pow2 : 2 ^ 2 = 4
⊢ √(5 ^ 3 - 2 ^ 2) = 11
2025-04-14 01:25:26 - INFO - Testing fragment: rw [npow_eq_pow]
2025-04-14 01:25:26 - INFO - Original error line:   rw [h5pow3, h2pow2]
2025-04-14 01:25:28 - INFO - Testing fix: Original errors: 1, Fixed errors: 1
2025-04-14 01:25:28 - INFO - Result: False (introduced 1 new errors)
2025-04-14 01:25:28 - DEBUG - === New errors detail ===
2025-04-14 01:25:28 - DEBUG - New Error 1: line 13, type: rewrite_failed, message: tactic 'rewrite' failed, did not find instance of the pattern in the target expression
  Monoid.npow ?n ?x
x y : ℝ
h₀ : x = 5
h₁ : y = 2
h5pow3 : 5 ^ 3 = 125
h2pow2 : 2 ^ 2 = 4
⊢ √(5 ^ 3 - 2 ^ 2) = 11
2025-04-14 01:25:28 - INFO - Testing fragment: rw [pow_zero]
2025-04-14 01:25:28 - INFO - Original error line:   rw [h5pow3, h2pow2]
2025-04-14 01:25:30 - INFO - Testing fix: Original errors: 1, Fixed errors: 1
2025-04-14 01:25:30 - INFO - Result: False (introduced 1 new errors)
2025-04-14 01:25:30 - DEBUG - === New errors detail ===
2025-04-14 01:25:30 - DEBUG - New Error 1: line 13, type: rewrite_failed, message: tactic 'rewrite' failed, did not find instance of the pattern in the target expression
  ?a ^ 0
x y : ℝ
h₀ : x = 5
h₁ : y = 2
h5pow3 : 5 ^ 3 = 125
h2pow2 : 2 ^ 2 = 4
⊢ √(5 ^ 3 - 2 ^ 2) = 11
2025-04-14 01:25:30 - INFO - Testing fragment: rw [pow_succ]
2025-04-14 01:25:30 - INFO - Original error line:   rw [h5pow3, h2pow2]
2025-04-14 01:25:32 - INFO - Testing fix: Original errors: 1, Fixed errors: 1
2025-04-14 01:25:32 - INFO - Result: False (introduced 1 new errors)
2025-04-14 01:25:32 - DEBUG - === New errors detail ===
2025-04-14 01:25:32 - DEBUG - New Error 1: line 18, type: rewrite_failed, message: tactic 'rewrite' failed, did not find instance of the pattern in the target expression
  125 - 4
x y : ℝ
h₀ : x = 5
h₁ : y = 2
h5pow3 : 5 ^ 3 = 125
h2pow2 : 2 ^ 2 = 4
hsub : 125 - 4 = 121
⊢ √(5 ^ 2 * 5 - 2 ^ 2) = 11
2025-04-14 01:25:32 - INFO - Testing fragment: rw [inv_inv]
2025-04-14 01:25:32 - INFO - Original error line:   rw [h5pow3, h2pow2]
2025-04-14 01:25:34 - INFO - Testing fix: Original errors: 1, Fixed errors: 1
2025-04-14 01:25:34 - INFO - Result: False (introduced 1 new errors)
2025-04-14 01:25:34 - DEBUG - === New errors detail ===
2025-04-14 01:25:34 - DEBUG - New Error 1: line 13, type: rewrite_failed, message: tactic 'rewrite' failed, did not find instance of the pattern in the target expression
  ?a⁻¹⁻¹
x y : ℝ
h₀ : x = 5
h₁ : y = 2
h5pow3 : 5 ^ 3 = 125
h2pow2 : 2 ^ 2 = 4
⊢ √(5 ^ 3 - 2 ^ 2) = 11
2025-04-14 01:25:34 - INFO - Testing fragment: rw [exists_zpow_surjective]
2025-04-14 01:25:34 - INFO - Original error line:   rw [h5pow3, h2pow2]
2025-04-14 01:25:36 - INFO - Testing fix: Original errors: 1, Fixed errors: 2
2025-04-14 01:25:36 - INFO - Result: False (introduced 2 new errors)
2025-04-14 01:25:36 - DEBUG - === New errors detail ===
2025-04-14 01:25:36 - DEBUG - New Error 1: line 13, type: unknown_identifier, message: unknown identifier 'exists_zpow_surjective'
2025-04-14 01:25:36 - DEBUG - New Error 2: line 13, type: rewrite_failed, message: tactic 'rewrite' failed, equality or iff proof expected
  ?m.1776
x y : ℝ
h₀ : x = 5
h₁ : y = 2
h5pow3 : 5 ^ 3 = 125
h2pow2 : 2 ^ 2 = 4
⊢ √(5 ^ 3 - 2 ^ 2) = 11
2025-04-14 01:25:36 - INFO - Testing fragment: rw [zpow_eq_pow]
2025-04-14 01:25:36 - INFO - Original error line:   rw [h5pow3, h2pow2]
2025-04-14 01:25:38 - INFO - Testing fix: Original errors: 1, Fixed errors: 1
2025-04-14 01:25:38 - INFO - Result: False (introduced 1 new errors)
2025-04-14 01:25:38 - DEBUG - === New errors detail ===
2025-04-14 01:25:38 - DEBUG - New Error 1: line 13, type: rewrite_failed, message: tactic 'rewrite' failed, did not find instance of the pattern in the target expression
  DivInvMonoid.zpow ?n ?x
x y : ℝ
h₀ : x = 5
h₁ : y = 2
h5pow3 : 5 ^ 3 = 125
h2pow2 : 2 ^ 2 = 4
⊢ √(5 ^ 3 - 2 ^ 2) = 11
2025-04-14 01:25:38 - INFO - Testing fragment: rw [zpow_zero]
2025-04-14 01:25:38 - INFO - Original error line:   rw [h5pow3, h2pow2]
2025-04-14 01:25:40 - INFO - Testing fix: Original errors: 1, Fixed errors: 1
2025-04-14 01:25:40 - INFO - Result: False (introduced 1 new errors)
2025-04-14 01:25:40 - DEBUG - === New errors detail ===
2025-04-14 01:25:40 - DEBUG - New Error 1: line 13, type: rewrite_failed, message: tactic 'rewrite' failed, did not find instance of the pattern in the target expression
  ?a ^ 0
x y : ℝ
h₀ : x = 5
h₁ : y = 2
h5pow3 : 5 ^ 3 = 125
h2pow2 : 2 ^ 2 = 4
⊢ √(5 ^ 3 - 2 ^ 2) = 11
2025-04-14 01:25:40 - INFO - Testing fragment: rw [zpow_natCast]
2025-04-14 01:25:40 - INFO - Original error line:   rw [h5pow3, h2pow2]
2025-04-14 01:25:42 - INFO - Testing fix: Original errors: 1, Fixed errors: 1
2025-04-14 01:25:42 - INFO - Result: False (introduced 1 new errors)
2025-04-14 01:25:42 - DEBUG - === New errors detail ===
2025-04-14 01:25:42 - DEBUG - New Error 1: line 13, type: rewrite_failed, message: tactic 'rewrite' failed, did not find instance of the pattern in the target expression
  ?a ^ ↑?n
x y : ℝ
h₀ : x = 5
h₁ : y = 2
h5pow3 : 5 ^ 3 = 125
h2pow2 : 2 ^ 2 = 4
⊢ √(5 ^ 3 - 2 ^ 2) = 11
2025-04-14 01:25:42 - INFO - Testing fragment: rw [zpow_negSucc]
2025-04-14 01:25:42 - INFO - Original error line:   rw [h5pow3, h2pow2]
2025-04-14 01:25:44 - INFO - Testing fix: Original errors: 1, Fixed errors: 1
2025-04-14 01:25:44 - INFO - Result: False (introduced 1 new errors)
2025-04-14 01:25:44 - DEBUG - === New errors detail ===
2025-04-14 01:25:44 - DEBUG - New Error 1: line 13, type: rewrite_failed, message: tactic 'rewrite' failed, did not find instance of the pattern in the target expression
  ?a ^ Int.negSucc ?n
x y : ℝ
h₀ : x = 5
h₁ : y = 2
h5pow3 : 5 ^ 3 = 125
h2pow2 : 2 ^ 2 = 4
⊢ √(5 ^ 3 - 2 ^ 2) = 11
2025-04-14 01:25:44 - INFO - Testing fragment: rw [negSucc_zsmul]
2025-04-14 01:25:44 - INFO - Original error line:   rw [h5pow3, h2pow2]
2025-04-14 01:25:46 - INFO - Testing fix: Original errors: 1, Fixed errors: 1
2025-04-14 01:25:46 - INFO - Result: False (introduced 1 new errors)
2025-04-14 01:25:46 - DEBUG - === New errors detail ===
2025-04-14 01:25:46 - DEBUG - New Error 1: line 13, type: rewrite_failed, message: tactic 'rewrite' failed, did not find instance of the pattern in the target expression
  Int.negSucc ?n • ?a
x y : ℝ
h₀ : x = 5
h₁ : y = 2
h5pow3 : 5 ^ 3 = 125
h2pow2 : 2 ^ 2 = 4
⊢ √(5 ^ 3 - 2 ^ 2) = 11
2025-04-14 01:25:46 - INFO - Testing fragment: rw [div_eq_mul_inv]
2025-04-14 01:25:46 - INFO - Original error line:   rw [h5pow3, h2pow2]
2025-04-14 01:25:48 - INFO - Testing fix: Original errors: 1, Fixed errors: 1
2025-04-14 01:25:48 - INFO - Result: False (introduced 1 new errors)
2025-04-14 01:25:48 - DEBUG - === New errors detail ===
2025-04-14 01:25:48 - DEBUG - New Error 1: line 13, type: rewrite_failed, message: tactic 'rewrite' failed, did not find instance of the pattern in the target expression
  ?a / ?b
x y : ℝ
h₀ : x = 5
h₁ : y = 2
h5pow3 : 5 ^ 3 = 125
h2pow2 : 2 ^ 2 = 4
⊢ √(5 ^ 3 - 2 ^ 2) = 11
2025-04-14 01:25:48 - INFO - Testing fragment: rw [inv_eq_one_div]
2025-04-14 01:25:48 - INFO - Original error line:   rw [h5pow3, h2pow2]
2025-04-14 01:25:50 - INFO - Testing fix: Original errors: 1, Fixed errors: 1
2025-04-14 01:25:50 - INFO - Result: False (introduced 1 new errors)
2025-04-14 01:25:50 - DEBUG - === New errors detail ===
2025-04-14 01:25:50 - DEBUG - New Error 1: line 13, type: rewrite_failed, message: tactic 'rewrite' failed, did not find instance of the pattern in the target expression
  ?x⁻¹
x y : ℝ
h₀ : x = 5
h₁ : y = 2
h5pow3 : 5 ^ 3 = 125
h2pow2 : 2 ^ 2 = 4
⊢ √(5 ^ 3 - 2 ^ 2) = 11
2025-04-14 01:25:50 - INFO - Testing fragment: rw [mul_div_assoc]
2025-04-14 01:25:50 - INFO - Original error line:   rw [h5pow3, h2pow2]
2025-04-14 01:25:52 - INFO - Testing fix: Original errors: 1, Fixed errors: 1
2025-04-14 01:25:52 - INFO - Result: False (introduced 1 new errors)
2025-04-14 01:25:52 - DEBUG - === New errors detail ===
2025-04-14 01:25:52 - DEBUG - New Error 1: line 13, type: rewrite_failed, message: tactic 'rewrite' failed, did not find instance of the pattern in the target expression
  ?a * ?b / ?c
x y : ℝ
h₀ : x = 5
h₁ : y = 2
h5pow3 : 5 ^ 3 = 125
h2pow2 : 2 ^ 2 = 4
⊢ √(5 ^ 3 - 2 ^ 2) = 11
2025-04-14 01:25:52 - INFO - Testing fragment: rw [one_div]
2025-04-14 01:25:52 - INFO - Original error line:   rw [h5pow3, h2pow2]
2025-04-14 01:25:54 - INFO - Testing fix: Original errors: 1, Fixed errors: 1
2025-04-14 01:25:54 - INFO - Result: False (introduced 1 new errors)
2025-04-14 01:25:54 - DEBUG - === New errors detail ===
2025-04-14 01:25:54 - DEBUG - New Error 1: line 13, type: rewrite_failed, message: tactic 'rewrite' failed, did not find instance of the pattern in the target expression
  1 / ?a
x y : ℝ
h₀ : x = 5
h₁ : y = 2
h5pow3 : 5 ^ 3 = 125
h2pow2 : 2 ^ 2 = 4
⊢ √(5 ^ 3 - 2 ^ 2) = 11
2025-04-14 01:25:54 - INFO - Testing fragment: rw [inv_one]
2025-04-14 01:25:54 - INFO - Original error line:   rw [h5pow3, h2pow2]
2025-04-14 01:25:56 - INFO - Testing fix: Original errors: 1, Fixed errors: 1
2025-04-14 01:25:56 - INFO - Result: False (introduced 1 new errors)
2025-04-14 01:25:56 - DEBUG - === New errors detail ===
2025-04-14 01:25:56 - DEBUG - New Error 1: line 13, type: rewrite_failed, message: tactic 'rewrite' failed, did not find instance of the pattern in the target expression
  1⁻¹
x y : ℝ
h₀ : x = 5
h₁ : y = 2
h5pow3 : 5 ^ 3 = 125
h2pow2 : 2 ^ 2 = 4
⊢ √(5 ^ 3 - 2 ^ 2) = 11
2025-04-14 01:25:56 - INFO - Testing fragment: rw [mul_inv_rev]
2025-04-14 01:25:56 - INFO - Original error line:   rw [h5pow3, h2pow2]
2025-04-14 01:25:58 - INFO - Testing fix: Original errors: 1, Fixed errors: 1
2025-04-14 01:25:58 - INFO - Result: False (introduced 1 new errors)
2025-04-14 01:25:58 - DEBUG - === New errors detail ===
2025-04-14 01:25:58 - DEBUG - New Error 1: line 13, type: rewrite_failed, message: tactic 'rewrite' failed, did not find instance of the pattern in the target expression
  (?a * ?b)⁻¹
x y : ℝ
h₀ : x = 5
h₁ : y = 2
h5pow3 : 5 ^ 3 = 125
h2pow2 : 2 ^ 2 = 4
⊢ √(5 ^ 3 - 2 ^ 2) = 11
2025-04-14 01:25:58 - INFO - Testing fragment: rw [inv_eq_of_mul_eq_one_right]
2025-04-14 01:25:58 - INFO - Original error line:   rw [h5pow3, h2pow2]
2025-04-14 01:26:00 - INFO - Testing fix: Original errors: 1, Fixed errors: 1
2025-04-14 01:26:00 - INFO - Result: False (introduced 1 new errors)
2025-04-14 01:26:00 - DEBUG - === New errors detail ===
2025-04-14 01:26:00 - DEBUG - New Error 1: line 13, type: rewrite_failed, message: tactic 'rewrite' failed, did not find instance of the pattern in the target expression
  ?m.1779⁻¹
x y : ℝ
h₀ : x = 5
h₁ : y = 2
h5pow3 : 5 ^ 3 = 125
h2pow2 : 2 ^ 2 = 4
⊢ √(5 ^ 3 - 2 ^ 2) = 11
2025-04-14 01:26:00 - INFO - Testing fragment: rw [inv_eq_of_mul_eq_one_left]
2025-04-14 01:26:00 - INFO - Original error line:   rw [h5pow3, h2pow2]
2025-04-14 01:26:02 - INFO - Testing fix: Original errors: 1, Fixed errors: 1
2025-04-14 01:26:02 - INFO - Result: False (introduced 1 new errors)
2025-04-14 01:26:02 - DEBUG - === New errors detail ===
2025-04-14 01:26:02 - DEBUG - New Error 1: line 13, type: rewrite_failed, message: tactic 'rewrite' failed, did not find instance of the pattern in the target expression
  ?m.1780⁻¹
x y : ℝ
h₀ : x = 5
h₁ : y = 2
h5pow3 : 5 ^ 3 = 125
h2pow2 : 2 ^ 2 = 4
⊢ √(5 ^ 3 - 2 ^ 2) = 11
2025-04-14 01:26:02 - INFO - Testing fragment: rw [eq_inv_of_mul_eq_one_left]
2025-04-14 01:26:02 - INFO - Original error line:   rw [h5pow3, h2pow2]
2025-04-14 01:26:04 - INFO - Testing fix: Original errors: 1, Fixed errors: 1
2025-04-14 01:26:04 - INFO - Result: False (introduced 1 new errors)
2025-04-14 01:26:04 - DEBUG - === New errors detail ===
2025-04-14 01:26:04 - DEBUG - New Error 1: line 13, type: rewrite_failed, message: tactic 'rewrite' failed, pattern is a metavariable
  ?m.1779
from equation
  ?m.1779 = ?m.1780⁻¹
x y : ℝ
h₀ : x = 5
h₁ : y = 2
h5pow3 : 5 ^ 3 = 125
h2pow2 : 2 ^ 2 = 4
⊢ √(5 ^ 3 - 2 ^ 2) = 11
2025-04-14 01:26:04 - INFO - Testing fragment: rw [inv_mul_cancel]
2025-04-14 01:26:04 - INFO - Original error line:   rw [h5pow3, h2pow2]
2025-04-14 01:26:06 - INFO - Testing fix: Original errors: 1, Fixed errors: 1
2025-04-14 01:26:06 - INFO - Result: False (introduced 1 new errors)
2025-04-14 01:26:06 - DEBUG - === New errors detail ===
2025-04-14 01:26:06 - DEBUG - New Error 1: line 13, type: rewrite_failed, message: tactic 'rewrite' failed, did not find instance of the pattern in the target expression
  ?m.1779⁻¹ * ?m.1779
x y : ℝ
h₀ : x = 5
h₁ : y = 2
h5pow3 : 5 ^ 3 = 125
h2pow2 : 2 ^ 2 = 4
⊢ √(5 ^ 3 - 2 ^ 2) = 11
2025-04-14 01:26:06 - INFO - Testing fragment: rw [inv_eq_of_mul]
2025-04-14 01:26:06 - INFO - Original error line:   rw [h5pow3, h2pow2]
2025-04-14 01:26:08 - INFO - Testing fix: Original errors: 1, Fixed errors: 2
2025-04-14 01:26:08 - INFO - Result: False (introduced 2 new errors)
2025-04-14 01:26:08 - DEBUG - === New errors detail ===
2025-04-14 01:26:08 - DEBUG - New Error 1: line 13, type: unknown_identifier, message: unknown identifier 'inv_eq_of_mul'
2025-04-14 01:26:08 - DEBUG - New Error 2: line 13, type: rewrite_failed, message: tactic 'rewrite' failed, equality or iff proof expected
  ?m.1776
x y : ℝ
h₀ : x = 5
h₁ : y = 2
h5pow3 : 5 ^ 3 = 125
h2pow2 : 2 ^ 2 = 4
⊢ √(5 ^ 3 - 2 ^ 2) = 11
2025-04-14 01:26:08 - INFO - Testing fragment: rw [mul_inv_cancel]
2025-04-14 01:26:08 - INFO - Original error line:   rw [h5pow3, h2pow2]
2025-04-14 01:26:10 - INFO - Testing fix: Original errors: 1, Fixed errors: 1
2025-04-14 01:26:10 - INFO - Result: False (introduced 1 new errors)
2025-04-14 01:26:10 - DEBUG - === New errors detail ===
2025-04-14 01:26:10 - DEBUG - New Error 1: line 13, type: rewrite_failed, message: tactic 'rewrite' failed, did not find instance of the pattern in the target expression
  ?m.1779 * ?m.1779⁻¹
x y : ℝ
h₀ : x = 5
h₁ : y = 2
h5pow3 : 5 ^ 3 = 125
h2pow2 : 2 ^ 2 = 4
⊢ √(5 ^ 3 - 2 ^ 2) = 11
2025-04-14 01:26:10 - INFO - Testing fragment: rw [div_self']
2025-04-14 01:26:10 - INFO - Original error line:   rw [h5pow3, h2pow2]
2025-04-14 01:26:12 - INFO - Testing fix: Original errors: 1, Fixed errors: 1
2025-04-14 01:26:12 - INFO - Result: False (introduced 1 new errors)
2025-04-14 01:26:12 - DEBUG - === New errors detail ===
2025-04-14 01:26:12 - DEBUG - New Error 1: line 13, type: rewrite_failed, message: tactic 'rewrite' failed, did not find instance of the pattern in the target expression
  ?a / ?a
x y : ℝ
h₀ : x = 5
h₁ : y = 2
h5pow3 : 5 ^ 3 = 125
h2pow2 : 2 ^ 2 = 4
⊢ √(5 ^ 3 - 2 ^ 2) = 11
2025-04-14 01:26:12 - INFO - Testing fragment: rw [inv_mul_cancel_left]
2025-04-14 01:26:12 - INFO - Original error line:   rw [h5pow3, h2pow2]
2025-04-14 01:26:14 - INFO - Testing fix: Original errors: 1, Fixed errors: 1
2025-04-14 01:26:14 - INFO - Result: False (introduced 1 new errors)
2025-04-14 01:26:14 - DEBUG - === New errors detail ===
2025-04-14 01:26:14 - DEBUG - New Error 1: line 13, type: rewrite_failed, message: tactic 'rewrite' failed, did not find instance of the pattern in the target expression
  ?a⁻¹ * (?a * ?b)
x y : ℝ
h₀ : x = 5
h₁ : y = 2
h5pow3 : 5 ^ 3 = 125
h2pow2 : 2 ^ 2 = 4
⊢ √(5 ^ 3 - 2 ^ 2) = 11
2025-04-14 01:26:14 - INFO - Testing fragment: rw [mul_inv_cancel_left]
2025-04-14 01:26:14 - INFO - Original error line:   rw [h5pow3, h2pow2]
2025-04-14 01:26:16 - INFO - Testing fix: Original errors: 1, Fixed errors: 1
2025-04-14 01:26:16 - INFO - Result: False (introduced 1 new errors)
2025-04-14 01:26:16 - DEBUG - === New errors detail ===
2025-04-14 01:26:16 - DEBUG - New Error 1: line 13, type: rewrite_failed, message: tactic 'rewrite' failed, did not find instance of the pattern in the target expression
  ?a * (?a⁻¹ * ?b)
x y : ℝ
h₀ : x = 5
h₁ : y = 2
h5pow3 : 5 ^ 3 = 125
h2pow2 : 2 ^ 2 = 4
⊢ √(5 ^ 3 - 2 ^ 2) = 11
2025-04-14 01:26:16 - INFO - Testing fragment: rw [mul_inv_cancel_right]
2025-04-14 01:26:16 - INFO - Original error line:   rw [h5pow3, h2pow2]
2025-04-14 01:26:18 - INFO - Testing fix: Original errors: 1, Fixed errors: 1
2025-04-14 01:26:18 - INFO - Result: False (introduced 1 new errors)
2025-04-14 01:26:18 - DEBUG - === New errors detail ===
2025-04-14 01:26:18 - DEBUG - New Error 1: line 13, type: rewrite_failed, message: tactic 'rewrite' failed, did not find instance of the pattern in the target expression
  ?a * ?b * ?b⁻¹
x y : ℝ
h₀ : x = 5
h₁ : y = 2
h5pow3 : 5 ^ 3 = 125
h2pow2 : 2 ^ 2 = 4
⊢ √(5 ^ 3 - 2 ^ 2) = 11
2025-04-14 01:26:18 - INFO - Testing fragment: rw [mul_div_cancel_right]
2025-04-14 01:26:18 - INFO - Original error line:   rw [h5pow3, h2pow2]
2025-04-14 01:26:20 - INFO - Testing fix: Original errors: 1, Fixed errors: 1
2025-04-14 01:26:20 - INFO - Result: False (introduced 1 new errors)
2025-04-14 01:26:20 - DEBUG - === New errors detail ===
2025-04-14 01:26:20 - DEBUG - New Error 1: line 13, type: rewrite_failed, message: tactic 'rewrite' failed, did not find instance of the pattern in the target expression
  ?a * ?b / ?b
x y : ℝ
h₀ : x = 5
h₁ : y = 2
h5pow3 : 5 ^ 3 = 125
h2pow2 : 2 ^ 2 = 4
⊢ √(5 ^ 3 - 2 ^ 2) = 11
2025-04-14 01:26:20 - INFO - Testing fragment: rw [inv_mul_cancel_right]
2025-04-14 01:26:20 - INFO - Original error line:   rw [h5pow3, h2pow2]
2025-04-14 01:26:22 - INFO - Testing fix: Original errors: 1, Fixed errors: 1
2025-04-14 01:26:22 - INFO - Result: False (introduced 1 new errors)
2025-04-14 01:26:22 - DEBUG - === New errors detail ===
2025-04-14 01:26:22 - DEBUG - New Error 1: line 13, type: rewrite_failed, message: tactic 'rewrite' failed, did not find instance of the pattern in the target expression
  ?a * ?b⁻¹ * ?b
x y : ℝ
h₀ : x = 5
h₁ : y = 2
h5pow3 : 5 ^ 3 = 125
h2pow2 : 2 ^ 2 = 4
⊢ √(5 ^ 3 - 2 ^ 2) = 11
2025-04-14 01:26:22 - INFO - Testing fragment: rw [div_mul_cancel]
2025-04-14 01:26:22 - INFO - Original error line:   rw [h5pow3, h2pow2]
2025-04-14 01:26:24 - INFO - Testing fix: Original errors: 1, Fixed errors: 1
2025-04-14 01:26:24 - INFO - Result: False (introduced 1 new errors)
2025-04-14 01:26:24 - DEBUG - === New errors detail ===
2025-04-14 01:26:24 - DEBUG - New Error 1: line 13, type: rewrite_failed, message: tactic 'rewrite' failed, did not find instance of the pattern in the target expression
  ?a / ?b * ?b
x y : ℝ
h₀ : x = 5
h₁ : y = 2
h5pow3 : 5 ^ 3 = 125
h2pow2 : 2 ^ 2 = 4
⊢ √(5 ^ 3 - 2 ^ 2) = 11
2025-04-14 01:26:24 - INFO - Testing fragment: rw [<- left_distrib]
2025-04-14 01:26:24 - INFO - Original error line:   rw [h5pow3, h2pow2]
2025-04-14 01:26:26 - INFO - Testing fix: Original errors: 1, Fixed errors: 1
2025-04-14 01:26:26 - INFO - Result: False (introduced 1 new errors)
2025-04-14 01:26:26 - DEBUG - === New errors detail ===
2025-04-14 01:26:26 - DEBUG - New Error 1: line 13, type: rewrite_failed, message: tactic 'rewrite' failed, did not find instance of the pattern in the target expression
  ?a * ?b + ?a * ?c
x y : ℝ
h₀ : x = 5
h₁ : y = 2
h5pow3 : 5 ^ 3 = 125
h2pow2 : 2 ^ 2 = 4
⊢ √(5 ^ 3 - 2 ^ 2) = 11
2025-04-14 01:26:26 - INFO - Testing fragment: rw [<- right_distrib]
2025-04-14 01:26:26 - INFO - Original error line:   rw [h5pow3, h2pow2]
2025-04-14 01:26:28 - INFO - Testing fix: Original errors: 1, Fixed errors: 1
2025-04-14 01:26:28 - INFO - Result: False (introduced 1 new errors)
2025-04-14 01:26:28 - DEBUG - === New errors detail ===
2025-04-14 01:26:28 - DEBUG - New Error 1: line 13, type: rewrite_failed, message: tactic 'rewrite' failed, did not find instance of the pattern in the target expression
  ?a * ?c + ?b * ?c
x y : ℝ
h₀ : x = 5
h₁ : y = 2
h5pow3 : 5 ^ 3 = 125
h2pow2 : 2 ^ 2 = 4
⊢ √(5 ^ 3 - 2 ^ 2) = 11
2025-04-14 01:26:28 - INFO - Testing fragment: rw [<- distrib_three_right]
2025-04-14 01:26:28 - INFO - Original error line:   rw [h5pow3, h2pow2]
2025-04-14 01:26:30 - INFO - Testing fix: Original errors: 1, Fixed errors: 1
2025-04-14 01:26:30 - INFO - Result: False (introduced 1 new errors)
2025-04-14 01:26:30 - DEBUG - === New errors detail ===
2025-04-14 01:26:30 - DEBUG - New Error 1: line 13, type: rewrite_failed, message: tactic 'rewrite' failed, did not find instance of the pattern in the target expression
  ?a * ?d + ?b * ?d + ?c * ?d
x y : ℝ
h₀ : x = 5
h₁ : y = 2
h5pow3 : 5 ^ 3 = 125
h2pow2 : 2 ^ 2 = 4
⊢ √(5 ^ 3 - 2 ^ 2) = 11
2025-04-14 01:26:30 - INFO - Testing fragment: rw [<- add_one_mul]
2025-04-14 01:26:30 - INFO - Original error line:   rw [h5pow3, h2pow2]
2025-04-14 01:26:32 - INFO - Testing fix: Original errors: 1, Fixed errors: 1
2025-04-14 01:26:32 - INFO - Result: False (introduced 1 new errors)
2025-04-14 01:26:32 - DEBUG - === New errors detail ===
2025-04-14 01:26:32 - DEBUG - New Error 1: line 13, type: rewrite_failed, message: tactic 'rewrite' failed, did not find instance of the pattern in the target expression
  ?a * ?b + ?b
x y : ℝ
h₀ : x = 5
h₁ : y = 2
h5pow3 : 5 ^ 3 = 125
h2pow2 : 2 ^ 2 = 4
⊢ √(5 ^ 3 - 2 ^ 2) = 11
2025-04-14 01:26:32 - INFO - Testing fragment: rw [<- mul_add_one]
2025-04-14 01:26:32 - INFO - Original error line:   rw [h5pow3, h2pow2]
2025-04-14 01:26:34 - INFO - Testing fix: Original errors: 1, Fixed errors: 1
2025-04-14 01:26:34 - INFO - Result: False (introduced 1 new errors)
2025-04-14 01:26:34 - DEBUG - === New errors detail ===
2025-04-14 01:26:34 - DEBUG - New Error 1: line 13, type: rewrite_failed, message: tactic 'rewrite' failed, did not find instance of the pattern in the target expression
  ?a * ?b + ?a
x y : ℝ
h₀ : x = 5
h₁ : y = 2
h5pow3 : 5 ^ 3 = 125
h2pow2 : 2 ^ 2 = 4
⊢ √(5 ^ 3 - 2 ^ 2) = 11
2025-04-14 01:26:34 - INFO - Testing fragment: rw [<- one_add_mul]
2025-04-14 01:26:34 - INFO - Original error line:   rw [h5pow3, h2pow2]
2025-04-14 01:26:36 - INFO - Testing fix: Original errors: 1, Fixed errors: 1
2025-04-14 01:26:36 - INFO - Result: False (introduced 1 new errors)
2025-04-14 01:26:36 - DEBUG - === New errors detail ===
2025-04-14 01:26:36 - DEBUG - New Error 1: line 13, type: rewrite_failed, message: tactic 'rewrite' failed, did not find instance of the pattern in the target expression
  ?b + ?a * ?b
x y : ℝ
h₀ : x = 5
h₁ : y = 2
h5pow3 : 5 ^ 3 = 125
h2pow2 : 2 ^ 2 = 4
⊢ √(5 ^ 3 - 2 ^ 2) = 11
2025-04-14 01:26:36 - INFO - Testing fragment: rw [<- mul_one_add]
2025-04-14 01:26:36 - INFO - Original error line:   rw [h5pow3, h2pow2]
2025-04-14 01:26:38 - INFO - Testing fix: Original errors: 1, Fixed errors: 1
2025-04-14 01:26:38 - INFO - Result: False (introduced 1 new errors)
2025-04-14 01:26:38 - DEBUG - === New errors detail ===
2025-04-14 01:26:38 - DEBUG - New Error 1: line 13, type: rewrite_failed, message: tactic 'rewrite' failed, did not find instance of the pattern in the target expression
  ?a + ?a * ?b
x y : ℝ
h₀ : x = 5
h₁ : y = 2
h5pow3 : 5 ^ 3 = 125
h2pow2 : 2 ^ 2 = 4
⊢ √(5 ^ 3 - 2 ^ 2) = 11
2025-04-14 01:26:38 - INFO - Testing fragment: rw [<- two_mul]
2025-04-14 01:26:38 - INFO - Original error line:   rw [h5pow3, h2pow2]
2025-04-14 01:26:40 - INFO - Testing fix: Original errors: 1, Fixed errors: 1
2025-04-14 01:26:40 - INFO - Result: False (introduced 1 new errors)
2025-04-14 01:26:40 - DEBUG - === New errors detail ===
2025-04-14 01:26:40 - DEBUG - New Error 1: line 13, type: rewrite_failed, message: tactic 'rewrite' failed, did not find instance of the pattern in the target expression
  ?n + ?n
x y : ℝ
h₀ : x = 5
h₁ : y = 2
h5pow3 : 5 ^ 3 = 125
h2pow2 : 2 ^ 2 = 4
⊢ √(5 ^ 3 - 2 ^ 2) = 11
2025-04-14 01:26:40 - INFO - Testing fragment: rw [<- mul_two]
2025-04-14 01:26:40 - INFO - Original error line:   rw [h5pow3, h2pow2]
2025-04-14 01:26:42 - INFO - Testing fix: Original errors: 1, Fixed errors: 1
2025-04-14 01:26:42 - INFO - Result: False (introduced 1 new errors)
2025-04-14 01:26:42 - DEBUG - === New errors detail ===
2025-04-14 01:26:42 - DEBUG - New Error 1: line 13, type: rewrite_failed, message: tactic 'rewrite' failed, did not find instance of the pattern in the target expression
  ?n + ?n
x y : ℝ
h₀ : x = 5
h₁ : y = 2
h5pow3 : 5 ^ 3 = 125
h2pow2 : 2 ^ 2 = 4
⊢ √(5 ^ 3 - 2 ^ 2) = 11
2025-04-14 01:26:42 - INFO - Testing fragment: rw [<- mul_boole]
2025-04-14 01:26:42 - INFO - Original error line:   rw [h5pow3, h2pow2]
2025-04-14 01:26:44 - INFO - Testing fix: Original errors: 1, Fixed errors: 1
2025-04-14 01:26:44 - INFO - Result: False (introduced 1 new errors)
2025-04-14 01:26:44 - DEBUG - === New errors detail ===
2025-04-14 01:26:44 - DEBUG - New Error 1: line 13, type: rewrite_failed, message: tactic 'rewrite' failed, did not find instance of the pattern in the target expression
  if ?P then ?a else 0
x y : ℝ
h₀ : x = 5
h₁ : y = 2
h5pow3 : 5 ^ 3 = 125
h2pow2 : 2 ^ 2 = 4
⊢ √(5 ^ 3 - 2 ^ 2) = 11
2025-04-14 01:26:44 - INFO - Testing fragment: rw [<- boole_mul]
2025-04-14 01:26:44 - INFO - Original error line:   rw [h5pow3, h2pow2]
2025-04-14 01:29:56 - INFO - Testing fix: Original errors: 1, Fixed errors: 1
2025-04-14 01:29:56 - INFO - Result: False (introduced 1 new errors)
2025-04-14 01:29:56 - DEBUG - === New errors detail ===
2025-04-14 01:29:56 - DEBUG - New Error 1: line 13, type: rewrite_failed, message: tactic 'rewrite' failed, did not find instance of the pattern in the target expression
  if ?P then ?a else 0
x y : ℝ
h₀ : x = 5
h₁ : y = 2
h5pow3 : 5 ^ 3 = 125
h2pow2 : 2 ^ 2 = 4
⊢ √(5 ^ 3 - 2 ^ 2) = 11
2025-04-14 01:29:56 - INFO - Testing fragment: rw [<- add_mul_self_eq]
2025-04-14 01:29:56 - INFO - Original error line:   rw [h5pow3, h2pow2]
2025-04-14 01:29:58 - INFO - Testing fix: Original errors: 1, Fixed errors: 1
2025-04-14 01:29:58 - INFO - Result: False (introduced 1 new errors)
2025-04-14 01:29:58 - DEBUG - === New errors detail ===
2025-04-14 01:29:58 - DEBUG - New Error 1: line 13, type: rewrite_failed, message: tactic 'rewrite' failed, did not find instance of the pattern in the target expression
  ?a * ?a + 2 * ?a * ?b + ?b * ?b
x y : ℝ
h₀ : x = 5
h₁ : y = 2
h5pow3 : 5 ^ 3 = 125
h2pow2 : 2 ^ 2 = 4
⊢ √(5 ^ 3 - 2 ^ 2) = 11
2025-04-14 01:29:58 - INFO - Testing fragment: rw [<- neg_mul]
2025-04-14 01:29:58 - INFO - Original error line:   rw [h5pow3, h2pow2]
2025-04-14 01:30:00 - INFO - Testing fix: Original errors: 1, Fixed errors: 1
2025-04-14 01:30:00 - INFO - Result: False (introduced 1 new errors)
2025-04-14 01:30:00 - DEBUG - === New errors detail ===
2025-04-14 01:30:00 - DEBUG - New Error 1: line 13, type: rewrite_failed, message: tactic 'rewrite' failed, did not find instance of the pattern in the target expression
  -(?a * ?b)
x y : ℝ
h₀ : x = 5
h₁ : y = 2
h5pow3 : 5 ^ 3 = 125
h2pow2 : 2 ^ 2 = 4
⊢ √(5 ^ 3 - 2 ^ 2) = 11
2025-04-14 01:30:00 - INFO - Testing fragment: rw [<- mul_neg]
2025-04-14 01:30:00 - INFO - Original error line:   rw [h5pow3, h2pow2]
2025-04-14 01:30:02 - INFO - Testing fix: Original errors: 1, Fixed errors: 1
2025-04-14 01:30:02 - INFO - Result: False (introduced 1 new errors)
2025-04-14 01:30:02 - DEBUG - === New errors detail ===
2025-04-14 01:30:02 - DEBUG - New Error 1: line 13, type: rewrite_failed, message: tactic 'rewrite' failed, did not find instance of the pattern in the target expression
  -(?a * ?b)
x y : ℝ
h₀ : x = 5
h₁ : y = 2
h5pow3 : 5 ^ 3 = 125
h2pow2 : 2 ^ 2 = 4
⊢ √(5 ^ 3 - 2 ^ 2) = 11
2025-04-14 01:30:02 - INFO - Testing fragment: rw [<- neg_mul_neg]
2025-04-14 01:30:02 - INFO - Original error line:   rw [h5pow3, h2pow2]
2025-04-14 01:30:04 - INFO - Testing fix: Original errors: 1, Fixed errors: 1
2025-04-14 01:30:04 - INFO - Result: False (introduced 1 new errors)
2025-04-14 01:30:04 - DEBUG - === New errors detail ===
2025-04-14 01:30:04 - DEBUG - New Error 1: line 13, type: rewrite_failed, message: tactic 'rewrite' failed, did not find instance of the pattern in the target expression
  ?a * ?b
x y : ℝ
h₀ : x = 5
h₁ : y = 2
h5pow3 : 5 ^ 3 = 125
h2pow2 : 2 ^ 2 = 4
⊢ √(5 ^ 3 - 2 ^ 2) = 11
2025-04-14 01:30:04 - INFO - Testing fragment: rw [<- neg_mul_eq_neg_mul]
2025-04-14 01:30:04 - INFO - Original error line:   rw [h5pow3, h2pow2]
2025-04-14 01:30:06 - INFO - Testing fix: Original errors: 1, Fixed errors: 1
2025-04-14 01:30:06 - INFO - Result: False (introduced 1 new errors)
2025-04-14 01:30:06 - DEBUG - === New errors detail ===
2025-04-14 01:30:06 - DEBUG - New Error 1: line 13, type: rewrite_failed, message: tactic 'rewrite' failed, did not find instance of the pattern in the target expression
  -?a * ?b
x y : ℝ
h₀ : x = 5
h₁ : y = 2
h5pow3 : 5 ^ 3 = 125
h2pow2 : 2 ^ 2 = 4
⊢ √(5 ^ 3 - 2 ^ 2) = 11
2025-04-14 01:30:06 - INFO - Testing fragment: rw [<- neg_mul_eq_mul_neg]
2025-04-14 01:30:06 - INFO - Original error line:   rw [h5pow3, h2pow2]
2025-04-14 01:30:08 - INFO - Testing fix: Original errors: 1, Fixed errors: 1
2025-04-14 01:30:08 - INFO - Result: False (introduced 1 new errors)
2025-04-14 01:30:08 - DEBUG - === New errors detail ===
2025-04-14 01:30:08 - DEBUG - New Error 1: line 13, type: rewrite_failed, message: tactic 'rewrite' failed, did not find instance of the pattern in the target expression
  ?a * -?b
x y : ℝ
h₀ : x = 5
h₁ : y = 2
h5pow3 : 5 ^ 3 = 125
h2pow2 : 2 ^ 2 = 4
⊢ √(5 ^ 3 - 2 ^ 2) = 11
2025-04-14 01:30:08 - INFO - Testing fragment: rw [<- neg_mul_comm]
2025-04-14 01:30:08 - INFO - Original error line:   rw [h5pow3, h2pow2]
2025-04-14 01:30:10 - INFO - Testing fix: Original errors: 1, Fixed errors: 1
2025-04-14 01:30:10 - INFO - Result: False (introduced 1 new errors)
2025-04-14 01:30:10 - DEBUG - === New errors detail ===
2025-04-14 01:30:10 - DEBUG - New Error 1: line 13, type: rewrite_failed, message: tactic 'rewrite' failed, did not find instance of the pattern in the target expression
  ?a * -?b
x y : ℝ
h₀ : x = 5
h₁ : y = 2
h5pow3 : 5 ^ 3 = 125
h2pow2 : 2 ^ 2 = 4
⊢ √(5 ^ 3 - 2 ^ 2) = 11
2025-04-14 01:30:10 - INFO - Testing fragment: rw [<- neg_eq_neg_one_mul]
2025-04-14 01:30:10 - INFO - Original error line:   rw [h5pow3, h2pow2]
2025-04-14 01:30:12 - INFO - Testing fix: Original errors: 1, Fixed errors: 1
2025-04-14 01:30:12 - INFO - Result: False (introduced 1 new errors)
2025-04-14 01:30:12 - DEBUG - === New errors detail ===
2025-04-14 01:30:12 - DEBUG - New Error 1: line 13, type: rewrite_failed, message: tactic 'rewrite' failed, did not find instance of the pattern in the target expression
  -1 * ?a
x y : ℝ
h₀ : x = 5
h₁ : y = 2
h5pow3 : 5 ^ 3 = 125
h2pow2 : 2 ^ 2 = 4
⊢ √(5 ^ 3 - 2 ^ 2) = 11
2025-04-14 01:30:12 - INFO - Testing fragment: rw [<- mul_neg_one]
2025-04-14 01:30:12 - INFO - Original error line:   rw [h5pow3, h2pow2]
2025-04-14 01:30:14 - INFO - Testing fix: Original errors: 1, Fixed errors: 1
2025-04-14 01:30:14 - INFO - Result: False (introduced 1 new errors)
2025-04-14 01:30:14 - DEBUG - === New errors detail ===
2025-04-14 01:30:14 - DEBUG - New Error 1: line 13, type: rewrite_failed, message: tactic 'rewrite' failed, did not find instance of the pattern in the target expression
  -?a
x y : ℝ
h₀ : x = 5
h₁ : y = 2
h5pow3 : 5 ^ 3 = 125
h2pow2 : 2 ^ 2 = 4
⊢ √(5 ^ 3 - 2 ^ 2) = 11
2025-04-14 01:30:14 - INFO - Testing fragment: rw [<- neg_one_mul]
2025-04-14 01:30:14 - INFO - Original error line:   rw [h5pow3, h2pow2]
2025-04-14 01:30:16 - INFO - Testing fix: Original errors: 1, Fixed errors: 1
2025-04-14 01:30:16 - INFO - Result: False (introduced 1 new errors)
2025-04-14 01:30:16 - DEBUG - === New errors detail ===
2025-04-14 01:30:16 - DEBUG - New Error 1: line 13, type: rewrite_failed, message: tactic 'rewrite' failed, did not find instance of the pattern in the target expression
  -?a
x y : ℝ
h₀ : x = 5
h₁ : y = 2
h5pow3 : 5 ^ 3 = 125
h2pow2 : 2 ^ 2 = 4
⊢ √(5 ^ 3 - 2 ^ 2) = 11
2025-04-14 01:30:16 - INFO - Testing fragment: rw [<- mul_sub_left_distrib]
2025-04-14 01:30:16 - INFO - Original error line:   rw [h5pow3, h2pow2]
2025-04-14 01:30:18 - INFO - Testing fix: Original errors: 1, Fixed errors: 1
2025-04-14 01:30:18 - INFO - Result: False (introduced 1 new errors)
2025-04-14 01:30:18 - DEBUG - === New errors detail ===
2025-04-14 01:30:18 - DEBUG - New Error 1: line 13, type: rewrite_failed, message: tactic 'rewrite' failed, did not find instance of the pattern in the target expression
  ?a * ?b - ?a * ?c
x y : ℝ
h₀ : x = 5
h₁ : y = 2
h5pow3 : 5 ^ 3 = 125
h2pow2 : 2 ^ 2 = 4
⊢ √(5 ^ 3 - 2 ^ 2) = 11
2025-04-14 01:30:18 - INFO - Testing fragment: rw [<- mul_sub_right_distrib]
2025-04-14 01:30:18 - INFO - Original error line:   rw [h5pow3, h2pow2]
2025-04-14 01:30:20 - INFO - Testing fix: Original errors: 1, Fixed errors: 1
2025-04-14 01:30:20 - INFO - Result: False (introduced 1 new errors)
2025-04-14 01:30:20 - DEBUG - === New errors detail ===
2025-04-14 01:30:20 - DEBUG - New Error 1: line 13, type: rewrite_failed, message: tactic 'rewrite' failed, did not find instance of the pattern in the target expression
  ?a * ?c - ?b * ?c
x y : ℝ
h₀ : x = 5
h₁ : y = 2
h5pow3 : 5 ^ 3 = 125
h2pow2 : 2 ^ 2 = 4
⊢ √(5 ^ 3 - 2 ^ 2) = 11
2025-04-14 01:30:20 - INFO - Testing fragment: rw [<- sub_one_mul]
2025-04-14 01:30:20 - INFO - Original error line:   rw [h5pow3, h2pow2]
2025-04-14 01:30:22 - INFO - Testing fix: Original errors: 1, Fixed errors: 1
2025-04-14 01:30:22 - INFO - Result: False (introduced 1 new errors)
2025-04-14 01:30:22 - DEBUG - === New errors detail ===
2025-04-14 01:30:22 - DEBUG - New Error 1: line 13, type: rewrite_failed, message: tactic 'rewrite' failed, did not find instance of the pattern in the target expression
  ?a * ?b - ?b
x y : ℝ
h₀ : x = 5
h₁ : y = 2
h5pow3 : 5 ^ 3 = 125
h2pow2 : 2 ^ 2 = 4
⊢ √(5 ^ 3 - 2 ^ 2) = 11
2025-04-14 01:30:22 - INFO - Testing fragment: rw [<- mul_sub_one]
2025-04-14 01:30:22 - INFO - Original error line:   rw [h5pow3, h2pow2]
2025-04-14 01:30:24 - INFO - Testing fix: Original errors: 1, Fixed errors: 1
2025-04-14 01:30:24 - INFO - Result: False (introduced 1 new errors)
2025-04-14 01:30:24 - DEBUG - === New errors detail ===
2025-04-14 01:30:24 - DEBUG - New Error 1: line 13, type: rewrite_failed, message: tactic 'rewrite' failed, did not find instance of the pattern in the target expression
  ?a * ?b - ?a
x y : ℝ
h₀ : x = 5
h₁ : y = 2
h5pow3 : 5 ^ 3 = 125
h2pow2 : 2 ^ 2 = 4
⊢ √(5 ^ 3 - 2 ^ 2) = 11
2025-04-14 01:30:24 - INFO - Testing fragment: rw [<- one_sub_mul]
2025-04-14 01:30:24 - INFO - Original error line:   rw [h5pow3, h2pow2]
2025-04-14 01:30:26 - INFO - Testing fix: Original errors: 1, Fixed errors: 1
2025-04-14 01:30:26 - INFO - Result: False (introduced 1 new errors)
2025-04-14 01:30:26 - DEBUG - === New errors detail ===
2025-04-14 01:30:26 - DEBUG - New Error 1: line 13, type: rewrite_failed, message: tactic 'rewrite' failed, did not find instance of the pattern in the target expression
  ?b - ?a * ?b
x y : ℝ
h₀ : x = 5
h₁ : y = 2
h5pow3 : 5 ^ 3 = 125
h2pow2 : 2 ^ 2 = 4
⊢ √(5 ^ 3 - 2 ^ 2) = 11
2025-04-14 01:30:26 - INFO - Testing fragment: rw [<- mul_one_sub]
2025-04-14 01:30:26 - INFO - Original error line:   rw [h5pow3, h2pow2]
2025-04-14 01:30:28 - INFO - Testing fix: Original errors: 1, Fixed errors: 1
2025-04-14 01:30:28 - INFO - Result: False (introduced 1 new errors)
2025-04-14 01:30:28 - DEBUG - === New errors detail ===
2025-04-14 01:30:28 - DEBUG - New Error 1: line 13, type: rewrite_failed, message: tactic 'rewrite' failed, did not find instance of the pattern in the target expression
  ?a - ?a * ?b
x y : ℝ
h₀ : x = 5
h₁ : y = 2
h5pow3 : 5 ^ 3 = 125
h2pow2 : 2 ^ 2 = 4
⊢ √(5 ^ 3 - 2 ^ 2) = 11
2025-04-14 01:30:28 - INFO - Testing fragment: rw [<- mul_left_cancel]
2025-04-14 01:30:28 - INFO - Original error line:   rw [h5pow3, h2pow2]
2025-04-14 01:30:30 - INFO - Testing fix: Original errors: 1, Fixed errors: 1
2025-04-14 01:30:30 - INFO - Result: False (introduced 1 new errors)
2025-04-14 01:30:30 - DEBUG - === New errors detail ===
2025-04-14 01:30:30 - DEBUG - New Error 1: line 13, type: rewrite_failed, message: tactic 'rewrite' failed, pattern is a metavariable
  ?m.1782
from equation
  ?m.1782 = ?m.1781
x y : ℝ
h₀ : x = 5
h₁ : y = 2
h5pow3 : 5 ^ 3 = 125
h2pow2 : 2 ^ 2 = 4
⊢ √(5 ^ 3 - 2 ^ 2) = 11
2025-04-14 01:30:30 - INFO - Testing fragment: rw [<- mul_left_cancel_iff]
2025-04-14 01:30:30 - INFO - Original error line:   rw [h5pow3, h2pow2]
2025-04-14 01:30:32 - INFO - Testing fix: Original errors: 1, Fixed errors: 2
2025-04-14 01:30:32 - INFO - Result: False (introduced 2 new errors)
2025-04-14 01:30:32 - DEBUG - === New errors detail ===
2025-04-14 01:30:32 - DEBUG - New Error 1: line 13, type: failed_to_synthesize, message: failed to synthesize
  IsLeftCancelMul ℝ
use `set_option diagnostics true` to get diagnostic information
2025-04-14 01:30:32 - DEBUG - New Error 2: line 18, type: rewrite_failed, message: tactic 'rewrite' failed, did not find instance of the pattern in the target expression
  125 - 4
x y : ℝ
h₀ : x = 5
h₁ : y = 2
h5pow3 : 5 ^ 3 = 125
h2pow2 : 2 ^ 2 = 4
hsub : 125 - 4 = 121
⊢ ?m.1780 * √(5 ^ 3 - 2 ^ 2) = ?m.1780 * 11
2025-04-14 01:30:33 - INFO - Testing fragment: rw [<- mul_right_injective]
2025-04-14 01:30:33 - INFO - Original error line:   rw [h5pow3, h2pow2]
2025-04-14 01:32:00 - INFO - Testing fix: Original errors: 1, Fixed errors: 1
2025-04-14 01:32:00 - INFO - Result: False (introduced 1 new errors)
2025-04-14 01:32:00 - DEBUG - === New errors detail ===
2025-04-14 01:32:00 - DEBUG - New Error 1: line 13, type: rewrite_failed, message: tactic 'rewrite' failed, pattern is a metavariable
  ?a₂
from equation
  ?a₂ = ?a₁
x y : ℝ
h₀ : x = 5
h₁ : y = 2
h5pow3 : 5 ^ 3 = 125
h2pow2 : 2 ^ 2 = 4
⊢ √(5 ^ 3 - 2 ^ 2) = 11
2025-04-14 01:32:00 - INFO - Testing fragment: rw [<- mul_right_inj]
2025-04-14 01:32:00 - INFO - Original error line:   rw [h5pow3, h2pow2]
2025-04-14 01:32:02 - INFO - Testing fix: Original errors: 1, Fixed errors: 2
2025-04-14 01:32:02 - INFO - Result: False (introduced 2 new errors)
2025-04-14 01:32:02 - DEBUG - === New errors detail ===
2025-04-14 01:32:02 - DEBUG - New Error 1: line 13, type: failed_to_synthesize, message: failed to synthesize
  IsLeftCancelMul ℝ
use `set_option diagnostics true` to get diagnostic information
2025-04-14 01:32:02 - DEBUG - New Error 2: line 18, type: rewrite_failed, message: tactic 'rewrite' failed, did not find instance of the pattern in the target expression
  125 - 4
x y : ℝ
h₀ : x = 5
h₁ : y = 2
h5pow3 : 5 ^ 3 = 125
h2pow2 : 2 ^ 2 = 4
hsub : 125 - 4 = 121
⊢ ?a * √(5 ^ 3 - 2 ^ 2) = ?a * 11
2025-04-14 01:32:02 - INFO - Testing fragment: rw [<- mul_ne_mul_right]
2025-04-14 01:32:02 - INFO - Original error line:   rw [h5pow3, h2pow2]
2025-04-14 01:32:04 - INFO - Testing fix: Original errors: 1, Fixed errors: 1
2025-04-14 01:32:04 - INFO - Result: False (introduced 1 new errors)
2025-04-14 01:32:04 - DEBUG - === New errors detail ===
2025-04-14 01:32:04 - DEBUG - New Error 1: line 13, type: rewrite_failed, message: tactic 'rewrite' failed, did not find instance of the pattern in the target expression
  ?b ≠ ?c
x y : ℝ
h₀ : x = 5
h₁ : y = 2
h5pow3 : 5 ^ 3 = 125
h2pow2 : 2 ^ 2 = 4
⊢ √(5 ^ 3 - 2 ^ 2) = 11
2025-04-14 01:32:04 - INFO - Testing fragment: rw [<- mul_right_cancel]
2025-04-14 01:32:04 - INFO - Original error line:   rw [h5pow3, h2pow2]
2025-04-14 01:32:06 - INFO - Testing fix: Original errors: 1, Fixed errors: 1
2025-04-14 01:32:06 - INFO - Result: False (introduced 1 new errors)
2025-04-14 01:32:06 - DEBUG - === New errors detail ===
2025-04-14 01:32:06 - DEBUG - New Error 1: line 13, type: rewrite_failed, message: tactic 'rewrite' failed, pattern is a metavariable
  ?m.1782
from equation
  ?m.1782 = ?m.1780
x y : ℝ
h₀ : x = 5
h₁ : y = 2
h5pow3 : 5 ^ 3 = 125
h2pow2 : 2 ^ 2 = 4
⊢ √(5 ^ 3 - 2 ^ 2) = 11
2025-04-14 01:32:06 - INFO - Testing fragment: rw [<- mul_right_cancel_iff]
2025-04-14 01:32:06 - INFO - Original error line:   rw [h5pow3, h2pow2]
2025-04-14 01:32:08 - INFO - Testing fix: Original errors: 1, Fixed errors: 2
2025-04-14 01:32:08 - INFO - Result: False (introduced 2 new errors)
2025-04-14 01:32:08 - DEBUG - === New errors detail ===
2025-04-14 01:32:08 - DEBUG - New Error 1: line 13, type: failed_to_synthesize, message: failed to synthesize
  IsRightCancelMul ℝ
use `set_option diagnostics true` to get diagnostic information
2025-04-14 01:32:08 - DEBUG - New Error 2: line 18, type: rewrite_failed, message: tactic 'rewrite' failed, did not find instance of the pattern in the target expression
  125 - 4
x y : ℝ
h₀ : x = 5
h₁ : y = 2
h5pow3 : 5 ^ 3 = 125
h2pow2 : 2 ^ 2 = 4
hsub : 125 - 4 = 121
⊢ √(5 ^ 3 - 2 ^ 2) * ?m.1780 = 11 * ?m.1780
2025-04-14 01:32:08 - INFO - Testing fragment: rw [<- mul_left_injective]
2025-04-14 01:32:08 - INFO - Original error line:   rw [h5pow3, h2pow2]
2025-04-14 01:32:10 - INFO - Testing fix: Original errors: 1, Fixed errors: 1
2025-04-14 01:32:10 - INFO - Result: False (introduced 1 new errors)
2025-04-14 01:32:10 - DEBUG - === New errors detail ===
2025-04-14 01:32:10 - DEBUG - New Error 1: line 13, type: rewrite_failed, message: tactic 'rewrite' failed, pattern is a metavariable
  ?a₂
from equation
  ?a₂ = ?a₁
x y : ℝ
h₀ : x = 5
h₁ : y = 2
h5pow3 : 5 ^ 3 = 125
h2pow2 : 2 ^ 2 = 4
⊢ √(5 ^ 3 - 2 ^ 2) = 11
2025-04-14 01:32:10 - INFO - Testing fragment: rw [<- mul_left_inj]
2025-04-14 01:32:10 - INFO - Original error line:   rw [h5pow3, h2pow2]
2025-04-14 01:32:12 - INFO - Testing fix: Original errors: 1, Fixed errors: 2
2025-04-14 01:32:12 - INFO - Result: False (introduced 2 new errors)
2025-04-14 01:32:12 - DEBUG - === New errors detail ===
2025-04-14 01:32:12 - DEBUG - New Error 1: line 13, type: failed_to_synthesize, message: failed to synthesize
  IsRightCancelMul ℝ
use `set_option diagnostics true` to get diagnostic information
2025-04-14 01:32:12 - DEBUG - New Error 2: line 18, type: rewrite_failed, message: tactic 'rewrite' failed, did not find instance of the pattern in the target expression
  125 - 4
x y : ℝ
h₀ : x = 5
h₁ : y = 2
h5pow3 : 5 ^ 3 = 125
h2pow2 : 2 ^ 2 = 4
hsub : 125 - 4 = 121
⊢ √(5 ^ 3 - 2 ^ 2) * ?a = 11 * ?a
2025-04-14 01:32:12 - INFO - Testing fragment: rw [<- mul_ne_mul_left]
2025-04-14 01:32:12 - INFO - Original error line:   rw [h5pow3, h2pow2]
2025-04-14 01:32:14 - INFO - Testing fix: Original errors: 1, Fixed errors: 1
2025-04-14 01:32:14 - INFO - Result: False (introduced 1 new errors)
2025-04-14 01:32:14 - DEBUG - === New errors detail ===
2025-04-14 01:32:14 - DEBUG - New Error 1: line 13, type: rewrite_failed, message: tactic 'rewrite' failed, did not find instance of the pattern in the target expression
  ?b ≠ ?c
x y : ℝ
h₀ : x = 5
h₁ : y = 2
h5pow3 : 5 ^ 3 = 125
h2pow2 : 2 ^ 2 = 4
⊢ √(5 ^ 3 - 2 ^ 2) = 11
2025-04-14 01:32:14 - INFO - Testing fragment: rw [<- mul_assoc]
2025-04-14 01:32:14 - INFO - Original error line:   rw [h5pow3, h2pow2]
2025-04-14 01:32:16 - INFO - Testing fix: Original errors: 1, Fixed errors: 1
2025-04-14 01:32:16 - INFO - Result: False (introduced 1 new errors)
2025-04-14 01:32:16 - DEBUG - === New errors detail ===
2025-04-14 01:32:16 - DEBUG - New Error 1: line 13, type: rewrite_failed, message: tactic 'rewrite' failed, did not find instance of the pattern in the target expression
  ?a * (?b * ?c)
x y : ℝ
h₀ : x = 5
h₁ : y = 2
h5pow3 : 5 ^ 3 = 125
h2pow2 : 2 ^ 2 = 4
⊢ √(5 ^ 3 - 2 ^ 2) = 11
2025-04-14 01:32:16 - INFO - Testing fragment: rw [<- mul_comm]
2025-04-14 01:32:16 - INFO - Original error line:   rw [h5pow3, h2pow2]
2025-04-14 01:32:18 - INFO - Testing fix: Original errors: 1, Fixed errors: 1
2025-04-14 01:32:18 - INFO - Result: False (introduced 1 new errors)
2025-04-14 01:32:18 - DEBUG - === New errors detail ===
2025-04-14 01:32:18 - DEBUG - New Error 1: line 13, type: rewrite_failed, message: tactic 'rewrite' failed, did not find instance of the pattern in the target expression
  ?b * ?a
x y : ℝ
h₀ : x = 5
h₁ : y = 2
h5pow3 : 5 ^ 3 = 125
h2pow2 : 2 ^ 2 = 4
⊢ √(5 ^ 3 - 2 ^ 2) = 11
2025-04-14 01:32:18 - INFO - Testing fragment: rw [<- MulOneClass]
2025-04-14 01:32:18 - INFO - Original error line:   rw [h5pow3, h2pow2]
2025-04-14 01:32:20 - INFO - Testing fix: Original errors: 1, Fixed errors: 1
2025-04-14 01:32:20 - INFO - Result: False (introduced 1 new errors)
2025-04-14 01:32:20 - DEBUG - === New errors detail ===
2025-04-14 01:32:20 - DEBUG - New Error 1: line 13, type: rewrite_failed, message: tactic 'rewrite' failed, equality or iff proof expected
  Type ?u.1776
x y : ℝ
h₀ : x = 5
h₁ : y = 2
h5pow3 : 5 ^ 3 = 125
h2pow2 : 2 ^ 2 = 4
⊢ √(5 ^ 3 - 2 ^ 2) = 11
2025-04-14 01:32:20 - INFO - Testing fragment: rw [<- one_mul]
2025-04-14 01:32:20 - INFO - Original error line:   rw [h5pow3, h2pow2]
2025-04-14 01:32:22 - INFO - Testing fix: Original errors: 1, Fixed errors: 1
2025-04-14 01:32:22 - INFO - Result: False (introduced 1 new errors)
2025-04-14 01:32:22 - DEBUG - === New errors detail ===
2025-04-14 01:32:22 - DEBUG - New Error 1: line 13, type: rewrite_failed, message: tactic 'rewrite' failed, pattern is a metavariable
  ?a
from equation
  ?a = 1 * ?a
x y : ℝ
h₀ : x = 5
h₁ : y = 2
h5pow3 : 5 ^ 3 = 125
h2pow2 : 2 ^ 2 = 4
⊢ √(5 ^ 3 - 2 ^ 2) = 11
2025-04-14 01:32:22 - INFO - Testing fragment: rw [<- mul_one]
2025-04-14 01:32:22 - INFO - Original error line:   rw [h5pow3, h2pow2]
2025-04-14 01:32:24 - INFO - Testing fix: Original errors: 1, Fixed errors: 1
2025-04-14 01:32:24 - INFO - Result: False (introduced 1 new errors)
2025-04-14 01:32:24 - DEBUG - === New errors detail ===
2025-04-14 01:32:24 - DEBUG - New Error 1: line 13, type: rewrite_failed, message: tactic 'rewrite' failed, pattern is a metavariable
  ?a
from equation
  ?a = ?a * 1
x y : ℝ
h₀ : x = 5
h₁ : y = 2
h5pow3 : 5 ^ 3 = 125
h2pow2 : 2 ^ 2 = 4
⊢ √(5 ^ 3 - 2 ^ 2) = 11
2025-04-14 01:32:24 - INFO - Testing fragment: rw [<- npowRec_add]
2025-04-14 01:32:24 - INFO - Original error line:   rw [h5pow3, h2pow2]
2025-04-14 01:32:26 - INFO - Testing fix: Original errors: 1, Fixed errors: 2
2025-04-14 01:32:26 - INFO - Result: False (introduced 2 new errors)
2025-04-14 01:32:26 - DEBUG - === New errors detail ===
2025-04-14 01:32:26 - DEBUG - New Error 1: line 13, type: unknown_identifier, message: unknown identifier 'npowRec_add'
2025-04-14 01:32:26 - DEBUG - New Error 2: line 13, type: rewrite_failed, message: tactic 'rewrite' failed, equality or iff proof expected
  ?m.1776
x y : ℝ
h₀ : x = 5
h₁ : y = 2
h5pow3 : 5 ^ 3 = 125
h2pow2 : 2 ^ 2 = 4
⊢ √(5 ^ 3 - 2 ^ 2) = 11
2025-04-14 01:32:26 - INFO - Testing fragment: rw [<- npowRec_succ]
2025-04-14 01:32:26 - INFO - Original error line:   rw [h5pow3, h2pow2]
2025-04-14 01:32:28 - INFO - Testing fix: Original errors: 1, Fixed errors: 2
2025-04-14 01:32:28 - INFO - Result: False (introduced 2 new errors)
2025-04-14 01:32:28 - DEBUG - === New errors detail ===
2025-04-14 01:32:28 - DEBUG - New Error 1: line 13, type: unknown_identifier, message: unknown identifier 'npowRec_succ'
2025-04-14 01:32:28 - DEBUG - New Error 2: line 13, type: rewrite_failed, message: tactic 'rewrite' failed, equality or iff proof expected
  ?m.1776
x y : ℝ
h₀ : x = 5
h₁ : y = 2
h5pow3 : 5 ^ 3 = 125
h2pow2 : 2 ^ 2 = 4
⊢ √(5 ^ 3 - 2 ^ 2) = 11
2025-04-14 01:32:28 - INFO - Testing fragment: rw [<- npowRec'_succ]
2025-04-14 01:32:28 - INFO - Original error line:   rw [h5pow3, h2pow2]
2025-04-14 01:32:30 - INFO - Testing fix: Original errors: 1, Fixed errors: 2
2025-04-14 01:32:30 - INFO - Result: False (introduced 2 new errors)
2025-04-14 01:32:30 - DEBUG - === New errors detail ===
2025-04-14 01:32:30 - DEBUG - New Error 1: line 13, type: unknown_identifier, message: unknown identifier 'npowRec'_succ'
2025-04-14 01:32:30 - DEBUG - New Error 2: line 13, type: rewrite_failed, message: tactic 'rewrite' failed, equality or iff proof expected
  ?m.1776
x y : ℝ
h₀ : x = 5
h₁ : y = 2
h5pow3 : 5 ^ 3 = 125
h2pow2 : 2 ^ 2 = 4
⊢ √(5 ^ 3 - 2 ^ 2) = 11
2025-04-14 01:32:30 - INFO - Testing fragment: rw [<- npowRec'_two_mul]
2025-04-14 01:32:30 - INFO - Original error line:   rw [h5pow3, h2pow2]
2025-04-14 01:32:32 - INFO - Testing fix: Original errors: 1, Fixed errors: 2
2025-04-14 01:32:32 - INFO - Result: False (introduced 2 new errors)
2025-04-14 01:32:32 - DEBUG - === New errors detail ===
2025-04-14 01:32:32 - DEBUG - New Error 1: line 13, type: unknown_identifier, message: unknown identifier 'npowRec'_two_mul'
2025-04-14 01:32:32 - DEBUG - New Error 2: line 13, type: rewrite_failed, message: tactic 'rewrite' failed, equality or iff proof expected
  ?m.1776
x y : ℝ
h₀ : x = 5
h₁ : y = 2
h5pow3 : 5 ^ 3 = 125
h2pow2 : 2 ^ 2 = 4
⊢ √(5 ^ 3 - 2 ^ 2) = 11
2025-04-14 01:32:32 - INFO - Testing fragment: rw [<- npowRec'_mul_comm]
2025-04-14 01:32:32 - INFO - Original error line:   rw [h5pow3, h2pow2]
2025-04-14 01:32:34 - INFO - Testing fix: Original errors: 1, Fixed errors: 2
2025-04-14 01:32:34 - INFO - Result: False (introduced 2 new errors)
2025-04-14 01:32:34 - DEBUG - === New errors detail ===
2025-04-14 01:32:34 - DEBUG - New Error 1: line 13, type: unknown_identifier, message: unknown identifier 'npowRec'_mul_comm'
2025-04-14 01:32:34 - DEBUG - New Error 2: line 13, type: rewrite_failed, message: tactic 'rewrite' failed, equality or iff proof expected
  ?m.1776
x y : ℝ
h₀ : x = 5
h₁ : y = 2
h5pow3 : 5 ^ 3 = 125
h2pow2 : 2 ^ 2 = 4
⊢ √(5 ^ 3 - 2 ^ 2) = 11
2025-04-14 01:32:34 - INFO - Testing fragment: rw [<- npowRec_eq]
2025-04-14 01:32:34 - INFO - Original error line:   rw [h5pow3, h2pow2]
2025-04-14 01:32:36 - INFO - Testing fix: Original errors: 1, Fixed errors: 2
2025-04-14 01:32:36 - INFO - Result: False (introduced 2 new errors)
2025-04-14 01:32:36 - DEBUG - === New errors detail ===
2025-04-14 01:32:36 - DEBUG - New Error 1: line 13, type: unknown_identifier, message: unknown identifier 'npowRec_eq'
2025-04-14 01:32:36 - DEBUG - New Error 2: line 13, type: rewrite_failed, message: tactic 'rewrite' failed, equality or iff proof expected
  ?m.1776
x y : ℝ
h₀ : x = 5
h₁ : y = 2
h5pow3 : 5 ^ 3 = 125
h2pow2 : 2 ^ 2 = 4
⊢ √(5 ^ 3 - 2 ^ 2) = 11
2025-04-14 01:32:36 - INFO - Testing fragment: rw [<- npowBinRec]
2025-04-14 01:32:36 - INFO - Original error line:   rw [h5pow3, h2pow2]
2025-04-14 01:32:38 - INFO - Testing fix: Original errors: 1, Fixed errors: 2
2025-04-14 01:32:38 - INFO - Result: False (introduced 2 new errors)
2025-04-14 01:32:38 - DEBUG - === New errors detail ===
2025-04-14 01:32:38 - DEBUG - New Error 1: line 13, type: unknown_identifier, message: unknown identifier 'npowBinRec'
2025-04-14 01:32:38 - DEBUG - New Error 2: line 13, type: rewrite_failed, message: tactic 'rewrite' failed, equality or iff proof expected
  ?m.1776
x y : ℝ
h₀ : x = 5
h₁ : y = 2
h5pow3 : 5 ^ 3 = 125
h2pow2 : 2 ^ 2 = 4
⊢ √(5 ^ 3 - 2 ^ 2) = 11
2025-04-14 01:32:38 - INFO - Testing fragment: rw [<- npowRec_eq_npowBinRec]
2025-04-14 01:32:38 - INFO - Original error line:   rw [h5pow3, h2pow2]
2025-04-14 01:32:40 - INFO - Testing fix: Original errors: 1, Fixed errors: 2
2025-04-14 01:32:40 - INFO - Result: False (introduced 2 new errors)
2025-04-14 01:32:40 - DEBUG - === New errors detail ===
2025-04-14 01:32:40 - DEBUG - New Error 1: line 13, type: unknown_identifier, message: unknown identifier 'npowRec_eq_npowBinRec'
2025-04-14 01:32:40 - DEBUG - New Error 2: line 13, type: rewrite_failed, message: tactic 'rewrite' failed, equality or iff proof expected
  ?m.1776
x y : ℝ
h₀ : x = 5
h₁ : y = 2
h5pow3 : 5 ^ 3 = 125
h2pow2 : 2 ^ 2 = 4
⊢ √(5 ^ 3 - 2 ^ 2) = 11
2025-04-14 01:32:40 - INFO - Testing fragment: rw [<- npow_eq_pow]
2025-04-14 01:32:40 - INFO - Original error line:   rw [h5pow3, h2pow2]
2025-04-14 01:32:42 - INFO - Testing fix: Original errors: 1, Fixed errors: 1
2025-04-14 01:32:42 - INFO - Result: False (introduced 1 new errors)
2025-04-14 01:32:42 - DEBUG - === New errors detail ===
2025-04-14 01:32:42 - DEBUG - New Error 1: line 18, type: rewrite_failed, message: tactic 'rewrite' failed, did not find instance of the pattern in the target expression
  125 - 4
x y : ℝ
h₀ : x = 5
h₁ : y = 2
h5pow3 : 5 ^ 3 = 125
h2pow2 : 2 ^ 2 = 4
hsub : 125 - 4 = 121
⊢ √(Monoid.npow 3 5 - 2 ^ 2) = 11
2025-04-14 01:32:42 - INFO - Testing fragment: rw [<- pow_zero]
2025-04-14 01:32:42 - INFO - Original error line:   rw [h5pow3, h2pow2]
2025-04-14 01:32:44 - INFO - Testing fix: Original errors: 1, Fixed errors: 1
2025-04-14 01:32:44 - INFO - Result: False (introduced 1 new errors)
2025-04-14 01:32:44 - DEBUG - === New errors detail ===
2025-04-14 01:32:44 - DEBUG - New Error 1: line 13, type: rewrite_failed, message: tactic 'rewrite' failed, did not find instance of the pattern in the target expression
  1
x y : ℝ
h₀ : x = 5
h₁ : y = 2
h5pow3 : 5 ^ 3 = 125
h2pow2 : 2 ^ 2 = 4
⊢ √(5 ^ 3 - 2 ^ 2) = 11
2025-04-14 01:32:44 - INFO - Testing fragment: rw [<- pow_succ]
2025-04-14 01:32:44 - INFO - Original error line:   rw [h5pow3, h2pow2]
2025-04-14 01:32:46 - INFO - Testing fix: Original errors: 1, Fixed errors: 1
2025-04-14 01:32:46 - INFO - Result: False (introduced 1 new errors)
2025-04-14 01:32:46 - DEBUG - === New errors detail ===
2025-04-14 01:32:46 - DEBUG - New Error 1: line 13, type: rewrite_failed, message: tactic 'rewrite' failed, did not find instance of the pattern in the target expression
  ?a ^ ?n * ?a
x y : ℝ
h₀ : x = 5
h₁ : y = 2
h5pow3 : 5 ^ 3 = 125
h2pow2 : 2 ^ 2 = 4
⊢ √(5 ^ 3 - 2 ^ 2) = 11
2025-04-14 01:32:46 - INFO - Testing fragment: rw [<- inv_inv]
2025-04-14 01:32:46 - INFO - Original error line:   rw [h5pow3, h2pow2]
2025-04-14 01:32:48 - INFO - Testing fix: Original errors: 1, Fixed errors: 1
2025-04-14 01:32:48 - INFO - Result: False (introduced 1 new errors)
2025-04-14 01:32:48 - DEBUG - === New errors detail ===
2025-04-14 01:32:48 - DEBUG - New Error 1: line 13, type: rewrite_failed, message: tactic 'rewrite' failed, pattern is a metavariable
  ?a
from equation
  ?a = ?a⁻¹⁻¹
x y : ℝ
h₀ : x = 5
h₁ : y = 2
h5pow3 : 5 ^ 3 = 125
h2pow2 : 2 ^ 2 = 4
⊢ √(5 ^ 3 - 2 ^ 2) = 11
2025-04-14 01:32:48 - INFO - Testing fragment: rw [<- exists_zpow_surjective]
2025-04-14 01:32:48 - INFO - Original error line:   rw [h5pow3, h2pow2]
2025-04-14 01:32:50 - INFO - Testing fix: Original errors: 1, Fixed errors: 2
2025-04-14 01:32:50 - INFO - Result: False (introduced 2 new errors)
2025-04-14 01:32:50 - DEBUG - === New errors detail ===
2025-04-14 01:32:50 - DEBUG - New Error 1: line 13, type: unknown_identifier, message: unknown identifier 'exists_zpow_surjective'
2025-04-14 01:32:50 - DEBUG - New Error 2: line 13, type: rewrite_failed, message: tactic 'rewrite' failed, equality or iff proof expected
  ?m.1776
x y : ℝ
h₀ : x = 5
h₁ : y = 2
h5pow3 : 5 ^ 3 = 125
h2pow2 : 2 ^ 2 = 4
⊢ √(5 ^ 3 - 2 ^ 2) = 11
2025-04-14 01:32:50 - INFO - Testing fragment: rw [<- zpow_eq_pow]
2025-04-14 01:32:50 - INFO - Original error line:   rw [h5pow3, h2pow2]
2025-04-14 01:32:52 - INFO - Testing fix: Original errors: 1, Fixed errors: 1
2025-04-14 01:32:52 - INFO - Result: False (introduced 1 new errors)
2025-04-14 01:32:52 - DEBUG - === New errors detail ===
2025-04-14 01:32:52 - DEBUG - New Error 1: line 13, type: rewrite_failed, message: tactic 'rewrite' failed, did not find instance of the pattern in the target expression
  ?x ^ ?n
x y : ℝ
h₀ : x = 5
h₁ : y = 2
h5pow3 : 5 ^ 3 = 125
h2pow2 : 2 ^ 2 = 4
⊢ √(5 ^ 3 - 2 ^ 2) = 11
2025-04-14 01:32:52 - INFO - Testing fragment: rw [<- zpow_zero]
2025-04-14 01:32:52 - INFO - Original error line:   rw [h5pow3, h2pow2]
2025-04-14 01:32:54 - INFO - Testing fix: Original errors: 1, Fixed errors: 1
2025-04-14 01:32:54 - INFO - Result: False (introduced 1 new errors)
2025-04-14 01:32:54 - DEBUG - === New errors detail ===
2025-04-14 01:32:54 - DEBUG - New Error 1: line 13, type: rewrite_failed, message: tactic 'rewrite' failed, did not find instance of the pattern in the target expression
  1
x y : ℝ
h₀ : x = 5
h₁ : y = 2
h5pow3 : 5 ^ 3 = 125
h2pow2 : 2 ^ 2 = 4
⊢ √(5 ^ 3 - 2 ^ 2) = 11
2025-04-14 01:32:54 - INFO - Testing fragment: rw [<- zpow_natCast]
2025-04-14 01:32:54 - INFO - Original error line:   rw [h5pow3, h2pow2]
2025-04-14 01:32:56 - INFO - Testing fix: Original errors: 1, Fixed errors: 1
2025-04-14 01:32:56 - INFO - Result: False (introduced 1 new errors)
2025-04-14 01:32:56 - DEBUG - === New errors detail ===
2025-04-14 01:32:56 - DEBUG - New Error 1: line 18, type: rewrite_failed, message: tactic 'rewrite' failed, did not find instance of the pattern in the target expression
  125 - 4
x y : ℝ
h₀ : x = 5
h₁ : y = 2
h5pow3 : 5 ^ 3 = 125
h2pow2 : 2 ^ 2 = 4
hsub : 125 - 4 = 121
⊢ √(5 ^ ↑3 - 2 ^ 2) = 11
2025-04-14 01:32:56 - INFO - Testing fragment: rw [<- zpow_negSucc]
2025-04-14 01:32:56 - INFO - Original error line:   rw [h5pow3, h2pow2]
2025-04-14 01:32:58 - INFO - Testing fix: Original errors: 1, Fixed errors: 1
2025-04-14 01:32:58 - INFO - Result: False (introduced 1 new errors)
2025-04-14 01:32:58 - DEBUG - === New errors detail ===
2025-04-14 01:32:58 - DEBUG - New Error 1: line 13, type: rewrite_failed, message: tactic 'rewrite' failed, did not find instance of the pattern in the target expression
  (?a ^ (?n + 1))⁻¹
x y : ℝ
h₀ : x = 5
h₁ : y = 2
h5pow3 : 5 ^ 3 = 125
h2pow2 : 2 ^ 2 = 4
⊢ √(5 ^ 3 - 2 ^ 2) = 11
2025-04-14 01:32:58 - INFO - Testing fragment: rw [<- negSucc_zsmul]
2025-04-14 01:32:58 - INFO - Original error line:   rw [h5pow3, h2pow2]
2025-04-14 01:33:00 - INFO - Testing fix: Original errors: 1, Fixed errors: 1
2025-04-14 01:33:00 - INFO - Result: False (introduced 1 new errors)
2025-04-14 01:33:00 - DEBUG - === New errors detail ===
2025-04-14 01:33:00 - DEBUG - New Error 1: line 13, type: rewrite_failed, message: tactic 'rewrite' failed, did not find instance of the pattern in the target expression
  -((?n + 1) • ?a)
x y : ℝ
h₀ : x = 5
h₁ : y = 2
h5pow3 : 5 ^ 3 = 125
h2pow2 : 2 ^ 2 = 4
⊢ √(5 ^ 3 - 2 ^ 2) = 11
2025-04-14 01:33:00 - INFO - Testing fragment: rw [<- div_eq_mul_inv]
2025-04-14 01:33:00 - INFO - Original error line:   rw [h5pow3, h2pow2]
2025-04-14 01:33:02 - INFO - Testing fix: Original errors: 1, Fixed errors: 1
2025-04-14 01:33:02 - INFO - Result: False (introduced 1 new errors)
2025-04-14 01:33:02 - DEBUG - === New errors detail ===
2025-04-14 01:33:02 - DEBUG - New Error 1: line 13, type: rewrite_failed, message: tactic 'rewrite' failed, did not find instance of the pattern in the target expression
  ?a * ?b⁻¹
x y : ℝ
h₀ : x = 5
h₁ : y = 2
h5pow3 : 5 ^ 3 = 125
h2pow2 : 2 ^ 2 = 4
⊢ √(5 ^ 3 - 2 ^ 2) = 11
2025-04-14 01:33:02 - INFO - Testing fragment: rw [<- inv_eq_one_div]
2025-04-14 01:33:02 - INFO - Original error line:   rw [h5pow3, h2pow2]
2025-04-14 01:33:04 - INFO - Testing fix: Original errors: 1, Fixed errors: 1
2025-04-14 01:33:04 - INFO - Result: False (introduced 1 new errors)
2025-04-14 01:33:04 - DEBUG - === New errors detail ===
2025-04-14 01:33:04 - DEBUG - New Error 1: line 13, type: rewrite_failed, message: tactic 'rewrite' failed, did not find instance of the pattern in the target expression
  1 / ?x
x y : ℝ
h₀ : x = 5
h₁ : y = 2
h5pow3 : 5 ^ 3 = 125
h2pow2 : 2 ^ 2 = 4
⊢ √(5 ^ 3 - 2 ^ 2) = 11
2025-04-14 01:33:04 - INFO - Testing fragment: rw [<- mul_div_assoc]
2025-04-14 01:33:04 - INFO - Original error line:   rw [h5pow3, h2pow2]
2025-04-14 01:33:06 - INFO - Testing fix: Original errors: 1, Fixed errors: 1
2025-04-14 01:33:06 - INFO - Result: False (introduced 1 new errors)
2025-04-14 01:33:06 - DEBUG - === New errors detail ===
2025-04-14 01:33:06 - DEBUG - New Error 1: line 13, type: rewrite_failed, message: tactic 'rewrite' failed, did not find instance of the pattern in the target expression
  ?a * (?b / ?c)
x y : ℝ
h₀ : x = 5
h₁ : y = 2
h5pow3 : 5 ^ 3 = 125
h2pow2 : 2 ^ 2 = 4
⊢ √(5 ^ 3 - 2 ^ 2) = 11
2025-04-14 01:33:06 - INFO - Testing fragment: rw [<- one_div]
2025-04-14 01:33:06 - INFO - Original error line:   rw [h5pow3, h2pow2]
2025-04-14 01:33:08 - INFO - Testing fix: Original errors: 1, Fixed errors: 1
2025-04-14 01:33:08 - INFO - Result: False (introduced 1 new errors)
2025-04-14 01:33:08 - DEBUG - === New errors detail ===
2025-04-14 01:33:08 - DEBUG - New Error 1: line 13, type: rewrite_failed, message: tactic 'rewrite' failed, did not find instance of the pattern in the target expression
  ?a⁻¹
x y : ℝ
h₀ : x = 5
h₁ : y = 2
h5pow3 : 5 ^ 3 = 125
h2pow2 : 2 ^ 2 = 4
⊢ √(5 ^ 3 - 2 ^ 2) = 11
2025-04-14 01:33:08 - INFO - Testing fragment: rw [<- inv_one]
2025-04-14 01:33:08 - INFO - Original error line:   rw [h5pow3, h2pow2]
