2025-04-13 14:25:17 - INFO - Log file initialized at 2025-04-13T14:25:17.046131
2025-04-13 14:25:17 - INFO - ===== LOG FILE LOCATION =====
2025-04-13 14:25:17 - INFO - Detailed log file created at: ./minif2f/lean_fixed/51.log
2025-04-13 14:25:17 - INFO - ===============================
2025-04-13 14:25:17 - INFO - Original code:
2025-04-13 14:25:17 - INFO - ----------------------------------------
2025-04-13 14:25:17 - INFO - import Mathlib
import Aesop

-- Disable heartbeat limit to prevent timeout during proof checking
set_option maxHeartbeats 0

-- Open necessary namespaces for mathematical notations and theorems
open BigOperators Real Nat Topology Rat

/-- 
Tim is doing a cakewalk with $11$ steps. He takes his first step on step $1$ and takes a total of 
139 steps, walking in a circle (so that after the 11th step he reaches the first step again). 
Which step of the cakewalk does he end on? Show that it is 7.

Mathematical explanation:
- The cakewalk has 11 steps, so it's equivalent to arithmetic modulo 11.
- Starting at step 1, taking 139 steps means we need to compute (1 + 139) mod 11.
- However, since the first step is already on position 1, we can think of it as adding 138 steps.
- Equivalently, we can compute 139 mod 11 directly to find the offset from the starting position.
- 11 × 12 = 132, and 139 - 132 = 7, so 139 mod 11 = 7.
-/
theorem mathd_numbertheory_200 : 139 % 11 = 7 := by
  -- First approach: direct computation using norm_num
  -- This will automatically compute the modulus
  norm_num
  
  -- Alternative approach: step-by-step proof showing the mathematical reasoning
  have h11 : 11 * 12 = 132 := by norm_num  -- Compute 11 × 12
  have hdiff : 139 - 132 = 7 := by norm_num  -- Compute remainder
  -- The theorem follows from the division algorithm:
  -- 139 = 11 × 12 + 7, with 0 ≤ 7 < 11
  rw [← hdiff]
  -- Show that 132 is indeed 11 × 12
  rw [h11]
  -- Apply the modulus definition
  exact Nat.mod_eq_of_lt (by norm_num)  -- Prove 7 < 11
2025-04-13 14:25:17 - INFO - ----------------------------------------
2025-04-13 14:25:17 - INFO - 
Checking original code for all errors...
2025-04-13 14:29:24 - INFO - Original code contains 1 errors:
2025-04-13 14:29:24 - INFO - Error 1: line 19, type: no_goals_to_solve, message: no goals to be solved...
2025-04-13 14:29:24 - INFO - 
Starting multi-error continuous repair process...
2025-04-13 14:29:24 - INFO - 
===== Starting to fix all errors =====
2025-04-13 14:29:25 - INFO - 
Found 1 original errors:
2025-04-13 14:29:25 - INFO - Error 1: line 19, type: no_goals_to_solve, message: no goals to be solved...
2025-04-13 14:29:25 - INFO - 
Trying to fix error 1/1: line 19, type: no_goals_to_solve
2025-04-13 14:29:25 - INFO - Error message: no goals to be solved...
2025-04-13 14:29:25 - INFO - Removed header content, remaining 27 lines of code
2025-04-13 14:29:25 - INFO - Using specified target error line: 19
2025-04-13 14:29:26 - INFO - Found error at specified line: no goals to be solved
2025-04-13 14:29:26 - INFO - Error at line 19: no goals to be solved
2025-04-13 14:29:26 - INFO - 
==================================================
2025-04-13 14:29:26 - INFO - Code prepared, starting synthesis
2025-04-13 14:29:26 - INFO - Before part: /-- 
Tim is doing a cakewalk with $11$ steps. He takes his first step on step $1$ and takes a total of 
139 steps, walking in a circle (so that after the 11th step he reaches the first step again). 
Which step of the cakewalk does he end on? Show that it is 7.

Mathematical explanation:
- The cakewalk has 11 steps, so it's equivalent to arithmetic modulo 11.
- Starting at step 1, taking 139 steps means we need to compute (1 + 139) mod 11.
- However, since the first step is already on position 1, we can think of it as adding 138 steps.
- Equivalently, we can compute 139 mod 11 directly to find the offset from the starting position.
- 11 × 12 = 132, and 139 - 132 = 7, so 139 mod 11 = 7.
-/
theorem mathd_numbertheory_200 : 139 % 11 = 7 := by
  -- First approach: direct computation using norm_num
  -- This will automatically compute the modulus
  norm_num
  
  -- Alternative approach: step-by-step proof showing the mathematical reasoning
2025-04-13 14:29:26 - INFO - Error line:   have h11 : 11 * 12 = 132 := by norm_num  -- Compute 11 × 12
2025-04-13 14:29:26 - INFO - After part: have hdiff : 139 - 132 = 7 := by norm_num  -- Compute remainder
  -- The theorem follows from the division algorithm:
  -- 139 = 11 × 12 + 7, with 0 ≤ 7 < 11
  rw [← hdiff]
  -- Show that 132 is indeed 11 × 12
  rw [h11]
  -- Apply the modulus definition
  exact Nat.mod_eq_of_lt (by norm_num)  -- Prove 7 < 11
2025-04-13 14:29:26 - INFO - ==================================================

2025-04-13 14:29:27 - INFO - Testing fragment: rw [left_distrib]
2025-04-13 14:29:27 - INFO - Original error line:   have h11 : 11 * 12 = 132 := by norm_num  -- Compute 11 × 12
2025-04-13 14:29:29 - INFO - Testing fix: Original errors: 1, Fixed errors: 1
2025-04-13 14:29:29 - INFO - Target error not fixed: no goals to be solved...
2025-04-13 14:29:29 - INFO - Result: False (target error not fixed)
2025-04-13 14:29:29 - INFO - Testing fragment: rw [right_distrib]
2025-04-13 14:29:29 - INFO - Original error line:   have h11 : 11 * 12 = 132 := by norm_num  -- Compute 11 × 12
2025-04-13 14:29:31 - INFO - Testing fix: Original errors: 1, Fixed errors: 1
2025-04-13 14:29:31 - INFO - Target error not fixed: no goals to be solved...
2025-04-13 14:29:31 - INFO - Result: False (target error not fixed)
2025-04-13 14:29:31 - INFO - Testing fragment: rw [distrib_three_right]
2025-04-13 14:29:31 - INFO - Original error line:   have h11 : 11 * 12 = 132 := by norm_num  -- Compute 11 × 12
2025-04-13 14:29:33 - INFO - Testing fix: Original errors: 1, Fixed errors: 1
2025-04-13 14:29:33 - INFO - Target error not fixed: no goals to be solved...
2025-04-13 14:29:33 - INFO - Result: False (target error not fixed)
2025-04-13 14:29:33 - INFO - Testing fragment: rw [add_one_mul]
2025-04-13 14:29:33 - INFO - Original error line:   have h11 : 11 * 12 = 132 := by norm_num  -- Compute 11 × 12
2025-04-13 14:29:35 - INFO - Testing fix: Original errors: 1, Fixed errors: 1
2025-04-13 14:29:35 - INFO - Target error not fixed: no goals to be solved...
2025-04-13 14:29:35 - INFO - Result: False (target error not fixed)
2025-04-13 14:29:35 - INFO - Testing fragment: rw [mul_add_one]
2025-04-13 14:29:35 - INFO - Original error line:   have h11 : 11 * 12 = 132 := by norm_num  -- Compute 11 × 12
2025-04-13 14:29:37 - INFO - Testing fix: Original errors: 1, Fixed errors: 1
2025-04-13 14:29:37 - INFO - Target error not fixed: no goals to be solved...
2025-04-13 14:29:37 - INFO - Result: False (target error not fixed)
2025-04-13 14:29:37 - INFO - Testing fragment: rw [one_add_mul]
2025-04-13 14:29:37 - INFO - Original error line:   have h11 : 11 * 12 = 132 := by norm_num  -- Compute 11 × 12
2025-04-13 14:29:39 - INFO - Testing fix: Original errors: 1, Fixed errors: 1
2025-04-13 14:29:39 - INFO - Target error not fixed: no goals to be solved...
2025-04-13 14:29:39 - INFO - Result: False (target error not fixed)
2025-04-13 14:29:39 - INFO - Testing fragment: rw [mul_one_add]
2025-04-13 14:29:39 - INFO - Original error line:   have h11 : 11 * 12 = 132 := by norm_num  -- Compute 11 × 12
2025-04-13 14:29:41 - INFO - Testing fix: Original errors: 1, Fixed errors: 1
2025-04-13 14:29:41 - INFO - Target error not fixed: no goals to be solved...
2025-04-13 14:29:41 - INFO - Result: False (target error not fixed)
2025-04-13 14:29:41 - INFO - Testing fragment: rw [two_mul]
2025-04-13 14:29:41 - INFO - Original error line:   have h11 : 11 * 12 = 132 := by norm_num  -- Compute 11 × 12
2025-04-13 14:29:43 - INFO - Testing fix: Original errors: 1, Fixed errors: 1
2025-04-13 14:29:43 - INFO - Target error not fixed: no goals to be solved...
2025-04-13 14:29:43 - INFO - Result: False (target error not fixed)
2025-04-13 14:29:43 - INFO - Testing fragment: rw [mul_two]
2025-04-13 14:29:43 - INFO - Original error line:   have h11 : 11 * 12 = 132 := by norm_num  -- Compute 11 × 12
2025-04-13 14:29:45 - INFO - Testing fix: Original errors: 1, Fixed errors: 1
2025-04-13 14:29:45 - INFO - Target error not fixed: no goals to be solved...
2025-04-13 14:29:45 - INFO - Result: False (target error not fixed)
2025-04-13 14:29:45 - INFO - Testing fragment: rw [mul_boole]
2025-04-13 14:29:45 - INFO - Original error line:   have h11 : 11 * 12 = 132 := by norm_num  -- Compute 11 × 12
2025-04-13 14:29:47 - INFO - Testing fix: Original errors: 1, Fixed errors: 1
2025-04-13 14:29:47 - INFO - Target error not fixed: no goals to be solved...
2025-04-13 14:29:47 - INFO - Result: False (target error not fixed)
2025-04-13 14:29:47 - INFO - Testing fragment: rw [boole_mul]
2025-04-13 14:29:47 - INFO - Original error line:   have h11 : 11 * 12 = 132 := by norm_num  -- Compute 11 × 12
2025-04-13 14:29:49 - INFO - Testing fix: Original errors: 1, Fixed errors: 1
2025-04-13 14:29:49 - INFO - Target error not fixed: no goals to be solved...
2025-04-13 14:29:49 - INFO - Result: False (target error not fixed)
2025-04-13 14:29:49 - INFO - Testing fragment: rw [add_mul_self_eq]
2025-04-13 14:29:49 - INFO - Original error line:   have h11 : 11 * 12 = 132 := by norm_num  -- Compute 11 × 12
2025-04-13 14:29:51 - INFO - Testing fix: Original errors: 1, Fixed errors: 1
2025-04-13 14:29:51 - INFO - Target error not fixed: no goals to be solved...
2025-04-13 14:29:51 - INFO - Result: False (target error not fixed)
2025-04-13 14:29:51 - INFO - Testing fragment: rw [neg_mul]
2025-04-13 14:29:51 - INFO - Original error line:   have h11 : 11 * 12 = 132 := by norm_num  -- Compute 11 × 12
2025-04-13 14:29:53 - INFO - Testing fix: Original errors: 1, Fixed errors: 1
2025-04-13 14:29:53 - INFO - Target error not fixed: no goals to be solved...
2025-04-13 14:29:53 - INFO - Result: False (target error not fixed)
2025-04-13 14:29:53 - INFO - Testing fragment: rw [mul_neg]
2025-04-13 14:29:53 - INFO - Original error line:   have h11 : 11 * 12 = 132 := by norm_num  -- Compute 11 × 12
2025-04-13 14:29:55 - INFO - Testing fix: Original errors: 1, Fixed errors: 1
2025-04-13 14:29:55 - INFO - Target error not fixed: no goals to be solved...
2025-04-13 14:29:55 - INFO - Result: False (target error not fixed)
2025-04-13 14:29:55 - INFO - Testing fragment: rw [neg_mul_neg]
2025-04-13 14:29:55 - INFO - Original error line:   have h11 : 11 * 12 = 132 := by norm_num  -- Compute 11 × 12
2025-04-13 14:29:57 - INFO - Testing fix: Original errors: 1, Fixed errors: 1
2025-04-13 14:29:57 - INFO - Target error not fixed: no goals to be solved...
2025-04-13 14:29:57 - INFO - Result: False (target error not fixed)
2025-04-13 14:29:57 - INFO - Testing fragment: rw [neg_mul_eq_neg_mul]
2025-04-13 14:29:57 - INFO - Original error line:   have h11 : 11 * 12 = 132 := by norm_num  -- Compute 11 × 12
2025-04-13 14:29:59 - INFO - Testing fix: Original errors: 1, Fixed errors: 1
2025-04-13 14:29:59 - INFO - Target error not fixed: no goals to be solved...
2025-04-13 14:29:59 - INFO - Result: False (target error not fixed)
2025-04-13 14:29:59 - INFO - Testing fragment: rw [neg_mul_eq_mul_neg]
2025-04-13 14:29:59 - INFO - Original error line:   have h11 : 11 * 12 = 132 := by norm_num  -- Compute 11 × 12
2025-04-13 14:30:01 - INFO - Testing fix: Original errors: 1, Fixed errors: 1
2025-04-13 14:30:01 - INFO - Target error not fixed: no goals to be solved...
2025-04-13 14:30:01 - INFO - Result: False (target error not fixed)
2025-04-13 14:30:01 - INFO - Testing fragment: rw [neg_mul_comm]
2025-04-13 14:30:01 - INFO - Original error line:   have h11 : 11 * 12 = 132 := by norm_num  -- Compute 11 × 12
2025-04-13 14:30:03 - INFO - Testing fix: Original errors: 1, Fixed errors: 1
2025-04-13 14:30:03 - INFO - Target error not fixed: no goals to be solved...
2025-04-13 14:30:03 - INFO - Result: False (target error not fixed)
2025-04-13 14:30:03 - INFO - Testing fragment: rw [neg_eq_neg_one_mul]
2025-04-13 14:30:03 - INFO - Original error line:   have h11 : 11 * 12 = 132 := by norm_num  -- Compute 11 × 12
2025-04-13 14:30:05 - INFO - Testing fix: Original errors: 1, Fixed errors: 1
2025-04-13 14:30:05 - INFO - Target error not fixed: no goals to be solved...
2025-04-13 14:30:05 - INFO - Result: False (target error not fixed)
2025-04-13 14:30:05 - INFO - Testing fragment: rw [mul_neg_one]
2025-04-13 14:30:05 - INFO - Original error line:   have h11 : 11 * 12 = 132 := by norm_num  -- Compute 11 × 12
2025-04-13 14:30:07 - INFO - Testing fix: Original errors: 1, Fixed errors: 1
2025-04-13 14:30:07 - INFO - Target error not fixed: no goals to be solved...
2025-04-13 14:30:07 - INFO - Result: False (target error not fixed)
2025-04-13 14:30:07 - INFO - Testing fragment: rw [neg_one_mul]
2025-04-13 14:30:07 - INFO - Original error line:   have h11 : 11 * 12 = 132 := by norm_num  -- Compute 11 × 12
2025-04-13 14:30:09 - INFO - Testing fix: Original errors: 1, Fixed errors: 1
2025-04-13 14:30:09 - INFO - Target error not fixed: no goals to be solved...
2025-04-13 14:30:09 - INFO - Result: False (target error not fixed)
2025-04-13 14:30:09 - INFO - Testing fragment: rw [mul_sub_left_distrib]
2025-04-13 14:30:09 - INFO - Original error line:   have h11 : 11 * 12 = 132 := by norm_num  -- Compute 11 × 12
2025-04-13 14:30:11 - INFO - Testing fix: Original errors: 1, Fixed errors: 1
2025-04-13 14:30:11 - INFO - Target error not fixed: no goals to be solved...
2025-04-13 14:30:11 - INFO - Result: False (target error not fixed)
2025-04-13 14:30:11 - INFO - Testing fragment: rw [mul_sub_right_distrib]
2025-04-13 14:30:11 - INFO - Original error line:   have h11 : 11 * 12 = 132 := by norm_num  -- Compute 11 × 12
2025-04-13 14:30:13 - INFO - Testing fix: Original errors: 1, Fixed errors: 1
2025-04-13 14:30:13 - INFO - Target error not fixed: no goals to be solved...
2025-04-13 14:30:13 - INFO - Result: False (target error not fixed)
2025-04-13 14:30:13 - INFO - Testing fragment: rw [sub_one_mul]
2025-04-13 14:30:13 - INFO - Original error line:   have h11 : 11 * 12 = 132 := by norm_num  -- Compute 11 × 12
2025-04-13 14:30:15 - INFO - Testing fix: Original errors: 1, Fixed errors: 1
2025-04-13 14:30:15 - INFO - Target error not fixed: no goals to be solved...
2025-04-13 14:30:15 - INFO - Result: False (target error not fixed)
2025-04-13 14:30:15 - INFO - Testing fragment: rw [mul_sub_one]
2025-04-13 14:30:15 - INFO - Original error line:   have h11 : 11 * 12 = 132 := by norm_num  -- Compute 11 × 12
2025-04-13 14:30:17 - INFO - Testing fix: Original errors: 1, Fixed errors: 1
2025-04-13 14:30:17 - INFO - Target error not fixed: no goals to be solved...
2025-04-13 14:30:17 - INFO - Result: False (target error not fixed)
2025-04-13 14:30:17 - INFO - Testing fragment: rw [one_sub_mul]
2025-04-13 14:30:17 - INFO - Original error line:   have h11 : 11 * 12 = 132 := by norm_num  -- Compute 11 × 12
2025-04-13 14:30:19 - INFO - Testing fix: Original errors: 1, Fixed errors: 1
2025-04-13 14:30:19 - INFO - Target error not fixed: no goals to be solved...
2025-04-13 14:30:19 - INFO - Result: False (target error not fixed)
2025-04-13 14:30:19 - INFO - Testing fragment: rw [mul_one_sub]
2025-04-13 14:30:19 - INFO - Original error line:   have h11 : 11 * 12 = 132 := by norm_num  -- Compute 11 × 12
2025-04-13 14:30:21 - INFO - Testing fix: Original errors: 1, Fixed errors: 1
2025-04-13 14:30:21 - INFO - Target error not fixed: no goals to be solved...
2025-04-13 14:30:21 - INFO - Result: False (target error not fixed)
2025-04-13 14:30:21 - INFO - Testing fragment: rw [mul_left_cancel]
2025-04-13 14:30:21 - INFO - Original error line:   have h11 : 11 * 12 = 132 := by norm_num  -- Compute 11 × 12
2025-04-13 14:30:23 - INFO - Testing fix: Original errors: 1, Fixed errors: 1
2025-04-13 14:30:23 - INFO - Target error not fixed: no goals to be solved...
2025-04-13 14:30:23 - INFO - Result: False (target error not fixed)
2025-04-13 14:30:23 - INFO - Testing fragment: rw [mul_left_cancel_iff]
2025-04-13 14:30:23 - INFO - Original error line:   have h11 : 11 * 12 = 132 := by norm_num  -- Compute 11 × 12
2025-04-13 14:30:25 - INFO - Testing fix: Original errors: 1, Fixed errors: 1
2025-04-13 14:30:25 - INFO - Target error not fixed: no goals to be solved...
2025-04-13 14:30:25 - INFO - Result: False (target error not fixed)
2025-04-13 14:30:25 - INFO - Testing fragment: rw [mul_right_injective]
2025-04-13 14:30:25 - INFO - Original error line:   have h11 : 11 * 12 = 132 := by norm_num  -- Compute 11 × 12
2025-04-13 14:30:27 - INFO - Testing fix: Original errors: 1, Fixed errors: 1
2025-04-13 14:30:27 - INFO - Target error not fixed: no goals to be solved...
2025-04-13 14:30:27 - INFO - Result: False (target error not fixed)
2025-04-13 14:30:27 - INFO - Testing fragment: rw [mul_right_inj]
2025-04-13 14:30:27 - INFO - Original error line:   have h11 : 11 * 12 = 132 := by norm_num  -- Compute 11 × 12
2025-04-13 14:30:29 - INFO - Testing fix: Original errors: 1, Fixed errors: 1
2025-04-13 14:30:29 - INFO - Target error not fixed: no goals to be solved...
2025-04-13 14:30:29 - INFO - Result: False (target error not fixed)
2025-04-13 14:30:29 - INFO - Testing fragment: rw [mul_ne_mul_right]
2025-04-13 14:30:29 - INFO - Original error line:   have h11 : 11 * 12 = 132 := by norm_num  -- Compute 11 × 12
2025-04-13 14:30:31 - INFO - Testing fix: Original errors: 1, Fixed errors: 1
2025-04-13 14:30:31 - INFO - Target error not fixed: no goals to be solved...
2025-04-13 14:30:31 - INFO - Result: False (target error not fixed)
2025-04-13 14:30:31 - INFO - Testing fragment: rw [mul_right_cancel]
2025-04-13 14:30:31 - INFO - Original error line:   have h11 : 11 * 12 = 132 := by norm_num  -- Compute 11 × 12
2025-04-13 14:30:33 - INFO - Testing fix: Original errors: 1, Fixed errors: 1
2025-04-13 14:30:33 - INFO - Target error not fixed: no goals to be solved...
2025-04-13 14:30:33 - INFO - Result: False (target error not fixed)
2025-04-13 14:30:33 - INFO - Testing fragment: rw [mul_right_cancel_iff]
2025-04-13 14:30:33 - INFO - Original error line:   have h11 : 11 * 12 = 132 := by norm_num  -- Compute 11 × 12
2025-04-13 14:30:35 - INFO - Testing fix: Original errors: 1, Fixed errors: 1
2025-04-13 14:30:35 - INFO - Target error not fixed: no goals to be solved...
2025-04-13 14:30:35 - INFO - Result: False (target error not fixed)
2025-04-13 14:30:35 - INFO - Testing fragment: rw [mul_left_injective]
2025-04-13 14:30:35 - INFO - Original error line:   have h11 : 11 * 12 = 132 := by norm_num  -- Compute 11 × 12
2025-04-13 14:30:37 - INFO - Testing fix: Original errors: 1, Fixed errors: 1
2025-04-13 14:30:37 - INFO - Target error not fixed: no goals to be solved...
2025-04-13 14:30:37 - INFO - Result: False (target error not fixed)
2025-04-13 14:30:37 - INFO - Testing fragment: rw [mul_left_inj]
2025-04-13 14:30:37 - INFO - Original error line:   have h11 : 11 * 12 = 132 := by norm_num  -- Compute 11 × 12
2025-04-13 14:30:39 - INFO - Testing fix: Original errors: 1, Fixed errors: 1
2025-04-13 14:30:39 - INFO - Target error not fixed: no goals to be solved...
2025-04-13 14:30:39 - INFO - Result: False (target error not fixed)
2025-04-13 14:30:39 - INFO - Testing fragment: rw [mul_ne_mul_left]
2025-04-13 14:30:39 - INFO - Original error line:   have h11 : 11 * 12 = 132 := by norm_num  -- Compute 11 × 12
2025-04-13 14:30:41 - INFO - Testing fix: Original errors: 1, Fixed errors: 1
2025-04-13 14:30:41 - INFO - Target error not fixed: no goals to be solved...
2025-04-13 14:30:41 - INFO - Result: False (target error not fixed)
2025-04-13 14:30:41 - INFO - Testing fragment: rw [mul_assoc]
2025-04-13 14:30:41 - INFO - Original error line:   have h11 : 11 * 12 = 132 := by norm_num  -- Compute 11 × 12
2025-04-13 14:30:43 - INFO - Testing fix: Original errors: 1, Fixed errors: 1
2025-04-13 14:30:43 - INFO - Target error not fixed: no goals to be solved...
2025-04-13 14:30:43 - INFO - Result: False (target error not fixed)
2025-04-13 14:30:43 - INFO - Testing fragment: rw [mul_comm]
2025-04-13 14:30:43 - INFO - Original error line:   have h11 : 11 * 12 = 132 := by norm_num  -- Compute 11 × 12
2025-04-13 14:30:45 - INFO - Testing fix: Original errors: 1, Fixed errors: 1
2025-04-13 14:30:45 - INFO - Target error not fixed: no goals to be solved...
2025-04-13 14:30:45 - INFO - Result: False (target error not fixed)
2025-04-13 14:30:45 - INFO - Testing fragment: rw [MulOneClass]
2025-04-13 14:30:45 - INFO - Original error line:   have h11 : 11 * 12 = 132 := by norm_num  -- Compute 11 × 12
2025-04-13 14:30:47 - INFO - Testing fix: Original errors: 1, Fixed errors: 1
2025-04-13 14:30:47 - INFO - Target error not fixed: no goals to be solved...
2025-04-13 14:30:47 - INFO - Result: False (target error not fixed)
2025-04-13 14:30:47 - INFO - Testing fragment: rw [one_mul]
2025-04-13 14:30:47 - INFO - Original error line:   have h11 : 11 * 12 = 132 := by norm_num  -- Compute 11 × 12
2025-04-13 14:30:49 - INFO - Testing fix: Original errors: 1, Fixed errors: 1
2025-04-13 14:30:49 - INFO - Target error not fixed: no goals to be solved...
2025-04-13 14:30:49 - INFO - Result: False (target error not fixed)
2025-04-13 14:30:49 - INFO - Testing fragment: rw [mul_one]
2025-04-13 14:30:49 - INFO - Original error line:   have h11 : 11 * 12 = 132 := by norm_num  -- Compute 11 × 12
2025-04-13 14:30:51 - INFO - Testing fix: Original errors: 1, Fixed errors: 1
2025-04-13 14:30:51 - INFO - Target error not fixed: no goals to be solved...
2025-04-13 14:30:51 - INFO - Result: False (target error not fixed)
2025-04-13 14:30:51 - INFO - Testing fragment: rw [npowRec_add]
2025-04-13 14:30:51 - INFO - Original error line:   have h11 : 11 * 12 = 132 := by norm_num  -- Compute 11 × 12
2025-04-13 14:30:53 - INFO - Testing fix: Original errors: 1, Fixed errors: 1
2025-04-13 14:30:53 - INFO - Target error not fixed: no goals to be solved...
2025-04-13 14:30:53 - INFO - Result: False (target error not fixed)
2025-04-13 14:30:53 - INFO - Testing fragment: rw [npowRec_succ]
2025-04-13 14:30:53 - INFO - Original error line:   have h11 : 11 * 12 = 132 := by norm_num  -- Compute 11 × 12
2025-04-13 14:30:55 - INFO - Testing fix: Original errors: 1, Fixed errors: 1
2025-04-13 14:30:55 - INFO - Target error not fixed: no goals to be solved...
2025-04-13 14:30:55 - INFO - Result: False (target error not fixed)
2025-04-13 14:30:55 - INFO - Testing fragment: rw [npowRec'_succ]
2025-04-13 14:30:55 - INFO - Original error line:   have h11 : 11 * 12 = 132 := by norm_num  -- Compute 11 × 12
2025-04-13 14:30:57 - INFO - Testing fix: Original errors: 1, Fixed errors: 1
2025-04-13 14:30:57 - INFO - Target error not fixed: no goals to be solved...
2025-04-13 14:30:57 - INFO - Result: False (target error not fixed)
2025-04-13 14:30:57 - INFO - Testing fragment: rw [npowRec'_two_mul]
2025-04-13 14:30:57 - INFO - Original error line:   have h11 : 11 * 12 = 132 := by norm_num  -- Compute 11 × 12
2025-04-13 14:30:59 - INFO - Testing fix: Original errors: 1, Fixed errors: 1
2025-04-13 14:30:59 - INFO - Target error not fixed: no goals to be solved...
2025-04-13 14:30:59 - INFO - Result: False (target error not fixed)
2025-04-13 14:30:59 - INFO - Testing fragment: rw [npowRec'_mul_comm]
2025-04-13 14:30:59 - INFO - Original error line:   have h11 : 11 * 12 = 132 := by norm_num  -- Compute 11 × 12
2025-04-13 14:31:01 - INFO - Testing fix: Original errors: 1, Fixed errors: 1
2025-04-13 14:31:01 - INFO - Target error not fixed: no goals to be solved...
2025-04-13 14:31:01 - INFO - Result: False (target error not fixed)
2025-04-13 14:31:01 - INFO - Testing fragment: rw [npowRec_eq]
2025-04-13 14:31:01 - INFO - Original error line:   have h11 : 11 * 12 = 132 := by norm_num  -- Compute 11 × 12
2025-04-13 14:31:03 - INFO - Testing fix: Original errors: 1, Fixed errors: 1
2025-04-13 14:31:03 - INFO - Target error not fixed: no goals to be solved...
2025-04-13 14:31:03 - INFO - Result: False (target error not fixed)
2025-04-13 14:31:03 - INFO - Testing fragment: rw [npowBinRec]
2025-04-13 14:31:03 - INFO - Original error line:   have h11 : 11 * 12 = 132 := by norm_num  -- Compute 11 × 12
2025-04-13 14:31:05 - INFO - Testing fix: Original errors: 1, Fixed errors: 1
2025-04-13 14:31:05 - INFO - Target error not fixed: no goals to be solved...
2025-04-13 14:31:05 - INFO - Result: False (target error not fixed)
2025-04-13 14:31:05 - INFO - Testing fragment: rw [npowRec_eq_npowBinRec]
2025-04-13 14:31:05 - INFO - Original error line:   have h11 : 11 * 12 = 132 := by norm_num  -- Compute 11 × 12
2025-04-13 14:31:07 - INFO - Testing fix: Original errors: 1, Fixed errors: 1
2025-04-13 14:31:07 - INFO - Target error not fixed: no goals to be solved...
2025-04-13 14:31:07 - INFO - Result: False (target error not fixed)
2025-04-13 14:31:07 - INFO - Testing fragment: rw [npow_eq_pow]
2025-04-13 14:31:07 - INFO - Original error line:   have h11 : 11 * 12 = 132 := by norm_num  -- Compute 11 × 12
2025-04-13 14:31:09 - INFO - Testing fix: Original errors: 1, Fixed errors: 1
2025-04-13 14:31:09 - INFO - Target error not fixed: no goals to be solved...
2025-04-13 14:31:09 - INFO - Result: False (target error not fixed)
2025-04-13 14:31:09 - INFO - Testing fragment: rw [pow_zero]
2025-04-13 14:31:09 - INFO - Original error line:   have h11 : 11 * 12 = 132 := by norm_num  -- Compute 11 × 12
2025-04-13 14:31:11 - INFO - Testing fix: Original errors: 1, Fixed errors: 1
2025-04-13 14:31:11 - INFO - Target error not fixed: no goals to be solved...
2025-04-13 14:31:11 - INFO - Result: False (target error not fixed)
2025-04-13 14:31:11 - INFO - Testing fragment: rw [pow_succ]
2025-04-13 14:31:11 - INFO - Original error line:   have h11 : 11 * 12 = 132 := by norm_num  -- Compute 11 × 12
2025-04-13 14:31:13 - INFO - Testing fix: Original errors: 1, Fixed errors: 1
2025-04-13 14:31:13 - INFO - Target error not fixed: no goals to be solved...
2025-04-13 14:31:13 - INFO - Result: False (target error not fixed)
2025-04-13 14:31:13 - INFO - Testing fragment: rw [inv_inv]
2025-04-13 14:31:13 - INFO - Original error line:   have h11 : 11 * 12 = 132 := by norm_num  -- Compute 11 × 12
2025-04-13 14:31:15 - INFO - Testing fix: Original errors: 1, Fixed errors: 1
2025-04-13 14:31:15 - INFO - Target error not fixed: no goals to be solved...
2025-04-13 14:31:15 - INFO - Result: False (target error not fixed)
2025-04-13 14:31:15 - INFO - Testing fragment: rw [exists_zpow_surjective]
2025-04-13 14:31:15 - INFO - Original error line:   have h11 : 11 * 12 = 132 := by norm_num  -- Compute 11 × 12
2025-04-13 14:31:17 - INFO - Testing fix: Original errors: 1, Fixed errors: 1
2025-04-13 14:31:17 - INFO - Target error not fixed: no goals to be solved...
2025-04-13 14:31:17 - INFO - Result: False (target error not fixed)
2025-04-13 14:31:17 - INFO - Testing fragment: rw [zpow_eq_pow]
2025-04-13 14:31:17 - INFO - Original error line:   have h11 : 11 * 12 = 132 := by norm_num  -- Compute 11 × 12
2025-04-13 14:31:19 - INFO - Testing fix: Original errors: 1, Fixed errors: 1
2025-04-13 14:31:19 - INFO - Target error not fixed: no goals to be solved...
2025-04-13 14:31:19 - INFO - Result: False (target error not fixed)
2025-04-13 14:31:19 - INFO - Testing fragment: rw [zpow_zero]
2025-04-13 14:31:19 - INFO - Original error line:   have h11 : 11 * 12 = 132 := by norm_num  -- Compute 11 × 12
2025-04-13 14:31:21 - INFO - Testing fix: Original errors: 1, Fixed errors: 1
2025-04-13 14:31:21 - INFO - Target error not fixed: no goals to be solved...
2025-04-13 14:31:21 - INFO - Result: False (target error not fixed)
2025-04-13 14:31:21 - INFO - Testing fragment: rw [zpow_natCast]
2025-04-13 14:31:21 - INFO - Original error line:   have h11 : 11 * 12 = 132 := by norm_num  -- Compute 11 × 12
2025-04-13 14:31:23 - INFO - Testing fix: Original errors: 1, Fixed errors: 1
2025-04-13 14:31:23 - INFO - Target error not fixed: no goals to be solved...
2025-04-13 14:31:23 - INFO - Result: False (target error not fixed)
2025-04-13 14:31:23 - INFO - Testing fragment: rw [zpow_negSucc]
2025-04-13 14:31:23 - INFO - Original error line:   have h11 : 11 * 12 = 132 := by norm_num  -- Compute 11 × 12
2025-04-13 14:31:25 - INFO - Testing fix: Original errors: 1, Fixed errors: 1
2025-04-13 14:31:25 - INFO - Target error not fixed: no goals to be solved...
2025-04-13 14:31:25 - INFO - Result: False (target error not fixed)
2025-04-13 14:31:25 - INFO - Testing fragment: rw [negSucc_zsmul]
2025-04-13 14:31:25 - INFO - Original error line:   have h11 : 11 * 12 = 132 := by norm_num  -- Compute 11 × 12
2025-04-13 14:31:27 - INFO - Testing fix: Original errors: 1, Fixed errors: 1
2025-04-13 14:31:27 - INFO - Target error not fixed: no goals to be solved...
2025-04-13 14:31:27 - INFO - Result: False (target error not fixed)
2025-04-13 14:31:27 - INFO - Testing fragment: rw [div_eq_mul_inv]
2025-04-13 14:31:27 - INFO - Original error line:   have h11 : 11 * 12 = 132 := by norm_num  -- Compute 11 × 12
2025-04-13 14:31:29 - INFO - Testing fix: Original errors: 1, Fixed errors: 1
2025-04-13 14:31:29 - INFO - Target error not fixed: no goals to be solved...
2025-04-13 14:31:29 - INFO - Result: False (target error not fixed)
2025-04-13 14:31:29 - INFO - Testing fragment: rw [inv_eq_one_div]
2025-04-13 14:31:29 - INFO - Original error line:   have h11 : 11 * 12 = 132 := by norm_num  -- Compute 11 × 12
2025-04-13 14:31:31 - INFO - Testing fix: Original errors: 1, Fixed errors: 1
2025-04-13 14:31:31 - INFO - Target error not fixed: no goals to be solved...
2025-04-13 14:31:31 - INFO - Result: False (target error not fixed)
2025-04-13 14:31:31 - INFO - Testing fragment: rw [mul_div_assoc]
2025-04-13 14:31:31 - INFO - Original error line:   have h11 : 11 * 12 = 132 := by norm_num  -- Compute 11 × 12
2025-04-13 14:31:33 - INFO - Testing fix: Original errors: 1, Fixed errors: 1
2025-04-13 14:31:33 - INFO - Target error not fixed: no goals to be solved...
2025-04-13 14:31:33 - INFO - Result: False (target error not fixed)
2025-04-13 14:31:33 - INFO - Testing fragment: rw [one_div]
2025-04-13 14:31:33 - INFO - Original error line:   have h11 : 11 * 12 = 132 := by norm_num  -- Compute 11 × 12
2025-04-13 14:31:35 - INFO - Testing fix: Original errors: 1, Fixed errors: 1
2025-04-13 14:31:35 - INFO - Target error not fixed: no goals to be solved...
2025-04-13 14:31:35 - INFO - Result: False (target error not fixed)
2025-04-13 14:31:35 - INFO - Testing fragment: rw [inv_one]
2025-04-13 14:31:35 - INFO - Original error line:   have h11 : 11 * 12 = 132 := by norm_num  -- Compute 11 × 12
2025-04-13 14:31:37 - INFO - Testing fix: Original errors: 1, Fixed errors: 1
2025-04-13 14:31:37 - INFO - Target error not fixed: no goals to be solved...
2025-04-13 14:31:37 - INFO - Result: False (target error not fixed)
2025-04-13 14:31:37 - INFO - Testing fragment: rw [mul_inv_rev]
2025-04-13 14:31:37 - INFO - Original error line:   have h11 : 11 * 12 = 132 := by norm_num  -- Compute 11 × 12
2025-04-13 14:31:39 - INFO - Testing fix: Original errors: 1, Fixed errors: 1
2025-04-13 14:31:39 - INFO - Target error not fixed: no goals to be solved...
2025-04-13 14:31:39 - INFO - Result: False (target error not fixed)
2025-04-13 14:31:39 - INFO - Testing fragment: rw [inv_eq_of_mul_eq_one_right]
2025-04-13 14:31:39 - INFO - Original error line:   have h11 : 11 * 12 = 132 := by norm_num  -- Compute 11 × 12
2025-04-13 14:31:41 - INFO - Testing fix: Original errors: 1, Fixed errors: 1
2025-04-13 14:31:41 - INFO - Target error not fixed: no goals to be solved...
2025-04-13 14:31:41 - INFO - Result: False (target error not fixed)
2025-04-13 14:31:41 - INFO - Testing fragment: rw [inv_eq_of_mul_eq_one_left]
2025-04-13 14:31:41 - INFO - Original error line:   have h11 : 11 * 12 = 132 := by norm_num  -- Compute 11 × 12
2025-04-13 14:31:43 - INFO - Testing fix: Original errors: 1, Fixed errors: 1
2025-04-13 14:31:43 - INFO - Target error not fixed: no goals to be solved...
2025-04-13 14:31:43 - INFO - Result: False (target error not fixed)
2025-04-13 14:31:43 - INFO - Testing fragment: rw [eq_inv_of_mul_eq_one_left]
2025-04-13 14:31:43 - INFO - Original error line:   have h11 : 11 * 12 = 132 := by norm_num  -- Compute 11 × 12
2025-04-13 14:31:45 - INFO - Testing fix: Original errors: 1, Fixed errors: 1
2025-04-13 14:31:45 - INFO - Target error not fixed: no goals to be solved...
2025-04-13 14:31:45 - INFO - Result: False (target error not fixed)
2025-04-13 14:31:45 - INFO - Testing fragment: rw [inv_mul_cancel]
2025-04-13 14:31:45 - INFO - Original error line:   have h11 : 11 * 12 = 132 := by norm_num  -- Compute 11 × 12
2025-04-13 14:31:47 - INFO - Testing fix: Original errors: 1, Fixed errors: 1
2025-04-13 14:31:47 - INFO - Target error not fixed: no goals to be solved...
2025-04-13 14:31:47 - INFO - Result: False (target error not fixed)
2025-04-13 14:31:47 - INFO - Testing fragment: rw [inv_eq_of_mul]
2025-04-13 14:31:47 - INFO - Original error line:   have h11 : 11 * 12 = 132 := by norm_num  -- Compute 11 × 12
2025-04-13 14:31:49 - INFO - Testing fix: Original errors: 1, Fixed errors: 1
2025-04-13 14:31:49 - INFO - Target error not fixed: no goals to be solved...
2025-04-13 14:31:49 - INFO - Result: False (target error not fixed)
2025-04-13 14:31:49 - INFO - Testing fragment: rw [mul_inv_cancel]
2025-04-13 14:31:49 - INFO - Original error line:   have h11 : 11 * 12 = 132 := by norm_num  -- Compute 11 × 12
2025-04-13 14:31:51 - INFO - Testing fix: Original errors: 1, Fixed errors: 1
2025-04-13 14:31:51 - INFO - Target error not fixed: no goals to be solved...
2025-04-13 14:31:51 - INFO - Result: False (target error not fixed)
2025-04-13 14:31:51 - INFO - Testing fragment: rw [div_self']
2025-04-13 14:31:51 - INFO - Original error line:   have h11 : 11 * 12 = 132 := by norm_num  -- Compute 11 × 12
2025-04-13 14:31:53 - INFO - Testing fix: Original errors: 1, Fixed errors: 1
2025-04-13 14:31:53 - INFO - Target error not fixed: no goals to be solved...
2025-04-13 14:31:53 - INFO - Result: False (target error not fixed)
2025-04-13 14:31:53 - INFO - Testing fragment: rw [inv_mul_cancel_left]
2025-04-13 14:31:53 - INFO - Original error line:   have h11 : 11 * 12 = 132 := by norm_num  -- Compute 11 × 12
2025-04-13 14:31:55 - INFO - Testing fix: Original errors: 1, Fixed errors: 1
2025-04-13 14:31:55 - INFO - Target error not fixed: no goals to be solved...
2025-04-13 14:31:55 - INFO - Result: False (target error not fixed)
2025-04-13 14:31:55 - INFO - Testing fragment: rw [mul_inv_cancel_left]
2025-04-13 14:31:55 - INFO - Original error line:   have h11 : 11 * 12 = 132 := by norm_num  -- Compute 11 × 12
2025-04-13 14:31:57 - INFO - Testing fix: Original errors: 1, Fixed errors: 1
2025-04-13 14:31:57 - INFO - Target error not fixed: no goals to be solved...
2025-04-13 14:31:57 - INFO - Result: False (target error not fixed)
2025-04-13 14:31:57 - INFO - Testing fragment: rw [mul_inv_cancel_right]
2025-04-13 14:31:57 - INFO - Original error line:   have h11 : 11 * 12 = 132 := by norm_num  -- Compute 11 × 12
2025-04-13 14:31:59 - INFO - Testing fix: Original errors: 1, Fixed errors: 1
2025-04-13 14:31:59 - INFO - Target error not fixed: no goals to be solved...
2025-04-13 14:31:59 - INFO - Result: False (target error not fixed)
2025-04-13 14:31:59 - INFO - Testing fragment: rw [mul_div_cancel_right]
2025-04-13 14:31:59 - INFO - Original error line:   have h11 : 11 * 12 = 132 := by norm_num  -- Compute 11 × 12
2025-04-13 14:32:01 - INFO - Testing fix: Original errors: 1, Fixed errors: 1
2025-04-13 14:32:01 - INFO - Target error not fixed: no goals to be solved...
2025-04-13 14:32:01 - INFO - Result: False (target error not fixed)
2025-04-13 14:32:01 - INFO - Testing fragment: rw [inv_mul_cancel_right]
2025-04-13 14:32:01 - INFO - Original error line:   have h11 : 11 * 12 = 132 := by norm_num  -- Compute 11 × 12
2025-04-13 14:32:03 - INFO - Testing fix: Original errors: 1, Fixed errors: 1
2025-04-13 14:32:03 - INFO - Target error not fixed: no goals to be solved...
2025-04-13 14:32:03 - INFO - Result: False (target error not fixed)
2025-04-13 14:32:03 - INFO - Testing fragment: rw [div_mul_cancel]
2025-04-13 14:32:03 - INFO - Original error line:   have h11 : 11 * 12 = 132 := by norm_num  -- Compute 11 × 12
2025-04-13 14:32:05 - INFO - Testing fix: Original errors: 1, Fixed errors: 1
2025-04-13 14:32:05 - INFO - Target error not fixed: no goals to be solved...
2025-04-13 14:32:05 - INFO - Result: False (target error not fixed)
2025-04-13 14:32:05 - INFO - Testing fragment: rw [<- left_distrib]
2025-04-13 14:32:05 - INFO - Original error line:   have h11 : 11 * 12 = 132 := by norm_num  -- Compute 11 × 12
2025-04-13 14:32:07 - INFO - Testing fix: Original errors: 1, Fixed errors: 1
2025-04-13 14:32:07 - INFO - Target error not fixed: no goals to be solved...
2025-04-13 14:32:07 - INFO - Result: False (target error not fixed)
2025-04-13 14:32:07 - INFO - Testing fragment: rw [<- right_distrib]
2025-04-13 14:32:07 - INFO - Original error line:   have h11 : 11 * 12 = 132 := by norm_num  -- Compute 11 × 12
2025-04-13 14:32:09 - INFO - Testing fix: Original errors: 1, Fixed errors: 1
2025-04-13 14:32:09 - INFO - Target error not fixed: no goals to be solved...
2025-04-13 14:32:09 - INFO - Result: False (target error not fixed)
2025-04-13 14:32:09 - INFO - Testing fragment: rw [<- distrib_three_right]
2025-04-13 14:32:09 - INFO - Original error line:   have h11 : 11 * 12 = 132 := by norm_num  -- Compute 11 × 12
2025-04-13 14:32:11 - INFO - Testing fix: Original errors: 1, Fixed errors: 1
2025-04-13 14:32:11 - INFO - Target error not fixed: no goals to be solved...
2025-04-13 14:32:11 - INFO - Result: False (target error not fixed)
2025-04-13 14:32:11 - INFO - Testing fragment: rw [<- add_one_mul]
2025-04-13 14:32:11 - INFO - Original error line:   have h11 : 11 * 12 = 132 := by norm_num  -- Compute 11 × 12
2025-04-13 14:32:13 - INFO - Testing fix: Original errors: 1, Fixed errors: 1
2025-04-13 14:32:13 - INFO - Target error not fixed: no goals to be solved...
2025-04-13 14:32:13 - INFO - Result: False (target error not fixed)
2025-04-13 14:32:13 - INFO - Testing fragment: rw [<- mul_add_one]
2025-04-13 14:32:13 - INFO - Original error line:   have h11 : 11 * 12 = 132 := by norm_num  -- Compute 11 × 12
2025-04-13 14:32:15 - INFO - Testing fix: Original errors: 1, Fixed errors: 1
2025-04-13 14:32:15 - INFO - Target error not fixed: no goals to be solved...
2025-04-13 14:32:15 - INFO - Result: False (target error not fixed)
2025-04-13 14:32:15 - INFO - Testing fragment: rw [<- one_add_mul]
2025-04-13 14:32:15 - INFO - Original error line:   have h11 : 11 * 12 = 132 := by norm_num  -- Compute 11 × 12
2025-04-13 14:32:17 - INFO - Testing fix: Original errors: 1, Fixed errors: 1
2025-04-13 14:32:17 - INFO - Target error not fixed: no goals to be solved...
2025-04-13 14:32:17 - INFO - Result: False (target error not fixed)
2025-04-13 14:32:17 - INFO - Testing fragment: rw [<- mul_one_add]
2025-04-13 14:32:17 - INFO - Original error line:   have h11 : 11 * 12 = 132 := by norm_num  -- Compute 11 × 12
2025-04-13 14:32:19 - INFO - Testing fix: Original errors: 1, Fixed errors: 1
2025-04-13 14:32:19 - INFO - Target error not fixed: no goals to be solved...
2025-04-13 14:32:19 - INFO - Result: False (target error not fixed)
2025-04-13 14:32:19 - INFO - Testing fragment: rw [<- two_mul]
2025-04-13 14:32:19 - INFO - Original error line:   have h11 : 11 * 12 = 132 := by norm_num  -- Compute 11 × 12
2025-04-13 14:32:21 - INFO - Testing fix: Original errors: 1, Fixed errors: 1
2025-04-13 14:32:21 - INFO - Target error not fixed: no goals to be solved...
2025-04-13 14:32:21 - INFO - Result: False (target error not fixed)
2025-04-13 14:32:21 - INFO - Testing fragment: rw [<- mul_two]
2025-04-13 14:32:21 - INFO - Original error line:   have h11 : 11 * 12 = 132 := by norm_num  -- Compute 11 × 12
2025-04-13 14:32:23 - INFO - Testing fix: Original errors: 1, Fixed errors: 1
2025-04-13 14:32:23 - INFO - Target error not fixed: no goals to be solved...
2025-04-13 14:32:23 - INFO - Result: False (target error not fixed)
2025-04-13 14:32:23 - INFO - Testing fragment: rw [<- mul_boole]
2025-04-13 14:32:23 - INFO - Original error line:   have h11 : 11 * 12 = 132 := by norm_num  -- Compute 11 × 12
2025-04-13 14:32:25 - INFO - Testing fix: Original errors: 1, Fixed errors: 1
2025-04-13 14:32:25 - INFO - Target error not fixed: no goals to be solved...
2025-04-13 14:32:25 - INFO - Result: False (target error not fixed)
2025-04-13 14:32:25 - INFO - Testing fragment: rw [<- boole_mul]
2025-04-13 14:32:25 - INFO - Original error line:   have h11 : 11 * 12 = 132 := by norm_num  -- Compute 11 × 12
2025-04-13 14:32:27 - INFO - Testing fix: Original errors: 1, Fixed errors: 1
2025-04-13 14:32:27 - INFO - Target error not fixed: no goals to be solved...
2025-04-13 14:32:27 - INFO - Result: False (target error not fixed)
2025-04-13 14:32:27 - INFO - Testing fragment: rw [<- add_mul_self_eq]
2025-04-13 14:32:27 - INFO - Original error line:   have h11 : 11 * 12 = 132 := by norm_num  -- Compute 11 × 12
2025-04-13 14:32:29 - INFO - Testing fix: Original errors: 1, Fixed errors: 1
2025-04-13 14:32:29 - INFO - Target error not fixed: no goals to be solved...
2025-04-13 14:32:29 - INFO - Result: False (target error not fixed)
2025-04-13 14:32:29 - INFO - Testing fragment: rw [<- neg_mul]
2025-04-13 14:32:29 - INFO - Original error line:   have h11 : 11 * 12 = 132 := by norm_num  -- Compute 11 × 12
2025-04-13 14:32:31 - INFO - Testing fix: Original errors: 1, Fixed errors: 1
2025-04-13 14:32:31 - INFO - Target error not fixed: no goals to be solved...
2025-04-13 14:32:31 - INFO - Result: False (target error not fixed)
2025-04-13 14:32:31 - INFO - Testing fragment: rw [<- mul_neg]
2025-04-13 14:32:31 - INFO - Original error line:   have h11 : 11 * 12 = 132 := by norm_num  -- Compute 11 × 12
2025-04-13 14:32:33 - INFO - Testing fix: Original errors: 1, Fixed errors: 1
2025-04-13 14:32:33 - INFO - Target error not fixed: no goals to be solved...
2025-04-13 14:32:33 - INFO - Result: False (target error not fixed)
2025-04-13 14:32:33 - INFO - Testing fragment: rw [<- neg_mul_neg]
2025-04-13 14:32:33 - INFO - Original error line:   have h11 : 11 * 12 = 132 := by norm_num  -- Compute 11 × 12
2025-04-13 14:32:35 - INFO - Testing fix: Original errors: 1, Fixed errors: 1
2025-04-13 14:32:35 - INFO - Target error not fixed: no goals to be solved...
2025-04-13 14:32:35 - INFO - Result: False (target error not fixed)
2025-04-13 14:32:35 - INFO - Testing fragment: rw [<- neg_mul_eq_neg_mul]
2025-04-13 14:32:35 - INFO - Original error line:   have h11 : 11 * 12 = 132 := by norm_num  -- Compute 11 × 12
2025-04-13 14:32:37 - INFO - Testing fix: Original errors: 1, Fixed errors: 1
2025-04-13 14:32:37 - INFO - Target error not fixed: no goals to be solved...
2025-04-13 14:32:37 - INFO - Result: False (target error not fixed)
2025-04-13 14:32:37 - INFO - Testing fragment: rw [<- neg_mul_eq_mul_neg]
2025-04-13 14:32:37 - INFO - Original error line:   have h11 : 11 * 12 = 132 := by norm_num  -- Compute 11 × 12
2025-04-13 14:32:39 - INFO - Testing fix: Original errors: 1, Fixed errors: 1
2025-04-13 14:32:39 - INFO - Target error not fixed: no goals to be solved...
2025-04-13 14:32:39 - INFO - Result: False (target error not fixed)
2025-04-13 14:32:39 - INFO - Testing fragment: rw [<- neg_mul_comm]
2025-04-13 14:32:39 - INFO - Original error line:   have h11 : 11 * 12 = 132 := by norm_num  -- Compute 11 × 12
2025-04-13 14:32:41 - INFO - Testing fix: Original errors: 1, Fixed errors: 1
2025-04-13 14:32:41 - INFO - Target error not fixed: no goals to be solved...
2025-04-13 14:32:41 - INFO - Result: False (target error not fixed)
2025-04-13 14:32:41 - INFO - Testing fragment: rw [<- neg_eq_neg_one_mul]
2025-04-13 14:32:41 - INFO - Original error line:   have h11 : 11 * 12 = 132 := by norm_num  -- Compute 11 × 12
2025-04-13 14:32:43 - INFO - Testing fix: Original errors: 1, Fixed errors: 1
2025-04-13 14:32:43 - INFO - Target error not fixed: no goals to be solved...
2025-04-13 14:32:43 - INFO - Result: False (target error not fixed)
2025-04-13 14:32:43 - INFO - Testing fragment: rw [<- mul_neg_one]
2025-04-13 14:32:43 - INFO - Original error line:   have h11 : 11 * 12 = 132 := by norm_num  -- Compute 11 × 12
2025-04-13 14:32:45 - INFO - Testing fix: Original errors: 1, Fixed errors: 1
2025-04-13 14:32:45 - INFO - Target error not fixed: no goals to be solved...
2025-04-13 14:32:45 - INFO - Result: False (target error not fixed)
2025-04-13 14:32:45 - INFO - Testing fragment: rw [<- neg_one_mul]
2025-04-13 14:32:45 - INFO - Original error line:   have h11 : 11 * 12 = 132 := by norm_num  -- Compute 11 × 12
2025-04-13 14:32:47 - INFO - Testing fix: Original errors: 1, Fixed errors: 1
2025-04-13 14:32:47 - INFO - Target error not fixed: no goals to be solved...
2025-04-13 14:32:47 - INFO - Result: False (target error not fixed)
2025-04-13 14:32:47 - INFO - Testing fragment: rw [<- mul_sub_left_distrib]
2025-04-13 14:32:47 - INFO - Original error line:   have h11 : 11 * 12 = 132 := by norm_num  -- Compute 11 × 12
2025-04-13 14:32:49 - INFO - Testing fix: Original errors: 1, Fixed errors: 1
2025-04-13 14:32:49 - INFO - Target error not fixed: no goals to be solved...
2025-04-13 14:32:49 - INFO - Result: False (target error not fixed)
2025-04-13 14:32:49 - INFO - Testing fragment: rw [<- mul_sub_right_distrib]
2025-04-13 14:32:49 - INFO - Original error line:   have h11 : 11 * 12 = 132 := by norm_num  -- Compute 11 × 12
2025-04-13 14:32:51 - INFO - Testing fix: Original errors: 1, Fixed errors: 1
2025-04-13 14:32:51 - INFO - Target error not fixed: no goals to be solved...
2025-04-13 14:32:51 - INFO - Result: False (target error not fixed)
2025-04-13 14:32:51 - INFO - Testing fragment: rw [<- sub_one_mul]
2025-04-13 14:32:51 - INFO - Original error line:   have h11 : 11 * 12 = 132 := by norm_num  -- Compute 11 × 12
2025-04-13 14:32:53 - INFO - Testing fix: Original errors: 1, Fixed errors: 1
2025-04-13 14:32:53 - INFO - Target error not fixed: no goals to be solved...
2025-04-13 14:32:53 - INFO - Result: False (target error not fixed)
2025-04-13 14:32:53 - INFO - Testing fragment: rw [<- mul_sub_one]
2025-04-13 14:32:53 - INFO - Original error line:   have h11 : 11 * 12 = 132 := by norm_num  -- Compute 11 × 12
2025-04-13 14:32:55 - INFO - Testing fix: Original errors: 1, Fixed errors: 1
2025-04-13 14:32:55 - INFO - Target error not fixed: no goals to be solved...
2025-04-13 14:32:55 - INFO - Result: False (target error not fixed)
2025-04-13 14:32:55 - INFO - Testing fragment: rw [<- one_sub_mul]
2025-04-13 14:32:55 - INFO - Original error line:   have h11 : 11 * 12 = 132 := by norm_num  -- Compute 11 × 12
2025-04-13 14:32:57 - INFO - Testing fix: Original errors: 1, Fixed errors: 1
2025-04-13 14:32:57 - INFO - Target error not fixed: no goals to be solved...
2025-04-13 14:32:57 - INFO - Result: False (target error not fixed)
2025-04-13 14:32:57 - INFO - Testing fragment: rw [<- mul_one_sub]
2025-04-13 14:32:57 - INFO - Original error line:   have h11 : 11 * 12 = 132 := by norm_num  -- Compute 11 × 12
2025-04-13 14:32:59 - INFO - Testing fix: Original errors: 1, Fixed errors: 1
2025-04-13 14:32:59 - INFO - Target error not fixed: no goals to be solved...
2025-04-13 14:32:59 - INFO - Result: False (target error not fixed)
2025-04-13 14:32:59 - INFO - Testing fragment: rw [<- mul_left_cancel]
2025-04-13 14:32:59 - INFO - Original error line:   have h11 : 11 * 12 = 132 := by norm_num  -- Compute 11 × 12
2025-04-13 14:33:01 - INFO - Testing fix: Original errors: 1, Fixed errors: 1
2025-04-13 14:33:01 - INFO - Target error not fixed: no goals to be solved...
2025-04-13 14:33:01 - INFO - Result: False (target error not fixed)
2025-04-13 14:33:01 - INFO - Testing fragment: rw [<- mul_left_cancel_iff]
2025-04-13 14:33:01 - INFO - Original error line:   have h11 : 11 * 12 = 132 := by norm_num  -- Compute 11 × 12
2025-04-13 14:33:03 - INFO - Testing fix: Original errors: 1, Fixed errors: 1
2025-04-13 14:33:03 - INFO - Target error not fixed: no goals to be solved...
2025-04-13 14:33:03 - INFO - Result: False (target error not fixed)
2025-04-13 14:33:03 - INFO - Testing fragment: rw [<- mul_right_injective]
2025-04-13 14:33:03 - INFO - Original error line:   have h11 : 11 * 12 = 132 := by norm_num  -- Compute 11 × 12
2025-04-13 14:33:05 - INFO - Testing fix: Original errors: 1, Fixed errors: 1
2025-04-13 14:33:05 - INFO - Target error not fixed: no goals to be solved...
2025-04-13 14:33:05 - INFO - Result: False (target error not fixed)
2025-04-13 14:33:05 - INFO - Testing fragment: rw [<- mul_right_inj]
2025-04-13 14:33:05 - INFO - Original error line:   have h11 : 11 * 12 = 132 := by norm_num  -- Compute 11 × 12
2025-04-13 14:33:07 - INFO - Testing fix: Original errors: 1, Fixed errors: 1
2025-04-13 14:33:07 - INFO - Target error not fixed: no goals to be solved...
2025-04-13 14:33:07 - INFO - Result: False (target error not fixed)
2025-04-13 14:33:07 - INFO - Testing fragment: rw [<- mul_ne_mul_right]
2025-04-13 14:33:07 - INFO - Original error line:   have h11 : 11 * 12 = 132 := by norm_num  -- Compute 11 × 12
2025-04-13 14:33:09 - INFO - Testing fix: Original errors: 1, Fixed errors: 1
2025-04-13 14:33:09 - INFO - Target error not fixed: no goals to be solved...
2025-04-13 14:33:09 - INFO - Result: False (target error not fixed)
2025-04-13 14:33:09 - INFO - Testing fragment: rw [<- mul_right_cancel]
2025-04-13 14:33:09 - INFO - Original error line:   have h11 : 11 * 12 = 132 := by norm_num  -- Compute 11 × 12
2025-04-13 14:33:11 - INFO - Testing fix: Original errors: 1, Fixed errors: 1
2025-04-13 14:33:11 - INFO - Target error not fixed: no goals to be solved...
2025-04-13 14:33:11 - INFO - Result: False (target error not fixed)
2025-04-13 14:33:11 - INFO - Testing fragment: rw [<- mul_right_cancel_iff]
2025-04-13 14:33:11 - INFO - Original error line:   have h11 : 11 * 12 = 132 := by norm_num  -- Compute 11 × 12
2025-04-13 14:33:13 - INFO - Testing fix: Original errors: 1, Fixed errors: 1
2025-04-13 14:33:13 - INFO - Target error not fixed: no goals to be solved...
2025-04-13 14:33:13 - INFO - Result: False (target error not fixed)
2025-04-13 14:33:13 - INFO - Testing fragment: rw [<- mul_left_injective]
2025-04-13 14:33:13 - INFO - Original error line:   have h11 : 11 * 12 = 132 := by norm_num  -- Compute 11 × 12
2025-04-13 14:33:15 - INFO - Testing fix: Original errors: 1, Fixed errors: 1
2025-04-13 14:33:15 - INFO - Target error not fixed: no goals to be solved...
2025-04-13 14:33:15 - INFO - Result: False (target error not fixed)
2025-04-13 14:33:15 - INFO - Testing fragment: rw [<- mul_left_inj]
2025-04-13 14:33:15 - INFO - Original error line:   have h11 : 11 * 12 = 132 := by norm_num  -- Compute 11 × 12
2025-04-13 14:33:17 - INFO - Testing fix: Original errors: 1, Fixed errors: 1
2025-04-13 14:33:17 - INFO - Target error not fixed: no goals to be solved...
2025-04-13 14:33:17 - INFO - Result: False (target error not fixed)
2025-04-13 14:33:17 - INFO - Testing fragment: rw [<- mul_ne_mul_left]
2025-04-13 14:33:17 - INFO - Original error line:   have h11 : 11 * 12 = 132 := by norm_num  -- Compute 11 × 12
2025-04-13 14:33:19 - INFO - Testing fix: Original errors: 1, Fixed errors: 1
2025-04-13 14:33:19 - INFO - Target error not fixed: no goals to be solved...
2025-04-13 14:33:19 - INFO - Result: False (target error not fixed)
2025-04-13 14:33:19 - INFO - Testing fragment: rw [<- mul_assoc]
2025-04-13 14:33:19 - INFO - Original error line:   have h11 : 11 * 12 = 132 := by norm_num  -- Compute 11 × 12
2025-04-13 14:33:21 - INFO - Testing fix: Original errors: 1, Fixed errors: 1
2025-04-13 14:33:21 - INFO - Target error not fixed: no goals to be solved...
2025-04-13 14:33:21 - INFO - Result: False (target error not fixed)
2025-04-13 14:33:21 - INFO - Testing fragment: rw [<- mul_comm]
2025-04-13 14:33:21 - INFO - Original error line:   have h11 : 11 * 12 = 132 := by norm_num  -- Compute 11 × 12
2025-04-13 14:33:55 - INFO - Testing fix: Original errors: 1, Fixed errors: 1
2025-04-13 14:33:55 - INFO - Target error not fixed: no goals to be solved...
2025-04-13 14:33:55 - INFO - Result: False (target error not fixed)
2025-04-13 14:33:55 - INFO - Testing fragment: rw [<- MulOneClass]
2025-04-13 14:33:55 - INFO - Original error line:   have h11 : 11 * 12 = 132 := by norm_num  -- Compute 11 × 12
2025-04-13 14:38:42 - INFO - Synthesis failed: ('Execution failed', 'Execution timed out after 200.0 seconds. Partial output:\n{"cmd": "/-- \\nTim is doing a cakewalk with $11$ steps. He takes his first step on step $1$ and takes a total of \\n139 steps, walking in a circle (so that after the 11th step he reaches the first step again). \\nWhich step of the cakewalk does he end on? Show that it is 7.\\n\\nMathematical explanation:\\n- The cakewalk has 11 steps, so it\'s equivalent to arithmetic modulo 11.\\n- Starting at step 1, taking 139 steps means we need to compute (1 + 139) mod 11.\\n- However, since the first step is already on position 1, we can think of it as adding 138 steps.\\n- Equivalently, we can compute 139 mod 11 directly to find the offset from the starting position.\\n- 11 × 12 = 132, and 139 - 132 = 7, so 139 mod 11 = 7.\\n-/\\ntheorem mathd_numbertheory_200 : 139 % 11 = 7 := by\\n  -- First approach: direct computation using norm_num\\n  -- This will automatically compute the modulus\\n  norm_num\\n  \\n  -- Alternative approach: step-by-step proof showing the mathematical reasoning\\n  have h11 : 11 * 12 = 132 := by rw [<- MulOneClass]\\n  have hdiff : 139 - 132 = 7 := by norm_num  -- Compute remainder\\n  -- The theorem follows from the division algorithm:\\n  -- 139 = 11 × 12 + 7, with 0 ≤ 7 < 11\\n  rw [← hdiff]\\n  -- Show that 132 is indeed 11 × 12\\n  rw [h11]\\n  -- Apply the modulus definition\\n  exact Nat.mod_eq_of_lt (by norm_num)  -- Prove 7 < 11", "env": 0}\r\n\r\n')
2025-04-13 14:38:42 - INFO - Failed attempt time: 556.89 seconds
2025-04-13 14:38:42 - INFO - ❌ Could not generate fix for error at line 19
2025-04-13 14:41:20 - INFO - 
===== Fix attempt completed =====
2025-04-13 14:42:53 - INFO - Original errors: 1
2025-04-13 14:42:53 - INFO - Fixed errors: 0
2025-04-13 14:42:53 - INFO - Failed errors: 1
2025-04-13 14:42:53 - INFO - Remaining errors: 1
2025-04-13 14:42:53 - INFO - Total time: 684.94 seconds
2025-04-13 14:42:53 - INFO - 
Final fixed code:
2025-04-13 14:42:53 - INFO - ----------------------------------------
2025-04-13 14:42:53 - INFO - /-- 
Tim is doing a cakewalk with $11$ steps. He takes his first step on step $1$ and takes a total of 
139 steps, walking in a circle (so that after the 11th step he reaches the first step again). 
Which step of the cakewalk does he end on? Show that it is 7.

Mathematical explanation:
- The cakewalk has 11 steps, so it's equivalent to arithmetic modulo 11.
- Starting at step 1, taking 139 steps means we need to compute (1 + 139) mod 11.
- However, since the first step is already on position 1, we can think of it as adding 138 steps.
- Equivalently, we can compute 139 mod 11 directly to find the offset from the starting position.
- 11 × 12 = 132, and 139 - 132 = 7, so 139 mod 11 = 7.
-/
theorem mathd_numbertheory_200 : 139 % 11 = 7 := by
  -- First approach: direct computation using norm_num
  -- This will automatically compute the modulus
  norm_num
  
  -- Alternative approach: step-by-step proof showing the mathematical reasoning
  have h11 : 11 * 12 = 132 := by norm_num  -- Compute 11 × 12
  have hdiff : 139 - 132 = 7 := by norm_num  -- Compute remainder
  -- The theorem follows from the division algorithm:
  -- 139 = 11 × 12 + 7, with 0 ≤ 7 < 11
  rw [← hdiff]
  -- Show that 132 is indeed 11 × 12
  rw [h11]
  -- Apply the modulus definition
  exact Nat.mod_eq_of_lt (by norm_num)  -- Prove 7 < 11
2025-04-13 14:42:53 - INFO - ----------------------------------------
2025-04-13 14:42:53 - INFO - 
Detailed error repair report:
2025-04-13 14:42:53 - INFO - Original code error count: 1
❌ Fixed error 1/1: Could not generate fix for error at line 19 «no_goals_to_solve» (after 556.89s)

=== Fix statistics ===
Original error count: 1
Fixed errors: 0 (Fix rate: 0.0000)
Failed errors: 1
Remaining errors: 1
Total time: 684.94 seconds

=== Failed fix details ===

Failed fix 1:
   Line: 19
   Error type: no_goals_to_solve
   Original error message: no goals to be solved...
   Failure reason: Could not generate fix
   Time: 556.89 seconds
2025-04-13 14:42:53 - INFO - 
Fixed code saved to: ./minif2f/lean_fixed/51_fixed.lean
2025-04-13 14:42:53 - INFO - JSON log saved to: ./minif2f/lean_fixed/51_fix_log.json
2025-04-13 14:42:53 - INFO - 
===== LOG FILE LOCATION =====
2025-04-13 14:42:53 - INFO - Detailed log file is available at: ./minif2f/lean_fixed/51.log
2025-04-13 14:42:53 - INFO - ===============================
