2025-04-13 14:30:51 - INFO - Log file initialized at 2025-04-13T14:30:51.436939
2025-04-13 14:30:51 - INFO - ===== LOG FILE LOCATION =====
2025-04-13 14:30:51 - INFO - Detailed log file created at: ./minif2f/lean_fixed/57.log
2025-04-13 14:30:51 - INFO - ===============================
2025-04-13 14:30:51 - INFO - Original code:
2025-04-13 14:30:51 - INFO - ----------------------------------------
2025-04-13 14:30:51 - INFO - import Mathlib
import Aesop

set_option maxHeartbeats 0

open BigOperators Real Nat Topology Rat

/-- For each positive integer $n$, let $n!$ denote the product $1\cdot 2\cdot 3\cdot\,\cdots\,\cdot (n-1)\cdot n$.

What is the remainder when $9!$ is divided by $10$? Show that it is 0.-/
theorem mathd_numbertheory_739 : 9! % 10 = 0 := by
  -- Compute 9! explicitly
  have h9fact : 9! = 362880 := by rfl -- 9! = 362880
  -- Show that 362880 is divisible by 10
  have hdiv : 10 ∣ 362880 := by
    -- Factorize 362880 / 10 = 36288, so 362880 = 10 * 36288
    use 36288
    ring
  -- The remainder when a number divisible by 10 is divided by 10 is 0
  exact Nat.mod_eq_zero_of_dvd hdiv
2025-04-13 14:30:51 - INFO - ----------------------------------------
2025-04-13 14:30:51 - INFO - 
Checking original code for all errors...
2025-04-13 14:30:56 - INFO - Original code contains 1 errors:
2025-04-13 14:30:56 - INFO - Error 1: line 11, type: no_goals_to_solve, message: no goals to be solved...
2025-04-13 14:30:56 - INFO - 
Starting multi-error continuous repair process...
2025-04-13 14:30:56 - INFO - 
===== Starting to fix all errors =====
2025-04-13 14:30:57 - INFO - 
Found 1 original errors:
2025-04-13 14:30:57 - INFO - Error 1: line 11, type: no_goals_to_solve, message: no goals to be solved...
2025-04-13 14:30:57 - INFO - 
Trying to fix error 1/1: line 11, type: no_goals_to_solve
2025-04-13 14:30:57 - INFO - Error message: no goals to be solved...
2025-04-13 14:30:57 - INFO - Removed header content, remaining 13 lines of code
2025-04-13 14:30:57 - INFO - Using specified target error line: 11
2025-04-13 14:30:58 - INFO - Found error at specified line: no goals to be solved
2025-04-13 14:30:58 - INFO - Error at line 11: no goals to be solved
2025-04-13 14:30:58 - INFO - 
==================================================
2025-04-13 14:30:58 - INFO - Code prepared, starting synthesis
2025-04-13 14:30:58 - INFO - Before part: /-- For each positive integer $n$, let $n!$ denote the product $1\cdot 2\cdot 3\cdot\,\cdots\,\cdot (n-1)\cdot n$.

What is the remainder when $9!$ is divided by $10$? Show that it is 0.-/
theorem mathd_numbertheory_739 : 9! % 10 = 0 := by
  -- Compute 9! explicitly
  have h9fact : 9! = 362880 := by rfl -- 9! = 362880
  -- Show that 362880 is divisible by 10
  have hdiv : 10 ∣ 362880 := by
    -- Factorize 362880 / 10 = 36288, so 362880 = 10 * 36288
    use 36288
2025-04-13 14:30:58 - INFO - Error line:     ring
2025-04-13 14:30:58 - INFO - After part: -- The remainder when a number divisible by 10 is divided by 10 is 0
  exact Nat.mod_eq_zero_of_dvd hdiv
2025-04-13 14:30:58 - INFO - ==================================================

2025-04-13 14:30:59 - INFO - Testing fragment: rw [left_distrib]
2025-04-13 14:30:59 - INFO - Original error line:     ring
2025-04-13 14:31:01 - INFO - Testing fix: Original errors: 1, Fixed errors: 1
2025-04-13 14:31:01 - INFO - Result: False (introduced 1 new errors)
2025-04-13 14:31:01 - DEBUG - === New errors detail ===
2025-04-13 14:31:01 - DEBUG - New Error 1: line 11, type: no_goals_to_solve, message: no goals to be solved
2025-04-13 14:31:01 - INFO - Testing fragment: rw [right_distrib]
2025-04-13 14:31:01 - INFO - Original error line:     ring
2025-04-13 14:31:03 - INFO - Testing fix: Original errors: 1, Fixed errors: 1
2025-04-13 14:31:03 - INFO - Result: False (introduced 1 new errors)
2025-04-13 14:31:03 - DEBUG - === New errors detail ===
2025-04-13 14:31:03 - DEBUG - New Error 1: line 11, type: no_goals_to_solve, message: no goals to be solved
2025-04-13 14:31:03 - INFO - Testing fragment: rw [distrib_three_right]
2025-04-13 14:31:03 - INFO - Original error line:     ring
2025-04-13 14:31:05 - INFO - Testing fix: Original errors: 1, Fixed errors: 1
2025-04-13 14:31:05 - INFO - Result: False (introduced 1 new errors)
2025-04-13 14:31:05 - DEBUG - === New errors detail ===
2025-04-13 14:31:05 - DEBUG - New Error 1: line 11, type: no_goals_to_solve, message: no goals to be solved
2025-04-13 14:31:05 - INFO - Testing fragment: rw [add_one_mul]
2025-04-13 14:31:05 - INFO - Original error line:     ring
2025-04-13 14:31:07 - INFO - Testing fix: Original errors: 1, Fixed errors: 1
2025-04-13 14:31:07 - INFO - Result: False (introduced 1 new errors)
2025-04-13 14:31:07 - DEBUG - === New errors detail ===
2025-04-13 14:31:07 - DEBUG - New Error 1: line 11, type: no_goals_to_solve, message: no goals to be solved
2025-04-13 14:31:07 - INFO - Testing fragment: rw [mul_add_one]
2025-04-13 14:31:07 - INFO - Original error line:     ring
2025-04-13 14:31:09 - INFO - Testing fix: Original errors: 1, Fixed errors: 1
2025-04-13 14:31:09 - INFO - Result: False (introduced 1 new errors)
2025-04-13 14:31:09 - DEBUG - === New errors detail ===
2025-04-13 14:31:09 - DEBUG - New Error 1: line 11, type: no_goals_to_solve, message: no goals to be solved
2025-04-13 14:31:09 - INFO - Testing fragment: rw [one_add_mul]
2025-04-13 14:31:09 - INFO - Original error line:     ring
2025-04-13 14:31:11 - INFO - Testing fix: Original errors: 1, Fixed errors: 1
2025-04-13 14:31:11 - INFO - Result: False (introduced 1 new errors)
2025-04-13 14:31:11 - DEBUG - === New errors detail ===
2025-04-13 14:31:11 - DEBUG - New Error 1: line 11, type: no_goals_to_solve, message: no goals to be solved
2025-04-13 14:31:11 - INFO - Testing fragment: rw [mul_one_add]
2025-04-13 14:31:11 - INFO - Original error line:     ring
2025-04-13 14:31:13 - INFO - Testing fix: Original errors: 1, Fixed errors: 1
2025-04-13 14:31:13 - INFO - Result: False (introduced 1 new errors)
2025-04-13 14:31:13 - DEBUG - === New errors detail ===
2025-04-13 14:31:13 - DEBUG - New Error 1: line 11, type: no_goals_to_solve, message: no goals to be solved
2025-04-13 14:31:13 - INFO - Testing fragment: rw [two_mul]
2025-04-13 14:31:13 - INFO - Original error line:     ring
2025-04-13 14:31:15 - INFO - Testing fix: Original errors: 1, Fixed errors: 1
2025-04-13 14:31:15 - INFO - Result: False (introduced 1 new errors)
2025-04-13 14:31:15 - DEBUG - === New errors detail ===
2025-04-13 14:31:15 - DEBUG - New Error 1: line 11, type: no_goals_to_solve, message: no goals to be solved
2025-04-13 14:31:15 - INFO - Testing fragment: rw [mul_two]
2025-04-13 14:31:15 - INFO - Original error line:     ring
2025-04-13 14:31:17 - INFO - Testing fix: Original errors: 1, Fixed errors: 1
2025-04-13 14:31:17 - INFO - Result: False (introduced 1 new errors)
2025-04-13 14:31:17 - DEBUG - === New errors detail ===
2025-04-13 14:31:17 - DEBUG - New Error 1: line 11, type: no_goals_to_solve, message: no goals to be solved
2025-04-13 14:31:17 - INFO - Testing fragment: rw [mul_boole]
2025-04-13 14:31:17 - INFO - Original error line:     ring
2025-04-13 14:31:19 - INFO - Testing fix: Original errors: 1, Fixed errors: 1
2025-04-13 14:31:19 - INFO - Result: False (introduced 1 new errors)
2025-04-13 14:31:19 - DEBUG - === New errors detail ===
2025-04-13 14:31:19 - DEBUG - New Error 1: line 11, type: no_goals_to_solve, message: no goals to be solved
2025-04-13 14:31:19 - INFO - Testing fragment: rw [boole_mul]
2025-04-13 14:31:19 - INFO - Original error line:     ring
2025-04-13 14:31:21 - INFO - Testing fix: Original errors: 1, Fixed errors: 1
2025-04-13 14:31:21 - INFO - Result: False (introduced 1 new errors)
2025-04-13 14:31:21 - DEBUG - === New errors detail ===
2025-04-13 14:31:21 - DEBUG - New Error 1: line 11, type: no_goals_to_solve, message: no goals to be solved
2025-04-13 14:31:21 - INFO - Testing fragment: rw [add_mul_self_eq]
2025-04-13 14:31:21 - INFO - Original error line:     ring
2025-04-13 14:31:23 - INFO - Testing fix: Original errors: 1, Fixed errors: 1
2025-04-13 14:31:23 - INFO - Result: False (introduced 1 new errors)
2025-04-13 14:31:23 - DEBUG - === New errors detail ===
2025-04-13 14:31:23 - DEBUG - New Error 1: line 11, type: no_goals_to_solve, message: no goals to be solved
2025-04-13 14:31:23 - INFO - Testing fragment: rw [neg_mul]
2025-04-13 14:31:23 - INFO - Original error line:     ring
2025-04-13 14:31:25 - INFO - Testing fix: Original errors: 1, Fixed errors: 1
2025-04-13 14:31:25 - INFO - Result: False (introduced 1 new errors)
2025-04-13 14:31:25 - DEBUG - === New errors detail ===
2025-04-13 14:31:25 - DEBUG - New Error 1: line 11, type: no_goals_to_solve, message: no goals to be solved
2025-04-13 14:31:25 - INFO - Testing fragment: rw [mul_neg]
2025-04-13 14:31:25 - INFO - Original error line:     ring
2025-04-13 14:31:27 - INFO - Testing fix: Original errors: 1, Fixed errors: 1
2025-04-13 14:31:27 - INFO - Result: False (introduced 1 new errors)
2025-04-13 14:31:27 - DEBUG - === New errors detail ===
2025-04-13 14:31:27 - DEBUG - New Error 1: line 11, type: no_goals_to_solve, message: no goals to be solved
2025-04-13 14:31:27 - INFO - Testing fragment: rw [neg_mul_neg]
2025-04-13 14:31:27 - INFO - Original error line:     ring
2025-04-13 14:31:29 - INFO - Testing fix: Original errors: 1, Fixed errors: 1
2025-04-13 14:31:29 - INFO - Result: False (introduced 1 new errors)
2025-04-13 14:31:29 - DEBUG - === New errors detail ===
2025-04-13 14:31:29 - DEBUG - New Error 1: line 11, type: no_goals_to_solve, message: no goals to be solved
2025-04-13 14:31:29 - INFO - Testing fragment: rw [neg_mul_eq_neg_mul]
2025-04-13 14:31:29 - INFO - Original error line:     ring
2025-04-13 14:31:31 - INFO - Testing fix: Original errors: 1, Fixed errors: 1
2025-04-13 14:31:31 - INFO - Result: False (introduced 1 new errors)
2025-04-13 14:31:31 - DEBUG - === New errors detail ===
2025-04-13 14:31:31 - DEBUG - New Error 1: line 11, type: no_goals_to_solve, message: no goals to be solved
2025-04-13 14:31:31 - INFO - Testing fragment: rw [neg_mul_eq_mul_neg]
2025-04-13 14:31:31 - INFO - Original error line:     ring
2025-04-13 14:31:33 - INFO - Testing fix: Original errors: 1, Fixed errors: 1
2025-04-13 14:31:33 - INFO - Result: False (introduced 1 new errors)
2025-04-13 14:31:33 - DEBUG - === New errors detail ===
2025-04-13 14:31:33 - DEBUG - New Error 1: line 11, type: no_goals_to_solve, message: no goals to be solved
2025-04-13 14:31:33 - INFO - Testing fragment: rw [neg_mul_comm]
2025-04-13 14:31:33 - INFO - Original error line:     ring
2025-04-13 14:31:35 - INFO - Testing fix: Original errors: 1, Fixed errors: 1
2025-04-13 14:31:35 - INFO - Result: False (introduced 1 new errors)
2025-04-13 14:31:35 - DEBUG - === New errors detail ===
2025-04-13 14:31:35 - DEBUG - New Error 1: line 11, type: no_goals_to_solve, message: no goals to be solved
2025-04-13 14:31:35 - INFO - Testing fragment: rw [neg_eq_neg_one_mul]
2025-04-13 14:31:35 - INFO - Original error line:     ring
2025-04-13 14:31:37 - INFO - Testing fix: Original errors: 1, Fixed errors: 1
2025-04-13 14:31:37 - INFO - Result: False (introduced 1 new errors)
2025-04-13 14:31:37 - DEBUG - === New errors detail ===
2025-04-13 14:31:37 - DEBUG - New Error 1: line 11, type: no_goals_to_solve, message: no goals to be solved
2025-04-13 14:31:37 - INFO - Testing fragment: rw [mul_neg_one]
2025-04-13 14:31:37 - INFO - Original error line:     ring
2025-04-13 14:31:39 - INFO - Testing fix: Original errors: 1, Fixed errors: 1
2025-04-13 14:31:39 - INFO - Result: False (introduced 1 new errors)
2025-04-13 14:31:39 - DEBUG - === New errors detail ===
2025-04-13 14:31:39 - DEBUG - New Error 1: line 11, type: no_goals_to_solve, message: no goals to be solved
2025-04-13 14:31:39 - INFO - Testing fragment: rw [neg_one_mul]
2025-04-13 14:31:39 - INFO - Original error line:     ring
2025-04-13 14:31:41 - INFO - Testing fix: Original errors: 1, Fixed errors: 1
2025-04-13 14:31:41 - INFO - Result: False (introduced 1 new errors)
2025-04-13 14:31:41 - DEBUG - === New errors detail ===
2025-04-13 14:31:41 - DEBUG - New Error 1: line 11, type: no_goals_to_solve, message: no goals to be solved
2025-04-13 14:31:41 - INFO - Testing fragment: rw [mul_sub_left_distrib]
2025-04-13 14:31:41 - INFO - Original error line:     ring
2025-04-13 14:31:43 - INFO - Testing fix: Original errors: 1, Fixed errors: 1
2025-04-13 14:31:43 - INFO - Result: False (introduced 1 new errors)
2025-04-13 14:31:43 - DEBUG - === New errors detail ===
2025-04-13 14:31:43 - DEBUG - New Error 1: line 11, type: no_goals_to_solve, message: no goals to be solved
2025-04-13 14:31:43 - INFO - Testing fragment: rw [mul_sub_right_distrib]
2025-04-13 14:31:43 - INFO - Original error line:     ring
2025-04-13 14:31:45 - INFO - Testing fix: Original errors: 1, Fixed errors: 1
2025-04-13 14:31:45 - INFO - Result: False (introduced 1 new errors)
2025-04-13 14:31:45 - DEBUG - === New errors detail ===
2025-04-13 14:31:45 - DEBUG - New Error 1: line 11, type: no_goals_to_solve, message: no goals to be solved
2025-04-13 14:31:45 - INFO - Testing fragment: rw [sub_one_mul]
2025-04-13 14:31:45 - INFO - Original error line:     ring
2025-04-13 14:31:47 - INFO - Testing fix: Original errors: 1, Fixed errors: 1
2025-04-13 14:31:47 - INFO - Result: False (introduced 1 new errors)
2025-04-13 14:31:47 - DEBUG - === New errors detail ===
2025-04-13 14:31:47 - DEBUG - New Error 1: line 11, type: no_goals_to_solve, message: no goals to be solved
2025-04-13 14:31:47 - INFO - Testing fragment: rw [mul_sub_one]
2025-04-13 14:31:47 - INFO - Original error line:     ring
2025-04-13 14:31:49 - INFO - Testing fix: Original errors: 1, Fixed errors: 1
2025-04-13 14:31:49 - INFO - Result: False (introduced 1 new errors)
2025-04-13 14:31:49 - DEBUG - === New errors detail ===
2025-04-13 14:31:49 - DEBUG - New Error 1: line 11, type: no_goals_to_solve, message: no goals to be solved
2025-04-13 14:31:49 - INFO - Testing fragment: rw [one_sub_mul]
2025-04-13 14:31:49 - INFO - Original error line:     ring
2025-04-13 14:31:51 - INFO - Testing fix: Original errors: 1, Fixed errors: 1
2025-04-13 14:31:51 - INFO - Result: False (introduced 1 new errors)
2025-04-13 14:31:51 - DEBUG - === New errors detail ===
2025-04-13 14:31:51 - DEBUG - New Error 1: line 11, type: no_goals_to_solve, message: no goals to be solved
2025-04-13 14:31:51 - INFO - Testing fragment: rw [mul_one_sub]
2025-04-13 14:31:51 - INFO - Original error line:     ring
2025-04-13 14:31:53 - INFO - Testing fix: Original errors: 1, Fixed errors: 1
2025-04-13 14:31:53 - INFO - Result: False (introduced 1 new errors)
2025-04-13 14:31:53 - DEBUG - === New errors detail ===
2025-04-13 14:31:53 - DEBUG - New Error 1: line 11, type: no_goals_to_solve, message: no goals to be solved
2025-04-13 14:31:53 - INFO - Testing fragment: rw [mul_left_cancel]
2025-04-13 14:31:53 - INFO - Original error line:     ring
2025-04-13 14:31:55 - INFO - Testing fix: Original errors: 1, Fixed errors: 1
2025-04-13 14:31:55 - INFO - Result: False (introduced 1 new errors)
2025-04-13 14:31:55 - DEBUG - === New errors detail ===
2025-04-13 14:31:55 - DEBUG - New Error 1: line 11, type: no_goals_to_solve, message: no goals to be solved
2025-04-13 14:31:55 - INFO - Testing fragment: rw [mul_left_cancel_iff]
2025-04-13 14:31:55 - INFO - Original error line:     ring
2025-04-13 14:31:57 - INFO - Testing fix: Original errors: 1, Fixed errors: 1
2025-04-13 14:31:57 - INFO - Result: False (introduced 1 new errors)
2025-04-13 14:31:57 - DEBUG - === New errors detail ===
2025-04-13 14:31:57 - DEBUG - New Error 1: line 11, type: no_goals_to_solve, message: no goals to be solved
2025-04-13 14:31:57 - INFO - Testing fragment: rw [mul_right_injective]
2025-04-13 14:31:57 - INFO - Original error line:     ring
2025-04-13 14:31:59 - INFO - Testing fix: Original errors: 1, Fixed errors: 1
2025-04-13 14:31:59 - INFO - Result: False (introduced 1 new errors)
2025-04-13 14:31:59 - DEBUG - === New errors detail ===
2025-04-13 14:31:59 - DEBUG - New Error 1: line 11, type: no_goals_to_solve, message: no goals to be solved
2025-04-13 14:31:59 - INFO - Testing fragment: rw [mul_right_inj]
2025-04-13 14:31:59 - INFO - Original error line:     ring
2025-04-13 14:32:01 - INFO - Testing fix: Original errors: 1, Fixed errors: 1
2025-04-13 14:32:01 - INFO - Result: False (introduced 1 new errors)
2025-04-13 14:32:01 - DEBUG - === New errors detail ===
2025-04-13 14:32:01 - DEBUG - New Error 1: line 11, type: no_goals_to_solve, message: no goals to be solved
2025-04-13 14:32:01 - INFO - Testing fragment: rw [mul_ne_mul_right]
2025-04-13 14:32:01 - INFO - Original error line:     ring
2025-04-13 14:32:03 - INFO - Testing fix: Original errors: 1, Fixed errors: 1
2025-04-13 14:32:03 - INFO - Result: False (introduced 1 new errors)
2025-04-13 14:32:03 - DEBUG - === New errors detail ===
2025-04-13 14:32:03 - DEBUG - New Error 1: line 11, type: no_goals_to_solve, message: no goals to be solved
2025-04-13 14:32:03 - INFO - Testing fragment: rw [mul_right_cancel]
2025-04-13 14:32:03 - INFO - Original error line:     ring
2025-04-13 14:32:05 - INFO - Testing fix: Original errors: 1, Fixed errors: 1
2025-04-13 14:32:05 - INFO - Result: False (introduced 1 new errors)
2025-04-13 14:32:05 - DEBUG - === New errors detail ===
2025-04-13 14:32:05 - DEBUG - New Error 1: line 11, type: no_goals_to_solve, message: no goals to be solved
2025-04-13 14:32:05 - INFO - Testing fragment: rw [mul_right_cancel_iff]
2025-04-13 14:32:05 - INFO - Original error line:     ring
2025-04-13 14:32:07 - INFO - Testing fix: Original errors: 1, Fixed errors: 1
2025-04-13 14:32:07 - INFO - Result: False (introduced 1 new errors)
2025-04-13 14:32:07 - DEBUG - === New errors detail ===
2025-04-13 14:32:07 - DEBUG - New Error 1: line 11, type: no_goals_to_solve, message: no goals to be solved
2025-04-13 14:32:07 - INFO - Testing fragment: rw [mul_left_injective]
2025-04-13 14:32:07 - INFO - Original error line:     ring
2025-04-13 14:32:09 - INFO - Testing fix: Original errors: 1, Fixed errors: 1
2025-04-13 14:32:09 - INFO - Result: False (introduced 1 new errors)
2025-04-13 14:32:09 - DEBUG - === New errors detail ===
2025-04-13 14:32:09 - DEBUG - New Error 1: line 11, type: no_goals_to_solve, message: no goals to be solved
2025-04-13 14:32:09 - INFO - Testing fragment: rw [mul_left_inj]
2025-04-13 14:32:09 - INFO - Original error line:     ring
2025-04-13 14:32:11 - INFO - Testing fix: Original errors: 1, Fixed errors: 1
2025-04-13 14:32:11 - INFO - Result: False (introduced 1 new errors)
2025-04-13 14:32:11 - DEBUG - === New errors detail ===
2025-04-13 14:32:11 - DEBUG - New Error 1: line 11, type: no_goals_to_solve, message: no goals to be solved
2025-04-13 14:32:11 - INFO - Testing fragment: rw [mul_ne_mul_left]
2025-04-13 14:32:11 - INFO - Original error line:     ring
2025-04-13 14:32:13 - INFO - Testing fix: Original errors: 1, Fixed errors: 1
2025-04-13 14:32:13 - INFO - Result: False (introduced 1 new errors)
2025-04-13 14:32:13 - DEBUG - === New errors detail ===
2025-04-13 14:32:13 - DEBUG - New Error 1: line 11, type: no_goals_to_solve, message: no goals to be solved
2025-04-13 14:32:13 - INFO - Testing fragment: rw [mul_assoc]
2025-04-13 14:32:13 - INFO - Original error line:     ring
2025-04-13 14:32:15 - INFO - Testing fix: Original errors: 1, Fixed errors: 1
2025-04-13 14:32:15 - INFO - Result: False (introduced 1 new errors)
2025-04-13 14:32:15 - DEBUG - === New errors detail ===
2025-04-13 14:32:15 - DEBUG - New Error 1: line 11, type: no_goals_to_solve, message: no goals to be solved
2025-04-13 14:32:15 - INFO - Testing fragment: rw [mul_comm]
2025-04-13 14:32:15 - INFO - Original error line:     ring
2025-04-13 14:32:17 - INFO - Testing fix: Original errors: 1, Fixed errors: 1
2025-04-13 14:32:17 - INFO - Result: False (introduced 1 new errors)
2025-04-13 14:32:17 - DEBUG - === New errors detail ===
2025-04-13 14:32:17 - DEBUG - New Error 1: line 11, type: no_goals_to_solve, message: no goals to be solved
2025-04-13 14:32:17 - INFO - Testing fragment: rw [MulOneClass]
2025-04-13 14:32:17 - INFO - Original error line:     ring
2025-04-13 14:32:19 - INFO - Testing fix: Original errors: 1, Fixed errors: 1
2025-04-13 14:32:19 - INFO - Result: False (introduced 1 new errors)
2025-04-13 14:32:19 - DEBUG - === New errors detail ===
2025-04-13 14:32:19 - DEBUG - New Error 1: line 11, type: no_goals_to_solve, message: no goals to be solved
2025-04-13 14:32:19 - INFO - Testing fragment: rw [one_mul]
2025-04-13 14:32:19 - INFO - Original error line:     ring
2025-04-13 14:32:21 - INFO - Testing fix: Original errors: 1, Fixed errors: 1
2025-04-13 14:32:21 - INFO - Result: False (introduced 1 new errors)
2025-04-13 14:32:21 - DEBUG - === New errors detail ===
2025-04-13 14:32:21 - DEBUG - New Error 1: line 11, type: no_goals_to_solve, message: no goals to be solved
2025-04-13 14:32:21 - INFO - Testing fragment: rw [mul_one]
2025-04-13 14:32:21 - INFO - Original error line:     ring
2025-04-13 14:32:23 - INFO - Testing fix: Original errors: 1, Fixed errors: 1
2025-04-13 14:32:23 - INFO - Result: False (introduced 1 new errors)
2025-04-13 14:32:23 - DEBUG - === New errors detail ===
2025-04-13 14:32:23 - DEBUG - New Error 1: line 11, type: no_goals_to_solve, message: no goals to be solved
2025-04-13 14:32:23 - INFO - Testing fragment: rw [npowRec_add]
2025-04-13 14:32:23 - INFO - Original error line:     ring
2025-04-13 14:32:25 - INFO - Testing fix: Original errors: 1, Fixed errors: 1
2025-04-13 14:32:25 - INFO - Result: False (introduced 1 new errors)
2025-04-13 14:32:25 - DEBUG - === New errors detail ===
2025-04-13 14:32:25 - DEBUG - New Error 1: line 11, type: no_goals_to_solve, message: no goals to be solved
2025-04-13 14:32:25 - INFO - Testing fragment: rw [npowRec_succ]
2025-04-13 14:32:25 - INFO - Original error line:     ring
2025-04-13 14:32:27 - INFO - Testing fix: Original errors: 1, Fixed errors: 1
2025-04-13 14:32:27 - INFO - Result: False (introduced 1 new errors)
2025-04-13 14:32:27 - DEBUG - === New errors detail ===
2025-04-13 14:32:27 - DEBUG - New Error 1: line 11, type: no_goals_to_solve, message: no goals to be solved
2025-04-13 14:32:27 - INFO - Testing fragment: rw [npowRec'_succ]
2025-04-13 14:32:27 - INFO - Original error line:     ring
2025-04-13 14:32:29 - INFO - Testing fix: Original errors: 1, Fixed errors: 1
2025-04-13 14:32:29 - INFO - Result: False (introduced 1 new errors)
2025-04-13 14:32:29 - DEBUG - === New errors detail ===
2025-04-13 14:32:29 - DEBUG - New Error 1: line 11, type: no_goals_to_solve, message: no goals to be solved
2025-04-13 14:32:29 - INFO - Testing fragment: rw [npowRec'_two_mul]
2025-04-13 14:32:29 - INFO - Original error line:     ring
2025-04-13 14:32:31 - INFO - Testing fix: Original errors: 1, Fixed errors: 1
2025-04-13 14:32:31 - INFO - Result: False (introduced 1 new errors)
2025-04-13 14:32:31 - DEBUG - === New errors detail ===
2025-04-13 14:32:31 - DEBUG - New Error 1: line 11, type: no_goals_to_solve, message: no goals to be solved
2025-04-13 14:32:31 - INFO - Testing fragment: rw [npowRec'_mul_comm]
2025-04-13 14:32:31 - INFO - Original error line:     ring
2025-04-13 14:32:33 - INFO - Testing fix: Original errors: 1, Fixed errors: 1
2025-04-13 14:32:33 - INFO - Result: False (introduced 1 new errors)
2025-04-13 14:32:33 - DEBUG - === New errors detail ===
2025-04-13 14:32:33 - DEBUG - New Error 1: line 11, type: no_goals_to_solve, message: no goals to be solved
2025-04-13 14:32:33 - INFO - Testing fragment: rw [npowRec_eq]
2025-04-13 14:32:33 - INFO - Original error line:     ring
2025-04-13 14:32:35 - INFO - Testing fix: Original errors: 1, Fixed errors: 1
2025-04-13 14:32:35 - INFO - Result: False (introduced 1 new errors)
2025-04-13 14:32:35 - DEBUG - === New errors detail ===
2025-04-13 14:32:35 - DEBUG - New Error 1: line 11, type: no_goals_to_solve, message: no goals to be solved
2025-04-13 14:32:35 - INFO - Testing fragment: rw [npowBinRec]
2025-04-13 14:32:35 - INFO - Original error line:     ring
2025-04-13 14:32:37 - INFO - Testing fix: Original errors: 1, Fixed errors: 1
2025-04-13 14:32:37 - INFO - Result: False (introduced 1 new errors)
2025-04-13 14:32:37 - DEBUG - === New errors detail ===
2025-04-13 14:32:37 - DEBUG - New Error 1: line 11, type: no_goals_to_solve, message: no goals to be solved
2025-04-13 14:32:37 - INFO - Testing fragment: rw [npowRec_eq_npowBinRec]
2025-04-13 14:32:37 - INFO - Original error line:     ring
2025-04-13 14:32:39 - INFO - Testing fix: Original errors: 1, Fixed errors: 1
2025-04-13 14:32:39 - INFO - Result: False (introduced 1 new errors)
2025-04-13 14:32:39 - DEBUG - === New errors detail ===
2025-04-13 14:32:39 - DEBUG - New Error 1: line 11, type: no_goals_to_solve, message: no goals to be solved
2025-04-13 14:32:39 - INFO - Testing fragment: rw [npow_eq_pow]
2025-04-13 14:32:39 - INFO - Original error line:     ring
2025-04-13 14:32:41 - INFO - Testing fix: Original errors: 1, Fixed errors: 1
2025-04-13 14:32:41 - INFO - Result: False (introduced 1 new errors)
2025-04-13 14:32:41 - DEBUG - === New errors detail ===
2025-04-13 14:32:41 - DEBUG - New Error 1: line 11, type: no_goals_to_solve, message: no goals to be solved
2025-04-13 14:32:41 - INFO - Testing fragment: rw [pow_zero]
2025-04-13 14:32:41 - INFO - Original error line:     ring
2025-04-13 14:32:43 - INFO - Testing fix: Original errors: 1, Fixed errors: 1
2025-04-13 14:32:43 - INFO - Result: False (introduced 1 new errors)
2025-04-13 14:32:43 - DEBUG - === New errors detail ===
2025-04-13 14:32:43 - DEBUG - New Error 1: line 11, type: no_goals_to_solve, message: no goals to be solved
2025-04-13 14:32:43 - INFO - Testing fragment: rw [pow_succ]
2025-04-13 14:32:43 - INFO - Original error line:     ring
2025-04-13 14:32:45 - INFO - Testing fix: Original errors: 1, Fixed errors: 1
2025-04-13 14:32:45 - INFO - Result: False (introduced 1 new errors)
2025-04-13 14:32:45 - DEBUG - === New errors detail ===
2025-04-13 14:32:45 - DEBUG - New Error 1: line 11, type: no_goals_to_solve, message: no goals to be solved
2025-04-13 14:32:45 - INFO - Testing fragment: rw [inv_inv]
2025-04-13 14:32:45 - INFO - Original error line:     ring
2025-04-13 14:32:47 - INFO - Testing fix: Original errors: 1, Fixed errors: 1
2025-04-13 14:32:47 - INFO - Result: False (introduced 1 new errors)
2025-04-13 14:32:47 - DEBUG - === New errors detail ===
2025-04-13 14:32:47 - DEBUG - New Error 1: line 11, type: no_goals_to_solve, message: no goals to be solved
2025-04-13 14:32:47 - INFO - Testing fragment: rw [exists_zpow_surjective]
2025-04-13 14:32:47 - INFO - Original error line:     ring
2025-04-13 14:32:49 - INFO - Testing fix: Original errors: 1, Fixed errors: 1
2025-04-13 14:32:49 - INFO - Result: False (introduced 1 new errors)
2025-04-13 14:32:49 - DEBUG - === New errors detail ===
2025-04-13 14:32:49 - DEBUG - New Error 1: line 11, type: no_goals_to_solve, message: no goals to be solved
2025-04-13 14:32:49 - INFO - Testing fragment: rw [zpow_eq_pow]
2025-04-13 14:32:49 - INFO - Original error line:     ring
2025-04-13 14:32:51 - INFO - Testing fix: Original errors: 1, Fixed errors: 1
2025-04-13 14:32:51 - INFO - Result: False (introduced 1 new errors)
2025-04-13 14:32:51 - DEBUG - === New errors detail ===
2025-04-13 14:32:51 - DEBUG - New Error 1: line 11, type: no_goals_to_solve, message: no goals to be solved
2025-04-13 14:32:51 - INFO - Testing fragment: rw [zpow_zero]
2025-04-13 14:32:51 - INFO - Original error line:     ring
2025-04-13 14:32:53 - INFO - Testing fix: Original errors: 1, Fixed errors: 1
2025-04-13 14:32:53 - INFO - Result: False (introduced 1 new errors)
2025-04-13 14:32:53 - DEBUG - === New errors detail ===
2025-04-13 14:32:53 - DEBUG - New Error 1: line 11, type: no_goals_to_solve, message: no goals to be solved
2025-04-13 14:32:53 - INFO - Testing fragment: rw [zpow_natCast]
2025-04-13 14:32:53 - INFO - Original error line:     ring
2025-04-13 14:32:55 - INFO - Testing fix: Original errors: 1, Fixed errors: 1
2025-04-13 14:32:55 - INFO - Result: False (introduced 1 new errors)
2025-04-13 14:32:55 - DEBUG - === New errors detail ===
2025-04-13 14:32:55 - DEBUG - New Error 1: line 11, type: no_goals_to_solve, message: no goals to be solved
2025-04-13 14:32:55 - INFO - Testing fragment: rw [zpow_negSucc]
2025-04-13 14:32:55 - INFO - Original error line:     ring
2025-04-13 14:32:57 - INFO - Testing fix: Original errors: 1, Fixed errors: 1
2025-04-13 14:32:57 - INFO - Result: False (introduced 1 new errors)
2025-04-13 14:32:57 - DEBUG - === New errors detail ===
2025-04-13 14:32:57 - DEBUG - New Error 1: line 11, type: no_goals_to_solve, message: no goals to be solved
2025-04-13 14:32:57 - INFO - Testing fragment: rw [negSucc_zsmul]
2025-04-13 14:32:57 - INFO - Original error line:     ring
2025-04-13 14:32:59 - INFO - Testing fix: Original errors: 1, Fixed errors: 1
2025-04-13 14:32:59 - INFO - Result: False (introduced 1 new errors)
2025-04-13 14:32:59 - DEBUG - === New errors detail ===
2025-04-13 14:32:59 - DEBUG - New Error 1: line 11, type: no_goals_to_solve, message: no goals to be solved
2025-04-13 14:32:59 - INFO - Testing fragment: rw [div_eq_mul_inv]
2025-04-13 14:32:59 - INFO - Original error line:     ring
2025-04-13 14:33:01 - INFO - Testing fix: Original errors: 1, Fixed errors: 1
2025-04-13 14:33:01 - INFO - Result: False (introduced 1 new errors)
2025-04-13 14:33:01 - DEBUG - === New errors detail ===
2025-04-13 14:33:01 - DEBUG - New Error 1: line 11, type: no_goals_to_solve, message: no goals to be solved
2025-04-13 14:33:01 - INFO - Testing fragment: rw [inv_eq_one_div]
2025-04-13 14:33:01 - INFO - Original error line:     ring
2025-04-13 14:33:03 - INFO - Testing fix: Original errors: 1, Fixed errors: 1
2025-04-13 14:33:03 - INFO - Result: False (introduced 1 new errors)
2025-04-13 14:33:03 - DEBUG - === New errors detail ===
2025-04-13 14:33:03 - DEBUG - New Error 1: line 11, type: no_goals_to_solve, message: no goals to be solved
2025-04-13 14:33:03 - INFO - Testing fragment: rw [mul_div_assoc]
2025-04-13 14:33:03 - INFO - Original error line:     ring
2025-04-13 14:33:05 - INFO - Testing fix: Original errors: 1, Fixed errors: 1
2025-04-13 14:33:05 - INFO - Result: False (introduced 1 new errors)
2025-04-13 14:33:05 - DEBUG - === New errors detail ===
2025-04-13 14:33:05 - DEBUG - New Error 1: line 11, type: no_goals_to_solve, message: no goals to be solved
2025-04-13 14:33:05 - INFO - Testing fragment: rw [one_div]
2025-04-13 14:33:05 - INFO - Original error line:     ring
2025-04-13 14:33:07 - INFO - Testing fix: Original errors: 1, Fixed errors: 1
2025-04-13 14:33:07 - INFO - Result: False (introduced 1 new errors)
2025-04-13 14:33:07 - DEBUG - === New errors detail ===
2025-04-13 14:33:07 - DEBUG - New Error 1: line 11, type: no_goals_to_solve, message: no goals to be solved
2025-04-13 14:33:07 - INFO - Testing fragment: rw [inv_one]
2025-04-13 14:33:07 - INFO - Original error line:     ring
2025-04-13 14:33:09 - INFO - Testing fix: Original errors: 1, Fixed errors: 1
2025-04-13 14:33:09 - INFO - Result: False (introduced 1 new errors)
2025-04-13 14:33:09 - DEBUG - === New errors detail ===
2025-04-13 14:33:09 - DEBUG - New Error 1: line 11, type: no_goals_to_solve, message: no goals to be solved
2025-04-13 14:33:09 - INFO - Testing fragment: rw [mul_inv_rev]
2025-04-13 14:33:09 - INFO - Original error line:     ring
2025-04-13 14:33:11 - INFO - Testing fix: Original errors: 1, Fixed errors: 1
2025-04-13 14:33:11 - INFO - Result: False (introduced 1 new errors)
2025-04-13 14:33:11 - DEBUG - === New errors detail ===
2025-04-13 14:33:11 - DEBUG - New Error 1: line 11, type: no_goals_to_solve, message: no goals to be solved
2025-04-13 14:33:11 - INFO - Testing fragment: rw [inv_eq_of_mul_eq_one_right]
2025-04-13 14:33:11 - INFO - Original error line:     ring
2025-04-13 14:33:13 - INFO - Testing fix: Original errors: 1, Fixed errors: 1
2025-04-13 14:33:13 - INFO - Result: False (introduced 1 new errors)
2025-04-13 14:33:13 - DEBUG - === New errors detail ===
2025-04-13 14:33:13 - DEBUG - New Error 1: line 11, type: no_goals_to_solve, message: no goals to be solved
2025-04-13 14:33:13 - INFO - Testing fragment: rw [inv_eq_of_mul_eq_one_left]
2025-04-13 14:33:13 - INFO - Original error line:     ring
2025-04-13 14:33:15 - INFO - Testing fix: Original errors: 1, Fixed errors: 1
2025-04-13 14:33:15 - INFO - Result: False (introduced 1 new errors)
2025-04-13 14:33:15 - DEBUG - === New errors detail ===
2025-04-13 14:33:15 - DEBUG - New Error 1: line 11, type: no_goals_to_solve, message: no goals to be solved
2025-04-13 14:33:15 - INFO - Testing fragment: rw [eq_inv_of_mul_eq_one_left]
2025-04-13 14:33:15 - INFO - Original error line:     ring
2025-04-13 14:33:17 - INFO - Testing fix: Original errors: 1, Fixed errors: 1
2025-04-13 14:33:17 - INFO - Result: False (introduced 1 new errors)
2025-04-13 14:33:17 - DEBUG - === New errors detail ===
2025-04-13 14:33:17 - DEBUG - New Error 1: line 11, type: no_goals_to_solve, message: no goals to be solved
2025-04-13 14:33:17 - INFO - Testing fragment: rw [inv_mul_cancel]
2025-04-13 14:33:17 - INFO - Original error line:     ring
2025-04-13 14:33:19 - INFO - Testing fix: Original errors: 1, Fixed errors: 1
2025-04-13 14:33:19 - INFO - Result: False (introduced 1 new errors)
2025-04-13 14:33:19 - DEBUG - === New errors detail ===
2025-04-13 14:33:19 - DEBUG - New Error 1: line 11, type: no_goals_to_solve, message: no goals to be solved
2025-04-13 14:33:19 - INFO - Testing fragment: rw [inv_eq_of_mul]
2025-04-13 14:33:19 - INFO - Original error line:     ring
2025-04-13 14:33:21 - INFO - Testing fix: Original errors: 1, Fixed errors: 1
2025-04-13 14:33:21 - INFO - Result: False (introduced 1 new errors)
2025-04-13 14:33:21 - DEBUG - === New errors detail ===
2025-04-13 14:33:21 - DEBUG - New Error 1: line 11, type: no_goals_to_solve, message: no goals to be solved
2025-04-13 14:33:21 - INFO - Testing fragment: rw [mul_inv_cancel]
2025-04-13 14:33:21 - INFO - Original error line:     ring
2025-04-13 14:33:23 - INFO - Testing fix: Original errors: 1, Fixed errors: 1
2025-04-13 14:33:23 - INFO - Result: False (introduced 1 new errors)
2025-04-13 14:33:23 - DEBUG - === New errors detail ===
2025-04-13 14:33:23 - DEBUG - New Error 1: line 11, type: no_goals_to_solve, message: no goals to be solved
2025-04-13 14:33:23 - INFO - Testing fragment: rw [div_self']
2025-04-13 14:33:23 - INFO - Original error line:     ring
2025-04-13 14:33:25 - INFO - Testing fix: Original errors: 1, Fixed errors: 1
2025-04-13 14:33:25 - INFO - Result: False (introduced 1 new errors)
2025-04-13 14:33:25 - DEBUG - === New errors detail ===
2025-04-13 14:33:25 - DEBUG - New Error 1: line 11, type: no_goals_to_solve, message: no goals to be solved
2025-04-13 14:33:25 - INFO - Testing fragment: rw [inv_mul_cancel_left]
2025-04-13 14:33:25 - INFO - Original error line:     ring
2025-04-13 14:33:33 - INFO - Testing fix: Original errors: 1, Fixed errors: 1
2025-04-13 14:33:33 - INFO - Result: False (introduced 1 new errors)
2025-04-13 14:33:33 - DEBUG - === New errors detail ===
2025-04-13 14:33:33 - DEBUG - New Error 1: line 11, type: no_goals_to_solve, message: no goals to be solved
2025-04-13 14:33:33 - INFO - Testing fragment: rw [mul_inv_cancel_left]
2025-04-13 14:33:33 - INFO - Original error line:     ring
2025-04-13 14:33:35 - INFO - Testing fix: Original errors: 1, Fixed errors: 1
2025-04-13 14:33:35 - INFO - Result: False (introduced 1 new errors)
2025-04-13 14:33:35 - DEBUG - === New errors detail ===
2025-04-13 14:33:35 - DEBUG - New Error 1: line 11, type: no_goals_to_solve, message: no goals to be solved
2025-04-13 14:33:35 - INFO - Testing fragment: rw [mul_inv_cancel_right]
2025-04-13 14:33:35 - INFO - Original error line:     ring
2025-04-13 14:33:37 - INFO - Testing fix: Original errors: 1, Fixed errors: 1
2025-04-13 14:33:37 - INFO - Result: False (introduced 1 new errors)
2025-04-13 14:33:37 - DEBUG - === New errors detail ===
2025-04-13 14:33:37 - DEBUG - New Error 1: line 11, type: no_goals_to_solve, message: no goals to be solved
2025-04-13 14:33:37 - INFO - Testing fragment: rw [mul_div_cancel_right]
2025-04-13 14:33:37 - INFO - Original error line:     ring
2025-04-13 14:33:39 - INFO - Testing fix: Original errors: 1, Fixed errors: 1
2025-04-13 14:33:39 - INFO - Result: False (introduced 1 new errors)
2025-04-13 14:33:39 - DEBUG - === New errors detail ===
2025-04-13 14:33:39 - DEBUG - New Error 1: line 11, type: no_goals_to_solve, message: no goals to be solved
2025-04-13 14:33:39 - INFO - Testing fragment: rw [inv_mul_cancel_right]
2025-04-13 14:33:39 - INFO - Original error line:     ring
2025-04-13 14:33:41 - INFO - Testing fix: Original errors: 1, Fixed errors: 1
2025-04-13 14:33:41 - INFO - Result: False (introduced 1 new errors)
2025-04-13 14:33:41 - DEBUG - === New errors detail ===
2025-04-13 14:33:41 - DEBUG - New Error 1: line 11, type: no_goals_to_solve, message: no goals to be solved
2025-04-13 14:33:41 - INFO - Testing fragment: rw [div_mul_cancel]
2025-04-13 14:33:41 - INFO - Original error line:     ring
2025-04-13 14:33:43 - INFO - Testing fix: Original errors: 1, Fixed errors: 1
2025-04-13 14:33:43 - INFO - Result: False (introduced 1 new errors)
2025-04-13 14:33:43 - DEBUG - === New errors detail ===
2025-04-13 14:33:43 - DEBUG - New Error 1: line 11, type: no_goals_to_solve, message: no goals to be solved
2025-04-13 14:33:43 - INFO - Testing fragment: rw [<- left_distrib]
2025-04-13 14:33:43 - INFO - Original error line:     ring
2025-04-13 14:33:45 - INFO - Testing fix: Original errors: 1, Fixed errors: 1
2025-04-13 14:33:45 - INFO - Result: False (introduced 1 new errors)
2025-04-13 14:33:45 - DEBUG - === New errors detail ===
2025-04-13 14:33:45 - DEBUG - New Error 1: line 11, type: no_goals_to_solve, message: no goals to be solved
2025-04-13 14:33:45 - INFO - Testing fragment: rw [<- right_distrib]
2025-04-13 14:33:45 - INFO - Original error line:     ring
2025-04-13 14:33:47 - INFO - Testing fix: Original errors: 1, Fixed errors: 1
2025-04-13 14:33:47 - INFO - Result: False (introduced 1 new errors)
2025-04-13 14:33:47 - DEBUG - === New errors detail ===
2025-04-13 14:33:47 - DEBUG - New Error 1: line 11, type: no_goals_to_solve, message: no goals to be solved
2025-04-13 14:33:47 - INFO - Testing fragment: rw [<- distrib_three_right]
2025-04-13 14:33:47 - INFO - Original error line:     ring
2025-04-13 14:33:49 - INFO - Testing fix: Original errors: 1, Fixed errors: 1
2025-04-13 14:33:49 - INFO - Result: False (introduced 1 new errors)
2025-04-13 14:33:49 - DEBUG - === New errors detail ===
2025-04-13 14:33:49 - DEBUG - New Error 1: line 11, type: no_goals_to_solve, message: no goals to be solved
2025-04-13 14:33:49 - INFO - Testing fragment: rw [<- add_one_mul]
2025-04-13 14:33:49 - INFO - Original error line:     ring
2025-04-13 14:33:51 - INFO - Testing fix: Original errors: 1, Fixed errors: 1
2025-04-13 14:33:51 - INFO - Result: False (introduced 1 new errors)
2025-04-13 14:33:51 - DEBUG - === New errors detail ===
2025-04-13 14:33:51 - DEBUG - New Error 1: line 11, type: no_goals_to_solve, message: no goals to be solved
2025-04-13 14:33:51 - INFO - Testing fragment: rw [<- mul_add_one]
2025-04-13 14:33:51 - INFO - Original error line:     ring
2025-04-13 14:33:53 - INFO - Testing fix: Original errors: 1, Fixed errors: 1
2025-04-13 14:33:53 - INFO - Result: False (introduced 1 new errors)
2025-04-13 14:33:53 - DEBUG - === New errors detail ===
2025-04-13 14:33:53 - DEBUG - New Error 1: line 11, type: no_goals_to_solve, message: no goals to be solved
2025-04-13 14:33:53 - INFO - Testing fragment: rw [<- one_add_mul]
2025-04-13 14:33:53 - INFO - Original error line:     ring
2025-04-13 14:40:07 - INFO - Synthesis failed: ('Execution failed', 'Execution timed out after 200.0 seconds. Partial output:\n{"cmd": "/-- For each positive integer $n$, let $n!$ denote the product $1\\\\cdot 2\\\\cdot 3\\\\cdot\\\\,\\\\cdots\\\\,\\\\cdot (n-1)\\\\cdot n$.\\n\\nWhat is the remainder when $9!$ is divided by $10$? Show that it is 0.-/\\ntheorem mathd_numbertheory_739 : 9! % 10 = 0 := by\\n  -- Compute 9! explicitly\\n  have h9fact : 9! = 362880 := by rfl -- 9! = 362880\\n  -- Show that 362880 is divisible by 10\\n  have hdiv : 10 ∣ 362880 := by\\n    -- Factorize 362880 / 10 = 36288, so 362880 = 10 * 36288\\n    use 36288\\n    rw [<- one_add_mul]\\n  -- The remainder when a number divisible by 10 is divided by 10 is 0\\n  exact Nat.mod_eq_zero_of_dvd hdiv", "env": 0}\r\n\r\n')
2025-04-13 14:40:08 - INFO - Failed attempt time: 550.63 seconds
2025-04-13 14:40:08 - INFO - ❌ Could not generate fix for error at line 11
2025-04-13 14:43:00 - INFO - 
===== Fix attempt completed =====
2025-04-13 14:43:00 - INFO - Original errors: 1
2025-04-13 14:43:00 - INFO - Fixed errors: 0
2025-04-13 14:43:00 - INFO - Failed errors: 1
2025-04-13 14:43:00 - INFO - Remaining errors: 1
2025-04-13 14:43:00 - INFO - Total time: 724.52 seconds
2025-04-13 14:43:00 - INFO - 
Final fixed code:
2025-04-13 14:43:00 - INFO - ----------------------------------------
2025-04-13 14:43:00 - INFO - /-- For each positive integer $n$, let $n!$ denote the product $1\cdot 2\cdot 3\cdot\,\cdots\,\cdot (n-1)\cdot n$.

What is the remainder when $9!$ is divided by $10$? Show that it is 0.-/
theorem mathd_numbertheory_739 : 9! % 10 = 0 := by
  -- Compute 9! explicitly
  have h9fact : 9! = 362880 := by rfl -- 9! = 362880
  -- Show that 362880 is divisible by 10
  have hdiv : 10 ∣ 362880 := by
    -- Factorize 362880 / 10 = 36288, so 362880 = 10 * 36288
    use 36288
    ring
  -- The remainder when a number divisible by 10 is divided by 10 is 0
  exact Nat.mod_eq_zero_of_dvd hdiv
2025-04-13 14:43:00 - INFO - ----------------------------------------
2025-04-13 14:43:00 - INFO - 
Detailed error repair report:
2025-04-13 14:43:00 - INFO - Original code error count: 1
❌ Fixed error 1/1: Could not generate fix for error at line 11 «no_goals_to_solve» (after 550.63s)

=== Fix statistics ===
Original error count: 1
Fixed errors: 0 (Fix rate: 0.0000)
Failed errors: 1
Remaining errors: 1
Total time: 724.52 seconds

=== Failed fix details ===

Failed fix 1:
   Line: 11
   Error type: no_goals_to_solve
   Original error message: no goals to be solved...
   Failure reason: Could not generate fix
   Time: 550.63 seconds
2025-04-13 14:43:00 - INFO - 
Fixed code saved to: ./minif2f/lean_fixed/57_fixed.lean
2025-04-13 14:43:00 - INFO - JSON log saved to: ./minif2f/lean_fixed/57_fix_log.json
2025-04-13 14:43:00 - INFO - 
===== LOG FILE LOCATION =====
2025-04-13 14:43:00 - INFO - Detailed log file is available at: ./minif2f/lean_fixed/57.log
2025-04-13 14:43:00 - INFO - ===============================
