2025-04-13 14:42:53 - INFO - Log file initialized at 2025-04-13T14:42:53.984697
2025-04-13 14:42:53 - INFO - ===== LOG FILE LOCATION =====
2025-04-13 14:42:53 - INFO - Detailed log file created at: /data/coding/minif2f/lean_fixed/62.log
2025-04-13 14:42:53 - INFO - ===============================
2025-04-13 14:42:53 - INFO - Original code:
2025-04-13 14:42:53 - INFO - ----------------------------------------
2025-04-13 14:42:53 - INFO - import Mathlib
import Aesop

set_option maxHeartbeats 0  -- Disables heartbeat limit to prevent timeout during proof

open BigOperators Real Nat Topology Rat

/-- Let \[f(x) = \begin{cases}
-x^2 - 1 &\text{if }x<0, \\
2&\text{if }0 \le x< 4, \\
\sqrt{x}&\text{if }x \ge 4.
\end{cases}
\]Find $f(\pi)$. Show that it is 2.-/
theorem mathd_algebra_480 (f : ℝ → ℝ) (h₀ : ∀ x < 0, f x = -x ^ 2 - 1)
  (h₁ : ∀ x, 0 ≤ x ∧ x < 4 → f x = 2) (h₂ : ∀ x ≥ 4, f x = Real.sqrt x) : f Real.pi = 2 := by
  -- Our goal is to compute f(π) and prove it equals 2
  -- First we need to determine which case of the piecewise function applies to π
  
  -- Step 1: Establish that 0 ≤ π < 4
  -- We'll need two facts about π:
  -- 1. π is positive (greater than 0)
  -- 2. π is less than 4
  
  -- Prove π > 0 using Mathlib's pi_pos lemma
  have pi_pos : 0 < Real.pi := pi_pos
  
  -- Prove π < 4 by showing π < 3.15 and 3.15 < 4
  -- First show 3.15 < 4 by norm_num (normalization of numerical expressions)
  have h_lt_4 : Real.pi < 4 := by
    -- We use the known approximation π < 3.15 from Mathlib
    refine lt_trans ?_ (by norm_num)
    exact pi_lt_three_point_fifteen
  
  -- Now we have all conditions to apply the second case of the function definition:
  -- 0 ≤ π (from pi_pos) and π < 4 (from h_lt_4)
  
  -- Apply the second case of the function definition using h₁
  -- First create the conjunction 0 ≤ π ∧ π < 4
  have pi_interval : 0 ≤ Real.pi ∧ Real.pi < 4 := by
    exact ⟨le_of_lt pi_pos, h_lt_4⟩
  
  -- Now apply h₁ with π and our interval proof
  have f_pi_eq : f Real.pi = 2 := h₁ Real.pi pi_interval
  
  -- Our goal is exactly what we just proved
  exact f_pi_eq
2025-04-13 14:42:53 - INFO - ----------------------------------------
2025-04-13 14:42:53 - INFO - 
Checking original code for all errors...
2025-04-13 14:45:32 - INFO - Original code contains 1 errors:
2025-04-13 14:45:32 - INFO - Error 1: line 24, type: other_error, message: unsolved goals
f : ℝ → ℝ
h₀ : ∀ x < 0, f x = -x ^ 2 - 1
h₁ : ∀ (x : ℝ), 0 ≤ x ∧ x < 4 → f x = 2
h₂ :...
2025-04-13 14:45:32 - INFO - 
Starting multi-error continuous repair process...
2025-04-13 14:45:32 - INFO - 
===== Starting to fix all errors =====
2025-04-13 14:45:33 - INFO - 
Found 1 original errors:
2025-04-13 14:45:33 - INFO - Error 1: line 24, type: other_error, message: unsolved goals
f : ℝ → ℝ
h₀ : ∀ x < 0, f x = -x ^ 2 - 1
h₁ : ∀ (x : ℝ), 0 ≤ x ∧ x < 4 → f x = 2
h₂ :...
2025-04-13 14:45:33 - INFO - 
Trying to fix error 1/1: line 24, type: other_error
2025-04-13 14:45:33 - INFO - Error message: unsolved goals
f : ℝ → ℝ
h₀ : ∀ x < 0, f x = -x ^ 2 - 1
h₁ : ∀ (x : ℝ), 0 ≤ x ∧ x < 4 → f x = 2
h₂ :...
2025-04-13 14:45:33 - INFO - Removed header content, remaining 39 lines of code
2025-04-13 14:45:33 - INFO - Using specified target error line: 24
2025-04-13 14:45:34 - INFO - Found error at specified line: unsolved goals
f : ℝ → ℝ
h₀ : ∀ x < 0, f x = -x ^ 2 - 1
h₁ : ∀ (x : ℝ), 0 ≤ x ∧ x < 4 → f x = 2
h₂ : ∀ x ≥ 4, f x = √x
pi_pos : 0 < π
⊢ ?m.2749 < 4
2025-04-13 14:45:34 - INFO - Error at line 24: unsolved goals
f : ℝ → ℝ
h₀ : ∀ x < 0, f x = -x ^ 2 - 1
h₁ : ∀ (x : ℝ), 0 ≤ x ∧ x < 4 → f x = 2
h₂ : ∀ x ≥ 4, f x = √x
pi_pos : 0 < π
⊢ ?m.2749 < 4
2025-04-13 14:45:34 - INFO - 
==================================================
2025-04-13 14:45:34 - INFO - Code prepared, starting synthesis
2025-04-13 14:45:34 - INFO - Before part: /-- Let \[f(x) = \begin{cases}
-x^2 - 1 &\text{if }x<0, \\
2&\text{if }0 \le x< 4, \\
\sqrt{x}&\text{if }x \ge 4.
\end{cases}
\]Find $f(\pi)$. Show that it is 2.-/
theorem mathd_algebra_480 (f : ℝ → ℝ) (h₀ : ∀ x < 0, f x = -x ^ 2 - 1)
  (h₁ : ∀ x, 0 ≤ x ∧ x < 4 → f x = 2) (h₂ : ∀ x ≥ 4, f x = Real.sqrt x) : f Real.pi = 2 := by
  -- Our goal is to compute f(π) and prove it equals 2
  -- First we need to determine which case of the piecewise function applies to π
  
  -- Step 1: Establish that 0 ≤ π < 4
  -- We'll need two facts about π:
  -- 1. π is positive (greater than 0)
  -- 2. π is less than 4
  
  -- Prove π > 0 using Mathlib's pi_pos lemma
  have pi_pos : 0 < Real.pi := pi_pos
  
  -- Prove π < 4 by showing π < 3.15 and 3.15 < 4
  -- First show 3.15 < 4 by norm_num (normalization of numerical expressions)
  have h_lt_4 : Real.pi < 4 := by
    -- We use the known approximation π < 3.15 from Mathlib
2025-04-13 14:45:34 - INFO - Error line:     refine lt_trans ?_ (by norm_num)
2025-04-13 14:45:34 - INFO - After part: exact pi_lt_three_point_fifteen
  
  -- Now we have all conditions to apply the second case of the function definition:
  -- 0 ≤ π (from pi_pos) and π < 4 (from h_lt_4)
  
  -- Apply the second case of the function definition using h₁
  -- First create the conjunction 0 ≤ π ∧ π < 4
  have pi_interval : 0 ≤ Real.pi ∧ Real.pi < 4 := by
    exact ⟨le_of_lt pi_pos, h_lt_4⟩
  
  -- Now apply h₁ with π and our interval proof
  have f_pi_eq : f Real.pi = 2 := h₁ Real.pi pi_interval
  
  -- Our goal is exactly what we just proved
  exact f_pi_eq
2025-04-13 14:45:34 - INFO - ==================================================

2025-04-13 14:45:35 - INFO - Testing fragment: rw [left_distrib]
2025-04-13 14:45:35 - INFO - Original error line:     refine lt_trans ?_ (by norm_num)
2025-04-13 14:45:37 - INFO - Testing fix: Original errors: 1, Fixed errors: 1
2025-04-13 14:45:37 - INFO - Result: False (introduced 1 new errors)
2025-04-13 14:45:37 - DEBUG - === New errors detail ===
2025-04-13 14:45:37 - DEBUG - New Error 1: line 24, type: rewrite_failed, message: tactic 'rewrite' failed, did not find instance of the pattern in the target expression
  ?a * (?b + ?c)
f : ℝ → ℝ
h₀ : ∀ x < 0, f x = -x ^ 2 - 1
h₁ : ∀ (x : ℝ), 0 ≤ x ∧ x < 4 → f x = 2
h₂ : ∀ x ≥ 4, f x = √x
pi_pos : 0 < π
⊢ ?m.2749 < 4
2025-04-13 14:45:37 - INFO - Testing fragment: rw [right_distrib]
2025-04-13 14:45:37 - INFO - Original error line:     refine lt_trans ?_ (by norm_num)
2025-04-13 14:45:39 - INFO - Testing fix: Original errors: 1, Fixed errors: 1
2025-04-13 14:45:39 - INFO - Result: False (introduced 1 new errors)
2025-04-13 14:45:39 - DEBUG - === New errors detail ===
2025-04-13 14:45:39 - DEBUG - New Error 1: line 24, type: rewrite_failed, message: tactic 'rewrite' failed, did not find instance of the pattern in the target expression
  (?a + ?b) * ?c
f : ℝ → ℝ
h₀ : ∀ x < 0, f x = -x ^ 2 - 1
h₁ : ∀ (x : ℝ), 0 ≤ x ∧ x < 4 → f x = 2
h₂ : ∀ x ≥ 4, f x = √x
pi_pos : 0 < π
⊢ ?m.2749 < 4
2025-04-13 14:45:39 - INFO - Testing fragment: rw [distrib_three_right]
2025-04-13 14:45:39 - INFO - Original error line:     refine lt_trans ?_ (by norm_num)
2025-04-13 14:45:41 - INFO - Testing fix: Original errors: 1, Fixed errors: 1
2025-04-13 14:45:41 - INFO - Result: False (introduced 1 new errors)
2025-04-13 14:45:41 - DEBUG - === New errors detail ===
2025-04-13 14:45:41 - DEBUG - New Error 1: line 24, type: rewrite_failed, message: tactic 'rewrite' failed, did not find instance of the pattern in the target expression
  (?a + ?b + ?c) * ?d
f : ℝ → ℝ
h₀ : ∀ x < 0, f x = -x ^ 2 - 1
h₁ : ∀ (x : ℝ), 0 ≤ x ∧ x < 4 → f x = 2
h₂ : ∀ x ≥ 4, f x = √x
pi_pos : 0 < π
⊢ ?m.2749 < 4
2025-04-13 14:45:41 - INFO - Testing fragment: rw [add_one_mul]
2025-04-13 14:45:41 - INFO - Original error line:     refine lt_trans ?_ (by norm_num)
2025-04-13 14:45:43 - INFO - Testing fix: Original errors: 1, Fixed errors: 1
2025-04-13 14:45:43 - INFO - Result: False (introduced 1 new errors)
2025-04-13 14:45:43 - DEBUG - === New errors detail ===
2025-04-13 14:45:43 - DEBUG - New Error 1: line 24, type: rewrite_failed, message: tactic 'rewrite' failed, did not find instance of the pattern in the target expression
  (?a + 1) * ?b
f : ℝ → ℝ
h₀ : ∀ x < 0, f x = -x ^ 2 - 1
h₁ : ∀ (x : ℝ), 0 ≤ x ∧ x < 4 → f x = 2
h₂ : ∀ x ≥ 4, f x = √x
pi_pos : 0 < π
⊢ ?m.2749 < 4
2025-04-13 14:45:43 - INFO - Testing fragment: rw [mul_add_one]
2025-04-13 14:45:43 - INFO - Original error line:     refine lt_trans ?_ (by norm_num)
2025-04-13 14:45:45 - INFO - Testing fix: Original errors: 1, Fixed errors: 1
2025-04-13 14:45:45 - INFO - Result: False (introduced 1 new errors)
2025-04-13 14:45:45 - DEBUG - === New errors detail ===
2025-04-13 14:45:45 - DEBUG - New Error 1: line 24, type: rewrite_failed, message: tactic 'rewrite' failed, did not find instance of the pattern in the target expression
  ?a * (?b + 1)
f : ℝ → ℝ
h₀ : ∀ x < 0, f x = -x ^ 2 - 1
h₁ : ∀ (x : ℝ), 0 ≤ x ∧ x < 4 → f x = 2
h₂ : ∀ x ≥ 4, f x = √x
pi_pos : 0 < π
⊢ ?m.2749 < 4
2025-04-13 14:45:45 - INFO - Testing fragment: rw [one_add_mul]
2025-04-13 14:45:45 - INFO - Original error line:     refine lt_trans ?_ (by norm_num)
2025-04-13 14:45:47 - INFO - Testing fix: Original errors: 1, Fixed errors: 1
2025-04-13 14:45:47 - INFO - Result: False (introduced 1 new errors)
2025-04-13 14:45:47 - DEBUG - === New errors detail ===
2025-04-13 14:45:47 - DEBUG - New Error 1: line 24, type: rewrite_failed, message: tactic 'rewrite' failed, did not find instance of the pattern in the target expression
  (1 + ?a) * ?b
f : ℝ → ℝ
h₀ : ∀ x < 0, f x = -x ^ 2 - 1
h₁ : ∀ (x : ℝ), 0 ≤ x ∧ x < 4 → f x = 2
h₂ : ∀ x ≥ 4, f x = √x
pi_pos : 0 < π
⊢ ?m.2749 < 4
2025-04-13 14:45:47 - INFO - Testing fragment: rw [mul_one_add]
2025-04-13 14:45:47 - INFO - Original error line:     refine lt_trans ?_ (by norm_num)
2025-04-13 14:45:49 - INFO - Testing fix: Original errors: 1, Fixed errors: 1
2025-04-13 14:45:49 - INFO - Result: False (introduced 1 new errors)
2025-04-13 14:45:49 - DEBUG - === New errors detail ===
2025-04-13 14:45:49 - DEBUG - New Error 1: line 24, type: rewrite_failed, message: tactic 'rewrite' failed, did not find instance of the pattern in the target expression
  ?a * (1 + ?b)
f : ℝ → ℝ
h₀ : ∀ x < 0, f x = -x ^ 2 - 1
h₁ : ∀ (x : ℝ), 0 ≤ x ∧ x < 4 → f x = 2
h₂ : ∀ x ≥ 4, f x = √x
pi_pos : 0 < π
⊢ ?m.2749 < 4
2025-04-13 14:45:49 - INFO - Testing fragment: rw [two_mul]
2025-04-13 14:45:49 - INFO - Original error line:     refine lt_trans ?_ (by norm_num)
2025-04-13 14:45:51 - INFO - Testing fix: Original errors: 1, Fixed errors: 1
2025-04-13 14:45:51 - INFO - Result: False (introduced 1 new errors)
2025-04-13 14:45:51 - DEBUG - === New errors detail ===
2025-04-13 14:45:51 - DEBUG - New Error 1: line 24, type: rewrite_failed, message: tactic 'rewrite' failed, did not find instance of the pattern in the target expression
  2 * ?n
f : ℝ → ℝ
h₀ : ∀ x < 0, f x = -x ^ 2 - 1
h₁ : ∀ (x : ℝ), 0 ≤ x ∧ x < 4 → f x = 2
h₂ : ∀ x ≥ 4, f x = √x
pi_pos : 0 < π
⊢ ?m.2749 < 4
2025-04-13 14:45:51 - INFO - Testing fragment: rw [mul_two]
2025-04-13 14:45:51 - INFO - Original error line:     refine lt_trans ?_ (by norm_num)
2025-04-13 14:45:53 - INFO - Testing fix: Original errors: 1, Fixed errors: 1
2025-04-13 14:45:53 - INFO - Result: False (introduced 1 new errors)
2025-04-13 14:45:53 - DEBUG - === New errors detail ===
2025-04-13 14:45:53 - DEBUG - New Error 1: line 24, type: rewrite_failed, message: tactic 'rewrite' failed, did not find instance of the pattern in the target expression
  ?n * 2
f : ℝ → ℝ
h₀ : ∀ x < 0, f x = -x ^ 2 - 1
h₁ : ∀ (x : ℝ), 0 ≤ x ∧ x < 4 → f x = 2
h₂ : ∀ x ≥ 4, f x = √x
pi_pos : 0 < π
⊢ ?m.2749 < 4
2025-04-13 14:45:53 - INFO - Testing fragment: rw [mul_boole]
2025-04-13 14:45:53 - INFO - Original error line:     refine lt_trans ?_ (by norm_num)
2025-04-13 14:45:55 - INFO - Testing fix: Original errors: 1, Fixed errors: 1
2025-04-13 14:45:55 - INFO - Result: False (introduced 1 new errors)
2025-04-13 14:45:55 - DEBUG - === New errors detail ===
2025-04-13 14:45:55 - DEBUG - New Error 1: line 24, type: rewrite_failed, message: tactic 'rewrite' failed, did not find instance of the pattern in the target expression
  ?a * if ?P then 1 else 0
f : ℝ → ℝ
h₀ : ∀ x < 0, f x = -x ^ 2 - 1
h₁ : ∀ (x : ℝ), 0 ≤ x ∧ x < 4 → f x = 2
h₂ : ∀ x ≥ 4, f x = √x
pi_pos : 0 < π
⊢ ?m.2749 < 4
2025-04-13 14:45:55 - INFO - Testing fragment: rw [boole_mul]
2025-04-13 14:45:55 - INFO - Original error line:     refine lt_trans ?_ (by norm_num)
2025-04-13 14:45:57 - INFO - Testing fix: Original errors: 1, Fixed errors: 1
2025-04-13 14:45:57 - INFO - Result: False (introduced 1 new errors)
2025-04-13 14:45:57 - DEBUG - === New errors detail ===
2025-04-13 14:45:57 - DEBUG - New Error 1: line 24, type: rewrite_failed, message: tactic 'rewrite' failed, did not find instance of the pattern in the target expression
  (if ?P then 1 else 0) * ?a
f : ℝ → ℝ
h₀ : ∀ x < 0, f x = -x ^ 2 - 1
h₁ : ∀ (x : ℝ), 0 ≤ x ∧ x < 4 → f x = 2
h₂ : ∀ x ≥ 4, f x = √x
pi_pos : 0 < π
⊢ ?m.2749 < 4
2025-04-13 14:45:57 - INFO - Testing fragment: rw [add_mul_self_eq]
2025-04-13 14:45:57 - INFO - Original error line:     refine lt_trans ?_ (by norm_num)
2025-04-13 14:45:59 - INFO - Testing fix: Original errors: 1, Fixed errors: 1
2025-04-13 14:45:59 - INFO - Result: False (introduced 1 new errors)
2025-04-13 14:45:59 - DEBUG - === New errors detail ===
2025-04-13 14:45:59 - DEBUG - New Error 1: line 24, type: rewrite_failed, message: tactic 'rewrite' failed, did not find instance of the pattern in the target expression
  (?a + ?b) * (?a + ?b)
f : ℝ → ℝ
h₀ : ∀ x < 0, f x = -x ^ 2 - 1
h₁ : ∀ (x : ℝ), 0 ≤ x ∧ x < 4 → f x = 2
h₂ : ∀ x ≥ 4, f x = √x
pi_pos : 0 < π
⊢ ?m.2749 < 4
2025-04-13 14:45:59 - INFO - Testing fragment: rw [neg_mul]
2025-04-13 14:45:59 - INFO - Original error line:     refine lt_trans ?_ (by norm_num)
2025-04-13 14:46:01 - INFO - Testing fix: Original errors: 1, Fixed errors: 1
2025-04-13 14:46:01 - INFO - Result: False (introduced 1 new errors)
2025-04-13 14:46:01 - DEBUG - === New errors detail ===
2025-04-13 14:46:01 - DEBUG - New Error 1: line 24, type: rewrite_failed, message: tactic 'rewrite' failed, did not find instance of the pattern in the target expression
  -?a * ?b
f : ℝ → ℝ
h₀ : ∀ x < 0, f x = -x ^ 2 - 1
h₁ : ∀ (x : ℝ), 0 ≤ x ∧ x < 4 → f x = 2
h₂ : ∀ x ≥ 4, f x = √x
pi_pos : 0 < π
⊢ ?m.2749 < 4
2025-04-13 14:46:01 - INFO - Testing fragment: rw [mul_neg]
2025-04-13 14:46:01 - INFO - Original error line:     refine lt_trans ?_ (by norm_num)
2025-04-13 14:46:03 - INFO - Testing fix: Original errors: 1, Fixed errors: 1
2025-04-13 14:46:03 - INFO - Result: False (introduced 1 new errors)
2025-04-13 14:46:03 - DEBUG - === New errors detail ===
2025-04-13 14:46:03 - DEBUG - New Error 1: line 24, type: rewrite_failed, message: tactic 'rewrite' failed, did not find instance of the pattern in the target expression
  ?a * -?b
f : ℝ → ℝ
h₀ : ∀ x < 0, f x = -x ^ 2 - 1
h₁ : ∀ (x : ℝ), 0 ≤ x ∧ x < 4 → f x = 2
h₂ : ∀ x ≥ 4, f x = √x
pi_pos : 0 < π
⊢ ?m.2749 < 4
2025-04-13 14:46:03 - INFO - Testing fragment: rw [neg_mul_neg]
2025-04-13 14:46:03 - INFO - Original error line:     refine lt_trans ?_ (by norm_num)
2025-04-13 14:46:05 - INFO - Testing fix: Original errors: 1, Fixed errors: 1
2025-04-13 14:46:05 - INFO - Result: False (introduced 1 new errors)
2025-04-13 14:46:05 - DEBUG - === New errors detail ===
2025-04-13 14:46:05 - DEBUG - New Error 1: line 24, type: rewrite_failed, message: tactic 'rewrite' failed, did not find instance of the pattern in the target expression
  -?a * -?b
f : ℝ → ℝ
h₀ : ∀ x < 0, f x = -x ^ 2 - 1
h₁ : ∀ (x : ℝ), 0 ≤ x ∧ x < 4 → f x = 2
h₂ : ∀ x ≥ 4, f x = √x
pi_pos : 0 < π
⊢ ?m.2749 < 4
2025-04-13 14:46:05 - INFO - Testing fragment: rw [neg_mul_eq_neg_mul]
2025-04-13 14:46:05 - INFO - Original error line:     refine lt_trans ?_ (by norm_num)
2025-04-13 14:46:07 - INFO - Testing fix: Original errors: 1, Fixed errors: 1
2025-04-13 14:46:07 - INFO - Result: False (introduced 1 new errors)
2025-04-13 14:46:07 - DEBUG - === New errors detail ===
2025-04-13 14:46:07 - DEBUG - New Error 1: line 24, type: rewrite_failed, message: tactic 'rewrite' failed, did not find instance of the pattern in the target expression
  -(?a * ?b)
f : ℝ → ℝ
h₀ : ∀ x < 0, f x = -x ^ 2 - 1
h₁ : ∀ (x : ℝ), 0 ≤ x ∧ x < 4 → f x = 2
h₂ : ∀ x ≥ 4, f x = √x
pi_pos : 0 < π
⊢ ?m.2749 < 4
2025-04-13 14:46:07 - INFO - Testing fragment: rw [neg_mul_eq_mul_neg]
2025-04-13 14:46:07 - INFO - Original error line:     refine lt_trans ?_ (by norm_num)
2025-04-13 14:46:09 - INFO - Testing fix: Original errors: 1, Fixed errors: 1
2025-04-13 14:46:09 - INFO - Result: False (introduced 1 new errors)
2025-04-13 14:46:09 - DEBUG - === New errors detail ===
2025-04-13 14:46:09 - DEBUG - New Error 1: line 24, type: rewrite_failed, message: tactic 'rewrite' failed, did not find instance of the pattern in the target expression
  -(?a * ?b)
f : ℝ → ℝ
h₀ : ∀ x < 0, f x = -x ^ 2 - 1
h₁ : ∀ (x : ℝ), 0 ≤ x ∧ x < 4 → f x = 2
h₂ : ∀ x ≥ 4, f x = √x
pi_pos : 0 < π
⊢ ?m.2749 < 4
2025-04-13 14:46:09 - INFO - Testing fragment: rw [neg_mul_comm]
2025-04-13 14:46:09 - INFO - Original error line:     refine lt_trans ?_ (by norm_num)
2025-04-13 14:46:11 - INFO - Testing fix: Original errors: 1, Fixed errors: 1
2025-04-13 14:46:11 - INFO - Result: False (introduced 1 new errors)
2025-04-13 14:46:11 - DEBUG - === New errors detail ===
2025-04-13 14:46:11 - DEBUG - New Error 1: line 24, type: rewrite_failed, message: tactic 'rewrite' failed, did not find instance of the pattern in the target expression
  -?a * ?b
f : ℝ → ℝ
h₀ : ∀ x < 0, f x = -x ^ 2 - 1
h₁ : ∀ (x : ℝ), 0 ≤ x ∧ x < 4 → f x = 2
h₂ : ∀ x ≥ 4, f x = √x
pi_pos : 0 < π
⊢ ?m.2749 < 4
2025-04-13 14:46:11 - INFO - Testing fragment: rw [neg_eq_neg_one_mul]
2025-04-13 14:46:11 - INFO - Original error line:     refine lt_trans ?_ (by norm_num)
2025-04-13 14:46:13 - INFO - Testing fix: Original errors: 1, Fixed errors: 1
2025-04-13 14:46:13 - INFO - Result: False (introduced 1 new errors)
2025-04-13 14:46:13 - DEBUG - === New errors detail ===
2025-04-13 14:46:13 - DEBUG - New Error 1: line 24, type: rewrite_failed, message: tactic 'rewrite' failed, did not find instance of the pattern in the target expression
  -?a
f : ℝ → ℝ
h₀ : ∀ x < 0, f x = -x ^ 2 - 1
h₁ : ∀ (x : ℝ), 0 ≤ x ∧ x < 4 → f x = 2
h₂ : ∀ x ≥ 4, f x = √x
pi_pos : 0 < π
⊢ ?m.2749 < 4
2025-04-13 14:46:13 - INFO - Testing fragment: rw [mul_neg_one]
2025-04-13 14:46:13 - INFO - Original error line:     refine lt_trans ?_ (by norm_num)
2025-04-13 14:46:15 - INFO - Testing fix: Original errors: 1, Fixed errors: 1
2025-04-13 14:46:15 - INFO - Result: False (introduced 1 new errors)
2025-04-13 14:46:15 - DEBUG - === New errors detail ===
2025-04-13 14:46:15 - DEBUG - New Error 1: line 24, type: rewrite_failed, message: tactic 'rewrite' failed, did not find instance of the pattern in the target expression
  ?a * -1
f : ℝ → ℝ
h₀ : ∀ x < 0, f x = -x ^ 2 - 1
h₁ : ∀ (x : ℝ), 0 ≤ x ∧ x < 4 → f x = 2
h₂ : ∀ x ≥ 4, f x = √x
pi_pos : 0 < π
⊢ ?m.2749 < 4
2025-04-13 14:46:15 - INFO - Testing fragment: rw [neg_one_mul]
2025-04-13 14:46:15 - INFO - Original error line:     refine lt_trans ?_ (by norm_num)
2025-04-13 14:46:17 - INFO - Testing fix: Original errors: 1, Fixed errors: 1
2025-04-13 14:46:17 - INFO - Result: False (introduced 1 new errors)
2025-04-13 14:46:17 - DEBUG - === New errors detail ===
2025-04-13 14:46:17 - DEBUG - New Error 1: line 24, type: rewrite_failed, message: tactic 'rewrite' failed, did not find instance of the pattern in the target expression
  -1 * ?a
f : ℝ → ℝ
h₀ : ∀ x < 0, f x = -x ^ 2 - 1
h₁ : ∀ (x : ℝ), 0 ≤ x ∧ x < 4 → f x = 2
h₂ : ∀ x ≥ 4, f x = √x
pi_pos : 0 < π
⊢ ?m.2749 < 4
2025-04-13 14:46:17 - INFO - Testing fragment: rw [mul_sub_left_distrib]
2025-04-13 14:46:17 - INFO - Original error line:     refine lt_trans ?_ (by norm_num)
2025-04-13 14:46:19 - INFO - Testing fix: Original errors: 1, Fixed errors: 1
2025-04-13 14:46:19 - INFO - Result: False (introduced 1 new errors)
2025-04-13 14:46:19 - DEBUG - === New errors detail ===
2025-04-13 14:46:19 - DEBUG - New Error 1: line 24, type: rewrite_failed, message: tactic 'rewrite' failed, did not find instance of the pattern in the target expression
  ?a * (?b - ?c)
f : ℝ → ℝ
h₀ : ∀ x < 0, f x = -x ^ 2 - 1
h₁ : ∀ (x : ℝ), 0 ≤ x ∧ x < 4 → f x = 2
h₂ : ∀ x ≥ 4, f x = √x
pi_pos : 0 < π
⊢ ?m.2749 < 4
2025-04-13 14:46:19 - INFO - Testing fragment: rw [mul_sub_right_distrib]
2025-04-13 14:46:19 - INFO - Original error line:     refine lt_trans ?_ (by norm_num)
2025-04-13 14:46:21 - INFO - Testing fix: Original errors: 1, Fixed errors: 1
2025-04-13 14:46:21 - INFO - Result: False (introduced 1 new errors)
2025-04-13 14:46:21 - DEBUG - === New errors detail ===
2025-04-13 14:46:21 - DEBUG - New Error 1: line 24, type: rewrite_failed, message: tactic 'rewrite' failed, did not find instance of the pattern in the target expression
  (?a - ?b) * ?c
f : ℝ → ℝ
h₀ : ∀ x < 0, f x = -x ^ 2 - 1
h₁ : ∀ (x : ℝ), 0 ≤ x ∧ x < 4 → f x = 2
h₂ : ∀ x ≥ 4, f x = √x
pi_pos : 0 < π
⊢ ?m.2749 < 4
2025-04-13 14:46:21 - INFO - Testing fragment: rw [sub_one_mul]
2025-04-13 14:46:21 - INFO - Original error line:     refine lt_trans ?_ (by norm_num)
2025-04-13 14:46:23 - INFO - Testing fix: Original errors: 1, Fixed errors: 1
2025-04-13 14:46:23 - INFO - Result: False (introduced 1 new errors)
2025-04-13 14:46:23 - DEBUG - === New errors detail ===
2025-04-13 14:46:23 - DEBUG - New Error 1: line 24, type: rewrite_failed, message: tactic 'rewrite' failed, did not find instance of the pattern in the target expression
  (?a - 1) * ?b
f : ℝ → ℝ
h₀ : ∀ x < 0, f x = -x ^ 2 - 1
h₁ : ∀ (x : ℝ), 0 ≤ x ∧ x < 4 → f x = 2
h₂ : ∀ x ≥ 4, f x = √x
pi_pos : 0 < π
⊢ ?m.2749 < 4
2025-04-13 14:46:23 - INFO - Testing fragment: rw [mul_sub_one]
2025-04-13 14:46:23 - INFO - Original error line:     refine lt_trans ?_ (by norm_num)
2025-04-13 14:46:25 - INFO - Testing fix: Original errors: 1, Fixed errors: 1
2025-04-13 14:46:25 - INFO - Result: False (introduced 1 new errors)
2025-04-13 14:46:25 - DEBUG - === New errors detail ===
2025-04-13 14:46:25 - DEBUG - New Error 1: line 24, type: rewrite_failed, message: tactic 'rewrite' failed, did not find instance of the pattern in the target expression
  ?a * (?b - 1)
f : ℝ → ℝ
h₀ : ∀ x < 0, f x = -x ^ 2 - 1
h₁ : ∀ (x : ℝ), 0 ≤ x ∧ x < 4 → f x = 2
h₂ : ∀ x ≥ 4, f x = √x
pi_pos : 0 < π
⊢ ?m.2749 < 4
2025-04-13 14:46:25 - INFO - Testing fragment: rw [one_sub_mul]
2025-04-13 14:46:25 - INFO - Original error line:     refine lt_trans ?_ (by norm_num)
2025-04-13 14:46:27 - INFO - Testing fix: Original errors: 1, Fixed errors: 1
2025-04-13 14:46:27 - INFO - Result: False (introduced 1 new errors)
2025-04-13 14:46:27 - DEBUG - === New errors detail ===
2025-04-13 14:46:27 - DEBUG - New Error 1: line 24, type: rewrite_failed, message: tactic 'rewrite' failed, did not find instance of the pattern in the target expression
  (1 - ?a) * ?b
f : ℝ → ℝ
h₀ : ∀ x < 0, f x = -x ^ 2 - 1
h₁ : ∀ (x : ℝ), 0 ≤ x ∧ x < 4 → f x = 2
h₂ : ∀ x ≥ 4, f x = √x
pi_pos : 0 < π
⊢ ?m.2749 < 4
2025-04-13 14:46:27 - INFO - Testing fragment: rw [mul_one_sub]
2025-04-13 14:46:27 - INFO - Original error line:     refine lt_trans ?_ (by norm_num)
2025-04-13 14:46:29 - INFO - Testing fix: Original errors: 1, Fixed errors: 1
2025-04-13 14:46:29 - INFO - Result: False (introduced 1 new errors)
2025-04-13 14:46:29 - DEBUG - === New errors detail ===
2025-04-13 14:46:29 - DEBUG - New Error 1: line 24, type: rewrite_failed, message: tactic 'rewrite' failed, did not find instance of the pattern in the target expression
  ?a * (1 - ?b)
f : ℝ → ℝ
h₀ : ∀ x < 0, f x = -x ^ 2 - 1
h₁ : ∀ (x : ℝ), 0 ≤ x ∧ x < 4 → f x = 2
h₂ : ∀ x ≥ 4, f x = √x
pi_pos : 0 < π
⊢ ?m.2749 < 4
2025-04-13 14:46:29 - INFO - Testing fragment: rw [mul_left_cancel]
2025-04-13 14:46:29 - INFO - Original error line:     refine lt_trans ?_ (by norm_num)
2025-04-13 14:46:31 - INFO - Testing fix: Original errors: 1, Fixed errors: 1
2025-04-13 14:46:31 - INFO - Result: False (introduced 1 new errors)
2025-04-13 14:46:31 - DEBUG - === New errors detail ===
2025-04-13 14:46:31 - DEBUG - New Error 1: line 24, type: rewrite_failed, message: tactic 'rewrite' failed, pattern is a metavariable
  ?m.2845
from equation
  ?m.2845 = ?m.2846
f : ℝ → ℝ
h₀ : ∀ x < 0, f x = -x ^ 2 - 1
h₁ : ∀ (x : ℝ), 0 ≤ x ∧ x < 4 → f x = 2
h₂ : ∀ x ≥ 4, f x = √x
pi_pos : 0 < π
⊢ ?m.2749 < 4
2025-04-13 14:46:31 - INFO - Testing fragment: rw [mul_left_cancel_iff]
2025-04-13 14:46:31 - INFO - Original error line:     refine lt_trans ?_ (by norm_num)
2025-04-13 14:46:33 - INFO - Testing fix: Original errors: 1, Fixed errors: 1
2025-04-13 14:46:33 - INFO - Result: False (introduced 1 new errors)
2025-04-13 14:46:33 - DEBUG - === New errors detail ===
2025-04-13 14:46:33 - DEBUG - New Error 1: line 24, type: rewrite_failed, message: tactic 'rewrite' failed, did not find instance of the pattern in the target expression
  ?m.2844 * ?m.2845 = ?m.2844 * ?m.2846
f : ℝ → ℝ
h₀ : ∀ x < 0, f x = -x ^ 2 - 1
h₁ : ∀ (x : ℝ), 0 ≤ x ∧ x < 4 → f x = 2
h₂ : ∀ x ≥ 4, f x = √x
pi_pos : 0 < π
⊢ ?m.2749 < 4
2025-04-13 14:46:33 - INFO - Testing fragment: rw [mul_right_injective]
2025-04-13 14:46:33 - INFO - Original error line:     refine lt_trans ?_ (by norm_num)
2025-04-13 14:46:35 - INFO - Testing fix: Original errors: 1, Fixed errors: 1
2025-04-13 14:46:35 - INFO - Result: False (introduced 1 new errors)
2025-04-13 14:46:35 - DEBUG - === New errors detail ===
2025-04-13 14:46:35 - DEBUG - New Error 1: line 24, type: rewrite_failed, message: tactic 'rewrite' failed, pattern is a metavariable
  ?a₁
from equation
  ?a₁ = ?a₂
f : ℝ → ℝ
h₀ : ∀ x < 0, f x = -x ^ 2 - 1
h₁ : ∀ (x : ℝ), 0 ≤ x ∧ x < 4 → f x = 2
h₂ : ∀ x ≥ 4, f x = √x
pi_pos : 0 < π
⊢ ?m.2749 < 4
2025-04-13 14:46:35 - INFO - Testing fragment: rw [mul_right_inj]
2025-04-13 14:46:35 - INFO - Original error line:     refine lt_trans ?_ (by norm_num)
2025-04-13 14:46:37 - INFO - Testing fix: Original errors: 1, Fixed errors: 1
2025-04-13 14:46:37 - INFO - Result: False (introduced 1 new errors)
2025-04-13 14:46:37 - DEBUG - === New errors detail ===
2025-04-13 14:46:37 - DEBUG - New Error 1: line 24, type: rewrite_failed, message: tactic 'rewrite' failed, did not find instance of the pattern in the target expression
  ?a * ?b = ?a * ?c
f : ℝ → ℝ
h₀ : ∀ x < 0, f x = -x ^ 2 - 1
h₁ : ∀ (x : ℝ), 0 ≤ x ∧ x < 4 → f x = 2
h₂ : ∀ x ≥ 4, f x = √x
pi_pos : 0 < π
⊢ ?m.2749 < 4
2025-04-13 14:46:37 - INFO - Testing fragment: rw [mul_ne_mul_right]
2025-04-13 14:46:37 - INFO - Original error line:     refine lt_trans ?_ (by norm_num)
2025-04-13 14:46:39 - INFO - Testing fix: Original errors: 1, Fixed errors: 1
2025-04-13 14:46:39 - INFO - Result: False (introduced 1 new errors)
2025-04-13 14:46:39 - DEBUG - === New errors detail ===
2025-04-13 14:46:39 - DEBUG - New Error 1: line 24, type: rewrite_failed, message: tactic 'rewrite' failed, did not find instance of the pattern in the target expression
  ?a * ?b ≠ ?a * ?c
f : ℝ → ℝ
h₀ : ∀ x < 0, f x = -x ^ 2 - 1
h₁ : ∀ (x : ℝ), 0 ≤ x ∧ x < 4 → f x = 2
h₂ : ∀ x ≥ 4, f x = √x
pi_pos : 0 < π
⊢ ?m.2749 < 4
2025-04-13 14:46:39 - INFO - Testing fragment: rw [mul_right_cancel]
2025-04-13 14:46:39 - INFO - Original error line:     refine lt_trans ?_ (by norm_num)
2025-04-13 14:46:41 - INFO - Testing fix: Original errors: 1, Fixed errors: 1
2025-04-13 14:46:41 - INFO - Result: False (introduced 1 new errors)
2025-04-13 14:46:41 - DEBUG - === New errors detail ===
2025-04-13 14:46:41 - DEBUG - New Error 1: line 24, type: rewrite_failed, message: tactic 'rewrite' failed, pattern is a metavariable
  ?m.2844
from equation
  ?m.2844 = ?m.2846
f : ℝ → ℝ
h₀ : ∀ x < 0, f x = -x ^ 2 - 1
h₁ : ∀ (x : ℝ), 0 ≤ x ∧ x < 4 → f x = 2
h₂ : ∀ x ≥ 4, f x = √x
pi_pos : 0 < π
⊢ ?m.2749 < 4
2025-04-13 14:46:41 - INFO - Testing fragment: rw [mul_right_cancel_iff]
2025-04-13 14:46:41 - INFO - Original error line:     refine lt_trans ?_ (by norm_num)
2025-04-13 14:46:43 - INFO - Testing fix: Original errors: 1, Fixed errors: 1
2025-04-13 14:46:43 - INFO - Result: False (introduced 1 new errors)
2025-04-13 14:46:43 - DEBUG - === New errors detail ===
2025-04-13 14:46:43 - DEBUG - New Error 1: line 24, type: rewrite_failed, message: tactic 'rewrite' failed, did not find instance of the pattern in the target expression
  ?m.2845 * ?m.2844 = ?m.2846 * ?m.2844
f : ℝ → ℝ
h₀ : ∀ x < 0, f x = -x ^ 2 - 1
h₁ : ∀ (x : ℝ), 0 ≤ x ∧ x < 4 → f x = 2
h₂ : ∀ x ≥ 4, f x = √x
pi_pos : 0 < π
⊢ ?m.2749 < 4
2025-04-13 14:46:43 - INFO - Testing fragment: rw [mul_left_injective]
2025-04-13 14:46:43 - INFO - Original error line:     refine lt_trans ?_ (by norm_num)
2025-04-13 14:46:45 - INFO - Testing fix: Original errors: 1, Fixed errors: 1
2025-04-13 14:46:45 - INFO - Result: False (introduced 1 new errors)
2025-04-13 14:46:45 - DEBUG - === New errors detail ===
2025-04-13 14:46:45 - DEBUG - New Error 1: line 24, type: rewrite_failed, message: tactic 'rewrite' failed, pattern is a metavariable
  ?a₁
from equation
  ?a₁ = ?a₂
f : ℝ → ℝ
h₀ : ∀ x < 0, f x = -x ^ 2 - 1
h₁ : ∀ (x : ℝ), 0 ≤ x ∧ x < 4 → f x = 2
h₂ : ∀ x ≥ 4, f x = √x
pi_pos : 0 < π
⊢ ?m.2749 < 4
2025-04-13 14:46:45 - INFO - Testing fragment: rw [mul_left_inj]
2025-04-13 14:46:45 - INFO - Original error line:     refine lt_trans ?_ (by norm_num)
2025-04-13 14:46:47 - INFO - Testing fix: Original errors: 1, Fixed errors: 1
2025-04-13 14:46:47 - INFO - Result: False (introduced 1 new errors)
2025-04-13 14:46:47 - DEBUG - === New errors detail ===
2025-04-13 14:46:47 - DEBUG - New Error 1: line 24, type: rewrite_failed, message: tactic 'rewrite' failed, did not find instance of the pattern in the target expression
  ?b * ?a = ?c * ?a
f : ℝ → ℝ
h₀ : ∀ x < 0, f x = -x ^ 2 - 1
h₁ : ∀ (x : ℝ), 0 ≤ x ∧ x < 4 → f x = 2
h₂ : ∀ x ≥ 4, f x = √x
pi_pos : 0 < π
⊢ ?m.2749 < 4
2025-04-13 14:46:47 - INFO - Testing fragment: rw [mul_ne_mul_left]
2025-04-13 14:46:47 - INFO - Original error line:     refine lt_trans ?_ (by norm_num)
2025-04-13 14:46:49 - INFO - Testing fix: Original errors: 1, Fixed errors: 1
2025-04-13 14:46:49 - INFO - Result: False (introduced 1 new errors)
2025-04-13 14:46:49 - DEBUG - === New errors detail ===
2025-04-13 14:46:49 - DEBUG - New Error 1: line 24, type: rewrite_failed, message: tactic 'rewrite' failed, did not find instance of the pattern in the target expression
  ?b * ?a ≠ ?c * ?a
f : ℝ → ℝ
h₀ : ∀ x < 0, f x = -x ^ 2 - 1
h₁ : ∀ (x : ℝ), 0 ≤ x ∧ x < 4 → f x = 2
h₂ : ∀ x ≥ 4, f x = √x
pi_pos : 0 < π
⊢ ?m.2749 < 4
2025-04-13 14:46:49 - INFO - Testing fragment: rw [mul_assoc]
2025-04-13 14:46:49 - INFO - Original error line:     refine lt_trans ?_ (by norm_num)
2025-04-13 14:46:51 - INFO - Testing fix: Original errors: 1, Fixed errors: 1
2025-04-13 14:46:51 - INFO - Result: False (introduced 1 new errors)
2025-04-13 14:46:51 - DEBUG - === New errors detail ===
2025-04-13 14:46:51 - DEBUG - New Error 1: line 24, type: rewrite_failed, message: tactic 'rewrite' failed, did not find instance of the pattern in the target expression
  ?a * ?b * ?c
f : ℝ → ℝ
h₀ : ∀ x < 0, f x = -x ^ 2 - 1
h₁ : ∀ (x : ℝ), 0 ≤ x ∧ x < 4 → f x = 2
h₂ : ∀ x ≥ 4, f x = √x
pi_pos : 0 < π
⊢ ?m.2749 < 4
2025-04-13 14:46:51 - INFO - Testing fragment: rw [mul_comm]
2025-04-13 14:46:51 - INFO - Original error line:     refine lt_trans ?_ (by norm_num)
2025-04-13 14:46:53 - INFO - Testing fix: Original errors: 1, Fixed errors: 1
2025-04-13 14:46:53 - INFO - Result: False (introduced 1 new errors)
2025-04-13 14:46:53 - DEBUG - === New errors detail ===
2025-04-13 14:46:53 - DEBUG - New Error 1: line 24, type: rewrite_failed, message: tactic 'rewrite' failed, did not find instance of the pattern in the target expression
  ?a * ?b
f : ℝ → ℝ
h₀ : ∀ x < 0, f x = -x ^ 2 - 1
h₁ : ∀ (x : ℝ), 0 ≤ x ∧ x < 4 → f x = 2
h₂ : ∀ x ≥ 4, f x = √x
pi_pos : 0 < π
⊢ ?m.2749 < 4
2025-04-13 14:46:53 - INFO - Testing fragment: rw [MulOneClass]
2025-04-13 14:46:53 - INFO - Original error line:     refine lt_trans ?_ (by norm_num)
2025-04-13 14:46:55 - INFO - Testing fix: Original errors: 1, Fixed errors: 1
2025-04-13 14:46:55 - INFO - Result: False (introduced 1 new errors)
2025-04-13 14:46:55 - DEBUG - === New errors detail ===
2025-04-13 14:46:55 - DEBUG - New Error 1: line 24, type: rewrite_failed, message: tactic 'rewrite' failed, equality or iff proof expected
  Type ?u.2840
f : ℝ → ℝ
h₀ : ∀ x < 0, f x = -x ^ 2 - 1
h₁ : ∀ (x : ℝ), 0 ≤ x ∧ x < 4 → f x = 2
h₂ : ∀ x ≥ 4, f x = √x
pi_pos : 0 < π
⊢ ?m.2749 < 4
2025-04-13 14:46:55 - INFO - Testing fragment: rw [one_mul]
2025-04-13 14:46:55 - INFO - Original error line:     refine lt_trans ?_ (by norm_num)
2025-04-13 14:46:57 - INFO - Testing fix: Original errors: 1, Fixed errors: 1
2025-04-13 14:46:57 - INFO - Result: False (introduced 1 new errors)
2025-04-13 14:46:57 - DEBUG - === New errors detail ===
2025-04-13 14:46:57 - DEBUG - New Error 1: line 24, type: rewrite_failed, message: tactic 'rewrite' failed, did not find instance of the pattern in the target expression
  1 * ?a
f : ℝ → ℝ
h₀ : ∀ x < 0, f x = -x ^ 2 - 1
h₁ : ∀ (x : ℝ), 0 ≤ x ∧ x < 4 → f x = 2
h₂ : ∀ x ≥ 4, f x = √x
pi_pos : 0 < π
⊢ ?m.2749 < 4
2025-04-13 14:46:57 - INFO - Testing fragment: rw [mul_one]
2025-04-13 14:46:57 - INFO - Original error line:     refine lt_trans ?_ (by norm_num)
2025-04-13 14:46:59 - INFO - Testing fix: Original errors: 1, Fixed errors: 1
2025-04-13 14:46:59 - INFO - Result: False (introduced 1 new errors)
2025-04-13 14:46:59 - DEBUG - === New errors detail ===
2025-04-13 14:46:59 - DEBUG - New Error 1: line 24, type: rewrite_failed, message: tactic 'rewrite' failed, did not find instance of the pattern in the target expression
  ?a * 1
f : ℝ → ℝ
h₀ : ∀ x < 0, f x = -x ^ 2 - 1
h₁ : ∀ (x : ℝ), 0 ≤ x ∧ x < 4 → f x = 2
h₂ : ∀ x ≥ 4, f x = √x
pi_pos : 0 < π
⊢ ?m.2749 < 4
2025-04-13 14:46:59 - INFO - Testing fragment: rw [npowRec_add]
2025-04-13 14:46:59 - INFO - Original error line:     refine lt_trans ?_ (by norm_num)
2025-04-13 14:47:01 - INFO - Testing fix: Original errors: 1, Fixed errors: 2
2025-04-13 14:47:01 - INFO - Result: False (introduced 2 new errors)
2025-04-13 14:47:01 - DEBUG - === New errors detail ===
2025-04-13 14:47:01 - DEBUG - New Error 1: line 24, type: unknown_identifier, message: unknown identifier 'npowRec_add'
2025-04-13 14:47:01 - DEBUG - New Error 2: line 24, type: rewrite_failed, message: tactic 'rewrite' failed, equality or iff proof expected
  ?m.2840
f : ℝ → ℝ
h₀ : ∀ x < 0, f x = -x ^ 2 - 1
h₁ : ∀ (x : ℝ), 0 ≤ x ∧ x < 4 → f x = 2
h₂ : ∀ x ≥ 4, f x = √x
pi_pos : 0 < π
⊢ ?m.2749 < 4
2025-04-13 14:47:01 - INFO - Testing fragment: rw [npowRec_succ]
2025-04-13 14:47:01 - INFO - Original error line:     refine lt_trans ?_ (by norm_num)
2025-04-13 14:47:03 - INFO - Testing fix: Original errors: 1, Fixed errors: 2
2025-04-13 14:47:03 - INFO - Result: False (introduced 2 new errors)
2025-04-13 14:47:03 - DEBUG - === New errors detail ===
2025-04-13 14:47:03 - DEBUG - New Error 1: line 24, type: unknown_identifier, message: unknown identifier 'npowRec_succ'
2025-04-13 14:47:03 - DEBUG - New Error 2: line 24, type: rewrite_failed, message: tactic 'rewrite' failed, equality or iff proof expected
  ?m.2840
f : ℝ → ℝ
h₀ : ∀ x < 0, f x = -x ^ 2 - 1
h₁ : ∀ (x : ℝ), 0 ≤ x ∧ x < 4 → f x = 2
h₂ : ∀ x ≥ 4, f x = √x
pi_pos : 0 < π
⊢ ?m.2749 < 4
2025-04-13 14:47:03 - INFO - Testing fragment: rw [npowRec'_succ]
2025-04-13 14:47:03 - INFO - Original error line:     refine lt_trans ?_ (by norm_num)
2025-04-13 14:47:05 - INFO - Testing fix: Original errors: 1, Fixed errors: 2
2025-04-13 14:47:05 - INFO - Result: False (introduced 2 new errors)
2025-04-13 14:47:05 - DEBUG - === New errors detail ===
2025-04-13 14:47:05 - DEBUG - New Error 1: line 24, type: unknown_identifier, message: unknown identifier 'npowRec'_succ'
2025-04-13 14:47:05 - DEBUG - New Error 2: line 24, type: rewrite_failed, message: tactic 'rewrite' failed, equality or iff proof expected
  ?m.2840
f : ℝ → ℝ
h₀ : ∀ x < 0, f x = -x ^ 2 - 1
h₁ : ∀ (x : ℝ), 0 ≤ x ∧ x < 4 → f x = 2
h₂ : ∀ x ≥ 4, f x = √x
pi_pos : 0 < π
⊢ ?m.2749 < 4
2025-04-13 14:47:05 - INFO - Testing fragment: rw [npowRec'_two_mul]
2025-04-13 14:47:05 - INFO - Original error line:     refine lt_trans ?_ (by norm_num)
2025-04-13 14:47:07 - INFO - Testing fix: Original errors: 1, Fixed errors: 2
2025-04-13 14:47:07 - INFO - Result: False (introduced 2 new errors)
2025-04-13 14:47:07 - DEBUG - === New errors detail ===
2025-04-13 14:47:07 - DEBUG - New Error 1: line 24, type: unknown_identifier, message: unknown identifier 'npowRec'_two_mul'
2025-04-13 14:47:07 - DEBUG - New Error 2: line 24, type: rewrite_failed, message: tactic 'rewrite' failed, equality or iff proof expected
  ?m.2840
f : ℝ → ℝ
h₀ : ∀ x < 0, f x = -x ^ 2 - 1
h₁ : ∀ (x : ℝ), 0 ≤ x ∧ x < 4 → f x = 2
h₂ : ∀ x ≥ 4, f x = √x
pi_pos : 0 < π
⊢ ?m.2749 < 4
2025-04-13 14:47:07 - INFO - Testing fragment: rw [npowRec'_mul_comm]
2025-04-13 14:47:07 - INFO - Original error line:     refine lt_trans ?_ (by norm_num)
2025-04-13 14:47:09 - INFO - Testing fix: Original errors: 1, Fixed errors: 2
2025-04-13 14:47:09 - INFO - Result: False (introduced 2 new errors)
2025-04-13 14:47:09 - DEBUG - === New errors detail ===
2025-04-13 14:47:09 - DEBUG - New Error 1: line 24, type: unknown_identifier, message: unknown identifier 'npowRec'_mul_comm'
2025-04-13 14:47:09 - DEBUG - New Error 2: line 24, type: rewrite_failed, message: tactic 'rewrite' failed, equality or iff proof expected
  ?m.2840
f : ℝ → ℝ
h₀ : ∀ x < 0, f x = -x ^ 2 - 1
h₁ : ∀ (x : ℝ), 0 ≤ x ∧ x < 4 → f x = 2
h₂ : ∀ x ≥ 4, f x = √x
pi_pos : 0 < π
⊢ ?m.2749 < 4
2025-04-13 14:47:09 - INFO - Testing fragment: rw [npowRec_eq]
2025-04-13 14:47:09 - INFO - Original error line:     refine lt_trans ?_ (by norm_num)
2025-04-13 14:47:11 - INFO - Testing fix: Original errors: 1, Fixed errors: 2
2025-04-13 14:47:11 - INFO - Result: False (introduced 2 new errors)
2025-04-13 14:47:11 - DEBUG - === New errors detail ===
2025-04-13 14:47:11 - DEBUG - New Error 1: line 24, type: unknown_identifier, message: unknown identifier 'npowRec_eq'
2025-04-13 14:47:11 - DEBUG - New Error 2: line 24, type: rewrite_failed, message: tactic 'rewrite' failed, equality or iff proof expected
  ?m.2840
f : ℝ → ℝ
h₀ : ∀ x < 0, f x = -x ^ 2 - 1
h₁ : ∀ (x : ℝ), 0 ≤ x ∧ x < 4 → f x = 2
h₂ : ∀ x ≥ 4, f x = √x
pi_pos : 0 < π
⊢ ?m.2749 < 4
2025-04-13 14:47:11 - INFO - Testing fragment: rw [npowBinRec]
2025-04-13 14:47:11 - INFO - Original error line:     refine lt_trans ?_ (by norm_num)
2025-04-13 14:47:13 - INFO - Testing fix: Original errors: 1, Fixed errors: 2
2025-04-13 14:47:13 - INFO - Result: False (introduced 2 new errors)
2025-04-13 14:47:13 - DEBUG - === New errors detail ===
2025-04-13 14:47:13 - DEBUG - New Error 1: line 24, type: unknown_identifier, message: unknown identifier 'npowBinRec'
2025-04-13 14:47:13 - DEBUG - New Error 2: line 24, type: rewrite_failed, message: tactic 'rewrite' failed, equality or iff proof expected
  ?m.2840
f : ℝ → ℝ
h₀ : ∀ x < 0, f x = -x ^ 2 - 1
h₁ : ∀ (x : ℝ), 0 ≤ x ∧ x < 4 → f x = 2
h₂ : ∀ x ≥ 4, f x = √x
pi_pos : 0 < π
⊢ ?m.2749 < 4
2025-04-13 14:47:13 - INFO - Testing fragment: rw [npowRec_eq_npowBinRec]
2025-04-13 14:47:13 - INFO - Original error line:     refine lt_trans ?_ (by norm_num)
2025-04-13 14:47:15 - INFO - Testing fix: Original errors: 1, Fixed errors: 2
2025-04-13 14:47:15 - INFO - Result: False (introduced 2 new errors)
2025-04-13 14:47:15 - DEBUG - === New errors detail ===
2025-04-13 14:47:15 - DEBUG - New Error 1: line 24, type: unknown_identifier, message: unknown identifier 'npowRec_eq_npowBinRec'
2025-04-13 14:47:15 - DEBUG - New Error 2: line 24, type: rewrite_failed, message: tactic 'rewrite' failed, equality or iff proof expected
  ?m.2840
f : ℝ → ℝ
h₀ : ∀ x < 0, f x = -x ^ 2 - 1
h₁ : ∀ (x : ℝ), 0 ≤ x ∧ x < 4 → f x = 2
h₂ : ∀ x ≥ 4, f x = √x
pi_pos : 0 < π
⊢ ?m.2749 < 4
2025-04-13 14:47:15 - INFO - Testing fragment: rw [npow_eq_pow]
2025-04-13 14:47:15 - INFO - Original error line:     refine lt_trans ?_ (by norm_num)
2025-04-13 14:47:17 - INFO - Testing fix: Original errors: 1, Fixed errors: 1
2025-04-13 14:47:17 - INFO - Result: False (introduced 1 new errors)
2025-04-13 14:47:17 - DEBUG - === New errors detail ===
2025-04-13 14:47:17 - DEBUG - New Error 1: line 24, type: rewrite_failed, message: tactic 'rewrite' failed, did not find instance of the pattern in the target expression
  Monoid.npow ?n ?x
f : ℝ → ℝ
h₀ : ∀ x < 0, f x = -x ^ 2 - 1
h₁ : ∀ (x : ℝ), 0 ≤ x ∧ x < 4 → f x = 2
h₂ : ∀ x ≥ 4, f x = √x
pi_pos : 0 < π
⊢ ?m.2749 < 4
2025-04-13 14:47:17 - INFO - Testing fragment: rw [pow_zero]
2025-04-13 14:47:17 - INFO - Original error line:     refine lt_trans ?_ (by norm_num)
2025-04-13 14:47:19 - INFO - Testing fix: Original errors: 1, Fixed errors: 1
2025-04-13 14:47:19 - INFO - Result: False (introduced 1 new errors)
2025-04-13 14:47:19 - DEBUG - === New errors detail ===
2025-04-13 14:47:19 - DEBUG - New Error 1: line 24, type: rewrite_failed, message: tactic 'rewrite' failed, did not find instance of the pattern in the target expression
  ?a ^ 0
f : ℝ → ℝ
h₀ : ∀ x < 0, f x = -x ^ 2 - 1
h₁ : ∀ (x : ℝ), 0 ≤ x ∧ x < 4 → f x = 2
h₂ : ∀ x ≥ 4, f x = √x
pi_pos : 0 < π
⊢ ?m.2749 < 4
2025-04-13 14:47:19 - INFO - Testing fragment: rw [pow_succ]
2025-04-13 14:47:19 - INFO - Original error line:     refine lt_trans ?_ (by norm_num)
2025-04-13 14:47:21 - INFO - Testing fix: Original errors: 1, Fixed errors: 1
2025-04-13 14:47:21 - INFO - Result: False (introduced 1 new errors)
2025-04-13 14:47:21 - DEBUG - === New errors detail ===
2025-04-13 14:47:21 - DEBUG - New Error 1: line 24, type: rewrite_failed, message: tactic 'rewrite' failed, did not find instance of the pattern in the target expression
  ?a ^ (?n + 1)
f : ℝ → ℝ
h₀ : ∀ x < 0, f x = -x ^ 2 - 1
h₁ : ∀ (x : ℝ), 0 ≤ x ∧ x < 4 → f x = 2
h₂ : ∀ x ≥ 4, f x = √x
pi_pos : 0 < π
⊢ ?m.2749 < 4
2025-04-13 14:47:21 - INFO - Testing fragment: rw [inv_inv]
2025-04-13 14:47:21 - INFO - Original error line:     refine lt_trans ?_ (by norm_num)
2025-04-13 14:47:23 - INFO - Testing fix: Original errors: 1, Fixed errors: 1
2025-04-13 14:47:23 - INFO - Result: False (introduced 1 new errors)
2025-04-13 14:47:23 - DEBUG - === New errors detail ===
2025-04-13 14:47:23 - DEBUG - New Error 1: line 24, type: rewrite_failed, message: tactic 'rewrite' failed, did not find instance of the pattern in the target expression
  ?a⁻¹⁻¹
f : ℝ → ℝ
h₀ : ∀ x < 0, f x = -x ^ 2 - 1
h₁ : ∀ (x : ℝ), 0 ≤ x ∧ x < 4 → f x = 2
h₂ : ∀ x ≥ 4, f x = √x
pi_pos : 0 < π
⊢ ?m.2749 < 4
2025-04-13 14:47:23 - INFO - Testing fragment: rw [exists_zpow_surjective]
2025-04-13 14:47:23 - INFO - Original error line:     refine lt_trans ?_ (by norm_num)
2025-04-13 14:47:25 - INFO - Testing fix: Original errors: 1, Fixed errors: 2
2025-04-13 14:47:25 - INFO - Result: False (introduced 2 new errors)
2025-04-13 14:47:25 - DEBUG - === New errors detail ===
2025-04-13 14:47:25 - DEBUG - New Error 1: line 24, type: unknown_identifier, message: unknown identifier 'exists_zpow_surjective'
2025-04-13 14:47:25 - DEBUG - New Error 2: line 24, type: rewrite_failed, message: tactic 'rewrite' failed, equality or iff proof expected
  ?m.2840
f : ℝ → ℝ
h₀ : ∀ x < 0, f x = -x ^ 2 - 1
h₁ : ∀ (x : ℝ), 0 ≤ x ∧ x < 4 → f x = 2
h₂ : ∀ x ≥ 4, f x = √x
pi_pos : 0 < π
⊢ ?m.2749 < 4
2025-04-13 14:47:25 - INFO - Testing fragment: rw [zpow_eq_pow]
2025-04-13 14:47:25 - INFO - Original error line:     refine lt_trans ?_ (by norm_num)
2025-04-13 14:47:27 - INFO - Testing fix: Original errors: 1, Fixed errors: 1
2025-04-13 14:47:27 - INFO - Result: False (introduced 1 new errors)
2025-04-13 14:47:27 - DEBUG - === New errors detail ===
2025-04-13 14:47:27 - DEBUG - New Error 1: line 24, type: rewrite_failed, message: tactic 'rewrite' failed, did not find instance of the pattern in the target expression
  DivInvMonoid.zpow ?n ?x
f : ℝ → ℝ
h₀ : ∀ x < 0, f x = -x ^ 2 - 1
h₁ : ∀ (x : ℝ), 0 ≤ x ∧ x < 4 → f x = 2
h₂ : ∀ x ≥ 4, f x = √x
pi_pos : 0 < π
⊢ ?m.2749 < 4
2025-04-13 14:47:27 - INFO - Testing fragment: rw [zpow_zero]
2025-04-13 14:47:27 - INFO - Original error line:     refine lt_trans ?_ (by norm_num)
2025-04-13 14:47:29 - INFO - Testing fix: Original errors: 1, Fixed errors: 1
2025-04-13 14:47:29 - INFO - Result: False (introduced 1 new errors)
2025-04-13 14:47:29 - DEBUG - === New errors detail ===
2025-04-13 14:47:29 - DEBUG - New Error 1: line 24, type: rewrite_failed, message: tactic 'rewrite' failed, did not find instance of the pattern in the target expression
  ?a ^ 0
f : ℝ → ℝ
h₀ : ∀ x < 0, f x = -x ^ 2 - 1
h₁ : ∀ (x : ℝ), 0 ≤ x ∧ x < 4 → f x = 2
h₂ : ∀ x ≥ 4, f x = √x
pi_pos : 0 < π
⊢ ?m.2749 < 4
2025-04-13 14:47:29 - INFO - Testing fragment: rw [zpow_natCast]
2025-04-13 14:47:29 - INFO - Original error line:     refine lt_trans ?_ (by norm_num)
2025-04-13 14:47:31 - INFO - Testing fix: Original errors: 1, Fixed errors: 1
2025-04-13 14:47:31 - INFO - Result: False (introduced 1 new errors)
2025-04-13 14:47:31 - DEBUG - === New errors detail ===
2025-04-13 14:47:31 - DEBUG - New Error 1: line 24, type: rewrite_failed, message: tactic 'rewrite' failed, did not find instance of the pattern in the target expression
  ?a ^ ↑?n
f : ℝ → ℝ
h₀ : ∀ x < 0, f x = -x ^ 2 - 1
h₁ : ∀ (x : ℝ), 0 ≤ x ∧ x < 4 → f x = 2
h₂ : ∀ x ≥ 4, f x = √x
pi_pos : 0 < π
⊢ ?m.2749 < 4
2025-04-13 14:47:31 - INFO - Testing fragment: rw [zpow_negSucc]
2025-04-13 14:47:31 - INFO - Original error line:     refine lt_trans ?_ (by norm_num)
2025-04-13 14:47:33 - INFO - Testing fix: Original errors: 1, Fixed errors: 1
2025-04-13 14:47:33 - INFO - Result: False (introduced 1 new errors)
2025-04-13 14:47:33 - DEBUG - === New errors detail ===
2025-04-13 14:47:33 - DEBUG - New Error 1: line 24, type: rewrite_failed, message: tactic 'rewrite' failed, did not find instance of the pattern in the target expression
  ?a ^ Int.negSucc ?n
f : ℝ → ℝ
h₀ : ∀ x < 0, f x = -x ^ 2 - 1
h₁ : ∀ (x : ℝ), 0 ≤ x ∧ x < 4 → f x = 2
h₂ : ∀ x ≥ 4, f x = √x
pi_pos : 0 < π
⊢ ?m.2749 < 4
2025-04-13 14:47:33 - INFO - Testing fragment: rw [negSucc_zsmul]
2025-04-13 14:47:33 - INFO - Original error line:     refine lt_trans ?_ (by norm_num)
2025-04-13 14:47:35 - INFO - Testing fix: Original errors: 1, Fixed errors: 1
2025-04-13 14:47:35 - INFO - Result: False (introduced 1 new errors)
2025-04-13 14:47:35 - DEBUG - === New errors detail ===
2025-04-13 14:47:35 - DEBUG - New Error 1: line 24, type: rewrite_failed, message: tactic 'rewrite' failed, did not find instance of the pattern in the target expression
  Int.negSucc ?n • ?a
f : ℝ → ℝ
h₀ : ∀ x < 0, f x = -x ^ 2 - 1
h₁ : ∀ (x : ℝ), 0 ≤ x ∧ x < 4 → f x = 2
h₂ : ∀ x ≥ 4, f x = √x
pi_pos : 0 < π
⊢ ?m.2749 < 4
2025-04-13 14:47:35 - INFO - Testing fragment: rw [div_eq_mul_inv]
2025-04-13 14:47:35 - INFO - Original error line:     refine lt_trans ?_ (by norm_num)
2025-04-13 14:47:37 - INFO - Testing fix: Original errors: 1, Fixed errors: 1
2025-04-13 14:47:37 - INFO - Result: False (introduced 1 new errors)
2025-04-13 14:47:37 - DEBUG - === New errors detail ===
2025-04-13 14:47:37 - DEBUG - New Error 1: line 24, type: rewrite_failed, message: tactic 'rewrite' failed, did not find instance of the pattern in the target expression
  ?a / ?b
f : ℝ → ℝ
h₀ : ∀ x < 0, f x = -x ^ 2 - 1
h₁ : ∀ (x : ℝ), 0 ≤ x ∧ x < 4 → f x = 2
h₂ : ∀ x ≥ 4, f x = √x
pi_pos : 0 < π
⊢ ?m.2749 < 4
2025-04-13 14:47:37 - INFO - Testing fragment: rw [inv_eq_one_div]
2025-04-13 14:47:37 - INFO - Original error line:     refine lt_trans ?_ (by norm_num)
2025-04-13 14:47:39 - INFO - Testing fix: Original errors: 1, Fixed errors: 1
2025-04-13 14:47:39 - INFO - Result: False (introduced 1 new errors)
2025-04-13 14:47:39 - DEBUG - === New errors detail ===
2025-04-13 14:47:39 - DEBUG - New Error 1: line 24, type: rewrite_failed, message: tactic 'rewrite' failed, did not find instance of the pattern in the target expression
  ?x⁻¹
f : ℝ → ℝ
h₀ : ∀ x < 0, f x = -x ^ 2 - 1
h₁ : ∀ (x : ℝ), 0 ≤ x ∧ x < 4 → f x = 2
h₂ : ∀ x ≥ 4, f x = √x
pi_pos : 0 < π
⊢ ?m.2749 < 4
2025-04-13 14:47:39 - INFO - Testing fragment: rw [mul_div_assoc]
2025-04-13 14:47:39 - INFO - Original error line:     refine lt_trans ?_ (by norm_num)
2025-04-13 14:47:41 - INFO - Testing fix: Original errors: 1, Fixed errors: 1
2025-04-13 14:47:41 - INFO - Result: False (introduced 1 new errors)
2025-04-13 14:47:41 - DEBUG - === New errors detail ===
2025-04-13 14:47:41 - DEBUG - New Error 1: line 24, type: rewrite_failed, message: tactic 'rewrite' failed, did not find instance of the pattern in the target expression
  ?a * ?b / ?c
f : ℝ → ℝ
h₀ : ∀ x < 0, f x = -x ^ 2 - 1
h₁ : ∀ (x : ℝ), 0 ≤ x ∧ x < 4 → f x = 2
h₂ : ∀ x ≥ 4, f x = √x
pi_pos : 0 < π
⊢ ?m.2749 < 4
2025-04-13 14:47:41 - INFO - Testing fragment: rw [one_div]
2025-04-13 14:47:41 - INFO - Original error line:     refine lt_trans ?_ (by norm_num)
2025-04-13 14:47:43 - INFO - Testing fix: Original errors: 1, Fixed errors: 1
2025-04-13 14:47:43 - INFO - Result: False (introduced 1 new errors)
2025-04-13 14:47:43 - DEBUG - === New errors detail ===
2025-04-13 14:47:43 - DEBUG - New Error 1: line 24, type: rewrite_failed, message: tactic 'rewrite' failed, did not find instance of the pattern in the target expression
  1 / ?a
f : ℝ → ℝ
h₀ : ∀ x < 0, f x = -x ^ 2 - 1
h₁ : ∀ (x : ℝ), 0 ≤ x ∧ x < 4 → f x = 2
h₂ : ∀ x ≥ 4, f x = √x
pi_pos : 0 < π
⊢ ?m.2749 < 4
2025-04-13 14:47:43 - INFO - Testing fragment: rw [inv_one]
2025-04-13 14:47:43 - INFO - Original error line:     refine lt_trans ?_ (by norm_num)
2025-04-13 14:47:45 - INFO - Testing fix: Original errors: 1, Fixed errors: 1
2025-04-13 14:47:45 - INFO - Result: False (introduced 1 new errors)
2025-04-13 14:47:45 - DEBUG - === New errors detail ===
2025-04-13 14:47:45 - DEBUG - New Error 1: line 24, type: rewrite_failed, message: tactic 'rewrite' failed, did not find instance of the pattern in the target expression
  1⁻¹
f : ℝ → ℝ
h₀ : ∀ x < 0, f x = -x ^ 2 - 1
h₁ : ∀ (x : ℝ), 0 ≤ x ∧ x < 4 → f x = 2
h₂ : ∀ x ≥ 4, f x = √x
pi_pos : 0 < π
⊢ ?m.2749 < 4
2025-04-13 14:47:45 - INFO - Testing fragment: rw [mul_inv_rev]
2025-04-13 14:47:45 - INFO - Original error line:     refine lt_trans ?_ (by norm_num)
2025-04-13 14:47:47 - INFO - Testing fix: Original errors: 1, Fixed errors: 1
2025-04-13 14:47:47 - INFO - Result: False (introduced 1 new errors)
2025-04-13 14:47:47 - DEBUG - === New errors detail ===
2025-04-13 14:47:47 - DEBUG - New Error 1: line 24, type: rewrite_failed, message: tactic 'rewrite' failed, did not find instance of the pattern in the target expression
  (?a * ?b)⁻¹
f : ℝ → ℝ
h₀ : ∀ x < 0, f x = -x ^ 2 - 1
h₁ : ∀ (x : ℝ), 0 ≤ x ∧ x < 4 → f x = 2
h₂ : ∀ x ≥ 4, f x = √x
pi_pos : 0 < π
⊢ ?m.2749 < 4
2025-04-13 14:47:47 - INFO - Testing fragment: rw [inv_eq_of_mul_eq_one_right]
2025-04-13 14:47:47 - INFO - Original error line:     refine lt_trans ?_ (by norm_num)
2025-04-13 14:47:49 - INFO - Testing fix: Original errors: 1, Fixed errors: 1
2025-04-13 14:47:49 - INFO - Result: False (introduced 1 new errors)
2025-04-13 14:47:49 - DEBUG - === New errors detail ===
2025-04-13 14:47:49 - DEBUG - New Error 1: line 24, type: rewrite_failed, message: tactic 'rewrite' failed, did not find instance of the pattern in the target expression
  ?m.2843⁻¹
f : ℝ → ℝ
h₀ : ∀ x < 0, f x = -x ^ 2 - 1
h₁ : ∀ (x : ℝ), 0 ≤ x ∧ x < 4 → f x = 2
h₂ : ∀ x ≥ 4, f x = √x
pi_pos : 0 < π
⊢ ?m.2749 < 4
2025-04-13 14:47:49 - INFO - Testing fragment: rw [inv_eq_of_mul_eq_one_left]
2025-04-13 14:47:49 - INFO - Original error line:     refine lt_trans ?_ (by norm_num)
2025-04-13 14:47:51 - INFO - Testing fix: Original errors: 1, Fixed errors: 1
2025-04-13 14:47:51 - INFO - Result: False (introduced 1 new errors)
2025-04-13 14:47:51 - DEBUG - === New errors detail ===
2025-04-13 14:47:51 - DEBUG - New Error 1: line 24, type: rewrite_failed, message: tactic 'rewrite' failed, did not find instance of the pattern in the target expression
  ?m.2844⁻¹
f : ℝ → ℝ
h₀ : ∀ x < 0, f x = -x ^ 2 - 1
h₁ : ∀ (x : ℝ), 0 ≤ x ∧ x < 4 → f x = 2
h₂ : ∀ x ≥ 4, f x = √x
pi_pos : 0 < π
⊢ ?m.2749 < 4
2025-04-13 14:47:51 - INFO - Testing fragment: rw [eq_inv_of_mul_eq_one_left]
2025-04-13 14:47:51 - INFO - Original error line:     refine lt_trans ?_ (by norm_num)
2025-04-13 14:47:53 - INFO - Testing fix: Original errors: 1, Fixed errors: 1
2025-04-13 14:47:53 - INFO - Result: False (introduced 1 new errors)
2025-04-13 14:47:53 - DEBUG - === New errors detail ===
2025-04-13 14:47:53 - DEBUG - New Error 1: line 24, type: rewrite_failed, message: tactic 'rewrite' failed, pattern is a metavariable
  ?m.2843
from equation
  ?m.2843 = ?m.2844⁻¹
f : ℝ → ℝ
h₀ : ∀ x < 0, f x = -x ^ 2 - 1
h₁ : ∀ (x : ℝ), 0 ≤ x ∧ x < 4 → f x = 2
h₂ : ∀ x ≥ 4, f x = √x
pi_pos : 0 < π
⊢ ?m.2749 < 4
2025-04-13 14:47:53 - INFO - Testing fragment: rw [inv_mul_cancel]
2025-04-13 14:47:53 - INFO - Original error line:     refine lt_trans ?_ (by norm_num)
2025-04-13 14:47:55 - INFO - Testing fix: Original errors: 1, Fixed errors: 1
2025-04-13 14:47:55 - INFO - Result: False (introduced 1 new errors)
2025-04-13 14:47:55 - DEBUG - === New errors detail ===
2025-04-13 14:47:55 - DEBUG - New Error 1: line 24, type: rewrite_failed, message: tactic 'rewrite' failed, did not find instance of the pattern in the target expression
  ?m.2843⁻¹ * ?m.2843
f : ℝ → ℝ
h₀ : ∀ x < 0, f x = -x ^ 2 - 1
h₁ : ∀ (x : ℝ), 0 ≤ x ∧ x < 4 → f x = 2
h₂ : ∀ x ≥ 4, f x = √x
pi_pos : 0 < π
⊢ ?m.2749 < 4
2025-04-13 14:47:55 - INFO - Testing fragment: rw [inv_eq_of_mul]
2025-04-13 14:47:55 - INFO - Original error line:     refine lt_trans ?_ (by norm_num)
2025-04-13 14:47:57 - INFO - Testing fix: Original errors: 1, Fixed errors: 2
2025-04-13 14:47:57 - INFO - Result: False (introduced 2 new errors)
2025-04-13 14:47:57 - DEBUG - === New errors detail ===
2025-04-13 14:47:57 - DEBUG - New Error 1: line 24, type: unknown_identifier, message: unknown identifier 'inv_eq_of_mul'
2025-04-13 14:47:57 - DEBUG - New Error 2: line 24, type: rewrite_failed, message: tactic 'rewrite' failed, equality or iff proof expected
  ?m.2840
f : ℝ → ℝ
h₀ : ∀ x < 0, f x = -x ^ 2 - 1
h₁ : ∀ (x : ℝ), 0 ≤ x ∧ x < 4 → f x = 2
h₂ : ∀ x ≥ 4, f x = √x
pi_pos : 0 < π
⊢ ?m.2749 < 4
2025-04-13 14:47:57 - INFO - Testing fragment: rw [mul_inv_cancel]
2025-04-13 14:47:57 - INFO - Original error line:     refine lt_trans ?_ (by norm_num)
2025-04-13 14:47:59 - INFO - Testing fix: Original errors: 1, Fixed errors: 1
2025-04-13 14:47:59 - INFO - Result: False (introduced 1 new errors)
2025-04-13 14:47:59 - DEBUG - === New errors detail ===
2025-04-13 14:47:59 - DEBUG - New Error 1: line 24, type: rewrite_failed, message: tactic 'rewrite' failed, did not find instance of the pattern in the target expression
  ?m.2843 * ?m.2843⁻¹
f : ℝ → ℝ
h₀ : ∀ x < 0, f x = -x ^ 2 - 1
h₁ : ∀ (x : ℝ), 0 ≤ x ∧ x < 4 → f x = 2
h₂ : ∀ x ≥ 4, f x = √x
pi_pos : 0 < π
⊢ ?m.2749 < 4
2025-04-13 14:47:59 - INFO - Testing fragment: rw [div_self']
2025-04-13 14:47:59 - INFO - Original error line:     refine lt_trans ?_ (by norm_num)
2025-04-13 14:48:01 - INFO - Testing fix: Original errors: 1, Fixed errors: 1
2025-04-13 14:48:01 - INFO - Result: False (introduced 1 new errors)
2025-04-13 14:48:01 - DEBUG - === New errors detail ===
2025-04-13 14:48:01 - DEBUG - New Error 1: line 24, type: rewrite_failed, message: tactic 'rewrite' failed, did not find instance of the pattern in the target expression
  ?a / ?a
f : ℝ → ℝ
h₀ : ∀ x < 0, f x = -x ^ 2 - 1
h₁ : ∀ (x : ℝ), 0 ≤ x ∧ x < 4 → f x = 2
h₂ : ∀ x ≥ 4, f x = √x
pi_pos : 0 < π
⊢ ?m.2749 < 4
2025-04-13 14:48:01 - INFO - Testing fragment: rw [inv_mul_cancel_left]
2025-04-13 14:48:01 - INFO - Original error line:     refine lt_trans ?_ (by norm_num)
2025-04-13 14:48:03 - INFO - Testing fix: Original errors: 1, Fixed errors: 1
2025-04-13 14:48:03 - INFO - Result: False (introduced 1 new errors)
2025-04-13 14:48:03 - DEBUG - === New errors detail ===
2025-04-13 14:48:03 - DEBUG - New Error 1: line 24, type: rewrite_failed, message: tactic 'rewrite' failed, did not find instance of the pattern in the target expression
  ?a⁻¹ * (?a * ?b)
f : ℝ → ℝ
h₀ : ∀ x < 0, f x = -x ^ 2 - 1
h₁ : ∀ (x : ℝ), 0 ≤ x ∧ x < 4 → f x = 2
h₂ : ∀ x ≥ 4, f x = √x
pi_pos : 0 < π
⊢ ?m.2749 < 4
2025-04-13 14:48:03 - INFO - Testing fragment: rw [mul_inv_cancel_left]
2025-04-13 14:48:03 - INFO - Original error line:     refine lt_trans ?_ (by norm_num)
2025-04-13 14:48:05 - INFO - Testing fix: Original errors: 1, Fixed errors: 1
2025-04-13 14:48:05 - INFO - Result: False (introduced 1 new errors)
2025-04-13 14:48:05 - DEBUG - === New errors detail ===
2025-04-13 14:48:05 - DEBUG - New Error 1: line 24, type: rewrite_failed, message: tactic 'rewrite' failed, did not find instance of the pattern in the target expression
  ?a * (?a⁻¹ * ?b)
f : ℝ → ℝ
h₀ : ∀ x < 0, f x = -x ^ 2 - 1
h₁ : ∀ (x : ℝ), 0 ≤ x ∧ x < 4 → f x = 2
h₂ : ∀ x ≥ 4, f x = √x
pi_pos : 0 < π
⊢ ?m.2749 < 4
2025-04-13 14:48:05 - INFO - Testing fragment: rw [mul_inv_cancel_right]
2025-04-13 14:48:05 - INFO - Original error line:     refine lt_trans ?_ (by norm_num)
2025-04-13 14:48:07 - INFO - Testing fix: Original errors: 1, Fixed errors: 1
2025-04-13 14:48:07 - INFO - Result: False (introduced 1 new errors)
2025-04-13 14:48:07 - DEBUG - === New errors detail ===
2025-04-13 14:48:07 - DEBUG - New Error 1: line 24, type: rewrite_failed, message: tactic 'rewrite' failed, did not find instance of the pattern in the target expression
  ?a * ?b * ?b⁻¹
f : ℝ → ℝ
h₀ : ∀ x < 0, f x = -x ^ 2 - 1
h₁ : ∀ (x : ℝ), 0 ≤ x ∧ x < 4 → f x = 2
h₂ : ∀ x ≥ 4, f x = √x
pi_pos : 0 < π
⊢ ?m.2749 < 4
2025-04-13 14:48:07 - INFO - Testing fragment: rw [mul_div_cancel_right]
2025-04-13 14:48:07 - INFO - Original error line:     refine lt_trans ?_ (by norm_num)
2025-04-13 14:48:09 - INFO - Testing fix: Original errors: 1, Fixed errors: 1
2025-04-13 14:48:09 - INFO - Result: False (introduced 1 new errors)
2025-04-13 14:48:09 - DEBUG - === New errors detail ===
2025-04-13 14:48:09 - DEBUG - New Error 1: line 24, type: rewrite_failed, message: tactic 'rewrite' failed, did not find instance of the pattern in the target expression
  ?a * ?b / ?b
f : ℝ → ℝ
h₀ : ∀ x < 0, f x = -x ^ 2 - 1
h₁ : ∀ (x : ℝ), 0 ≤ x ∧ x < 4 → f x = 2
h₂ : ∀ x ≥ 4, f x = √x
pi_pos : 0 < π
⊢ ?m.2749 < 4
2025-04-13 14:48:09 - INFO - Testing fragment: rw [inv_mul_cancel_right]
2025-04-13 14:48:09 - INFO - Original error line:     refine lt_trans ?_ (by norm_num)
2025-04-13 14:48:11 - INFO - Testing fix: Original errors: 1, Fixed errors: 1
2025-04-13 14:48:11 - INFO - Result: False (introduced 1 new errors)
2025-04-13 14:48:11 - DEBUG - === New errors detail ===
2025-04-13 14:48:11 - DEBUG - New Error 1: line 24, type: rewrite_failed, message: tactic 'rewrite' failed, did not find instance of the pattern in the target expression
  ?a * ?b⁻¹ * ?b
f : ℝ → ℝ
h₀ : ∀ x < 0, f x = -x ^ 2 - 1
h₁ : ∀ (x : ℝ), 0 ≤ x ∧ x < 4 → f x = 2
h₂ : ∀ x ≥ 4, f x = √x
pi_pos : 0 < π
⊢ ?m.2749 < 4
2025-04-13 14:48:11 - INFO - Testing fragment: rw [div_mul_cancel]
2025-04-13 14:48:11 - INFO - Original error line:     refine lt_trans ?_ (by norm_num)
2025-04-13 14:48:13 - INFO - Testing fix: Original errors: 1, Fixed errors: 1
2025-04-13 14:48:13 - INFO - Result: False (introduced 1 new errors)
2025-04-13 14:48:13 - DEBUG - === New errors detail ===
2025-04-13 14:48:13 - DEBUG - New Error 1: line 24, type: rewrite_failed, message: tactic 'rewrite' failed, did not find instance of the pattern in the target expression
  ?a / ?b * ?b
f : ℝ → ℝ
h₀ : ∀ x < 0, f x = -x ^ 2 - 1
h₁ : ∀ (x : ℝ), 0 ≤ x ∧ x < 4 → f x = 2
h₂ : ∀ x ≥ 4, f x = √x
pi_pos : 0 < π
⊢ ?m.2749 < 4
2025-04-13 14:48:13 - INFO - Testing fragment: rw [<- left_distrib]
2025-04-13 14:48:13 - INFO - Original error line:     refine lt_trans ?_ (by norm_num)
2025-04-13 14:48:15 - INFO - Testing fix: Original errors: 1, Fixed errors: 1
2025-04-13 14:48:15 - INFO - Result: False (introduced 1 new errors)
2025-04-13 14:48:15 - DEBUG - === New errors detail ===
2025-04-13 14:48:15 - DEBUG - New Error 1: line 24, type: rewrite_failed, message: tactic 'rewrite' failed, did not find instance of the pattern in the target expression
  ?a * ?b + ?a * ?c
f : ℝ → ℝ
h₀ : ∀ x < 0, f x = -x ^ 2 - 1
h₁ : ∀ (x : ℝ), 0 ≤ x ∧ x < 4 → f x = 2
h₂ : ∀ x ≥ 4, f x = √x
pi_pos : 0 < π
⊢ ?m.2749 < 4
2025-04-13 14:48:15 - INFO - Testing fragment: rw [<- right_distrib]
2025-04-13 14:48:15 - INFO - Original error line:     refine lt_trans ?_ (by norm_num)
2025-04-13 14:48:17 - INFO - Testing fix: Original errors: 1, Fixed errors: 1
2025-04-13 14:48:17 - INFO - Result: False (introduced 1 new errors)
2025-04-13 14:48:17 - DEBUG - === New errors detail ===
2025-04-13 14:48:17 - DEBUG - New Error 1: line 24, type: rewrite_failed, message: tactic 'rewrite' failed, did not find instance of the pattern in the target expression
  ?a * ?c + ?b * ?c
f : ℝ → ℝ
h₀ : ∀ x < 0, f x = -x ^ 2 - 1
h₁ : ∀ (x : ℝ), 0 ≤ x ∧ x < 4 → f x = 2
h₂ : ∀ x ≥ 4, f x = √x
pi_pos : 0 < π
⊢ ?m.2749 < 4
2025-04-13 14:48:17 - INFO - Testing fragment: rw [<- distrib_three_right]
2025-04-13 14:48:17 - INFO - Original error line:     refine lt_trans ?_ (by norm_num)
2025-04-13 14:48:19 - INFO - Testing fix: Original errors: 1, Fixed errors: 1
2025-04-13 14:48:19 - INFO - Result: False (introduced 1 new errors)
2025-04-13 14:48:19 - DEBUG - === New errors detail ===
2025-04-13 14:48:19 - DEBUG - New Error 1: line 24, type: rewrite_failed, message: tactic 'rewrite' failed, did not find instance of the pattern in the target expression
  ?a * ?d + ?b * ?d + ?c * ?d
f : ℝ → ℝ
h₀ : ∀ x < 0, f x = -x ^ 2 - 1
h₁ : ∀ (x : ℝ), 0 ≤ x ∧ x < 4 → f x = 2
h₂ : ∀ x ≥ 4, f x = √x
pi_pos : 0 < π
⊢ ?m.2749 < 4
2025-04-13 14:48:19 - INFO - Testing fragment: rw [<- add_one_mul]
2025-04-13 14:48:19 - INFO - Original error line:     refine lt_trans ?_ (by norm_num)
2025-04-13 14:48:21 - INFO - Testing fix: Original errors: 1, Fixed errors: 1
2025-04-13 14:48:21 - INFO - Result: False (introduced 1 new errors)
2025-04-13 14:48:21 - DEBUG - === New errors detail ===
2025-04-13 14:48:21 - DEBUG - New Error 1: line 24, type: rewrite_failed, message: tactic 'rewrite' failed, did not find instance of the pattern in the target expression
  ?a * ?b + ?b
f : ℝ → ℝ
h₀ : ∀ x < 0, f x = -x ^ 2 - 1
h₁ : ∀ (x : ℝ), 0 ≤ x ∧ x < 4 → f x = 2
h₂ : ∀ x ≥ 4, f x = √x
pi_pos : 0 < π
⊢ ?m.2749 < 4
2025-04-13 14:48:21 - INFO - Testing fragment: rw [<- mul_add_one]
2025-04-13 14:48:21 - INFO - Original error line:     refine lt_trans ?_ (by norm_num)
2025-04-13 14:48:23 - INFO - Testing fix: Original errors: 1, Fixed errors: 1
2025-04-13 14:48:23 - INFO - Result: False (introduced 1 new errors)
2025-04-13 14:48:23 - DEBUG - === New errors detail ===
2025-04-13 14:48:23 - DEBUG - New Error 1: line 24, type: rewrite_failed, message: tactic 'rewrite' failed, did not find instance of the pattern in the target expression
  ?a * ?b + ?a
f : ℝ → ℝ
h₀ : ∀ x < 0, f x = -x ^ 2 - 1
h₁ : ∀ (x : ℝ), 0 ≤ x ∧ x < 4 → f x = 2
h₂ : ∀ x ≥ 4, f x = √x
pi_pos : 0 < π
⊢ ?m.2749 < 4
2025-04-13 14:48:23 - INFO - Testing fragment: rw [<- one_add_mul]
2025-04-13 14:48:23 - INFO - Original error line:     refine lt_trans ?_ (by norm_num)
2025-04-13 14:48:25 - INFO - Testing fix: Original errors: 1, Fixed errors: 1
2025-04-13 14:48:25 - INFO - Result: False (introduced 1 new errors)
2025-04-13 14:48:25 - DEBUG - === New errors detail ===
2025-04-13 14:48:25 - DEBUG - New Error 1: line 24, type: rewrite_failed, message: tactic 'rewrite' failed, did not find instance of the pattern in the target expression
  ?b + ?a * ?b
f : ℝ → ℝ
h₀ : ∀ x < 0, f x = -x ^ 2 - 1
h₁ : ∀ (x : ℝ), 0 ≤ x ∧ x < 4 → f x = 2
h₂ : ∀ x ≥ 4, f x = √x
pi_pos : 0 < π
⊢ ?m.2749 < 4
2025-04-13 14:48:25 - INFO - Testing fragment: rw [<- mul_one_add]
2025-04-13 14:48:25 - INFO - Original error line:     refine lt_trans ?_ (by norm_num)
2025-04-13 14:48:27 - INFO - Testing fix: Original errors: 1, Fixed errors: 1
2025-04-13 14:48:27 - INFO - Result: False (introduced 1 new errors)
2025-04-13 14:48:27 - DEBUG - === New errors detail ===
2025-04-13 14:48:27 - DEBUG - New Error 1: line 24, type: rewrite_failed, message: tactic 'rewrite' failed, did not find instance of the pattern in the target expression
  ?a + ?a * ?b
f : ℝ → ℝ
h₀ : ∀ x < 0, f x = -x ^ 2 - 1
h₁ : ∀ (x : ℝ), 0 ≤ x ∧ x < 4 → f x = 2
h₂ : ∀ x ≥ 4, f x = √x
pi_pos : 0 < π
⊢ ?m.2749 < 4
2025-04-13 14:48:27 - INFO - Testing fragment: rw [<- two_mul]
2025-04-13 14:48:27 - INFO - Original error line:     refine lt_trans ?_ (by norm_num)
2025-04-13 14:48:29 - INFO - Testing fix: Original errors: 1, Fixed errors: 1
2025-04-13 14:48:29 - INFO - Result: False (introduced 1 new errors)
2025-04-13 14:48:29 - DEBUG - === New errors detail ===
2025-04-13 14:48:29 - DEBUG - New Error 1: line 24, type: rewrite_failed, message: tactic 'rewrite' failed, did not find instance of the pattern in the target expression
  ?n + ?n
f : ℝ → ℝ
h₀ : ∀ x < 0, f x = -x ^ 2 - 1
h₁ : ∀ (x : ℝ), 0 ≤ x ∧ x < 4 → f x = 2
h₂ : ∀ x ≥ 4, f x = √x
pi_pos : 0 < π
⊢ ?m.2749 < 4
2025-04-13 14:48:29 - INFO - Testing fragment: rw [<- mul_two]
2025-04-13 14:48:29 - INFO - Original error line:     refine lt_trans ?_ (by norm_num)
2025-04-13 14:48:31 - INFO - Testing fix: Original errors: 1, Fixed errors: 1
2025-04-13 14:48:31 - INFO - Result: False (introduced 1 new errors)
2025-04-13 14:48:31 - DEBUG - === New errors detail ===
2025-04-13 14:48:31 - DEBUG - New Error 1: line 24, type: rewrite_failed, message: tactic 'rewrite' failed, did not find instance of the pattern in the target expression
  ?n + ?n
f : ℝ → ℝ
h₀ : ∀ x < 0, f x = -x ^ 2 - 1
h₁ : ∀ (x : ℝ), 0 ≤ x ∧ x < 4 → f x = 2
h₂ : ∀ x ≥ 4, f x = √x
pi_pos : 0 < π
⊢ ?m.2749 < 4
2025-04-13 14:48:31 - INFO - Testing fragment: rw [<- mul_boole]
2025-04-13 14:48:31 - INFO - Original error line:     refine lt_trans ?_ (by norm_num)
2025-04-13 14:48:33 - INFO - Testing fix: Original errors: 1, Fixed errors: 1
2025-04-13 14:48:33 - INFO - Result: False (introduced 1 new errors)
2025-04-13 14:48:33 - DEBUG - === New errors detail ===
2025-04-13 14:48:33 - DEBUG - New Error 1: line 24, type: rewrite_failed, message: tactic 'rewrite' failed, did not find instance of the pattern in the target expression
  if ?P then ?a else 0
f : ℝ → ℝ
h₀ : ∀ x < 0, f x = -x ^ 2 - 1
h₁ : ∀ (x : ℝ), 0 ≤ x ∧ x < 4 → f x = 2
h₂ : ∀ x ≥ 4, f x = √x
pi_pos : 0 < π
⊢ ?m.2749 < 4
2025-04-13 14:48:33 - INFO - Testing fragment: rw [<- boole_mul]
2025-04-13 14:48:33 - INFO - Original error line:     refine lt_trans ?_ (by norm_num)
2025-04-13 14:48:35 - INFO - Testing fix: Original errors: 1, Fixed errors: 1
2025-04-13 14:48:35 - INFO - Result: False (introduced 1 new errors)
2025-04-13 14:48:35 - DEBUG - === New errors detail ===
2025-04-13 14:48:35 - DEBUG - New Error 1: line 24, type: rewrite_failed, message: tactic 'rewrite' failed, did not find instance of the pattern in the target expression
  if ?P then ?a else 0
f : ℝ → ℝ
h₀ : ∀ x < 0, f x = -x ^ 2 - 1
h₁ : ∀ (x : ℝ), 0 ≤ x ∧ x < 4 → f x = 2
h₂ : ∀ x ≥ 4, f x = √x
pi_pos : 0 < π
⊢ ?m.2749 < 4
2025-04-13 14:48:35 - INFO - Testing fragment: rw [<- add_mul_self_eq]
2025-04-13 14:48:35 - INFO - Original error line:     refine lt_trans ?_ (by norm_num)
2025-04-13 14:48:37 - INFO - Testing fix: Original errors: 1, Fixed errors: 1
2025-04-13 14:48:37 - INFO - Result: False (introduced 1 new errors)
2025-04-13 14:48:37 - DEBUG - === New errors detail ===
2025-04-13 14:48:37 - DEBUG - New Error 1: line 24, type: rewrite_failed, message: tactic 'rewrite' failed, did not find instance of the pattern in the target expression
  ?a * ?a + 2 * ?a * ?b + ?b * ?b
f : ℝ → ℝ
h₀ : ∀ x < 0, f x = -x ^ 2 - 1
h₁ : ∀ (x : ℝ), 0 ≤ x ∧ x < 4 → f x = 2
h₂ : ∀ x ≥ 4, f x = √x
pi_pos : 0 < π
⊢ ?m.2749 < 4
2025-04-13 14:48:37 - INFO - Testing fragment: rw [<- neg_mul]
2025-04-13 14:48:37 - INFO - Original error line:     refine lt_trans ?_ (by norm_num)
2025-04-13 14:48:39 - INFO - Testing fix: Original errors: 1, Fixed errors: 1
2025-04-13 14:48:39 - INFO - Result: False (introduced 1 new errors)
2025-04-13 14:48:39 - DEBUG - === New errors detail ===
2025-04-13 14:48:39 - DEBUG - New Error 1: line 24, type: rewrite_failed, message: tactic 'rewrite' failed, did not find instance of the pattern in the target expression
  -(?a * ?b)
f : ℝ → ℝ
h₀ : ∀ x < 0, f x = -x ^ 2 - 1
h₁ : ∀ (x : ℝ), 0 ≤ x ∧ x < 4 → f x = 2
h₂ : ∀ x ≥ 4, f x = √x
pi_pos : 0 < π
⊢ ?m.2749 < 4
2025-04-13 14:48:39 - INFO - Testing fragment: rw [<- mul_neg]
2025-04-13 14:48:39 - INFO - Original error line:     refine lt_trans ?_ (by norm_num)
2025-04-13 14:48:41 - INFO - Testing fix: Original errors: 1, Fixed errors: 1
2025-04-13 14:48:41 - INFO - Result: False (introduced 1 new errors)
2025-04-13 14:48:41 - DEBUG - === New errors detail ===
2025-04-13 14:48:41 - DEBUG - New Error 1: line 24, type: rewrite_failed, message: tactic 'rewrite' failed, did not find instance of the pattern in the target expression
  -(?a * ?b)
f : ℝ → ℝ
h₀ : ∀ x < 0, f x = -x ^ 2 - 1
h₁ : ∀ (x : ℝ), 0 ≤ x ∧ x < 4 → f x = 2
h₂ : ∀ x ≥ 4, f x = √x
pi_pos : 0 < π
⊢ ?m.2749 < 4
2025-04-13 14:48:41 - INFO - Testing fragment: rw [<- neg_mul_neg]
2025-04-13 14:48:41 - INFO - Original error line:     refine lt_trans ?_ (by norm_num)
2025-04-13 14:48:43 - INFO - Testing fix: Original errors: 1, Fixed errors: 1
2025-04-13 14:48:43 - INFO - Result: False (introduced 1 new errors)
2025-04-13 14:48:43 - DEBUG - === New errors detail ===
2025-04-13 14:48:43 - DEBUG - New Error 1: line 24, type: rewrite_failed, message: tactic 'rewrite' failed, did not find instance of the pattern in the target expression
  ?a * ?b
f : ℝ → ℝ
h₀ : ∀ x < 0, f x = -x ^ 2 - 1
h₁ : ∀ (x : ℝ), 0 ≤ x ∧ x < 4 → f x = 2
h₂ : ∀ x ≥ 4, f x = √x
pi_pos : 0 < π
⊢ ?m.2749 < 4
2025-04-13 14:48:43 - INFO - Testing fragment: rw [<- neg_mul_eq_neg_mul]
2025-04-13 14:48:43 - INFO - Original error line:     refine lt_trans ?_ (by norm_num)
2025-04-13 14:48:45 - INFO - Testing fix: Original errors: 1, Fixed errors: 1
2025-04-13 14:48:45 - INFO - Result: False (introduced 1 new errors)
2025-04-13 14:48:45 - DEBUG - === New errors detail ===
2025-04-13 14:48:45 - DEBUG - New Error 1: line 24, type: rewrite_failed, message: tactic 'rewrite' failed, did not find instance of the pattern in the target expression
  -?a * ?b
f : ℝ → ℝ
h₀ : ∀ x < 0, f x = -x ^ 2 - 1
h₁ : ∀ (x : ℝ), 0 ≤ x ∧ x < 4 → f x = 2
h₂ : ∀ x ≥ 4, f x = √x
pi_pos : 0 < π
⊢ ?m.2749 < 4
2025-04-13 14:48:45 - INFO - Testing fragment: rw [<- neg_mul_eq_mul_neg]
2025-04-13 14:48:45 - INFO - Original error line:     refine lt_trans ?_ (by norm_num)
2025-04-13 14:48:47 - INFO - Testing fix: Original errors: 1, Fixed errors: 1
2025-04-13 14:48:47 - INFO - Result: False (introduced 1 new errors)
2025-04-13 14:48:47 - DEBUG - === New errors detail ===
2025-04-13 14:48:47 - DEBUG - New Error 1: line 24, type: rewrite_failed, message: tactic 'rewrite' failed, did not find instance of the pattern in the target expression
  ?a * -?b
f : ℝ → ℝ
h₀ : ∀ x < 0, f x = -x ^ 2 - 1
h₁ : ∀ (x : ℝ), 0 ≤ x ∧ x < 4 → f x = 2
h₂ : ∀ x ≥ 4, f x = √x
pi_pos : 0 < π
⊢ ?m.2749 < 4
2025-04-13 14:48:47 - INFO - Testing fragment: rw [<- neg_mul_comm]
2025-04-13 14:48:47 - INFO - Original error line:     refine lt_trans ?_ (by norm_num)
2025-04-13 14:48:49 - INFO - Testing fix: Original errors: 1, Fixed errors: 1
2025-04-13 14:48:49 - INFO - Result: False (introduced 1 new errors)
2025-04-13 14:48:49 - DEBUG - === New errors detail ===
2025-04-13 14:48:49 - DEBUG - New Error 1: line 24, type: rewrite_failed, message: tactic 'rewrite' failed, did not find instance of the pattern in the target expression
  ?a * -?b
f : ℝ → ℝ
h₀ : ∀ x < 0, f x = -x ^ 2 - 1
h₁ : ∀ (x : ℝ), 0 ≤ x ∧ x < 4 → f x = 2
h₂ : ∀ x ≥ 4, f x = √x
pi_pos : 0 < π
⊢ ?m.2749 < 4
2025-04-13 14:48:49 - INFO - Testing fragment: rw [<- neg_eq_neg_one_mul]
2025-04-13 14:48:49 - INFO - Original error line:     refine lt_trans ?_ (by norm_num)
2025-04-13 14:48:51 - INFO - Testing fix: Original errors: 1, Fixed errors: 1
2025-04-13 14:48:51 - INFO - Result: False (introduced 1 new errors)
2025-04-13 14:48:51 - DEBUG - === New errors detail ===
2025-04-13 14:48:51 - DEBUG - New Error 1: line 24, type: rewrite_failed, message: tactic 'rewrite' failed, did not find instance of the pattern in the target expression
  -1 * ?a
f : ℝ → ℝ
h₀ : ∀ x < 0, f x = -x ^ 2 - 1
h₁ : ∀ (x : ℝ), 0 ≤ x ∧ x < 4 → f x = 2
h₂ : ∀ x ≥ 4, f x = √x
pi_pos : 0 < π
⊢ ?m.2749 < 4
2025-04-13 14:48:51 - INFO - Testing fragment: rw [<- mul_neg_one]
2025-04-13 14:48:51 - INFO - Original error line:     refine lt_trans ?_ (by norm_num)
2025-04-13 14:48:53 - INFO - Testing fix: Original errors: 1, Fixed errors: 1
2025-04-13 14:48:53 - INFO - Result: False (introduced 1 new errors)
2025-04-13 14:48:53 - DEBUG - === New errors detail ===
2025-04-13 14:48:53 - DEBUG - New Error 1: line 24, type: rewrite_failed, message: tactic 'rewrite' failed, did not find instance of the pattern in the target expression
  -?a
f : ℝ → ℝ
h₀ : ∀ x < 0, f x = -x ^ 2 - 1
h₁ : ∀ (x : ℝ), 0 ≤ x ∧ x < 4 → f x = 2
h₂ : ∀ x ≥ 4, f x = √x
pi_pos : 0 < π
⊢ ?m.2749 < 4
2025-04-13 14:48:53 - INFO - Testing fragment: rw [<- neg_one_mul]
2025-04-13 14:48:53 - INFO - Original error line:     refine lt_trans ?_ (by norm_num)
2025-04-13 14:53:18 - INFO - Synthesis failed: ('Execution failed', 'Execution timed out after 200.0 seconds. Partial output:\n{"cmd": "/-- Let \\\\[f(x) = \\\\begin{cases}\\n-x^2 - 1 &\\\\text{if }x<0, \\\\\\\\\\n2&\\\\text{if }0 \\\\le x< 4, \\\\\\\\\\n\\\\sqrt{x}&\\\\text{if }x \\\\ge 4.\\n\\\\end{cases}\\n\\\\]Find $f(\\\\pi)$. Show that it is 2.-/\\ntheorem mathd_algebra_480 (f : ℝ → ℝ) (h₀ : ∀ x < 0, f x = -x ^ 2 - 1)\\n  (h₁ : ∀ x, 0 ≤ x ∧ x < 4 → f x = 2) (h₂ : ∀ x ≥ 4, f x = Real.sqrt x) : f Real.pi = 2 := by\\n  -- Our goal is to compute f(π) and prove it equals 2\\n  -- First we need to determine which case of the piecewise function applies to π\\n  \\n  -- Step 1: Establish that 0 ≤ π < 4\\n  -- We\'ll need two facts about π:\\n  -- 1. π is positive (greater than 0)\\n  -- 2. π is less than 4\\n  \\n  -- Prove π > 0 using Mathlib\'s pi_pos lemma\\n  have pi_pos : 0 < Real.pi := pi_pos\\n  \\n  -- Prove π < 4 by showing π < 3.15 and 3.15 < 4\\n  -- First show 3.15 < 4 by norm_num (normalization of numerical expressions)\\n  have h_lt_4 : Real.pi < 4 := by\\n    -- We use the known approximation π < 3.15 from Mathlib\\n    refine lt_trans ?_ (by norm_num)\\n    exact pi_lt_three_point_fifteen\\n  \\n  -- Now we have all conditions to apply the second case of the function definition:\\n  -- 0 ≤ π (from pi_pos) and π < 4 (from h_lt_4)\\n  \\n  -- Apply the second case of the function definition using h₁\\n  -- First create the conjunction 0 ≤ π ∧ π < 4\\n  have pi_interval : 0 ≤ Real.pi ∧ Real.pi < 4 := by\\n    exact ⟨le_of_lt pi_pos, h_lt_4⟩\\n  \\n  -- Now apply h₁ with π and our interval proof\\n  have f_pi_eq : f Real.pi = 2 := h₁ Real.pi pi_interval\\n  \\n  -- Our goal is exactly what we just proved\\n  exact f_pi_eq", "env": 0}\r\n\r\n')
2025-04-13 14:53:56 - INFO - Failed attempt time: 503.58 seconds
2025-04-13 14:53:56 - INFO - ❌ Could not generate fix for error at line 24
2025-04-13 14:54:11 - INFO - 
===== Fix attempt completed =====
2025-04-13 14:54:11 - INFO - Original errors: 1
2025-04-13 14:54:11 - INFO - Fixed errors: 0
2025-04-13 14:54:11 - INFO - Failed errors: 1
2025-04-13 14:54:11 - INFO - Remaining errors: 1
2025-04-13 14:54:11 - INFO - Total time: 519.61 seconds
2025-04-13 14:54:11 - INFO - 
Final fixed code:
2025-04-13 14:54:11 - INFO - ----------------------------------------
2025-04-13 14:54:11 - INFO - /-- Let \[f(x) = \begin{cases}
-x^2 - 1 &\text{if }x<0, \\
2&\text{if }0 \le x< 4, \\
\sqrt{x}&\text{if }x \ge 4.
\end{cases}
\]Find $f(\pi)$. Show that it is 2.-/
theorem mathd_algebra_480 (f : ℝ → ℝ) (h₀ : ∀ x < 0, f x = -x ^ 2 - 1)
  (h₁ : ∀ x, 0 ≤ x ∧ x < 4 → f x = 2) (h₂ : ∀ x ≥ 4, f x = Real.sqrt x) : f Real.pi = 2 := by
  -- Our goal is to compute f(π) and prove it equals 2
  -- First we need to determine which case of the piecewise function applies to π
  
  -- Step 1: Establish that 0 ≤ π < 4
  -- We'll need two facts about π:
  -- 1. π is positive (greater than 0)
  -- 2. π is less than 4
  
  -- Prove π > 0 using Mathlib's pi_pos lemma
  have pi_pos : 0 < Real.pi := pi_pos
  
  -- Prove π < 4 by showing π < 3.15 and 3.15 < 4
  -- First show 3.15 < 4 by norm_num (normalization of numerical expressions)
  have h_lt_4 : Real.pi < 4 := by
    -- We use the known approximation π < 3.15 from Mathlib
    refine lt_trans ?_ (by norm_num)
    exact pi_lt_three_point_fifteen
  
  -- Now we have all conditions to apply the second case of the function definition:
  -- 0 ≤ π (from pi_pos) and π < 4 (from h_lt_4)
  
  -- Apply the second case of the function definition using h₁
  -- First create the conjunction 0 ≤ π ∧ π < 4
  have pi_interval : 0 ≤ Real.pi ∧ Real.pi < 4 := by
    exact ⟨le_of_lt pi_pos, h_lt_4⟩
  
  -- Now apply h₁ with π and our interval proof
  have f_pi_eq : f Real.pi = 2 := h₁ Real.pi pi_interval
  
  -- Our goal is exactly what we just proved
  exact f_pi_eq
2025-04-13 14:54:11 - INFO - ----------------------------------------
2025-04-13 14:54:11 - INFO - 
Detailed error repair report:
2025-04-13 14:54:11 - INFO - Original code error count: 1
❌ Fixed error 1/1: Could not generate fix for error at line 24 «other_error» (after 503.58s)

=== Fix statistics ===
Original error count: 1
Fixed errors: 0 (Fix rate: 0.0000)
Failed errors: 1
Remaining errors: 1
Total time: 519.61 seconds

=== Failed fix details ===

Failed fix 1:
   Line: 24
   Error type: other_error
   Original error message: unsolved goals
f : ℝ → ℝ
h₀ : ∀ x < 0, f x = -x ^ 2 - 1
h₁ : ∀ (x : ℝ), 0 ≤ x ∧ x < 4 → f x = 2
h₂ :...
   Failure reason: Could not generate fix
   Time: 503.58 seconds
2025-04-13 14:54:11 - INFO - 
Fixed code saved to: /data/coding/minif2f/lean_fixed/62_fixed.lean
2025-04-13 14:54:11 - INFO - JSON log saved to: /data/coding/minif2f/lean_fixed/62_fix_log.json
2025-04-13 14:54:11 - INFO - 
===== LOG FILE LOCATION =====
2025-04-13 14:54:11 - INFO - Detailed log file is available at: /data/coding/minif2f/lean_fixed/62.log
2025-04-13 14:54:11 - INFO - ===============================
