2025-04-13 14:42:53 - INFO - Log file initialized at 2025-04-13T14:42:53.977242
2025-04-13 14:42:53 - INFO - ===== LOG FILE LOCATION =====
2025-04-13 14:42:53 - INFO - Detailed log file created at: ./minif2f/lean_fixed/65.log
2025-04-13 14:42:53 - INFO - ===============================
2025-04-13 14:42:53 - INFO - Original code:
2025-04-13 14:42:53 - INFO - ----------------------------------------
2025-04-13 14:42:53 - INFO - import Mathlib
import Aesop

set_option maxHeartbeats 0

open BigOperators Real Nat Topology Rat

/-- 
The midpoint of the line segment between (x,y) and (-9,1) is (3,-5). 
Find (x,y). Show that it is (15,-11).
-/
theorem mathd_algebra_126 (x y : ℝ) (h₀ : 2 * 3 = x - 9) (h₁ : 2 * -5 = y + 1) : x = 15 ∧ y = -11 := by
  -- We need to prove both x = 15 and y = -11. We'll split this into two subgoals.
  constructor
  -- First goal: prove x = 15
  · -- From hypothesis h₀: 2 * 3 = x - 9
    -- Simplify the left side: 2 * 3 = 6
    rw [mul_comm] at h₀  -- Optional: rewrites 2 * 3 to 3 * 2 (not strictly necessary)
    simp at h₀           -- Simplifies 3 * 2 to 6
    -- Now h₀ is 6 = x - 9
    -- Add 9 to both sides to solve for x
    linarith            -- Linear arithmetic can solve this equation
  -- Second goal: prove y = -11
  · -- From hypothesis h₁: 2 * -5 = y + 1
    -- Simplify the left side: 2 * -5 = -10
    simp at h₁          -- Simplifies 2 * -5 to -10
    -- Now h₁ is -10 = y + 1
    -- Subtract 1 from both sides to solve for y
    linarith            -- Linear arithmetic can solve this equation
2025-04-13 14:42:53 - INFO - ----------------------------------------
2025-04-13 14:42:53 - INFO - 
Checking original code for all errors...
2025-04-13 14:45:32 - INFO - Original code contains 1 errors:
2025-04-13 14:45:32 - INFO - Error 1: line 12, type: simp_failed, message: simp made no progress...
2025-04-13 14:45:32 - INFO - 
Starting multi-error continuous repair process...
2025-04-13 14:45:32 - INFO - 
===== Starting to fix all errors =====
2025-04-13 14:45:33 - INFO - 
Found 1 original errors:
2025-04-13 14:45:33 - INFO - Error 1: line 12, type: simp_failed, message: simp made no progress...
2025-04-13 14:45:33 - INFO - 
Trying to fix error 1/1: line 12, type: simp_failed
2025-04-13 14:45:33 - INFO - Error message: simp made no progress...
2025-04-13 14:45:33 - INFO - Removed header content, remaining 22 lines of code
2025-04-13 14:45:33 - INFO - Using specified target error line: 12
2025-04-13 14:45:34 - INFO - Found error at specified line: simp made no progress
2025-04-13 14:45:34 - INFO - Error at line 12: simp made no progress
2025-04-13 14:45:34 - INFO - 
==================================================
2025-04-13 14:45:34 - INFO - Code prepared, starting synthesis
2025-04-13 14:45:34 - INFO - Before part: /-- 
The midpoint of the line segment between (x,y) and (-9,1) is (3,-5). 
Find (x,y). Show that it is (15,-11).
-/
theorem mathd_algebra_126 (x y : ℝ) (h₀ : 2 * 3 = x - 9) (h₁ : 2 * -5 = y + 1) : x = 15 ∧ y = -11 := by
  -- We need to prove both x = 15 and y = -11. We'll split this into two subgoals.
  constructor
  -- First goal: prove x = 15
  · -- From hypothesis h₀: 2 * 3 = x - 9
    -- Simplify the left side: 2 * 3 = 6
    rw [mul_comm] at h₀  -- Optional: rewrites 2 * 3 to 3 * 2 (not strictly necessary)
2025-04-13 14:45:34 - INFO - Error line:     simp at h₀           -- Simplifies 3 * 2 to 6
2025-04-13 14:45:34 - INFO - After part: -- Now h₀ is 6 = x - 9
    -- Add 9 to both sides to solve for x
    linarith            -- Linear arithmetic can solve this equation
  -- Second goal: prove y = -11
  · -- From hypothesis h₁: 2 * -5 = y + 1
    -- Simplify the left side: 2 * -5 = -10
    simp at h₁          -- Simplifies 2 * -5 to -10
    -- Now h₁ is -10 = y + 1
    -- Subtract 1 from both sides to solve for y
    linarith            -- Linear arithmetic can solve this equation
2025-04-13 14:45:34 - INFO - ==================================================

2025-04-13 14:45:35 - INFO - Testing fragment: rw [left_distrib]
2025-04-13 14:45:35 - INFO - Original error line:     simp at h₀           -- Simplifies 3 * 2 to 6
2025-04-13 14:45:37 - INFO - Testing fix: Original errors: 1, Fixed errors: 1
2025-04-13 14:45:37 - INFO - Result: False (introduced 1 new errors)
2025-04-13 14:45:37 - DEBUG - === New errors detail ===
2025-04-13 14:45:37 - DEBUG - New Error 1: line 12, type: rewrite_failed, message: tactic 'rewrite' failed, did not find instance of the pattern in the target expression
  ?a * (?b + ?c)
case left
x y : ℝ
h₀ : 3 * 2 = x - 9
h₁ : 2 * -5 = y + 1
⊢ x = 15
2025-04-13 14:45:37 - INFO - Testing fragment: rw [right_distrib]
2025-04-13 14:45:37 - INFO - Original error line:     simp at h₀           -- Simplifies 3 * 2 to 6
2025-04-13 14:45:39 - INFO - Testing fix: Original errors: 1, Fixed errors: 1
2025-04-13 14:45:39 - INFO - Result: False (introduced 1 new errors)
2025-04-13 14:45:39 - DEBUG - === New errors detail ===
2025-04-13 14:45:39 - DEBUG - New Error 1: line 12, type: rewrite_failed, message: tactic 'rewrite' failed, did not find instance of the pattern in the target expression
  (?a + ?b) * ?c
case left
x y : ℝ
h₀ : 3 * 2 = x - 9
h₁ : 2 * -5 = y + 1
⊢ x = 15
2025-04-13 14:45:39 - INFO - Testing fragment: rw [distrib_three_right]
2025-04-13 14:45:39 - INFO - Original error line:     simp at h₀           -- Simplifies 3 * 2 to 6
2025-04-13 14:45:41 - INFO - Testing fix: Original errors: 1, Fixed errors: 1
2025-04-13 14:45:41 - INFO - Result: False (introduced 1 new errors)
2025-04-13 14:45:41 - DEBUG - === New errors detail ===
2025-04-13 14:45:41 - DEBUG - New Error 1: line 12, type: rewrite_failed, message: tactic 'rewrite' failed, did not find instance of the pattern in the target expression
  (?a + ?b + ?c) * ?d
case left
x y : ℝ
h₀ : 3 * 2 = x - 9
h₁ : 2 * -5 = y + 1
⊢ x = 15
2025-04-13 14:45:41 - INFO - Testing fragment: rw [add_one_mul]
2025-04-13 14:45:41 - INFO - Original error line:     simp at h₀           -- Simplifies 3 * 2 to 6
2025-04-13 14:45:43 - INFO - Testing fix: Original errors: 1, Fixed errors: 1
2025-04-13 14:45:43 - INFO - Result: False (introduced 1 new errors)
2025-04-13 14:45:43 - DEBUG - === New errors detail ===
2025-04-13 14:45:43 - DEBUG - New Error 1: line 12, type: rewrite_failed, message: tactic 'rewrite' failed, did not find instance of the pattern in the target expression
  (?a + 1) * ?b
case left
x y : ℝ
h₀ : 3 * 2 = x - 9
h₁ : 2 * -5 = y + 1
⊢ x = 15
2025-04-13 14:45:43 - INFO - Testing fragment: rw [mul_add_one]
2025-04-13 14:45:43 - INFO - Original error line:     simp at h₀           -- Simplifies 3 * 2 to 6
2025-04-13 14:45:45 - INFO - Testing fix: Original errors: 1, Fixed errors: 1
2025-04-13 14:45:45 - INFO - Result: False (introduced 1 new errors)
2025-04-13 14:45:45 - DEBUG - === New errors detail ===
2025-04-13 14:45:45 - DEBUG - New Error 1: line 12, type: rewrite_failed, message: tactic 'rewrite' failed, did not find instance of the pattern in the target expression
  ?a * (?b + 1)
case left
x y : ℝ
h₀ : 3 * 2 = x - 9
h₁ : 2 * -5 = y + 1
⊢ x = 15
2025-04-13 14:45:45 - INFO - Testing fragment: rw [one_add_mul]
2025-04-13 14:45:45 - INFO - Original error line:     simp at h₀           -- Simplifies 3 * 2 to 6
2025-04-13 14:45:47 - INFO - Testing fix: Original errors: 1, Fixed errors: 1
2025-04-13 14:45:47 - INFO - Result: False (introduced 1 new errors)
2025-04-13 14:45:47 - DEBUG - === New errors detail ===
2025-04-13 14:45:47 - DEBUG - New Error 1: line 12, type: rewrite_failed, message: tactic 'rewrite' failed, did not find instance of the pattern in the target expression
  (1 + ?a) * ?b
case left
x y : ℝ
h₀ : 3 * 2 = x - 9
h₁ : 2 * -5 = y + 1
⊢ x = 15
2025-04-13 14:45:47 - INFO - Testing fragment: rw [mul_one_add]
2025-04-13 14:45:47 - INFO - Original error line:     simp at h₀           -- Simplifies 3 * 2 to 6
2025-04-13 14:45:49 - INFO - Testing fix: Original errors: 1, Fixed errors: 1
2025-04-13 14:45:49 - INFO - Result: False (introduced 1 new errors)
2025-04-13 14:45:49 - DEBUG - === New errors detail ===
2025-04-13 14:45:49 - DEBUG - New Error 1: line 12, type: rewrite_failed, message: tactic 'rewrite' failed, did not find instance of the pattern in the target expression
  ?a * (1 + ?b)
case left
x y : ℝ
h₀ : 3 * 2 = x - 9
h₁ : 2 * -5 = y + 1
⊢ x = 15
2025-04-13 14:45:49 - INFO - Testing fragment: rw [two_mul]
2025-04-13 14:45:49 - INFO - Original error line:     simp at h₀           -- Simplifies 3 * 2 to 6
2025-04-13 14:45:51 - INFO - Testing fix: Original errors: 1, Fixed errors: 1
2025-04-13 14:45:51 - INFO - Result: False (introduced 1 new errors)
2025-04-13 14:45:51 - DEBUG - === New errors detail ===
2025-04-13 14:45:51 - DEBUG - New Error 1: line 12, type: rewrite_failed, message: tactic 'rewrite' failed, did not find instance of the pattern in the target expression
  2 * ?n
case left
x y : ℝ
h₀ : 3 * 2 = x - 9
h₁ : 2 * -5 = y + 1
⊢ x = 15
2025-04-13 14:45:51 - INFO - Testing fragment: rw [mul_two]
2025-04-13 14:45:51 - INFO - Original error line:     simp at h₀           -- Simplifies 3 * 2 to 6
2025-04-13 14:45:53 - INFO - Testing fix: Original errors: 1, Fixed errors: 1
2025-04-13 14:45:53 - INFO - Result: False (introduced 1 new errors)
2025-04-13 14:45:53 - DEBUG - === New errors detail ===
2025-04-13 14:45:53 - DEBUG - New Error 1: line 12, type: rewrite_failed, message: tactic 'rewrite' failed, did not find instance of the pattern in the target expression
  ?n * 2
case left
x y : ℝ
h₀ : 3 * 2 = x - 9
h₁ : 2 * -5 = y + 1
⊢ x = 15
2025-04-13 14:45:53 - INFO - Testing fragment: rw [mul_boole]
2025-04-13 14:45:53 - INFO - Original error line:     simp at h₀           -- Simplifies 3 * 2 to 6
2025-04-13 14:45:55 - INFO - Testing fix: Original errors: 1, Fixed errors: 1
2025-04-13 14:45:55 - INFO - Result: False (introduced 1 new errors)
2025-04-13 14:45:55 - DEBUG - === New errors detail ===
2025-04-13 14:45:55 - DEBUG - New Error 1: line 12, type: rewrite_failed, message: tactic 'rewrite' failed, did not find instance of the pattern in the target expression
  ?a * if ?P then 1 else 0
case left
x y : ℝ
h₀ : 3 * 2 = x - 9
h₁ : 2 * -5 = y + 1
⊢ x = 15
2025-04-13 14:45:55 - INFO - Testing fragment: rw [boole_mul]
2025-04-13 14:45:55 - INFO - Original error line:     simp at h₀           -- Simplifies 3 * 2 to 6
2025-04-13 14:45:57 - INFO - Testing fix: Original errors: 1, Fixed errors: 1
2025-04-13 14:45:57 - INFO - Result: False (introduced 1 new errors)
2025-04-13 14:45:57 - DEBUG - === New errors detail ===
2025-04-13 14:45:57 - DEBUG - New Error 1: line 12, type: rewrite_failed, message: tactic 'rewrite' failed, did not find instance of the pattern in the target expression
  (if ?P then 1 else 0) * ?a
case left
x y : ℝ
h₀ : 3 * 2 = x - 9
h₁ : 2 * -5 = y + 1
⊢ x = 15
2025-04-13 14:45:57 - INFO - Testing fragment: rw [add_mul_self_eq]
2025-04-13 14:45:57 - INFO - Original error line:     simp at h₀           -- Simplifies 3 * 2 to 6
2025-04-13 14:45:59 - INFO - Testing fix: Original errors: 1, Fixed errors: 1
2025-04-13 14:45:59 - INFO - Result: False (introduced 1 new errors)
2025-04-13 14:45:59 - DEBUG - === New errors detail ===
2025-04-13 14:45:59 - DEBUG - New Error 1: line 12, type: rewrite_failed, message: tactic 'rewrite' failed, did not find instance of the pattern in the target expression
  (?a + ?b) * (?a + ?b)
case left
x y : ℝ
h₀ : 3 * 2 = x - 9
h₁ : 2 * -5 = y + 1
⊢ x = 15
2025-04-13 14:45:59 - INFO - Testing fragment: rw [neg_mul]
2025-04-13 14:45:59 - INFO - Original error line:     simp at h₀           -- Simplifies 3 * 2 to 6
2025-04-13 14:46:01 - INFO - Testing fix: Original errors: 1, Fixed errors: 1
2025-04-13 14:46:01 - INFO - Result: False (introduced 1 new errors)
2025-04-13 14:46:01 - DEBUG - === New errors detail ===
2025-04-13 14:46:01 - DEBUG - New Error 1: line 12, type: rewrite_failed, message: tactic 'rewrite' failed, did not find instance of the pattern in the target expression
  -?a * ?b
case left
x y : ℝ
h₀ : 3 * 2 = x - 9
h₁ : 2 * -5 = y + 1
⊢ x = 15
2025-04-13 14:46:01 - INFO - Testing fragment: rw [mul_neg]
2025-04-13 14:46:01 - INFO - Original error line:     simp at h₀           -- Simplifies 3 * 2 to 6
2025-04-13 14:46:03 - INFO - Testing fix: Original errors: 1, Fixed errors: 1
2025-04-13 14:46:03 - INFO - Result: False (introduced 1 new errors)
2025-04-13 14:46:03 - DEBUG - === New errors detail ===
2025-04-13 14:46:03 - DEBUG - New Error 1: line 12, type: rewrite_failed, message: tactic 'rewrite' failed, did not find instance of the pattern in the target expression
  ?a * -?b
case left
x y : ℝ
h₀ : 3 * 2 = x - 9
h₁ : 2 * -5 = y + 1
⊢ x = 15
2025-04-13 14:46:03 - INFO - Testing fragment: rw [neg_mul_neg]
2025-04-13 14:46:03 - INFO - Original error line:     simp at h₀           -- Simplifies 3 * 2 to 6
2025-04-13 14:46:05 - INFO - Testing fix: Original errors: 1, Fixed errors: 1
2025-04-13 14:46:05 - INFO - Result: False (introduced 1 new errors)
2025-04-13 14:46:05 - DEBUG - === New errors detail ===
2025-04-13 14:46:05 - DEBUG - New Error 1: line 12, type: rewrite_failed, message: tactic 'rewrite' failed, did not find instance of the pattern in the target expression
  -?a * -?b
case left
x y : ℝ
h₀ : 3 * 2 = x - 9
h₁ : 2 * -5 = y + 1
⊢ x = 15
2025-04-13 14:46:05 - INFO - Testing fragment: rw [neg_mul_eq_neg_mul]
2025-04-13 14:46:05 - INFO - Original error line:     simp at h₀           -- Simplifies 3 * 2 to 6
2025-04-13 14:46:07 - INFO - Testing fix: Original errors: 1, Fixed errors: 1
2025-04-13 14:46:07 - INFO - Result: False (introduced 1 new errors)
2025-04-13 14:46:07 - DEBUG - === New errors detail ===
2025-04-13 14:46:07 - DEBUG - New Error 1: line 12, type: rewrite_failed, message: tactic 'rewrite' failed, did not find instance of the pattern in the target expression
  -(?a * ?b)
case left
x y : ℝ
h₀ : 3 * 2 = x - 9
h₁ : 2 * -5 = y + 1
⊢ x = 15
2025-04-13 14:46:07 - INFO - Testing fragment: rw [neg_mul_eq_mul_neg]
2025-04-13 14:46:07 - INFO - Original error line:     simp at h₀           -- Simplifies 3 * 2 to 6
2025-04-13 14:46:09 - INFO - Testing fix: Original errors: 1, Fixed errors: 1
2025-04-13 14:46:09 - INFO - Result: False (introduced 1 new errors)
2025-04-13 14:46:09 - DEBUG - === New errors detail ===
2025-04-13 14:46:09 - DEBUG - New Error 1: line 12, type: rewrite_failed, message: tactic 'rewrite' failed, did not find instance of the pattern in the target expression
  -(?a * ?b)
case left
x y : ℝ
h₀ : 3 * 2 = x - 9
h₁ : 2 * -5 = y + 1
⊢ x = 15
2025-04-13 14:46:09 - INFO - Testing fragment: rw [neg_mul_comm]
2025-04-13 14:46:09 - INFO - Original error line:     simp at h₀           -- Simplifies 3 * 2 to 6
2025-04-13 14:46:11 - INFO - Testing fix: Original errors: 1, Fixed errors: 1
2025-04-13 14:46:11 - INFO - Result: False (introduced 1 new errors)
2025-04-13 14:46:11 - DEBUG - === New errors detail ===
2025-04-13 14:46:11 - DEBUG - New Error 1: line 12, type: rewrite_failed, message: tactic 'rewrite' failed, did not find instance of the pattern in the target expression
  -?a * ?b
case left
x y : ℝ
h₀ : 3 * 2 = x - 9
h₁ : 2 * -5 = y + 1
⊢ x = 15
2025-04-13 14:46:11 - INFO - Testing fragment: rw [neg_eq_neg_one_mul]
2025-04-13 14:46:11 - INFO - Original error line:     simp at h₀           -- Simplifies 3 * 2 to 6
2025-04-13 14:46:13 - INFO - Testing fix: Original errors: 1, Fixed errors: 1
2025-04-13 14:46:13 - INFO - Result: False (introduced 1 new errors)
2025-04-13 14:46:13 - DEBUG - === New errors detail ===
2025-04-13 14:46:13 - DEBUG - New Error 1: line 12, type: rewrite_failed, message: tactic 'rewrite' failed, did not find instance of the pattern in the target expression
  -?a
case left
x y : ℝ
h₀ : 3 * 2 = x - 9
h₁ : 2 * -5 = y + 1
⊢ x = 15
2025-04-13 14:46:13 - INFO - Testing fragment: rw [mul_neg_one]
2025-04-13 14:46:13 - INFO - Original error line:     simp at h₀           -- Simplifies 3 * 2 to 6
2025-04-13 14:46:15 - INFO - Testing fix: Original errors: 1, Fixed errors: 1
2025-04-13 14:46:15 - INFO - Result: False (introduced 1 new errors)
2025-04-13 14:46:15 - DEBUG - === New errors detail ===
2025-04-13 14:46:15 - DEBUG - New Error 1: line 12, type: rewrite_failed, message: tactic 'rewrite' failed, did not find instance of the pattern in the target expression
  ?a * -1
case left
x y : ℝ
h₀ : 3 * 2 = x - 9
h₁ : 2 * -5 = y + 1
⊢ x = 15
2025-04-13 14:46:15 - INFO - Testing fragment: rw [neg_one_mul]
2025-04-13 14:46:15 - INFO - Original error line:     simp at h₀           -- Simplifies 3 * 2 to 6
2025-04-13 14:46:17 - INFO - Testing fix: Original errors: 1, Fixed errors: 1
2025-04-13 14:46:17 - INFO - Result: False (introduced 1 new errors)
2025-04-13 14:46:17 - DEBUG - === New errors detail ===
2025-04-13 14:46:17 - DEBUG - New Error 1: line 12, type: rewrite_failed, message: tactic 'rewrite' failed, did not find instance of the pattern in the target expression
  -1 * ?a
case left
x y : ℝ
h₀ : 3 * 2 = x - 9
h₁ : 2 * -5 = y + 1
⊢ x = 15
2025-04-13 14:46:17 - INFO - Testing fragment: rw [mul_sub_left_distrib]
2025-04-13 14:46:17 - INFO - Original error line:     simp at h₀           -- Simplifies 3 * 2 to 6
2025-04-13 14:46:19 - INFO - Testing fix: Original errors: 1, Fixed errors: 1
2025-04-13 14:46:19 - INFO - Result: False (introduced 1 new errors)
2025-04-13 14:46:19 - DEBUG - === New errors detail ===
2025-04-13 14:46:19 - DEBUG - New Error 1: line 12, type: rewrite_failed, message: tactic 'rewrite' failed, did not find instance of the pattern in the target expression
  ?a * (?b - ?c)
case left
x y : ℝ
h₀ : 3 * 2 = x - 9
h₁ : 2 * -5 = y + 1
⊢ x = 15
2025-04-13 14:46:19 - INFO - Testing fragment: rw [mul_sub_right_distrib]
2025-04-13 14:46:19 - INFO - Original error line:     simp at h₀           -- Simplifies 3 * 2 to 6
2025-04-13 14:46:21 - INFO - Testing fix: Original errors: 1, Fixed errors: 1
2025-04-13 14:46:21 - INFO - Result: False (introduced 1 new errors)
2025-04-13 14:46:21 - DEBUG - === New errors detail ===
2025-04-13 14:46:21 - DEBUG - New Error 1: line 12, type: rewrite_failed, message: tactic 'rewrite' failed, did not find instance of the pattern in the target expression
  (?a - ?b) * ?c
case left
x y : ℝ
h₀ : 3 * 2 = x - 9
h₁ : 2 * -5 = y + 1
⊢ x = 15
2025-04-13 14:46:21 - INFO - Testing fragment: rw [sub_one_mul]
2025-04-13 14:46:21 - INFO - Original error line:     simp at h₀           -- Simplifies 3 * 2 to 6
2025-04-13 14:46:23 - INFO - Testing fix: Original errors: 1, Fixed errors: 1
2025-04-13 14:46:23 - INFO - Result: False (introduced 1 new errors)
2025-04-13 14:46:23 - DEBUG - === New errors detail ===
2025-04-13 14:46:23 - DEBUG - New Error 1: line 12, type: rewrite_failed, message: tactic 'rewrite' failed, did not find instance of the pattern in the target expression
  (?a - 1) * ?b
case left
x y : ℝ
h₀ : 3 * 2 = x - 9
h₁ : 2 * -5 = y + 1
⊢ x = 15
2025-04-13 14:46:23 - INFO - Testing fragment: rw [mul_sub_one]
2025-04-13 14:46:23 - INFO - Original error line:     simp at h₀           -- Simplifies 3 * 2 to 6
2025-04-13 14:46:25 - INFO - Testing fix: Original errors: 1, Fixed errors: 1
2025-04-13 14:46:25 - INFO - Result: False (introduced 1 new errors)
2025-04-13 14:46:25 - DEBUG - === New errors detail ===
2025-04-13 14:46:25 - DEBUG - New Error 1: line 12, type: rewrite_failed, message: tactic 'rewrite' failed, did not find instance of the pattern in the target expression
  ?a * (?b - 1)
case left
x y : ℝ
h₀ : 3 * 2 = x - 9
h₁ : 2 * -5 = y + 1
⊢ x = 15
2025-04-13 14:46:25 - INFO - Testing fragment: rw [one_sub_mul]
2025-04-13 14:46:25 - INFO - Original error line:     simp at h₀           -- Simplifies 3 * 2 to 6
2025-04-13 14:46:27 - INFO - Testing fix: Original errors: 1, Fixed errors: 1
2025-04-13 14:46:27 - INFO - Result: False (introduced 1 new errors)
2025-04-13 14:46:27 - DEBUG - === New errors detail ===
2025-04-13 14:46:27 - DEBUG - New Error 1: line 12, type: rewrite_failed, message: tactic 'rewrite' failed, did not find instance of the pattern in the target expression
  (1 - ?a) * ?b
case left
x y : ℝ
h₀ : 3 * 2 = x - 9
h₁ : 2 * -5 = y + 1
⊢ x = 15
2025-04-13 14:46:27 - INFO - Testing fragment: rw [mul_one_sub]
2025-04-13 14:46:27 - INFO - Original error line:     simp at h₀           -- Simplifies 3 * 2 to 6
2025-04-13 14:46:29 - INFO - Testing fix: Original errors: 1, Fixed errors: 1
2025-04-13 14:46:29 - INFO - Result: False (introduced 1 new errors)
2025-04-13 14:46:29 - DEBUG - === New errors detail ===
2025-04-13 14:46:29 - DEBUG - New Error 1: line 12, type: rewrite_failed, message: tactic 'rewrite' failed, did not find instance of the pattern in the target expression
  ?a * (1 - ?b)
case left
x y : ℝ
h₀ : 3 * 2 = x - 9
h₁ : 2 * -5 = y + 1
⊢ x = 15
2025-04-13 14:46:29 - INFO - Testing fragment: rw [mul_left_cancel]
2025-04-13 14:46:29 - INFO - Original error line:     simp at h₀           -- Simplifies 3 * 2 to 6
2025-04-13 14:46:31 - INFO - Testing fix: Original errors: 1, Fixed errors: 1
2025-04-13 14:46:31 - INFO - Result: False (introduced 1 new errors)
2025-04-13 14:46:31 - DEBUG - === New errors detail ===
2025-04-13 14:46:31 - DEBUG - New Error 1: line 12, type: rewrite_failed, message: tactic 'rewrite' failed, pattern is a metavariable
  ?m.615
from equation
  ?m.615 = ?m.616
case left
x y : ℝ
h₀ : 3 * 2 = x - 9
h₁ : 2 * -5 = y + 1
⊢ x = 15
2025-04-13 14:46:31 - INFO - Testing fragment: rw [mul_left_cancel_iff]
2025-04-13 14:46:31 - INFO - Original error line:     simp at h₀           -- Simplifies 3 * 2 to 6
2025-04-13 14:46:33 - INFO - Testing fix: Original errors: 1, Fixed errors: 1
2025-04-13 14:46:33 - INFO - Result: False (introduced 1 new errors)
2025-04-13 14:46:33 - DEBUG - === New errors detail ===
2025-04-13 14:46:33 - DEBUG - New Error 1: line 12, type: rewrite_failed, message: tactic 'rewrite' failed, did not find instance of the pattern in the target expression
  ?m.614 * ?m.615 = ?m.614 * ?m.616
case left
x y : ℝ
h₀ : 3 * 2 = x - 9
h₁ : 2 * -5 = y + 1
⊢ x = 15
2025-04-13 14:46:33 - INFO - Testing fragment: rw [mul_right_injective]
2025-04-13 14:46:33 - INFO - Original error line:     simp at h₀           -- Simplifies 3 * 2 to 6
2025-04-13 14:46:35 - INFO - Testing fix: Original errors: 1, Fixed errors: 1
2025-04-13 14:46:35 - INFO - Result: False (introduced 1 new errors)
2025-04-13 14:46:35 - DEBUG - === New errors detail ===
2025-04-13 14:46:35 - DEBUG - New Error 1: line 12, type: rewrite_failed, message: tactic 'rewrite' failed, pattern is a metavariable
  ?a₁
from equation
  ?a₁ = ?a₂
case left
x y : ℝ
h₀ : 3 * 2 = x - 9
h₁ : 2 * -5 = y + 1
⊢ x = 15
2025-04-13 14:46:35 - INFO - Testing fragment: rw [mul_right_inj]
2025-04-13 14:46:35 - INFO - Original error line:     simp at h₀           -- Simplifies 3 * 2 to 6
2025-04-13 14:46:37 - INFO - Testing fix: Original errors: 1, Fixed errors: 1
2025-04-13 14:46:37 - INFO - Result: False (introduced 1 new errors)
2025-04-13 14:46:37 - DEBUG - === New errors detail ===
2025-04-13 14:46:37 - DEBUG - New Error 1: line 12, type: rewrite_failed, message: tactic 'rewrite' failed, did not find instance of the pattern in the target expression
  ?a * ?b = ?a * ?c
case left
x y : ℝ
h₀ : 3 * 2 = x - 9
h₁ : 2 * -5 = y + 1
⊢ x = 15
2025-04-13 14:46:37 - INFO - Testing fragment: rw [mul_ne_mul_right]
2025-04-13 14:46:37 - INFO - Original error line:     simp at h₀           -- Simplifies 3 * 2 to 6
2025-04-13 14:46:39 - INFO - Testing fix: Original errors: 1, Fixed errors: 1
2025-04-13 14:46:39 - INFO - Result: False (introduced 1 new errors)
2025-04-13 14:46:39 - DEBUG - === New errors detail ===
2025-04-13 14:46:39 - DEBUG - New Error 1: line 12, type: rewrite_failed, message: tactic 'rewrite' failed, did not find instance of the pattern in the target expression
  ?a * ?b ≠ ?a * ?c
case left
x y : ℝ
h₀ : 3 * 2 = x - 9
h₁ : 2 * -5 = y + 1
⊢ x = 15
2025-04-13 14:46:39 - INFO - Testing fragment: rw [mul_right_cancel]
2025-04-13 14:46:39 - INFO - Original error line:     simp at h₀           -- Simplifies 3 * 2 to 6
2025-04-13 14:46:41 - INFO - Testing fix: Original errors: 1, Fixed errors: 1
2025-04-13 14:46:41 - INFO - Result: False (introduced 1 new errors)
2025-04-13 14:46:41 - DEBUG - === New errors detail ===
2025-04-13 14:46:41 - DEBUG - New Error 1: line 12, type: rewrite_failed, message: tactic 'rewrite' failed, pattern is a metavariable
  ?m.614
from equation
  ?m.614 = ?m.616
case left
x y : ℝ
h₀ : 3 * 2 = x - 9
h₁ : 2 * -5 = y + 1
⊢ x = 15
2025-04-13 14:46:41 - INFO - Testing fragment: rw [mul_right_cancel_iff]
2025-04-13 14:46:41 - INFO - Original error line:     simp at h₀           -- Simplifies 3 * 2 to 6
2025-04-13 14:46:43 - INFO - Testing fix: Original errors: 1, Fixed errors: 1
2025-04-13 14:46:43 - INFO - Result: False (introduced 1 new errors)
2025-04-13 14:46:43 - DEBUG - === New errors detail ===
2025-04-13 14:46:43 - DEBUG - New Error 1: line 12, type: rewrite_failed, message: tactic 'rewrite' failed, did not find instance of the pattern in the target expression
  ?m.615 * ?m.614 = ?m.616 * ?m.614
case left
x y : ℝ
h₀ : 3 * 2 = x - 9
h₁ : 2 * -5 = y + 1
⊢ x = 15
2025-04-13 14:46:43 - INFO - Testing fragment: rw [mul_left_injective]
2025-04-13 14:46:43 - INFO - Original error line:     simp at h₀           -- Simplifies 3 * 2 to 6
2025-04-13 14:46:45 - INFO - Testing fix: Original errors: 1, Fixed errors: 1
2025-04-13 14:46:45 - INFO - Result: False (introduced 1 new errors)
2025-04-13 14:46:45 - DEBUG - === New errors detail ===
2025-04-13 14:46:45 - DEBUG - New Error 1: line 12, type: rewrite_failed, message: tactic 'rewrite' failed, pattern is a metavariable
  ?a₁
from equation
  ?a₁ = ?a₂
case left
x y : ℝ
h₀ : 3 * 2 = x - 9
h₁ : 2 * -5 = y + 1
⊢ x = 15
2025-04-13 14:46:45 - INFO - Testing fragment: rw [mul_left_inj]
2025-04-13 14:46:45 - INFO - Original error line:     simp at h₀           -- Simplifies 3 * 2 to 6
2025-04-13 14:46:47 - INFO - Testing fix: Original errors: 1, Fixed errors: 1
2025-04-13 14:46:47 - INFO - Result: False (introduced 1 new errors)
2025-04-13 14:46:47 - DEBUG - === New errors detail ===
2025-04-13 14:46:47 - DEBUG - New Error 1: line 12, type: rewrite_failed, message: tactic 'rewrite' failed, did not find instance of the pattern in the target expression
  ?b * ?a = ?c * ?a
case left
x y : ℝ
h₀ : 3 * 2 = x - 9
h₁ : 2 * -5 = y + 1
⊢ x = 15
2025-04-13 14:46:47 - INFO - Testing fragment: rw [mul_ne_mul_left]
2025-04-13 14:46:47 - INFO - Original error line:     simp at h₀           -- Simplifies 3 * 2 to 6
2025-04-13 14:46:49 - INFO - Testing fix: Original errors: 1, Fixed errors: 1
2025-04-13 14:46:49 - INFO - Result: False (introduced 1 new errors)
2025-04-13 14:46:49 - DEBUG - === New errors detail ===
2025-04-13 14:46:49 - DEBUG - New Error 1: line 12, type: rewrite_failed, message: tactic 'rewrite' failed, did not find instance of the pattern in the target expression
  ?b * ?a ≠ ?c * ?a
case left
x y : ℝ
h₀ : 3 * 2 = x - 9
h₁ : 2 * -5 = y + 1
⊢ x = 15
2025-04-13 14:46:49 - INFO - Testing fragment: rw [mul_assoc]
2025-04-13 14:46:49 - INFO - Original error line:     simp at h₀           -- Simplifies 3 * 2 to 6
2025-04-13 14:46:51 - INFO - Testing fix: Original errors: 1, Fixed errors: 1
2025-04-13 14:46:51 - INFO - Result: False (introduced 1 new errors)
2025-04-13 14:46:51 - DEBUG - === New errors detail ===
2025-04-13 14:46:51 - DEBUG - New Error 1: line 12, type: rewrite_failed, message: tactic 'rewrite' failed, did not find instance of the pattern in the target expression
  ?a * ?b * ?c
case left
x y : ℝ
h₀ : 3 * 2 = x - 9
h₁ : 2 * -5 = y + 1
⊢ x = 15
2025-04-13 14:46:51 - INFO - Testing fragment: rw [mul_comm]
2025-04-13 14:46:51 - INFO - Original error line:     simp at h₀           -- Simplifies 3 * 2 to 6
2025-04-13 14:46:53 - INFO - Testing fix: Original errors: 1, Fixed errors: 1
2025-04-13 14:46:53 - INFO - Result: False (introduced 1 new errors)
2025-04-13 14:46:53 - DEBUG - === New errors detail ===
2025-04-13 14:46:53 - DEBUG - New Error 1: line 12, type: rewrite_failed, message: tactic 'rewrite' failed, did not find instance of the pattern in the target expression
  ?a * ?b
case left
x y : ℝ
h₀ : 3 * 2 = x - 9
h₁ : 2 * -5 = y + 1
⊢ x = 15
2025-04-13 14:46:53 - INFO - Testing fragment: rw [MulOneClass]
2025-04-13 14:46:53 - INFO - Original error line:     simp at h₀           -- Simplifies 3 * 2 to 6
2025-04-13 14:46:55 - INFO - Testing fix: Original errors: 1, Fixed errors: 1
2025-04-13 14:46:55 - INFO - Result: False (introduced 1 new errors)
2025-04-13 14:46:55 - DEBUG - === New errors detail ===
2025-04-13 14:46:55 - DEBUG - New Error 1: line 12, type: rewrite_failed, message: tactic 'rewrite' failed, equality or iff proof expected
  Type ?u.610
case left
x y : ℝ
h₀ : 3 * 2 = x - 9
h₁ : 2 * -5 = y + 1
⊢ x = 15
2025-04-13 14:46:55 - INFO - Testing fragment: rw [one_mul]
2025-04-13 14:46:55 - INFO - Original error line:     simp at h₀           -- Simplifies 3 * 2 to 6
2025-04-13 14:46:57 - INFO - Testing fix: Original errors: 1, Fixed errors: 1
2025-04-13 14:46:57 - INFO - Result: False (introduced 1 new errors)
2025-04-13 14:46:57 - DEBUG - === New errors detail ===
2025-04-13 14:46:57 - DEBUG - New Error 1: line 12, type: rewrite_failed, message: tactic 'rewrite' failed, did not find instance of the pattern in the target expression
  1 * ?a
case left
x y : ℝ
h₀ : 3 * 2 = x - 9
h₁ : 2 * -5 = y + 1
⊢ x = 15
2025-04-13 14:46:57 - INFO - Testing fragment: rw [mul_one]
2025-04-13 14:46:57 - INFO - Original error line:     simp at h₀           -- Simplifies 3 * 2 to 6
2025-04-13 14:46:59 - INFO - Testing fix: Original errors: 1, Fixed errors: 1
2025-04-13 14:46:59 - INFO - Result: False (introduced 1 new errors)
2025-04-13 14:46:59 - DEBUG - === New errors detail ===
2025-04-13 14:46:59 - DEBUG - New Error 1: line 12, type: rewrite_failed, message: tactic 'rewrite' failed, did not find instance of the pattern in the target expression
  ?a * 1
case left
x y : ℝ
h₀ : 3 * 2 = x - 9
h₁ : 2 * -5 = y + 1
⊢ x = 15
2025-04-13 14:46:59 - INFO - Testing fragment: rw [npowRec_add]
2025-04-13 14:46:59 - INFO - Original error line:     simp at h₀           -- Simplifies 3 * 2 to 6
2025-04-13 14:47:01 - INFO - Testing fix: Original errors: 1, Fixed errors: 2
2025-04-13 14:47:01 - INFO - Result: False (introduced 2 new errors)
2025-04-13 14:47:01 - DEBUG - === New errors detail ===
2025-04-13 14:47:01 - DEBUG - New Error 1: line 12, type: unknown_identifier, message: unknown identifier 'npowRec_add'
2025-04-13 14:47:01 - DEBUG - New Error 2: line 12, type: rewrite_failed, message: tactic 'rewrite' failed, equality or iff proof expected
  ?m.610
case left
x y : ℝ
h₀ : 3 * 2 = x - 9
h₁ : 2 * -5 = y + 1
⊢ x = 15
2025-04-13 14:47:01 - INFO - Testing fragment: rw [npowRec_succ]
2025-04-13 14:47:01 - INFO - Original error line:     simp at h₀           -- Simplifies 3 * 2 to 6
2025-04-13 14:47:03 - INFO - Testing fix: Original errors: 1, Fixed errors: 2
2025-04-13 14:47:03 - INFO - Result: False (introduced 2 new errors)
2025-04-13 14:47:03 - DEBUG - === New errors detail ===
2025-04-13 14:47:03 - DEBUG - New Error 1: line 12, type: unknown_identifier, message: unknown identifier 'npowRec_succ'
2025-04-13 14:47:03 - DEBUG - New Error 2: line 12, type: rewrite_failed, message: tactic 'rewrite' failed, equality or iff proof expected
  ?m.610
case left
x y : ℝ
h₀ : 3 * 2 = x - 9
h₁ : 2 * -5 = y + 1
⊢ x = 15
2025-04-13 14:47:03 - INFO - Testing fragment: rw [npowRec'_succ]
2025-04-13 14:47:03 - INFO - Original error line:     simp at h₀           -- Simplifies 3 * 2 to 6
2025-04-13 14:47:05 - INFO - Testing fix: Original errors: 1, Fixed errors: 2
2025-04-13 14:47:05 - INFO - Result: False (introduced 2 new errors)
2025-04-13 14:47:05 - DEBUG - === New errors detail ===
2025-04-13 14:47:05 - DEBUG - New Error 1: line 12, type: unknown_identifier, message: unknown identifier 'npowRec'_succ'
2025-04-13 14:47:05 - DEBUG - New Error 2: line 12, type: rewrite_failed, message: tactic 'rewrite' failed, equality or iff proof expected
  ?m.610
case left
x y : ℝ
h₀ : 3 * 2 = x - 9
h₁ : 2 * -5 = y + 1
⊢ x = 15
2025-04-13 14:47:05 - INFO - Testing fragment: rw [npowRec'_two_mul]
2025-04-13 14:47:05 - INFO - Original error line:     simp at h₀           -- Simplifies 3 * 2 to 6
2025-04-13 14:47:07 - INFO - Testing fix: Original errors: 1, Fixed errors: 2
2025-04-13 14:47:07 - INFO - Result: False (introduced 2 new errors)
2025-04-13 14:47:07 - DEBUG - === New errors detail ===
2025-04-13 14:47:07 - DEBUG - New Error 1: line 12, type: unknown_identifier, message: unknown identifier 'npowRec'_two_mul'
2025-04-13 14:47:07 - DEBUG - New Error 2: line 12, type: rewrite_failed, message: tactic 'rewrite' failed, equality or iff proof expected
  ?m.610
case left
x y : ℝ
h₀ : 3 * 2 = x - 9
h₁ : 2 * -5 = y + 1
⊢ x = 15
2025-04-13 14:47:07 - INFO - Testing fragment: rw [npowRec'_mul_comm]
2025-04-13 14:47:07 - INFO - Original error line:     simp at h₀           -- Simplifies 3 * 2 to 6
2025-04-13 14:47:09 - INFO - Testing fix: Original errors: 1, Fixed errors: 2
2025-04-13 14:47:09 - INFO - Result: False (introduced 2 new errors)
2025-04-13 14:47:09 - DEBUG - === New errors detail ===
2025-04-13 14:47:09 - DEBUG - New Error 1: line 12, type: unknown_identifier, message: unknown identifier 'npowRec'_mul_comm'
2025-04-13 14:47:09 - DEBUG - New Error 2: line 12, type: rewrite_failed, message: tactic 'rewrite' failed, equality or iff proof expected
  ?m.610
case left
x y : ℝ
h₀ : 3 * 2 = x - 9
h₁ : 2 * -5 = y + 1
⊢ x = 15
2025-04-13 14:47:09 - INFO - Testing fragment: rw [npowRec_eq]
2025-04-13 14:47:09 - INFO - Original error line:     simp at h₀           -- Simplifies 3 * 2 to 6
2025-04-13 14:47:11 - INFO - Testing fix: Original errors: 1, Fixed errors: 2
2025-04-13 14:47:11 - INFO - Result: False (introduced 2 new errors)
2025-04-13 14:47:11 - DEBUG - === New errors detail ===
2025-04-13 14:47:11 - DEBUG - New Error 1: line 12, type: unknown_identifier, message: unknown identifier 'npowRec_eq'
2025-04-13 14:47:11 - DEBUG - New Error 2: line 12, type: rewrite_failed, message: tactic 'rewrite' failed, equality or iff proof expected
  ?m.610
case left
x y : ℝ
h₀ : 3 * 2 = x - 9
h₁ : 2 * -5 = y + 1
⊢ x = 15
2025-04-13 14:47:11 - INFO - Testing fragment: rw [npowBinRec]
2025-04-13 14:47:11 - INFO - Original error line:     simp at h₀           -- Simplifies 3 * 2 to 6
2025-04-13 14:47:13 - INFO - Testing fix: Original errors: 1, Fixed errors: 2
2025-04-13 14:47:13 - INFO - Result: False (introduced 2 new errors)
2025-04-13 14:47:13 - DEBUG - === New errors detail ===
2025-04-13 14:47:13 - DEBUG - New Error 1: line 12, type: unknown_identifier, message: unknown identifier 'npowBinRec'
2025-04-13 14:47:13 - DEBUG - New Error 2: line 12, type: rewrite_failed, message: tactic 'rewrite' failed, equality or iff proof expected
  ?m.610
case left
x y : ℝ
h₀ : 3 * 2 = x - 9
h₁ : 2 * -5 = y + 1
⊢ x = 15
2025-04-13 14:47:13 - INFO - Testing fragment: rw [npowRec_eq_npowBinRec]
2025-04-13 14:47:13 - INFO - Original error line:     simp at h₀           -- Simplifies 3 * 2 to 6
2025-04-13 14:47:15 - INFO - Testing fix: Original errors: 1, Fixed errors: 2
2025-04-13 14:47:15 - INFO - Result: False (introduced 2 new errors)
2025-04-13 14:47:15 - DEBUG - === New errors detail ===
2025-04-13 14:47:15 - DEBUG - New Error 1: line 12, type: unknown_identifier, message: unknown identifier 'npowRec_eq_npowBinRec'
2025-04-13 14:47:15 - DEBUG - New Error 2: line 12, type: rewrite_failed, message: tactic 'rewrite' failed, equality or iff proof expected
  ?m.610
case left
x y : ℝ
h₀ : 3 * 2 = x - 9
h₁ : 2 * -5 = y + 1
⊢ x = 15
2025-04-13 14:47:15 - INFO - Testing fragment: rw [npow_eq_pow]
2025-04-13 14:47:15 - INFO - Original error line:     simp at h₀           -- Simplifies 3 * 2 to 6
2025-04-13 14:47:17 - INFO - Testing fix: Original errors: 1, Fixed errors: 1
2025-04-13 14:47:17 - INFO - Result: False (introduced 1 new errors)
2025-04-13 14:47:17 - DEBUG - === New errors detail ===
2025-04-13 14:47:17 - DEBUG - New Error 1: line 12, type: rewrite_failed, message: tactic 'rewrite' failed, did not find instance of the pattern in the target expression
  Monoid.npow ?n ?x
case left
x y : ℝ
h₀ : 3 * 2 = x - 9
h₁ : 2 * -5 = y + 1
⊢ x = 15
2025-04-13 14:47:17 - INFO - Testing fragment: rw [pow_zero]
2025-04-13 14:47:17 - INFO - Original error line:     simp at h₀           -- Simplifies 3 * 2 to 6
2025-04-13 14:47:19 - INFO - Testing fix: Original errors: 1, Fixed errors: 1
2025-04-13 14:47:19 - INFO - Result: False (introduced 1 new errors)
2025-04-13 14:47:19 - DEBUG - === New errors detail ===
2025-04-13 14:47:19 - DEBUG - New Error 1: line 12, type: rewrite_failed, message: tactic 'rewrite' failed, did not find instance of the pattern in the target expression
  ?a ^ 0
case left
x y : ℝ
h₀ : 3 * 2 = x - 9
h₁ : 2 * -5 = y + 1
⊢ x = 15
2025-04-13 14:47:19 - INFO - Testing fragment: rw [pow_succ]
2025-04-13 14:47:19 - INFO - Original error line:     simp at h₀           -- Simplifies 3 * 2 to 6
2025-04-13 14:47:21 - INFO - Testing fix: Original errors: 1, Fixed errors: 1
2025-04-13 14:47:21 - INFO - Result: False (introduced 1 new errors)
2025-04-13 14:47:21 - DEBUG - === New errors detail ===
2025-04-13 14:47:21 - DEBUG - New Error 1: line 12, type: rewrite_failed, message: tactic 'rewrite' failed, did not find instance of the pattern in the target expression
  ?a ^ (?n + 1)
case left
x y : ℝ
h₀ : 3 * 2 = x - 9
h₁ : 2 * -5 = y + 1
⊢ x = 15
2025-04-13 14:47:21 - INFO - Testing fragment: rw [inv_inv]
2025-04-13 14:47:21 - INFO - Original error line:     simp at h₀           -- Simplifies 3 * 2 to 6
2025-04-13 14:47:23 - INFO - Testing fix: Original errors: 1, Fixed errors: 1
2025-04-13 14:47:23 - INFO - Result: False (introduced 1 new errors)
2025-04-13 14:47:23 - DEBUG - === New errors detail ===
2025-04-13 14:47:23 - DEBUG - New Error 1: line 12, type: rewrite_failed, message: tactic 'rewrite' failed, did not find instance of the pattern in the target expression
  ?a⁻¹⁻¹
case left
x y : ℝ
h₀ : 3 * 2 = x - 9
h₁ : 2 * -5 = y + 1
⊢ x = 15
2025-04-13 14:47:23 - INFO - Testing fragment: rw [exists_zpow_surjective]
2025-04-13 14:47:23 - INFO - Original error line:     simp at h₀           -- Simplifies 3 * 2 to 6
2025-04-13 14:47:25 - INFO - Testing fix: Original errors: 1, Fixed errors: 2
2025-04-13 14:47:25 - INFO - Result: False (introduced 2 new errors)
2025-04-13 14:47:25 - DEBUG - === New errors detail ===
2025-04-13 14:47:25 - DEBUG - New Error 1: line 12, type: unknown_identifier, message: unknown identifier 'exists_zpow_surjective'
2025-04-13 14:47:25 - DEBUG - New Error 2: line 12, type: rewrite_failed, message: tactic 'rewrite' failed, equality or iff proof expected
  ?m.610
case left
x y : ℝ
h₀ : 3 * 2 = x - 9
h₁ : 2 * -5 = y + 1
⊢ x = 15
2025-04-13 14:47:25 - INFO - Testing fragment: rw [zpow_eq_pow]
2025-04-13 14:47:25 - INFO - Original error line:     simp at h₀           -- Simplifies 3 * 2 to 6
2025-04-13 14:47:27 - INFO - Testing fix: Original errors: 1, Fixed errors: 1
2025-04-13 14:47:27 - INFO - Result: False (introduced 1 new errors)
2025-04-13 14:47:27 - DEBUG - === New errors detail ===
2025-04-13 14:47:27 - DEBUG - New Error 1: line 12, type: rewrite_failed, message: tactic 'rewrite' failed, did not find instance of the pattern in the target expression
  DivInvMonoid.zpow ?n ?x
case left
x y : ℝ
h₀ : 3 * 2 = x - 9
h₁ : 2 * -5 = y + 1
⊢ x = 15
2025-04-13 14:47:27 - INFO - Testing fragment: rw [zpow_zero]
2025-04-13 14:47:27 - INFO - Original error line:     simp at h₀           -- Simplifies 3 * 2 to 6
2025-04-13 14:47:29 - INFO - Testing fix: Original errors: 1, Fixed errors: 1
2025-04-13 14:47:29 - INFO - Result: False (introduced 1 new errors)
2025-04-13 14:47:29 - DEBUG - === New errors detail ===
2025-04-13 14:47:29 - DEBUG - New Error 1: line 12, type: rewrite_failed, message: tactic 'rewrite' failed, did not find instance of the pattern in the target expression
  ?a ^ 0
case left
x y : ℝ
h₀ : 3 * 2 = x - 9
h₁ : 2 * -5 = y + 1
⊢ x = 15
2025-04-13 14:47:29 - INFO - Testing fragment: rw [zpow_natCast]
2025-04-13 14:47:29 - INFO - Original error line:     simp at h₀           -- Simplifies 3 * 2 to 6
2025-04-13 14:47:31 - INFO - Testing fix: Original errors: 1, Fixed errors: 1
2025-04-13 14:47:31 - INFO - Result: False (introduced 1 new errors)
2025-04-13 14:47:31 - DEBUG - === New errors detail ===
2025-04-13 14:47:31 - DEBUG - New Error 1: line 12, type: rewrite_failed, message: tactic 'rewrite' failed, did not find instance of the pattern in the target expression
  ?a ^ ↑?n
case left
x y : ℝ
h₀ : 3 * 2 = x - 9
h₁ : 2 * -5 = y + 1
⊢ x = 15
2025-04-13 14:47:31 - INFO - Testing fragment: rw [zpow_negSucc]
2025-04-13 14:47:31 - INFO - Original error line:     simp at h₀           -- Simplifies 3 * 2 to 6
2025-04-13 14:47:33 - INFO - Testing fix: Original errors: 1, Fixed errors: 1
2025-04-13 14:47:33 - INFO - Result: False (introduced 1 new errors)
2025-04-13 14:47:33 - DEBUG - === New errors detail ===
2025-04-13 14:47:33 - DEBUG - New Error 1: line 12, type: rewrite_failed, message: tactic 'rewrite' failed, did not find instance of the pattern in the target expression
  ?a ^ Int.negSucc ?n
case left
x y : ℝ
h₀ : 3 * 2 = x - 9
h₁ : 2 * -5 = y + 1
⊢ x = 15
2025-04-13 14:47:33 - INFO - Testing fragment: rw [negSucc_zsmul]
2025-04-13 14:47:33 - INFO - Original error line:     simp at h₀           -- Simplifies 3 * 2 to 6
2025-04-13 14:47:35 - INFO - Testing fix: Original errors: 1, Fixed errors: 1
2025-04-13 14:47:35 - INFO - Result: False (introduced 1 new errors)
2025-04-13 14:47:35 - DEBUG - === New errors detail ===
2025-04-13 14:47:35 - DEBUG - New Error 1: line 12, type: rewrite_failed, message: tactic 'rewrite' failed, did not find instance of the pattern in the target expression
  Int.negSucc ?n • ?a
case left
x y : ℝ
h₀ : 3 * 2 = x - 9
h₁ : 2 * -5 = y + 1
⊢ x = 15
2025-04-13 14:47:35 - INFO - Testing fragment: rw [div_eq_mul_inv]
2025-04-13 14:47:35 - INFO - Original error line:     simp at h₀           -- Simplifies 3 * 2 to 6
2025-04-13 14:47:37 - INFO - Testing fix: Original errors: 1, Fixed errors: 1
2025-04-13 14:47:37 - INFO - Result: False (introduced 1 new errors)
2025-04-13 14:47:37 - DEBUG - === New errors detail ===
2025-04-13 14:47:37 - DEBUG - New Error 1: line 12, type: rewrite_failed, message: tactic 'rewrite' failed, did not find instance of the pattern in the target expression
  ?a / ?b
case left
x y : ℝ
h₀ : 3 * 2 = x - 9
h₁ : 2 * -5 = y + 1
⊢ x = 15
2025-04-13 14:47:37 - INFO - Testing fragment: rw [inv_eq_one_div]
2025-04-13 14:47:37 - INFO - Original error line:     simp at h₀           -- Simplifies 3 * 2 to 6
2025-04-13 14:47:39 - INFO - Testing fix: Original errors: 1, Fixed errors: 1
2025-04-13 14:47:39 - INFO - Result: False (introduced 1 new errors)
2025-04-13 14:47:39 - DEBUG - === New errors detail ===
2025-04-13 14:47:39 - DEBUG - New Error 1: line 12, type: rewrite_failed, message: tactic 'rewrite' failed, did not find instance of the pattern in the target expression
  ?x⁻¹
case left
x y : ℝ
h₀ : 3 * 2 = x - 9
h₁ : 2 * -5 = y + 1
⊢ x = 15
2025-04-13 14:47:39 - INFO - Testing fragment: rw [mul_div_assoc]
2025-04-13 14:47:39 - INFO - Original error line:     simp at h₀           -- Simplifies 3 * 2 to 6
2025-04-13 14:47:41 - INFO - Testing fix: Original errors: 1, Fixed errors: 1
2025-04-13 14:47:41 - INFO - Result: False (introduced 1 new errors)
2025-04-13 14:47:41 - DEBUG - === New errors detail ===
2025-04-13 14:47:41 - DEBUG - New Error 1: line 12, type: rewrite_failed, message: tactic 'rewrite' failed, did not find instance of the pattern in the target expression
  ?a * ?b / ?c
case left
x y : ℝ
h₀ : 3 * 2 = x - 9
h₁ : 2 * -5 = y + 1
⊢ x = 15
2025-04-13 14:47:41 - INFO - Testing fragment: rw [one_div]
2025-04-13 14:47:41 - INFO - Original error line:     simp at h₀           -- Simplifies 3 * 2 to 6
2025-04-13 14:47:43 - INFO - Testing fix: Original errors: 1, Fixed errors: 1
2025-04-13 14:47:43 - INFO - Result: False (introduced 1 new errors)
2025-04-13 14:47:43 - DEBUG - === New errors detail ===
2025-04-13 14:47:43 - DEBUG - New Error 1: line 12, type: rewrite_failed, message: tactic 'rewrite' failed, did not find instance of the pattern in the target expression
  1 / ?a
case left
x y : ℝ
h₀ : 3 * 2 = x - 9
h₁ : 2 * -5 = y + 1
⊢ x = 15
2025-04-13 14:47:43 - INFO - Testing fragment: rw [inv_one]
2025-04-13 14:47:43 - INFO - Original error line:     simp at h₀           -- Simplifies 3 * 2 to 6
2025-04-13 14:47:45 - INFO - Testing fix: Original errors: 1, Fixed errors: 1
2025-04-13 14:47:45 - INFO - Result: False (introduced 1 new errors)
2025-04-13 14:47:45 - DEBUG - === New errors detail ===
2025-04-13 14:47:45 - DEBUG - New Error 1: line 12, type: rewrite_failed, message: tactic 'rewrite' failed, did not find instance of the pattern in the target expression
  1⁻¹
case left
x y : ℝ
h₀ : 3 * 2 = x - 9
h₁ : 2 * -5 = y + 1
⊢ x = 15
2025-04-13 14:47:45 - INFO - Testing fragment: rw [mul_inv_rev]
2025-04-13 14:47:45 - INFO - Original error line:     simp at h₀           -- Simplifies 3 * 2 to 6
2025-04-13 14:47:47 - INFO - Testing fix: Original errors: 1, Fixed errors: 1
2025-04-13 14:47:47 - INFO - Result: False (introduced 1 new errors)
2025-04-13 14:47:47 - DEBUG - === New errors detail ===
2025-04-13 14:47:47 - DEBUG - New Error 1: line 12, type: rewrite_failed, message: tactic 'rewrite' failed, did not find instance of the pattern in the target expression
  (?a * ?b)⁻¹
case left
x y : ℝ
h₀ : 3 * 2 = x - 9
h₁ : 2 * -5 = y + 1
⊢ x = 15
2025-04-13 14:47:47 - INFO - Testing fragment: rw [inv_eq_of_mul_eq_one_right]
2025-04-13 14:47:47 - INFO - Original error line:     simp at h₀           -- Simplifies 3 * 2 to 6
2025-04-13 14:47:49 - INFO - Testing fix: Original errors: 1, Fixed errors: 1
2025-04-13 14:47:49 - INFO - Result: False (introduced 1 new errors)
2025-04-13 14:47:49 - DEBUG - === New errors detail ===
2025-04-13 14:47:49 - DEBUG - New Error 1: line 12, type: rewrite_failed, message: tactic 'rewrite' failed, did not find instance of the pattern in the target expression
  ?m.613⁻¹
case left
x y : ℝ
h₀ : 3 * 2 = x - 9
h₁ : 2 * -5 = y + 1
⊢ x = 15
2025-04-13 14:47:49 - INFO - Testing fragment: rw [inv_eq_of_mul_eq_one_left]
2025-04-13 14:47:49 - INFO - Original error line:     simp at h₀           -- Simplifies 3 * 2 to 6
2025-04-13 14:47:51 - INFO - Testing fix: Original errors: 1, Fixed errors: 1
2025-04-13 14:47:51 - INFO - Result: False (introduced 1 new errors)
2025-04-13 14:47:51 - DEBUG - === New errors detail ===
2025-04-13 14:47:51 - DEBUG - New Error 1: line 12, type: rewrite_failed, message: tactic 'rewrite' failed, did not find instance of the pattern in the target expression
  ?m.614⁻¹
case left
x y : ℝ
h₀ : 3 * 2 = x - 9
h₁ : 2 * -5 = y + 1
⊢ x = 15
2025-04-13 14:47:51 - INFO - Testing fragment: rw [eq_inv_of_mul_eq_one_left]
2025-04-13 14:47:51 - INFO - Original error line:     simp at h₀           -- Simplifies 3 * 2 to 6
2025-04-13 14:47:53 - INFO - Testing fix: Original errors: 1, Fixed errors: 1
2025-04-13 14:47:53 - INFO - Result: False (introduced 1 new errors)
2025-04-13 14:47:53 - DEBUG - === New errors detail ===
2025-04-13 14:47:53 - DEBUG - New Error 1: line 12, type: rewrite_failed, message: tactic 'rewrite' failed, pattern is a metavariable
  ?m.613
from equation
  ?m.613 = ?m.614⁻¹
case left
x y : ℝ
h₀ : 3 * 2 = x - 9
h₁ : 2 * -5 = y + 1
⊢ x = 15
2025-04-13 14:47:53 - INFO - Testing fragment: rw [inv_mul_cancel]
2025-04-13 14:47:53 - INFO - Original error line:     simp at h₀           -- Simplifies 3 * 2 to 6
2025-04-13 14:47:55 - INFO - Testing fix: Original errors: 1, Fixed errors: 1
2025-04-13 14:47:55 - INFO - Result: False (introduced 1 new errors)
2025-04-13 14:47:55 - DEBUG - === New errors detail ===
2025-04-13 14:47:55 - DEBUG - New Error 1: line 12, type: rewrite_failed, message: tactic 'rewrite' failed, did not find instance of the pattern in the target expression
  ?m.613⁻¹ * ?m.613
case left
x y : ℝ
h₀ : 3 * 2 = x - 9
h₁ : 2 * -5 = y + 1
⊢ x = 15
2025-04-13 14:47:55 - INFO - Testing fragment: rw [inv_eq_of_mul]
2025-04-13 14:47:55 - INFO - Original error line:     simp at h₀           -- Simplifies 3 * 2 to 6
2025-04-13 14:47:57 - INFO - Testing fix: Original errors: 1, Fixed errors: 2
2025-04-13 14:47:57 - INFO - Result: False (introduced 2 new errors)
2025-04-13 14:47:57 - DEBUG - === New errors detail ===
2025-04-13 14:47:57 - DEBUG - New Error 1: line 12, type: unknown_identifier, message: unknown identifier 'inv_eq_of_mul'
2025-04-13 14:47:57 - DEBUG - New Error 2: line 12, type: rewrite_failed, message: tactic 'rewrite' failed, equality or iff proof expected
  ?m.610
case left
x y : ℝ
h₀ : 3 * 2 = x - 9
h₁ : 2 * -5 = y + 1
⊢ x = 15
2025-04-13 14:47:57 - INFO - Testing fragment: rw [mul_inv_cancel]
2025-04-13 14:47:57 - INFO - Original error line:     simp at h₀           -- Simplifies 3 * 2 to 6
2025-04-13 14:47:59 - INFO - Testing fix: Original errors: 1, Fixed errors: 1
2025-04-13 14:47:59 - INFO - Result: False (introduced 1 new errors)
2025-04-13 14:47:59 - DEBUG - === New errors detail ===
2025-04-13 14:47:59 - DEBUG - New Error 1: line 12, type: rewrite_failed, message: tactic 'rewrite' failed, did not find instance of the pattern in the target expression
  ?m.613 * ?m.613⁻¹
case left
x y : ℝ
h₀ : 3 * 2 = x - 9
h₁ : 2 * -5 = y + 1
⊢ x = 15
2025-04-13 14:47:59 - INFO - Testing fragment: rw [div_self']
2025-04-13 14:47:59 - INFO - Original error line:     simp at h₀           -- Simplifies 3 * 2 to 6
2025-04-13 14:48:01 - INFO - Testing fix: Original errors: 1, Fixed errors: 1
2025-04-13 14:48:01 - INFO - Result: False (introduced 1 new errors)
2025-04-13 14:48:01 - DEBUG - === New errors detail ===
2025-04-13 14:48:01 - DEBUG - New Error 1: line 12, type: rewrite_failed, message: tactic 'rewrite' failed, did not find instance of the pattern in the target expression
  ?a / ?a
case left
x y : ℝ
h₀ : 3 * 2 = x - 9
h₁ : 2 * -5 = y + 1
⊢ x = 15
2025-04-13 14:48:01 - INFO - Testing fragment: rw [inv_mul_cancel_left]
2025-04-13 14:48:01 - INFO - Original error line:     simp at h₀           -- Simplifies 3 * 2 to 6
2025-04-13 14:48:03 - INFO - Testing fix: Original errors: 1, Fixed errors: 1
2025-04-13 14:48:03 - INFO - Result: False (introduced 1 new errors)
2025-04-13 14:48:03 - DEBUG - === New errors detail ===
2025-04-13 14:48:03 - DEBUG - New Error 1: line 12, type: rewrite_failed, message: tactic 'rewrite' failed, did not find instance of the pattern in the target expression
  ?a⁻¹ * (?a * ?b)
case left
x y : ℝ
h₀ : 3 * 2 = x - 9
h₁ : 2 * -5 = y + 1
⊢ x = 15
2025-04-13 14:48:03 - INFO - Testing fragment: rw [mul_inv_cancel_left]
2025-04-13 14:48:03 - INFO - Original error line:     simp at h₀           -- Simplifies 3 * 2 to 6
2025-04-13 14:48:05 - INFO - Testing fix: Original errors: 1, Fixed errors: 1
2025-04-13 14:48:05 - INFO - Result: False (introduced 1 new errors)
2025-04-13 14:48:05 - DEBUG - === New errors detail ===
2025-04-13 14:48:05 - DEBUG - New Error 1: line 12, type: rewrite_failed, message: tactic 'rewrite' failed, did not find instance of the pattern in the target expression
  ?a * (?a⁻¹ * ?b)
case left
x y : ℝ
h₀ : 3 * 2 = x - 9
h₁ : 2 * -5 = y + 1
⊢ x = 15
2025-04-13 14:48:05 - INFO - Testing fragment: rw [mul_inv_cancel_right]
2025-04-13 14:48:05 - INFO - Original error line:     simp at h₀           -- Simplifies 3 * 2 to 6
2025-04-13 14:48:07 - INFO - Testing fix: Original errors: 1, Fixed errors: 1
2025-04-13 14:48:07 - INFO - Result: False (introduced 1 new errors)
2025-04-13 14:48:07 - DEBUG - === New errors detail ===
2025-04-13 14:48:07 - DEBUG - New Error 1: line 12, type: rewrite_failed, message: tactic 'rewrite' failed, did not find instance of the pattern in the target expression
  ?a * ?b * ?b⁻¹
case left
x y : ℝ
h₀ : 3 * 2 = x - 9
h₁ : 2 * -5 = y + 1
⊢ x = 15
2025-04-13 14:48:07 - INFO - Testing fragment: rw [mul_div_cancel_right]
2025-04-13 14:48:07 - INFO - Original error line:     simp at h₀           -- Simplifies 3 * 2 to 6
2025-04-13 14:48:09 - INFO - Testing fix: Original errors: 1, Fixed errors: 1
2025-04-13 14:48:09 - INFO - Result: False (introduced 1 new errors)
2025-04-13 14:48:09 - DEBUG - === New errors detail ===
2025-04-13 14:48:09 - DEBUG - New Error 1: line 12, type: rewrite_failed, message: tactic 'rewrite' failed, did not find instance of the pattern in the target expression
  ?a * ?b / ?b
case left
x y : ℝ
h₀ : 3 * 2 = x - 9
h₁ : 2 * -5 = y + 1
⊢ x = 15
2025-04-13 14:48:09 - INFO - Testing fragment: rw [inv_mul_cancel_right]
2025-04-13 14:48:09 - INFO - Original error line:     simp at h₀           -- Simplifies 3 * 2 to 6
2025-04-13 14:48:11 - INFO - Testing fix: Original errors: 1, Fixed errors: 1
2025-04-13 14:48:11 - INFO - Result: False (introduced 1 new errors)
2025-04-13 14:48:11 - DEBUG - === New errors detail ===
2025-04-13 14:48:11 - DEBUG - New Error 1: line 12, type: rewrite_failed, message: tactic 'rewrite' failed, did not find instance of the pattern in the target expression
  ?a * ?b⁻¹ * ?b
case left
x y : ℝ
h₀ : 3 * 2 = x - 9
h₁ : 2 * -5 = y + 1
⊢ x = 15
2025-04-13 14:48:11 - INFO - Testing fragment: rw [div_mul_cancel]
2025-04-13 14:48:11 - INFO - Original error line:     simp at h₀           -- Simplifies 3 * 2 to 6
2025-04-13 14:48:13 - INFO - Testing fix: Original errors: 1, Fixed errors: 1
2025-04-13 14:48:13 - INFO - Result: False (introduced 1 new errors)
2025-04-13 14:48:13 - DEBUG - === New errors detail ===
2025-04-13 14:48:13 - DEBUG - New Error 1: line 12, type: rewrite_failed, message: tactic 'rewrite' failed, did not find instance of the pattern in the target expression
  ?a / ?b * ?b
case left
x y : ℝ
h₀ : 3 * 2 = x - 9
h₁ : 2 * -5 = y + 1
⊢ x = 15
2025-04-13 14:48:13 - INFO - Testing fragment: rw [<- left_distrib]
2025-04-13 14:48:13 - INFO - Original error line:     simp at h₀           -- Simplifies 3 * 2 to 6
2025-04-13 14:48:15 - INFO - Testing fix: Original errors: 1, Fixed errors: 1
2025-04-13 14:48:15 - INFO - Result: False (introduced 1 new errors)
2025-04-13 14:48:15 - DEBUG - === New errors detail ===
2025-04-13 14:48:15 - DEBUG - New Error 1: line 12, type: rewrite_failed, message: tactic 'rewrite' failed, did not find instance of the pattern in the target expression
  ?a * ?b + ?a * ?c
case left
x y : ℝ
h₀ : 3 * 2 = x - 9
h₁ : 2 * -5 = y + 1
⊢ x = 15
2025-04-13 14:48:15 - INFO - Testing fragment: rw [<- right_distrib]
2025-04-13 14:48:15 - INFO - Original error line:     simp at h₀           -- Simplifies 3 * 2 to 6
2025-04-13 14:48:17 - INFO - Testing fix: Original errors: 1, Fixed errors: 1
2025-04-13 14:48:17 - INFO - Result: False (introduced 1 new errors)
2025-04-13 14:48:17 - DEBUG - === New errors detail ===
2025-04-13 14:48:17 - DEBUG - New Error 1: line 12, type: rewrite_failed, message: tactic 'rewrite' failed, did not find instance of the pattern in the target expression
  ?a * ?c + ?b * ?c
case left
x y : ℝ
h₀ : 3 * 2 = x - 9
h₁ : 2 * -5 = y + 1
⊢ x = 15
2025-04-13 14:48:17 - INFO - Testing fragment: rw [<- distrib_three_right]
2025-04-13 14:48:17 - INFO - Original error line:     simp at h₀           -- Simplifies 3 * 2 to 6
2025-04-13 14:48:19 - INFO - Testing fix: Original errors: 1, Fixed errors: 1
2025-04-13 14:48:19 - INFO - Result: False (introduced 1 new errors)
2025-04-13 14:48:19 - DEBUG - === New errors detail ===
2025-04-13 14:48:19 - DEBUG - New Error 1: line 12, type: rewrite_failed, message: tactic 'rewrite' failed, did not find instance of the pattern in the target expression
  ?a * ?d + ?b * ?d + ?c * ?d
case left
x y : ℝ
h₀ : 3 * 2 = x - 9
h₁ : 2 * -5 = y + 1
⊢ x = 15
2025-04-13 14:48:19 - INFO - Testing fragment: rw [<- add_one_mul]
2025-04-13 14:48:19 - INFO - Original error line:     simp at h₀           -- Simplifies 3 * 2 to 6
2025-04-13 14:48:21 - INFO - Testing fix: Original errors: 1, Fixed errors: 1
2025-04-13 14:48:21 - INFO - Result: False (introduced 1 new errors)
2025-04-13 14:48:21 - DEBUG - === New errors detail ===
2025-04-13 14:48:21 - DEBUG - New Error 1: line 12, type: rewrite_failed, message: tactic 'rewrite' failed, did not find instance of the pattern in the target expression
  ?a * ?b + ?b
case left
x y : ℝ
h₀ : 3 * 2 = x - 9
h₁ : 2 * -5 = y + 1
⊢ x = 15
2025-04-13 14:48:21 - INFO - Testing fragment: rw [<- mul_add_one]
2025-04-13 14:48:21 - INFO - Original error line:     simp at h₀           -- Simplifies 3 * 2 to 6
2025-04-13 14:48:23 - INFO - Testing fix: Original errors: 1, Fixed errors: 1
2025-04-13 14:48:23 - INFO - Result: False (introduced 1 new errors)
2025-04-13 14:48:23 - DEBUG - === New errors detail ===
2025-04-13 14:48:23 - DEBUG - New Error 1: line 12, type: rewrite_failed, message: tactic 'rewrite' failed, did not find instance of the pattern in the target expression
  ?a * ?b + ?a
case left
x y : ℝ
h₀ : 3 * 2 = x - 9
h₁ : 2 * -5 = y + 1
⊢ x = 15
2025-04-13 14:48:23 - INFO - Testing fragment: rw [<- one_add_mul]
2025-04-13 14:48:23 - INFO - Original error line:     simp at h₀           -- Simplifies 3 * 2 to 6
2025-04-13 14:48:25 - INFO - Testing fix: Original errors: 1, Fixed errors: 1
2025-04-13 14:48:25 - INFO - Result: False (introduced 1 new errors)
2025-04-13 14:48:25 - DEBUG - === New errors detail ===
2025-04-13 14:48:25 - DEBUG - New Error 1: line 12, type: rewrite_failed, message: tactic 'rewrite' failed, did not find instance of the pattern in the target expression
  ?b + ?a * ?b
case left
x y : ℝ
h₀ : 3 * 2 = x - 9
h₁ : 2 * -5 = y + 1
⊢ x = 15
2025-04-13 14:48:25 - INFO - Testing fragment: rw [<- mul_one_add]
2025-04-13 14:48:25 - INFO - Original error line:     simp at h₀           -- Simplifies 3 * 2 to 6
2025-04-13 14:48:27 - INFO - Testing fix: Original errors: 1, Fixed errors: 1
2025-04-13 14:48:27 - INFO - Result: False (introduced 1 new errors)
2025-04-13 14:48:27 - DEBUG - === New errors detail ===
2025-04-13 14:48:27 - DEBUG - New Error 1: line 12, type: rewrite_failed, message: tactic 'rewrite' failed, did not find instance of the pattern in the target expression
  ?a + ?a * ?b
case left
x y : ℝ
h₀ : 3 * 2 = x - 9
h₁ : 2 * -5 = y + 1
⊢ x = 15
2025-04-13 14:48:27 - INFO - Testing fragment: rw [<- two_mul]
2025-04-13 14:48:27 - INFO - Original error line:     simp at h₀           -- Simplifies 3 * 2 to 6
2025-04-13 14:48:29 - INFO - Testing fix: Original errors: 1, Fixed errors: 1
2025-04-13 14:48:29 - INFO - Result: False (introduced 1 new errors)
2025-04-13 14:48:29 - DEBUG - === New errors detail ===
2025-04-13 14:48:29 - DEBUG - New Error 1: line 12, type: rewrite_failed, message: tactic 'rewrite' failed, did not find instance of the pattern in the target expression
  ?n + ?n
case left
x y : ℝ
h₀ : 3 * 2 = x - 9
h₁ : 2 * -5 = y + 1
⊢ x = 15
2025-04-13 14:48:29 - INFO - Testing fragment: rw [<- mul_two]
2025-04-13 14:48:29 - INFO - Original error line:     simp at h₀           -- Simplifies 3 * 2 to 6
2025-04-13 14:48:31 - INFO - Testing fix: Original errors: 1, Fixed errors: 1
2025-04-13 14:48:31 - INFO - Result: False (introduced 1 new errors)
2025-04-13 14:48:31 - DEBUG - === New errors detail ===
2025-04-13 14:48:31 - DEBUG - New Error 1: line 12, type: rewrite_failed, message: tactic 'rewrite' failed, did not find instance of the pattern in the target expression
  ?n + ?n
case left
x y : ℝ
h₀ : 3 * 2 = x - 9
h₁ : 2 * -5 = y + 1
⊢ x = 15
2025-04-13 14:48:31 - INFO - Testing fragment: rw [<- mul_boole]
2025-04-13 14:48:31 - INFO - Original error line:     simp at h₀           -- Simplifies 3 * 2 to 6
2025-04-13 14:48:33 - INFO - Testing fix: Original errors: 1, Fixed errors: 1
2025-04-13 14:48:33 - INFO - Result: False (introduced 1 new errors)
2025-04-13 14:48:33 - DEBUG - === New errors detail ===
2025-04-13 14:48:33 - DEBUG - New Error 1: line 12, type: rewrite_failed, message: tactic 'rewrite' failed, did not find instance of the pattern in the target expression
  if ?P then ?a else 0
case left
x y : ℝ
h₀ : 3 * 2 = x - 9
h₁ : 2 * -5 = y + 1
⊢ x = 15
2025-04-13 14:48:33 - INFO - Testing fragment: rw [<- boole_mul]
2025-04-13 14:48:33 - INFO - Original error line:     simp at h₀           -- Simplifies 3 * 2 to 6
2025-04-13 14:48:35 - INFO - Testing fix: Original errors: 1, Fixed errors: 1
2025-04-13 14:48:35 - INFO - Result: False (introduced 1 new errors)
2025-04-13 14:48:35 - DEBUG - === New errors detail ===
2025-04-13 14:48:35 - DEBUG - New Error 1: line 12, type: rewrite_failed, message: tactic 'rewrite' failed, did not find instance of the pattern in the target expression
  if ?P then ?a else 0
case left
x y : ℝ
h₀ : 3 * 2 = x - 9
h₁ : 2 * -5 = y + 1
⊢ x = 15
2025-04-13 14:48:35 - INFO - Testing fragment: rw [<- add_mul_self_eq]
2025-04-13 14:48:35 - INFO - Original error line:     simp at h₀           -- Simplifies 3 * 2 to 6
2025-04-13 14:48:37 - INFO - Testing fix: Original errors: 1, Fixed errors: 1
2025-04-13 14:48:37 - INFO - Result: False (introduced 1 new errors)
2025-04-13 14:48:37 - DEBUG - === New errors detail ===
2025-04-13 14:48:37 - DEBUG - New Error 1: line 12, type: rewrite_failed, message: tactic 'rewrite' failed, did not find instance of the pattern in the target expression
  ?a * ?a + 2 * ?a * ?b + ?b * ?b
case left
x y : ℝ
h₀ : 3 * 2 = x - 9
h₁ : 2 * -5 = y + 1
⊢ x = 15
2025-04-13 14:48:37 - INFO - Testing fragment: rw [<- neg_mul]
2025-04-13 14:48:37 - INFO - Original error line:     simp at h₀           -- Simplifies 3 * 2 to 6
2025-04-13 14:48:39 - INFO - Testing fix: Original errors: 1, Fixed errors: 1
2025-04-13 14:48:39 - INFO - Result: False (introduced 1 new errors)
2025-04-13 14:48:39 - DEBUG - === New errors detail ===
2025-04-13 14:48:39 - DEBUG - New Error 1: line 12, type: rewrite_failed, message: tactic 'rewrite' failed, did not find instance of the pattern in the target expression
  -(?a * ?b)
case left
x y : ℝ
h₀ : 3 * 2 = x - 9
h₁ : 2 * -5 = y + 1
⊢ x = 15
2025-04-13 14:48:39 - INFO - Testing fragment: rw [<- mul_neg]
2025-04-13 14:48:39 - INFO - Original error line:     simp at h₀           -- Simplifies 3 * 2 to 6
2025-04-13 14:48:41 - INFO - Testing fix: Original errors: 1, Fixed errors: 1
2025-04-13 14:48:41 - INFO - Result: False (introduced 1 new errors)
2025-04-13 14:48:41 - DEBUG - === New errors detail ===
2025-04-13 14:48:41 - DEBUG - New Error 1: line 12, type: rewrite_failed, message: tactic 'rewrite' failed, did not find instance of the pattern in the target expression
  -(?a * ?b)
case left
x y : ℝ
h₀ : 3 * 2 = x - 9
h₁ : 2 * -5 = y + 1
⊢ x = 15
2025-04-13 14:48:41 - INFO - Testing fragment: rw [<- neg_mul_neg]
2025-04-13 14:48:41 - INFO - Original error line:     simp at h₀           -- Simplifies 3 * 2 to 6
2025-04-13 14:48:43 - INFO - Testing fix: Original errors: 1, Fixed errors: 1
2025-04-13 14:48:43 - INFO - Result: False (introduced 1 new errors)
2025-04-13 14:48:43 - DEBUG - === New errors detail ===
2025-04-13 14:48:43 - DEBUG - New Error 1: line 12, type: rewrite_failed, message: tactic 'rewrite' failed, did not find instance of the pattern in the target expression
  ?a * ?b
case left
x y : ℝ
h₀ : 3 * 2 = x - 9
h₁ : 2 * -5 = y + 1
⊢ x = 15
2025-04-13 14:48:43 - INFO - Testing fragment: rw [<- neg_mul_eq_neg_mul]
2025-04-13 14:48:43 - INFO - Original error line:     simp at h₀           -- Simplifies 3 * 2 to 6
2025-04-13 14:48:45 - INFO - Testing fix: Original errors: 1, Fixed errors: 1
2025-04-13 14:48:45 - INFO - Result: False (introduced 1 new errors)
2025-04-13 14:48:45 - DEBUG - === New errors detail ===
2025-04-13 14:48:45 - DEBUG - New Error 1: line 12, type: rewrite_failed, message: tactic 'rewrite' failed, did not find instance of the pattern in the target expression
  -?a * ?b
case left
x y : ℝ
h₀ : 3 * 2 = x - 9
h₁ : 2 * -5 = y + 1
⊢ x = 15
2025-04-13 14:48:45 - INFO - Testing fragment: rw [<- neg_mul_eq_mul_neg]
2025-04-13 14:48:45 - INFO - Original error line:     simp at h₀           -- Simplifies 3 * 2 to 6
2025-04-13 14:48:47 - INFO - Testing fix: Original errors: 1, Fixed errors: 1
2025-04-13 14:48:47 - INFO - Result: False (introduced 1 new errors)
2025-04-13 14:48:47 - DEBUG - === New errors detail ===
2025-04-13 14:48:47 - DEBUG - New Error 1: line 12, type: rewrite_failed, message: tactic 'rewrite' failed, did not find instance of the pattern in the target expression
  ?a * -?b
case left
x y : ℝ
h₀ : 3 * 2 = x - 9
h₁ : 2 * -5 = y + 1
⊢ x = 15
2025-04-13 14:48:47 - INFO - Testing fragment: rw [<- neg_mul_comm]
2025-04-13 14:48:47 - INFO - Original error line:     simp at h₀           -- Simplifies 3 * 2 to 6
2025-04-13 14:48:49 - INFO - Testing fix: Original errors: 1, Fixed errors: 1
2025-04-13 14:48:49 - INFO - Result: False (introduced 1 new errors)
2025-04-13 14:48:49 - DEBUG - === New errors detail ===
2025-04-13 14:48:49 - DEBUG - New Error 1: line 12, type: rewrite_failed, message: tactic 'rewrite' failed, did not find instance of the pattern in the target expression
  ?a * -?b
case left
x y : ℝ
h₀ : 3 * 2 = x - 9
h₁ : 2 * -5 = y + 1
⊢ x = 15
2025-04-13 14:48:49 - INFO - Testing fragment: rw [<- neg_eq_neg_one_mul]
2025-04-13 14:48:49 - INFO - Original error line:     simp at h₀           -- Simplifies 3 * 2 to 6
2025-04-13 14:48:51 - INFO - Testing fix: Original errors: 1, Fixed errors: 1
2025-04-13 14:48:51 - INFO - Result: False (introduced 1 new errors)
2025-04-13 14:48:51 - DEBUG - === New errors detail ===
2025-04-13 14:48:51 - DEBUG - New Error 1: line 12, type: rewrite_failed, message: tactic 'rewrite' failed, did not find instance of the pattern in the target expression
  -1 * ?a
case left
x y : ℝ
h₀ : 3 * 2 = x - 9
h₁ : 2 * -5 = y + 1
⊢ x = 15
2025-04-13 14:48:51 - INFO - Testing fragment: rw [<- mul_neg_one]
2025-04-13 14:48:51 - INFO - Original error line:     simp at h₀           -- Simplifies 3 * 2 to 6
2025-04-13 14:48:53 - INFO - Testing fix: Original errors: 1, Fixed errors: 1
2025-04-13 14:48:53 - INFO - Result: False (introduced 1 new errors)
2025-04-13 14:48:53 - DEBUG - === New errors detail ===
2025-04-13 14:48:53 - DEBUG - New Error 1: line 12, type: rewrite_failed, message: tactic 'rewrite' failed, did not find instance of the pattern in the target expression
  -?a
case left
x y : ℝ
h₀ : 3 * 2 = x - 9
h₁ : 2 * -5 = y + 1
⊢ x = 15
2025-04-13 14:48:53 - INFO - Testing fragment: rw [<- neg_one_mul]
2025-04-13 14:48:53 - INFO - Original error line:     simp at h₀           -- Simplifies 3 * 2 to 6
2025-04-13 14:53:21 - INFO - Synthesis failed: ('Execution failed', 'Execution timed out after 200.0 seconds. Partial output:\n{"cmd": "/-- \\nThe midpoint of the line segment between (x,y) and (-9,1) is (3,-5). \\nFind (x,y). Show that it is (15,-11).\\n-/\\ntheorem mathd_algebra_126 (x y : ℝ) (h₀ : 2 * 3 = x - 9) (h₁ : 2 * -5 = y + 1) : x = 15 ∧ y = -11 := by\\n  -- We need to prove both x = 15 and y = -11. We\'ll split this into two subgoals.\\n  constructor\\n  -- First goal: prove x = 15\\n  · -- From hypothesis h₀: 2 * 3 = x - 9\\n    -- Simplify the left side: 2 * 3 = 6\\n    rw [mul_comm] at h₀  -- Optional: rewrites 2 * 3 to 3 * 2 (not strictly necessary)\\n    simp at h₀           -- Simplifies 3 * 2 to 6\\n    -- Now h₀ is 6 = x - 9\\n    -- Add 9 to both sides to solve for x\\n    linarith            -- Linear arithmetic can solve this equation\\n  -- Second goal: prove y = -11\\n  · -- From hypothesis h₁: 2 * -5 = y + 1\\n    -- Simplify the left side: 2 * -5 = -10\\n    simp at h₁          -- Simplifies 2 * -5 to -10\\n    -- Now h₁ is -10 = y + 1\\n    -- Subtract 1 from both sides to solve for y\\n    linarith            -- Linear arithmetic can solve this equation", "env": 0}\r\n\r\n')
2025-04-13 14:53:56 - INFO - Failed attempt time: 503.59 seconds
2025-04-13 14:53:56 - INFO - ❌ Could not generate fix for error at line 12
2025-04-13 14:54:11 - INFO - 
===== Fix attempt completed =====
2025-04-13 14:54:11 - INFO - Original errors: 1
2025-04-13 14:54:11 - INFO - Fixed errors: 0
2025-04-13 14:54:11 - INFO - Failed errors: 1
2025-04-13 14:54:11 - INFO - Remaining errors: 1
2025-04-13 14:54:11 - INFO - Total time: 519.61 seconds
2025-04-13 14:54:11 - INFO - 
Final fixed code:
2025-04-13 14:54:11 - INFO - ----------------------------------------
2025-04-13 14:54:11 - INFO - /-- 
The midpoint of the line segment between (x,y) and (-9,1) is (3,-5). 
Find (x,y). Show that it is (15,-11).
-/
theorem mathd_algebra_126 (x y : ℝ) (h₀ : 2 * 3 = x - 9) (h₁ : 2 * -5 = y + 1) : x = 15 ∧ y = -11 := by
  -- We need to prove both x = 15 and y = -11. We'll split this into two subgoals.
  constructor
  -- First goal: prove x = 15
  · -- From hypothesis h₀: 2 * 3 = x - 9
    -- Simplify the left side: 2 * 3 = 6
    rw [mul_comm] at h₀  -- Optional: rewrites 2 * 3 to 3 * 2 (not strictly necessary)
    simp at h₀           -- Simplifies 3 * 2 to 6
    -- Now h₀ is 6 = x - 9
    -- Add 9 to both sides to solve for x
    linarith            -- Linear arithmetic can solve this equation
  -- Second goal: prove y = -11
  · -- From hypothesis h₁: 2 * -5 = y + 1
    -- Simplify the left side: 2 * -5 = -10
    simp at h₁          -- Simplifies 2 * -5 to -10
    -- Now h₁ is -10 = y + 1
    -- Subtract 1 from both sides to solve for y
    linarith            -- Linear arithmetic can solve this equation
2025-04-13 14:54:11 - INFO - ----------------------------------------
2025-04-13 14:54:11 - INFO - 
Detailed error repair report:
2025-04-13 14:54:11 - INFO - Original code error count: 1
❌ Fixed error 1/1: Could not generate fix for error at line 12 «simp_failed» (after 503.59s)

=== Fix statistics ===
Original error count: 1
Fixed errors: 0 (Fix rate: 0.0000)
Failed errors: 1
Remaining errors: 1
Total time: 519.61 seconds

=== Failed fix details ===

Failed fix 1:
   Line: 12
   Error type: simp_failed
   Original error message: simp made no progress...
   Failure reason: Could not generate fix
   Time: 503.59 seconds
2025-04-13 14:54:11 - INFO - 
Fixed code saved to: ./minif2f/lean_fixed/65_fixed.lean
2025-04-13 14:54:11 - INFO - JSON log saved to: ./minif2f/lean_fixed/65_fix_log.json
2025-04-13 14:54:11 - INFO - 
===== LOG FILE LOCATION =====
2025-04-13 14:54:11 - INFO - Detailed log file is available at: ./minif2f/lean_fixed/65.log
2025-04-13 14:54:11 - INFO - ===============================
