2025-04-14 01:23:43 - INFO - Log file initialized at 2025-04-14T01:23:43.251564
2025-04-14 01:23:43 - INFO - ===== LOG FILE LOCATION =====
2025-04-14 01:23:43 - INFO - Detailed log file created at: /data/coding/minif2f/lean_fixed/66.log
2025-04-14 01:23:43 - INFO - ===============================
2025-04-14 01:23:43 - INFO - Original code:
2025-04-14 01:23:43 - INFO - ----------------------------------------
2025-04-14 01:23:43 - INFO - import Mathlib
import Aesop

set_option maxHeartbeats 0

open BigOperators Real Nat Topology Rat

/-- Define a sequence recursively by $t_1 = 20$, $t_2 = 21$, and$t_n = \frac{5t_{n-1}+1}{25t_{n-2}}$for all $n \ge 3$. Then $t_{2020}$ can be expressed as $\frac{p}{q}$, where $p$ and $q$ are relatively prime positive integers. Find $p+q$. Show that it is 626.-/
theorem aimeII_2020_p6 (t : ℕ → ℚ) (h₀ : t 1 = 20) (h₁ : t 2 = 21)
  (h₂ : ∀ n ≥ 3, t n = (5 * t (n - 1) + 1) / (25 * t (n - 2))) :
  ↑(t 2020).den + (t 2020).num = 626 := by
  -- First, we'll compute the first few terms to look for a pattern
  have t3 := h₂ 3 (by linarith)
  -- Compute t₃ using the recurrence relation
  rw [h₀, h₁] at t3
  -- Simplify t₃: (5*21 + 1)/(25*20) = 106/500 = 53/250
  simp only [Nat.cast_ofNat, sub_self, add_zero, sub_zero, mul_one] at t3
  norm_num at t3

  have t4 := h₂ 4 (by linarith)
  -- Compute t₄ using t₂ and t₃
  rw [h₁, t3] at t4
  -- Simplify t₄: (5*(53/250) + 1)/(25*21) = (53/50 + 1)/525 = (103/50)/525 = 103/26250
  simp only [Nat.cast_ofNat, sub_self, add_zero, sub_zero, mul_one] at t4
  norm_num at t4

  have t5 := h₂ 5 (by linarith)
  -- Compute t₅ using t₃ and t₄
  rw [t3, t4] at t5
  -- Simplify t₅: (5*(103/26250) + 1)/(25*(53/250)) = (103/5250 + 1)/(53/10) = (5353/5250)/(53/10) = 101/525
  simp only [Nat.cast_ofNat, sub_self, add_zero, sub_zero, mul_one] at t5
  norm_num at t5

  have t6 := h₂ 6 (by linarith)
  -- Compute t₆ using t₄ and t₅
  rw [t4, t5] at t6
  -- Simplify t₆: (5*(101/525) + 1)/(25*(103/26250)) = (101/105 + 1)/(103/1050) = (206/105)/(103/1050) = 20
  simp only [Nat.cast_ofNat, sub_self, add_zero, sub_zero, mul_one] at t6
  norm_num at t6

  have t7 := h₂ 7 (by linarith)
  -- Compute t₇ using t₅ and t₆
  rw [t5, t6] at t7
  -- Simplify t₇: (5*20 + 1)/(25*(101/525)) = 101/(101/21) = 21
  simp only [Nat.cast_ofNat, sub_self, add_zero, sub_zero, mul_one] at t7
  norm_num at t7

  -- We observe that the sequence is periodic with period 5:
  -- t₁ = 20, t₂ = 21, t₃ = 53/250, t₄ = 103/26250, t₅ = 101/525, t₆ = 20, t₇ = 21, ...
  -- Therefore, tₙ = t_{n mod 5} (with adjustment when n mod 5 = 0)

  -- Since 2020 ≡ 0 mod 5 (because 2020 = 5 × 404), we'll have t₂₀₂₀ = t₅ = 101/525
  -- Now we need to prove this periodicity

  -- First, prove the base cases of the periodicity
  have periodicity : ∀ n, t (n + 5) = t n := by
    -- We'll use strong induction
    intro n
    induction n using Nat.strong_induction_on with
    | h n ih =>
      -- Cases for n < 5
      cases' n with n
      · -- n = 0 case (though our sequence starts at 1)
        simp
      cases' n with n
      · -- n = 1 case
        rw [h₀, ← t6]
        simp
      cases' n with n
      · -- n = 2 case
        rw [h₁, ← t7]
        simp
      cases' n with n
      · -- n = 3 case
        have t8 := h₂ 8 (by linarith)
        rw [t6, t7] at t8
        simp only [Nat.cast_ofNat, sub_self, add_zero, sub_zero, mul_one] at t8
        norm_num at t8
        rw [t3, t8]
      cases' n with n
      · -- n = 4 case
        have t8 := h₂ 8 (by linarith)
        rw [t6, t7] at t8
        simp only [Nat.cast_ofNat, sub_self, add_zero, sub_zero, mul_one] at t8
        norm_num at t8
        have t9 := h₂ 9 (by linarith)
        rw [t7, t8] at t9
        simp only [Nat.cast_ofNat, sub_self, add_zero, sub_zero, mul_one] at t9
        norm_num at t9
        rw [t4, t9]
      · -- n ≥ 5 case
        -- Use the recurrence relation and induction hypothesis
        have hrec := h₂ (n + 5) (by linarith)
        rw [hrec]
        -- Rewrite using induction hypothesis for (n+5)-1 and (n+5)-2
        rw [ih (n + 4) (by linarith), ih (n + 3) (by linarith)]
        -- Now use the recurrence relation for t (n + 3)
        have hrec' := h₂ (n + 3) (by linarith)
        rw [hrec']
        -- The expressions should now match by definition
        rfl

  -- Now compute t 2020 using the periodicity
  have key : t 2020 = t 5 := by
    -- 2020 = 5 × 404 + 0
    rw [← periodicity 0]
    simp only [Nat.cast_ofNat, zero_add, mul_eq_zero]
    -- Apply periodicity 404 times
    have : 2020 = 5 * 404 := by norm_num
    rw [this]
    -- General lemma: t (5 * k) = t 5 for any k
    suffices ∀ k, t (5 * k) = t 5 by
      apply this
    intro k
    induction k with
    | zero => simp
    | succ k ih =>
      rw [Nat.mul_succ, add_comm, periodicity, ih]

  -- We already computed t5 = 101/525
  rw [key, t5]
  -- Now we need to show that 101/525 is in reduced form and compute num + den
  -- First, show numerator and denominator are coprime
  have : (101 : ℤ).Coprime 525 := by
    rw [Int.coprime_iff_nat_coprime]
    -- 101 is prime and doesn't divide 525
    have h101 : Nat.Prime 101 := by norm_num
    have : 525 = 3 * 5^2 * 7 := by norm_num
    rw [this]
    apply Nat.Coprime.coprime_mul_left
    · apply Nat.Coprime.coprime_mul_left
      · apply h101.coprime_iff_not_dvd.mpr
        decide
      · apply h101.coprime_iff_not_dvd.mpr
        decide
    · apply h101.coprime_iff_not_dvd.mpr
      decide
  -- Now simplify the rational number
  simp only [Rat.num_den', Rat.reduce, if_neg, Nat.cast_ofNat, not_false_eq_true]
  -- The reduced form is indeed 101/525
  -- Compute numerator + denominator
  norm_num
2025-04-14 01:23:43 - INFO - ----------------------------------------
2025-04-14 01:23:43 - INFO - 
Checking original code for all errors...
2025-04-14 01:25:23 - INFO - Original code contains 1 errors:
2025-04-14 01:25:23 - INFO - Error 1: line 17, type: simp_failed, message: simp made no progress...
2025-04-14 01:25:23 - INFO - 
Starting multi-error continuous repair process...
2025-04-14 01:25:23 - INFO - 
===== Starting to fix all errors =====
2025-04-14 01:25:54 - INFO - 
Found 15 original errors:
2025-04-14 01:25:54 - INFO - Error 1: line 6, type: other_error, message: unknown tactic...
2025-04-14 01:25:54 - INFO - Error 2: line 2, type: failed_to_synthesize, message: failed to synthesize
  OfNat ℕ 1
numerals are polymorphic in Lean, but the numeral `1` cannot be use...
2025-04-14 01:25:54 - INFO - Error 3: line 2, type: failed_to_synthesize, message: failed to synthesize
  OfNat ℚ 20
numerals are polymorphic in Lean, but the numeral `20` cannot be u...
2025-04-14 01:25:54 - INFO - Error 4: line 2, type: failed_to_synthesize, message: failed to synthesize
  OfNat ℕ 2
numerals are polymorphic in Lean, but the numeral `2` cannot be use...
2025-04-14 01:25:54 - INFO - Error 5: line 2, type: failed_to_synthesize, message: failed to synthesize
  OfNat ℚ 21
numerals are polymorphic in Lean, but the numeral `21` cannot be u...
2025-04-14 01:25:54 - INFO - Error 6: line 4, type: failed_to_synthesize, message: failed to synthesize
  OfNat ℕ 2020
numerals are polymorphic in Lean, but the numeral `2020` cannot ...
2025-04-14 01:25:54 - INFO - Error 7: line 3, type: failed_to_synthesize, message: failed to synthesize
  OfNat ℕ 3
numerals are polymorphic in Lean, but the numeral `3` cannot be use...
2025-04-14 01:25:54 - INFO - Error 8: line 3, type: failed_to_synthesize, message: failed to synthesize
  LE ℕ
use `set_option diagnostics true` to get diagnostic information...
2025-04-14 01:25:54 - INFO - Error 9: line 3, type: failed_to_synthesize, message: failed to synthesize
  HMul Nat ℚ (?m.414 n)
use `set_option diagnostics true` to get diagnostic inf...
2025-04-14 01:25:54 - INFO - Error 10: line 3, type: failed_to_synthesize, message: failed to synthesize
  HSub ℕ Nat ℕ
use `set_option diagnostics true` to get diagnostic information...
2025-04-14 01:25:54 - INFO - Error 11: line 3, type: failed_to_synthesize, message: failed to synthesize
  HMul Nat ℚ (?m.412 n)
use `set_option diagnostics true` to get diagnostic inf...
2025-04-14 01:25:54 - INFO - Error 12: line 3, type: failed_to_synthesize, message: failed to synthesize
  HSub ℕ Nat ℕ
use `set_option diagnostics true` to get diagnostic information...
2025-04-14 01:25:54 - INFO - Error 13: line 4, type: failed_to_synthesize, message: failed to synthesize
  OfNat ℕ 2020
numerals are polymorphic in Lean, but the numeral `2020` cannot ...
2025-04-14 01:25:54 - INFO - Error 14: line 6, type: other_error, message: unsolved goals
ℕ : Type u_1
ℚ : Type u_2
t : ℕ → ℚ
h₀ : t (sorryAx ℕ true) = 20
h₁ : t (sorryAx ℕ tr...
2025-04-14 01:25:54 - INFO - Error 15: line 4, type: other_error, message: unsolved goals
ℕ : Type u_1
ℚ : Type u_2
t : ℕ → ℚ
h₀ : t (sorryAx ℕ true) = 20
h₁ : t (sorryAx ℕ tr...
2025-04-14 01:25:54 - INFO - 
Trying to fix error 1/15: line 2, type: failed_to_synthesize
2025-04-14 01:25:54 - INFO - Error message: failed to synthesize
  OfNat ℕ 1
numerals are polymorphic in Lean, but the numeral `1` cannot be use...
2025-04-14 01:25:54 - INFO - Removed header content, remaining 135 lines of code
2025-04-14 01:25:54 - INFO - Using specified target error line: 2
2025-04-14 01:25:55 - INFO - Found error at specified line: failed to synthesize
  OfNat ℕ 1
numerals are polymorphic in Lean, but the numeral `1` cannot be used in a context where the expected type is
  ℕ
due to the absence of the instance above
use `set_option diagnostics true` to get diagnostic information
2025-04-14 01:25:55 - INFO - Error at line 2: failed to synthesize
  OfNat ℕ 1
numerals are polymorphic in Lean, but the numeral `1` cannot be used in a context where the expected type is
  ℕ
due to the absence of the instance above
use `set_option diagnostics true` to get diagnostic information
2025-04-14 01:25:55 - INFO - 
==================================================
2025-04-14 01:25:55 - INFO - Code prepared, starting synthesis
2025-04-14 01:25:55 - INFO - Before part: /-- Define a sequence recursively by $t_1 = 20$, $t_2 = 21$, and$t_n = \frac{5t_{n-1}+1}{25t_{n-2}}$for all $n \ge 3$. Then $t_{2020}$ can be expressed as $\frac{p}{q}$, where $p$ and $q$ are relatively prime positive integers. Find $p+q$. Show that it is 626.-/
2025-04-14 01:25:55 - INFO - Error line: theorem aimeII_2020_p6 (t : ℕ → ℚ) (h₀ : t 1 = 20) (h₁ : t 2 = 21)
2025-04-14 01:25:55 - INFO - After part: (h₂ : ∀ n ≥ 3, t n = (5 * t (n - 1) + 1) / (25 * t (n - 2))) :
  ↑(t 2020).den + (t 2020).num = 626 := by
  -- First, we'll compute the first few terms to look for a pattern
  have t3 := h₂ 3 (by linarith)
  -- Compute t₃ using the recurrence relation
  rw [h₀, h₁] at t3
  -- Simplify t₃: (5*21 + 1)/(25*20) = 106/500 = 53/250
  simp only [Nat.cast_ofNat, sub_self, add_zero, sub_zero, mul_one] at t3
  norm_num at t3

  have t4 := h₂ 4 (by linarith)
  -- Compute t₄ using t₂ and t₃
  rw [h₁, t3] at t4
  -- Simplify t₄: (5*(53/250) + 1)/(25*21) = (53/50 + 1)/525 = (103/50)/525 = 103/26250
  simp only [Nat.cast_ofNat, sub_self, add_zero, sub_zero, mul_one] at t4
  norm_num at t4

  have t5 := h₂ 5 (by linarith)
  -- Compute t₅ using t₃ and t₄
  rw [t3, t4] at t5
  -- Simplify t₅: (5*(103/26250) + 1)/(25*(53/250)) = (103/5250 + 1)/(53/10) = (5353/5250)/(53/10) = 101/525
  simp only [Nat.cast_ofNat, sub_self, add_zero, sub_zero, mul_one] at t5
  norm_num at t5

  have t6 := h₂ 6 (by linarith)
  -- Compute t₆ using t₄ and t₅
  rw [t4, t5] at t6
  -- Simplify t₆: (5*(101/525) + 1)/(25*(103/26250)) = (101/105 + 1)/(103/1050) = (206/105)/(103/1050) = 20
  simp only [Nat.cast_ofNat, sub_self, add_zero, sub_zero, mul_one] at t6
  norm_num at t6

  have t7 := h₂ 7 (by linarith)
  -- Compute t₇ using t₅ and t₆
  rw [t5, t6] at t7
  -- Simplify t₇: (5*20 + 1)/(25*(101/525)) = 101/(101/21) = 21
  simp only [Nat.cast_ofNat, sub_self, add_zero, sub_zero, mul_one] at t7
  norm_num at t7

  -- We observe that the sequence is periodic with period 5:
  -- t₁ = 20, t₂ = 21, t₃ = 53/250, t₄ = 103/26250, t₅ = 101/525, t₆ = 20, t₇ = 21, ...
  -- Therefore, tₙ = t_{n mod 5} (with adjustment when n mod 5 = 0)

  -- Since 2020 ≡ 0 mod 5 (because 2020 = 5 × 404), we'll have t₂₀₂₀ = t₅ = 101/525
  -- Now we need to prove this periodicity

  -- First, prove the base cases of the periodicity
  have periodicity : ∀ n, t (n + 5) = t n := by
    -- We'll use strong induction
    intro n
    induction n using Nat.strong_induction_on with
    | h n ih =>
      -- Cases for n < 5
      cases' n with n
      · -- n = 0 case (though our sequence starts at 1)
        simp
      cases' n with n
      · -- n = 1 case
        rw [h₀, ← t6]
        simp
      cases' n with n
      · -- n = 2 case
        rw [h₁, ← t7]
        simp
      cases' n with n
      · -- n = 3 case
        have t8 := h₂ 8 (by linarith)
        rw [t6, t7] at t8
        simp only [Nat.cast_ofNat, sub_self, add_zero, sub_zero, mul_one] at t8
        norm_num at t8
        rw [t3, t8]
      cases' n with n
      · -- n = 4 case
        have t8 := h₂ 8 (by linarith)
        rw [t6, t7] at t8
        simp only [Nat.cast_ofNat, sub_self, add_zero, sub_zero, mul_one] at t8
        norm_num at t8
        have t9 := h₂ 9 (by linarith)
        rw [t7, t8] at t9
        simp only [Nat.cast_ofNat, sub_self, add_zero, sub_zero, mul_one] at t9
        norm_num at t9
        rw [t4, t9]
      · -- n ≥ 5 case
        -- Use the recurrence relation and induction hypothesis
        have hrec := h₂ (n + 5) (by linarith)
        rw [hrec]
        -- Rewrite using induction hypothesis for (n+5)-1 and (n+5)-2
        rw [ih (n + 4) (by linarith), ih (n + 3) (by linarith)]
        -- Now use the recurrence relation for t (n + 3)
        have hrec' := h₂ (n + 3) (by linarith)
        rw [hrec']
        -- The expressions should now match by definition
        rfl

  -- Now compute t 2020 using the periodicity
  have key : t 2020 = t 5 := by
    -- 2020 = 5 × 404 + 0
    rw [← periodicity 0]
    simp only [Nat.cast_ofNat, zero_add, mul_eq_zero]
    -- Apply periodicity 404 times
    have : 2020 = 5 * 404 := by norm_num
    rw [this]
    -- General lemma: t (5 * k) = t 5 for any k
    suffices ∀ k, t (5 * k) = t 5 by
      apply this
    intro k
    induction k with
    | zero => simp
    | succ k ih =>
      rw [Nat.mul_succ, add_comm, periodicity, ih]

  -- We already computed t5 = 101/525
  rw [key, t5]
  -- Now we need to show that 101/525 is in reduced form and compute num + den
  -- First, show numerator and denominator are coprime
  have : (101 : ℤ).Coprime 525 := by
    rw [Int.coprime_iff_nat_coprime]
    -- 101 is prime and doesn't divide 525
    have h101 : Nat.Prime 101 := by norm_num
    have : 525 = 3 * 5^2 * 7 := by norm_num
    rw [this]
    apply Nat.Coprime.coprime_mul_left
    · apply Nat.Coprime.coprime_mul_left
      · apply h101.coprime_iff_not_dvd.mpr
        decide
      · apply h101.coprime_iff_not_dvd.mpr
        decide
    · apply h101.coprime_iff_not_dvd.mpr
      decide
  -- Now simplify the rational number
  simp only [Rat.num_den', Rat.reduce, if_neg, Nat.cast_ofNat, not_false_eq_true]
  -- The reduced form is indeed 101/525
  -- Compute numerator + denominator
  norm_num
2025-04-14 01:25:55 - INFO - ==================================================

2025-04-14 01:25:56 - INFO - Testing fragment: rw [left_distrib]
2025-04-14 01:25:56 - INFO - Original error line: theorem aimeII_2020_p6 (t : ℕ → ℚ) (h₀ : t 1 = 20) (h₁ : t 2 = 21)
2025-04-14 01:25:58 - INFO - Testing fix: Original errors: 15, Fixed errors: 1
2025-04-14 01:25:58 - INFO - Result: False (introduced 1 new errors)
2025-04-14 01:25:58 - DEBUG - === New errors detail ===
2025-04-14 01:25:58 - DEBUG - New Error 1: line 1, type: other_error, message: unexpected identifier; expected '#guard_msgs', 'abbrev', 'add_decl_doc', 'axiom', 'binder_predicate', 'builtin_dsimproc', 'builtin_dsimproc_decl', 'builtin_initialize', 'builtin_simproc', 'builtin_simproc_decl', 'class', 'declare_simp_like_tactic', 'declare_syntax_cat', 'def', 'dsimproc', 'dsimproc_decl', 'elab', 'elab_rules', 'example', 'inductive', 'infix', 'infixl', 'infixr', 'initialize', 'instance', 'macro', 'macro_rules', 'notation', 'opaque', 'postfix', 'prefix', 'simproc', 'simproc_decl', 'structure', 'syntax', 'theorem' or 'unif_hint'
2025-04-14 01:25:58 - INFO - Testing fragment: rw [right_distrib]
2025-04-14 01:25:58 - INFO - Original error line: theorem aimeII_2020_p6 (t : ℕ → ℚ) (h₀ : t 1 = 20) (h₁ : t 2 = 21)
2025-04-14 01:26:00 - INFO - Testing fix: Original errors: 15, Fixed errors: 1
2025-04-14 01:26:00 - INFO - Result: False (introduced 1 new errors)
2025-04-14 01:26:00 - DEBUG - === New errors detail ===
2025-04-14 01:26:00 - DEBUG - New Error 1: line 1, type: other_error, message: unexpected identifier; expected '#guard_msgs', 'abbrev', 'add_decl_doc', 'axiom', 'binder_predicate', 'builtin_dsimproc', 'builtin_dsimproc_decl', 'builtin_initialize', 'builtin_simproc', 'builtin_simproc_decl', 'class', 'declare_simp_like_tactic', 'declare_syntax_cat', 'def', 'dsimproc', 'dsimproc_decl', 'elab', 'elab_rules', 'example', 'inductive', 'infix', 'infixl', 'infixr', 'initialize', 'instance', 'macro', 'macro_rules', 'notation', 'opaque', 'postfix', 'prefix', 'simproc', 'simproc_decl', 'structure', 'syntax', 'theorem' or 'unif_hint'
2025-04-14 01:26:00 - INFO - Testing fragment: rw [distrib_three_right]
2025-04-14 01:26:00 - INFO - Original error line: theorem aimeII_2020_p6 (t : ℕ → ℚ) (h₀ : t 1 = 20) (h₁ : t 2 = 21)
2025-04-14 01:26:02 - INFO - Testing fix: Original errors: 15, Fixed errors: 1
2025-04-14 01:26:02 - INFO - Result: False (introduced 1 new errors)
2025-04-14 01:26:02 - DEBUG - === New errors detail ===
2025-04-14 01:26:02 - DEBUG - New Error 1: line 1, type: other_error, message: unexpected identifier; expected '#guard_msgs', 'abbrev', 'add_decl_doc', 'axiom', 'binder_predicate', 'builtin_dsimproc', 'builtin_dsimproc_decl', 'builtin_initialize', 'builtin_simproc', 'builtin_simproc_decl', 'class', 'declare_simp_like_tactic', 'declare_syntax_cat', 'def', 'dsimproc', 'dsimproc_decl', 'elab', 'elab_rules', 'example', 'inductive', 'infix', 'infixl', 'infixr', 'initialize', 'instance', 'macro', 'macro_rules', 'notation', 'opaque', 'postfix', 'prefix', 'simproc', 'simproc_decl', 'structure', 'syntax', 'theorem' or 'unif_hint'
2025-04-14 01:26:02 - INFO - Testing fragment: rw [add_one_mul]
2025-04-14 01:26:02 - INFO - Original error line: theorem aimeII_2020_p6 (t : ℕ → ℚ) (h₀ : t 1 = 20) (h₁ : t 2 = 21)
2025-04-14 01:26:04 - INFO - Testing fix: Original errors: 15, Fixed errors: 1
2025-04-14 01:26:04 - INFO - Result: False (introduced 1 new errors)
2025-04-14 01:26:04 - DEBUG - === New errors detail ===
2025-04-14 01:26:04 - DEBUG - New Error 1: line 1, type: other_error, message: unexpected identifier; expected '#guard_msgs', 'abbrev', 'add_decl_doc', 'axiom', 'binder_predicate', 'builtin_dsimproc', 'builtin_dsimproc_decl', 'builtin_initialize', 'builtin_simproc', 'builtin_simproc_decl', 'class', 'declare_simp_like_tactic', 'declare_syntax_cat', 'def', 'dsimproc', 'dsimproc_decl', 'elab', 'elab_rules', 'example', 'inductive', 'infix', 'infixl', 'infixr', 'initialize', 'instance', 'macro', 'macro_rules', 'notation', 'opaque', 'postfix', 'prefix', 'simproc', 'simproc_decl', 'structure', 'syntax', 'theorem' or 'unif_hint'
2025-04-14 01:26:04 - INFO - Testing fragment: rw [mul_add_one]
2025-04-14 01:26:04 - INFO - Original error line: theorem aimeII_2020_p6 (t : ℕ → ℚ) (h₀ : t 1 = 20) (h₁ : t 2 = 21)
2025-04-14 01:26:06 - INFO - Testing fix: Original errors: 15, Fixed errors: 1
2025-04-14 01:26:06 - INFO - Result: False (introduced 1 new errors)
2025-04-14 01:26:06 - DEBUG - === New errors detail ===
2025-04-14 01:26:06 - DEBUG - New Error 1: line 1, type: other_error, message: unexpected identifier; expected '#guard_msgs', 'abbrev', 'add_decl_doc', 'axiom', 'binder_predicate', 'builtin_dsimproc', 'builtin_dsimproc_decl', 'builtin_initialize', 'builtin_simproc', 'builtin_simproc_decl', 'class', 'declare_simp_like_tactic', 'declare_syntax_cat', 'def', 'dsimproc', 'dsimproc_decl', 'elab', 'elab_rules', 'example', 'inductive', 'infix', 'infixl', 'infixr', 'initialize', 'instance', 'macro', 'macro_rules', 'notation', 'opaque', 'postfix', 'prefix', 'simproc', 'simproc_decl', 'structure', 'syntax', 'theorem' or 'unif_hint'
2025-04-14 01:26:06 - INFO - Testing fragment: rw [one_add_mul]
2025-04-14 01:26:06 - INFO - Original error line: theorem aimeII_2020_p6 (t : ℕ → ℚ) (h₀ : t 1 = 20) (h₁ : t 2 = 21)
2025-04-14 01:26:08 - INFO - Testing fix: Original errors: 15, Fixed errors: 1
2025-04-14 01:26:08 - INFO - Result: False (introduced 1 new errors)
2025-04-14 01:26:08 - DEBUG - === New errors detail ===
2025-04-14 01:26:08 - DEBUG - New Error 1: line 1, type: other_error, message: unexpected identifier; expected '#guard_msgs', 'abbrev', 'add_decl_doc', 'axiom', 'binder_predicate', 'builtin_dsimproc', 'builtin_dsimproc_decl', 'builtin_initialize', 'builtin_simproc', 'builtin_simproc_decl', 'class', 'declare_simp_like_tactic', 'declare_syntax_cat', 'def', 'dsimproc', 'dsimproc_decl', 'elab', 'elab_rules', 'example', 'inductive', 'infix', 'infixl', 'infixr', 'initialize', 'instance', 'macro', 'macro_rules', 'notation', 'opaque', 'postfix', 'prefix', 'simproc', 'simproc_decl', 'structure', 'syntax', 'theorem' or 'unif_hint'
2025-04-14 01:26:08 - INFO - Testing fragment: rw [mul_one_add]
2025-04-14 01:26:08 - INFO - Original error line: theorem aimeII_2020_p6 (t : ℕ → ℚ) (h₀ : t 1 = 20) (h₁ : t 2 = 21)
2025-04-14 01:26:10 - INFO - Testing fix: Original errors: 15, Fixed errors: 1
2025-04-14 01:26:10 - INFO - Result: False (introduced 1 new errors)
2025-04-14 01:26:10 - DEBUG - === New errors detail ===
2025-04-14 01:26:10 - DEBUG - New Error 1: line 1, type: other_error, message: unexpected identifier; expected '#guard_msgs', 'abbrev', 'add_decl_doc', 'axiom', 'binder_predicate', 'builtin_dsimproc', 'builtin_dsimproc_decl', 'builtin_initialize', 'builtin_simproc', 'builtin_simproc_decl', 'class', 'declare_simp_like_tactic', 'declare_syntax_cat', 'def', 'dsimproc', 'dsimproc_decl', 'elab', 'elab_rules', 'example', 'inductive', 'infix', 'infixl', 'infixr', 'initialize', 'instance', 'macro', 'macro_rules', 'notation', 'opaque', 'postfix', 'prefix', 'simproc', 'simproc_decl', 'structure', 'syntax', 'theorem' or 'unif_hint'
2025-04-14 01:26:10 - INFO - Testing fragment: rw [two_mul]
2025-04-14 01:26:10 - INFO - Original error line: theorem aimeII_2020_p6 (t : ℕ → ℚ) (h₀ : t 1 = 20) (h₁ : t 2 = 21)
2025-04-14 01:26:12 - INFO - Testing fix: Original errors: 15, Fixed errors: 1
2025-04-14 01:26:12 - INFO - Result: False (introduced 1 new errors)
2025-04-14 01:26:12 - DEBUG - === New errors detail ===
2025-04-14 01:26:12 - DEBUG - New Error 1: line 1, type: other_error, message: unexpected identifier; expected '#guard_msgs', 'abbrev', 'add_decl_doc', 'axiom', 'binder_predicate', 'builtin_dsimproc', 'builtin_dsimproc_decl', 'builtin_initialize', 'builtin_simproc', 'builtin_simproc_decl', 'class', 'declare_simp_like_tactic', 'declare_syntax_cat', 'def', 'dsimproc', 'dsimproc_decl', 'elab', 'elab_rules', 'example', 'inductive', 'infix', 'infixl', 'infixr', 'initialize', 'instance', 'macro', 'macro_rules', 'notation', 'opaque', 'postfix', 'prefix', 'simproc', 'simproc_decl', 'structure', 'syntax', 'theorem' or 'unif_hint'
2025-04-14 01:26:12 - INFO - Testing fragment: rw [mul_two]
2025-04-14 01:26:12 - INFO - Original error line: theorem aimeII_2020_p6 (t : ℕ → ℚ) (h₀ : t 1 = 20) (h₁ : t 2 = 21)
2025-04-14 01:26:14 - INFO - Testing fix: Original errors: 15, Fixed errors: 1
2025-04-14 01:26:14 - INFO - Result: False (introduced 1 new errors)
2025-04-14 01:26:14 - DEBUG - === New errors detail ===
2025-04-14 01:26:14 - DEBUG - New Error 1: line 1, type: other_error, message: unexpected identifier; expected '#guard_msgs', 'abbrev', 'add_decl_doc', 'axiom', 'binder_predicate', 'builtin_dsimproc', 'builtin_dsimproc_decl', 'builtin_initialize', 'builtin_simproc', 'builtin_simproc_decl', 'class', 'declare_simp_like_tactic', 'declare_syntax_cat', 'def', 'dsimproc', 'dsimproc_decl', 'elab', 'elab_rules', 'example', 'inductive', 'infix', 'infixl', 'infixr', 'initialize', 'instance', 'macro', 'macro_rules', 'notation', 'opaque', 'postfix', 'prefix', 'simproc', 'simproc_decl', 'structure', 'syntax', 'theorem' or 'unif_hint'
2025-04-14 01:26:14 - INFO - Testing fragment: rw [mul_boole]
2025-04-14 01:26:14 - INFO - Original error line: theorem aimeII_2020_p6 (t : ℕ → ℚ) (h₀ : t 1 = 20) (h₁ : t 2 = 21)
2025-04-14 01:26:16 - INFO - Testing fix: Original errors: 15, Fixed errors: 1
2025-04-14 01:26:16 - INFO - Result: False (introduced 1 new errors)
2025-04-14 01:26:16 - DEBUG - === New errors detail ===
2025-04-14 01:26:16 - DEBUG - New Error 1: line 1, type: other_error, message: unexpected identifier; expected '#guard_msgs', 'abbrev', 'add_decl_doc', 'axiom', 'binder_predicate', 'builtin_dsimproc', 'builtin_dsimproc_decl', 'builtin_initialize', 'builtin_simproc', 'builtin_simproc_decl', 'class', 'declare_simp_like_tactic', 'declare_syntax_cat', 'def', 'dsimproc', 'dsimproc_decl', 'elab', 'elab_rules', 'example', 'inductive', 'infix', 'infixl', 'infixr', 'initialize', 'instance', 'macro', 'macro_rules', 'notation', 'opaque', 'postfix', 'prefix', 'simproc', 'simproc_decl', 'structure', 'syntax', 'theorem' or 'unif_hint'
2025-04-14 01:26:16 - INFO - Testing fragment: rw [boole_mul]
2025-04-14 01:26:16 - INFO - Original error line: theorem aimeII_2020_p6 (t : ℕ → ℚ) (h₀ : t 1 = 20) (h₁ : t 2 = 21)
2025-04-14 01:26:18 - INFO - Testing fix: Original errors: 15, Fixed errors: 1
2025-04-14 01:26:18 - INFO - Result: False (introduced 1 new errors)
2025-04-14 01:26:18 - DEBUG - === New errors detail ===
2025-04-14 01:26:18 - DEBUG - New Error 1: line 1, type: other_error, message: unexpected identifier; expected '#guard_msgs', 'abbrev', 'add_decl_doc', 'axiom', 'binder_predicate', 'builtin_dsimproc', 'builtin_dsimproc_decl', 'builtin_initialize', 'builtin_simproc', 'builtin_simproc_decl', 'class', 'declare_simp_like_tactic', 'declare_syntax_cat', 'def', 'dsimproc', 'dsimproc_decl', 'elab', 'elab_rules', 'example', 'inductive', 'infix', 'infixl', 'infixr', 'initialize', 'instance', 'macro', 'macro_rules', 'notation', 'opaque', 'postfix', 'prefix', 'simproc', 'simproc_decl', 'structure', 'syntax', 'theorem' or 'unif_hint'
2025-04-14 01:26:18 - INFO - Testing fragment: rw [add_mul_self_eq]
2025-04-14 01:26:18 - INFO - Original error line: theorem aimeII_2020_p6 (t : ℕ → ℚ) (h₀ : t 1 = 20) (h₁ : t 2 = 21)
2025-04-14 01:26:20 - INFO - Testing fix: Original errors: 15, Fixed errors: 1
2025-04-14 01:26:20 - INFO - Result: False (introduced 1 new errors)
2025-04-14 01:26:20 - DEBUG - === New errors detail ===
2025-04-14 01:26:20 - DEBUG - New Error 1: line 1, type: other_error, message: unexpected identifier; expected '#guard_msgs', 'abbrev', 'add_decl_doc', 'axiom', 'binder_predicate', 'builtin_dsimproc', 'builtin_dsimproc_decl', 'builtin_initialize', 'builtin_simproc', 'builtin_simproc_decl', 'class', 'declare_simp_like_tactic', 'declare_syntax_cat', 'def', 'dsimproc', 'dsimproc_decl', 'elab', 'elab_rules', 'example', 'inductive', 'infix', 'infixl', 'infixr', 'initialize', 'instance', 'macro', 'macro_rules', 'notation', 'opaque', 'postfix', 'prefix', 'simproc', 'simproc_decl', 'structure', 'syntax', 'theorem' or 'unif_hint'
2025-04-14 01:26:20 - INFO - Testing fragment: rw [neg_mul]
2025-04-14 01:26:20 - INFO - Original error line: theorem aimeII_2020_p6 (t : ℕ → ℚ) (h₀ : t 1 = 20) (h₁ : t 2 = 21)
2025-04-14 01:26:22 - INFO - Testing fix: Original errors: 15, Fixed errors: 1
2025-04-14 01:26:22 - INFO - Result: False (introduced 1 new errors)
2025-04-14 01:26:22 - DEBUG - === New errors detail ===
2025-04-14 01:26:22 - DEBUG - New Error 1: line 1, type: other_error, message: unexpected identifier; expected '#guard_msgs', 'abbrev', 'add_decl_doc', 'axiom', 'binder_predicate', 'builtin_dsimproc', 'builtin_dsimproc_decl', 'builtin_initialize', 'builtin_simproc', 'builtin_simproc_decl', 'class', 'declare_simp_like_tactic', 'declare_syntax_cat', 'def', 'dsimproc', 'dsimproc_decl', 'elab', 'elab_rules', 'example', 'inductive', 'infix', 'infixl', 'infixr', 'initialize', 'instance', 'macro', 'macro_rules', 'notation', 'opaque', 'postfix', 'prefix', 'simproc', 'simproc_decl', 'structure', 'syntax', 'theorem' or 'unif_hint'
2025-04-14 01:26:22 - INFO - Testing fragment: rw [mul_neg]
2025-04-14 01:26:22 - INFO - Original error line: theorem aimeII_2020_p6 (t : ℕ → ℚ) (h₀ : t 1 = 20) (h₁ : t 2 = 21)
2025-04-14 01:26:24 - INFO - Testing fix: Original errors: 15, Fixed errors: 1
2025-04-14 01:26:24 - INFO - Result: False (introduced 1 new errors)
2025-04-14 01:26:24 - DEBUG - === New errors detail ===
2025-04-14 01:26:24 - DEBUG - New Error 1: line 1, type: other_error, message: unexpected identifier; expected '#guard_msgs', 'abbrev', 'add_decl_doc', 'axiom', 'binder_predicate', 'builtin_dsimproc', 'builtin_dsimproc_decl', 'builtin_initialize', 'builtin_simproc', 'builtin_simproc_decl', 'class', 'declare_simp_like_tactic', 'declare_syntax_cat', 'def', 'dsimproc', 'dsimproc_decl', 'elab', 'elab_rules', 'example', 'inductive', 'infix', 'infixl', 'infixr', 'initialize', 'instance', 'macro', 'macro_rules', 'notation', 'opaque', 'postfix', 'prefix', 'simproc', 'simproc_decl', 'structure', 'syntax', 'theorem' or 'unif_hint'
2025-04-14 01:26:24 - INFO - Testing fragment: rw [neg_mul_neg]
2025-04-14 01:26:24 - INFO - Original error line: theorem aimeII_2020_p6 (t : ℕ → ℚ) (h₀ : t 1 = 20) (h₁ : t 2 = 21)
2025-04-14 01:26:26 - INFO - Testing fix: Original errors: 15, Fixed errors: 1
2025-04-14 01:26:26 - INFO - Result: False (introduced 1 new errors)
2025-04-14 01:26:26 - DEBUG - === New errors detail ===
2025-04-14 01:26:26 - DEBUG - New Error 1: line 1, type: other_error, message: unexpected identifier; expected '#guard_msgs', 'abbrev', 'add_decl_doc', 'axiom', 'binder_predicate', 'builtin_dsimproc', 'builtin_dsimproc_decl', 'builtin_initialize', 'builtin_simproc', 'builtin_simproc_decl', 'class', 'declare_simp_like_tactic', 'declare_syntax_cat', 'def', 'dsimproc', 'dsimproc_decl', 'elab', 'elab_rules', 'example', 'inductive', 'infix', 'infixl', 'infixr', 'initialize', 'instance', 'macro', 'macro_rules', 'notation', 'opaque', 'postfix', 'prefix', 'simproc', 'simproc_decl', 'structure', 'syntax', 'theorem' or 'unif_hint'
2025-04-14 01:26:26 - INFO - Testing fragment: rw [neg_mul_eq_neg_mul]
2025-04-14 01:26:26 - INFO - Original error line: theorem aimeII_2020_p6 (t : ℕ → ℚ) (h₀ : t 1 = 20) (h₁ : t 2 = 21)
2025-04-14 01:26:28 - INFO - Testing fix: Original errors: 15, Fixed errors: 1
2025-04-14 01:26:28 - INFO - Result: False (introduced 1 new errors)
2025-04-14 01:26:28 - DEBUG - === New errors detail ===
2025-04-14 01:26:28 - DEBUG - New Error 1: line 1, type: other_error, message: unexpected identifier; expected '#guard_msgs', 'abbrev', 'add_decl_doc', 'axiom', 'binder_predicate', 'builtin_dsimproc', 'builtin_dsimproc_decl', 'builtin_initialize', 'builtin_simproc', 'builtin_simproc_decl', 'class', 'declare_simp_like_tactic', 'declare_syntax_cat', 'def', 'dsimproc', 'dsimproc_decl', 'elab', 'elab_rules', 'example', 'inductive', 'infix', 'infixl', 'infixr', 'initialize', 'instance', 'macro', 'macro_rules', 'notation', 'opaque', 'postfix', 'prefix', 'simproc', 'simproc_decl', 'structure', 'syntax', 'theorem' or 'unif_hint'
2025-04-14 01:26:28 - INFO - Testing fragment: rw [neg_mul_eq_mul_neg]
2025-04-14 01:26:28 - INFO - Original error line: theorem aimeII_2020_p6 (t : ℕ → ℚ) (h₀ : t 1 = 20) (h₁ : t 2 = 21)
2025-04-14 01:26:30 - INFO - Testing fix: Original errors: 15, Fixed errors: 1
2025-04-14 01:26:30 - INFO - Result: False (introduced 1 new errors)
2025-04-14 01:26:30 - DEBUG - === New errors detail ===
2025-04-14 01:26:30 - DEBUG - New Error 1: line 1, type: other_error, message: unexpected identifier; expected '#guard_msgs', 'abbrev', 'add_decl_doc', 'axiom', 'binder_predicate', 'builtin_dsimproc', 'builtin_dsimproc_decl', 'builtin_initialize', 'builtin_simproc', 'builtin_simproc_decl', 'class', 'declare_simp_like_tactic', 'declare_syntax_cat', 'def', 'dsimproc', 'dsimproc_decl', 'elab', 'elab_rules', 'example', 'inductive', 'infix', 'infixl', 'infixr', 'initialize', 'instance', 'macro', 'macro_rules', 'notation', 'opaque', 'postfix', 'prefix', 'simproc', 'simproc_decl', 'structure', 'syntax', 'theorem' or 'unif_hint'
2025-04-14 01:26:30 - INFO - Testing fragment: rw [neg_mul_comm]
2025-04-14 01:26:30 - INFO - Original error line: theorem aimeII_2020_p6 (t : ℕ → ℚ) (h₀ : t 1 = 20) (h₁ : t 2 = 21)
2025-04-14 01:26:32 - INFO - Testing fix: Original errors: 15, Fixed errors: 1
2025-04-14 01:26:32 - INFO - Result: False (introduced 1 new errors)
2025-04-14 01:26:32 - DEBUG - === New errors detail ===
2025-04-14 01:26:32 - DEBUG - New Error 1: line 1, type: other_error, message: unexpected identifier; expected '#guard_msgs', 'abbrev', 'add_decl_doc', 'axiom', 'binder_predicate', 'builtin_dsimproc', 'builtin_dsimproc_decl', 'builtin_initialize', 'builtin_simproc', 'builtin_simproc_decl', 'class', 'declare_simp_like_tactic', 'declare_syntax_cat', 'def', 'dsimproc', 'dsimproc_decl', 'elab', 'elab_rules', 'example', 'inductive', 'infix', 'infixl', 'infixr', 'initialize', 'instance', 'macro', 'macro_rules', 'notation', 'opaque', 'postfix', 'prefix', 'simproc', 'simproc_decl', 'structure', 'syntax', 'theorem' or 'unif_hint'
2025-04-14 01:26:32 - INFO - Testing fragment: rw [neg_eq_neg_one_mul]
2025-04-14 01:26:32 - INFO - Original error line: theorem aimeII_2020_p6 (t : ℕ → ℚ) (h₀ : t 1 = 20) (h₁ : t 2 = 21)
2025-04-14 01:26:34 - INFO - Testing fix: Original errors: 15, Fixed errors: 1
2025-04-14 01:26:34 - INFO - Result: False (introduced 1 new errors)
2025-04-14 01:26:34 - DEBUG - === New errors detail ===
2025-04-14 01:26:34 - DEBUG - New Error 1: line 1, type: other_error, message: unexpected identifier; expected '#guard_msgs', 'abbrev', 'add_decl_doc', 'axiom', 'binder_predicate', 'builtin_dsimproc', 'builtin_dsimproc_decl', 'builtin_initialize', 'builtin_simproc', 'builtin_simproc_decl', 'class', 'declare_simp_like_tactic', 'declare_syntax_cat', 'def', 'dsimproc', 'dsimproc_decl', 'elab', 'elab_rules', 'example', 'inductive', 'infix', 'infixl', 'infixr', 'initialize', 'instance', 'macro', 'macro_rules', 'notation', 'opaque', 'postfix', 'prefix', 'simproc', 'simproc_decl', 'structure', 'syntax', 'theorem' or 'unif_hint'
2025-04-14 01:26:34 - INFO - Testing fragment: rw [mul_neg_one]
2025-04-14 01:26:34 - INFO - Original error line: theorem aimeII_2020_p6 (t : ℕ → ℚ) (h₀ : t 1 = 20) (h₁ : t 2 = 21)
2025-04-14 01:26:36 - INFO - Testing fix: Original errors: 15, Fixed errors: 1
2025-04-14 01:26:36 - INFO - Result: False (introduced 1 new errors)
2025-04-14 01:26:36 - DEBUG - === New errors detail ===
2025-04-14 01:26:36 - DEBUG - New Error 1: line 1, type: other_error, message: unexpected identifier; expected '#guard_msgs', 'abbrev', 'add_decl_doc', 'axiom', 'binder_predicate', 'builtin_dsimproc', 'builtin_dsimproc_decl', 'builtin_initialize', 'builtin_simproc', 'builtin_simproc_decl', 'class', 'declare_simp_like_tactic', 'declare_syntax_cat', 'def', 'dsimproc', 'dsimproc_decl', 'elab', 'elab_rules', 'example', 'inductive', 'infix', 'infixl', 'infixr', 'initialize', 'instance', 'macro', 'macro_rules', 'notation', 'opaque', 'postfix', 'prefix', 'simproc', 'simproc_decl', 'structure', 'syntax', 'theorem' or 'unif_hint'
2025-04-14 01:26:36 - INFO - Testing fragment: rw [neg_one_mul]
2025-04-14 01:26:36 - INFO - Original error line: theorem aimeII_2020_p6 (t : ℕ → ℚ) (h₀ : t 1 = 20) (h₁ : t 2 = 21)
2025-04-14 01:26:38 - INFO - Testing fix: Original errors: 15, Fixed errors: 1
2025-04-14 01:26:38 - INFO - Result: False (introduced 1 new errors)
2025-04-14 01:26:38 - DEBUG - === New errors detail ===
2025-04-14 01:26:38 - DEBUG - New Error 1: line 1, type: other_error, message: unexpected identifier; expected '#guard_msgs', 'abbrev', 'add_decl_doc', 'axiom', 'binder_predicate', 'builtin_dsimproc', 'builtin_dsimproc_decl', 'builtin_initialize', 'builtin_simproc', 'builtin_simproc_decl', 'class', 'declare_simp_like_tactic', 'declare_syntax_cat', 'def', 'dsimproc', 'dsimproc_decl', 'elab', 'elab_rules', 'example', 'inductive', 'infix', 'infixl', 'infixr', 'initialize', 'instance', 'macro', 'macro_rules', 'notation', 'opaque', 'postfix', 'prefix', 'simproc', 'simproc_decl', 'structure', 'syntax', 'theorem' or 'unif_hint'
2025-04-14 01:26:38 - INFO - Testing fragment: rw [mul_sub_left_distrib]
2025-04-14 01:26:38 - INFO - Original error line: theorem aimeII_2020_p6 (t : ℕ → ℚ) (h₀ : t 1 = 20) (h₁ : t 2 = 21)
2025-04-14 01:26:40 - INFO - Testing fix: Original errors: 15, Fixed errors: 1
2025-04-14 01:26:40 - INFO - Result: False (introduced 1 new errors)
2025-04-14 01:26:40 - DEBUG - === New errors detail ===
2025-04-14 01:26:40 - DEBUG - New Error 1: line 1, type: other_error, message: unexpected identifier; expected '#guard_msgs', 'abbrev', 'add_decl_doc', 'axiom', 'binder_predicate', 'builtin_dsimproc', 'builtin_dsimproc_decl', 'builtin_initialize', 'builtin_simproc', 'builtin_simproc_decl', 'class', 'declare_simp_like_tactic', 'declare_syntax_cat', 'def', 'dsimproc', 'dsimproc_decl', 'elab', 'elab_rules', 'example', 'inductive', 'infix', 'infixl', 'infixr', 'initialize', 'instance', 'macro', 'macro_rules', 'notation', 'opaque', 'postfix', 'prefix', 'simproc', 'simproc_decl', 'structure', 'syntax', 'theorem' or 'unif_hint'
2025-04-14 01:26:40 - INFO - Testing fragment: rw [mul_sub_right_distrib]
2025-04-14 01:26:40 - INFO - Original error line: theorem aimeII_2020_p6 (t : ℕ → ℚ) (h₀ : t 1 = 20) (h₁ : t 2 = 21)
2025-04-14 01:26:42 - INFO - Testing fix: Original errors: 15, Fixed errors: 1
2025-04-14 01:26:42 - INFO - Result: False (introduced 1 new errors)
2025-04-14 01:26:42 - DEBUG - === New errors detail ===
2025-04-14 01:26:42 - DEBUG - New Error 1: line 1, type: other_error, message: unexpected identifier; expected '#guard_msgs', 'abbrev', 'add_decl_doc', 'axiom', 'binder_predicate', 'builtin_dsimproc', 'builtin_dsimproc_decl', 'builtin_initialize', 'builtin_simproc', 'builtin_simproc_decl', 'class', 'declare_simp_like_tactic', 'declare_syntax_cat', 'def', 'dsimproc', 'dsimproc_decl', 'elab', 'elab_rules', 'example', 'inductive', 'infix', 'infixl', 'infixr', 'initialize', 'instance', 'macro', 'macro_rules', 'notation', 'opaque', 'postfix', 'prefix', 'simproc', 'simproc_decl', 'structure', 'syntax', 'theorem' or 'unif_hint'
2025-04-14 01:26:42 - INFO - Testing fragment: rw [sub_one_mul]
2025-04-14 01:26:42 - INFO - Original error line: theorem aimeII_2020_p6 (t : ℕ → ℚ) (h₀ : t 1 = 20) (h₁ : t 2 = 21)
2025-04-14 01:26:44 - INFO - Testing fix: Original errors: 15, Fixed errors: 1
2025-04-14 01:26:44 - INFO - Result: False (introduced 1 new errors)
2025-04-14 01:26:44 - DEBUG - === New errors detail ===
2025-04-14 01:26:44 - DEBUG - New Error 1: line 1, type: other_error, message: unexpected identifier; expected '#guard_msgs', 'abbrev', 'add_decl_doc', 'axiom', 'binder_predicate', 'builtin_dsimproc', 'builtin_dsimproc_decl', 'builtin_initialize', 'builtin_simproc', 'builtin_simproc_decl', 'class', 'declare_simp_like_tactic', 'declare_syntax_cat', 'def', 'dsimproc', 'dsimproc_decl', 'elab', 'elab_rules', 'example', 'inductive', 'infix', 'infixl', 'infixr', 'initialize', 'instance', 'macro', 'macro_rules', 'notation', 'opaque', 'postfix', 'prefix', 'simproc', 'simproc_decl', 'structure', 'syntax', 'theorem' or 'unif_hint'
2025-04-14 01:26:44 - INFO - Testing fragment: rw [mul_sub_one]
2025-04-14 01:26:44 - INFO - Original error line: theorem aimeII_2020_p6 (t : ℕ → ℚ) (h₀ : t 1 = 20) (h₁ : t 2 = 21)
2025-04-14 01:29:56 - INFO - Testing fix: Original errors: 15, Fixed errors: 1
2025-04-14 01:29:56 - INFO - Result: False (introduced 1 new errors)
2025-04-14 01:29:56 - DEBUG - === New errors detail ===
2025-04-14 01:29:56 - DEBUG - New Error 1: line 1, type: other_error, message: unexpected identifier; expected '#guard_msgs', 'abbrev', 'add_decl_doc', 'axiom', 'binder_predicate', 'builtin_dsimproc', 'builtin_dsimproc_decl', 'builtin_initialize', 'builtin_simproc', 'builtin_simproc_decl', 'class', 'declare_simp_like_tactic', 'declare_syntax_cat', 'def', 'dsimproc', 'dsimproc_decl', 'elab', 'elab_rules', 'example', 'inductive', 'infix', 'infixl', 'infixr', 'initialize', 'instance', 'macro', 'macro_rules', 'notation', 'opaque', 'postfix', 'prefix', 'simproc', 'simproc_decl', 'structure', 'syntax', 'theorem' or 'unif_hint'
2025-04-14 01:29:56 - INFO - Testing fragment: rw [one_sub_mul]
2025-04-14 01:29:56 - INFO - Original error line: theorem aimeII_2020_p6 (t : ℕ → ℚ) (h₀ : t 1 = 20) (h₁ : t 2 = 21)
2025-04-14 01:29:58 - INFO - Testing fix: Original errors: 15, Fixed errors: 1
2025-04-14 01:29:58 - INFO - Result: False (introduced 1 new errors)
2025-04-14 01:29:58 - DEBUG - === New errors detail ===
2025-04-14 01:29:58 - DEBUG - New Error 1: line 1, type: other_error, message: unexpected identifier; expected '#guard_msgs', 'abbrev', 'add_decl_doc', 'axiom', 'binder_predicate', 'builtin_dsimproc', 'builtin_dsimproc_decl', 'builtin_initialize', 'builtin_simproc', 'builtin_simproc_decl', 'class', 'declare_simp_like_tactic', 'declare_syntax_cat', 'def', 'dsimproc', 'dsimproc_decl', 'elab', 'elab_rules', 'example', 'inductive', 'infix', 'infixl', 'infixr', 'initialize', 'instance', 'macro', 'macro_rules', 'notation', 'opaque', 'postfix', 'prefix', 'simproc', 'simproc_decl', 'structure', 'syntax', 'theorem' or 'unif_hint'
2025-04-14 01:29:58 - INFO - Testing fragment: rw [mul_one_sub]
2025-04-14 01:29:58 - INFO - Original error line: theorem aimeII_2020_p6 (t : ℕ → ℚ) (h₀ : t 1 = 20) (h₁ : t 2 = 21)
2025-04-14 01:30:00 - INFO - Testing fix: Original errors: 15, Fixed errors: 1
2025-04-14 01:30:00 - INFO - Result: False (introduced 1 new errors)
2025-04-14 01:30:00 - DEBUG - === New errors detail ===
2025-04-14 01:30:00 - DEBUG - New Error 1: line 1, type: other_error, message: unexpected identifier; expected '#guard_msgs', 'abbrev', 'add_decl_doc', 'axiom', 'binder_predicate', 'builtin_dsimproc', 'builtin_dsimproc_decl', 'builtin_initialize', 'builtin_simproc', 'builtin_simproc_decl', 'class', 'declare_simp_like_tactic', 'declare_syntax_cat', 'def', 'dsimproc', 'dsimproc_decl', 'elab', 'elab_rules', 'example', 'inductive', 'infix', 'infixl', 'infixr', 'initialize', 'instance', 'macro', 'macro_rules', 'notation', 'opaque', 'postfix', 'prefix', 'simproc', 'simproc_decl', 'structure', 'syntax', 'theorem' or 'unif_hint'
2025-04-14 01:30:00 - INFO - Testing fragment: rw [mul_left_cancel]
2025-04-14 01:30:00 - INFO - Original error line: theorem aimeII_2020_p6 (t : ℕ → ℚ) (h₀ : t 1 = 20) (h₁ : t 2 = 21)
2025-04-14 01:30:02 - INFO - Testing fix: Original errors: 15, Fixed errors: 1
2025-04-14 01:30:02 - INFO - Result: False (introduced 1 new errors)
2025-04-14 01:30:02 - DEBUG - === New errors detail ===
2025-04-14 01:30:02 - DEBUG - New Error 1: line 1, type: other_error, message: unexpected identifier; expected '#guard_msgs', 'abbrev', 'add_decl_doc', 'axiom', 'binder_predicate', 'builtin_dsimproc', 'builtin_dsimproc_decl', 'builtin_initialize', 'builtin_simproc', 'builtin_simproc_decl', 'class', 'declare_simp_like_tactic', 'declare_syntax_cat', 'def', 'dsimproc', 'dsimproc_decl', 'elab', 'elab_rules', 'example', 'inductive', 'infix', 'infixl', 'infixr', 'initialize', 'instance', 'macro', 'macro_rules', 'notation', 'opaque', 'postfix', 'prefix', 'simproc', 'simproc_decl', 'structure', 'syntax', 'theorem' or 'unif_hint'
2025-04-14 01:30:02 - INFO - Testing fragment: rw [mul_left_cancel_iff]
2025-04-14 01:30:02 - INFO - Original error line: theorem aimeII_2020_p6 (t : ℕ → ℚ) (h₀ : t 1 = 20) (h₁ : t 2 = 21)
2025-04-14 01:30:04 - INFO - Testing fix: Original errors: 15, Fixed errors: 1
2025-04-14 01:30:04 - INFO - Result: False (introduced 1 new errors)
2025-04-14 01:30:04 - DEBUG - === New errors detail ===
2025-04-14 01:30:04 - DEBUG - New Error 1: line 1, type: other_error, message: unexpected identifier; expected '#guard_msgs', 'abbrev', 'add_decl_doc', 'axiom', 'binder_predicate', 'builtin_dsimproc', 'builtin_dsimproc_decl', 'builtin_initialize', 'builtin_simproc', 'builtin_simproc_decl', 'class', 'declare_simp_like_tactic', 'declare_syntax_cat', 'def', 'dsimproc', 'dsimproc_decl', 'elab', 'elab_rules', 'example', 'inductive', 'infix', 'infixl', 'infixr', 'initialize', 'instance', 'macro', 'macro_rules', 'notation', 'opaque', 'postfix', 'prefix', 'simproc', 'simproc_decl', 'structure', 'syntax', 'theorem' or 'unif_hint'
2025-04-14 01:30:04 - INFO - Testing fragment: rw [mul_right_injective]
2025-04-14 01:30:04 - INFO - Original error line: theorem aimeII_2020_p6 (t : ℕ → ℚ) (h₀ : t 1 = 20) (h₁ : t 2 = 21)
2025-04-14 01:30:06 - INFO - Testing fix: Original errors: 15, Fixed errors: 1
2025-04-14 01:30:06 - INFO - Result: False (introduced 1 new errors)
2025-04-14 01:30:06 - DEBUG - === New errors detail ===
2025-04-14 01:30:06 - DEBUG - New Error 1: line 1, type: other_error, message: unexpected identifier; expected '#guard_msgs', 'abbrev', 'add_decl_doc', 'axiom', 'binder_predicate', 'builtin_dsimproc', 'builtin_dsimproc_decl', 'builtin_initialize', 'builtin_simproc', 'builtin_simproc_decl', 'class', 'declare_simp_like_tactic', 'declare_syntax_cat', 'def', 'dsimproc', 'dsimproc_decl', 'elab', 'elab_rules', 'example', 'inductive', 'infix', 'infixl', 'infixr', 'initialize', 'instance', 'macro', 'macro_rules', 'notation', 'opaque', 'postfix', 'prefix', 'simproc', 'simproc_decl', 'structure', 'syntax', 'theorem' or 'unif_hint'
2025-04-14 01:30:06 - INFO - Testing fragment: rw [mul_right_inj]
2025-04-14 01:30:06 - INFO - Original error line: theorem aimeII_2020_p6 (t : ℕ → ℚ) (h₀ : t 1 = 20) (h₁ : t 2 = 21)
2025-04-14 01:30:08 - INFO - Testing fix: Original errors: 15, Fixed errors: 1
2025-04-14 01:30:08 - INFO - Result: False (introduced 1 new errors)
2025-04-14 01:30:08 - DEBUG - === New errors detail ===
2025-04-14 01:30:08 - DEBUG - New Error 1: line 1, type: other_error, message: unexpected identifier; expected '#guard_msgs', 'abbrev', 'add_decl_doc', 'axiom', 'binder_predicate', 'builtin_dsimproc', 'builtin_dsimproc_decl', 'builtin_initialize', 'builtin_simproc', 'builtin_simproc_decl', 'class', 'declare_simp_like_tactic', 'declare_syntax_cat', 'def', 'dsimproc', 'dsimproc_decl', 'elab', 'elab_rules', 'example', 'inductive', 'infix', 'infixl', 'infixr', 'initialize', 'instance', 'macro', 'macro_rules', 'notation', 'opaque', 'postfix', 'prefix', 'simproc', 'simproc_decl', 'structure', 'syntax', 'theorem' or 'unif_hint'
2025-04-14 01:30:08 - INFO - Testing fragment: rw [mul_ne_mul_right]
2025-04-14 01:30:08 - INFO - Original error line: theorem aimeII_2020_p6 (t : ℕ → ℚ) (h₀ : t 1 = 20) (h₁ : t 2 = 21)
2025-04-14 01:30:10 - INFO - Testing fix: Original errors: 15, Fixed errors: 1
2025-04-14 01:30:10 - INFO - Result: False (introduced 1 new errors)
2025-04-14 01:30:10 - DEBUG - === New errors detail ===
2025-04-14 01:30:10 - DEBUG - New Error 1: line 1, type: other_error, message: unexpected identifier; expected '#guard_msgs', 'abbrev', 'add_decl_doc', 'axiom', 'binder_predicate', 'builtin_dsimproc', 'builtin_dsimproc_decl', 'builtin_initialize', 'builtin_simproc', 'builtin_simproc_decl', 'class', 'declare_simp_like_tactic', 'declare_syntax_cat', 'def', 'dsimproc', 'dsimproc_decl', 'elab', 'elab_rules', 'example', 'inductive', 'infix', 'infixl', 'infixr', 'initialize', 'instance', 'macro', 'macro_rules', 'notation', 'opaque', 'postfix', 'prefix', 'simproc', 'simproc_decl', 'structure', 'syntax', 'theorem' or 'unif_hint'
2025-04-14 01:30:10 - INFO - Testing fragment: rw [mul_right_cancel]
2025-04-14 01:30:10 - INFO - Original error line: theorem aimeII_2020_p6 (t : ℕ → ℚ) (h₀ : t 1 = 20) (h₁ : t 2 = 21)
2025-04-14 01:30:12 - INFO - Testing fix: Original errors: 15, Fixed errors: 1
2025-04-14 01:30:12 - INFO - Result: False (introduced 1 new errors)
2025-04-14 01:30:12 - DEBUG - === New errors detail ===
2025-04-14 01:30:12 - DEBUG - New Error 1: line 1, type: other_error, message: unexpected identifier; expected '#guard_msgs', 'abbrev', 'add_decl_doc', 'axiom', 'binder_predicate', 'builtin_dsimproc', 'builtin_dsimproc_decl', 'builtin_initialize', 'builtin_simproc', 'builtin_simproc_decl', 'class', 'declare_simp_like_tactic', 'declare_syntax_cat', 'def', 'dsimproc', 'dsimproc_decl', 'elab', 'elab_rules', 'example', 'inductive', 'infix', 'infixl', 'infixr', 'initialize', 'instance', 'macro', 'macro_rules', 'notation', 'opaque', 'postfix', 'prefix', 'simproc', 'simproc_decl', 'structure', 'syntax', 'theorem' or 'unif_hint'
2025-04-14 01:30:12 - INFO - Testing fragment: rw [mul_right_cancel_iff]
2025-04-14 01:30:12 - INFO - Original error line: theorem aimeII_2020_p6 (t : ℕ → ℚ) (h₀ : t 1 = 20) (h₁ : t 2 = 21)
2025-04-14 01:30:14 - INFO - Testing fix: Original errors: 15, Fixed errors: 1
2025-04-14 01:30:14 - INFO - Result: False (introduced 1 new errors)
2025-04-14 01:30:14 - DEBUG - === New errors detail ===
2025-04-14 01:30:14 - DEBUG - New Error 1: line 1, type: other_error, message: unexpected identifier; expected '#guard_msgs', 'abbrev', 'add_decl_doc', 'axiom', 'binder_predicate', 'builtin_dsimproc', 'builtin_dsimproc_decl', 'builtin_initialize', 'builtin_simproc', 'builtin_simproc_decl', 'class', 'declare_simp_like_tactic', 'declare_syntax_cat', 'def', 'dsimproc', 'dsimproc_decl', 'elab', 'elab_rules', 'example', 'inductive', 'infix', 'infixl', 'infixr', 'initialize', 'instance', 'macro', 'macro_rules', 'notation', 'opaque', 'postfix', 'prefix', 'simproc', 'simproc_decl', 'structure', 'syntax', 'theorem' or 'unif_hint'
2025-04-14 01:30:14 - INFO - Testing fragment: rw [mul_left_injective]
2025-04-14 01:30:14 - INFO - Original error line: theorem aimeII_2020_p6 (t : ℕ → ℚ) (h₀ : t 1 = 20) (h₁ : t 2 = 21)
2025-04-14 01:30:16 - INFO - Testing fix: Original errors: 15, Fixed errors: 1
2025-04-14 01:30:16 - INFO - Result: False (introduced 1 new errors)
2025-04-14 01:30:16 - DEBUG - === New errors detail ===
2025-04-14 01:30:16 - DEBUG - New Error 1: line 1, type: other_error, message: unexpected identifier; expected '#guard_msgs', 'abbrev', 'add_decl_doc', 'axiom', 'binder_predicate', 'builtin_dsimproc', 'builtin_dsimproc_decl', 'builtin_initialize', 'builtin_simproc', 'builtin_simproc_decl', 'class', 'declare_simp_like_tactic', 'declare_syntax_cat', 'def', 'dsimproc', 'dsimproc_decl', 'elab', 'elab_rules', 'example', 'inductive', 'infix', 'infixl', 'infixr', 'initialize', 'instance', 'macro', 'macro_rules', 'notation', 'opaque', 'postfix', 'prefix', 'simproc', 'simproc_decl', 'structure', 'syntax', 'theorem' or 'unif_hint'
2025-04-14 01:30:16 - INFO - Testing fragment: rw [mul_left_inj]
2025-04-14 01:30:16 - INFO - Original error line: theorem aimeII_2020_p6 (t : ℕ → ℚ) (h₀ : t 1 = 20) (h₁ : t 2 = 21)
2025-04-14 01:30:18 - INFO - Testing fix: Original errors: 15, Fixed errors: 1
2025-04-14 01:30:18 - INFO - Result: False (introduced 1 new errors)
2025-04-14 01:30:18 - DEBUG - === New errors detail ===
2025-04-14 01:30:18 - DEBUG - New Error 1: line 1, type: other_error, message: unexpected identifier; expected '#guard_msgs', 'abbrev', 'add_decl_doc', 'axiom', 'binder_predicate', 'builtin_dsimproc', 'builtin_dsimproc_decl', 'builtin_initialize', 'builtin_simproc', 'builtin_simproc_decl', 'class', 'declare_simp_like_tactic', 'declare_syntax_cat', 'def', 'dsimproc', 'dsimproc_decl', 'elab', 'elab_rules', 'example', 'inductive', 'infix', 'infixl', 'infixr', 'initialize', 'instance', 'macro', 'macro_rules', 'notation', 'opaque', 'postfix', 'prefix', 'simproc', 'simproc_decl', 'structure', 'syntax', 'theorem' or 'unif_hint'
2025-04-14 01:30:18 - INFO - Testing fragment: rw [mul_ne_mul_left]
2025-04-14 01:30:18 - INFO - Original error line: theorem aimeII_2020_p6 (t : ℕ → ℚ) (h₀ : t 1 = 20) (h₁ : t 2 = 21)
2025-04-14 01:30:20 - INFO - Testing fix: Original errors: 15, Fixed errors: 1
2025-04-14 01:30:20 - INFO - Result: False (introduced 1 new errors)
2025-04-14 01:30:20 - DEBUG - === New errors detail ===
2025-04-14 01:30:20 - DEBUG - New Error 1: line 1, type: other_error, message: unexpected identifier; expected '#guard_msgs', 'abbrev', 'add_decl_doc', 'axiom', 'binder_predicate', 'builtin_dsimproc', 'builtin_dsimproc_decl', 'builtin_initialize', 'builtin_simproc', 'builtin_simproc_decl', 'class', 'declare_simp_like_tactic', 'declare_syntax_cat', 'def', 'dsimproc', 'dsimproc_decl', 'elab', 'elab_rules', 'example', 'inductive', 'infix', 'infixl', 'infixr', 'initialize', 'instance', 'macro', 'macro_rules', 'notation', 'opaque', 'postfix', 'prefix', 'simproc', 'simproc_decl', 'structure', 'syntax', 'theorem' or 'unif_hint'
2025-04-14 01:30:20 - INFO - Testing fragment: rw [mul_assoc]
2025-04-14 01:30:20 - INFO - Original error line: theorem aimeII_2020_p6 (t : ℕ → ℚ) (h₀ : t 1 = 20) (h₁ : t 2 = 21)
2025-04-14 01:30:22 - INFO - Testing fix: Original errors: 15, Fixed errors: 1
2025-04-14 01:30:22 - INFO - Result: False (introduced 1 new errors)
2025-04-14 01:30:22 - DEBUG - === New errors detail ===
2025-04-14 01:30:22 - DEBUG - New Error 1: line 1, type: other_error, message: unexpected identifier; expected '#guard_msgs', 'abbrev', 'add_decl_doc', 'axiom', 'binder_predicate', 'builtin_dsimproc', 'builtin_dsimproc_decl', 'builtin_initialize', 'builtin_simproc', 'builtin_simproc_decl', 'class', 'declare_simp_like_tactic', 'declare_syntax_cat', 'def', 'dsimproc', 'dsimproc_decl', 'elab', 'elab_rules', 'example', 'inductive', 'infix', 'infixl', 'infixr', 'initialize', 'instance', 'macro', 'macro_rules', 'notation', 'opaque', 'postfix', 'prefix', 'simproc', 'simproc_decl', 'structure', 'syntax', 'theorem' or 'unif_hint'
2025-04-14 01:30:22 - INFO - Testing fragment: rw [mul_comm]
2025-04-14 01:30:22 - INFO - Original error line: theorem aimeII_2020_p6 (t : ℕ → ℚ) (h₀ : t 1 = 20) (h₁ : t 2 = 21)
2025-04-14 01:30:24 - INFO - Testing fix: Original errors: 15, Fixed errors: 1
2025-04-14 01:30:24 - INFO - Result: False (introduced 1 new errors)
2025-04-14 01:30:24 - DEBUG - === New errors detail ===
2025-04-14 01:30:24 - DEBUG - New Error 1: line 1, type: other_error, message: unexpected identifier; expected '#guard_msgs', 'abbrev', 'add_decl_doc', 'axiom', 'binder_predicate', 'builtin_dsimproc', 'builtin_dsimproc_decl', 'builtin_initialize', 'builtin_simproc', 'builtin_simproc_decl', 'class', 'declare_simp_like_tactic', 'declare_syntax_cat', 'def', 'dsimproc', 'dsimproc_decl', 'elab', 'elab_rules', 'example', 'inductive', 'infix', 'infixl', 'infixr', 'initialize', 'instance', 'macro', 'macro_rules', 'notation', 'opaque', 'postfix', 'prefix', 'simproc', 'simproc_decl', 'structure', 'syntax', 'theorem' or 'unif_hint'
2025-04-14 01:30:24 - INFO - Testing fragment: rw [MulOneClass]
2025-04-14 01:30:24 - INFO - Original error line: theorem aimeII_2020_p6 (t : ℕ → ℚ) (h₀ : t 1 = 20) (h₁ : t 2 = 21)
2025-04-14 01:30:26 - INFO - Testing fix: Original errors: 15, Fixed errors: 1
2025-04-14 01:30:26 - INFO - Result: False (introduced 1 new errors)
2025-04-14 01:30:26 - DEBUG - === New errors detail ===
2025-04-14 01:30:26 - DEBUG - New Error 1: line 1, type: other_error, message: unexpected identifier; expected '#guard_msgs', 'abbrev', 'add_decl_doc', 'axiom', 'binder_predicate', 'builtin_dsimproc', 'builtin_dsimproc_decl', 'builtin_initialize', 'builtin_simproc', 'builtin_simproc_decl', 'class', 'declare_simp_like_tactic', 'declare_syntax_cat', 'def', 'dsimproc', 'dsimproc_decl', 'elab', 'elab_rules', 'example', 'inductive', 'infix', 'infixl', 'infixr', 'initialize', 'instance', 'macro', 'macro_rules', 'notation', 'opaque', 'postfix', 'prefix', 'simproc', 'simproc_decl', 'structure', 'syntax', 'theorem' or 'unif_hint'
2025-04-14 01:30:26 - INFO - Testing fragment: rw [one_mul]
2025-04-14 01:30:26 - INFO - Original error line: theorem aimeII_2020_p6 (t : ℕ → ℚ) (h₀ : t 1 = 20) (h₁ : t 2 = 21)
2025-04-14 01:30:28 - INFO - Testing fix: Original errors: 15, Fixed errors: 1
2025-04-14 01:30:28 - INFO - Result: False (introduced 1 new errors)
2025-04-14 01:30:28 - DEBUG - === New errors detail ===
2025-04-14 01:30:28 - DEBUG - New Error 1: line 1, type: other_error, message: unexpected identifier; expected '#guard_msgs', 'abbrev', 'add_decl_doc', 'axiom', 'binder_predicate', 'builtin_dsimproc', 'builtin_dsimproc_decl', 'builtin_initialize', 'builtin_simproc', 'builtin_simproc_decl', 'class', 'declare_simp_like_tactic', 'declare_syntax_cat', 'def', 'dsimproc', 'dsimproc_decl', 'elab', 'elab_rules', 'example', 'inductive', 'infix', 'infixl', 'infixr', 'initialize', 'instance', 'macro', 'macro_rules', 'notation', 'opaque', 'postfix', 'prefix', 'simproc', 'simproc_decl', 'structure', 'syntax', 'theorem' or 'unif_hint'
2025-04-14 01:30:28 - INFO - Testing fragment: rw [mul_one]
2025-04-14 01:30:28 - INFO - Original error line: theorem aimeII_2020_p6 (t : ℕ → ℚ) (h₀ : t 1 = 20) (h₁ : t 2 = 21)
2025-04-14 01:30:30 - INFO - Testing fix: Original errors: 15, Fixed errors: 1
2025-04-14 01:30:30 - INFO - Result: False (introduced 1 new errors)
2025-04-14 01:30:30 - DEBUG - === New errors detail ===
2025-04-14 01:30:30 - DEBUG - New Error 1: line 1, type: other_error, message: unexpected identifier; expected '#guard_msgs', 'abbrev', 'add_decl_doc', 'axiom', 'binder_predicate', 'builtin_dsimproc', 'builtin_dsimproc_decl', 'builtin_initialize', 'builtin_simproc', 'builtin_simproc_decl', 'class', 'declare_simp_like_tactic', 'declare_syntax_cat', 'def', 'dsimproc', 'dsimproc_decl', 'elab', 'elab_rules', 'example', 'inductive', 'infix', 'infixl', 'infixr', 'initialize', 'instance', 'macro', 'macro_rules', 'notation', 'opaque', 'postfix', 'prefix', 'simproc', 'simproc_decl', 'structure', 'syntax', 'theorem' or 'unif_hint'
2025-04-14 01:30:30 - INFO - Testing fragment: rw [npowRec_add]
2025-04-14 01:30:30 - INFO - Original error line: theorem aimeII_2020_p6 (t : ℕ → ℚ) (h₀ : t 1 = 20) (h₁ : t 2 = 21)
2025-04-14 01:30:33 - INFO - Testing fix: Original errors: 15, Fixed errors: 1
2025-04-14 01:30:33 - INFO - Result: False (introduced 1 new errors)
2025-04-14 01:30:33 - DEBUG - === New errors detail ===
2025-04-14 01:30:33 - DEBUG - New Error 1: line 1, type: other_error, message: unexpected identifier; expected '#guard_msgs', 'abbrev', 'add_decl_doc', 'axiom', 'binder_predicate', 'builtin_dsimproc', 'builtin_dsimproc_decl', 'builtin_initialize', 'builtin_simproc', 'builtin_simproc_decl', 'class', 'declare_simp_like_tactic', 'declare_syntax_cat', 'def', 'dsimproc', 'dsimproc_decl', 'elab', 'elab_rules', 'example', 'inductive', 'infix', 'infixl', 'infixr', 'initialize', 'instance', 'macro', 'macro_rules', 'notation', 'opaque', 'postfix', 'prefix', 'simproc', 'simproc_decl', 'structure', 'syntax', 'theorem' or 'unif_hint'
2025-04-14 01:30:33 - INFO - Testing fragment: rw [npowRec_succ]
2025-04-14 01:30:33 - INFO - Original error line: theorem aimeII_2020_p6 (t : ℕ → ℚ) (h₀ : t 1 = 20) (h₁ : t 2 = 21)
2025-04-14 01:33:56 - INFO - Synthesis failed: ('Execution failed', 'Execution timed out after 200.0 seconds. Partial output:\n{"path": "/tmp/tmpzjai4ozv.lean"}\r\n\r\n')
2025-04-14 01:36:08 - INFO - Failed attempt time: 598.17 seconds
