2025-04-14 01:23:43 - INFO - Log file initialized at 2025-04-14T01:23:43.250279
2025-04-14 01:23:43 - INFO - ===== LOG FILE LOCATION =====
2025-04-14 01:23:43 - INFO - Detailed log file created at: /data/coding/minif2f/lean_fixed/72.log
2025-04-14 01:23:43 - INFO - ===============================
2025-04-14 01:23:43 - INFO - Original code:
2025-04-14 01:23:43 - INFO - ----------------------------------------
2025-04-14 01:23:43 - INFO - import Mathlib
import Aesop

set_option maxHeartbeats 0

open BigOperators Real Nat Topology Rat

/-- What is the least possible value of $(xy-1)^2+(x+y)^2$ for real numbers $x$ and $y$?

$\textbf{(A)} ~0\qquad\textbf{(B)} ~\frac{1}{4}\qquad\textbf{(C)} ~\frac{1}{2} \qquad\textbf{(D)} ~1 \qquad\textbf{(E)} ~2$ -/
theorem amc12a_2021_p7 (x y : ℝ) : 1 ≤ (x * y - 1) ^ 2 + (x + y) ^ 2 := by
  -- Our strategy is to find the minimum value of the expression (xy-1)² + (x+y)²
  -- First, let's simplify the expression by expanding both terms
  
  -- Expand (xy - 1)² to x²y² - 2xy + 1
  -- Expand (x + y)² to x² + 2xy + y²
  -- So the expression becomes x²y² - 2xy + 1 + x² + 2xy + y²
  -- The -2xy and +2xy terms cancel out, leaving x²y² + x² + y² + 1
  
  -- Now we can rewrite the expression as:
  -- x²y² + x² + y² + 1 = x²y² + x² + y² + 1 = x²(y² + 1) + (y² + 1) = (x² + 1)(y² + 1)
  -- However, this doesn't directly help us find the minimum
  
  -- Alternative approach: Let's consider substitution
  -- Let s = x + y and p = xy (elementary symmetric polynomials)
  -- Then our expression becomes (p - 1)² + s²
  
  -- We know that for real x, y, s² ≥ 4p (from the inequality (x+y)² ≥ 4xy)
  -- So we can consider minimizing (p - 1)² + s² subject to s² ≥ 4p
  
  -- Let's find the minimum of f(p, s) = (p-1)² + s² under constraint s² ≥ 4p
  -- For fixed p, the minimal s² is max(0, 4p) since s² ≥ 4p and s² ≥ 0
  
  -- Case 1: When p ≤ 0, minimal s² = 0 (since 4p ≤ 0)
  -- Then f(p, s) = (p-1)² ≥ 1 (since (p-1)² is minimized when p=1, but p≤0)
  
  -- Case 2: When p > 0, minimal s² = 4p
  -- Then f(p, s) = (p-1)² + 4p = p² - 2p + 1 + 4p = p² + 2p + 1 = (p + 1)²
  -- The minimum occurs when p is minimized (p > 0), but as p → 0+, f(p, s) → 1
  
  -- The global minimum is therefore 1, achieved when p = 0 and s = 0 (x = y = 0)
  
  -- Now let's verify this in Lean:
  
  -- First approach: Direct computation when x = y = 0
  have zero_case : (0 * 0 - 1) ^ 2 + (0 + 0) ^ 2 = 1 := by norm_num
  
  -- To show this is indeed the minimum, we'll rewrite the expression
  let expr := (x * y - 1) ^ 2 + (x + y) ^ 2
  
  -- Expand the expression
  have expr_expanded : expr = x^2 * y^2 + x^2 + y^2 + 1 := by
    ring
  
  -- Rewrite in terms of (x² + 1)(y² + 1) - x² - y²
  have expr_factored : expr = (x^2 + 1) * (y^2 + 1) - x^2 - y^2 := by
    rw [expr_expanded]
    ring
  
  -- But a better approach is to complete the square for one variable
  -- Let's treat this as a quadratic in x:
  -- x²(y² + 1) + x(2y) + (y² - 2y + 1)
  
  -- The minimum of ax² + bx + c is c - b²/4a when a > 0
  -- Here a = y² + 1 > 0 for all real y
  -- So the minimum value would be (y² - 2y + 1) - (2y)²/(4(y²+1))
  
  -- However, this seems complicated. Instead, let's use calculus:
  
  -- The minimum occurs when partial derivatives are zero
  -- ∂/∂x = 2(xy-1)y + 2(x+y) = 0
  -- ∂/∂y = 2(xy-1)x + 2(x+y) = 0
  
  -- Let's solve the system:
  -- 2(xy-1)y + 2(x+y) = 0 → (xy-1)y + (x+y) = 0 → xy² - y + x + y = 0 → xy² + x = 0 → x(y² + 1) = 0
  -- Similarly, y(x² + 1) = 0
  
  -- The only real solution is x = y = 0
  
  -- At x = y = 0, the expression equals 1
  
  -- To confirm this is indeed a minimum, we can check the second derivatives
  -- or observe that the expression is always ≥ 1
  
  -- Final proof:
  -- The expression is minimized when x = y = 0, where it equals 1
  -- Therefore, for all real x, y, the expression is ≥ 1
  
  -- In Lean, we can prove this by considering the expression as a sum of squares:
  have key_inequality : 1 ≤ (x * y - 1)^2 + (x + y)^2 := by
    -- The minimum is achieved at x = y = 0
    -- We can show that the value at any point is ≥ 1
    -- Let's consider two cases:
    
    -- Case 1: x = 0
    have case_x_zero : x = 0 → 1 ≤ (0 * y - 1)^2 + (0 + y)^2 := by
      intro hx
      rw [hx]
      simp
      linarith [pow_two_nonneg y]
    
    -- Case 2: x ≠ 0
    have case_x_nonzero : x ≠ 0 → 1 ≤ (x * y - 1)^2 + (x + y)^2 := by
      intro hx
      -- Rewrite as quadratic in y
      let f := (x * y - 1)^2 + (x + y)^2
      have f_expr : f = (x^2 + 1) * y^2 + (2 * x - 2 * x) * y + (1 + x^2) := by ring
      simp at f_expr
      rw [f_expr]
      -- Now f = (x² + 1)y² + (1 + x²)
      -- Since x² + 1 ≥ 1 > 0, and y² ≥ 0, we have f ≥ 1 + x² ≥ 1
      have x_sq_nonneg : 0 ≤ x^2 := by apply pow_two_nonneg
      have x_sq_plus_one_ge_one : 1 ≤ x^2 + 1 := by linarith
      have term1_nonneg : 0 ≤ (x^2 + 1) * y^2 := by nlinarith
      linarith
    
    -- Combine both cases
    by_cases h : x = 0
    · apply case_x_zero h
    · apply case_x_nonzero h
  
  exact key_inequality
2025-04-14 01:23:43 - INFO - ----------------------------------------
2025-04-14 01:23:43 - INFO - 
Checking original code for all errors...
2025-04-14 01:25:23 - INFO - Original code contains 6 errors:
2025-04-14 01:25:23 - INFO - Error 1: line 46, type: other_error, message: unsolved goals
x y : ℝ
⊢ False...
2025-04-14 01:25:23 - INFO - Error 2: line 58, type: ring_failed, message: Try this: ring_nf...
2025-04-14 01:25:23 - INFO - Error 3: line 56, type: other_error, message: unsolved goals
x y : ℝ
zero_case : (0 * 0 - 1) ^ 2 + (0 + 0) ^ 2 = 1
expr : ℝ := (x * y - 1) ^ 2 + (...
2025-04-14 01:25:23 - INFO - Error 4: line 98, type: rewrite_failed, message: tactic 'rewrite' failed, did not find instance of the pattern in the target expression
  x
x y : ℝ
z...
2025-04-14 01:25:23 - INFO - Error 5: line 109, type: rewrite_failed, message: tactic 'rewrite' failed, did not find instance of the pattern in the target expression
  f
x y : ℝ
z...
2025-04-14 01:25:23 - INFO - Error 6: line 119, type: apply_failed, message: tactic 'apply' failed, failed to unify
  1 ≤ (0 * y - 1) ^ 2 + (0 + y) ^ 2
with
  1 ≤ (x * y - 1) ^ ...
2025-04-14 01:25:23 - INFO - 
Starting multi-error continuous repair process...
2025-04-14 01:25:23 - INFO - 
===== Starting to fix all errors =====
2025-04-14 01:25:54 - INFO - 
Found 5 original errors:
2025-04-14 01:25:54 - INFO - Error 1: line 39, type: other_error, message: unknown tactic...
2025-04-14 01:25:54 - INFO - Error 2: line 4, type: failed_to_synthesize, message: failed to synthesize
  HMul ℝ ℝ ?m.124
use `set_option diagnostics true` to get diagnostic informati...
2025-04-14 01:25:54 - INFO - Error 3: line 4, type: failed_to_synthesize, message: failed to synthesize
  OfNat ℝ 1
numerals are polymorphic in Lean, but the numeral `1` cannot be use...
2025-04-14 01:25:54 - INFO - Error 4: line 39, type: other_error, message: unsolved goals
ℝ : Type u_1
x y : ℝ
⊢ (0 * 0 - 1) ^ 2 + (0 + 0) ^ 2 = 1...
2025-04-14 01:25:54 - INFO - Error 5: line 4, type: other_error, message: unsolved goals
ℝ : Type u_1
x y : ℝ
zero_case : (0 * 0 - 1) ^ 2 + (0 + 0) ^ 2 = 1
⊢ sorryAx (Sort u_...
2025-04-14 01:25:54 - INFO - 
Trying to fix error 1/5: line 4, type: failed_to_synthesize
2025-04-14 01:25:54 - INFO - Error message: failed to synthesize
  HMul ℝ ℝ ?m.124
use `set_option diagnostics true` to get diagnostic informati...
2025-04-14 01:25:54 - INFO - Removed header content, remaining 115 lines of code
2025-04-14 01:25:54 - INFO - Using specified target error line: 4
2025-04-14 01:25:55 - INFO - Found error at specified line: failed to synthesize
  HMul ℝ ℝ ?m.124
use `set_option diagnostics true` to get diagnostic information
2025-04-14 01:25:55 - INFO - Error at line 4: failed to synthesize
  HMul ℝ ℝ ?m.124
use `set_option diagnostics true` to get diagnostic information
2025-04-14 01:25:55 - INFO - 
==================================================
2025-04-14 01:25:55 - INFO - Code prepared, starting synthesis
2025-04-14 01:25:55 - INFO - Before part: /-- What is the least possible value of $(xy-1)^2+(x+y)^2$ for real numbers $x$ and $y$?

$\textbf{(A)} ~0\qquad\textbf{(B)} ~\frac{1}{4}\qquad\textbf{(C)} ~\frac{1}{2} \qquad\textbf{(D)} ~1 \qquad\textbf{(E)} ~2$ -/
2025-04-14 01:25:55 - INFO - Error line: theorem amc12a_2021_p7 (x y : ℝ) : 1 ≤ (x * y - 1) ^ 2 + (x + y) ^ 2 := by
2025-04-14 01:25:55 - INFO - After part: -- Our strategy is to find the minimum value of the expression (xy-1)² + (x+y)²
  -- First, let's simplify the expression by expanding both terms
  
  -- Expand (xy - 1)² to x²y² - 2xy + 1
  -- Expand (x + y)² to x² + 2xy + y²
  -- So the expression becomes x²y² - 2xy + 1 + x² + 2xy + y²
  -- The -2xy and +2xy terms cancel out, leaving x²y² + x² + y² + 1
  
  -- Now we can rewrite the expression as:
  -- x²y² + x² + y² + 1 = x²y² + x² + y² + 1 = x²(y² + 1) + (y² + 1) = (x² + 1)(y² + 1)
  -- However, this doesn't directly help us find the minimum
  
  -- Alternative approach: Let's consider substitution
  -- Let s = x + y and p = xy (elementary symmetric polynomials)
  -- Then our expression becomes (p - 1)² + s²
  
  -- We know that for real x, y, s² ≥ 4p (from the inequality (x+y)² ≥ 4xy)
  -- So we can consider minimizing (p - 1)² + s² subject to s² ≥ 4p
  
  -- Let's find the minimum of f(p, s) = (p-1)² + s² under constraint s² ≥ 4p
  -- For fixed p, the minimal s² is max(0, 4p) since s² ≥ 4p and s² ≥ 0
  
  -- Case 1: When p ≤ 0, minimal s² = 0 (since 4p ≤ 0)
  -- Then f(p, s) = (p-1)² ≥ 1 (since (p-1)² is minimized when p=1, but p≤0)
  
  -- Case 2: When p > 0, minimal s² = 4p
  -- Then f(p, s) = (p-1)² + 4p = p² - 2p + 1 + 4p = p² + 2p + 1 = (p + 1)²
  -- The minimum occurs when p is minimized (p > 0), but as p → 0+, f(p, s) → 1
  
  -- The global minimum is therefore 1, achieved when p = 0 and s = 0 (x = y = 0)
  
  -- Now let's verify this in Lean:
  
  -- First approach: Direct computation when x = y = 0
  have zero_case : (0 * 0 - 1) ^ 2 + (0 + 0) ^ 2 = 1 := by norm_num
  
  -- To show this is indeed the minimum, we'll rewrite the expression
  let expr := (x * y - 1) ^ 2 + (x + y) ^ 2
  
  -- Expand the expression
  have expr_expanded : expr = x^2 * y^2 + x^2 + y^2 + 1 := by
    ring
  
  -- Rewrite in terms of (x² + 1)(y² + 1) - x² - y²
  have expr_factored : expr = (x^2 + 1) * (y^2 + 1) - x^2 - y^2 := by
    rw [expr_expanded]
    ring
  
  -- But a better approach is to complete the square for one variable
  -- Let's treat this as a quadratic in x:
  -- x²(y² + 1) + x(2y) + (y² - 2y + 1)
  
  -- The minimum of ax² + bx + c is c - b²/4a when a > 0
  -- Here a = y² + 1 > 0 for all real y
  -- So the minimum value would be (y² - 2y + 1) - (2y)²/(4(y²+1))
  
  -- However, this seems complicated. Instead, let's use calculus:
  
  -- The minimum occurs when partial derivatives are zero
  -- ∂/∂x = 2(xy-1)y + 2(x+y) = 0
  -- ∂/∂y = 2(xy-1)x + 2(x+y) = 0
  
  -- Let's solve the system:
  -- 2(xy-1)y + 2(x+y) = 0 → (xy-1)y + (x+y) = 0 → xy² - y + x + y = 0 → xy² + x = 0 → x(y² + 1) = 0
  -- Similarly, y(x² + 1) = 0
  
  -- The only real solution is x = y = 0
  
  -- At x = y = 0, the expression equals 1
  
  -- To confirm this is indeed a minimum, we can check the second derivatives
  -- or observe that the expression is always ≥ 1
  
  -- Final proof:
  -- The expression is minimized when x = y = 0, where it equals 1
  -- Therefore, for all real x, y, the expression is ≥ 1
  
  -- In Lean, we can prove this by considering the expression as a sum of squares:
  have key_inequality : 1 ≤ (x * y - 1)^2 + (x + y)^2 := by
    -- The minimum is achieved at x = y = 0
    -- We can show that the value at any point is ≥ 1
    -- Let's consider two cases:
    
    -- Case 1: x = 0
    have case_x_zero : x = 0 → 1 ≤ (0 * y - 1)^2 + (0 + y)^2 := by
      intro hx
      rw [hx]
      simp
      linarith [pow_two_nonneg y]
    
    -- Case 2: x ≠ 0
    have case_x_nonzero : x ≠ 0 → 1 ≤ (x * y - 1)^2 + (x + y)^2 := by
      intro hx
      -- Rewrite as quadratic in y
      let f := (x * y - 1)^2 + (x + y)^2
      have f_expr : f = (x^2 + 1) * y^2 + (2 * x - 2 * x) * y + (1 + x^2) := by ring
      simp at f_expr
      rw [f_expr]
      -- Now f = (x² + 1)y² + (1 + x²)
      -- Since x² + 1 ≥ 1 > 0, and y² ≥ 0, we have f ≥ 1 + x² ≥ 1
      have x_sq_nonneg : 0 ≤ x^2 := by apply pow_two_nonneg
      have x_sq_plus_one_ge_one : 1 ≤ x^2 + 1 := by linarith
      have term1_nonneg : 0 ≤ (x^2 + 1) * y^2 := by nlinarith
      linarith
    
    -- Combine both cases
    by_cases h : x = 0
    · apply case_x_zero h
    · apply case_x_nonzero h
  
  exact key_inequality
2025-04-14 01:25:55 - INFO - ==================================================

2025-04-14 01:25:56 - INFO - Testing fragment: rw [left_distrib]
2025-04-14 01:25:56 - INFO - Original error line: theorem amc12a_2021_p7 (x y : ℝ) : 1 ≤ (x * y - 1) ^ 2 + (x + y) ^ 2 := by
2025-04-14 01:25:58 - INFO - Testing fix: Original errors: 5, Fixed errors: 1
2025-04-14 01:25:58 - INFO - Result: False (introduced 1 new errors)
2025-04-14 01:25:58 - DEBUG - === New errors detail ===
2025-04-14 01:25:58 - DEBUG - New Error 1: line 3, type: other_error, message: unexpected identifier; expected '#guard_msgs', 'abbrev', 'add_decl_doc', 'axiom', 'binder_predicate', 'builtin_dsimproc', 'builtin_dsimproc_decl', 'builtin_initialize', 'builtin_simproc', 'builtin_simproc_decl', 'class', 'declare_simp_like_tactic', 'declare_syntax_cat', 'def', 'dsimproc', 'dsimproc_decl', 'elab', 'elab_rules', 'example', 'inductive', 'infix', 'infixl', 'infixr', 'initialize', 'instance', 'macro', 'macro_rules', 'notation', 'opaque', 'postfix', 'prefix', 'simproc', 'simproc_decl', 'structure', 'syntax', 'theorem' or 'unif_hint'
2025-04-14 01:25:58 - INFO - Testing fragment: rw [right_distrib]
2025-04-14 01:25:58 - INFO - Original error line: theorem amc12a_2021_p7 (x y : ℝ) : 1 ≤ (x * y - 1) ^ 2 + (x + y) ^ 2 := by
2025-04-14 01:26:00 - INFO - Testing fix: Original errors: 5, Fixed errors: 1
2025-04-14 01:26:00 - INFO - Result: False (introduced 1 new errors)
2025-04-14 01:26:00 - DEBUG - === New errors detail ===
2025-04-14 01:26:00 - DEBUG - New Error 1: line 3, type: other_error, message: unexpected identifier; expected '#guard_msgs', 'abbrev', 'add_decl_doc', 'axiom', 'binder_predicate', 'builtin_dsimproc', 'builtin_dsimproc_decl', 'builtin_initialize', 'builtin_simproc', 'builtin_simproc_decl', 'class', 'declare_simp_like_tactic', 'declare_syntax_cat', 'def', 'dsimproc', 'dsimproc_decl', 'elab', 'elab_rules', 'example', 'inductive', 'infix', 'infixl', 'infixr', 'initialize', 'instance', 'macro', 'macro_rules', 'notation', 'opaque', 'postfix', 'prefix', 'simproc', 'simproc_decl', 'structure', 'syntax', 'theorem' or 'unif_hint'
2025-04-14 01:26:00 - INFO - Testing fragment: rw [distrib_three_right]
2025-04-14 01:26:00 - INFO - Original error line: theorem amc12a_2021_p7 (x y : ℝ) : 1 ≤ (x * y - 1) ^ 2 + (x + y) ^ 2 := by
2025-04-14 01:26:02 - INFO - Testing fix: Original errors: 5, Fixed errors: 1
2025-04-14 01:26:02 - INFO - Result: False (introduced 1 new errors)
2025-04-14 01:26:02 - DEBUG - === New errors detail ===
2025-04-14 01:26:02 - DEBUG - New Error 1: line 3, type: other_error, message: unexpected identifier; expected '#guard_msgs', 'abbrev', 'add_decl_doc', 'axiom', 'binder_predicate', 'builtin_dsimproc', 'builtin_dsimproc_decl', 'builtin_initialize', 'builtin_simproc', 'builtin_simproc_decl', 'class', 'declare_simp_like_tactic', 'declare_syntax_cat', 'def', 'dsimproc', 'dsimproc_decl', 'elab', 'elab_rules', 'example', 'inductive', 'infix', 'infixl', 'infixr', 'initialize', 'instance', 'macro', 'macro_rules', 'notation', 'opaque', 'postfix', 'prefix', 'simproc', 'simproc_decl', 'structure', 'syntax', 'theorem' or 'unif_hint'
2025-04-14 01:26:02 - INFO - Testing fragment: rw [add_one_mul]
2025-04-14 01:26:02 - INFO - Original error line: theorem amc12a_2021_p7 (x y : ℝ) : 1 ≤ (x * y - 1) ^ 2 + (x + y) ^ 2 := by
2025-04-14 01:26:04 - INFO - Testing fix: Original errors: 5, Fixed errors: 1
2025-04-14 01:26:04 - INFO - Result: False (introduced 1 new errors)
2025-04-14 01:26:04 - DEBUG - === New errors detail ===
2025-04-14 01:26:04 - DEBUG - New Error 1: line 3, type: other_error, message: unexpected identifier; expected '#guard_msgs', 'abbrev', 'add_decl_doc', 'axiom', 'binder_predicate', 'builtin_dsimproc', 'builtin_dsimproc_decl', 'builtin_initialize', 'builtin_simproc', 'builtin_simproc_decl', 'class', 'declare_simp_like_tactic', 'declare_syntax_cat', 'def', 'dsimproc', 'dsimproc_decl', 'elab', 'elab_rules', 'example', 'inductive', 'infix', 'infixl', 'infixr', 'initialize', 'instance', 'macro', 'macro_rules', 'notation', 'opaque', 'postfix', 'prefix', 'simproc', 'simproc_decl', 'structure', 'syntax', 'theorem' or 'unif_hint'
2025-04-14 01:26:04 - INFO - Testing fragment: rw [mul_add_one]
2025-04-14 01:26:04 - INFO - Original error line: theorem amc12a_2021_p7 (x y : ℝ) : 1 ≤ (x * y - 1) ^ 2 + (x + y) ^ 2 := by
2025-04-14 01:26:06 - INFO - Testing fix: Original errors: 5, Fixed errors: 1
2025-04-14 01:26:06 - INFO - Result: False (introduced 1 new errors)
2025-04-14 01:26:06 - DEBUG - === New errors detail ===
2025-04-14 01:26:06 - DEBUG - New Error 1: line 3, type: other_error, message: unexpected identifier; expected '#guard_msgs', 'abbrev', 'add_decl_doc', 'axiom', 'binder_predicate', 'builtin_dsimproc', 'builtin_dsimproc_decl', 'builtin_initialize', 'builtin_simproc', 'builtin_simproc_decl', 'class', 'declare_simp_like_tactic', 'declare_syntax_cat', 'def', 'dsimproc', 'dsimproc_decl', 'elab', 'elab_rules', 'example', 'inductive', 'infix', 'infixl', 'infixr', 'initialize', 'instance', 'macro', 'macro_rules', 'notation', 'opaque', 'postfix', 'prefix', 'simproc', 'simproc_decl', 'structure', 'syntax', 'theorem' or 'unif_hint'
2025-04-14 01:26:06 - INFO - Testing fragment: rw [one_add_mul]
2025-04-14 01:26:06 - INFO - Original error line: theorem amc12a_2021_p7 (x y : ℝ) : 1 ≤ (x * y - 1) ^ 2 + (x + y) ^ 2 := by
2025-04-14 01:26:08 - INFO - Testing fix: Original errors: 5, Fixed errors: 1
2025-04-14 01:26:08 - INFO - Result: False (introduced 1 new errors)
2025-04-14 01:26:08 - DEBUG - === New errors detail ===
2025-04-14 01:26:08 - DEBUG - New Error 1: line 3, type: other_error, message: unexpected identifier; expected '#guard_msgs', 'abbrev', 'add_decl_doc', 'axiom', 'binder_predicate', 'builtin_dsimproc', 'builtin_dsimproc_decl', 'builtin_initialize', 'builtin_simproc', 'builtin_simproc_decl', 'class', 'declare_simp_like_tactic', 'declare_syntax_cat', 'def', 'dsimproc', 'dsimproc_decl', 'elab', 'elab_rules', 'example', 'inductive', 'infix', 'infixl', 'infixr', 'initialize', 'instance', 'macro', 'macro_rules', 'notation', 'opaque', 'postfix', 'prefix', 'simproc', 'simproc_decl', 'structure', 'syntax', 'theorem' or 'unif_hint'
2025-04-14 01:26:08 - INFO - Testing fragment: rw [mul_one_add]
2025-04-14 01:26:08 - INFO - Original error line: theorem amc12a_2021_p7 (x y : ℝ) : 1 ≤ (x * y - 1) ^ 2 + (x + y) ^ 2 := by
2025-04-14 01:26:10 - INFO - Testing fix: Original errors: 5, Fixed errors: 1
2025-04-14 01:26:10 - INFO - Result: False (introduced 1 new errors)
2025-04-14 01:26:10 - DEBUG - === New errors detail ===
2025-04-14 01:26:10 - DEBUG - New Error 1: line 3, type: other_error, message: unexpected identifier; expected '#guard_msgs', 'abbrev', 'add_decl_doc', 'axiom', 'binder_predicate', 'builtin_dsimproc', 'builtin_dsimproc_decl', 'builtin_initialize', 'builtin_simproc', 'builtin_simproc_decl', 'class', 'declare_simp_like_tactic', 'declare_syntax_cat', 'def', 'dsimproc', 'dsimproc_decl', 'elab', 'elab_rules', 'example', 'inductive', 'infix', 'infixl', 'infixr', 'initialize', 'instance', 'macro', 'macro_rules', 'notation', 'opaque', 'postfix', 'prefix', 'simproc', 'simproc_decl', 'structure', 'syntax', 'theorem' or 'unif_hint'
2025-04-14 01:26:10 - INFO - Testing fragment: rw [two_mul]
2025-04-14 01:26:10 - INFO - Original error line: theorem amc12a_2021_p7 (x y : ℝ) : 1 ≤ (x * y - 1) ^ 2 + (x + y) ^ 2 := by
2025-04-14 01:26:12 - INFO - Testing fix: Original errors: 5, Fixed errors: 1
2025-04-14 01:26:12 - INFO - Result: False (introduced 1 new errors)
2025-04-14 01:26:12 - DEBUG - === New errors detail ===
2025-04-14 01:26:12 - DEBUG - New Error 1: line 3, type: other_error, message: unexpected identifier; expected '#guard_msgs', 'abbrev', 'add_decl_doc', 'axiom', 'binder_predicate', 'builtin_dsimproc', 'builtin_dsimproc_decl', 'builtin_initialize', 'builtin_simproc', 'builtin_simproc_decl', 'class', 'declare_simp_like_tactic', 'declare_syntax_cat', 'def', 'dsimproc', 'dsimproc_decl', 'elab', 'elab_rules', 'example', 'inductive', 'infix', 'infixl', 'infixr', 'initialize', 'instance', 'macro', 'macro_rules', 'notation', 'opaque', 'postfix', 'prefix', 'simproc', 'simproc_decl', 'structure', 'syntax', 'theorem' or 'unif_hint'
2025-04-14 01:26:12 - INFO - Testing fragment: rw [mul_two]
2025-04-14 01:26:12 - INFO - Original error line: theorem amc12a_2021_p7 (x y : ℝ) : 1 ≤ (x * y - 1) ^ 2 + (x + y) ^ 2 := by
2025-04-14 01:26:14 - INFO - Testing fix: Original errors: 5, Fixed errors: 1
2025-04-14 01:26:14 - INFO - Result: False (introduced 1 new errors)
2025-04-14 01:26:14 - DEBUG - === New errors detail ===
2025-04-14 01:26:14 - DEBUG - New Error 1: line 3, type: other_error, message: unexpected identifier; expected '#guard_msgs', 'abbrev', 'add_decl_doc', 'axiom', 'binder_predicate', 'builtin_dsimproc', 'builtin_dsimproc_decl', 'builtin_initialize', 'builtin_simproc', 'builtin_simproc_decl', 'class', 'declare_simp_like_tactic', 'declare_syntax_cat', 'def', 'dsimproc', 'dsimproc_decl', 'elab', 'elab_rules', 'example', 'inductive', 'infix', 'infixl', 'infixr', 'initialize', 'instance', 'macro', 'macro_rules', 'notation', 'opaque', 'postfix', 'prefix', 'simproc', 'simproc_decl', 'structure', 'syntax', 'theorem' or 'unif_hint'
2025-04-14 01:26:14 - INFO - Testing fragment: rw [mul_boole]
2025-04-14 01:26:14 - INFO - Original error line: theorem amc12a_2021_p7 (x y : ℝ) : 1 ≤ (x * y - 1) ^ 2 + (x + y) ^ 2 := by
2025-04-14 01:26:16 - INFO - Testing fix: Original errors: 5, Fixed errors: 1
2025-04-14 01:26:16 - INFO - Result: False (introduced 1 new errors)
2025-04-14 01:26:16 - DEBUG - === New errors detail ===
2025-04-14 01:26:16 - DEBUG - New Error 1: line 3, type: other_error, message: unexpected identifier; expected '#guard_msgs', 'abbrev', 'add_decl_doc', 'axiom', 'binder_predicate', 'builtin_dsimproc', 'builtin_dsimproc_decl', 'builtin_initialize', 'builtin_simproc', 'builtin_simproc_decl', 'class', 'declare_simp_like_tactic', 'declare_syntax_cat', 'def', 'dsimproc', 'dsimproc_decl', 'elab', 'elab_rules', 'example', 'inductive', 'infix', 'infixl', 'infixr', 'initialize', 'instance', 'macro', 'macro_rules', 'notation', 'opaque', 'postfix', 'prefix', 'simproc', 'simproc_decl', 'structure', 'syntax', 'theorem' or 'unif_hint'
2025-04-14 01:26:16 - INFO - Testing fragment: rw [boole_mul]
2025-04-14 01:26:16 - INFO - Original error line: theorem amc12a_2021_p7 (x y : ℝ) : 1 ≤ (x * y - 1) ^ 2 + (x + y) ^ 2 := by
2025-04-14 01:26:18 - INFO - Testing fix: Original errors: 5, Fixed errors: 1
2025-04-14 01:26:18 - INFO - Result: False (introduced 1 new errors)
2025-04-14 01:26:18 - DEBUG - === New errors detail ===
2025-04-14 01:26:18 - DEBUG - New Error 1: line 3, type: other_error, message: unexpected identifier; expected '#guard_msgs', 'abbrev', 'add_decl_doc', 'axiom', 'binder_predicate', 'builtin_dsimproc', 'builtin_dsimproc_decl', 'builtin_initialize', 'builtin_simproc', 'builtin_simproc_decl', 'class', 'declare_simp_like_tactic', 'declare_syntax_cat', 'def', 'dsimproc', 'dsimproc_decl', 'elab', 'elab_rules', 'example', 'inductive', 'infix', 'infixl', 'infixr', 'initialize', 'instance', 'macro', 'macro_rules', 'notation', 'opaque', 'postfix', 'prefix', 'simproc', 'simproc_decl', 'structure', 'syntax', 'theorem' or 'unif_hint'
2025-04-14 01:26:18 - INFO - Testing fragment: rw [add_mul_self_eq]
2025-04-14 01:26:18 - INFO - Original error line: theorem amc12a_2021_p7 (x y : ℝ) : 1 ≤ (x * y - 1) ^ 2 + (x + y) ^ 2 := by
2025-04-14 01:26:20 - INFO - Testing fix: Original errors: 5, Fixed errors: 1
2025-04-14 01:26:20 - INFO - Result: False (introduced 1 new errors)
2025-04-14 01:26:20 - DEBUG - === New errors detail ===
2025-04-14 01:26:20 - DEBUG - New Error 1: line 3, type: other_error, message: unexpected identifier; expected '#guard_msgs', 'abbrev', 'add_decl_doc', 'axiom', 'binder_predicate', 'builtin_dsimproc', 'builtin_dsimproc_decl', 'builtin_initialize', 'builtin_simproc', 'builtin_simproc_decl', 'class', 'declare_simp_like_tactic', 'declare_syntax_cat', 'def', 'dsimproc', 'dsimproc_decl', 'elab', 'elab_rules', 'example', 'inductive', 'infix', 'infixl', 'infixr', 'initialize', 'instance', 'macro', 'macro_rules', 'notation', 'opaque', 'postfix', 'prefix', 'simproc', 'simproc_decl', 'structure', 'syntax', 'theorem' or 'unif_hint'
2025-04-14 01:26:20 - INFO - Testing fragment: rw [neg_mul]
2025-04-14 01:26:20 - INFO - Original error line: theorem amc12a_2021_p7 (x y : ℝ) : 1 ≤ (x * y - 1) ^ 2 + (x + y) ^ 2 := by
2025-04-14 01:26:22 - INFO - Testing fix: Original errors: 5, Fixed errors: 1
2025-04-14 01:26:22 - INFO - Result: False (introduced 1 new errors)
2025-04-14 01:26:22 - DEBUG - === New errors detail ===
2025-04-14 01:26:22 - DEBUG - New Error 1: line 3, type: other_error, message: unexpected identifier; expected '#guard_msgs', 'abbrev', 'add_decl_doc', 'axiom', 'binder_predicate', 'builtin_dsimproc', 'builtin_dsimproc_decl', 'builtin_initialize', 'builtin_simproc', 'builtin_simproc_decl', 'class', 'declare_simp_like_tactic', 'declare_syntax_cat', 'def', 'dsimproc', 'dsimproc_decl', 'elab', 'elab_rules', 'example', 'inductive', 'infix', 'infixl', 'infixr', 'initialize', 'instance', 'macro', 'macro_rules', 'notation', 'opaque', 'postfix', 'prefix', 'simproc', 'simproc_decl', 'structure', 'syntax', 'theorem' or 'unif_hint'
2025-04-14 01:26:22 - INFO - Testing fragment: rw [mul_neg]
2025-04-14 01:26:22 - INFO - Original error line: theorem amc12a_2021_p7 (x y : ℝ) : 1 ≤ (x * y - 1) ^ 2 + (x + y) ^ 2 := by
2025-04-14 01:26:24 - INFO - Testing fix: Original errors: 5, Fixed errors: 1
2025-04-14 01:26:24 - INFO - Result: False (introduced 1 new errors)
2025-04-14 01:26:24 - DEBUG - === New errors detail ===
2025-04-14 01:26:24 - DEBUG - New Error 1: line 3, type: other_error, message: unexpected identifier; expected '#guard_msgs', 'abbrev', 'add_decl_doc', 'axiom', 'binder_predicate', 'builtin_dsimproc', 'builtin_dsimproc_decl', 'builtin_initialize', 'builtin_simproc', 'builtin_simproc_decl', 'class', 'declare_simp_like_tactic', 'declare_syntax_cat', 'def', 'dsimproc', 'dsimproc_decl', 'elab', 'elab_rules', 'example', 'inductive', 'infix', 'infixl', 'infixr', 'initialize', 'instance', 'macro', 'macro_rules', 'notation', 'opaque', 'postfix', 'prefix', 'simproc', 'simproc_decl', 'structure', 'syntax', 'theorem' or 'unif_hint'
2025-04-14 01:26:24 - INFO - Testing fragment: rw [neg_mul_neg]
2025-04-14 01:26:24 - INFO - Original error line: theorem amc12a_2021_p7 (x y : ℝ) : 1 ≤ (x * y - 1) ^ 2 + (x + y) ^ 2 := by
2025-04-14 01:26:26 - INFO - Testing fix: Original errors: 5, Fixed errors: 1
2025-04-14 01:26:26 - INFO - Result: False (introduced 1 new errors)
2025-04-14 01:26:26 - DEBUG - === New errors detail ===
2025-04-14 01:26:26 - DEBUG - New Error 1: line 3, type: other_error, message: unexpected identifier; expected '#guard_msgs', 'abbrev', 'add_decl_doc', 'axiom', 'binder_predicate', 'builtin_dsimproc', 'builtin_dsimproc_decl', 'builtin_initialize', 'builtin_simproc', 'builtin_simproc_decl', 'class', 'declare_simp_like_tactic', 'declare_syntax_cat', 'def', 'dsimproc', 'dsimproc_decl', 'elab', 'elab_rules', 'example', 'inductive', 'infix', 'infixl', 'infixr', 'initialize', 'instance', 'macro', 'macro_rules', 'notation', 'opaque', 'postfix', 'prefix', 'simproc', 'simproc_decl', 'structure', 'syntax', 'theorem' or 'unif_hint'
2025-04-14 01:26:26 - INFO - Testing fragment: rw [neg_mul_eq_neg_mul]
2025-04-14 01:26:26 - INFO - Original error line: theorem amc12a_2021_p7 (x y : ℝ) : 1 ≤ (x * y - 1) ^ 2 + (x + y) ^ 2 := by
2025-04-14 01:26:28 - INFO - Testing fix: Original errors: 5, Fixed errors: 1
2025-04-14 01:26:28 - INFO - Result: False (introduced 1 new errors)
2025-04-14 01:26:28 - DEBUG - === New errors detail ===
2025-04-14 01:26:28 - DEBUG - New Error 1: line 3, type: other_error, message: unexpected identifier; expected '#guard_msgs', 'abbrev', 'add_decl_doc', 'axiom', 'binder_predicate', 'builtin_dsimproc', 'builtin_dsimproc_decl', 'builtin_initialize', 'builtin_simproc', 'builtin_simproc_decl', 'class', 'declare_simp_like_tactic', 'declare_syntax_cat', 'def', 'dsimproc', 'dsimproc_decl', 'elab', 'elab_rules', 'example', 'inductive', 'infix', 'infixl', 'infixr', 'initialize', 'instance', 'macro', 'macro_rules', 'notation', 'opaque', 'postfix', 'prefix', 'simproc', 'simproc_decl', 'structure', 'syntax', 'theorem' or 'unif_hint'
2025-04-14 01:26:28 - INFO - Testing fragment: rw [neg_mul_eq_mul_neg]
2025-04-14 01:26:28 - INFO - Original error line: theorem amc12a_2021_p7 (x y : ℝ) : 1 ≤ (x * y - 1) ^ 2 + (x + y) ^ 2 := by
2025-04-14 01:26:30 - INFO - Testing fix: Original errors: 5, Fixed errors: 1
2025-04-14 01:26:30 - INFO - Result: False (introduced 1 new errors)
2025-04-14 01:26:30 - DEBUG - === New errors detail ===
2025-04-14 01:26:30 - DEBUG - New Error 1: line 3, type: other_error, message: unexpected identifier; expected '#guard_msgs', 'abbrev', 'add_decl_doc', 'axiom', 'binder_predicate', 'builtin_dsimproc', 'builtin_dsimproc_decl', 'builtin_initialize', 'builtin_simproc', 'builtin_simproc_decl', 'class', 'declare_simp_like_tactic', 'declare_syntax_cat', 'def', 'dsimproc', 'dsimproc_decl', 'elab', 'elab_rules', 'example', 'inductive', 'infix', 'infixl', 'infixr', 'initialize', 'instance', 'macro', 'macro_rules', 'notation', 'opaque', 'postfix', 'prefix', 'simproc', 'simproc_decl', 'structure', 'syntax', 'theorem' or 'unif_hint'
2025-04-14 01:26:30 - INFO - Testing fragment: rw [neg_mul_comm]
2025-04-14 01:26:30 - INFO - Original error line: theorem amc12a_2021_p7 (x y : ℝ) : 1 ≤ (x * y - 1) ^ 2 + (x + y) ^ 2 := by
2025-04-14 01:26:32 - INFO - Testing fix: Original errors: 5, Fixed errors: 1
2025-04-14 01:26:32 - INFO - Result: False (introduced 1 new errors)
2025-04-14 01:26:32 - DEBUG - === New errors detail ===
2025-04-14 01:26:32 - DEBUG - New Error 1: line 3, type: other_error, message: unexpected identifier; expected '#guard_msgs', 'abbrev', 'add_decl_doc', 'axiom', 'binder_predicate', 'builtin_dsimproc', 'builtin_dsimproc_decl', 'builtin_initialize', 'builtin_simproc', 'builtin_simproc_decl', 'class', 'declare_simp_like_tactic', 'declare_syntax_cat', 'def', 'dsimproc', 'dsimproc_decl', 'elab', 'elab_rules', 'example', 'inductive', 'infix', 'infixl', 'infixr', 'initialize', 'instance', 'macro', 'macro_rules', 'notation', 'opaque', 'postfix', 'prefix', 'simproc', 'simproc_decl', 'structure', 'syntax', 'theorem' or 'unif_hint'
2025-04-14 01:26:32 - INFO - Testing fragment: rw [neg_eq_neg_one_mul]
2025-04-14 01:26:32 - INFO - Original error line: theorem amc12a_2021_p7 (x y : ℝ) : 1 ≤ (x * y - 1) ^ 2 + (x + y) ^ 2 := by
2025-04-14 01:26:34 - INFO - Testing fix: Original errors: 5, Fixed errors: 1
2025-04-14 01:26:34 - INFO - Result: False (introduced 1 new errors)
2025-04-14 01:26:34 - DEBUG - === New errors detail ===
2025-04-14 01:26:34 - DEBUG - New Error 1: line 3, type: other_error, message: unexpected identifier; expected '#guard_msgs', 'abbrev', 'add_decl_doc', 'axiom', 'binder_predicate', 'builtin_dsimproc', 'builtin_dsimproc_decl', 'builtin_initialize', 'builtin_simproc', 'builtin_simproc_decl', 'class', 'declare_simp_like_tactic', 'declare_syntax_cat', 'def', 'dsimproc', 'dsimproc_decl', 'elab', 'elab_rules', 'example', 'inductive', 'infix', 'infixl', 'infixr', 'initialize', 'instance', 'macro', 'macro_rules', 'notation', 'opaque', 'postfix', 'prefix', 'simproc', 'simproc_decl', 'structure', 'syntax', 'theorem' or 'unif_hint'
2025-04-14 01:26:34 - INFO - Testing fragment: rw [mul_neg_one]
2025-04-14 01:26:34 - INFO - Original error line: theorem amc12a_2021_p7 (x y : ℝ) : 1 ≤ (x * y - 1) ^ 2 + (x + y) ^ 2 := by
2025-04-14 01:26:36 - INFO - Testing fix: Original errors: 5, Fixed errors: 1
2025-04-14 01:26:36 - INFO - Result: False (introduced 1 new errors)
2025-04-14 01:26:36 - DEBUG - === New errors detail ===
2025-04-14 01:26:36 - DEBUG - New Error 1: line 3, type: other_error, message: unexpected identifier; expected '#guard_msgs', 'abbrev', 'add_decl_doc', 'axiom', 'binder_predicate', 'builtin_dsimproc', 'builtin_dsimproc_decl', 'builtin_initialize', 'builtin_simproc', 'builtin_simproc_decl', 'class', 'declare_simp_like_tactic', 'declare_syntax_cat', 'def', 'dsimproc', 'dsimproc_decl', 'elab', 'elab_rules', 'example', 'inductive', 'infix', 'infixl', 'infixr', 'initialize', 'instance', 'macro', 'macro_rules', 'notation', 'opaque', 'postfix', 'prefix', 'simproc', 'simproc_decl', 'structure', 'syntax', 'theorem' or 'unif_hint'
2025-04-14 01:26:36 - INFO - Testing fragment: rw [neg_one_mul]
2025-04-14 01:26:36 - INFO - Original error line: theorem amc12a_2021_p7 (x y : ℝ) : 1 ≤ (x * y - 1) ^ 2 + (x + y) ^ 2 := by
2025-04-14 01:26:38 - INFO - Testing fix: Original errors: 5, Fixed errors: 1
2025-04-14 01:26:38 - INFO - Result: False (introduced 1 new errors)
2025-04-14 01:26:38 - DEBUG - === New errors detail ===
2025-04-14 01:26:38 - DEBUG - New Error 1: line 3, type: other_error, message: unexpected identifier; expected '#guard_msgs', 'abbrev', 'add_decl_doc', 'axiom', 'binder_predicate', 'builtin_dsimproc', 'builtin_dsimproc_decl', 'builtin_initialize', 'builtin_simproc', 'builtin_simproc_decl', 'class', 'declare_simp_like_tactic', 'declare_syntax_cat', 'def', 'dsimproc', 'dsimproc_decl', 'elab', 'elab_rules', 'example', 'inductive', 'infix', 'infixl', 'infixr', 'initialize', 'instance', 'macro', 'macro_rules', 'notation', 'opaque', 'postfix', 'prefix', 'simproc', 'simproc_decl', 'structure', 'syntax', 'theorem' or 'unif_hint'
2025-04-14 01:26:38 - INFO - Testing fragment: rw [mul_sub_left_distrib]
2025-04-14 01:26:38 - INFO - Original error line: theorem amc12a_2021_p7 (x y : ℝ) : 1 ≤ (x * y - 1) ^ 2 + (x + y) ^ 2 := by
2025-04-14 01:26:40 - INFO - Testing fix: Original errors: 5, Fixed errors: 1
2025-04-14 01:26:40 - INFO - Result: False (introduced 1 new errors)
2025-04-14 01:26:40 - DEBUG - === New errors detail ===
2025-04-14 01:26:40 - DEBUG - New Error 1: line 3, type: other_error, message: unexpected identifier; expected '#guard_msgs', 'abbrev', 'add_decl_doc', 'axiom', 'binder_predicate', 'builtin_dsimproc', 'builtin_dsimproc_decl', 'builtin_initialize', 'builtin_simproc', 'builtin_simproc_decl', 'class', 'declare_simp_like_tactic', 'declare_syntax_cat', 'def', 'dsimproc', 'dsimproc_decl', 'elab', 'elab_rules', 'example', 'inductive', 'infix', 'infixl', 'infixr', 'initialize', 'instance', 'macro', 'macro_rules', 'notation', 'opaque', 'postfix', 'prefix', 'simproc', 'simproc_decl', 'structure', 'syntax', 'theorem' or 'unif_hint'
2025-04-14 01:26:40 - INFO - Testing fragment: rw [mul_sub_right_distrib]
2025-04-14 01:26:40 - INFO - Original error line: theorem amc12a_2021_p7 (x y : ℝ) : 1 ≤ (x * y - 1) ^ 2 + (x + y) ^ 2 := by
2025-04-14 01:26:42 - INFO - Testing fix: Original errors: 5, Fixed errors: 1
2025-04-14 01:26:42 - INFO - Result: False (introduced 1 new errors)
2025-04-14 01:26:42 - DEBUG - === New errors detail ===
2025-04-14 01:26:42 - DEBUG - New Error 1: line 3, type: other_error, message: unexpected identifier; expected '#guard_msgs', 'abbrev', 'add_decl_doc', 'axiom', 'binder_predicate', 'builtin_dsimproc', 'builtin_dsimproc_decl', 'builtin_initialize', 'builtin_simproc', 'builtin_simproc_decl', 'class', 'declare_simp_like_tactic', 'declare_syntax_cat', 'def', 'dsimproc', 'dsimproc_decl', 'elab', 'elab_rules', 'example', 'inductive', 'infix', 'infixl', 'infixr', 'initialize', 'instance', 'macro', 'macro_rules', 'notation', 'opaque', 'postfix', 'prefix', 'simproc', 'simproc_decl', 'structure', 'syntax', 'theorem' or 'unif_hint'
2025-04-14 01:26:42 - INFO - Testing fragment: rw [sub_one_mul]
2025-04-14 01:26:42 - INFO - Original error line: theorem amc12a_2021_p7 (x y : ℝ) : 1 ≤ (x * y - 1) ^ 2 + (x + y) ^ 2 := by
2025-04-14 01:26:44 - INFO - Testing fix: Original errors: 5, Fixed errors: 1
2025-04-14 01:26:44 - INFO - Result: False (introduced 1 new errors)
2025-04-14 01:26:44 - DEBUG - === New errors detail ===
2025-04-14 01:26:44 - DEBUG - New Error 1: line 3, type: other_error, message: unexpected identifier; expected '#guard_msgs', 'abbrev', 'add_decl_doc', 'axiom', 'binder_predicate', 'builtin_dsimproc', 'builtin_dsimproc_decl', 'builtin_initialize', 'builtin_simproc', 'builtin_simproc_decl', 'class', 'declare_simp_like_tactic', 'declare_syntax_cat', 'def', 'dsimproc', 'dsimproc_decl', 'elab', 'elab_rules', 'example', 'inductive', 'infix', 'infixl', 'infixr', 'initialize', 'instance', 'macro', 'macro_rules', 'notation', 'opaque', 'postfix', 'prefix', 'simproc', 'simproc_decl', 'structure', 'syntax', 'theorem' or 'unif_hint'
2025-04-14 01:26:44 - INFO - Testing fragment: rw [mul_sub_one]
2025-04-14 01:26:44 - INFO - Original error line: theorem amc12a_2021_p7 (x y : ℝ) : 1 ≤ (x * y - 1) ^ 2 + (x + y) ^ 2 := by
2025-04-14 01:29:56 - INFO - Testing fix: Original errors: 5, Fixed errors: 1
2025-04-14 01:29:56 - INFO - Result: False (introduced 1 new errors)
2025-04-14 01:29:56 - DEBUG - === New errors detail ===
2025-04-14 01:29:56 - DEBUG - New Error 1: line 3, type: other_error, message: unexpected identifier; expected '#guard_msgs', 'abbrev', 'add_decl_doc', 'axiom', 'binder_predicate', 'builtin_dsimproc', 'builtin_dsimproc_decl', 'builtin_initialize', 'builtin_simproc', 'builtin_simproc_decl', 'class', 'declare_simp_like_tactic', 'declare_syntax_cat', 'def', 'dsimproc', 'dsimproc_decl', 'elab', 'elab_rules', 'example', 'inductive', 'infix', 'infixl', 'infixr', 'initialize', 'instance', 'macro', 'macro_rules', 'notation', 'opaque', 'postfix', 'prefix', 'simproc', 'simproc_decl', 'structure', 'syntax', 'theorem' or 'unif_hint'
2025-04-14 01:29:56 - INFO - Testing fragment: rw [one_sub_mul]
2025-04-14 01:29:56 - INFO - Original error line: theorem amc12a_2021_p7 (x y : ℝ) : 1 ≤ (x * y - 1) ^ 2 + (x + y) ^ 2 := by
2025-04-14 01:29:58 - INFO - Testing fix: Original errors: 5, Fixed errors: 1
2025-04-14 01:29:58 - INFO - Result: False (introduced 1 new errors)
2025-04-14 01:29:58 - DEBUG - === New errors detail ===
2025-04-14 01:29:58 - DEBUG - New Error 1: line 3, type: other_error, message: unexpected identifier; expected '#guard_msgs', 'abbrev', 'add_decl_doc', 'axiom', 'binder_predicate', 'builtin_dsimproc', 'builtin_dsimproc_decl', 'builtin_initialize', 'builtin_simproc', 'builtin_simproc_decl', 'class', 'declare_simp_like_tactic', 'declare_syntax_cat', 'def', 'dsimproc', 'dsimproc_decl', 'elab', 'elab_rules', 'example', 'inductive', 'infix', 'infixl', 'infixr', 'initialize', 'instance', 'macro', 'macro_rules', 'notation', 'opaque', 'postfix', 'prefix', 'simproc', 'simproc_decl', 'structure', 'syntax', 'theorem' or 'unif_hint'
2025-04-14 01:29:58 - INFO - Testing fragment: rw [mul_one_sub]
2025-04-14 01:29:58 - INFO - Original error line: theorem amc12a_2021_p7 (x y : ℝ) : 1 ≤ (x * y - 1) ^ 2 + (x + y) ^ 2 := by
2025-04-14 01:30:00 - INFO - Testing fix: Original errors: 5, Fixed errors: 1
2025-04-14 01:30:00 - INFO - Result: False (introduced 1 new errors)
2025-04-14 01:30:00 - DEBUG - === New errors detail ===
2025-04-14 01:30:00 - DEBUG - New Error 1: line 3, type: other_error, message: unexpected identifier; expected '#guard_msgs', 'abbrev', 'add_decl_doc', 'axiom', 'binder_predicate', 'builtin_dsimproc', 'builtin_dsimproc_decl', 'builtin_initialize', 'builtin_simproc', 'builtin_simproc_decl', 'class', 'declare_simp_like_tactic', 'declare_syntax_cat', 'def', 'dsimproc', 'dsimproc_decl', 'elab', 'elab_rules', 'example', 'inductive', 'infix', 'infixl', 'infixr', 'initialize', 'instance', 'macro', 'macro_rules', 'notation', 'opaque', 'postfix', 'prefix', 'simproc', 'simproc_decl', 'structure', 'syntax', 'theorem' or 'unif_hint'
2025-04-14 01:30:00 - INFO - Testing fragment: rw [mul_left_cancel]
2025-04-14 01:30:00 - INFO - Original error line: theorem amc12a_2021_p7 (x y : ℝ) : 1 ≤ (x * y - 1) ^ 2 + (x + y) ^ 2 := by
2025-04-14 01:30:02 - INFO - Testing fix: Original errors: 5, Fixed errors: 1
2025-04-14 01:30:02 - INFO - Result: False (introduced 1 new errors)
2025-04-14 01:30:02 - DEBUG - === New errors detail ===
2025-04-14 01:30:02 - DEBUG - New Error 1: line 3, type: other_error, message: unexpected identifier; expected '#guard_msgs', 'abbrev', 'add_decl_doc', 'axiom', 'binder_predicate', 'builtin_dsimproc', 'builtin_dsimproc_decl', 'builtin_initialize', 'builtin_simproc', 'builtin_simproc_decl', 'class', 'declare_simp_like_tactic', 'declare_syntax_cat', 'def', 'dsimproc', 'dsimproc_decl', 'elab', 'elab_rules', 'example', 'inductive', 'infix', 'infixl', 'infixr', 'initialize', 'instance', 'macro', 'macro_rules', 'notation', 'opaque', 'postfix', 'prefix', 'simproc', 'simproc_decl', 'structure', 'syntax', 'theorem' or 'unif_hint'
2025-04-14 01:30:02 - INFO - Testing fragment: rw [mul_left_cancel_iff]
2025-04-14 01:30:02 - INFO - Original error line: theorem amc12a_2021_p7 (x y : ℝ) : 1 ≤ (x * y - 1) ^ 2 + (x + y) ^ 2 := by
2025-04-14 01:30:04 - INFO - Testing fix: Original errors: 5, Fixed errors: 1
2025-04-14 01:30:04 - INFO - Result: False (introduced 1 new errors)
2025-04-14 01:30:04 - DEBUG - === New errors detail ===
2025-04-14 01:30:04 - DEBUG - New Error 1: line 3, type: other_error, message: unexpected identifier; expected '#guard_msgs', 'abbrev', 'add_decl_doc', 'axiom', 'binder_predicate', 'builtin_dsimproc', 'builtin_dsimproc_decl', 'builtin_initialize', 'builtin_simproc', 'builtin_simproc_decl', 'class', 'declare_simp_like_tactic', 'declare_syntax_cat', 'def', 'dsimproc', 'dsimproc_decl', 'elab', 'elab_rules', 'example', 'inductive', 'infix', 'infixl', 'infixr', 'initialize', 'instance', 'macro', 'macro_rules', 'notation', 'opaque', 'postfix', 'prefix', 'simproc', 'simproc_decl', 'structure', 'syntax', 'theorem' or 'unif_hint'
2025-04-14 01:30:04 - INFO - Testing fragment: rw [mul_right_injective]
2025-04-14 01:30:04 - INFO - Original error line: theorem amc12a_2021_p7 (x y : ℝ) : 1 ≤ (x * y - 1) ^ 2 + (x + y) ^ 2 := by
2025-04-14 01:30:06 - INFO - Testing fix: Original errors: 5, Fixed errors: 1
2025-04-14 01:30:06 - INFO - Result: False (introduced 1 new errors)
2025-04-14 01:30:06 - DEBUG - === New errors detail ===
2025-04-14 01:30:06 - DEBUG - New Error 1: line 3, type: other_error, message: unexpected identifier; expected '#guard_msgs', 'abbrev', 'add_decl_doc', 'axiom', 'binder_predicate', 'builtin_dsimproc', 'builtin_dsimproc_decl', 'builtin_initialize', 'builtin_simproc', 'builtin_simproc_decl', 'class', 'declare_simp_like_tactic', 'declare_syntax_cat', 'def', 'dsimproc', 'dsimproc_decl', 'elab', 'elab_rules', 'example', 'inductive', 'infix', 'infixl', 'infixr', 'initialize', 'instance', 'macro', 'macro_rules', 'notation', 'opaque', 'postfix', 'prefix', 'simproc', 'simproc_decl', 'structure', 'syntax', 'theorem' or 'unif_hint'
2025-04-14 01:30:06 - INFO - Testing fragment: rw [mul_right_inj]
2025-04-14 01:30:06 - INFO - Original error line: theorem amc12a_2021_p7 (x y : ℝ) : 1 ≤ (x * y - 1) ^ 2 + (x + y) ^ 2 := by
2025-04-14 01:30:08 - INFO - Testing fix: Original errors: 5, Fixed errors: 1
2025-04-14 01:30:08 - INFO - Result: False (introduced 1 new errors)
2025-04-14 01:30:08 - DEBUG - === New errors detail ===
2025-04-14 01:30:08 - DEBUG - New Error 1: line 3, type: other_error, message: unexpected identifier; expected '#guard_msgs', 'abbrev', 'add_decl_doc', 'axiom', 'binder_predicate', 'builtin_dsimproc', 'builtin_dsimproc_decl', 'builtin_initialize', 'builtin_simproc', 'builtin_simproc_decl', 'class', 'declare_simp_like_tactic', 'declare_syntax_cat', 'def', 'dsimproc', 'dsimproc_decl', 'elab', 'elab_rules', 'example', 'inductive', 'infix', 'infixl', 'infixr', 'initialize', 'instance', 'macro', 'macro_rules', 'notation', 'opaque', 'postfix', 'prefix', 'simproc', 'simproc_decl', 'structure', 'syntax', 'theorem' or 'unif_hint'
2025-04-14 01:30:08 - INFO - Testing fragment: rw [mul_ne_mul_right]
2025-04-14 01:30:08 - INFO - Original error line: theorem amc12a_2021_p7 (x y : ℝ) : 1 ≤ (x * y - 1) ^ 2 + (x + y) ^ 2 := by
2025-04-14 01:30:10 - INFO - Testing fix: Original errors: 5, Fixed errors: 1
2025-04-14 01:30:10 - INFO - Result: False (introduced 1 new errors)
2025-04-14 01:30:10 - DEBUG - === New errors detail ===
2025-04-14 01:30:10 - DEBUG - New Error 1: line 3, type: other_error, message: unexpected identifier; expected '#guard_msgs', 'abbrev', 'add_decl_doc', 'axiom', 'binder_predicate', 'builtin_dsimproc', 'builtin_dsimproc_decl', 'builtin_initialize', 'builtin_simproc', 'builtin_simproc_decl', 'class', 'declare_simp_like_tactic', 'declare_syntax_cat', 'def', 'dsimproc', 'dsimproc_decl', 'elab', 'elab_rules', 'example', 'inductive', 'infix', 'infixl', 'infixr', 'initialize', 'instance', 'macro', 'macro_rules', 'notation', 'opaque', 'postfix', 'prefix', 'simproc', 'simproc_decl', 'structure', 'syntax', 'theorem' or 'unif_hint'
2025-04-14 01:30:10 - INFO - Testing fragment: rw [mul_right_cancel]
2025-04-14 01:30:10 - INFO - Original error line: theorem amc12a_2021_p7 (x y : ℝ) : 1 ≤ (x * y - 1) ^ 2 + (x + y) ^ 2 := by
2025-04-14 01:30:12 - INFO - Testing fix: Original errors: 5, Fixed errors: 1
2025-04-14 01:30:12 - INFO - Result: False (introduced 1 new errors)
2025-04-14 01:30:12 - DEBUG - === New errors detail ===
2025-04-14 01:30:12 - DEBUG - New Error 1: line 3, type: other_error, message: unexpected identifier; expected '#guard_msgs', 'abbrev', 'add_decl_doc', 'axiom', 'binder_predicate', 'builtin_dsimproc', 'builtin_dsimproc_decl', 'builtin_initialize', 'builtin_simproc', 'builtin_simproc_decl', 'class', 'declare_simp_like_tactic', 'declare_syntax_cat', 'def', 'dsimproc', 'dsimproc_decl', 'elab', 'elab_rules', 'example', 'inductive', 'infix', 'infixl', 'infixr', 'initialize', 'instance', 'macro', 'macro_rules', 'notation', 'opaque', 'postfix', 'prefix', 'simproc', 'simproc_decl', 'structure', 'syntax', 'theorem' or 'unif_hint'
2025-04-14 01:30:12 - INFO - Testing fragment: rw [mul_right_cancel_iff]
2025-04-14 01:30:12 - INFO - Original error line: theorem amc12a_2021_p7 (x y : ℝ) : 1 ≤ (x * y - 1) ^ 2 + (x + y) ^ 2 := by
2025-04-14 01:30:14 - INFO - Testing fix: Original errors: 5, Fixed errors: 1
2025-04-14 01:30:14 - INFO - Result: False (introduced 1 new errors)
2025-04-14 01:30:14 - DEBUG - === New errors detail ===
2025-04-14 01:30:14 - DEBUG - New Error 1: line 3, type: other_error, message: unexpected identifier; expected '#guard_msgs', 'abbrev', 'add_decl_doc', 'axiom', 'binder_predicate', 'builtin_dsimproc', 'builtin_dsimproc_decl', 'builtin_initialize', 'builtin_simproc', 'builtin_simproc_decl', 'class', 'declare_simp_like_tactic', 'declare_syntax_cat', 'def', 'dsimproc', 'dsimproc_decl', 'elab', 'elab_rules', 'example', 'inductive', 'infix', 'infixl', 'infixr', 'initialize', 'instance', 'macro', 'macro_rules', 'notation', 'opaque', 'postfix', 'prefix', 'simproc', 'simproc_decl', 'structure', 'syntax', 'theorem' or 'unif_hint'
2025-04-14 01:30:14 - INFO - Testing fragment: rw [mul_left_injective]
2025-04-14 01:30:14 - INFO - Original error line: theorem amc12a_2021_p7 (x y : ℝ) : 1 ≤ (x * y - 1) ^ 2 + (x + y) ^ 2 := by
2025-04-14 01:30:16 - INFO - Testing fix: Original errors: 5, Fixed errors: 1
2025-04-14 01:30:16 - INFO - Result: False (introduced 1 new errors)
2025-04-14 01:30:16 - DEBUG - === New errors detail ===
2025-04-14 01:30:16 - DEBUG - New Error 1: line 3, type: other_error, message: unexpected identifier; expected '#guard_msgs', 'abbrev', 'add_decl_doc', 'axiom', 'binder_predicate', 'builtin_dsimproc', 'builtin_dsimproc_decl', 'builtin_initialize', 'builtin_simproc', 'builtin_simproc_decl', 'class', 'declare_simp_like_tactic', 'declare_syntax_cat', 'def', 'dsimproc', 'dsimproc_decl', 'elab', 'elab_rules', 'example', 'inductive', 'infix', 'infixl', 'infixr', 'initialize', 'instance', 'macro', 'macro_rules', 'notation', 'opaque', 'postfix', 'prefix', 'simproc', 'simproc_decl', 'structure', 'syntax', 'theorem' or 'unif_hint'
2025-04-14 01:30:16 - INFO - Testing fragment: rw [mul_left_inj]
2025-04-14 01:30:16 - INFO - Original error line: theorem amc12a_2021_p7 (x y : ℝ) : 1 ≤ (x * y - 1) ^ 2 + (x + y) ^ 2 := by
2025-04-14 01:30:18 - INFO - Testing fix: Original errors: 5, Fixed errors: 1
2025-04-14 01:30:18 - INFO - Result: False (introduced 1 new errors)
2025-04-14 01:30:18 - DEBUG - === New errors detail ===
2025-04-14 01:30:18 - DEBUG - New Error 1: line 3, type: other_error, message: unexpected identifier; expected '#guard_msgs', 'abbrev', 'add_decl_doc', 'axiom', 'binder_predicate', 'builtin_dsimproc', 'builtin_dsimproc_decl', 'builtin_initialize', 'builtin_simproc', 'builtin_simproc_decl', 'class', 'declare_simp_like_tactic', 'declare_syntax_cat', 'def', 'dsimproc', 'dsimproc_decl', 'elab', 'elab_rules', 'example', 'inductive', 'infix', 'infixl', 'infixr', 'initialize', 'instance', 'macro', 'macro_rules', 'notation', 'opaque', 'postfix', 'prefix', 'simproc', 'simproc_decl', 'structure', 'syntax', 'theorem' or 'unif_hint'
2025-04-14 01:30:18 - INFO - Testing fragment: rw [mul_ne_mul_left]
2025-04-14 01:30:18 - INFO - Original error line: theorem amc12a_2021_p7 (x y : ℝ) : 1 ≤ (x * y - 1) ^ 2 + (x + y) ^ 2 := by
2025-04-14 01:30:20 - INFO - Testing fix: Original errors: 5, Fixed errors: 1
2025-04-14 01:30:20 - INFO - Result: False (introduced 1 new errors)
2025-04-14 01:30:20 - DEBUG - === New errors detail ===
2025-04-14 01:30:20 - DEBUG - New Error 1: line 3, type: other_error, message: unexpected identifier; expected '#guard_msgs', 'abbrev', 'add_decl_doc', 'axiom', 'binder_predicate', 'builtin_dsimproc', 'builtin_dsimproc_decl', 'builtin_initialize', 'builtin_simproc', 'builtin_simproc_decl', 'class', 'declare_simp_like_tactic', 'declare_syntax_cat', 'def', 'dsimproc', 'dsimproc_decl', 'elab', 'elab_rules', 'example', 'inductive', 'infix', 'infixl', 'infixr', 'initialize', 'instance', 'macro', 'macro_rules', 'notation', 'opaque', 'postfix', 'prefix', 'simproc', 'simproc_decl', 'structure', 'syntax', 'theorem' or 'unif_hint'
2025-04-14 01:30:20 - INFO - Testing fragment: rw [mul_assoc]
2025-04-14 01:30:20 - INFO - Original error line: theorem amc12a_2021_p7 (x y : ℝ) : 1 ≤ (x * y - 1) ^ 2 + (x + y) ^ 2 := by
2025-04-14 01:30:22 - INFO - Testing fix: Original errors: 5, Fixed errors: 1
2025-04-14 01:30:22 - INFO - Result: False (introduced 1 new errors)
2025-04-14 01:30:22 - DEBUG - === New errors detail ===
2025-04-14 01:30:22 - DEBUG - New Error 1: line 3, type: other_error, message: unexpected identifier; expected '#guard_msgs', 'abbrev', 'add_decl_doc', 'axiom', 'binder_predicate', 'builtin_dsimproc', 'builtin_dsimproc_decl', 'builtin_initialize', 'builtin_simproc', 'builtin_simproc_decl', 'class', 'declare_simp_like_tactic', 'declare_syntax_cat', 'def', 'dsimproc', 'dsimproc_decl', 'elab', 'elab_rules', 'example', 'inductive', 'infix', 'infixl', 'infixr', 'initialize', 'instance', 'macro', 'macro_rules', 'notation', 'opaque', 'postfix', 'prefix', 'simproc', 'simproc_decl', 'structure', 'syntax', 'theorem' or 'unif_hint'
2025-04-14 01:30:22 - INFO - Testing fragment: rw [mul_comm]
2025-04-14 01:30:22 - INFO - Original error line: theorem amc12a_2021_p7 (x y : ℝ) : 1 ≤ (x * y - 1) ^ 2 + (x + y) ^ 2 := by
2025-04-14 01:30:24 - INFO - Testing fix: Original errors: 5, Fixed errors: 1
2025-04-14 01:30:24 - INFO - Result: False (introduced 1 new errors)
2025-04-14 01:30:24 - DEBUG - === New errors detail ===
2025-04-14 01:30:24 - DEBUG - New Error 1: line 3, type: other_error, message: unexpected identifier; expected '#guard_msgs', 'abbrev', 'add_decl_doc', 'axiom', 'binder_predicate', 'builtin_dsimproc', 'builtin_dsimproc_decl', 'builtin_initialize', 'builtin_simproc', 'builtin_simproc_decl', 'class', 'declare_simp_like_tactic', 'declare_syntax_cat', 'def', 'dsimproc', 'dsimproc_decl', 'elab', 'elab_rules', 'example', 'inductive', 'infix', 'infixl', 'infixr', 'initialize', 'instance', 'macro', 'macro_rules', 'notation', 'opaque', 'postfix', 'prefix', 'simproc', 'simproc_decl', 'structure', 'syntax', 'theorem' or 'unif_hint'
2025-04-14 01:30:24 - INFO - Testing fragment: rw [MulOneClass]
2025-04-14 01:30:24 - INFO - Original error line: theorem amc12a_2021_p7 (x y : ℝ) : 1 ≤ (x * y - 1) ^ 2 + (x + y) ^ 2 := by
2025-04-14 01:30:26 - INFO - Testing fix: Original errors: 5, Fixed errors: 1
2025-04-14 01:30:26 - INFO - Result: False (introduced 1 new errors)
2025-04-14 01:30:26 - DEBUG - === New errors detail ===
2025-04-14 01:30:26 - DEBUG - New Error 1: line 3, type: other_error, message: unexpected identifier; expected '#guard_msgs', 'abbrev', 'add_decl_doc', 'axiom', 'binder_predicate', 'builtin_dsimproc', 'builtin_dsimproc_decl', 'builtin_initialize', 'builtin_simproc', 'builtin_simproc_decl', 'class', 'declare_simp_like_tactic', 'declare_syntax_cat', 'def', 'dsimproc', 'dsimproc_decl', 'elab', 'elab_rules', 'example', 'inductive', 'infix', 'infixl', 'infixr', 'initialize', 'instance', 'macro', 'macro_rules', 'notation', 'opaque', 'postfix', 'prefix', 'simproc', 'simproc_decl', 'structure', 'syntax', 'theorem' or 'unif_hint'
2025-04-14 01:30:26 - INFO - Testing fragment: rw [one_mul]
2025-04-14 01:30:26 - INFO - Original error line: theorem amc12a_2021_p7 (x y : ℝ) : 1 ≤ (x * y - 1) ^ 2 + (x + y) ^ 2 := by
2025-04-14 01:30:28 - INFO - Testing fix: Original errors: 5, Fixed errors: 1
2025-04-14 01:30:28 - INFO - Result: False (introduced 1 new errors)
2025-04-14 01:30:28 - DEBUG - === New errors detail ===
2025-04-14 01:30:28 - DEBUG - New Error 1: line 3, type: other_error, message: unexpected identifier; expected '#guard_msgs', 'abbrev', 'add_decl_doc', 'axiom', 'binder_predicate', 'builtin_dsimproc', 'builtin_dsimproc_decl', 'builtin_initialize', 'builtin_simproc', 'builtin_simproc_decl', 'class', 'declare_simp_like_tactic', 'declare_syntax_cat', 'def', 'dsimproc', 'dsimproc_decl', 'elab', 'elab_rules', 'example', 'inductive', 'infix', 'infixl', 'infixr', 'initialize', 'instance', 'macro', 'macro_rules', 'notation', 'opaque', 'postfix', 'prefix', 'simproc', 'simproc_decl', 'structure', 'syntax', 'theorem' or 'unif_hint'
2025-04-14 01:30:28 - INFO - Testing fragment: rw [mul_one]
2025-04-14 01:30:28 - INFO - Original error line: theorem amc12a_2021_p7 (x y : ℝ) : 1 ≤ (x * y - 1) ^ 2 + (x + y) ^ 2 := by
2025-04-14 01:30:30 - INFO - Testing fix: Original errors: 5, Fixed errors: 1
2025-04-14 01:30:30 - INFO - Result: False (introduced 1 new errors)
2025-04-14 01:30:30 - DEBUG - === New errors detail ===
2025-04-14 01:30:30 - DEBUG - New Error 1: line 3, type: other_error, message: unexpected identifier; expected '#guard_msgs', 'abbrev', 'add_decl_doc', 'axiom', 'binder_predicate', 'builtin_dsimproc', 'builtin_dsimproc_decl', 'builtin_initialize', 'builtin_simproc', 'builtin_simproc_decl', 'class', 'declare_simp_like_tactic', 'declare_syntax_cat', 'def', 'dsimproc', 'dsimproc_decl', 'elab', 'elab_rules', 'example', 'inductive', 'infix', 'infixl', 'infixr', 'initialize', 'instance', 'macro', 'macro_rules', 'notation', 'opaque', 'postfix', 'prefix', 'simproc', 'simproc_decl', 'structure', 'syntax', 'theorem' or 'unif_hint'
2025-04-14 01:30:30 - INFO - Testing fragment: rw [npowRec_add]
2025-04-14 01:30:30 - INFO - Original error line: theorem amc12a_2021_p7 (x y : ℝ) : 1 ≤ (x * y - 1) ^ 2 + (x + y) ^ 2 := by
2025-04-14 01:30:33 - INFO - Testing fix: Original errors: 5, Fixed errors: 1
2025-04-14 01:30:33 - INFO - Result: False (introduced 1 new errors)
2025-04-14 01:30:33 - DEBUG - === New errors detail ===
2025-04-14 01:30:33 - DEBUG - New Error 1: line 3, type: other_error, message: unexpected identifier; expected '#guard_msgs', 'abbrev', 'add_decl_doc', 'axiom', 'binder_predicate', 'builtin_dsimproc', 'builtin_dsimproc_decl', 'builtin_initialize', 'builtin_simproc', 'builtin_simproc_decl', 'class', 'declare_simp_like_tactic', 'declare_syntax_cat', 'def', 'dsimproc', 'dsimproc_decl', 'elab', 'elab_rules', 'example', 'inductive', 'infix', 'infixl', 'infixr', 'initialize', 'instance', 'macro', 'macro_rules', 'notation', 'opaque', 'postfix', 'prefix', 'simproc', 'simproc_decl', 'structure', 'syntax', 'theorem' or 'unif_hint'
2025-04-14 01:30:33 - INFO - Testing fragment: rw [npowRec_succ]
2025-04-14 01:30:33 - INFO - Original error line: theorem amc12a_2021_p7 (x y : ℝ) : 1 ≤ (x * y - 1) ^ 2 + (x + y) ^ 2 := by
2025-04-14 01:32:00 - INFO - Testing fix: Original errors: 5, Fixed errors: 1
2025-04-14 01:32:00 - INFO - Result: False (introduced 1 new errors)
2025-04-14 01:32:00 - DEBUG - === New errors detail ===
2025-04-14 01:32:00 - DEBUG - New Error 1: line 3, type: other_error, message: unexpected identifier; expected '#guard_msgs', 'abbrev', 'add_decl_doc', 'axiom', 'binder_predicate', 'builtin_dsimproc', 'builtin_dsimproc_decl', 'builtin_initialize', 'builtin_simproc', 'builtin_simproc_decl', 'class', 'declare_simp_like_tactic', 'declare_syntax_cat', 'def', 'dsimproc', 'dsimproc_decl', 'elab', 'elab_rules', 'example', 'inductive', 'infix', 'infixl', 'infixr', 'initialize', 'instance', 'macro', 'macro_rules', 'notation', 'opaque', 'postfix', 'prefix', 'simproc', 'simproc_decl', 'structure', 'syntax', 'theorem' or 'unif_hint'
2025-04-14 01:32:00 - INFO - Testing fragment: rw [npowRec'_succ]
2025-04-14 01:32:00 - INFO - Original error line: theorem amc12a_2021_p7 (x y : ℝ) : 1 ≤ (x * y - 1) ^ 2 + (x + y) ^ 2 := by
2025-04-14 01:32:02 - INFO - Testing fix: Original errors: 5, Fixed errors: 1
2025-04-14 01:32:02 - INFO - Result: False (introduced 1 new errors)
2025-04-14 01:32:02 - DEBUG - === New errors detail ===
2025-04-14 01:32:02 - DEBUG - New Error 1: line 3, type: other_error, message: unexpected identifier; expected '#guard_msgs', 'abbrev', 'add_decl_doc', 'axiom', 'binder_predicate', 'builtin_dsimproc', 'builtin_dsimproc_decl', 'builtin_initialize', 'builtin_simproc', 'builtin_simproc_decl', 'class', 'declare_simp_like_tactic', 'declare_syntax_cat', 'def', 'dsimproc', 'dsimproc_decl', 'elab', 'elab_rules', 'example', 'inductive', 'infix', 'infixl', 'infixr', 'initialize', 'instance', 'macro', 'macro_rules', 'notation', 'opaque', 'postfix', 'prefix', 'simproc', 'simproc_decl', 'structure', 'syntax', 'theorem' or 'unif_hint'
2025-04-14 01:32:02 - INFO - Testing fragment: rw [npowRec'_two_mul]
2025-04-14 01:32:02 - INFO - Original error line: theorem amc12a_2021_p7 (x y : ℝ) : 1 ≤ (x * y - 1) ^ 2 + (x + y) ^ 2 := by
2025-04-14 01:32:04 - INFO - Testing fix: Original errors: 5, Fixed errors: 1
2025-04-14 01:32:04 - INFO - Result: False (introduced 1 new errors)
2025-04-14 01:32:04 - DEBUG - === New errors detail ===
2025-04-14 01:32:04 - DEBUG - New Error 1: line 3, type: other_error, message: unexpected identifier; expected '#guard_msgs', 'abbrev', 'add_decl_doc', 'axiom', 'binder_predicate', 'builtin_dsimproc', 'builtin_dsimproc_decl', 'builtin_initialize', 'builtin_simproc', 'builtin_simproc_decl', 'class', 'declare_simp_like_tactic', 'declare_syntax_cat', 'def', 'dsimproc', 'dsimproc_decl', 'elab', 'elab_rules', 'example', 'inductive', 'infix', 'infixl', 'infixr', 'initialize', 'instance', 'macro', 'macro_rules', 'notation', 'opaque', 'postfix', 'prefix', 'simproc', 'simproc_decl', 'structure', 'syntax', 'theorem' or 'unif_hint'
2025-04-14 01:32:04 - INFO - Testing fragment: rw [npowRec'_mul_comm]
2025-04-14 01:32:04 - INFO - Original error line: theorem amc12a_2021_p7 (x y : ℝ) : 1 ≤ (x * y - 1) ^ 2 + (x + y) ^ 2 := by
2025-04-14 01:32:06 - INFO - Testing fix: Original errors: 5, Fixed errors: 1
2025-04-14 01:32:06 - INFO - Result: False (introduced 1 new errors)
2025-04-14 01:32:06 - DEBUG - === New errors detail ===
2025-04-14 01:32:06 - DEBUG - New Error 1: line 3, type: other_error, message: unexpected identifier; expected '#guard_msgs', 'abbrev', 'add_decl_doc', 'axiom', 'binder_predicate', 'builtin_dsimproc', 'builtin_dsimproc_decl', 'builtin_initialize', 'builtin_simproc', 'builtin_simproc_decl', 'class', 'declare_simp_like_tactic', 'declare_syntax_cat', 'def', 'dsimproc', 'dsimproc_decl', 'elab', 'elab_rules', 'example', 'inductive', 'infix', 'infixl', 'infixr', 'initialize', 'instance', 'macro', 'macro_rules', 'notation', 'opaque', 'postfix', 'prefix', 'simproc', 'simproc_decl', 'structure', 'syntax', 'theorem' or 'unif_hint'
2025-04-14 01:32:06 - INFO - Testing fragment: rw [npowRec_eq]
2025-04-14 01:32:06 - INFO - Original error line: theorem amc12a_2021_p7 (x y : ℝ) : 1 ≤ (x * y - 1) ^ 2 + (x + y) ^ 2 := by
2025-04-14 01:32:08 - INFO - Testing fix: Original errors: 5, Fixed errors: 1
2025-04-14 01:32:08 - INFO - Result: False (introduced 1 new errors)
2025-04-14 01:32:08 - DEBUG - === New errors detail ===
2025-04-14 01:32:08 - DEBUG - New Error 1: line 3, type: other_error, message: unexpected identifier; expected '#guard_msgs', 'abbrev', 'add_decl_doc', 'axiom', 'binder_predicate', 'builtin_dsimproc', 'builtin_dsimproc_decl', 'builtin_initialize', 'builtin_simproc', 'builtin_simproc_decl', 'class', 'declare_simp_like_tactic', 'declare_syntax_cat', 'def', 'dsimproc', 'dsimproc_decl', 'elab', 'elab_rules', 'example', 'inductive', 'infix', 'infixl', 'infixr', 'initialize', 'instance', 'macro', 'macro_rules', 'notation', 'opaque', 'postfix', 'prefix', 'simproc', 'simproc_decl', 'structure', 'syntax', 'theorem' or 'unif_hint'
2025-04-14 01:32:08 - INFO - Testing fragment: rw [npowBinRec]
2025-04-14 01:32:08 - INFO - Original error line: theorem amc12a_2021_p7 (x y : ℝ) : 1 ≤ (x * y - 1) ^ 2 + (x + y) ^ 2 := by
2025-04-14 01:32:10 - INFO - Testing fix: Original errors: 5, Fixed errors: 1
2025-04-14 01:32:10 - INFO - Result: False (introduced 1 new errors)
2025-04-14 01:32:10 - DEBUG - === New errors detail ===
2025-04-14 01:32:10 - DEBUG - New Error 1: line 3, type: other_error, message: unexpected identifier; expected '#guard_msgs', 'abbrev', 'add_decl_doc', 'axiom', 'binder_predicate', 'builtin_dsimproc', 'builtin_dsimproc_decl', 'builtin_initialize', 'builtin_simproc', 'builtin_simproc_decl', 'class', 'declare_simp_like_tactic', 'declare_syntax_cat', 'def', 'dsimproc', 'dsimproc_decl', 'elab', 'elab_rules', 'example', 'inductive', 'infix', 'infixl', 'infixr', 'initialize', 'instance', 'macro', 'macro_rules', 'notation', 'opaque', 'postfix', 'prefix', 'simproc', 'simproc_decl', 'structure', 'syntax', 'theorem' or 'unif_hint'
2025-04-14 01:32:10 - INFO - Testing fragment: rw [npowRec_eq_npowBinRec]
2025-04-14 01:32:10 - INFO - Original error line: theorem amc12a_2021_p7 (x y : ℝ) : 1 ≤ (x * y - 1) ^ 2 + (x + y) ^ 2 := by
2025-04-14 01:32:12 - INFO - Testing fix: Original errors: 5, Fixed errors: 1
2025-04-14 01:32:12 - INFO - Result: False (introduced 1 new errors)
2025-04-14 01:32:12 - DEBUG - === New errors detail ===
2025-04-14 01:32:12 - DEBUG - New Error 1: line 3, type: other_error, message: unexpected identifier; expected '#guard_msgs', 'abbrev', 'add_decl_doc', 'axiom', 'binder_predicate', 'builtin_dsimproc', 'builtin_dsimproc_decl', 'builtin_initialize', 'builtin_simproc', 'builtin_simproc_decl', 'class', 'declare_simp_like_tactic', 'declare_syntax_cat', 'def', 'dsimproc', 'dsimproc_decl', 'elab', 'elab_rules', 'example', 'inductive', 'infix', 'infixl', 'infixr', 'initialize', 'instance', 'macro', 'macro_rules', 'notation', 'opaque', 'postfix', 'prefix', 'simproc', 'simproc_decl', 'structure', 'syntax', 'theorem' or 'unif_hint'
2025-04-14 01:32:12 - INFO - Testing fragment: rw [npow_eq_pow]
2025-04-14 01:32:12 - INFO - Original error line: theorem amc12a_2021_p7 (x y : ℝ) : 1 ≤ (x * y - 1) ^ 2 + (x + y) ^ 2 := by
2025-04-14 01:32:14 - INFO - Testing fix: Original errors: 5, Fixed errors: 1
2025-04-14 01:32:14 - INFO - Result: False (introduced 1 new errors)
2025-04-14 01:32:14 - DEBUG - === New errors detail ===
2025-04-14 01:32:14 - DEBUG - New Error 1: line 3, type: other_error, message: unexpected identifier; expected '#guard_msgs', 'abbrev', 'add_decl_doc', 'axiom', 'binder_predicate', 'builtin_dsimproc', 'builtin_dsimproc_decl', 'builtin_initialize', 'builtin_simproc', 'builtin_simproc_decl', 'class', 'declare_simp_like_tactic', 'declare_syntax_cat', 'def', 'dsimproc', 'dsimproc_decl', 'elab', 'elab_rules', 'example', 'inductive', 'infix', 'infixl', 'infixr', 'initialize', 'instance', 'macro', 'macro_rules', 'notation', 'opaque', 'postfix', 'prefix', 'simproc', 'simproc_decl', 'structure', 'syntax', 'theorem' or 'unif_hint'
2025-04-14 01:32:14 - INFO - Testing fragment: rw [pow_zero]
2025-04-14 01:32:14 - INFO - Original error line: theorem amc12a_2021_p7 (x y : ℝ) : 1 ≤ (x * y - 1) ^ 2 + (x + y) ^ 2 := by
2025-04-14 01:32:16 - INFO - Testing fix: Original errors: 5, Fixed errors: 1
2025-04-14 01:32:16 - INFO - Result: False (introduced 1 new errors)
2025-04-14 01:32:16 - DEBUG - === New errors detail ===
2025-04-14 01:32:16 - DEBUG - New Error 1: line 3, type: other_error, message: unexpected identifier; expected '#guard_msgs', 'abbrev', 'add_decl_doc', 'axiom', 'binder_predicate', 'builtin_dsimproc', 'builtin_dsimproc_decl', 'builtin_initialize', 'builtin_simproc', 'builtin_simproc_decl', 'class', 'declare_simp_like_tactic', 'declare_syntax_cat', 'def', 'dsimproc', 'dsimproc_decl', 'elab', 'elab_rules', 'example', 'inductive', 'infix', 'infixl', 'infixr', 'initialize', 'instance', 'macro', 'macro_rules', 'notation', 'opaque', 'postfix', 'prefix', 'simproc', 'simproc_decl', 'structure', 'syntax', 'theorem' or 'unif_hint'
2025-04-14 01:32:16 - INFO - Testing fragment: rw [pow_succ]
2025-04-14 01:32:16 - INFO - Original error line: theorem amc12a_2021_p7 (x y : ℝ) : 1 ≤ (x * y - 1) ^ 2 + (x + y) ^ 2 := by
2025-04-14 01:32:18 - INFO - Testing fix: Original errors: 5, Fixed errors: 1
2025-04-14 01:32:18 - INFO - Result: False (introduced 1 new errors)
2025-04-14 01:32:18 - DEBUG - === New errors detail ===
2025-04-14 01:32:18 - DEBUG - New Error 1: line 3, type: other_error, message: unexpected identifier; expected '#guard_msgs', 'abbrev', 'add_decl_doc', 'axiom', 'binder_predicate', 'builtin_dsimproc', 'builtin_dsimproc_decl', 'builtin_initialize', 'builtin_simproc', 'builtin_simproc_decl', 'class', 'declare_simp_like_tactic', 'declare_syntax_cat', 'def', 'dsimproc', 'dsimproc_decl', 'elab', 'elab_rules', 'example', 'inductive', 'infix', 'infixl', 'infixr', 'initialize', 'instance', 'macro', 'macro_rules', 'notation', 'opaque', 'postfix', 'prefix', 'simproc', 'simproc_decl', 'structure', 'syntax', 'theorem' or 'unif_hint'
2025-04-14 01:32:18 - INFO - Testing fragment: rw [inv_inv]
2025-04-14 01:32:18 - INFO - Original error line: theorem amc12a_2021_p7 (x y : ℝ) : 1 ≤ (x * y - 1) ^ 2 + (x + y) ^ 2 := by
2025-04-14 01:32:20 - INFO - Testing fix: Original errors: 5, Fixed errors: 1
2025-04-14 01:32:20 - INFO - Result: False (introduced 1 new errors)
2025-04-14 01:32:20 - DEBUG - === New errors detail ===
2025-04-14 01:32:20 - DEBUG - New Error 1: line 3, type: other_error, message: unexpected identifier; expected '#guard_msgs', 'abbrev', 'add_decl_doc', 'axiom', 'binder_predicate', 'builtin_dsimproc', 'builtin_dsimproc_decl', 'builtin_initialize', 'builtin_simproc', 'builtin_simproc_decl', 'class', 'declare_simp_like_tactic', 'declare_syntax_cat', 'def', 'dsimproc', 'dsimproc_decl', 'elab', 'elab_rules', 'example', 'inductive', 'infix', 'infixl', 'infixr', 'initialize', 'instance', 'macro', 'macro_rules', 'notation', 'opaque', 'postfix', 'prefix', 'simproc', 'simproc_decl', 'structure', 'syntax', 'theorem' or 'unif_hint'
2025-04-14 01:32:20 - INFO - Testing fragment: rw [exists_zpow_surjective]
2025-04-14 01:32:20 - INFO - Original error line: theorem amc12a_2021_p7 (x y : ℝ) : 1 ≤ (x * y - 1) ^ 2 + (x + y) ^ 2 := by
2025-04-14 01:32:22 - INFO - Testing fix: Original errors: 5, Fixed errors: 1
2025-04-14 01:32:22 - INFO - Result: False (introduced 1 new errors)
2025-04-14 01:32:22 - DEBUG - === New errors detail ===
2025-04-14 01:32:22 - DEBUG - New Error 1: line 3, type: other_error, message: unexpected identifier; expected '#guard_msgs', 'abbrev', 'add_decl_doc', 'axiom', 'binder_predicate', 'builtin_dsimproc', 'builtin_dsimproc_decl', 'builtin_initialize', 'builtin_simproc', 'builtin_simproc_decl', 'class', 'declare_simp_like_tactic', 'declare_syntax_cat', 'def', 'dsimproc', 'dsimproc_decl', 'elab', 'elab_rules', 'example', 'inductive', 'infix', 'infixl', 'infixr', 'initialize', 'instance', 'macro', 'macro_rules', 'notation', 'opaque', 'postfix', 'prefix', 'simproc', 'simproc_decl', 'structure', 'syntax', 'theorem' or 'unif_hint'
2025-04-14 01:32:22 - INFO - Testing fragment: rw [zpow_eq_pow]
2025-04-14 01:32:22 - INFO - Original error line: theorem amc12a_2021_p7 (x y : ℝ) : 1 ≤ (x * y - 1) ^ 2 + (x + y) ^ 2 := by
2025-04-14 01:32:24 - INFO - Testing fix: Original errors: 5, Fixed errors: 1
2025-04-14 01:32:24 - INFO - Result: False (introduced 1 new errors)
2025-04-14 01:32:24 - DEBUG - === New errors detail ===
2025-04-14 01:32:24 - DEBUG - New Error 1: line 3, type: other_error, message: unexpected identifier; expected '#guard_msgs', 'abbrev', 'add_decl_doc', 'axiom', 'binder_predicate', 'builtin_dsimproc', 'builtin_dsimproc_decl', 'builtin_initialize', 'builtin_simproc', 'builtin_simproc_decl', 'class', 'declare_simp_like_tactic', 'declare_syntax_cat', 'def', 'dsimproc', 'dsimproc_decl', 'elab', 'elab_rules', 'example', 'inductive', 'infix', 'infixl', 'infixr', 'initialize', 'instance', 'macro', 'macro_rules', 'notation', 'opaque', 'postfix', 'prefix', 'simproc', 'simproc_decl', 'structure', 'syntax', 'theorem' or 'unif_hint'
2025-04-14 01:32:24 - INFO - Testing fragment: rw [zpow_zero]
2025-04-14 01:32:24 - INFO - Original error line: theorem amc12a_2021_p7 (x y : ℝ) : 1 ≤ (x * y - 1) ^ 2 + (x + y) ^ 2 := by
2025-04-14 01:32:26 - INFO - Testing fix: Original errors: 5, Fixed errors: 1
2025-04-14 01:32:26 - INFO - Result: False (introduced 1 new errors)
2025-04-14 01:32:26 - DEBUG - === New errors detail ===
2025-04-14 01:32:26 - DEBUG - New Error 1: line 3, type: other_error, message: unexpected identifier; expected '#guard_msgs', 'abbrev', 'add_decl_doc', 'axiom', 'binder_predicate', 'builtin_dsimproc', 'builtin_dsimproc_decl', 'builtin_initialize', 'builtin_simproc', 'builtin_simproc_decl', 'class', 'declare_simp_like_tactic', 'declare_syntax_cat', 'def', 'dsimproc', 'dsimproc_decl', 'elab', 'elab_rules', 'example', 'inductive', 'infix', 'infixl', 'infixr', 'initialize', 'instance', 'macro', 'macro_rules', 'notation', 'opaque', 'postfix', 'prefix', 'simproc', 'simproc_decl', 'structure', 'syntax', 'theorem' or 'unif_hint'
2025-04-14 01:32:26 - INFO - Testing fragment: rw [zpow_natCast]
2025-04-14 01:32:26 - INFO - Original error line: theorem amc12a_2021_p7 (x y : ℝ) : 1 ≤ (x * y - 1) ^ 2 + (x + y) ^ 2 := by
2025-04-14 01:32:28 - INFO - Testing fix: Original errors: 5, Fixed errors: 1
2025-04-14 01:32:28 - INFO - Result: False (introduced 1 new errors)
2025-04-14 01:32:28 - DEBUG - === New errors detail ===
2025-04-14 01:32:28 - DEBUG - New Error 1: line 3, type: other_error, message: unexpected identifier; expected '#guard_msgs', 'abbrev', 'add_decl_doc', 'axiom', 'binder_predicate', 'builtin_dsimproc', 'builtin_dsimproc_decl', 'builtin_initialize', 'builtin_simproc', 'builtin_simproc_decl', 'class', 'declare_simp_like_tactic', 'declare_syntax_cat', 'def', 'dsimproc', 'dsimproc_decl', 'elab', 'elab_rules', 'example', 'inductive', 'infix', 'infixl', 'infixr', 'initialize', 'instance', 'macro', 'macro_rules', 'notation', 'opaque', 'postfix', 'prefix', 'simproc', 'simproc_decl', 'structure', 'syntax', 'theorem' or 'unif_hint'
2025-04-14 01:32:28 - INFO - Testing fragment: rw [zpow_negSucc]
2025-04-14 01:32:28 - INFO - Original error line: theorem amc12a_2021_p7 (x y : ℝ) : 1 ≤ (x * y - 1) ^ 2 + (x + y) ^ 2 := by
2025-04-14 01:32:30 - INFO - Testing fix: Original errors: 5, Fixed errors: 1
2025-04-14 01:32:30 - INFO - Result: False (introduced 1 new errors)
2025-04-14 01:32:30 - DEBUG - === New errors detail ===
2025-04-14 01:32:30 - DEBUG - New Error 1: line 3, type: other_error, message: unexpected identifier; expected '#guard_msgs', 'abbrev', 'add_decl_doc', 'axiom', 'binder_predicate', 'builtin_dsimproc', 'builtin_dsimproc_decl', 'builtin_initialize', 'builtin_simproc', 'builtin_simproc_decl', 'class', 'declare_simp_like_tactic', 'declare_syntax_cat', 'def', 'dsimproc', 'dsimproc_decl', 'elab', 'elab_rules', 'example', 'inductive', 'infix', 'infixl', 'infixr', 'initialize', 'instance', 'macro', 'macro_rules', 'notation', 'opaque', 'postfix', 'prefix', 'simproc', 'simproc_decl', 'structure', 'syntax', 'theorem' or 'unif_hint'
2025-04-14 01:32:30 - INFO - Testing fragment: rw [negSucc_zsmul]
2025-04-14 01:32:30 - INFO - Original error line: theorem amc12a_2021_p7 (x y : ℝ) : 1 ≤ (x * y - 1) ^ 2 + (x + y) ^ 2 := by
2025-04-14 01:32:32 - INFO - Testing fix: Original errors: 5, Fixed errors: 1
2025-04-14 01:32:32 - INFO - Result: False (introduced 1 new errors)
2025-04-14 01:32:32 - DEBUG - === New errors detail ===
2025-04-14 01:32:32 - DEBUG - New Error 1: line 3, type: other_error, message: unexpected identifier; expected '#guard_msgs', 'abbrev', 'add_decl_doc', 'axiom', 'binder_predicate', 'builtin_dsimproc', 'builtin_dsimproc_decl', 'builtin_initialize', 'builtin_simproc', 'builtin_simproc_decl', 'class', 'declare_simp_like_tactic', 'declare_syntax_cat', 'def', 'dsimproc', 'dsimproc_decl', 'elab', 'elab_rules', 'example', 'inductive', 'infix', 'infixl', 'infixr', 'initialize', 'instance', 'macro', 'macro_rules', 'notation', 'opaque', 'postfix', 'prefix', 'simproc', 'simproc_decl', 'structure', 'syntax', 'theorem' or 'unif_hint'
2025-04-14 01:32:32 - INFO - Testing fragment: rw [div_eq_mul_inv]
2025-04-14 01:32:32 - INFO - Original error line: theorem amc12a_2021_p7 (x y : ℝ) : 1 ≤ (x * y - 1) ^ 2 + (x + y) ^ 2 := by
2025-04-14 01:32:34 - INFO - Testing fix: Original errors: 5, Fixed errors: 1
2025-04-14 01:32:34 - INFO - Result: False (introduced 1 new errors)
2025-04-14 01:32:34 - DEBUG - === New errors detail ===
2025-04-14 01:32:34 - DEBUG - New Error 1: line 3, type: other_error, message: unexpected identifier; expected '#guard_msgs', 'abbrev', 'add_decl_doc', 'axiom', 'binder_predicate', 'builtin_dsimproc', 'builtin_dsimproc_decl', 'builtin_initialize', 'builtin_simproc', 'builtin_simproc_decl', 'class', 'declare_simp_like_tactic', 'declare_syntax_cat', 'def', 'dsimproc', 'dsimproc_decl', 'elab', 'elab_rules', 'example', 'inductive', 'infix', 'infixl', 'infixr', 'initialize', 'instance', 'macro', 'macro_rules', 'notation', 'opaque', 'postfix', 'prefix', 'simproc', 'simproc_decl', 'structure', 'syntax', 'theorem' or 'unif_hint'
2025-04-14 01:32:34 - INFO - Testing fragment: rw [inv_eq_one_div]
2025-04-14 01:32:34 - INFO - Original error line: theorem amc12a_2021_p7 (x y : ℝ) : 1 ≤ (x * y - 1) ^ 2 + (x + y) ^ 2 := by
2025-04-14 01:32:36 - INFO - Testing fix: Original errors: 5, Fixed errors: 1
2025-04-14 01:32:36 - INFO - Result: False (introduced 1 new errors)
2025-04-14 01:32:36 - DEBUG - === New errors detail ===
2025-04-14 01:32:36 - DEBUG - New Error 1: line 3, type: other_error, message: unexpected identifier; expected '#guard_msgs', 'abbrev', 'add_decl_doc', 'axiom', 'binder_predicate', 'builtin_dsimproc', 'builtin_dsimproc_decl', 'builtin_initialize', 'builtin_simproc', 'builtin_simproc_decl', 'class', 'declare_simp_like_tactic', 'declare_syntax_cat', 'def', 'dsimproc', 'dsimproc_decl', 'elab', 'elab_rules', 'example', 'inductive', 'infix', 'infixl', 'infixr', 'initialize', 'instance', 'macro', 'macro_rules', 'notation', 'opaque', 'postfix', 'prefix', 'simproc', 'simproc_decl', 'structure', 'syntax', 'theorem' or 'unif_hint'
2025-04-14 01:32:36 - INFO - Testing fragment: rw [mul_div_assoc]
2025-04-14 01:32:36 - INFO - Original error line: theorem amc12a_2021_p7 (x y : ℝ) : 1 ≤ (x * y - 1) ^ 2 + (x + y) ^ 2 := by
2025-04-14 01:32:38 - INFO - Testing fix: Original errors: 5, Fixed errors: 1
2025-04-14 01:32:38 - INFO - Result: False (introduced 1 new errors)
2025-04-14 01:32:38 - DEBUG - === New errors detail ===
2025-04-14 01:32:38 - DEBUG - New Error 1: line 3, type: other_error, message: unexpected identifier; expected '#guard_msgs', 'abbrev', 'add_decl_doc', 'axiom', 'binder_predicate', 'builtin_dsimproc', 'builtin_dsimproc_decl', 'builtin_initialize', 'builtin_simproc', 'builtin_simproc_decl', 'class', 'declare_simp_like_tactic', 'declare_syntax_cat', 'def', 'dsimproc', 'dsimproc_decl', 'elab', 'elab_rules', 'example', 'inductive', 'infix', 'infixl', 'infixr', 'initialize', 'instance', 'macro', 'macro_rules', 'notation', 'opaque', 'postfix', 'prefix', 'simproc', 'simproc_decl', 'structure', 'syntax', 'theorem' or 'unif_hint'
2025-04-14 01:32:38 - INFO - Testing fragment: rw [one_div]
2025-04-14 01:32:38 - INFO - Original error line: theorem amc12a_2021_p7 (x y : ℝ) : 1 ≤ (x * y - 1) ^ 2 + (x + y) ^ 2 := by
2025-04-14 01:32:40 - INFO - Testing fix: Original errors: 5, Fixed errors: 1
2025-04-14 01:32:40 - INFO - Result: False (introduced 1 new errors)
2025-04-14 01:32:40 - DEBUG - === New errors detail ===
2025-04-14 01:32:40 - DEBUG - New Error 1: line 3, type: other_error, message: unexpected identifier; expected '#guard_msgs', 'abbrev', 'add_decl_doc', 'axiom', 'binder_predicate', 'builtin_dsimproc', 'builtin_dsimproc_decl', 'builtin_initialize', 'builtin_simproc', 'builtin_simproc_decl', 'class', 'declare_simp_like_tactic', 'declare_syntax_cat', 'def', 'dsimproc', 'dsimproc_decl', 'elab', 'elab_rules', 'example', 'inductive', 'infix', 'infixl', 'infixr', 'initialize', 'instance', 'macro', 'macro_rules', 'notation', 'opaque', 'postfix', 'prefix', 'simproc', 'simproc_decl', 'structure', 'syntax', 'theorem' or 'unif_hint'
2025-04-14 01:32:40 - INFO - Testing fragment: rw [inv_one]
2025-04-14 01:32:40 - INFO - Original error line: theorem amc12a_2021_p7 (x y : ℝ) : 1 ≤ (x * y - 1) ^ 2 + (x + y) ^ 2 := by
2025-04-14 01:32:42 - INFO - Testing fix: Original errors: 5, Fixed errors: 1
2025-04-14 01:32:42 - INFO - Result: False (introduced 1 new errors)
2025-04-14 01:32:42 - DEBUG - === New errors detail ===
2025-04-14 01:32:42 - DEBUG - New Error 1: line 3, type: other_error, message: unexpected identifier; expected '#guard_msgs', 'abbrev', 'add_decl_doc', 'axiom', 'binder_predicate', 'builtin_dsimproc', 'builtin_dsimproc_decl', 'builtin_initialize', 'builtin_simproc', 'builtin_simproc_decl', 'class', 'declare_simp_like_tactic', 'declare_syntax_cat', 'def', 'dsimproc', 'dsimproc_decl', 'elab', 'elab_rules', 'example', 'inductive', 'infix', 'infixl', 'infixr', 'initialize', 'instance', 'macro', 'macro_rules', 'notation', 'opaque', 'postfix', 'prefix', 'simproc', 'simproc_decl', 'structure', 'syntax', 'theorem' or 'unif_hint'
2025-04-14 01:32:42 - INFO - Testing fragment: rw [mul_inv_rev]
2025-04-14 01:32:42 - INFO - Original error line: theorem amc12a_2021_p7 (x y : ℝ) : 1 ≤ (x * y - 1) ^ 2 + (x + y) ^ 2 := by
2025-04-14 01:32:44 - INFO - Testing fix: Original errors: 5, Fixed errors: 1
2025-04-14 01:32:44 - INFO - Result: False (introduced 1 new errors)
2025-04-14 01:32:44 - DEBUG - === New errors detail ===
2025-04-14 01:32:44 - DEBUG - New Error 1: line 3, type: other_error, message: unexpected identifier; expected '#guard_msgs', 'abbrev', 'add_decl_doc', 'axiom', 'binder_predicate', 'builtin_dsimproc', 'builtin_dsimproc_decl', 'builtin_initialize', 'builtin_simproc', 'builtin_simproc_decl', 'class', 'declare_simp_like_tactic', 'declare_syntax_cat', 'def', 'dsimproc', 'dsimproc_decl', 'elab', 'elab_rules', 'example', 'inductive', 'infix', 'infixl', 'infixr', 'initialize', 'instance', 'macro', 'macro_rules', 'notation', 'opaque', 'postfix', 'prefix', 'simproc', 'simproc_decl', 'structure', 'syntax', 'theorem' or 'unif_hint'
2025-04-14 01:32:44 - INFO - Testing fragment: rw [inv_eq_of_mul_eq_one_right]
2025-04-14 01:32:44 - INFO - Original error line: theorem amc12a_2021_p7 (x y : ℝ) : 1 ≤ (x * y - 1) ^ 2 + (x + y) ^ 2 := by
2025-04-14 01:32:46 - INFO - Testing fix: Original errors: 5, Fixed errors: 1
2025-04-14 01:32:46 - INFO - Result: False (introduced 1 new errors)
2025-04-14 01:32:46 - DEBUG - === New errors detail ===
2025-04-14 01:32:46 - DEBUG - New Error 1: line 3, type: other_error, message: unexpected identifier; expected '#guard_msgs', 'abbrev', 'add_decl_doc', 'axiom', 'binder_predicate', 'builtin_dsimproc', 'builtin_dsimproc_decl', 'builtin_initialize', 'builtin_simproc', 'builtin_simproc_decl', 'class', 'declare_simp_like_tactic', 'declare_syntax_cat', 'def', 'dsimproc', 'dsimproc_decl', 'elab', 'elab_rules', 'example', 'inductive', 'infix', 'infixl', 'infixr', 'initialize', 'instance', 'macro', 'macro_rules', 'notation', 'opaque', 'postfix', 'prefix', 'simproc', 'simproc_decl', 'structure', 'syntax', 'theorem' or 'unif_hint'
2025-04-14 01:32:46 - INFO - Testing fragment: rw [inv_eq_of_mul_eq_one_left]
2025-04-14 01:32:46 - INFO - Original error line: theorem amc12a_2021_p7 (x y : ℝ) : 1 ≤ (x * y - 1) ^ 2 + (x + y) ^ 2 := by
2025-04-14 01:32:48 - INFO - Testing fix: Original errors: 5, Fixed errors: 1
2025-04-14 01:32:48 - INFO - Result: False (introduced 1 new errors)
2025-04-14 01:32:48 - DEBUG - === New errors detail ===
2025-04-14 01:32:48 - DEBUG - New Error 1: line 3, type: other_error, message: unexpected identifier; expected '#guard_msgs', 'abbrev', 'add_decl_doc', 'axiom', 'binder_predicate', 'builtin_dsimproc', 'builtin_dsimproc_decl', 'builtin_initialize', 'builtin_simproc', 'builtin_simproc_decl', 'class', 'declare_simp_like_tactic', 'declare_syntax_cat', 'def', 'dsimproc', 'dsimproc_decl', 'elab', 'elab_rules', 'example', 'inductive', 'infix', 'infixl', 'infixr', 'initialize', 'instance', 'macro', 'macro_rules', 'notation', 'opaque', 'postfix', 'prefix', 'simproc', 'simproc_decl', 'structure', 'syntax', 'theorem' or 'unif_hint'
2025-04-14 01:32:48 - INFO - Testing fragment: rw [eq_inv_of_mul_eq_one_left]
2025-04-14 01:32:48 - INFO - Original error line: theorem amc12a_2021_p7 (x y : ℝ) : 1 ≤ (x * y - 1) ^ 2 + (x + y) ^ 2 := by
2025-04-14 01:32:50 - INFO - Testing fix: Original errors: 5, Fixed errors: 1
2025-04-14 01:32:50 - INFO - Result: False (introduced 1 new errors)
2025-04-14 01:32:50 - DEBUG - === New errors detail ===
2025-04-14 01:32:50 - DEBUG - New Error 1: line 3, type: other_error, message: unexpected identifier; expected '#guard_msgs', 'abbrev', 'add_decl_doc', 'axiom', 'binder_predicate', 'builtin_dsimproc', 'builtin_dsimproc_decl', 'builtin_initialize', 'builtin_simproc', 'builtin_simproc_decl', 'class', 'declare_simp_like_tactic', 'declare_syntax_cat', 'def', 'dsimproc', 'dsimproc_decl', 'elab', 'elab_rules', 'example', 'inductive', 'infix', 'infixl', 'infixr', 'initialize', 'instance', 'macro', 'macro_rules', 'notation', 'opaque', 'postfix', 'prefix', 'simproc', 'simproc_decl', 'structure', 'syntax', 'theorem' or 'unif_hint'
2025-04-14 01:32:50 - INFO - Testing fragment: rw [inv_mul_cancel]
2025-04-14 01:32:50 - INFO - Original error line: theorem amc12a_2021_p7 (x y : ℝ) : 1 ≤ (x * y - 1) ^ 2 + (x + y) ^ 2 := by
2025-04-14 01:32:52 - INFO - Testing fix: Original errors: 5, Fixed errors: 1
2025-04-14 01:32:52 - INFO - Result: False (introduced 1 new errors)
2025-04-14 01:32:52 - DEBUG - === New errors detail ===
2025-04-14 01:32:52 - DEBUG - New Error 1: line 3, type: other_error, message: unexpected identifier; expected '#guard_msgs', 'abbrev', 'add_decl_doc', 'axiom', 'binder_predicate', 'builtin_dsimproc', 'builtin_dsimproc_decl', 'builtin_initialize', 'builtin_simproc', 'builtin_simproc_decl', 'class', 'declare_simp_like_tactic', 'declare_syntax_cat', 'def', 'dsimproc', 'dsimproc_decl', 'elab', 'elab_rules', 'example', 'inductive', 'infix', 'infixl', 'infixr', 'initialize', 'instance', 'macro', 'macro_rules', 'notation', 'opaque', 'postfix', 'prefix', 'simproc', 'simproc_decl', 'structure', 'syntax', 'theorem' or 'unif_hint'
2025-04-14 01:32:52 - INFO - Testing fragment: rw [inv_eq_of_mul]
2025-04-14 01:32:52 - INFO - Original error line: theorem amc12a_2021_p7 (x y : ℝ) : 1 ≤ (x * y - 1) ^ 2 + (x + y) ^ 2 := by
2025-04-14 01:32:54 - INFO - Testing fix: Original errors: 5, Fixed errors: 1
2025-04-14 01:32:54 - INFO - Result: False (introduced 1 new errors)
2025-04-14 01:32:54 - DEBUG - === New errors detail ===
2025-04-14 01:32:54 - DEBUG - New Error 1: line 3, type: other_error, message: unexpected identifier; expected '#guard_msgs', 'abbrev', 'add_decl_doc', 'axiom', 'binder_predicate', 'builtin_dsimproc', 'builtin_dsimproc_decl', 'builtin_initialize', 'builtin_simproc', 'builtin_simproc_decl', 'class', 'declare_simp_like_tactic', 'declare_syntax_cat', 'def', 'dsimproc', 'dsimproc_decl', 'elab', 'elab_rules', 'example', 'inductive', 'infix', 'infixl', 'infixr', 'initialize', 'instance', 'macro', 'macro_rules', 'notation', 'opaque', 'postfix', 'prefix', 'simproc', 'simproc_decl', 'structure', 'syntax', 'theorem' or 'unif_hint'
2025-04-14 01:32:54 - INFO - Testing fragment: rw [mul_inv_cancel]
2025-04-14 01:32:54 - INFO - Original error line: theorem amc12a_2021_p7 (x y : ℝ) : 1 ≤ (x * y - 1) ^ 2 + (x + y) ^ 2 := by
2025-04-14 01:32:56 - INFO - Testing fix: Original errors: 5, Fixed errors: 1
2025-04-14 01:32:56 - INFO - Result: False (introduced 1 new errors)
2025-04-14 01:32:56 - DEBUG - === New errors detail ===
2025-04-14 01:32:56 - DEBUG - New Error 1: line 3, type: other_error, message: unexpected identifier; expected '#guard_msgs', 'abbrev', 'add_decl_doc', 'axiom', 'binder_predicate', 'builtin_dsimproc', 'builtin_dsimproc_decl', 'builtin_initialize', 'builtin_simproc', 'builtin_simproc_decl', 'class', 'declare_simp_like_tactic', 'declare_syntax_cat', 'def', 'dsimproc', 'dsimproc_decl', 'elab', 'elab_rules', 'example', 'inductive', 'infix', 'infixl', 'infixr', 'initialize', 'instance', 'macro', 'macro_rules', 'notation', 'opaque', 'postfix', 'prefix', 'simproc', 'simproc_decl', 'structure', 'syntax', 'theorem' or 'unif_hint'
2025-04-14 01:32:56 - INFO - Testing fragment: rw [div_self']
2025-04-14 01:32:56 - INFO - Original error line: theorem amc12a_2021_p7 (x y : ℝ) : 1 ≤ (x * y - 1) ^ 2 + (x + y) ^ 2 := by
2025-04-14 01:32:58 - INFO - Testing fix: Original errors: 5, Fixed errors: 1
2025-04-14 01:32:58 - INFO - Result: False (introduced 1 new errors)
2025-04-14 01:32:58 - DEBUG - === New errors detail ===
2025-04-14 01:32:58 - DEBUG - New Error 1: line 3, type: other_error, message: unexpected identifier; expected '#guard_msgs', 'abbrev', 'add_decl_doc', 'axiom', 'binder_predicate', 'builtin_dsimproc', 'builtin_dsimproc_decl', 'builtin_initialize', 'builtin_simproc', 'builtin_simproc_decl', 'class', 'declare_simp_like_tactic', 'declare_syntax_cat', 'def', 'dsimproc', 'dsimproc_decl', 'elab', 'elab_rules', 'example', 'inductive', 'infix', 'infixl', 'infixr', 'initialize', 'instance', 'macro', 'macro_rules', 'notation', 'opaque', 'postfix', 'prefix', 'simproc', 'simproc_decl', 'structure', 'syntax', 'theorem' or 'unif_hint'
2025-04-14 01:32:58 - INFO - Testing fragment: rw [inv_mul_cancel_left]
2025-04-14 01:32:58 - INFO - Original error line: theorem amc12a_2021_p7 (x y : ℝ) : 1 ≤ (x * y - 1) ^ 2 + (x + y) ^ 2 := by
2025-04-14 01:33:00 - INFO - Testing fix: Original errors: 5, Fixed errors: 1
2025-04-14 01:33:00 - INFO - Result: False (introduced 1 new errors)
2025-04-14 01:33:00 - DEBUG - === New errors detail ===
2025-04-14 01:33:00 - DEBUG - New Error 1: line 3, type: other_error, message: unexpected identifier; expected '#guard_msgs', 'abbrev', 'add_decl_doc', 'axiom', 'binder_predicate', 'builtin_dsimproc', 'builtin_dsimproc_decl', 'builtin_initialize', 'builtin_simproc', 'builtin_simproc_decl', 'class', 'declare_simp_like_tactic', 'declare_syntax_cat', 'def', 'dsimproc', 'dsimproc_decl', 'elab', 'elab_rules', 'example', 'inductive', 'infix', 'infixl', 'infixr', 'initialize', 'instance', 'macro', 'macro_rules', 'notation', 'opaque', 'postfix', 'prefix', 'simproc', 'simproc_decl', 'structure', 'syntax', 'theorem' or 'unif_hint'
2025-04-14 01:33:00 - INFO - Testing fragment: rw [mul_inv_cancel_left]
2025-04-14 01:33:00 - INFO - Original error line: theorem amc12a_2021_p7 (x y : ℝ) : 1 ≤ (x * y - 1) ^ 2 + (x + y) ^ 2 := by
2025-04-14 01:33:02 - INFO - Testing fix: Original errors: 5, Fixed errors: 1
2025-04-14 01:33:02 - INFO - Result: False (introduced 1 new errors)
2025-04-14 01:33:02 - DEBUG - === New errors detail ===
2025-04-14 01:33:02 - DEBUG - New Error 1: line 3, type: other_error, message: unexpected identifier; expected '#guard_msgs', 'abbrev', 'add_decl_doc', 'axiom', 'binder_predicate', 'builtin_dsimproc', 'builtin_dsimproc_decl', 'builtin_initialize', 'builtin_simproc', 'builtin_simproc_decl', 'class', 'declare_simp_like_tactic', 'declare_syntax_cat', 'def', 'dsimproc', 'dsimproc_decl', 'elab', 'elab_rules', 'example', 'inductive', 'infix', 'infixl', 'infixr', 'initialize', 'instance', 'macro', 'macro_rules', 'notation', 'opaque', 'postfix', 'prefix', 'simproc', 'simproc_decl', 'structure', 'syntax', 'theorem' or 'unif_hint'
2025-04-14 01:33:02 - INFO - Testing fragment: rw [mul_inv_cancel_right]
2025-04-14 01:33:02 - INFO - Original error line: theorem amc12a_2021_p7 (x y : ℝ) : 1 ≤ (x * y - 1) ^ 2 + (x + y) ^ 2 := by
2025-04-14 01:33:04 - INFO - Testing fix: Original errors: 5, Fixed errors: 1
2025-04-14 01:33:04 - INFO - Result: False (introduced 1 new errors)
2025-04-14 01:33:04 - DEBUG - === New errors detail ===
2025-04-14 01:33:04 - DEBUG - New Error 1: line 3, type: other_error, message: unexpected identifier; expected '#guard_msgs', 'abbrev', 'add_decl_doc', 'axiom', 'binder_predicate', 'builtin_dsimproc', 'builtin_dsimproc_decl', 'builtin_initialize', 'builtin_simproc', 'builtin_simproc_decl', 'class', 'declare_simp_like_tactic', 'declare_syntax_cat', 'def', 'dsimproc', 'dsimproc_decl', 'elab', 'elab_rules', 'example', 'inductive', 'infix', 'infixl', 'infixr', 'initialize', 'instance', 'macro', 'macro_rules', 'notation', 'opaque', 'postfix', 'prefix', 'simproc', 'simproc_decl', 'structure', 'syntax', 'theorem' or 'unif_hint'
2025-04-14 01:33:04 - INFO - Testing fragment: rw [mul_div_cancel_right]
2025-04-14 01:33:04 - INFO - Original error line: theorem amc12a_2021_p7 (x y : ℝ) : 1 ≤ (x * y - 1) ^ 2 + (x + y) ^ 2 := by
2025-04-14 01:33:06 - INFO - Testing fix: Original errors: 5, Fixed errors: 1
2025-04-14 01:33:06 - INFO - Result: False (introduced 1 new errors)
2025-04-14 01:33:06 - DEBUG - === New errors detail ===
2025-04-14 01:33:06 - DEBUG - New Error 1: line 3, type: other_error, message: unexpected identifier; expected '#guard_msgs', 'abbrev', 'add_decl_doc', 'axiom', 'binder_predicate', 'builtin_dsimproc', 'builtin_dsimproc_decl', 'builtin_initialize', 'builtin_simproc', 'builtin_simproc_decl', 'class', 'declare_simp_like_tactic', 'declare_syntax_cat', 'def', 'dsimproc', 'dsimproc_decl', 'elab', 'elab_rules', 'example', 'inductive', 'infix', 'infixl', 'infixr', 'initialize', 'instance', 'macro', 'macro_rules', 'notation', 'opaque', 'postfix', 'prefix', 'simproc', 'simproc_decl', 'structure', 'syntax', 'theorem' or 'unif_hint'
2025-04-14 01:33:06 - INFO - Testing fragment: rw [inv_mul_cancel_right]
2025-04-14 01:33:06 - INFO - Original error line: theorem amc12a_2021_p7 (x y : ℝ) : 1 ≤ (x * y - 1) ^ 2 + (x + y) ^ 2 := by
2025-04-14 01:33:08 - INFO - Testing fix: Original errors: 5, Fixed errors: 1
2025-04-14 01:33:08 - INFO - Result: False (introduced 1 new errors)
2025-04-14 01:33:08 - DEBUG - === New errors detail ===
2025-04-14 01:33:08 - DEBUG - New Error 1: line 3, type: other_error, message: unexpected identifier; expected '#guard_msgs', 'abbrev', 'add_decl_doc', 'axiom', 'binder_predicate', 'builtin_dsimproc', 'builtin_dsimproc_decl', 'builtin_initialize', 'builtin_simproc', 'builtin_simproc_decl', 'class', 'declare_simp_like_tactic', 'declare_syntax_cat', 'def', 'dsimproc', 'dsimproc_decl', 'elab', 'elab_rules', 'example', 'inductive', 'infix', 'infixl', 'infixr', 'initialize', 'instance', 'macro', 'macro_rules', 'notation', 'opaque', 'postfix', 'prefix', 'simproc', 'simproc_decl', 'structure', 'syntax', 'theorem' or 'unif_hint'
2025-04-14 01:33:08 - INFO - Testing fragment: rw [div_mul_cancel]
2025-04-14 01:33:08 - INFO - Original error line: theorem amc12a_2021_p7 (x y : ℝ) : 1 ≤ (x * y - 1) ^ 2 + (x + y) ^ 2 := by
