2025-04-14 01:23:43 - INFO - Log file initialized at 2025-04-14T01:23:43.263282
2025-04-14 01:23:43 - INFO - ===== LOG FILE LOCATION =====
2025-04-14 01:23:43 - INFO - Detailed log file created at: /data/coding/minif2f/lean_fixed/79.log
2025-04-14 01:23:43 - INFO - ===============================
2025-04-14 01:23:43 - INFO - Original code:
2025-04-14 01:23:43 - INFO - ----------------------------------------
2025-04-14 01:23:43 - INFO - import Mathlib
import Aesop

set_option maxHeartbeats 0  -- Disable heartbeat limit to prevent timeout during computation

open BigOperators Real Nat Topology Rat

/-- 
Find the remainder of 2^8 when it is divided by 5. Show that it is 1.
This is a straightforward computation, but we'll prove it using modular arithmetic properties.
-/
theorem mathd_numbertheory_102 : 2 ^ 8 % 5 = 1 := by
  -- First approach: Direct computation
  -- We could simply compute 2^8 = 256 and then 256 % 5 = 1
  -- But let's prove it more formally using properties of exponents and moduli

  -- Step 1: Rewrite 2^8 as (2^4)^2 to simplify the computation
  have h1 : 2^8 = (2^4)^2 := by rw [← pow_mul, mul_comm, pow_mul]
  
  -- Step 2: Compute 2^4 = 16
  have h2 : 2^4 = 16 := by norm_num
  
  -- Step 3: Compute 16 mod 5 = 1 (since 16 = 3*5 + 1)
  have h3 : 16 % 5 = 1 := by norm_num
  
  -- Step 4: Substitute back to show (2^4)^2 mod 5 = 16^2 mod 5
  have h4 : (2^4)^2 % 5 = 16^2 % 5 := by rw [h2]
  
  -- Step 5: Use the property that (a mod m)^n mod m = a^n mod m
  -- So 16^2 mod 5 = (16 mod 5)^2 mod 5 = 1^2 mod 5 = 1 mod 5
  have h5 : 16^2 % 5 = (16 % 5)^2 % 5 := by rw [pow_mod]
  
  -- Step 6: Substitute h3 into h5
  have h6 : (16 % 5)^2 % 5 = 1^2 % 5 := by rw [h3]
  
  -- Step 7: Compute 1^2 % 5 = 1
  have h7 : 1^2 % 5 = 1 := by norm_num
  
  -- Step 8: Chain all the equalities together
  rw [h1, h4, h5, h6, h7]
  
  -- Alternative one-line proof using norm_num which can handle this computation directly
  -- by norm_num
2025-04-14 01:23:43 - INFO - ----------------------------------------
2025-04-14 01:23:43 - INFO - 
Checking original code for all errors...
2025-04-14 01:23:49 - INFO - Original code contains 1 errors:
2025-04-14 01:23:49 - INFO - Error 1: line 11, type: other_error, message: unsolved goals
⊢ 2 ^ 8 = (2 ^ 2) ^ 4...
2025-04-14 01:23:49 - INFO - 
Starting multi-error continuous repair process...
2025-04-14 01:23:49 - INFO - 
===== Starting to fix all errors =====
2025-04-14 01:23:50 - INFO - 
Found 1 original errors:
2025-04-14 01:23:50 - INFO - Error 1: line 11, type: other_error, message: unsolved goals
⊢ 2 ^ 8 = (2 ^ 2) ^ 4...
2025-04-14 01:23:50 - INFO - 
Trying to fix error 1/1: line 11, type: other_error
2025-04-14 01:23:50 - INFO - Error message: unsolved goals
⊢ 2 ^ 8 = (2 ^ 2) ^ 4...
2025-04-14 01:23:50 - INFO - Removed header content, remaining 36 lines of code
2025-04-14 01:23:50 - INFO - Using specified target error line: 11
2025-04-14 01:23:51 - INFO - Found error at specified line: unsolved goals
⊢ 2 ^ 8 = (2 ^ 2) ^ 4
2025-04-14 01:23:51 - INFO - Error at line 11: unsolved goals
⊢ 2 ^ 8 = (2 ^ 2) ^ 4
2025-04-14 01:23:51 - INFO - 
==================================================
2025-04-14 01:23:51 - INFO - Code prepared, starting synthesis
2025-04-14 01:23:51 - INFO - Before part: /-- 
Find the remainder of 2^8 when it is divided by 5. Show that it is 1.
This is a straightforward computation, but we'll prove it using modular arithmetic properties.
-/
theorem mathd_numbertheory_102 : 2 ^ 8 % 5 = 1 := by
  -- First approach: Direct computation
  -- We could simply compute 2^8 = 256 and then 256 % 5 = 1
  -- But let's prove it more formally using properties of exponents and moduli

  -- Step 1: Rewrite 2^8 as (2^4)^2 to simplify the computation
2025-04-14 01:23:51 - INFO - Error line:   have h1 : 2^8 = (2^4)^2 := by rw [← pow_mul, mul_comm, pow_mul]
2025-04-14 01:23:51 - INFO - After part: -- Step 2: Compute 2^4 = 16
  have h2 : 2^4 = 16 := by norm_num
  
  -- Step 3: Compute 16 mod 5 = 1 (since 16 = 3*5 + 1)
  have h3 : 16 % 5 = 1 := by norm_num
  
  -- Step 4: Substitute back to show (2^4)^2 mod 5 = 16^2 mod 5
  have h4 : (2^4)^2 % 5 = 16^2 % 5 := by rw [h2]
  
  -- Step 5: Use the property that (a mod m)^n mod m = a^n mod m
  -- So 16^2 mod 5 = (16 mod 5)^2 mod 5 = 1^2 mod 5 = 1 mod 5
  have h5 : 16^2 % 5 = (16 % 5)^2 % 5 := by rw [pow_mod]
  
  -- Step 6: Substitute h3 into h5
  have h6 : (16 % 5)^2 % 5 = 1^2 % 5 := by rw [h3]
  
  -- Step 7: Compute 1^2 % 5 = 1
  have h7 : 1^2 % 5 = 1 := by norm_num
  
  -- Step 8: Chain all the equalities together
  rw [h1, h4, h5, h6, h7]
  
  -- Alternative one-line proof using norm_num which can handle this computation directly
  -- by norm_num
2025-04-14 01:23:51 - INFO - ==================================================

2025-04-14 01:23:52 - INFO - Testing fragment: rw [left_distrib]
2025-04-14 01:23:52 - INFO - Original error line:   have h1 : 2^8 = (2^4)^2 := by rw [← pow_mul, mul_comm, pow_mul]
2025-04-14 01:23:54 - INFO - Testing fix: Original errors: 1, Fixed errors: 1
2025-04-14 01:23:54 - INFO - Result: False (introduced 1 new errors)
2025-04-14 01:23:54 - DEBUG - === New errors detail ===
2025-04-14 01:23:54 - DEBUG - New Error 1: line 11, type: rewrite_failed, message: tactic 'rewrite' failed, did not find instance of the pattern in the target expression
  ?a * (?b + ?c)
⊢ 2 ^ 8 = (2 ^ 4) ^ 2
2025-04-14 01:23:54 - INFO - Testing fragment: rw [right_distrib]
2025-04-14 01:23:54 - INFO - Original error line:   have h1 : 2^8 = (2^4)^2 := by rw [← pow_mul, mul_comm, pow_mul]
2025-04-14 01:23:56 - INFO - Testing fix: Original errors: 1, Fixed errors: 1
2025-04-14 01:23:56 - INFO - Result: False (introduced 1 new errors)
2025-04-14 01:23:56 - DEBUG - === New errors detail ===
2025-04-14 01:23:56 - DEBUG - New Error 1: line 11, type: rewrite_failed, message: tactic 'rewrite' failed, did not find instance of the pattern in the target expression
  (?a + ?b) * ?c
⊢ 2 ^ 8 = (2 ^ 4) ^ 2
2025-04-14 01:23:56 - INFO - Testing fragment: rw [distrib_three_right]
2025-04-14 01:23:56 - INFO - Original error line:   have h1 : 2^8 = (2^4)^2 := by rw [← pow_mul, mul_comm, pow_mul]
2025-04-14 01:23:58 - INFO - Testing fix: Original errors: 1, Fixed errors: 1
2025-04-14 01:23:58 - INFO - Result: False (introduced 1 new errors)
2025-04-14 01:23:58 - DEBUG - === New errors detail ===
2025-04-14 01:23:58 - DEBUG - New Error 1: line 11, type: rewrite_failed, message: tactic 'rewrite' failed, did not find instance of the pattern in the target expression
  (?a + ?b + ?c) * ?d
⊢ 2 ^ 8 = (2 ^ 4) ^ 2
2025-04-14 01:23:58 - INFO - Testing fragment: rw [add_one_mul]
2025-04-14 01:23:58 - INFO - Original error line:   have h1 : 2^8 = (2^4)^2 := by rw [← pow_mul, mul_comm, pow_mul]
2025-04-14 01:24:00 - INFO - Testing fix: Original errors: 1, Fixed errors: 1
2025-04-14 01:24:00 - INFO - Result: False (introduced 1 new errors)
2025-04-14 01:24:00 - DEBUG - === New errors detail ===
2025-04-14 01:24:00 - DEBUG - New Error 1: line 11, type: rewrite_failed, message: tactic 'rewrite' failed, did not find instance of the pattern in the target expression
  (?a + 1) * ?b
⊢ 2 ^ 8 = (2 ^ 4) ^ 2
2025-04-14 01:24:00 - INFO - Testing fragment: rw [mul_add_one]
2025-04-14 01:24:00 - INFO - Original error line:   have h1 : 2^8 = (2^4)^2 := by rw [← pow_mul, mul_comm, pow_mul]
2025-04-14 01:24:02 - INFO - Testing fix: Original errors: 1, Fixed errors: 1
2025-04-14 01:24:02 - INFO - Result: False (introduced 1 new errors)
2025-04-14 01:24:02 - DEBUG - === New errors detail ===
2025-04-14 01:24:02 - DEBUG - New Error 1: line 11, type: rewrite_failed, message: tactic 'rewrite' failed, did not find instance of the pattern in the target expression
  ?a * (?b + 1)
⊢ 2 ^ 8 = (2 ^ 4) ^ 2
2025-04-14 01:24:02 - INFO - Testing fragment: rw [one_add_mul]
2025-04-14 01:24:02 - INFO - Original error line:   have h1 : 2^8 = (2^4)^2 := by rw [← pow_mul, mul_comm, pow_mul]
2025-04-14 01:24:04 - INFO - Testing fix: Original errors: 1, Fixed errors: 1
2025-04-14 01:24:04 - INFO - Result: False (introduced 1 new errors)
2025-04-14 01:24:04 - DEBUG - === New errors detail ===
2025-04-14 01:24:04 - DEBUG - New Error 1: line 11, type: rewrite_failed, message: tactic 'rewrite' failed, did not find instance of the pattern in the target expression
  (1 + ?a) * ?b
⊢ 2 ^ 8 = (2 ^ 4) ^ 2
2025-04-14 01:24:04 - INFO - Testing fragment: rw [mul_one_add]
2025-04-14 01:24:04 - INFO - Original error line:   have h1 : 2^8 = (2^4)^2 := by rw [← pow_mul, mul_comm, pow_mul]
2025-04-14 01:24:06 - INFO - Testing fix: Original errors: 1, Fixed errors: 1
2025-04-14 01:24:06 - INFO - Result: False (introduced 1 new errors)
2025-04-14 01:24:06 - DEBUG - === New errors detail ===
2025-04-14 01:24:06 - DEBUG - New Error 1: line 11, type: rewrite_failed, message: tactic 'rewrite' failed, did not find instance of the pattern in the target expression
  ?a * (1 + ?b)
⊢ 2 ^ 8 = (2 ^ 4) ^ 2
2025-04-14 01:24:06 - INFO - Testing fragment: rw [two_mul]
2025-04-14 01:24:06 - INFO - Original error line:   have h1 : 2^8 = (2^4)^2 := by rw [← pow_mul, mul_comm, pow_mul]
2025-04-14 01:24:08 - INFO - Testing fix: Original errors: 1, Fixed errors: 1
2025-04-14 01:24:08 - INFO - Result: False (introduced 1 new errors)
2025-04-14 01:24:08 - DEBUG - === New errors detail ===
2025-04-14 01:24:08 - DEBUG - New Error 1: line 11, type: rewrite_failed, message: tactic 'rewrite' failed, did not find instance of the pattern in the target expression
  2 * ?n
⊢ 2 ^ 8 = (2 ^ 4) ^ 2
2025-04-14 01:24:08 - INFO - Testing fragment: rw [mul_two]
2025-04-14 01:24:08 - INFO - Original error line:   have h1 : 2^8 = (2^4)^2 := by rw [← pow_mul, mul_comm, pow_mul]
2025-04-14 01:24:10 - INFO - Testing fix: Original errors: 1, Fixed errors: 1
2025-04-14 01:24:10 - INFO - Result: False (introduced 1 new errors)
2025-04-14 01:24:10 - DEBUG - === New errors detail ===
2025-04-14 01:24:10 - DEBUG - New Error 1: line 11, type: rewrite_failed, message: tactic 'rewrite' failed, did not find instance of the pattern in the target expression
  ?n * 2
⊢ 2 ^ 8 = (2 ^ 4) ^ 2
2025-04-14 01:24:10 - INFO - Testing fragment: rw [mul_boole]
2025-04-14 01:24:10 - INFO - Original error line:   have h1 : 2^8 = (2^4)^2 := by rw [← pow_mul, mul_comm, pow_mul]
2025-04-14 01:24:12 - INFO - Testing fix: Original errors: 1, Fixed errors: 1
2025-04-14 01:24:12 - INFO - Result: False (introduced 1 new errors)
2025-04-14 01:24:12 - DEBUG - === New errors detail ===
2025-04-14 01:24:12 - DEBUG - New Error 1: line 11, type: rewrite_failed, message: tactic 'rewrite' failed, did not find instance of the pattern in the target expression
  ?a * if ?P then 1 else 0
⊢ 2 ^ 8 = (2 ^ 4) ^ 2
2025-04-14 01:24:12 - INFO - Testing fragment: rw [boole_mul]
2025-04-14 01:24:12 - INFO - Original error line:   have h1 : 2^8 = (2^4)^2 := by rw [← pow_mul, mul_comm, pow_mul]
2025-04-14 01:24:14 - INFO - Testing fix: Original errors: 1, Fixed errors: 1
2025-04-14 01:24:14 - INFO - Result: False (introduced 1 new errors)
2025-04-14 01:24:14 - DEBUG - === New errors detail ===
2025-04-14 01:24:14 - DEBUG - New Error 1: line 11, type: rewrite_failed, message: tactic 'rewrite' failed, did not find instance of the pattern in the target expression
  (if ?P then 1 else 0) * ?a
⊢ 2 ^ 8 = (2 ^ 4) ^ 2
2025-04-14 01:24:14 - INFO - Testing fragment: rw [add_mul_self_eq]
2025-04-14 01:24:14 - INFO - Original error line:   have h1 : 2^8 = (2^4)^2 := by rw [← pow_mul, mul_comm, pow_mul]
2025-04-14 01:24:16 - INFO - Testing fix: Original errors: 1, Fixed errors: 1
2025-04-14 01:24:16 - INFO - Result: False (introduced 1 new errors)
2025-04-14 01:24:16 - DEBUG - === New errors detail ===
2025-04-14 01:24:16 - DEBUG - New Error 1: line 11, type: rewrite_failed, message: tactic 'rewrite' failed, did not find instance of the pattern in the target expression
  (?a + ?b) * (?a + ?b)
⊢ 2 ^ 8 = (2 ^ 4) ^ 2
2025-04-14 01:24:16 - INFO - Testing fragment: rw [neg_mul]
2025-04-14 01:24:16 - INFO - Original error line:   have h1 : 2^8 = (2^4)^2 := by rw [← pow_mul, mul_comm, pow_mul]
2025-04-14 01:24:18 - INFO - Testing fix: Original errors: 1, Fixed errors: 1
2025-04-14 01:24:18 - INFO - Result: False (introduced 1 new errors)
2025-04-14 01:24:18 - DEBUG - === New errors detail ===
2025-04-14 01:24:18 - DEBUG - New Error 1: line 11, type: rewrite_failed, message: tactic 'rewrite' failed, did not find instance of the pattern in the target expression
  -?a * ?b
⊢ 2 ^ 8 = (2 ^ 4) ^ 2
2025-04-14 01:24:18 - INFO - Testing fragment: rw [mul_neg]
2025-04-14 01:24:18 - INFO - Original error line:   have h1 : 2^8 = (2^4)^2 := by rw [← pow_mul, mul_comm, pow_mul]
2025-04-14 01:24:20 - INFO - Testing fix: Original errors: 1, Fixed errors: 1
2025-04-14 01:24:20 - INFO - Result: False (introduced 1 new errors)
2025-04-14 01:24:20 - DEBUG - === New errors detail ===
2025-04-14 01:24:20 - DEBUG - New Error 1: line 11, type: rewrite_failed, message: tactic 'rewrite' failed, did not find instance of the pattern in the target expression
  ?a * -?b
⊢ 2 ^ 8 = (2 ^ 4) ^ 2
2025-04-14 01:24:20 - INFO - Testing fragment: rw [neg_mul_neg]
2025-04-14 01:24:20 - INFO - Original error line:   have h1 : 2^8 = (2^4)^2 := by rw [← pow_mul, mul_comm, pow_mul]
2025-04-14 01:24:22 - INFO - Testing fix: Original errors: 1, Fixed errors: 1
2025-04-14 01:24:22 - INFO - Result: False (introduced 1 new errors)
2025-04-14 01:24:22 - DEBUG - === New errors detail ===
2025-04-14 01:24:22 - DEBUG - New Error 1: line 11, type: rewrite_failed, message: tactic 'rewrite' failed, did not find instance of the pattern in the target expression
  -?a * -?b
⊢ 2 ^ 8 = (2 ^ 4) ^ 2
2025-04-14 01:24:22 - INFO - Testing fragment: rw [neg_mul_eq_neg_mul]
2025-04-14 01:24:22 - INFO - Original error line:   have h1 : 2^8 = (2^4)^2 := by rw [← pow_mul, mul_comm, pow_mul]
2025-04-14 01:24:24 - INFO - Testing fix: Original errors: 1, Fixed errors: 1
2025-04-14 01:24:24 - INFO - Result: False (introduced 1 new errors)
2025-04-14 01:24:24 - DEBUG - === New errors detail ===
2025-04-14 01:24:24 - DEBUG - New Error 1: line 11, type: rewrite_failed, message: tactic 'rewrite' failed, did not find instance of the pattern in the target expression
  -(?a * ?b)
⊢ 2 ^ 8 = (2 ^ 4) ^ 2
2025-04-14 01:24:24 - INFO - Testing fragment: rw [neg_mul_eq_mul_neg]
2025-04-14 01:24:24 - INFO - Original error line:   have h1 : 2^8 = (2^4)^2 := by rw [← pow_mul, mul_comm, pow_mul]
2025-04-14 01:24:26 - INFO - Testing fix: Original errors: 1, Fixed errors: 1
2025-04-14 01:24:26 - INFO - Result: False (introduced 1 new errors)
2025-04-14 01:24:26 - DEBUG - === New errors detail ===
2025-04-14 01:24:26 - DEBUG - New Error 1: line 11, type: rewrite_failed, message: tactic 'rewrite' failed, did not find instance of the pattern in the target expression
  -(?a * ?b)
⊢ 2 ^ 8 = (2 ^ 4) ^ 2
2025-04-14 01:24:26 - INFO - Testing fragment: rw [neg_mul_comm]
2025-04-14 01:24:26 - INFO - Original error line:   have h1 : 2^8 = (2^4)^2 := by rw [← pow_mul, mul_comm, pow_mul]
2025-04-14 01:24:28 - INFO - Testing fix: Original errors: 1, Fixed errors: 1
2025-04-14 01:24:28 - INFO - Result: False (introduced 1 new errors)
2025-04-14 01:24:28 - DEBUG - === New errors detail ===
2025-04-14 01:24:28 - DEBUG - New Error 1: line 11, type: rewrite_failed, message: tactic 'rewrite' failed, did not find instance of the pattern in the target expression
  -?a * ?b
⊢ 2 ^ 8 = (2 ^ 4) ^ 2
2025-04-14 01:24:28 - INFO - Testing fragment: rw [neg_eq_neg_one_mul]
2025-04-14 01:24:28 - INFO - Original error line:   have h1 : 2^8 = (2^4)^2 := by rw [← pow_mul, mul_comm, pow_mul]
2025-04-14 01:24:30 - INFO - Testing fix: Original errors: 1, Fixed errors: 1
2025-04-14 01:24:30 - INFO - Result: False (introduced 1 new errors)
2025-04-14 01:24:30 - DEBUG - === New errors detail ===
2025-04-14 01:24:30 - DEBUG - New Error 1: line 11, type: rewrite_failed, message: tactic 'rewrite' failed, did not find instance of the pattern in the target expression
  -?a
⊢ 2 ^ 8 = (2 ^ 4) ^ 2
2025-04-14 01:24:30 - INFO - Testing fragment: rw [mul_neg_one]
2025-04-14 01:24:30 - INFO - Original error line:   have h1 : 2^8 = (2^4)^2 := by rw [← pow_mul, mul_comm, pow_mul]
2025-04-14 01:24:32 - INFO - Testing fix: Original errors: 1, Fixed errors: 1
2025-04-14 01:24:32 - INFO - Result: False (introduced 1 new errors)
2025-04-14 01:24:32 - DEBUG - === New errors detail ===
2025-04-14 01:24:32 - DEBUG - New Error 1: line 11, type: rewrite_failed, message: tactic 'rewrite' failed, did not find instance of the pattern in the target expression
  ?a * -1
⊢ 2 ^ 8 = (2 ^ 4) ^ 2
2025-04-14 01:24:32 - INFO - Testing fragment: rw [neg_one_mul]
2025-04-14 01:24:32 - INFO - Original error line:   have h1 : 2^8 = (2^4)^2 := by rw [← pow_mul, mul_comm, pow_mul]
2025-04-14 01:24:34 - INFO - Testing fix: Original errors: 1, Fixed errors: 1
2025-04-14 01:24:34 - INFO - Result: False (introduced 1 new errors)
2025-04-14 01:24:34 - DEBUG - === New errors detail ===
2025-04-14 01:24:34 - DEBUG - New Error 1: line 11, type: rewrite_failed, message: tactic 'rewrite' failed, did not find instance of the pattern in the target expression
  -1 * ?a
⊢ 2 ^ 8 = (2 ^ 4) ^ 2
2025-04-14 01:24:34 - INFO - Testing fragment: rw [mul_sub_left_distrib]
2025-04-14 01:24:34 - INFO - Original error line:   have h1 : 2^8 = (2^4)^2 := by rw [← pow_mul, mul_comm, pow_mul]
2025-04-14 01:24:36 - INFO - Testing fix: Original errors: 1, Fixed errors: 1
2025-04-14 01:24:36 - INFO - Result: False (introduced 1 new errors)
2025-04-14 01:24:36 - DEBUG - === New errors detail ===
2025-04-14 01:24:36 - DEBUG - New Error 1: line 11, type: rewrite_failed, message: tactic 'rewrite' failed, did not find instance of the pattern in the target expression
  ?a * (?b - ?c)
⊢ 2 ^ 8 = (2 ^ 4) ^ 2
2025-04-14 01:24:36 - INFO - Testing fragment: rw [mul_sub_right_distrib]
2025-04-14 01:24:36 - INFO - Original error line:   have h1 : 2^8 = (2^4)^2 := by rw [← pow_mul, mul_comm, pow_mul]
2025-04-14 01:24:38 - INFO - Testing fix: Original errors: 1, Fixed errors: 1
2025-04-14 01:24:38 - INFO - Result: False (introduced 1 new errors)
2025-04-14 01:24:38 - DEBUG - === New errors detail ===
2025-04-14 01:24:38 - DEBUG - New Error 1: line 11, type: rewrite_failed, message: tactic 'rewrite' failed, did not find instance of the pattern in the target expression
  (?a - ?b) * ?c
⊢ 2 ^ 8 = (2 ^ 4) ^ 2
2025-04-14 01:24:38 - INFO - Testing fragment: rw [sub_one_mul]
2025-04-14 01:24:38 - INFO - Original error line:   have h1 : 2^8 = (2^4)^2 := by rw [← pow_mul, mul_comm, pow_mul]
2025-04-14 01:24:40 - INFO - Testing fix: Original errors: 1, Fixed errors: 1
2025-04-14 01:24:40 - INFO - Result: False (introduced 1 new errors)
2025-04-14 01:24:40 - DEBUG - === New errors detail ===
2025-04-14 01:24:40 - DEBUG - New Error 1: line 11, type: rewrite_failed, message: tactic 'rewrite' failed, did not find instance of the pattern in the target expression
  (?a - 1) * ?b
⊢ 2 ^ 8 = (2 ^ 4) ^ 2
2025-04-14 01:24:40 - INFO - Testing fragment: rw [mul_sub_one]
2025-04-14 01:24:40 - INFO - Original error line:   have h1 : 2^8 = (2^4)^2 := by rw [← pow_mul, mul_comm, pow_mul]
2025-04-14 01:24:42 - INFO - Testing fix: Original errors: 1, Fixed errors: 1
2025-04-14 01:24:42 - INFO - Result: False (introduced 1 new errors)
2025-04-14 01:24:42 - DEBUG - === New errors detail ===
2025-04-14 01:24:42 - DEBUG - New Error 1: line 11, type: rewrite_failed, message: tactic 'rewrite' failed, did not find instance of the pattern in the target expression
  ?a * (?b - 1)
⊢ 2 ^ 8 = (2 ^ 4) ^ 2
2025-04-14 01:24:42 - INFO - Testing fragment: rw [one_sub_mul]
2025-04-14 01:24:42 - INFO - Original error line:   have h1 : 2^8 = (2^4)^2 := by rw [← pow_mul, mul_comm, pow_mul]
2025-04-14 01:24:44 - INFO - Testing fix: Original errors: 1, Fixed errors: 1
2025-04-14 01:24:44 - INFO - Result: False (introduced 1 new errors)
2025-04-14 01:24:44 - DEBUG - === New errors detail ===
2025-04-14 01:24:44 - DEBUG - New Error 1: line 11, type: rewrite_failed, message: tactic 'rewrite' failed, did not find instance of the pattern in the target expression
  (1 - ?a) * ?b
⊢ 2 ^ 8 = (2 ^ 4) ^ 2
2025-04-14 01:24:44 - INFO - Testing fragment: rw [mul_one_sub]
2025-04-14 01:24:44 - INFO - Original error line:   have h1 : 2^8 = (2^4)^2 := by rw [← pow_mul, mul_comm, pow_mul]
2025-04-14 01:24:46 - INFO - Testing fix: Original errors: 1, Fixed errors: 1
2025-04-14 01:24:46 - INFO - Result: False (introduced 1 new errors)
2025-04-14 01:24:46 - DEBUG - === New errors detail ===
2025-04-14 01:24:46 - DEBUG - New Error 1: line 11, type: rewrite_failed, message: tactic 'rewrite' failed, did not find instance of the pattern in the target expression
  ?a * (1 - ?b)
⊢ 2 ^ 8 = (2 ^ 4) ^ 2
2025-04-14 01:24:46 - INFO - Testing fragment: rw [mul_left_cancel]
2025-04-14 01:24:46 - INFO - Original error line:   have h1 : 2^8 = (2^4)^2 := by rw [← pow_mul, mul_comm, pow_mul]
2025-04-14 01:24:48 - INFO - Testing fix: Original errors: 1, Fixed errors: 1
2025-04-14 01:24:48 - INFO - Result: False (introduced 1 new errors)
2025-04-14 01:24:48 - DEBUG - === New errors detail ===
2025-04-14 01:24:48 - DEBUG - New Error 1: line 11, type: rewrite_failed, message: tactic 'rewrite' failed, pattern is a metavariable
  ?m.2365
from equation
  ?m.2365 = ?m.2366
⊢ 2 ^ 8 = (2 ^ 4) ^ 2
2025-04-14 01:24:48 - INFO - Testing fragment: rw [mul_left_cancel_iff]
2025-04-14 01:24:48 - INFO - Original error line:   have h1 : 2^8 = (2^4)^2 := by rw [← pow_mul, mul_comm, pow_mul]
2025-04-14 01:24:50 - INFO - Testing fix: Original errors: 1, Fixed errors: 1
2025-04-14 01:24:50 - INFO - Result: False (introduced 1 new errors)
2025-04-14 01:24:50 - DEBUG - === New errors detail ===
2025-04-14 01:24:50 - DEBUG - New Error 1: line 11, type: rewrite_failed, message: tactic 'rewrite' failed, did not find instance of the pattern in the target expression
  ?m.2364 * ?m.2365 = ?m.2364 * ?m.2366
⊢ 2 ^ 8 = (2 ^ 4) ^ 2
2025-04-14 01:24:50 - INFO - Testing fragment: rw [mul_right_injective]
2025-04-14 01:24:50 - INFO - Original error line:   have h1 : 2^8 = (2^4)^2 := by rw [← pow_mul, mul_comm, pow_mul]
2025-04-14 01:24:52 - INFO - Testing fix: Original errors: 1, Fixed errors: 1
2025-04-14 01:24:52 - INFO - Result: False (introduced 1 new errors)
2025-04-14 01:24:52 - DEBUG - === New errors detail ===
2025-04-14 01:24:52 - DEBUG - New Error 1: line 11, type: rewrite_failed, message: tactic 'rewrite' failed, pattern is a metavariable
  ?a₁
from equation
  ?a₁ = ?a₂
⊢ 2 ^ 8 = (2 ^ 4) ^ 2
2025-04-14 01:24:52 - INFO - Testing fragment: rw [mul_right_inj]
2025-04-14 01:24:52 - INFO - Original error line:   have h1 : 2^8 = (2^4)^2 := by rw [← pow_mul, mul_comm, pow_mul]
2025-04-14 01:24:54 - INFO - Testing fix: Original errors: 1, Fixed errors: 1
2025-04-14 01:24:54 - INFO - Result: False (introduced 1 new errors)
2025-04-14 01:24:54 - DEBUG - === New errors detail ===
2025-04-14 01:24:54 - DEBUG - New Error 1: line 11, type: rewrite_failed, message: tactic 'rewrite' failed, did not find instance of the pattern in the target expression
  ?a * ?b = ?a * ?c
⊢ 2 ^ 8 = (2 ^ 4) ^ 2
2025-04-14 01:24:54 - INFO - Testing fragment: rw [mul_ne_mul_right]
2025-04-14 01:24:54 - INFO - Original error line:   have h1 : 2^8 = (2^4)^2 := by rw [← pow_mul, mul_comm, pow_mul]
2025-04-14 01:24:56 - INFO - Testing fix: Original errors: 1, Fixed errors: 1
2025-04-14 01:24:56 - INFO - Result: False (introduced 1 new errors)
2025-04-14 01:24:56 - DEBUG - === New errors detail ===
2025-04-14 01:24:56 - DEBUG - New Error 1: line 11, type: rewrite_failed, message: tactic 'rewrite' failed, did not find instance of the pattern in the target expression
  ?a * ?b ≠ ?a * ?c
⊢ 2 ^ 8 = (2 ^ 4) ^ 2
2025-04-14 01:24:56 - INFO - Testing fragment: rw [mul_right_cancel]
2025-04-14 01:24:56 - INFO - Original error line:   have h1 : 2^8 = (2^4)^2 := by rw [← pow_mul, mul_comm, pow_mul]
2025-04-14 01:24:58 - INFO - Testing fix: Original errors: 1, Fixed errors: 1
2025-04-14 01:24:58 - INFO - Result: False (introduced 1 new errors)
2025-04-14 01:24:58 - DEBUG - === New errors detail ===
2025-04-14 01:24:58 - DEBUG - New Error 1: line 11, type: rewrite_failed, message: tactic 'rewrite' failed, pattern is a metavariable
  ?m.2364
from equation
  ?m.2364 = ?m.2366
⊢ 2 ^ 8 = (2 ^ 4) ^ 2
2025-04-14 01:24:58 - INFO - Testing fragment: rw [mul_right_cancel_iff]
2025-04-14 01:24:58 - INFO - Original error line:   have h1 : 2^8 = (2^4)^2 := by rw [← pow_mul, mul_comm, pow_mul]
2025-04-14 01:25:00 - INFO - Testing fix: Original errors: 1, Fixed errors: 1
2025-04-14 01:25:00 - INFO - Result: False (introduced 1 new errors)
2025-04-14 01:25:00 - DEBUG - === New errors detail ===
2025-04-14 01:25:00 - DEBUG - New Error 1: line 11, type: rewrite_failed, message: tactic 'rewrite' failed, did not find instance of the pattern in the target expression
  ?m.2365 * ?m.2364 = ?m.2366 * ?m.2364
⊢ 2 ^ 8 = (2 ^ 4) ^ 2
2025-04-14 01:25:00 - INFO - Testing fragment: rw [mul_left_injective]
2025-04-14 01:25:00 - INFO - Original error line:   have h1 : 2^8 = (2^4)^2 := by rw [← pow_mul, mul_comm, pow_mul]
2025-04-14 01:25:02 - INFO - Testing fix: Original errors: 1, Fixed errors: 1
2025-04-14 01:25:02 - INFO - Result: False (introduced 1 new errors)
2025-04-14 01:25:02 - DEBUG - === New errors detail ===
2025-04-14 01:25:02 - DEBUG - New Error 1: line 11, type: rewrite_failed, message: tactic 'rewrite' failed, pattern is a metavariable
  ?a₁
from equation
  ?a₁ = ?a₂
⊢ 2 ^ 8 = (2 ^ 4) ^ 2
2025-04-14 01:25:02 - INFO - Testing fragment: rw [mul_left_inj]
2025-04-14 01:25:02 - INFO - Original error line:   have h1 : 2^8 = (2^4)^2 := by rw [← pow_mul, mul_comm, pow_mul]
2025-04-14 01:25:04 - INFO - Testing fix: Original errors: 1, Fixed errors: 1
2025-04-14 01:25:04 - INFO - Result: False (introduced 1 new errors)
2025-04-14 01:25:04 - DEBUG - === New errors detail ===
2025-04-14 01:25:04 - DEBUG - New Error 1: line 11, type: rewrite_failed, message: tactic 'rewrite' failed, did not find instance of the pattern in the target expression
  ?b * ?a = ?c * ?a
⊢ 2 ^ 8 = (2 ^ 4) ^ 2
2025-04-14 01:25:04 - INFO - Testing fragment: rw [mul_ne_mul_left]
2025-04-14 01:25:04 - INFO - Original error line:   have h1 : 2^8 = (2^4)^2 := by rw [← pow_mul, mul_comm, pow_mul]
2025-04-14 01:25:06 - INFO - Testing fix: Original errors: 1, Fixed errors: 1
2025-04-14 01:25:06 - INFO - Result: False (introduced 1 new errors)
2025-04-14 01:25:06 - DEBUG - === New errors detail ===
2025-04-14 01:25:06 - DEBUG - New Error 1: line 11, type: rewrite_failed, message: tactic 'rewrite' failed, did not find instance of the pattern in the target expression
  ?b * ?a ≠ ?c * ?a
⊢ 2 ^ 8 = (2 ^ 4) ^ 2
2025-04-14 01:25:06 - INFO - Testing fragment: rw [mul_assoc]
2025-04-14 01:25:06 - INFO - Original error line:   have h1 : 2^8 = (2^4)^2 := by rw [← pow_mul, mul_comm, pow_mul]
2025-04-14 01:25:08 - INFO - Testing fix: Original errors: 1, Fixed errors: 1
2025-04-14 01:25:08 - INFO - Result: False (introduced 1 new errors)
2025-04-14 01:25:08 - DEBUG - === New errors detail ===
2025-04-14 01:25:08 - DEBUG - New Error 1: line 11, type: rewrite_failed, message: tactic 'rewrite' failed, did not find instance of the pattern in the target expression
  ?a * ?b * ?c
⊢ 2 ^ 8 = (2 ^ 4) ^ 2
2025-04-14 01:25:08 - INFO - Testing fragment: rw [mul_comm]
2025-04-14 01:25:08 - INFO - Original error line:   have h1 : 2^8 = (2^4)^2 := by rw [← pow_mul, mul_comm, pow_mul]
2025-04-14 01:25:10 - INFO - Testing fix: Original errors: 1, Fixed errors: 1
2025-04-14 01:25:10 - INFO - Result: False (introduced 1 new errors)
2025-04-14 01:25:10 - DEBUG - === New errors detail ===
2025-04-14 01:25:10 - DEBUG - New Error 1: line 11, type: rewrite_failed, message: tactic 'rewrite' failed, did not find instance of the pattern in the target expression
  ?a * ?b
⊢ 2 ^ 8 = (2 ^ 4) ^ 2
2025-04-14 01:25:10 - INFO - Testing fragment: rw [MulOneClass]
2025-04-14 01:25:10 - INFO - Original error line:   have h1 : 2^8 = (2^4)^2 := by rw [← pow_mul, mul_comm, pow_mul]
2025-04-14 01:25:12 - INFO - Testing fix: Original errors: 1, Fixed errors: 1
2025-04-14 01:25:12 - INFO - Result: False (introduced 1 new errors)
2025-04-14 01:25:12 - DEBUG - === New errors detail ===
2025-04-14 01:25:12 - DEBUG - New Error 1: line 11, type: rewrite_failed, message: tactic 'rewrite' failed, equality or iff proof expected
  Type ?u.2360
⊢ 2 ^ 8 = (2 ^ 4) ^ 2
2025-04-14 01:25:12 - INFO - Testing fragment: rw [one_mul]
2025-04-14 01:25:12 - INFO - Original error line:   have h1 : 2^8 = (2^4)^2 := by rw [← pow_mul, mul_comm, pow_mul]
2025-04-14 01:25:14 - INFO - Testing fix: Original errors: 1, Fixed errors: 1
2025-04-14 01:25:14 - INFO - Result: False (introduced 1 new errors)
2025-04-14 01:25:14 - DEBUG - === New errors detail ===
2025-04-14 01:25:14 - DEBUG - New Error 1: line 11, type: rewrite_failed, message: tactic 'rewrite' failed, did not find instance of the pattern in the target expression
  1 * ?a
⊢ 2 ^ 8 = (2 ^ 4) ^ 2
2025-04-14 01:25:14 - INFO - Testing fragment: rw [mul_one]
2025-04-14 01:25:14 - INFO - Original error line:   have h1 : 2^8 = (2^4)^2 := by rw [← pow_mul, mul_comm, pow_mul]
2025-04-14 01:25:16 - INFO - Testing fix: Original errors: 1, Fixed errors: 1
2025-04-14 01:25:16 - INFO - Result: False (introduced 1 new errors)
2025-04-14 01:25:16 - DEBUG - === New errors detail ===
2025-04-14 01:25:16 - DEBUG - New Error 1: line 11, type: rewrite_failed, message: tactic 'rewrite' failed, did not find instance of the pattern in the target expression
  ?a * 1
⊢ 2 ^ 8 = (2 ^ 4) ^ 2
2025-04-14 01:25:16 - INFO - Testing fragment: rw [npowRec_add]
2025-04-14 01:25:16 - INFO - Original error line:   have h1 : 2^8 = (2^4)^2 := by rw [← pow_mul, mul_comm, pow_mul]
2025-04-14 01:25:18 - INFO - Testing fix: Original errors: 1, Fixed errors: 2
2025-04-14 01:25:18 - INFO - Result: False (introduced 2 new errors)
2025-04-14 01:25:18 - DEBUG - === New errors detail ===
2025-04-14 01:25:18 - DEBUG - New Error 1: line 11, type: unknown_identifier, message: unknown identifier 'npowRec_add'
2025-04-14 01:25:18 - DEBUG - New Error 2: line 11, type: rewrite_failed, message: tactic 'rewrite' failed, equality or iff proof expected
  ?m.2360
⊢ 2 ^ 8 = (2 ^ 4) ^ 2
2025-04-14 01:25:18 - INFO - Testing fragment: rw [npowRec_succ]
2025-04-14 01:25:18 - INFO - Original error line:   have h1 : 2^8 = (2^4)^2 := by rw [← pow_mul, mul_comm, pow_mul]
2025-04-14 01:25:20 - INFO - Testing fix: Original errors: 1, Fixed errors: 2
2025-04-14 01:25:20 - INFO - Result: False (introduced 2 new errors)
2025-04-14 01:25:20 - DEBUG - === New errors detail ===
2025-04-14 01:25:20 - DEBUG - New Error 1: line 11, type: unknown_identifier, message: unknown identifier 'npowRec_succ'
2025-04-14 01:25:20 - DEBUG - New Error 2: line 11, type: rewrite_failed, message: tactic 'rewrite' failed, equality or iff proof expected
  ?m.2360
⊢ 2 ^ 8 = (2 ^ 4) ^ 2
2025-04-14 01:25:20 - INFO - Testing fragment: rw [npowRec'_succ]
2025-04-14 01:25:20 - INFO - Original error line:   have h1 : 2^8 = (2^4)^2 := by rw [← pow_mul, mul_comm, pow_mul]
2025-04-14 01:25:22 - INFO - Testing fix: Original errors: 1, Fixed errors: 2
2025-04-14 01:25:22 - INFO - Result: False (introduced 2 new errors)
2025-04-14 01:25:22 - DEBUG - === New errors detail ===
2025-04-14 01:25:22 - DEBUG - New Error 1: line 11, type: unknown_identifier, message: unknown identifier 'npowRec'_succ'
2025-04-14 01:25:22 - DEBUG - New Error 2: line 11, type: rewrite_failed, message: tactic 'rewrite' failed, equality or iff proof expected
  ?m.2360
⊢ 2 ^ 8 = (2 ^ 4) ^ 2
2025-04-14 01:25:22 - INFO - Testing fragment: rw [npowRec'_two_mul]
2025-04-14 01:25:22 - INFO - Original error line:   have h1 : 2^8 = (2^4)^2 := by rw [← pow_mul, mul_comm, pow_mul]
2025-04-14 01:25:24 - INFO - Testing fix: Original errors: 1, Fixed errors: 2
2025-04-14 01:25:24 - INFO - Result: False (introduced 2 new errors)
2025-04-14 01:25:24 - DEBUG - === New errors detail ===
2025-04-14 01:25:24 - DEBUG - New Error 1: line 11, type: unknown_identifier, message: unknown identifier 'npowRec'_two_mul'
2025-04-14 01:25:24 - DEBUG - New Error 2: line 11, type: rewrite_failed, message: tactic 'rewrite' failed, equality or iff proof expected
  ?m.2360
⊢ 2 ^ 8 = (2 ^ 4) ^ 2
2025-04-14 01:25:24 - INFO - Testing fragment: rw [npowRec'_mul_comm]
2025-04-14 01:25:24 - INFO - Original error line:   have h1 : 2^8 = (2^4)^2 := by rw [← pow_mul, mul_comm, pow_mul]
2025-04-14 01:25:26 - INFO - Testing fix: Original errors: 1, Fixed errors: 2
2025-04-14 01:25:26 - INFO - Result: False (introduced 2 new errors)
2025-04-14 01:25:26 - DEBUG - === New errors detail ===
2025-04-14 01:25:26 - DEBUG - New Error 1: line 11, type: unknown_identifier, message: unknown identifier 'npowRec'_mul_comm'
2025-04-14 01:25:26 - DEBUG - New Error 2: line 11, type: rewrite_failed, message: tactic 'rewrite' failed, equality or iff proof expected
  ?m.2360
⊢ 2 ^ 8 = (2 ^ 4) ^ 2
2025-04-14 01:25:26 - INFO - Testing fragment: rw [npowRec_eq]
2025-04-14 01:25:26 - INFO - Original error line:   have h1 : 2^8 = (2^4)^2 := by rw [← pow_mul, mul_comm, pow_mul]
2025-04-14 01:25:28 - INFO - Testing fix: Original errors: 1, Fixed errors: 2
2025-04-14 01:25:28 - INFO - Result: False (introduced 2 new errors)
2025-04-14 01:25:28 - DEBUG - === New errors detail ===
2025-04-14 01:25:28 - DEBUG - New Error 1: line 11, type: unknown_identifier, message: unknown identifier 'npowRec_eq'
2025-04-14 01:25:28 - DEBUG - New Error 2: line 11, type: rewrite_failed, message: tactic 'rewrite' failed, equality or iff proof expected
  ?m.2360
⊢ 2 ^ 8 = (2 ^ 4) ^ 2
2025-04-14 01:25:28 - INFO - Testing fragment: rw [npowBinRec]
2025-04-14 01:25:28 - INFO - Original error line:   have h1 : 2^8 = (2^4)^2 := by rw [← pow_mul, mul_comm, pow_mul]
2025-04-14 01:25:30 - INFO - Testing fix: Original errors: 1, Fixed errors: 2
2025-04-14 01:25:30 - INFO - Result: False (introduced 2 new errors)
2025-04-14 01:25:30 - DEBUG - === New errors detail ===
2025-04-14 01:25:30 - DEBUG - New Error 1: line 11, type: unknown_identifier, message: unknown identifier 'npowBinRec'
2025-04-14 01:25:30 - DEBUG - New Error 2: line 11, type: rewrite_failed, message: tactic 'rewrite' failed, equality or iff proof expected
  ?m.2360
⊢ 2 ^ 8 = (2 ^ 4) ^ 2
2025-04-14 01:25:30 - INFO - Testing fragment: rw [npowRec_eq_npowBinRec]
2025-04-14 01:25:30 - INFO - Original error line:   have h1 : 2^8 = (2^4)^2 := by rw [← pow_mul, mul_comm, pow_mul]
2025-04-14 01:25:32 - INFO - Testing fix: Original errors: 1, Fixed errors: 2
2025-04-14 01:25:32 - INFO - Result: False (introduced 2 new errors)
2025-04-14 01:25:32 - DEBUG - === New errors detail ===
2025-04-14 01:25:32 - DEBUG - New Error 1: line 11, type: unknown_identifier, message: unknown identifier 'npowRec_eq_npowBinRec'
2025-04-14 01:25:32 - DEBUG - New Error 2: line 11, type: rewrite_failed, message: tactic 'rewrite' failed, equality or iff proof expected
  ?m.2360
⊢ 2 ^ 8 = (2 ^ 4) ^ 2
2025-04-14 01:25:32 - INFO - Testing fragment: rw [npow_eq_pow]
2025-04-14 01:25:32 - INFO - Original error line:   have h1 : 2^8 = (2^4)^2 := by rw [← pow_mul, mul_comm, pow_mul]
2025-04-14 01:25:34 - INFO - Testing fix: Original errors: 1, Fixed errors: 1
2025-04-14 01:25:34 - INFO - Result: False (introduced 1 new errors)
2025-04-14 01:25:34 - DEBUG - === New errors detail ===
2025-04-14 01:25:34 - DEBUG - New Error 1: line 11, type: rewrite_failed, message: tactic 'rewrite' failed, did not find instance of the pattern in the target expression
  Monoid.npow ?n ?x
⊢ 2 ^ 8 = (2 ^ 4) ^ 2
2025-04-14 01:25:34 - INFO - Testing fragment: rw [pow_zero]
2025-04-14 01:25:34 - INFO - Original error line:   have h1 : 2^8 = (2^4)^2 := by rw [← pow_mul, mul_comm, pow_mul]
2025-04-14 01:25:36 - INFO - Testing fix: Original errors: 1, Fixed errors: 1
2025-04-14 01:25:36 - INFO - Result: False (introduced 1 new errors)
2025-04-14 01:25:36 - DEBUG - === New errors detail ===
2025-04-14 01:25:36 - DEBUG - New Error 1: line 11, type: rewrite_failed, message: tactic 'rewrite' failed, did not find instance of the pattern in the target expression
  ?a ^ 0
⊢ 2 ^ 8 = (2 ^ 4) ^ 2
2025-04-14 01:25:36 - INFO - Testing fragment: rw [pow_succ]
2025-04-14 01:25:36 - INFO - Original error line:   have h1 : 2^8 = (2^4)^2 := by rw [← pow_mul, mul_comm, pow_mul]
2025-04-14 01:25:38 - INFO - Testing fix: Original errors: 1, Fixed errors: 1
2025-04-14 01:25:38 - INFO - Result: False (introduced 1 new errors)
2025-04-14 01:25:38 - DEBUG - === New errors detail ===
2025-04-14 01:25:38 - DEBUG - New Error 1: line 11, type: other_error, message: unsolved goals
⊢ 2 ^ 7 * 2 = (2 ^ 4) ^ 2
2025-04-14 01:25:38 - INFO - Testing fragment: rw [inv_inv]
2025-04-14 01:25:38 - INFO - Original error line:   have h1 : 2^8 = (2^4)^2 := by rw [← pow_mul, mul_comm, pow_mul]
2025-04-14 01:25:40 - INFO - Testing fix: Original errors: 1, Fixed errors: 1
2025-04-14 01:25:40 - INFO - Result: False (introduced 1 new errors)
2025-04-14 01:25:40 - DEBUG - === New errors detail ===
2025-04-14 01:25:40 - DEBUG - New Error 1: line 11, type: rewrite_failed, message: tactic 'rewrite' failed, did not find instance of the pattern in the target expression
  ?a⁻¹⁻¹
⊢ 2 ^ 8 = (2 ^ 4) ^ 2
2025-04-14 01:25:40 - INFO - Testing fragment: rw [exists_zpow_surjective]
2025-04-14 01:25:40 - INFO - Original error line:   have h1 : 2^8 = (2^4)^2 := by rw [← pow_mul, mul_comm, pow_mul]
2025-04-14 01:25:42 - INFO - Testing fix: Original errors: 1, Fixed errors: 2
2025-04-14 01:25:42 - INFO - Result: False (introduced 2 new errors)
2025-04-14 01:25:42 - DEBUG - === New errors detail ===
2025-04-14 01:25:42 - DEBUG - New Error 1: line 11, type: unknown_identifier, message: unknown identifier 'exists_zpow_surjective'
2025-04-14 01:25:42 - DEBUG - New Error 2: line 11, type: rewrite_failed, message: tactic 'rewrite' failed, equality or iff proof expected
  ?m.2360
⊢ 2 ^ 8 = (2 ^ 4) ^ 2
2025-04-14 01:25:42 - INFO - Testing fragment: rw [zpow_eq_pow]
2025-04-14 01:25:42 - INFO - Original error line:   have h1 : 2^8 = (2^4)^2 := by rw [← pow_mul, mul_comm, pow_mul]
2025-04-14 01:25:44 - INFO - Testing fix: Original errors: 1, Fixed errors: 1
2025-04-14 01:25:44 - INFO - Result: False (introduced 1 new errors)
2025-04-14 01:25:44 - DEBUG - === New errors detail ===
2025-04-14 01:25:44 - DEBUG - New Error 1: line 11, type: rewrite_failed, message: tactic 'rewrite' failed, did not find instance of the pattern in the target expression
  DivInvMonoid.zpow ?n ?x
⊢ 2 ^ 8 = (2 ^ 4) ^ 2
2025-04-14 01:25:44 - INFO - Testing fragment: rw [zpow_zero]
2025-04-14 01:25:44 - INFO - Original error line:   have h1 : 2^8 = (2^4)^2 := by rw [← pow_mul, mul_comm, pow_mul]
2025-04-14 01:25:46 - INFO - Testing fix: Original errors: 1, Fixed errors: 1
2025-04-14 01:25:46 - INFO - Result: False (introduced 1 new errors)
2025-04-14 01:25:46 - DEBUG - === New errors detail ===
2025-04-14 01:25:46 - DEBUG - New Error 1: line 11, type: rewrite_failed, message: tactic 'rewrite' failed, did not find instance of the pattern in the target expression
  ?a ^ 0
⊢ 2 ^ 8 = (2 ^ 4) ^ 2
2025-04-14 01:25:46 - INFO - Testing fragment: rw [zpow_natCast]
2025-04-14 01:25:46 - INFO - Original error line:   have h1 : 2^8 = (2^4)^2 := by rw [← pow_mul, mul_comm, pow_mul]
2025-04-14 01:25:48 - INFO - Testing fix: Original errors: 1, Fixed errors: 1
2025-04-14 01:25:48 - INFO - Result: False (introduced 1 new errors)
2025-04-14 01:25:48 - DEBUG - === New errors detail ===
2025-04-14 01:25:48 - DEBUG - New Error 1: line 11, type: rewrite_failed, message: tactic 'rewrite' failed, did not find instance of the pattern in the target expression
  ?a ^ ↑?n
⊢ 2 ^ 8 = (2 ^ 4) ^ 2
2025-04-14 01:25:48 - INFO - Testing fragment: rw [zpow_negSucc]
2025-04-14 01:25:48 - INFO - Original error line:   have h1 : 2^8 = (2^4)^2 := by rw [← pow_mul, mul_comm, pow_mul]
2025-04-14 01:25:50 - INFO - Testing fix: Original errors: 1, Fixed errors: 1
2025-04-14 01:25:50 - INFO - Result: False (introduced 1 new errors)
2025-04-14 01:25:50 - DEBUG - === New errors detail ===
2025-04-14 01:25:50 - DEBUG - New Error 1: line 11, type: rewrite_failed, message: tactic 'rewrite' failed, did not find instance of the pattern in the target expression
  ?a ^ Int.negSucc ?n
⊢ 2 ^ 8 = (2 ^ 4) ^ 2
2025-04-14 01:25:50 - INFO - Testing fragment: rw [negSucc_zsmul]
2025-04-14 01:25:50 - INFO - Original error line:   have h1 : 2^8 = (2^4)^2 := by rw [← pow_mul, mul_comm, pow_mul]
2025-04-14 01:25:52 - INFO - Testing fix: Original errors: 1, Fixed errors: 1
2025-04-14 01:25:52 - INFO - Result: False (introduced 1 new errors)
2025-04-14 01:25:52 - DEBUG - === New errors detail ===
2025-04-14 01:25:52 - DEBUG - New Error 1: line 11, type: rewrite_failed, message: tactic 'rewrite' failed, did not find instance of the pattern in the target expression
  Int.negSucc ?n • ?a
⊢ 2 ^ 8 = (2 ^ 4) ^ 2
2025-04-14 01:25:52 - INFO - Testing fragment: rw [div_eq_mul_inv]
2025-04-14 01:25:52 - INFO - Original error line:   have h1 : 2^8 = (2^4)^2 := by rw [← pow_mul, mul_comm, pow_mul]
2025-04-14 01:25:54 - INFO - Testing fix: Original errors: 1, Fixed errors: 1
2025-04-14 01:25:54 - INFO - Result: False (introduced 1 new errors)
2025-04-14 01:25:54 - DEBUG - === New errors detail ===
2025-04-14 01:25:54 - DEBUG - New Error 1: line 11, type: rewrite_failed, message: tactic 'rewrite' failed, did not find instance of the pattern in the target expression
  ?a / ?b
⊢ 2 ^ 8 = (2 ^ 4) ^ 2
2025-04-14 01:25:54 - INFO - Testing fragment: rw [inv_eq_one_div]
2025-04-14 01:25:54 - INFO - Original error line:   have h1 : 2^8 = (2^4)^2 := by rw [← pow_mul, mul_comm, pow_mul]
2025-04-14 01:25:56 - INFO - Testing fix: Original errors: 1, Fixed errors: 1
2025-04-14 01:25:56 - INFO - Result: False (introduced 1 new errors)
2025-04-14 01:25:56 - DEBUG - === New errors detail ===
2025-04-14 01:25:56 - DEBUG - New Error 1: line 11, type: rewrite_failed, message: tactic 'rewrite' failed, did not find instance of the pattern in the target expression
  ?x⁻¹
⊢ 2 ^ 8 = (2 ^ 4) ^ 2
2025-04-14 01:25:56 - INFO - Testing fragment: rw [mul_div_assoc]
2025-04-14 01:25:56 - INFO - Original error line:   have h1 : 2^8 = (2^4)^2 := by rw [← pow_mul, mul_comm, pow_mul]
2025-04-14 01:25:58 - INFO - Testing fix: Original errors: 1, Fixed errors: 1
2025-04-14 01:25:58 - INFO - Result: False (introduced 1 new errors)
2025-04-14 01:25:58 - DEBUG - === New errors detail ===
2025-04-14 01:25:58 - DEBUG - New Error 1: line 11, type: rewrite_failed, message: tactic 'rewrite' failed, did not find instance of the pattern in the target expression
  ?a * ?b / ?c
⊢ 2 ^ 8 = (2 ^ 4) ^ 2
2025-04-14 01:25:58 - INFO - Testing fragment: rw [one_div]
2025-04-14 01:25:58 - INFO - Original error line:   have h1 : 2^8 = (2^4)^2 := by rw [← pow_mul, mul_comm, pow_mul]
2025-04-14 01:26:00 - INFO - Testing fix: Original errors: 1, Fixed errors: 1
2025-04-14 01:26:00 - INFO - Result: False (introduced 1 new errors)
2025-04-14 01:26:00 - DEBUG - === New errors detail ===
2025-04-14 01:26:00 - DEBUG - New Error 1: line 11, type: rewrite_failed, message: tactic 'rewrite' failed, did not find instance of the pattern in the target expression
  1 / ?a
⊢ 2 ^ 8 = (2 ^ 4) ^ 2
2025-04-14 01:26:00 - INFO - Testing fragment: rw [inv_one]
2025-04-14 01:26:00 - INFO - Original error line:   have h1 : 2^8 = (2^4)^2 := by rw [← pow_mul, mul_comm, pow_mul]
2025-04-14 01:26:02 - INFO - Testing fix: Original errors: 1, Fixed errors: 1
2025-04-14 01:26:02 - INFO - Result: False (introduced 1 new errors)
2025-04-14 01:26:02 - DEBUG - === New errors detail ===
2025-04-14 01:26:02 - DEBUG - New Error 1: line 11, type: rewrite_failed, message: tactic 'rewrite' failed, did not find instance of the pattern in the target expression
  1⁻¹
⊢ 2 ^ 8 = (2 ^ 4) ^ 2
2025-04-14 01:26:02 - INFO - Testing fragment: rw [mul_inv_rev]
2025-04-14 01:26:02 - INFO - Original error line:   have h1 : 2^8 = (2^4)^2 := by rw [← pow_mul, mul_comm, pow_mul]
2025-04-14 01:26:04 - INFO - Testing fix: Original errors: 1, Fixed errors: 1
2025-04-14 01:26:04 - INFO - Result: False (introduced 1 new errors)
2025-04-14 01:26:04 - DEBUG - === New errors detail ===
2025-04-14 01:26:04 - DEBUG - New Error 1: line 11, type: rewrite_failed, message: tactic 'rewrite' failed, did not find instance of the pattern in the target expression
  (?a * ?b)⁻¹
⊢ 2 ^ 8 = (2 ^ 4) ^ 2
2025-04-14 01:26:04 - INFO - Testing fragment: rw [inv_eq_of_mul_eq_one_right]
2025-04-14 01:26:04 - INFO - Original error line:   have h1 : 2^8 = (2^4)^2 := by rw [← pow_mul, mul_comm, pow_mul]
2025-04-14 01:26:06 - INFO - Testing fix: Original errors: 1, Fixed errors: 1
2025-04-14 01:26:06 - INFO - Result: False (introduced 1 new errors)
2025-04-14 01:26:06 - DEBUG - === New errors detail ===
2025-04-14 01:26:06 - DEBUG - New Error 1: line 11, type: rewrite_failed, message: tactic 'rewrite' failed, did not find instance of the pattern in the target expression
  ?m.2363⁻¹
⊢ 2 ^ 8 = (2 ^ 4) ^ 2
2025-04-14 01:26:06 - INFO - Testing fragment: rw [inv_eq_of_mul_eq_one_left]
2025-04-14 01:26:06 - INFO - Original error line:   have h1 : 2^8 = (2^4)^2 := by rw [← pow_mul, mul_comm, pow_mul]
2025-04-14 01:26:08 - INFO - Testing fix: Original errors: 1, Fixed errors: 1
2025-04-14 01:26:08 - INFO - Result: False (introduced 1 new errors)
2025-04-14 01:26:08 - DEBUG - === New errors detail ===
2025-04-14 01:26:08 - DEBUG - New Error 1: line 11, type: rewrite_failed, message: tactic 'rewrite' failed, did not find instance of the pattern in the target expression
  ?m.2364⁻¹
⊢ 2 ^ 8 = (2 ^ 4) ^ 2
2025-04-14 01:26:08 - INFO - Testing fragment: rw [eq_inv_of_mul_eq_one_left]
2025-04-14 01:26:08 - INFO - Original error line:   have h1 : 2^8 = (2^4)^2 := by rw [← pow_mul, mul_comm, pow_mul]
2025-04-14 01:26:10 - INFO - Testing fix: Original errors: 1, Fixed errors: 1
2025-04-14 01:26:10 - INFO - Result: False (introduced 1 new errors)
2025-04-14 01:26:10 - DEBUG - === New errors detail ===
2025-04-14 01:26:10 - DEBUG - New Error 1: line 11, type: rewrite_failed, message: tactic 'rewrite' failed, pattern is a metavariable
  ?m.2363
from equation
  ?m.2363 = ?m.2364⁻¹
⊢ 2 ^ 8 = (2 ^ 4) ^ 2
2025-04-14 01:26:10 - INFO - Testing fragment: rw [inv_mul_cancel]
2025-04-14 01:26:10 - INFO - Original error line:   have h1 : 2^8 = (2^4)^2 := by rw [← pow_mul, mul_comm, pow_mul]
2025-04-14 01:26:12 - INFO - Testing fix: Original errors: 1, Fixed errors: 1
2025-04-14 01:26:12 - INFO - Result: False (introduced 1 new errors)
2025-04-14 01:26:12 - DEBUG - === New errors detail ===
2025-04-14 01:26:12 - DEBUG - New Error 1: line 11, type: rewrite_failed, message: tactic 'rewrite' failed, did not find instance of the pattern in the target expression
  ?m.2363⁻¹ * ?m.2363
⊢ 2 ^ 8 = (2 ^ 4) ^ 2
2025-04-14 01:26:12 - INFO - Testing fragment: rw [inv_eq_of_mul]
2025-04-14 01:26:12 - INFO - Original error line:   have h1 : 2^8 = (2^4)^2 := by rw [← pow_mul, mul_comm, pow_mul]
2025-04-14 01:26:14 - INFO - Testing fix: Original errors: 1, Fixed errors: 2
2025-04-14 01:26:14 - INFO - Result: False (introduced 2 new errors)
2025-04-14 01:26:14 - DEBUG - === New errors detail ===
2025-04-14 01:26:14 - DEBUG - New Error 1: line 11, type: unknown_identifier, message: unknown identifier 'inv_eq_of_mul'
2025-04-14 01:26:14 - DEBUG - New Error 2: line 11, type: rewrite_failed, message: tactic 'rewrite' failed, equality or iff proof expected
  ?m.2360
⊢ 2 ^ 8 = (2 ^ 4) ^ 2
2025-04-14 01:26:14 - INFO - Testing fragment: rw [mul_inv_cancel]
2025-04-14 01:26:14 - INFO - Original error line:   have h1 : 2^8 = (2^4)^2 := by rw [← pow_mul, mul_comm, pow_mul]
2025-04-14 01:26:16 - INFO - Testing fix: Original errors: 1, Fixed errors: 1
2025-04-14 01:26:16 - INFO - Result: False (introduced 1 new errors)
2025-04-14 01:26:16 - DEBUG - === New errors detail ===
2025-04-14 01:26:16 - DEBUG - New Error 1: line 11, type: rewrite_failed, message: tactic 'rewrite' failed, did not find instance of the pattern in the target expression
  ?m.2363 * ?m.2363⁻¹
⊢ 2 ^ 8 = (2 ^ 4) ^ 2
2025-04-14 01:26:16 - INFO - Testing fragment: rw [div_self']
2025-04-14 01:26:16 - INFO - Original error line:   have h1 : 2^8 = (2^4)^2 := by rw [← pow_mul, mul_comm, pow_mul]
2025-04-14 01:26:18 - INFO - Testing fix: Original errors: 1, Fixed errors: 1
2025-04-14 01:26:18 - INFO - Result: False (introduced 1 new errors)
2025-04-14 01:26:18 - DEBUG - === New errors detail ===
2025-04-14 01:26:18 - DEBUG - New Error 1: line 11, type: rewrite_failed, message: tactic 'rewrite' failed, did not find instance of the pattern in the target expression
  ?a / ?a
⊢ 2 ^ 8 = (2 ^ 4) ^ 2
2025-04-14 01:26:18 - INFO - Testing fragment: rw [inv_mul_cancel_left]
2025-04-14 01:26:18 - INFO - Original error line:   have h1 : 2^8 = (2^4)^2 := by rw [← pow_mul, mul_comm, pow_mul]
2025-04-14 01:26:20 - INFO - Testing fix: Original errors: 1, Fixed errors: 1
2025-04-14 01:26:20 - INFO - Result: False (introduced 1 new errors)
2025-04-14 01:26:20 - DEBUG - === New errors detail ===
2025-04-14 01:26:20 - DEBUG - New Error 1: line 11, type: rewrite_failed, message: tactic 'rewrite' failed, did not find instance of the pattern in the target expression
  ?a⁻¹ * (?a * ?b)
⊢ 2 ^ 8 = (2 ^ 4) ^ 2
2025-04-14 01:26:20 - INFO - Testing fragment: rw [mul_inv_cancel_left]
2025-04-14 01:26:20 - INFO - Original error line:   have h1 : 2^8 = (2^4)^2 := by rw [← pow_mul, mul_comm, pow_mul]
2025-04-14 01:26:22 - INFO - Testing fix: Original errors: 1, Fixed errors: 1
2025-04-14 01:26:22 - INFO - Result: False (introduced 1 new errors)
2025-04-14 01:26:22 - DEBUG - === New errors detail ===
2025-04-14 01:26:22 - DEBUG - New Error 1: line 11, type: rewrite_failed, message: tactic 'rewrite' failed, did not find instance of the pattern in the target expression
  ?a * (?a⁻¹ * ?b)
⊢ 2 ^ 8 = (2 ^ 4) ^ 2
2025-04-14 01:26:22 - INFO - Testing fragment: rw [mul_inv_cancel_right]
2025-04-14 01:26:22 - INFO - Original error line:   have h1 : 2^8 = (2^4)^2 := by rw [← pow_mul, mul_comm, pow_mul]
2025-04-14 01:26:24 - INFO - Testing fix: Original errors: 1, Fixed errors: 1
2025-04-14 01:26:24 - INFO - Result: False (introduced 1 new errors)
2025-04-14 01:26:24 - DEBUG - === New errors detail ===
2025-04-14 01:26:24 - DEBUG - New Error 1: line 11, type: rewrite_failed, message: tactic 'rewrite' failed, did not find instance of the pattern in the target expression
  ?a * ?b * ?b⁻¹
⊢ 2 ^ 8 = (2 ^ 4) ^ 2
2025-04-14 01:26:24 - INFO - Testing fragment: rw [mul_div_cancel_right]
2025-04-14 01:26:24 - INFO - Original error line:   have h1 : 2^8 = (2^4)^2 := by rw [← pow_mul, mul_comm, pow_mul]
2025-04-14 01:26:26 - INFO - Testing fix: Original errors: 1, Fixed errors: 1
2025-04-14 01:26:26 - INFO - Result: False (introduced 1 new errors)
2025-04-14 01:26:26 - DEBUG - === New errors detail ===
2025-04-14 01:26:26 - DEBUG - New Error 1: line 11, type: rewrite_failed, message: tactic 'rewrite' failed, did not find instance of the pattern in the target expression
  ?a * ?b / ?b
⊢ 2 ^ 8 = (2 ^ 4) ^ 2
2025-04-14 01:26:26 - INFO - Testing fragment: rw [inv_mul_cancel_right]
2025-04-14 01:26:26 - INFO - Original error line:   have h1 : 2^8 = (2^4)^2 := by rw [← pow_mul, mul_comm, pow_mul]
2025-04-14 01:26:28 - INFO - Testing fix: Original errors: 1, Fixed errors: 1
2025-04-14 01:26:28 - INFO - Result: False (introduced 1 new errors)
2025-04-14 01:26:28 - DEBUG - === New errors detail ===
2025-04-14 01:26:28 - DEBUG - New Error 1: line 11, type: rewrite_failed, message: tactic 'rewrite' failed, did not find instance of the pattern in the target expression
  ?a * ?b⁻¹ * ?b
⊢ 2 ^ 8 = (2 ^ 4) ^ 2
2025-04-14 01:26:28 - INFO - Testing fragment: rw [div_mul_cancel]
2025-04-14 01:26:28 - INFO - Original error line:   have h1 : 2^8 = (2^4)^2 := by rw [← pow_mul, mul_comm, pow_mul]
2025-04-14 01:26:30 - INFO - Testing fix: Original errors: 1, Fixed errors: 1
2025-04-14 01:26:30 - INFO - Result: False (introduced 1 new errors)
2025-04-14 01:26:30 - DEBUG - === New errors detail ===
2025-04-14 01:26:30 - DEBUG - New Error 1: line 11, type: rewrite_failed, message: tactic 'rewrite' failed, did not find instance of the pattern in the target expression
  ?a / ?b * ?b
⊢ 2 ^ 8 = (2 ^ 4) ^ 2
2025-04-14 01:26:30 - INFO - Testing fragment: rw [<- left_distrib]
2025-04-14 01:26:30 - INFO - Original error line:   have h1 : 2^8 = (2^4)^2 := by rw [← pow_mul, mul_comm, pow_mul]
2025-04-14 01:26:32 - INFO - Testing fix: Original errors: 1, Fixed errors: 1
2025-04-14 01:26:32 - INFO - Result: False (introduced 1 new errors)
2025-04-14 01:26:32 - DEBUG - === New errors detail ===
2025-04-14 01:26:32 - DEBUG - New Error 1: line 11, type: rewrite_failed, message: tactic 'rewrite' failed, did not find instance of the pattern in the target expression
  ?a * ?b + ?a * ?c
⊢ 2 ^ 8 = (2 ^ 4) ^ 2
2025-04-14 01:26:32 - INFO - Testing fragment: rw [<- right_distrib]
2025-04-14 01:26:32 - INFO - Original error line:   have h1 : 2^8 = (2^4)^2 := by rw [← pow_mul, mul_comm, pow_mul]
2025-04-14 01:26:34 - INFO - Testing fix: Original errors: 1, Fixed errors: 1
2025-04-14 01:26:34 - INFO - Result: False (introduced 1 new errors)
2025-04-14 01:26:34 - DEBUG - === New errors detail ===
2025-04-14 01:26:34 - DEBUG - New Error 1: line 11, type: rewrite_failed, message: tactic 'rewrite' failed, did not find instance of the pattern in the target expression
  ?a * ?c + ?b * ?c
⊢ 2 ^ 8 = (2 ^ 4) ^ 2
2025-04-14 01:26:34 - INFO - Testing fragment: rw [<- distrib_three_right]
2025-04-14 01:26:34 - INFO - Original error line:   have h1 : 2^8 = (2^4)^2 := by rw [← pow_mul, mul_comm, pow_mul]
2025-04-14 01:26:36 - INFO - Testing fix: Original errors: 1, Fixed errors: 1
2025-04-14 01:26:36 - INFO - Result: False (introduced 1 new errors)
2025-04-14 01:26:36 - DEBUG - === New errors detail ===
2025-04-14 01:26:36 - DEBUG - New Error 1: line 11, type: rewrite_failed, message: tactic 'rewrite' failed, did not find instance of the pattern in the target expression
  ?a * ?d + ?b * ?d + ?c * ?d
⊢ 2 ^ 8 = (2 ^ 4) ^ 2
2025-04-14 01:26:36 - INFO - Testing fragment: rw [<- add_one_mul]
2025-04-14 01:26:36 - INFO - Original error line:   have h1 : 2^8 = (2^4)^2 := by rw [← pow_mul, mul_comm, pow_mul]
2025-04-14 01:26:38 - INFO - Testing fix: Original errors: 1, Fixed errors: 1
2025-04-14 01:26:38 - INFO - Result: False (introduced 1 new errors)
2025-04-14 01:26:38 - DEBUG - === New errors detail ===
2025-04-14 01:26:38 - DEBUG - New Error 1: line 11, type: rewrite_failed, message: tactic 'rewrite' failed, did not find instance of the pattern in the target expression
  ?a * ?b + ?b
⊢ 2 ^ 8 = (2 ^ 4) ^ 2
2025-04-14 01:26:38 - INFO - Testing fragment: rw [<- mul_add_one]
2025-04-14 01:26:38 - INFO - Original error line:   have h1 : 2^8 = (2^4)^2 := by rw [← pow_mul, mul_comm, pow_mul]
2025-04-14 01:26:40 - INFO - Testing fix: Original errors: 1, Fixed errors: 1
2025-04-14 01:26:40 - INFO - Result: False (introduced 1 new errors)
2025-04-14 01:26:40 - DEBUG - === New errors detail ===
2025-04-14 01:26:40 - DEBUG - New Error 1: line 11, type: rewrite_failed, message: tactic 'rewrite' failed, did not find instance of the pattern in the target expression
  ?a * ?b + ?a
⊢ 2 ^ 8 = (2 ^ 4) ^ 2
2025-04-14 01:26:40 - INFO - Testing fragment: rw [<- one_add_mul]
2025-04-14 01:26:40 - INFO - Original error line:   have h1 : 2^8 = (2^4)^2 := by rw [← pow_mul, mul_comm, pow_mul]
2025-04-14 01:26:42 - INFO - Testing fix: Original errors: 1, Fixed errors: 1
2025-04-14 01:26:42 - INFO - Result: False (introduced 1 new errors)
2025-04-14 01:26:42 - DEBUG - === New errors detail ===
2025-04-14 01:26:42 - DEBUG - New Error 1: line 11, type: rewrite_failed, message: tactic 'rewrite' failed, did not find instance of the pattern in the target expression
  ?b + ?a * ?b
⊢ 2 ^ 8 = (2 ^ 4) ^ 2
2025-04-14 01:26:42 - INFO - Testing fragment: rw [<- mul_one_add]
2025-04-14 01:26:42 - INFO - Original error line:   have h1 : 2^8 = (2^4)^2 := by rw [← pow_mul, mul_comm, pow_mul]
2025-04-14 01:26:44 - INFO - Testing fix: Original errors: 1, Fixed errors: 1
2025-04-14 01:26:44 - INFO - Result: False (introduced 1 new errors)
2025-04-14 01:26:44 - DEBUG - === New errors detail ===
2025-04-14 01:26:44 - DEBUG - New Error 1: line 11, type: rewrite_failed, message: tactic 'rewrite' failed, did not find instance of the pattern in the target expression
  ?a + ?a * ?b
⊢ 2 ^ 8 = (2 ^ 4) ^ 2
2025-04-14 01:26:44 - INFO - Testing fragment: rw [<- two_mul]
2025-04-14 01:26:44 - INFO - Original error line:   have h1 : 2^8 = (2^4)^2 := by rw [← pow_mul, mul_comm, pow_mul]
2025-04-14 01:29:56 - INFO - Testing fix: Original errors: 1, Fixed errors: 1
2025-04-14 01:29:56 - INFO - Result: False (introduced 1 new errors)
2025-04-14 01:29:56 - DEBUG - === New errors detail ===
2025-04-14 01:29:56 - DEBUG - New Error 1: line 11, type: rewrite_failed, message: tactic 'rewrite' failed, did not find instance of the pattern in the target expression
  ?n + ?n
⊢ 2 ^ 8 = (2 ^ 4) ^ 2
2025-04-14 01:29:56 - INFO - Testing fragment: rw [<- mul_two]
2025-04-14 01:29:56 - INFO - Original error line:   have h1 : 2^8 = (2^4)^2 := by rw [← pow_mul, mul_comm, pow_mul]
2025-04-14 01:29:58 - INFO - Testing fix: Original errors: 1, Fixed errors: 1
2025-04-14 01:29:58 - INFO - Result: False (introduced 1 new errors)
2025-04-14 01:29:58 - DEBUG - === New errors detail ===
2025-04-14 01:29:58 - DEBUG - New Error 1: line 11, type: rewrite_failed, message: tactic 'rewrite' failed, did not find instance of the pattern in the target expression
  ?n + ?n
⊢ 2 ^ 8 = (2 ^ 4) ^ 2
2025-04-14 01:29:58 - INFO - Testing fragment: rw [<- mul_boole]
2025-04-14 01:29:58 - INFO - Original error line:   have h1 : 2^8 = (2^4)^2 := by rw [← pow_mul, mul_comm, pow_mul]
2025-04-14 01:30:00 - INFO - Testing fix: Original errors: 1, Fixed errors: 1
2025-04-14 01:30:00 - INFO - Result: False (introduced 1 new errors)
2025-04-14 01:30:00 - DEBUG - === New errors detail ===
2025-04-14 01:30:00 - DEBUG - New Error 1: line 11, type: rewrite_failed, message: tactic 'rewrite' failed, did not find instance of the pattern in the target expression
  if ?P then ?a else 0
⊢ 2 ^ 8 = (2 ^ 4) ^ 2
2025-04-14 01:30:00 - INFO - Testing fragment: rw [<- boole_mul]
2025-04-14 01:30:00 - INFO - Original error line:   have h1 : 2^8 = (2^4)^2 := by rw [← pow_mul, mul_comm, pow_mul]
2025-04-14 01:30:02 - INFO - Testing fix: Original errors: 1, Fixed errors: 1
2025-04-14 01:30:02 - INFO - Result: False (introduced 1 new errors)
2025-04-14 01:30:02 - DEBUG - === New errors detail ===
2025-04-14 01:30:02 - DEBUG - New Error 1: line 11, type: rewrite_failed, message: tactic 'rewrite' failed, did not find instance of the pattern in the target expression
  if ?P then ?a else 0
⊢ 2 ^ 8 = (2 ^ 4) ^ 2
2025-04-14 01:30:02 - INFO - Testing fragment: rw [<- add_mul_self_eq]
2025-04-14 01:30:02 - INFO - Original error line:   have h1 : 2^8 = (2^4)^2 := by rw [← pow_mul, mul_comm, pow_mul]
2025-04-14 01:30:04 - INFO - Testing fix: Original errors: 1, Fixed errors: 1
2025-04-14 01:30:04 - INFO - Result: False (introduced 1 new errors)
2025-04-14 01:30:04 - DEBUG - === New errors detail ===
2025-04-14 01:30:04 - DEBUG - New Error 1: line 11, type: rewrite_failed, message: tactic 'rewrite' failed, did not find instance of the pattern in the target expression
  ?a * ?a + 2 * ?a * ?b + ?b * ?b
⊢ 2 ^ 8 = (2 ^ 4) ^ 2
2025-04-14 01:30:04 - INFO - Testing fragment: rw [<- neg_mul]
2025-04-14 01:30:04 - INFO - Original error line:   have h1 : 2^8 = (2^4)^2 := by rw [← pow_mul, mul_comm, pow_mul]
2025-04-14 01:30:06 - INFO - Testing fix: Original errors: 1, Fixed errors: 1
2025-04-14 01:30:06 - INFO - Result: False (introduced 1 new errors)
2025-04-14 01:30:06 - DEBUG - === New errors detail ===
2025-04-14 01:30:06 - DEBUG - New Error 1: line 11, type: rewrite_failed, message: tactic 'rewrite' failed, did not find instance of the pattern in the target expression
  -(?a * ?b)
⊢ 2 ^ 8 = (2 ^ 4) ^ 2
2025-04-14 01:30:06 - INFO - Testing fragment: rw [<- mul_neg]
2025-04-14 01:30:06 - INFO - Original error line:   have h1 : 2^8 = (2^4)^2 := by rw [← pow_mul, mul_comm, pow_mul]
2025-04-14 01:30:08 - INFO - Testing fix: Original errors: 1, Fixed errors: 1
2025-04-14 01:30:08 - INFO - Result: False (introduced 1 new errors)
2025-04-14 01:30:08 - DEBUG - === New errors detail ===
2025-04-14 01:30:08 - DEBUG - New Error 1: line 11, type: rewrite_failed, message: tactic 'rewrite' failed, did not find instance of the pattern in the target expression
  -(?a * ?b)
⊢ 2 ^ 8 = (2 ^ 4) ^ 2
2025-04-14 01:30:08 - INFO - Testing fragment: rw [<- neg_mul_neg]
2025-04-14 01:30:08 - INFO - Original error line:   have h1 : 2^8 = (2^4)^2 := by rw [← pow_mul, mul_comm, pow_mul]
2025-04-14 01:30:10 - INFO - Testing fix: Original errors: 1, Fixed errors: 1
2025-04-14 01:30:10 - INFO - Result: False (introduced 1 new errors)
2025-04-14 01:30:10 - DEBUG - === New errors detail ===
2025-04-14 01:30:10 - DEBUG - New Error 1: line 11, type: rewrite_failed, message: tactic 'rewrite' failed, did not find instance of the pattern in the target expression
  ?a * ?b
⊢ 2 ^ 8 = (2 ^ 4) ^ 2
2025-04-14 01:30:10 - INFO - Testing fragment: rw [<- neg_mul_eq_neg_mul]
2025-04-14 01:30:10 - INFO - Original error line:   have h1 : 2^8 = (2^4)^2 := by rw [← pow_mul, mul_comm, pow_mul]
2025-04-14 01:30:12 - INFO - Testing fix: Original errors: 1, Fixed errors: 1
2025-04-14 01:30:12 - INFO - Result: False (introduced 1 new errors)
2025-04-14 01:30:12 - DEBUG - === New errors detail ===
2025-04-14 01:30:12 - DEBUG - New Error 1: line 11, type: rewrite_failed, message: tactic 'rewrite' failed, did not find instance of the pattern in the target expression
  -?a * ?b
⊢ 2 ^ 8 = (2 ^ 4) ^ 2
2025-04-14 01:30:12 - INFO - Testing fragment: rw [<- neg_mul_eq_mul_neg]
2025-04-14 01:30:12 - INFO - Original error line:   have h1 : 2^8 = (2^4)^2 := by rw [← pow_mul, mul_comm, pow_mul]
2025-04-14 01:30:14 - INFO - Testing fix: Original errors: 1, Fixed errors: 1
2025-04-14 01:30:14 - INFO - Result: False (introduced 1 new errors)
2025-04-14 01:30:14 - DEBUG - === New errors detail ===
2025-04-14 01:30:14 - DEBUG - New Error 1: line 11, type: rewrite_failed, message: tactic 'rewrite' failed, did not find instance of the pattern in the target expression
  ?a * -?b
⊢ 2 ^ 8 = (2 ^ 4) ^ 2
2025-04-14 01:30:14 - INFO - Testing fragment: rw [<- neg_mul_comm]
2025-04-14 01:30:14 - INFO - Original error line:   have h1 : 2^8 = (2^4)^2 := by rw [← pow_mul, mul_comm, pow_mul]
2025-04-14 01:30:16 - INFO - Testing fix: Original errors: 1, Fixed errors: 1
2025-04-14 01:30:16 - INFO - Result: False (introduced 1 new errors)
2025-04-14 01:30:16 - DEBUG - === New errors detail ===
2025-04-14 01:30:16 - DEBUG - New Error 1: line 11, type: rewrite_failed, message: tactic 'rewrite' failed, did not find instance of the pattern in the target expression
  ?a * -?b
⊢ 2 ^ 8 = (2 ^ 4) ^ 2
2025-04-14 01:30:16 - INFO - Testing fragment: rw [<- neg_eq_neg_one_mul]
2025-04-14 01:30:16 - INFO - Original error line:   have h1 : 2^8 = (2^4)^2 := by rw [← pow_mul, mul_comm, pow_mul]
2025-04-14 01:30:18 - INFO - Testing fix: Original errors: 1, Fixed errors: 1
2025-04-14 01:30:18 - INFO - Result: False (introduced 1 new errors)
2025-04-14 01:30:18 - DEBUG - === New errors detail ===
2025-04-14 01:30:18 - DEBUG - New Error 1: line 11, type: rewrite_failed, message: tactic 'rewrite' failed, did not find instance of the pattern in the target expression
  -1 * ?a
⊢ 2 ^ 8 = (2 ^ 4) ^ 2
2025-04-14 01:30:18 - INFO - Testing fragment: rw [<- mul_neg_one]
2025-04-14 01:30:18 - INFO - Original error line:   have h1 : 2^8 = (2^4)^2 := by rw [← pow_mul, mul_comm, pow_mul]
2025-04-14 01:30:20 - INFO - Testing fix: Original errors: 1, Fixed errors: 1
2025-04-14 01:30:20 - INFO - Result: False (introduced 1 new errors)
2025-04-14 01:30:20 - DEBUG - === New errors detail ===
2025-04-14 01:30:20 - DEBUG - New Error 1: line 11, type: rewrite_failed, message: tactic 'rewrite' failed, did not find instance of the pattern in the target expression
  -?a
⊢ 2 ^ 8 = (2 ^ 4) ^ 2
2025-04-14 01:30:20 - INFO - Testing fragment: rw [<- neg_one_mul]
2025-04-14 01:30:20 - INFO - Original error line:   have h1 : 2^8 = (2^4)^2 := by rw [← pow_mul, mul_comm, pow_mul]
2025-04-14 01:30:22 - INFO - Testing fix: Original errors: 1, Fixed errors: 1
2025-04-14 01:30:22 - INFO - Result: False (introduced 1 new errors)
2025-04-14 01:30:22 - DEBUG - === New errors detail ===
2025-04-14 01:30:22 - DEBUG - New Error 1: line 11, type: rewrite_failed, message: tactic 'rewrite' failed, did not find instance of the pattern in the target expression
  -?a
⊢ 2 ^ 8 = (2 ^ 4) ^ 2
2025-04-14 01:30:22 - INFO - Testing fragment: rw [<- mul_sub_left_distrib]
2025-04-14 01:30:22 - INFO - Original error line:   have h1 : 2^8 = (2^4)^2 := by rw [← pow_mul, mul_comm, pow_mul]
2025-04-14 01:30:24 - INFO - Testing fix: Original errors: 1, Fixed errors: 1
2025-04-14 01:30:24 - INFO - Result: False (introduced 1 new errors)
2025-04-14 01:30:24 - DEBUG - === New errors detail ===
2025-04-14 01:30:24 - DEBUG - New Error 1: line 11, type: rewrite_failed, message: tactic 'rewrite' failed, did not find instance of the pattern in the target expression
  ?a * ?b - ?a * ?c
⊢ 2 ^ 8 = (2 ^ 4) ^ 2
2025-04-14 01:30:24 - INFO - Testing fragment: rw [<- mul_sub_right_distrib]
2025-04-14 01:30:24 - INFO - Original error line:   have h1 : 2^8 = (2^4)^2 := by rw [← pow_mul, mul_comm, pow_mul]
2025-04-14 01:30:26 - INFO - Testing fix: Original errors: 1, Fixed errors: 1
2025-04-14 01:30:26 - INFO - Result: False (introduced 1 new errors)
2025-04-14 01:30:26 - DEBUG - === New errors detail ===
2025-04-14 01:30:26 - DEBUG - New Error 1: line 11, type: rewrite_failed, message: tactic 'rewrite' failed, did not find instance of the pattern in the target expression
  ?a * ?c - ?b * ?c
⊢ 2 ^ 8 = (2 ^ 4) ^ 2
2025-04-14 01:30:26 - INFO - Testing fragment: rw [<- sub_one_mul]
2025-04-14 01:30:26 - INFO - Original error line:   have h1 : 2^8 = (2^4)^2 := by rw [← pow_mul, mul_comm, pow_mul]
2025-04-14 01:30:28 - INFO - Testing fix: Original errors: 1, Fixed errors: 1
2025-04-14 01:30:28 - INFO - Result: False (introduced 1 new errors)
2025-04-14 01:30:28 - DEBUG - === New errors detail ===
2025-04-14 01:30:28 - DEBUG - New Error 1: line 11, type: rewrite_failed, message: tactic 'rewrite' failed, did not find instance of the pattern in the target expression
  ?a * ?b - ?b
⊢ 2 ^ 8 = (2 ^ 4) ^ 2
2025-04-14 01:30:28 - INFO - Testing fragment: rw [<- mul_sub_one]
2025-04-14 01:30:28 - INFO - Original error line:   have h1 : 2^8 = (2^4)^2 := by rw [← pow_mul, mul_comm, pow_mul]
2025-04-14 01:30:30 - INFO - Testing fix: Original errors: 1, Fixed errors: 1
2025-04-14 01:30:30 - INFO - Result: False (introduced 1 new errors)
2025-04-14 01:30:30 - DEBUG - === New errors detail ===
2025-04-14 01:30:30 - DEBUG - New Error 1: line 11, type: rewrite_failed, message: tactic 'rewrite' failed, did not find instance of the pattern in the target expression
  ?a * ?b - ?a
⊢ 2 ^ 8 = (2 ^ 4) ^ 2
2025-04-14 01:30:30 - INFO - Testing fragment: rw [<- one_sub_mul]
2025-04-14 01:30:30 - INFO - Original error line:   have h1 : 2^8 = (2^4)^2 := by rw [← pow_mul, mul_comm, pow_mul]
2025-04-14 01:30:32 - INFO - Testing fix: Original errors: 1, Fixed errors: 1
2025-04-14 01:30:32 - INFO - Result: False (introduced 1 new errors)
2025-04-14 01:30:32 - DEBUG - === New errors detail ===
2025-04-14 01:30:32 - DEBUG - New Error 1: line 11, type: rewrite_failed, message: tactic 'rewrite' failed, did not find instance of the pattern in the target expression
  ?b - ?a * ?b
⊢ 2 ^ 8 = (2 ^ 4) ^ 2
2025-04-14 01:30:33 - INFO - Testing fragment: rw [<- mul_one_sub]
2025-04-14 01:30:33 - INFO - Original error line:   have h1 : 2^8 = (2^4)^2 := by rw [← pow_mul, mul_comm, pow_mul]
2025-04-14 01:32:00 - INFO - Testing fix: Original errors: 1, Fixed errors: 1
2025-04-14 01:32:00 - INFO - Result: False (introduced 1 new errors)
2025-04-14 01:32:00 - DEBUG - === New errors detail ===
2025-04-14 01:32:00 - DEBUG - New Error 1: line 11, type: rewrite_failed, message: tactic 'rewrite' failed, did not find instance of the pattern in the target expression
  ?a - ?a * ?b
⊢ 2 ^ 8 = (2 ^ 4) ^ 2
2025-04-14 01:32:00 - INFO - Testing fragment: rw [<- mul_left_cancel]
2025-04-14 01:32:00 - INFO - Original error line:   have h1 : 2^8 = (2^4)^2 := by rw [← pow_mul, mul_comm, pow_mul]
2025-04-14 01:32:02 - INFO - Testing fix: Original errors: 1, Fixed errors: 1
2025-04-14 01:32:02 - INFO - Result: False (introduced 1 new errors)
2025-04-14 01:32:02 - DEBUG - === New errors detail ===
2025-04-14 01:32:02 - DEBUG - New Error 1: line 11, type: rewrite_failed, message: tactic 'rewrite' failed, pattern is a metavariable
  ?m.2366
from equation
  ?m.2366 = ?m.2365
⊢ 2 ^ 8 = (2 ^ 4) ^ 2
2025-04-14 01:32:02 - INFO - Testing fragment: rw [<- mul_left_cancel_iff]
2025-04-14 01:32:02 - INFO - Original error line:   have h1 : 2^8 = (2^4)^2 := by rw [← pow_mul, mul_comm, pow_mul]
2025-04-14 01:32:04 - INFO - Testing fix: Original errors: 1, Fixed errors: 2
2025-04-14 01:32:04 - INFO - Result: False (introduced 2 new errors)
2025-04-14 01:32:04 - DEBUG - === New errors detail ===
2025-04-14 01:32:04 - DEBUG - New Error 1: line 11, type: failed_to_synthesize, message: failed to synthesize
  IsLeftCancelMul ℕ
use `set_option diagnostics true` to get diagnostic information
2025-04-14 01:32:04 - DEBUG - New Error 2: line 11, type: other_error, message: unsolved goals
⊢ ?m.2364 * 2 ^ 8 = ?m.2364 * (2 ^ 4) ^ 2

⊢ ℕ

⊢ IsLeftCancelMul ℕ
2025-04-14 01:32:04 - INFO - Testing fragment: rw [<- mul_right_injective]
2025-04-14 01:32:04 - INFO - Original error line:   have h1 : 2^8 = (2^4)^2 := by rw [← pow_mul, mul_comm, pow_mul]
2025-04-14 01:32:06 - INFO - Testing fix: Original errors: 1, Fixed errors: 1
2025-04-14 01:32:06 - INFO - Result: False (introduced 1 new errors)
2025-04-14 01:32:06 - DEBUG - === New errors detail ===
2025-04-14 01:32:06 - DEBUG - New Error 1: line 11, type: rewrite_failed, message: tactic 'rewrite' failed, pattern is a metavariable
  ?a₂
from equation
  ?a₂ = ?a₁
⊢ 2 ^ 8 = (2 ^ 4) ^ 2
2025-04-14 01:32:06 - INFO - Testing fragment: rw [<- mul_right_inj]
2025-04-14 01:32:06 - INFO - Original error line:   have h1 : 2^8 = (2^4)^2 := by rw [← pow_mul, mul_comm, pow_mul]
2025-04-14 01:32:08 - INFO - Testing fix: Original errors: 1, Fixed errors: 2
2025-04-14 01:32:08 - INFO - Result: False (introduced 2 new errors)
2025-04-14 01:32:08 - DEBUG - === New errors detail ===
2025-04-14 01:32:08 - DEBUG - New Error 1: line 11, type: failed_to_synthesize, message: failed to synthesize
  IsLeftCancelMul ℕ
use `set_option diagnostics true` to get diagnostic information
2025-04-14 01:32:08 - DEBUG - New Error 2: line 11, type: other_error, message: unsolved goals
⊢ ?a * 2 ^ 8 = ?a * (2 ^ 4) ^ 2

case a
⊢ ℕ

⊢ IsLeftCancelMul ℕ
2025-04-14 01:32:08 - INFO - Testing fragment: rw [<- mul_ne_mul_right]
2025-04-14 01:32:08 - INFO - Original error line:   have h1 : 2^8 = (2^4)^2 := by rw [← pow_mul, mul_comm, pow_mul]
2025-04-14 01:32:10 - INFO - Testing fix: Original errors: 1, Fixed errors: 1
2025-04-14 01:32:10 - INFO - Result: False (introduced 1 new errors)
2025-04-14 01:32:10 - DEBUG - === New errors detail ===
2025-04-14 01:32:10 - DEBUG - New Error 1: line 11, type: rewrite_failed, message: tactic 'rewrite' failed, did not find instance of the pattern in the target expression
  ?b ≠ ?c
⊢ 2 ^ 8 = (2 ^ 4) ^ 2
2025-04-14 01:32:10 - INFO - Testing fragment: rw [<- mul_right_cancel]
2025-04-14 01:32:10 - INFO - Original error line:   have h1 : 2^8 = (2^4)^2 := by rw [← pow_mul, mul_comm, pow_mul]
2025-04-14 01:32:12 - INFO - Testing fix: Original errors: 1, Fixed errors: 1
2025-04-14 01:32:12 - INFO - Result: False (introduced 1 new errors)
2025-04-14 01:32:12 - DEBUG - === New errors detail ===
2025-04-14 01:32:12 - DEBUG - New Error 1: line 11, type: rewrite_failed, message: tactic 'rewrite' failed, pattern is a metavariable
  ?m.2366
from equation
  ?m.2366 = ?m.2364
⊢ 2 ^ 8 = (2 ^ 4) ^ 2
2025-04-14 01:32:12 - INFO - Testing fragment: rw [<- mul_right_cancel_iff]
2025-04-14 01:32:12 - INFO - Original error line:   have h1 : 2^8 = (2^4)^2 := by rw [← pow_mul, mul_comm, pow_mul]
2025-04-14 01:32:14 - INFO - Testing fix: Original errors: 1, Fixed errors: 2
2025-04-14 01:32:14 - INFO - Result: False (introduced 2 new errors)
2025-04-14 01:32:14 - DEBUG - === New errors detail ===
2025-04-14 01:32:14 - DEBUG - New Error 1: line 11, type: failed_to_synthesize, message: failed to synthesize
  IsRightCancelMul ℕ
use `set_option diagnostics true` to get diagnostic information
2025-04-14 01:32:14 - DEBUG - New Error 2: line 11, type: other_error, message: unsolved goals
⊢ 2 ^ 8 * ?m.2364 = (2 ^ 4) ^ 2 * ?m.2364

⊢ ℕ

⊢ IsRightCancelMul ℕ
2025-04-14 01:32:14 - INFO - Testing fragment: rw [<- mul_left_injective]
2025-04-14 01:32:14 - INFO - Original error line:   have h1 : 2^8 = (2^4)^2 := by rw [← pow_mul, mul_comm, pow_mul]
2025-04-14 01:32:16 - INFO - Testing fix: Original errors: 1, Fixed errors: 1
2025-04-14 01:32:16 - INFO - Result: False (introduced 1 new errors)
2025-04-14 01:32:16 - DEBUG - === New errors detail ===
2025-04-14 01:32:16 - DEBUG - New Error 1: line 11, type: rewrite_failed, message: tactic 'rewrite' failed, pattern is a metavariable
  ?a₂
from equation
  ?a₂ = ?a₁
⊢ 2 ^ 8 = (2 ^ 4) ^ 2
2025-04-14 01:32:16 - INFO - Testing fragment: rw [<- mul_left_inj]
2025-04-14 01:32:16 - INFO - Original error line:   have h1 : 2^8 = (2^4)^2 := by rw [← pow_mul, mul_comm, pow_mul]
2025-04-14 01:32:18 - INFO - Testing fix: Original errors: 1, Fixed errors: 2
2025-04-14 01:32:18 - INFO - Result: False (introduced 2 new errors)
2025-04-14 01:32:18 - DEBUG - === New errors detail ===
2025-04-14 01:32:18 - DEBUG - New Error 1: line 11, type: failed_to_synthesize, message: failed to synthesize
  IsRightCancelMul ℕ
use `set_option diagnostics true` to get diagnostic information
2025-04-14 01:32:18 - DEBUG - New Error 2: line 11, type: other_error, message: unsolved goals
⊢ 2 ^ 8 * ?a = (2 ^ 4) ^ 2 * ?a

case a
⊢ ℕ

⊢ IsRightCancelMul ℕ
2025-04-14 01:32:18 - INFO - Testing fragment: rw [<- mul_ne_mul_left]
2025-04-14 01:32:18 - INFO - Original error line:   have h1 : 2^8 = (2^4)^2 := by rw [← pow_mul, mul_comm, pow_mul]
2025-04-14 01:32:20 - INFO - Testing fix: Original errors: 1, Fixed errors: 1
2025-04-14 01:32:20 - INFO - Result: False (introduced 1 new errors)
2025-04-14 01:32:20 - DEBUG - === New errors detail ===
2025-04-14 01:32:20 - DEBUG - New Error 1: line 11, type: rewrite_failed, message: tactic 'rewrite' failed, did not find instance of the pattern in the target expression
  ?b ≠ ?c
⊢ 2 ^ 8 = (2 ^ 4) ^ 2
2025-04-14 01:32:20 - INFO - Testing fragment: rw [<- mul_assoc]
2025-04-14 01:32:20 - INFO - Original error line:   have h1 : 2^8 = (2^4)^2 := by rw [← pow_mul, mul_comm, pow_mul]
2025-04-14 01:32:22 - INFO - Testing fix: Original errors: 1, Fixed errors: 1
2025-04-14 01:32:22 - INFO - Result: False (introduced 1 new errors)
2025-04-14 01:32:22 - DEBUG - === New errors detail ===
2025-04-14 01:32:22 - DEBUG - New Error 1: line 11, type: rewrite_failed, message: tactic 'rewrite' failed, did not find instance of the pattern in the target expression
  ?a * (?b * ?c)
⊢ 2 ^ 8 = (2 ^ 4) ^ 2
2025-04-14 01:32:22 - INFO - Testing fragment: rw [<- mul_comm]
2025-04-14 01:32:22 - INFO - Original error line:   have h1 : 2^8 = (2^4)^2 := by rw [← pow_mul, mul_comm, pow_mul]
2025-04-14 01:32:24 - INFO - Testing fix: Original errors: 1, Fixed errors: 1
2025-04-14 01:32:24 - INFO - Result: False (introduced 1 new errors)
2025-04-14 01:32:24 - DEBUG - === New errors detail ===
2025-04-14 01:32:24 - DEBUG - New Error 1: line 11, type: rewrite_failed, message: tactic 'rewrite' failed, did not find instance of the pattern in the target expression
  ?b * ?a
⊢ 2 ^ 8 = (2 ^ 4) ^ 2
2025-04-14 01:32:24 - INFO - Testing fragment: rw [<- MulOneClass]
2025-04-14 01:32:24 - INFO - Original error line:   have h1 : 2^8 = (2^4)^2 := by rw [← pow_mul, mul_comm, pow_mul]
2025-04-14 01:32:26 - INFO - Testing fix: Original errors: 1, Fixed errors: 1
2025-04-14 01:32:26 - INFO - Result: False (introduced 1 new errors)
2025-04-14 01:32:26 - DEBUG - === New errors detail ===
2025-04-14 01:32:26 - DEBUG - New Error 1: line 11, type: rewrite_failed, message: tactic 'rewrite' failed, equality or iff proof expected
  Type ?u.2360
⊢ 2 ^ 8 = (2 ^ 4) ^ 2
2025-04-14 01:32:26 - INFO - Testing fragment: rw [<- one_mul]
2025-04-14 01:32:26 - INFO - Original error line:   have h1 : 2^8 = (2^4)^2 := by rw [← pow_mul, mul_comm, pow_mul]
2025-04-14 01:32:28 - INFO - Testing fix: Original errors: 1, Fixed errors: 1
2025-04-14 01:32:28 - INFO - Result: False (introduced 1 new errors)
2025-04-14 01:32:28 - DEBUG - === New errors detail ===
2025-04-14 01:32:28 - DEBUG - New Error 1: line 11, type: rewrite_failed, message: tactic 'rewrite' failed, pattern is a metavariable
  ?a
from equation
  ?a = 1 * ?a
⊢ 2 ^ 8 = (2 ^ 4) ^ 2
2025-04-14 01:32:28 - INFO - Testing fragment: rw [<- mul_one]
2025-04-14 01:32:28 - INFO - Original error line:   have h1 : 2^8 = (2^4)^2 := by rw [← pow_mul, mul_comm, pow_mul]
2025-04-14 01:32:30 - INFO - Testing fix: Original errors: 1, Fixed errors: 1
2025-04-14 01:32:30 - INFO - Result: False (introduced 1 new errors)
2025-04-14 01:32:30 - DEBUG - === New errors detail ===
2025-04-14 01:32:30 - DEBUG - New Error 1: line 11, type: rewrite_failed, message: tactic 'rewrite' failed, pattern is a metavariable
  ?a
from equation
  ?a = ?a * 1
⊢ 2 ^ 8 = (2 ^ 4) ^ 2
2025-04-14 01:32:30 - INFO - Testing fragment: rw [<- npowRec_add]
2025-04-14 01:32:30 - INFO - Original error line:   have h1 : 2^8 = (2^4)^2 := by rw [← pow_mul, mul_comm, pow_mul]
2025-04-14 01:32:32 - INFO - Testing fix: Original errors: 1, Fixed errors: 2
2025-04-14 01:32:32 - INFO - Result: False (introduced 2 new errors)
2025-04-14 01:32:32 - DEBUG - === New errors detail ===
2025-04-14 01:32:32 - DEBUG - New Error 1: line 11, type: unknown_identifier, message: unknown identifier 'npowRec_add'
2025-04-14 01:32:32 - DEBUG - New Error 2: line 11, type: rewrite_failed, message: tactic 'rewrite' failed, equality or iff proof expected
  ?m.2360
⊢ 2 ^ 8 = (2 ^ 4) ^ 2
2025-04-14 01:32:32 - INFO - Testing fragment: rw [<- npowRec_succ]
2025-04-14 01:32:32 - INFO - Original error line:   have h1 : 2^8 = (2^4)^2 := by rw [← pow_mul, mul_comm, pow_mul]
2025-04-14 01:32:34 - INFO - Testing fix: Original errors: 1, Fixed errors: 2
2025-04-14 01:32:34 - INFO - Result: False (introduced 2 new errors)
2025-04-14 01:32:34 - DEBUG - === New errors detail ===
2025-04-14 01:32:34 - DEBUG - New Error 1: line 11, type: unknown_identifier, message: unknown identifier 'npowRec_succ'
2025-04-14 01:32:34 - DEBUG - New Error 2: line 11, type: rewrite_failed, message: tactic 'rewrite' failed, equality or iff proof expected
  ?m.2360
⊢ 2 ^ 8 = (2 ^ 4) ^ 2
2025-04-14 01:32:34 - INFO - Testing fragment: rw [<- npowRec'_succ]
2025-04-14 01:32:34 - INFO - Original error line:   have h1 : 2^8 = (2^4)^2 := by rw [← pow_mul, mul_comm, pow_mul]
2025-04-14 01:32:36 - INFO - Testing fix: Original errors: 1, Fixed errors: 2
2025-04-14 01:32:36 - INFO - Result: False (introduced 2 new errors)
2025-04-14 01:32:36 - DEBUG - === New errors detail ===
2025-04-14 01:32:36 - DEBUG - New Error 1: line 11, type: unknown_identifier, message: unknown identifier 'npowRec'_succ'
2025-04-14 01:32:36 - DEBUG - New Error 2: line 11, type: rewrite_failed, message: tactic 'rewrite' failed, equality or iff proof expected
  ?m.2360
⊢ 2 ^ 8 = (2 ^ 4) ^ 2
2025-04-14 01:32:36 - INFO - Testing fragment: rw [<- npowRec'_two_mul]
2025-04-14 01:32:36 - INFO - Original error line:   have h1 : 2^8 = (2^4)^2 := by rw [← pow_mul, mul_comm, pow_mul]
2025-04-14 01:32:38 - INFO - Testing fix: Original errors: 1, Fixed errors: 2
2025-04-14 01:32:38 - INFO - Result: False (introduced 2 new errors)
2025-04-14 01:32:38 - DEBUG - === New errors detail ===
2025-04-14 01:32:38 - DEBUG - New Error 1: line 11, type: unknown_identifier, message: unknown identifier 'npowRec'_two_mul'
2025-04-14 01:32:38 - DEBUG - New Error 2: line 11, type: rewrite_failed, message: tactic 'rewrite' failed, equality or iff proof expected
  ?m.2360
⊢ 2 ^ 8 = (2 ^ 4) ^ 2
2025-04-14 01:32:38 - INFO - Testing fragment: rw [<- npowRec'_mul_comm]
2025-04-14 01:32:38 - INFO - Original error line:   have h1 : 2^8 = (2^4)^2 := by rw [← pow_mul, mul_comm, pow_mul]
2025-04-14 01:32:40 - INFO - Testing fix: Original errors: 1, Fixed errors: 2
2025-04-14 01:32:40 - INFO - Result: False (introduced 2 new errors)
2025-04-14 01:32:40 - DEBUG - === New errors detail ===
2025-04-14 01:32:40 - DEBUG - New Error 1: line 11, type: unknown_identifier, message: unknown identifier 'npowRec'_mul_comm'
2025-04-14 01:32:40 - DEBUG - New Error 2: line 11, type: rewrite_failed, message: tactic 'rewrite' failed, equality or iff proof expected
  ?m.2360
⊢ 2 ^ 8 = (2 ^ 4) ^ 2
2025-04-14 01:32:40 - INFO - Testing fragment: rw [<- npowRec_eq]
2025-04-14 01:32:40 - INFO - Original error line:   have h1 : 2^8 = (2^4)^2 := by rw [← pow_mul, mul_comm, pow_mul]
2025-04-14 01:32:42 - INFO - Testing fix: Original errors: 1, Fixed errors: 2
2025-04-14 01:32:42 - INFO - Result: False (introduced 2 new errors)
2025-04-14 01:32:42 - DEBUG - === New errors detail ===
2025-04-14 01:32:42 - DEBUG - New Error 1: line 11, type: unknown_identifier, message: unknown identifier 'npowRec_eq'
2025-04-14 01:32:42 - DEBUG - New Error 2: line 11, type: rewrite_failed, message: tactic 'rewrite' failed, equality or iff proof expected
  ?m.2360
⊢ 2 ^ 8 = (2 ^ 4) ^ 2
2025-04-14 01:32:42 - INFO - Testing fragment: rw [<- npowBinRec]
2025-04-14 01:32:42 - INFO - Original error line:   have h1 : 2^8 = (2^4)^2 := by rw [← pow_mul, mul_comm, pow_mul]
2025-04-14 01:32:44 - INFO - Testing fix: Original errors: 1, Fixed errors: 2
2025-04-14 01:32:44 - INFO - Result: False (introduced 2 new errors)
2025-04-14 01:32:44 - DEBUG - === New errors detail ===
2025-04-14 01:32:44 - DEBUG - New Error 1: line 11, type: unknown_identifier, message: unknown identifier 'npowBinRec'
2025-04-14 01:32:44 - DEBUG - New Error 2: line 11, type: rewrite_failed, message: tactic 'rewrite' failed, equality or iff proof expected
  ?m.2360
⊢ 2 ^ 8 = (2 ^ 4) ^ 2
2025-04-14 01:32:44 - INFO - Testing fragment: rw [<- npowRec_eq_npowBinRec]
2025-04-14 01:32:44 - INFO - Original error line:   have h1 : 2^8 = (2^4)^2 := by rw [← pow_mul, mul_comm, pow_mul]
2025-04-14 01:32:46 - INFO - Testing fix: Original errors: 1, Fixed errors: 2
2025-04-14 01:32:46 - INFO - Result: False (introduced 2 new errors)
2025-04-14 01:32:46 - DEBUG - === New errors detail ===
2025-04-14 01:32:46 - DEBUG - New Error 1: line 11, type: unknown_identifier, message: unknown identifier 'npowRec_eq_npowBinRec'
2025-04-14 01:32:46 - DEBUG - New Error 2: line 11, type: rewrite_failed, message: tactic 'rewrite' failed, equality or iff proof expected
  ?m.2360
⊢ 2 ^ 8 = (2 ^ 4) ^ 2
2025-04-14 01:32:46 - INFO - Testing fragment: rw [<- npow_eq_pow]
2025-04-14 01:32:46 - INFO - Original error line:   have h1 : 2^8 = (2^4)^2 := by rw [← pow_mul, mul_comm, pow_mul]
2025-04-14 01:32:48 - INFO - Testing fix: Original errors: 1, Fixed errors: 1
2025-04-14 01:32:48 - INFO - Result: False (introduced 1 new errors)
2025-04-14 01:32:48 - DEBUG - === New errors detail ===
2025-04-14 01:32:48 - DEBUG - New Error 1: line 11, type: other_error, message: unsolved goals
⊢ Monoid.npow 8 2 = (2 ^ 4) ^ 2
2025-04-14 01:32:48 - INFO - Testing fragment: rw [<- pow_zero]
2025-04-14 01:32:48 - INFO - Original error line:   have h1 : 2^8 = (2^4)^2 := by rw [← pow_mul, mul_comm, pow_mul]
2025-04-14 01:32:50 - INFO - Testing fix: Original errors: 1, Fixed errors: 1
2025-04-14 01:32:50 - INFO - Result: False (introduced 1 new errors)
2025-04-14 01:32:50 - DEBUG - === New errors detail ===
2025-04-14 01:32:50 - DEBUG - New Error 1: line 11, type: rewrite_failed, message: tactic 'rewrite' failed, did not find instance of the pattern in the target expression
  1
⊢ 2 ^ 8 = (2 ^ 4) ^ 2
2025-04-14 01:32:50 - INFO - Testing fragment: rw [<- pow_succ]
2025-04-14 01:32:50 - INFO - Original error line:   have h1 : 2^8 = (2^4)^2 := by rw [← pow_mul, mul_comm, pow_mul]
2025-04-14 01:32:52 - INFO - Testing fix: Original errors: 1, Fixed errors: 1
2025-04-14 01:32:52 - INFO - Result: False (introduced 1 new errors)
2025-04-14 01:32:52 - DEBUG - === New errors detail ===
2025-04-14 01:32:52 - DEBUG - New Error 1: line 11, type: rewrite_failed, message: tactic 'rewrite' failed, did not find instance of the pattern in the target expression
  ?a ^ ?n * ?a
⊢ 2 ^ 8 = (2 ^ 4) ^ 2
2025-04-14 01:32:52 - INFO - Testing fragment: rw [<- inv_inv]
2025-04-14 01:32:52 - INFO - Original error line:   have h1 : 2^8 = (2^4)^2 := by rw [← pow_mul, mul_comm, pow_mul]
2025-04-14 01:32:54 - INFO - Testing fix: Original errors: 1, Fixed errors: 1
2025-04-14 01:32:54 - INFO - Result: False (introduced 1 new errors)
2025-04-14 01:32:54 - DEBUG - === New errors detail ===
2025-04-14 01:32:54 - DEBUG - New Error 1: line 11, type: rewrite_failed, message: tactic 'rewrite' failed, pattern is a metavariable
  ?a
from equation
  ?a = ?a⁻¹⁻¹
⊢ 2 ^ 8 = (2 ^ 4) ^ 2
2025-04-14 01:32:54 - INFO - Testing fragment: rw [<- exists_zpow_surjective]
2025-04-14 01:32:54 - INFO - Original error line:   have h1 : 2^8 = (2^4)^2 := by rw [← pow_mul, mul_comm, pow_mul]
2025-04-14 01:32:56 - INFO - Testing fix: Original errors: 1, Fixed errors: 2
2025-04-14 01:32:56 - INFO - Result: False (introduced 2 new errors)
2025-04-14 01:32:56 - DEBUG - === New errors detail ===
2025-04-14 01:32:56 - DEBUG - New Error 1: line 11, type: unknown_identifier, message: unknown identifier 'exists_zpow_surjective'
2025-04-14 01:32:56 - DEBUG - New Error 2: line 11, type: rewrite_failed, message: tactic 'rewrite' failed, equality or iff proof expected
  ?m.2360
⊢ 2 ^ 8 = (2 ^ 4) ^ 2
2025-04-14 01:32:56 - INFO - Testing fragment: rw [<- zpow_eq_pow]
2025-04-14 01:32:56 - INFO - Original error line:   have h1 : 2^8 = (2^4)^2 := by rw [← pow_mul, mul_comm, pow_mul]
2025-04-14 01:32:58 - INFO - Testing fix: Original errors: 1, Fixed errors: 1
2025-04-14 01:32:58 - INFO - Result: False (introduced 1 new errors)
2025-04-14 01:32:58 - DEBUG - === New errors detail ===
2025-04-14 01:32:58 - DEBUG - New Error 1: line 11, type: rewrite_failed, message: tactic 'rewrite' failed, did not find instance of the pattern in the target expression
  ?x ^ ?n
⊢ 2 ^ 8 = (2 ^ 4) ^ 2
2025-04-14 01:32:58 - INFO - Testing fragment: rw [<- zpow_zero]
2025-04-14 01:32:58 - INFO - Original error line:   have h1 : 2^8 = (2^4)^2 := by rw [← pow_mul, mul_comm, pow_mul]
2025-04-14 01:33:00 - INFO - Testing fix: Original errors: 1, Fixed errors: 1
2025-04-14 01:33:00 - INFO - Result: False (introduced 1 new errors)
2025-04-14 01:33:00 - DEBUG - === New errors detail ===
2025-04-14 01:33:00 - DEBUG - New Error 1: line 11, type: rewrite_failed, message: tactic 'rewrite' failed, did not find instance of the pattern in the target expression
  1
⊢ 2 ^ 8 = (2 ^ 4) ^ 2
2025-04-14 01:33:00 - INFO - Testing fragment: rw [<- zpow_natCast]
2025-04-14 01:33:00 - INFO - Original error line:   have h1 : 2^8 = (2^4)^2 := by rw [← pow_mul, mul_comm, pow_mul]
2025-04-14 01:33:02 - INFO - Testing fix: Original errors: 1, Fixed errors: 1
2025-04-14 01:33:02 - INFO - Result: False (introduced 1 new errors)
2025-04-14 01:33:02 - DEBUG - === New errors detail ===
2025-04-14 01:33:02 - DEBUG - New Error 1: line 11, type: rewrite_failed, message: tactic 'rewrite' failed, did not find instance of the pattern in the target expression
  ?a ^ ?n
⊢ 2 ^ 8 = (2 ^ 4) ^ 2
2025-04-14 01:33:02 - INFO - Testing fragment: rw [<- zpow_negSucc]
2025-04-14 01:33:02 - INFO - Original error line:   have h1 : 2^8 = (2^4)^2 := by rw [← pow_mul, mul_comm, pow_mul]
2025-04-14 01:33:04 - INFO - Testing fix: Original errors: 1, Fixed errors: 1
2025-04-14 01:33:04 - INFO - Result: False (introduced 1 new errors)
2025-04-14 01:33:04 - DEBUG - === New errors detail ===
2025-04-14 01:33:04 - DEBUG - New Error 1: line 11, type: rewrite_failed, message: tactic 'rewrite' failed, did not find instance of the pattern in the target expression
  (?a ^ (?n + 1))⁻¹
⊢ 2 ^ 8 = (2 ^ 4) ^ 2
2025-04-14 01:33:04 - INFO - Testing fragment: rw [<- negSucc_zsmul]
2025-04-14 01:33:04 - INFO - Original error line:   have h1 : 2^8 = (2^4)^2 := by rw [← pow_mul, mul_comm, pow_mul]
2025-04-14 01:33:06 - INFO - Testing fix: Original errors: 1, Fixed errors: 1
2025-04-14 01:33:06 - INFO - Result: False (introduced 1 new errors)
2025-04-14 01:33:06 - DEBUG - === New errors detail ===
2025-04-14 01:33:06 - DEBUG - New Error 1: line 11, type: rewrite_failed, message: tactic 'rewrite' failed, did not find instance of the pattern in the target expression
  -((?n + 1) • ?a)
⊢ 2 ^ 8 = (2 ^ 4) ^ 2
2025-04-14 01:33:06 - INFO - Testing fragment: rw [<- div_eq_mul_inv]
2025-04-14 01:33:06 - INFO - Original error line:   have h1 : 2^8 = (2^4)^2 := by rw [← pow_mul, mul_comm, pow_mul]
