2025-04-14 01:23:43 - INFO - Log file initialized at 2025-04-14T01:23:43.266150
2025-04-14 01:23:43 - INFO - ===== LOG FILE LOCATION =====
2025-04-14 01:23:43 - INFO - Detailed log file created at: /data/coding/minif2f/lean_fixed/8.log
2025-04-14 01:23:43 - INFO - ===============================
2025-04-14 01:23:43 - INFO - Original code:
2025-04-14 01:23:43 - INFO - ----------------------------------------
2025-04-14 01:23:43 - INFO - import Mathlib
import Aesop

set_option maxHeartbeats 0

open BigOperators Real Nat Topology Rat

/-- What is the average of the two smallest positive integer solutions to the congruence $$14u \equiv 46 \pmod{100}~?$$ Show that it is 64.-/
theorem mathd_numbertheory_13 (u v : ℕ) (S : Set ℕ)
  (h₀ : ∀ n : ℕ, n ∈ S ↔ 0 < n ∧ 14 * n % 100 = 46) (h₁ : IsLeast S u)
  (h₂ : IsLeast (S \ {u}) v) : (u + v : ℚ) / 2 = 64 := by
  -- First, we need to find all positive integer solutions to 14n ≡ 46 mod 100
  -- This congruence is equivalent to 14n - 100k = 46 for some integer k
  -- Or simplified to: 7n - 50k = 23 (dividing both sides by 2)

  -- The general solution to 7n ≡ 23 mod 50 can be found using the modular inverse
  -- We first find a particular solution to 7n ≡ 23 mod 50

  -- Compute the modular inverse of 7 modulo 50
  -- Since gcd(7, 50) = 1, the inverse exists
  have h_inv : 7 * 43 ≡ 1 [MOD 50] := by norm_num
  -- Therefore, n ≡ 23 * 43 mod 50 is a particular solution

  -- Compute 23 * 43 mod 50:
  have h_part : 23 * 43 ≡ 39 [MOD 50] := by norm_num
  -- So the general solution is n ≡ 39 mod 50

  -- Now we can express all positive solutions as n = 39 + 50t for t ∈ ℕ₀
  -- Let's find the smallest two positive solutions:

  -- First solution (t = 0): n = 39
  have u_eq : u = 39 := by
    -- Show 39 is in S
    have h39 : 39 ∈ S := by
      rw [h₀]
      refine ⟨by norm_num, ?_⟩
      -- Check 14 * 39 mod 100 = 46
      calc 14 * 39 % 100
        _ = 546 % 100 := by rw [mul_comm]
        _ = 46 := by norm_num
    -- Show it's the least element
    apply le_antisymm
    · apply h₁.1.2 h39
    · -- Any smaller positive natural would have to be <39
      -- Check that numbers 1..38 don't satisfy the condition
      suffices ∀ n < 39, 0 < n → 14 * n % 100 ≠ 46 by
        intro n hn
        rw [h₀] at hn
        exact not_lt.1 (mt (this n) (not_and.1 (not_iff_not.2 hn).1))
      intro n n_lt pos_n
      -- We could check all 38 cases, but here we'll just show the pattern fails
      -- The pattern repeats every 50 numbers, so we only need to check n < 50
      -- and we know the smallest solution is 39
      have : n ≤ 38 := by linarith
      -- For n < 39, 14n mod 100 cycles through values that never hit 46
      -- This is a bit tedious to prove, so we'll use a tactic to check all cases
      interval_cases n
      all_goals { simp [mul_comm, (show 14 * n = n * 14 by rw [mul_comm]) }
      all_goals { norm_num }

  -- Second smallest solution (t = 1): n = 39 + 50 = 89
  have v_eq : v = 89 := by
    -- Show 89 is in S \ {u}
    have h89 : 89 ∈ S \ {u} := by
      rw [mem_diff_singleton, h₀, u_eq]
      refine ⟨⟨by norm_num, ?_⟩, by simp⟩
      -- Check 14 * 89 mod 100 = 46
      calc 14 * 89 % 100
        _ = 1246 % 100 := by rw [mul_comm]
        _ = 46 := by norm_num
    -- Show it's the least element in S \ {39}
    apply le_antisymm
    · apply h₂.1.2 h89
    · -- Any other solution must be ≥89 since the next would be 39 + 100 = 139
      intro n hn
      rw [mem_diff_singleton, h₀, u_eq] at hn
      obtain ⟨⟨pos_n, hn_mod⟩, hn_ne⟩ := hn
      -- We know n ≡ 39 mod 50, so n = 39 + 50k for some k > 0
      -- Since n ≠ 39, k ≥ 1
      -- The next possible value is k=1 giving n=89
      have h_mod : n % 50 = 39 := by
        rw [Nat.mod_eq_of_lt]
        · have : 14 * n % 100 = 46 := hn_mod
          rw [← Nat.mod_eq_of_lt (n_lt := ?_)] at this
          · have : 7 * n % 50 = 23 := by
              rw [← Nat.ModEq] at this ⊢
              have : 100 = 2 * 50 := by norm_num
              rw [this] at this
              exact Nat.ModEq.of_mul_right 2 this
            rw [← Nat.modEq_iff_dvd' (by norm_num : 39 < 50)]
            apply Nat.ModEq.symm
            rw [Nat.modEq_iff_dvd']
            -- 7n ≡ 23 mod 50 → n ≡ 23 * 43 mod 50 ≡ 39 mod 50
            rw [← this]
            norm_num
          · linarith
        · have : n ≠ 39 := by simpa using hn_ne
          -- Since n is a solution >39, it must be ≥89
          -- because solutions come in the form 39 + 50k
          have : n ≥ 39 + 50 := by
            apply Int.le_of_add_le_add_right
            rw [← zero_add 39]
            apply Int.add_le_add
            · exact Int.ofNat_zero_le _
            · have : 50 ≤ 50 * (n / 50) := by
                apply Nat.mul_le_mul_left
                apply Nat.div_pos (by linarith) (by norm_num)
              rw [← Int.ofNat_le] at this
              exact this
          linarith

  -- Now compute the average of u and v
  rw [u_eq, v_eq]
  -- (39 + 89) / 2 = 128 / 2 = 64
  norm_num
2025-04-14 01:23:43 - INFO - ----------------------------------------
2025-04-14 01:23:43 - INFO - 
Checking original code for all errors...
2025-04-14 01:25:24 - INFO - Original code contains 5 errors:
2025-04-14 01:25:24 - INFO - Error 1: line 58, type: syntax_error, message: unexpected token '}'; expected ']'...
2025-04-14 01:25:24 - INFO - Error 2: line 21, type: other_error, message: unsolved goals
u v : ℕ
S : Set ℕ
h₀ : ∀ (n : ℕ), n ∈ S ↔ 0 < n ∧ 14 * n % 100 = 46
h₁ : IsLeast S u
...
2025-04-14 01:25:24 - INFO - Error 3: line 25, type: other_error, message: unsolved goals
u v : ℕ
S : Set ℕ
h₀ : ∀ (n : ℕ), n ∈ S ↔ 0 < n ∧ 14 * n % 100 = 46
h₁ : IsLeast S u
...
2025-04-14 01:25:24 - INFO - Error 4: line 39, type: other_error, message: unsolved goals
u v : ℕ
S : Set ℕ
h₀ : ∀ (n : ℕ), n ∈ S ↔ 0 < n ∧ 14 * n % 100 = 46
h₁ : IsLeast S u
...
2025-04-14 01:25:24 - INFO - Error 5: line 11, type: other_error, message: unsolved goals
u v : ℕ
S : Set ℕ
h₀ : ∀ (n : ℕ), n ∈ S ↔ 0 < n ∧ 14 * n % 100 = 46
h₁ : IsLeast S u
...
2025-04-14 01:25:24 - INFO - 
Starting multi-error continuous repair process...
2025-04-14 01:25:24 - INFO - 
===== Starting to fix all errors =====
2025-04-14 01:25:54 - INFO - 
Found 12 original errors:
2025-04-14 01:25:54 - INFO - Error 1: line 14, type: other_error, message: expected token...
2025-04-14 01:25:54 - INFO - Error 2: line 3, type: failed_to_synthesize, message: failed to synthesize
  LT ℕ
use `set_option diagnostics true` to get diagnostic information...
2025-04-14 01:25:54 - INFO - Error 3: line 3, type: failed_to_synthesize, message: failed to synthesize
  OfNat ℕ 46
numerals are polymorphic in Lean, but the numeral `46` cannot be u...
2025-04-14 01:25:54 - INFO - Error 4: line 4, type: failed_to_synthesize, message: failed to synthesize
  HAdd ℕ ℕ ?m.883
use `set_option diagnostics true` to get diagnostic informati...
2025-04-14 01:25:54 - INFO - Error 5: line 4, type: failed_to_synthesize, message: failed to synthesize
  OfNat ℚ 64
numerals are polymorphic in Lean, but the numeral `64` cannot be u...
2025-04-14 01:25:54 - INFO - Error 6: line 3, type: failed_to_synthesize, message: failed to synthesize
  OfNat ℕ 0
numerals are polymorphic in Lean, but the numeral `0` cannot be use...
2025-04-14 01:25:54 - INFO - Error 7: line 3, type: failed_to_synthesize, message: failed to synthesize
  HMul Nat ℕ (?m.611 n)
use `set_option diagnostics true` to get diagnostic inf...
2025-04-14 01:25:54 - INFO - Error 8: line 4, type: failed_to_synthesize, message: failed to synthesize
  HDiv ℚ Nat ℚ
use `set_option diagnostics true` to get diagnostic information...
2025-04-14 01:25:54 - INFO - Error 9: line 2, type: function_expected, message: function expected at
  Set
term has type
  ?m.11...
2025-04-14 01:25:54 - INFO - Error 10: line 3, type: function_expected, message: function expected at
  IsLeast
term has type
  ?m.211...
2025-04-14 01:25:54 - INFO - Error 11: line 4, type: function_expected, message: function expected at
  IsLeast
term has type
  ?m.211...
2025-04-14 01:25:54 - INFO - Error 12: line 4, type: other_error, message: unsolved goals
case refine_2
ℕ : Type u_1
x✝¹ : Sort u_2
Set : x✝¹
x✝ : Sort u_3
IsLeast : x✝
ℚ : Ty...
2025-04-14 01:25:54 - INFO - 
Trying to fix error 1/12: line 2, type: function_expected
2025-04-14 01:25:54 - INFO - Error message: function expected at
  Set
term has type
  ?m.11...
2025-04-14 01:25:54 - INFO - Removed header content, remaining 108 lines of code
2025-04-14 01:25:54 - INFO - Using specified target error line: 2
2025-04-14 01:25:55 - INFO - Found error at specified line: function expected at
  Set
term has type
  ?m.11
2025-04-14 01:25:55 - INFO - Error at line 2: function expected at
  Set
term has type
  ?m.11
2025-04-14 01:25:55 - INFO - 
==================================================
2025-04-14 01:25:55 - INFO - Code prepared, starting synthesis
2025-04-14 01:25:55 - INFO - Before part: /-- What is the average of the two smallest positive integer solutions to the congruence $$14u \equiv 46 \pmod{100}~?$$ Show that it is 64.-/
2025-04-14 01:25:55 - INFO - Error line: theorem mathd_numbertheory_13 (u v : ℕ) (S : Set ℕ)
2025-04-14 01:25:55 - INFO - After part: (h₀ : ∀ n : ℕ, n ∈ S ↔ 0 < n ∧ 14 * n % 100 = 46) (h₁ : IsLeast S u)
  (h₂ : IsLeast (S \ {u}) v) : (u + v : ℚ) / 2 = 64 := by
  -- First, we need to find all positive integer solutions to 14n ≡ 46 mod 100
  -- This congruence is equivalent to 14n - 100k = 46 for some integer k
  -- Or simplified to: 7n - 50k = 23 (dividing both sides by 2)

  -- The general solution to 7n ≡ 23 mod 50 can be found using the modular inverse
  -- We first find a particular solution to 7n ≡ 23 mod 50

  -- Compute the modular inverse of 7 modulo 50
  -- Since gcd(7, 50) = 1, the inverse exists
  have h_inv : 7 * 43 ≡ 1 [MOD 50] := by norm_num
  -- Therefore, n ≡ 23 * 43 mod 50 is a particular solution

  -- Compute 23 * 43 mod 50:
  have h_part : 23 * 43 ≡ 39 [MOD 50] := by norm_num
  -- So the general solution is n ≡ 39 mod 50

  -- Now we can express all positive solutions as n = 39 + 50t for t ∈ ℕ₀
  -- Let's find the smallest two positive solutions:

  -- First solution (t = 0): n = 39
  have u_eq : u = 39 := by
    -- Show 39 is in S
    have h39 : 39 ∈ S := by
      rw [h₀]
      refine ⟨by norm_num, ?_⟩
      -- Check 14 * 39 mod 100 = 46
      calc 14 * 39 % 100
        _ = 546 % 100 := by rw [mul_comm]
        _ = 46 := by norm_num
    -- Show it's the least element
    apply le_antisymm
    · apply h₁.1.2 h39
    · -- Any smaller positive natural would have to be <39
      -- Check that numbers 1..38 don't satisfy the condition
      suffices ∀ n < 39, 0 < n → 14 * n % 100 ≠ 46 by
        intro n hn
        rw [h₀] at hn
        exact not_lt.1 (mt (this n) (not_and.1 (not_iff_not.2 hn).1))
      intro n n_lt pos_n
      -- We could check all 38 cases, but here we'll just show the pattern fails
      -- The pattern repeats every 50 numbers, so we only need to check n < 50
      -- and we know the smallest solution is 39
      have : n ≤ 38 := by linarith
      -- For n < 39, 14n mod 100 cycles through values that never hit 46
      -- This is a bit tedious to prove, so we'll use a tactic to check all cases
      interval_cases n
      all_goals { simp [mul_comm, (show 14 * n = n * 14 by rw [mul_comm]) }
      all_goals { norm_num }

  -- Second smallest solution (t = 1): n = 39 + 50 = 89
  have v_eq : v = 89 := by
    -- Show 89 is in S \ {u}
    have h89 : 89 ∈ S \ {u} := by
      rw [mem_diff_singleton, h₀, u_eq]
      refine ⟨⟨by norm_num, ?_⟩, by simp⟩
      -- Check 14 * 89 mod 100 = 46
      calc 14 * 89 % 100
        _ = 1246 % 100 := by rw [mul_comm]
        _ = 46 := by norm_num
    -- Show it's the least element in S \ {39}
    apply le_antisymm
    · apply h₂.1.2 h89
    · -- Any other solution must be ≥89 since the next would be 39 + 100 = 139
      intro n hn
      rw [mem_diff_singleton, h₀, u_eq] at hn
      obtain ⟨⟨pos_n, hn_mod⟩, hn_ne⟩ := hn
      -- We know n ≡ 39 mod 50, so n = 39 + 50k for some k > 0
      -- Since n ≠ 39, k ≥ 1
      -- The next possible value is k=1 giving n=89
      have h_mod : n % 50 = 39 := by
        rw [Nat.mod_eq_of_lt]
        · have : 14 * n % 100 = 46 := hn_mod
          rw [← Nat.mod_eq_of_lt (n_lt := ?_)] at this
          · have : 7 * n % 50 = 23 := by
              rw [← Nat.ModEq] at this ⊢
              have : 100 = 2 * 50 := by norm_num
              rw [this] at this
              exact Nat.ModEq.of_mul_right 2 this
            rw [← Nat.modEq_iff_dvd' (by norm_num : 39 < 50)]
            apply Nat.ModEq.symm
            rw [Nat.modEq_iff_dvd']
            -- 7n ≡ 23 mod 50 → n ≡ 23 * 43 mod 50 ≡ 39 mod 50
            rw [← this]
            norm_num
          · linarith
        · have : n ≠ 39 := by simpa using hn_ne
          -- Since n is a solution >39, it must be ≥89
          -- because solutions come in the form 39 + 50k
          have : n ≥ 39 + 50 := by
            apply Int.le_of_add_le_add_right
            rw [← zero_add 39]
            apply Int.add_le_add
            · exact Int.ofNat_zero_le _
            · have : 50 ≤ 50 * (n / 50) := by
                apply Nat.mul_le_mul_left
                apply Nat.div_pos (by linarith) (by norm_num)
              rw [← Int.ofNat_le] at this
              exact this
          linarith

  -- Now compute the average of u and v
  rw [u_eq, v_eq]
  -- (39 + 89) / 2 = 128 / 2 = 64
  norm_num
2025-04-14 01:25:55 - INFO - ==================================================

2025-04-14 01:25:56 - INFO - Testing fragment: rw [left_distrib]
2025-04-14 01:25:56 - INFO - Original error line: theorem mathd_numbertheory_13 (u v : ℕ) (S : Set ℕ)
2025-04-14 01:25:58 - INFO - Testing fix: Original errors: 12, Fixed errors: 1
2025-04-14 01:25:58 - INFO - Result: False (introduced 1 new errors)
2025-04-14 01:25:58 - DEBUG - === New errors detail ===
2025-04-14 01:25:58 - DEBUG - New Error 1: line 1, type: other_error, message: unexpected identifier; expected '#guard_msgs', 'abbrev', 'add_decl_doc', 'axiom', 'binder_predicate', 'builtin_dsimproc', 'builtin_dsimproc_decl', 'builtin_initialize', 'builtin_simproc', 'builtin_simproc_decl', 'class', 'declare_simp_like_tactic', 'declare_syntax_cat', 'def', 'dsimproc', 'dsimproc_decl', 'elab', 'elab_rules', 'example', 'inductive', 'infix', 'infixl', 'infixr', 'initialize', 'instance', 'macro', 'macro_rules', 'notation', 'opaque', 'postfix', 'prefix', 'simproc', 'simproc_decl', 'structure', 'syntax', 'theorem' or 'unif_hint'
2025-04-14 01:25:58 - INFO - Testing fragment: rw [right_distrib]
2025-04-14 01:25:58 - INFO - Original error line: theorem mathd_numbertheory_13 (u v : ℕ) (S : Set ℕ)
2025-04-14 01:26:00 - INFO - Testing fix: Original errors: 12, Fixed errors: 1
2025-04-14 01:26:00 - INFO - Result: False (introduced 1 new errors)
2025-04-14 01:26:00 - DEBUG - === New errors detail ===
2025-04-14 01:26:00 - DEBUG - New Error 1: line 1, type: other_error, message: unexpected identifier; expected '#guard_msgs', 'abbrev', 'add_decl_doc', 'axiom', 'binder_predicate', 'builtin_dsimproc', 'builtin_dsimproc_decl', 'builtin_initialize', 'builtin_simproc', 'builtin_simproc_decl', 'class', 'declare_simp_like_tactic', 'declare_syntax_cat', 'def', 'dsimproc', 'dsimproc_decl', 'elab', 'elab_rules', 'example', 'inductive', 'infix', 'infixl', 'infixr', 'initialize', 'instance', 'macro', 'macro_rules', 'notation', 'opaque', 'postfix', 'prefix', 'simproc', 'simproc_decl', 'structure', 'syntax', 'theorem' or 'unif_hint'
2025-04-14 01:26:00 - INFO - Testing fragment: rw [distrib_three_right]
2025-04-14 01:26:00 - INFO - Original error line: theorem mathd_numbertheory_13 (u v : ℕ) (S : Set ℕ)
2025-04-14 01:26:02 - INFO - Testing fix: Original errors: 12, Fixed errors: 1
2025-04-14 01:26:02 - INFO - Result: False (introduced 1 new errors)
2025-04-14 01:26:02 - DEBUG - === New errors detail ===
2025-04-14 01:26:02 - DEBUG - New Error 1: line 1, type: other_error, message: unexpected identifier; expected '#guard_msgs', 'abbrev', 'add_decl_doc', 'axiom', 'binder_predicate', 'builtin_dsimproc', 'builtin_dsimproc_decl', 'builtin_initialize', 'builtin_simproc', 'builtin_simproc_decl', 'class', 'declare_simp_like_tactic', 'declare_syntax_cat', 'def', 'dsimproc', 'dsimproc_decl', 'elab', 'elab_rules', 'example', 'inductive', 'infix', 'infixl', 'infixr', 'initialize', 'instance', 'macro', 'macro_rules', 'notation', 'opaque', 'postfix', 'prefix', 'simproc', 'simproc_decl', 'structure', 'syntax', 'theorem' or 'unif_hint'
2025-04-14 01:26:02 - INFO - Testing fragment: rw [add_one_mul]
2025-04-14 01:26:02 - INFO - Original error line: theorem mathd_numbertheory_13 (u v : ℕ) (S : Set ℕ)
2025-04-14 01:26:04 - INFO - Testing fix: Original errors: 12, Fixed errors: 1
2025-04-14 01:26:04 - INFO - Result: False (introduced 1 new errors)
2025-04-14 01:26:04 - DEBUG - === New errors detail ===
2025-04-14 01:26:04 - DEBUG - New Error 1: line 1, type: other_error, message: unexpected identifier; expected '#guard_msgs', 'abbrev', 'add_decl_doc', 'axiom', 'binder_predicate', 'builtin_dsimproc', 'builtin_dsimproc_decl', 'builtin_initialize', 'builtin_simproc', 'builtin_simproc_decl', 'class', 'declare_simp_like_tactic', 'declare_syntax_cat', 'def', 'dsimproc', 'dsimproc_decl', 'elab', 'elab_rules', 'example', 'inductive', 'infix', 'infixl', 'infixr', 'initialize', 'instance', 'macro', 'macro_rules', 'notation', 'opaque', 'postfix', 'prefix', 'simproc', 'simproc_decl', 'structure', 'syntax', 'theorem' or 'unif_hint'
2025-04-14 01:26:04 - INFO - Testing fragment: rw [mul_add_one]
2025-04-14 01:26:04 - INFO - Original error line: theorem mathd_numbertheory_13 (u v : ℕ) (S : Set ℕ)
2025-04-14 01:26:06 - INFO - Testing fix: Original errors: 12, Fixed errors: 1
2025-04-14 01:26:06 - INFO - Result: False (introduced 1 new errors)
2025-04-14 01:26:06 - DEBUG - === New errors detail ===
2025-04-14 01:26:06 - DEBUG - New Error 1: line 1, type: other_error, message: unexpected identifier; expected '#guard_msgs', 'abbrev', 'add_decl_doc', 'axiom', 'binder_predicate', 'builtin_dsimproc', 'builtin_dsimproc_decl', 'builtin_initialize', 'builtin_simproc', 'builtin_simproc_decl', 'class', 'declare_simp_like_tactic', 'declare_syntax_cat', 'def', 'dsimproc', 'dsimproc_decl', 'elab', 'elab_rules', 'example', 'inductive', 'infix', 'infixl', 'infixr', 'initialize', 'instance', 'macro', 'macro_rules', 'notation', 'opaque', 'postfix', 'prefix', 'simproc', 'simproc_decl', 'structure', 'syntax', 'theorem' or 'unif_hint'
2025-04-14 01:26:06 - INFO - Testing fragment: rw [one_add_mul]
2025-04-14 01:26:06 - INFO - Original error line: theorem mathd_numbertheory_13 (u v : ℕ) (S : Set ℕ)
2025-04-14 01:26:08 - INFO - Testing fix: Original errors: 12, Fixed errors: 1
2025-04-14 01:26:08 - INFO - Result: False (introduced 1 new errors)
2025-04-14 01:26:08 - DEBUG - === New errors detail ===
2025-04-14 01:26:08 - DEBUG - New Error 1: line 1, type: other_error, message: unexpected identifier; expected '#guard_msgs', 'abbrev', 'add_decl_doc', 'axiom', 'binder_predicate', 'builtin_dsimproc', 'builtin_dsimproc_decl', 'builtin_initialize', 'builtin_simproc', 'builtin_simproc_decl', 'class', 'declare_simp_like_tactic', 'declare_syntax_cat', 'def', 'dsimproc', 'dsimproc_decl', 'elab', 'elab_rules', 'example', 'inductive', 'infix', 'infixl', 'infixr', 'initialize', 'instance', 'macro', 'macro_rules', 'notation', 'opaque', 'postfix', 'prefix', 'simproc', 'simproc_decl', 'structure', 'syntax', 'theorem' or 'unif_hint'
2025-04-14 01:26:08 - INFO - Testing fragment: rw [mul_one_add]
2025-04-14 01:26:08 - INFO - Original error line: theorem mathd_numbertheory_13 (u v : ℕ) (S : Set ℕ)
2025-04-14 01:26:10 - INFO - Testing fix: Original errors: 12, Fixed errors: 1
2025-04-14 01:26:10 - INFO - Result: False (introduced 1 new errors)
2025-04-14 01:26:10 - DEBUG - === New errors detail ===
2025-04-14 01:26:10 - DEBUG - New Error 1: line 1, type: other_error, message: unexpected identifier; expected '#guard_msgs', 'abbrev', 'add_decl_doc', 'axiom', 'binder_predicate', 'builtin_dsimproc', 'builtin_dsimproc_decl', 'builtin_initialize', 'builtin_simproc', 'builtin_simproc_decl', 'class', 'declare_simp_like_tactic', 'declare_syntax_cat', 'def', 'dsimproc', 'dsimproc_decl', 'elab', 'elab_rules', 'example', 'inductive', 'infix', 'infixl', 'infixr', 'initialize', 'instance', 'macro', 'macro_rules', 'notation', 'opaque', 'postfix', 'prefix', 'simproc', 'simproc_decl', 'structure', 'syntax', 'theorem' or 'unif_hint'
2025-04-14 01:26:10 - INFO - Testing fragment: rw [two_mul]
2025-04-14 01:26:10 - INFO - Original error line: theorem mathd_numbertheory_13 (u v : ℕ) (S : Set ℕ)
2025-04-14 01:26:12 - INFO - Testing fix: Original errors: 12, Fixed errors: 1
2025-04-14 01:26:12 - INFO - Result: False (introduced 1 new errors)
2025-04-14 01:26:12 - DEBUG - === New errors detail ===
2025-04-14 01:26:12 - DEBUG - New Error 1: line 1, type: other_error, message: unexpected identifier; expected '#guard_msgs', 'abbrev', 'add_decl_doc', 'axiom', 'binder_predicate', 'builtin_dsimproc', 'builtin_dsimproc_decl', 'builtin_initialize', 'builtin_simproc', 'builtin_simproc_decl', 'class', 'declare_simp_like_tactic', 'declare_syntax_cat', 'def', 'dsimproc', 'dsimproc_decl', 'elab', 'elab_rules', 'example', 'inductive', 'infix', 'infixl', 'infixr', 'initialize', 'instance', 'macro', 'macro_rules', 'notation', 'opaque', 'postfix', 'prefix', 'simproc', 'simproc_decl', 'structure', 'syntax', 'theorem' or 'unif_hint'
2025-04-14 01:26:12 - INFO - Testing fragment: rw [mul_two]
2025-04-14 01:26:12 - INFO - Original error line: theorem mathd_numbertheory_13 (u v : ℕ) (S : Set ℕ)
2025-04-14 01:26:14 - INFO - Testing fix: Original errors: 12, Fixed errors: 1
2025-04-14 01:26:14 - INFO - Result: False (introduced 1 new errors)
2025-04-14 01:26:14 - DEBUG - === New errors detail ===
2025-04-14 01:26:14 - DEBUG - New Error 1: line 1, type: other_error, message: unexpected identifier; expected '#guard_msgs', 'abbrev', 'add_decl_doc', 'axiom', 'binder_predicate', 'builtin_dsimproc', 'builtin_dsimproc_decl', 'builtin_initialize', 'builtin_simproc', 'builtin_simproc_decl', 'class', 'declare_simp_like_tactic', 'declare_syntax_cat', 'def', 'dsimproc', 'dsimproc_decl', 'elab', 'elab_rules', 'example', 'inductive', 'infix', 'infixl', 'infixr', 'initialize', 'instance', 'macro', 'macro_rules', 'notation', 'opaque', 'postfix', 'prefix', 'simproc', 'simproc_decl', 'structure', 'syntax', 'theorem' or 'unif_hint'
2025-04-14 01:26:14 - INFO - Testing fragment: rw [mul_boole]
2025-04-14 01:26:14 - INFO - Original error line: theorem mathd_numbertheory_13 (u v : ℕ) (S : Set ℕ)
2025-04-14 01:26:16 - INFO - Testing fix: Original errors: 12, Fixed errors: 1
2025-04-14 01:26:16 - INFO - Result: False (introduced 1 new errors)
2025-04-14 01:26:16 - DEBUG - === New errors detail ===
2025-04-14 01:26:16 - DEBUG - New Error 1: line 1, type: other_error, message: unexpected identifier; expected '#guard_msgs', 'abbrev', 'add_decl_doc', 'axiom', 'binder_predicate', 'builtin_dsimproc', 'builtin_dsimproc_decl', 'builtin_initialize', 'builtin_simproc', 'builtin_simproc_decl', 'class', 'declare_simp_like_tactic', 'declare_syntax_cat', 'def', 'dsimproc', 'dsimproc_decl', 'elab', 'elab_rules', 'example', 'inductive', 'infix', 'infixl', 'infixr', 'initialize', 'instance', 'macro', 'macro_rules', 'notation', 'opaque', 'postfix', 'prefix', 'simproc', 'simproc_decl', 'structure', 'syntax', 'theorem' or 'unif_hint'
2025-04-14 01:26:16 - INFO - Testing fragment: rw [boole_mul]
2025-04-14 01:26:16 - INFO - Original error line: theorem mathd_numbertheory_13 (u v : ℕ) (S : Set ℕ)
2025-04-14 01:26:18 - INFO - Testing fix: Original errors: 12, Fixed errors: 1
2025-04-14 01:26:18 - INFO - Result: False (introduced 1 new errors)
2025-04-14 01:26:18 - DEBUG - === New errors detail ===
2025-04-14 01:26:18 - DEBUG - New Error 1: line 1, type: other_error, message: unexpected identifier; expected '#guard_msgs', 'abbrev', 'add_decl_doc', 'axiom', 'binder_predicate', 'builtin_dsimproc', 'builtin_dsimproc_decl', 'builtin_initialize', 'builtin_simproc', 'builtin_simproc_decl', 'class', 'declare_simp_like_tactic', 'declare_syntax_cat', 'def', 'dsimproc', 'dsimproc_decl', 'elab', 'elab_rules', 'example', 'inductive', 'infix', 'infixl', 'infixr', 'initialize', 'instance', 'macro', 'macro_rules', 'notation', 'opaque', 'postfix', 'prefix', 'simproc', 'simproc_decl', 'structure', 'syntax', 'theorem' or 'unif_hint'
2025-04-14 01:26:18 - INFO - Testing fragment: rw [add_mul_self_eq]
2025-04-14 01:26:18 - INFO - Original error line: theorem mathd_numbertheory_13 (u v : ℕ) (S : Set ℕ)
2025-04-14 01:26:20 - INFO - Testing fix: Original errors: 12, Fixed errors: 1
2025-04-14 01:26:20 - INFO - Result: False (introduced 1 new errors)
2025-04-14 01:26:20 - DEBUG - === New errors detail ===
2025-04-14 01:26:20 - DEBUG - New Error 1: line 1, type: other_error, message: unexpected identifier; expected '#guard_msgs', 'abbrev', 'add_decl_doc', 'axiom', 'binder_predicate', 'builtin_dsimproc', 'builtin_dsimproc_decl', 'builtin_initialize', 'builtin_simproc', 'builtin_simproc_decl', 'class', 'declare_simp_like_tactic', 'declare_syntax_cat', 'def', 'dsimproc', 'dsimproc_decl', 'elab', 'elab_rules', 'example', 'inductive', 'infix', 'infixl', 'infixr', 'initialize', 'instance', 'macro', 'macro_rules', 'notation', 'opaque', 'postfix', 'prefix', 'simproc', 'simproc_decl', 'structure', 'syntax', 'theorem' or 'unif_hint'
2025-04-14 01:26:20 - INFO - Testing fragment: rw [neg_mul]
2025-04-14 01:26:20 - INFO - Original error line: theorem mathd_numbertheory_13 (u v : ℕ) (S : Set ℕ)
2025-04-14 01:26:22 - INFO - Testing fix: Original errors: 12, Fixed errors: 1
2025-04-14 01:26:22 - INFO - Result: False (introduced 1 new errors)
2025-04-14 01:26:22 - DEBUG - === New errors detail ===
2025-04-14 01:26:22 - DEBUG - New Error 1: line 1, type: other_error, message: unexpected identifier; expected '#guard_msgs', 'abbrev', 'add_decl_doc', 'axiom', 'binder_predicate', 'builtin_dsimproc', 'builtin_dsimproc_decl', 'builtin_initialize', 'builtin_simproc', 'builtin_simproc_decl', 'class', 'declare_simp_like_tactic', 'declare_syntax_cat', 'def', 'dsimproc', 'dsimproc_decl', 'elab', 'elab_rules', 'example', 'inductive', 'infix', 'infixl', 'infixr', 'initialize', 'instance', 'macro', 'macro_rules', 'notation', 'opaque', 'postfix', 'prefix', 'simproc', 'simproc_decl', 'structure', 'syntax', 'theorem' or 'unif_hint'
2025-04-14 01:26:22 - INFO - Testing fragment: rw [mul_neg]
2025-04-14 01:26:22 - INFO - Original error line: theorem mathd_numbertheory_13 (u v : ℕ) (S : Set ℕ)
2025-04-14 01:26:24 - INFO - Testing fix: Original errors: 12, Fixed errors: 1
2025-04-14 01:26:24 - INFO - Result: False (introduced 1 new errors)
2025-04-14 01:26:24 - DEBUG - === New errors detail ===
2025-04-14 01:26:24 - DEBUG - New Error 1: line 1, type: other_error, message: unexpected identifier; expected '#guard_msgs', 'abbrev', 'add_decl_doc', 'axiom', 'binder_predicate', 'builtin_dsimproc', 'builtin_dsimproc_decl', 'builtin_initialize', 'builtin_simproc', 'builtin_simproc_decl', 'class', 'declare_simp_like_tactic', 'declare_syntax_cat', 'def', 'dsimproc', 'dsimproc_decl', 'elab', 'elab_rules', 'example', 'inductive', 'infix', 'infixl', 'infixr', 'initialize', 'instance', 'macro', 'macro_rules', 'notation', 'opaque', 'postfix', 'prefix', 'simproc', 'simproc_decl', 'structure', 'syntax', 'theorem' or 'unif_hint'
2025-04-14 01:26:24 - INFO - Testing fragment: rw [neg_mul_neg]
2025-04-14 01:26:24 - INFO - Original error line: theorem mathd_numbertheory_13 (u v : ℕ) (S : Set ℕ)
2025-04-14 01:26:26 - INFO - Testing fix: Original errors: 12, Fixed errors: 1
2025-04-14 01:26:26 - INFO - Result: False (introduced 1 new errors)
2025-04-14 01:26:26 - DEBUG - === New errors detail ===
2025-04-14 01:26:26 - DEBUG - New Error 1: line 1, type: other_error, message: unexpected identifier; expected '#guard_msgs', 'abbrev', 'add_decl_doc', 'axiom', 'binder_predicate', 'builtin_dsimproc', 'builtin_dsimproc_decl', 'builtin_initialize', 'builtin_simproc', 'builtin_simproc_decl', 'class', 'declare_simp_like_tactic', 'declare_syntax_cat', 'def', 'dsimproc', 'dsimproc_decl', 'elab', 'elab_rules', 'example', 'inductive', 'infix', 'infixl', 'infixr', 'initialize', 'instance', 'macro', 'macro_rules', 'notation', 'opaque', 'postfix', 'prefix', 'simproc', 'simproc_decl', 'structure', 'syntax', 'theorem' or 'unif_hint'
2025-04-14 01:26:26 - INFO - Testing fragment: rw [neg_mul_eq_neg_mul]
2025-04-14 01:26:26 - INFO - Original error line: theorem mathd_numbertheory_13 (u v : ℕ) (S : Set ℕ)
2025-04-14 01:26:28 - INFO - Testing fix: Original errors: 12, Fixed errors: 1
2025-04-14 01:26:28 - INFO - Result: False (introduced 1 new errors)
2025-04-14 01:26:28 - DEBUG - === New errors detail ===
2025-04-14 01:26:28 - DEBUG - New Error 1: line 1, type: other_error, message: unexpected identifier; expected '#guard_msgs', 'abbrev', 'add_decl_doc', 'axiom', 'binder_predicate', 'builtin_dsimproc', 'builtin_dsimproc_decl', 'builtin_initialize', 'builtin_simproc', 'builtin_simproc_decl', 'class', 'declare_simp_like_tactic', 'declare_syntax_cat', 'def', 'dsimproc', 'dsimproc_decl', 'elab', 'elab_rules', 'example', 'inductive', 'infix', 'infixl', 'infixr', 'initialize', 'instance', 'macro', 'macro_rules', 'notation', 'opaque', 'postfix', 'prefix', 'simproc', 'simproc_decl', 'structure', 'syntax', 'theorem' or 'unif_hint'
2025-04-14 01:26:28 - INFO - Testing fragment: rw [neg_mul_eq_mul_neg]
2025-04-14 01:26:28 - INFO - Original error line: theorem mathd_numbertheory_13 (u v : ℕ) (S : Set ℕ)
2025-04-14 01:26:30 - INFO - Testing fix: Original errors: 12, Fixed errors: 1
2025-04-14 01:26:30 - INFO - Result: False (introduced 1 new errors)
2025-04-14 01:26:30 - DEBUG - === New errors detail ===
2025-04-14 01:26:30 - DEBUG - New Error 1: line 1, type: other_error, message: unexpected identifier; expected '#guard_msgs', 'abbrev', 'add_decl_doc', 'axiom', 'binder_predicate', 'builtin_dsimproc', 'builtin_dsimproc_decl', 'builtin_initialize', 'builtin_simproc', 'builtin_simproc_decl', 'class', 'declare_simp_like_tactic', 'declare_syntax_cat', 'def', 'dsimproc', 'dsimproc_decl', 'elab', 'elab_rules', 'example', 'inductive', 'infix', 'infixl', 'infixr', 'initialize', 'instance', 'macro', 'macro_rules', 'notation', 'opaque', 'postfix', 'prefix', 'simproc', 'simproc_decl', 'structure', 'syntax', 'theorem' or 'unif_hint'
2025-04-14 01:26:30 - INFO - Testing fragment: rw [neg_mul_comm]
2025-04-14 01:26:30 - INFO - Original error line: theorem mathd_numbertheory_13 (u v : ℕ) (S : Set ℕ)
2025-04-14 01:26:32 - INFO - Testing fix: Original errors: 12, Fixed errors: 1
2025-04-14 01:26:32 - INFO - Result: False (introduced 1 new errors)
2025-04-14 01:26:32 - DEBUG - === New errors detail ===
2025-04-14 01:26:32 - DEBUG - New Error 1: line 1, type: other_error, message: unexpected identifier; expected '#guard_msgs', 'abbrev', 'add_decl_doc', 'axiom', 'binder_predicate', 'builtin_dsimproc', 'builtin_dsimproc_decl', 'builtin_initialize', 'builtin_simproc', 'builtin_simproc_decl', 'class', 'declare_simp_like_tactic', 'declare_syntax_cat', 'def', 'dsimproc', 'dsimproc_decl', 'elab', 'elab_rules', 'example', 'inductive', 'infix', 'infixl', 'infixr', 'initialize', 'instance', 'macro', 'macro_rules', 'notation', 'opaque', 'postfix', 'prefix', 'simproc', 'simproc_decl', 'structure', 'syntax', 'theorem' or 'unif_hint'
2025-04-14 01:26:32 - INFO - Testing fragment: rw [neg_eq_neg_one_mul]
2025-04-14 01:26:32 - INFO - Original error line: theorem mathd_numbertheory_13 (u v : ℕ) (S : Set ℕ)
2025-04-14 01:26:34 - INFO - Testing fix: Original errors: 12, Fixed errors: 1
2025-04-14 01:26:34 - INFO - Result: False (introduced 1 new errors)
2025-04-14 01:26:34 - DEBUG - === New errors detail ===
2025-04-14 01:26:34 - DEBUG - New Error 1: line 1, type: other_error, message: unexpected identifier; expected '#guard_msgs', 'abbrev', 'add_decl_doc', 'axiom', 'binder_predicate', 'builtin_dsimproc', 'builtin_dsimproc_decl', 'builtin_initialize', 'builtin_simproc', 'builtin_simproc_decl', 'class', 'declare_simp_like_tactic', 'declare_syntax_cat', 'def', 'dsimproc', 'dsimproc_decl', 'elab', 'elab_rules', 'example', 'inductive', 'infix', 'infixl', 'infixr', 'initialize', 'instance', 'macro', 'macro_rules', 'notation', 'opaque', 'postfix', 'prefix', 'simproc', 'simproc_decl', 'structure', 'syntax', 'theorem' or 'unif_hint'
2025-04-14 01:26:34 - INFO - Testing fragment: rw [mul_neg_one]
2025-04-14 01:26:34 - INFO - Original error line: theorem mathd_numbertheory_13 (u v : ℕ) (S : Set ℕ)
2025-04-14 01:26:36 - INFO - Testing fix: Original errors: 12, Fixed errors: 1
2025-04-14 01:26:36 - INFO - Result: False (introduced 1 new errors)
2025-04-14 01:26:36 - DEBUG - === New errors detail ===
2025-04-14 01:26:36 - DEBUG - New Error 1: line 1, type: other_error, message: unexpected identifier; expected '#guard_msgs', 'abbrev', 'add_decl_doc', 'axiom', 'binder_predicate', 'builtin_dsimproc', 'builtin_dsimproc_decl', 'builtin_initialize', 'builtin_simproc', 'builtin_simproc_decl', 'class', 'declare_simp_like_tactic', 'declare_syntax_cat', 'def', 'dsimproc', 'dsimproc_decl', 'elab', 'elab_rules', 'example', 'inductive', 'infix', 'infixl', 'infixr', 'initialize', 'instance', 'macro', 'macro_rules', 'notation', 'opaque', 'postfix', 'prefix', 'simproc', 'simproc_decl', 'structure', 'syntax', 'theorem' or 'unif_hint'
2025-04-14 01:26:36 - INFO - Testing fragment: rw [neg_one_mul]
2025-04-14 01:26:36 - INFO - Original error line: theorem mathd_numbertheory_13 (u v : ℕ) (S : Set ℕ)
2025-04-14 01:26:38 - INFO - Testing fix: Original errors: 12, Fixed errors: 1
2025-04-14 01:26:38 - INFO - Result: False (introduced 1 new errors)
2025-04-14 01:26:38 - DEBUG - === New errors detail ===
2025-04-14 01:26:38 - DEBUG - New Error 1: line 1, type: other_error, message: unexpected identifier; expected '#guard_msgs', 'abbrev', 'add_decl_doc', 'axiom', 'binder_predicate', 'builtin_dsimproc', 'builtin_dsimproc_decl', 'builtin_initialize', 'builtin_simproc', 'builtin_simproc_decl', 'class', 'declare_simp_like_tactic', 'declare_syntax_cat', 'def', 'dsimproc', 'dsimproc_decl', 'elab', 'elab_rules', 'example', 'inductive', 'infix', 'infixl', 'infixr', 'initialize', 'instance', 'macro', 'macro_rules', 'notation', 'opaque', 'postfix', 'prefix', 'simproc', 'simproc_decl', 'structure', 'syntax', 'theorem' or 'unif_hint'
2025-04-14 01:26:38 - INFO - Testing fragment: rw [mul_sub_left_distrib]
2025-04-14 01:26:38 - INFO - Original error line: theorem mathd_numbertheory_13 (u v : ℕ) (S : Set ℕ)
2025-04-14 01:26:40 - INFO - Testing fix: Original errors: 12, Fixed errors: 1
2025-04-14 01:26:40 - INFO - Result: False (introduced 1 new errors)
2025-04-14 01:26:40 - DEBUG - === New errors detail ===
2025-04-14 01:26:40 - DEBUG - New Error 1: line 1, type: other_error, message: unexpected identifier; expected '#guard_msgs', 'abbrev', 'add_decl_doc', 'axiom', 'binder_predicate', 'builtin_dsimproc', 'builtin_dsimproc_decl', 'builtin_initialize', 'builtin_simproc', 'builtin_simproc_decl', 'class', 'declare_simp_like_tactic', 'declare_syntax_cat', 'def', 'dsimproc', 'dsimproc_decl', 'elab', 'elab_rules', 'example', 'inductive', 'infix', 'infixl', 'infixr', 'initialize', 'instance', 'macro', 'macro_rules', 'notation', 'opaque', 'postfix', 'prefix', 'simproc', 'simproc_decl', 'structure', 'syntax', 'theorem' or 'unif_hint'
2025-04-14 01:26:40 - INFO - Testing fragment: rw [mul_sub_right_distrib]
2025-04-14 01:26:40 - INFO - Original error line: theorem mathd_numbertheory_13 (u v : ℕ) (S : Set ℕ)
2025-04-14 01:26:42 - INFO - Testing fix: Original errors: 12, Fixed errors: 1
2025-04-14 01:26:42 - INFO - Result: False (introduced 1 new errors)
2025-04-14 01:26:42 - DEBUG - === New errors detail ===
2025-04-14 01:26:42 - DEBUG - New Error 1: line 1, type: other_error, message: unexpected identifier; expected '#guard_msgs', 'abbrev', 'add_decl_doc', 'axiom', 'binder_predicate', 'builtin_dsimproc', 'builtin_dsimproc_decl', 'builtin_initialize', 'builtin_simproc', 'builtin_simproc_decl', 'class', 'declare_simp_like_tactic', 'declare_syntax_cat', 'def', 'dsimproc', 'dsimproc_decl', 'elab', 'elab_rules', 'example', 'inductive', 'infix', 'infixl', 'infixr', 'initialize', 'instance', 'macro', 'macro_rules', 'notation', 'opaque', 'postfix', 'prefix', 'simproc', 'simproc_decl', 'structure', 'syntax', 'theorem' or 'unif_hint'
2025-04-14 01:26:42 - INFO - Testing fragment: rw [sub_one_mul]
2025-04-14 01:26:42 - INFO - Original error line: theorem mathd_numbertheory_13 (u v : ℕ) (S : Set ℕ)
2025-04-14 01:26:44 - INFO - Testing fix: Original errors: 12, Fixed errors: 1
2025-04-14 01:26:44 - INFO - Result: False (introduced 1 new errors)
2025-04-14 01:26:44 - DEBUG - === New errors detail ===
2025-04-14 01:26:44 - DEBUG - New Error 1: line 1, type: other_error, message: unexpected identifier; expected '#guard_msgs', 'abbrev', 'add_decl_doc', 'axiom', 'binder_predicate', 'builtin_dsimproc', 'builtin_dsimproc_decl', 'builtin_initialize', 'builtin_simproc', 'builtin_simproc_decl', 'class', 'declare_simp_like_tactic', 'declare_syntax_cat', 'def', 'dsimproc', 'dsimproc_decl', 'elab', 'elab_rules', 'example', 'inductive', 'infix', 'infixl', 'infixr', 'initialize', 'instance', 'macro', 'macro_rules', 'notation', 'opaque', 'postfix', 'prefix', 'simproc', 'simproc_decl', 'structure', 'syntax', 'theorem' or 'unif_hint'
2025-04-14 01:26:44 - INFO - Testing fragment: rw [mul_sub_one]
2025-04-14 01:26:44 - INFO - Original error line: theorem mathd_numbertheory_13 (u v : ℕ) (S : Set ℕ)
2025-04-14 01:30:06 - INFO - Synthesis failed: ('Execution failed', 'Execution timed out after 200.0 seconds. Partial output:\n{"path": "/tmp/tmp_rlj6_dt.lean"}\r\n\r\n')
2025-04-14 01:30:06 - INFO - Failed attempt time: 251.63 seconds
2025-04-14 01:30:06 - INFO - ❌ Could not generate fix for error at line 2
2025-04-14 01:30:06 - INFO - 
Trying to fix error 2/12: line 3, type: failed_to_synthesize
2025-04-14 01:30:06 - INFO - Error message: failed to synthesize
  LT ℕ
use `set_option diagnostics true` to get diagnostic information...
2025-04-14 01:30:06 - INFO - Removed header content, remaining 108 lines of code
2025-04-14 01:30:06 - INFO - Using specified target error line: 3
