2025-04-13 15:11:59 - INFO - Log file initialized at 2025-04-13T15:11:59.703847
2025-04-13 15:11:59 - INFO - ===== LOG FILE LOCATION =====
2025-04-13 15:11:59 - INFO - Detailed log file created at: ./minif2f/lean_fixed/97.log
2025-04-13 15:11:59 - INFO - ===============================
2025-04-13 15:11:59 - INFO - Original code:
2025-04-13 15:11:59 - INFO - ----------------------------------------
2025-04-13 15:11:59 - INFO - import Mathlib
import Aesop

set_option maxHeartbeats 0

open BigOperators Real Nat Topology Rat

/-- Find the remainder when $91145 + 91146 + 91147 + 91148$ is divided by 4. Show that it is 2.-/
theorem mathd_numbertheory_640 : (91145 + 91146 + 91147 + 91148) % 4 = 2 := by
  -- The strategy is to compute each term modulo 4 separately, then sum them modulo 4

  -- First, let's compute 91145 mod 4
  -- We can find this by looking at the last two digits (since 100 is divisible by 4)
  -- 91145 = 91100 + 45
  -- 91100 mod 4 = 0 (since 100 is divisible by 4)
  -- 45 mod 4 = 1 (since 4×11 = 44 and 45-44=1)
  -- So 91145 mod 4 = 1
  have h1 : 91145 % 4 = 1 := by rfl

  -- Next, compute 91146 mod 4
  -- Similarly, 91146 = 91100 + 46
  -- 46 mod 4 = 2 (since 4×11 = 44 and 46-44=2)
  -- So 91146 mod 4 = 2
  have h2 : 91146 % 4 = 2 := by rfl

  -- Next, compute 91147 mod 4
  -- 91147 = 91100 + 47
  -- 47 mod 4 = 3 (since 4×11 = 44 and 47-44=3)
  -- So 91147 mod 4 = 3
  have h3 : 91147 % 4 = 3 := by rfl

  -- Finally, compute 91148 mod 4
  -- 91148 = 91100 + 48
  -- 48 mod 4 = 0 (since 4×12 = 48)
  -- So 91148 mod 4 = 0
  have h4 : 91148 % 4 = 0 := by rfl

  -- Now we can rewrite the original expression using these modulo results
  -- (91145 + 91146 + 91147 + 91148) mod 4 
  -- = (91145 mod 4 + 91146 mod 4 + 91147 mod 4 + 91148 mod 4) mod 4
  -- = (1 + 2 + 3 + 0) mod 4
  -- = 6 mod 4
  -- = 2
  rw [add_mod, add_mod, add_mod]  -- Break down the additions modulo 4
  rw [h1, h2, h3, h4]            -- Substitute our computed values
  norm_num                        -- Compute the final result: 6 mod 4 = 2
2025-04-13 15:11:59 - INFO - ----------------------------------------
2025-04-13 15:11:59 - INFO - 
Checking original code for all errors...
2025-04-13 15:15:57 - INFO - 
JSON log saved to: ./minif2f/lean_fixed/97_fix_log.json
2025-04-13 15:15:57 - INFO - Original code has no errors!
